3.022923 284.551932
3.033935 345.982487
3.034628 273.404381
3.010188 5057.031522
3.239316 237.683263
3.007961 10715.953247
3.020135 249.075589
3.041743 272.439770
3.009227 246.681218
3.190908 247.462820
3.011249 268.749083
3.014154 8159.957430
3.075947 261.199952
3.018505 258.935212
3.008526 261.954865
3.080004 261.954865
3.021535 247.920343
3.059952 261.451590
3.056774 261.199952
3.015906 249.197595
3.095184 270.007272
3.051539 268.623265
3.034343 258.683575
3.059549 266.484344
3.001743 226.265982
3.045462 262.961416
3.003002 260.193401
3.014171 261.199952
3.008919 249.317423
3.036954 260.193401
3.035014 248.091914
6.184271 275.669121
6.271492 260.319220
6.050075 266.232706
6.022777 250.722672
6.019097 247.462820
6.088636 265.561672
6.059459 274.851298
6.043211 266.484344
6.078624 251.053106
6.022204 274.536751
6.126487 258.683575
6.163650 248.409639
6.116038 251.088691
6.026750 251.042939
6.049226 269.629816
6.039505 249.273849
6.069270 249.756790
6.024319 251.037220
6.068031 267.994170
6.089384 249.655118
6.060336 263.087235
6.031197 228.521603
6.151089 266.987619
6.072546 265.603612
6.082826 250.684545
6.222082 267.239257
6.021214 258.683575
6.277107 266.232706
6.040390 248.816326
6.208000 249.864817
6.036095 246.948107
9.095273 250.579696
9.053682 247.520011
9.266395 265.918159
9.030349 260.193401
9.076929 249.159468
9.045557 254.405734
9.029456 260.612797
9.121015 271.202551
9.127883 265.351974
9.023489 249.941070
9.047541 248.778199
9.091440 248.160543
9.074993 251.612301
9.116287 249.121341
9.108562 257.047930
9.176576 247.634391
9.092731 263.087235
9.061310 255.915560
9.071988 262.709778
9.061328 243.219293
9.153841 249.407293
9.272472 261.367710
9.091301 251.429754
9.303513 266.358525
9.135821 252.392632
9.075550 251.180196
9.158778 267.943843
9.278519 260.445039
9.320190 262.122624
9.072376 247.214995
9.239519 248.990621
12.443126 269.000721
12.144208 262.961416
12.066968 251.232987
12.078008 249.845753
12.128842 254.657371
12.165664 246.539604
12.093547 247.998330
12.063944 248.102313
12.184858 255.580043
12.157494 250.535504
12.098981 255.747801
12.086948 248.422348
12.101205 250.570165
12.197274 248.307967
12.066759 250.916240
12.133935 267.113438
12.107124 243.729105
12.227112 247.607996
12.121026 250.522506
12.099154 249.847996
12.176541 248.601429
12.132810 264.219605
12.270413 262.709778
12.122434 249.154022
12.152931 253.566941
12.276413 248.289481
12.292144 258.012541
12.296233 254.321854
12.356690 255.915560
12.372179 257.257628
12.079347 246.010184
15.087205 250.520824
15.161041 253.399183
15.452244 254.070217
15.110489 247.879493
15.084240 249.132780
15.186676 246.020351
15.110923 246.776535
15.156729 251.127404
15.226238 247.908905
15.123899 250.036388
15.134003 251.205613
15.173761 250.066889
15.141525 263.087235
15.104585 249.510236
15.315240 263.062071
15.072618 257.110839
15.222680 251.341674
15.144350 259.438488
15.140152 260.998642
15.136566 247.889548
15.187047 249.712309
15.200034 251.376277
15.201672 246.787974
15.240266 248.380590
15.143129 247.716092
15.300558 251.234022
15.393924 250.082140
15.466367 251.546214
15.281320 247.234059
15.471022 267.899806
15.087596 245.398767
18.112223 247.961194
18.114066 248.618066
18.252288 252.895907
18.165005 254.825130
18.175026 250.122173
18.139503 250.713874
18.146129 262.860761
18.202115 247.977534
18.211518 249.703644
18.160060 257.828007
18.131154 247.534308
18.118002 258.180299
18.159400 250.145795
18.189926 250.089179
18.181788 256.318180
18.257929 249.014586
18.214595 250.617090
18.209543 248.187232
18.147064 248.446495
18.245739 247.811162
18.317680 250.590231
18.152139 247.108240
18.291469 249.203042
18.410732 248.978365
18.470253 250.965732
18.373612 250.278606
18.320867 259.992091
18.690865 248.013654
18.090709 248.587564
18.471775 250.493911
18.476880 268.811993
21.146211 247.199744
21.142756 248.140935
21.155979 264.543139
21.136364 246.590667
21.179192 249.839179
21.255821 253.147545
21.157902 250.138059
21.176920 251.519102
21.191422 249.615466
21.148502 255.261302
21.182782 254.607044
21.217808 249.380605
21.273470 248.968834
21.246675 248.220593
21.292189 249.543670
21.287512 249.283381
21.161953 248.755323
21.262863 248.966110
21.348508 250.057184
21.364142 251.199259
21.290801 248.612982
21.307968 249.570976
21.347921 257.022766
21.207954 247.931781
21.542711 254.405734
21.196512 247.767836
21.584801 250.093578
21.391361 249.363560
21.542607 266.893255
21.485842 249.266917
21.707323 248.944571
24.178500 248.514626
24.159694 248.165926
24.160638 248.883048
24.209400 262.422192
24.204593 250.959322
24.229868 249.024558
24.137727 245.804299
24.192709 249.693245
24.306268 248.109975
24.312153 248.610441
24.214741 251.585294
24.312991 250.625889
24.198804 256.167198
24.190401 249.372979
24.411836 249.205221
24.309674 248.097934
24.380267 253.818579
24.278384 248.377866
24.404189 249.934716
24.402701 248.402377
24.327620 249.350103
24.400557 253.449510
24.227045 249.670369
24.380114 250.806552
24.569423 251.241199
24.436976 248.583079
24.500044 247.686383
24.214267 246.939308
24.626253 249.750436
24.579156 266.064948
24.720505 248.289481
3.032907 244.774872
27.162891 246.135401
27.181865 248.034724
27.205523 249.700394
27.274850 260.193401
27.223847 249.080491
27.244913 250.516787
27.264256 249.426357
27.230070 253.902458
27.297843 248.553674
27.297456 248.862078
27.229123 252.434571
27.438323 250.186266
27.519742 246.528710
27.392589 247.520011
27.294346 248.989364
27.318348 247.588639
27.312284 248.428125
27.450736 250.306000
27.240803 252.266813
27.412863 251.376277
27.574904 251.458688
27.389555 250.343786
27.453947 248.004447
27.447042 249.494985
27.332254 249.206310
27.618869 250.468493
27.561776 247.775685
27.248562 246.990999
27.627412 264.247564
27.705936 249.246120
27.835105 247.950082
6.036015 246.681218
30.486538 248.774255
#type       avg     std     min     5th    10th    90th    95th    99th
read      183.5   106.4    60.2   123.4   141.4   221.5   228.8   249.5
update    186.2    31.9    60.2   125.2   143.6   224.9   236.5   251.2
op_q        1.0     0.1     1.0     1.0     1.0     1.1     1.1     1.1

Total QPS = 1708.6 (51257 / 30.0s)

Misses = 0 (0.0%)
Skipped TXs = 0 (0.0%)

RX    9093814 bytes :    0.3 MB/s
TX    5644156 bytes :    0.2 MB/s
