3.002032 312.500000 925 308.124595 9.859987
3.034885 312.500000 888 292.597556 9.363122
3.001976 312.500000 966 321.788053 10.297218
3.008610 312.500000 985 327.393690 10.476598
3.003152 312.500000 957 318.665138 10.197284
3.013782 312.500000 880 291.991970 9.343743
3.002883 312.500000 954 317.694673 10.166230
3.002645 312.500000 892 297.071449 9.506286
3.002551 312.500000 978 325.722983 10.423135
3.001899 312.500000 854 284.486560 9.103570
3.006570 312.500000 913 303.668304 9.717386
3.002222 312.500000 960 319.763138 10.232420
3.002015 312.500000 936 311.790600 9.977299
3.001905 312.500000 1000 333.121849 10.659899
3.000194 312.500000 931 310.313280 9.930025
3.000901 312.500000 943 314.238907 10.055645
3.005088 312.500000 961 319.790970 10.233311
3.000467 312.500000 922 307.285457 9.833135
3.000035 312.500000 932 310.663022 9.941217
3.002358 312.500000 963 320.747929 10.263934
3.012903 312.500000 875 290.417561 9.293362
3.000619 312.500000 882 293.939371 9.406060
3.000797 312.500000 939 312.916906 10.013341
3.000814 312.500000 917 305.583786 9.778681
3.004795 312.500000 916 304.846084 9.755075
3.000525 312.500000 911 303.613551 9.715634
3.000417 312.500000 925 308.290440 9.865294
3.001891 312.500000 1004 334.455819 10.702586
3.000049 312.500000 961 320.328086 10.250499
3.000798 312.500000 968 322.580901 10.322589
3.001137 312.500000 970 323.210886 10.342748
3.009286 312.500000 941 312.698748 10.006360
6.052393 312.500000 965 316.375749 10.124024
6.007332 312.500000 951 316.919496 10.141424
6.008013 312.500000 942 313.183757 10.021880
6.012996 312.500000 931 309.266247 9.896520
6.002470 312.500000 959 319.499592 10.223987
6.002603 312.500000 930 309.941078 9.918114
6.004050 312.500000 961 320.103817 10.243322
6.005353 312.500000 927 308.645202 9.876646
6.001917 312.500000 919 306.200794 9.798425
6.006869 312.500000 953 317.210158 10.150725
6.002601 312.500000 884 294.414824 9.421274
6.002091 312.500000 920 306.658841 9.813083
6.002926 312.500000 913 304.084114 9.730692
6.005898 312.500000 932 310.261062 9.928354
6.003140 312.500000 930 309.919200 9.917414
6.004071 312.500000 939 312.904242 10.012936
6.003422 312.500000 949 316.276508 10.120848
6.004067 312.500000 883 294.014443 9.408462
6.002393 312.500000 904 301.173092 9.637539
6.006322 312.500000 889 296.211484 9.478767
6.001291 312.500000 952 317.240955 10.151711
6.005838 312.500000 929 309.119207 9.891815
6.001722 312.500000 964 321.154237 10.276936
6.015251 312.500000 960 319.749724 10.231991
6.013116 312.500000 895 297.885939 9.532350
6.005156 312.500000 958 318.986244 10.207560
6.006190 312.500000 882 293.863311 9.403626
6.014129 312.500000 979 326.295537 10.441457
6.002418 312.500000 963 320.826731 10.266455
6.002667 312.500000 924 307.842962 9.850975
6.035564 312.500000 977 325.593008 10.418976
6.012932 312.500000 961 319.944544 10.238225
9.008045 312.500000 956 318.590951 10.194910
9.007153 312.500000 940 312.805583 10.009779
9.009365 312.500000 978 325.266711 10.408535
9.010631 312.500000 910 302.606153 9.683397
9.005669 312.500000 905 301.503980 9.648127
9.009174 312.500000 901 299.999720 9.599991
9.008487 312.500000 940 312.753594 10.008115
9.004902 312.500000 927 308.914340 9.885259
9.015225 312.500000 946 315.111818 10.083578
9.005558 312.500000 947 315.333921 10.090685
9.012599 312.500000 941 312.624981 10.003999
9.004442 312.500000 954 317.732565 10.167442
9.003508 312.500000 881 293.565083 9.394083
9.008062 312.500000 965 321.139785 10.276473
9.006213 312.500000 959 319.575039 10.226401
9.008364 312.500000 902 300.516873 9.616540
9.018389 312.500000 892 296.100427 9.475214
9.009134 312.500000 888 295.889400 9.468461
9.003891 312.500000 946 315.060327 10.081930
9.014656 312.500000 964 321.276932 10.280862
9.007589 312.500000 1002 333.859053 10.683490
9.008164 312.500000 942 313.571782 10.034297
9.004280 312.500000 909 302.741899 9.687741
9.014329 312.500000 986 328.520644 10.512661
9.009321 312.500000 916 304.909990 9.757120
9.013794 312.500000 932 309.881300 9.916202
9.017358 312.500000 866 288.464078 9.230850
9.021700 312.500000 936 310.007491 9.920240
9.054611 312.500000 851 281.877064 9.020066
9.011812 312.500000 995 330.658744 10.581080
9.052624 312.500000 857 285.644630 9.140628
9.021532 312.500000 924 307.119585 9.827827
12.014429 312.500000 956 317.738917 10.167645
12.012591 312.500000 875 291.047896 9.313533
12.005746 312.500000 912 303.773418 9.720749
12.015946 312.500000 943 313.540929 10.033310
12.016749 312.500000 927 307.851648 9.851253
12.013626 312.500000 907 301.410684 9.645142
12.005127 312.500000 915 304.913858 9.757243
12.005330 312.500000 949 316.288277 10.121225
12.009620 312.500000 949 316.073398 10.114349
12.014756 312.500000 927 308.422029 9.869505
12.004026 312.500000 1007 335.651473 10.740847
12.008422 312.500000 931 310.294289 9.929417
12.008726 312.500000 950 316.641473 10.132527
12.015951 312.500000 973 323.431780 10.349817
12.009639 312.500000 970 323.174510 10.341584
12.016115 312.500000 921 306.640627 9.812500
12.009679 312.500000 912 303.836161 9.722757
12.021964 312.500000 1015 337.474440 10.799182
12.011385 312.500000 977 325.584890 10.418716
12.013426 312.500000 890 296.265615 9.480500
12.022859 312.500000 939 312.427113 9.997668
12.010602 312.500000 946 315.198697 10.086358
12.015334 312.500000 928 309.263438 9.896430
12.018819 312.500000 944 314.290082 10.057283
12.012587 312.500000 973 323.964771 10.366873
12.018906 312.500000 1040 346.606971 11.091423
12.015196 312.500000 941 313.520122 10.032644
12.021048 312.500000 909 302.069973 9.666239
12.024730 312.500000 892 297.033350 9.505067
12.053093 312.500000 963 320.949868 10.270396
12.062801 312.500000 972 323.117872 10.339772
12.025684 312.500000 926 308.240045 9.863681
15.016138 312.500000 888 295.863686 9.467638
15.013569 312.500000 899 299.153488 9.572912
15.006678 312.500000 978 325.853561 10.427314
15.012410 312.500000 938 312.382310 9.996234
15.011500 312.500000 919 305.572133 9.778308
15.016652 312.500000 866 288.276479 9.224847
15.008796 312.500000 909 302.992869 9.695772
15.008399 312.500000 999 332.705728 10.646583
15.012036 312.500000 967 322.075977 10.306431
15.020880 312.500000 914 303.527449 9.712878
15.014771 312.500000 958 318.973358 10.207147
15.026623 312.500000 962 319.547401 10.225517
15.017306 312.500000 939 312.794375 10.009420
15.020469 312.500000 986 326.994480 10.463823
15.013702 312.500000 901 300.305664 9.609781
15.017256 312.500000 963 320.859886 10.267516
15.014948 312.500000 958 319.278046 10.216897
15.018494 312.500000 1011 336.454059 10.766530
15.023371 312.500000 904 301.192098 9.638147
15.011316 312.500000 900 299.928666 9.597717
15.016879 312.500000 923 307.653328 9.844906
15.015858 312.500000 895 298.008405 9.536269
15.019294 312.500000 981 326.957730 10.462647
15.021211 312.500000 895 297.811179 9.529958
15.023725 312.500000 953 317.148032 10.148737
15.023006 312.500000 980 325.818473 10.426191
15.025099 312.500000 941 313.432689 10.029846
15.035340 312.500000 954 316.879268 10.140137
15.023144 312.500000 893 297.458882 9.518684
15.058121 312.500000 958 318.798958 10.201567
15.063909 312.500000 865 288.226868 9.223260
15.031109 312.500000 949 315.762319 10.104394
18.032144 312.500000 883 292.409896 9.357117
18.021075 312.500000 1019 339.234832 10.855515
18.008475 312.500000 986 328.469931 10.511038
18.019325 312.500000 988 328.181616 10.501812
18.009664 312.500000 945 314.867270 10.075753
18.012691 312.500000 947 315.597721 10.099127
18.018728 312.500000 914 304.143657 9.732597
18.017743 312.500000 953 317.352265 10.155272
18.020268 312.500000 924 307.576548 9.842450
18.023971 312.500000 968 322.602153 10.323269
18.029148 312.500000 882 292.844051 9.371010
18.023791 312.500000 861 286.318611 9.162196
18.017190 312.500000 971 323.425024 10.349601
18.024052 312.500000 889 295.098613 9.443156
18.015206 312.500000 897 298.850156 9.563205
18.022543 312.500000 925 307.999738 9.855992
18.021283 312.500000 971 323.623160 10.355941
18.011447 312.500000 856 285.320832 9.130267
18.019657 312.500000 881 293.552803 9.393690
18.032945 312.500000 895 297.170949 9.509470
18.020207 312.500000 954 317.539660 10.161269
18.016964 312.500000 934 311.324489 9.962384
18.024367 312.500000 950 316.598926 10.131166
18.029383 312.500000 901 299.905034 9.596961
18.030982 312.500000 971 323.196989 10.342304
18.023849 312.500000 1001 333.291125 10.665316
18.024466 312.500000 907 302.186237 9.669960
18.035724 312.500000 937 312.293334 9.993387
18.024353 312.500000 911 303.544351 9.713419
18.071604 312.500000 963 320.178740 10.245720
18.060065 312.500000 948 315.795386 10.105452
18.033012 312.500000 963 320.796557 10.265490
21.024413 312.500000 949 315.631561 10.100210
21.010533 312.500000 929 309.454368 9.902540
21.010248 312.500000 876 291.943158 9.342181
21.022135 312.500000 912 303.913693 9.725238
21.015074 312.500000 1005 334.734182 10.711494
21.020396 312.500000 964 321.154678 10.276950
21.027279 312.500000 917 304.642138 9.748548
21.015547 312.500000 948 315.964090 10.110851
21.021696 312.500000 887 295.605504 9.459376
21.028493 312.500000 936 311.146982 9.956703
21.031073 312.500000 947 314.435267 10.061929
21.026580 312.500000 920 306.450774 9.806425
21.013595 312.500000 896 298.453004 9.550496
21.029789 312.500000 987 328.207273 10.502633
21.034632 312.500000 920 306.131046 9.796193
21.024378 312.500000 916 304.853634 9.755316
21.030210 312.500000 895 298.227749 9.543288
21.026961 312.500000 981 326.674419 10.453581
21.031526 312.500000 911 302.885792 9.692345
21.017954 312.500000 968 322.560221 10.321927
21.024897 312.500000 914 304.612842 9.747611
21.022350 312.500000 909 302.783770 9.689081
21.032979 312.500000 911 303.464670 9.710869
21.024236 312.500000 1010 336.645982 10.772671
21.025745 312.500000 958 319.131602 10.212211
21.035434 312.500000 1018 338.961580 10.846771
21.033862 312.500000 950 316.569946 10.130238
21.037272 312.500000 926 308.507506 9.872240
21.025707 312.500000 911 303.529628 9.712948
21.063075 312.500000 991 330.002310 10.560074
21.082638 312.500000 948 314.841977 10.074943
21.034666 312.500000 977 325.487212 10.415591
24.022158 312.500000 1005 334.803422 10.713710
24.019679 312.500000 922 307.156758 9.829016
24.011201 312.500000 924 307.902192 9.852870
24.012032 312.500000 893 297.518012 9.520576
24.037528 312.500000 904 300.018267 9.600585
24.022442 312.500000 940 313.301315 10.025642
24.022058 312.500000 936 311.275324 9.960810
24.022387 312.500000 955 318.260002 10.184320
24.017568 312.500000 898 299.131807 9.572218
24.025699 312.500000 920 306.584776 9.810713
24.016317 312.500000 889 296.064648 9.474069
24.030272 312.500000 904 300.962931 9.630814
24.034286 312.500000 1026 341.951694 10.942454
24.024785 312.500000 871 290.297324 9.289514
24.032370 312.500000 912 303.607608 9.715443
24.032852 312.500000 949 315.713422 10.102829
24.030574 312.500000 964 320.980701 10.271382
24.031203 312.500000 950 316.652950 10.132894
24.036320 312.500000 931 309.088308 9.890826
24.031460 312.500000 901 299.424078 9.581570
24.030607 312.500000 913 304.293027 9.737377
24.030396 312.500000 890 296.606709 9.491415
24.035961 312.500000 994 330.844200 10.587014
24.042793 312.500000 857 284.967662 9.118965
24.035201 312.500000 970 323.272053 10.344706
24.032990 312.500000 997 332.332174 10.634630
24.031980 312.500000 1031 342.953999 10.974528
24.037438 312.500000 931 310.316137 9.930116
24.027246 312.500000 948 315.837960 10.106815
24.064939 312.500000 951 316.803069 10.137698
24.096089 312.500000 959 318.239769 10.183673
24.035205 312.500000 930 309.944227 9.918215
27.016388 312.500000 975 324.528807 10.384922
27.011215 312.500000 922 307.331876 9.834620
27.030101 312.500000 965 320.841701 10.266934
27.020855 312.500000 1015 337.963076 10.814818
27.025537 312.500000 882 293.669256 9.397416
27.023256 312.500000 905 301.584786 9.650713
27.034840 312.500000 931 309.296704 9.897495
27.027696 312.500000 890 296.110145 9.475525
27.016561 312.500000 932 310.641459 9.940527
27.036327 312.500000 942 313.786476 10.041167
27.036412 312.500000 908 302.082139 9.666628
27.039518 312.500000 918 305.272638 9.768724
27.028661 312.500000 952 317.020331 10.144651
27.022294 312.500000 916 305.067425 9.762158
27.037004 312.500000 950 316.556666 10.129813
27.037052 312.500000 871 289.768428 9.272590
27.032176 312.500000 876 291.826809 9.338458
27.031861 312.500000 967 322.195175 10.310246
27.034578 312.500000 928 309.155475 9.892975
27.036974 312.500000 938 312.482014 9.999424
27.033798 312.500000 964 321.246783 10.279897
27.039749 312.500000 1012 337.083728 10.786679
27.032990 312.500000 937 312.174106 9.989571
27.030823 312.500000 959 319.607898 10.227453
27.048211 312.500000 962 319.400668 10.220821
27.041766 312.500000 871 289.389325 9.260458
27.049464 312.500000 938 311.972988 9.983136
27.043140 312.500000 1009 335.695306 10.742250
27.030163 312.500000 914 304.370782 9.739865
27.077427 312.500000 884 293.445169 9.390245
27.096197 312.500000 970 323.321781 10.346297
27.035645 312.500000 928 309.287996 9.897216
#type       avg     std     min     5th    10th    90th    95th    99th
read      102.9   123.8    49.8    62.9    66.5   152.6   168.9   205.7
update    106.8   121.5    54.8    66.7    69.9   156.0   171.5   209.5
op_q        1.0     0.2     1.0     1.0     1.0     1.1     1.1     2.1

Total QPS = 19875.9 (596276 / 30.0s)

Misses = 0 (0.0%)
Skipped TXs = 0 (0.0%)

RX  103038689 bytes :    3.3 MB/s
TX   66276487 bytes :    2.1 MB/s
