3.000203 4687.500000 13838 4612.354786 147.595353
3.001619 4687.500000 13891 4627.835489 148.090736
3.000262 4687.500000 13955 4651.260638 148.840340
3.000210 4687.500000 14201 4733.334742 151.466712
3.000242 4687.500000 14091 4696.620394 150.291853
3.000094 4687.500000 14012 4670.520436 149.456654
3.000752 4687.500000 14075 4690.491619 150.095732
3.000098 4687.500000 13979 4659.514655 149.104469
3.000181 4687.500000 14121 4706.716654 150.614933
3.000496 4687.500000 13994 4663.895610 149.244660
3.000051 4687.500000 14028 4675.919887 149.629436
3.000137 4687.500000 14106 4701.785158 150.457125
3.000021 4687.500000 13995 4664.967118 149.278948
3.000128 4687.500000 14102 4700.465569 150.414898
3.000082 4687.500000 14239 4746.203433 151.878510
3.000001 4687.500000 13998 4665.998487 149.311952
3.000070 4687.500000 13902 4633.892409 148.284557
3.000096 4687.500000 14060 4686.516953 149.968543
3.000393 4687.500000 13991 4663.056271 149.217801
3.000043 4687.500000 13955 4651.599645 148.851189
3.000632 4687.500000 14015 4670.682462 149.461839
3.000054 4687.500000 14174 4724.580973 151.186591
3.000096 4687.500000 14212 4737.181935 151.589822
3.000200 4687.500000 13855 4618.025759 147.776824
3.000163 4687.500000 13912 4637.081386 148.386604
3.000617 4687.500000 13982 4659.708316 149.110666
3.000008 4687.500000 14127 4708.987816 150.687610
3.000492 4687.500000 14027 4674.900410 149.596813
3.000092 4687.500000 14129 4709.521494 150.704688
3.000298 4687.500000 14102 4700.199529 150.406385
3.000093 4687.500000 14072 4690.520968 150.096671
3.000165 4687.500000 14043 4680.742429 149.783758
6.000141 4687.500000 13861 4620.117304 147.843754
6.000232 4687.500000 13943 4647.387518 148.716401
6.000169 4687.500000 13919 4639.417372 148.461356
6.000110 4687.500000 14068 4689.305193 150.057766
6.000300 4687.500000 13945 4648.016311 148.736522
6.000144 4687.500000 13945 4648.218112 148.742980
6.000386 4687.500000 14159 4719.261086 151.016355
6.000436 4687.500000 14261 4753.598717 152.115159
6.000275 4687.500000 14067 4688.723138 150.039140
6.000405 4687.500000 14050 4682.733630 149.847476
6.000481 4687.500000 14009 4669.067029 149.410145
6.000575 4687.500000 14089 4695.750888 150.264028
6.000360 4687.500000 14021 4673.433255 149.549864
6.000455 4687.500000 14171 4723.098854 151.139163
6.000145 4687.500000 14189 4729.653489 151.348912
6.000714 4687.500000 14070 4689.659502 150.069104
6.000531 4687.500000 14046 4681.300273 149.801609
6.000311 4687.500000 13996 4665.130311 149.284170
6.000307 4687.500000 14137 4712.106800 150.787418
6.000064 4687.500000 13926 4641.985236 148.543528
6.000294 4687.500000 14133 4710.950255 150.750408
6.001178 4687.500000 14249 4748.186690 151.941974
6.000410 4687.500000 14166 4721.422987 151.085536
6.000777 4687.500000 14175 4724.747579 151.191923
6.000306 4687.500000 13749 4582.987677 146.655606
6.000931 4687.500000 14261 4753.381834 152.108219
6.000269 4687.500000 14151 4716.890846 150.940507
6.000747 4687.500000 14030 4676.487642 149.647605
6.000538 4687.500000 13957 4652.261334 148.872363
6.001780 4687.500000 14117 4705.414599 150.573267
6.000654 4687.500000 13976 4657.796424 149.049486
6.000262 4687.500000 13880 4626.517460 148.048559
9.000615 4687.500000 14142 4713.677688 150.837686
9.000231 4687.500000 13943 4647.479378 148.719340
9.000134 4687.500000 14135 4711.556741 150.769816
9.000596 4687.500000 14100 4699.630146 150.388165
9.000937 4687.500000 14102 4700.415742 150.413304
9.000789 4687.500000 13985 4660.918012 149.149376
9.000283 4687.500000 14221 4740.321474 151.690287
9.000881 4687.500000 14155 4717.632422 150.964237
9.000528 4687.500000 14114 4704.201586 150.534451
9.000354 4687.500000 13903 4634.250772 148.296025
9.000447 4687.500000 14282 4760.188836 152.326043
9.000594 4687.500000 14035 4677.884461 149.692303
9.000533 4687.500000 14002 4666.988933 149.343646
9.000174 4687.500000 14014 4671.286726 149.481175
9.000269 4687.500000 14144 4714.465992 150.862912
9.000641 4687.500000 14021 4673.376707 149.548055
9.000596 4687.500000 14202 4733.896289 151.484681
9.000662 4687.500000 14086 4694.562552 150.226002
9.000526 4687.500000 14029 4676.115046 149.635681
9.000688 4687.500000 14057 4685.432750 149.933848
9.000577 4687.500000 13915 4638.068216 148.418183
9.001082 4687.500000 13968 4655.428440 148.973710
9.001385 4687.500000 13903 4633.082437 148.258638
9.003234 4687.500000 14057 4681.785240 149.817128
9.000813 4687.500000 14128 4708.811893 150.681981
9.000317 4687.500000 13995 4664.925163 149.277605
9.001030 4687.500000 14167 4722.178214 151.109703
9.000469 4687.500000 13876 4625.062346 148.001995
9.001223 4687.500000 13956 4651.930191 148.861766
9.001867 4687.500000 14198 4732.528905 151.440925
9.000768 4687.500000 14284 4761.151173 152.356838
9.000376 4687.500000 14289 4762.818815 152.410202
12.000449 4687.500000 14268 4755.735577 152.183538
12.000536 4687.500000 14115 4704.994624 150.559828
12.000649 4687.500000 14075 4691.584952 150.130718
12.000412 4687.500000 14215 4738.106961 151.619423
12.000601 4687.500000 14078 4692.549984 150.161599
12.000596 4687.500000 14238 4745.617085 151.859747
12.000662 4687.500000 14130 4709.233369 150.695468
12.000660 4687.500000 14138 4712.536218 150.801159
12.000192 4687.500000 14198 4732.575464 151.442415
12.001172 4687.500000 14182 4726.496716 151.247895
12.000673 4687.500000 14003 4666.978900 149.343325
12.000688 4687.500000 14090 4696.289432 150.281262
12.000828 4687.500000 14122 4706.969279 150.623017
12.000750 4687.500000 14140 4712.984645 150.815509
12.000754 4687.500000 14188 4728.885131 151.324324
12.000769 4687.500000 14016 4671.833234 149.498664
12.001281 4687.500000 14213 4737.574020 151.602369
12.000828 4687.500000 14145 4714.779298 150.872938
12.001089 4687.500000 14169 4722.527551 151.120882
12.001132 4687.500000 13996 4665.031133 149.280996
12.001038 4687.500000 14220 4739.752702 151.672086
12.000352 4687.500000 14103 4700.946426 150.430286
12.001413 4687.500000 14094 4697.399867 150.316796
12.001234 4687.500000 14133 4710.028157 150.720901
12.000644 4687.500000 14206 4735.255162 151.528165
12.001111 4687.500000 14005 4668.288923 149.385246
12.000818 4687.500000 13879 4626.326101 148.042435
12.001583 4687.500000 14026 4675.024938 149.600798
12.001927 4687.500000 14052 4683.907312 149.885034
12.003767 4687.500000 14398 4798.481519 153.551409
12.000781 4687.500000 14081 4693.647133 150.196708
12.000494 4687.500000 13965 4654.817215 148.954151
15.001289 4687.500000 13818 4604.316492 147.338128
15.000620 4687.500000 14063 4687.636105 150.004355
15.000595 4687.500000 14244 4747.769793 151.928633
15.000826 4687.500000 14368 4788.672175 153.237510
15.000599 4687.500000 14224 4741.328131 151.722500
15.000865 4687.500000 14352 4783.717460 153.078959
15.000698 4687.500000 13957 4652.294849 148.873435
15.000839 4687.500000 14266 4755.053703 152.161719
15.000981 4687.500000 13831 4610.097961 147.523135
15.000586 4687.500000 13871 4623.304945 147.945758
15.000877 4687.500000 13950 4649.803079 148.793699
15.001958 4687.500000 14272 4756.468915 152.207005
15.000636 4687.500000 13992 4663.844575 149.243026
15.001351 4687.500000 13983 4659.908668 149.117077
15.001520 4687.500000 14001 4666.329405 149.322541
15.000978 4687.500000 14047 4682.082948 149.826654
15.001017 4687.500000 13736 4578.287989 146.505216
15.000844 4687.500000 13937 4645.642608 148.660563
15.000882 4687.500000 13864 4620.965924 147.870910
15.000913 4687.500000 14446 4815.076990 154.082464
15.001226 4687.500000 13954 4651.249473 148.839983
15.001345 4687.500000 13891 4629.859933 148.155518
15.000847 4687.500000 14096 4698.373297 150.347946
15.001159 4687.500000 14159 4719.624611 151.027988
15.001538 4687.500000 13977 4658.527304 149.072874
15.001229 4687.500000 14427 4808.809541 153.881905
15.001552 4687.500000 13779 4592.585473 146.962735
15.002597 4687.500000 14215 4737.274679 151.592790
15.001631 4687.500000 14005 4668.258119 149.384260
15.000811 4687.500000 14124 4707.953106 150.654499
15.003783 4687.500000 14166 4721.975029 151.103201
15.000717 4687.500000 14027 4675.318428 149.610190
18.001105 4687.500000 14137 4711.895329 150.780651
18.000665 4687.500000 14204 4734.556616 151.505812
18.000861 4687.500000 13805 4601.321038 147.242273
18.001675 4687.500000 14290 4762.620180 152.403846
18.001236 4687.500000 14125 4707.489656 150.639669
18.000854 4687.500000 14245 4747.963028 151.934817
18.000849 4687.500000 14235 4744.604625 151.827348
18.001129 4687.500000 14163 4720.768508 151.064592
18.001486 4687.500000 13772 4589.715744 146.870904
18.000945 4687.500000 14124 4707.832667 150.650645
18.001102 4687.500000 14146 4714.932993 150.877856
18.001517 4687.500000 14366 4788.391487 153.228528
18.001579 4687.500000 13936 4644.980281 148.639369
18.001522 4687.500000 13935 4644.996927 148.639902
18.000602 4687.500000 14003 4667.642542 149.364561
18.001669 4687.500000 14269 4756.274132 152.200772
18.001011 4687.500000 14010 4669.791800 149.433338
18.000896 4687.500000 13856 4618.586858 147.794779
18.001111 4687.500000 14020 4673.126189 149.540038
18.001262 4687.500000 13907 4635.287627 148.329204
18.001072 4687.500000 13850 4616.422377 147.725516
18.001859 4687.500000 13867 4621.363239 147.883624
18.001925 4687.500000 14017 4671.342824 149.482970
18.001272 4687.500000 14099 4699.488111 150.383620
18.001657 4687.500000 14056 4685.170095 149.925443
18.002159 4687.500000 13982 4660.354550 149.131346
18.001328 4687.500000 14036 4677.971830 149.695099
18.001644 4687.500000 13859 4619.504003 147.824128
18.002972 4687.500000 14090 4696.079151 150.274533
18.000924 4687.500000 14002 4667.157484 149.349039
18.004171 4687.500000 14138 4712.056469 150.785807
18.001969 4687.500000 13902 4632.067678 148.226166
21.001676 4687.500000 14079 4691.960076 150.142722
21.001119 4687.500000 13894 4631.311822 148.201978
21.000707 4687.500000 13975 4658.267727 149.064567
21.001453 4687.500000 13902 4633.067411 148.258157
21.000882 4687.500000 14056 4685.300886 149.929628
21.001698 4687.500000 13979 4659.601514 149.107248
21.000986 4687.500000 14153 4717.603100 150.963299
21.001146 4687.500000 14058 4685.931051 149.949794
21.001422 4687.500000 13991 4663.377900 149.228093
21.000755 4687.500000 14212 4737.091449 151.586926
21.001665 4687.500000 14042 4680.054127 149.761732
21.000925 4687.500000 14089 4696.222441 150.279118
21.001880 4687.500000 13958 4651.501186 148.848038
21.001713 4687.500000 14136 4711.789176 150.777254
21.002866 4687.500000 14041 4678.865820 149.723706
21.001692 4687.500000 14163 4720.732348 151.063435
21.001761 4687.500000 14355 4784.863305 153.115626
21.001752 4687.500000 14069 4689.299194 150.057574
21.001723 4687.500000 13952 4650.300480 148.809615
21.001993 4687.500000 14092 4696.292379 150.281356
21.001189 4687.500000 14174 4724.482812 151.183450
21.001517 4687.500000 13978 4658.703576 149.078514
21.001046 4687.500000 14089 4696.097926 150.275134
21.001692 4687.500000 13910 4636.630886 148.372188
21.001477 4687.500000 13994 4664.331767 149.258617
21.001706 4687.500000 14038 4679.237431 149.735598
21.001863 4687.500000 14082 4693.993715 150.207799
21.002264 4687.500000 14067 4688.836524 150.042769
21.003099 4687.500000 14149 4716.133588 150.916275
21.001785 4687.500000 14067 4687.654365 150.004940
21.004185 4687.500000 14050 4683.311005 149.865952
21.002113 4687.500000 13890 4629.777471 148.152879
24.000900 4687.500000 13842 4613.972486 147.647120
24.000765 4687.500000 13939 4646.243892 148.679805
24.001007 4687.500000 14042 4680.539222 149.777255
24.001305 4687.500000 14035 4678.152614 149.700884
24.001466 4687.500000 14263 4754.312955 152.138015
24.001726 4687.500000 13969 4656.256070 149.000194
24.001163 4687.500000 14157 4718.973416 151.007149
24.002043 4687.500000 13764 4587.555427 146.801774
24.002300 4687.500000 13967 4654.681631 148.949812
24.001128 4687.500000 14203 4734.319532 151.498225
24.001523 4687.500000 14301 4766.839553 152.538866
24.001970 4687.500000 14096 4698.526415 150.352845
24.001652 4687.500000 14027 4675.455653 149.614581
24.001946 4687.500000 14341 4780.037932 152.961214
24.001040 4687.500000 14166 4721.551171 151.089637
24.001241 4687.500000 14194 4731.025929 151.392830
24.002271 4687.500000 14089 4696.321503 150.282288
24.001043 4687.500000 14089 4696.243051 150.279778
24.001910 4687.500000 14131 4710.025222 150.720807
24.002535 4687.500000 14064 4686.683694 149.973878
24.001828 4687.500000 14303 4767.450624 152.558420
24.001699 4687.500000 13930 4642.989790 148.575673
24.001818 4687.500000 14176 4725.183037 151.205857
24.002479 4687.500000 13976 4657.910911 149.053149
24.001749 4687.500000 13984 4661.255521 149.160177
24.001837 4687.500000 14277 4758.791231 152.281319
24.001936 4687.500000 14268 4755.884654 152.188309
24.002898 4687.500000 14179 4726.282634 151.241044
24.003461 4687.500000 14043 4680.435912 149.773949
24.002850 4687.500000 14181 4725.321876 151.210300
24.004201 4687.500000 13961 4653.642853 148.916571
24.002178 4687.500000 13968 4655.898829 148.988763
27.001271 4687.500000 14226 4741.829414 151.738541
27.001161 4687.500000 14064 4687.947993 150.014336
27.001070 4687.500000 14285 4761.566347 152.370123
27.001386 4687.500000 14216 4737.685518 151.605937
27.001599 4687.500000 13977 4657.914179 149.053254
27.001253 4687.500000 14207 4735.335442 151.530734
27.002104 4687.500000 14209 4735.735322 151.543530
27.002113 4687.500000 14122 4706.317713 150.602167
27.001549 4687.500000 14001 4666.958783 149.342681
27.002694 4687.500000 14185 4727.097304 151.267114
27.001404 4687.500000 13926 4641.747311 148.535914
27.002399 4687.500000 13985 4660.763591 149.144435
27.001803 4687.500000 14241 4746.914114 151.901252
27.002080 4687.500000 14208 4735.825630 151.546420
27.002286 4687.500000 14226 4741.275097 151.720803
27.001305 4687.500000 14111 4703.665765 150.517304
27.001092 4687.500000 14354 4784.583209 153.106663
27.003097 4687.500000 14060 4685.789423 149.945262
27.002251 4687.500000 13900 4632.862639 148.251604
27.002460 4687.500000 14024 4673.408396 149.549069
27.002031 4687.500000 14097 4698.480655 150.351381
27.002553 4687.500000 13958 4652.552300 148.881674
27.002303 4687.500000 13918 4639.328279 148.458505
27.002015 4687.500000 14290 4763.208162 152.422661
27.002888 4687.500000 13975 4657.375513 149.036016
27.002979 4687.500000 14134 4709.862903 150.715613
27.001912 4687.500000 14159 4719.548919 151.025565
27.003235 4687.500000 14212 4736.801408 151.577645
27.003683 4687.500000 14203 4733.983474 151.487471
27.004517 4687.500000 14106 4701.503974 150.448127
27.002872 4687.500000 13790 4596.633820 147.092282
27.002273 4687.500000 14125 4708.183960 150.661887
#type       avg     std     min     5th    10th    90th    95th    99th
read     1220.3   351.0   129.1   798.7   835.7  1516.8  1543.9  1808.2
update   1218.1   342.0   156.2   798.6   835.5  1516.3  1539.1  1747.2
op_q        7.6     3.3     1.0     2.9     3.9    12.1    13.0    16.5

Total QPS = 299879.1 (8996374 / 30.0s)

Misses = 0 (0.0%)
Skipped TXs = 0 (0.0%)

RX 1552161209 bytes :   49.3 MB/s
TX  996328434 bytes :   31.7 MB/s
