3.003861 1388.888889 4127 1373.898366 43.964748
3.001094 1388.888889 4174 1390.826162 44.506437
3.002047 1388.888889 4176 1391.050866 44.513628
3.000731 1388.888889 4326 1441.648504 46.132752
3.000225 1388.888889 4197 1398.895260 44.764648
3.001384 1388.888889 4175 1391.024775 44.512793
3.000326 1388.888889 4143 1380.850095 44.187203
3.000153 1388.888889 4125 1374.929792 43.997753
3.000657 1388.888889 4108 1369.033634 43.809076
3.000605 1388.888889 4132 1377.055754 44.065784
3.000680 1388.888889 4158 1385.685711 44.341943
3.000023 1388.888889 4111 1370.322797 43.850330
3.000003 1388.888889 4112 1370.665298 43.861290
3.000435 1388.888889 4261 1420.127198 45.444070
3.001316 1388.888889 4243 1413.713354 45.238827
3.001475 1388.888889 3972 1323.349317 42.347178
3.000175 1388.888889 4164 1387.919149 44.413413
3.000568 1388.888889 4203 1400.734999 44.823520
3.000602 1388.888889 4111 1370.058293 43.841865
3.001135 1388.888889 4218 1405.468264 44.974984
3.002198 1388.888889 4162 1386.317584 44.362163
3.001532 1388.888889 4241 1412.944888 45.214236
3.000693 1388.888889 4153 1384.013822 44.288442
3.000762 1388.888889 4170 1389.647231 44.468711
3.000377 1388.888889 4085 1361.495362 43.567852
3.000011 1388.888889 4137 1378.995111 44.127844
3.000110 1388.888889 4046 1348.617167 43.155749
3.002428 1388.888889 4231 1409.192672 45.094166
3.000209 1388.888889 4183 1394.236341 44.615563
3.001242 1388.888889 4033 1343.777171 43.000869
3.001255 1388.888889 4199 1399.081576 44.770610
3.000761 1388.888889 4098 1365.653739 43.700920
6.002646 1388.888889 4341 1446.711222 46.294759
6.001224 1388.888889 4244 1414.195412 45.254253
6.002058 1388.888889 4114 1370.592259 43.858952
6.001043 1388.888889 4223 1407.330377 45.034572
6.002300 1388.888889 4040 1346.225132 43.079204
6.000842 1388.888889 4275 1424.887332 45.596395
6.001292 1388.888889 4173 1390.739972 44.503679
6.000976 1388.888889 4088 1362.233931 43.591486
6.000023 1388.888889 4101 1366.990679 43.743702
6.000704 1388.888889 4080 1359.953803 43.518522
6.002010 1388.888889 4130 1376.004973 44.032159
6.000159 1388.888889 4129 1376.330651 44.042581
6.001746 1388.888889 4212 1403.490637 44.911700
6.000172 1388.888889 4171 1390.304777 44.489753
6.001463 1388.888889 4281 1426.962606 45.662803
6.000965 1388.888889 3974 1324.540875 42.385308
6.001830 1388.888889 4271 1423.317325 45.546154
6.000855 1388.888889 4080 1359.617401 43.507757
6.001754 1388.888889 4162 1387.046978 44.385503
6.001578 1388.888889 4245 1414.951657 45.278453
6.001018 1388.888889 4180 1393.214313 44.582858
6.001052 1388.888889 4190 1396.352600 44.683283
6.001181 1388.888889 4204 1401.105161 44.835365
6.001767 1388.888889 4200 1399.890470 44.796495
6.001249 1388.888889 4127 1375.174456 44.005583
6.000397 1388.888889 4114 1371.247280 43.879913
6.003666 1388.888889 4044 1347.340655 43.114901
6.005948 1388.888889 4099 1364.732139 43.671428
6.006413 1388.888889 4228 1408.135747 45.060344
6.001315 1388.888889 4197 1398.965577 44.766898
6.001303 1388.888889 4087 1362.311507 43.593968
6.001080 1388.888889 4136 1378.520119 44.112644
9.000429 1388.888889 4070 1356.544492 43.409424
9.001410 1388.888889 4113 1370.831940 43.866622
9.000842 1388.888889 4193 1397.459217 44.718695
9.001724 1388.888889 4258 1418.999522 45.407985
9.000929 1388.888889 4052 1350.258874 43.208284
9.001802 1388.888889 4114 1370.950940 43.870430
9.001013 1388.888889 4133 1377.649588 44.084787
9.001883 1388.888889 4216 1405.273199 44.968742
9.003006 1388.888889 4142 1380.341565 44.170930
9.001719 1388.888889 4140 1379.803715 44.153719
9.000860 1388.888889 4210 1403.324743 44.906392
9.000775 1388.888889 4269 1422.966351 45.534923
9.002466 1388.888889 4171 1390.122129 44.483908
9.003062 1388.888889 4077 1358.545294 43.473449
9.001447 1388.888889 4078 1359.232334 43.495435
9.002433 1388.888889 4151 1382.624659 44.243989
9.001792 1388.888889 4154 1384.514680 44.304470
9.001851 1388.888889 4161 1386.873685 44.379958
9.001260 1388.888889 4139 1379.630232 44.148167
9.002517 1388.888889 4271 1423.340898 45.546909
9.002270 1388.888889 4205 1401.421860 44.845500
9.004294 1388.888889 4132 1376.174318 44.037578
9.001579 1388.888889 4112 1370.426186 43.853638
9.003153 1388.888889 4190 1395.597373 44.659116
9.002801 1388.888889 4257 1418.926518 45.405649
9.004546 1388.888889 4078 1358.934911 43.485917
9.001998 1388.888889 4257 1418.645363 45.396652
9.001686 1388.888889 4107 1368.830880 43.802588
9.006635 1388.888889 4267 1422.228013 45.511296
9.006070 1388.888889 4312 1437.274895 45.992797
9.001366 1388.888889 4124 1374.637676 43.988406
9.001401 1388.888889 4153 1384.185256 44.293928
12.003135 1388.888889 4165 1388.047404 44.417517
12.002076 1388.888889 4070 1356.148516 43.396753
12.002098 1388.888889 4137 1378.684184 44.117894
12.000705 1388.888889 4244 1414.536465 45.265167
12.002230 1388.888889 4291 1430.089788 45.762873
12.001044 1388.888889 4123 1374.210255 43.974728
12.002051 1388.888889 4170 1389.884700 44.476310
12.001202 1388.888889 4247 1415.505251 45.296168
12.001085 1388.888889 4127 1375.633726 44.020279
12.001978 1388.888889 4296 1431.911490 45.821168
12.004034 1388.888889 4205 1400.918812 44.829402
12.003642 1388.888889 4069 1355.523903 43.376765
12.002683 1388.888889 4196 1398.474168 44.751173
12.002910 1388.888889 4128 1375.456192 44.014598
12.001788 1388.888889 4189 1396.174798 44.677594
12.002977 1388.888889 4069 1356.253834 43.400123
12.001315 1388.888889 4138 1379.308330 44.137867
12.003211 1388.888889 4111 1369.587957 43.826815
12.002295 1388.888889 4267 1422.137925 45.508414
12.005397 1388.888889 4145 1380.592065 44.178946
12.006068 1388.888889 4241 1411.971386 45.183084
12.003892 1388.888889 4154 1384.257746 44.296248
12.003999 1388.888889 4101 1365.562999 43.698016
12.002347 1388.888889 4010 1336.511442 42.768366
12.001727 1388.888889 4263 1420.980399 45.471373
12.004374 1388.888889 4268 1422.088234 45.506823
12.004384 1388.888889 4197 1398.957817 44.766650
12.006646 1388.888889 4135 1378.068983 44.098207
12.005288 1388.888889 4128 1375.659678 44.021110
12.007051 1388.888889 4377 1458.797664 46.681525
12.001507 1388.888889 4121 1373.601860 43.955260
12.001866 1388.888889 4137 1378.786127 44.121156
15.005775 1388.888889 4221 1405.550939 44.977630
15.002231 1388.888889 4315 1438.332902 46.026653
15.002940 1388.888889 4190 1396.274528 44.680785
15.001154 1388.888889 4188 1395.791135 44.665316
15.002026 1388.888889 4091 1363.644956 43.636639
15.001342 1388.888889 4198 1399.213551 44.774834
15.002446 1388.888889 4243 1413.800269 45.241609
15.001374 1388.888889 4305 1434.841938 45.914942
15.004974 1388.888889 4255 1417.389630 45.356468
15.001931 1388.888889 4084 1361.268591 43.560595
15.002182 1388.888889 4148 1382.606207 44.243399
15.003189 1388.888889 4128 1375.489652 44.015669
15.001284 1388.888889 4298 1432.627722 45.844087
15.002988 1388.888889 4164 1387.679415 44.405741
15.001914 1388.888889 4093 1364.248609 43.655955
15.003244 1388.888889 4127 1375.616761 44.019736
15.004445 1388.888889 4171 1389.961446 44.478766
15.003070 1388.888889 4187 1395.592299 44.658954
15.004247 1388.888889 4239 1412.832858 45.210651
15.002588 1388.888889 4286 1428.551951 45.713662
15.005692 1388.888889 4256 1418.048456 45.377551
15.003231 1388.888889 4066 1355.324401 43.370381
15.006051 1388.888889 4250 1416.357950 45.323454
15.004059 1388.888889 4094 1364.655532 43.668977
15.004440 1388.888889 4157 1385.635817 44.340346
15.005579 1388.888889 4168 1389.198574 44.454354
15.004130 1388.888889 4266 1421.938131 45.502020
15.009097 1388.888889 4090 1361.958076 43.582658
15.007094 1388.888889 4140 1379.979997 44.159360
15.003202 1388.888889 4172 1389.881438 44.476206
15.006727 1388.888889 4157 1385.629140 44.340132
15.004692 1388.888889 4109 1368.377703 43.788086
18.004561 1388.888889 4133 1376.503269 44.048105
18.002547 1388.888889 4117 1371.696457 43.894287
18.002086 1388.888889 4058 1352.305271 43.273769
18.001633 1388.888889 4181 1393.546461 44.593487
18.001872 1388.888889 4096 1365.092137 43.682948
18.003863 1388.888889 4152 1383.247352 44.263915
18.004009 1388.888889 4111 1369.867254 43.835752
18.002514 1388.888889 4157 1385.513501 44.336432
18.003100 1388.888889 4256 1418.113653 45.379637
18.002928 1388.888889 4089 1362.845615 43.611060
18.005789 1388.888889 4015 1337.198974 42.790367
18.003079 1388.888889 4174 1391.268964 44.520607
18.003646 1388.888889 4105 1368.124673 43.779990
18.002583 1388.888889 4137 1378.936860 44.125980
18.004491 1388.888889 4075 1357.689992 43.446080
18.003311 1388.888889 4306 1435.295318 45.929450
18.004459 1388.888889 4166 1388.568465 44.434191
18.005493 1388.888889 4135 1378.095318 44.099050
18.004949 1388.888889 4205 1401.431176 44.845798
18.003139 1388.888889 4243 1413.755910 45.240189
18.007230 1388.888889 4116 1371.770016 43.896641
18.004777 1388.888889 3991 1330.046197 42.561478
18.004487 1388.888889 4107 1368.978930 43.807326
18.004771 1388.888889 4329 1442.657369 46.165036
18.006409 1388.888889 4222 1407.036157 45.025157
18.007332 1388.888889 4240 1412.507883 45.200252
18.008091 1388.888889 4132 1376.876111 44.060036
18.006086 1388.888889 4186 1395.317097 44.650147
18.005960 1388.888889 4145 1381.543379 44.209388
18.010056 1388.888889 4129 1375.893407 44.028589
18.003791 1388.888889 4148 1382.395290 44.236649
18.005259 1388.888889 4118 1372.407090 43.917027
21.004980 1388.888889 4176 1391.482027 44.527425
21.002013 1388.888889 4249 1416.154067 45.316930
21.002430 1388.888889 4123 1374.077773 43.970489
21.003254 1388.888889 4087 1362.012482 43.584399
21.003876 1388.888889 4133 1377.041509 44.065328
21.004057 1388.888889 4222 1406.409152 45.005093
21.004965 1388.888889 4177 1392.098717 44.547159
21.002848 1388.888889 3918 1305.884837 41.788315
21.005682 1388.888889 4237 1411.217623 45.158964
21.004761 1388.888889 4144 1380.820422 44.186253
21.003836 1388.888889 4224 1407.644962 45.044639
21.009745 1388.888889 4151 1382.129773 44.228153
21.004167 1388.888889 4099 1365.847880 43.707132
21.004836 1388.888889 4187 1395.538618 44.657236
21.005916 1388.888889 4193 1396.275838 44.680827
21.004913 1388.888889 4161 1386.804934 44.377758
21.004202 1388.888889 4052 1350.579698 43.218550
21.010181 1388.888889 4163 1385.774742 44.344792
21.004918 1388.888889 4160 1386.467106 44.366947
21.005022 1388.888889 4147 1382.299705 44.233591
21.005880 1388.888889 4091 1363.625049 43.636002
21.008177 1388.888889 4079 1359.627539 43.508081
21.006229 1388.888889 4293 1430.648891 45.780765
21.005090 1388.888889 4132 1377.186781 44.069977
21.004659 1388.888889 4247 1414.949634 45.278388
21.006076 1388.888889 4130 1376.613278 44.051625
21.005836 1388.888889 4122 1373.515268 43.952489
21.007700 1388.888889 4156 1385.116357 44.323723
21.010274 1388.888889 4232 1410.564296 45.138057
21.007727 1388.888889 4100 1366.486816 43.727578
21.003854 1388.888889 4238 1412.637042 45.204385
21.007415 1388.888889 4186 1394.331226 44.618599
24.002704 1388.888889 4075 1358.020558 43.456658
24.004411 1388.888889 4125 1374.904359 43.996939
24.002754 1388.888889 4256 1418.513266 45.392425
24.006624 1388.888889 4155 1383.713691 44.278838
24.005005 1388.888889 4119 1372.616274 43.923721
24.003419 1388.888889 4205 1401.589728 44.850871
24.004044 1388.888889 4156 1385.255879 44.328188
24.005501 1388.888889 4160 1386.418996 44.365408
24.006274 1388.888889 4111 1370.312637 43.850004
24.005366 1388.888889 4151 1383.422592 44.269523
24.002863 1388.888889 4280 1426.659605 45.653107
24.009165 1388.888889 4054 1349.943226 43.198183
24.007773 1388.888889 4068 1354.322607 43.338323
24.004798 1388.888889 4149 1382.982911 44.255453
24.005222 1388.888889 4057 1352.224138 43.271172
24.007918 1388.888889 4247 1414.705898 45.270589
24.005072 1388.888889 4178 1392.643637 44.564596
24.005070 1388.888889 4279 1426.258789 45.640281
24.007397 1388.888889 4308 1434.896690 45.916694
24.005175 1388.888889 4338 1445.876557 46.268050
24.005844 1388.888889 4215 1404.924222 44.957575
24.005965 1388.888889 4232 1410.643731 45.140599
24.005030 1388.888889 4358 1452.487084 46.479587
24.008318 1388.888889 4206 1401.933962 44.861887
24.006004 1388.888889 4065 1354.924397 43.357581
24.008078 1388.888889 4281 1426.833046 45.658657
24.015056 1388.888889 4065 1352.605498 43.283376
24.007933 1388.888889 4175 1391.558529 44.529873
24.010868 1388.888889 4118 1372.352404 43.915277
24.010369 1388.888889 4091 1363.623754 43.635960
24.004628 1388.888889 4120 1372.979150 43.935333
24.009464 1388.888889 4136 1377.725755 44.087224
27.011095 1388.888889 4200 1397.916678 44.733334
27.005532 1388.888889 4163 1387.652243 44.404872
27.005272 1388.888889 4236 1411.422043 45.165505
27.003674 1388.888889 4145 1381.548909 44.209565
27.002868 1388.888889 4090 1363.258497 43.624272
27.003127 1388.888889 4165 1388.160685 44.421142
27.005680 1388.888889 4164 1387.718520 44.406993
27.008719 1388.888889 4221 1404.258914 44.936285
27.008145 1388.888889 4220 1404.918002 44.957376
27.005269 1388.888889 4139 1379.449844 44.142395
27.005499 1388.888889 4153 1384.105753 44.291384
27.005230 1388.888889 4188 1395.996454 44.671887
27.006528 1388.888889 4286 1428.545832 45.713467
27.006014 1388.888889 4173 1390.699435 44.502382
27.006384 1388.888889 4069 1355.739449 43.383662
27.005899 1388.888889 4251 1416.657800 45.333050
27.006016 1388.888889 4113 1370.976732 43.871255
27.008677 1388.888889 4235 1411.241504 45.159728
27.006084 1388.888889 4230 1409.887453 45.116398
27.008130 1388.888889 4146 1381.902282 44.220873
27.006231 1388.888889 4192 1396.774435 44.696782
27.008155 1388.888889 4322 1440.302987 46.089696
27.007695 1388.888889 4079 1358.900701 43.484822
27.009641 1388.888889 4117 1371.728733 43.895319
27.008144 1388.888889 4232 1410.635510 45.140336
27.009792 1388.888889 4103 1367.381309 43.756202
27.008097 1388.888889 4273 1424.255367 45.576172
27.011920 1388.888889 4254 1417.267072 45.352546
27.011441 1388.888889 4116 1371.738003 43.895616
27.005158 1388.888889 4156 1385.088654 44.322837
27.015618 1388.888889 4198 1399.071043 44.770273
27.009593 1388.888889 4235 1411.605869 45.171388
30.007819 1388.888889 4084 1360.296259 43.529480
#type       avg     std     min     5th    10th    90th    95th    99th
read      502.4   469.8    72.9   211.2   256.8   757.7   855.4  1087.0
update    510.0   467.3    72.9   216.3   261.6   770.5   868.9  1113.0
op_q        1.8     1.2     1.0     1.0     1.0     3.1     3.9     4.9

Total QPS = 99927.5 (2997824 / 30.0s)

Misses = 0 (0.0%)
Skipped TXs = 0 (0.0%)

RX  516806768 bytes :   16.4 MB/s
TX  332063474 bytes :   10.6 MB/s
