Requests      [total, rate, throughput]         12, 10.91, 10.70
Duration      [total, attack, wait]             1.121s, 1.1s, 21.295ms
Latencies     [min, mean, 50, 90, 95, 99, max]  21.275ms, 21.524ms, 21.464ms, 21.839ms, 22.345ms, 22.43ms, 22.43ms
Bytes In      [total, mean]                     24, 2.00
Bytes Out     [total, mean]                     0, 0.00
Success       [ratio]                           100.00%
Status Codes  [code:count]                      200:12  
Error Set:
Requests      [total, rate, throughput]         22, 10.48, 10.37
Duration      [total, attack, wait]             2.121s, 2.1s, 21.486ms
Latencies     [min, mean, 50, 90, 95, 99, max]  21.234ms, 21.439ms, 21.398ms, 21.575ms, 21.923ms, 22.43ms, 22.43ms
Bytes In      [total, mean]                     44, 2.00
Bytes Out     [total, mean]                     0, 0.00
Success       [ratio]                           100.00%
Status Codes  [code:count]                      200:22  
Error Set:
Requests      [total, rate, throughput]         32, 10.32, 10.25
Duration      [total, attack, wait]             3.121s, 3.1s, 21.34ms
Latencies     [min, mean, 50, 90, 95, 99, max]  21.087ms, 21.388ms, 21.352ms, 21.558ms, 21.584ms, 22.43ms, 22.43ms
Bytes In      [total, mean]                     64, 2.00
Bytes Out     [total, mean]                     0, 0.00
Success       [ratio]                           100.00%
Status Codes  [code:count]                      200:32  
Error Set:
Requests      [total, rate, throughput]         42, 10.24, 10.19
Duration      [total, attack, wait]             4.121s, 4.1s, 21.391ms
Latencies     [min, mean, 50, 90, 95, 99, max]  21.087ms, 21.366ms, 21.338ms, 21.527ms, 21.576ms, 22.43ms, 22.43ms
Bytes In      [total, mean]                     84, 2.00
Bytes Out     [total, mean]                     0, 0.00
Success       [ratio]                           100.00%
Status Codes  [code:count]                      200:42  
Error Set:
Requests      [total, rate, throughput]         52, 10.20, 10.15
Duration      [total, attack, wait]             5.121s, 5.1s, 21.247ms
Latencies     [min, mean, 50, 90, 95, 99, max]  21.087ms, 21.354ms, 21.333ms, 21.509ms, 21.568ms, 22.413ms, 22.43ms
Bytes In      [total, mean]                     104, 2.00
Bytes Out     [total, mean]                     0, 0.00
Success       [ratio]                           100.00%
Status Codes  [code:count]                      200:52  
Error Set:
Requests      [total, rate, throughput]         62, 10.16, 10.13
Duration      [total, attack, wait]             6.121s, 6.1s, 21.375ms
Latencies     [min, mean, 50, 90, 95, 99, max]  21.087ms, 21.351ms, 21.338ms, 21.504ms, 21.559ms, 22.328ms, 22.43ms
Bytes In      [total, mean]                     124, 2.00
Bytes Out     [total, mean]                     0, 0.00
Success       [ratio]                           100.00%
Status Codes  [code:count]                      200:62  
Error Set:
Requests      [total, rate, throughput]         72, 10.14, 10.11
Duration      [total, attack, wait]             7.121s, 7.1s, 21.231ms
Latencies     [min, mean, 50, 90, 95, 99, max]  21.087ms, 21.346ms, 21.329ms, 21.504ms, 21.55ms, 22.244ms, 22.43ms
Bytes In      [total, mean]                     144, 2.00
Bytes Out     [total, mean]                     0, 0.00
Success       [ratio]                           100.00%
Status Codes  [code:count]                      200:72  
Error Set:
Requests      [total, rate, throughput]         82, 10.12, 10.10
Duration      [total, attack, wait]             8.121s, 8.1s, 21.365ms
Latencies     [min, mean, 50, 90, 95, 99, max]  21.087ms, 21.349ms, 21.333ms, 21.499ms, 21.54ms, 22.16ms, 22.43ms
Bytes In      [total, mean]                     164, 2.00
Bytes Out     [total, mean]                     0, 0.00
Success       [ratio]                           100.00%
Status Codes  [code:count]                      200:82  
Error Set:
Requests      [total, rate, throughput]         92, 10.11, 10.09
Duration      [total, attack, wait]             9.121s, 9.1s, 21.408ms
Latencies     [min, mean, 50, 90, 95, 99, max]  21.087ms, 21.346ms, 21.329ms, 21.499ms, 21.55ms, 22.075ms, 22.43ms
Bytes In      [total, mean]                     184, 2.00
Bytes Out     [total, mean]                     0, 0.00
Success       [ratio]                           100.00%
Status Codes  [code:count]                      200:92  
Error Set:
Requests      [total, rate, throughput]         102, 10.10, 10.08
Duration      [total, attack, wait]             10.121s, 10.1s, 21.397ms
Latencies     [min, mean, 50, 90, 95, 99, max]  21.087ms, 21.345ms, 21.333ms, 21.497ms, 21.539ms, 21.991ms, 22.43ms
Bytes In      [total, mean]                     204, 2.00
Bytes Out     [total, mean]                     0, 0.00
Success       [ratio]                           100.00%
Status Codes  [code:count]                      200:102  
Error Set:
Requests      [total, rate, throughput]         112, 10.09, 10.07
Duration      [total, attack, wait]             11.121s, 11.1s, 21.364ms
Latencies     [min, mean, 50, 90, 95, 99, max]  21.087ms, 21.342ms, 21.33ms, 21.489ms, 21.53ms, 21.906ms, 22.43ms
Bytes In      [total, mean]                     224, 2.00
Bytes Out     [total, mean]                     0, 0.00
Success       [ratio]                           100.00%
Status Codes  [code:count]                      200:112  
Error Set:
Requests      [total, rate, throughput]         122, 10.08, 10.06
Duration      [total, attack, wait]             12.122s, 12.1s, 21.322ms
Latencies     [min, mean, 50, 90, 95, 99, max]  21.087ms, 21.341ms, 21.333ms, 21.468ms, 21.522ms, 21.822ms, 22.43ms
Bytes In      [total, mean]                     244, 2.00
Bytes Out     [total, mean]                     0, 0.00
Success       [ratio]                           100.00%
Status Codes  [code:count]                      200:122  
Error Set:
Requests      [total, rate, throughput]         132, 10.08, 10.06
Duration      [total, attack, wait]             13.122s, 13.101s, 21.175ms
Latencies     [min, mean, 50, 90, 95, 99, max]  21.087ms, 21.363ms, 21.337ms, 21.489ms, 21.53ms, 22.729ms, 24.092ms
Bytes In      [total, mean]                     264, 2.00
Bytes Out     [total, mean]                     0, 0.00
Success       [ratio]                           100.00%
Status Codes  [code:count]                      200:132  
Error Set:
Requests      [total, rate, throughput]         142, 10.07, 10.06
Duration      [total, attack, wait]             14.121s, 14.1s, 21.452ms
Latencies     [min, mean, 50, 90, 95, 99, max]  21.087ms, 21.363ms, 21.339ms, 21.489ms, 21.527ms, 22.563ms, 24.092ms
Bytes In      [total, mean]                     284, 2.00
Bytes Out     [total, mean]                     0, 0.00
Success       [ratio]                           100.00%
Status Codes  [code:count]                      200:142  
Error Set:
Requests      [total, rate, throughput]         152, 10.07, 10.05
Duration      [total, attack, wait]             15.121s, 15.1s, 21.23ms
Latencies     [min, mean, 50, 90, 95, 99, max]  21.087ms, 21.36ms, 21.337ms, 21.468ms, 21.523ms, 22.413ms, 24.092ms
Bytes In      [total, mean]                     304, 2.00
Bytes Out     [total, mean]                     0, 0.00
Success       [ratio]                           100.00%
Status Codes  [code:count]                      200:152  
Error Set:
Requests      [total, rate, throughput]         162, 10.06, 10.05
Duration      [total, attack, wait]             16.121s, 16.1s, 21.29ms
Latencies     [min, mean, 50, 90, 95, 99, max]  21.087ms, 21.36ms, 21.337ms, 21.484ms, 21.521ms, 22.328ms, 24.092ms
Bytes In      [total, mean]                     324, 2.00
Bytes Out     [total, mean]                     0, 0.00
Success       [ratio]                           100.00%
Status Codes  [code:count]                      200:162  
Error Set:
Requests      [total, rate, throughput]         172, 10.06, 10.05
Duration      [total, attack, wait]             17.121s, 17.1s, 21.369ms
Latencies     [min, mean, 50, 90, 95, 99, max]  21.087ms, 21.359ms, 21.339ms, 21.467ms, 21.52ms, 22.244ms, 24.092ms
Bytes In      [total, mean]                     344, 2.00
Bytes Out     [total, mean]                     0, 0.00
Success       [ratio]                           100.00%
Status Codes  [code:count]                      200:172  
Error Set:
Requests      [total, rate, throughput]         182, 10.06, 10.04
Duration      [total, attack, wait]             18.121s, 18.1s, 21.178ms
Latencies     [min, mean, 50, 90, 95, 99, max]  21.087ms, 21.358ms, 21.333ms, 21.467ms, 21.521ms, 22.16ms, 24.092ms
Bytes In      [total, mean]                     364, 2.00
Bytes Out     [total, mean]                     0, 0.00
Success       [ratio]                           100.00%
Status Codes  [code:count]                      200:182  
Error Set:
Requests      [total, rate, throughput]         192, 10.05, 10.04
Duration      [total, attack, wait]             19.121s, 19.1s, 21.3ms
Latencies     [min, mean, 50, 90, 95, 99, max]  21.087ms, 21.355ms, 21.329ms, 21.467ms, 21.523ms, 22.075ms, 24.092ms
Bytes In      [total, mean]                     384, 2.00
Bytes Out     [total, mean]                     0, 0.00
Success       [ratio]                           100.00%
Status Codes  [code:count]                      200:192  
Error Set:
Requests      [total, rate, throughput]         202, 10.05, 10.04
Duration      [total, attack, wait]             20.121s, 20.099s, 21.329ms
Latencies     [min, mean, 50, 90, 95, 99, max]  21.087ms, 21.351ms, 21.328ms, 21.455ms, 21.521ms, 21.991ms, 24.092ms
Bytes In      [total, mean]                     404, 2.00
Bytes Out     [total, mean]                     0, 0.00
Success       [ratio]                           100.00%
Status Codes  [code:count]                      200:202  
Error Set:
Requests      [total, rate, throughput]         212, 10.05, 10.04
Duration      [total, attack, wait]             21.121s, 21.1s, 21.241ms
Latencies     [min, mean, 50, 90, 95, 99, max]  21.087ms, 21.347ms, 21.323ms, 21.451ms, 21.52ms, 21.906ms, 24.092ms
Bytes In      [total, mean]                     424, 2.00
Bytes Out     [total, mean]                     0, 0.00
Success       [ratio]                           100.00%
Status Codes  [code:count]                      200:212  
Error Set:
Requests      [total, rate, throughput]         222, 10.05, 10.04
Duration      [total, attack, wait]             22.122s, 22.1s, 21.457ms
Latencies     [min, mean, 50, 90, 95, 99, max]  21.087ms, 21.345ms, 21.321ms, 21.454ms, 21.517ms, 21.822ms, 24.092ms
Bytes In      [total, mean]                     444, 2.00
Bytes Out     [total, mean]                     0, 0.00
Success       [ratio]                           100.00%
Status Codes  [code:count]                      200:222  
Error Set:
Requests      [total, rate, throughput]         232, 10.04, 10.03
Duration      [total, attack, wait]             23.121s, 23.1s, 21.338ms
Latencies     [min, mean, 50, 90, 95, 99, max]  21.087ms, 21.343ms, 21.32ms, 21.451ms, 21.515ms, 21.737ms, 24.092ms
Bytes In      [total, mean]                     464, 2.00
Bytes Out     [total, mean]                     0, 0.00
Success       [ratio]                           100.00%
Status Codes  [code:count]                      200:232  
Error Set:
Requests      [total, rate, throughput]         242, 10.04, 10.03
Duration      [total, attack, wait]             24.121s, 24.099s, 21.364ms
Latencies     [min, mean, 50, 90, 95, 99, max]  21.087ms, 21.34ms, 21.319ms, 21.449ms, 21.51ms, 21.653ms, 24.092ms
Bytes In      [total, mean]                     484, 2.00
Bytes Out     [total, mean]                     0, 0.00
Success       [ratio]                           100.00%
Status Codes  [code:count]                      200:242  
Error Set:
Requests      [total, rate, throughput]         252, 10.04, 10.03
Duration      [total, attack, wait]             25.121s, 25.1s, 21.27ms
Latencies     [min, mean, 50, 90, 95, 99, max]  21.087ms, 21.34ms, 21.319ms, 21.449ms, 21.506ms, 21.585ms, 24.092ms
Bytes In      [total, mean]                     504, 2.00
Bytes Out     [total, mean]                     0, 0.00
Success       [ratio]                           100.00%
Status Codes  [code:count]                      200:252  
Error Set:
Requests      [total, rate, throughput]         262, 10.04, 10.03
Duration      [total, attack, wait]             26.122s, 26.1s, 21.306ms
Latencies     [min, mean, 50, 90, 95, 99, max]  21.087ms, 21.339ms, 21.319ms, 21.449ms, 21.505ms, 21.584ms, 24.092ms
Bytes In      [total, mean]                     524, 2.00
Bytes Out     [total, mean]                     0, 0.00
Success       [ratio]                           100.00%
Status Codes  [code:count]                      200:262  
Error Set:
Requests      [total, rate, throughput]         272, 10.04, 10.03
Duration      [total, attack, wait]             27.121s, 27.1s, 21.209ms
Latencies     [min, mean, 50, 90, 95, 99, max]  21.087ms, 21.337ms, 21.318ms, 21.445ms, 21.505ms, 21.582ms, 24.092ms
Bytes In      [total, mean]                     544, 2.00
Bytes Out     [total, mean]                     0, 0.00
Success       [ratio]                           100.00%
Status Codes  [code:count]                      200:272  
Error Set:
Requests      [total, rate, throughput]         282, 10.04, 10.03
Duration      [total, attack, wait]             28.121s, 28.1s, 21.309ms
Latencies     [min, mean, 50, 90, 95, 99, max]  21.087ms, 21.338ms, 21.318ms, 21.449ms, 21.505ms, 21.58ms, 24.092ms
Bytes In      [total, mean]                     564, 2.00
Bytes Out     [total, mean]                     0, 0.00
Success       [ratio]                           100.00%
Status Codes  [code:count]                      200:282  
Error Set:
Requests      [total, rate, throughput]         292, 10.03, 10.03
Duration      [total, attack, wait]             29.121s, 29.1s, 21.238ms
Latencies     [min, mean, 50, 90, 95, 99, max]  21.087ms, 21.337ms, 21.318ms, 21.445ms, 21.504ms, 21.579ms, 24.092ms
Bytes In      [total, mean]                     584, 2.00
Bytes Out     [total, mean]                     0, 0.00
Success       [ratio]                           100.00%
Status Codes  [code:count]                      200:292  
Error Set:
Requests      [total, rate, throughput]         302, 10.03, 10.03
Duration      [total, attack, wait]             30.122s, 30.1s, 21.271ms
Latencies     [min, mean, 50, 90, 95, 99, max]  21.087ms, 21.341ms, 21.317ms, 21.451ms, 21.516ms, 21.954ms, 24.092ms
Bytes In      [total, mean]                     604, 2.00
Bytes Out     [total, mean]                     0, 0.00
Success       [ratio]                           100.00%
Status Codes  [code:count]                      200:302  
Error Set:
Requests      [total, rate, throughput]         312, 10.03, 10.03
Duration      [total, attack, wait]             31.122s, 31.101s, 21.27ms
Latencies     [min, mean, 50, 90, 95, 99, max]  21.087ms, 21.341ms, 21.318ms, 21.448ms, 21.513ms, 21.884ms, 24.092ms
Bytes In      [total, mean]                     624, 2.00
Bytes Out     [total, mean]                     0, 0.00
Success       [ratio]                           100.00%
Status Codes  [code:count]                      200:312  
Error Set:
Requests      [total, rate, throughput]         322, 10.03, 10.02
Duration      [total, attack, wait]             32.121s, 32.1s, 21.353ms
Latencies     [min, mean, 50, 90, 95, 99, max]  21.087ms, 21.342ms, 21.319ms, 21.448ms, 21.516ms, 21.815ms, 24.092ms
Bytes In      [total, mean]                     644, 2.00
Bytes Out     [total, mean]                     0, 0.00
Success       [ratio]                           100.00%
Status Codes  [code:count]                      200:322  
Error Set:
Requests      [total, rate, throughput]         332, 10.03, 10.02
Duration      [total, attack, wait]             33.121s, 33.1s, 21.281ms
Latencies     [min, mean, 50, 90, 95, 99, max]  21.087ms, 21.341ms, 21.318ms, 21.446ms, 21.513ms, 21.746ms, 24.092ms
Bytes In      [total, mean]                     664, 2.00
Bytes Out     [total, mean]                     0, 0.00
Success       [ratio]                           100.00%
Status Codes  [code:count]                      200:332  
Error Set:
Requests      [total, rate, throughput]         342, 10.03, 10.02
Duration      [total, attack, wait]             34.122s, 34.1s, 21.293ms
Latencies     [min, mean, 50, 90, 95, 99, max]  21.087ms, 21.341ms, 21.319ms, 21.446ms, 21.51ms, 21.676ms, 24.092ms
Bytes In      [total, mean]                     684, 2.00
Bytes Out     [total, mean]                     0, 0.00
Success       [ratio]                           100.00%
Status Codes  [code:count]                      200:342  
Error Set:
Requests      [total, rate, throughput]         352, 10.03, 10.02
Duration      [total, attack, wait]             35.121s, 35.1s, 21.39ms
Latencies     [min, mean, 50, 90, 95, 99, max]  21.087ms, 21.342ms, 21.319ms, 21.446ms, 21.508ms, 21.62ms, 24.092ms
Bytes In      [total, mean]                     704, 2.00
Bytes Out     [total, mean]                     0, 0.00
Success       [ratio]                           100.00%
Status Codes  [code:count]                      200:352  
Error Set:
Requests      [total, rate, throughput]         362, 10.03, 10.02
Duration      [total, attack, wait]             36.121s, 36.1s, 21.249ms
Latencies     [min, mean, 50, 90, 95, 99, max]  21.087ms, 21.341ms, 21.319ms, 21.446ms, 21.51ms, 21.617ms, 24.092ms
Bytes In      [total, mean]                     724, 2.00
Bytes Out     [total, mean]                     0, 0.00
Success       [ratio]                           100.00%
Status Codes  [code:count]                      200:362  
Error Set:
Requests      [total, rate, throughput]         372, 10.03, 10.02
Duration      [total, attack, wait]             37.121s, 37.1s, 21.232ms
Latencies     [min, mean, 50, 90, 95, 99, max]  21.087ms, 21.34ms, 21.319ms, 21.444ms, 21.508ms, 21.613ms, 24.092ms
Bytes In      [total, mean]                     744, 2.00
Bytes Out     [total, mean]                     0, 0.00
Success       [ratio]                           100.00%
Status Codes  [code:count]                      200:372  
Error Set:
Requests      [total, rate, throughput]         382, 10.03, 10.02
Duration      [total, attack, wait]             38.122s, 38.1s, 21.335ms
Latencies     [min, mean, 50, 90, 95, 99, max]  21.087ms, 21.339ms, 21.319ms, 21.444ms, 21.505ms, 21.61ms, 24.092ms
Bytes In      [total, mean]                     764, 2.00
Bytes Out     [total, mean]                     0, 0.00
Success       [ratio]                           100.00%
Status Codes  [code:count]                      200:382  
Error Set:
Requests      [total, rate, throughput]         392, 10.03, 10.02
Duration      [total, attack, wait]             39.121s, 39.1s, 21.201ms
Latencies     [min, mean, 50, 90, 95, 99, max]  21.087ms, 21.337ms, 21.318ms, 21.444ms, 21.504ms, 21.606ms, 24.092ms
Bytes In      [total, mean]                     784, 2.00
Bytes Out     [total, mean]                     0, 0.00
Success       [ratio]                           100.00%
Status Codes  [code:count]                      200:392  
Error Set:
Requests      [total, rate, throughput]         402, 10.02, 10.02
Duration      [total, attack, wait]             40.121s, 40.1s, 21.26ms
Latencies     [min, mean, 50, 90, 95, 99, max]  21.087ms, 21.335ms, 21.317ms, 21.441ms, 21.503ms, 21.602ms, 24.092ms
Bytes In      [total, mean]                     804, 2.00
Bytes Out     [total, mean]                     0, 0.00
Success       [ratio]                           100.00%
Status Codes  [code:count]                      200:402  
Error Set:
Requests      [total, rate, throughput]         412, 10.02, 10.02
Duration      [total, attack, wait]             41.121s, 41.1s, 21.335ms
Latencies     [min, mean, 50, 90, 95, 99, max]  21.087ms, 21.334ms, 21.317ms, 21.438ms, 21.501ms, 21.599ms, 24.092ms
Bytes In      [total, mean]                     824, 2.00
Bytes Out     [total, mean]                     0, 0.00
Success       [ratio]                           100.00%
Status Codes  [code:count]                      200:412  
Error Set:
Requests      [total, rate, throughput]         422, 10.02, 10.02
Duration      [total, attack, wait]             42.121s, 42.1s, 21.3ms
Latencies     [min, mean, 50, 90, 95, 99, max]  21.087ms, 21.333ms, 21.315ms, 21.435ms, 21.5ms, 21.595ms, 24.092ms
Bytes In      [total, mean]                     844, 2.00
Bytes Out     [total, mean]                     0, 0.00
Success       [ratio]                           100.00%
Status Codes  [code:count]                      200:422  
Error Set:
Requests      [total, rate, throughput]         432, 10.02, 10.02
Duration      [total, attack, wait]             43.121s, 43.1s, 21.299ms
Latencies     [min, mean, 50, 90, 95, 99, max]  21.087ms, 21.331ms, 21.313ms, 21.433ms, 21.498ms, 21.592ms, 24.092ms
Bytes In      [total, mean]                     864, 2.00
Bytes Out     [total, mean]                     0, 0.00
Success       [ratio]                           100.00%
Status Codes  [code:count]                      200:432  
Error Set:
Requests      [total, rate, throughput]         442, 10.02, 10.02
Duration      [total, attack, wait]             44.121s, 44.1s, 21.278ms
Latencies     [min, mean, 50, 90, 95, 99, max]  21.087ms, 21.329ms, 21.312ms, 21.432ms, 21.495ms, 21.588ms, 24.092ms
Bytes In      [total, mean]                     884, 2.00
Bytes Out     [total, mean]                     0, 0.00
Success       [ratio]                           100.00%
Status Codes  [code:count]                      200:442  
Error Set:
Requests      [total, rate, throughput]         452, 10.02, 10.02
Duration      [total, attack, wait]             45.121s, 45.1s, 21.271ms
Latencies     [min, mean, 50, 90, 95, 99, max]  21.087ms, 21.327ms, 21.308ms, 21.431ms, 21.493ms, 21.585ms, 24.092ms
Bytes In      [total, mean]                     904, 2.00
Bytes Out     [total, mean]                     0, 0.00
Success       [ratio]                           100.00%
Status Codes  [code:count]                      200:452  
Error Set:
Requests      [total, rate, throughput]         462, 10.02, 10.02
Duration      [total, attack, wait]             46.121s, 46.1s, 21.337ms
Latencies     [min, mean, 50, 90, 95, 99, max]  21.087ms, 21.329ms, 21.308ms, 21.432ms, 21.5ms, 21.617ms, 24.092ms
Bytes In      [total, mean]                     924, 2.00
Bytes Out     [total, mean]                     0, 0.00
Success       [ratio]                           100.00%
Status Codes  [code:count]                      200:462  
Error Set:
Requests      [total, rate, throughput]         472, 10.02, 10.02
Duration      [total, attack, wait]             47.121s, 47.1s, 21.282ms
Latencies     [min, mean, 50, 90, 95, 99, max]  21.087ms, 21.328ms, 21.308ms, 21.433ms, 21.502ms, 21.613ms, 24.092ms
Bytes In      [total, mean]                     944, 2.00
Bytes Out     [total, mean]                     0, 0.00
Success       [ratio]                           100.00%
Status Codes  [code:count]                      200:472  
Error Set:
Requests      [total, rate, throughput]         482, 10.02, 10.02
Duration      [total, attack, wait]             48.121s, 48.1s, 21.334ms
Latencies     [min, mean, 50, 90, 95, 99, max]  21.087ms, 21.327ms, 21.308ms, 21.432ms, 21.5ms, 21.61ms, 24.092ms
Bytes In      [total, mean]                     964, 2.00
Bytes Out     [total, mean]                     0, 0.00
Success       [ratio]                           100.00%
Status Codes  [code:count]                      200:482  
Error Set:
Requests      [total, rate, throughput]         492, 10.02, 10.02
Duration      [total, attack, wait]             49.121s, 49.1s, 21.294ms
Latencies     [min, mean, 50, 90, 95, 99, max]  21.087ms, 21.327ms, 21.308ms, 21.432ms, 21.498ms, 21.606ms, 24.092ms
Bytes In      [total, mean]                     984, 2.00
Bytes Out     [total, mean]                     0, 0.00
Success       [ratio]                           100.00%
Status Codes  [code:count]                      200:492  
Error Set:
Requests      [total, rate, throughput]         502, 10.02, 10.02
Duration      [total, attack, wait]             50.121s, 50.1s, 21.229ms
Latencies     [min, mean, 50, 90, 95, 99, max]  21.087ms, 21.328ms, 21.31ms, 21.432ms, 21.496ms, 21.602ms, 24.092ms
Bytes In      [total, mean]                     1004, 2.00
Bytes Out     [total, mean]                     0, 0.00
Success       [ratio]                           100.00%
Status Codes  [code:count]                      200:502  
Error Set:
Requests      [total, rate, throughput]         512, 10.02, 10.02
Duration      [total, attack, wait]             51.121s, 51.1s, 21.272ms
Latencies     [min, mean, 50, 90, 95, 99, max]  21.087ms, 21.327ms, 21.31ms, 21.432ms, 21.494ms, 21.599ms, 24.092ms
Bytes In      [total, mean]                     1024, 2.00
Bytes Out     [total, mean]                     0, 0.00
Success       [ratio]                           100.00%
Status Codes  [code:count]                      200:512  
Error Set:
Requests      [total, rate, throughput]         522, 10.02, 10.02
Duration      [total, attack, wait]             52.121s, 52.1s, 21.305ms
Latencies     [min, mean, 50, 90, 95, 99, max]  21.087ms, 21.327ms, 21.309ms, 21.432ms, 21.492ms, 21.595ms, 24.092ms
Bytes In      [total, mean]                     1044, 2.00
Bytes Out     [total, mean]                     0, 0.00
Success       [ratio]                           100.00%
Status Codes  [code:count]                      200:522  
Error Set:
Requests      [total, rate, throughput]         532, 10.02, 10.01
Duration      [total, attack, wait]             53.122s, 53.1s, 21.486ms
Latencies     [min, mean, 50, 90, 95, 99, max]  21.087ms, 21.326ms, 21.309ms, 21.432ms, 21.49ms, 21.592ms, 24.092ms
Bytes In      [total, mean]                     1064, 2.00
Bytes Out     [total, mean]                     0, 0.00
Success       [ratio]                           100.00%
Status Codes  [code:count]                      200:532  
Error Set:
Requests      [total, rate, throughput]         542, 10.02, 10.01
Duration      [total, attack, wait]             54.121s, 54.1s, 21.362ms
Latencies     [min, mean, 50, 90, 95, 99, max]  21.087ms, 21.327ms, 21.31ms, 21.434ms, 21.489ms, 21.588ms, 24.092ms
Bytes In      [total, mean]                     1084, 2.00
Bytes Out     [total, mean]                     0, 0.00
Success       [ratio]                           100.00%
Status Codes  [code:count]                      200:542  
Error Set:
Requests      [total, rate, throughput]         552, 10.02, 10.01
Duration      [total, attack, wait]             55.122s, 55.1s, 21.204ms
Latencies     [min, mean, 50, 90, 95, 99, max]  21.087ms, 21.326ms, 21.308ms, 21.433ms, 21.488ms, 21.585ms, 24.092ms
Bytes In      [total, mean]                     1104, 2.00
Bytes Out     [total, mean]                     0, 0.00
Success       [ratio]                           100.00%
Status Codes  [code:count]                      200:552  
Error Set:
Requests      [total, rate, throughput]         562, 10.02, 10.01
Duration      [total, attack, wait]             56.121s, 56.1s, 21.307ms
Latencies     [min, mean, 50, 90, 95, 99, max]  21.087ms, 21.325ms, 21.306ms, 21.432ms, 21.487ms, 21.584ms, 24.092ms
Bytes In      [total, mean]                     1124, 2.00
Bytes Out     [total, mean]                     0, 0.00
Success       [ratio]                           100.00%
Status Codes  [code:count]                      200:562  
Error Set:
Requests      [total, rate, throughput]         572, 10.02, 10.01
Duration      [total, attack, wait]             57.122s, 57.1s, 21.354ms
Latencies     [min, mean, 50, 90, 95, 99, max]  21.087ms, 21.324ms, 21.306ms, 21.431ms, 21.484ms, 21.582ms, 24.092ms
Bytes In      [total, mean]                     1144, 2.00
Bytes Out     [total, mean]                     0, 0.00
Success       [ratio]                           100.00%
Status Codes  [code:count]                      200:572  
Error Set:
Requests      [total, rate, throughput]         582, 10.02, 10.01
Duration      [total, attack, wait]             58.121s, 58.1s, 21.198ms
Latencies     [min, mean, 50, 90, 95, 99, max]  21.087ms, 21.323ms, 21.305ms, 21.431ms, 21.483ms, 21.58ms, 24.092ms
Bytes In      [total, mean]                     1164, 2.00
Bytes Out     [total, mean]                     0, 0.00
Success       [ratio]                           100.00%
Status Codes  [code:count]                      200:582  
Error Set:
Requests      [total, rate, throughput]         592, 10.02, 10.01
Duration      [total, attack, wait]             59.121s, 59.1s, 21.374ms
Latencies     [min, mean, 50, 90, 95, 99, max]  21.087ms, 21.323ms, 21.305ms, 21.431ms, 21.482ms, 21.579ms, 24.092ms
Bytes In      [total, mean]                     1184, 2.00
Bytes Out     [total, mean]                     0, 0.00
Success       [ratio]                           100.00%
Status Codes  [code:count]                      200:592  
Error Set:
Requests      [total, rate, throughput]         600, 10.02, 10.01
Duration      [total, attack, wait]             59.921s, 59.9s, 21.164ms
Latencies     [min, mean, 50, 90, 95, 99, max]  21.087ms, 21.322ms, 21.304ms, 21.431ms, 21.481ms, 21.578ms, 24.092ms
Bytes In      [total, mean]                     1200, 2.00
Bytes Out     [total, mean]                     0, 0.00
Success       [ratio]                           100.00%
Status Codes  [code:count]                      200:600  
Error Set:
