NAME   REFERENCE        TARGETS        MINPODS   MAXPODS   REPLICAS   AGE
keda-hpa-webserver-scaledobject   Deployment/webserver-deployment   0/5 (avg)   2         10        5          21m
keda-hpa-webserver-scaledobject   Deployment/webserver-deployment   0/5 (avg)   2         10        5          21m
keda-hpa-webserver-scaledobject   Deployment/webserver-deployment   0/5 (avg)   2         10        5          21m
keda-hpa-webserver-scaledobject   Deployment/webserver-deployment   0/5 (avg)   2         10        2          21m
keda-hpa-webserver-scaledobject   Deployment/webserver-deployment   0/5 (avg)   2         10        2          21m
keda-hpa-webserver-scaledobject   Deployment/webserver-deployment   0/5 (avg)   2         10        2          21m
keda-hpa-webserver-scaledobject   Deployment/webserver-deployment   0/5 (avg)   2         10        2          21m
keda-hpa-webserver-scaledobject   Deployment/webserver-deployment   0/5 (avg)   2         10        2          21m
keda-hpa-webserver-scaledobject   Deployment/webserver-deployment   0/5 (avg)   2         10        2          21m
keda-hpa-webserver-scaledobject   Deployment/webserver-deployment   0/5 (avg)   2         10        2          21m
keda-hpa-webserver-scaledobject   Deployment/webserver-deployment   0/5 (avg)   2         10        2          21m
keda-hpa-webserver-scaledobject   Deployment/webserver-deployment   0/5 (avg)   2         10        2          21m
keda-hpa-webserver-scaledobject   Deployment/webserver-deployment   0/5 (avg)   2         10        2          21m
keda-hpa-webserver-scaledobject   Deployment/webserver-deployment   0/5 (avg)   2         10        2          21m
keda-hpa-webserver-scaledobject   Deployment/webserver-deployment   0/5 (avg)   2         10        2          21m
keda-hpa-webserver-scaledobject   Deployment/webserver-deployment   0/5 (avg)   2         10        2          21m
keda-hpa-webserver-scaledobject   Deployment/webserver-deployment   0/5 (avg)   2         10        2          21m
keda-hpa-webserver-scaledobject   Deployment/webserver-deployment   1209m/5 (avg)   2         10        2          21m
keda-hpa-webserver-scaledobject   Deployment/webserver-deployment   1209m/5 (avg)   2         10        2          21m
keda-hpa-webserver-scaledobject   Deployment/webserver-deployment   1209m/5 (avg)   2         10        2          21m
keda-hpa-webserver-scaledobject   Deployment/webserver-deployment   1209m/5 (avg)   2         10        2          21m
keda-hpa-webserver-scaledobject   Deployment/webserver-deployment   1209m/5 (avg)   2         10        2          21m
keda-hpa-webserver-scaledobject   Deployment/webserver-deployment   1209m/5 (avg)   2         10        2          21m
keda-hpa-webserver-scaledobject   Deployment/webserver-deployment   1209m/5 (avg)   2         10        2          21m
keda-hpa-webserver-scaledobject   Deployment/webserver-deployment   1209m/5 (avg)   2         10        2          21m
keda-hpa-webserver-scaledobject   Deployment/webserver-deployment   1209m/5 (avg)   2         10        2          21m
keda-hpa-webserver-scaledobject   Deployment/webserver-deployment   1209m/5 (avg)   2         10        2          21m
keda-hpa-webserver-scaledobject   Deployment/webserver-deployment   1209m/5 (avg)   2         10        2          21m
keda-hpa-webserver-scaledobject   Deployment/webserver-deployment   1209m/5 (avg)   2         10        2          21m
keda-hpa-webserver-scaledobject   Deployment/webserver-deployment   1209m/5 (avg)   2         10        2          21m
keda-hpa-webserver-scaledobject   Deployment/webserver-deployment   1209m/5 (avg)   2         10        2          21m
keda-hpa-webserver-scaledobject   Deployment/webserver-deployment   2573m/5 (avg)   2         10        2          21m
keda-hpa-webserver-scaledobject   Deployment/webserver-deployment   2573m/5 (avg)   2         10        2          21m
keda-hpa-webserver-scaledobject   Deployment/webserver-deployment   2573m/5 (avg)   2         10        2          21m
keda-hpa-webserver-scaledobject   Deployment/webserver-deployment   2573m/5 (avg)   2         10        2          21m
keda-hpa-webserver-scaledobject   Deployment/webserver-deployment   2573m/5 (avg)   2         10        2          21m
keda-hpa-webserver-scaledobject   Deployment/webserver-deployment   2573m/5 (avg)   2         10        2          21m
keda-hpa-webserver-scaledobject   Deployment/webserver-deployment   2573m/5 (avg)   2         10        2          21m
keda-hpa-webserver-scaledobject   Deployment/webserver-deployment   2573m/5 (avg)   2         10        2          21m
keda-hpa-webserver-scaledobject   Deployment/webserver-deployment   2573m/5 (avg)   2         10        2          21m
keda-hpa-webserver-scaledobject   Deployment/webserver-deployment   2573m/5 (avg)   2         10        2          21m
keda-hpa-webserver-scaledobject   Deployment/webserver-deployment   2573m/5 (avg)   2         10        2          21m
keda-hpa-webserver-scaledobject   Deployment/webserver-deployment   2573m/5 (avg)   2         10        2          21m
keda-hpa-webserver-scaledobject   Deployment/webserver-deployment   2573m/5 (avg)   2         10        2          21m
keda-hpa-webserver-scaledobject   Deployment/webserver-deployment   2573m/5 (avg)   2         10        2          21m
keda-hpa-webserver-scaledobject   Deployment/webserver-deployment   3937m/5 (avg)   2         10        2          21m
keda-hpa-webserver-scaledobject   Deployment/webserver-deployment   3937m/5 (avg)   2         10        2          21m
keda-hpa-webserver-scaledobject   Deployment/webserver-deployment   3937m/5 (avg)   2         10        2          21m
keda-hpa-webserver-scaledobject   Deployment/webserver-deployment   3937m/5 (avg)   2         10        2          21m
keda-hpa-webserver-scaledobject   Deployment/webserver-deployment   3937m/5 (avg)   2         10        2          21m
keda-hpa-webserver-scaledobject   Deployment/webserver-deployment   3937m/5 (avg)   2         10        2          21m
keda-hpa-webserver-scaledobject   Deployment/webserver-deployment   3937m/5 (avg)   2         10        2          21m
keda-hpa-webserver-scaledobject   Deployment/webserver-deployment   3937m/5 (avg)   2         10        2          21m
keda-hpa-webserver-scaledobject   Deployment/webserver-deployment   3937m/5 (avg)   2         10        2          21m
keda-hpa-webserver-scaledobject   Deployment/webserver-deployment   3937m/5 (avg)   2         10        2          21m
keda-hpa-webserver-scaledobject   Deployment/webserver-deployment   3937m/5 (avg)   2         10        2          22m
keda-hpa-webserver-scaledobject   Deployment/webserver-deployment   3937m/5 (avg)   2         10        2          22m
keda-hpa-webserver-scaledobject   Deployment/webserver-deployment   3937m/5 (avg)   2         10        2          22m
keda-hpa-webserver-scaledobject   Deployment/webserver-deployment   3937m/5 (avg)   2         10        2          22m
keda-hpa-webserver-scaledobject   Deployment/webserver-deployment   5382m/5 (avg)   2         10        2          22m
keda-hpa-webserver-scaledobject   Deployment/webserver-deployment   5382m/5 (avg)   2         10        2          22m
keda-hpa-webserver-scaledobject   Deployment/webserver-deployment   5382m/5 (avg)   2         10        2          22m
keda-hpa-webserver-scaledobject   Deployment/webserver-deployment   5382m/5 (avg)   2         10        2          22m
keda-hpa-webserver-scaledobject   Deployment/webserver-deployment   5382m/5 (avg)   2         10        2          22m
keda-hpa-webserver-scaledobject   Deployment/webserver-deployment   5382m/5 (avg)   2         10        2          22m
keda-hpa-webserver-scaledobject   Deployment/webserver-deployment   5382m/5 (avg)   2         10        2          22m
keda-hpa-webserver-scaledobject   Deployment/webserver-deployment   5382m/5 (avg)   2         10        2          22m
keda-hpa-webserver-scaledobject   Deployment/webserver-deployment   5382m/5 (avg)   2         10        2          22m
keda-hpa-webserver-scaledobject   Deployment/webserver-deployment   5382m/5 (avg)   2         10        2          22m
keda-hpa-webserver-scaledobject   Deployment/webserver-deployment   5382m/5 (avg)   2         10        2          22m
keda-hpa-webserver-scaledobject   Deployment/webserver-deployment   5382m/5 (avg)   2         10        2          22m
keda-hpa-webserver-scaledobject   Deployment/webserver-deployment   5382m/5 (avg)   2         10        2          22m
keda-hpa-webserver-scaledobject   Deployment/webserver-deployment   11891m/5 (avg)   2         10        2          22m
keda-hpa-webserver-scaledobject   Deployment/webserver-deployment   11891m/5 (avg)   2         10        2          22m
keda-hpa-webserver-scaledobject   Deployment/webserver-deployment   11891m/5 (avg)   2         10        2          22m
keda-hpa-webserver-scaledobject   Deployment/webserver-deployment   11891m/5 (avg)   2         10        2          22m
keda-hpa-webserver-scaledobject   Deployment/webserver-deployment   11891m/5 (avg)   2         10        2          22m
keda-hpa-webserver-scaledobject   Deployment/webserver-deployment   11891m/5 (avg)   2         10        2          22m
keda-hpa-webserver-scaledobject   Deployment/webserver-deployment   11891m/5 (avg)   2         10        2          22m
keda-hpa-webserver-scaledobject   Deployment/webserver-deployment   11891m/5 (avg)   2         10        2          22m
keda-hpa-webserver-scaledobject   Deployment/webserver-deployment   11891m/5 (avg)   2         10        2          22m
keda-hpa-webserver-scaledobject   Deployment/webserver-deployment   11891m/5 (avg)   2         10        2          22m
keda-hpa-webserver-scaledobject   Deployment/webserver-deployment   11891m/5 (avg)   2         10        2          22m
keda-hpa-webserver-scaledobject   Deployment/webserver-deployment   11891m/5 (avg)   2         10        2          22m
keda-hpa-webserver-scaledobject   Deployment/webserver-deployment   11891m/5 (avg)   2         10        2          22m
keda-hpa-webserver-scaledobject   Deployment/webserver-deployment   11891m/5 (avg)   2         10        2          22m
keda-hpa-webserver-scaledobject   Deployment/webserver-deployment   9355m/5 (avg)   2         10        4          22m
keda-hpa-webserver-scaledobject   Deployment/webserver-deployment   9355m/5 (avg)   2         10        4          22m
keda-hpa-webserver-scaledobject   Deployment/webserver-deployment   9355m/5 (avg)   2         10        4          22m
keda-hpa-webserver-scaledobject   Deployment/webserver-deployment   9355m/5 (avg)   2         10        4          22m
keda-hpa-webserver-scaledobject   Deployment/webserver-deployment   9355m/5 (avg)   2         10        4          22m
keda-hpa-webserver-scaledobject   Deployment/webserver-deployment   9355m/5 (avg)   2         10        4          22m
keda-hpa-webserver-scaledobject   Deployment/webserver-deployment   9355m/5 (avg)   2         10        4          22m
keda-hpa-webserver-scaledobject   Deployment/webserver-deployment   9355m/5 (avg)   2         10        4          22m
keda-hpa-webserver-scaledobject   Deployment/webserver-deployment   9355m/5 (avg)   2         10        4          22m
keda-hpa-webserver-scaledobject   Deployment/webserver-deployment   9355m/5 (avg)   2         10        4          22m
keda-hpa-webserver-scaledobject   Deployment/webserver-deployment   9355m/5 (avg)   2         10        4          22m
keda-hpa-webserver-scaledobject   Deployment/webserver-deployment   9355m/5 (avg)   2         10        4          22m
keda-hpa-webserver-scaledobject   Deployment/webserver-deployment   9355m/5 (avg)   2         10        4          22m
keda-hpa-webserver-scaledobject   Deployment/webserver-deployment   9355m/5 (avg)   2         10        4          22m
keda-hpa-webserver-scaledobject   Deployment/webserver-deployment   6382m/5 (avg)   2         10        8          22m
keda-hpa-webserver-scaledobject   Deployment/webserver-deployment   6382m/5 (avg)   2         10        8          22m
keda-hpa-webserver-scaledobject   Deployment/webserver-deployment   6382m/5 (avg)   2         10        8          22m
keda-hpa-webserver-scaledobject   Deployment/webserver-deployment   6382m/5 (avg)   2         10        8          22m
keda-hpa-webserver-scaledobject   Deployment/webserver-deployment   6382m/5 (avg)   2         10        8          22m
keda-hpa-webserver-scaledobject   Deployment/webserver-deployment   6382m/5 (avg)   2         10        8          22m
keda-hpa-webserver-scaledobject   Deployment/webserver-deployment   6382m/5 (avg)   2         10        8          22m
keda-hpa-webserver-scaledobject   Deployment/webserver-deployment   6382m/5 (avg)   2         10        8          22m
keda-hpa-webserver-scaledobject   Deployment/webserver-deployment   6382m/5 (avg)   2         10        8          22m
keda-hpa-webserver-scaledobject   Deployment/webserver-deployment   6382m/5 (avg)   2         10        8          22m
keda-hpa-webserver-scaledobject   Deployment/webserver-deployment   6382m/5 (avg)   2         10        8          23m
keda-hpa-webserver-scaledobject   Deployment/webserver-deployment   6382m/5 (avg)   2         10        8          23m
keda-hpa-webserver-scaledobject   Deployment/webserver-deployment   6382m/5 (avg)   2         10        8          23m
keda-hpa-webserver-scaledobject   Deployment/webserver-deployment   6382m/5 (avg)   2         10        8          23m
keda-hpa-webserver-scaledobject   Deployment/webserver-deployment   6/5 (avg)   2         10        10         23m
keda-hpa-webserver-scaledobject   Deployment/webserver-deployment   6/5 (avg)   2         10        10         23m
keda-hpa-webserver-scaledobject   Deployment/webserver-deployment   6/5 (avg)   2         10        10         23m
keda-hpa-webserver-scaledobject   Deployment/webserver-deployment   6/5 (avg)   2         10        10         23m
keda-hpa-webserver-scaledobject   Deployment/webserver-deployment   6/5 (avg)   2         10        10         23m
keda-hpa-webserver-scaledobject   Deployment/webserver-deployment   6/5 (avg)   2         10        10         23m
keda-hpa-webserver-scaledobject   Deployment/webserver-deployment   6/5 (avg)   2         10        10         23m
keda-hpa-webserver-scaledobject   Deployment/webserver-deployment   6/5 (avg)   2         10        10         23m
keda-hpa-webserver-scaledobject   Deployment/webserver-deployment   6/5 (avg)   2         10        10         23m
keda-hpa-webserver-scaledobject   Deployment/webserver-deployment   6/5 (avg)   2         10        10         23m
keda-hpa-webserver-scaledobject   Deployment/webserver-deployment   6/5 (avg)   2         10        10         23m
keda-hpa-webserver-scaledobject   Deployment/webserver-deployment   6/5 (avg)   2         10        10         23m
keda-hpa-webserver-scaledobject   Deployment/webserver-deployment   6/5 (avg)   2         10        10         23m
keda-hpa-webserver-scaledobject   Deployment/webserver-deployment   6/5 (avg)   2         10        10         23m
keda-hpa-webserver-scaledobject   Deployment/webserver-deployment   6/5 (avg)   2         10        10         23m
keda-hpa-webserver-scaledobject   Deployment/webserver-deployment   6/5 (avg)   2         10        10         23m
keda-hpa-webserver-scaledobject   Deployment/webserver-deployment   6/5 (avg)   2         10        10         23m
keda-hpa-webserver-scaledobject   Deployment/webserver-deployment   6/5 (avg)   2         10        10         23m
keda-hpa-webserver-scaledobject   Deployment/webserver-deployment   6/5 (avg)   2         10        10         23m
keda-hpa-webserver-scaledobject   Deployment/webserver-deployment   6/5 (avg)   2         10        10         23m
keda-hpa-webserver-scaledobject   Deployment/webserver-deployment   6/5 (avg)   2         10        10         23m
keda-hpa-webserver-scaledobject   Deployment/webserver-deployment   6/5 (avg)   2         10        10         23m
keda-hpa-webserver-scaledobject   Deployment/webserver-deployment   6/5 (avg)   2         10        10         23m
keda-hpa-webserver-scaledobject   Deployment/webserver-deployment   6/5 (avg)   2         10        10         23m
keda-hpa-webserver-scaledobject   Deployment/webserver-deployment   6/5 (avg)   2         10        10         23m
keda-hpa-webserver-scaledobject   Deployment/webserver-deployment   6/5 (avg)   2         10        10         23m
keda-hpa-webserver-scaledobject   Deployment/webserver-deployment   6/5 (avg)   2         10        10         23m
keda-hpa-webserver-scaledobject   Deployment/webserver-deployment   6/5 (avg)   2         10        10         23m
keda-hpa-webserver-scaledobject   Deployment/webserver-deployment   6/5 (avg)   2         10        10         23m
keda-hpa-webserver-scaledobject   Deployment/webserver-deployment   6/5 (avg)   2         10        10         23m
keda-hpa-webserver-scaledobject   Deployment/webserver-deployment   6/5 (avg)   2         10        10         23m
keda-hpa-webserver-scaledobject   Deployment/webserver-deployment   6/5 (avg)   2         10        10         23m
keda-hpa-webserver-scaledobject   Deployment/webserver-deployment   6/5 (avg)   2         10        10         23m
keda-hpa-webserver-scaledobject   Deployment/webserver-deployment   6/5 (avg)   2         10        10         23m
keda-hpa-webserver-scaledobject   Deployment/webserver-deployment   6/5 (avg)   2         10        10         23m
keda-hpa-webserver-scaledobject   Deployment/webserver-deployment   6/5 (avg)   2         10        10         23m
keda-hpa-webserver-scaledobject   Deployment/webserver-deployment   6/5 (avg)   2         10        10         23m
keda-hpa-webserver-scaledobject   Deployment/webserver-deployment   6/5 (avg)   2         10        10         23m
keda-hpa-webserver-scaledobject   Deployment/webserver-deployment   6/5 (avg)   2         10        10         23m
keda-hpa-webserver-scaledobject   Deployment/webserver-deployment   6/5 (avg)   2         10        10         23m
keda-hpa-webserver-scaledobject   Deployment/webserver-deployment   6/5 (avg)   2         10        10         23m
keda-hpa-webserver-scaledobject   Deployment/webserver-deployment   6/5 (avg)   2         10        10         23m
keda-hpa-webserver-scaledobject   Deployment/webserver-deployment   6/5 (avg)   2         10        10         23m
keda-hpa-webserver-scaledobject   Deployment/webserver-deployment   6/5 (avg)   2         10        10         23m
keda-hpa-webserver-scaledobject   Deployment/webserver-deployment   6/5 (avg)   2         10        10         23m
keda-hpa-webserver-scaledobject   Deployment/webserver-deployment   6/5 (avg)   2         10        10         23m
keda-hpa-webserver-scaledobject   Deployment/webserver-deployment   6/5 (avg)   2         10        10         23m
keda-hpa-webserver-scaledobject   Deployment/webserver-deployment   6/5 (avg)   2         10        10         23m
keda-hpa-webserver-scaledobject   Deployment/webserver-deployment   6/5 (avg)   2         10        10         23m
keda-hpa-webserver-scaledobject   Deployment/webserver-deployment   6/5 (avg)   2         10        10         23m
keda-hpa-webserver-scaledobject   Deployment/webserver-deployment   6/5 (avg)   2         10        10         23m
keda-hpa-webserver-scaledobject   Deployment/webserver-deployment   6/5 (avg)   2         10        10         24m
keda-hpa-webserver-scaledobject   Deployment/webserver-deployment   6/5 (avg)   2         10        10         24m
keda-hpa-webserver-scaledobject   Deployment/webserver-deployment   6/5 (avg)   2         10        10         24m
keda-hpa-webserver-scaledobject   Deployment/webserver-deployment   6/5 (avg)   2         10        10         24m
keda-hpa-webserver-scaledobject   Deployment/webserver-deployment   6/5 (avg)   2         10        10         24m
keda-hpa-webserver-scaledobject   Deployment/webserver-deployment   6/5 (avg)   2         10        10         24m
keda-hpa-webserver-scaledobject   Deployment/webserver-deployment   6/5 (avg)   2         10        10         24m
keda-hpa-webserver-scaledobject   Deployment/webserver-deployment   6/5 (avg)   2         10        10         24m
keda-hpa-webserver-scaledobject   Deployment/webserver-deployment   6/5 (avg)   2         10        10         24m
keda-hpa-webserver-scaledobject   Deployment/webserver-deployment   6/5 (avg)   2         10        10         24m
keda-hpa-webserver-scaledobject   Deployment/webserver-deployment   6/5 (avg)   2         10        10         24m
keda-hpa-webserver-scaledobject   Deployment/webserver-deployment   6/5 (avg)   2         10        10         24m
keda-hpa-webserver-scaledobject   Deployment/webserver-deployment   6/5 (avg)   2         10        10         24m
keda-hpa-webserver-scaledobject   Deployment/webserver-deployment   6/5 (avg)   2         10        10         24m
keda-hpa-webserver-scaledobject   Deployment/webserver-deployment   6/5 (avg)   2         10        10         24m
keda-hpa-webserver-scaledobject   Deployment/webserver-deployment   6/5 (avg)   2         10        10         24m
keda-hpa-webserver-scaledobject   Deployment/webserver-deployment   6/5 (avg)   2         10        10         24m
keda-hpa-webserver-scaledobject   Deployment/webserver-deployment   6/5 (avg)   2         10        10         24m
keda-hpa-webserver-scaledobject   Deployment/webserver-deployment   6/5 (avg)   2         10        10         24m
keda-hpa-webserver-scaledobject   Deployment/webserver-deployment   6/5 (avg)   2         10        10         24m
keda-hpa-webserver-scaledobject   Deployment/webserver-deployment   6/5 (avg)   2         10        10         24m
keda-hpa-webserver-scaledobject   Deployment/webserver-deployment   6/5 (avg)   2         10        10         24m
keda-hpa-webserver-scaledobject   Deployment/webserver-deployment   6/5 (avg)   2         10        10         24m
keda-hpa-webserver-scaledobject   Deployment/webserver-deployment   6/5 (avg)   2         10        10         24m
keda-hpa-webserver-scaledobject   Deployment/webserver-deployment   6/5 (avg)   2         10        10         24m
keda-hpa-webserver-scaledobject   Deployment/webserver-deployment   6/5 (avg)   2         10        10         24m
keda-hpa-webserver-scaledobject   Deployment/webserver-deployment   6/5 (avg)   2         10        10         24m
keda-hpa-webserver-scaledobject   Deployment/webserver-deployment   6/5 (avg)   2         10        10         24m
keda-hpa-webserver-scaledobject   Deployment/webserver-deployment   6/5 (avg)   2         10        10         24m
keda-hpa-webserver-scaledobject   Deployment/webserver-deployment   6/5 (avg)   2         10        10         24m
keda-hpa-webserver-scaledobject   Deployment/webserver-deployment   6/5 (avg)   2         10        10         24m
keda-hpa-webserver-scaledobject   Deployment/webserver-deployment   6/5 (avg)   2         10        10         24m
keda-hpa-webserver-scaledobject   Deployment/webserver-deployment   6/5 (avg)   2         10        10         24m
keda-hpa-webserver-scaledobject   Deployment/webserver-deployment   6/5 (avg)   2         10        10         24m
keda-hpa-webserver-scaledobject   Deployment/webserver-deployment   6/5 (avg)   2         10        10         24m
keda-hpa-webserver-scaledobject   Deployment/webserver-deployment   6/5 (avg)   2         10        10         24m
keda-hpa-webserver-scaledobject   Deployment/webserver-deployment   6/5 (avg)   2         10        10         24m
keda-hpa-webserver-scaledobject   Deployment/webserver-deployment   6/5 (avg)   2         10        10         24m
keda-hpa-webserver-scaledobject   Deployment/webserver-deployment   6/5 (avg)   2         10        10         24m
keda-hpa-webserver-scaledobject   Deployment/webserver-deployment   6/5 (avg)   2         10        10         24m
keda-hpa-webserver-scaledobject   Deployment/webserver-deployment   6/5 (avg)   2         10        10         24m
keda-hpa-webserver-scaledobject   Deployment/webserver-deployment   6/5 (avg)   2         10        10         24m
keda-hpa-webserver-scaledobject   Deployment/webserver-deployment   6/5 (avg)   2         10        10         24m
keda-hpa-webserver-scaledobject   Deployment/webserver-deployment   6/5 (avg)   2         10        10         24m
keda-hpa-webserver-scaledobject   Deployment/webserver-deployment   6/5 (avg)   2         10        10         24m
keda-hpa-webserver-scaledobject   Deployment/webserver-deployment   6/5 (avg)   2         10        10         24m
keda-hpa-webserver-scaledobject   Deployment/webserver-deployment   6/5 (avg)   2         10        10         24m
keda-hpa-webserver-scaledobject   Deployment/webserver-deployment   6/5 (avg)   2         10        10         24m
keda-hpa-webserver-scaledobject   Deployment/webserver-deployment   6/5 (avg)   2         10        10         24m
keda-hpa-webserver-scaledobject   Deployment/webserver-deployment   6/5 (avg)   2         10        10         24m
keda-hpa-webserver-scaledobject   Deployment/webserver-deployment   6/5 (avg)   2         10        10         24m
keda-hpa-webserver-scaledobject   Deployment/webserver-deployment   6/5 (avg)   2         10        10         24m
keda-hpa-webserver-scaledobject   Deployment/webserver-deployment   6/5 (avg)   2         10        10         24m
keda-hpa-webserver-scaledobject   Deployment/webserver-deployment   6/5 (avg)   2         10        10         24m
keda-hpa-webserver-scaledobject   Deployment/webserver-deployment   6/5 (avg)   2         10        10         24m
keda-hpa-webserver-scaledobject   Deployment/webserver-deployment   6/5 (avg)   2         10        10         24m
keda-hpa-webserver-scaledobject   Deployment/webserver-deployment   6/5 (avg)   2         10        10         25m
keda-hpa-webserver-scaledobject   Deployment/webserver-deployment   6/5 (avg)   2         10        10         25m
keda-hpa-webserver-scaledobject   Deployment/webserver-deployment   6/5 (avg)   2         10        10         25m
keda-hpa-webserver-scaledobject   Deployment/webserver-deployment   6/5 (avg)   2         10        10         25m
keda-hpa-webserver-scaledobject   Deployment/webserver-deployment   5924m/5 (avg)   2         10        10         25m
keda-hpa-webserver-scaledobject   Deployment/webserver-deployment   5924m/5 (avg)   2         10        10         25m
keda-hpa-webserver-scaledobject   Deployment/webserver-deployment   5924m/5 (avg)   2         10        10         25m
keda-hpa-webserver-scaledobject   Deployment/webserver-deployment   5924m/5 (avg)   2         10        10         25m
keda-hpa-webserver-scaledobject   Deployment/webserver-deployment   5924m/5 (avg)   2         10        10         25m
keda-hpa-webserver-scaledobject   Deployment/webserver-deployment   5924m/5 (avg)   2         10        10         25m
keda-hpa-webserver-scaledobject   Deployment/webserver-deployment   5924m/5 (avg)   2         10        10         25m
keda-hpa-webserver-scaledobject   Deployment/webserver-deployment   5924m/5 (avg)   2         10        10         25m
keda-hpa-webserver-scaledobject   Deployment/webserver-deployment   5924m/5 (avg)   2         10        10         25m
keda-hpa-webserver-scaledobject   Deployment/webserver-deployment   5924m/5 (avg)   2         10        10         25m
keda-hpa-webserver-scaledobject   Deployment/webserver-deployment   5924m/5 (avg)   2         10        10         25m
keda-hpa-webserver-scaledobject   Deployment/webserver-deployment   5924m/5 (avg)   2         10        10         25m
keda-hpa-webserver-scaledobject   Deployment/webserver-deployment   5924m/5 (avg)   2         10        10         25m
keda-hpa-webserver-scaledobject   Deployment/webserver-deployment   5924m/5 (avg)   2         10        10         25m
keda-hpa-webserver-scaledobject   Deployment/webserver-deployment   4620m/5 (avg)   2         10        10         25m
keda-hpa-webserver-scaledobject   Deployment/webserver-deployment   4620m/5 (avg)   2         10        10         25m
keda-hpa-webserver-scaledobject   Deployment/webserver-deployment   4620m/5 (avg)   2         10        10         25m
keda-hpa-webserver-scaledobject   Deployment/webserver-deployment   4620m/5 (avg)   2         10        10         25m
keda-hpa-webserver-scaledobject   Deployment/webserver-deployment   4620m/5 (avg)   2         10        10         25m
keda-hpa-webserver-scaledobject   Deployment/webserver-deployment   4620m/5 (avg)   2         10        10         25m
keda-hpa-webserver-scaledobject   Deployment/webserver-deployment   4620m/5 (avg)   2         10        10         25m
keda-hpa-webserver-scaledobject   Deployment/webserver-deployment   4620m/5 (avg)   2         10        10         25m
keda-hpa-webserver-scaledobject   Deployment/webserver-deployment   4620m/5 (avg)   2         10        10         25m
keda-hpa-webserver-scaledobject   Deployment/webserver-deployment   4620m/5 (avg)   2         10        10         25m
keda-hpa-webserver-scaledobject   Deployment/webserver-deployment   4620m/5 (avg)   2         10        10         25m
keda-hpa-webserver-scaledobject   Deployment/webserver-deployment   4620m/5 (avg)   2         10        10         25m
keda-hpa-webserver-scaledobject   Deployment/webserver-deployment   4620m/5 (avg)   2         10        10         25m
keda-hpa-webserver-scaledobject   Deployment/webserver-deployment   3257m/5 (avg)   2         10        10         25m
keda-hpa-webserver-scaledobject   Deployment/webserver-deployment   3257m/5 (avg)   2         10        10         25m
keda-hpa-webserver-scaledobject   Deployment/webserver-deployment   3257m/5 (avg)   2         10        10         25m
keda-hpa-webserver-scaledobject   Deployment/webserver-deployment   3257m/5 (avg)   2         10        10         25m
keda-hpa-webserver-scaledobject   Deployment/webserver-deployment   3257m/5 (avg)   2         10        10         25m
keda-hpa-webserver-scaledobject   Deployment/webserver-deployment   3257m/5 (avg)   2         10        10         25m
keda-hpa-webserver-scaledobject   Deployment/webserver-deployment   3257m/5 (avg)   2         10        10         25m
keda-hpa-webserver-scaledobject   Deployment/webserver-deployment   3257m/5 (avg)   2         10        10         25m
keda-hpa-webserver-scaledobject   Deployment/webserver-deployment   3257m/5 (avg)   2         10        10         25m
keda-hpa-webserver-scaledobject   Deployment/webserver-deployment   3257m/5 (avg)   2         10        10         25m
keda-hpa-webserver-scaledobject   Deployment/webserver-deployment   3257m/5 (avg)   2         10        10         25m
keda-hpa-webserver-scaledobject   Deployment/webserver-deployment   3257m/5 (avg)   2         10        10         25m
keda-hpa-webserver-scaledobject   Deployment/webserver-deployment   3257m/5 (avg)   2         10        10         25m
keda-hpa-webserver-scaledobject   Deployment/webserver-deployment   3257m/5 (avg)   2         10        10         25m
keda-hpa-webserver-scaledobject   Deployment/webserver-deployment   1893m/5 (avg)   2         10        10         25m
keda-hpa-webserver-scaledobject   Deployment/webserver-deployment   1893m/5 (avg)   2         10        10         25m
keda-hpa-webserver-scaledobject   Deployment/webserver-deployment   1893m/5 (avg)   2         10        10         25m
keda-hpa-webserver-scaledobject   Deployment/webserver-deployment   1893m/5 (avg)   2         10        10         25m
keda-hpa-webserver-scaledobject   Deployment/webserver-deployment   1893m/5 (avg)   2         10        10         25m
keda-hpa-webserver-scaledobject   Deployment/webserver-deployment   1893m/5 (avg)   2         10        10         25m
keda-hpa-webserver-scaledobject   Deployment/webserver-deployment   1893m/5 (avg)   2         10        10         25m
keda-hpa-webserver-scaledobject   Deployment/webserver-deployment   1893m/5 (avg)   2         10        10         25m
keda-hpa-webserver-scaledobject   Deployment/webserver-deployment   1893m/5 (avg)   2         10        10         25m
keda-hpa-webserver-scaledobject   Deployment/webserver-deployment   1893m/5 (avg)   2         10        10         25m
keda-hpa-webserver-scaledobject   Deployment/webserver-deployment   1893m/5 (avg)   2         10        10         26m
keda-hpa-webserver-scaledobject   Deployment/webserver-deployment   1893m/5 (avg)   2         10        10         26m
keda-hpa-webserver-scaledobject   Deployment/webserver-deployment   1893m/5 (avg)   2         10        10         26m
keda-hpa-webserver-scaledobject   Deployment/webserver-deployment   1893m/5 (avg)   2         10        10         26m
keda-hpa-webserver-scaledobject   Deployment/webserver-deployment   1/5 (avg)   2         10        10         26m
keda-hpa-webserver-scaledobject   Deployment/webserver-deployment   1/5 (avg)   2         10        10         26m
keda-hpa-webserver-scaledobject   Deployment/webserver-deployment   1/5 (avg)   2         10        10         26m
keda-hpa-webserver-scaledobject   Deployment/webserver-deployment   1/5 (avg)   2         10        10         26m
keda-hpa-webserver-scaledobject   Deployment/webserver-deployment   1/5 (avg)   2         10        10         26m
keda-hpa-webserver-scaledobject   Deployment/webserver-deployment   1/5 (avg)   2         10        10         26m
keda-hpa-webserver-scaledobject   Deployment/webserver-deployment   1/5 (avg)   2         10        10         26m
keda-hpa-webserver-scaledobject   Deployment/webserver-deployment   1/5 (avg)   2         10        10         26m
keda-hpa-webserver-scaledobject   Deployment/webserver-deployment   1/5 (avg)   2         10        10         26m
keda-hpa-webserver-scaledobject   Deployment/webserver-deployment   1/5 (avg)   2         10        10         26m
keda-hpa-webserver-scaledobject   Deployment/webserver-deployment   1/5 (avg)   2         10        10         26m
keda-hpa-webserver-scaledobject   Deployment/webserver-deployment   1/5 (avg)   2         10        10         26m
keda-hpa-webserver-scaledobject   Deployment/webserver-deployment   1/5 (avg)   2         10        10         26m
keda-hpa-webserver-scaledobject   Deployment/webserver-deployment   1/5 (avg)   2         10        10         26m
keda-hpa-webserver-scaledobject   Deployment/webserver-deployment   760m/5 (avg)   2         10        10         26m
keda-hpa-webserver-scaledobject   Deployment/webserver-deployment   760m/5 (avg)   2         10        10         26m
keda-hpa-webserver-scaledobject   Deployment/webserver-deployment   760m/5 (avg)   2         10        10         26m
keda-hpa-webserver-scaledobject   Deployment/webserver-deployment   760m/5 (avg)   2         10        10         26m
keda-hpa-webserver-scaledobject   Deployment/webserver-deployment   760m/5 (avg)   2         10        10         26m
keda-hpa-webserver-scaledobject   Deployment/webserver-deployment   760m/5 (avg)   2         10        10         26m
keda-hpa-webserver-scaledobject   Deployment/webserver-deployment   760m/5 (avg)   2         10        10         26m
keda-hpa-webserver-scaledobject   Deployment/webserver-deployment   760m/5 (avg)   2         10        10         26m
keda-hpa-webserver-scaledobject   Deployment/webserver-deployment   760m/5 (avg)   2         10        10         26m
keda-hpa-webserver-scaledobject   Deployment/webserver-deployment   760m/5 (avg)   2         10        10         26m
keda-hpa-webserver-scaledobject   Deployment/webserver-deployment   760m/5 (avg)   2         10        10         26m
keda-hpa-webserver-scaledobject   Deployment/webserver-deployment   760m/5 (avg)   2         10        10         26m
keda-hpa-webserver-scaledobject   Deployment/webserver-deployment   760m/5 (avg)   2         10        10         26m
keda-hpa-webserver-scaledobject   Deployment/webserver-deployment   760m/5 (avg)   2         10        10         26m
keda-hpa-webserver-scaledobject   Deployment/webserver-deployment   488m/5 (avg)   2         10        10         26m
keda-hpa-webserver-scaledobject   Deployment/webserver-deployment   488m/5 (avg)   2         10        10         26m
keda-hpa-webserver-scaledobject   Deployment/webserver-deployment   488m/5 (avg)   2         10        10         26m
keda-hpa-webserver-scaledobject   Deployment/webserver-deployment   488m/5 (avg)   2         10        10         26m
keda-hpa-webserver-scaledobject   Deployment/webserver-deployment   488m/5 (avg)   2         10        10         26m
keda-hpa-webserver-scaledobject   Deployment/webserver-deployment   488m/5 (avg)   2         10        10         26m
keda-hpa-webserver-scaledobject   Deployment/webserver-deployment   488m/5 (avg)   2         10        10         26m
keda-hpa-webserver-scaledobject   Deployment/webserver-deployment   488m/5 (avg)   2         10        10         26m
keda-hpa-webserver-scaledobject   Deployment/webserver-deployment   488m/5 (avg)   2         10        10         26m
keda-hpa-webserver-scaledobject   Deployment/webserver-deployment   488m/5 (avg)   2         10        10         26m
keda-hpa-webserver-scaledobject   Deployment/webserver-deployment   488m/5 (avg)   2         10        10         26m
keda-hpa-webserver-scaledobject   Deployment/webserver-deployment   488m/5 (avg)   2         10        10         26m
keda-hpa-webserver-scaledobject   Deployment/webserver-deployment   488m/5 (avg)   2         10        10         26m
keda-hpa-webserver-scaledobject   Deployment/webserver-deployment   488m/5 (avg)   2         10        10         26m
keda-hpa-webserver-scaledobject   Deployment/webserver-deployment   215m/5 (avg)   2         10        10         26m
keda-hpa-webserver-scaledobject   Deployment/webserver-deployment   215m/5 (avg)   2         10        10         26m
keda-hpa-webserver-scaledobject   Deployment/webserver-deployment   215m/5 (avg)   2         10        10         26m
keda-hpa-webserver-scaledobject   Deployment/webserver-deployment   215m/5 (avg)   2         10        10         26m
keda-hpa-webserver-scaledobject   Deployment/webserver-deployment   215m/5 (avg)   2         10        10         26m
keda-hpa-webserver-scaledobject   Deployment/webserver-deployment   215m/5 (avg)   2         10        10         26m
keda-hpa-webserver-scaledobject   Deployment/webserver-deployment   215m/5 (avg)   2         10        10         26m
keda-hpa-webserver-scaledobject   Deployment/webserver-deployment   215m/5 (avg)   2         10        10         26m
keda-hpa-webserver-scaledobject   Deployment/webserver-deployment   215m/5 (avg)   2         10        10         26m
keda-hpa-webserver-scaledobject   Deployment/webserver-deployment   215m/5 (avg)   2         10        10         27m
keda-hpa-webserver-scaledobject   Deployment/webserver-deployment   215m/5 (avg)   2         10        10         27m
keda-hpa-webserver-scaledobject   Deployment/webserver-deployment   215m/5 (avg)   2         10        10         27m
keda-hpa-webserver-scaledobject   Deployment/webserver-deployment   215m/5 (avg)   2         10        10         27m
keda-hpa-webserver-scaledobject   Deployment/webserver-deployment   0/5 (avg)   2         10        10         27m
keda-hpa-webserver-scaledobject   Deployment/webserver-deployment   0/5 (avg)   2         10        10         27m
keda-hpa-webserver-scaledobject   Deployment/webserver-deployment   0/5 (avg)   2         10        10         27m
keda-hpa-webserver-scaledobject   Deployment/webserver-deployment   0/5 (avg)   2         10        10         27m
keda-hpa-webserver-scaledobject   Deployment/webserver-deployment   0/5 (avg)   2         10        10         27m
keda-hpa-webserver-scaledobject   Deployment/webserver-deployment   0/5 (avg)   2         10        10         27m
keda-hpa-webserver-scaledobject   Deployment/webserver-deployment   0/5 (avg)   2         10        10         27m
keda-hpa-webserver-scaledobject   Deployment/webserver-deployment   0/5 (avg)   2         10        10         27m
keda-hpa-webserver-scaledobject   Deployment/webserver-deployment   0/5 (avg)   2         10        10         27m
keda-hpa-webserver-scaledobject   Deployment/webserver-deployment   0/5 (avg)   2         10        10         27m
keda-hpa-webserver-scaledobject   Deployment/webserver-deployment   0/5 (avg)   2         10        10         27m
keda-hpa-webserver-scaledobject   Deployment/webserver-deployment   0/5 (avg)   2         10        10         27m
keda-hpa-webserver-scaledobject   Deployment/webserver-deployment   0/5 (avg)   2         10        10         27m
keda-hpa-webserver-scaledobject   Deployment/webserver-deployment   0/5 (avg)   2         10        10         27m
keda-hpa-webserver-scaledobject   Deployment/webserver-deployment   0/5 (avg)   2         10        10         27m
keda-hpa-webserver-scaledobject   Deployment/webserver-deployment   0/5 (avg)   2         10        10         27m
keda-hpa-webserver-scaledobject   Deployment/webserver-deployment   0/5 (avg)   2         10        10         27m
keda-hpa-webserver-scaledobject   Deployment/webserver-deployment   0/5 (avg)   2         10        10         27m
keda-hpa-webserver-scaledobject   Deployment/webserver-deployment   0/5 (avg)   2         10        10         27m
keda-hpa-webserver-scaledobject   Deployment/webserver-deployment   0/5 (avg)   2         10        10         27m
keda-hpa-webserver-scaledobject   Deployment/webserver-deployment   0/5 (avg)   2         10        10         27m
keda-hpa-webserver-scaledobject   Deployment/webserver-deployment   0/5 (avg)   2         10        10         27m
keda-hpa-webserver-scaledobject   Deployment/webserver-deployment   0/5 (avg)   2         10        10         27m
keda-hpa-webserver-scaledobject   Deployment/webserver-deployment   0/5 (avg)   2         10        10         27m
keda-hpa-webserver-scaledobject   Deployment/webserver-deployment   0/5 (avg)   2         10        10         27m
keda-hpa-webserver-scaledobject   Deployment/webserver-deployment   0/5 (avg)   2         10        10         27m
keda-hpa-webserver-scaledobject   Deployment/webserver-deployment   0/5 (avg)   2         10        10         27m
keda-hpa-webserver-scaledobject   Deployment/webserver-deployment   0/5 (avg)   2         10        10         27m
keda-hpa-webserver-scaledobject   Deployment/webserver-deployment   0/5 (avg)   2         10        10         27m
keda-hpa-webserver-scaledobject   Deployment/webserver-deployment   0/5 (avg)   2         10        10         27m
keda-hpa-webserver-scaledobject   Deployment/webserver-deployment   0/5 (avg)   2         10        10         27m
keda-hpa-webserver-scaledobject   Deployment/webserver-deployment   0/5 (avg)   2         10        10         27m
keda-hpa-webserver-scaledobject   Deployment/webserver-deployment   0/5 (avg)   2         10        10         27m
keda-hpa-webserver-scaledobject   Deployment/webserver-deployment   0/5 (avg)   2         10        10         27m
keda-hpa-webserver-scaledobject   Deployment/webserver-deployment   0/5 (avg)   2         10        10         27m
keda-hpa-webserver-scaledobject   Deployment/webserver-deployment   0/5 (avg)   2         10        10         27m
keda-hpa-webserver-scaledobject   Deployment/webserver-deployment   0/5 (avg)   2         10        10         27m
keda-hpa-webserver-scaledobject   Deployment/webserver-deployment   0/5 (avg)   2         10        10         27m
keda-hpa-webserver-scaledobject   Deployment/webserver-deployment   0/5 (avg)   2         10        10         27m
keda-hpa-webserver-scaledobject   Deployment/webserver-deployment   0/5 (avg)   2         10        10         27m
keda-hpa-webserver-scaledobject   Deployment/webserver-deployment   0/5 (avg)   2         10        10         27m
keda-hpa-webserver-scaledobject   Deployment/webserver-deployment   0/5 (avg)   2         10        10         27m
keda-hpa-webserver-scaledobject   Deployment/webserver-deployment   0/5 (avg)   2         10        10         27m
keda-hpa-webserver-scaledobject   Deployment/webserver-deployment   0/5 (avg)   2         10        10         27m
keda-hpa-webserver-scaledobject   Deployment/webserver-deployment   0/5 (avg)   2         10        10         27m
keda-hpa-webserver-scaledobject   Deployment/webserver-deployment   0/5 (avg)   2         10        10         27m
keda-hpa-webserver-scaledobject   Deployment/webserver-deployment   0/5 (avg)   2         10        10         27m
keda-hpa-webserver-scaledobject   Deployment/webserver-deployment   0/5 (avg)   2         10        10         27m
keda-hpa-webserver-scaledobject   Deployment/webserver-deployment   0/5 (avg)   2         10        10         27m
keda-hpa-webserver-scaledobject   Deployment/webserver-deployment   0/5 (avg)   2         10        10         27m
keda-hpa-webserver-scaledobject   Deployment/webserver-deployment   0/5 (avg)   2         10        10         27m
keda-hpa-webserver-scaledobject   Deployment/webserver-deployment   0/5 (avg)   2         10        10         27m
keda-hpa-webserver-scaledobject   Deployment/webserver-deployment   0/5 (avg)   2         10        10         28m
keda-hpa-webserver-scaledobject   Deployment/webserver-deployment   0/5 (avg)   2         10        10         28m
keda-hpa-webserver-scaledobject   Deployment/webserver-deployment   0/5 (avg)   2         10        10         28m
keda-hpa-webserver-scaledobject   Deployment/webserver-deployment   0/5 (avg)   2         10        10         28m
keda-hpa-webserver-scaledobject   Deployment/webserver-deployment   0/5 (avg)   2         10        10         28m
keda-hpa-webserver-scaledobject   Deployment/webserver-deployment   0/5 (avg)   2         10        10         28m
keda-hpa-webserver-scaledobject   Deployment/webserver-deployment   0/5 (avg)   2         10        10         28m
keda-hpa-webserver-scaledobject   Deployment/webserver-deployment   0/5 (avg)   2         10        10         28m
keda-hpa-webserver-scaledobject   Deployment/webserver-deployment   0/5 (avg)   2         10        10         28m
keda-hpa-webserver-scaledobject   Deployment/webserver-deployment   0/5 (avg)   2         10        10         28m
keda-hpa-webserver-scaledobject   Deployment/webserver-deployment   0/5 (avg)   2         10        10         28m
keda-hpa-webserver-scaledobject   Deployment/webserver-deployment   0/5 (avg)   2         10        10         28m
keda-hpa-webserver-scaledobject   Deployment/webserver-deployment   0/5 (avg)   2         10        10         28m
keda-hpa-webserver-scaledobject   Deployment/webserver-deployment   0/5 (avg)   2         10        10         28m
keda-hpa-webserver-scaledobject   Deployment/webserver-deployment   0/5 (avg)   2         10        10         28m
keda-hpa-webserver-scaledobject   Deployment/webserver-deployment   0/5 (avg)   2         10        10         28m
keda-hpa-webserver-scaledobject   Deployment/webserver-deployment   0/5 (avg)   2         10        10         28m
keda-hpa-webserver-scaledobject   Deployment/webserver-deployment   0/5 (avg)   2         10        10         28m
keda-hpa-webserver-scaledobject   Deployment/webserver-deployment   0/5 (avg)   2         10        10         28m
keda-hpa-webserver-scaledobject   Deployment/webserver-deployment   0/5 (avg)   2         10        10         28m
keda-hpa-webserver-scaledobject   Deployment/webserver-deployment   0/5 (avg)   2         10        10         28m
keda-hpa-webserver-scaledobject   Deployment/webserver-deployment   0/5 (avg)   2         10        10         28m
keda-hpa-webserver-scaledobject   Deployment/webserver-deployment   0/5 (avg)   2         10        10         28m
keda-hpa-webserver-scaledobject   Deployment/webserver-deployment   0/5 (avg)   2         10        10         28m
keda-hpa-webserver-scaledobject   Deployment/webserver-deployment   0/5 (avg)   2         10        10         28m
keda-hpa-webserver-scaledobject   Deployment/webserver-deployment   0/5 (avg)   2         10        10         28m
keda-hpa-webserver-scaledobject   Deployment/webserver-deployment   0/5 (avg)   2         10        10         28m
keda-hpa-webserver-scaledobject   Deployment/webserver-deployment   0/5 (avg)   2         10        10         28m
keda-hpa-webserver-scaledobject   Deployment/webserver-deployment   0/5 (avg)   2         10        10         28m
keda-hpa-webserver-scaledobject   Deployment/webserver-deployment   0/5 (avg)   2         10        10         28m
keda-hpa-webserver-scaledobject   Deployment/webserver-deployment   0/5 (avg)   2         10        10         28m
keda-hpa-webserver-scaledobject   Deployment/webserver-deployment   0/5 (avg)   2         10        10         28m
keda-hpa-webserver-scaledobject   Deployment/webserver-deployment   0/5 (avg)   2         10        10         28m
keda-hpa-webserver-scaledobject   Deployment/webserver-deployment   0/5 (avg)   2         10        10         28m
keda-hpa-webserver-scaledobject   Deployment/webserver-deployment   0/5 (avg)   2         10        10         28m
keda-hpa-webserver-scaledobject   Deployment/webserver-deployment   0/5 (avg)   2         10        10         28m
keda-hpa-webserver-scaledobject   Deployment/webserver-deployment   0/5 (avg)   2         10        10         28m
keda-hpa-webserver-scaledobject   Deployment/webserver-deployment   0/5 (avg)   2         10        10         28m
keda-hpa-webserver-scaledobject   Deployment/webserver-deployment   0/5 (avg)   2         10        10         28m
keda-hpa-webserver-scaledobject   Deployment/webserver-deployment   0/5 (avg)   2         10        10         28m
keda-hpa-webserver-scaledobject   Deployment/webserver-deployment   0/5 (avg)   2         10        10         28m
keda-hpa-webserver-scaledobject   Deployment/webserver-deployment   0/5 (avg)   2         10        10         28m
keda-hpa-webserver-scaledobject   Deployment/webserver-deployment   0/5 (avg)   2         10        10         28m
keda-hpa-webserver-scaledobject   Deployment/webserver-deployment   0/5 (avg)   2         10        10         28m
keda-hpa-webserver-scaledobject   Deployment/webserver-deployment   0/5 (avg)   2         10        10         28m
keda-hpa-webserver-scaledobject   Deployment/webserver-deployment   0/5 (avg)   2         10        10         28m
keda-hpa-webserver-scaledobject   Deployment/webserver-deployment   0/5 (avg)   2         10        10         28m
keda-hpa-webserver-scaledobject   Deployment/webserver-deployment   0/5 (avg)   2         10        10         28m
keda-hpa-webserver-scaledobject   Deployment/webserver-deployment   0/5 (avg)   2         10        10         28m
keda-hpa-webserver-scaledobject   Deployment/webserver-deployment   0/5 (avg)   2         10        10         28m
keda-hpa-webserver-scaledobject   Deployment/webserver-deployment   0/5 (avg)   2         10        10         28m
keda-hpa-webserver-scaledobject   Deployment/webserver-deployment   0/5 (avg)   2         10        10         28m
keda-hpa-webserver-scaledobject   Deployment/webserver-deployment   0/5 (avg)   2         10        10         28m
keda-hpa-webserver-scaledobject   Deployment/webserver-deployment   0/5 (avg)   2         10        10         28m
keda-hpa-webserver-scaledobject   Deployment/webserver-deployment   0/5 (avg)   2         10        10         28m
keda-hpa-webserver-scaledobject   Deployment/webserver-deployment   0/5 (avg)   2         10        10         29m
keda-hpa-webserver-scaledobject   Deployment/webserver-deployment   0/5 (avg)   2         10        10         29m
keda-hpa-webserver-scaledobject   Deployment/webserver-deployment   0/5 (avg)   2         10        10         29m
keda-hpa-webserver-scaledobject   Deployment/webserver-deployment   0/5 (avg)   2         10        10         29m
keda-hpa-webserver-scaledobject   Deployment/webserver-deployment   0/5 (avg)   2         10        10         29m
keda-hpa-webserver-scaledobject   Deployment/webserver-deployment   0/5 (avg)   2         10        10         29m
keda-hpa-webserver-scaledobject   Deployment/webserver-deployment   0/5 (avg)   2         10        10         29m
keda-hpa-webserver-scaledobject   Deployment/webserver-deployment   0/5 (avg)   2         10        10         29m
keda-hpa-webserver-scaledobject   Deployment/webserver-deployment   0/5 (avg)   2         10        10         29m
keda-hpa-webserver-scaledobject   Deployment/webserver-deployment   0/5 (avg)   2         10        10         29m
keda-hpa-webserver-scaledobject   Deployment/webserver-deployment   0/5 (avg)   2         10        10         29m
keda-hpa-webserver-scaledobject   Deployment/webserver-deployment   0/5 (avg)   2         10        10         29m
keda-hpa-webserver-scaledobject   Deployment/webserver-deployment   0/5 (avg)   2         10        10         29m
keda-hpa-webserver-scaledobject   Deployment/webserver-deployment   0/5 (avg)   2         10        10         29m
keda-hpa-webserver-scaledobject   Deployment/webserver-deployment   0/5 (avg)   2         10        10         29m
keda-hpa-webserver-scaledobject   Deployment/webserver-deployment   0/5 (avg)   2         10        10         29m
keda-hpa-webserver-scaledobject   Deployment/webserver-deployment   0/5 (avg)   2         10        10         29m
keda-hpa-webserver-scaledobject   Deployment/webserver-deployment   0/5 (avg)   2         10        10         29m
keda-hpa-webserver-scaledobject   Deployment/webserver-deployment   0/5 (avg)   2         10        10         29m
keda-hpa-webserver-scaledobject   Deployment/webserver-deployment   0/5 (avg)   2         10        10         29m
keda-hpa-webserver-scaledobject   Deployment/webserver-deployment   0/5 (avg)   2         10        10         29m
keda-hpa-webserver-scaledobject   Deployment/webserver-deployment   0/5 (avg)   2         10        10         29m
keda-hpa-webserver-scaledobject   Deployment/webserver-deployment   0/5 (avg)   2         10        10         29m
keda-hpa-webserver-scaledobject   Deployment/webserver-deployment   0/5 (avg)   2         10        10         29m
keda-hpa-webserver-scaledobject   Deployment/webserver-deployment   0/5 (avg)   2         10        10         29m
keda-hpa-webserver-scaledobject   Deployment/webserver-deployment   0/5 (avg)   2         10        10         29m
keda-hpa-webserver-scaledobject   Deployment/webserver-deployment   0/5 (avg)   2         10        10         29m
keda-hpa-webserver-scaledobject   Deployment/webserver-deployment   0/5 (avg)   2         10        10         29m
keda-hpa-webserver-scaledobject   Deployment/webserver-deployment   0/5 (avg)   2         10        10         29m
keda-hpa-webserver-scaledobject   Deployment/webserver-deployment   0/5 (avg)   2         10        10         29m
keda-hpa-webserver-scaledobject   Deployment/webserver-deployment   0/5 (avg)   2         10        10         29m
keda-hpa-webserver-scaledobject   Deployment/webserver-deployment   0/5 (avg)   2         10        10         29m
keda-hpa-webserver-scaledobject   Deployment/webserver-deployment   0/5 (avg)   2         10        10         29m
keda-hpa-webserver-scaledobject   Deployment/webserver-deployment   0/5 (avg)   2         10        10         29m
keda-hpa-webserver-scaledobject   Deployment/webserver-deployment   0/5 (avg)   2         10        10         29m
keda-hpa-webserver-scaledobject   Deployment/webserver-deployment   0/5 (avg)   2         10        10         29m
keda-hpa-webserver-scaledobject   Deployment/webserver-deployment   0/5 (avg)   2         10        10         29m
keda-hpa-webserver-scaledobject   Deployment/webserver-deployment   0/5 (avg)   2         10        10         29m
keda-hpa-webserver-scaledobject   Deployment/webserver-deployment   0/5 (avg)   2         10        10         29m
keda-hpa-webserver-scaledobject   Deployment/webserver-deployment   0/5 (avg)   2         10        10         29m
keda-hpa-webserver-scaledobject   Deployment/webserver-deployment   0/5 (avg)   2         10        10         29m
keda-hpa-webserver-scaledobject   Deployment/webserver-deployment   0/5 (avg)   2         10        10         29m
keda-hpa-webserver-scaledobject   Deployment/webserver-deployment   0/5 (avg)   2         10        10         29m
keda-hpa-webserver-scaledobject   Deployment/webserver-deployment   0/5 (avg)   2         10        10         29m
keda-hpa-webserver-scaledobject   Deployment/webserver-deployment   0/5 (avg)   2         10        10         29m
keda-hpa-webserver-scaledobject   Deployment/webserver-deployment   0/5 (avg)   2         10        10         29m
keda-hpa-webserver-scaledobject   Deployment/webserver-deployment   0/5 (avg)   2         10        10         29m
keda-hpa-webserver-scaledobject   Deployment/webserver-deployment   0/5 (avg)   2         10        10         29m
keda-hpa-webserver-scaledobject   Deployment/webserver-deployment   0/5 (avg)   2         10        10         29m
keda-hpa-webserver-scaledobject   Deployment/webserver-deployment   0/5 (avg)   2         10        10         29m
keda-hpa-webserver-scaledobject   Deployment/webserver-deployment   0/5 (avg)   2         10        10         29m
keda-hpa-webserver-scaledobject   Deployment/webserver-deployment   0/5 (avg)   2         10        10         29m
keda-hpa-webserver-scaledobject   Deployment/webserver-deployment   0/5 (avg)   2         10        10         29m
keda-hpa-webserver-scaledobject   Deployment/webserver-deployment   0/5 (avg)   2         10        10         29m
keda-hpa-webserver-scaledobject   Deployment/webserver-deployment   0/5 (avg)   2         10        10         29m
keda-hpa-webserver-scaledobject   Deployment/webserver-deployment   0/5 (avg)   2         10        10         30m
keda-hpa-webserver-scaledobject   Deployment/webserver-deployment   0/5 (avg)   2         10        10         30m
keda-hpa-webserver-scaledobject   Deployment/webserver-deployment   0/5 (avg)   2         10        10         30m
keda-hpa-webserver-scaledobject   Deployment/webserver-deployment   0/5 (avg)   2         10        10         30m
keda-hpa-webserver-scaledobject   Deployment/webserver-deployment   0/5 (avg)   2         10        10         30m
keda-hpa-webserver-scaledobject   Deployment/webserver-deployment   0/5 (avg)   2         10        10         30m
keda-hpa-webserver-scaledobject   Deployment/webserver-deployment   0/5 (avg)   2         10        10         30m
keda-hpa-webserver-scaledobject   Deployment/webserver-deployment   0/5 (avg)   2         10        10         30m
keda-hpa-webserver-scaledobject   Deployment/webserver-deployment   0/5 (avg)   2         10        10         30m
keda-hpa-webserver-scaledobject   Deployment/webserver-deployment   0/5 (avg)   2         10        10         30m
keda-hpa-webserver-scaledobject   Deployment/webserver-deployment   0/5 (avg)   2         10        10         30m
keda-hpa-webserver-scaledobject   Deployment/webserver-deployment   0/5 (avg)   2         10        10         30m
keda-hpa-webserver-scaledobject   Deployment/webserver-deployment   0/5 (avg)   2         10        10         30m
keda-hpa-webserver-scaledobject   Deployment/webserver-deployment   0/5 (avg)   2         10        10         30m
keda-hpa-webserver-scaledobject   Deployment/webserver-deployment   0/5 (avg)   2         10        10         30m
keda-hpa-webserver-scaledobject   Deployment/webserver-deployment   0/5 (avg)   2         10        10         30m
keda-hpa-webserver-scaledobject   Deployment/webserver-deployment   0/5 (avg)   2         10        10         30m
keda-hpa-webserver-scaledobject   Deployment/webserver-deployment   0/5 (avg)   2         10        10         30m
keda-hpa-webserver-scaledobject   Deployment/webserver-deployment   0/5 (avg)   2         10        10         30m
keda-hpa-webserver-scaledobject   Deployment/webserver-deployment   0/5 (avg)   2         10        10         30m
keda-hpa-webserver-scaledobject   Deployment/webserver-deployment   0/5 (avg)   2         10        10         30m
keda-hpa-webserver-scaledobject   Deployment/webserver-deployment   0/5 (avg)   2         10        10         30m
keda-hpa-webserver-scaledobject   Deployment/webserver-deployment   0/5 (avg)   2         10        10         30m
keda-hpa-webserver-scaledobject   Deployment/webserver-deployment   0/5 (avg)   2         10        10         30m
keda-hpa-webserver-scaledobject   Deployment/webserver-deployment   0/5 (avg)   2         10        10         30m
keda-hpa-webserver-scaledobject   Deployment/webserver-deployment   0/5 (avg)   2         10        10         30m
keda-hpa-webserver-scaledobject   Deployment/webserver-deployment   0/5 (avg)   2         10        10         30m
keda-hpa-webserver-scaledobject   Deployment/webserver-deployment   0/5 (avg)   2         10        10         30m
keda-hpa-webserver-scaledobject   Deployment/webserver-deployment   0/5 (avg)   2         10        10         30m
keda-hpa-webserver-scaledobject   Deployment/webserver-deployment   0/5 (avg)   2         10        10         30m
keda-hpa-webserver-scaledobject   Deployment/webserver-deployment   0/5 (avg)   2         10        10         30m
keda-hpa-webserver-scaledobject   Deployment/webserver-deployment   0/5 (avg)   2         10        10         30m
keda-hpa-webserver-scaledobject   Deployment/webserver-deployment   0/5 (avg)   2         10        7          30m
keda-hpa-webserver-scaledobject   Deployment/webserver-deployment   0/5 (avg)   2         10        7          30m
keda-hpa-webserver-scaledobject   Deployment/webserver-deployment   0/5 (avg)   2         10        7          30m
keda-hpa-webserver-scaledobject   Deployment/webserver-deployment   0/5 (avg)   2         10        7          30m
keda-hpa-webserver-scaledobject   Deployment/webserver-deployment   0/5 (avg)   2         10        7          30m
keda-hpa-webserver-scaledobject   Deployment/webserver-deployment   0/5 (avg)   2         10        7          30m
keda-hpa-webserver-scaledobject   Deployment/webserver-deployment   0/5 (avg)   2         10        7          30m
keda-hpa-webserver-scaledobject   Deployment/webserver-deployment   0/5 (avg)   2         10        7          30m
keda-hpa-webserver-scaledobject   Deployment/webserver-deployment   0/5 (avg)   2         10        7          30m
keda-hpa-webserver-scaledobject   Deployment/webserver-deployment   0/5 (avg)   2         10        7          30m
keda-hpa-webserver-scaledobject   Deployment/webserver-deployment   0/5 (avg)   2         10        7          30m
keda-hpa-webserver-scaledobject   Deployment/webserver-deployment   0/5 (avg)   2         10        7          30m
keda-hpa-webserver-scaledobject   Deployment/webserver-deployment   0/5 (avg)   2         10        7          30m
keda-hpa-webserver-scaledobject   Deployment/webserver-deployment   0/5 (avg)   2         10        7          30m
keda-hpa-webserver-scaledobject   Deployment/webserver-deployment   0/5 (avg)   2         10        4          30m
keda-hpa-webserver-scaledobject   Deployment/webserver-deployment   0/5 (avg)   2         10        4          30m
keda-hpa-webserver-scaledobject   Deployment/webserver-deployment   0/5 (avg)   2         10        4          30m
keda-hpa-webserver-scaledobject   Deployment/webserver-deployment   0/5 (avg)   2         10        4          30m
keda-hpa-webserver-scaledobject   Deployment/webserver-deployment   0/5 (avg)   2         10        4          30m
keda-hpa-webserver-scaledobject   Deployment/webserver-deployment   0/5 (avg)   2         10        4          30m
keda-hpa-webserver-scaledobject   Deployment/webserver-deployment   0/5 (avg)   2         10        4          30m
keda-hpa-webserver-scaledobject   Deployment/webserver-deployment   0/5 (avg)   2         10        4          30m
keda-hpa-webserver-scaledobject   Deployment/webserver-deployment   0/5 (avg)   2         10        4          30m
keda-hpa-webserver-scaledobject   Deployment/webserver-deployment   0/5 (avg)   2         10        4          31m
