3.050824 248.091914
3.024553 226.577929
3.019067 272.397830
3.026190 248.892580
3.047601 1985.086026
3.050739 294.516786
3.049827 293.963183
3.003994 296.177595
3.140496 5684.934195
3.038850 10954.085541
3.022506 274.285113
3.005635 292.302374
3.004456 267.490895
3.000892 387.949191
3.019304 291.195168
3.004704 266.735982
3.250135 264.974518
3.027967 291.748771
3.235497 248.053787
3.040345 322.750538
3.000926 249.395855
3.135626 264.722880
3.030089 245.918680
3.091807 248.053787
3.007393 248.206295
3.021222 248.435057
3.008484 250.461231
3.020857 275.333604
3.010022 270.762185
3.052457 249.922007
3.007891 248.663818
6.143734 376.159662
6.049863 10560.649577
6.054929 247.108240
6.088697 248.892580
6.232372 245.994933
6.028081 283.998329
6.075748 273.110804
6.118266 282.891123
6.053196 267.868351
6.117934 249.197595
6.134569 253.902458
6.209815 283.444726
6.069690 282.060719
6.050503 1910.598746
6.076921 282.614322
6.262315 245.689918
6.057297 282.614322
6.023542 272.825615
6.027249 256.922111
6.111414 314.529534
6.210679 5445.848177
6.136359 279.846307
6.105587 255.412284
6.177663 265.603612
6.093693 241.114687
6.204090 252.140994
6.009698 249.960134
6.279875 253.650820
6.061033 248.990621
6.125340 248.511311
6.302090 253.399183
9.112233 273.781838
9.276407 251.123005
9.407238 275.501362
9.075113 245.140890
9.089188 272.901106
9.083812 275.694285
9.245475 250.402406
9.046455 270.963495
9.129862 276.424034
9.067255 263.967967
9.103905 271.481150
9.065284 262.583959
9.134075 251.097009
9.128394 275.040026
9.173660 299.914415
9.253703 251.356166
9.153604 276.424034
9.180679 250.069068
9.165793 271.013823
9.125203 251.237386
9.135346 249.064151
9.031821 251.045630
9.110065 250.665482
9.214351 273.278562
9.246654 250.608292
9.543767 250.631168
9.065143 248.503685
9.265728 268.623265
9.298175 246.795599
9.441993 261.199952
9.128965 247.552691
12.179162 250.665482
12.139913 243.356550
12.262241 268.623265
12.263579 294.378385
12.209100 273.656019
12.071343 271.337357
12.668747 274.620630
12.092851 273.429545
12.175819 265.058397
12.112786 283.583127
12.155171 258.809394
12.235924 250.428550
12.221710 271.349340
12.080193 258.180299
12.369150 250.822756
12.120869 249.235722
12.288030 262.206503
12.230353 250.234648
12.191789 261.199952
12.059313 252.895907
12.395059 249.064151
12.154507 270.294858
12.358669 250.036388
12.302151 249.121341
12.096505 247.665586
12.266298 266.547253
12.505627 273.949596
12.344498 246.310842
12.468843 256.167198
12.552170 249.994795
12.149778 246.408883
15.235442 240.931678
15.131357 270.661530
15.286592 254.279915
15.098862 269.755634
15.311948 272.020374
15.114115 276.214336
15.082212 253.021726
15.403014 267.407016
15.188295 250.250852
15.190030 249.167094
15.063003 251.347954
15.179222 260.361160
15.376410 274.788389
15.377909 251.637719
15.425519 247.520011
15.168907 270.070182
15.313296 288.288752
15.202412 251.500462
15.236283 249.578865
15.561572 249.639868
15.370948 249.533112
15.260343 249.350103
15.511325 250.557456
15.354570 263.779239
15.360939 247.062487
15.424988 247.405630
15.728978 272.733347
15.569201 249.225324
15.789541 272.859166
15.536845 251.516610
15.259010 251.889356
18.664690 269.000721
18.088955 251.131670
18.248496 272.104253
18.189334 268.698756
18.295912 249.874909
18.280136 250.173645
18.224772 255.580043
18.390018 269.000721
18.241904 239.879374
18.280856 249.121341
18.380089 268.811993
18.500037 246.261822
18.336995 279.707906
18.237706 250.684545
18.690244 250.101748
18.202054 248.911643
18.731387 248.393464
18.401347 251.139826
18.414619 260.382129
18.420327 269.755634
18.412027 267.239257
18.377418 260.445039
18.437898 246.278162
18.496700 246.604964
18.306447 249.092746
18.669254 250.023679
18.793075 271.139642
18.565122 250.574650
18.585297 250.978347
18.771481 271.559038
18.422029 250.660283
21.238584 266.333361
21.322177 270.384729
21.267983 246.176036
21.117460 250.916773
21.496434 253.315303
21.312887 248.832379
21.232792 248.487848
21.313304 250.574650
21.262446 250.183449
21.348819 273.278562
21.287726 248.069038
21.395899 250.251693
21.391979 254.909009
21.424294 266.735982
21.425930 264.219605
21.449392 264.597061
21.443401 246.925230
21.404739 267.239257
21.403078 253.315303
21.612067 246.536336
21.422950 257.991571
21.523661 245.897883
21.696250 269.503997
21.566392 250.319616
21.712662 249.773312
21.745298 249.235722
21.800196 249.941070
21.669092 250.505349
21.779830 270.091151
21.869723 269.252359
21.464516 249.966000
24.576296 267.778481
24.353233 244.975038
24.347527 267.679623
24.240760 248.542709
24.497269 249.740343
24.134244 250.590961
24.351494 268.371627
24.315453 246.055937
24.315175 248.410977
24.316300 249.807626
24.400367 257.844782
24.530402 257.928662
24.534424 264.622225
24.466201 251.481198
24.468527 257.425386
24.454182 249.395855
24.692868 263.967967
24.419621 266.903740
24.632354 245.989068
24.429035 254.468643
24.614116 250.921595
24.651685 245.323900
24.415497 249.686517
24.882609 249.395855
24.718690 269.051049
24.815394 248.503685
24.799949 268.329687
24.705395 250.134428
24.853770 249.490879
24.889881 267.448955
24.497620 256.355926
27.143310 250.265149
27.361297 264.345423
27.401558 253.902458
27.347524 253.483062
27.326669 248.183419
27.357223 264.597061
27.362569 250.395870
27.285474 249.350103
27.338199 244.965506
27.471611 261.535469
27.510026 249.161711
27.563000 254.489613
27.437204 265.673511
27.616099 248.878282
27.595757 263.162726
27.537538 250.903274
27.843107 244.568986
27.581688 269.503997
28.036297 251.627772
27.822145 247.998330
27.453675 248.919493
27.636858 250.512974
27.846916 266.694042
27.701199 246.992099
27.905377 261.300607
27.875623 249.192829
27.742518 267.893515
28.178690 265.142276
27.740964 250.869080
27.584463 254.028277
28.201977 249.142138
#type       avg     std     min     5th    10th    90th    95th    99th
read      188.2   109.1    60.2   132.5   151.0   223.8   233.8   251.6
update    191.8    28.9    66.3   137.7   157.3   227.3   240.0   256.4
op_q        1.0     0.1     1.0     1.0     1.0     1.1     1.1     1.1

Total QPS = 1118.0 (33540 / 30.0s)

Misses = 0 (0.0%)
Skipped TXs = 0 (0.0%)

RX    5966727 bytes :    0.2 MB/s
TX    3692282 bytes :    0.1 MB/s
