3.015815 62.500000 170 56.369500 1.803824
3.020134 62.500000 167 55.295554 1.769458
3.004422 62.500000 194 64.571485 2.066288
3.001540 62.500000 172 57.303915 1.833725
3.009219 62.500000 169 56.160754 1.797144
3.062011 62.500000 180 58.784894 1.881117
3.001895 62.500000 189 62.960224 2.014727
3.058145 62.500000 177 57.878228 1.852103
3.015981 62.500000 165 54.708569 1.750674
3.006009 62.500000 191 63.539405 2.033261
3.002041 62.500000 203 67.620671 2.163861
3.023665 62.500000 186 61.514758 1.968472
3.021684 62.500000 169 55.929070 1.789730
3.023103 62.500000 188 62.187754 1.990008
3.085362 62.500000 173 56.071218 1.794279
3.011998 62.500000 192 63.745068 2.039842
3.000398 62.500000 173 57.659024 1.845089
3.008846 62.500000 191 63.479481 2.031343
3.060339 62.500000 211 68.946621 2.206292
3.009939 62.500000 169 56.147317 1.796714
3.005667 62.500000 168 55.894410 1.788621
3.023672 62.500000 199 65.814019 2.106049
3.006198 62.500000 216 71.851557 2.299250
3.026908 62.500000 147 48.564406 1.554061
3.022983 62.500000 164 54.251053 1.736034
3.049005 62.500000 178 58.379705 1.868151
3.064186 62.500000 199 64.943830 2.078203
3.028272 62.500000 194 64.062942 2.050014
3.005644 62.500000 216 71.864810 2.299674
3.006618 62.500000 198 65.854723 2.107351
3.102279 62.500000 174 56.087800 1.794810
6.035223 62.500000 208 68.753884 2.200124
6.041873 62.500000 162 53.334192 1.706694
6.025121 62.500000 175 58.018593 1.856595
6.015446 62.500000 173 57.400592 1.836819
6.035249 62.500000 170 56.046260 1.793480
6.006788 62.500000 184 61.317405 1.962157
6.028806 62.500000 188 62.547759 2.001528
6.007837 62.500000 197 65.619208 2.099815
6.011345 62.500000 180 59.781847 1.913019
6.005579 62.500000 208 69.248310 2.215946
6.051602 62.500000 208 68.309068 2.185890
6.081141 62.500000 158 51.547055 1.649506
6.027089 62.500000 164 54.393050 1.740578
6.016823 62.500000 181 60.313079 1.930019
6.048042 62.500000 172 56.544644 1.809429
6.065669 62.500000 175 58.229875 1.863356
6.028770 62.500000 152 50.521233 1.616679
6.027423 62.500000 211 70.199043 2.246369
6.010389 62.500000 210 69.972697 2.239126
6.065690 62.500000 197 65.501926 2.096062
6.030577 62.500000 171 56.868975 1.819807
6.052185 62.500000 148 48.868862 1.563804
6.036175 62.500000 165 54.445899 1.742269
6.071100 62.500000 199 65.370393 2.091853
6.036650 62.500000 185 61.387010 1.964384
6.052140 62.500000 193 63.825534 2.042417
6.054355 62.500000 182 60.558667 1.937877
6.116140 62.500000 228 74.706241 2.390600
6.085741 62.500000 171 56.992799 1.823770
6.077196 62.500000 206 68.320856 2.186267
6.109252 62.500000 152 50.549180 1.617574
9.030511 62.500000 192 63.963650 2.046837
9.062195 62.500000 198 64.825411 2.074413
9.029816 62.500000 173 57.576553 1.842450
9.012796 62.500000 203 67.531412 2.161005
9.053885 62.500000 179 59.428721 1.901719
9.021401 62.500000 189 62.904000 2.012928
9.046477 62.500000 170 56.086536 1.794769
9.039609 62.500000 206 68.598987 2.195168
9.036058 62.500000 197 65.109582 2.083507
9.011388 62.500000 212 70.530099 2.256963
9.075914 62.500000 199 65.860039 2.107521
9.035023 62.500000 200 66.144602 2.116627
9.034140 62.500000 200 66.517735 2.128568
9.082528 62.500000 188 61.563502 1.970032
9.038775 62.500000 172 57.177083 1.829667
9.036015 62.500000 159 52.986012 1.695552
9.040090 62.500000 180 59.903349 1.916907
9.039973 62.500000 193 64.058231 2.049863
9.122628 62.500000 193 62.857381 2.011436
9.066158 62.500000 206 68.655479 2.196975
9.049574 62.500000 190 63.301007 2.025632
9.106567 62.500000 186 61.166562 1.957330
9.093006 62.500000 198 65.739999 2.103680
9.081939 62.500000 212 69.971626 2.239092
9.135205 62.500000 201 64.858999 2.075488
9.076870 62.500000 170 56.557878 1.809852
9.087752 62.500000 211 70.286209 2.249159
9.098886 62.500000 197 65.195295 2.086249
9.052357 62.500000 200 66.649896 2.132797
9.117638 62.500000 197 65.633900 2.100285
9.133833 62.500000 204 67.447339 2.158315
12.020997 125.000000 312 103.716500 3.318928
12.021739 125.000000 248 82.382407 2.636237
12.023889 125.000000 307 102.248555 3.271954
12.037699 125.000000 269 89.452351 2.862475
12.041322 125.000000 315 104.598816 3.347162
12.036046 125.000000 317 105.665559 3.381298
12.038280 125.000000 336 111.878570 3.580114
12.044003 125.000000 340 113.136171 3.620357
12.035914 125.000000 343 114.265779 3.656505
12.044051 125.000000 330 109.854948 3.515358
12.049472 125.000000 354 117.882307 3.772234
12.037087 125.000000 320 106.630085 3.412163
12.057155 125.000000 322 107.216477 3.430927
12.052349 125.000000 362 120.555160 3.857765
12.042947 125.000000 346 115.219086 3.687011
12.067917 125.000000 293 97.609412 3.123501
12.070982 125.000000 323 107.352214 3.435271
12.050183 125.000000 313 103.966889 3.326940
12.108880 125.000000 304 100.799999 3.225600
12.086028 125.000000 329 109.538841 3.505243
12.081716 125.000000 321 106.827460 3.418479
12.093809 125.000000 337 112.107014 3.587424
12.083168 125.000000 309 102.751557 3.288050
12.111753 125.000000 299 99.494688 3.183830
12.088891 125.000000 354 117.727214 3.767271
12.052746 125.000000 290 96.654127 3.092932
12.127551 125.000000 330 109.819796 3.514233
12.106675 125.000000 313 104.063147 3.330021
12.135091 125.000000 281 93.124903 2.979997
12.155572 125.000000 308 101.974349 3.263179
12.140253 125.000000 313 104.110557 3.331538
3.002926 62.500000 203 67.600727 2.163223
15.039740 125.000000 347 115.519349 3.696619
15.031858 125.000000 369 122.556300 3.921802
15.134502 125.000000 335 108.613953 3.475647
15.023618 125.000000 388 129.252381 4.136076
15.034145 125.000000 382 126.899470 4.060783
15.042044 125.000000 396 131.809102 4.217891
15.039676 125.000000 402 133.937668 4.286005
15.042564 125.000000 411 136.943332 4.382187
15.072016 125.000000 333 109.934785 3.517913
15.041399 125.000000 357 118.788054 3.801218
15.070179 125.000000 401 132.512547 4.240401
15.051541 125.000000 348 115.709269 3.702697
15.069791 125.000000 370 122.503628 3.920116
15.038972 125.000000 398 132.583348 4.242667
15.065295 125.000000 372 123.664460 3.957263
15.068445 125.000000 373 124.311478 3.977967
15.056468 125.000000 399 132.817625 4.250164
15.105374 125.000000 401 132.810223 4.249927
15.072548 125.000000 381 126.933768 4.061881
15.097510 125.000000 361 119.703126 3.830500
15.061390 125.000000 383 127.299848 4.073595
15.129464 125.000000 398 131.888030 4.220417
15.123502 125.000000 379 125.720533 4.023057
15.084338 125.000000 355 118.287175 3.785190
15.101398 125.000000 360 119.697177 3.830310
15.093372 125.000000 364 121.152383 3.876876
15.127822 125.000000 374 124.655405 3.988973
15.126187 125.000000 369 122.205175 3.910566
15.152146 125.000000 390 129.265109 4.136483
15.182634 125.000000 401 132.471681 4.239094
15.145284 125.000000 375 124.790731 3.993303
6.057029 62.500000 169 55.335399 1.770733
18.028954 125.000000 387 128.770965 4.120671
18.034426 125.000000 397 132.220150 4.231045
18.101771 125.000000 364 119.528348 3.824907
18.034859 125.000000 389 129.635828 4.148346
18.046590 125.000000 394 131.134620 4.196308
18.044911 125.000000 354 117.907764 3.773048
18.042761 125.000000 370 123.209245 3.942696
18.049126 125.000000 397 131.917771 4.221369
18.039430 125.000000 373 124.314357 3.978059
18.043944 125.000000 412 137.216926 4.390942
18.057867 125.000000 396 131.722210 4.215111
18.066674 125.000000 324 107.950373 3.454412
18.070944 125.000000 377 125.618391 4.019789
18.074645 125.000000 396 131.727745 4.215288
18.086361 125.000000 385 127.644850 4.084635
18.150031 125.000000 364 120.269824 3.848634
18.085854 125.000000 383 127.102910 4.067293
18.073761 125.000000 379 126.259886 4.040316
18.100183 125.000000 351 116.895847 3.740667
18.113538 125.000000 331 110.033903 3.521085
18.097380 125.000000 379 125.786534 4.025169
18.094722 125.000000 385 128.275576 4.104818
18.068083 125.000000 379 126.052144 4.033669
18.138067 125.000000 387 128.631109 4.116195
18.125187 125.000000 343 113.433867 3.629884
18.129838 125.000000 372 123.916718 3.965335
18.144246 125.000000 429 142.537023 4.561185
18.129287 125.000000 392 130.531790 4.177017
18.159060 125.000000 376 125.045136 4.001444
18.185590 125.000000 378 125.875998 4.028032
18.148085 125.000000 383 127.547568 4.081522
9.073100 62.500000 182 60.343399 1.930989
21.087456 125.000000 368 120.536001 3.857152
21.042771 125.000000 360 119.684374 3.829900
21.046916 125.000000 364 121.252295 3.880073
21.030694 125.000000 363 120.929842 3.869755
21.049523 125.000000 374 124.386306 3.980362
21.047711 125.000000 370 123.287269 3.945193
21.058114 125.000000 382 126.734726 4.055511
21.058118 125.000000 377 125.291150 4.009317
21.047567 125.000000 390 129.648349 4.148747
21.081148 125.000000 392 130.223736 4.167160
21.073181 125.000000 327 108.446415 3.470285
21.072727 125.000000 332 110.443813 3.534202
21.077952 125.000000 370 123.197529 3.942321
21.085012 125.000000 294 97.633853 3.124283
21.086245 125.000000 405 134.982422 4.319438
21.102784 125.000000 410 135.922559 4.349522
21.102855 125.000000 341 113.359343 3.627499
21.114017 125.000000 373 123.762605 3.960403
21.115178 125.000000 391 130.262145 4.168389
21.140880 125.000000 402 133.508588 4.272275
21.102858 125.000000 381 126.954020 4.062529
21.149542 125.000000 361 119.874813 3.835994
21.098580 125.000000 377 125.616418 4.019725
21.166655 125.000000 364 119.679032 3.829729
21.087520 125.000000 401 132.806204 4.249799
21.154023 125.000000 358 119.174742 3.813592
21.135024 125.000000 361 120.103667 3.843317
21.148780 125.000000 351 116.823442 3.738350
21.162271 125.000000 419 139.517340 4.464555
21.185904 125.000000 351 116.987765 3.743608
21.156484 125.000000 354 117.670546 3.765457
12.085376 125.000000 350 116.191243 3.718120
24.055609 125.000000 360 119.488660 3.823637
24.082619 125.000000 362 119.689168 3.830053
24.049289 125.000000 362 119.923371 3.837548
24.059809 125.000000 373 123.801250 3.961640
24.050484 125.000000 386 128.547815 4.113530
24.049915 125.000000 394 131.316153 4.202117
24.080395 125.000000 362 120.359028 3.851489
24.101544 125.000000 366 121.429756 3.885752
24.056664 125.000000 346 114.984674 3.679510
24.067593 125.000000 378 125.603135 4.019300
24.091024 125.000000 360 119.479405 3.823341
24.081377 125.000000 383 127.656915 4.085021
24.073472 125.000000 371 123.654705 3.956951
24.247864 125.000000 374 118.293812 3.785402
24.105246 125.000000 361 120.234646 3.847509
24.085193 125.000000 384 127.992261 4.095752
24.117943 125.000000 341 113.561982 3.633983
24.107141 125.000000 339 112.838898 3.610845
24.099388 125.000000 365 121.633882 3.892284
24.108528 125.000000 364 121.104350 3.875339
24.144143 125.000000 391 129.037561 4.129202
24.166474 125.000000 372 123.304073 3.945730
24.146645 125.000000 449 149.379624 4.780148
24.156479 125.000000 341 113.573666 3.634357
24.094438 125.000000 367 122.051863 3.905660
24.169654 125.000000 383 126.784508 4.057104
24.136888 125.000000 399 132.917436 4.253358
24.176439 125.000000 341 113.297155 3.625509
24.162519 125.000000 389 129.655979 4.148991
24.202584 125.000000 394 130.607135 4.179428
24.159117 125.000000 340 113.233977 3.623487
15.088517 125.000000 394 131.195971 4.198271
27.077020 125.000000 392 130.512315 4.176394
27.105124 125.000000 365 119.490384 3.823692
27.067286 125.000000 374 123.948986 3.966368
27.078925 125.000000 365 120.896313 3.868682
27.060541 125.000000 340 113.147316 3.620714
27.081692 125.000000 379 126.278747 4.040920
27.049703 125.000000 368 122.649747 3.924792
27.071276 125.000000 404 134.501530 4.304049
27.068042 125.000000 361 119.878690 3.836118
27.093070 125.000000 385 127.835079 4.090723
27.088838 125.000000 359 119.521427 3.824686
27.085561 125.000000 342 113.888302 3.644426
27.096482 125.000000 391 130.096609 4.163092
27.105029 125.000000 377 125.520851 4.016667
27.106083 125.000000 424 141.293929 4.521406
27.113116 125.000000 376 125.084218 4.002695
27.120413 125.000000 383 127.561636 4.081972
27.111475 125.000000 373 123.834424 3.962702
27.126248 125.000000 407 134.870032 4.315841
27.159283 125.000000 381 126.881416 4.060205
27.099291 125.000000 370 123.134145 3.940293
27.162759 125.000000 355 117.701142 3.766437
27.146400 125.000000 374 124.572927 3.986334
27.168690 125.000000 329 109.585721 3.506743
27.146946 125.000000 362 120.263459 3.848431
27.168504 125.000000 411 136.727192 4.375270
27.179901 125.000000 346 114.940728 3.678103
27.207670 125.000000 384 126.681215 4.053799
27.251044 125.000000 408 135.855974 4.347391
27.210475 125.000000 373 124.007143 3.968229
27.159631 125.000000 387 128.977909 4.127293
18.090237 125.000000 377 125.594660 4.019029
#type       avg     std     min     5th    10th    90th    95th    99th
read       62.7    11.9    41.1    52.3    54.8    73.5    78.6    92.3
update     66.3    11.4    45.3    55.5    56.5    78.1    83.2    96.5
op_q        1.0     0.0     1.0     1.0     1.0     1.1     1.1     1.1

Total QPS = 99629.7 (2988892 / 30.0s)

Misses = 0 (0.0%)
Skipped TXs = 0 (0.0%)

RX  518458117 bytes :   16.5 MB/s
TX  331378197 bytes :   10.5 MB/s
