3.000216 3906.250000 11729 3909.385130 125.100324
3.001693 3906.250000 11991 3994.745830 127.831867
3.000268 3906.250000 11813 3937.314815 125.994074
3.000303 3906.250000 11757 3918.604109 125.395331
3.000853 3906.250000 11598 3864.901598 123.676851
3.000043 3906.250000 11793 3930.943488 125.790192
3.000255 3906.250000 11772 3923.666537 125.557329
3.000043 3906.250000 11638 3879.278315 124.136906
3.000004 3906.250000 11636 3878.661539 124.117169
3.000188 3906.250000 11860 3953.085780 126.498745
3.000153 3906.250000 11634 3877.801948 124.089662
3.000178 3906.250000 11779 3926.100569 125.635218
3.000158 3906.250000 11672 3890.461300 124.494762
3.000091 3906.250000 11693 3897.548274 124.721545
3.000068 3906.250000 11682 3893.911463 124.605167
3.000431 3906.250000 11547 3848.446899 123.150301
3.000086 3906.250000 11554 3851.222866 123.239132
3.000128 3906.250000 11558 3852.502883 123.280092
3.000119 3906.250000 11585 3861.513938 123.568446
3.000205 3906.250000 11561 3853.402760 123.308888
3.000376 3906.250000 11790 3929.507094 125.744227
3.000085 3906.250000 11630 3876.557066 124.049826
3.000080 3906.250000 11636 3878.563842 124.114043
3.000421 3906.250000 11724 3907.451171 125.038437
3.000027 3906.250000 11815 3938.297936 126.025534
3.000684 3906.250000 11531 3842.790065 122.969282
3.000052 3906.250000 11690 3896.599713 124.691191
3.000018 3906.250000 11686 3895.309626 124.649908
3.000177 3906.250000 11555 3851.439230 123.246055
3.000006 3906.250000 11762 3920.658963 125.461087
3.000325 3906.250000 11902 3966.903203 126.940903
3.000988 3906.250000 11759 3918.376342 125.388043
6.001190 3906.250000 11514 3836.674075 122.773570
6.000077 3906.250000 11545 3848.289896 123.145277
6.000041 3906.250000 11774 3924.618371 125.587788
6.000212 3906.250000 11726 3908.635058 125.076322
6.000202 3906.250000 11944 3981.170451 127.397454
6.000829 3906.250000 11749 3915.518853 125.296603
6.000345 3906.250000 11790 3929.899168 125.756773
6.000376 3906.250000 11482 3827.240638 122.471700
6.000151 3906.250000 11608 3869.248000 123.815936
6.000451 3906.250000 11650 3883.029444 124.256942
6.000270 3906.250000 11753 3917.426468 125.357647
6.000372 3906.250000 11488 3829.060093 122.529923
6.000342 3906.250000 11929 3976.036978 127.233183
6.000402 3906.250000 11798 3932.473714 125.839159
6.000408 3906.250000 11602 3866.971630 123.743092
6.000622 3906.250000 11898 3965.298449 126.889550
6.000750 3906.250000 12077 4025.226109 128.807235
6.000257 3906.250000 11599 3866.089807 123.714874
6.000267 3906.250000 11661 3886.884913 124.380317
6.000870 3906.250000 11809 3935.757334 125.944235
6.000212 3906.250000 11802 3933.757502 125.880240
6.000144 3906.250000 11827 3942.168058 126.149378
6.000193 3906.250000 11707 3902.138124 124.868420
6.000083 3906.250000 11585 3861.626535 123.572049
6.001153 3906.250000 11778 3925.606862 125.619420
6.000414 3906.250000 11736 3911.951270 125.182441
6.000753 3906.250000 11741 3912.915319 125.213290
6.000028 3906.250000 11542 3847.304506 123.113744
6.000883 3906.250000 11830 3943.072320 126.178314
6.001784 3906.250000 11769 3922.880867 125.532188
6.000386 3906.250000 11739 3912.921208 125.213479
6.001182 3906.250000 11796 3931.744968 125.815839
9.000982 3906.250000 11720 3905.833229 124.986663
9.000790 3906.250000 11664 3887.308984 124.393887
9.000431 3906.250000 11494 3830.835544 122.586737
9.000410 3906.250000 11481 3826.917476 122.461359
9.000239 3906.250000 12012 4003.938124 128.126020
9.000464 3906.250000 11637 3878.982415 124.127437
9.001417 3906.250000 11624 3872.936955 123.933983
9.000649 3906.250000 11766 3921.964413 125.502861
9.001012 3906.250000 11683 3893.282421 124.585037
9.000239 3906.250000 11648 3882.631791 124.244217
9.000833 3906.250000 11509 3835.748450 122.743950
9.000403 3906.250000 11814 3937.959843 126.014715
9.000504 3906.250000 11611 3870.026804 123.840858
9.000303 3906.250000 11886 3961.956495 126.782608
9.000458 3906.250000 11922 3973.925704 127.165623
9.000752 3906.250000 11930 3976.210299 127.238730
9.000370 3906.250000 11864 3954.458016 126.542657
9.000925 3906.250000 11611 3870.209997 123.846720
9.000442 3906.250000 11678 3892.289250 124.553256
9.001215 3906.250000 11630 3876.633820 124.052282
9.000599 3906.250000 11854 3951.088658 126.434837
9.000283 3906.250000 11704 3901.072806 124.834330
9.000905 3906.250000 11704 3901.287811 124.841210
9.000782 3906.250000 11543 3847.625321 123.124010
9.000148 3906.250000 11696 3898.661621 124.757172
9.000188 3906.250000 11899 3966.122689 126.915926
9.001241 3906.250000 11725 3908.218380 125.062988
9.000952 3906.250000 11645 3881.577931 124.210494
9.000809 3906.250000 11598 3865.928001 123.709696
9.002980 3906.250000 11663 3886.117340 124.355755
9.000750 3906.250000 11873 3957.186238 126.629960
9.001640 3906.250000 11632 3876.741630 124.055732
12.000593 7812.000000 19518 6505.706975 208.182623
12.000397 7812.000000 19738 6578.986175 210.527558
12.000606 7812.000000 19409 6469.289507 207.017264
12.000465 7812.000000 19619 6539.546045 209.265473
12.000958 7812.000000 19604 6533.239719 209.063671
12.000488 7812.000000 19604 6534.481604 209.103411
12.000512 7812.000000 19573 6524.315672 208.778101
12.001025 7812.000000 19516 6505.241492 208.167728
12.000543 7812.000000 19839 6612.618489 211.603792
12.000555 7812.000000 19514 6504.420813 208.141466
12.000505 7812.000000 19569 6522.912461 208.733199
12.000692 7812.000000 19486 6495.239432 207.847662
12.000429 7812.000000 19659 6552.680923 209.685790
12.000457 7812.000000 19321 6439.865636 206.075700
12.000987 7812.000000 19532 6510.532000 208.337024
12.001071 7812.000000 19646 6547.636632 209.524372
12.001138 7812.000000 19738 6578.823299 210.522346
12.001045 7812.000000 19728 6575.928096 210.429699
12.000200 7812.000000 19747 6582.219087 210.631011
12.000804 7812.000000 19974 6657.886239 213.052360
12.000956 7812.000000 19324 6441.069609 206.114227
12.000796 7812.000000 19735 6578.301969 210.505663
12.001368 7812.000000 19458 6485.670909 207.541469
12.000985 7812.000000 19745 6581.239962 210.599679
12.001756 7812.000000 19721 6572.924526 210.333585
12.001210 7812.000000 19615 6537.770639 209.208660
12.000201 7812.000000 19368 6455.971422 206.591086
12.000989 7812.000000 19458 6485.611933 207.539582
12.001278 7812.000000 19617 6538.919943 209.245438
12.003307 7812.000000 19397 6464.961668 206.878773
12.000857 7812.000000 19370 6456.436986 206.605984
12.001926 7812.000000 19446 6481.382404 207.404237
15.000706 7812.000000 23555 7851.139469 251.236463
15.000476 7812.000000 23289 7762.971666 248.415093
15.000704 7812.000000 23700 7899.708857 252.790683
15.000701 7812.000000 23335 7777.780935 248.888990
15.000589 7812.000000 23460 7819.799660 250.233589
15.000515 7812.000000 23313 7770.694710 248.662231
15.000617 7812.000000 23602 7867.304554 251.753746
15.001065 7812.000000 23627 7875.560004 252.017920
15.000222 7812.000000 23266 7755.276475 248.168847
15.001094 7812.000000 23600 7865.224074 251.687170
15.001372 7812.000000 23616 7870.509775 251.856313
15.000630 7812.000000 23427 7808.804698 249.881750
15.001215 7812.000000 23401 7799.659049 249.589090
15.000435 7812.000000 23551 7850.319115 251.210212
15.000531 7812.000000 23523 7840.805631 250.905780
15.000720 7812.000000 23497 7832.262556 250.632402
15.001068 7812.000000 23484 7827.714418 250.486861
15.000870 7812.000000 23330 7776.475840 248.847227
15.001026 7812.000000 23114 7704.567883 246.546172
15.001157 7812.000000 23544 7847.707013 251.126624
15.001023 7812.000000 23252 7750.568642 248.018197
15.001400 7812.000000 23125 7708.251063 246.664034
15.001151 7812.000000 23681 7893.631777 252.596217
15.000691 7812.000000 23542 7846.051292 251.073641
15.001358 7812.000000 23266 7755.127471 248.164079
15.001142 7812.000000 23665 7888.147062 252.420706
15.001851 7812.000000 23535 7844.750679 251.032022
15.001054 7812.000000 23475 7824.830293 250.394569
15.001220 7812.000000 23390 7796.640625 249.492500
15.000876 7812.000000 23323 7774.283836 248.777083
15.003531 7812.000000 23678 7892.078273 252.546505
15.001978 7812.000000 23014 7671.200319 245.478410
18.000534 7812.000000 23614 7871.284034 251.881089
18.000568 7812.000000 23621 7873.426593 251.949651
18.000790 7812.000000 23395 7797.810360 249.529932
18.000838 7812.000000 23277 7758.645142 248.276645
18.000822 7812.000000 23399 7799.359707 249.579511
18.000712 7812.000000 23269 7756.318944 248.202206
18.000889 7812.000000 23656 7884.653879 252.308924
18.000263 7812.000000 23115 7704.894875 246.556636
18.000633 7812.000000 23459 7819.624567 250.227986
18.001055 7812.000000 23395 7798.256688 249.544214
18.002026 7812.000000 23358 7783.000465 249.056015
18.000564 7812.000000 23390 7796.580888 249.490588
18.001486 7812.000000 23442 7813.294166 250.025413
18.001534 7812.000000 23468 7821.451963 250.286463
18.001136 7812.000000 23336 7777.586142 248.882757
18.000460 7812.000000 23406 7801.932969 249.661855
18.001211 7812.000000 23674 7890.949819 252.510394
18.001630 7812.000000 23600 7865.426208 251.693639
18.001467 7812.000000 23806 7935.154314 253.924938
18.001172 7812.000000 22918 7639.256504 244.456208
18.001144 7812.000000 23286 7761.686356 248.373963
18.001311 7812.000000 23445 7814.584276 250.066697
18.000725 7812.000000 23511 7836.911065 250.781154
18.001487 7812.000000 23358 7785.699683 249.142390
18.001805 7812.000000 23471 7822.499887 250.319996
18.001962 7812.000000 23209 7736.045926 247.553470
18.001101 7812.000000 23625 7874.979758 251.999352
18.003100 7812.000000 23396 7793.782833 249.401051
18.001259 7812.000000 23427 7808.465325 249.870890
18.001109 7812.000000 23559 7852.389434 251.276462
18.003754 7812.000000 23052 7683.427510 245.869680
18.001988 7812.000000 23522 7840.642408 250.900557
21.000755 7812.000000 23555 7851.088335 251.234827
21.000712 7812.000000 23877 7958.789229 254.681255
21.000979 7812.000000 23509 7835.257995 250.728256
21.000912 7812.000000 23577 7858.765401 251.480493
21.000937 7812.000000 23043 7680.422616 245.773524
21.000470 7812.000000 23544 7847.975900 251.135229
21.000903 7812.000000 23263 7754.164923 248.133278
21.000764 7812.000000 23802 7933.472534 253.871121
21.000977 7812.000000 23443 7814.102958 250.051295
21.000894 7812.000000 23279 7759.399798 248.300794
21.001134 7812.000000 23710 7903.125648 252.900021
21.001159 7812.000000 23366 7788.606813 249.235418
21.001530 7812.000000 23365 7788.222432 249.223118
21.001532 7812.000000 23544 7847.881537 251.132209
21.001261 7812.000000 23029 7676.204662 245.638549
21.000400 7812.000000 23769 7922.637811 253.524410
21.001579 7812.000000 23586 7861.881546 251.580209
21.001511 7812.000000 23657 7885.552391 252.337677
21.001257 7812.000000 23551 7850.037823 251.201210
21.002507 7812.000000 23688 7892.301157 252.553637
21.001554 7812.000000 23583 7860.361802 251.531578
21.000732 7812.000000 23419 7806.316783 249.802137
21.001182 7812.000000 23553 7850.974141 251.231173
21.001993 7812.000000 23601 7866.919323 251.741418
21.002042 7812.000000 23259 7751.935603 248.061939
21.001399 7812.000000 23731 7909.964835 253.118875
21.001838 7812.000000 23349 7782.915061 249.053282
21.002119 7812.000000 23443 7814.091335 250.050923
21.003590 7812.000000 23440 7812.055986 249.985792
21.001385 7812.000000 23477 7824.946505 250.398288
21.003899 7812.000000 23222 7740.293865 247.689404
21.002057 7812.000000 23437 7812.152378 249.988876
24.000466 7812.000000 23454 7817.829326 250.170538
24.000952 7812.000000 23446 7815.181974 250.085823
24.000710 7812.000000 23785 7927.697171 253.686309
24.000807 7812.000000 23604 7867.864463 251.771663
24.001295 7812.000000 23587 7860.806766 251.545817
24.001035 7812.000000 23146 7715.190697 246.886102
24.001013 7812.000000 23223 7740.805020 247.705761
24.001073 7812.000000 23285 7761.248200 248.359942
24.001193 7812.000000 23826 7941.843442 254.138990
24.000976 7812.000000 23498 7832.478439 250.639310
24.001540 7812.000000 23547 7848.974579 251.167187
24.001035 7812.000000 23695 7898.182010 252.741824
24.001947 7812.000000 23049 7682.057600 245.825843
24.001387 7812.000000 23544 7847.670833 251.125467
24.001651 7812.000000 23528 7842.413898 250.957245
24.001546 7812.000000 23666 7888.628012 252.436096
24.000825 7812.000000 23470 7823.173491 250.341552
24.001161 7812.000000 23481 7826.996311 250.463882
24.000864 7812.000000 23554 7850.988031 251.231617
24.001233 7812.000000 23788 7929.199606 253.734387
24.001622 7812.000000 23464 7821.043938 250.273406
24.001296 7812.000000 23481 7826.897319 250.460714
24.002605 7812.000000 23643 7879.393797 252.140602
24.002059 7812.000000 23151 7716.955407 246.942573
24.002192 7812.000000 23078 7692.479057 246.159330
24.001475 7812.000000 23714 7904.466670 252.942933
24.001853 7812.000000 23548 7849.292939 251.177374
24.002781 7812.000000 23036 7677.967249 245.694952
24.004077 7812.000000 23718 7905.530232 252.976967
24.003690 7812.000000 23213 7737.408725 247.597079
24.001491 7812.000000 23374 7791.057474 249.313839
24.002697 7812.000000 23446 7813.667811 250.037370
27.000744 7812.000000 23196 7731.912673 247.421206
27.001091 7812.000000 23452 7817.286965 250.153183
27.001102 7812.000000 23319 7772.768959 248.728607
27.000812 7812.000000 23523 7840.986433 250.911566
27.001448 7812.000000 23536 7845.175339 251.045611
27.001311 7812.000000 23406 7801.282113 249.641028
27.001093 7812.000000 23074 7691.032210 246.113031
27.000650 7812.000000 23212 7736.857967 247.579455
27.001239 7812.000000 23388 7795.879473 249.468143
27.001381 7812.000000 23563 7854.107849 251.331451
27.001188 7812.000000 23319 7772.602421 248.723277
27.001144 7812.000000 23397 7798.501119 249.552036
27.000841 7812.000000 23701 7900.290507 252.809296
27.001433 7812.000000 23307 7768.481655 248.591413
27.001706 7812.000000 23384 7794.253204 249.416103
27.001337 7812.000000 23538 7845.892958 251.068575
27.001381 7812.000000 23283 7760.431006 248.333792
27.002125 7812.000000 23404 7800.024373 249.600780
27.002070 7812.000000 23615 7871.637914 251.892413
27.001547 7812.000000 23442 7813.982484 250.047440
27.001861 7812.000000 23561 7853.117824 251.299770
27.000867 7812.000000 23244 7747.990387 247.935692
27.002269 7812.000000 23513 7837.464923 250.798878
27.002106 7812.000000 23497 7831.916581 250.621331
27.001575 7812.000000 23614 7871.071456 251.874287
27.001954 7812.000000 23427 7808.736644 249.879573
27.002616 7812.000000 23538 7845.971122 251.071076
27.003141 7812.000000 23613 7870.053818 251.841722
27.003792 7812.000000 23395 7798.067423 249.538158
27.001536 7812.000000 23624 7874.548966 251.985567
27.004082 7812.000000 23277 7758.987672 248.287606
27.002802 7812.000000 23351 7783.392656 249.068565
#type       avg     std     min     5th    10th    90th    95th    99th
read      562.8   243.2    45.3   214.7   276.0   802.8   988.6  1115.5
update    563.8   247.9    49.8   214.4   277.0   821.7   991.9  1115.2
op_q        5.8     3.3     1.0     1.1     2.0    10.5    12.0    14.9

Total QPS = 416374.9 (12491249 / 30.0s)

Misses = 0 (0.0%)
Skipped TXs = 0 (0.0%)

RX 2157615153 bytes :   68.6 MB/s
TX 1382035877 bytes :   43.9 MB/s
