3.000104 1944.444444 5738 1912.600287 61.203209
3.001267 1944.444444 5763 1920.188989 61.446048
3.001264 1944.444444 5749 1915.526066 61.296834
3.000715 1944.444444 5772 1923.541250 61.553320
3.000576 1944.444444 5803 1933.961805 61.886778
3.000092 1944.444444 5763 1920.941282 61.470121
3.000269 1944.444444 5830 1943.159396 62.181101
3.000044 1944.444444 6034 2011.303550 64.361714
3.000912 1944.444444 5715 1904.421348 60.941483
3.000183 1944.444444 5762 1920.549314 61.457578
3.000438 1944.444444 5872 1957.047413 62.625517
3.001013 1944.444444 5801 1933.013861 61.856444
3.000567 1944.444444 5802 1933.634581 61.876307
3.001097 1944.444444 5953 1983.607973 63.475455
3.000048 1944.444444 5892 1963.968872 62.847004
3.000599 1944.444444 5802 1933.613988 61.875648
3.000142 1944.444444 5790 1929.908797 61.757082
3.000193 1944.444444 5771 1923.542732 61.553367
3.000140 1944.444444 5832 1943.909347 62.205099
3.000208 1944.444444 5795 1931.532854 61.809051
3.000712 1944.444444 5813 1937.206977 61.990623
3.000064 1944.444444 5920 1973.291134 63.145316
3.001056 1944.444444 5747 1914.992733 61.279767
3.000051 1944.444444 5746 1915.300886 61.289628
3.000794 1944.444444 5818 1938.820492 62.042256
3.000038 1944.444444 5839 1946.308603 62.281875
3.000921 1944.444444 5803 1933.739760 61.879672
3.000707 1944.444444 5723 1907.216935 61.030942
3.000000 1944.444444 5927 1975.666475 63.221327
3.000488 1944.444444 5767 1922.020578 61.504658
3.000253 1944.444444 5906 1968.500718 62.992023
3.000061 1944.444444 5842 1947.293870 62.313404
6.004287 1944.444444 5778 1923.276072 61.544834
6.000692 1944.444444 5830 1943.272946 62.184734
6.000416 1944.444444 5688 1895.852795 60.667289
6.001649 1944.444444 5867 1954.766890 62.552540
6.000349 1944.444444 5687 1895.535669 60.657141
6.000380 1944.444444 5839 1946.119990 62.275840
6.000528 1944.444444 5989 1996.120451 63.875854
6.001007 1944.444444 5835 1944.631355 62.228203
6.001264 1944.444444 5781 1926.558183 61.649862
6.000389 1944.444444 5806 1935.111362 61.923564
6.000576 1944.444444 5940 1979.651299 63.348842
6.001659 1944.444444 5925 1974.378762 63.180120
6.000208 1944.444444 5780 1926.600254 61.651208
6.001483 1944.444444 5836 1944.963064 62.238818
6.001040 1944.444444 5927 1975.042121 63.201348
6.000334 1944.444444 5904 1967.907395 62.973037
6.000608 1944.444444 5993 1997.639471 63.924463
6.000142 1944.444444 5655 1884.951391 60.318445
6.002805 1944.444444 5697 1897.672951 60.725534
6.001191 1944.444444 5853 1950.688250 62.422024
6.000064 1944.444444 5773 1924.292298 61.577354
6.001670 1944.444444 5748 1915.580699 61.298582
6.001390 1944.444444 5690 1896.481698 60.687414
6.001427 1944.444444 5740 1913.229477 61.223343
6.001520 1944.444444 5895 1964.834283 62.874697
6.000615 1944.444444 5869 1956.023630 62.592756
6.001621 1944.444444 5830 1942.797601 62.169523
6.001129 1944.444444 5922 1973.952022 63.166465
6.001496 1944.444444 5974 1990.951541 63.710449
6.001055 1944.444444 5769 1922.636791 61.524377
6.000596 1944.444444 5907 1968.774992 63.000800
6.001092 1944.444444 5675 1891.016678 60.512534
9.000764 1944.444444 5821 1940.232397 62.087437
9.000194 1944.444444 5915 1971.632303 63.092234
9.000114 1944.444444 5908 1969.300702 63.017622
9.000365 1944.444444 5978 1992.655892 63.764989
9.000926 1944.444444 5932 1976.943762 63.262200
9.000677 1944.444444 5820 1939.831254 62.074600
9.001331 1944.444444 5950 1983.141478 63.460527
9.000750 1944.444444 5788 1929.100781 61.731225
9.000679 1944.444444 6101 2033.564016 65.074049
9.000461 1944.444444 5840 1946.613958 62.291647
9.001075 1944.444444 5660 1886.352888 60.363292
9.002043 1944.444444 5785 1927.667648 61.685365
9.001710 1944.444444 5668 1888.692754 60.438168
9.000479 1944.444444 5843 1947.490593 62.319699
9.001728 1944.444444 5745 1914.843632 61.274996
9.001815 1944.444444 5928 1975.904426 63.228942
9.001457 1944.444444 5839 1946.289854 62.281275
9.002143 1944.444444 5830 1942.869417 62.171821
9.002064 1944.444444 5913 1970.727685 63.063286
9.001204 1944.444444 5831 1943.617874 62.195772
9.002637 1944.444444 5723 1906.956519 61.022609
9.001873 1944.444444 5936 1978.265340 63.304491
9.001942 1944.444444 5801 1933.183011 61.861856
9.002895 1944.444444 5731 1909.443042 61.102177
9.003552 1944.444444 5892 1962.366289 62.795721
9.000691 1944.444444 5801 1933.617927 61.875774
9.002427 1944.444444 6007 2001.821050 64.058274
9.001805 1944.444444 5843 1947.547228 62.321511
9.002839 1944.444444 5801 1933.644934 61.876638
9.004315 1944.444444 5773 1924.315539 61.578097
9.000728 1944.444444 5792 1930.581670 61.778613
9.004695 1944.444444 5876 1956.316861 62.602140
12.003750 1944.444444 5901 1965.947328 62.910314
12.001711 1944.444444 5837 1944.683058 62.229858
12.001318 1944.444444 5981 1993.109319 63.779498
12.002680 1944.444444 5825 1940.628320 62.100106
12.000946 1944.444444 5920 1972.951128 63.134436
12.001576 1944.444444 5878 1958.747760 62.679928
12.001331 1944.444444 5822 1940.300067 62.089602
12.000766 1944.444444 5866 1955.323141 62.570340
12.001602 1944.444444 5788 1928.738897 61.719645
12.000926 1944.444444 5988 1995.690660 63.862101
12.002937 1944.444444 5744 1913.641938 61.236542
12.002793 1944.444444 5824 1940.738201 62.103622
12.002671 1944.444444 5833 1943.926556 62.205650
12.000138 1944.444444 5686 1895.318281 60.650185
12.000834 1944.444444 5807 1935.574033 61.938369
12.002071 1944.444444 5725 1908.328558 61.066514
12.001503 1944.444444 5965 1988.135347 63.620331
12.003788 1944.444444 5759 1918.337536 61.386801
12.006049 1944.444444 5878 1955.992841 62.591771
12.001809 1944.444444 5774 1924.614588 61.587667
12.003038 1944.444444 5961 1985.953320 63.550506
12.002015 1944.444444 5977 1992.200272 63.750409
12.002124 1944.444444 5718 1905.884315 60.988298
12.002997 1944.444444 5742 1913.770725 61.240663
12.003481 1944.444444 5911 1969.948342 63.038347
12.001915 1944.444444 5837 1945.595354 62.259051
12.002511 1944.444444 5702 1900.613548 60.819634
12.002848 1944.444444 5859 1952.994044 62.495809
12.005193 1944.444444 5683 1893.778678 60.600918
12.003758 1944.444444 5830 1943.200507 62.182416
12.001192 1944.444444 5949 1982.693426 63.446190
12.004763 1944.444444 5874 1957.956159 62.654597
15.002025 1944.444444 5743 1913.890247 61.244488
15.001547 1944.444444 5787 1928.613818 61.715642
15.002358 1944.444444 5687 1895.485482 60.655535
15.002085 1944.444444 5806 1934.838468 61.914831
15.000780 1944.444444 5799 1932.990884 61.855708
15.002339 1944.444444 5924 1974.453748 63.182520
15.000951 1944.444444 5806 1935.316872 61.930140
15.000917 1944.444444 5700 1899.506599 60.784211
15.002136 1944.444444 6027 2008.781024 64.280993
15.002547 1944.444444 5680 1892.736976 60.567583
15.001828 1944.444444 5860 1953.121774 62.499897
15.003156 1944.444444 5876 1957.723640 62.647156
15.004289 1944.444444 5798 1931.625021 61.812001
15.003039 1944.444444 5607 1868.999299 59.807978
15.002036 1944.444444 5736 1911.706603 61.174611
15.003370 1944.444444 5877 1958.186638 62.661972
15.003129 1944.444444 5929 1976.246137 63.239876
15.003570 1944.444444 5922 1973.414844 63.149275
15.001317 1944.444444 5951 1983.347606 63.467123
15.003361 1944.444444 5812 1937.059524 61.985905
15.002818 1944.444444 5759 1919.470111 61.423044
15.002903 1944.444444 5916 1971.927321 63.101674
15.001971 1944.444444 5935 1978.296112 63.305476
15.003862 1944.444444 5636 1878.620409 60.115853
15.003169 1944.444444 5826 1941.792441 62.137358
15.003843 1944.444444 5733 1910.940900 61.150109
15.004016 1944.444444 5886 1961.650115 62.772804
15.004636 1944.444444 5760 1919.437931 61.422014
15.008747 1944.444444 5921 1971.893446 63.100590
15.005220 1944.444444 5898 1965.982585 62.911443
15.001308 1944.444444 5763 1920.925339 61.469611
15.005159 1944.444444 5748 1915.746814 61.303898
18.002369 1944.444444 5963 1987.308329 63.593867
18.000894 1944.444444 5707 1902.261243 60.872360
18.005824 1944.444444 5732 1909.405554 61.100978
18.001134 1944.444444 5898 1965.880191 62.908166
18.002623 1944.444444 5921 1973.479695 63.151350
18.002688 1944.444444 5979 1992.906101 63.772995
18.002320 1944.444444 5766 1921.849268 61.499177
18.002545 1944.444444 5736 1911.881104 61.180195
18.002300 1944.444444 5779 1926.157157 61.637029
18.001639 1944.444444 5886 1961.940208 62.782087
18.002680 1944.444444 5854 1950.979606 62.431347
18.002146 1944.444444 5845 1948.262279 62.344393
18.001575 1944.444444 5834 1944.239961 62.215679
18.006651 1944.444444 5887 1960.510514 62.736336
18.001331 1944.444444 6004 2001.324038 64.042369
18.004800 1944.444444 5634 1876.954698 60.062550
18.002961 1944.444444 5834 1944.629263 62.228136
18.003244 1944.444444 5751 1916.944209 61.342215
18.003802 1944.444444 5858 1952.379654 62.476149
18.003945 1944.444444 5900 1966.420444 62.925454
18.003088 1944.444444 5732 1910.635314 61.140330
18.002492 1944.444444 5821 1939.996493 62.079888
18.003971 1944.444444 5817 1938.612007 62.035584
18.003272 1944.444444 5779 1926.041828 61.633338
18.004101 1944.444444 5834 1944.611570 62.227570
18.004380 1944.444444 5957 1985.606259 63.539400
18.003424 1944.444444 5853 1950.833981 62.426687
18.005294 1944.444444 6007 2001.894177 64.060614
18.001341 1944.444444 5851 1950.312399 62.409997
18.005763 1944.444444 5800 1932.983584 61.855475
18.008870 1944.444444 5801 1933.587081 61.874787
18.007216 1944.444444 5836 1944.000128 62.208004
21.001648 1944.444444 5871 1956.664699 62.613270
21.002809 1944.444444 5974 1990.062488 63.682000
21.001698 1944.444444 5774 1924.628875 61.588124
21.002125 1944.444444 5850 1949.642793 62.388569
21.002046 1944.444444 5774 1924.208129 61.574660
21.003227 1944.444444 5947 1981.720826 63.415066
21.003031 1944.444444 5724 1907.578637 61.042516
21.003375 1944.444444 5867 1955.090952 62.562910
21.003520 1944.444444 5784 1927.822616 61.690324
21.003764 1944.444444 5743 1913.641439 61.236526
21.003012 1944.444444 5700 1899.704060 60.790530
21.003109 1944.444444 5872 1957.237042 62.631585
21.003062 1944.444444 5941 1980.043546 63.361393
21.003133 1944.444444 5915 1971.132716 63.076247
21.002586 1944.444444 5827 1942.048165 62.145541
21.003507 1944.444444 5812 1937.062787 61.986009
21.002725 1944.444444 5940 1979.975885 63.359228
21.004809 1944.444444 5962 1987.327058 63.594466
21.004393 1944.444444 5981 1993.385605 63.788339
21.004877 1944.444444 5787 1928.308912 61.705885
21.004073 1944.444444 5791 1930.251087 61.768035
21.003419 1944.444444 5878 1959.237787 62.695609
21.004396 1944.444444 5778 1925.989705 61.631671
21.007038 1944.444444 5783 1925.347466 61.611119
21.006493 1944.444444 5818 1938.861498 62.043568
21.004290 1944.444444 5830 1943.211318 62.182762
21.007205 1944.444444 5970 1989.084718 63.650711
21.001892 1944.444444 5769 1922.646537 61.524689
21.007155 1944.444444 5870 1956.338096 62.602819
21.005429 1944.444444 5816 1938.579680 62.034550
21.008897 1944.444444 5890 1963.316010 62.826112
21.007943 1944.444444 5792 1930.199439 61.766382
24.003468 1944.444444 5896 1965.272886 62.888732
24.003309 1944.444444 5764 1920.959093 61.470691
24.003087 1944.444444 5750 1916.650742 61.332824
24.001771 1944.444444 5808 1935.952580 61.950483
24.001874 1944.444444 5874 1957.852812 62.651290
24.004913 1944.444444 5793 1930.038278 61.761225
24.004150 1944.444444 5827 1941.609447 62.131502
24.002835 1944.444444 5925 1974.836180 63.194758
24.003753 1944.444444 5819 1939.188030 62.054017
24.003001 1944.444444 5692 1897.212095 60.710787
24.003115 1944.444444 5921 1973.015588 63.136499
24.004072 1944.444444 5785 1927.978254 61.695304
24.003243 1944.444444 5622 1873.989801 59.967674
24.003033 1944.444444 5794 1930.697845 61.782331
24.004670 1944.444444 5827 1942.155849 62.148987
24.004897 1944.444444 5735 1910.945208 61.150247
24.003971 1944.444444 5965 1987.761998 63.608384
24.007509 1944.444444 5798 1930.455647 61.774581
24.003441 1944.444444 5827 1942.133670 62.148277
24.004815 1944.444444 5878 1958.479349 62.671339
24.004825 1944.444444 5790 1929.989619 61.759668
24.005210 1944.444444 5879 1959.449187 62.702374
24.004511 1944.444444 5992 1997.255266 63.912169
24.005085 1944.444444 5989 1995.804464 63.865743
24.002995 1944.444444 5942 1979.938704 63.358039
24.007468 1944.444444 5860 1953.129752 62.500152
24.010417 1944.444444 5945 1979.547041 63.345505
24.007647 1944.444444 5928 1975.240345 63.207691
24.006115 1944.444444 5926 1974.881795 63.196217
24.007496 1944.444444 5832 1943.703294 62.198505
24.009146 1944.444444 6083 2027.498427 64.879950
24.009860 1944.444444 5879 1958.415062 62.669282
27.003020 1944.444444 5877 1958.184882 62.661916
27.003579 1944.444444 5886 1960.885182 62.748326
27.003324 1944.444444 5902 1967.121709 62.947895
27.003403 1944.444444 5900 1966.605516 62.931376
27.003099 1944.444444 5737 1912.325818 61.194426
27.003713 1944.444444 5693 1897.369468 60.715823
27.004636 1944.444444 5769 1922.574037 61.522369
27.005363 1944.444444 5812 1936.293707 61.961399
27.004192 1944.444444 5593 1863.664571 59.637266
27.003329 1944.444444 5998 1999.004068 63.968130
27.003051 1944.444444 5862 1953.988227 62.527623
27.005776 1944.444444 6035 2011.287149 64.361189
27.005111 1944.444444 5930 1975.982336 63.231435
27.003655 1944.444444 6002 2000.524404 64.016781
27.005609 1944.444444 5815 1937.391111 61.996516
27.004900 1944.444444 5848 1949.284645 62.377109
27.005156 1944.444444 5707 1902.168983 60.869407
27.004860 1944.444444 5826 1941.877272 62.140073
27.003787 1944.444444 5860 1953.125227 62.500007
27.005203 1944.444444 5883 1960.547884 62.737532
27.004860 1944.444444 5726 1908.637999 61.076416
27.005300 1944.444444 5862 1953.859610 62.523508
27.005335 1944.444444 5945 1981.388483 63.404431
27.009198 1944.444444 5976 1990.851668 63.707253
27.008282 1944.444444 5779 1925.837507 61.626800
27.006522 1944.444444 5985 1994.729376 63.831340
27.003138 1944.444444 5823 1940.907460 62.109039
27.007999 1944.444444 5804 1934.439398 61.902061
27.009880 1944.444444 5919 1972.517475 63.120559
27.007638 1944.444444 5890 1963.240430 62.823694
27.011144 1944.444444 5982 1993.516562 63.792530
27.010162 1944.444444 5658 1885.810110 60.345924
30.004795 1944.444444 5919 1972.895538 63.132657
#type       avg     std     min     5th    10th    90th    95th    99th
read      923.3   287.2    97.0   558.4   616.5  1245.5  1342.8  1604.5
update    926.3   293.3   106.7   558.3   616.8  1250.6  1352.6  1635.3
op_q        3.1     1.6     1.0     1.0     1.1     5.0     5.9     7.7

Total QPS = 139945.8 (4198374 / 30.0s)

Misses = 0 (0.0%)
Skipped TXs = 0 (0.0%)

RX  724311717 bytes :   23.0 MB/s
TX  464893913 bytes :   14.8 MB/s
