3.000634 3055.555556 9359 3119.008011 99.808256
3.000412 3055.555556 9023 3007.253333 96.232107
3.000001 3055.555556 9169 3056.332754 97.802648
3.000016 3055.555556 9066 3021.983848 96.703483
3.000051 3055.555556 9067 3022.282292 96.713033
3.000353 3055.555556 9163 3053.973556 97.727154
3.000059 3055.555556 8876 2958.608748 94.675480
3.000461 3055.555556 9232 3076.860151 98.459525
3.000637 3055.555556 9199 3065.682815 98.101850
3.000094 3055.555556 9117 3038.904674 97.244950
3.000373 3055.555556 9096 3031.623444 97.011950
3.000130 3055.555556 9219 3072.866361 98.331724
3.000333 3055.555556 9072 3023.664794 96.757273
3.001165 3055.555556 9167 3054.480809 97.743386
3.000872 3055.555556 9367 3121.425785 99.885625
3.000077 3055.555556 9076 3025.255963 96.808191
3.000204 3055.555556 9202 3067.125052 98.148002
3.000905 3055.555556 8996 2997.762636 95.928404
3.000132 3055.555556 9035 3011.534615 96.369108
3.000071 3055.555556 9064 3021.261400 96.680365
3.000107 3055.555556 9202 3067.223471 98.151151
3.000295 3055.555556 9402 3133.691841 100.278139
3.000118 3055.555556 9099 3032.881165 97.052197
3.000064 3055.555556 9226 3075.267896 98.408573
3.000426 3055.555556 9171 3056.565994 97.810112
3.000074 3055.555556 9166 3055.257680 97.768246
3.000195 3055.555556 9133 3044.135355 97.412331
3.000039 3055.555556 9059 3019.627188 96.628070
3.000362 3055.555556 9073 3023.968878 96.767004
3.000357 3055.555556 9319 3105.963443 99.390830
3.001572 3055.555556 9018 3004.425954 96.141631
3.000127 3055.555556 9258 3085.868856 98.747803
6.000407 3055.555556 9257 3085.345316 98.731050
6.000243 3055.555556 9055 3018.139520 96.580465
6.000232 3055.555556 9205 3068.112071 98.179586
6.000476 3055.555556 9358 3119.144708 99.812631
6.000206 3055.555556 9175 3058.124065 97.859970
6.000390 3055.555556 9417 3138.728244 100.439304
6.001175 3055.555556 9220 3072.240272 98.311689
6.000184 3055.555556 9143 3047.539832 97.521275
6.000706 3055.555556 9119 3039.369316 97.259818
6.000419 3055.555556 9134 3044.447875 97.422332
6.000249 3055.555556 9059 3019.493406 96.623789
6.000493 3055.555556 9100 3032.906953 97.053023
6.000136 3055.555556 9210 3069.926298 98.237642
6.000588 3055.555556 8995 2998.206470 95.942607
6.000463 3055.555556 9416 3138.572306 100.434314
6.000152 3055.555556 9155 3051.646187 97.652678
6.000510 3055.555556 9324 3107.674167 99.445573
6.000647 3055.555556 9308 3102.653228 99.284903
6.000746 3055.555556 8891 2963.350694 94.827222
6.000479 3055.555556 9230 3076.516505 98.448528
6.000406 3055.555556 9162 3053.954462 97.726543
6.001103 3055.555556 9154 3050.859366 97.627500
6.000928 3055.555556 9092 3030.610405 96.979533
6.000316 3055.555556 9300 3099.794504 99.193424
6.001130 3055.555556 9007 3002.107421 96.067437
6.000382 3055.555556 9136 3045.303955 97.449727
6.000656 3055.555556 9344 3114.063089 99.650019
6.000147 3055.555556 9063 3020.891341 96.668523
6.001958 3055.555556 9162 3053.192421 97.702157
6.000970 3055.555556 9221 3073.039505 98.337264
6.001932 3055.555556 9178 3058.965768 97.886905
6.000242 3055.555556 9094 3031.217395 96.998957
9.001143 3055.555556 9118 3039.320980 97.258271
9.001835 3055.555556 9052 3015.673679 96.501558
9.000880 3055.555556 9122 3039.928384 97.277708
9.000174 3055.555556 9385 3128.293779 100.105401
9.000299 3055.555556 9145 3048.281962 97.545023
9.000711 3055.555556 8994 2997.768015 95.928576
9.000545 3055.555556 9193 3064.025438 98.048814
9.000483 3055.555556 9257 3085.409302 98.733098
9.001566 3055.555556 9104 3033.494653 97.071829
9.001766 3055.555556 9156 3050.802047 97.625666
9.000569 3055.555556 9241 3080.224765 98.567192
9.000584 3055.555556 9174 3057.614858 97.843675
9.000304 3055.555556 9120 3039.841285 97.274921
9.002086 3055.555556 9280 3091.616099 98.931715
9.001184 3055.555556 9041 3013.409419 96.429101
9.000701 3055.555556 9004 3001.278836 96.040923
9.000511 3055.555556 9272 3090.648333 98.900747
9.001200 3055.555556 9132 3043.266490 97.384528
9.000468 3055.555556 9155 3051.579850 97.650555
9.001001 3055.555556 9035 3011.369977 96.363839
9.000409 3055.555556 9106 3035.314417 97.130061
9.001299 3055.555556 9211 3069.420394 98.221453
9.000405 3055.555556 9009 3002.910867 96.093148
9.001194 3055.555556 9295 3098.313884 99.146044
9.000823 3055.555556 9050 3016.589292 96.530857
9.000760 3055.555556 9106 3035.079636 97.122548
9.001110 3055.555556 9104 3034.659483 97.109103
9.001286 3055.555556 9241 3079.686227 98.549959
9.001164 3055.555556 9097 3032.137121 97.028388
9.003381 3055.555556 9103 3032.894664 97.052629
9.002801 3055.555556 9076 3024.457881 96.782652
9.000317 3055.555556 9317 3105.589766 99.378873
12.002179 3055.555556 9163 3052.953205 97.694503
12.000695 3055.555556 9196 3065.180112 98.085764
12.001016 3055.555556 9090 3029.461107 96.942755
12.000453 3055.555556 9063 3020.719075 96.663010
12.001413 3055.555556 9313 3104.096255 99.331080
12.001669 3055.555556 9156 3051.430660 97.645781
12.001623 3055.555556 9202 3066.255452 98.120174
12.000883 3055.555556 9211 3070.026983 98.240863
12.000359 3055.555556 9222 3073.939170 98.366053
12.000733 3055.555556 9129 3042.671004 97.365472
12.002503 3055.555556 9194 3063.329458 98.026543
12.001681 3055.555556 9139 3045.844928 97.467038
12.001398 3055.555556 9110 3036.408051 97.165058
12.000800 3055.555556 9237 3078.908836 98.525083
12.000740 3055.555556 9156 3051.960001 97.662720
12.002064 3055.555556 8949 2982.772107 95.448707
12.000742 3055.555556 9234 3077.762515 98.488400
12.001330 3055.555556 9308 3101.775562 99.256818
12.000731 3055.555556 9282 3093.664327 98.997258
12.001172 3055.555556 9139 3046.160334 97.477131
12.000538 3055.555556 9053 3017.430655 96.557781
12.000974 3055.555556 9197 3065.570385 98.098252
12.000949 3055.555556 9089 3029.475798 96.943226
12.001597 3055.555556 9321 3106.967679 99.422966
12.002584 3055.555556 9070 3022.509023 96.720289
12.003459 3055.555556 9370 3123.252915 99.944093
12.001467 3055.555556 9140 3046.482988 97.487456
12.003848 3055.555556 9118 3037.549046 97.201569
12.001413 3055.555556 9235 3078.215574 98.502898
12.001236 3055.555556 9120 3039.926804 97.277658
12.003073 3055.555556 9458 3152.380259 100.876168
12.000765 3055.555556 9085 3027.880546 96.892177
15.000468 3055.555556 9215 3071.555247 98.289768
15.001038 3055.555556 9145 3048.310848 97.545947
15.000728 3055.555556 9194 3064.632397 98.068237
15.000913 3055.555556 9126 3041.969234 97.343016
15.000945 3055.555556 9487 3162.117827 101.187770
15.001220 3055.555556 9268 3088.901028 98.844833
15.000584 3055.555556 9338 3112.530165 99.600965
15.001040 3055.555556 9291 3096.683002 99.093856
15.000837 3055.555556 9339 3112.902283 99.612873
15.001506 3055.555556 9187 3062.223357 97.991147
15.001262 3055.555556 8889 2962.910722 94.813143
15.000865 3055.555556 9198 3065.862933 98.107614
15.001510 3055.555556 9233 3077.117424 98.467758
15.001097 3055.555556 9130 3043.184030 97.381889
15.001523 3055.555556 9085 3028.222681 96.903126
15.002275 3055.555556 8964 2987.408148 95.597061
15.001860 3055.555556 9014 3004.429149 96.141733
15.002391 3055.555556 9107 3034.863186 97.115622
15.000555 3055.555556 9028 3009.316427 96.298126
15.001707 3055.555556 9299 3099.627833 99.188091
15.002241 3055.555556 9245 3081.603448 98.611310
15.001392 3055.555556 9333 3110.935140 99.549924
15.001897 3055.555556 9175 3057.895255 97.852648
15.001739 3055.555556 9050 3016.338862 96.522844
15.002507 3055.555556 9056 3018.662469 96.597199
15.002340 3055.555556 8852 2950.395335 94.412651
15.001601 3055.555556 9402 3133.618762 100.275800
15.003313 3055.555556 9231 3076.253311 98.440106
15.004524 3055.555556 9060 3018.928297 96.605705
15.004040 3055.555556 9150 3049.805186 97.593766
15.003174 3055.555556 9366 3121.894654 99.900629
15.001149 3055.555556 9323 3107.268716 99.432599
18.001240 3055.555556 9294 3097.583202 99.122662
18.001024 3055.555556 8918 2972.115034 95.107681
18.001927 3055.555556 9347 3114.744181 99.671814
18.001471 3055.555556 9208 3068.892489 98.204560
18.002127 3055.555556 9146 3048.053219 97.537703
18.001038 3055.555556 9439 3146.008924 100.672286
18.000840 3055.555556 9366 3121.734412 99.895501
18.002109 3055.555556 9365 3120.455730 99.854583
18.001548 3055.555556 9335 3111.369993 99.563840
18.000990 3055.555556 9303 3100.921071 99.229474
18.003444 3055.555556 9210 3068.256903 98.184221
18.001393 3055.555556 9139 3046.157249 97.477032
18.001919 3055.555556 9227 3075.449540 98.414385
18.000593 3055.555556 9141 3046.961875 97.502780
18.001638 3055.555556 9189 3062.869677 98.011830
18.001816 3055.555556 9140 3046.352231 97.483271
18.000883 3055.555556 9247 3082.314913 98.634077
18.001606 3055.555556 9279 3092.475259 98.959208
18.001871 3055.555556 9290 3096.655906 99.092989
18.002054 3055.555556 9167 3055.506570 97.776210
18.001966 3055.555556 9147 3048.416613 97.549332
18.002892 3055.555556 9189 3062.488390 97.999628
18.005079 3055.555556 9088 3026.569529 96.850225
18.004167 3055.555556 9169 3054.643342 97.748587
18.002421 3055.555556 9229 3076.183355 98.437867
18.002761 3055.555556 9041 3013.143808 96.420602
18.001734 3055.555556 9154 3051.197696 97.638326
18.003447 3055.555556 9163 3054.196380 97.734284
18.004208 3055.555556 9218 3072.494203 98.319815
18.004599 3055.555556 9015 3004.923935 96.157566
18.003417 3055.555556 9307 3102.082399 99.266637
18.001838 3055.555556 9152 3049.966079 97.598915
21.001838 3055.555556 8903 2967.226923 94.951262
21.002014 3055.555556 9198 3064.953231 98.078503
21.001450 3055.555556 9263 3087.038116 98.785220
21.002026 3055.555556 9242 3080.267577 98.568562
21.001384 3055.555556 9112 3036.982542 97.183441
21.001486 3055.555556 9208 3068.860674 98.203542
21.000986 3055.555556 9261 3086.893591 98.780595
21.001836 3055.555556 9230 3076.371675 98.443894
21.001956 3055.555556 9135 3044.970434 97.439054
21.001607 3055.555556 9265 3087.956309 98.814602
21.002046 3055.555556 8957 2985.437040 95.533985
21.001893 3055.555556 9153 3050.977268 97.631273
21.000910 3055.555556 8934 2977.685536 95.285937
21.002418 3055.555556 9164 3054.352350 97.739275
21.002219 3055.555556 9247 3081.564967 98.610079
21.002247 3055.555556 9309 3102.875583 99.292019
21.001787 3055.555556 9274 3091.146023 98.916673
21.003032 3055.555556 9167 3055.524330 97.776779
21.002087 3055.555556 9218 3072.494083 98.319811
21.003334 3055.555556 9222 3073.064942 98.338078
21.002322 3055.555556 9139 3045.972079 97.471107
21.002856 3055.555556 9124 3041.236865 97.319580
21.002388 3055.555556 9165 3054.660130 97.749124
21.003473 3055.555556 9078 3025.970002 96.831040
21.001843 3055.555556 9021 3006.890557 96.220498
21.005434 3055.555556 8972 2989.444860 95.662236
21.003502 3055.555556 9249 3082.943720 98.654199
21.004850 3055.555556 9103 3033.642344 97.076555
21.005837 3055.555556 9247 3081.555346 98.609771
21.004896 3055.555556 9123 3040.699356 97.302379
21.004214 3055.555556 8951 2982.874760 95.451992
21.004499 3055.555556 9194 3061.951373 97.982444
24.001445 3055.555556 9269 3089.604415 98.867341
24.002022 3055.555556 9275 3091.474987 98.927200
24.001523 3055.555556 8996 2998.630233 95.956167
24.002040 3055.555556 9296 3098.514672 99.152470
24.002059 3055.555556 9134 3044.562276 97.425993
24.001922 3055.555556 9222 3073.913500 98.365232
24.002512 3055.555556 9104 3033.592900 97.074973
24.001055 3055.555556 9051 3016.931295 96.541801
24.003922 3055.555556 9214 3069.591208 98.226919
24.001204 3055.555556 9218 3072.365337 98.315691
24.002319 3055.555556 9427 3141.587242 100.530792
24.002378 3055.555556 9108 3035.706317 97.142602
24.002231 3055.555556 9351 3116.774853 99.736795
24.002265 3055.555556 9273 3090.774412 98.904781
24.002749 3055.555556 9141 3046.632781 97.492249
24.002327 3055.555556 9059 3019.586208 96.626759
24.002466 3055.555556 9242 3079.970379 98.559052
24.001970 3055.555556 9049 3016.205886 96.518588
24.002841 3055.555556 9212 3070.233577 98.247474
24.002065 3055.555556 9077 3025.627586 96.820083
24.003784 3055.555556 9200 3066.206711 98.118615
24.003102 3055.555556 9173 3057.595674 97.843062
24.002548 3055.555556 9215 3071.435461 98.285935
24.004141 3055.555556 9211 3069.679536 98.229745
24.003921 3055.555556 9144 3046.918943 97.501406
24.003725 3055.555556 9247 3082.074883 98.626396
24.005583 3055.555556 9231 3076.248904 98.439965
24.005545 3055.555556 9166 3055.219923 97.767038
24.005899 3055.555556 9186 3061.936803 97.981978
24.005030 3055.555556 9144 3047.863552 97.531634
24.004897 3055.555556 9104 3033.975066 97.087202
24.005723 3055.555556 9270 3088.739371 98.839660
27.001571 3055.555556 8994 2997.633124 95.924260
27.001898 3055.555556 9138 3045.619274 97.459817
27.001618 3055.555556 9412 3137.151847 100.388859
27.002069 3055.555556 9297 3098.951423 99.166446
27.002228 3055.555556 9179 3058.470108 97.871043
27.002166 3055.555556 9122 3040.539308 97.297258
27.002162 3055.555556 9171 3056.894458 97.820623
27.003777 3055.555556 9303 3099.084533 99.170705
27.002676 3055.555556 9138 3045.379939 97.452158
27.002297 3055.555556 9118 3039.301547 97.257649
27.002450 3055.555556 9139 3046.110735 97.475544
27.002932 3055.555556 9143 3047.044299 97.505418
27.002816 3055.555556 9185 3061.167053 97.957346
27.002617 3055.555556 9125 3041.423627 97.325556
27.003183 3055.555556 9348 3115.645159 99.700645
27.002627 3055.555556 9063 3020.884861 96.668316
27.003461 3055.555556 9148 3048.968204 97.566983
27.002733 3055.555556 9109 3036.145933 97.156670
27.002661 3055.555556 9058 3019.136524 96.612369
27.003542 3055.555556 9163 3053.526651 97.712853
27.002129 3055.555556 8963 2987.508034 95.600257
27.004457 3055.555556 9144 3047.678735 97.525720
27.004146 3055.555556 9226 3075.102231 98.403271
27.003915 3055.555556 9244 3081.198928 98.598366
27.003826 3055.555556 9101 3033.564053 97.074050
27.004341 3055.555556 9198 3065.571964 98.098303
27.005643 3055.555556 9134 3044.567936 97.426174
27.005312 3055.555556 9163 3054.047035 97.729505
27.005636 3055.555556 9173 3057.612594 97.843603
27.007328 3055.555556 9132 3042.550020 97.361601
27.005520 3055.555556 9106 3034.703169 97.110501
27.006195 3055.555556 9276 3091.513986 98.928448
#type       avg     std     min     5th    10th    90th    95th    99th
read      653.0   235.7    97.0   379.0   418.3   931.3  1062.9  1258.3
update    655.9   238.2    97.0   379.4   418.7   940.7  1072.3  1258.8
op_q        3.3     1.8     1.0     1.0     1.1     5.7     6.8     8.1

Total QPS = 219890.2 (6596707 / 30.0s)

Misses = 0 (0.0%)
Skipped TXs = 0 (0.0%)

RX 1138965208 bytes :   36.2 MB/s
TX  730459933 bytes :   23.2 MB/s
