3.000140 312.500000 901 300.319358 9.610219
3.001576 312.500000 972 323.829917 10.362557
3.034495 312.500000 993 327.237335 10.471595
3.001972 312.500000 903 300.802308 9.625674
3.003205 312.500000 922 307.005327 9.824170
3.010014 312.500000 849 282.058488 9.025872
3.004615 312.500000 876 291.551525 9.329649
3.009700 312.500000 964 320.297653 10.249525
3.001140 312.500000 968 322.544047 10.321409
3.002423 312.500000 967 322.073212 10.306343
3.000779 312.500000 884 294.590197 9.426886
3.000705 312.500000 895 298.263217 9.544423
3.000433 312.500000 926 308.622095 9.875907
3.000622 312.500000 967 322.266472 10.312527
3.001189 312.500000 933 310.876801 9.948058
3.006573 312.500000 927 308.324498 9.866384
3.000379 312.500000 944 314.626906 10.068061
3.000711 312.500000 983 327.589017 10.482849
3.000315 312.500000 976 325.299216 10.409575
3.002046 312.500000 959 319.448825 10.222362
3.000357 312.500000 965 321.628371 10.292108
3.028907 312.500000 885 292.184625 9.349908
3.003599 312.500000 959 319.283681 10.217078
3.002861 312.500000 979 326.022399 10.432717
3.001356 312.500000 992 330.517254 10.576552
3.001301 312.500000 915 304.867748 9.755768
3.001941 312.500000 922 307.134594 9.828307
3.000249 312.500000 909 302.974835 9.695195
3.003232 312.500000 929 309.333402 9.898669
3.000653 312.500000 932 310.599045 9.939169
3.005446 312.500000 889 295.796407 9.465485
3.001597 312.500000 963 320.829174 10.266534
6.048480 312.500000 943 310.321997 9.930304
6.004744 312.500000 912 303.640197 9.716486
6.000730 312.500000 921 306.957498 9.822640
6.007398 312.500000 911 302.933693 9.693878
6.008367 312.500000 951 316.455520 10.126577
6.013543 312.500000 885 294.653356 9.428907
6.003819 312.500000 940 313.310352 10.025931
6.005439 312.500000 961 320.011650 10.240373
6.006456 312.500000 991 329.840325 10.554890
6.002541 312.500000 945 314.773166 10.072741
6.005114 312.500000 945 314.538354 10.065227
6.001729 312.500000 962 320.520138 10.256644
6.007421 312.500000 895 298.054546 9.537745
6.003007 312.500000 969 322.799212 10.329575
6.002535 312.500000 941 313.566393 10.034125
6.006289 312.500000 925 307.897794 9.852729
6.001370 312.500000 916 305.257291 9.768233
6.002064 312.500000 929 309.498387 9.903948
6.003473 312.500000 894 297.732586 9.527443
6.003886 312.500000 941 313.463416 10.030829
6.008583 312.500000 991 329.533448 10.545070
6.006336 312.500000 957 318.471372 10.191084
6.004166 312.500000 972 323.577498 10.354480
6.007115 312.500000 886 295.279998 9.448960
6.025065 312.500000 933 308.753005 9.880096
6.013989 312.500000 959 318.257417 10.184237
6.005745 312.500000 919 306.039148 9.793253
6.004413 312.500000 845 281.314137 9.002052
6.028951 312.500000 1005 334.995029 10.719841
6.040188 312.500000 903 300.429836 9.613755
6.008393 312.500000 888 295.709445 9.462702
6.002397 312.500000 999 332.911308 10.653162
9.001378 312.500000 961 320.264208 10.248455
9.011089 312.500000 930 309.250560 9.896018
9.007597 312.500000 957 318.981234 10.207399
9.015405 312.500000 973 323.259413 10.344301
9.009974 312.500000 962 320.108624 10.243476
9.008330 312.500000 942 313.492448 10.031758
9.008249 312.500000 945 314.279286 10.056937
9.012291 312.500000 828 275.453185 8.814502
9.007748 312.500000 943 314.267022 10.056545
9.008980 312.500000 911 303.180185 9.701766
9.008092 312.500000 954 317.684662 10.165909
9.005299 312.500000 917 305.385273 9.772329
9.010917 312.500000 942 313.174175 10.021574
9.011829 312.500000 899 298.661141 9.557157
9.012543 312.500000 919 305.315378 9.770092
9.005651 312.500000 896 298.310072 9.545922
9.011161 312.500000 955 317.934548 10.173906
9.007203 312.500000 887 295.340194 9.450886
9.017028 312.500000 925 307.445694 9.838262
9.008940 312.500000 942 313.722831 10.039131
9.010213 312.500000 925 307.947614 9.854324
9.014195 312.500000 889 296.269007 9.480608
9.008437 312.500000 929 309.389034 9.900449
9.016445 312.500000 990 329.137488 10.532400
9.021702 312.500000 937 310.543634 9.937396
9.028359 312.500000 926 307.195255 9.830248
9.026273 312.500000 946 315.206416 10.086605
9.015348 312.500000 981 326.243640 10.439796
9.044783 312.500000 895 297.877157 9.532069
9.030269 312.500000 951 316.860860 10.139548
9.048834 312.500000 880 293.298714 9.385559
9.006642 312.500000 930 309.561893 9.905981
12.014426 312.500000 961 320.056220 10.241799
12.005751 312.500000 923 307.656391 9.845005
12.008799 312.500000 950 316.617195 10.131750
12.004363 312.500000 941 313.354779 10.027353
12.014585 312.500000 977 325.287617 10.409204
12.011562 312.500000 872 290.604234 9.299335
12.025099 312.500000 975 323.822999 10.362336
12.016122 312.500000 914 304.303694 9.737718
12.012637 312.500000 983 327.171027 10.469473
12.009941 312.500000 965 321.431622 10.285812
12.011363 312.500000 1000 332.660941 10.645150
12.008844 312.500000 951 316.937172 10.141990
12.008442 312.500000 976 325.241715 10.407735
12.018546 312.500000 927 308.144115 9.860612
12.014507 312.500000 985 327.967526 10.494961
12.015917 312.500000 860 286.001508 9.152048
12.011399 312.500000 911 303.522492 9.712720
12.007686 312.500000 870 289.953246 9.278504
12.020009 312.500000 907 302.033210 9.665063
12.009306 312.500000 972 323.906137 10.364996
12.015389 312.500000 1003 333.620663 10.675861
12.016012 312.500000 974 324.601022 10.387233
12.017305 312.500000 915 304.491079 9.743715
12.016862 312.500000 933 310.956741 9.950616
12.046072 312.500000 967 320.220029 10.247041
12.024240 312.500000 885 294.750646 9.432021
12.032804 312.500000 902 300.221856 9.607099
12.035479 312.500000 954 317.448679 10.158358
12.046999 312.500000 990 329.756341 10.552203
12.018984 312.500000 950 316.283366 10.121068
12.051877 312.500000 960 319.675739 10.229624
12.010160 312.500000 925 307.972182 9.855110
15.014668 312.500000 949 315.985242 10.111528
15.004516 312.500000 970 323.316848 10.346139
15.017850 312.500000 861 286.680564 9.173778
15.006023 312.500000 876 291.973467 9.343151
15.018061 312.500000 930 309.778659 9.912917
15.011396 312.500000 965 321.350263 10.283208
15.011286 312.500000 874 291.096395 9.315085
15.017327 312.500000 922 306.727238 9.815272
15.015015 312.500000 952 317.081928 10.146622
15.010980 312.500000 846 281.902390 9.020876
15.009293 312.500000 1021 340.277277 10.888873
15.014027 312.500000 946 315.074457 10.082383
15.017218 312.500000 972 323.881692 10.364214
15.016032 312.500000 900 299.855374 9.595372
15.017327 312.500000 939 312.951525 10.014449
15.008642 312.500000 912 303.903198 9.724902
15.029146 312.500000 907 301.926008 9.661632
15.015118 312.500000 955 318.259986 10.184320
15.032022 312.500000 966 320.715821 10.262906
15.016814 312.500000 998 332.577717 10.642487
15.017592 312.500000 922 307.107747 9.827448
15.023809 312.500000 926 308.126136 9.860036
15.014211 312.500000 930 309.493983 9.903807
15.017692 312.500000 888 295.961906 9.470781
15.026714 312.500000 964 321.068577 10.274194
15.033170 312.500000 997 332.292705 10.633367
15.047991 312.500000 944 314.562710 10.066007
15.038977 312.500000 904 300.982345 9.631435
15.055877 312.500000 876 291.611189 9.331558
15.019691 312.500000 1019 339.586637 10.866772
15.051458 312.500000 974 324.084732 10.370711
15.011050 312.500000 896 298.578098 9.554499
18.018847 312.500000 896 298.251204 9.544039
18.004553 312.500000 879 292.996449 9.375886
18.019464 312.500000 872 290.510347 9.296331
18.006235 312.500000 985 328.310206 10.505927
18.027918 312.500000 933 309.933267 9.917865
18.015967 312.500000 914 304.161017 9.733153
18.012013 312.500000 872 290.606958 9.299423
18.012935 312.500000 933 310.829107 9.946531
18.019640 312.500000 932 310.374353 9.931979
18.015096 312.500000 940 313.324885 10.026396
18.010573 312.500000 872 290.542767 9.297369
18.014944 312.500000 950 316.569853 10.130235
18.018593 312.500000 935 311.306027 9.961793
18.017862 312.500000 990 328.988895 10.527645
18.024097 312.500000 964 320.648701 10.260758
18.016562 312.500000 960 319.943470 10.238191
18.018402 312.500000 864 287.967236 9.214952
18.017446 312.500000 994 331.308126 10.601860
18.026321 312.500000 942 313.061416 10.017965
18.017842 312.500000 936 311.946457 9.982287
18.037168 312.500000 939 312.165306 9.989290
18.027346 312.500000 982 326.947816 10.462330
18.020641 312.500000 982 326.633294 10.452265
18.032150 312.500000 880 293.320753 9.386264
18.033952 312.500000 909 302.270685 9.672662
18.034858 312.500000 984 327.815541 10.490097
18.048536 312.500000 925 308.277307 9.864874
18.039349 312.500000 933 310.961439 9.950766
18.019834 312.500000 947 315.651591 10.100851
18.056263 312.500000 937 312.293169 9.993381
18.051891 312.500000 953 317.620864 10.163868
18.026985 312.500000 1026 340.192985 10.886176
21.014865 312.500000 897 298.572826 9.554330
21.016653 312.500000 956 318.501440 10.192046
21.006216 312.500000 917 305.497263 9.775912
21.009649 312.500000 909 302.655553 9.684978
21.019126 312.500000 983 326.991881 10.463740
21.014003 312.500000 1001 333.445400 10.670253
21.026003 312.500000 938 311.624246 9.971976
21.015104 312.500000 918 305.983675 9.791478
21.018506 312.500000 913 304.225828 9.735226
21.029042 312.500000 975 323.965703 10.366902
21.026049 312.500000 926 307.824519 9.850385
21.027657 312.500000 997 331.251805 10.600058
21.018864 312.500000 951 316.951135 10.142436
21.017093 312.500000 905 301.613219 9.651623
21.026682 312.500000 930 309.192439 9.894158
21.032498 312.500000 917 305.631222 9.780199
21.032107 312.500000 943 312.923701 10.013558
21.021315 312.500000 1004 334.479893 10.703357
21.020795 312.500000 947 315.650412 10.100813
21.031846 312.500000 903 300.224528 9.607185
21.045904 312.500000 914 303.782069 9.721026
21.037236 312.500000 941 312.636021 10.004353
21.029235 312.500000 1010 336.339987 10.762880
21.032986 312.500000 918 305.483915 9.775485
21.039936 312.500000 935 311.605677 9.971382
21.038931 312.500000 865 287.942468 9.214159
21.051558 312.500000 919 306.025045 9.792801
21.038956 312.500000 918 305.490473 9.775695
21.020161 312.500000 984 327.964299 10.494858
21.071590 312.500000 904 299.801646 9.593653
21.052628 312.500000 967 322.254195 10.312134
21.037471 312.500000 900 298.955115 9.566564
24.008779 312.500000 931 310.068421 9.922189
24.010531 312.500000 940 313.241233 10.023719
24.017371 312.500000 946 314.979772 10.079353
24.026619 312.500000 940 312.341605 9.994931
24.017436 312.500000 932 310.400680 9.932822
24.017477 312.500000 1003 334.069136 10.690212
24.021559 312.500000 888 295.516661 9.456533
24.019668 312.500000 951 316.877262 10.140072
24.026544 312.500000 923 306.881094 9.820195
24.026812 312.500000 953 317.581036 10.162593
24.026273 312.500000 924 307.268033 9.832577
24.022663 312.500000 933 310.860346 9.947531
24.032914 312.500000 904 300.645391 9.620653
24.022138 312.500000 884 294.534875 9.425116
24.036484 312.500000 902 300.316497 9.610128
24.033280 312.500000 889 296.256102 9.480195
24.029716 312.500000 914 304.358946 9.739486
24.035669 312.500000 1021 339.604990 10.867360
24.037677 312.500000 974 323.734846 10.359515
24.042054 312.500000 967 321.268215 10.280583
24.034229 312.500000 940 313.084640 10.018708
24.029311 312.500000 977 325.487237 10.415592
24.037692 312.500000 936 311.952598 9.982483
24.047207 312.500000 965 321.526982 10.288863
24.048220 312.500000 866 287.871833 9.211899
24.039852 312.500000 951 316.902730 10.140887
24.051633 312.500000 960 319.991964 10.239743
24.035775 312.500000 893 296.125422 9.476013
24.040087 312.500000 1010 336.539735 10.769272
24.054659 312.500000 956 318.451066 10.190434
24.097339 312.500000 891 294.472492 9.423120
24.038773 312.500000 924 307.866376 9.851724
27.010592 312.500000 971 323.660081 10.357123
27.018005 312.500000 891 296.089443 9.474862
27.029296 312.500000 884 293.510348 9.392331
27.029480 312.500000 997 331.249873 10.599996
27.017869 312.500000 955 318.280503 10.184976
27.018230 312.500000 892 297.254571 9.512146
27.024687 312.500000 975 324.661556 10.389170
27.030341 312.500000 893 296.906741 9.501016
27.031268 312.500000 915 304.520475 9.744655
27.041107 312.500000 970 322.491997 10.319744
27.027203 312.500000 845 281.611825 9.011578
27.028290 312.500000 1020 339.832534 10.874641
27.028935 312.500000 975 324.711863 10.390780
27.038102 312.500000 908 301.822916 9.658333
27.033556 312.500000 990 329.929384 10.557740
27.025079 312.500000 938 312.360382 9.995532
27.031493 312.500000 964 321.099727 10.275191
27.036102 312.500000 915 304.955990 9.758592
27.035463 312.500000 917 305.541009 9.777312
27.039750 312.500000 902 300.459088 9.614691
27.040632 312.500000 963 320.685682 10.261942
27.037238 312.500000 959 319.586388 10.226764
27.042093 312.500000 960 319.995783 10.239865
27.052479 312.500000 897 298.915784 9.565305
27.050683 312.500000 946 314.968428 10.078990
27.049878 312.500000 928 308.327121 9.866468
27.045239 312.500000 957 317.996816 10.175898
27.051155 312.500000 936 311.694986 9.974240
27.039986 312.500000 953 317.652483 10.164879
27.060011 312.500000 953 317.100989 10.147232
27.098401 312.500000 887 295.562080 9.457987
27.044313 312.500000 982 326.729938 10.455358
#type       avg     std     min     5th    10th    90th    95th    99th
read      144.8    64.5    66.3    84.5    90.3   212.5   234.2   278.3
update    149.7    69.1    66.3    89.4    95.1   217.4   241.2   286.4
op_q        1.1     0.2     1.0     1.0     1.0     1.1     1.1     2.1

Total QPS = 19941.0 (598230 / 30.0s)

Misses = 0 (0.0%)
Skipped TXs = 0 (0.0%)

RX  103046950 bytes :    3.3 MB/s
TX   66403729 bytes :    2.1 MB/s
