3.000058 3333.333333 10149 3382.934131 108.253892
3.000215 3333.333333 9900 3299.763487 105.592432
3.001255 3333.333333 9855 3283.626530 105.076049
3.000238 3333.333333 10102 3367.066086 107.746115
3.000642 3333.333333 9996 3331.286777 106.601177
3.000252 3333.333333 9816 3271.725629 104.695220
3.000314 3333.333333 9864 3287.655938 105.204990
3.000967 3333.333333 10053 3349.920118 107.197444
3.000151 3333.333333 9939 3312.833799 106.010682
3.000863 3333.333333 9804 3267.059672 104.545910
3.000419 3333.333333 10153 3383.860315 108.283530
3.000319 3333.333333 10005 3334.645356 106.708651
3.000104 3333.333333 9692 3230.555100 103.377763
3.000252 3333.333333 10045 3348.051841 107.137659
3.000203 3333.333333 10045 3348.106306 107.139402
3.000009 3333.333333 9771 3256.990436 104.223694
3.000359 3333.333333 10058 3352.265834 107.272507
3.000132 3333.333333 10092 3363.852238 107.643272
3.001260 3333.333333 9725 3240.305944 103.689790
3.000005 3333.333333 9915 3304.994653 105.759829
3.000073 3333.333333 10068 3355.918045 107.389377
3.000088 3333.333333 10040 3346.568178 107.090182
3.000735 3333.333333 10066 3354.511239 107.344360
3.000039 3333.333333 9929 3309.623403 105.907949
3.000301 3333.333333 10187 3395.325887 108.650428
3.000080 3333.333333 10139 3379.576062 108.146434
3.000334 3333.333333 9854 3284.301059 105.097634
3.000224 3333.333333 9715 3238.091878 103.618940
3.000441 3333.333333 9961 3319.845484 106.235055
3.000832 3333.333333 10038 3345.072070 107.042306
3.001021 3333.333333 9965 3320.536459 106.257167
3.000101 3333.333333 10060 3353.220715 107.303063
6.000649 3333.333333 10068 3355.339876 107.370876
6.000490 3333.333333 10133 3377.473663 108.079157
6.001529 3333.333333 9954 3317.122229 106.147911
6.000388 3333.333333 9914 3304.384060 105.740290
6.000431 3333.333333 10088 3362.352413 107.595277
6.000797 3333.333333 10033 3343.454914 106.990557
6.002833 3333.333333 10104 3365.050560 107.681618
6.000480 3333.333333 10326 3441.722802 110.135130
6.000558 3333.333333 9969 3322.497003 106.319904
6.003571 3333.333333 10119 3369.923299 107.837546
6.000338 3333.333333 9848 3282.640421 105.044493
6.000217 3333.333333 9819 3272.843050 104.730978
6.000343 3333.333333 9816 3271.900406 104.700813
6.000794 3333.333333 9935 3310.888353 105.948427
6.000302 3333.333333 10051 3350.332484 107.210639
6.000292 3333.333333 10083 3360.955522 107.550577
6.000095 3333.333333 10073 3357.604188 107.443334
6.000602 3333.333333 10113 3370.794281 107.865417
6.000687 3333.333333 9993 3330.475772 106.575225
6.000305 3333.333333 10112 3370.328966 107.850527
6.000882 3333.333333 10257 3418.978826 109.407322
6.001397 3333.333333 10143 3380.839959 108.186879
6.000166 3333.333333 10004 3334.571779 106.706297
6.001979 3333.333333 9867 3287.535511 105.201136
6.000615 3333.333333 9885 3294.718069 105.430978
6.000290 3333.333333 9877 3292.260337 105.352331
6.000557 3333.333333 10157 3385.535782 108.337145
6.001536 3333.333333 10227 3408.354172 109.067334
6.000485 3333.333333 10070 3356.497255 107.407912
6.001985 3333.333333 9951 3316.198926 106.118366
6.001137 3333.333333 9952 3317.204936 106.150558
6.000591 3333.333333 9901 3299.794502 105.593424
9.002937 3333.333333 10038 3343.103654 106.979317
9.000365 3333.333333 9985 3328.262917 106.504413
9.000980 3333.333333 9876 3291.795623 105.337460
9.000649 3333.333333 10014 3337.709801 106.806714
9.000340 3333.333333 10118 3372.390930 107.916510
9.005178 3333.333333 9807 3263.888996 104.444448
9.001029 3333.333333 9934 3310.576108 105.938435
9.000393 3333.333333 9912 3303.806290 105.721801
9.000659 3333.333333 9820 3273.143641 104.740597
9.000621 3333.333333 10062 3353.786969 107.321183
9.000510 3333.333333 9992 3330.644739 106.580632
9.000582 3333.333333 10167 3388.671967 108.437503
9.000316 3333.333333 10080 3359.970600 107.519059
9.000997 3333.333333 10040 3345.895384 107.068652
9.001768 3333.333333 9864 3287.029023 105.184929
9.001999 3333.333333 9941 3312.075912 105.986429
9.001143 3333.333333 9894 3297.457031 105.518625
9.000801 3333.333333 9966 3321.874110 106.299972
9.001616 3333.333333 9967 3322.090621 106.306900
9.000646 3333.333333 9840 3279.952137 104.958468
9.001099 3333.333333 9992 3330.331893 106.570621
9.001991 3333.333333 9904 3299.326035 105.578433
9.002687 3333.333333 10040 3344.357483 107.019439
9.001675 3333.333333 9977 3325.504421 106.416141
9.000930 3333.333333 9883 3293.923317 105.405546
9.002115 3333.333333 10064 3354.018340 107.328587
9.002239 3333.333333 9998 3332.377722 106.636087
9.002453 3333.333333 10065 3354.476174 107.343238
9.002897 3333.333333 9884 3294.596797 105.427097
9.001204 3333.333333 9926 3308.592548 105.874962
9.004094 3333.333333 10032 3343.416788 106.989337
9.000863 3333.333333 10036 3345.029822 107.040954
12.000402 3333.333333 10044 3347.990336 107.135691
12.000760 3333.333333 9954 3317.803228 106.169703
12.001063 3333.333333 9910 3303.242177 105.703750
12.000743 3333.333333 9920 3306.250817 105.800026
12.000529 3333.333333 10013 3337.456998 106.798624
12.002059 3333.333333 10159 3385.299669 108.329589
12.001248 3333.333333 10029 3342.756353 106.968203
12.000645 3333.333333 10033 3344.183064 107.013858
12.000684 3333.333333 9968 3322.597599 106.323123
12.001162 3333.333333 9840 3279.436315 104.941962
12.000671 3333.333333 9970 3323.308854 106.345883
12.000900 3333.333333 9891 3296.891325 105.500522
12.002169 3333.333333 9941 3313.223927 106.023166
12.001791 3333.333333 9993 3330.231311 106.567402
12.000889 3333.333333 9941 3313.412552 106.029202
12.002392 3333.333333 9889 3295.892515 105.468560
12.001125 3333.333333 10056 3351.782895 107.257053
12.000647 3333.333333 10118 3372.294904 107.913437
12.002505 3333.333333 10152 3383.428924 108.269726
12.001082 3333.333333 9940 3313.239460 106.023663
12.001816 3333.333333 10075 3358.176227 107.461639
12.001646 3333.333333 10048 3349.299901 107.177597
12.002557 3333.333333 10013 3337.175743 106.789624
12.002484 3333.333333 10010 3336.394136 106.764612
12.003165 3333.333333 10047 3348.700611 107.158420
12.002531 3333.333333 10182 3393.911773 108.605177
12.002961 3333.333333 10111 3370.306648 107.849813
12.002690 3333.333333 10238 3412.662998 109.205216
12.001403 3333.333333 9926 3308.447832 105.870331
12.006446 3333.333333 9869 3288.276388 105.224844
12.004116 3333.333333 10139 3379.642345 108.148555
12.003308 3333.333333 10042 3344.607600 107.027443
15.001146 3333.333333 10100 3366.234159 107.719493
15.000537 3333.333333 10013 3337.516569 106.800530
15.000577 3333.333333 9981 3326.946477 106.462287
15.001141 3333.333333 10076 3358.141178 107.460518
15.000923 3333.333333 10053 3350.689889 107.222076
15.000991 3333.333333 10007 3335.324739 106.730392
15.001052 3333.333333 10224 3407.826607 109.050451
15.001319 3333.333333 10242 3413.344814 109.227034
15.001554 3333.333333 9998 3332.231267 106.631401
15.000847 3333.333333 10246 3415.105700 109.283382
15.001322 3333.333333 10090 3362.848743 107.611160
15.001368 3333.333333 9926 3308.534186 105.873094
15.003003 3333.333333 9768 3254.684718 104.149911
15.001881 3333.333333 10138 3379.068920 108.130205
15.003393 3333.333333 9936 3310.996590 105.951891
15.001135 3333.333333 10096 3365.252149 107.688069
15.001449 3333.333333 10110 3369.587553 107.826802
15.002702 3333.333333 10125 3374.778085 107.992899
15.001820 3333.333333 10158 3385.995772 108.351865
15.002271 3333.333333 10199 3399.550746 108.785624
15.001150 3333.333333 10040 3346.638796 107.092441
15.002378 3333.333333 9937 3311.981037 105.983393
15.002615 3333.333333 10012 3337.268802 106.792602
15.004920 3333.333333 10037 3343.483303 106.991466
15.003398 3333.333333 10001 3332.703169 106.646501
15.002953 3333.333333 10042 3347.039687 107.105270
15.003230 3333.333333 9844 3281.261593 105.000371
15.003431 3333.333333 9993 3329.847417 106.555117
15.001668 3333.333333 10079 3359.369608 107.499827
15.004403 3333.333333 9908 3302.350770 105.675225
15.006547 3333.333333 10104 3367.886611 107.772372
15.003565 3333.333333 10121 3373.377198 107.948070
18.000679 3333.333333 9832 3277.178232 104.869703
18.000889 3333.333333 10006 3334.986182 106.719558
18.001527 3333.333333 9781 3259.914081 104.317251
18.001338 3333.333333 9804 3267.547414 104.561517
18.002106 3333.333333 10088 3361.590187 107.570886
18.001426 3333.333333 10002 3333.935848 106.685947
18.002142 3333.333333 9984 3326.724317 106.455178
18.001108 3333.333333 10065 3354.938403 107.358029
18.001955 3333.333333 9960 3318.774154 106.200773
18.001777 3333.333333 9987 3328.304154 106.505733
18.001597 3333.333333 10050 3349.484593 107.183507
18.002966 3333.333333 9923 3306.110581 105.795539
18.001444 3333.333333 10009 3336.194097 106.758211
18.001978 3333.333333 10094 3364.557777 107.665849
18.001472 3333.333333 10131 3376.830627 108.058580
18.002463 3333.333333 10161 3386.783358 108.377067
18.001789 3333.333333 10154 3384.283795 108.297081
18.001867 3333.333333 9805 3268.282095 104.585027
18.002564 3333.333333 10044 3347.792271 107.129353
18.004193 3333.333333 10021 3339.009208 106.848295
18.002717 3333.333333 10067 3355.650265 107.380808
18.002750 3333.333333 9981 3326.849550 106.459186
18.003439 3333.333333 10024 3341.281932 106.921022
18.003489 3333.333333 10119 3372.708803 107.926682
18.003902 3333.333333 9855 3283.961822 105.086778
18.005028 3333.333333 9886 3295.214748 105.446872
18.004193 3333.333333 10067 3354.778494 107.352912
18.001859 3333.333333 9821 3273.458422 104.750670
18.004022 3333.333333 9966 3321.345300 106.283050
18.004536 3333.333333 9988 3329.185687 106.533942
18.006575 3333.333333 10255 3418.300825 109.385626
18.006259 3333.333333 10196 3395.617489 108.659760
21.001155 3333.333333 9883 3294.042180 105.409350
21.001493 3333.333333 10049 3348.757839 107.160251
21.001515 3333.333333 9906 3301.805165 105.657765
21.001885 3333.333333 9968 3321.806157 106.297797
21.002030 3333.333333 10023 3340.327481 106.890479
21.001845 3333.333333 9946 3314.981174 106.079398
21.003393 3333.333333 10239 3411.942313 109.182154
21.002778 3333.333333 10008 3335.292748 106.729368
21.002153 3333.333333 10069 3356.281092 107.400995
21.002242 3333.333333 10083 3360.105719 107.523383
21.002129 3333.333333 9962 3320.277062 106.248866
21.001618 3333.333333 9997 3332.309049 106.633890
21.003265 3333.333333 9938 3310.687874 105.942012
21.002009 3333.333333 9860 3286.632521 105.172241
21.002724 3333.333333 9925 3308.157095 105.861027
21.002439 3333.333333 10007 3335.030372 106.720972
21.001971 3333.333333 10021 3340.130739 106.884184
21.002884 3333.333333 10086 3361.850346 107.579211
21.002777 3333.333333 10293 3430.931831 109.789819
21.001985 3333.333333 10134 3377.966236 108.094920
21.002974 3333.333333 9946 3315.324887 106.090396
21.003490 3333.333333 10194 3397.998963 108.735967
21.004022 3333.333333 9974 3324.021154 106.368677
21.005151 3333.333333 10073 3356.268570 107.400594
21.004327 3333.333333 10052 3350.516567 107.216530
21.004256 3333.333333 9942 3313.930404 106.045773
21.001895 3333.333333 9949 3316.293127 106.121380
21.006379 3333.333333 9852 3281.422161 105.005509
21.005892 3333.333333 10020 3339.038032 106.849217
21.004620 3333.333333 9918 3305.907634 105.789044
21.006718 3333.333333 9947 3315.509662 106.096309
21.006378 3333.333333 10142 3380.532183 108.177030
24.002810 3333.333333 10005 3334.368348 106.699787
24.001188 3333.333333 9974 3324.629742 106.388152
24.002213 3333.333333 10112 3369.857558 107.835442
24.002571 3333.333333 10037 3344.857830 107.035451
24.001565 3333.333333 9904 3301.278120 105.640900
24.001959 3333.333333 10010 3336.584211 106.770695
24.001722 3333.333333 9949 3316.218776 106.119001
24.002372 3333.333333 9945 3314.622237 106.067912
24.002155 3333.333333 9975 3324.997990 106.399936
24.002055 3333.333333 10073 3357.614867 107.443676
24.003931 3333.333333 10059 3351.651508 107.252848
24.002323 3333.333333 10058 3352.273080 107.272739
24.003117 3333.333333 10141 3380.172113 108.165508
24.002077 3333.333333 9928 3309.232247 105.895432
24.002509 3333.333333 10006 3335.254911 106.728157
24.002786 3333.333333 9787 3262.322716 104.394327
24.002955 3333.333333 9901 3300.255354 105.608171
24.003119 3333.333333 10030 3342.953063 106.974498
24.002517 3333.333333 9980 3326.236239 106.439560
24.003504 3333.333333 10107 3368.984104 107.807491
24.003853 3333.333333 9968 3322.157773 106.309049
24.003783 3333.333333 9965 3321.093239 106.274984
24.004383 3333.333333 9922 3306.935501 105.821936
24.005254 3333.333333 9988 3328.226086 106.503235
24.002966 3333.333333 10064 3353.469753 107.311032
24.004369 3333.333333 10015 3338.286670 106.825173
24.005167 3333.333333 9999 3332.982921 106.655453
24.008852 3333.333333 9947 3313.309643 106.025909
24.004753 3333.333333 9943 3314.186472 106.053967
24.006210 3333.333333 9911 3303.316844 105.706139
24.007213 3333.333333 9999 3332.073323 106.626346
24.006610 3333.333333 9971 3323.410191 106.349126
27.001227 3333.333333 10024 3341.289520 106.921265
27.003498 3333.333333 10297 3431.900240 109.820808
27.001623 3333.333333 10012 3337.269635 106.792628
27.002064 3333.333333 9931 3310.216919 105.926941
27.002125 3333.333333 10209 3402.920587 108.893459
27.001889 3333.333333 10019 3339.480309 106.863370
27.002371 3333.333333 10141 3380.155786 108.164985
27.002659 3333.333333 9807 3268.686954 104.597983
27.002219 3333.333333 9963 3320.928761 106.269720
27.002418 3333.333333 10111 3370.225916 107.847229
27.003053 3333.333333 9800 3266.376137 104.524036
27.002624 3333.333333 10128 3375.870858 108.027867
27.002393 3333.333333 9954 3317.650620 106.164820
27.003279 3333.333333 10070 3356.304209 107.401735
27.003409 3333.333333 9939 3312.074009 105.986368
27.003266 3333.333333 9944 3314.501695 106.064054
27.002769 3333.333333 10048 3349.051950 107.169662
27.004043 3333.333333 9599 3198.352386 102.347276
27.003595 3333.333333 9994 3331.233083 106.599459
27.004903 3333.333333 10055 3351.085063 107.234722
27.004722 3333.333333 10126 3374.443131 107.982180
27.003991 3333.333333 10035 3344.846085 107.035075
27.004014 3333.333333 9819 3272.747776 104.727929
27.004545 3333.333333 9832 3277.141699 104.868534
27.005280 3333.333333 10051 3350.304311 107.209738
27.005427 3333.333333 9989 3329.377859 106.540091
27.007017 3333.333333 9813 3270.119633 104.643828
27.005007 3333.333333 10044 3347.716292 107.126921
27.003192 3333.333333 9883 3294.085584 105.410739
27.007403 3333.333333 10100 3366.453738 107.726520
27.009028 3333.333333 9869 3289.473450 105.263150
27.006735 3333.333333 9860 3286.529794 105.168953
#type       avg     std     min     5th    10th    90th    95th    99th
read      750.4   415.9   129.1   448.3   486.3  1033.5  1198.8  1396.1
update    752.7   415.1   156.2   448.7   486.7  1042.9  1207.4  1396.6
op_q        3.9     2.3     1.0     1.1     2.0     6.1     7.4    10.1

Total QPS = 240075.9 (7202277 / 30.0s)

Misses = 0 (0.0%)
Skipped TXs = 0 (0.0%)

RX 1239411643 bytes :   39.4 MB/s
TX  796999316 bytes :   25.3 MB/s
