3.000041 12266.729240
3.000035 12252.499443
3.000002 11034.840722
3.000012 11183.323383
3.000004 12261.212366
3.000056 11463.930325
3.000005 11679.353681
3.000091 11607.373968
3.000078 11749.039732
3.000014 11373.478364
3.000084 12339.279240
3.000016 12013.390394
3.000054 12280.103395
3.000044 12279.417813
3.000031 11789.579719
3.000078 11908.516935
3.000041 12153.813757
3.000009 11815.440919
3.000112 11931.273734
3.000168 12264.027372
3.000044 12026.671736
3.000019 11896.298118
3.000004 12197.573841
3.000002 11728.571524
3.000005 13593.318174
3.000194 12143.785234
3.000003 12751.292309
3.000061 12332.662918
3.000019 11763.186412
3.000033 12735.258269
3.000052 12404.655347
3.000003 12427.793250
6.000079 11281.942843
6.000086 11871.615791
6.000330 11199.476131
6.000111 11772.219898
6.000183 12040.944894
6.000102 11800.830771
6.000095 11519.527913
6.000020 11447.505212
6.000747 11427.495716
6.000068 12078.192746
6.000061 11691.991590
6.000104 12055.471267
6.000070 11881.648731
6.000259 11710.694895
6.000076 11843.710903
6.000208 12032.250877
6.000060 11922.954611
6.000023 12170.131550
6.000117 11604.750199
6.000520 11819.861933
6.000126 12117.606297
6.000026 12257.512204
6.000046 11725.394604
6.000032 12249.266801
6.000058 11693.039187
6.000059 11855.837524
6.000090 11944.129552
6.000035 11769.491028
6.000034 12102.877193
6.000013 12139.732462
6.000121 11850.845819
6.000054 11866.092063
9.000116 11828.769057
9.000298 11847.461391
9.000212 11648.563358
9.000111 11763.610479
9.000189 12025.192289
9.000040 11635.997606
9.000449 11883.948120
9.000094 11691.261268
9.000413 11282.854831
9.000205 11762.225268
9.000201 11975.598127
9.000223 11966.849826
9.000095 11844.216372
9.000095 12024.498576
9.000618 11911.256525
9.000824 11612.757956
9.000029 12285.569694
9.000228 11845.174171
9.000151 11701.840502
9.000071 12239.443323
9.000160 11751.556215
9.000103 12114.657277
9.000070 12245.787857
9.000087 11726.676365
9.000182 11974.561543
9.000190 11844.368463
9.000029 12242.564779
9.000105 11948.987880
9.000040 12029.012681
9.000155 11947.376035
9.000145 11845.787253
9.000063 11840.334096
12.000161 11716.441343
12.000106 11655.754676
12.000099 11843.587909
12.000314 11750.508631
12.000404 11896.122572
12.000416 11327.466520
12.000198 12132.374864
12.000217 11811.919683
12.000229 11875.916092
12.000215 11617.915314
12.000041 11723.238338
12.000180 11588.158957
12.000098 12124.342945
12.000133 11832.044278
12.000223 11784.463068
12.000493 11747.096732
12.000119 11722.336874
12.000110 11892.589330
12.000652 11905.849385
12.001142 11875.919281
12.000202 12265.484363
12.000110 12083.227164
12.000146 12137.215714
12.000259 11751.954137
12.000126 11907.587310
12.000216 11854.055718
12.000133 12039.957799
12.000105 12229.846196
12.000149 12017.669648
12.000298 11801.908214
12.000173 11896.676094
12.000082 11812.266682
15.000410 11586.435073
15.000331 11591.947831
15.000421 11826.708042
15.000532 11339.447208
15.000120 11759.572341
15.000130 11744.943976
15.000132 11837.193699
15.000291 11852.013163
15.000295 12078.825772
15.000244 11759.267756
15.000262 11679.173165
15.001223 11836.176250
15.000247 11700.220764
15.000304 11746.120546
15.000126 11871.135610
15.000135 11868.158250
15.000070 11630.161854
15.000204 12057.244127
15.000146 12024.212934
15.000210 12141.160134
15.000663 11936.113605
15.000264 11763.698347
15.000155 11751.777608
15.000158 12067.562574
15.000332 11780.126830
15.000330 11814.479551
15.000105 12197.397713
15.000522 11783.624152
15.000159 11960.514836
15.000205 12033.145137
15.000188 12027.108057
15.000128 11721.174989
18.000468 11766.101874
18.000496 11619.802742
18.000147 11735.677659
18.000151 11816.301903
18.000339 11738.338576
18.000532 11344.075292
18.001235 11861.932559
18.000353 11638.185165
18.000139 11892.506923
18.000300 11984.699443
18.000199 11930.091776
18.000371 11786.048262
18.000258 11768.188799
18.000247 11705.614210
18.000717 11929.520582
18.000171 11867.579583
18.000576 11614.301413
18.000155 11990.539604
18.000307 11742.131718
18.000318 11691.576928
18.000131 12023.091505
18.000229 12103.399732
18.000211 12215.860199
18.000388 11872.198942
18.000137 12152.550597
18.000541 11791.212585
18.000161 11894.557624
18.000195 12015.405864
18.000141 11812.077234
18.000231 12026.783539
18.000216 12012.870226
18.000336 11866.337603
21.000478 11742.468939
21.000597 11594.669121
21.000166 11809.341798
21.000592 11421.037570
21.000496 11750.587572
21.001468 11993.611018
21.000178 11907.147055
21.000248 12002.501192
21.000261 11740.407293
21.000359 11928.611437
21.000315 12034.348322
21.000404 11868.034690
21.000208 12053.630738
21.000354 11631.874774
21.000212 12206.890717
21.000261 12251.481316
21.000276 11815.418019
21.000590 11620.848113
21.000373 11766.929570
21.000216 11939.377615
21.000771 12020.038846
21.000295 12003.095571
21.000136 12194.879752
21.000141 12162.329497
21.000422 11888.167413
21.000180 11737.853405
21.000336 11952.461496
21.000264 12066.477666
21.000553 11883.091024
21.000246 12062.056741
21.000409 11757.825540
21.000161 11829.651509
24.000525 11865.687654
24.000598 11576.871268
24.000592 11423.689590
24.000372 11861.613173
24.000183 11826.789824
24.000327 11799.063475
24.001480 11967.635618
24.000270 11972.298857
24.000374 12192.757712
24.000188 11822.561725
24.000494 11807.466161
24.000526 11817.922531
24.000392 11971.949916
24.000427 11624.813926
24.000227 12150.665398
24.000510 11909.325183
24.000237 12039.429211
24.000232 11954.507880
24.000592 11571.826952
24.000883 12010.010514
24.000210 11755.229677
24.000187 12124.088371
24.000145 12141.630014
24.000336 11974.695262
24.000425 11961.213680
24.000431 11974.728674
24.000401 11954.479559
24.000318 12031.947424
24.000671 11808.086171
24.000261 12000.882391
24.000543 11737.365386
24.000210 11938.754130
#type       avg     std     min     5th    10th    90th    95th    99th
read     7129.0  1591.9   539.4  4969.6  5239.4  9096.4  9970.3 11896.5
update   7065.7  1584.7   539.4  4945.9  5200.8  9023.1  9877.3 11802.3
op_q      128.0     1.3     1.0   118.0   118.6   128.0   128.5   129.0

Total QPS = 1275485.8 (38264577 / 30.0s)

Misses = 0 (0.0%)
Skipped TXs = 0 (0.0%)

RX 6583468297 bytes :  209.3 MB/s
TX 4226726494 bytes :  134.4 MB/s
