3.000295 4062.500000 11986 3994.940674 127.838102
3.000871 4062.500000 12180 4058.821256 129.882280
3.000460 4062.500000 12076 4024.715674 128.790902
3.000058 4062.500000 12173 4057.587868 129.842812
3.000096 4062.500000 12321 4106.868638 131.419796
3.000375 4062.500000 12027 4008.499279 128.271977
3.000429 4062.500000 12112 4036.755450 129.176174
3.000090 4062.500000 12405 4134.875628 132.316020
3.000566 4062.500000 12248 4081.895960 130.620671
3.000386 4062.500000 12062 4020.150005 128.644800
3.000853 4062.500000 11916 3970.870600 127.067859
3.000005 4062.500000 12148 4049.326785 129.578457
3.000030 4062.500000 12163 4054.292825 129.737370
3.000056 4062.500000 12298 4099.256247 131.176200
3.001833 4062.500000 11973 3988.562681 127.634006
3.000222 4062.500000 12119 4039.367089 129.259747
3.000052 4062.500000 12024 4007.930489 128.253776
3.000330 4062.500000 12251 4083.218020 130.662977
3.000936 4062.500000 12168 4054.734394 129.751501
3.000053 4062.500000 12019 4006.263211 128.200423
3.000157 4062.500000 12149 4049.454365 129.582540
3.000222 4062.500000 12307 4102.029288 131.264937
3.001154 4062.500000 12322 4105.753768 131.384121
3.000133 4062.500000 12315 4104.818361 131.354188
3.000386 4062.500000 12193 4063.810586 130.041939
3.000009 4062.500000 12356 4118.654687 131.796950
3.000211 4062.500000 12332 4110.377960 131.532095
3.000024 4062.500000 12090 4029.967572 128.958962
3.000457 4062.500000 12089 4029.053236 128.929704
3.000050 4062.500000 11995 3998.267224 127.944551
3.000737 4062.500000 12159 4052.005008 129.664160
3.000566 4062.500000 12193 4063.567126 130.034148
6.000105 4062.500000 12162 4053.987207 129.727591
6.000007 4062.500000 12152 4050.663687 129.621238
6.000091 4062.500000 12278 4092.614027 130.963649
6.000123 4062.500000 12306 4101.911374 131.261164
6.000372 4062.500000 12269 4089.231127 130.855396
6.000905 4062.500000 12071 4022.750824 128.728026
6.000755 4062.500000 12196 4064.709685 130.070710
6.000422 4062.500000 12211 4069.974699 130.239190
6.000277 4062.500000 12167 4055.333119 129.770660
6.000481 4062.500000 12023 4007.145315 128.228650
6.000129 4062.500000 12161 4053.558896 129.713885
6.001652 4062.500000 12108 4033.811086 129.081955
6.000243 4062.500000 12171 4056.851218 129.819239
6.000330 4062.500000 12299 4099.520090 131.184643
6.000680 4062.500000 12228 4075.659509 130.421104
6.000163 4062.500000 12175 4058.188949 129.862046
6.000437 4062.500000 12346 4115.185826 131.685946
6.000391 4062.500000 12104 4034.644222 129.108615
6.000426 4062.500000 12182 4060.611980 129.939583
6.000544 4062.500000 12251 4083.553001 130.673696
6.000474 4062.500000 12174 4057.880856 129.852187
6.000776 4062.500000 12339 4112.713260 131.606824
6.000320 4062.500000 12217 4071.911500 130.301168
6.000507 4062.500000 12268 4088.929849 130.845755
6.001314 4062.500000 12233 4077.064686 130.466070
6.000989 4062.500000 12297 4098.928465 131.165711
6.001238 4062.500000 12158 4052.552999 129.681696
6.000980 4062.500000 12306 4101.826357 131.258443
6.000474 4062.500000 12091 4030.309737 128.969912
6.001879 4062.500000 12129 4042.938363 129.374028
6.000931 4062.500000 12120 4039.738764 129.271640
6.000973 4062.500000 11954 3984.125475 127.492015
9.000334 4062.500000 12192 4063.713675 130.038838
9.000948 4062.500000 12427 4141.203777 132.518521
9.000602 4062.500000 12275 4090.969647 130.911029
9.001125 4062.500000 12214 4070.399974 130.252799
9.000836 4062.500000 12140 4046.040333 129.473291
9.000466 4062.500000 12245 4081.564761 130.610072
9.000107 4062.500000 12336 4111.997667 131.583925
9.000630 4062.500000 12004 4001.133657 128.036277
9.001031 4062.500000 12359 4118.690266 131.798089
9.000456 4062.500000 11968 3989.049507 127.649584
9.000387 4062.500000 12099 4032.923428 129.053550
9.000907 4062.500000 12153 4050.823149 129.626341
9.000913 4062.500000 12032 4009.455808 128.302586
9.001078 4062.500000 12263 4086.772628 130.776724
9.000240 4062.500000 12261 4086.895794 130.780665
9.000771 4062.500000 12111 4036.978176 129.183302
9.000959 4062.500000 12143 4047.594928 129.523038
9.000777 4062.500000 12094 4031.202829 128.998491
9.000584 4062.500000 11850 3949.947640 126.398324
9.000314 4062.500000 12352 4117.282518 131.753041
9.000715 4062.500000 12390 4129.667322 132.149354
9.001153 4062.500000 12255 4084.775685 130.712822
9.000430 4062.500000 12182 4060.660998 129.941152
9.000614 4062.500000 12306 4101.808993 131.257888
9.001374 4062.500000 12260 4085.486083 130.735555
9.001422 4062.500000 12222 4073.853280 130.363305
9.002001 4062.500000 12122 4039.291952 129.257342
9.001333 4062.500000 12213 4070.871029 130.267873
9.001691 4062.500000 11928 3975.947785 127.230329
9.002327 4062.500000 12042 4013.400805 128.428826
9.001384 4062.500000 12302 4100.046509 131.201488
9.001370 4062.500000 12262 4086.792080 130.777347
12.000477 4062.500000 12285 4094.985193 131.039526
12.000412 4062.500000 12478 4158.910827 133.085146
12.001062 4062.500000 12376 4124.933915 131.997885
12.000642 4062.500000 12243 4080.945524 130.590257
12.000786 4062.500000 12257 4085.570054 130.738242
12.000581 4062.500000 11988 3995.671453 127.861486
12.000402 4062.500000 12059 4019.645646 128.628661
12.001038 4062.500000 12246 4080.913579 130.589235
12.000925 4062.500000 12253 4084.307640 130.697844
12.001448 4062.500000 12241 4079.500648 130.544021
12.000685 4062.500000 12200 4066.163119 130.117220
12.000456 4062.500000 12238 4079.332998 130.538656
12.000859 4062.500000 12156 4051.889597 129.660467
12.001363 4062.500000 12314 4104.380091 131.340163
12.001059 4062.500000 12322 4106.473306 131.407146
12.001279 4062.500000 12131 4043.458672 129.390678
12.001075 4062.500000 12129 4042.781480 129.369007
12.000759 4062.500000 12148 4049.159508 129.573104
12.000619 4062.500000 12179 4059.618212 129.907783
12.001448 4062.500000 12277 4092.298573 130.953554
12.001312 4062.500000 11996 3998.195533 127.942257
12.001047 4062.500000 12106 4035.311377 129.129964
12.000615 4062.500000 12282 4093.998264 131.007944
12.001134 4062.500000 12333 4110.922604 131.549523
12.001490 4062.500000 12018 4005.791226 128.185319
12.001741 4062.500000 12248 4082.599003 130.643168
12.001029 4062.500000 12247 4082.222232 130.631111
12.001381 4062.500000 12271 4090.323708 130.890359
12.002465 4062.500000 12492 4163.356925 133.227422
12.002401 4062.500000 12343 4114.231163 131.655397
12.001413 4062.500000 12184 4061.294651 129.961429
12.001666 4062.500000 12217 4071.932608 130.301843
15.000510 4062.500000 12353 4117.518417 131.760589
15.001188 4062.500000 12026 4008.494437 128.271822
15.001168 4062.500000 12205 4068.157605 130.181043
15.000671 4062.500000 12357 4118.960695 131.806742
15.001747 4062.500000 12243 4080.364237 130.571656
15.002950 4062.500000 12132 4041.861687 129.339574
15.001202 4062.500000 12258 4085.154645 130.724949
15.001235 4062.500000 12371 4123.012373 131.936396
15.001293 4062.500000 12230 4075.530535 130.416977
15.000812 4062.500000 11985 3994.744074 127.831810
15.000622 4062.500000 12117 4038.717213 129.238951
15.000774 4062.500000 12171 4056.880363 129.820172
15.000838 4062.500000 12135 4044.929987 129.437760
15.000504 4062.500000 12138 4045.964290 129.470857
15.000952 4062.500000 12019 4006.208560 128.198674
15.001100 4062.500000 12060 4019.948735 128.638360
15.001318 4062.500000 12101 4033.138370 129.060428
15.001726 4062.500000 12321 4106.434034 131.405889
15.001350 4062.500000 12160 4052.962475 129.694799
15.001600 4062.500000 12220 4073.126143 130.340037
15.001307 4062.500000 12202 4067.099421 130.147181
15.001710 4062.500000 12238 4079.034458 130.529103
15.002968 4062.500000 12087 4025.842638 128.826964
15.001481 4062.500000 12224 4074.622774 130.387929
15.001082 4062.500000 12348 4115.927644 131.709685
15.001121 4062.500000 12348 4115.898943 131.708766
15.001798 4062.500000 12563 4187.586901 134.002781
15.001459 4062.500000 12073 4024.228935 128.775326
15.002539 4062.500000 11771 3923.570055 125.554242
15.002419 4062.500000 12273 4090.976377 130.911244
15.001481 4062.500000 12344 4114.573854 131.666363
15.001732 4062.500000 12221 4073.576939 130.354462
18.000702 4062.500000 11966 3988.411922 127.629182
18.002538 4062.500000 12339 4111.213883 131.558844
18.000746 4062.500000 12263 4087.564101 130.802051
18.000831 4062.500000 12273 4090.974159 130.911173
18.001922 4062.500000 12130 4042.505062 129.360162
18.000550 4062.500000 12089 4029.603946 128.947326
18.001228 4062.500000 11953 3984.163100 127.493219
18.001060 4062.500000 12461 4153.060530 132.897937
18.001285 4062.500000 12173 4057.216402 129.830925
18.001244 4062.500000 12035 4011.610210 128.371527
18.001582 4062.500000 12234 4076.901817 130.460858
18.000959 4062.500000 11974 3991.172820 127.717530
18.002713 4062.500000 12440 4144.413315 132.621226
18.001703 4062.500000 12059 4019.368380 128.619788
18.002220 4062.500000 12015 4003.796782 128.121497
18.002647 4062.500000 12210 4068.240734 130.183703
18.002520 4062.500000 12140 4044.843852 129.435003
18.001753 4062.500000 12172 4057.274569 129.832786
18.001894 4062.500000 12153 4050.603581 129.619315
18.001846 4062.500000 12180 4059.836528 129.914769
18.001231 4062.500000 12093 4030.941979 128.990143
18.001627 4062.500000 12208 4068.647112 130.196708
18.001780 4062.500000 12372 4123.954524 131.966545
18.001806 4062.500000 12143 4047.656219 129.524999
18.001911 4062.500000 12398 4131.815121 132.218084
18.002492 4062.500000 12341 4113.566677 131.634134
18.001652 4062.500000 12266 4088.402683 130.828886
18.003141 4062.500000 12175 4058.075217 129.858407
18.002608 4062.500000 12346 4115.237662 131.687605
18.001557 4062.500000 12247 4082.229169 130.631333
18.003220 4062.500000 12378 4125.652915 132.020893
18.001838 4062.500000 12019 4006.190927 128.198110
21.001145 4062.500000 12159 4052.402041 129.676865
21.001026 4062.500000 12046 4015.071327 128.482282
21.000850 4062.500000 12199 4065.927029 130.109665
21.000896 4062.500000 12422 4140.459397 132.494701
21.001646 4062.500000 12057 4018.440949 128.590110
21.001151 4062.500000 12277 4092.209179 130.950694
21.001604 4062.500000 12230 4076.233603 130.439475
21.000980 4062.500000 12129 4042.970905 129.375069
21.001988 4062.500000 12085 4028.206547 128.902610
21.001625 4062.500000 12078 4025.488531 128.815633
21.002948 4062.500000 12034 4009.772146 128.312709
21.001478 4062.500000 12071 4023.334803 128.746714
21.001679 4062.500000 12212 4070.595975 130.259071
21.001900 4062.500000 12302 4100.465480 131.214895
21.001692 4062.500000 12329 4109.516320 131.504522
21.001789 4062.500000 12049 4016.218845 128.519003
21.002404 4062.500000 12015 4004.201837 128.134459
21.001902 4062.500000 12048 4015.925327 128.509610
21.002340 4062.500000 12084 4027.838788 128.890841
21.001976 4062.500000 12279 4092.925700 130.973622
21.001965 4062.500000 11844 3947.929495 126.333744
21.002581 4062.500000 12221 4073.609595 130.355507
21.001918 4062.500000 12282 4093.637899 130.996413
21.003724 4062.500000 12182 4058.999034 129.887969
21.002579 4062.500000 12319 4106.251996 131.400064
21.003622 4062.500000 12271 4089.677946 130.869694
21.002691 4062.500000 12026 4008.608233 128.275463
21.002803 4062.500000 12374 4124.398680 131.980758
21.003008 4062.500000 12232 4076.932870 130.461852
21.001580 4062.500000 12153 4050.969038 129.631009
21.003496 4062.500000 12107 4035.296417 129.129485
21.003251 4062.500000 12157 4050.425719 129.613623
24.001025 4062.500000 12327 4108.939038 131.486049
24.001514 4062.500000 12161 4053.007742 129.696248
24.001193 4062.500000 12343 4114.276111 131.656836
24.001490 4062.500000 12158 4051.802879 129.657692
24.000984 4062.500000 12109 4036.215057 129.158882
24.002085 4062.500000 12253 4083.735873 130.679548
24.001270 4062.500000 12230 4076.495610 130.447860
24.001653 4062.500000 12140 4046.600653 129.491221
24.002154 4062.500000 12252 4083.280402 130.664973
24.002098 4062.500000 12062 4020.519972 128.656639
24.002606 4062.500000 12120 4039.965482 129.278895
24.001909 4062.500000 12072 4023.990558 128.767698
24.001618 4062.500000 12037 4012.145887 128.388668
24.001937 4062.500000 12186 4061.950748 129.982424
24.002255 4062.500000 12042 4013.627002 128.436064
24.002320 4062.500000 12118 4038.791434 129.241326
24.001797 4062.500000 12341 4113.654714 131.636951
24.002343 4062.500000 12104 4033.791092 129.081315
24.003303 4062.500000 12212 4069.360556 130.219538
24.001876 4062.500000 12319 4106.063838 131.394043
24.002430 4062.500000 12138 4045.372688 129.451926
24.002652 4062.500000 12012 4003.669512 128.117424
24.002607 4062.500000 12336 4111.962073 131.582786
24.002820 4062.500000 12137 4045.492112 129.455748
24.002949 4062.500000 12356 4118.466979 131.790943
24.003165 4062.500000 12099 4032.708169 129.046661
24.003220 4062.500000 12372 4123.708565 131.958674
24.004510 4062.500000 12333 4109.782746 131.513048
24.003787 4062.500000 12148 4049.248789 129.575961
24.001840 4062.500000 12249 4082.646549 130.644690
24.003803 4062.500000 12055 4017.922215 128.573511
24.003571 4062.500000 12244 4080.899186 130.588774
27.001522 4062.500000 12188 4062.656253 130.005000
27.002075 4062.500000 12329 4108.564587 131.474067
27.001318 4062.500000 12160 4053.164251 129.701256
27.001256 4062.500000 12066 4021.690415 128.694093
27.001087 4062.500000 12469 4156.190394 132.998093
27.002310 4062.500000 12294 4096.879760 131.100152
27.002905 4062.500000 12274 4090.446910 130.894301
27.002620 4062.500000 12143 4047.648211 129.524743
27.002176 4062.500000 12229 4076.303229 130.441703
27.001810 4062.500000 12102 4033.983543 129.087473
27.001665 4062.500000 12556 4185.316121 133.930116
27.001933 4062.500000 11992 3997.301290 127.913641
27.002697 4062.500000 12187 4061.853202 129.979302
27.002323 4062.500000 12140 4046.362457 129.483599
27.002227 4062.500000 12468 4155.802791 132.985689
27.002538 4062.500000 12179 4058.852836 129.883291
27.001829 4062.500000 12274 4091.046662 130.913493
27.002081 4062.500000 12108 4035.724262 129.143176
27.002849 4062.500000 12369 4122.423828 131.917562
27.003150 4062.500000 12332 4110.391260 131.532520
27.002365 4062.500000 12219 4072.938551 130.334034
27.003108 4062.500000 12079 4025.946693 128.830294
27.003224 4062.500000 12323 4107.585413 131.442733
27.003583 4062.500000 11979 3992.626832 127.764059
27.005367 4062.500000 12162 4050.334314 129.610698
27.002743 4062.500000 12174 4057.816349 129.850123
27.004161 4062.500000 12008 4002.167785 128.069369
27.003329 4062.500000 12324 4107.850290 131.451209
27.004599 4062.500000 12310 4103.211779 131.302777
27.003876 4062.500000 12186 4061.900525 129.980817
27.001908 4062.500000 12307 4102.240032 131.271681
27.003865 4062.500000 12157 4051.935441 129.661934
30.004417 4062.500000 12200 4063.699878 130.038396
#type       avg     std     min     5th    10th    90th    95th    99th
read     1189.9   282.2   189.1   778.3   819.2  1502.8  1532.6  1964.8
update   1189.9   281.6   228.8   778.8   819.5  1502.9  1532.6  1977.0
op_q        6.6     2.9     1.0     2.1     3.0    10.7    12.0    14.2

Total QPS = 259973.4 (7799202 / 30.0s)

Misses = 0 (0.0%)
Skipped TXs = 0 (0.0%)

RX 1345104208 bytes :   42.8 MB/s
TX  863168900 bytes :   27.4 MB/s
