3.000246 5937.500000 17747 5915.181952 189.285822
3.000103 5937.500000 17874 5957.796254 190.649480
3.000086 5937.500000 17809 5936.163052 189.957218
3.000007 5937.500000 17693 5897.652162 188.724869
3.000052 5937.500000 18018 6005.895380 192.188652
3.000327 5937.500000 17993 5997.013408 191.904429
3.000121 5937.500000 17635 5878.096221 188.099079
3.001210 5937.500000 17824 5938.938807 190.046042
3.000269 5937.500000 17856 5951.466300 190.446922
3.000038 5937.500000 17797 5932.258278 189.832265
3.000071 5937.500000 17444 5814.529714 186.064951
3.000056 5937.500000 17709 5902.889968 188.892479
3.000363 5937.500000 17658 5885.287125 188.329188
3.000288 5937.500000 17752 5916.765688 189.336502
3.000044 5937.500000 17741 5913.579641 189.234549
3.000137 5937.500000 17791 5930.062073 189.761986
3.000902 5937.500000 17684 5892.895288 188.572649
3.000310 5937.500000 17457 5818.398267 186.188745
3.000391 5937.500000 17746 5914.562609 189.266003
3.000064 5937.500000 17931 5976.871944 191.259902
3.000037 5937.500000 17649 5882.926894 188.253661
3.000118 5937.500000 17871 5956.765791 190.616505
3.000139 5937.500000 17867 5955.390033 190.572481
3.000029 5937.500000 17965 5988.275730 191.624823
3.000408 5937.500000 17799 5932.193506 189.830192
3.000107 5937.500000 18004 6001.118959 192.035807
3.000149 5937.500000 18023 6007.367659 192.235765
3.000875 5937.500000 17966 5986.920415 191.581453
3.000046 5937.500000 17871 5956.908910 190.621085
3.000065 5937.500000 17586 5861.872752 187.579928
3.000019 5937.500000 17954 5984.628817 191.508122
3.000140 5937.500000 17672 5890.392708 188.492567
6.000155 5937.500000 17831 5943.571728 190.194295
6.000326 5937.500000 17780 5926.149546 189.636785
6.000342 5937.500000 17903 5967.060932 190.945950
6.000280 5937.500000 18056 6018.380286 192.588169
6.000118 5937.500000 17661 5886.906214 188.380999
6.000097 5937.500000 17697 5898.824470 188.762383
6.000163 5937.500000 17815 5938.243763 190.023800
6.000357 5937.500000 18039 6012.456527 192.398609
6.000225 5937.500000 17932 5976.943440 191.262190
6.000122 5937.500000 17628 5875.847692 188.027126
6.000573 5937.500000 17919 5972.100411 191.107213
6.000064 5937.500000 17686 5895.280827 188.648986
6.000940 5937.500000 18016 6003.751799 192.120058
6.000051 5937.500000 17808 5935.989885 189.951676
6.000554 5937.500000 17915 5971.341922 191.082942
6.000211 5937.500000 17949 5982.691297 191.446122
6.000295 5937.500000 17532 5843.949601 187.006387
6.000258 5937.500000 17668 5889.101022 188.451233
6.000668 5937.500000 17616 5871.404292 187.884937
6.000300 5937.500000 17703 5900.512197 188.816390
6.000317 5937.500000 17890 5963.191215 190.822119
6.000802 5937.500000 17660 5885.734320 188.343498
6.000213 5937.500000 17837 5945.448077 190.254338
6.000359 5937.500000 18095 6031.524209 193.008775
6.001023 5937.500000 17591 5862.273510 187.592752
6.000475 5937.500000 17923 5973.516902 191.152541
6.001024 5937.500000 17768 5922.426331 189.517643
6.000627 5937.500000 17483 5827.240959 186.471711
6.000990 5937.500000 17606 5868.441911 187.790141
6.001314 5937.500000 17797 5932.125854 189.828027
6.000474 5937.500000 18023 6006.754629 192.216148
6.000495 5937.500000 17755 5917.631408 189.364205
9.000484 5937.500000 17763 5920.750246 189.464008
9.000568 5937.500000 17720 5906.055839 188.993787
9.000976 5937.500000 17704 5900.038803 188.801242
9.000935 5937.500000 17936 5978.135099 191.300323
9.001444 5937.500000 17581 5858.213329 187.462827
9.000283 5937.500000 17872 5956.898099 190.620739
9.000544 5937.500000 17892 5963.226683 190.823254
9.000475 5937.500000 17734 5910.949625 189.150388
9.000293 5937.500000 17989 5995.940344 191.870091
9.001479 5937.500000 18006 5999.631129 191.988196
9.000450 5937.500000 17895 5964.341612 190.858932
9.000285 5937.500000 17938 5979.189760 191.334072
9.000274 5937.500000 18044 6014.362434 192.459598
9.001305 5937.500000 17940 5978.082196 191.298630
9.000552 5937.500000 17921 5972.892870 191.132572
9.000323 5937.500000 17872 5957.289080 190.633251
9.000337 5937.500000 17849 5949.645246 190.388648
9.000250 5937.500000 17807 5935.588987 189.938848
9.000818 5937.500000 17897 5965.287297 190.889194
9.000582 5937.500000 18010 6003.315570 192.106098
9.000323 5937.500000 17822 5940.471446 190.095086
9.000570 5937.500000 17774 5924.635361 189.588332
9.000196 5937.500000 17881 5960.044737 190.721432
9.000884 5937.500000 17875 5958.170398 190.661453
9.001295 5937.500000 17773 5923.796839 189.561499
9.000528 5937.500000 17976 5991.893528 191.740593
9.000948 5937.500000 17743 5914.315885 189.258108
9.001105 5937.500000 17859 5952.837845 190.490811
9.001076 5937.500000 18020 6006.495103 192.207843
9.001470 5937.500000 18048 6015.688618 192.502036
9.000494 5937.500000 17897 5965.626903 190.900061
9.000533 5937.500000 17671 5890.259841 188.488315
12.000448 5937.500000 18004 6001.082046 192.034625
12.000332 5937.500000 17807 5935.570824 189.938266
12.000418 5937.500000 18027 6008.838318 192.282826
12.000336 5937.500000 17571 5856.916418 187.421325
12.001204 5937.500000 17978 5992.128122 191.748100
12.000642 5937.500000 17927 5975.471855 191.215099
12.000712 5937.500000 17873 5957.194611 190.630228
12.000329 5937.500000 18014 6004.556605 192.145811
12.000532 5937.500000 18106 6035.235486 193.127536
12.000501 5937.500000 17728 5908.839401 189.082861
12.000604 5937.500000 17776 5925.266572 189.608530
12.000924 5937.500000 17685 5894.327501 188.618480
12.000352 5937.500000 18288 6095.941450 195.070126
12.000483 5937.500000 17790 5929.934149 189.757893
12.000297 5937.500000 17785 5928.310074 189.705922
12.000612 5937.500000 17910 5969.173360 191.013548
12.000658 5937.500000 17617 5872.126524 187.908049
12.002145 5937.500000 17669 5888.292123 188.425348
12.001113 5937.500000 17823 5940.727336 190.103275
12.000643 5937.500000 17779 5926.185799 189.637946
12.001704 5937.500000 17748 5915.193101 189.286179
12.000955 5937.500000 17907 5968.987869 191.007612
12.001001 5937.500000 17741 5913.305893 189.225789
12.002265 5937.500000 17897 5962.148104 190.788739
12.001387 5937.500000 17990 5996.502575 191.888082
12.001112 5937.500000 17723 5907.218145 189.030981
12.000717 5937.500000 17942 5980.290474 191.369295
12.001587 5937.500000 17706 5901.788886 188.857244
12.001323 5937.500000 17705 5901.180557 188.837778
12.001311 5937.500000 17595 5864.597131 187.667108
12.001517 5937.500000 17782 5927.239855 189.671675
12.000614 5937.500000 17578 5859.174449 187.493582
15.000667 5937.500000 17932 5976.659011 191.253088
15.000985 5937.500000 18012 6002.693630 192.086196
15.000486 5937.500000 17770 5923.036602 189.537171
15.000555 5937.500000 17937 5978.856845 191.323419
15.000637 5937.500000 18113 6037.599953 193.203198
15.000466 5937.500000 17916 5971.963807 191.102842
15.000421 5937.500000 17645 5881.660852 188.213147
15.001059 5937.500000 17741 5912.163583 189.189235
15.000574 5937.500000 17925 5974.916341 191.197323
15.000424 5937.500000 17800 5933.189990 189.862080
15.000774 5937.500000 17729 5909.407677 189.101046
15.001164 5937.500000 17462 5820.567725 186.258167
15.000809 5937.500000 17798 5932.337118 189.834788
15.001197 5937.500000 18029 6008.494946 192.271838
15.000769 5937.500000 17935 5978.219836 191.303035
15.000643 5937.500000 17683 5894.053594 188.609715
15.000807 5937.500000 17621 5873.374786 187.947993
15.001152 5937.500000 17637 5878.922161 188.125509
15.001447 5937.500000 17733 5910.882406 189.148237
15.000946 5937.500000 17804 5934.623016 189.907937
15.000978 5937.500000 17894 5964.619066 190.867810
15.001048 5937.500000 17779 5925.680242 189.621768
15.001434 5937.500000 17582 5860.217262 187.526952
15.001331 5937.500000 17684 5894.628101 188.628099
15.001025 5937.500000 17678 5892.619568 188.563826
15.001887 5937.500000 17669 5888.941286 188.446121
15.001607 5937.500000 17613 5870.961002 187.870752
15.002308 5937.500000 17689 5896.012176 188.672390
15.001349 5937.500000 17892 5963.948224 190.846343
15.001762 5937.500000 17992 5997.217460 191.910959
15.002520 5937.500000 17825 5941.161735 190.117176
15.000804 5937.500000 17779 5925.958263 189.630664
18.000840 5937.500000 17930 5976.322120 191.242308
18.000818 5937.500000 17646 5881.483038 188.207457
18.000451 5937.500000 17959 5986.272956 191.560735
18.000625 5937.500000 17916 5971.723181 191.095142
18.000493 5937.500000 18124 6041.278905 193.320925
18.001018 5937.500000 17760 5919.247331 189.415915
18.000617 5937.500000 17674 5891.249800 188.519994
18.000833 5937.500000 17501 5833.297179 186.665510
18.001068 5937.500000 17729 5909.078823 189.090522
18.000807 5937.500000 17860 5953.268856 190.504603
18.000623 5937.500000 17735 5911.275663 189.160821
18.002032 5937.500000 17853 5949.814203 190.394055
18.001003 5937.500000 18068 6022.629347 192.724139
18.000846 5937.500000 18005 6001.592665 192.050965
18.000964 5937.500000 17950 5983.298625 191.465556
18.001288 5937.500000 17885 5961.395192 190.764646
18.001234 5937.500000 17773 5924.195631 189.574260
18.000930 5937.500000 17939 5979.420911 191.341469
18.001189 5937.500000 17926 5975.074318 191.202378
18.001113 5937.500000 17774 5924.401458 189.580847
18.001438 5937.500000 17737 5911.858157 189.179461
18.001438 5937.500000 17519 5839.458850 186.862683
18.001067 5937.500000 17781 5926.916618 189.661332
18.001681 5937.500000 17786 5928.520365 189.712652
18.001747 5937.500000 18070 6022.730704 192.727383
18.001928 5937.500000 17959 5986.002774 191.552089
18.001350 5937.500000 17723 5907.664016 189.045249
18.001151 5937.500000 18096 6031.791855 193.017339
18.002420 5937.500000 17629 5876.114308 188.035658
18.001889 5937.500000 17846 5948.661148 190.357157
18.002567 5937.500000 17746 5915.241124 189.287716
18.001104 5937.500000 17841 5946.405091 190.284963
21.000751 5937.500000 17873 5957.069960 190.626239
21.001433 5937.500000 17842 5946.143723 190.276599
21.001053 5937.500000 17526 5841.595236 186.931048
21.001115 5937.500000 17684 5894.369217 188.619815
21.001284 5937.500000 17872 5956.409643 190.605109
21.000710 5937.500000 18047 6015.497355 192.495915
21.001324 5937.500000 17874 5956.351763 190.603256
21.000645 5937.500000 17729 5909.611340 189.107563
21.001115 5937.500000 17955 5984.906329 191.517003
21.000688 5937.500000 17812 5937.203526 189.990513
21.001190 5937.500000 17677 5891.645773 188.532665
21.001950 5937.500000 17880 5958.149064 190.660770
21.000877 5937.500000 17735 5911.527276 189.168873
21.001076 5937.500000 17672 5890.379667 188.492149
21.001311 5937.500000 17702 5900.060737 188.801944
21.001475 5937.500000 18062 6020.182619 192.645844
21.001412 5937.500000 17935 5978.086827 191.298778
21.001646 5937.500000 17957 5984.756687 191.512214
21.001074 5937.500000 17764 5921.319767 189.482233
21.001320 5937.500000 17693 5897.260084 188.712323
21.001686 5937.500000 17980 5993.321955 191.786303
21.001788 5937.500000 18063 6020.918339 192.669387
21.001637 5937.500000 17872 5956.937998 190.622016
21.002534 5937.500000 17837 5944.673113 190.229540
21.001511 5937.500000 17667 5888.856224 188.443399
21.001319 5937.500000 17884 5960.999662 190.751989
21.001698 5937.500000 17952 5983.305514 191.465776
21.002089 5937.500000 18009 6002.677451 192.085678
21.002469 5937.500000 18022 6007.234691 192.231510
21.002217 5937.500000 17773 5923.685616 189.557940
21.002634 5937.500000 17975 5991.531726 191.729015
21.001144 5937.500000 17605 5868.254786 187.784153
24.000672 5937.500000 17801 5933.612413 189.875597
24.001046 5937.500000 17828 5942.001151 190.144037
24.003531 5937.500000 17932 5971.674106 191.093571
24.001567 5937.500000 17861 5952.687346 190.485995
24.000821 5937.500000 17875 5958.195717 190.662263
24.000915 5937.500000 17887 5962.258289 190.792265
24.001217 5937.500000 17877 5958.675146 190.677605
24.001475 5937.500000 17990 5996.355870 191.883388
24.001422 5937.500000 17988 5995.722668 191.863125
24.001202 5937.500000 17786 5928.493683 189.711798
24.001550 5937.500000 17654 5884.518984 188.304608
24.001159 5937.500000 17766 5921.911967 189.501183
24.001439 5937.500000 17874 5957.988688 190.655638
24.001315 5937.500000 17885 5961.659735 190.773112
24.001211 5937.500000 17873 5957.624631 190.643988
24.001095 5937.500000 17677 5892.296252 188.553480
24.001484 5937.500000 17680 5893.018458 188.576591
24.001777 5937.500000 17791 5930.056704 189.761815
24.001444 5937.500000 17721 5906.936985 189.021984
24.002068 5937.500000 17976 5991.764366 191.736460
24.001849 5937.500000 18083 6027.258757 192.872280
24.001792 5937.500000 17895 5964.991089 190.879715
24.001947 5937.500000 18003 6000.479295 192.015337
24.002050 5937.500000 17889 5962.301386 190.793644
24.002369 5937.500000 17959 5985.774321 191.544778
24.001516 5937.500000 17853 5950.989832 190.431675
24.001421 5937.500000 18048 6015.796883 192.505500
24.002863 5937.500000 17693 5896.892108 188.700547
24.002653 5937.500000 17899 5966.095314 190.915050
24.002378 5937.500000 17954 5984.345419 191.499053
24.002678 5937.500000 17652 5883.913273 188.285225
24.001210 5937.500000 17952 5983.868618 191.483796
27.001418 5937.500000 17909 5968.477322 190.991274
27.001576 5937.500000 17924 5973.610348 191.155531
27.000746 5937.500000 17502 5833.856447 186.683406
27.001366 5937.500000 17610 5869.595335 187.827051
27.000975 5937.500000 17591 5863.550166 187.633605
27.001292 5937.500000 17931 5976.849645 191.259189
27.001221 5937.500000 18115 6038.296641 193.225493
27.001190 5937.500000 17938 5979.143947 191.332606
27.001683 5937.500000 18038 6011.927855 192.381691
27.001284 5937.500000 17922 5973.856228 191.163399
27.001710 5937.500000 17636 5878.145070 188.100642
27.001443 5937.500000 17654 5884.625581 188.308019
27.001843 5937.500000 18064 6020.746135 192.663876
27.001558 5937.500000 17669 5889.520274 188.464649
27.001483 5937.500000 17751 5916.913252 189.341224
27.001647 5937.500000 17745 5914.660944 189.269150
27.001874 5937.500000 17640 5879.950213 188.158407
27.001795 5937.500000 17710 5903.328189 188.906502
27.002379 5937.500000 17855 5949.955632 190.398580
27.001798 5937.500000 17881 5960.290192 190.729286
27.002014 5937.500000 17627 5875.534940 188.017118
27.001815 5937.500000 17441 5813.186934 186.021982
27.002380 5937.500000 17735 5911.645421 189.172653
27.002284 5937.500000 17854 5950.905270 190.428969
27.001422 5937.500000 17756 5918.664452 189.397262
27.002778 5937.500000 17903 5967.419296 190.957417
27.002150 5937.500000 17821 5940.134250 190.084296
27.002841 5937.500000 17582 5859.763694 187.512438
27.002872 5937.500000 17801 5933.649347 189.876779
27.002863 5937.500000 17789 5929.302680 189.737686
27.003766 5937.500000 17621 5873.208390 187.942668
27.001372 5937.500000 17946 5981.677847 191.413691
#type       avg     std     min     5th    10th    90th    95th    99th
read      835.5   269.5   251.6   508.8   544.6  1222.5  1351.6  1578.3
update    837.9   271.5   304.5   509.0   545.0  1233.1  1355.3  1566.0
op_q        6.7     3.1     1.0     2.1     3.0    11.2    12.5    16.1

Total QPS = 380024.7 (11400744 / 30.0s)

Misses = 0 (0.0%)
Skipped TXs = 0 (0.0%)

RX 1961060709 bytes :   62.3 MB/s
TX 1260846866 bytes :   40.1 MB/s
