3.001437 2500.000000 7561 2519.126500 80.612048
3.001465 2500.000000 7602 2532.762907 81.048413
3.000406 2500.000000 7469 2489.329412 79.658541
3.000170 2500.000000 7444 2481.192955 79.398175
3.000063 2500.000000 7503 2500.947669 80.030325
3.000814 2500.000000 7439 2478.993736 79.327800
3.000029 2500.000000 7589 2529.642024 80.948545
3.000336 2500.000000 7520 2506.386344 80.204363
3.000616 2500.000000 7315 2437.832518 78.010641
3.000987 2500.000000 7501 2499.511219 79.984359
3.000227 2500.000000 7362 2453.814061 78.522050
3.001016 2500.000000 7361 2452.835619 78.490740
3.001063 2500.000000 7290 2429.139505 77.732464
3.000285 2500.000000 7337 2445.434557 78.253906
3.000401 2500.000000 7479 2492.666638 79.765332
3.000198 2500.000000 7568 2522.500491 80.720016
3.000124 2500.000000 7517 2505.563491 80.178032
3.000091 2500.000000 7608 2535.923207 81.149543
3.000190 2500.000000 7627 2542.172094 81.349507
3.000398 2500.000000 7590 2529.664264 80.949256
3.000080 2500.000000 7423 2474.267227 79.176551
3.000179 2500.000000 7482 2493.851180 79.803238
3.000559 2500.000000 7435 2477.871560 79.291890
3.000350 2500.000000 7462 2487.043567 79.585394
3.000185 2500.000000 7453 2484.180312 79.493770
3.000008 2500.000000 7717 2572.326395 82.314445
3.000209 2500.000000 7465 2488.159932 79.621118
3.000089 2500.000000 7452 2483.926089 79.485635
3.000513 2500.000000 7286 2428.251757 77.704056
3.000201 2500.000000 7494 2497.832797 79.930650
3.000008 2500.000000 7618 2539.326768 81.258457
3.000636 2500.000000 7461 2486.472840 79.567131
6.000685 2500.000000 7464 2487.943305 79.614186
6.001318 2500.000000 7628 2541.626596 81.332051
6.001982 2500.000000 7355 2450.375861 78.412028
6.000386 2500.000000 7441 2480.038296 79.361225
6.001340 2500.000000 7564 2520.677089 80.661667
6.001066 2500.000000 7728 2575.191041 82.406113
6.001334 2500.000000 7527 2508.709955 80.278719
6.000839 2500.000000 7447 2481.916648 79.421333
6.000770 2500.000000 7626 2541.491434 81.327726
6.000376 2500.000000 7422 2473.924684 79.165590
6.000612 2500.000000 7379 2459.320953 78.698271
6.001155 2500.000000 7356 2451.887054 78.460386
6.000344 2500.000000 7495 2498.236524 79.943569
6.001853 2500.000000 7568 2522.340948 80.714910
6.000098 2500.000000 7413 2470.985580 79.071539
6.000501 2500.000000 7575 2524.728835 80.791323
6.000773 2500.000000 7659 2552.395475 81.676655
6.000854 2500.000000 7422 2473.302584 79.145683
6.000679 2500.000000 7537 2512.105451 80.387374
6.000469 2500.000000 7585 2528.233053 80.903458
6.002012 2500.000000 7495 2497.854737 79.931352
6.000235 2500.000000 7749 2582.956855 82.654619
6.000292 2500.000000 7517 2505.587516 80.178801
6.001860 2500.000000 7552 2516.107049 80.515426
6.000864 2500.000000 7461 2486.958794 79.582681
6.000357 2500.000000 7492 2497.210442 79.910734
6.001120 2500.000000 7350 2449.953582 78.398515
6.000804 2500.000000 7505 2501.070661 80.034261
6.000918 2500.000000 7321 2440.003329 78.080107
6.000348 2500.000000 7440 2479.878127 79.356100
6.001002 2500.000000 7481 2492.840624 79.770900
6.001924 2500.000000 7355 2450.614381 78.419660
9.001433 2500.000000 7633 2543.420943 81.389470
9.002097 2500.000000 7578 2524.962337 80.798795
9.000926 2500.000000 7485 2494.869988 79.835840
9.000290 2500.000000 7372 2457.175850 78.629627
9.000506 2500.000000 7535 2511.487615 80.367604
9.000790 2500.000000 7358 2452.301740 78.473656
9.001155 2500.000000 7492 2496.693563 79.894194
9.000685 2500.000000 7488 2495.999892 79.871997
9.000852 2500.000000 7500 2499.989269 79.999657
9.000635 2500.000000 7370 2456.454775 78.606553
9.000351 2500.000000 7464 2487.903800 79.612922
9.000608 2500.000000 7649 2549.576072 81.586434
9.000737 2500.000000 7445 2481.618259 79.411784
9.000670 2500.000000 7526 2508.498230 80.271943
9.001301 2500.000000 7698 2565.875166 82.108005
9.000658 2500.000000 7665 2554.961228 81.758759
9.001329 2500.000000 7374 2457.991162 78.655717
9.001786 2500.000000 7717 2571.762266 82.296393
9.000865 2500.000000 7660 2553.255405 81.704173
9.001779 2500.000000 7645 2547.954635 81.534548
9.002614 2500.000000 7600 2532.691051 81.046114
9.001338 2500.000000 7359 2452.777552 78.488882
9.000900 2500.000000 7285 2428.295772 77.705465
9.001584 2500.000000 7555 2518.128907 80.580125
9.002368 2500.000000 7407 2468.707062 78.998626
9.000639 2500.000000 7392 2463.761370 78.840364
9.001089 2500.000000 7366 2455.100194 78.563206
9.001240 2500.000000 7681 2560.058881 81.921884
9.002588 2500.000000 7358 2452.072093 78.466307
9.002151 2500.000000 7446 2481.859887 79.419516
9.001249 2500.000000 7738 2579.120917 82.531869
9.002837 2500.000000 7487 2494.907762 79.837048
12.002961 2500.000000 7533 2509.721792 80.311097
12.001071 2500.000000 7436 2478.485509 79.311536
12.000865 2500.000000 7411 2470.162806 79.045210
12.006711 2500.000000 7569 2517.941723 80.574135
12.000818 2500.000000 7405 2468.160241 78.981128
12.001739 2500.000000 7499 2499.301756 79.977656
12.001261 2500.000000 7594 2530.805087 80.985763
12.001040 2500.000000 7423 2474.083712 79.170679
12.000605 2500.000000 7396 2465.074416 78.882381
12.001191 2500.000000 7324 2441.303635 78.121716
12.001316 2500.000000 7373 2456.876035 78.620033
12.002036 2500.000000 7526 2508.075756 80.258424
12.001470 2500.000000 7422 2473.205722 79.142583
12.001599 2500.000000 7439 2479.060257 79.329928
12.002225 2500.000000 7535 2510.579638 80.338548
12.000831 2500.000000 7547 2515.631879 80.500220
12.002487 2500.000000 7614 2537.899352 81.212779
12.000836 2500.000000 7312 2437.198102 77.990339
12.002758 2500.000000 7457 2484.856489 79.515408
12.001639 2500.000000 7330 2443.287949 78.185214
12.001993 2500.000000 7423 2473.793300 79.161386
12.002954 2500.000000 7581 2526.278035 80.840897
12.001120 2500.000000 7507 2502.150033 80.068801
12.001227 2500.000000 7572 2523.883551 80.764274
12.002439 2500.000000 7516 2504.788080 80.153219
12.001533 2500.000000 7399 2466.092557 78.914962
12.002718 2500.000000 7582 2527.245554 80.871858
12.001060 2500.000000 7690 2562.973154 82.015141
12.002515 2500.000000 7444 2481.032321 79.393034
12.002712 2500.000000 7353 2450.898503 78.428752
12.001437 2500.000000 7428 2475.844862 79.227036
12.003095 2500.000000 7717 2572.112317 82.307594
15.001077 2500.000000 7703 2567.661606 82.165171
15.000951 2500.000000 7437 2478.901403 79.324845
15.005910 2500.000000 7534 2508.058498 80.257872
15.001367 2500.000000 7579 2526.244157 80.839813
15.000967 2500.000000 7700 2566.579084 82.130531
15.001485 2500.000000 7538 2512.108412 80.387469
15.000936 2500.000000 7593 2530.720576 80.983058
15.004530 2500.000000 7343 2444.945397 78.238253
15.002394 2500.000000 7544 2513.362068 80.427586
15.003048 2500.000000 7537 2510.652811 80.340890
15.002734 2500.000000 7558 2518.414693 80.589270
15.002093 2500.000000 7441 2480.040568 79.361298
15.001345 2500.000000 7399 2466.309724 78.921911
15.001205 2500.000000 7546 2515.261820 80.488378
15.003436 2500.000000 7500 2498.470172 79.951045
15.001655 2500.000000 7391 2463.514763 78.832472
15.001252 2500.000000 7413 2470.980182 79.071366
15.002140 2500.000000 7609 2536.245101 81.159843
15.002791 2500.000000 7582 2527.076871 80.866460
15.002557 2500.000000 7635 2544.718725 81.430999
15.003074 2500.000000 7494 2497.736773 79.927577
15.003943 2500.000000 7387 2461.522497 78.768720
15.002520 2500.000000 7598 2531.833416 81.018669
15.002875 2500.000000 7418 2472.307198 79.113830
15.001090 2500.000000 7525 2508.308511 80.265872
15.002719 2500.000000 7366 2455.332585 78.570643
15.003412 2500.000000 7562 2520.287971 80.649215
15.002873 2500.000000 7526 2508.532396 80.273037
15.002692 2500.000000 7687 2562.181823 81.989818
15.001698 2500.000000 7609 2536.112798 81.155610
15.006861 2500.000000 7536 2511.875054 80.380002
15.003163 2500.000000 7446 2481.943519 79.422193
18.001362 2500.000000 7599 2532.868147 81.051781
18.001084 2500.000000 7473 2490.889049 79.708450
18.000996 2500.000000 7430 2476.617105 79.251747
18.001311 2500.000000 7513 2504.045814 80.129466
18.001219 2500.000000 7291 2430.218185 77.766982
18.001643 2500.000000 7643 2547.432603 81.517843
18.001741 2500.000000 7456 2485.121317 79.523882
18.003380 2500.000000 7465 2487.305719 79.593783
18.003087 2500.000000 7423 2473.896384 79.164684
18.002854 2500.000000 7583 2527.552352 80.881675
18.002309 2500.000000 7456 2485.154519 79.524945
18.001403 2500.000000 7625 2541.617314 81.331754
18.001697 2500.000000 7688 2562.286520 81.993169
18.005877 2500.000000 7264 2418.845785 77.403065
18.001665 2500.000000 7344 2447.991926 78.335742
18.003065 2500.000000 7414 2471.174910 79.077597
18.002628 2500.000000 7490 2496.576836 79.890459
18.001109 2500.000000 7690 2563.317550 82.026162
18.003221 2500.000000 7601 2533.520652 81.072661
18.003274 2500.000000 7493 2496.933597 79.901875
18.003383 2500.000000 7542 2513.740688 80.439702
18.002939 2500.000000 7423 2474.164165 79.173253
18.003313 2500.000000 7341 2446.493767 78.287801
18.003230 2500.000000 7533 2510.703196 80.342502
18.004068 2500.000000 7468 2489.229189 79.655334
18.004683 2500.000000 7377 2458.874603 78.683987
18.003477 2500.000000 7600 2533.298442 81.065550
18.003766 2500.000000 7635 2544.699020 81.430369
18.007283 2500.000000 7706 2568.304718 82.185751
18.006186 2500.000000 7473 2490.770808 79.704666
18.001807 2500.000000 7498 2499.242267 79.975753
18.003828 2500.000000 7607 2535.104218 81.123335
21.001133 2500.000000 7582 2527.292671 80.873365
21.001227 2500.000000 7560 2519.805852 80.633787
21.001727 2500.000000 7800 2599.560051 83.185922
21.001618 2500.000000 7476 2491.745518 79.735857
21.002487 2500.000000 7455 2484.382443 79.500238
21.001843 2500.000000 7479 2492.634680 79.764310
21.002598 2500.000000 7494 2497.204480 79.910543
21.002014 2500.000000 7542 2513.453053 80.430498
21.002383 2500.000000 7559 2519.603979 80.627327
21.001722 2500.000000 7575 2524.952106 80.798467
21.003488 2500.000000 7526 2508.575878 80.274428
21.003728 2500.000000 7577 2525.126673 80.804054
21.003556 2500.000000 7410 2469.723942 79.031166
21.003672 2500.000000 7485 2494.494871 79.823836
21.003917 2500.000000 7308 2435.478144 77.935301
21.003035 2500.000000 7525 2508.182224 80.261831
21.001978 2500.000000 7458 2485.279702 79.528950
21.004180 2500.000000 7573 2523.533754 80.753080
21.001956 2500.000000 7451 2483.451889 79.470460
21.003158 2500.000000 7583 2527.482417 80.879437
21.003431 2500.000000 7620 2539.959574 81.278706
21.003766 2500.000000 7580 2526.423079 80.845539
21.004338 2500.000000 7457 2485.443045 79.534177
21.003258 2500.000000 7506 2501.474592 80.047187
21.003320 2500.000000 7554 2517.993871 80.575804
21.003917 2500.000000 7403 2467.542434 78.961358
21.004695 2500.000000 7418 2472.657013 79.125024
21.006015 2500.000000 7621 2540.216431 81.286926
21.002899 2500.000000 7625 2540.742338 81.303755
21.007981 2500.000000 7727 2574.126739 82.372056
21.007302 2500.000000 7491 2496.984355 79.903499
21.004122 2500.000000 7658 2552.416871 81.677340
24.001938 2500.000000 7664 2554.062012 81.729984
24.001134 2500.000000 7704 2567.998759 82.175960
24.001876 2500.000000 7457 2485.453134 79.534500
24.002419 2500.000000 7666 2554.739012 81.751648
24.002000 2500.000000 7401 2466.775672 78.936821
24.002426 2500.000000 7599 2532.963596 81.054835
24.003581 2500.000000 7513 2503.513399 80.112429
24.004080 2500.000000 7553 2516.789955 80.537279
24.002300 2500.000000 7394 2464.291004 78.857312
24.002515 2500.000000 7486 2495.309782 79.849913
24.003573 2500.000000 7409 2469.324619 79.018388
24.002230 2500.000000 7539 2512.819749 80.410232
24.002072 2500.000000 7430 2476.571225 79.250279
24.002801 2500.000000 7366 2454.660216 78.549127
24.003852 2500.000000 7630 2542.976140 81.375236
24.005405 2500.000000 7376 2457.293601 78.633395
24.003830 2500.000000 7541 2513.437517 80.430001
24.003818 2500.000000 7536 2511.724421 80.375181
24.004226 2500.000000 7337 2445.629416 78.260141
24.004122 2500.000000 7519 2506.162335 80.197195
24.004148 2500.000000 7404 2467.608861 78.963484
24.009767 2500.000000 7588 2527.256742 80.872216
24.003849 2500.000000 7442 2480.598094 79.379139
24.003729 2500.000000 7530 2509.658033 80.309057
24.003922 2500.000000 7691 2563.099922 82.019198
24.005155 2500.000000 7350 2449.332644 78.378645
24.004875 2500.000000 7539 2512.849074 80.411170
24.005418 2500.000000 7477 2491.086946 79.714782
24.006041 2500.000000 7527 2508.978368 80.287308
24.003156 2500.000000 7423 2474.121271 79.171881
24.008009 2500.000000 7545 2514.976172 80.479237
24.004492 2500.000000 7554 2517.689586 80.566067
27.003072 2500.000000 7336 2444.459820 78.222714
27.004033 2500.000000 7528 2507.693800 80.246202
27.001893 2500.000000 7554 2517.362860 80.555612
27.002266 2500.000000 7476 2491.675466 79.733615
27.002227 2500.000000 7526 2508.424856 80.269595
27.002352 2500.000000 7289 2429.567489 77.746160
27.002579 2500.000000 7591 2530.204852 80.966555
27.004070 2500.000000 7417 2471.052631 79.073684
27.002612 2500.000000 7694 2564.400323 82.060810
27.003811 2500.000000 7463 2487.475540 79.599217
27.002911 2500.000000 7434 2477.593703 79.282999
27.004163 2500.000000 7495 2498.075049 79.938402
27.004204 2500.000000 7434 2477.953843 79.294523
27.004799 2500.000000 7787 2594.606481 83.027407
27.004896 2500.000000 7517 2504.766050 80.152514
27.004108 2500.000000 7291 2430.123937 77.763966
27.005092 2500.000000 7615 2538.150290 81.220809
27.004089 2500.000000 7549 2516.325556 80.522418
27.004098 2500.000000 7664 2554.438131 81.742020
27.004345 2500.000000 7515 2504.485613 80.143540
27.004342 2500.000000 7383 2460.819539 78.746225
27.002934 2500.000000 7629 2542.887439 81.372398
27.007002 2500.000000 7397 2464.876835 78.876059
27.004599 2500.000000 7458 2485.690639 79.542100
27.003980 2500.000000 7405 2468.285469 78.985135
27.005450 2500.000000 7542 2513.961643 80.446773
27.005425 2500.000000 7530 2509.774724 80.312791
27.005878 2500.000000 7450 2482.952967 79.454495
27.005549 2500.000000 7314 2436.056471 77.953807
27.009309 2500.000000 7535 2510.579000 80.338528
27.011501 2500.000000 7637 2544.196311 81.414282
27.004507 2500.000000 7633 2544.320474 81.418255
#type       avg     std     min     5th    10th    90th    95th    99th
read      489.2   251.9    72.9   242.0   280.5   737.3   835.0  1018.7
update    492.6   253.5    72.9   243.3   281.8   744.3   840.2  1018.9
op_q        2.4     1.4     1.0     1.0     1.0     4.1     4.9     6.8

Total QPS = 179933.0 (5397990 / 30.0s)

Misses = 0 (0.0%)
Skipped TXs = 0 (0.0%)

RX  929984065 bytes :   29.6 MB/s
TX  597197808 bytes :   19.0 MB/s
