3.000302 5277.777778 15735 5244.472217 167.823111
3.000305 5277.777778 15979 5325.791999 170.425344
3.000016 5277.777778 15825 5274.972505 168.799120
3.000105 5277.777778 15651 5216.816652 166.938133
3.000138 5277.777778 15633 5210.760374 166.744332
3.000251 5277.777778 16028 5342.219145 170.951013
3.000358 5277.777778 15420 5139.387062 164.460386
3.000131 5277.777778 15838 5279.103297 168.931306
3.000076 5277.777778 16041 5346.864183 171.099654
3.000154 5277.777778 15992 5330.393693 170.572598
3.000618 5277.777778 15737 5244.586366 167.826764
3.000037 5277.777778 15958 5319.268215 170.216583
3.000231 5277.777778 15670 5222.931293 167.133801
3.000013 5277.777778 15648 5215.977491 166.911280
3.000060 5277.777778 15868 5289.226934 169.255262
3.000251 5277.777778 15784 5260.892859 168.348571
3.000037 5277.777778 15803 5267.601698 168.563254
3.000346 5277.777778 15487 5161.738230 165.175623
3.000015 5277.777778 15623 5207.641044 166.644513
3.000114 5277.777778 16011 5336.797541 170.777521
3.000285 5277.777778 15973 5323.827554 170.362482
3.000342 5277.777778 15624 5207.405609 166.636979
3.000104 5277.777778 15800 5266.483475 168.527471
3.000346 5277.777778 15790 5262.727192 168.407270
3.000047 5277.777778 15693 5230.918107 167.389379
3.000124 5277.777778 15984 5327.778903 170.488925
3.000181 5277.777778 15740 5246.349454 167.883183
3.000082 5277.777778 15854 5284.522124 169.104708
3.000199 5277.777778 16337 5445.306356 174.249803
3.000113 5277.777778 16126 5375.131304 172.004202
3.000573 5277.777778 15535 5177.344638 165.675028
3.000041 5277.777778 15706 5235.261009 167.528352
6.000503 5277.777778 15707 5235.393089 167.532579
6.000056 5277.777778 15628 5209.263810 166.696442
6.000261 5277.777778 15654 5217.982733 166.975447
6.000148 5277.777778 15779 5259.591204 168.306919
6.000045 5277.777778 15937 5312.279828 169.992954
6.000292 5277.777778 15702 5233.732025 167.479425
6.000099 5277.777778 15942 5313.890355 170.044491
6.000251 5277.777778 16069 5355.968743 171.391000
6.000058 5277.777778 15780 5259.963459 168.318831
6.000761 5277.777778 15950 5315.590530 170.098897
6.000643 5277.777778 15754 5250.834302 168.026698
6.000963 5277.777778 16278 5424.397190 173.580710
6.000406 5277.777778 15851 5283.134651 169.060309
6.000201 5277.777778 15545 5181.514157 165.808453
6.000017 5277.777778 15856 5285.326371 169.130444
6.000586 5277.777778 16112 5370.067109 171.842148
6.000313 5277.777778 15617 5205.524617 166.576788
6.000593 5277.777778 15812 5270.161319 168.645162
6.000395 5277.777778 15865 5288.169815 169.221434
6.000294 5277.777778 15746 5248.258056 167.944258
6.000311 5277.777778 15803 5267.621220 168.563879
6.000750 5277.777778 15710 5236.436265 167.565960
6.000144 5277.777778 15732 5243.977267 167.807273
6.000286 5277.777778 15624 5207.646797 166.644698
6.000355 5277.777778 16019 5339.357204 170.859431
6.000715 5277.777778 16026 5340.929358 170.909739
6.000476 5277.777778 15713 5237.053923 167.585726
6.000713 5277.777778 15911 5303.016522 169.696529
6.000432 5277.777778 15837 5278.842262 168.922952
6.000714 5277.777778 15584 5193.773870 166.200764
6.000590 5277.777778 15955 5318.303180 170.185702
6.000165 5277.777778 15915 5304.780992 169.752992
9.000444 5277.777778 15766 5255.099948 168.163198
9.000387 5277.777778 15966 5321.669369 170.293420
9.000316 5277.777778 15803 5267.661585 168.565171
9.000296 5277.777778 15894 5297.937880 169.534012
9.001216 5277.777778 15956 5316.766069 170.136514
9.000067 5277.777778 15689 5229.628856 167.348123
9.000379 5277.777778 16191 5396.585429 172.690734
9.000114 5277.777778 15771 5256.898305 168.220746
9.000468 5277.777778 15836 5277.873762 168.891960
9.000097 5277.777778 15969 5322.930188 170.333766
9.000897 5277.777778 15720 5239.143024 167.652577
9.000552 5277.777778 15878 5292.206399 169.350605
9.000428 5277.777778 15905 5301.429229 169.645735
9.000616 5277.777778 16258 5418.400160 173.388805
9.000403 5277.777778 15844 5281.066022 168.994113
9.000821 5277.777778 15697 5232.228932 167.431326
9.000863 5277.777778 15714 5237.616474 167.603727
9.000767 5277.777778 15899 5299.358480 169.579471
9.000850 5277.777778 15826 5274.533058 168.785058
9.000287 5277.777778 15897 5298.997079 169.567907
9.000461 5277.777778 15797 5265.480422 168.495374
9.000848 5277.777778 15841 5279.873404 168.955949
9.000869 5277.777778 15984 5327.223804 170.471162
9.000762 5277.777778 15897 5298.977839 169.567291
9.000754 5277.777778 15711 5236.560505 167.569936
9.000988 5277.777778 15806 5268.622519 168.595921
9.000657 5277.777778 15978 5325.678599 170.421715
9.001605 5277.777778 16028 5341.079706 170.914551
9.001454 5277.777778 15770 5255.372560 168.171922
9.000726 5277.777778 15951 5316.979000 170.143328
9.001009 5277.777778 15918 5305.259720 169.768311
9.000713 5277.777778 15588 5195.052166 166.241669
12.000617 5277.777778 15993 5330.734479 170.583503
12.000116 5277.777778 15719 5239.663231 167.669223
12.000948 5277.777778 15767 5254.122665 168.131925
12.000988 5277.777778 15988 5328.918936 170.525406
12.000346 5277.777778 15934 5311.279674 169.960950
12.000690 5277.777778 16282 5426.771321 173.656682
12.000375 5277.777778 16094 5364.525041 171.664801
12.000504 5277.777778 15922 5307.199219 169.830375
12.000217 5277.777778 15643 5214.124874 166.851996
12.000995 5277.777778 15932 5310.653221 169.940903
12.000779 5277.777778 15937 5312.043482 169.985391
12.000480 5277.777778 15760 5253.171492 168.101488
12.000611 5277.777778 15670 5223.042142 167.137349
12.001190 5277.777778 15882 5293.349352 169.387179
12.000793 5277.777778 15849 5282.953863 169.054524
12.000349 5277.777778 15738 5245.891980 167.868543
12.000497 5277.777778 16024 5341.165866 170.917308
12.000589 5277.777778 15669 5222.936578 167.133971
12.000920 5277.777778 15567 5188.874213 166.043975
12.000994 5277.777778 15710 5236.414949 167.565278
12.001024 5277.777778 15767 5255.383533 168.172273
12.000765 5277.777778 15753 5250.995556 168.031858
12.001088 5277.777778 15839 5279.330639 168.938580
12.000795 5277.777778 16318 5438.728107 174.039299
12.001296 5277.777778 15662 5220.528517 167.056913
12.000857 5277.777778 15819 5272.647338 168.724715
12.001129 5277.777778 15865 5287.874513 169.211984
12.000763 5277.777778 15709 5236.268962 167.560607
12.002565 5277.777778 15586 5193.670183 166.197446
12.002191 5277.777778 15899 5298.364417 169.547661
12.001109 5277.777778 15827 5275.490357 168.815691
12.000800 5277.777778 16056 5351.844477 171.259023
15.002242 5277.777778 15774 5255.280981 168.168991
15.001391 5277.777778 16154 5383.568238 172.274184
15.000928 5277.777778 15935 5311.653274 169.972905
15.000774 5277.777778 15726 5241.252221 167.720071
15.000502 5277.777778 15752 5249.990158 167.999685
15.000484 5277.777778 15628 5209.145525 166.692657
15.000304 5277.777778 15956 5318.511976 170.192383
15.001136 5277.777778 16003 5333.210617 170.662740
15.000379 5277.777778 15578 5192.614946 166.163678
15.001769 5277.777778 15862 5286.020226 169.152647
15.000512 5277.777778 16038 5345.972912 171.071133
15.001363 5277.777778 15892 5296.682383 169.493836
15.000883 5277.777778 16118 5372.455593 171.918579
15.000994 5277.777778 15893 5296.952114 169.502468
15.001309 5277.777778 15564 5187.793127 166.009380
15.000885 5277.777778 15756 5251.839372 168.058860
15.001570 5277.777778 15756 5251.156918 168.037021
15.000645 5277.777778 15940 5313.274396 170.024781
15.000668 5277.777778 15968 5322.332493 170.314640
15.001183 5277.777778 15789 5262.906529 168.413009
15.001375 5277.777778 15656 5217.992333 166.975755
15.000996 5277.777778 15947 5315.665633 170.101300
15.001394 5277.777778 15990 5329.824317 170.554378
15.001615 5277.777778 15670 5222.172831 167.109531
15.000659 5277.777778 15915 5304.925173 169.757606
15.001393 5277.777778 15810 5268.950848 168.606427
15.000874 5277.777778 15688 5229.303553 167.337714
15.000765 5277.777778 16066 5355.329345 171.370539
15.002482 5277.777778 15955 5317.817900 170.170173
15.002575 5277.777778 15675 5224.983642 167.199477
15.001158 5277.777778 15749 5249.580880 167.986588
15.000856 5277.777778 15821 5273.567938 168.754174
18.000360 5277.777778 15956 5318.566892 170.194141
18.000633 5277.777778 15847 5282.119997 169.027840
18.001351 5277.777778 15761 5252.456025 168.078593
18.000662 5277.777778 15663 5220.690474 167.062095
18.000944 5277.777778 15892 5297.033877 169.505084
18.000475 5277.777778 15622 5207.166641 166.629333
18.000555 5277.777778 15798 5265.908169 168.509061
18.000952 5277.777778 15931 5310.215559 169.926898
18.000953 5277.777778 15607 5202.212463 166.470799
18.000755 5277.777778 15612 5203.808999 166.521888
18.001194 5277.777778 15865 5288.230428 169.223374
18.001091 5277.777778 16046 5348.375685 171.148022
18.001158 5277.777778 15744 5247.143622 167.908596
18.001069 5277.777778 15898 5299.200343 169.574411
18.001028 5277.777778 15804 5267.943405 168.574189
18.001334 5277.777778 15522 5173.739021 165.559649
18.001469 5277.777778 16036 5345.048343 171.041547
18.001451 5277.777778 15940 5313.233860 170.023484
18.001448 5277.777778 15884 5294.515952 169.424510
18.001467 5277.777778 15444 5147.842454 164.730959
18.001856 5277.777778 15641 5213.168934 166.821406
18.001851 5277.777778 16017 5338.855418 170.843373
18.001428 5277.777778 15660 5219.935557 167.037938
18.000819 5277.777778 15627 5208.905681 166.684982
18.001098 5277.777778 15872 5290.272502 169.288720
18.001499 5277.777778 15872 5290.479028 169.295329
18.001972 5277.777778 15713 5237.043067 167.585378
18.002300 5277.777778 15808 5269.230754 168.615384
18.003041 5277.777778 15743 5246.688702 167.894038
18.001384 5277.777778 16163 5387.260346 172.392331
18.002579 5277.777778 15958 5319.325440 170.218414
18.001340 5277.777778 16032 5343.137533 170.980401
21.001270 5277.777778 15824 5274.092796 168.770969
21.001149 5277.777778 15998 5331.265839 170.600507
21.001041 5277.777778 15684 5227.339536 167.274865
21.000627 5277.777778 15814 5271.205377 168.678572
21.000755 5277.777778 15572 5190.182411 166.085837
21.000980 5277.777778 15641 5213.616621 166.835732
21.000707 5277.777778 15910 5303.202974 169.702495
21.001135 5277.777778 15972 5323.676644 170.357653
21.003486 5277.777778 15888 5292.441534 169.358129
21.001157 5277.777778 15658 5219.180824 167.013786
21.000833 5277.777778 15943 5314.308666 170.057877
21.001035 5277.777778 16024 5340.833654 170.906677
21.001521 5277.777778 16095 5364.696213 171.670279
21.001243 5277.777778 15895 5297.954795 169.534553
21.001860 5277.777778 15996 5331.272140 170.600708
21.001500 5277.777778 15857 5285.664857 169.141275
21.001185 5277.777778 15822 5273.834558 168.762706
21.001411 5277.777778 15582 5193.561914 166.193981
21.002003 5277.777778 15888 5295.054752 169.441752
21.001287 5277.777778 16037 5345.500246 171.056008
21.001336 5277.777778 16068 5355.997416 171.391917
21.001673 5277.777778 15935 5311.269418 169.960621
21.001940 5277.777778 15782 5260.509789 168.336313
21.002205 5277.777778 15734 5244.056283 167.809801
21.001208 5277.777778 15991 5330.138347 170.564427
21.001460 5277.777778 16128 5375.943006 172.030176
21.002195 5277.777778 15771 5256.608847 168.211483
21.002581 5277.777778 15608 5202.179638 166.469748
21.002927 5277.777778 15957 5318.382600 170.188243
21.003122 5277.777778 15713 5237.525093 167.600803
21.001526 5277.777778 15968 5322.415705 170.317303
21.001487 5277.777778 15847 5282.074116 169.026372
24.001704 5277.777778 15842 5279.688508 168.950032
24.001473 5277.777778 16001 5333.104721 170.659351
24.001132 5277.777778 15854 5283.777861 169.080892
24.001364 5277.777778 16091 5362.492464 171.599759
24.001111 5277.777778 16103 5367.539756 171.761272
24.000998 5277.777778 16206 5401.968708 172.862999
24.001311 5277.777778 15981 5326.687337 170.453995
24.001194 5277.777778 15517 5172.059179 165.505894
24.000785 5277.777778 15687 5228.947721 167.326327
24.001701 5277.777778 15901 5299.821075 169.594274
24.001446 5277.777778 15996 5331.686900 170.613981
24.001740 5277.777778 15816 5271.024681 168.672790
24.001806 5277.777778 16027 5341.410311 170.925130
24.000897 5277.777778 15904 5301.221189 169.639078
24.001971 5277.777778 15711 5236.946481 167.582287
24.001520 5277.777778 15598 5199.229262 166.375336
24.001241 5277.777778 15904 5301.274929 169.640798
24.001477 5277.777778 15922 5306.919111 169.821412
24.001544 5277.777778 15732 5243.636061 167.796354
24.002116 5277.777778 15748 5248.886128 167.964356
24.001641 5277.777778 15674 5224.456323 167.182602
24.001744 5277.777778 15960 5319.872587 170.235923
24.001636 5277.777778 15802 5267.093782 168.547001
24.002138 5277.777778 16016 5338.426409 170.829645
24.002409 5277.777778 15674 5224.312697 167.178006
24.002814 5277.777778 15836 5278.256441 168.904206
24.002353 5277.777778 15762 5253.723899 168.119165
24.001763 5277.777778 15773 5257.249713 168.231991
24.002980 5277.777778 16059 5352.906568 171.293010
24.003558 5277.777778 15913 5303.563727 169.714039
24.003775 5277.777778 16118 5372.149489 171.908784
24.001510 5277.777778 16025 5341.627293 170.932073
27.004842 5277.777778 15867 5283.537854 169.073211
27.001199 5277.777778 15790 5263.215821 168.422906
27.001549 5277.777778 16079 5359.530081 171.504963
27.001421 5277.777778 15828 5275.454947 168.814558
27.001031 5277.777778 16018 5339.273233 170.856743
27.001484 5277.777778 15785 5261.653983 168.372927
27.001199 5277.777778 15811 5270.325733 168.650423
27.000978 5277.777778 16213 5403.985319 172.927530
27.001419 5277.777778 15897 5298.809769 169.561913
27.001855 5277.777778 16008 5335.273529 170.728753
27.002181 5277.777778 15727 5241.500792 167.728025
27.002201 5277.777778 15845 5280.681408 168.981805
27.001923 5277.777778 15612 5203.690002 166.518080
27.002304 5277.777778 15716 5238.376172 167.628037
27.002060 5277.777778 15766 5255.177166 168.165669
27.001842 5277.777778 15862 5287.270087 169.192643
27.001432 5277.777778 15818 5272.546955 168.721503
27.001679 5277.777778 15863 5287.427596 169.197683
27.001061 5277.777778 15967 5322.042119 170.305348
27.001786 5277.777778 16110 5369.524934 171.824798
27.002615 5277.777778 15893 5296.785761 169.497144
27.002377 5277.777778 15851 5282.475277 169.039209
27.001244 5277.777778 15629 5209.661214 166.709159
27.001642 5277.777778 15982 5327.324290 170.474377
27.002505 5277.777778 15939 5312.731108 170.007395
27.002832 5277.777778 15891 5296.967751 169.502968
27.002522 5277.777778 15880 5293.134181 169.380294
27.003098 5277.777778 15783 5260.792487 168.345360
27.003844 5277.777778 15590 5196.547352 166.289515
27.001811 5277.777778 15840 5279.916767 168.957337
27.003587 5277.777778 16006 5335.281994 170.729024
27.001555 5277.777778 15867 5288.920023 169.245441
#type       avg     std     min     5th    10th    90th    95th    99th
read     1060.5   458.8   208.0   658.1   693.5  1396.1  1709.7  1982.9
update   1062.2   460.6   208.0   658.2   693.7  1438.8  1716.1  1968.2
op_q        7.4     3.7     1.0     2.9     3.8    12.1    13.0    17.3

Total QPS = 379738.8 (11392163 / 30.0s)

Misses = 0 (0.0%)
Skipped TXs = 0 (0.0%)

RX 1968712305 bytes :   62.6 MB/s
TX 1259563116 bytes :   40.0 MB/s
