3.017215 62.500000 185 61.314823 1.962074
3.020134 62.500000 167 55.295554 1.769458
3.004422 62.500000 194 64.571485 2.066288
3.001540 62.500000 172 57.303915 1.833725
3.009219 62.500000 169 56.160754 1.797144
3.103766 62.500000 211 67.981919 2.175421
3.001895 62.500000 189 62.960224 2.014727
3.058145 62.500000 177 57.878228 1.852103
3.015981 62.500000 165 54.708569 1.750674
3.004609 62.500000 176 58.576673 1.874454
3.002041 62.500000 203 67.620671 2.163861
3.018345 62.500000 190 62.948407 2.014349
3.021684 62.500000 169 55.929070 1.789730
3.015131 62.500000 173 57.377275 1.836073
3.023103 62.500000 188 62.187754 1.990008
3.104310 62.500000 183 58.950294 1.886409
3.000829 62.500000 165 54.984808 1.759514
3.034071 62.500000 198 65.258848 2.088283
3.005667 62.500000 168 55.894410 1.788621
3.023672 62.500000 199 65.814019 2.106049
3.011847 62.500000 171 56.775792 1.816825
3.026908 62.500000 147 48.564406 1.554061
3.022983 62.500000 164 54.251053 1.736034
3.000661 62.500000 175 58.320479 1.866255
3.056324 62.500000 181 59.221477 1.895087
3.064186 62.500000 199 64.943830 2.078203
3.016835 62.500000 209 69.277899 2.216893
3.005644 62.500000 216 71.864810 2.299674
3.003213 62.500000 186 61.933674 1.981878
3.006618 62.500000 198 65.854723 2.107351
3.021882 62.500000 186 61.551042 1.969633
6.023447 62.500000 212 70.162624 2.245204
6.041152 62.500000 160 52.691497 1.686128
6.018676 62.500000 176 58.389247 1.868456
6.059394 62.500000 199 65.078316 2.082506
6.008219 62.500000 169 56.217563 1.798962
6.025541 62.500000 172 57.286781 1.833177
6.042279 62.500000 189 62.435013 1.997920
6.090701 62.500000 152 50.222795 1.607129
6.002249 62.500000 162 53.974443 1.727182
6.012149 62.500000 194 64.527251 2.064872
6.122054 62.500000 191 62.338666 1.994837
6.016035 62.500000 174 57.998959 1.855967
6.020136 62.500000 153 50.999970 1.631999
6.034355 62.500000 214 70.928103 2.269699
6.053693 62.500000 164 53.914630 1.725268
6.018050 62.500000 165 54.773484 1.752752
6.013015 62.500000 198 65.729337 2.103339
6.134836 62.500000 176 56.473765 1.807160
6.010389 62.500000 210 69.972697 2.239126
6.023095 62.500000 181 60.304983 1.929759
6.026071 62.500000 207 68.944874 2.206236
6.033286 62.500000 211 70.184134 2.245892
6.011277 62.500000 191 63.495995 2.031872
6.038447 62.500000 167 55.268511 1.768592
6.023408 62.500000 188 62.657783 2.005049
6.057111 62.500000 176 58.219545 1.863025
6.072362 62.500000 208 67.846504 2.171088
6.077711 62.500000 188 62.223062 1.991138
6.123129 62.500000 185 61.271202 1.960678
6.106120 62.500000 159 52.968054 1.694978
6.058472 62.500000 191 62.899507 2.012784
9.028396 62.500000 177 58.943902 1.886205
9.067693 62.500000 194 63.571999 2.034304
9.049296 62.500000 198 65.211358 2.086763
9.027882 62.500000 177 58.848051 1.883138
9.034781 62.500000 200 66.473673 2.127158
9.014767 62.500000 194 64.525822 2.064826
9.019013 62.500000 193 64.186484 2.053967
9.053164 62.500000 179 59.428721 1.901719
9.076760 62.500000 186 60.822390 1.946316
9.042705 62.500000 218 72.194743 2.310232
9.003904 62.500000 206 68.628809 2.196122
9.088034 62.500000 188 61.543537 1.969393
9.027486 62.500000 201 66.620345 2.131851
9.140012 62.500000 202 65.042584 2.081363
9.069535 62.500000 228 75.743975 2.423807
9.024239 62.500000 159 52.986012 1.695552
9.047119 62.500000 180 59.903349 1.916907
9.077369 62.500000 189 61.778453 1.976911
9.034717 62.500000 194 64.423816 2.061562
9.037737 62.500000 194 64.101279 2.051241
9.055225 62.500000 190 63.301007 2.025632
9.081660 62.500000 193 63.419827 2.029434
9.086911 62.500000 212 69.971626 2.239092
9.094952 62.500000 209 69.568083 2.226179
9.111178 62.500000 170 55.942841 1.790171
9.107825 62.500000 182 60.063746 1.922040
9.130622 62.500000 159 52.867967 1.691775
9.114469 62.500000 203 67.478867 2.159324
9.122809 62.500000 200 66.649896 2.132797
9.146542 62.500000 205 68.067750 2.178168
9.063296 62.500000 195 64.895647 2.076661
12.089174 125.000000 320 104.517517 3.344561
12.005914 125.000000 312 103.930393 3.325773
12.034632 125.000000 328 108.614111 3.475652
12.033000 125.000000 306 101.526636 3.248852
12.030623 125.000000 309 102.923607 3.293555
12.024458 125.000000 342 113.991672 3.647733
12.031588 125.000000 304 101.208322 3.238666
12.117057 125.000000 309 101.332613 3.242644
12.060688 125.000000 314 104.195396 3.334253
12.035189 125.000000 321 106.985449 3.423534
12.049731 125.000000 317 105.419790 3.373433
12.057596 125.000000 346 115.242270 3.687753
12.068225 125.000000 309 102.485483 3.279535
12.089611 125.000000 319 105.626484 3.380047
12.036368 125.000000 341 113.604152 3.635333
12.054962 125.000000 317 105.467472 3.374959
12.081098 125.000000 334 111.172594 3.557523
12.045186 125.000000 318 105.737468 3.383599
12.098875 125.000000 301 99.972054 3.199106
12.089072 125.000000 282 93.932337 3.005835
12.118986 125.000000 291 96.854155 3.099333
12.085786 125.000000 329 109.359837 3.499515
12.083998 125.000000 345 114.910422 3.677133
12.126486 125.000000 322 107.201931 3.430462
12.117368 125.000000 330 109.651201 3.508838
12.155145 125.000000 307 101.819740 3.258232
12.096066 125.000000 301 100.296100 3.209475
12.130718 125.000000 317 105.663282 3.381225
12.156667 125.000000 331 109.962189 3.518790
12.116887 125.000000 333 110.789170 3.545253
12.065072 125.000000 317 105.604138 3.379332
3.014168 62.500000 190 63.035644 2.017141
15.006640 125.000000 370 123.303492 3.945712
15.173470 125.000000 357 113.591263 3.634920
15.073123 125.000000 378 124.403881 3.980924
15.037429 125.000000 430 143.226354 4.583243
15.053001 125.000000 415 137.352925 4.395294
15.035973 125.000000 416 138.529393 4.432941
15.027333 125.000000 384 127.877468 4.092079
15.096332 125.000000 396 131.333074 4.202658
15.038890 125.000000 291 96.918515 3.101392
15.060012 125.000000 392 130.220392 4.167053
15.065517 125.000000 401 133.451846 4.270459
15.057726 125.000000 402 133.994162 4.287813
15.070261 125.000000 394 131.244247 4.199816
15.058254 125.000000 375 124.862969 3.995615
15.108471 125.000000 336 111.300283 3.561609
15.047291 125.000000 414 137.903225 4.412903
15.127578 125.000000 403 132.635389 4.244332
15.099166 125.000000 359 119.655061 3.828962
15.125099 125.000000 352 117.094728 3.747031
15.093487 125.000000 372 123.609017 3.955489
15.125836 125.000000 386 128.291234 4.105319
15.126522 125.000000 403 134.331725 4.298615
15.099560 125.000000 370 122.903635 3.932916
15.137325 125.000000 342 113.749483 3.639983
15.105884 125.000000 372 123.595514 3.955056
15.169466 125.000000 338 109.609300 3.507498
15.117847 125.000000 359 119.647590 3.828723
15.159334 125.000000 396 131.815931 4.218110
15.119526 125.000000 372 123.891020 3.964513
15.178452 125.000000 370 122.444208 3.918215
15.073905 125.000000 341 113.333005 3.626656
6.018418 62.500000 181 60.247968 1.927935
18.041352 125.000000 350 116.457835 3.726651
18.007872 125.000000 404 134.611383 4.307564
18.042792 125.000000 337 112.132898 3.588253
18.062643 125.000000 335 111.308925 3.561886
18.028197 125.000000 374 124.630768 3.988185
18.084486 125.000000 364 120.281607 3.849011
18.071705 125.000000 349 116.093880 3.715004
18.095887 125.000000 399 131.873549 4.219954
18.114007 125.000000 351 116.784492 3.737104
18.058399 125.000000 354 117.973561 3.775154
18.061264 125.000000 347 115.618402 3.699789
18.098547 125.000000 376 125.122302 4.003914
18.038917 125.000000 394 131.332151 4.202629
18.150091 125.000000 374 123.694879 3.958236
18.073267 125.000000 425 141.659870 4.533116
18.102194 125.000000 363 120.764019 3.864449
18.048084 125.000000 376 125.300232 4.009607
18.135757 125.000000 361 119.936679 3.837974
18.099393 125.000000 396 131.990028 4.223681
18.152350 125.000000 372 121.855766 3.899385
18.134531 125.000000 358 118.959351 3.806699
18.127744 125.000000 376 125.326421 4.010445
18.123330 125.000000 382 127.101034 4.067233
18.106183 125.000000 366 121.987826 3.903610
18.142151 125.000000 397 132.120787 4.227865
18.186227 125.000000 417 137.765033 4.408481
18.174598 125.000000 365 121.620962 3.891871
18.199466 125.000000 416 137.702077 4.406466
18.123214 125.000000 455 151.480425 4.847374
18.171615 125.000000 377 125.576712 4.018455
18.081394 125.000000 373 124.023713 3.968759
9.018568 62.500000 172 57.330482 1.834575
21.008584 125.000000 361 120.304767 3.849753
21.028935 125.000000 349 116.304725 3.721751
21.044668 125.000000 335 111.543392 3.569389
21.050864 125.000000 393 130.648471 4.180751
21.063305 125.000000 341 113.481065 3.631394
21.063294 125.000000 394 131.304857 4.201755
21.091500 125.000000 422 139.744577 4.471826
21.066677 125.000000 333 110.800082 3.545603
21.115230 125.000000 391 128.535404 4.113133
21.043140 125.000000 391 130.150117 4.164804
21.054399 125.000000 379 126.067924 4.034174
21.101875 125.000000 348 115.768938 3.704606
21.113196 125.000000 391 129.857131 4.155428
21.086626 125.000000 385 128.241826 4.103738
21.172197 125.000000 359 118.480032 3.791361
21.178942 125.000000 381 125.197792 4.006329
21.127246 125.000000 429 142.371728 4.555895
21.121167 125.000000 344 113.840395 3.642893
21.155023 125.000000 345 114.811259 3.673960
21.112806 125.000000 393 130.380307 4.172170
21.149408 125.000000 355 117.749406 3.767981
21.114293 125.000000 424 140.952313 4.510474
21.131360 125.000000 363 120.854305 3.867338
21.132270 125.000000 382 126.954990 4.062560
21.202324 125.000000 362 119.561682 3.825974
21.193426 125.000000 359 119.380179 3.820166
21.172003 125.000000 349 116.318275 3.722185
21.158513 125.000000 384 127.737586 4.087603
21.127880 125.000000 350 116.485515 3.727536
21.199675 125.000000 376 125.324609 4.010388
21.094904 125.000000 363 120.457549 3.854642
12.018726 125.000000 331 110.327493 3.530480
24.028751 125.000000 402 133.105225 4.259367
24.072127 125.000000 376 124.965371 3.998892
24.077196 125.000000 358 118.916384 3.805324
24.035204 125.000000 372 123.741403 3.959725
24.051161 125.000000 387 128.721396 4.119085
24.051178 125.000000 360 119.987411 3.839597
24.066215 125.000000 370 123.213837 3.942843
24.045496 125.000000 334 111.245974 3.559871
24.099392 125.000000 365 121.347445 3.883118
24.101217 125.000000 370 121.438202 3.886022
24.182221 125.000000 348 113.936178 3.645958
24.155750 125.000000 380 126.399478 4.044783
24.090550 125.000000 342 113.851085 3.643235
24.110536 125.000000 411 136.605590 4.371379
24.113389 125.000000 340 113.326031 3.626433
24.128548 125.000000 381 126.438702 4.046038
24.129156 125.000000 386 128.584787 4.114713
24.135095 125.000000 411 136.829680 4.378550
24.121646 125.000000 335 111.648842 3.572763
24.165229 125.000000 389 129.227010 4.135264
24.114550 125.000000 389 129.591336 4.146923
24.142161 125.000000 390 129.572791 4.146329
24.117329 125.000000 399 132.865497 4.251696
24.195783 125.000000 332 110.579813 3.538554
24.186326 125.000000 377 125.077609 4.002483
24.184510 125.000000 401 133.419061 4.269410
24.158697 125.000000 357 118.992704 3.807767
24.209782 125.000000 389 129.345088 4.139043
24.122281 125.000000 346 114.290339 3.657291
24.204143 125.000000 359 119.488714 3.823639
24.208770 125.000000 361 118.876434 3.804046
15.024626 125.000000 336 111.780189 3.576966
27.036954 125.000000 379 126.259677 4.040310
27.119785 125.000000 394 130.446579 4.174291
27.035229 125.000000 373 124.065432 3.970094
27.056952 125.000000 374 124.426494 3.981648
27.051921 125.000000 361 120.303560 3.849714
27.069455 125.000000 389 129.526763 4.144856
27.098731 125.000000 381 125.883674 4.028278
27.047025 125.000000 390 129.933767 4.157881
27.080509 125.000000 381 126.859921 4.059517
27.093141 125.000000 349 116.232960 3.719455
27.123158 125.000000 383 127.131784 4.068217
27.128199 125.000000 381 126.376118 4.044036
27.141925 125.000000 342 113.516825 3.632538
27.134280 125.000000 351 116.776893 3.736861
27.151096 125.000000 405 133.687655 4.278005
27.111067 125.000000 338 112.297928 3.593534
27.117783 125.000000 364 121.315007 3.882080
27.126777 125.000000 379 125.820527 4.026257
27.137139 125.000000 430 143.235724 4.583543
27.180665 125.000000 397 131.243326 4.199786
27.173286 125.000000 361 120.011040 3.840353
27.144425 125.000000 380 126.571178 4.050278
27.194489 125.000000 376 124.917796 3.997369
27.161802 125.000000 379 126.202694 4.038486
27.225292 125.000000 405 133.269035 4.264609
27.204103 125.000000 382 126.981175 4.063398
27.212461 125.000000 373 124.222395 3.975117
27.205357 125.000000 378 125.949035 4.030369
27.209712 125.000000 372 122.874024 3.931969
27.209131 125.000000 359 119.652272 3.828873
27.132471 125.000000 358 118.929370 3.805740
18.035189 125.000000 377 125.225743 4.007224
30.044166 125.000000 351 116.719427 3.735022
#type       avg     std     min     5th    10th    90th    95th    99th
read      116.1    90.9    37.4    54.8    57.6   212.4   285.6   489.6
update    121.4    93.3    41.1    57.3    61.0   221.7   295.4   499.9
op_q        1.0     0.0     1.0     1.0     1.0     1.1     1.1     1.1

Total QPS = 566361.8 (16990865 / 30.0s)

Misses = 0 (0.0%)
Skipped TXs = 0 (0.0%)

RX 2911775116 bytes :   92.6 MB/s
TX 1873667220 bytes :   59.6 MB/s
