3.000739 5555.555556 16510 5501.977428 176.063278
3.000357 5555.555556 16861 5619.664827 179.829274
3.000464 5555.555556 16566 5521.145741 176.676664
3.000011 5555.555556 16655 5551.646735 177.652696
3.000085 5555.555556 16908 5635.840257 180.346888
3.000896 5555.555556 16667 5554.008669 177.728277
3.000372 5555.555556 16747 5581.641108 178.612515
3.000080 5555.555556 16512 5503.852483 176.123279
3.001445 5555.555556 16609 5533.668456 177.077391
3.000008 5555.555556 16610 5536.651287 177.172841
3.000123 5555.555556 16659 5552.773122 177.688740
3.000114 5555.555556 16540 5513.124489 176.419984
3.000045 5555.555556 16651 5550.249179 177.607974
3.000018 5555.555556 16484 5494.633473 175.828271
3.000111 5555.555556 16566 5521.795464 176.697455
3.000202 5555.555556 16602 5533.626893 177.076061
3.000484 5555.555556 16573 5523.441957 176.750143
3.000796 5555.555556 16616 5537.197302 177.190314
3.000109 5555.555556 16749 5582.796875 178.649500
3.000045 5555.555556 16492 5497.251438 175.912046
3.000114 5555.555556 16662 5553.788253 177.721224
3.000223 5555.555556 16835 5611.249036 179.559969
3.000066 5555.555556 16515 5504.878091 176.156099
3.000045 5555.555556 16486 5495.251284 175.848041
3.000070 5555.555556 16756 5585.203446 178.726510
3.000091 5555.555556 16632 5543.831634 177.402612
3.001025 5555.555556 16533 5509.117630 176.291764
3.000030 5555.555556 16675 5558.278098 177.864899
3.000341 5555.555556 16659 5552.369207 177.675815
3.000037 5555.555556 16590 5529.930986 176.957792
3.000148 5555.555556 16870 5623.056392 179.937805
3.000322 5555.555556 16888 5628.728825 180.119322
6.000460 5555.555556 16418 5471.909112 175.101092
6.000364 5555.555556 16283 5427.027628 173.664884
6.000031 5555.555556 16522 5507.310315 176.233930
6.000637 5555.555556 16544 5513.704612 176.438548
6.000226 5555.555556 16700 5566.453429 178.126510
6.000175 5555.555556 17077 5692.219206 182.151015
6.000173 5555.555556 16465 5488.240276 175.623689
6.000456 5555.555556 16597 5531.903466 177.020911
6.000451 5555.555556 16734 5577.331754 178.474616
6.000313 5555.555556 16661 5553.244617 177.703828
6.001045 5555.555556 16420 5472.879866 175.132156
6.000126 5555.555556 16493 5497.583423 175.922670
6.000165 5555.555556 16900 5633.106897 180.259421
6.000166 5555.555556 16824 5607.820406 179.450253
6.000082 5555.555556 16899 5632.862430 180.251598
6.000252 5555.555556 16645 5548.240566 177.543698
6.001086 5555.555556 16651 5548.985505 177.567536
6.000141 5555.555556 16807 5602.155399 179.268973
6.000565 5555.555556 16586 5528.480272 176.911369
6.000371 5555.555556 16738 5579.277809 178.536890
6.000146 5555.555556 16778 5592.450241 178.958408
6.000416 5555.555556 16655 5551.020102 177.632643
6.000184 5555.555556 16688 5562.394271 177.996617
6.000360 5555.555556 16372 5456.876251 174.620040
6.000745 5555.555556 16832 5609.968760 179.519000
6.000973 5555.555556 16954 5650.892415 180.828557
6.001133 5555.555556 16450 5483.136235 175.460360
6.000977 5555.555556 16866 5621.848176 179.899142
6.000854 5555.555556 16299 5432.329438 173.834542
6.001453 5555.555556 16852 5617.318685 179.754198
6.000384 5555.555556 16671 5556.561732 177.809975
6.000380 5555.555556 16703 5567.558688 178.161878
9.000208 5555.555556 16725 5574.875605 178.396019
9.000280 5555.555556 16816 5604.961962 179.358783
9.000186 5555.555556 16784 5594.376587 179.020051
9.000259 5555.555556 16805 5601.508108 179.248259
9.000185 5555.555556 16623 5540.890801 177.308506
9.000332 5555.555556 16752 5583.852735 178.683288
9.000506 5555.555556 16496 5498.043293 175.937385
9.000396 5555.555556 16576 5525.275075 176.808802
9.000613 5555.555556 16656 5551.135320 177.636330
9.000415 5555.555556 16638 5545.651558 177.460850
9.001189 5555.555556 16525 5506.995617 176.223860
9.000244 5555.555556 16505 5501.537548 176.049202
9.000686 5555.555556 16813 5604.108266 179.331465
9.001003 5555.555556 16987 5661.291559 181.161330
9.000693 5555.555556 16635 5544.896120 177.436676
9.000587 5555.555556 16629 5542.256676 177.352214
9.000453 5555.555556 16851 5616.846104 179.739075
9.001304 5555.555556 16483 5493.858338 175.803467
9.000743 5555.555556 16888 5628.526196 180.112838
9.000411 5555.555556 16915 5638.239203 180.423654
9.000266 5555.555556 16486 5495.148490 175.844752
9.001003 5555.555556 16735 5577.317156 178.474149
9.001170 5555.555556 16899 5632.637640 180.244404
9.001021 5555.555556 16613 5536.550127 177.169604
9.001168 5555.555556 16759 5586.180587 178.757779
9.001322 5555.555556 16546 5514.985540 176.479537
9.001088 5555.555556 16877 5625.450876 180.014428
9.000889 5555.555556 16604 5534.602908 177.107293
9.001822 5555.555556 16764 5587.311985 178.793984
9.000756 5555.555556 16952 5650.645731 180.820663
9.000436 5555.555556 16884 5627.903314 180.092906
9.000413 5555.555556 16839 5612.938469 179.614031
12.001136 5555.555556 16801 5598.561609 179.153971
12.000790 5555.555556 16660 5552.390474 177.676495
12.000983 5555.555556 16782 5593.459985 178.990720
12.000408 5555.555556 16425 5474.592177 175.186950
12.000365 5555.555556 16573 5524.271912 176.776701
12.000630 5555.555556 16430 5475.990967 175.231711
12.001240 5555.555556 16660 5552.894876 177.692636
12.000521 5555.555556 16620 5539.769204 177.272615
12.000321 5555.555556 16793 5597.522374 179.120716
12.000708 5555.555556 16446 5481.960299 175.422730
12.000995 5555.555556 16919 5638.647614 180.436724
12.000521 5555.555556 16743 5580.801042 178.585633
12.001156 5555.555556 16819 5605.833761 179.386680
12.000350 5555.555556 16570 5523.071331 176.738283
12.000760 5555.555556 16461 5486.968635 175.582996
12.001225 5555.555556 16781 5593.562538 178.994001
12.000656 5555.555556 16872 5623.719653 179.959029
12.000617 5555.555556 16854 5617.992888 179.775772
12.001257 5555.555556 16570 5521.510331 176.688331
12.000757 5555.555556 16827 5608.682386 179.477836
12.000539 5555.555556 16583 5527.429280 176.877737
12.000793 5555.555556 16651 5550.265666 177.608501
12.001127 5555.555556 16628 5542.437214 177.357991
12.001032 5555.555556 16816 5605.312640 179.370004
12.001395 5555.555556 16672 5556.951179 177.822438
12.001533 5555.555556 16545 5514.578715 176.466519
12.001194 5555.555556 16749 5582.951704 178.654455
12.001499 5555.555556 16561 5520.008011 176.640256
12.001224 5555.555556 16874 5624.411713 179.981175
12.001925 5555.555556 16875 5624.807559 179.993842
12.000450 5555.555556 16611 5536.974167 177.183173
12.000599 5555.555556 16595 5531.323362 177.002348
15.000881 5555.555556 16689 5562.331241 177.994600
15.000415 5555.555556 16462 5487.214026 175.590849
15.000835 5555.555556 16898 5632.526924 180.240862
15.000426 5555.555556 16588 5529.220127 176.935044
15.000479 5555.555556 16706 5568.535012 178.193120
15.001024 5555.555556 16615 5537.406206 177.196999
15.001112 5555.555556 16525 5508.097098 176.259107
15.000737 5555.555556 16640 5546.613008 177.491616
15.000661 5555.555556 16513 5504.322430 176.138318
15.000365 5555.555556 16726 5575.251785 178.408057
15.000827 5555.555556 16499 5499.599085 175.987171
15.000810 5555.555556 16738 5578.975103 178.527203
15.000705 5555.555556 16600 5533.194376 177.062220
15.000630 5555.555556 16461 5486.833667 175.578677
15.001419 5555.555556 16734 5577.580985 178.482592
15.000830 5555.555556 16740 5579.930294 178.557769
15.002168 5555.555556 16817 5603.965128 179.326884
15.001173 5555.555556 16524 5507.914562 176.253266
15.001075 5555.555556 16564 5521.186965 176.677983
15.001268 5555.555556 16625 5541.588319 177.330826
15.001405 5555.555556 16711 5570.027033 178.240865
15.001458 5555.555556 16532 5510.074463 176.322383
15.001559 5555.555556 16688 5562.555232 178.001767
15.001222 5555.555556 17104 5701.208263 182.438664
15.001511 5555.555556 16507 5502.120797 176.067866
15.001542 5555.555556 16627 5542.316282 177.354121
15.001244 5555.555556 16686 5561.962987 177.982816
15.001096 5555.555556 16685 5561.547852 177.969531
15.001183 5555.555556 16500 5499.219108 175.975011
15.002335 5555.555556 16867 5621.563858 179.890043
15.000586 5555.555556 16462 5487.084718 175.586711
15.000748 5555.555556 16782 5593.723241 178.999144
18.001066 5555.555556 16552 5516.043885 176.513404
18.000636 5555.555556 16674 5557.611354 177.843563
18.000839 5555.555556 16649 5549.002228 177.568071
18.000766 5555.555556 16678 5559.139300 177.892458
18.000706 5555.555556 16471 5490.331327 175.690602
18.000509 5555.555556 16435 5478.163027 175.301217
18.001055 5555.555556 16821 5606.588786 179.410841
18.000929 5555.555556 16915 5638.244547 180.423826
18.000741 5555.555556 16857 5618.792163 179.801349
18.000920 5555.555556 16928 5642.320818 180.554266
18.001096 5555.555556 16259 5419.627851 173.428091
18.001662 5555.555556 16692 5563.522929 178.032734
18.001311 5555.555556 16678 5559.078393 177.890509
18.001114 5555.555556 16624 5541.300312 177.321610
18.001138 5555.555556 16694 5564.454559 178.062546
18.001532 5555.555556 16563 5520.961665 176.670773
18.001369 5555.555556 16670 5556.436130 177.805956
18.000957 5555.555556 16842 5613.763119 179.640420
18.001323 5555.555556 16684 5560.942069 177.950146
18.001268 5555.555556 16600 5532.488192 177.039622
18.001098 5555.555556 16681 5559.830966 177.914591
18.001650 5555.555556 16893 5630.639639 180.180468
18.002992 5555.555556 16355 5448.536097 174.353155
18.001640 5555.555556 16640 5545.893372 177.468588
18.001579 5555.555556 16741 5580.265324 178.568490
18.001445 5555.555556 16554 5517.951465 176.574447
18.001691 5555.555556 16522 5507.090949 176.226910
18.001289 5555.555556 16541 5513.470471 176.431055
18.002236 5555.555556 16666 5555.207550 177.766642
18.002347 5555.555556 16723 5574.311737 178.377976
18.000657 5555.555556 16715 5571.535287 178.289129
18.000988 5555.555556 16759 5585.886855 178.748379
21.002144 5555.555556 16766 5586.100463 178.755215
21.000743 5555.555556 16789 5596.134548 179.076306
21.000792 5555.555556 16416 5471.842593 175.098963
21.001042 5555.555556 16657 5552.123359 177.667948
21.001172 5555.555556 16524 5507.785591 176.249139
21.001177 5555.555556 16790 5596.034545 179.073105
21.001383 5555.555556 16883 5627.162016 180.069184
21.001236 5555.555556 16854 5616.638411 179.732429
21.000947 5555.555556 16791 5596.950738 179.102424
21.001116 5555.555556 16624 5541.297357 177.321515
21.001188 5555.555556 16468 5489.241958 175.655743
21.002259 5555.555556 16634 5543.617408 177.395757
21.002778 5555.555556 16833 5608.669515 179.477424
21.001163 5555.555556 16904 5634.544653 180.305429
21.001165 5555.555556 16582 5527.152049 176.868866
21.000961 5555.555556 16476 5491.598377 175.731148
21.001848 5555.555556 16998 5665.608912 181.299485
21.001087 5555.555556 17113 5704.086139 182.530756
21.001592 5555.555556 16461 5486.508356 175.568267
21.001810 5555.555556 16549 5516.038300 176.513226
21.001753 5555.555556 16712 5570.343954 178.251007
21.001718 5555.555556 16701 5566.896083 178.140675
21.001403 5555.555556 16931 5643.602295 180.595273
21.001694 5555.555556 16684 5560.543747 177.937400
21.001508 5555.555556 16633 5544.216890 177.414940
21.001995 5555.555556 16629 5541.696194 177.334278
21.001538 5555.555556 16532 5510.248954 176.327967
21.000775 5555.555556 16927 5642.110707 180.547543
21.003388 5555.555556 16698 5564.068304 178.050186
21.002237 5555.555556 16943 5647.664298 180.725258
21.003001 5555.555556 16317 5438.982970 174.047455
21.001043 5555.555556 16841 5613.563712 179.634039
24.001144 5555.555556 16565 5521.304466 176.681743
24.000806 5555.555556 16696 5565.215026 178.086881
24.001927 5555.555556 16712 5568.560235 178.193928
24.001261 5555.555556 16876 5624.922665 179.997525
24.001337 5555.555556 16572 5523.725640 176.759220
24.001263 5555.555556 16562 5520.482282 176.655433
24.001172 5555.555556 16556 5518.277088 176.584867
24.001339 5555.555556 16799 5599.365159 179.179685
24.001217 5555.555556 16571 5523.479443 176.751342
24.001207 5555.555556 16763 5587.601300 178.803242
24.001796 5555.555556 16466 5488.139886 175.620476
24.001595 5555.555556 16550 5515.874731 176.507991
24.001741 5555.555556 16641 5546.957745 177.502648
24.002751 5555.555556 16585 5527.385326 176.876330
24.001981 5555.555556 16789 5595.908438 179.069070
24.001724 5555.555556 16736 5578.420078 178.509442
24.001915 5555.555556 16850 5616.470713 179.727063
24.001426 5555.555556 16906 5635.291147 180.329317
24.001571 5555.555556 16692 5563.940045 178.046081
24.001369 5555.555556 17028 5675.747301 181.623914
24.001160 5555.555556 17087 5695.527885 182.256892
24.001925 5555.555556 17120 5706.519551 182.608626
24.002180 5555.555556 17089 5696.266117 182.280516
24.001766 5555.555556 16589 5529.534435 176.945102
24.001740 5555.555556 16406 5468.016434 174.976526
24.002597 5555.555556 16578 5525.377266 176.812073
24.002061 5555.555556 16640 5546.544321 177.489418
24.003122 5555.555556 16960 5652.686588 180.885971
24.000830 5555.555556 16336 5445.232930 174.247454
24.003920 5555.555556 16656 5551.016367 177.632524
24.003087 5555.555556 16720 5573.173865 178.341564
24.001081 5555.555556 16627 5542.263206 177.352423
27.000823 5555.555556 16760 5586.636329 178.772363
27.001488 5555.555556 16487 5495.250638 175.848020
27.001155 5555.555556 16591 5530.312940 176.970014
27.001448 5555.555556 16599 5532.798157 177.049541
27.001833 5555.555556 16874 5624.598309 179.987146
27.001794 5555.555556 16543 5513.922381 176.445516
27.001216 5555.555556 16652 5550.649076 177.620770
27.001180 5555.555556 16793 5597.652649 179.124885
27.001999 5555.555556 16740 5579.520468 178.544655
27.001195 5555.555556 16713 5570.935275 178.269929
27.001607 5555.555556 16673 5557.645142 177.844645
27.002730 5555.555556 16562 5518.844739 176.603032
27.001349 5555.555556 16782 5593.754515 179.000144
27.001433 5555.555556 16677 5558.985717 177.887543
27.001410 5555.555556 16444 5481.064536 175.394065
27.001411 5555.555556 16655 5551.589919 177.650877
27.001781 5555.555556 16729 5576.227069 178.439266
27.001387 5555.555556 16681 5560.241413 177.927725
27.002256 5555.555556 16795 5597.818768 179.130201
27.002025 5555.555556 16681 5560.151604 177.924851
27.003461 5555.555556 16545 5514.375663 176.460021
27.002945 5555.555556 16520 5504.776754 176.152856
27.002291 5555.555556 16663 5554.126640 177.732052
27.001803 5555.555556 16511 5503.597929 176.115134
27.002281 5555.555556 16672 5556.674231 177.813575
27.002970 5555.555556 17201 5732.954484 183.454543
27.003597 5555.555556 16521 5505.448676 176.174358
27.002315 5555.555556 16839 5612.525783 179.600825
27.000875 5555.555556 16672 5557.250806 177.832026
27.003120 5555.555556 16589 5529.605048 176.947362
27.004600 5555.555556 16645 5547.076188 177.506438
27.001218 5555.555556 16690 5563.079115 178.018532
#type       avg     std     min     5th    10th    90th    95th    99th
read     1077.5   350.2   276.8   679.0   721.1  1354.8  1726.6  1945.6
update   1079.2   354.1   276.8   679.1   721.2  1360.5  1734.5  1946.5
op_q        7.9     3.6     1.0     3.0     3.9    12.5    13.8    17.6

Total QPS = 400048.8 (12001466 / 30.0s)

Misses = 0 (0.0%)
Skipped TXs = 0 (0.0%)

RX 2067471105 bytes :   65.7 MB/s
TX 1326805171 bytes :   42.2 MB/s
