3.000403 4375.000000 13168 4388.743881 140.439804
3.000025 4375.000000 13192 4397.296620 140.713492
3.000815 4375.000000 13287 4427.797385 141.689516
3.000353 4375.000000 13161 4386.484467 140.367503
3.000305 4375.000000 13314 4437.549395 142.001581
3.000262 4375.000000 13215 4404.615459 140.947695
3.000678 4375.000000 13151 4382.676350 140.245643
3.000695 4375.000000 13104 4366.988751 139.743640
3.000449 4375.000000 13326 4441.334954 142.122719
3.000166 4375.000000 13143 4380.756936 140.184222
3.000209 4375.000000 12914 4304.366157 137.739717
3.000024 4375.000000 13060 4353.298477 139.305551
3.000051 4375.000000 12908 4302.593254 137.682984
3.000118 4375.000000 13053 4350.829269 139.226537
3.000923 4375.000000 13104 4366.656481 139.733007
3.000143 4375.000000 12889 4296.128342 137.476107
3.000052 4375.000000 13175 4391.590294 140.530889
3.000483 4375.000000 13025 4340.968109 138.910979
3.000170 4375.000000 13165 4388.085118 140.418724
3.000147 4375.000000 12982 4327.121180 138.467878
3.000461 4375.000000 13101 4366.328841 139.722523
3.000348 4375.000000 13088 4362.160745 139.589144
3.000036 4375.000000 13239 4412.947720 141.214327
3.000061 4375.000000 12881 4293.579012 137.394528
3.000215 4375.000000 13326 4441.682399 142.133837
3.000605 4375.000000 13038 4345.123854 139.043963
3.000565 4375.000000 13208 4401.837336 140.858795
3.000056 4375.000000 13024 4341.252813 138.920090
3.000164 4375.000000 12901 4300.098862 137.603164
3.000107 4375.000000 13081 4360.177854 139.525691
3.000642 4375.000000 12899 4298.746518 137.559889
3.000044 4375.000000 13150 4383.269613 140.264628
6.000384 4375.000000 13061 4353.347250 139.307112
6.000973 4375.000000 12954 4317.599537 138.163185
6.000128 4375.000000 13227 4408.984173 141.087494
6.000693 4375.000000 12861 4286.044074 137.153410
6.000362 4375.000000 12989 4329.521518 138.544689
6.000151 4375.000000 13239 4412.830545 141.210577
6.001613 4375.000000 12999 4331.487628 138.607604
6.000109 4375.000000 13296 4431.920947 141.821470
6.000691 4375.000000 12964 4320.984967 138.271519
6.000251 4375.000000 13093 4364.209904 139.654717
6.000431 4375.000000 12951 4316.681371 138.133804
6.000234 4375.000000 12992 4330.541401 138.577325
6.000528 4375.000000 12895 4297.820049 137.530242
6.000288 4375.000000 12981 4326.791680 138.457334
6.000501 4375.000000 13101 4366.942032 139.742145
6.000369 4375.000000 13201 4400.309735 140.809912
6.000422 4375.000000 13372 4457.304587 142.633747
6.000257 4375.000000 13376 4458.322114 142.666308
6.000324 4375.000000 13081 4360.304944 139.529758
6.000972 4375.000000 13383 4460.765899 142.744509
6.000066 4375.000000 13214 4404.646058 140.948674
6.002499 4375.000000 13034 4342.031054 138.944994
6.001064 4375.000000 13136 4377.818358 140.090187
6.000089 4375.000000 12979 4326.292704 138.441367
6.000788 4375.000000 13130 4375.592678 140.018966
6.000254 4375.000000 13169 4389.608809 140.467482
6.001152 4375.000000 13213 4403.997593 140.927923
6.000882 4375.000000 12949 4315.218827 138.087002
6.000623 4375.000000 13318 4439.306403 142.057805
6.000446 4375.000000 12974 4324.525473 138.384815
6.001631 4375.000000 13286 4427.206915 141.670621
6.000158 4375.000000 13194 4397.832302 140.730634
9.000313 4375.000000 13158 4385.730571 140.343378
9.000780 4375.000000 13089 4362.230560 139.591378
9.000128 4375.000000 13100 4366.576035 139.730433
9.000452 4375.000000 13247 4415.223987 141.287168
9.000278 4375.000000 13071 4356.726802 139.415258
9.000492 4375.000000 13286 4428.286276 141.705161
9.000476 4375.000000 13186 4395.267887 140.648572
9.000582 4375.000000 13178 4392.354505 140.555344
9.000580 4375.000000 13118 4372.436668 139.917973
9.000566 4375.000000 12946 4314.932285 138.077833
9.000302 4375.000000 13029 4342.934456 138.973903
9.000431 4375.000000 12936 4311.537521 137.969201
9.000793 4375.000000 13288 4429.325117 141.738404
9.000633 4375.000000 13059 4352.607170 139.283429
9.000263 4375.000000 13320 4439.986039 142.079553
9.000733 4375.000000 13147 4382.275108 140.232803
9.000327 4375.000000 13169 4389.662755 140.469208
9.000761 4375.000000 13115 4371.465840 139.886907
9.000400 4375.000000 13014 4337.976924 138.815262
9.000647 4375.000000 13079 4359.493751 139.503800
9.000546 4375.000000 13135 4378.268096 140.104579
9.001698 4375.000000 13050 4349.207770 139.174649
9.001042 4375.000000 13148 4382.153774 140.228921
9.000986 4375.000000 13122 4373.981179 139.967398
9.001283 4375.000000 12966 4321.552634 138.289684
9.000983 4375.000000 13162 4387.185044 140.389921
9.000647 4375.000000 13149 4382.706145 140.246597
9.001094 4375.000000 13195 4398.288806 140.745242
9.001635 4375.000000 13254 4417.967574 141.374962
9.002785 4375.000000 13030 4342.918605 138.973395
9.001693 4375.000000 13369 4456.241752 142.599736
9.000210 4375.000000 13176 4391.924077 140.541570
12.000785 4375.000000 13063 4354.035758 139.329144
12.000429 4375.000000 13245 4414.755720 141.272183
12.000400 4375.000000 13426 4475.202515 143.206480
12.000485 4375.000000 13123 4373.814172 139.962054
12.000338 4375.000000 13042 4347.317314 139.114154
12.000963 4375.000000 13179 4392.032670 140.545045
12.001368 4375.000000 13130 4375.595014 140.019040
12.000595 4375.000000 13096 4365.182487 139.685840
12.000464 4375.000000 13058 4352.648175 139.284742
12.000414 4375.000000 13251 4416.979347 141.343339
12.000505 4375.000000 13248 4415.957113 141.310628
12.000841 4375.000000 13185 4394.597228 140.627111
12.000686 4375.000000 12930 4309.850319 137.915210
12.000448 4375.000000 13087 4362.309090 139.593891
12.001162 4375.000000 13190 4395.763696 140.664438
12.000864 4375.000000 13474 4490.456148 143.694597
12.001013 4375.000000 13338 4445.625838 142.260027
12.001226 4375.000000 13323 4440.644570 142.100626
12.001327 4375.000000 13130 4375.675065 140.021602
12.001430 4375.000000 13130 4376.100918 140.035229
12.000929 4375.000000 13153 4384.046583 140.289491
12.000887 4375.000000 13069 4356.178302 139.397706
12.001398 4375.000000 13270 4423.163362 141.541228
12.000812 4375.000000 13154 4384.639696 140.308470
12.001297 4375.000000 13269 4422.042389 141.505356
12.001191 4375.000000 13074 4357.860044 139.451521
12.001388 4375.000000 13065 4354.411822 139.341178
12.001717 4375.000000 13040 4346.638761 139.092440
12.001823 4375.000000 13265 4421.389833 141.484475
12.002821 4375.000000 13189 4396.281626 140.681012
12.001710 4375.000000 13309 4436.308427 141.961870
12.000686 4375.000000 13105 4367.640040 139.764481
15.000927 4375.000000 13081 4360.208377 139.526668
15.000529 4375.000000 12980 4326.573495 138.450352
15.000431 4375.000000 13383 4460.954143 142.750533
15.001592 4375.000000 13158 4384.411245 140.301160
15.000425 4375.000000 13076 4358.649668 139.476789
15.001084 4375.000000 13048 4348.900336 139.164811
15.001085 4375.000000 13169 4388.733865 140.439484
15.000456 4375.000000 13278 4425.826482 141.626447
15.000939 4375.000000 13155 4384.924078 140.317570
15.000714 4375.000000 13234 4411.292048 141.161346
15.000982 4375.000000 12855 4284.972426 137.119118
15.000799 4375.000000 13138 4379.035188 140.129126
15.000489 4375.000000 13215 4404.993423 140.959790
15.000775 4375.000000 13092 4363.497507 139.631920
15.001028 4375.000000 13019 4339.523914 138.864765
15.000819 4375.000000 13005 4334.988833 138.719643
15.001451 4375.000000 13093 4364.005812 139.648186
15.001463 4375.000000 13264 4420.889833 141.468475
15.001443 4375.000000 13121 4373.600985 139.955232
15.000940 4375.000000 13098 4365.888450 139.708430
15.001481 4375.000000 13061 4353.593132 139.314980
15.001470 4375.000000 13187 4395.258356 140.648267
15.001730 4375.000000 13018 4338.809529 138.841905
15.001080 4375.000000 13286 4428.568059 141.714178
15.002133 4375.000000 13165 4387.725094 140.407203
15.001736 4375.000000 13048 4348.740539 139.159697
15.001434 4375.000000 13141 4380.266727 140.168535
15.001495 4375.000000 13114 4371.043889 139.873404
15.001845 4375.000000 13381 4460.300360 142.729612
15.003142 4375.000000 13039 4345.868502 139.067792
15.001940 4375.000000 13368 4455.658477 142.581071
15.000812 4375.000000 13237 4412.147737 141.188728
18.001517 4375.000000 12886 4293.862728 137.403607
18.001163 4375.000000 12946 4314.316541 138.058129
18.000476 4375.000000 12937 4312.260680 137.992342
18.000565 4375.000000 13008 4335.806404 138.745805
18.001115 4375.000000 13363 4453.463673 142.510838
18.001442 4375.000000 13121 4373.144332 139.940619
18.000801 4375.000000 13254 4417.871824 141.371898
18.001064 4375.000000 13117 4371.947954 139.902335
18.001120 4375.000000 13090 4363.069670 139.618229
18.001449 4375.000000 13031 4343.057697 138.977846
18.001023 4375.000000 12891 4296.863577 137.499634
18.001436 4375.000000 13221 4406.334125 141.002692
18.001009 4375.000000 13030 4343.233953 138.983486
18.001206 4375.000000 13189 4396.149030 140.676769
18.000835 4375.000000 13245 4414.976545 141.279249
18.000888 4375.000000 13135 4378.168629 140.101396
18.001996 4375.000000 13443 4480.611368 143.379564
18.001817 4375.000000 13091 4363.122274 139.619913
18.001485 4375.000000 13122 4373.967431 139.966958
18.001723 4375.000000 13264 4421.140538 141.476497
18.001502 4375.000000 13060 4353.301899 139.305661
18.001572 4375.000000 12990 4329.826204 138.554439
18.001245 4375.000000 13202 4400.432446 140.813838
18.002834 4375.000000 13203 4399.381395 140.780205
18.001771 4375.000000 13084 4360.895539 139.548657
18.002257 4375.000000 13362 4453.816056 142.522114
18.001442 4375.000000 13206 4401.988060 140.863618
18.001610 4375.000000 13131 4376.832079 140.058627
18.002830 4375.000000 13254 4416.549244 141.329576
18.004629 4375.000000 12974 4322.522934 138.320734
18.001969 4375.000000 13053 4350.957357 139.230635
18.000881 4375.000000 13243 4414.232012 141.255424
21.000973 4375.000000 13025 4341.542792 138.929369
21.001196 4375.000000 13149 4382.889289 140.252457
21.000888 4375.000000 13280 4426.190385 141.638092
21.001538 4375.000000 13012 4337.194737 138.790232
21.001035 4375.000000 13048 4349.295451 139.177454
21.000491 4375.000000 12922 4307.312071 137.833986
21.001099 4375.000000 13071 4356.888597 139.420435
21.001162 4375.000000 12921 4306.481408 137.807405
21.001178 4375.000000 12997 4332.241900 138.631741
21.002065 4375.000000 12879 4291.567907 137.330173
21.001703 4375.000000 13262 4420.346118 141.451076
21.001170 4375.000000 12877 4292.322382 137.354316
21.000878 4375.000000 13302 4433.936156 141.885957
21.001478 4375.000000 13224 4407.947596 141.054323
21.001995 4375.000000 13399 4465.500169 142.896005
21.001457 4375.000000 13274 4424.653738 141.588920
21.002513 4375.000000 13103 4366.195285 139.718249
21.001531 4375.000000 12915 4304.979222 137.759335
21.001665 4375.000000 13307 4435.528519 141.936913
21.002170 4375.000000 13000 4332.687554 138.646002
21.001867 4375.000000 13097 4365.526368 139.696844
21.001278 4375.000000 13031 4343.562194 138.993990
21.001287 4375.000000 13012 4337.272474 138.792719
21.002357 4375.000000 13113 4370.214082 139.846851
21.002344 4375.000000 12834 4277.876179 136.892038
21.002285 4375.000000 13304 4434.239528 141.895665
21.002914 4375.000000 13088 4362.549884 139.601596
21.001684 4375.000000 12980 4326.560006 138.449920
21.002857 4375.000000 13094 4364.627181 139.668070
21.001981 4375.000000 13095 4364.983117 139.679460
21.004855 4375.000000 13278 4425.666684 141.621334
21.001034 4375.000000 13065 4354.777363 139.352876
24.000892 4375.000000 13159 4386.327660 140.362485
24.001129 4375.000000 13073 4356.739864 139.415676
24.001290 4375.000000 12922 4307.060064 137.825922
24.001430 4375.000000 13209 4402.630459 140.884175
24.001248 4375.000000 13049 4349.543196 139.185382
24.001077 4375.000000 12858 4285.716876 137.142940
24.001564 4375.000000 13262 4420.086134 141.442756
24.002393 4375.000000 13188 4394.010676 140.608342
24.002137 4375.000000 13180 4391.630032 140.532161
24.002288 4375.000000 13236 4411.568994 141.170208
24.001231 4375.000000 13192 4397.282789 140.713049
24.001384 4375.000000 13219 4406.178596 140.997715
24.001589 4375.000000 13370 4456.590545 142.610897
24.001592 4375.000000 13297 4432.134331 141.828299
24.001631 4375.000000 13267 4422.185517 141.509937
24.001725 4375.000000 12756 4251.968095 136.062979
24.002343 4375.000000 12988 4329.083241 138.530664
24.001660 4375.000000 12964 4320.796075 138.265474
24.002409 4375.000000 13235 4410.572343 141.138315
24.002071 4375.000000 13212 4403.991175 140.927718
24.002032 4375.000000 13422 4473.174164 143.141573
24.002935 4375.000000 12951 4316.150470 138.116815
24.002543 4375.000000 12780 4259.958237 136.318664
24.002181 4375.000000 13247 4415.204430 141.286542
24.002331 4375.000000 13107 4368.933147 139.805861
24.002822 4375.000000 13069 4355.657464 139.381039
24.002070 4375.000000 13278 4425.431292 141.613801
24.003648 4375.000000 13378 4458.242313 142.663754
24.002919 4375.000000 13187 4395.576679 140.658454
24.002504 4375.000000 13160 4385.901089 140.348835
24.005419 4375.000000 13107 4368.179067 139.781730
24.001096 4375.000000 13126 4375.243990 140.007808
27.001775 4375.000000 13255 4418.060088 141.377923
27.002323 4375.000000 13181 4392.092731 140.546967
27.001836 4375.000000 13106 4367.292661 139.753365
27.001648 4375.000000 13273 4423.805365 141.561772
27.002351 4375.000000 13184 4394.254825 140.616154
27.001208 4375.000000 13122 4373.884607 139.964307
27.001510 4375.000000 13391 4463.546806 142.833498
27.001965 4375.000000 13049 4348.602132 139.155268
27.001079 4375.000000 13032 4343.997211 139.007911
27.001895 4375.000000 13224 4407.514395 141.040461
27.001436 4375.000000 13230 4409.923298 141.117546
27.001730 4375.000000 12927 4308.857939 137.883454
27.001653 4375.000000 13069 4356.244860 139.399836
27.002680 4375.000000 13181 4393.155501 140.580976
27.001741 4375.000000 13204 4401.310177 140.841926
27.002272 4375.000000 13024 4341.202129 138.918468
27.002089 4375.000000 13174 4391.306639 140.521812
27.002097 4375.000000 13315 4437.686276 142.005961
27.002473 4375.000000 13271 4423.573225 141.554343
27.002329 4375.000000 13030 4343.274442 138.984782
27.002467 4375.000000 13382 4460.481986 142.735424
27.002158 4375.000000 13033 4344.150038 139.012801
27.002566 4375.000000 13170 4389.965713 140.478903
27.002760 4375.000000 13135 4377.798036 140.089537
27.002290 4375.000000 13226 4408.441932 141.070142
27.003005 4375.000000 13221 4406.896752 141.020696
27.002985 4375.000000 13220 4406.427277 141.005673
27.003018 4375.000000 13355 4451.519966 142.448639
27.003828 4375.000000 13150 4383.071296 140.258281
27.005785 4375.000000 13026 4341.470832 138.927067
27.002697 4375.000000 13068 4355.720829 139.383067
27.001241 4375.000000 13236 4411.786356 141.177163
#type       avg     std     min     5th    10th    90th    95th    99th
read      614.9   198.4    97.0   355.5   387.2   912.3   999.1  1132.3
update    617.2   199.4   156.2   355.9   387.6   917.2  1002.3  1132.6
op_q        4.1     2.1     1.0     1.1     2.0     7.1     7.8    10.6

Total QPS = 280131.7 (8403950 / 30.0s)

Misses = 0 (0.0%)
Skipped TXs = 0 (0.0%)

RX 1451645889 bytes :   46.1 MB/s
TX  930916745 bytes :   29.6 MB/s
