3.001252 1562.500000 4641 1546.354888 49.483356
3.000124 1562.500000 4654 1551.269204 49.640615
3.003232 1562.500000 4711 1568.643358 50.196587
3.000128 1562.500000 4810 1603.265177 51.304486
3.000635 1562.500000 4683 1560.669777 49.941433
3.000602 1562.500000 4659 1552.688387 49.686028
3.000767 1562.500000 4691 1563.266975 50.024543
3.000327 1562.500000 4638 1545.831730 49.466615
3.000408 1562.500000 4631 1543.456642 49.390613
3.000502 1562.500000 4702 1567.071167 50.146277
3.001462 1562.500000 4630 1542.581345 49.362603
3.000760 1562.500000 4657 1551.940403 49.662093
3.000384 1562.500000 4639 1546.135567 49.476338
3.000039 1562.500000 4581 1526.980256 48.863368
3.000610 1562.500000 4660 1553.017742 49.696568
3.000107 1562.500000 4695 1564.944254 50.078216
3.000133 1562.500000 4673 1557.597424 49.843118
3.001182 1562.500000 4714 1570.714412 50.262861
3.000070 1562.500000 4600 1533.297560 49.065522
3.001340 1562.500000 4783 1593.621705 50.995895
3.000074 1562.500000 4621 1540.295518 49.289457
3.000100 1562.500000 4622 1540.615198 49.299686
3.000503 1562.500000 4779 1592.732903 50.967453
3.001105 1562.500000 4680 1559.425396 49.901613
3.000101 1562.500000 4604 1534.615151 49.107685
3.001679 1562.500000 4681 1559.460444 49.902734
3.000404 1562.500000 4648 1549.124907 49.571997
3.000030 1562.500000 4603 1534.318129 49.098180
3.000779 1562.500000 4774 1590.920425 50.909454
3.001534 1562.500000 4694 1563.867033 50.043745
3.003289 1562.500000 4764 1586.260952 50.760350
3.000794 1562.500000 4689 1562.586597 50.002771
6.000833 1562.500000 4776 1591.623867 50.931964
6.002514 1562.500000 4684 1560.355946 49.931390
6.005183 1562.500000 4817 1602.934887 51.293916
6.001654 1562.500000 4771 1589.780115 50.872964
6.000481 1562.500000 4526 1508.488997 48.271648
6.001109 1562.500000 4711 1569.808891 50.233885
6.000439 1562.500000 4674 1557.841044 49.850913
6.001453 1562.500000 4776 1591.856284 50.939401
6.002352 1562.500000 4789 1595.794908 51.065437
6.000536 1562.500000 4745 1581.586368 50.610764
6.001550 1562.500000 4769 1588.866087 50.843715
6.007515 1562.500000 4623 1537.537897 49.201213
6.003023 1562.500000 4670 1555.359955 49.771519
6.001370 1562.500000 4730 1576.527681 50.448886
6.000795 1562.500000 4626 1541.629499 49.332144
6.000688 1562.500000 4694 1564.520585 50.064659
6.000210 1562.500000 4608 1535.943960 49.150207
6.001208 1562.500000 4628 1542.213693 49.350838
6.000326 1562.500000 4688 1562.549383 50.001580
6.002341 1562.500000 4686 1561.042786 49.953369
6.002242 1562.500000 4487 1494.931669 47.837813
6.002154 1562.500000 4665 1554.641379 49.748524
6.002099 1562.500000 4727 1575.221687 50.407094
6.000229 1562.500000 4553 1517.565789 48.562105
6.001335 1562.500000 4722 1573.511399 50.352365
6.000962 1562.500000 4606 1535.239601 49.127667
6.001112 1562.500000 4677 1558.734868 49.879516
6.003777 1562.500000 4650 1549.718665 49.590997
6.003177 1562.500000 4736 1577.878828 50.492123
6.001649 1562.500000 4727 1575.606360 50.419404
6.003554 1562.500000 4645 1548.196631 49.542292
6.001399 1562.500000 4743 1580.680939 50.581790
9.005060 1562.500000 4671 1554.655448 49.748974
9.001788 1562.500000 4609 1535.664157 49.141253
9.000853 1562.500000 4760 1586.579464 50.770543
9.000305 1562.500000 4681 1560.284007 49.929088
9.002499 1562.500000 4572 1522.896905 48.732701
9.001501 1562.500000 4684 1560.965742 49.950904
9.000537 1562.500000 4716 1571.948981 50.302367
9.001115 1562.500000 4738 1579.330112 50.538564
9.001420 1562.500000 4731 1576.691340 50.454123
9.002768 1562.500000 4668 1555.681656 49.781813
9.000435 1562.500000 4565 1521.562120 48.689988
9.002295 1562.500000 4599 1532.569855 49.042235
9.003437 1562.500000 4698 1565.433877 50.093884
9.003505 1562.500000 4841 1613.133663 51.620277
9.003322 1562.500000 4620 1539.091321 49.250922
9.001922 1562.500000 4612 1537.195974 49.190271
9.002194 1562.500000 4744 1580.899083 50.588771
9.002186 1562.500000 4654 1551.288421 49.641229
9.001210 1562.500000 4725 1574.998664 50.399957
9.001959 1562.500000 4650 1549.839694 49.594870
9.002853 1562.500000 4735 1578.064338 50.498059
9.001756 1562.500000 4757 1585.246800 50.727898
9.003586 1562.500000 4739 1578.959121 50.526692
9.003288 1562.500000 4775 1591.526082 50.928835
9.001245 1562.500000 4560 1519.932583 48.637843
9.006049 1562.500000 4753 1581.847807 50.619130
9.004497 1562.500000 4660 1552.960272 49.694729
9.004257 1562.500000 4752 1583.430000 50.669760
9.006564 1562.500000 4701 1566.279005 50.120928
9.008112 1562.500000 4622 1540.359831 49.291515
9.003570 1562.500000 4765 1588.324820 50.826394
9.001755 1562.500000 4696 1565.147955 50.084735
12.000711 1562.500000 4673 1557.576414 49.842445
12.001350 1562.500000 4639 1546.077384 49.474476
12.001182 1562.500000 4723 1574.298063 50.377538
12.000541 1562.500000 4650 1549.945602 49.598259
12.001347 1562.500000 4770 1589.927405 50.877677
12.000722 1562.500000 4687 1562.115732 49.987703
12.002188 1562.500000 4704 1567.791067 50.169314
12.001966 1562.500000 4874 1624.414748 51.981272
12.001340 1562.500000 4700 1566.617419 50.131757
12.002479 1562.500000 4623 1540.713693 49.302838
12.002361 1562.500000 4761 1586.502643 50.768085
12.002927 1562.500000 4630 1542.952222 49.374471
12.003116 1562.500000 4731 1576.568502 50.450192
12.003944 1562.500000 4589 1529.067283 48.930153
12.003884 1562.500000 4624 1541.103391 49.315309
12.002602 1562.500000 4631 1543.456515 49.390608
12.004489 1562.500000 4757 1585.049867 50.721596
12.002728 1562.500000 4743 1580.879421 50.588141
12.001868 1562.500000 4659 1552.942337 49.694155
12.003675 1562.500000 4579 1526.136558 48.836370
12.003745 1562.500000 4864 1621.247530 51.879921
12.004572 1562.500000 4797 1598.431440 51.149806
12.003337 1562.500000 4637 1545.417252 49.453352
12.002194 1562.500000 4672 1557.211173 49.830758
12.005068 1562.500000 4794 1597.995763 51.135864
12.004566 1562.500000 4549 1516.298843 48.521563
12.004319 1562.500000 4722 1573.967521 50.366961
12.006445 1562.500000 4783 1594.122782 51.011929
12.007913 1562.500000 4645 1547.637142 49.524389
12.008641 1562.500000 4734 1577.721829 50.487099
12.004167 1562.500000 4571 1523.363459 48.747631
12.003344 1562.500000 4812 1603.150682 51.300822
15.003040 1562.500000 4749 1582.020627 50.624660
15.001107 1562.500000 4660 1553.127909 49.700093
15.003818 1562.500000 4780 1592.860156 50.971525
15.006342 1562.500000 4643 1546.623649 49.491957
15.001672 1562.500000 4488 1495.839197 47.866854
15.000974 1562.500000 4816 1605.198918 51.366365
15.003600 1562.500000 4624 1540.608107 49.299459
15.000597 1562.500000 4696 1565.303681 50.089718
15.005285 1562.500000 4737 1578.294663 50.505429
15.001696 1562.500000 4700 1566.484681 50.127510
15.003147 1562.500000 4705 1567.716586 50.166931
15.004722 1562.500000 4788 1595.916611 51.069332
15.002464 1562.500000 4748 1582.612372 50.643596
15.002491 1562.500000 4656 1551.993668 49.663797
15.004136 1562.500000 4670 1556.536026 49.809153
15.003975 1562.500000 4543 1513.703835 48.438523
15.003775 1562.500000 4781 1592.654286 50.964937
15.003252 1562.500000 4763 1587.323221 50.794343
15.003214 1562.500000 4617 1538.949946 49.246398
15.006306 1562.500000 4737 1578.044411 50.497421
15.001504 1562.500000 4687 1562.247734 49.991927
15.004256 1562.500000 4700 1566.400047 50.124801
15.005294 1562.500000 4630 1542.327444 49.354478
15.004690 1562.500000 4553 1517.153716 48.548919
15.005054 1562.500000 4648 1549.084818 49.570714
15.002310 1562.500000 4690 1563.273335 50.024747
15.005121 1562.500000 4854 1617.971496 51.775088
15.012427 1562.500000 4639 1544.009974 49.408319
15.008134 1562.500000 4645 1547.462205 49.518791
15.008828 1562.500000 4692 1563.902441 50.044878
15.004919 1562.500000 4648 1548.944851 49.566235
15.004220 1562.500000 4575 1524.554908 48.785757
18.001183 1562.500000 4597 1532.226383 49.031244
18.001361 1562.500000 4693 1564.200891 50.054429
18.006940 1562.500000 4661 1552.810070 49.689922
18.000715 1562.500000 4675 1558.272229 49.864711
18.001799 1562.500000 4670 1556.600837 49.811227
18.002543 1562.500000 4564 1521.306936 48.681822
18.002629 1562.500000 4733 1577.579741 50.482552
18.003472 1562.500000 4686 1561.865385 49.979692
18.002912 1562.500000 4739 1579.026336 50.528843
18.004790 1562.500000 4585 1527.727370 48.887276
18.003172 1562.500000 4636 1545.265115 49.448484
18.003502 1562.500000 4750 1583.200951 50.662430
18.006342 1562.500000 4609 1535.265595 49.128499
18.002232 1562.500000 4748 1582.282738 50.633048
18.003831 1562.500000 4717 1572.326363 50.314444
18.007648 1562.500000 4625 1540.977057 49.311266
18.005005 1562.500000 4780 1593.183139 50.981860
18.003273 1562.500000 4779 1592.932707 50.973847
18.005281 1562.500000 4632 1543.410975 49.389151
18.004253 1562.500000 4744 1581.186826 50.597978
18.005601 1562.500000 4724 1574.379472 50.380143
18.002496 1562.500000 4581 1526.905291 48.860969
18.003890 1562.500000 4581 1526.941479 48.862127
18.005559 1562.500000 4815 1604.765608 51.352499
18.004706 1562.500000 4693 1564.324748 50.058392
18.008369 1562.500000 4594 1531.213308 48.998826
18.006423 1562.500000 4590 1529.424074 48.941570
18.006916 1562.500000 4552 1517.043170 48.545381
18.009983 1562.500000 4615 1537.741396 49.207725
18.005261 1562.500000 4661 1553.489943 49.711678
18.012654 1562.500000 4815 1604.878848 51.356123
18.005270 1562.500000 4693 1563.785992 50.041152
21.001446 1562.500000 4630 1543.289916 49.385277
21.002846 1562.500000 4804 1601.217752 51.238968
21.002049 1562.500000 4710 1569.302187 50.217670
21.002297 1562.500000 4694 1564.407019 50.061025
21.001457 1562.500000 4802 1600.520447 51.216654
21.002861 1562.500000 4705 1568.167579 50.181363
21.005486 1562.500000 4737 1578.589790 50.514873
21.004185 1562.500000 4718 1572.293075 50.313378
21.003172 1562.500000 4625 1541.666540 49.333329
21.003290 1562.500000 4802 1600.657740 51.221048
21.006217 1562.500000 4681 1558.616512 49.875728
21.005447 1562.500000 4653 1550.771643 49.624693
21.004557 1562.500000 4757 1585.283247 50.729064
21.004469 1562.500000 4599 1532.506411 49.040205
21.002583 1562.500000 4634 1544.485750 49.423544
21.005474 1562.500000 4622 1540.315416 49.290093
21.006085 1562.500000 4652 1550.251259 49.608040
21.004555 1562.500000 4761 1586.840236 50.778888
21.005606 1562.500000 4602 1533.976212 49.087239
21.003108 1562.500000 4729 1576.011544 50.432369
21.004176 1562.500000 4813 1604.180091 51.333763
21.007212 1562.500000 4722 1573.857185 50.363430
21.005663 1562.500000 4600 1533.301568 49.065650
21.007575 1562.500000 4632 1543.407477 49.389039
21.006452 1562.500000 4756 1585.275448 50.728814
21.009249 1562.500000 4606 1534.514327 49.104458
21.007701 1562.500000 4777 1591.916972 50.941343
21.009088 1562.500000 4566 1521.635384 48.692332
21.011048 1562.500000 4759 1585.770443 50.744654
21.005470 1562.500000 4575 1524.893656 48.796597
21.014165 1562.500000 4662 1553.217586 49.702963
21.006326 1562.500000 4701 1566.448316 50.126346
24.009555 1562.500000 4657 1550.729002 49.623328
24.006944 1562.500000 4698 1565.219161 50.087013
24.001799 1562.500000 4657 1552.150384 49.668812
24.004006 1562.500000 4686 1561.110607 49.955539
24.003727 1562.500000 4756 1584.446961 50.702303
24.001723 1562.500000 4679 1559.528379 49.904908
24.003604 1562.500000 4833 1610.768101 51.544579
24.003144 1562.500000 4657 1552.186418 49.669965
24.003211 1562.500000 4701 1566.808875 50.137884
24.005174 1562.500000 4679 1559.345813 49.899066
24.006625 1562.500000 4653 1548.913249 49.565224
24.003527 1562.500000 4658 1552.544054 49.681410
24.006128 1562.500000 4880 1626.318299 52.042186
24.004774 1562.500000 4677 1558.694112 49.878212
24.007653 1562.500000 4816 1604.238695 51.335638
24.004546 1562.500000 4676 1558.626293 49.876041
24.005500 1562.500000 4653 1550.986787 49.631577
24.006447 1562.500000 4592 1530.266574 48.968530
24.004704 1562.500000 4636 1545.256658 49.448213
24.004973 1562.500000 4706 1568.250183 50.184006
24.003493 1562.500000 4569 1522.804700 48.729750
24.006181 1562.500000 4842 1613.948401 51.646349
24.012392 1562.500000 4751 1580.936969 50.589983
24.006581 1562.500000 4746 1581.808232 50.617863
24.007762 1562.500000 4606 1535.302025 49.129665
24.007733 1562.500000 4769 1589.583110 50.866660
24.010827 1562.500000 4618 1538.524178 49.232774
24.006236 1562.500000 4757 1585.261637 50.728372
24.009271 1562.500000 4733 1577.570338 50.482251
24.011289 1562.500000 4884 1627.869331 52.091819
24.014796 1562.500000 4617 1538.676252 49.237640
24.008495 1562.500000 4725 1573.862034 50.363585
27.002421 1562.500000 4674 1557.677533 49.845681
27.004430 1562.500000 4505 1501.253477 48.040111
27.005128 1562.500000 4634 1542.915511 49.373296
27.004146 1562.500000 4789 1595.800388 51.065612
27.003248 1562.500000 4868 1622.647172 51.924709
27.005268 1562.500000 4601 1533.618488 49.075792
27.005640 1562.500000 4650 1548.909116 49.565092
27.010191 1562.500000 4722 1571.162624 50.277204
27.004016 1562.500000 4709 1569.661616 50.229172
27.004704 1562.500000 4728 1575.487015 50.415584
27.005099 1562.500000 4695 1564.711673 50.070774
27.006296 1562.500000 4655 1551.579875 49.650556
27.005777 1562.500000 4696 1565.188706 50.086039
27.004921 1562.500000 4686 1561.887375 49.980396
27.006728 1562.500000 4558 1519.191429 48.614126
27.003721 1562.500000 4720 1573.213772 50.342841
27.006321 1562.500000 4786 1595.258677 51.048278
27.008508 1562.500000 4633 1542.515935 49.360510
27.008651 1562.500000 4733 1576.769306 50.456618
27.008110 1562.500000 4578 1525.244912 48.807837
27.007156 1562.500000 4786 1595.027227 51.040871
27.007955 1562.500000 4739 1579.507675 50.544246
27.010097 1562.500000 4548 1515.726137 48.503236
27.008034 1562.500000 4715 1571.509072 50.288290
27.008023 1562.500000 4581 1526.866840 48.859739
27.011303 1562.500000 4647 1548.754339 49.560139
27.009463 1562.500000 4709 1569.566148 50.226117
27.011326 1562.500000 4812 1603.980192 51.327366
27.012542 1562.500000 4544 1514.590913 48.466909
27.006510 1562.500000 4745 1581.522604 50.608723
27.015147 1562.500000 4750 1583.148227 50.660743
27.008533 1562.500000 4627 1542.313820 49.354042
#type       avg     std     min     5th    10th    90th    95th    99th
read      108.7    27.7    49.8    78.4    82.5   140.1   154.3   188.6
update    112.9    28.2    54.8    81.8    86.0   144.9   158.6   194.3
op_q        1.2     0.5     1.0     1.0     1.0     2.0     2.1     3.0

Total QPS = 99966.3 (2998989 / 30.0s)

Misses = 0 (0.0%)
Skipped TXs = 0 (0.0%)

RX  517858582 bytes :   16.5 MB/s
TX  331944150 bytes :   10.6 MB/s
