3.014687 62.500000 167 55.395475 1.772655
3.020134 62.500000 167 55.295554 1.769458
3.004422 62.500000 194 64.571485 2.066288
3.001540 62.500000 172 57.303915 1.833725
3.009219 62.500000 169 56.160754 1.797144
3.103766 62.500000 211 67.981919 2.175421
3.001895 62.500000 189 62.960224 2.014727
3.060673 62.500000 195 63.711478 2.038767
3.015981 62.500000 165 54.708569 1.750674
3.004609 62.500000 176 58.576673 1.874454
3.002041 62.500000 203 67.620671 2.163861
3.018345 62.500000 190 62.948407 2.014349
3.021684 62.500000 169 55.929070 1.789730
3.015131 62.500000 173 57.377275 1.836073
3.023103 62.500000 188 62.187754 1.990008
3.078043 62.500000 170 55.229897 1.767357
3.000829 62.500000 165 54.984808 1.759514
3.060339 62.500000 211 68.946621 2.206292
3.005667 62.500000 168 55.894410 1.788621
3.023672 62.500000 199 65.814019 2.106049
3.011847 62.500000 171 56.775792 1.816825
3.026908 62.500000 147 48.564406 1.554061
3.022983 62.500000 164 54.251053 1.736034
3.000661 62.500000 175 58.320479 1.866255
3.056324 62.500000 181 59.221477 1.895087
3.064186 62.500000 199 64.943830 2.078203
3.016835 62.500000 209 69.277899 2.216893
3.005644 62.500000 216 71.864810 2.299674
3.003213 62.500000 186 61.933674 1.981878
3.006618 62.500000 198 65.854723 2.107351
3.021882 62.500000 186 61.551042 1.969633
6.017103 62.500000 175 58.018593 1.856595
6.017760 62.500000 184 61.013631 1.952436
6.030307 62.500000 153 50.563718 1.618039
6.041591 62.500000 180 59.209537 1.894705
6.014772 62.500000 173 57.471972 1.839103
6.132372 62.500000 155 49.723457 1.591151
6.019964 62.500000 194 64.253240 2.056104
6.028806 62.500000 188 62.547759 2.001528
6.005579 62.500000 208 69.248310 2.215946
6.022160 62.500000 176 58.345908 1.867069
6.051602 62.500000 208 68.309068 2.185890
6.081141 62.500000 158 51.547055 1.649506
6.013917 62.500000 162 53.962759 1.726808
6.031826 62.500000 214 70.928103 2.269699
6.059910 62.500000 163 53.622378 1.715916
6.018060 62.500000 161 53.445470 1.710255
6.027423 62.500000 211 70.199043 2.246369
6.029149 62.500000 201 66.950001 2.142400
6.029034 62.500000 170 56.465480 1.806895
6.106970 62.500000 190 62.442817 1.998170
6.010389 62.500000 210 69.972697 2.239126
6.034074 62.500000 182 60.457040 1.934625
6.207328 62.500000 201 64.764301 2.072458
6.006626 62.500000 180 59.931803 1.917818
6.073110 62.500000 220 73.030580 2.336979
6.030741 62.500000 165 54.746230 1.751879
6.036650 62.500000 185 61.387010 1.964384
6.086179 62.500000 160 52.877876 1.692092
6.077711 62.500000 188 62.223062 1.991138
6.078422 62.500000 171 56.992799 1.823770
6.058472 62.500000 191 62.899507 2.012784
9.020615 62.500000 177 58.943902 1.886205
9.030511 62.500000 192 63.963650 2.046837
9.041701 62.500000 192 63.757843 2.040251
9.048408 62.500000 200 66.241404 2.119725
9.072523 62.500000 205 67.042731 2.145367
9.021799 62.500000 173 57.576553 1.842450
9.033366 62.500000 168 55.919245 1.789416
9.057818 62.500000 194 63.559902 2.033917
9.036058 62.500000 197 65.109582 2.083507
9.038012 62.500000 199 65.804820 2.105754
9.083146 62.500000 202 66.249673 2.119990
9.038130 62.500000 192 63.865805 2.043706
9.053210 62.500000 200 65.983724 2.111479
9.017642 62.500000 191 63.433757 2.029880
9.028205 62.500000 196 65.316310 2.090122
9.139495 62.500000 189 61.008991 1.952288
9.087203 62.500000 216 71.854821 2.299354
9.035236 62.500000 196 65.002427 2.080078
9.018549 62.500000 206 68.655479 2.196975
9.061442 62.500000 190 63.301007 2.025632
9.076095 62.500000 160 53.280306 1.704970
9.036914 62.500000 193 64.201232 2.054439
9.054340 62.500000 228 75.554477 2.417743
9.087214 62.500000 179 59.646085 1.908675
9.094222 62.500000 184 60.997623 1.951924
9.136613 62.500000 209 69.568312 2.226186
9.080434 62.500000 211 70.286209 2.249159
9.052357 62.500000 200 66.649896 2.132797
9.115830 62.500000 159 52.843934 1.691006
9.233853 62.500000 193 63.769497 2.040624
9.070343 62.500000 198 65.739871 2.103676
12.031949 125.000000 286 95.214522 3.046865
12.023108 125.000000 328 109.242557 3.495762
12.065788 125.000000 305 100.737923 3.223614
12.026494 125.000000 300 99.843724 3.194999
12.030578 125.000000 319 106.330983 3.402591
12.044126 125.000000 299 99.586187 3.186758
12.052728 125.000000 274 90.887495 2.908400
12.066683 125.000000 352 116.808748 3.737880
12.034356 125.000000 346 115.295297 3.689450
12.038046 125.000000 315 104.930460 3.357775
12.066968 125.000000 309 102.810623 3.289940
12.071772 125.000000 344 114.135753 3.652344
12.036660 125.000000 335 111.613706 3.571639
12.048450 125.000000 283 94.332037 3.018625
12.028709 125.000000 323 107.270933 3.432670
12.029375 125.000000 340 112.925810 3.613626
12.078742 125.000000 315 104.782801 3.353050
12.048963 125.000000 347 115.203994 3.686528
12.088504 125.000000 362 120.169623 3.845428
12.094177 125.000000 295 98.105267 3.139369
12.090597 125.000000 310 103.077302 3.298474
12.098286 125.000000 316 104.946013 3.358272
12.060751 125.000000 321 106.771812 3.416698
12.096778 125.000000 304 101.247090 3.239907
12.082413 125.000000 315 104.930778 3.357785
12.140446 125.000000 317 105.531861 3.377020
12.066132 125.000000 303 100.538344 3.217227
12.169489 125.000000 331 109.241156 3.495717
12.118349 125.000000 319 106.244148 3.399813
12.234214 125.000000 321 106.987151 3.423589
12.098269 125.000000 321 106.013166 3.392421
3.004160 62.500000 187 62.247014 1.991904
15.032049 125.000000 324 107.947074 3.454306
15.118434 125.000000 400 129.489263 4.143656
15.038651 125.000000 382 126.819422 4.058221
15.029911 125.000000 377 125.382363 4.012236
15.043156 125.000000 345 114.571985 3.666304
15.048551 125.000000 343 114.164952 3.653278
15.037265 125.000000 360 119.883742 3.836280
15.058577 125.000000 370 122.939352 3.934059
15.044256 125.000000 399 132.725259 4.247208
15.093933 125.000000 387 127.252196 4.072070
15.051657 125.000000 410 135.986874 4.351580
15.067788 125.000000 412 137.295796 4.393465
15.087881 125.000000 368 122.294114 3.913412
15.068864 125.000000 371 123.540020 3.953281
15.085846 125.000000 401 132.020960 4.224671
15.070254 125.000000 369 122.853780 3.931321
15.030616 125.000000 375 124.920593 3.997459
15.101584 125.000000 298 99.224242 3.175176
15.089291 125.000000 380 126.633467 4.052271
15.096366 125.000000 412 137.233176 4.391462
15.065867 125.000000 368 122.457842 3.918651
15.090691 125.000000 410 135.810231 4.345927
15.122790 125.000000 366 120.704720 3.862551
15.085077 125.000000 341 113.565817 3.634106
15.122687 125.000000 349 115.337237 3.690792
15.067482 125.000000 378 125.943327 4.030186
15.145415 125.000000 410 136.440648 4.366101
15.124772 125.000000 381 126.728649 4.055317
15.176354 125.000000 405 134.691737 4.310136
15.163268 125.000000 415 135.399690 4.332790
15.256245 125.000000 400 132.361322 4.235562
6.044297 62.500000 168 55.260679 1.768342
18.031042 125.000000 358 119.288367 3.817228
18.113303 125.000000 361 118.576837 3.794459
18.033709 125.000000 378 125.930296 4.029769
18.046522 125.000000 333 110.709540 3.542705
18.055000 125.000000 389 129.388505 4.140432
18.054408 125.000000 369 122.540400 3.921293
18.039051 125.000000 424 141.249247 4.519976
18.048581 125.000000 347 115.500171 3.696005
18.069515 125.000000 352 117.265820 3.752506
18.100250 125.000000 373 123.880788 3.964185
18.073130 125.000000 359 119.552034 3.825665
18.130287 125.000000 380 125.466269 4.014921
18.059555 125.000000 383 127.331410 4.074605
18.090514 125.000000 399 132.883348 4.252267
18.102962 125.000000 336 109.362667 3.499605
18.095255 125.000000 424 141.271058 4.520674
18.067865 125.000000 376 124.946466 3.998287
18.103719 125.000000 415 137.995142 4.415845
18.095531 125.000000 412 136.891409 4.380525
18.068089 125.000000 383 127.572198 4.082310
18.128552 125.000000 373 124.095009 3.971040
18.092676 125.000000 363 120.694286 3.862217
18.099188 125.000000 393 130.630014 4.180160
18.125542 125.000000 367 122.217015 3.910944
18.070397 125.000000 366 121.881593 3.900211
18.148154 125.000000 372 123.886899 3.964381
18.125734 125.000000 385 128.292220 4.105351
18.122769 125.000000 379 126.151055 4.036834
18.177674 125.000000 378 125.944612 4.030228
18.286358 125.000000 371 122.437669 3.918005
18.164484 125.000000 372 123.949788 3.966393
9.062988 62.500000 198 65.591333 2.098923
21.066039 125.000000 370 122.018402 3.904589
21.048488 125.000000 346 114.666476 3.669327
21.046211 125.000000 346 115.058747 3.681880
21.063600 125.000000 315 104.699872 3.350396
21.055057 125.000000 359 119.327199 3.818470
21.057813 125.000000 380 126.523044 4.048737
21.049511 125.000000 386 128.626781 4.116057
21.091343 125.000000 376 124.428012 3.981696
21.122441 125.000000 398 131.269688 4.200630
21.075839 125.000000 398 132.546994 4.241504
21.068580 125.000000 317 105.349744 3.371192
21.102808 125.000000 388 129.223155 4.135141
21.073720 125.000000 390 129.756446 4.152206
21.098269 125.000000 387 128.870558 4.123858
21.071967 125.000000 408 135.814299 4.346058
21.106875 125.000000 357 118.874929 3.803998
21.173137 125.000000 377 123.826378 3.962444
21.179837 125.000000 400 130.440424 4.174094
21.101581 125.000000 369 122.752438 3.928078
21.104772 125.000000 396 131.754751 4.216152
21.167536 125.000000 358 118.567296 3.794153
21.094482 125.000000 416 138.583204 4.434663
21.132745 125.000000 333 110.909123 3.549092
21.132178 125.000000 382 127.052299 4.065674
21.089453 125.000000 366 121.229926 3.879358
21.123889 125.000000 380 125.789230 4.025255
21.202597 125.000000 369 121.986559 3.903570
21.133766 125.000000 356 118.349791 3.787193
21.124437 125.000000 360 119.933312 3.837866
21.293038 125.000000 345 114.744487 3.671824
21.176134 125.000000 409 135.805938 4.345790
12.069701 125.000000 293 97.448605 3.118355
24.078890 125.000000 389 128.269409 4.104621
24.049850 125.000000 397 132.273293 4.232745
24.082836 125.000000 370 122.547533 3.921521
24.073691 125.000000 385 128.006805 4.096218
24.060945 125.000000 349 116.105461 3.715375
24.064566 125.000000 344 114.094090 3.651011
24.058689 125.000000 393 130.961795 4.190777
24.085104 125.000000 419 139.236665 4.455573
24.092383 125.000000 345 114.960156 3.678725
24.152985 125.000000 351 115.075273 3.682409
24.076730 125.000000 366 121.806609 3.897811
24.072778 125.000000 390 129.818367 4.154188
24.231216 125.000000 346 111.647559 3.572722
24.099520 125.000000 356 118.617203 3.795751
24.105304 125.000000 351 116.979253 3.743336
24.117738 125.000000 343 113.920836 3.645467
24.129284 125.000000 397 129.926921 4.157661
24.103441 125.000000 368 122.590648 3.922901
24.122971 125.000000 400 132.079092 4.226531
24.128770 125.000000 372 123.738940 3.959646
24.133719 125.000000 345 114.962660 3.678805
24.150646 125.000000 352 116.676851 3.733659
24.193228 125.000000 388 128.758592 4.120275
24.098090 125.000000 321 106.692852 3.414171
24.168201 125.000000 416 138.635947 4.436350
24.141878 125.000000 369 122.289041 3.913249
24.125889 125.000000 400 133.244476 4.263823
24.190462 125.000000 417 138.201901 4.422461
24.204124 125.000000 377 125.602752 4.019288
24.294943 125.000000 388 129.251267 4.136041
24.176263 125.000000 352 117.328277 3.754505
15.134783 125.000000 378 123.324601 3.946387
27.113367 125.000000 331 109.826403 3.514445
27.064507 125.000000 323 107.458236 3.438664
27.050790 125.000000 375 124.960832 3.998747
27.068215 125.000000 380 126.360417 4.043533
27.088676 125.000000 386 128.513627 4.112436
27.081390 125.000000 350 116.368049 3.723778
27.104610 125.000000 381 126.084870 4.034716
27.081887 125.000000 359 119.547231 3.825511
27.071638 125.000000 352 117.057404 3.745837
27.094020 125.000000 394 131.261678 4.200374
27.111968 125.000000 367 120.755830 3.864187
27.079858 125.000000 377 125.535805 4.017146
27.124604 125.000000 392 130.368276 4.171785
27.107695 125.000000 395 131.561804 4.209978
27.140041 125.000000 372 123.535891 3.953148
27.105831 125.000000 378 125.899723 4.028791
27.135308 125.000000 380 126.599598 4.051187
27.128021 125.000000 367 122.127734 3.908088
27.155359 125.000000 391 127.891921 4.092541
27.159419 125.000000 390 129.721787 4.151097
27.132029 125.000000 361 120.223316 3.847146
27.172410 125.000000 411 136.808071 4.377858
27.127617 125.000000 365 121.596657 3.891093
27.153422 125.000000 380 126.181148 4.037797
27.156862 125.000000 387 128.733261 4.119464
27.191541 125.000000 374 124.621859 3.987899
27.193299 125.000000 397 132.330234 4.234567
27.204649 125.000000 356 118.645880 3.796668
27.239053 125.000000 401 133.318399 4.266189
27.296625 125.000000 356 118.600160 3.795205
27.182449 125.000000 419 139.379273 4.460137
18.169328 125.000000 356 117.315776 3.754105
#type       avg     std     min     5th    10th    90th    95th    99th
read       61.1    11.8    41.1    51.1    52.5    71.9    78.4    98.5
update     64.2    12.1    41.1    54.8    55.5    76.2    82.1   101.9
op_q        1.0     0.0     1.0     1.0     1.0     1.1     1.1     1.1

Total QPS = 66428.1 (1992843 / 30.0s)

Misses = 0 (0.0%)
Skipped TXs = 0 (0.0%)

RX  343770426 bytes :   10.9 MB/s
TX  220550212 bytes :    7.0 MB/s
