4.150605 271.265461
3.003458 270.258910
3.047690 275.895595
3.256922 273.781838
3.077577 273.781838
3.137762 11192.217836
3.029320 297.284801
3.055063 298.115205
3.043170 362.059118
3.003774 299.222411
3.155241 363.063907
3.033072 273.278562
3.091487 275.744612
3.032251 274.788389
3.348742 274.914208
3.144341 275.845267
3.527540 1852.024657
3.035246 361.724188
3.049159 296.454396
3.093911 250.265149
4.151130 250.436720
3.159634 271.013823
3.008042 250.322340
3.051082 275.627181
3.082439 251.053106
3.006373 274.159294
3.000718 271.768736
3.048952 274.872268
3.193039 250.093578
3.012153 247.291249
3.014669 274.536751
6.095201 299.776014
6.076634 271.768736
6.089111 272.901106
6.500271 291.471969
6.055935 353.016013
6.502784 270.888004
6.271251 250.265149
6.245896 352.011223
6.278424 297.700003
6.224248 291.748771
6.479322 264.219605
6.195711 10943.731963
6.132974 249.292913
6.060178 272.607529
6.162252 355.695451
6.274275 275.241337
6.171578 274.201234
6.325041 273.362442
6.306277 275.249725
6.016968 272.272012
6.184839 274.096385
6.281017 250.743469
6.151393 275.040026
6.371781 274.159294
6.366440 263.967967
6.382698 273.530200
6.104915 265.477793
6.596388 1801.237875
6.015782 273.530200
7.501989 265.981069
7.836953 248.549438
9.717947 269.126540
9.912624 10664.185357
9.227841 347.657136
9.670623 295.485591
9.110391 297.007999
9.220387 349.331785
9.281581 287.596749
9.178646 273.362442
9.299912 268.497446
9.136385 249.121341
9.423272 345.647557
9.299552 289.257558
9.508105 273.341472
9.042513 271.600978
9.522495 249.922007
9.245198 272.586559
9.158964 273.177907
9.091015 272.146193
9.651077 271.894555
9.336667 272.020374
9.459812 274.321062
9.110861 268.497446
9.517049 260.445039
9.575227 294.516786
9.723459 268.874902
9.611989 1769.072913
9.582453 272.272012
9.924738 267.616714
9.105043 272.901106
10.618835 268.245808
10.897030 246.833726
12.345335 272.624304
12.235868 271.433219
12.419631 342.968119
12.112670 294.239984
12.459990 340.958540
12.392128 282.337520
12.149757 249.853378
12.327696 282.614322
12.187386 272.943045
12.346458 266.735982
12.061630 271.139642
12.472699 341.293470
12.159926 272.322339
12.424063 269.923393
12.669061 272.272012
12.737257 270.447638
12.546188 249.372979
12.639376 254.657371
12.122067 266.610163
13.146136 272.775287
12.250680 272.674632
12.686585 291.610370
13.086139 273.889683
12.617479 1731.829272
12.709077 292.855977
12.915518 10477.820953
12.851506 271.076732
12.779676 266.861801
13.439812 277.631895
13.633690 271.919719
13.904715 247.710645
15.434072 270.426668
15.159084 291.748771
15.506504 273.062873
16.058077 1708.128774
15.428975 276.729594
15.657848 264.471242
16.038646 265.226155
15.275240 270.258910
15.533308 277.078292
15.136262 269.881453
15.448368 272.313951
15.601823 276.521893
15.434360 338.279102
15.164790 263.087235
15.529882 301.160022
15.532338 270.447638
15.759830 271.265461
15.853403 262.835597
15.664476 248.996562
15.998122 288.427153
15.943729 288.150352
15.821943 272.164167
16.254386 271.416443
16.187762 276.465974
15.867335 269.755634
16.562758 262.458141
16.087396 273.134769
15.513648 272.523649
16.722922 271.810676
16.452821 275.794940
17.044735 247.691582
18.259724 289.395958
18.488757 276.010629
18.491164 269.084600
18.649210 294.793587
18.330669 269.302686
18.266342 267.616714
18.598939 276.382094
19.080244 276.046577
18.563047 276.226319
19.087534 284.551932
18.684369 261.703227
18.470631 272.272012
18.715997 269.378178
18.771407 272.523649
18.854866 249.209327
18.232841 259.438488
19.024554 271.481150
18.887677 268.057080
18.775269 269.818544
19.088884 272.649468
19.012349 285.935940
19.102814 272.595546
19.069802 272.272012
19.157057 262.080684
19.189735 275.543302
19.350063 271.307400
19.589536 260.445039
20.097911 272.164167
19.459811 274.536751
18.568299 271.349340
20.691777 250.306742
21.334988 286.351142
21.604907 268.447118
21.768837 258.306118
21.739661 275.906779
21.492257 275.075975
21.595200 275.543302
21.782132 288.980756
21.466826 265.981069
21.505687 266.903740
21.803057 271.732788
21.251508 255.915560
22.271841 274.704510
22.314029 266.987619
22.050321 275.123906
22.149094 272.240557
22.422776 283.583127
21.803159 268.245808
21.981064 249.106091
22.305518 271.912529
21.861664 271.588995
22.358605 295.347190
22.091261 275.769776
22.223783 271.328370
21.981620 274.368993
23.603627 258.935212
22.367354 271.265461
21.707984 270.762185
22.951080 272.607529
22.656289 264.135725
23.614960 271.588995
23.892803 250.089179
25.337495 283.444726
24.838478 274.428906
25.066818 289.257558
24.829169 264.806759
24.924907 267.239257
24.912872 275.151865
24.305071 264.597061
25.140391 274.410932
24.499894 264.722880
24.897171 282.060719
25.032216 255.286466
24.890380 271.548553
24.666326 267.541222
25.100414 275.367155
25.145607 248.633317
25.319322 271.573018
25.381765 271.737281
25.012002 272.160173
25.417190 293.409580
25.651276 261.703227
25.646484 271.157616
25.159333 279.984708
25.411582 274.117355
25.397844 272.775287
25.424380 280.953513
25.677243 266.232706
24.731293 270.834082
26.058571 270.846064
26.661179 256.544654
26.718865 270.546496
27.078424 269.566906
28.054160 271.869391
27.876327 273.350459
27.501041 263.338873
28.323348 283.721528
27.590034 268.964773
28.388982 278.739101
27.999293 274.536751
27.932300 265.792340
27.911596 271.656897
27.897940 263.380812
28.180463 274.838716
28.040795 251.637719
28.068422 274.587079
28.739337 278.600700
28.238623 248.406462
28.338657 271.745860
28.288264 276.675672
28.346078 273.925631
28.454673 271.108187
28.451971 280.399910
28.425355 290.364764
28.402963 272.180507
28.419578 274.480832
28.653325 254.909009
28.857659 264.911608
28.758783 271.013823
27.749692 271.139642
29.123395 268.749083
29.919045 274.209622
29.727350 252.392632
#type       avg     std     min     5th    10th    90th    95th    99th
read      201.8   144.3    66.3   151.1   164.8   239.8   249.0   272.1
update    206.2    28.4    80.2   158.6   173.3   244.3   252.8   274.0
op_q        1.0     0.0     1.0     1.0     1.0     1.1     1.1     1.1

Total QPS = 556.4 (16691 / 30.0s)

Misses = 0 (0.0%)
Skipped TXs = 0 (0.0%)

RX    3001340 bytes :    0.1 MB/s
TX    1834066 bytes :    0.1 MB/s
