3.003167 1875.000000 5636 1876.685212 60.053927
3.000729 1875.000000 5342 1780.233864 56.967484
3.000472 1875.000000 5745 1914.698860 61.270364
3.001552 1875.000000 5700 1899.017403 60.768557
3.002027 1875.000000 5638 1878.064176 60.098054
3.000876 1875.000000 5653 1883.782981 60.281055
3.000463 1875.000000 5641 1880.043091 60.161379
3.000503 1875.000000 5638 1879.018152 60.128581
3.000369 1875.000000 5620 1873.102997 59.939296
3.001550 1875.000000 5581 1859.372692 59.499926
3.000081 1875.000000 5754 1917.947904 61.374333
3.000023 1875.000000 5617 1872.319185 59.914214
3.001258 1875.000000 5612 1869.882746 59.836248
3.000128 1875.000000 5513 1837.588126 58.802820
3.000024 1875.000000 5594 1864.651785 59.668857
3.000409 1875.000000 5614 1871.077972 59.874495
3.000052 1875.000000 5517 1838.967843 58.846971
3.000704 1875.000000 5512 1836.902215 58.780871
3.000087 1875.000000 5582 1860.612964 59.539615
3.000523 1875.000000 5624 1874.340217 59.978887
3.001331 1875.000000 5698 1898.490877 60.751708
3.000279 1875.000000 5479 1826.163774 58.437241
3.000071 1875.000000 5643 1880.955433 60.190574
3.000211 1875.000000 5615 1871.534791 59.889113
3.000778 1875.000000 5557 1851.853250 59.259304
3.001120 1875.000000 5674 1890.627349 60.500075
3.000941 1875.000000 5629 1875.744978 60.023839
3.000163 1875.000000 5567 1855.566015 59.378112
3.001036 1875.000000 5595 1864.356045 59.659393
3.000103 1875.000000 5503 1834.270623 58.696660
3.002312 1875.000000 5733 1909.528612 61.104916
3.000494 1875.000000 5625 1874.691313 59.990122
6.002025 1875.000000 5354 1784.384297 57.100297
6.000095 1875.000000 5468 1822.661630 58.325172
6.000276 1875.000000 5413 1804.244213 57.735815
6.000183 1875.000000 5662 1887.251064 60.392034
6.000134 1875.000000 5716 1905.262593 60.968403
6.000115 1875.000000 5516 1838.610780 58.835545
6.000666 1875.000000 5606 1868.540494 59.793296
6.002025 1875.000000 5728 1908.508942 61.072286
6.000926 1875.000000 5776 1924.843396 61.594989
6.000101 1875.000000 5755 1918.320901 61.386269
6.000466 1875.000000 5618 1872.606056 59.923394
6.000979 1875.000000 5709 1902.513186 60.880422
6.001026 1875.000000 5583 1860.675708 59.541623
6.001743 1875.000000 5511 1836.469792 58.767033
6.000850 1875.000000 5662 1887.095637 60.387060
6.000112 1875.000000 5604 1867.974643 59.775189
6.000492 1875.000000 5554 1851.282283 59.241033
6.000292 1875.000000 5567 1855.549304 59.377578
6.000741 1875.000000 5575 1858.310304 59.465930
6.001145 1875.000000 5743 1914.203466 61.254511
6.000873 1875.000000 5608 1869.274130 59.816772
6.003773 1875.000000 5662 1885.937422 60.349997
6.003104 1875.000000 5705 1900.543322 60.817386
6.002350 1875.000000 5473 1823.534882 58.353116
6.000793 1875.000000 5671 1890.009541 60.480305
6.001863 1875.000000 5460 1819.633046 58.228257
6.001741 1875.000000 5639 1879.277690 60.136886
6.000791 1875.000000 5684 1894.496866 60.623900
6.003532 1875.000000 5602 1867.106296 59.747401
6.002935 1875.000000 5755 1917.752796 61.368089
6.002393 1875.000000 5646 1881.948743 60.222360
6.000619 1875.000000 5752 1917.253533 61.352113
9.000324 1875.000000 5566 1855.216096 59.366915
9.001627 1875.000000 5586 1861.279491 59.560944
9.001102 1875.000000 5671 1889.711644 60.470773
9.000773 1875.000000 5559 1852.980105 59.295363
9.000946 1875.000000 5708 1902.489179 60.879654
9.000338 1875.000000 5642 1880.627903 60.180093
9.001239 1875.000000 5636 1877.950350 60.094411
9.000112 1875.000000 5544 1847.999738 59.135992
9.000669 1875.000000 5622 1873.645012 59.956640
9.001585 1875.000000 5509 1835.475444 58.735214
9.002200 1875.000000 5642 1879.596914 60.147101
9.001019 1875.000000 5704 1900.872667 60.827925
9.001474 1875.000000 5666 1888.273666 60.424757
9.001193 1875.000000 5693 1897.561154 60.721957
9.002507 1875.000000 5691 1896.001240 60.672040
9.001792 1875.000000 5846 1948.633521 62.356273
9.002941 1875.000000 5650 1882.102613 60.227284
9.002142 1875.000000 5539 1846.161146 59.077157
9.001455 1875.000000 5585 1861.474305 59.567178
9.002763 1875.000000 5691 1895.754672 60.664150
9.002351 1875.000000 5849 1949.271389 62.376684
9.002077 1875.000000 5546 1848.634640 59.156308
9.001288 1875.000000 5570 1856.409630 59.405108
9.001085 1875.000000 5660 1886.482063 60.367426
9.002080 1875.000000 5606 1868.632328 59.796234
9.003106 1875.000000 5545 1848.332444 59.146638
9.004757 1875.000000 5585 1861.056257 59.553800
9.002978 1875.000000 5697 1898.973362 60.767148
9.004625 1875.000000 5714 1903.973176 60.927142
9.003287 1875.000000 5565 1854.420478 59.341455
9.002560 1875.000000 5678 1892.561256 60.561960
9.000707 1875.000000 5778 1925.943384 61.630188
12.000555 3750.000000 9335 3111.427152 99.565669
12.000833 3750.000000 9414 3137.937700 100.414006
12.000241 3750.000000 9280 3093.200337 98.982411
12.000639 3750.000000 9298 3099.022262 99.168712
12.001878 3750.000000 9244 3081.075431 98.594414
12.001113 3750.000000 9115 3038.163848 97.221243
12.001544 3750.000000 9500 3166.345123 101.323044
12.001234 3750.000000 9223 3074.198076 98.374338
12.002199 3750.000000 9319 3105.697820 99.382330
12.001487 3750.000000 9582 3193.986511 102.207568
12.001296 3750.000000 9298 3098.685922 99.157949
12.002362 3750.000000 9281 3092.461008 98.958752
12.002568 3750.000000 9433 3143.166343 100.581323
12.002329 3750.000000 9396 3131.737261 100.215592
12.002789 3750.000000 9248 3082.216522 98.630929
12.001861 3750.000000 9489 3162.927366 101.213676
12.002212 3750.000000 9424 3141.320253 100.522248
12.001102 3750.000000 9184 3061.249207 97.959975
12.002239 3750.000000 9559 3186.231040 101.959393
12.003067 3750.000000 9217 3072.204103 98.310531
12.001123 3750.000000 9453 3150.960048 100.830722
12.002287 3750.000000 9331 3110.118848 99.523803
12.001462 3750.000000 9352 3117.152960 99.748895
12.003216 3750.000000 9485 3161.550758 101.169624
12.002582 3750.000000 9454 3151.254417 100.840141
12.002964 3750.000000 9470 3156.455399 101.006573
12.005245 3750.000000 9495 3164.484917 101.263517
12.003971 3750.000000 9203 3066.650845 98.132827
12.004628 3750.000000 9359 3119.663447 99.829230
12.003290 3750.000000 9124 3041.330958 97.322591
12.002761 3750.000000 9376 3125.123919 100.003965
12.000886 3750.000000 9302 3100.482203 99.215431
15.001130 3750.000000 11246 3748.053374 119.937708
15.000724 3750.000000 11162 3720.456586 119.054611
15.000418 3750.000000 11262 3753.779084 120.120931
15.000836 3750.000000 11266 3755.329383 120.170540
15.001754 3750.000000 11304 3767.195453 120.550254
15.001259 3750.000000 11452 3817.301502 122.153648
15.002952 3750.000000 11146 3715.130956 118.884191
15.002177 3750.000000 11392 3796.460336 121.486731
15.001874 3750.000000 11499 3832.577667 122.642485
15.001298 3750.000000 11337 3778.997030 120.927905
15.002237 3750.000000 11303 3767.216265 120.550920
15.001194 3750.000000 11243 3747.551861 119.921660
15.002585 3750.000000 10986 3661.529264 117.168936
15.002741 3750.000000 11430 3809.780886 121.912988
15.001544 3750.000000 11379 3792.468388 121.358988
15.002588 3750.000000 11017 3671.906549 117.501010
15.002367 3750.000000 11448 3815.951125 122.110436
15.003209 3750.000000 11266 3754.085591 120.130739
15.002446 3750.000000 11181 3726.802077 119.257666
15.002819 3750.000000 11138 3712.101594 118.787251
15.001954 3750.000000 11272 3757.216572 120.230930
15.003377 3750.000000 11258 3752.465513 120.078896
15.002596 3750.000000 11327 3775.648295 120.820745
15.001913 3750.000000 11178 3725.439275 119.214057
15.003001 3750.000000 11297 3765.620319 120.499850
15.004974 3750.000000 11352 3781.596189 121.011078
15.004995 3750.000000 11321 3773.205469 120.742575
15.003988 3750.000000 11277 3758.978527 120.287313
15.005265 3750.000000 11137 3712.308267 118.793865
15.003696 3750.000000 11369 3789.153137 121.252900
15.002768 3750.000000 11209 3736.324908 119.562397
15.001653 3750.000000 11346 3781.033255 120.993064
18.001210 3750.000000 11266 3754.724868 120.151196
18.001795 3750.000000 11231 3743.615136 119.795684
18.001742 3750.000000 11351 3782.525088 121.040803
18.000516 3750.000000 11497 3832.207852 122.630651
18.001737 3750.000000 11288 3762.066750 120.386136
18.001153 3750.000000 11349 3782.971711 121.055095
18.001492 3750.000000 11315 3771.423910 120.685565
18.003117 3750.000000 11247 3748.628075 119.956098
18.003886 3750.000000 11132 3708.554162 118.673733
18.002078 3750.000000 11112 3703.748181 118.519942
18.002586 3750.000000 11361 3786.559185 121.169894
18.002587 3750.000000 11308 3769.057037 120.609825
18.002839 3750.000000 11437 3811.834579 121.978707
18.002767 3750.000000 11174 3724.443617 119.182196
18.002008 3750.000000 11198 3732.600200 119.443206
18.001389 3750.000000 11269 3756.089212 120.194855
18.002954 3750.000000 11511 3836.528481 122.768911
18.001894 3750.000000 11240 3746.229446 119.879342
18.003575 3750.000000 11203 3734.085989 119.490752
18.003989 3750.000000 11421 3806.011199 121.792358
18.003028 3750.000000 11024 3674.573768 117.586361
18.002853 3750.000000 11348 3782.524795 121.040793
18.002713 3750.000000 11134 3711.188555 118.758034
18.002046 3750.000000 11272 3757.166784 120.229337
18.003182 3750.000000 11253 3750.773690 120.024758
18.005365 3750.000000 11149 3716.209449 118.918702
18.004067 3750.000000 11377 3792.233589 121.351475
18.005022 3750.000000 11302 3767.298647 120.553557
18.005165 3750.000000 11284 3761.093772 120.355001
18.003793 3750.000000 11438 3812.544091 122.001411
18.002820 3750.000000 11230 3743.268690 119.784598
18.001721 3750.000000 11229 3742.914237 119.773256
21.001427 3750.000000 11310 3769.654893 120.628957
21.000625 3750.000000 11391 3796.861591 121.499571
21.001667 3750.000000 11396 3798.088094 121.538819
21.002369 3750.000000 11173 3723.972222 119.167111
21.001783 3750.000000 11202 3733.943939 119.486206
21.001547 3750.000000 11190 3729.930966 119.357791
21.002008 3750.000000 11080 3693.005676 118.176182
21.001801 3750.000000 11014 3671.326283 117.482441
21.002087 3750.000000 11376 3791.900092 121.340803
21.002859 3750.000000 11194 3730.995771 119.391865
21.002619 3750.000000 11300 3766.625198 120.532006
21.003177 3750.000000 11354 3784.149357 121.092779
21.001541 3750.000000 11238 3745.809804 119.865914
21.003104 3750.000000 11361 3786.904119 121.180932
21.002957 3750.000000 11189 3729.538329 119.345227
21.003962 3750.000000 11421 3805.928270 121.789705
21.003084 3750.000000 11206 3735.171617 119.525492
21.003169 3750.000000 11387 3795.090476 121.442895
21.001953 3750.000000 11242 3747.259184 119.912294
21.003586 3750.000000 11369 3788.722654 121.239125
21.004393 3750.000000 11050 3682.837148 117.850789
21.002050 3750.000000 11257 3752.328054 120.074498
21.003610 3750.000000 11223 3740.956439 119.710606
21.004180 3750.000000 11441 3813.292067 122.025346
21.004142 3750.000000 11316 3770.793375 120.665388
21.005376 3750.000000 11437 3812.319631 121.994228
21.005360 3750.000000 11410 3802.904984 121.692959
21.004231 3750.000000 11064 3687.799102 118.009571
21.003931 3750.000000 11066 3688.496787 118.031897
21.005176 3750.000000 11277 3758.985807 120.287546
21.004039 3750.000000 11318 3771.134827 120.676314
21.001898 3750.000000 11154 3717.781222 118.968999
24.000948 3750.000000 11502 3833.587221 122.674791
24.001504 3750.000000 11546 3848.568879 123.154204
24.001999 3750.000000 11092 3697.089290 118.306857
24.001755 3750.000000 11106 3701.891649 118.460533
24.002648 3750.000000 11185 3727.257777 119.272249
24.002286 3750.000000 11315 3771.316988 120.682144
24.001569 3750.000000 11197 3732.306628 119.433812
24.002396 3750.000000 11350 3783.299240 121.065576
24.003214 3750.000000 11248 3749.196049 119.974274
24.003272 3750.000000 11421 3806.171952 121.797502
24.002159 3750.000000 11156 3718.577368 118.994476
24.002145 3750.000000 11353 3783.571992 121.074304
24.003049 3750.000000 11300 3766.427546 120.525681
24.003122 3750.000000 11361 3786.951273 121.182441
24.003240 3750.000000 11130 3709.922420 118.717517
24.003539 3750.000000 11413 3803.863984 121.723647
24.004139 3750.000000 11069 3689.016621 118.048532
24.003211 3750.000000 11067 3688.686880 118.037980
24.004180 3750.000000 11281 3760.059286 120.321897
24.002838 3750.000000 11393 3796.670129 121.493444
24.003229 3750.000000 11402 3799.050522 121.569617
24.004417 3750.000000 11420 3806.365880 121.803708
24.003810 3750.000000 11163 3720.722615 119.063124
24.004586 3750.000000 11287 3762.090685 120.386902
24.004379 3750.000000 11244 3747.703476 119.926511
24.005475 3750.000000 11344 3781.208264 120.998664
24.004660 3750.000000 10926 3641.479503 116.527344
24.004195 3750.000000 11176 3725.005923 119.200190
24.006154 3750.000000 11310 3769.002743 120.608088
24.005487 3750.000000 11101 3699.950681 118.398422
24.004121 3750.000000 11291 3763.563742 120.434040
24.002152 3750.000000 11156 3718.352023 118.987265
27.002111 3750.000000 11391 3795.528469 121.456911
27.001987 3750.000000 11167 3722.045942 119.105470
27.001506 3750.000000 11026 3675.330416 117.610573
27.002007 3750.000000 11092 3696.793245 118.297384
27.002016 3750.000000 11264 3754.644864 120.148636
27.002460 3750.000000 11288 3762.448340 120.398347
27.003669 3750.000000 11341 3779.833615 120.954676
27.003152 3750.000000 11280 3759.368266 120.299785
27.002475 3750.000000 11226 3741.902116 119.740868
27.002573 3750.000000 11245 3747.798740 119.929560
27.002511 3750.000000 11287 3761.891133 120.380516
27.003050 3750.000000 11141 3713.665508 118.837296
27.003231 3750.000000 11181 3726.864458 119.259663
27.003889 3750.000000 11232 3743.189633 119.782068
27.003259 3750.000000 11263 3754.276841 120.136859
27.005341 3750.000000 11419 3804.861523 121.755569
27.003354 3750.000000 11344 3781.153268 120.996905
27.004087 3750.000000 11114 3704.323858 118.538363
27.004349 3750.000000 11239 3746.070583 119.874259
27.005739 3750.000000 11350 3783.001384 121.056044
27.004649 3750.000000 11149 3716.255911 118.920189
27.002966 3750.000000 11182 3727.173804 119.269562
27.004739 3750.000000 11279 3759.263154 120.296421
27.003592 3750.000000 11145 3714.933928 118.877886
27.003434 3750.000000 10939 3646.084780 116.674713
27.004573 3750.000000 11300 3766.422840 120.525531
27.004889 3750.000000 11347 3782.044488 121.025424
27.006413 3750.000000 11208 3734.847191 119.515110
27.007266 3750.000000 11329 3774.933817 120.797882
27.004306 3750.000000 11410 3803.192217 121.702151
27.004818 3750.000000 11311 3769.457586 120.622643
27.002399 3750.000000 11241 3746.690692 119.894102
#type       avg     std     min     5th    10th    90th    95th    99th
read      496.5   243.5    41.1    85.9   110.7   771.4   826.9   956.1
update    498.3   242.8    45.3    90.2   114.9   773.8   832.0   991.7
op_q        3.1     1.9     1.0     1.0     1.0     5.6     6.8     8.1

Total QPS = 199787.9 (5993639 / 30.0s)

Misses = 0 (0.0%)
Skipped TXs = 0 (0.0%)

RX 1032504300 bytes :   32.8 MB/s
TX  663540961 bytes :   21.1 MB/s
