3.002295 5312.500000 15928 5305.275435 169.768814
3.000353 5312.500000 15876 5291.378158 169.324101
3.000055 5312.500000 16153 5384.234451 172.295502
3.000067 5312.500000 15970 5323.214570 170.342866
3.000403 5312.500000 15729 5242.296406 167.753485
3.000080 5312.500000 15866 5288.525079 169.232803
3.000182 5312.500000 15879 5292.679158 169.365733
3.000181 5312.500000 15981 5326.679264 170.453736
3.000250 5312.500000 16013 5337.221908 170.791101
3.000015 5312.500000 15890 5296.640605 169.492499
3.000093 5312.500000 15773 5257.504336 168.240139
3.000558 5312.500000 16095 5364.002410 171.648077
3.000609 5312.500000 15973 5323.252764 170.344088
3.000003 5312.500000 15829 5276.327838 168.842491
3.000192 5312.500000 15884 5294.327026 169.418465
3.000009 5312.500000 15872 5290.650817 169.300826
3.000325 5312.500000 15762 5253.430312 168.109770
3.000092 5312.500000 15779 5259.505671 168.304181
3.000063 5312.500000 16042 5347.220248 171.111048
3.000108 5312.500000 16012 5337.140806 170.788506
3.000217 5312.500000 16199 5399.276454 172.776847
3.000089 5312.500000 15919 5306.175520 169.797617
3.000038 5312.500000 15895 5298.267070 169.544546
3.000193 5312.500000 15624 5207.665353 166.645291
3.000096 5312.500000 15839 5279.497352 168.943915
3.000603 5312.500000 16097 5364.588955 171.666847
3.000210 5312.500000 15920 5306.296072 169.801474
3.000019 5312.500000 16129 5376.298477 172.041551
3.000033 5312.500000 15832 5277.274985 168.872800
3.000190 5312.500000 15807 5268.666253 168.597320
3.000050 5312.500000 15990 5329.911228 170.557159
3.000057 5312.500000 15862 5287.233142 169.191461
6.000099 5312.500000 15806 5268.654637 168.596948
6.000220 5312.500000 15937 5312.285006 169.993120
6.000209 5312.500000 15935 5311.616270 169.971721
6.000536 5312.500000 15904 5300.503805 169.616122
6.000318 5312.500000 15670 5223.214877 167.142876
6.000101 5312.500000 16017 5338.836306 170.842762
6.000122 5312.500000 15870 5289.926165 169.277637
6.000210 5312.500000 15959 5319.361416 170.219565
6.000487 5312.500000 16161 5386.285973 172.361151
6.001147 5312.500000 15930 5308.291727 169.865335
6.000456 5312.500000 16274 5424.569545 173.586225
6.000067 5312.500000 15768 5255.993935 168.191806
6.000360 5312.500000 15623 5207.048055 166.625538
6.000720 5312.500000 15850 5282.234962 169.031519
6.000188 5312.500000 16372 5457.157855 174.629051
6.000302 5312.500000 16044 5347.654726 171.124951
6.000246 5312.500000 16097 5365.325361 171.690412
6.000020 5312.500000 16314 5437.989926 174.015678
6.000361 5312.500000 15847 5282.036160 169.025157
6.000641 5312.500000 15953 5316.914446 170.141262
6.000087 5312.500000 15888 5295.881541 169.468209
6.000746 5312.500000 15784 5261.093493 168.354992
6.000596 5312.500000 15848 5282.189709 169.030071
6.000447 5312.500000 15813 5270.833305 168.666666
6.000194 5312.500000 15757 5252.325603 168.074419
6.000864 5312.500000 15869 5289.126245 169.252040
6.000338 5312.500000 15994 5331.104772 170.595353
6.000514 5312.500000 15667 5221.496162 167.087877
6.000605 5312.500000 15845 5281.662733 169.013207
6.000413 5312.500000 15872 5290.026850 169.280859
6.002338 5312.500000 15901 5300.257459 169.608239
6.000105 5312.500000 16077 5358.914108 171.485251
9.000689 5312.500000 15911 5302.819177 169.690214
9.000170 5312.500000 16018 5339.248764 170.855960
9.000953 5312.500000 16010 5335.089996 170.722880
9.000510 5312.500000 16009 5336.065363 170.754092
9.000208 5312.500000 15699 5232.810468 167.449935
9.000293 5312.500000 16030 5343.183613 170.981876
9.000438 5312.500000 16246 5414.578765 173.266520
9.000345 5312.500000 16128 5375.562198 172.017990
9.000634 5312.500000 15833 5277.495279 168.879849
9.000830 5312.500000 16018 5339.183698 170.853878
9.000336 5312.500000 16065 5354.839295 171.354857
9.000418 5312.500000 16357 5452.230339 174.471371
9.000653 5312.500000 15658 5218.524942 166.992798
9.000780 5312.500000 15929 5309.093820 169.891002
9.000467 5312.500000 15701 5233.407526 167.469041
9.000354 5312.500000 16011 5336.761941 170.776382
9.000343 5312.500000 16068 5355.927256 171.389672
9.000885 5312.500000 15775 5258.298098 168.265539
9.000311 5312.500000 16105 5367.931845 171.773819
9.000650 5312.500000 15808 5269.317637 168.618164
9.000766 5312.500000 16009 5336.046442 170.753486
9.000503 5312.500000 15757 5252.305917 168.073789
9.001154 5312.500000 16114 5370.555657 171.857781
9.000786 5312.500000 15803 5267.332972 168.554655
9.000512 5312.500000 15775 5258.220888 168.263068
9.000384 5312.500000 16127 5375.583844 172.018683
9.000343 5312.500000 15807 5268.738821 168.599642
9.000587 5312.500000 16018 5339.203746 170.854520
9.001150 5312.500000 15796 5265.327815 168.490490
9.000866 5312.500000 16403 5466.840458 174.938895
9.002347 5312.500000 16100 5366.649281 171.732777
9.000262 5312.500000 16034 5344.386517 171.020369
12.000378 5312.500000 16048 5349.258518 171.176273
12.000608 5312.500000 16032 5343.527931 170.992894
12.001357 5312.500000 15753 5248.923455 167.965551
12.000723 5312.500000 16080 5359.939329 171.518059
12.000378 5312.500000 15996 5331.942091 170.622147
12.000654 5312.500000 15809 5269.549110 168.625572
12.000332 5312.500000 15954 5317.779578 170.168946
12.000376 5312.500000 15939 5312.853511 170.011312
12.000507 5312.500000 15857 5285.594878 169.139036
12.000641 5312.500000 16108 5369.320965 171.818271
12.000473 5312.500000 15934 5311.121735 169.955896
12.000700 5312.500000 15862 5286.998080 169.183939
12.000703 5312.500000 15848 5282.105781 169.027385
12.000440 5312.500000 16008 5335.997554 170.751922
12.000536 5312.500000 15846 5281.791561 169.017330
12.001217 5312.500000 15944 5313.893117 170.044580
12.000861 5312.500000 16024 5340.711756 170.902776
12.000630 5312.500000 15884 5294.442414 169.422157
12.000958 5312.500000 16067 5355.658154 171.381061
12.000833 5312.500000 16053 5350.994386 171.231820
12.000325 5312.500000 15772 5257.308651 168.233877
12.001563 5312.500000 15987 5328.275229 170.504807
12.001045 5312.500000 15834 5277.306108 168.873795
12.001076 5312.500000 16027 5341.993014 170.943776
12.000754 5312.500000 15929 5308.939550 169.886066
12.000808 5312.500000 15819 5272.961006 168.734752
12.000717 5312.500000 16095 5364.885421 171.676333
12.000899 5312.500000 16016 5338.429727 170.829751
12.001254 5312.500000 15863 5287.483613 169.199476
12.002534 5312.500000 15901 5300.002858 169.600091
12.001143 5312.500000 16061 5353.172989 171.301536
12.000275 5312.500000 16055 5351.644211 171.252615
15.000435 5312.500000 15921 5306.818830 169.818203
15.000627 5312.500000 15984 5327.554533 170.481745
15.000802 5312.500000 16038 5345.244857 171.047835
15.000785 5312.500000 15962 5320.351927 170.251262
15.000898 5312.500000 16104 5367.540296 171.761289
15.000620 5312.500000 16085 5361.465528 171.566897
15.000767 5312.500000 16055 5351.588053 171.250818
15.000936 5312.500000 16177 5392.266704 172.552535
15.000502 5312.500000 15847 5282.223612 169.031156
15.001036 5312.500000 15857 5285.309353 169.129899
15.001115 5312.500000 15994 5330.193694 170.566198
15.000518 5312.500000 15916 5305.084796 169.762713
15.001220 5312.500000 15990 5328.951272 170.526441
15.000558 5312.500000 15949 5316.294363 170.121420
15.001043 5312.500000 15898 5298.919751 169.565432
15.000911 5312.500000 16117 5371.957003 171.902624
15.001563 5312.500000 15962 5320.665101 170.261283
15.001398 5312.500000 16011 5336.426224 170.765639
15.001434 5312.500000 15986 5328.280042 170.504961
15.001086 5312.500000 15936 5311.347316 169.963114
15.001250 5312.500000 16088 5361.013806 171.552442
15.001408 5312.500000 15896 5297.700645 169.526421
15.001010 5312.500000 16049 5349.573891 171.186365
15.001640 5312.500000 15537 5178.510973 165.712351
15.001074 5312.500000 15925 5308.281281 169.865001
15.000718 5312.500000 15957 5318.885825 170.204346
15.001302 5312.500000 15909 5302.915960 169.693311
15.001014 5312.500000 15661 5219.792480 167.033359
15.000877 5312.500000 15689 5229.452899 167.342493
15.002668 5312.500000 16013 5337.429021 170.797729
15.001613 5312.500000 15921 5306.168595 169.797395
15.000749 5312.500000 15935 5310.827707 169.946487
18.000819 5312.500000 15771 5256.662757 168.213208
18.001165 5312.500000 15858 5285.550895 169.137629
18.001597 5312.500000 15875 5290.235408 169.287533
18.000564 5312.500000 16113 5370.890033 171.868481
18.001264 5312.500000 16070 5355.407193 171.373030
18.000600 5312.500000 16104 5367.704049 171.766530
18.001042 5312.500000 15893 5296.921157 169.501477
18.000625 5312.500000 15853 5284.144772 169.092633
18.001209 5312.500000 15615 5204.292743 166.537368
18.000811 5312.500000 15746 5248.590821 167.954906
18.000937 5312.500000 15949 5316.263051 170.120418
18.001235 5312.500000 15966 5321.600793 170.291225
18.001838 5312.500000 16056 5350.710277 171.222729
18.001129 5312.500000 15778 5259.182735 168.293848
18.001469 5312.500000 15905 5301.605530 169.651377
18.002500 5312.500000 15528 5174.384286 165.580297
18.001289 5312.500000 15810 5269.555097 168.625763
18.001551 5312.500000 15665 5221.232910 167.079453
18.001090 5312.500000 15904 5301.304349 169.641739
18.001093 5312.500000 15913 5304.319711 169.738231
18.001230 5312.500000 15964 5321.316099 170.282115
18.001312 5312.500000 15963 5320.471141 170.255077
18.001125 5312.500000 16123 5373.995628 171.967860
18.001126 5312.500000 15900 5299.559275 169.585897
18.001414 5312.500000 16123 5374.040353 171.969291
18.001621 5312.500000 15806 5268.275896 168.584829
18.001598 5312.500000 16021 5339.995207 170.879847
18.000826 5312.500000 15973 5324.141313 170.372522
18.001814 5312.500000 15858 5285.693420 169.142189
18.002790 5312.500000 16076 5356.565643 171.410101
18.002692 5312.500000 16219 5406.289741 173.001272
18.000774 5312.500000 15762 5253.956246 168.126600
21.000708 5312.500000 15818 5272.476683 168.719254
21.000690 5312.500000 15798 5265.778251 168.504904
21.000677 5312.500000 16253 5417.574150 173.362373
21.001247 5312.500000 15943 5314.267473 170.056559
21.001004 5312.500000 15960 5319.672177 170.229510
21.001450 5312.500000 15608 5201.777574 166.456882
21.000931 5312.500000 16197 5398.783620 172.761076
21.001557 5312.500000 16002 5333.427397 170.669677
21.002824 5312.500000 16006 5333.537273 170.673193
21.001166 5312.500000 15988 5329.113427 170.531630
21.000847 5312.500000 16060 5353.296315 171.305482
21.002222 5312.500000 16091 5362.551419 171.601645
21.001637 5312.500000 15971 5323.368752 170.347800
21.001581 5312.500000 16053 5350.479083 171.215331
21.001196 5312.500000 15958 5319.212982 170.214815
21.002129 5312.500000 15910 5302.818158 169.690181
21.001198 5312.500000 15771 5256.943701 168.222198
21.001210 5312.500000 15970 5323.181927 170.341822
21.001303 5312.500000 15946 5314.962834 170.078811
21.001109 5312.500000 16250 5416.633778 173.332281
21.001310 5312.500000 15973 5324.251900 170.376061
21.001737 5312.500000 15935 5311.417930 169.965374
21.001629 5312.500000 16101 5366.985442 171.743534
21.001256 5312.500000 15943 5314.287190 170.057190
21.001723 5312.500000 15971 5323.362346 170.347595
21.001152 5312.500000 16007 5335.621231 170.739879
21.001480 5312.500000 16144 5381.214827 172.198874
21.001361 5312.500000 16055 5351.579706 171.250551
21.002669 5312.500000 16126 5375.029913 172.000957
21.002728 5312.500000 15673 5224.271027 167.176673
21.003179 5312.500000 15938 5311.976786 169.983257
21.001506 5312.500000 15727 5241.053653 167.713717
24.001205 5312.500000 16139 5378.742780 172.119769
24.001008 5312.500000 16127 5375.130356 172.004171
24.002004 5312.500000 15692 5229.259722 167.336311
24.000962 5312.500000 15784 5261.279367 168.360940
24.000694 5312.500000 16086 5361.968353 171.582987
24.001398 5312.500000 15743 5246.977306 167.903274
24.001932 5312.500000 15911 5303.145513 169.700656
24.001162 5312.500000 15816 5271.905786 168.700985
24.001513 5312.500000 16168 5389.219493 172.455024
24.001210 5312.500000 16081 5360.254703 171.528150
24.001302 5312.500000 15945 5314.815798 170.074106
24.001888 5312.500000 15853 5283.750560 169.080018
24.001531 5312.500000 15940 5312.829340 170.010539
24.000858 5312.500000 16002 5333.980581 170.687379
24.001358 5312.500000 15675 5224.916458 167.197327
24.001749 5312.500000 16007 5335.452581 170.734483
24.001632 5312.500000 15928 5308.667144 169.877349
24.001595 5312.500000 16136 5378.641293 172.116521
24.001395 5312.500000 16186 5395.167033 172.645345
24.001384 5312.500000 16076 5358.252479 171.464079
24.002149 5312.500000 15937 5311.578048 169.970498
24.001405 5312.500000 15984 5327.921687 170.493494
24.002705 5312.500000 16120 5373.268979 171.944607
24.001892 5312.500000 15976 5325.058003 170.401856
24.002312 5312.500000 16183 5392.353302 172.555306
24.001506 5312.500000 15783 5260.953600 168.350515
24.002260 5312.500000 15876 5291.769607 169.336627
24.002672 5312.500000 16001 5332.866629 170.651732
24.002947 5312.500000 16201 5400.112563 172.803602
24.002737 5312.500000 15813 5270.983556 168.671474
24.003320 5312.500000 15977 5325.417614 170.413364
24.001626 5312.500000 16162 5387.118615 172.387796
27.001045 5312.500000 16010 5336.601267 170.771241
27.001237 5312.500000 15769 5255.383610 168.172276
27.001115 5312.500000 15726 5241.731244 167.735400
27.001640 5312.500000 16104 5367.774459 171.768783
27.001229 5312.500000 15828 5275.882871 168.828252
27.001935 5312.500000 16028 5342.661519 170.965169
27.001718 5312.500000 15698 5231.780035 167.416961
27.001542 5312.500000 15839 5279.342791 168.938969
27.001441 5312.500000 16049 5349.590455 171.186895
27.002072 5312.500000 16158 5385.676981 172.341663
27.001607 5312.500000 15780 5259.866496 168.315728
27.001436 5312.500000 16263 5420.926263 173.469640
27.001474 5312.500000 16002 5333.522434 170.672718
27.001036 5312.500000 15922 5307.019014 169.824608
27.001731 5312.500000 16210 5403.156218 172.900999
27.001346 5312.500000 15741 5246.921623 167.901492
27.001783 5312.500000 16179 5392.939708 172.574071
27.001849 5312.500000 16121 5373.211461 171.942767
27.002205 5312.500000 15928 5308.773294 169.880745
27.002232 5312.500000 15962 5320.519543 170.256625
27.001599 5312.500000 15874 5291.169034 169.317409
27.001443 5312.500000 16020 5339.893532 170.876593
27.002353 5312.500000 16035 5344.834170 171.034693
27.002158 5312.500000 16124 5374.389298 171.980458
27.001443 5312.500000 15952 5317.265967 170.152511
27.003112 5312.500000 15955 5317.611827 170.163578
27.003002 5312.500000 16067 5354.434881 171.341916
27.003010 5312.500000 16119 5372.886677 171.932374
27.003098 5312.500000 16156 5384.686609 172.309971
27.002854 5312.500000 16047 5348.674780 171.157593
27.003678 5312.500000 15832 5276.702324 168.854474
27.001645 5312.500000 15945 5314.966079 170.078915
#type       avg     std     min     5th    10th    90th    95th    99th
read      758.4   254.3   228.8   477.1   509.1   987.8  1197.2  1366.5
update    760.6   258.7   251.6   477.5   509.4  1006.9  1206.5  1368.3
op_q        5.6     2.7     1.0     2.0     2.1     9.5    10.7    13.0

Total QPS = 339916.7 (10197502 / 30.0s)

Misses = 0 (0.0%)
Skipped TXs = 0 (0.0%)

RX 1759420780 bytes :   55.9 MB/s
TX 1128463916 bytes :   35.9 MB/s
