3.000014 11783.589772
3.000000 11208.446135
3.000065 11466.157481
3.000040 11518.040434
3.000027 11428.142760
3.000018 11637.095713
3.000011 11408.866456
3.000020 11944.340761
3.000000 11453.456932
3.000000 11513.675203
3.000003 11813.808864
3.000038 12184.597124
3.000028 11859.772119
3.000030 11572.683123
3.000014 11844.671964
3.000020 11808.415124
3.000016 12169.419950
3.000010 11341.667275
3.000032 11323.924014
3.000005 11380.254607
3.000014 11985.523178
3.000017 12131.765062
3.000098 11477.618782
3.000011 12353.792598
3.000011 12303.676227
3.000031 12503.070340
3.000017 12148.423284
3.000007 13195.057085
3.000000 12086.797359
3.000026 12123.136311
3.000012 13142.056752
3.000004 13063.138711
6.000022 11771.656711
6.000025 11387.351389
6.000004 11795.225617
6.000082 11527.649588
6.000124 11388.036736
6.000033 11551.016715
6.000005 11443.376622
6.000060 11832.854757
6.000055 11941.884765
6.000023 11435.244549
6.000032 11918.085779
6.000024 11682.770362
6.000029 11603.743572
6.000072 11899.963861
6.000042 11807.491464
6.000045 11492.918239
6.000068 12064.269937
6.000071 11976.207703
6.000018 12062.910418
6.000059 11720.036127
6.000050 11381.155658
6.000020 12039.697680
6.000024 11375.601551
6.000032 11849.434221
6.000011 12313.788444
6.000042 11847.355276
6.000072 12019.726189
6.000028 12130.435900
6.000002 12131.591146
6.000026 12215.002956
6.000026 11713.802982
6.000029 12357.137647
9.000064 11499.127716
9.000040 11740.494515
9.000173 11514.079650
9.000008 11655.896756
9.000041 11665.747022
9.000073 11855.943172
9.000050 11649.290770
9.000074 11969.909218
9.000160 11577.589667
9.000124 11662.112874
9.000071 11853.067293
9.000067 11640.686906
9.000055 11893.800945
9.000037 11772.215072
9.000048 11646.725135
9.000032 11476.886798
9.000071 11384.952907
9.000073 11949.072109
9.000042 11885.880724
9.000063 11915.816279
9.000060 11424.112705
9.000034 12040.352692
9.000067 11851.286569
9.000031 11358.448066
9.000052 12104.396425
9.000080 11981.454881
9.000055 11935.861112
9.000062 12188.991229
9.000053 11845.936462
9.000056 11982.090981
9.000057 11891.184784
9.000093 12202.527613
12.000057 11532.196144
12.000122 11400.797870
12.000038 11606.770265
12.000065 11652.806751
12.000184 11552.263511
12.000109 11939.724894
12.000052 11658.861592
12.000169 11690.702103
12.000140 11664.882211
12.000075 11814.412903
12.000058 11838.481978
12.000093 11793.994915
12.000034 12111.633599
12.000078 11890.706957
12.000051 11790.721049
12.000206 11641.778954
12.000064 12024.191303
12.000059 11901.985702
12.000073 12014.940064
12.000063 11979.016814
12.000160 11635.981531
12.000057 11910.192990
12.000085 11598.085934
12.000054 11868.263441
12.000094 11584.301817
12.000119 11759.695873
12.000074 12002.301242
12.000037 11385.290760
12.000094 11927.555384
12.000061 11792.002126
12.000108 12059.488078
12.000094 12260.973515
#type       avg     std     min     5th    10th    90th    95th    99th
read     7075.0  1705.5   490.4  4948.6  5191.8  9031.5  9858.9 11816.9
update   7012.5  1705.8   490.4  4927.8  5157.0  8958.4  9761.0 11711.6
op_q      128.0     1.1     1.0   118.0   118.6   128.0   128.5   129.0

Total QPS = 1979325.5 (59379768 / 30.0s)

Misses = 0 (0.0%)
Skipped TXs = 0 (0.0%)

RX 10176798441 bytes :  323.5 MB/s
TX 6548434195 bytes :  208.2 MB/s
