3.002319 937.500000 2834 943.936895 30.205981
3.001022 937.500000 2885 961.339168 30.762853
3.000461 937.500000 2819 939.522349 30.064715
3.001569 937.500000 2709 902.528044 28.880897
3.002329 937.500000 2822 939.937083 30.077987
3.000423 937.500000 2768 922.536577 29.521170
3.000170 937.500000 2816 938.613592 30.035635
3.001197 937.500000 2852 950.287653 30.409205
3.003551 937.500000 2888 961.528640 30.768916
3.000641 937.500000 2820 939.799063 30.073570
3.000465 937.500000 2827 942.187275 30.149993
3.005464 937.500000 2761 918.660231 29.397127
3.000076 937.500000 2779 926.309893 29.641917
3.000433 937.500000 2815 938.197864 30.022332
3.000300 937.500000 2909 969.569714 31.026231
3.000258 937.500000 2857 952.251538 30.472049
3.000214 937.500000 2680 893.269759 28.584632
3.003553 937.500000 2854 950.207868 30.406652
3.001898 937.500000 2748 915.420760 29.293464
3.000195 937.500000 2858 952.604617 30.483348
3.004497 937.500000 2782 925.945288 29.630249
3.000277 937.500000 2778 925.914354 29.629259
3.000985 937.500000 2731 910.034649 29.121109
3.001066 937.500000 2874 957.659762 30.645112
3.001298 937.500000 2728 908.939966 29.086079
3.000993 937.500000 2848 949.019338 30.368619
3.000565 937.500000 2783 927.491915 29.679741
3.001770 937.500000 2668 888.808804 28.441882
3.000592 937.500000 2715 904.821544 28.954289
3.001027 937.500000 2748 915.686558 29.301970
3.000767 937.500000 2819 939.426543 30.061649
3.001579 937.500000 2763 920.515509 29.456496
6.005178 937.500000 2820 938.441285 30.030121
6.001325 937.500000 2773 924.067239 29.570152
6.000964 937.500000 2652 883.843502 28.282992
6.006580 937.500000 2750 914.751837 29.272059
6.000596 937.500000 2759 919.549373 29.425580
6.000804 937.500000 2855 951.559220 30.449895
6.004468 937.500000 2785 927.083440 29.666670
6.001248 937.500000 2810 936.650745 29.972824
6.002305 937.500000 2894 964.429878 30.861756
6.001014 937.500000 2932 977.027877 31.264892
6.001003 937.500000 2790 929.769073 29.752610
6.003837 937.500000 2806 935.244889 29.927836
6.001760 937.500000 2803 933.985200 29.887526
6.002865 937.500000 2759 919.499572 29.423986
6.003086 937.500000 2748 915.768863 29.304604
6.001648 937.500000 2837 945.469354 30.255019
6.001135 937.500000 2999 999.380895 31.980189
6.004095 937.500000 2890 962.628555 30.804114
6.001309 937.500000 2910 969.895097 31.036643
6.001309 937.500000 2920 972.963695 31.134838
6.001335 937.500000 2827 942.321933 30.154302
6.002688 937.500000 2829 942.490287 30.159689
6.002924 937.500000 2746 914.744444 29.271822
6.001271 937.500000 2810 936.446244 29.966280
6.004018 937.500000 2741 913.524261 29.232776
6.000967 937.500000 2745 914.885661 29.276341
6.005119 937.500000 2745 914.810337 29.273931
6.003138 937.500000 2720 906.253643 29.000117
6.005849 937.500000 2806 935.213348 29.926827
6.003107 937.500000 2835 944.345121 30.219044
6.002248 937.500000 2807 935.204859 29.926555
6.001603 937.500000 2873 957.659138 30.645092
9.007402 937.500000 2833 942.907260 30.173032
9.002564 937.500000 2838 945.918528 30.269393
9.001025 937.500000 2910 969.992777 31.039769
9.002495 937.500000 2771 923.406098 29.548995
9.001238 937.500000 2787 928.865496 29.723696
9.002087 937.500000 2887 962.088855 30.786843
9.004133 937.500000 2817 938.621813 30.035898
9.003917 937.500000 2934 977.054556 31.265746
9.002635 937.500000 2667 888.607387 28.435436
9.001773 937.500000 2846 948.662337 30.357195
9.002830 937.500000 2875 957.792421 30.649357
9.002768 937.500000 2807 935.192642 29.926165
9.000599 937.500000 2893 964.332502 30.858640
9.001302 937.500000 2799 932.894939 29.852638
9.006102 937.500000 2741 913.169053 29.221410
9.007167 937.500000 2825 939.831744 30.074616
9.002209 937.500000 2779 926.063553 29.634034
9.006690 937.500000 2677 891.277896 28.520893
9.001654 937.500000 2780 926.548613 29.649556
9.003561 937.500000 2850 949.849514 30.395184
9.004292 937.500000 2851 950.246577 30.407890
9.005460 937.500000 2901 966.477237 30.927272
9.002978 937.500000 2821 939.703188 30.070502
9.010435 937.500000 2846 947.007400 30.304237
9.006801 937.500000 2642 880.601866 28.179260
9.004719 937.500000 2869 955.686549 30.581970
9.007063 937.500000 2690 895.780278 28.664969
9.007530 937.500000 2760 919.484594 29.423507
9.005524 937.500000 2815 938.206852 30.022619
9.003505 937.500000 2857 952.207266 30.470633
9.003118 937.500000 2795 931.396630 29.804692
9.005181 937.500000 2779 925.229805 29.607354
12.000881 1875.000000 4560 1519.856996 48.635424
12.001773 1875.000000 4598 1532.284754 49.033112
12.001306 1875.000000 4800 1599.963654 51.198837
12.001599 1875.000000 4603 1534.181484 49.093807
12.002206 1875.000000 4847 1615.433541 51.693873
12.002162 1875.000000 4795 1598.293413 51.145389
12.003310 1875.000000 4641 1546.651775 49.492857
12.002593 1875.000000 4628 1542.616320 49.363722
12.001917 1875.000000 4682 1560.529619 49.936948
12.003520 1875.000000 4654 1550.944386 49.630220
12.003619 1875.000000 4775 1591.635775 50.932345
12.004075 1875.000000 4703 1567.583860 50.162684
12.002840 1875.000000 4848 1615.851381 51.707244
12.003870 1875.000000 4686 1561.458273 49.966665
12.003169 1875.000000 4769 1589.157763 50.853048
12.004909 1875.000000 4703 1567.344212 50.155015
12.003685 1875.000000 4867 1622.235527 51.911537
12.006176 1875.000000 4635 1544.961862 49.438780
12.005476 1875.000000 4624 1541.325049 49.322402
12.007903 1875.000000 4486 1494.783851 47.833083
12.003155 1875.000000 4565 1521.577271 48.690473
12.005532 1875.000000 4645 1548.329232 49.546535
12.004378 1875.000000 4710 1569.871663 50.235893
12.005710 1875.000000 4682 1560.151014 49.924832
12.012355 1875.000000 4712 1567.900805 50.172826
12.009238 1875.000000 4717 1571.438752 50.286040
12.007418 1875.000000 4762 1587.324921 50.794397
12.007797 1875.000000 4534 1511.016006 48.352512
12.007251 1875.000000 4661 1553.376197 49.708038
12.011166 1875.000000 4773 1590.612155 50.899589
12.005691 1875.000000 4723 1572.984218 50.335495
12.005681 1875.000000 4738 1579.069836 50.530235
15.001504 1875.000000 5641 1879.942956 60.158175
15.001474 1875.000000 5557 1852.230117 59.271364
15.004387 1875.000000 5474 1823.341284 58.346921
15.002255 1875.000000 5717 1905.607484 60.979440
15.001768 1875.000000 5554 1851.229034 59.239329
15.002432 1875.000000 5553 1850.593712 59.218999
15.003632 1875.000000 5592 1863.354659 59.627349
15.003623 1875.000000 5772 1923.997350 61.567915
15.004177 1875.000000 5671 1889.491220 60.463719
15.003811 1875.000000 5680 1892.928398 60.573709
15.003574 1875.000000 5559 1852.967061 59.294946
15.004415 1875.000000 5789 1929.447901 61.742333
15.005811 1875.000000 5652 1882.782192 60.249030
15.005261 1875.000000 5757 1917.653718 61.364919
15.001954 1875.000000 5713 1904.309620 60.937908
15.006158 1875.000000 5615 1871.241000 59.879712
15.003367 1875.000000 5650 1883.297547 60.265521
15.006108 1875.000000 5489 1828.935912 58.525949
15.006345 1875.000000 5689 1896.226557 60.679250
15.006113 1875.000000 5450 1816.422485 58.125520
15.005232 1875.000000 5860 1952.777258 62.488872
15.005834 1875.000000 5607 1868.811729 59.801975
15.004045 1875.000000 5647 1882.107535 60.227441
15.007520 1875.000000 5629 1876.269364 60.040620
15.008199 1875.000000 5598 1865.815903 59.706109
15.011552 1875.000000 5689 1894.871943 60.635902
15.013700 1875.000000 5703 1900.148514 60.804752
15.008745 1875.000000 5621 1872.734086 59.927491
15.008552 1875.000000 5592 1863.530616 59.632980
15.011486 1875.000000 5605 1868.134464 59.780303
15.005891 1875.000000 5733 1910.872921 61.147933
15.005763 1875.000000 5519 1839.616568 58.867730
18.001687 1875.000000 5650 1883.199366 60.262380
18.003787 1875.000000 5673 1890.146135 60.484676
18.001544 1875.000000 5677 1892.308049 60.553858
18.002086 1875.000000 5561 1853.470255 59.311048
18.002265 1875.000000 5585 1861.660295 59.573129
18.003863 1875.000000 5677 1892.151152 60.548837
18.004075 1875.000000 5782 1926.878929 61.660126
18.003755 1875.000000 5511 1836.924622 58.781588
18.003823 1875.000000 5710 1903.206448 60.902606
18.002535 1875.000000 5742 1913.629900 61.236157
18.004930 1875.000000 5695 1898.007962 60.736255
18.004559 1875.000000 5568 1855.763298 59.384426
18.004567 1875.000000 5552 1850.555495 59.217776
18.006117 1875.000000 5666 1888.473977 60.431167
18.004203 1875.000000 5611 1870.089047 59.842850
18.006459 1875.000000 5670 1889.928698 60.477718
18.007135 1875.000000 5674 1890.689430 60.502062
18.006162 1875.000000 5630 1876.664253 60.053256
18.006437 1875.000000 5545 1848.130414 59.140173
18.006111 1875.000000 5629 1876.159773 60.037113
18.005696 1875.000000 5572 1857.063685 59.426038
18.005265 1875.000000 5620 1873.313038 59.946017
18.008582 1875.000000 5523 1840.765535 58.904497
18.007530 1875.000000 5659 1886.326764 60.362456
18.004767 1875.000000 5563 1853.887218 59.324391
18.010437 1875.000000 5494 1830.183582 58.565875
18.012280 1875.000000 5754 1917.492029 61.359745
18.012243 1875.000000 5613 1870.568873 59.858204
18.008858 1875.000000 5582 1860.596836 59.539099
18.013700 1875.000000 5451 1816.999957 58.143999
18.006190 1875.000000 5594 1864.480279 59.663369
18.007045 1875.000000 5540 1845.877680 59.068086
21.002494 1875.000000 5591 1863.165321 59.621290
21.003191 1875.000000 5662 1886.638775 60.372441
21.002213 1875.000000 5676 1891.578415 60.530509
21.002391 1875.000000 5443 1814.257407 58.056237
21.003948 1875.000000 5651 1883.565448 60.274094
21.003971 1875.000000 5837 1945.570756 62.258264
21.005027 1875.000000 5669 1888.933774 60.445881
21.003795 1875.000000 5504 1834.641704 58.708535
21.015305 1875.000000 5551 1844.161622 59.013172
21.004803 1875.000000 5665 1888.184859 60.421915
21.005137 1875.000000 5642 1880.304667 60.169749
21.004622 1875.000000 5573 1857.327565 59.434482
21.002863 1875.000000 5458 1819.134407 58.212301
21.004486 1875.000000 5713 1904.153382 60.932908
21.004996 1875.000000 5595 1864.958748 59.678680
21.008584 1875.000000 5583 1859.498802 59.503962
21.006788 1875.000000 5683 1894.125638 60.612020
21.006241 1875.000000 5515 1838.254074 58.824130
21.007198 1875.000000 5687 1895.186365 60.645964
21.006225 1875.000000 5565 1854.933176 59.357862
21.008340 1875.000000 5554 1850.833941 59.226686
21.008592 1875.000000 5542 1847.326638 59.114452
21.006198 1875.000000 5578 1859.022771 59.488729
21.007759 1875.000000 5698 1898.938316 60.766026
21.005172 1875.000000 5553 1850.750540 59.224017
21.008926 1875.000000 5470 1823.292033 58.345345
21.012461 1875.000000 5751 1916.861150 61.339557
21.011564 1875.000000 5591 1862.966419 59.614925
21.012791 1875.000000 5503 1834.021103 58.688675
21.016347 1875.000000 5699 1897.991787 60.735737
21.006203 1875.000000 5719 1906.325315 61.002410
21.007108 1875.000000 5605 1868.294425 59.785422
24.002468 1875.000000 5677 1892.285030 60.553121
24.002895 1875.000000 5565 1854.752437 59.352078
24.002904 1875.000000 5700 1899.562047 60.785985
24.003920 1875.000000 5604 1867.922194 59.773510
24.003886 1875.000000 5631 1876.564932 60.050078
24.004812 1875.000000 5485 1827.806672 58.489814
24.004114 1875.000000 5653 1884.243879 60.295804
24.005668 1875.000000 5645 1881.245212 60.199847
24.004414 1875.000000 5698 1898.351488 60.747248
24.005377 1875.000000 5575 1858.116081 59.459715
24.004871 1875.000000 5588 1862.624509 59.603984
24.007750 1875.000000 5727 1906.925665 61.021621
24.007391 1875.000000 5617 1871.605795 59.891385
24.005580 1875.000000 5517 1838.728128 58.839300
24.010003 1875.000000 5454 1817.145676 58.148662
24.005727 1875.000000 5673 1890.304160 60.489733
24.007046 1875.000000 5716 1905.169270 60.965417
24.006838 1875.000000 5687 1895.289017 60.649249
24.007661 1875.000000 5599 1866.045001 59.713440
24.009248 1875.000000 5702 1900.091560 60.802930
24.008811 1875.000000 5702 1900.522970 60.816735
24.006762 1875.000000 5522 1840.320413 58.890253
24.005355 1875.000000 5564 1854.553173 59.345702
24.008544 1875.000000 5660 1886.173046 60.357537
24.010876 1875.000000 5705 1900.431276 60.813801
24.012848 1875.000000 5650 1883.089919 60.258877
24.012845 1875.000000 5559 1852.966476 59.294927
24.012031 1875.000000 5740 1913.035537 61.217137
24.007077 1875.000000 5602 1866.789756 59.737272
24.016806 1875.000000 5646 1881.712247 60.214792
24.016456 1875.000000 5639 1878.945487 60.126256
24.007530 1875.000000 5630 1876.402846 60.044891
27.003218 1875.000000 5749 1916.132992 61.316256
27.002727 1875.000000 5609 1869.504742 59.824152
27.002944 1875.000000 5627 1875.635976 60.020351
27.004996 1875.000000 5611 1869.641599 59.828531
27.005800 1875.000000 5648 1881.609301 60.211498
27.004246 1875.000000 5529 1842.799831 58.969595
27.005523 1875.000000 5633 1877.575267 60.082409
27.005136 1875.000000 5653 1884.166857 60.293339
27.007955 1875.000000 5675 1890.170492 60.485456
27.005518 1875.000000 5745 1914.549389 61.265580
27.005729 1875.000000 5658 1885.961976 60.350783
27.006389 1875.000000 5769 1922.575724 61.522423
27.004587 1875.000000 5864 1954.554399 62.545741
27.007301 1875.000000 5721 1906.837775 61.018809
27.007055 1875.000000 5673 1890.863214 60.507623
27.008028 1875.000000 5784 1927.764138 61.688452
27.008307 1875.000000 5791 1929.744497 61.751824
27.010618 1875.000000 5394 1796.282532 57.481041
27.008874 1875.000000 5614 1871.293901 59.881405
27.007003 1875.000000 5467 1822.186849 58.309979
27.011310 1875.000000 5541 1846.195793 59.078265
27.010293 1875.000000 5752 1916.665499 61.333296
27.005406 1875.000000 5604 1867.968353 59.774987
27.008548 1875.000000 5651 1883.664586 60.277267
27.013246 1875.000000 5507 1835.423285 58.733545
27.012890 1875.000000 5495 1831.639134 58.612452
27.012830 1875.000000 5625 1874.501140 59.984036
27.011677 1875.000000 5717 1905.157649 60.965045
27.018690 1875.000000 5605 1867.160654 59.749141
27.007333 1875.000000 5643 1880.839458 60.186863
27.016616 1875.000000 5801 1933.563427 61.874030
27.010291 1875.000000 5670 1888.261753 60.424376
#type       avg     std     min     5th    10th    90th    95th    99th
read      103.7    71.9    37.4    57.1    61.4   159.0   184.9   239.9
update    107.4    69.1    41.1    59.7    64.1   163.5   188.2   243.6
op_q        1.2     0.5     1.0     1.0     1.0     2.1     2.1     3.0

Total QPS = 99954.2 (2998626 / 30.0s)

Misses = 0 (0.0%)
Skipped TXs = 0 (0.0%)

RX  517621279 bytes :   16.5 MB/s
TX  331978012 bytes :   10.6 MB/s
