3.000281 5937.500000 17904 5967.441593 190.958131
3.000086 5937.500000 17888 5962.495230 190.799847
3.000366 5937.500000 17868 5955.273564 190.568754
3.000120 5937.500000 17362 5787.101393 185.187245
3.001565 5937.500000 18063 6017.861281 192.571561
3.000310 5937.500000 17695 5897.723303 188.727146
3.000019 5937.500000 17766 5921.961794 189.502777
3.000280 5937.500000 18089 6029.104233 192.931335
3.000041 5937.500000 17805 5934.918533 189.917393
3.000143 5937.500000 17980 5993.047634 191.777524
3.000186 5937.500000 17915 5971.297094 191.081507
3.000520 5937.500000 17696 5897.645111 188.724644
3.000422 5937.500000 17975 5990.824389 191.706380
3.000004 5937.500000 17729 5909.659345 189.109099
3.000204 5937.500000 17736 5911.597898 189.171133
3.000018 5937.500000 17911 5970.298439 191.049550
3.000433 5937.500000 17768 5921.812478 189.497999
3.000001 5937.500000 17834 5944.664529 190.229265
3.000263 5937.500000 17661 5886.483537 188.367473
3.000033 5937.500000 17699 5899.601109 188.787236
3.000641 5937.500000 17668 5888.076019 188.418433
3.000199 5937.500000 17878 5958.938913 190.686045
3.000140 5937.500000 17914 5971.055475 191.073775
3.000184 5937.500000 17680 5892.971173 188.575078
3.000146 5937.500000 17697 5898.712989 188.758816
3.000111 5937.500000 17680 5893.115743 188.579704
3.000226 5937.500000 17757 5918.555017 189.393761
3.000044 5937.500000 17981 5993.578283 191.794505
3.000348 5937.500000 17708 5901.983003 188.863456
3.000101 5937.500000 17543 5847.470506 187.119056
3.000079 5937.500000 17614 5871.178731 187.877719
3.000508 5937.500000 17983 5993.318582 191.786195
6.000391 5937.500000 17854 5950.639487 190.420464
6.000391 5937.500000 18177 6058.836941 193.882782
6.000220 5937.500000 17437 5812.073925 185.986366
6.000392 5937.500000 17783 5926.898922 189.660766
6.000372 5937.500000 17738 5911.998519 189.183953
6.000769 5937.500000 17882 5959.866837 190.715739
6.000293 5937.500000 17955 5984.782789 191.513049
6.000427 5937.500000 17521 5839.536460 186.865167
6.000515 5937.500000 17784 5927.838346 189.690827
6.000621 5937.500000 17665 5887.388254 188.396424
6.000135 5937.500000 17527 5842.108911 186.947485
6.000618 5937.500000 17976 5990.768338 191.704587
6.001014 5937.500000 17861 5952.492370 190.479756
6.000379 5937.500000 18027 6008.802189 192.281670
6.000297 5937.500000 17929 5976.138199 191.236422
6.000351 5937.500000 17662 5887.160950 188.389150
6.000172 5937.500000 18049 6016.229058 192.519330
6.000259 5937.500000 17776 5925.041235 189.601320
6.000214 5937.500000 17990 5996.647071 191.892706
6.000340 5937.500000 17678 5892.549540 188.561585
6.000251 5937.500000 18013 6004.281529 192.137009
6.000466 5937.500000 17966 5988.022254 191.616712
6.000801 5937.500000 17688 5895.447044 188.654305
6.000283 5937.500000 17764 5921.062558 189.474002
6.000376 5937.500000 17837 5945.120870 190.243868
6.001041 5937.500000 17602 5866.550609 187.729619
6.000327 5937.500000 17597 5865.390040 187.692481
6.000199 5937.500000 17783 5927.359943 189.675518
6.000359 5937.500000 17886 5961.977180 190.783270
6.000114 5937.500000 17842 5947.264535 190.312465
6.001603 5937.500000 17607 5868.925841 187.805627
6.000658 5937.500000 17590 5863.039094 187.617251
9.000190 5937.500000 17900 5966.555942 190.929790
9.000804 5937.500000 17998 5998.483297 191.951466
9.001128 5937.500000 18041 6013.437255 192.429992
9.001166 5937.500000 18128 6041.069164 193.314213
9.000491 5937.500000 17834 5944.470830 190.223067
9.000647 5937.500000 17809 5935.726410 189.943245
9.001161 5937.500000 17734 5910.623585 189.139955
9.000278 5937.500000 17623 5874.220942 187.975070
9.001252 5937.500000 18103 6032.405660 193.036981
9.001281 5937.500000 18019 6004.552672 192.145686
9.000175 5937.500000 17697 5898.993804 188.767802
9.000439 5937.500000 17965 5988.048632 191.617556
9.000259 5937.500000 17668 5889.244122 188.455812
9.000327 5937.500000 17897 5965.666158 190.901317
9.000624 5937.500000 17770 5923.327978 189.546495
9.000425 5937.500000 17803 5934.186826 189.893978
9.000503 5937.500000 18003 6000.847035 192.027105
9.000418 5937.500000 17980 5993.064594 191.778067
9.000322 5937.500000 17728 5909.193802 189.094202
9.001038 5937.500000 17647 5880.805366 188.185772
9.001142 5937.500000 17675 5890.933728 188.509879
9.000595 5937.500000 17815 5938.173700 190.021558
9.000398 5937.500000 17840 5946.652203 190.292871
9.000953 5937.500000 17780 5926.005272 189.632169
9.000953 5937.500000 17947 5981.362114 191.403588
9.000459 5937.500000 18028 6009.166466 192.293327
9.000500 5937.500000 17815 5938.054096 190.017731
9.001115 5937.500000 17913 5970.851766 191.067257
9.000270 5937.500000 18076 6025.191584 192.806131
9.000304 5937.500000 18029 6009.285788 192.297145
9.001824 5937.500000 17752 5916.897244 189.340712
9.001161 5937.500000 17800 5932.339587 189.834867
12.000921 5937.500000 17637 5878.361092 188.107555
12.000553 5937.500000 17866 5955.107498 190.563440
12.000240 5937.500000 18269 6089.534554 194.865106
12.000333 5937.500000 17555 5851.646223 187.252679
12.001336 5937.500000 17709 5902.834720 188.890711
12.000576 5937.500000 17836 5945.033899 190.241085
12.000918 5937.500000 17914 5970.059758 191.041912
12.000267 5937.500000 17893 5964.317707 190.858167
12.000512 5937.500000 17992 5996.689511 191.894064
12.001096 5937.500000 18063 6020.098493 192.643152
12.000445 5937.500000 17610 5869.947410 187.838317
12.000427 5937.500000 17685 5894.944191 188.638214
12.000899 5937.500000 17879 5958.880522 190.684177
12.000549 5937.500000 17793 5930.886200 189.788358
12.000354 5937.500000 17912 5970.613490 191.059632
12.000633 5937.500000 18179 6059.647388 193.908716
12.001213 5937.500000 17530 5843.167076 186.981346
12.002196 5937.500000 17753 5915.535458 189.297135
12.000863 5937.500000 17744 5914.549975 189.265599
12.001700 5937.500000 18107 6034.544045 193.105409
12.000908 5937.500000 17673 5889.748274 188.471945
12.000517 5937.500000 17918 5972.632936 191.124254
12.001378 5937.500000 17813 5937.247255 189.991912
12.000547 5937.500000 17849 5949.493498 190.383792
12.001017 5937.500000 17397 5798.875865 185.564028
12.001525 5937.500000 18005 6001.177596 192.037683
12.000998 5937.500000 17877 5958.910556 190.685138
12.001145 5937.500000 17703 5900.790631 188.825300
12.001198 5937.500000 17718 5905.927945 188.989694
12.000332 5937.500000 17848 5949.277352 190.376875
12.002028 5937.500000 17763 5920.595919 189.459069
12.001617 5937.500000 17976 5991.088737 191.714840
15.000540 5937.500000 17617 5871.799077 187.897570
15.000942 5937.500000 17620 5872.570806 187.922266
15.000508 5937.500000 17865 5954.839275 190.554857
15.000581 5937.500000 18044 6014.657439 192.469038
15.000657 5937.500000 17605 5868.287855 187.785211
15.000480 5937.500000 17869 5956.084231 190.594695
15.001034 5937.500000 17832 5943.038427 190.177230
15.000717 5937.500000 17740 5912.394049 189.196610
15.000594 5937.500000 17980 5993.035659 191.777141
15.000622 5937.500000 18055 6017.753034 192.568097
15.000519 5937.500000 17739 5912.986560 189.215570
15.001023 5937.500000 18058 6019.012437 192.608398
15.000943 5937.500000 17526 5841.915432 186.941294
15.001062 5937.500000 17624 5874.578410 187.986509
15.001098 5937.500000 17680 5893.136875 188.580380
15.001298 5937.500000 17721 5906.834082 189.018691
15.000792 5937.500000 17872 5956.845605 190.619059
15.000947 5937.500000 17852 5950.615071 190.419682
15.001561 5937.500000 17901 5966.552055 190.929666
15.001148 5937.500000 17621 5873.215130 187.942884
15.000981 5937.500000 17718 5905.087489 188.962800
15.001417 5937.500000 17950 5982.693497 191.446192
15.001659 5937.500000 17817 5938.734949 190.039518
15.001425 5937.500000 17633 5877.573915 188.082365
15.001359 5937.500000 17700 5899.682638 188.789844
15.001419 5937.500000 17680 5892.794072 188.569410
15.000938 5937.500000 17791 5930.272713 189.768727
15.002115 5937.500000 17668 5888.517777 188.432569
15.002431 5937.500000 17719 5905.541679 188.977334
15.000414 5937.500000 17896 5965.170701 190.885462
15.002578 5937.500000 17877 5958.241287 190.663721
15.001764 5937.500000 17981 5993.374384 191.787980
18.000759 5937.500000 17964 5987.915874 191.613308
18.002234 5937.500000 17777 5922.402494 189.516880
18.000529 5937.500000 17870 5956.623704 190.611959
18.000903 5937.500000 17636 5877.954992 188.094560
18.001069 5937.500000 17796 5930.912758 189.789208
18.001057 5937.500000 17918 5971.745080 191.095843
18.001210 5937.500000 17656 5884.247789 188.295929
18.001304 5937.500000 17881 5959.851818 190.715258
18.000654 5937.500000 17890 5963.270545 190.824657
18.000652 5937.500000 17829 5942.659445 190.165102
18.000986 5937.500000 17956 5985.256390 191.528204
18.001141 5937.500000 17856 5951.605656 190.451381
18.002151 5937.500000 17781 5926.027627 189.632884
18.001057 5937.500000 17569 5856.267108 187.400547
18.001597 5937.500000 17946 5981.642117 191.412548
18.001551 5937.500000 17715 5904.501611 188.944052
18.001382 5937.500000 18044 6014.196933 192.454302
18.001087 5937.500000 17928 5975.712898 191.222813
18.001325 5937.500000 17455 5817.768569 186.168594
18.001502 5937.500000 17644 5880.541962 188.177343
18.001517 5937.500000 17853 5950.817231 190.426151
18.000862 5937.500000 17783 5927.528330 189.680907
18.001624 5937.500000 18059 6019.135661 192.612341
18.001374 5937.500000 18019 6005.546277 192.177481
18.001630 5937.500000 17835 5944.863887 190.235644
18.001198 5937.500000 17810 5936.153672 189.956918
18.001444 5937.500000 18097 6032.283619 193.033076
18.002320 5937.500000 17814 5937.595029 190.003041
18.000518 5937.500000 17652 5883.795981 188.281471
18.002586 5937.500000 17805 5934.983642 189.919477
18.002607 5937.500000 17878 5958.983978 190.687487
18.001788 5937.500000 18067 6022.284987 192.713120
21.001099 5937.500000 17924 5973.775654 191.160821
21.000776 5937.500000 17908 5969.089356 191.010859
21.001686 5937.500000 17892 5962.774074 190.808770
21.000855 5937.500000 17767 5922.143423 189.508590
21.001502 5937.500000 17712 5902.822182 188.890310
21.000820 5937.500000 17800 5932.759475 189.848303
21.001395 5937.500000 17730 5909.821301 189.114282
21.001572 5937.500000 17882 5960.411073 190.733154
21.001037 5937.500000 17964 5987.897432 191.612718
21.001411 5937.500000 17856 5951.602065 190.451266
21.001180 5937.500000 17799 5932.923554 189.853554
21.001447 5937.500000 18010 6002.553029 192.081697
21.001661 5937.500000 17830 5943.206081 190.182595
21.001993 5937.500000 17782 5926.615515 189.651696
21.001492 5937.500000 17780 5926.084940 189.634718
21.001082 5937.500000 17643 5880.949882 188.190396
21.001629 5937.500000 17990 5996.511102 191.888355
21.001200 5937.500000 17813 5937.441692 189.998134
21.001783 5937.500000 17669 5889.144312 188.452618
21.001531 5937.500000 18003 6000.703703 192.022518
21.001107 5937.500000 17898 5965.512586 190.896403
21.002207 5937.500000 17975 5990.502696 191.696086
21.001338 5937.500000 17985 5994.975484 191.839215
21.001407 5937.500000 17777 5925.600379 189.619212
21.001622 5937.500000 18094 6031.091210 192.994919
21.000698 5937.500000 17713 5903.979821 188.927354
21.002191 5937.500000 17933 5977.587975 191.282815
21.002416 5937.500000 17559 5852.646213 187.284679
21.002411 5937.500000 17785 5928.153986 189.700928
21.003036 5937.500000 18013 6003.434280 192.109897
21.002819 5937.500000 17680 5892.914963 188.573279
21.001798 5937.500000 17687 5895.647356 188.660715
24.003824 5937.500000 18088 6024.811176 192.793958
24.002232 5937.500000 18031 6009.434557 192.301906
24.001024 5937.500000 17835 5944.665252 190.229288
24.000849 5937.500000 17698 5899.190979 188.774111
24.000932 5937.500000 17920 5973.108855 191.139483
24.001134 5937.500000 17830 5943.231107 190.183395
24.001773 5937.500000 17658 5885.716121 188.342916
24.001073 5937.500000 17673 5890.928891 188.509725
24.002601 5937.500000 18032 6008.522616 192.272724
24.001210 5937.500000 17795 5931.607709 189.811447
24.001100 5937.500000 17878 5959.331474 190.698607
24.001476 5937.500000 17693 5896.941416 188.702125
24.001871 5937.500000 18060 6019.258963 192.616287
24.001734 5937.500000 17679 5892.364973 188.555679
24.001420 5937.500000 17872 5957.284738 190.633112
24.001455 5937.500000 18085 6027.821597 192.890291
24.001442 5937.500000 17943 5980.792127 191.385348
24.001662 5937.500000 17735 5911.587573 189.170802
24.001447 5937.500000 18060 6019.998164 192.639941
24.001761 5937.500000 18116 6038.465858 193.230907
24.001790 5937.500000 17780 5926.460300 189.646730
24.002238 5937.500000 17930 5976.178608 191.237715
24.001480 5937.500000 17928 5975.855400 191.227373
24.001704 5937.500000 17837 5945.245777 190.247865
24.002641 5937.500000 18077 6025.203814 192.806522
24.002437 5937.500000 17732 5910.213754 189.126840
24.000725 5937.500000 17686 5895.279452 188.648942
24.002262 5937.500000 17863 5954.192263 190.534152
24.002643 5937.500000 17783 5927.217357 189.670955
24.003164 5937.500000 17989 5996.076069 191.874434
24.002826 5937.500000 17813 5937.654768 190.004953
24.001930 5937.500000 17531 5843.408843 186.989083
27.001272 5937.500000 17340 5779.880919 184.956189
27.002935 5937.500000 17925 5972.608316 191.123466
27.001447 5937.500000 17591 5862.840654 187.610901
27.001468 5937.500000 17703 5900.949565 188.830386
27.000897 5937.500000 17922 5973.904082 191.164931
27.001161 5937.500000 17827 5942.279703 190.152950
27.001211 5937.500000 17782 5926.783227 189.657063
27.001136 5937.500000 17802 5933.875721 189.884023
27.001475 5937.500000 17862 5953.959288 190.526697
27.001437 5937.500000 17747 5915.632718 189.300247
27.001137 5937.500000 17667 5888.927382 188.445676
27.001601 5937.500000 17594 5864.423522 187.661553
27.002405 5937.500000 17873 5956.192116 190.598148
27.001819 5937.500000 17966 5988.609227 191.635495
27.001932 5937.500000 17895 5964.879675 190.876150
27.001567 5937.500000 17732 5910.431327 189.133802
27.001826 5937.500000 17802 5933.896592 189.884691
27.001601 5937.500000 17728 5909.093969 189.091007
27.004222 5937.500000 17840 5942.724255 190.167176
27.001807 5937.500000 18059 6019.573777 192.626361
27.002363 5937.500000 17545 5848.090332 187.138891
27.002280 5937.500000 17860 5953.298047 190.505538
27.002829 5937.500000 17600 5866.220955 187.719071
27.000892 5937.500000 17669 5889.338462 188.458831
27.002455 5937.500000 17841 5946.964176 190.302854
27.002960 5937.500000 17796 5931.372637 189.803924
27.002679 5937.500000 17801 5933.592217 189.874951
27.001873 5937.500000 17747 5915.335140 189.290724
27.002841 5937.500000 18050 6016.635695 192.532342
27.004509 5937.500000 17781 5925.647703 189.620726
27.003329 5937.500000 17748 5915.675603 189.301619
27.002210 5937.500000 17870 5956.111580 190.595571
#type       avg     std     min     5th    10th    90th    95th    99th
read      818.9   258.4   228.8   535.2   565.5  1033.6  1071.7  1315.4
update    818.6   252.1   251.6   535.1   565.4  1033.9  1073.4  1320.5
op_q        6.6     3.0     1.0     2.1     3.0    10.7    12.0    14.3

Total QPS = 380137.3 (11404121 / 30.0s)

Misses = 0 (0.0%)
Skipped TXs = 0 (0.0%)

RX 1967309072 bytes :   62.5 MB/s
TX 1261435966 bytes :   40.1 MB/s
