3.000339 5625.000000 16830 5609.365775 179.499705
3.000138 5625.000000 17103 5700.738169 182.423621
3.000146 5625.000000 16982 5660.391666 181.132533
3.000095 5625.000000 16901 5633.487795 180.271609
3.000087 5625.000000 16834 5611.169907 179.557437
3.000470 5625.000000 16804 5600.455435 179.214574
3.000468 5625.000000 16705 5567.463945 178.158846
3.000121 5625.000000 16903 5634.105773 180.291385
3.000102 5625.000000 16881 5626.809330 180.057899
3.000032 5625.000000 16960 5653.273444 180.904750
3.000324 5625.000000 16910 5636.057724 180.353847
3.000143 5625.000000 17162 5720.393786 183.052601
3.000078 5625.000000 16478 5492.524271 175.760777
3.000290 5625.000000 16767 5588.460173 178.830726
3.000037 5625.000000 17037 5678.929053 181.725730
3.000149 5625.000000 16649 5549.391516 177.580529
3.000067 5625.000000 16626 5541.876835 177.340059
3.000371 5625.000000 17070 5689.295768 182.057465
3.000131 5625.000000 16735 5578.090198 178.498886
3.000117 5625.000000 17004 5667.778099 181.368899
3.000157 5625.000000 16962 5653.703555 180.918514
3.000049 5625.000000 16707 5568.909709 178.205111
3.000695 5625.000000 16934 5643.360118 180.587524
3.000235 5625.000000 16773 5590.561179 178.897958
3.000225 5625.000000 16634 5544.250465 177.416015
3.000337 5625.000000 16799 5599.037603 179.169203
3.000842 5625.000000 16926 5640.416372 180.493324
3.000072 5625.000000 16760 5586.531777 178.769017
3.000062 5625.000000 16750 5583.218596 178.662995
3.000615 5625.000000 16879 5625.180527 180.005777
3.000231 5625.000000 16990 5662.896916 181.212701
3.000018 5625.000000 16876 5625.299430 180.009582
6.000154 5625.000000 16824 5607.955661 179.454581
6.000916 5625.000000 16779 5591.518409 178.928589
6.000706 5625.000000 16748 5581.412876 178.605212
6.000280 5625.000000 16789 5595.988597 179.071635
6.000448 5625.000000 16939 5645.606993 180.659424
6.000206 5625.000000 16681 5560.096184 177.923078
6.000203 5625.000000 16850 5616.449326 179.726378
6.000872 5625.000000 16965 5654.943347 180.958187
6.000291 5625.000000 17039 5679.308102 181.737859
6.000379 5625.000000 17149 5715.883616 182.908276
6.000368 5625.000000 16881 5626.917451 180.061358
6.000195 5625.000000 16817 5605.372546 179.371921
6.000723 5625.000000 16905 5634.946291 180.318281
6.000861 5625.000000 16563 5520.546337 176.657483
6.000160 5625.000000 16740 5579.959265 178.558696
6.000429 5625.000000 17075 5690.945934 182.110270
6.000511 5625.000000 16784 5594.346726 179.019095
6.000122 5625.000000 16689 5562.897925 178.012734
6.000504 5625.000000 16434 5477.934667 175.293909
6.000391 5625.000000 16619 5539.567298 177.266154
6.000229 5625.000000 17017 5672.182153 181.509829
6.000188 5625.000000 16838 5612.587151 179.602789
6.001041 5625.000000 16938 5644.587027 180.626785
6.000319 5625.000000 17019 5672.823098 181.530339
6.000614 5625.000000 16843 5613.879566 179.644146
6.000239 5625.000000 16825 5608.326162 179.466437
6.001238 5625.000000 16906 5633.891104 180.284515
6.000587 5625.000000 16904 5633.859249 180.283496
6.000093 5625.000000 16694 5564.629101 178.068131
6.000380 5625.000000 17112 5703.500258 182.512008
6.000248 5625.000000 17023 5674.302358 181.577675
6.000070 5625.000000 17059 5686.234812 181.959514
9.000325 5625.000000 17184 5727.767292 183.288553
9.001182 5625.000000 17008 5668.260359 181.384331
9.000481 5625.000000 16761 5586.401451 178.764846
9.000157 5625.000000 16980 5659.996069 181.119874
9.001200 5625.000000 16881 5625.461656 180.014773
9.000643 5625.000000 16859 5619.419559 179.821426
9.000585 5625.000000 16753 5583.930342 178.685771
9.000281 5625.000000 16635 5544.902951 177.436894
9.000472 5625.000000 16969 5656.287927 181.001214
9.000574 5625.000000 16998 5665.146124 181.284676
9.000222 5625.000000 17097 5698.969380 182.367020
9.000505 5625.000000 17150 5716.665424 182.933294
9.000497 5625.000000 16790 5596.090653 179.074901
9.000732 5625.000000 16792 5596.511648 179.088373
9.000242 5625.000000 16986 5661.994316 181.183818
9.000447 5625.000000 16759 5586.022659 178.752725
9.000475 5625.000000 16802 5600.509058 179.216290
9.001471 5625.000000 16936 5644.186892 180.613981
9.000250 5625.000000 16888 5629.230593 180.135379
9.000642 5625.000000 16964 5654.564095 180.946051
9.000774 5625.000000 17213 5737.569929 183.602238
9.000321 5625.000000 17074 5691.328176 182.122502
9.000476 5625.000000 16825 5608.155154 179.460965
9.000961 5625.000000 16873 5624.168026 179.973377
9.000150 5625.000000 16940 5646.558948 180.689886
9.000719 5625.000000 16875 5624.975519 179.999217
9.000535 5625.000000 16795 5598.134355 179.140299
9.001057 5625.000000 16960 5653.301836 180.905659
9.001245 5625.000000 16994 5664.653801 181.268922
9.000935 5625.000000 16856 5618.631770 179.796217
9.000463 5625.000000 17182 5726.922152 183.261509
9.000448 5625.000000 17009 5668.953333 181.406507
12.000486 5625.000000 16852 5617.260911 179.752349
12.000413 5625.000000 16632 5543.755864 177.400188
12.000596 5625.000000 17008 5668.679772 181.397753
12.000334 5625.000000 17132 5710.649939 182.740798
12.000399 5625.000000 16710 5569.550347 178.225611
12.000256 5625.000000 16909 5636.268917 180.360605
12.000739 5625.000000 16969 5655.837651 180.986805
12.000755 5625.000000 16872 5623.516893 179.952541
12.001264 5625.000000 17059 5685.709839 181.942715
12.000684 5625.000000 16672 5557.129314 177.828138
12.000677 5625.000000 16892 5630.602343 180.179275
12.001114 5625.000000 16993 5663.182835 181.221851
12.000546 5625.000000 17128 5709.313081 182.698019
12.000671 5625.000000 16700 5565.872001 178.107904
12.000338 5625.000000 16938 5645.969236 180.671016
12.001024 5625.000000 16973 5657.090752 181.026904
12.000775 5625.000000 16977 5658.997061 181.087906
12.001398 5625.000000 16873 5624.046098 179.969475
12.000964 5625.000000 16832 5610.232827 179.527450
12.001145 5625.000000 16785 5594.837523 179.034801
12.000663 5625.000000 16897 5631.981420 180.223405
12.000692 5625.000000 16794 5597.606472 179.123407
12.000292 5625.000000 17052 5683.730150 181.879365
12.001240 5625.000000 16626 5540.580210 177.298567
12.002172 5625.000000 16834 5609.481287 179.503401
12.000692 5625.000000 17190 5729.795645 183.353461
12.001444 5625.000000 16938 5645.090378 180.642892
12.000753 5625.000000 16904 5634.458418 180.302669
12.001220 5625.000000 16973 5657.627564 181.044082
12.001524 5625.000000 16606 5535.234201 177.127494
12.001534 5625.000000 16849 5614.329019 179.658529
12.000829 5625.000000 16680 5559.292290 177.897353
15.000926 5625.000000 16898 5632.198410 180.230349
15.000801 5625.000000 16814 5604.448366 179.342348
15.000413 5625.000000 16990 5663.037613 181.217204
15.000472 5625.000000 17097 5698.737531 182.359601
15.000914 5625.000000 16820 5605.977800 179.391290
15.000598 5625.000000 16854 5617.512042 179.760385
15.000706 5625.000000 16970 5656.087782 180.994809
15.001088 5625.000000 16507 5501.606634 176.051412
15.000522 5625.000000 16709 5569.599106 178.227171
15.001010 5625.000000 16862 5619.548115 179.825540
15.000603 5625.000000 16878 5625.986086 180.031555
15.001133 5625.000000 17011 5670.128411 181.444109
15.001187 5625.000000 16958 5651.891256 180.860520
15.001228 5625.000000 17067 5688.784170 182.041093
15.001045 5625.000000 17022 5673.277228 181.544871
15.000977 5625.000000 16864 5621.307843 179.881851
15.001248 5625.000000 16974 5657.986592 181.055571
15.001171 5625.000000 16887 5628.951107 180.126435
15.001090 5625.000000 16979 5659.034054 181.089090
15.001638 5625.000000 16521 5504.531530 176.145009
15.001507 5625.000000 17032 5676.873721 181.659959
15.001112 5625.000000 16878 5625.212784 180.006809
15.000820 5625.000000 16948 5649.179541 180.773745
15.002189 5625.000000 16731 5574.179392 178.373741
15.001424 5625.000000 16627 5541.956253 177.342600
15.001498 5625.000000 16791 5596.814070 179.098050
15.000787 5625.000000 16578 5525.937078 176.829986
15.001814 5625.000000 16820 5606.125309 179.396010
15.001634 5625.000000 16915 5637.976649 180.415253
15.003103 5625.000000 16658 5550.943770 177.630201
15.001934 5625.000000 17131 5709.572766 182.706329
15.000854 5625.000000 16937 5645.619845 180.659835
18.000482 5625.000000 16718 5572.649324 178.324778
18.000638 5625.000000 16846 5615.259384 179.688300
18.001343 5625.000000 17196 5731.364115 183.403652
18.001173 5625.000000 16838 5612.590809 179.602906
18.001229 5625.000000 17223 5740.517703 183.696567
18.000434 5625.000000 16972 5657.293484 181.033391
18.001043 5625.000000 16845 5614.546141 179.665477
18.000714 5625.000000 16657 5552.317814 177.674170
18.000627 5625.000000 16728 5575.954943 178.430558
18.000566 5625.000000 17153 5717.581904 182.962621
18.001282 5625.000000 16673 5557.306622 177.833812
18.001565 5625.000000 16745 5580.962360 178.590796
18.001293 5625.000000 16799 5599.439069 179.182050
18.000974 5625.000000 16862 5620.555853 179.857787
18.000995 5625.000000 16706 5568.539040 178.193249
18.000836 5625.000000 16938 5645.970705 180.671063
18.001001 5625.000000 16876 5624.930613 179.997780
18.001279 5625.000000 16937 5645.607228 180.659431
18.001744 5625.000000 17129 5709.059123 182.689892
18.001166 5625.000000 16659 5552.860302 177.691530
18.001365 5625.000000 16623 5540.747873 177.303932
18.001046 5625.000000 16908 5635.997718 180.351927
18.001890 5625.000000 17034 5677.856972 181.691423
18.001525 5625.000000 17150 5716.614946 182.931678
18.002176 5625.000000 16980 5658.977504 181.087280
18.001603 5625.000000 17084 5694.483481 182.223471
18.001127 5625.000000 16982 5660.637227 181.140391
18.002259 5625.000000 16673 5557.535617 177.841140
18.001931 5625.000000 16948 5648.780461 180.760975
18.003201 5625.000000 16719 5572.817995 178.330176
18.002035 5625.000000 16594 5531.146834 176.996699
18.000907 5625.000000 16629 5542.902511 177.372880
21.000559 5625.000000 17008 5669.187419 181.413997
21.001417 5625.000000 16977 5658.739961 181.079679
21.000741 5625.000000 17010 5669.785817 181.433146
21.000820 5625.000000 16909 5636.134239 180.356296
21.001098 5625.000000 16867 5621.471847 179.887099
21.000723 5625.000000 17098 5698.784623 182.361108
21.001213 5625.000000 16883 5627.347772 180.075129
21.000586 5625.000000 16728 5575.963438 178.430830
21.001395 5625.000000 17006 5668.608488 181.395472
21.001230 5625.000000 16965 5654.654017 180.948929
21.001317 5625.000000 16920 5639.933927 180.477886
21.001047 5625.000000 17159 5719.526484 183.024847
21.001242 5625.000000 17036 5678.536076 181.713154
21.001290 5625.000000 16867 5622.219685 179.911030
21.001540 5625.000000 16700 5566.638437 178.132430
21.001664 5625.000000 16704 5567.886983 178.172383
21.001424 5625.000000 16959 5652.751684 180.888054
21.001058 5625.000000 16756 5585.216907 178.726941
21.001188 5625.000000 16693 5564.292255 178.057352
21.000914 5625.000000 16768 5589.187517 178.854001
21.001272 5625.000000 17193 5730.483063 183.375458
21.001150 5625.000000 16834 5611.291884 179.561340
21.002068 5625.000000 17050 5682.380742 181.836184
21.001354 5625.000000 17084 5694.645429 182.228654
21.002000 5625.000000 16915 5638.125113 180.420004
21.001855 5625.000000 16783 5594.126553 179.012050
21.002272 5625.000000 16704 5567.822037 178.170305
21.001964 5625.000000 17195 5731.603742 183.411320
21.003560 5625.000000 16975 5657.657849 181.045051
21.003471 5625.000000 17082 5691.702020 182.134465
21.002127 5625.000000 17077 5692.157933 182.149054
21.001046 5625.000000 16782 5593.741901 178.999741
24.000776 5625.000000 16931 5643.566847 180.594139
24.000580 5625.000000 17041 5680.292402 181.769357
24.001112 5625.000000 16688 5561.977188 177.983270
24.001055 5625.000000 16986 5661.557003 181.169824
24.000675 5625.000000 16844 5614.500369 179.664012
24.001165 5625.000000 16885 5628.131652 180.100213
24.001562 5625.000000 16647 5548.356064 177.547394
24.001295 5625.000000 16726 5575.133450 178.404270
24.001186 5625.000000 16855 5618.168814 179.781402
24.001778 5625.000000 16852 5616.657581 179.733043
24.001377 5625.000000 17026 5675.220133 181.607044
24.001468 5625.000000 16732 5577.001348 178.464043
24.001526 5625.000000 16935 5644.808775 180.633881
24.001260 5625.000000 16766 5588.460479 178.830735
24.001299 5625.000000 17110 5703.282945 182.505054
24.001776 5625.000000 16668 5555.563934 177.778046
24.001428 5625.000000 16872 5623.939038 179.966049
24.001384 5625.000000 16648 5549.278829 177.576923
24.001267 5625.000000 17263 5754.286206 184.137159
24.000966 5625.000000 16853 5617.570104 179.762243
24.001077 5625.000000 16878 5625.944753 180.030232
24.002139 5625.000000 17118 5705.735755 182.583544
24.001951 5625.000000 17123 5707.483055 182.639458
24.001335 5625.000000 16637 5545.471311 177.455082
24.002415 5625.000000 16968 5655.346543 180.971089
24.001897 5625.000000 16804 5600.899126 179.228772
24.002502 5625.000000 16992 5662.985213 181.215527
24.002305 5625.000000 17206 5735.270218 183.528647
24.002402 5625.000000 17208 5735.475361 183.535212
24.003579 5625.000000 16909 5636.297636 180.361524
24.004512 5625.000000 17008 5667.366204 181.355719
24.001078 5625.000000 16813 5604.272321 179.336714
27.000612 5625.000000 16685 5561.608127 177.971460
27.001429 5625.000000 16857 5617.588881 179.762844
27.000946 5625.000000 16981 5660.011997 181.120384
27.001540 5625.000000 16860 5619.198566 179.814354
27.002828 5625.000000 16935 5644.222122 180.615108
27.001910 5625.000000 17037 5677.782595 181.689043
27.002429 5625.000000 16972 5655.195369 180.966252
27.001222 5625.000000 16679 5559.598759 177.907160
27.001183 5625.000000 16999 5666.299816 181.321594
27.001172 5625.000000 17221 5740.108820 183.683482
27.001096 5625.000000 16679 5559.424307 177.901578
27.001092 5625.000000 17066 5688.637046 182.036385
27.001425 5625.000000 16732 5577.257236 178.472232
27.001631 5625.000000 16846 5614.953431 179.678510
27.001801 5625.000000 16784 5593.877204 179.004071
27.001822 5625.000000 16564 5521.251568 176.680050
27.002005 5625.000000 16925 5640.408315 180.493066
27.001566 5625.000000 17114 5704.657755 182.549048
27.001340 5625.000000 16785 5594.852233 179.035271
27.001963 5625.000000 16853 5617.315146 179.754085
27.001451 5625.000000 16959 5652.713471 180.886831
27.002009 5625.000000 16908 5635.788651 180.345237
27.002113 5625.000000 16811 5603.363522 179.307633
27.001643 5625.000000 16877 5625.339559 180.010866
27.001857 5625.000000 16812 5603.382559 179.308242
27.002410 5625.000000 16740 5579.495876 178.543868
27.002560 5625.000000 16997 5665.184820 181.285914
27.002624 5625.000000 16961 5653.436028 180.909953
27.003855 5625.000000 16758 5585.485820 178.735546
27.002631 5625.000000 16994 5664.233162 181.255461
27.004931 5625.000000 16758 5585.220722 178.727063
27.001448 5625.000000 16786 5594.642835 179.028571
#type       avg     std     min     5th    10th    90th    95th    99th
read     1437.1   358.2   189.1   931.9   982.8  1809.5  1841.6  2149.9
update   1434.1   353.9   208.0   931.9   982.7  1808.2  1840.1  2027.4
op_q       10.4     4.0     1.0     4.1     5.6    15.9    17.3    20.7

Total QPS = 360086.2 (10802588 / 30.0s)

Misses = 0 (0.0%)
Skipped TXs = 0 (0.0%)

RX 1862083412 bytes :   59.2 MB/s
TX 1195115076 bytes :   38.0 MB/s
