3.001684 4687.500000 13982 4658.051251 149.057640
3.000591 4687.500000 13887 4628.088176 148.098822
3.000283 4687.500000 14219 4739.220078 151.655043
3.000150 4687.500000 14058 4685.766277 149.944521
3.000108 4687.500000 13719 4572.834727 146.330711
3.000058 4687.500000 14293 4764.241481 152.455727
3.000085 4687.500000 14143 4714.200435 150.854414
3.000036 4687.500000 13997 4665.610071 149.299522
3.000214 4687.500000 13922 4640.335847 148.490747
3.000218 4687.500000 13835 4611.332059 147.562626
3.000017 4687.500000 14103 4700.972758 150.431128
3.000019 4687.500000 14213 4737.637147 151.604389
3.000072 4687.500000 13804 4601.222684 147.239126
3.000011 4687.500000 13898 4632.649911 148.244797
3.000011 4687.500000 14087 4695.649145 150.260773
3.000180 4687.500000 14114 4704.384024 150.540289
3.000022 4687.500000 14275 4758.297668 152.265525
3.000835 4687.500000 13884 4626.712852 148.054811
3.000020 4687.500000 13966 4655.301983 148.969663
3.000254 4687.500000 14310 4769.596749 152.627096
3.000231 4687.500000 14048 4682.306480 149.833807
3.000116 4687.500000 14140 4713.151742 150.820856
3.000481 4687.500000 13987 4661.585600 149.170739
3.000013 4687.500000 13911 4636.979296 148.383337
3.000172 4687.500000 13889 4629.401755 148.140856
3.000076 4687.500000 14001 4666.881972 149.340223
3.000036 4687.500000 13915 4638.278047 148.424897
3.000020 4687.500000 14132 4710.635154 150.740325
3.000065 4687.500000 14084 4694.565464 150.226095
3.000277 4687.500000 14407 4801.889997 153.660480
3.000036 4687.500000 14218 4739.276281 151.656841
3.000105 4687.500000 13890 4629.838472 148.154831
6.000308 4687.500000 14498 4832.263507 154.632432
6.000262 4687.500000 14089 4696.320344 150.282251
6.000044 4687.500000 14270 4756.626931 152.212062
6.000216 4687.500000 14079 4692.794761 150.169432
6.000368 4687.500000 13978 4658.792543 149.081361
6.000130 4687.500000 14020 4673.187708 149.542007
6.000217 4687.500000 13974 4657.842917 149.050973
6.000217 4687.500000 14070 4689.688634 150.070036
6.000117 4687.500000 14082 4693.852475 150.203279
6.000505 4687.500000 14280 4759.319998 152.298240
6.000246 4687.500000 13933 4643.969586 148.607027
6.000385 4687.500000 14100 4699.413806 150.381242
6.000611 4687.500000 14051 4682.734018 149.847489
6.000599 4687.500000 13911 4636.511750 148.368376
6.000106 4687.500000 14044 4681.224322 149.799178
6.000444 4687.500000 14117 4705.331802 150.570618
6.000259 4687.500000 13831 4610.165674 147.525302
6.000609 4687.500000 14008 4669.134724 149.412311
6.000299 4687.500000 14301 4766.556330 152.529803
6.000341 4687.500000 14119 4706.139884 150.596476
6.000121 4687.500000 13854 4617.980003 147.775360
6.000233 4687.500000 14057 4685.571549 149.938290
6.000191 4687.500000 14077 4692.315765 150.154104
6.000237 4687.500000 13950 4649.964066 148.798850
6.000082 4687.500000 14145 4714.984005 150.879488
6.000644 4687.500000 13941 4646.918504 148.701392
6.000890 4687.500000 14030 4676.580367 149.650572
6.000321 4687.500000 14006 4668.598033 149.395137
6.000181 4687.500000 13803 4600.822343 147.226315
6.001972 4687.500000 13841 4613.224828 147.623195
6.000684 4687.500000 14112 4702.983908 150.495485
6.000469 4687.500000 14095 4697.762822 150.328410
9.001021 4687.500000 14174 4723.639408 151.156461
9.000231 4687.500000 14076 4691.821373 150.138284
9.000110 4687.500000 13923 4640.896820 148.508698
9.000483 4687.500000 14038 4678.917300 149.725354
9.000808 4687.500000 14225 4740.594921 151.699037
9.000284 4687.500000 14105 4701.411583 150.445171
9.000506 4687.500000 14124 4707.689691 150.646070
9.000332 4687.500000 14169 4722.849836 151.131195
9.000340 4687.500000 13757 4585.272952 146.728734
9.000679 4687.500000 13927 4642.228714 148.551319
9.000418 4687.500000 14164 4720.959011 151.070688
9.000981 4687.500000 14289 4762.147894 152.388733
9.000577 4687.500000 13925 4641.301161 148.521637
9.000454 4687.500000 13843 4613.966877 147.646940
9.000240 4687.500000 14316 4771.962599 152.702803
9.000135 4687.500000 14191 4730.287790 151.369209
9.000554 4687.500000 13993 4664.071041 149.250273
9.000391 4687.500000 13944 4647.774602 148.728787
9.001269 4687.500000 14160 4719.015961 151.008511
9.000409 4687.500000 13952 4650.433230 148.813863
9.001300 4687.500000 14103 4699.917803 150.397370
9.000851 4687.500000 13842 4613.612133 147.635588
9.000290 4687.500000 14190 4729.909229 151.357095
9.000313 4687.500000 14212 4737.140967 151.588511
9.000983 4687.500000 14322 4773.851424 152.763246
9.000539 4687.500000 13880 4626.614110 148.051652
9.000263 4687.500000 14019 4672.998498 149.535952
9.000703 4687.500000 14031 4676.371155 149.643877
9.000352 4687.500000 14249 4749.618407 151.987789
9.002069 4687.500000 13947 4648.848863 148.763164
9.001036 4687.500000 14229 4742.444467 151.758223
9.001341 4687.500000 14085 4693.635808 150.196346
12.000481 4687.500000 14170 4722.750409 151.128013
12.000338 4687.500000 14315 4771.496067 152.687874
12.000423 4687.500000 13917 4638.752465 148.440079
12.000439 4687.500000 14215 4738.177610 151.621684
12.000458 4687.500000 14068 4688.993692 150.047798
12.000981 4687.500000 14254 4750.581523 152.018609
12.000295 4687.500000 14055 4684.982353 149.919435
12.000516 4687.500000 14082 4693.902880 150.204892
12.000502 4687.500000 14270 4756.491962 152.207743
12.000332 4687.500000 14152 4717.266889 150.952540
12.000547 4687.500000 14175 4724.783174 151.193062
12.000491 4687.500000 13900 4633.322018 148.266305
12.000904 4687.500000 14051 4683.517206 149.872551
12.000744 4687.500000 13955 4651.408191 148.845062
12.001931 4687.500000 14235 4743.953899 151.806525
12.000158 4687.500000 13989 4662.963782 149.214841
12.000847 4687.500000 14178 4725.538509 151.217232
12.000435 4687.500000 14076 4691.839737 150.138872
12.000794 4687.500000 14036 4678.485910 149.711549
12.000866 4687.500000 14082 4693.487864 150.191612
12.000653 4687.500000 14545 4847.784728 155.129111
12.001019 4687.500000 14307 4768.943424 152.606190
12.001176 4687.500000 14055 4684.757496 149.912240
12.000597 4687.500000 14423 4807.273625 153.832756
12.001108 4687.500000 13925 4641.469774 148.527033
12.000454 4687.500000 13833 4610.945398 147.550253
12.001015 4687.500000 14092 4697.076248 150.306440
12.000998 4687.500000 14178 4725.534388 151.217100
12.001843 4687.500000 13971 4656.156572 148.997010
12.002313 4687.500000 14199 4732.615844 151.443707
12.001326 4687.500000 14069 4689.213412 150.054829
12.001576 4687.500000 14072 4690.299080 150.089571
15.001199 4687.500000 14353 4783.243975 153.063807
15.001459 4687.500000 13977 4657.444976 149.038239
15.000764 4687.500000 13959 4652.968370 148.894988
15.000697 4687.500000 13754 4584.118546 146.691793
15.000492 4687.500000 13725 4574.982658 146.399445
15.000586 4687.500000 14182 4727.183470 151.269871
15.000493 4687.500000 14137 4712.022971 150.784735
15.000708 4687.500000 13933 4643.891866 148.604540
15.000444 4687.500000 13688 4562.653396 146.004909
15.000261 4687.500000 14063 4687.505978 150.000191
15.000533 4687.500000 14307 4768.681242 152.597800
15.001299 4687.500000 13816 4604.844182 147.355014
15.000955 4687.500000 14054 4684.416626 149.901332
15.000881 4687.500000 14150 4715.970576 150.911058
15.000700 4687.500000 14269 4756.018653 152.192597
15.000891 4687.500000 14027 4675.597506 149.619120
15.001181 4687.500000 14264 4754.403935 152.140926
15.001018 4687.500000 14086 4695.302377 150.249676
15.001234 4687.500000 14036 4678.092549 149.698962
15.000995 4687.500000 13806 4601.860646 147.259541
15.001375 4687.500000 13881 4625.723089 148.023139
15.000676 4687.500000 14126 4708.629749 150.676152
15.001194 4687.500000 13958 4652.639178 148.884454
15.001140 4687.500000 14304 4767.949726 152.574391
15.001976 4687.500000 14070 4689.929973 150.077759
15.001357 4687.500000 14178 4725.468229 151.214983
15.000506 4687.500000 14431 4810.250519 153.928017
15.000849 4687.500000 14094 4697.604619 150.323348
15.001993 4687.500000 14240 4746.428807 151.885722
15.002345 4687.500000 14037 4678.949409 149.726381
15.001333 4687.500000 13875 4624.988265 147.999624
15.002058 4687.500000 14271 4756.236073 152.199554
18.000775 4687.500000 14346 4781.697832 153.014331
18.001245 4687.500000 14103 4700.544169 150.417413
18.000646 4687.500000 13820 4606.075512 147.394416
18.001002 4687.500000 14102 4699.932071 150.397826
18.000590 4687.500000 14190 4729.845590 151.355059
18.000852 4687.500000 14169 4722.434534 151.117905
18.001335 4687.500000 14036 4677.959768 149.694713
18.001337 4687.500000 14188 4728.793965 151.321407
18.000960 4687.500000 13966 4655.029368 148.960940
18.000724 4687.500000 14113 4704.295325 150.537450
18.000987 4687.500000 14141 4713.177994 150.821696
18.000721 4687.500000 14089 4696.296149 150.281477
18.000519 4687.500000 13971 4656.882543 149.020241
18.000966 4687.500000 13831 4609.937297 147.517994
18.000963 4687.500000 14071 4690.221826 150.087098
18.000799 4687.500000 14217 4738.536509 151.633168
18.001452 4687.500000 14206 4734.841468 151.514927
18.001192 4687.500000 14074 4691.315600 150.122099
18.001349 4687.500000 13948 4649.256151 148.776197
18.001857 4687.500000 14130 4708.959863 150.686716
18.001254 4687.500000 13848 4615.915686 147.709302
18.003287 4687.500000 13769 4586.714459 146.774863
18.001052 4687.500000 14083 4694.280691 150.216982
18.001239 4687.500000 14180 4726.658261 151.253064
18.002067 4687.500000 14122 4706.247399 150.599917
18.001565 4687.500000 14103 4700.833983 150.426687
18.001991 4687.500000 13755 4584.975917 146.719229
18.000984 4687.500000 13922 4640.458655 148.494677
18.002267 4687.500000 13981 4659.909028 149.117089
18.002376 4687.500000 13941 4646.953091 148.702499
18.001382 4687.500000 13886 4628.591487 148.114928
18.002065 4687.500000 14196 4731.989329 151.423659
21.001658 4687.500000 13860 4619.682124 147.829828
21.000846 4687.500000 14096 4698.476584 150.351251
21.001060 4687.500000 13907 4635.516215 148.336519
21.000828 4687.500000 14195 4731.292040 151.401345
21.000977 4687.500000 14131 4710.137856 150.724411
21.001163 4687.500000 14038 4679.016356 149.728523
21.001417 4687.500000 14027 4674.582447 149.586638
21.001078 4687.500000 14107 4701.859538 150.459505
21.000521 4687.500000 14021 4673.663944 149.557246
21.001340 4687.500000 13925 4641.087387 148.514796
21.001804 4687.500000 13860 4619.140007 147.812480
21.001741 4687.500000 14027 4675.392226 149.612551
21.001582 4687.500000 14019 4671.780963 149.496991
21.000702 4687.500000 14317 4772.244485 152.711824
21.001118 4687.500000 14007 4668.797289 149.401513
21.001850 4687.500000 14002 4666.383693 149.324278
21.001601 4687.500000 13936 4644.923732 148.637559
21.001203 4687.500000 14146 4715.016506 150.880528
21.001216 4687.500000 13732 4577.297661 146.473525
21.001583 4687.500000 13758 4585.643225 146.740583
21.001505 4687.500000 13908 4635.736704 148.343575
21.001462 4687.500000 14187 4728.672871 151.317532
21.001473 4687.500000 14195 4730.896005 151.388672
21.001269 4687.500000 14007 4668.662205 149.397191
21.001974 4687.500000 14062 4687.149711 149.988791
21.002182 4687.500000 14184 4727.699884 151.286396
21.002152 4687.500000 14129 4709.534052 150.705090
21.002810 4687.500000 14241 4746.313163 151.882021
21.002981 4687.500000 14231 4742.537821 151.761210
21.003504 4687.500000 13799 4599.334293 147.178697
21.001544 4687.500000 14449 4816.072657 154.114325
21.002071 4687.500000 14158 4719.323062 151.018338
24.001505 4687.500000 14033 4677.409385 149.677100
24.001089 4687.500000 14157 4718.954517 151.006545
24.001552 4687.500000 13857 4618.861574 147.803570
24.001106 4687.500000 13999 4666.131987 149.316224
24.001552 4687.500000 14355 4784.380567 153.100178
24.000945 4687.500000 14168 4722.481975 151.119423
24.000848 4687.500000 14013 4670.491728 149.455735
24.000726 4687.500000 14310 4769.960331 152.638731
24.000969 4687.500000 14161 4720.139282 151.044457
24.001598 4687.500000 14271 4756.393313 152.204586
24.001811 4687.500000 13969 4655.721872 148.983100
24.001672 4687.500000 14222 4739.728393 151.671309
24.001246 4687.500000 14283 4760.932745 152.349848
24.001246 4687.500000 13985 4661.466889 149.166940
24.001685 4687.500000 13677 4558.959267 145.886697
24.001985 4687.500000 14199 4732.394317 151.436618
24.001601 4687.500000 14003 4667.517875 149.360572
24.001902 4687.500000 14197 4732.179205 151.429735
24.001876 4687.500000 13992 4663.790071 149.241282
24.002279 4687.500000 14192 4729.568795 151.346201
24.001611 4687.500000 13927 4641.803131 148.537700
24.002327 4687.500000 14146 4714.584023 150.866689
24.001627 4687.500000 13979 4659.596348 149.107083
24.002004 4687.500000 14037 4678.952579 149.726483
24.003401 4687.500000 13932 4643.085338 148.578731
24.002410 4687.500000 14210 4736.306494 151.561808
24.001680 4687.500000 14070 4689.674987 150.069600
24.002301 4687.500000 14061 4686.767741 149.976568
24.003872 4687.500000 14127 4708.423231 150.669543
24.003006 4687.500000 14034 4677.961077 149.694754
24.002317 4687.500000 14104 4700.122573 150.403922
24.002698 4687.500000 14301 4766.003995 152.512128
27.001308 4687.500000 14144 4714.133948 150.852286
27.000942 4687.500000 14254 4750.991288 152.031721
27.001140 4687.500000 14182 4727.252533 151.272081
27.001630 4687.500000 14243 4746.838335 151.898827
27.000974 4687.500000 14129 4709.620497 150.707856
27.001204 4687.500000 14122 4706.774804 150.616794
27.002259 4687.500000 13779 4591.449798 146.926394
27.001679 4687.500000 14337 4778.797086 152.921507
27.001600 4687.500000 13915 4638.330616 148.426580
27.002579 4687.500000 14092 4695.247231 150.247911
27.001627 4687.500000 14202 4733.881662 151.484213
27.001547 4687.500000 13853 4617.603035 147.763297
27.004210 4687.500000 14112 4700.022969 150.400735
27.001823 4687.500000 14044 4681.117660 149.795765
27.001653 4687.500000 13940 4646.585959 148.690751
27.002126 4687.500000 14217 4738.778098 151.640899
27.001880 4687.500000 14131 4710.224632 150.727188
27.002124 4687.500000 14001 4666.813561 149.338034
27.002048 4687.500000 14202 4733.729798 151.479354
27.002451 4687.500000 14111 4703.471608 150.511091
27.002016 4687.500000 14247 4748.358961 151.947487
27.002098 4687.500000 14190 4729.691289 151.350121
27.002338 4687.500000 14121 4706.907421 150.621037
27.001995 4687.500000 14062 4686.759215 149.976295
27.002415 4687.500000 14068 4689.325296 150.058409
27.002873 4687.500000 14061 4686.105603 149.955379
27.001742 4687.500000 14051 4683.569823 149.874234
27.003508 4687.500000 14055 4684.833137 149.914660
27.003183 4687.500000 14246 4748.385403 151.948333
27.004011 4687.500000 14253 4750.780241 152.024968
27.002582 4687.500000 14190 4729.581893 151.346621
27.002920 4687.500000 13953 4650.655341 148.820971
#type       avg     std     min     5th    10th    90th    95th    99th
read      606.3   248.2   142.0   360.0   389.3   890.0   979.2  1108.5
update    608.2   243.5   171.9   359.8   389.4   896.5   983.3  1108.5
op_q        4.3     2.3     1.0     1.1     2.0     7.2     8.0    10.8

Total QPS = 300104.5 (9003136 / 30.0s)

Misses = 0 (0.0%)
Skipped TXs = 0 (0.0%)

RX 1554502948 bytes :   49.4 MB/s
TX  996243601 bytes :   31.7 MB/s
