3.001205 3750.000000 11255 3750.160393 120.005133
3.000142 3750.000000 11083 3694.158453 118.213071
3.000024 3750.000000 11188 3729.303105 119.337699
3.000106 3750.000000 11363 3787.533019 121.201057
3.000073 3750.000000 11268 3755.908290 120.189065
3.000740 3750.000000 11273 3756.739739 120.215672
3.000135 3750.000000 11224 3741.165203 119.717286
3.000203 3750.000000 11038 3679.084053 117.730690
3.000820 3750.000000 11313 3769.969259 120.639016
3.000133 3750.000000 11424 3807.831024 121.850593
3.000011 3750.000000 11211 3736.985963 119.583551
3.000008 3750.000000 11340 3779.990390 120.959692
3.000030 3750.000000 11242 3747.296264 119.913480
3.000105 3750.000000 11217 3738.869559 119.643826
3.000085 3750.000000 11055 3684.896182 117.916678
3.000017 3750.000000 11274 3757.978130 120.255300
3.000008 3750.000000 11171 3723.656545 119.157009
3.000059 3750.000000 11144 3714.593151 118.866981
3.000250 3750.000000 11154 3717.689926 118.966078
3.000609 3750.000000 11369 3788.897232 121.244711
3.000060 3750.000000 11221 3740.259092 119.688291
3.000088 3750.000000 11215 3738.223250 119.623144
3.000330 3750.000000 11171 3723.257427 119.144238
3.000228 3750.000000 11094 3697.719217 118.327015
3.000025 3750.000000 11321 3773.634879 120.756316
3.000126 3750.000000 11277 3758.842263 120.282952
3.000025 3750.000000 11246 3748.634913 119.956317
3.000234 3750.000000 11375 3791.371399 121.323885
3.001319 3750.000000 11198 3731.025877 119.392828
3.000006 3750.000000 10970 3656.659053 117.013090
3.000048 3750.000000 11239 3746.273140 119.880740
3.000337 3750.000000 11168 3722.248003 119.111936
6.000354 3750.000000 11247 3748.869761 119.963832
6.000540 3750.000000 11350 3782.783825 121.049082
6.000238 3750.000000 11341 3780.108739 120.963480
6.000484 3750.000000 11089 3695.750999 118.264032
6.000068 3750.000000 11360 3786.591722 121.170935
6.000235 3750.000000 11237 3745.410361 119.853132
6.000656 3750.000000 11126 3707.863051 118.651618
6.000253 3750.000000 11245 3748.186258 119.941960
6.000682 3750.000000 11310 3769.235302 120.615530
6.000217 3750.000000 11245 3748.219380 119.943020
6.000041 3750.000000 11347 3782.291851 121.033339
6.000239 3750.000000 11136 3711.808483 118.777871
6.000104 3750.000000 11314 3771.224924 120.679198
6.000155 3750.000000 11331 3776.836326 120.858762
6.000348 3750.000000 11367 3788.739603 121.239667
6.000314 3750.000000 11302 3766.970159 120.543045
6.000403 3750.000000 11128 3708.966240 118.686920
6.000253 3750.000000 11126 3708.634995 118.676320
6.000280 3750.000000 11228 3742.349675 119.755190
6.000214 3750.000000 11143 3714.319560 118.858226
6.000910 3750.000000 11489 3829.450209 122.542407
6.000258 3750.000000 11259 3752.843780 120.091001
6.000194 3750.000000 11427 3808.865610 121.883700
6.000649 3750.000000 11532 3843.468492 122.990992
6.000684 3750.000000 11293 3764.239491 120.455664
6.000457 3750.000000 11206 3735.174639 119.525588
6.000868 3750.000000 11325 3774.939808 120.798074
6.000072 3750.000000 11240 3746.651321 119.892842
6.001234 3750.000000 11240 3746.630966 119.892191
6.001358 3750.000000 11211 3736.951256 119.582440
6.000052 3750.000000 11198 3732.661505 119.445168
6.000370 3750.000000 11073 3690.959614 118.110708
9.001887 3750.000000 11265 3752.689698 120.086070
9.000807 3750.000000 11262 3753.287487 120.105200
9.000488 3750.000000 11382 3793.514257 121.392456
9.000719 3750.000000 11226 3741.777777 119.736889
9.001225 3750.000000 11191 3729.616475 119.347727
9.000440 3750.000000 11443 3814.096407 122.051085
9.000527 3750.000000 11351 3783.298702 121.065558
9.000536 3750.000000 11186 3728.266710 119.304535
9.000690 3750.000000 11421 3806.209956 121.798719
9.000390 3750.000000 11005 3668.148556 117.380754
9.000328 3750.000000 11082 3693.914001 118.205248
9.000328 3750.000000 11147 3715.573163 118.898341
9.000375 3750.000000 11088 3695.924789 118.269593
9.000536 3750.000000 11485 3828.163079 122.501219
9.000797 3750.000000 10930 3642.795619 116.569460
9.000544 3750.000000 11275 3758.258349 120.264267
9.000360 3750.000000 11199 3732.985207 119.455527
9.000461 3750.000000 11059 3685.957960 117.950655
9.000224 3750.000000 11318 3772.657455 120.725039
9.001217 3750.000000 11388 3795.322517 121.450321
9.000911 3750.000000 11167 3722.280405 119.112973
9.000202 3750.000000 11100 3699.989982 118.399679
9.000472 3750.000000 11305 3767.830203 120.570567
9.000362 3750.000000 11417 3805.561604 121.777971
9.001524 3750.000000 11297 3764.895577 120.476658
9.001534 3750.000000 11206 3734.275130 119.496804
9.000476 3750.000000 11116 3705.309728 118.569911
9.001795 3750.000000 11304 3767.295188 120.553446
9.000706 3750.000000 11352 3783.937433 121.085998
9.001207 3750.000000 11258 3751.223366 120.039148
9.001459 3750.000000 11109 3702.875989 118.492032
9.001228 3750.000000 11187 3727.933942 119.293886
12.000547 3750.000000 11239 3746.307708 119.881847
12.000804 3750.000000 11243 3747.342201 119.914950
12.000337 3750.000000 11431 3810.321750 121.930296
12.000898 3750.000000 11456 3818.437759 122.190008
12.000459 3750.000000 11332 3777.246939 120.871902
12.001252 3750.000000 11264 3753.550858 120.113627
12.000619 3750.000000 11141 3713.364530 118.827665
12.000333 3750.000000 11093 3697.660866 118.325148
12.000506 3750.000000 11411 3803.643392 121.716589
12.000262 3750.000000 11369 3789.619003 121.267808
12.000718 3750.000000 11270 3756.439200 120.206054
12.000454 3750.000000 11245 3748.316183 119.946118
12.000521 3750.000000 11187 3728.604217 119.315335
12.000595 3750.000000 11072 3690.594619 118.099028
12.000714 3750.000000 11631 3876.968681 124.062998
12.000619 3750.000000 11261 3753.469032 120.111009
12.001088 3750.000000 11317 3771.980399 120.703373
12.001652 3750.000000 11362 3786.254100 121.160131
12.001295 3750.000000 11291 3763.569120 120.434212
12.000662 3750.000000 11127 3708.629804 118.676154
12.001304 3750.000000 11424 3806.949440 121.822382
12.001282 3750.000000 11221 3740.262708 119.688407
12.001139 3750.000000 11199 3732.716472 119.446927
12.000541 3750.000000 11190 3729.914559 119.357266
12.001128 3750.000000 11299 3765.803964 120.505727
12.001815 3750.000000 11146 3714.973465 118.879151
12.002503 3750.000000 11224 3740.565937 119.698110
12.002045 3750.000000 11262 3753.360832 120.107547
12.001894 3750.000000 11209 3736.209801 119.558714
12.001512 3750.000000 11144 3714.600501 118.867216
12.001497 3750.000000 11259 3752.636651 120.084373
12.001267 3750.000000 11326 3775.283970 120.809087
15.000355 3750.000000 11238 3745.884382 119.868300
15.000462 3750.000000 11217 3738.989805 119.647674
15.000622 3750.000000 11228 3742.311826 119.753978
15.000625 3750.000000 11435 3811.658916 121.973085
15.000801 3750.000000 11334 3777.569806 120.882234
15.000601 3750.000000 11118 3705.668511 118.581392
15.000983 3750.000000 11316 3771.451874 120.686460
15.000595 3750.000000 11262 3753.999124 120.127972
15.000558 3750.000000 11331 3776.953181 120.862502
15.001098 3750.000000 11385 3794.252007 121.416064
15.001012 3750.000000 11341 3779.958831 120.958683
15.000936 3750.000000 11128 3708.940598 118.686099
15.001363 3750.000000 11302 3766.749746 120.535992
15.001314 3750.000000 11375 3791.021806 121.312698
15.000758 3750.000000 11268 3755.950112 120.190404
15.001518 3750.000000 11145 3713.790392 118.841293
15.001168 3750.000000 11327 3775.566326 120.818122
15.001284 3750.000000 11243 3747.626152 119.924037
15.000967 3750.000000 11401 3799.946446 121.598286
15.001353 3750.000000 11377 3792.061993 121.345984
15.001302 3750.000000 11204 3734.658400 119.509069
15.001903 3750.000000 11183 3727.557383 119.281836
15.001371 3750.000000 11355 3784.887706 121.116407
15.001602 3750.000000 11407 3802.219083 121.671011
15.002397 3750.000000 11464 3820.885550 122.268338
15.001787 3750.000000 11365 3788.163620 121.221236
15.001348 3750.000000 11353 3784.278069 121.096898
15.001148 3750.000000 11272 3757.308296 120.233865
15.002163 3750.000000 11182 3726.998953 119.263966
15.002537 3750.000000 11251 3750.290487 120.009296
15.001516 3750.000000 11344 3781.309514 121.001904
15.001543 3750.000000 11439 3812.649806 122.004794
18.000713 3750.000000 11405 3801.550864 121.649628
18.002043 3750.000000 11397 3798.822658 121.562325
18.000865 3750.000000 11374 3790.992652 121.311765
18.001334 3750.000000 11399 3798.562200 121.553990
18.001647 3750.000000 11047 3681.461721 117.806775
18.000748 3750.000000 11196 3731.816980 119.418143
18.003579 3750.000000 11319 3770.153164 120.644901
18.002359 3750.000000 11079 3691.342396 118.122957
18.000580 3750.000000 11231 3743.386096 119.788355
18.000650 3750.000000 11235 3744.968395 119.838989
18.002289 3750.000000 11469 3821.482252 122.287432
18.001429 3750.000000 11259 3752.840849 120.090907
18.001586 3750.000000 11236 3744.580782 119.826585
18.001418 3750.000000 11212 3736.564554 119.570066
18.000810 3750.000000 11393 3797.599940 121.523198
18.001223 3750.000000 11270 3756.596864 120.211100
18.000703 3750.000000 11106 3701.820472 118.458255
18.001554 3750.000000 11379 3792.758571 121.368274
18.001585 3750.000000 11193 3730.626378 119.380044
18.001770 3750.000000 11200 3732.814338 119.450059
18.001214 3750.000000 11317 3772.250495 120.712016
18.001220 3750.000000 11032 3677.023267 117.664745
18.002718 3750.000000 11082 3692.853465 118.171311
18.001351 3750.000000 11216 3738.662448 119.637198
18.001383 3750.000000 11278 3759.318605 120.298195
18.002664 3750.000000 11062 3687.177278 117.989673
18.002087 3750.000000 11059 3685.737835 117.943611
18.002168 3750.000000 11266 3755.326760 120.170456
18.001528 3750.000000 11269 3756.321666 120.202293
18.003088 3750.000000 11312 3769.798484 120.633551
18.001695 3750.000000 11199 3732.776887 119.448860
18.001777 3750.000000 11369 3789.370539 121.259857
21.001852 3750.000000 11047 3681.055292 117.793769
21.000849 3750.000000 11227 3742.085014 119.746720
21.000876 3750.000000 11171 3723.464021 119.150849
21.001020 3750.000000 11396 3798.470561 121.551058
21.000587 3750.000000 11209 3736.324091 119.562371
21.000783 3750.000000 11205 3734.955939 119.518590
21.001763 3750.000000 11313 3770.566127 120.658116
21.000889 3750.000000 11296 3765.100555 120.483218
21.001810 3750.000000 11140 3712.606695 118.803414
21.001578 3750.000000 11295 3764.812511 120.474000
21.001661 3750.000000 11230 3743.237612 119.783604
21.001648 3750.000000 11183 3727.590390 119.282892
21.001995 3750.000000 11124 3707.183671 118.629877
21.002657 3750.000000 11351 3782.276046 121.032833
21.001377 3750.000000 11175 3724.967621 119.198964
21.002030 3750.000000 11423 3807.337369 121.834796
21.001806 3750.000000 11214 3737.262480 119.592399
21.002187 3750.000000 11217 3738.820932 119.642270
21.001571 3750.000000 11431 3810.278063 121.928898
21.001446 3750.000000 11482 3827.044927 122.465438
21.001558 3750.000000 11317 3772.112967 120.707615
21.001666 3750.000000 11243 3747.642112 119.924548
21.002399 3750.000000 11383 3794.194341 121.414219
21.002491 3750.000000 11301 3766.594609 120.531027
21.002649 3750.000000 11382 3793.633104 121.396259
21.002821 3750.000000 11302 3766.412273 120.525193
21.002756 3750.000000 11207 3735.552535 119.537681
21.003504 3750.000000 11347 3781.342500 121.002960
21.003802 3750.000000 10911 3636.730312 116.375370
21.003346 3750.000000 11302 3767.008269 120.544265
21.001698 3750.000000 11067 3688.997267 118.047913
21.002199 3750.000000 11434 3810.797497 121.945520
24.001262 3750.000000 11330 3776.362139 120.843588
24.001004 3750.000000 11152 3717.175087 118.949603
24.000958 3750.000000 11168 3722.207005 119.110624
24.000894 3750.000000 11184 3727.862932 119.291614
24.001006 3750.000000 11140 3713.139541 118.820465
24.002227 3750.000000 11165 3721.091912 119.074941
24.001208 3750.000000 11329 3775.931858 120.829819
24.002053 3750.000000 11238 3745.510740 119.856344
24.001657 3750.000000 11225 3741.568639 119.730196
24.001812 3750.000000 11306 3768.664496 120.597264
24.001737 3750.000000 11205 3734.888844 119.516443
24.001918 3750.000000 11219 3739.583906 119.666685
24.002848 3750.000000 11439 3812.882530 122.012241
24.001509 3750.000000 11325 3774.834555 120.794706
24.002359 3750.000000 11260 3752.467303 120.078954
24.001536 3750.000000 11147 3715.556146 118.897797
24.002149 3750.000000 11297 3765.517039 120.496545
24.002234 3750.000000 11217 3738.940768 119.646105
24.002071 3750.000000 11245 3747.691741 119.926136
24.002123 3750.000000 11291 3762.974814 120.415194
24.002230 3750.000000 11304 3767.703730 120.566519
24.002449 3750.000000 11205 3734.937719 119.518007
24.002950 3750.000000 11261 3753.290107 120.105283
24.002522 3750.000000 11048 3682.629331 117.844139
24.003216 3750.000000 11112 3703.310491 118.505936
24.002025 3750.000000 11075 3691.396453 118.124687
24.003368 3750.000000 11217 3738.972819 119.647130
24.003515 3750.000000 11272 3757.320082 120.234243
24.003807 3750.000000 11165 3721.660578 119.093138
24.002983 3750.000000 10983 3660.801565 117.145650
24.001739 3750.000000 11285 3761.614611 120.371668
24.002543 3750.000000 11254 3750.903593 120.028915
27.001019 3750.000000 11262 3753.982860 120.127452
27.001761 3750.000000 11366 3787.572092 121.202307
27.001282 3750.000000 11358 3785.649620 121.140788
27.001818 3750.000000 11327 3775.463705 120.814839
27.002075 3750.000000 11212 3736.912707 119.581207
27.001376 3750.000000 11337 3778.856358 120.923403
27.001133 3750.000000 11320 3773.112528 120.739601
27.001860 3750.000000 11374 3791.273358 121.320747
27.004304 3750.000000 11259 3750.680508 120.021776
27.002156 3750.000000 11404 3801.202985 121.638496
27.001820 3750.000000 11250 3749.644690 119.988630
27.001412 3750.000000 11548 3849.070989 123.170272
27.002290 3750.000000 11281 3760.253652 120.328117
27.002321 3750.000000 11224 3741.224696 119.719190
27.002440 3750.000000 11128 3708.973197 118.687142
27.001986 3750.000000 11246 3748.582632 119.954644
27.001670 3750.000000 11317 3772.130454 120.708175
27.002781 3750.000000 11248 3748.646013 119.956672
27.005387 3750.000000 10859 3616.015972 115.712511
27.002734 3750.000000 11201 3732.841960 119.450943
27.002258 3750.000000 11185 3728.044330 119.297419
27.002678 3750.000000 11285 3761.471287 120.367081
27.003062 3750.000000 11276 3758.398749 120.268760
27.002681 3750.000000 11220 3739.304544 119.657745
27.003191 3750.000000 11244 3747.698431 119.926350
27.003521 3750.000000 11275 3758.325082 120.266403
27.003348 3750.000000 11275 3758.167407 120.261357
27.004989 3750.000000 11108 3701.207258 118.438632
27.003469 3750.000000 11086 3695.209578 118.246706
27.003275 3750.000000 11215 3737.970300 119.615050
27.001899 3750.000000 11178 3725.801781 119.225657
27.002709 3750.000000 11245 3748.125614 119.940020
#type       avg     std     min     5th    10th    90th    95th    99th
read      472.0   193.6    66.3   256.5   285.7   698.9   765.4   873.4
update    474.8   195.1    88.2   257.3   286.9   701.6   767.1   872.8
op_q        3.1     1.7     1.0     1.0     1.1     5.0     5.9     7.7

Total QPS = 239912.9 (7197387 / 30.0s)

Misses = 0 (0.0%)
Skipped TXs = 0 (0.0%)

RX 1243255349 bytes :   39.5 MB/s
TX  797467634 bytes :   25.4 MB/s
