3.001475 1250.000000 3692 1230.061721 39.361975
3.003784 1250.000000 3836 1277.056038 40.865793
3.000002 1250.000000 3788 1262.665924 40.405310
3.000159 1250.000000 3737 1245.600757 39.859224
3.000613 1250.000000 3742 1247.078327 39.906506
3.000780 1250.000000 3803 1267.337111 40.554788
3.000472 1250.000000 3810 1269.800429 40.633614
3.000154 1250.000000 3617 1205.604914 38.579357
3.000772 1250.000000 3756 1251.677978 40.053695
3.003116 1250.000000 3717 1237.714539 39.606865
3.000678 1250.000000 3785 1261.381604 40.364211
3.000114 1250.000000 3701 1233.619816 39.475834
3.001455 1250.000000 3534 1177.429119 37.677732
3.001053 1250.000000 3699 1232.567507 39.442160
3.000703 1250.000000 3781 1260.038270 40.321225
3.000166 1250.000000 3645 1214.932790 38.877849
3.000183 1250.000000 3815 1271.589204 40.690855
3.003367 1250.000000 3725 1240.274548 39.688786
3.000222 1250.000000 3742 1247.241066 39.911714
3.001405 1250.000000 3759 1252.413626 40.077236
3.000120 1250.000000 3748 1249.283381 39.977068
3.001833 1250.000000 3837 1278.218945 40.903006
3.001311 1250.000000 3729 1242.456944 39.758622
3.000481 1250.000000 3839 1279.461631 40.942772
3.000345 1250.000000 3670 1223.192662 39.142165
3.000860 1250.000000 3780 1259.638994 40.308448
3.000292 1250.000000 3787 1262.210461 40.390735
3.002045 1250.000000 3736 1244.485014 39.823520
3.000783 1250.000000 3713 1237.343543 39.594993
3.001384 1250.000000 3723 1240.427620 39.693684
3.000666 1250.000000 3794 1264.385840 40.460347
3.000628 1250.000000 3617 1205.414161 38.573253
6.002602 1250.000000 3733 1243.318750 39.786200
6.003305 1250.000000 3822 1273.223490 40.743152
6.001015 1250.000000 3719 1239.500862 39.664028
6.000250 1250.000000 3682 1227.295867 39.273468
6.001432 1250.000000 3679 1226.025232 39.232807
6.001372 1250.000000 3702 1233.511181 39.472358
6.000365 1250.000000 3771 1256.847646 40.219125
6.001646 1250.000000 3697 1231.977918 39.423293
6.002607 1250.000000 3584 1193.674862 38.197596
6.002301 1250.000000 3818 1271.761383 40.696364
6.000952 1250.000000 3779 1259.561771 40.305977
6.001449 1250.000000 3778 1258.818326 40.282186
6.001950 1250.000000 3709 1236.129339 39.556139
6.000844 1250.000000 3807 1268.969580 40.607027
6.000526 1250.000000 3845 1281.643355 41.012587
6.000608 1250.000000 3785 1261.461245 40.366760
6.000545 1250.000000 3635 1211.586027 38.770753
6.001708 1250.000000 3814 1271.055674 40.673782
6.001228 1250.000000 3659 1219.362864 39.019612
6.000667 1250.000000 3672 1223.846841 39.163099
6.005280 1250.000000 3723 1239.398935 39.660766
6.003509 1250.000000 3677 1225.505940 39.216190
6.001230 1250.000000 3787 1262.177527 40.389681
6.001673 1250.000000 3815 1271.289785 40.681273
6.002242 1250.000000 3747 1248.612506 39.955600
6.004030 1250.000000 3745 1247.419774 39.917433
6.006728 1250.000000 3785 1259.423207 40.301543
6.003699 1250.000000 3656 1218.532053 38.993026
6.002714 1250.000000 3715 1238.057221 39.617831
6.005121 1250.000000 3873 1290.424918 41.293597
6.002681 1250.000000 3812 1269.813949 40.634046
6.000957 1250.000000 3790 1263.194774 40.422233
9.003897 1250.000000 3681 1225.510280 39.216329
9.001821 1250.000000 3795 1264.750922 40.472030
9.001105 1250.000000 3650 1216.560848 38.929947
9.001350 1250.000000 3733 1243.925184 39.805606
9.002707 1250.000000 3777 1258.554669 40.273749
9.002003 1250.000000 3715 1238.104951 39.619358
9.001212 1250.000000 3845 1281.555920 41.009789
9.001553 1250.000000 3891 1296.556234 41.489799
9.001032 1250.000000 3667 1222.160846 39.109147
9.001315 1250.000000 3739 1246.064529 39.874065
9.003933 1250.000000 3803 1267.401242 40.556840
9.003589 1250.000000 3776 1257.390643 40.236501
9.001738 1250.000000 3750 1249.987298 39.999594
9.001219 1250.000000 3722 1240.582126 39.698628
9.002971 1250.000000 3758 1252.514380 40.080460
9.001777 1250.000000 3658 1219.193191 39.014182
9.001471 1250.000000 3608 1202.626629 38.484052
9.002029 1250.000000 3757 1252.300085 40.073603
9.002608 1250.000000 3818 1272.663845 40.725243
9.003144 1250.000000 3680 1226.298175 39.241542
9.002691 1250.000000 3831 1276.834331 40.858699
9.003812 1250.000000 3808 1269.205048 40.614562
9.001646 1250.000000 3676 1225.162856 39.205211
9.004587 1250.000000 3768 1255.628080 40.180099
9.002608 1250.000000 3711 1236.614337 39.571659
9.008096 1250.000000 3665 1220.013089 39.040419
9.002717 1250.000000 3719 1239.665379 39.669292
9.005752 1250.000000 3765 1254.735996 40.151552
9.006626 1250.000000 3708 1235.445884 39.534268
9.006912 1250.000000 3747 1248.923655 39.965557
9.002727 1250.000000 3736 1245.314353 39.850059
9.001200 1250.000000 3881 1293.562105 41.393987
12.001497 1250.000000 3797 1265.604764 40.499352
12.002103 1250.000000 3766 1254.963576 40.158834
12.004203 1250.000000 3708 1235.747203 39.543910
12.002596 1250.000000 3738 1245.350672 39.851222
12.002445 1250.000000 3810 1269.716961 40.630943
12.001809 1250.000000 3851 1283.365463 41.067695
12.003767 1250.000000 3787 1261.259090 40.360291
12.002228 1250.000000 3868 1289.236481 41.255567
12.003845 1250.000000 3723 1240.488536 39.695633
12.003530 1250.000000 3691 1229.718132 39.350980
12.003162 1250.000000 3649 1216.142414 38.916557
12.001737 1250.000000 3633 1210.892635 38.748564
12.001778 1250.000000 3847 1282.237025 41.031585
12.002996 1250.000000 3763 1253.807946 40.121854
12.001425 1250.000000 3781 1260.286884 40.329180
12.003019 1250.000000 3781 1260.313119 40.330020
12.002353 1250.000000 3801 1266.701177 40.534438
12.003228 1250.000000 3820 1273.112350 40.739595
12.005506 1250.000000 3765 1254.292016 40.137345
12.004751 1250.000000 3889 1295.639283 41.460457
12.004621 1250.000000 3740 1246.380780 39.884185
12.005319 1250.000000 3729 1242.411283 39.757161
12.002774 1250.000000 3624 1207.977178 38.655270
12.001941 1250.000000 3769 1256.283063 40.201058
12.005448 1250.000000 3763 1253.973443 40.127150
12.002834 1250.000000 3675 1224.908011 39.197056
12.007328 1250.000000 3680 1226.022509 39.232720
12.010421 1250.000000 3722 1239.099080 39.651171
12.009948 1250.000000 3831 1276.212510 40.838800
12.009301 1250.000000 3713 1236.681743 39.573816
12.005289 1250.000000 3635 1210.632737 38.740248
12.001367 1250.000000 3832 1277.262058 40.872386
15.003249 1250.000000 3714 1237.376527 39.596049
15.002706 1250.000000 3654 1217.509282 38.960297
15.001822 1250.000000 3796 1265.327729 40.490487
15.002256 1250.000000 3836 1278.463063 40.910818
15.002448 1250.000000 3767 1255.665810 40.181306
15.004591 1250.000000 3693 1230.355659 39.371381
15.002460 1250.000000 3704 1234.241126 39.495716
15.002651 1250.000000 3837 1278.819570 40.922226
15.003180 1250.000000 3698 1232.591089 39.442915
15.003138 1250.000000 3724 1240.905090 39.708963
15.004868 1250.000000 3649 1215.886814 38.908378
15.003687 1250.000000 3822 1273.933404 40.765869
15.004947 1250.000000 3771 1256.863702 40.219638
15.004221 1250.000000 3631 1209.678146 38.709701
15.002697 1250.000000 3824 1274.520826 40.784666
15.002296 1250.000000 3798 1265.850004 40.507200
15.003196 1250.000000 3683 1227.652536 39.284881
15.003272 1250.000000 3907 1302.314269 41.674057
15.004090 1250.000000 3865 1288.228173 41.223302
15.003233 1250.000000 3735 1244.834304 39.834698
15.006034 1250.000000 3680 1226.450664 39.246421
15.004604 1250.000000 3863 1286.881492 41.180208
15.007391 1250.000000 3770 1255.799130 40.185572
15.006983 1250.000000 3767 1255.024771 40.160793
15.004915 1250.000000 3813 1270.930372 40.669772
15.004816 1250.000000 3786 1261.741998 40.375744
15.007444 1250.000000 3704 1234.619032 39.507809
15.010614 1250.000000 3695 1231.587421 39.410797
15.010494 1250.000000 3789 1262.769887 40.408636
15.009540 1250.000000 3713 1235.915102 39.549283
15.011710 1250.000000 3940 1312.279382 41.992940
15.001807 1250.000000 3786 1261.814989 40.378080
18.004858 1250.000000 3696 1231.519335 39.408619
18.002087 1250.000000 3752 1250.556188 40.017798
18.004037 1250.000000 3684 1227.455270 39.278569
18.002705 1250.000000 3752 1250.644341 40.020619
18.005427 1250.000000 3637 1211.453806 38.766522
18.002590 1250.000000 3787 1262.192803 40.390170
18.003476 1250.000000 3662 1220.248319 39.047946
18.005346 1250.000000 3681 1226.486600 39.247571
18.003800 1250.000000 3837 1278.774765 40.920792
18.005705 1250.000000 3668 1221.638127 39.092420
18.003439 1250.000000 3861 1286.871263 41.179880
18.005267 1250.000000 3808 1268.146413 40.580685
18.004768 1250.000000 3816 1271.924941 40.701598
18.003290 1250.000000 3669 1222.961608 39.134771
18.005375 1250.000000 3713 1237.489953 39.599679
18.009425 1250.000000 3728 1240.760447 39.704334
18.002714 1250.000000 3740 1246.659522 39.893105
18.004900 1250.000000 3890 1296.653067 41.492898
18.008637 1250.000000 3739 1244.788945 39.833246
18.002376 1250.000000 3722 1240.633686 39.700278
18.004390 1250.000000 3764 1254.595782 40.147065
18.004635 1250.000000 3845 1281.067999 40.994176
18.007130 1250.000000 3684 1227.551614 39.281652
18.007466 1250.000000 3749 1249.635303 39.988330
18.005574 1250.000000 3768 1255.594111 40.179012
18.010069 1250.000000 3722 1239.581759 39.666616
18.010205 1250.000000 3595 1197.047565 38.305522
18.011523 1250.000000 3649 1215.964837 38.910875
18.011807 1250.000000 3795 1264.446811 40.462298
18.014221 1250.000000 3806 1267.605922 40.563389
18.010091 1250.000000 3778 1259.102211 40.291271
18.001843 1250.000000 3905 1301.651114 41.652836
21.002166 1250.000000 3645 1214.968121 38.878980
21.008239 1250.000000 3707 1233.938405 39.486029
21.010090 1250.000000 3760 1250.259151 40.008293
21.009026 1250.000000 3683 1226.174563 39.237586
21.003571 1250.000000 3762 1253.590111 40.114884
21.004836 1250.000000 3614 1204.250762 38.536024
21.005983 1250.000000 3889 1294.918291 41.437385
21.004289 1250.000000 3726 1241.663689 39.733238
21.003342 1250.000000 3701 1233.645440 39.476654
21.005674 1250.000000 3843 1280.045960 40.961471
21.005267 1250.000000 3738 1245.847756 39.867128
21.006292 1250.000000 3708 1235.372470 39.531919
21.010282 1250.000000 3873 1288.914061 41.245250
21.002711 1250.000000 3739 1246.194406 39.878221
21.004953 1250.000000 3690 1229.961025 39.358753
21.005370 1250.000000 3709 1236.323535 39.562353
21.005222 1250.000000 3732 1243.655291 39.796969
21.007544 1250.000000 3772 1256.563381 40.210028
21.008255 1250.000000 3820 1272.998526 40.735953
21.008530 1250.000000 3743 1247.084853 39.906715
21.006226 1250.000000 3586 1194.699589 38.230387
21.005454 1250.000000 3593 1197.592246 38.322952
21.009765 1250.000000 3687 1227.285365 39.273132
21.013000 1250.000000 3910 1302.061273 41.665961
21.012120 1250.000000 3779 1259.415978 40.301311
21.009492 1250.000000 3777 1258.641168 40.276517
21.011152 1250.000000 3675 1224.613497 39.187632
21.010628 1250.000000 3604 1200.851824 38.427258
21.011853 1250.000000 3728 1242.647475 39.764719
21.014560 1250.000000 3688 1229.194236 39.334216
21.010561 1250.000000 3784 1261.135792 40.356345
21.002087 1250.000000 3704 1234.566459 39.506127
24.007594 1250.000000 3756 1250.323108 40.010339
24.003628 1250.000000 3761 1253.055949 40.097790
24.013078 1250.000000 3648 1212.066329 38.786123
24.007227 1250.000000 3804 1267.171880 40.549500
24.008244 1250.000000 3781 1258.903256 40.284904
24.005544 1250.000000 3891 1296.457261 41.486632
24.007835 1250.000000 3739 1245.137181 39.844390
24.003566 1250.000000 3773 1257.308143 40.233861
24.006125 1250.000000 3835 1278.011701 40.896374
24.005228 1250.000000 3768 1255.997637 40.191924
24.006313 1250.000000 3753 1250.733955 40.023487
24.009208 1250.000000 3656 1217.482879 38.959452
24.005675 1250.000000 3731 1243.574992 39.794400
24.006747 1250.000000 3877 1292.004547 41.344145
24.008781 1250.000000 3736 1245.108177 39.843462
24.007828 1250.000000 3796 1265.213313 40.486826
24.006584 1250.000000 3763 1254.183819 40.133882
24.008934 1250.000000 3695 1231.500728 39.408023
24.008259 1250.000000 3697 1232.331955 39.434623
24.010136 1250.000000 3608 1202.221672 38.471093
24.010323 1250.000000 3657 1218.662461 38.997199
24.015350 1250.000000 3800 1264.530472 40.464975
24.010911 1250.000000 3702 1233.528904 39.472925
24.012259 1250.000000 3795 1264.533481 40.465071
24.010459 1250.000000 3754 1251.179611 40.037748
24.010785 1250.000000 3844 1281.266379 41.000524
24.012408 1250.000000 3717 1238.770784 39.640665
24.013329 1250.000000 3839 1279.526451 40.944846
24.012770 1250.000000 3637 1212.070813 38.786266
24.014890 1250.000000 3729 1242.863518 39.771633
24.011946 1250.000000 3772 1256.753083 40.216099
24.002352 1250.000000 3753 1250.889430 40.028462
27.008538 1250.000000 3691 1229.946662 39.358293
27.005366 1250.000000 3778 1258.604035 40.275329
27.006920 1250.000000 3752 1250.335176 40.010726
27.008785 1250.000000 3682 1226.944913 39.262237
27.004287 1250.000000 3645 1214.707915 38.870653
27.005334 1250.000000 3795 1264.955345 40.478571
27.005684 1250.000000 3669 1222.942950 39.134174
27.006959 1250.000000 3691 1230.068463 39.362191
27.009399 1250.000000 3818 1271.745929 40.695870
27.008414 1250.000000 3890 1296.599608 41.491187
27.007718 1250.000000 3759 1252.594545 40.083025
27.006333 1250.000000 3768 1255.724599 40.183187
27.008938 1250.000000 3787 1261.866635 40.379732
27.009971 1250.000000 3731 1243.236966 39.783583
27.008293 1250.000000 3766 1255.313059 40.170018
27.009470 1250.000000 3775 1258.044405 40.257421
27.010028 1250.000000 3824 1274.318583 40.778195
27.006598 1250.000000 3648 1215.994266 38.911817
27.010801 1250.000000 3767 1255.388464 40.172431
27.012311 1250.000000 3670 1223.312064 39.145986
27.016328 1250.000000 3784 1259.839082 40.314851
27.010691 1250.000000 3798 1265.844805 40.507034
27.010863 1250.000000 3687 1228.968163 39.326981
27.017021 1250.000000 3756 1250.078032 40.002497
27.011464 1250.000000 3762 1253.769042 40.120609
27.010778 1250.000000 3773 1257.532951 40.241054
27.013209 1250.000000 3756 1251.945583 40.062259
27.013414 1250.000000 3839 1279.630387 40.948172
27.015633 1250.000000 3597 1198.886978 38.364383
27.015171 1250.000000 3899 1299.544672 41.585429
27.011989 1250.000000 3841 1280.314930 40.970078
27.002819 1250.000000 3685 1228.141998 39.300544
#type       avg     std     min     5th    10th    90th    95th    99th
read      130.7    95.3    49.8    75.1    81.1   194.6   224.5   293.1
update    135.5    98.8    54.8    78.4    84.7   199.7   228.9   298.2
op_q        1.2     0.5     1.0     1.0     1.0     2.0     2.1     3.0

Total QPS = 79836.2 (2395086 / 30.0s)

Misses = 0 (0.0%)
Skipped TXs = 0 (0.0%)

RX  411646861 bytes :   13.1 MB/s
TX  264821733 bytes :    8.4 MB/s
