3.000109 5000.000000 15286 5095.148071 163.044738
3.000225 5000.000000 14727 4908.631521 157.076209
3.000283 5000.000000 14585 4861.208113 155.558660
3.000524 5000.000000 15158 5051.784336 161.657099
3.000231 5000.000000 14962 4986.948815 159.582362
3.000123 5000.000000 15011 5003.461918 160.110781
3.001340 5000.000000 15110 5034.418196 161.101382
3.000095 5000.000000 14825 4941.510811 158.128346
3.000082 5000.000000 15116 5038.529071 161.232930
3.000235 5000.000000 14982 4993.608192 159.795462
3.000657 5000.000000 15290 5095.549965 163.057599
3.000507 5000.000000 15022 5006.487398 160.207597
3.000121 5000.000000 15364 5121.126688 163.876054
3.000713 5000.000000 15056 5017.474389 160.559180
3.000045 5000.000000 14894 4964.592750 158.866968
3.000100 5000.000000 14930 4976.500766 159.248025
3.000075 5000.000000 14973 4990.874501 159.707984
3.000100 5000.000000 14639 4879.503671 156.144117
3.000194 5000.000000 14881 4960.013163 158.720421
3.000085 5000.000000 15082 5027.190075 160.870082
3.000208 5000.000000 14780 4926.324781 157.642393
3.000154 5000.000000 14977 4992.076765 159.746456
3.000039 5000.000000 14989 4996.268914 159.880605
3.000047 5000.000000 14875 4958.254863 158.664156
3.000074 5000.000000 14661 4886.880074 156.380162
3.000015 5000.000000 14957 4985.642045 159.540545
3.000688 5000.000000 15227 5074.502313 162.384074
3.000644 5000.000000 14900 4965.600939 158.899230
3.000461 5000.000000 14949 4982.234466 159.431503
3.000068 5000.000000 15108 5035.885747 161.148344
3.000027 5000.000000 15010 5003.288346 160.105227
3.000001 5000.000000 14945 4981.664280 159.413257
6.001880 5000.000000 14831 4940.773376 158.104748
6.000438 5000.000000 15120 5039.447315 161.262314
6.000562 5000.000000 14919 4972.413431 159.117230
6.000122 5000.000000 15293 5097.629567 163.124146
6.000088 5000.000000 15004 5001.312551 160.042002
6.000279 5000.000000 14929 4976.005845 159.232187
6.002746 5000.000000 14809 4932.576971 157.842463
6.000046 5000.000000 15052 5017.330486 160.554576
6.000203 5000.000000 14883 4960.864257 158.747656
6.000396 5000.000000 15125 5041.259891 161.320317
6.000297 5000.000000 15169 5055.898460 161.788751
6.000800 5000.000000 15007 5001.471517 160.047089
6.000244 5000.000000 14861 4953.645282 158.516649
6.000115 5000.000000 14921 4973.633324 159.156266
6.000391 5000.000000 14972 4990.338027 159.690817
6.000386 5000.000000 14800 4933.085894 157.858749
6.000662 5000.000000 14967 4988.066263 159.618120
6.000096 5000.000000 15194 5064.584306 162.066698
6.000215 5000.000000 14802 4933.787043 157.881185
6.000757 5000.000000 15120 5039.925703 161.277622
6.000052 5000.000000 15050 5016.604612 160.531348
6.000272 5000.000000 14848 4949.256480 158.376207
6.000374 5000.000000 14788 4928.831225 157.722599
6.000734 5000.000000 14956 4984.235674 159.495542
6.000999 5000.000000 14970 4989.431403 159.661805
6.000751 5000.000000 15195 5064.587732 162.066807
6.000893 5000.000000 15141 5046.378792 161.484121
6.000855 5000.000000 14676 4891.727854 156.535291
6.001002 5000.000000 15214 5070.727950 162.263294
6.001441 5000.000000 14984 4994.498477 159.823951
6.000307 5000.000000 15176 5058.195317 161.862250
6.000256 5000.000000 14798 4932.248502 157.831952
9.000335 5000.000000 15125 5041.296383 161.321484
9.000312 5000.000000 14989 4996.152122 159.876868
9.000269 5000.000000 15232 5077.026516 162.464848
9.000305 5000.000000 15156 5051.956237 161.662600
9.000395 5000.000000 14883 4960.751037 158.744033
9.000159 5000.000000 14939 4979.480520 159.343377
9.000054 5000.000000 14986 4995.329823 159.850554
9.000285 5000.000000 14912 4970.644207 159.060615
9.000225 5000.000000 15186 5061.826307 161.978442
9.000543 5000.000000 15027 5008.755652 160.280181
9.000530 5000.000000 14719 4906.182294 156.997833
9.000412 5000.000000 15006 5001.964910 160.062877
9.000532 5000.000000 14868 4955.757890 158.584252
9.000758 5000.000000 15054 5017.987854 160.575611
9.000229 5000.000000 15080 5026.642941 160.852574
9.000577 5000.000000 14880 4959.535934 158.705150
9.000774 5000.000000 15125 5040.993717 161.311799
9.001038 5000.000000 15226 5074.858969 162.395487
9.001201 5000.000000 14717 4905.101607 156.963251
9.000877 5000.000000 15081 5026.761486 160.856368
9.000970 5000.000000 14870 4956.540010 158.609280
9.001019 5000.000000 15070 5022.966858 160.734939
9.000201 5000.000000 15104 5034.491117 161.103716
9.000753 5000.000000 15290 5096.341682 163.082934
9.000823 5000.000000 15151 5050.062056 161.601986
9.001244 5000.000000 14956 4984.926648 159.517653
9.001988 5000.000000 15019 5005.421079 160.173475
9.001181 5000.000000 14987 4995.368765 159.851800
9.002092 5000.000000 14968 4988.980280 159.647369
9.000330 5000.000000 14911 4970.294852 159.049435
9.002910 5000.000000 15294 5097.720794 163.127065
9.000493 5000.000000 14979 4992.605291 159.763369
12.001409 5000.000000 14900 4964.807529 158.873841
12.000283 5000.000000 14991 4996.792145 159.897349
12.000477 5000.000000 14944 4980.874494 159.387984
12.001015 5000.000000 14897 4964.669206 158.869415
12.000327 5000.000000 15096 5031.975092 161.023203
12.000351 5000.000000 15019 5006.307152 160.201829
12.000387 5000.000000 14823 4940.733490 158.103472
12.000688 5000.000000 15149 5048.961947 161.566782
12.000838 5000.000000 15017 5004.778409 160.152909
12.000229 5000.000000 15345 5114.999475 163.679983
12.000651 5000.000000 14976 4991.802926 159.737694
12.000103 5000.000000 14796 4931.919453 157.821422
12.000598 5000.000000 15248 5082.572125 162.642308
12.000527 5000.000000 14902 4967.114676 158.947670
12.000965 5000.000000 14985 4994.655880 159.828988
12.000977 5000.000000 14992 4997.320954 159.914271
12.000547 5000.000000 14785 4928.306809 157.705818
12.001570 5000.000000 15092 5029.414517 160.941265
12.001052 5000.000000 15272 5090.159692 162.885110
12.000611 5000.000000 15085 5028.276992 160.904864
12.001907 5000.000000 15186 5060.882350 161.948235
12.001356 5000.000000 15083 5027.133232 160.868263
12.000801 5000.000000 15165 5054.955021 161.758561
12.001299 5000.000000 15135 5044.528419 161.424909
12.001435 5000.000000 15087 5028.063743 160.898040
12.001338 5000.000000 15071 5023.436913 160.749981
12.001203 5000.000000 15273 5090.962670 162.910805
12.002323 5000.000000 14807 4935.286461 157.929167
12.004510 5000.000000 14698 4895.218051 156.646978
12.000333 5000.000000 14875 4958.327898 158.666493
12.003373 5000.000000 15243 5080.215414 162.566893
12.000635 5000.000000 15412 5137.089543 164.386865
15.001058 5000.000000 14911 4969.121656 159.011893
15.000847 5000.000000 15194 5063.715342 162.038891
15.000635 5000.000000 15137 5045.189257 161.446056
15.000464 5000.000000 14989 4996.204715 159.878551
15.000609 5000.000000 14984 4994.530780 159.824985
15.000294 5000.000000 15254 5084.342994 162.698976
15.000886 5000.000000 14947 4981.768970 159.416607
15.001291 5000.000000 15146 5047.589935 161.522878
15.000368 5000.000000 14840 4946.438278 158.286025
15.001066 5000.000000 14962 4986.705534 159.574577
15.000728 5000.000000 15226 5075.134896 162.404317
15.000654 5000.000000 15017 5005.574511 160.178384
15.001520 5000.000000 15180 5059.063886 161.890044
15.000992 5000.000000 15187 5062.072379 161.986316
15.000886 5000.000000 15171 5056.310618 161.801940
15.001068 5000.000000 15053 5017.514632 160.560468
15.002204 5000.000000 14878 4958.019643 158.656629
15.001067 5000.000000 14764 4921.308940 157.481886
15.001114 5000.000000 14827 4942.170531 158.149457
15.001429 5000.000000 15035 5011.450693 160.366422
15.001378 5000.000000 15120 5039.963552 161.278834
15.001597 5000.000000 15097 5032.287917 161.033213
15.001100 5000.000000 14928 4975.503527 159.216113
15.001522 5000.000000 14937 4978.694867 159.318236
15.001596 5000.000000 14754 4917.737147 157.367589
15.002257 5000.000000 15184 5060.742183 161.943750
15.001463 5000.000000 15111 5036.563195 161.170022
15.000375 5000.000000 14854 4951.264648 158.440469
15.002887 5000.000000 15051 5016.057245 160.513832
15.003416 5000.000000 14796 4931.929090 157.821731
15.004812 5000.000000 14687 4895.172991 156.645536
15.000934 5000.000000 14943 4980.504030 159.376129
18.000510 5000.000000 14606 4868.436729 155.789975
18.001579 5000.000000 15223 5073.096036 162.339073
18.001044 5000.000000 14884 4960.688216 158.742023
18.000472 5000.000000 14762 4920.653943 157.460926
18.000698 5000.000000 14894 4964.561617 158.865972
18.001153 5000.000000 15088 5029.268188 160.936582
18.001231 5000.000000 14848 4949.047706 158.369527
18.000852 5000.000000 14797 4931.932854 157.821851
18.000382 5000.000000 14830 4943.187554 158.182002
18.001189 5000.000000 14882 4959.905830 158.716987
18.000916 5000.000000 14835 4944.951834 158.238459
18.001098 5000.000000 15097 5032.282658 161.033045
18.001086 5000.000000 14864 4954.632942 158.548254
18.000895 5000.000000 15188 5062.651115 162.004836
18.001281 5000.000000 15241 5079.844078 162.555010
18.001632 5000.000000 15091 5029.991397 160.959725
18.001492 5000.000000 14914 4971.143620 159.076596
18.001305 5000.000000 15032 5010.642713 160.340567
18.001150 5000.000000 15103 5034.194995 161.094240
18.001788 5000.000000 14963 4987.220769 159.591065
18.001741 5000.000000 14978 4992.427224 159.757671
18.001229 5000.000000 14944 4981.119816 159.395834
18.001787 5000.000000 15142 5046.887995 161.500416
18.001652 5000.000000 14844 4947.907253 158.333032
18.001770 5000.000000 14965 4987.823828 159.610362
18.002426 5000.000000 15078 5025.627855 160.820091
18.000750 5000.000000 15164 5054.033781 161.729081
18.002293 5000.000000 14990 4996.606790 159.891417
18.002941 5000.000000 14936 4978.576696 159.314454
18.003544 5000.000000 14845 4948.122893 158.339933
18.005159 5000.000000 15249 5082.411737 162.637176
18.000948 5000.000000 15123 5040.975941 161.311230
21.000828 5000.000000 15068 5022.070350 160.706251
21.001125 5000.000000 14886 4961.548791 158.769561
21.000857 5000.000000 15182 5059.866802 161.915738
21.001768 5000.000000 15033 5010.773783 160.344761
21.000708 5000.000000 14944 4981.317337 159.402155
21.001246 5000.000000 14650 4883.072873 156.258332
21.001067 5000.000000 15139 5046.045536 161.473457
21.000640 5000.000000 15168 5055.780369 161.784972
21.001374 5000.000000 14936 4978.118839 159.299803
21.001590 5000.000000 14880 4959.276532 158.696849
21.000997 5000.000000 15059 5019.530960 160.624991
21.001320 5000.000000 14773 4923.969471 157.567023
21.002391 5000.000000 15206 5066.792835 162.137371
21.002477 5000.000000 14805 4933.867576 157.883762
21.002022 5000.000000 14895 4964.122857 158.851931
21.001587 5000.000000 15021 5006.406313 160.205002
21.001248 5000.000000 15096 5031.899654 161.020789
21.001208 5000.000000 15146 5048.567553 161.554162
21.001387 5000.000000 15014 5004.530373 160.144972
21.002098 5000.000000 15118 5038.461430 161.230766
21.001536 5000.000000 15177 5058.481191 161.871398
21.001786 5000.000000 15030 5009.924992 160.317600
21.001783 5000.000000 15163 5054.113103 161.731619
21.002542 5000.000000 15095 5031.472239 161.007112
21.001952 5000.000000 15115 5038.055809 161.217786
21.002425 5000.000000 14812 4937.115705 157.987703
21.001927 5000.000000 15024 5007.736825 160.247578
21.000946 5000.000000 15084 5027.672277 160.885513
21.003114 5000.000000 14986 4995.044940 159.841438
21.003593 5000.000000 15097 5032.251319 161.032042
21.005394 5000.000000 14928 4975.610713 159.219543
21.000978 5000.000000 14806 4935.283828 157.929082
24.001350 5000.000000 14791 4930.162550 157.765202
24.000895 5000.000000 14883 4960.578092 158.738499
24.001175 5000.000000 15177 5058.415358 161.869291
24.001168 5000.000000 15032 5010.497391 160.335917
24.001142 5000.000000 14974 4990.611165 159.699557
24.001156 5000.000000 15004 5001.067325 160.034154
24.001516 5000.000000 14847 4948.493362 158.351788
24.001732 5000.000000 15244 5080.727351 162.583275
24.002490 5000.000000 15112 5036.547131 161.169508
24.001151 5000.000000 14694 4897.956658 156.734613
24.001338 5000.000000 14900 4966.636614 158.932372
24.000916 5000.000000 15110 5036.567433 161.170158
24.001905 5000.000000 15039 5012.770788 160.408665
24.001668 5000.000000 15134 5043.960719 161.406743
24.001416 5000.000000 15286 5095.284645 163.049109
24.002547 5000.000000 14821 4938.758753 158.040280
24.001677 5000.000000 14924 4974.517602 159.184563
24.002428 5000.000000 15022 5006.782627 160.217044
24.001935 5000.000000 15183 5060.747267 161.943913
24.002779 5000.000000 15250 5082.734083 162.647491
24.002085 5000.000000 15024 5007.777544 160.248881
24.001869 5000.000000 14931 4976.856287 159.259401
24.003355 5000.000000 15203 5066.037717 162.113207
24.001538 5000.000000 15021 5006.997852 160.223931
24.002629 5000.000000 15322 5107.185365 163.429932
24.002714 5000.000000 15181 5059.934357 161.917899
24.002073 5000.000000 14940 4979.757828 159.352250
24.001364 5000.000000 14999 4998.970170 159.967045
24.006080 5000.000000 15057 5014.042550 160.449362
24.003876 5000.000000 14928 4975.530935 159.216990
24.005504 5000.000000 15189 5062.814821 162.010074
24.001081 5000.000000 15086 5028.494093 160.911811
27.001182 5000.000000 15253 5083.846399 162.683085
27.001049 5000.000000 15069 5022.776509 160.728848
27.001187 5000.000000 15075 5024.978741 160.799320
27.001213 5000.000000 14967 4988.905670 159.644981
27.001191 5000.000000 14913 4970.934929 159.069918
27.001973 5000.000000 15137 5044.619592 161.427827
27.001207 5000.000000 15115 5038.223998 161.223168
27.001447 5000.000000 15074 5024.614665 160.787669
27.001706 5000.000000 15065 5021.050976 160.673631
27.001199 5000.000000 14972 4990.615208 159.699687
27.001740 5000.000000 15243 5080.893381 162.588588
27.001825 5000.000000 14930 4976.512603 159.248403
27.001562 5000.000000 14837 4945.590310 158.258890
27.001976 5000.000000 14992 4996.821550 159.898290
27.002238 5000.000000 15054 5017.745131 160.567844
27.001560 5000.000000 14952 4983.963392 159.486829
27.002067 5000.000000 14867 4955.400040 158.572801
27.002476 5000.000000 14963 4987.586473 159.602767
27.002471 5000.000000 15257 5084.759421 162.712301
27.001870 5000.000000 14871 4956.998337 158.623947
27.002573 5000.000000 15034 5011.290158 160.361285
27.002652 5000.000000 14841 4946.961036 158.302753
27.002562 5000.000000 15158 5052.546712 161.681495
27.002825 5000.000000 14958 4985.923108 159.549539
27.002730 5000.000000 14928 4975.972477 159.231119
27.002439 5000.000000 15113 5037.052614 161.185684
27.001411 5000.000000 15030 5009.921189 160.317478
27.003495 5000.000000 14864 4954.435830 158.541947
27.004068 5000.000000 15239 5079.341031 162.538913
27.005956 5000.000000 15055 5017.577658 160.562485
27.006226 5000.000000 15237 5078.752803 162.520090
27.001204 5000.000000 15019 5006.128153 160.196101
#type       avg     std     min     5th    10th    90th    95th    99th
read      659.7   253.6   156.2   404.7   432.5   959.3  1064.5  1197.3
update    661.8   256.0   189.1   405.1   432.6   968.6  1069.5  1199.4
op_q        4.8     2.5     1.0     1.1     2.0     7.7     9.5    11.9

Total QPS = 320057.1 (9601714 / 30.0s)

Misses = 0 (0.0%)
Skipped TXs = 0 (0.0%)

RX 1658203219 bytes :   52.7 MB/s
TX 1062271037 bytes :   33.8 MB/s
