3.000163 4062.500000 12161 4053.445832 129.710267
3.000235 4062.500000 12141 4046.682779 129.493849
3.000092 4062.500000 12297 4098.873771 131.163961
3.000140 4062.500000 12060 4019.812850 128.634011
3.000336 4062.500000 12426 4141.535816 132.529146
3.000043 4062.500000 12327 4108.940633 131.486100
3.000119 4062.500000 12228 4075.838674 130.426838
3.000102 4062.500000 12077 4025.530383 128.816972
3.000343 4062.500000 11925 3974.545978 127.185471
3.000052 4062.500000 12135 4044.930446 129.437774
3.000017 4062.500000 12033 4010.976662 128.351253
3.001496 4062.500000 12158 4050.646337 129.620683
3.000088 4062.500000 12332 4110.546481 131.537487
3.000306 4062.500000 12163 4053.919603 129.725427
3.000168 4062.500000 12100 4033.106928 129.059422
3.000048 4062.500000 12235 4078.268262 130.504584
3.000203 4062.500000 12259 4086.057320 130.753834
3.000047 4062.500000 12370 4123.269023 131.944609
3.000072 4062.500000 12242 4080.568632 130.578196
3.000330 4062.500000 12252 4083.550821 130.673626
3.000114 4062.500000 11953 3984.182516 127.493841
3.000236 4062.500000 12114 4037.682003 129.205824
3.000232 4062.500000 11918 3972.359995 127.115520
3.000059 4062.500000 12279 4092.918828 130.973403
3.000106 4062.500000 12294 4097.855045 131.131361
3.000038 4062.500000 11964 3987.949895 127.614397
3.000091 4062.500000 11942 3980.545594 127.377459
3.000243 4062.500000 12091 4030.006754 128.960216
3.000038 4062.500000 12000 3999.949134 127.998372
3.000010 4062.500000 12348 4115.986712 131.711575
3.000239 4062.500000 12149 4049.344014 129.579008
3.000170 4062.500000 12244 4081.102379 130.595276
6.001988 4062.500000 12270 4087.749081 130.807971
6.000431 4062.500000 12018 4005.832768 128.186649
6.000797 4062.500000 12075 4024.150192 128.772806
6.000211 4062.500000 12294 4097.776729 131.128855
6.000126 4062.500000 12130 4043.221314 129.383082
6.000081 4062.500000 11813 3937.609542 126.003505
6.001058 4062.500000 12238 4078.013869 130.496444
6.000415 4062.500000 12373 4123.845109 131.963043
6.000267 4062.500000 12301 4100.094534 131.203025
6.000197 4062.500000 12340 4113.255296 131.624169
6.000331 4062.500000 12232 4077.331563 130.474610
6.000409 4062.500000 12359 4119.336266 131.818761
6.000935 4062.500000 12119 4038.680265 129.237768
6.000075 4062.500000 12218 4072.663145 130.325221
6.001397 4062.500000 12611 4202.050854 134.465627
6.000462 4062.500000 12321 4106.684049 131.413890
6.000151 4062.500000 12129 4042.949173 129.374374
6.000335 4062.500000 12159 4052.670360 129.685452
6.000363 4062.500000 11922 3973.832409 127.162637
6.000178 4062.500000 11910 3969.825834 127.034427
6.000425 4062.500000 12259 4086.075200 130.754406
6.000450 4062.500000 12094 4030.871214 128.987879
6.000377 4062.500000 12314 4104.313823 131.338042
6.000069 4062.500000 12117 4038.930917 129.245789
6.000735 4062.500000 12213 4070.467154 130.254949
6.000575 4062.500000 12237 4078.231519 130.503409
6.000496 4062.500000 12230 4076.130931 130.436190
6.000133 4062.500000 12202 4067.222306 130.151114
6.000563 4062.500000 12086 4027.962142 128.894789
6.001853 4062.500000 12170 4056.184503 129.797904
6.001884 4062.500000 12169 4054.109853 129.731515
6.000349 4062.500000 12319 4106.088488 131.394832
9.000207 4062.500000 12179 4059.653147 129.908901
9.000091 4062.500000 12320 4106.653683 131.412918
9.001176 4062.500000 12081 4025.514272 128.816457
9.001162 4062.500000 12467 4154.350468 132.939215
9.000369 4062.500000 12433 4144.324196 132.618374
9.000231 4062.500000 12411 4136.855736 132.379384
9.000187 4062.500000 12172 4057.180867 129.829788
9.000984 4062.500000 11942 3979.562502 127.346000
9.000649 4062.500000 12131 4043.374063 129.387970
9.000433 4062.500000 12255 4084.653435 130.708910
9.001124 4062.500000 12228 4075.911498 130.429168
9.000329 4062.500000 12153 4050.916656 129.629333
9.000438 4062.500000 12189 4062.968979 130.015007
9.000570 4062.500000 12037 4012.189610 128.390068
9.000566 4062.500000 12180 4059.808395 129.913869
9.000830 4062.500000 12024 4007.873239 128.251944
9.000155 4062.500000 12255 4084.971274 130.719081
9.001654 4062.500000 12358 4117.681389 131.765804
9.000534 4062.500000 12079 4026.166104 128.837315
9.001260 4062.500000 12252 4083.557736 130.673848
9.000704 4062.500000 12115 4037.892742 129.212568
9.000342 4062.500000 12193 4064.318381 130.058188
9.000571 4062.500000 12495 4164.672512 133.269520
9.001111 4062.500000 11921 3973.250420 127.144013
9.000682 4062.500000 12321 4106.744585 131.415827
9.001611 4062.500000 12249 4082.708212 130.646663
9.001851 4062.500000 11848 3947.637715 126.324407
9.000757 4062.500000 11989 3996.090631 127.874900
9.002005 4062.500000 12255 4084.977498 130.719280
9.002233 4062.500000 12083 4027.155981 128.868991
9.001968 4062.500000 12304 4101.219313 131.239018
9.000430 4062.500000 11981 3993.558377 127.793868
12.001403 4062.500000 12334 4109.916997 131.517344
12.000128 4062.500000 12191 4063.616334 130.035723
12.000198 4062.500000 12198 4065.985273 130.111529
12.000388 4062.500000 12333 4110.784713 131.545111
12.001198 4062.500000 12157 4051.836750 129.658776
12.000253 4062.500000 12350 4116.603615 131.731316
12.000377 4062.500000 12325 4108.267905 131.464573
12.000842 4062.500000 12098 4032.122772 129.027929
12.001184 4062.500000 12247 4081.499473 130.607983
12.000865 4062.500000 12121 4040.042019 129.281345
12.000614 4062.500000 12272 4090.601897 130.899261
12.000715 4062.500000 12296 4098.418366 131.149388
12.000463 4062.500000 12401 4133.625614 132.276020
12.001185 4062.500000 12288 4095.159876 131.045116
12.000444 4062.500000 12255 4084.605883 130.707388
12.000748 4062.500000 12408 4135.939627 132.350068
12.001700 4062.500000 12219 4072.217896 130.310973
12.001190 4062.500000 12326 4108.558789 131.473881
12.001402 4062.500000 12221 4073.474627 130.351188
12.000814 4062.500000 12141 4046.363966 129.483647
12.001316 4062.500000 11955 3984.813528 127.514033
12.001035 4062.500000 12062 4020.598514 128.659152
12.001178 4062.500000 12173 4057.644602 129.844627
12.000706 4062.500000 12190 4063.301820 130.025658
12.000905 4062.500000 12362 4120.463581 131.854835
12.002368 4062.500000 12219 4072.507451 130.320238
12.001921 4062.500000 11894 3964.313444 126.858030
12.001753 4062.500000 12291 4096.805816 131.097786
12.002382 4062.500000 12136 4045.132634 129.444244
12.002403 4062.500000 12303 4100.246731 131.207895
12.001989 4062.500000 12184 4061.304891 129.961757
12.000833 4062.500000 12350 4116.113949 131.715646
15.000860 4062.500000 11825 3940.797889 126.105532
15.000269 4062.500000 12263 4087.644219 130.804615
15.000850 4062.500000 11909 3969.055779 127.009785
15.002170 4062.500000 12114 4037.367365 129.195756
15.000244 4062.500000 12203 4067.509590 130.160307
15.001519 4062.500000 12386 4127.212860 132.070812
15.001303 4062.500000 12180 4058.747228 129.879911
15.002878 4062.500000 12186 4059.505521 129.904177
15.001327 4062.500000 12115 4037.711028 129.206753
15.000764 4062.500000 12201 4066.796203 130.137478
15.000818 4062.500000 11922 3973.906797 127.165018
15.001800 4062.500000 12325 4107.497893 131.439933
15.002086 4062.500000 12308 4101.733288 131.255465
15.001180 4062.500000 11978 3992.664735 127.765272
15.001331 4062.500000 12333 4110.156181 131.524998
15.001304 4062.500000 12232 4077.189227 130.470055
15.001159 4062.500000 12540 4179.558541 133.745873
15.000870 4062.500000 11847 3948.783555 126.361074
15.000621 4062.500000 12268 4089.092017 130.850945
15.001450 4062.500000 12235 4078.267398 130.504557
15.001462 4062.500000 12114 4037.628227 129.204103
15.000884 4062.500000 12438 4145.903379 132.668908
15.003470 4062.500000 12492 4160.829813 133.146554
15.001452 4062.500000 12184 4061.150096 129.956803
15.000922 4062.500000 12327 4108.976842 131.487259
15.002493 4062.500000 12215 4070.889825 130.268474
15.002445 4062.500000 12081 4026.916308 128.861322
15.002449 4062.500000 12106 4035.223633 129.127156
15.001784 4062.500000 12443 4147.624510 132.723984
15.002771 4062.500000 12040 4012.840361 128.410892
15.002156 4062.500000 12215 4071.439106 130.286051
15.000864 4062.500000 12271 4090.290195 130.889286
18.001715 4062.500000 12279 4092.242257 130.951752
18.000687 4062.500000 12123 4040.403537 129.292913
18.001284 4062.500000 12198 4065.509852 130.096315
18.000606 4062.500000 12094 4030.880055 128.988162
18.001767 4062.500000 12124 4040.125639 129.284020
18.000909 4062.500000 12322 4107.134937 131.428318
18.001631 4062.500000 11973 3989.919401 127.677421
18.000860 4062.500000 12326 4108.652729 131.476887
18.001759 4062.500000 12283 4093.709988 130.998720
18.001386 4062.500000 12123 4040.721592 129.303091
18.003171 4062.500000 12097 4031.422582 129.005523
18.002251 4062.500000 12217 4071.048005 130.273536
18.000711 4062.500000 12412 4137.209902 132.390717
18.001683 4062.500000 12374 4124.176901 131.973661
18.000930 4062.500000 12486 4161.902122 133.180868
18.001779 4062.500000 12229 4075.901616 130.428852
18.001626 4062.500000 12327 4108.759238 131.480296
18.001757 4062.500000 12084 4027.428888 128.877724
18.001588 4062.500000 12051 4016.816979 128.538143
18.001109 4062.500000 12209 4069.361306 130.219562
18.001887 4062.500000 12339 4112.880608 131.612179
18.002466 4062.500000 11834 3944.277721 126.216887
18.001541 4062.500000 12222 4073.971277 130.367081
18.002103 4062.500000 12029 4009.644467 128.308623
18.002707 4062.500000 12040 4012.988242 128.415624
18.001878 4062.500000 12061 4020.207103 128.646627
18.002483 4062.500000 12347 4115.613664 131.699637
18.003013 4062.500000 12224 4074.338181 130.378822
18.003430 4062.500000 12171 4056.253667 129.800117
18.003598 4062.500000 12166 4055.159439 129.765102
18.002470 4062.500000 12210 4069.575287 130.226409
18.001961 4062.500000 12340 4111.831135 131.578596
21.000983 4062.500000 12191 4063.566646 130.034133
21.001331 4062.500000 12141 4046.131001 129.476192
21.000694 4062.500000 12251 4083.547702 130.673526
21.001230 4062.500000 12429 4142.488962 132.559647
21.001488 4062.500000 12287 4095.528200 131.056902
21.000797 4062.500000 12391 4130.214112 132.166852
21.000982 4062.500000 11954 3984.597322 127.507114
21.001861 4062.500000 12195 4064.859197 130.075494
21.002060 4062.500000 12298 4098.818376 131.162188
21.002665 4062.500000 12203 4066.466563 130.126930
21.001660 4062.500000 12294 4097.959853 131.134715
21.001765 4062.500000 12130 4043.265516 129.384497
21.001774 4062.500000 12160 4053.017509 129.696560
21.002414 4062.500000 12190 4062.911231 130.013159
21.001855 4062.500000 12020 4006.310244 128.201928
21.002016 4062.500000 11996 3998.325288 127.946409
21.002695 4062.500000 12237 4078.397011 130.508704
21.001766 4062.500000 12120 4039.811764 129.273976
21.001301 4062.500000 12321 4106.737253 131.415592
21.001965 4062.500000 11999 3999.563247 127.986024
21.002510 4062.500000 12097 4032.273107 129.032739
21.002631 4062.500000 12214 4071.133146 130.276261
21.001900 4062.500000 12134 4044.637513 129.428400
21.001332 4062.500000 12416 4138.600287 132.435209
21.001808 4062.500000 12109 4036.277956 129.160895
21.002789 4062.500000 12207 4068.889540 130.204465
21.003202 4062.500000 12016 4005.292180 128.169350
21.003461 4062.500000 12054 4017.399890 128.556796
21.003660 4062.500000 12060 4019.691587 128.630131
21.003703 4062.500000 12075 4024.859781 128.795513
21.002709 4062.500000 11809 3936.019616 125.952628
21.002118 4062.500000 12291 4096.784797 131.097113
24.000978 4062.500000 12168 4055.756131 129.784196
24.001938 4062.500000 12175 4057.376545 129.836049
24.000853 4062.500000 12225 4074.783832 130.393083
24.001446 4062.500000 12193 4063.706083 130.038595
24.001337 4062.500000 12155 4051.658537 129.653073
24.001068 4062.500000 12227 4075.550201 130.417606
24.002532 4062.500000 12100 4032.699181 129.046374
24.002128 4062.500000 12163 4053.972088 129.727107
24.001539 4062.500000 12132 4043.930326 129.405770
24.002281 4062.500000 12222 4073.357590 130.347443
24.002221 4062.500000 12166 4054.839091 129.754851
24.001809 4062.500000 12188 4062.607688 130.003446
24.001693 4062.500000 12244 4081.288126 130.601220
24.002641 4062.500000 12268 4088.152188 130.820870
24.001768 4062.500000 12104 4034.663200 129.109222
24.001669 4062.500000 12530 4176.154565 133.636946
24.001968 4062.500000 12165 4054.996021 129.759873
24.002632 4062.500000 11885 3961.664976 126.773279
24.002219 4062.500000 12235 4077.898887 130.492764
24.002032 4062.500000 12242 4080.644386 130.580620
24.001453 4062.500000 12041 4013.504671 128.432149
24.002861 4062.500000 12192 4063.525671 130.032821
24.002535 4062.500000 12241 4080.169478 130.565423
24.003071 4062.500000 12271 4089.820972 130.874271
24.002941 4062.500000 12133 4044.127326 129.412074
24.003529 4062.500000 12300 4098.818524 131.162193
24.003274 4062.500000 12100 4033.237074 129.063586
24.003968 4062.500000 12188 4062.249512 129.991984
24.003667 4062.500000 12391 4130.049289 132.161577
24.003757 4062.500000 12094 4031.260812 129.000346
24.003035 4062.500000 12159 4052.558972 129.681887
24.002226 4062.500000 12132 4043.855119 129.403364
27.001214 4062.500000 11967 3988.805973 127.641791
27.002055 4062.500000 12251 4083.275668 130.664821
27.001059 4062.500000 12494 4164.380498 133.260176
27.002282 4062.500000 12296 4098.196106 131.142275
27.003304 4062.500000 12165 4053.194283 129.702217
27.002284 4062.500000 12346 4114.034373 131.649100
27.001718 4062.500000 12235 4078.091182 130.498918
27.001497 4062.500000 12299 4099.597511 131.187120
27.001281 4062.500000 12214 4070.921297 130.269481
27.001987 4062.500000 12236 4078.425328 130.509610
27.002173 4062.500000 12385 4127.673390 132.085548
27.003219 4062.500000 12389 4128.721204 132.119079
27.002079 4062.500000 12100 4033.269443 129.064622
27.001563 4062.500000 12159 4052.851116 129.691236
27.001670 4062.500000 12100 4033.331514 129.066608
27.003084 4062.500000 12055 4018.142703 128.580566
27.002273 4062.500000 12407 4135.466777 132.334937
27.002561 4062.500000 12282 4093.964444 131.006862
27.002640 4062.500000 12144 4047.989662 129.535669
27.002232 4062.500000 12234 4077.983138 130.495460
27.002335 4062.500000 12249 4082.844234 130.651016
27.003309 4062.500000 12016 4004.441875 128.142140
27.002474 4062.500000 12154 4051.072411 129.634317
27.003070 4062.500000 12382 4127.045606 132.065459
27.003178 4062.500000 12208 4069.187758 130.214008
27.004075 4062.500000 12129 4041.920692 129.341462
27.003782 4062.500000 12452 4150.631985 132.820224
27.003563 4062.500000 12216 4071.953891 130.302525
27.004135 4062.500000 12072 4023.775991 128.760832
27.004258 4062.500000 12214 4070.532315 130.257034
27.003691 4062.500000 12339 4112.100715 131.587223
27.002397 4062.500000 11874 3957.773426 126.648750
30.004745 4062.500000 12218 4069.328134 130.218500
#type       avg     std     min     5th    10th    90th    95th    99th
read      532.3   314.5    72.9   299.4   329.4   781.9   857.4   984.7
update    535.0   320.2    97.0   300.1   330.0   785.8   859.8   985.9
op_q        3.5     2.1     1.0     1.0     1.1     5.9     7.0     9.3

Total QPS = 259935.0 (7798050 / 30.0s)

Misses = 0 (0.0%)
Skipped TXs = 0 (0.0%)

RX 1344458848 bytes :   42.7 MB/s
TX  862359523 bytes :   27.4 MB/s
