3.000096 1944.444444 5776 1925.271788 61.608697
3.001610 1944.444444 5632 1876.326360 60.042444
3.000025 1944.444444 5696 1898.651131 60.756836
3.000183 1944.444444 5724 1907.883325 61.052266
3.000894 1944.444444 5801 1933.090807 61.858906
3.000014 1944.444444 5884 1961.324224 62.762375
3.000123 1944.444444 5802 1933.920568 61.885458
3.000525 1944.444444 5836 1944.992999 62.239776
3.000256 1944.444444 5911 1970.164951 63.045278
3.000361 1944.444444 5716 1905.103983 60.963327
3.000422 1944.444444 5927 1975.388872 63.212444
3.001580 1944.444444 5811 1935.980579 61.951379
3.000051 1944.444444 5860 1953.299834 62.505595
3.000014 1944.444444 5933 1977.657409 63.285037
3.000017 1944.444444 5934 1977.988622 63.295636
3.000030 1944.444444 5784 1927.980415 61.695373
3.000698 1944.444444 5913 1970.541757 63.057336
3.000705 1944.444444 5727 1908.551671 61.073653
3.000463 1944.444444 5798 1932.368759 61.835800
3.000362 1944.444444 5804 1934.433388 61.901868
3.000977 1944.444444 5840 1946.032648 62.273045
3.000204 1944.444444 5766 1921.869209 61.499815
3.000472 1944.444444 5844 1947.693348 62.326187
3.000512 1944.444444 5955 1984.661205 63.509159
3.000363 1944.444444 5732 1910.435231 61.133927
3.000075 1944.444444 5857 1952.284512 62.473104
3.000367 1944.444444 5871 1956.760375 62.616332
3.000104 1944.444444 5823 1940.932904 62.109853
3.000437 1944.444444 5842 1947.049982 62.305599
3.000411 1944.444444 5743 1914.071023 61.250273
3.000226 1944.444444 5748 1915.855964 61.307391
3.000928 1944.444444 5720 1906.077187 60.994470
6.000587 1944.444444 5845 1947.972106 62.335107
6.000300 1944.444444 5802 1933.822190 61.882310
6.000426 1944.444444 5887 1962.291182 62.793318
6.000217 1944.444444 5791 1930.226591 61.767251
6.000498 1944.444444 5822 1940.579336 62.098539
6.000676 1944.444444 5750 1916.465620 61.326900
6.000369 1944.444444 5827 1942.105385 62.147372
6.000316 1944.444444 5881 1960.207189 62.726630
6.000403 1944.444444 5776 1925.083764 61.602680
6.000758 1944.444444 5826 1941.518382 62.128588
6.000253 1944.444444 5894 1964.634791 62.868313
6.001446 1944.444444 5929 1975.430765 63.213784
6.000792 1944.444444 6029 2009.608221 64.307463
6.001157 1944.444444 5818 1938.884280 62.044297
6.001485 1944.444444 5807 1935.047315 61.921514
6.000189 1944.444444 5778 1925.996629 61.631892
6.000300 1944.444444 5696 1898.639278 60.756457
6.000536 1944.444444 5798 1932.625677 61.844022
6.001908 1944.444444 5619 1872.814247 59.930056
6.001048 1944.444444 5862 1953.954311 62.526538
6.000139 1944.444444 5726 1908.644293 61.076617
6.001017 1944.444444 5816 1938.586692 62.034774
6.000203 1944.444444 5800 1933.263997 61.864448
6.002535 1944.444444 5818 1938.715764 62.038904
6.000497 1944.444444 5982 1993.950139 63.806404
6.000420 1944.444444 5775 1924.994155 61.599813
6.001119 1944.444444 5876 1958.270261 62.664648
6.002085 1944.444444 5640 1878.924192 60.125574
6.000742 1944.444444 5856 1951.971275 62.463081
6.000486 1944.444444 6048 2015.966612 64.510932
6.000471 1944.444444 5772 1923.842896 61.562973
6.001031 1944.444444 5931 1976.932287 63.261833
9.000684 1944.444444 5802 1933.681041 61.877793
9.002014 1944.444444 5820 1939.210257 62.054728
9.000775 1944.444444 5650 1883.035269 60.257129
9.000994 1944.444444 5760 1919.621893 61.427901
9.001339 1944.444444 5872 1957.123664 62.627957
9.000774 1944.444444 6064 2021.322748 64.682328
9.001520 1944.444444 5845 1947.510874 62.320348
9.000581 1944.444444 5816 1938.495876 62.031868
9.000382 1944.444444 5785 1928.325516 61.706417
9.001311 1944.444444 5971 1989.662788 63.669209
9.000668 1944.444444 5818 1939.042193 62.049350
9.000628 1944.444444 5934 1977.914364 63.293260
9.000335 1944.444444 5858 1952.581096 62.482595
9.000676 1944.444444 5864 1954.608499 62.547472
9.000814 1944.444444 5864 1954.413803 62.541242
9.000806 1944.444444 5870 1956.464894 62.606877
9.001001 1944.444444 5961 1986.785045 63.577121
9.002297 1944.444444 5784 1927.749877 61.687996
9.001054 1944.444444 5862 1953.662903 62.517213
9.001643 1944.444444 5786 1928.283632 61.705076
9.000643 1944.444444 5866 1955.004795 62.560153
9.001112 1944.444444 5787 1928.597764 61.715128
9.001202 1944.444444 5898 1965.698494 62.902352
9.001496 1944.444444 5688 1895.992861 60.671772
9.002343 1944.444444 5943 1980.217591 63.366963
9.001637 1944.444444 5855 1951.542342 62.449355
9.002083 1944.444444 5792 1929.596929 61.747102
9.003456 1944.444444 5768 1922.076597 61.506451
9.001656 1944.444444 5948 1982.311788 63.433977
9.002234 1944.444444 5846 1948.570262 62.354248
9.001493 1944.444444 5905 1967.662422 62.965198
9.001154 1944.444444 5810 1936.586945 61.970782
12.004066 1944.444444 5876 1956.264026 62.600449
12.001392 1944.444444 5850 1949.780383 62.392972
12.002331 1944.444444 5761 1919.337745 61.418808
12.001505 1944.444444 5773 1923.801954 61.561663
12.001301 1944.444444 5906 1968.250977 62.984031
12.000709 1944.444444 5716 1905.317172 60.970150
12.001019 1944.444444 5914 1971.045156 63.073445
12.001239 1944.444444 5798 1932.508837 61.840283
12.001576 1944.444444 5853 1950.845722 62.427063
12.000935 1944.444444 5925 1974.920116 63.197444
12.002435 1944.444444 5960 1985.588357 63.538827
12.002230 1944.444444 5878 1958.531123 62.672996
12.001966 1944.444444 5841 1946.710200 62.294726
12.001619 1944.444444 5926 1975.252507 63.208080
12.000920 1944.444444 5682 1893.907571 60.605042
12.001061 1944.444444 5843 1947.385915 62.316349
12.002887 1944.444444 5780 1925.868304 61.627786
12.000423 1944.444444 5860 1953.276172 62.504838
12.002761 1944.444444 5912 1969.714540 63.030865
12.002327 1944.444444 5914 1970.594332 63.059019
12.002109 1944.444444 5826 1941.938478 62.142031
12.001081 1944.444444 5867 1955.381140 62.572196
12.003900 1944.444444 5687 1894.654388 60.628940
12.001471 1944.444444 5887 1962.098590 62.787155
12.002381 1944.444444 5850 1949.974879 62.399196
12.001702 1944.444444 5847 1948.957701 62.366646
12.001872 1944.444444 5854 1951.193021 62.438177
12.003864 1944.444444 5704 1901.075079 60.834403
12.003360 1944.444444 5709 1902.285726 60.873143
12.002456 1944.444444 5792 1930.426760 61.773656
12.002170 1944.444444 5886 1961.557529 62.769841
12.001158 1944.444444 5926 1975.330983 63.210591
15.001730 1944.444444 5826 1941.682259 62.133832
15.001740 1944.444444 5949 1982.318713 63.434199
15.002017 1944.444444 5773 1923.629839 61.556155
15.001102 1944.444444 5757 1918.946732 61.406295
15.001737 1944.444444 5826 1941.149894 62.116797
15.001239 1944.444444 5800 1933.137759 61.860408
15.001795 1944.444444 5836 1945.219140 62.247012
15.001596 1944.444444 5854 1951.273929 62.440766
15.001444 1944.444444 5700 1899.757234 60.792231
15.001504 1944.444444 5687 1895.538344 60.657227
15.002317 1944.444444 5959 1985.842970 63.546975
15.001798 1944.444444 5712 1903.741739 60.919736
15.003815 1944.444444 5951 1982.683514 63.445872
15.001109 1944.444444 5865 1954.981623 62.559412
15.002117 1944.444444 5873 1957.245227 62.631847
15.002810 1944.444444 5705 1901.363590 60.843635
15.002748 1944.444444 5802 1933.496422 61.871886
15.001919 1944.444444 5818 1939.302767 62.057689
15.003128 1944.444444 5735 1911.190738 61.158104
15.002494 1944.444444 5740 1913.087427 61.218798
15.002999 1944.444444 5877 1958.927081 62.685667
15.002923 1944.444444 5731 1909.892091 61.116547
15.004865 1944.444444 5780 1925.316020 61.610113
15.002598 1944.444444 5830 1943.228236 62.183304
15.002004 1944.444444 5938 1979.133843 63.332283
15.003972 1944.444444 5755 1918.264170 61.384453
15.005929 1944.444444 5945 1980.437045 63.373985
15.004565 1944.444444 5908 1968.896507 63.004688
15.003831 1944.444444 5698 1899.035089 60.769123
15.003035 1944.444444 5908 1968.953510 63.006512
15.002557 1944.444444 5720 1906.420679 61.005462
15.001350 1944.444444 5804 1934.542851 61.905371
18.001738 1944.444444 5748 1915.994506 61.311824
18.002832 1944.444444 5944 1980.457050 63.374626
18.002243 1944.444444 5862 1953.708359 62.518667
18.005765 1944.444444 5894 1961.617934 62.771774
18.003308 1944.444444 5818 1939.011246 62.048360
18.001859 1944.444444 5868 1955.595547 62.579058
18.001797 1944.444444 5914 1971.201436 63.078446
18.002249 1944.444444 5923 1974.036924 63.169182
18.002260 1944.444444 5764 1921.000329 61.472011
18.002677 1944.444444 5749 1916.282802 61.321050
18.003051 1944.444444 5931 1975.941658 63.230133
18.001834 1944.444444 5848 1949.270071 62.376642
18.002375 1944.444444 5734 1911.105671 61.155381
18.004174 1944.444444 5860 1952.568357 62.482187
18.002668 1944.444444 5886 1961.770307 62.776650
18.005864 1944.444444 5884 1959.133138 62.692260
18.002980 1944.444444 5770 1923.184668 61.541909
18.002075 1944.444444 5926 1974.697691 63.190326
18.002094 1944.444444 5860 1953.219770 62.503033
18.003269 1944.444444 5737 1912.243916 61.191805
18.003594 1944.444444 5736 1911.572669 61.170325
18.004187 1944.444444 5936 1977.227853 63.271291
18.004060 1944.444444 5868 1955.839877 62.586876
18.002504 1944.444444 5798 1932.417045 61.837345
18.004247 1944.444444 5840 1946.488309 62.287626
18.004823 1944.444444 5820 1939.833223 62.074663
18.005006 1944.444444 5788 1929.242807 61.735770
18.004049 1944.444444 5765 1921.527325 61.488874
18.003196 1944.444444 5899 1966.227460 62.919279
18.006658 1944.444444 5723 1907.203236 61.030504
18.002796 1944.444444 5975 1991.507971 63.728255
18.002172 1944.444444 5795 1931.137086 61.796387
21.001929 1944.444444 5711 1903.582766 60.914649
21.002195 1944.444444 5877 1958.701913 62.678461
21.003391 1944.444444 5817 1938.269170 62.024613
21.003079 1944.444444 5845 1947.541430 62.321326
21.002461 1944.444444 5766 1921.598425 61.491150
21.002258 1944.444444 5688 1895.990465 60.671695
21.002674 1944.444444 5800 1933.329673 61.866550
21.002392 1944.444444 5667 1888.988961 60.447647
21.004462 1944.444444 5752 1916.386579 61.324371
21.003443 1944.444444 5988 1995.910462 63.869135
21.002823 1944.444444 6027 2008.615412 64.275693
21.003060 1944.444444 5982 1993.848102 63.803139
21.004520 1944.444444 5782 1927.038038 61.665217
21.003726 1944.444444 5878 1959.034455 62.689103
21.002898 1944.444444 5841 1946.466078 62.286914
21.002806 1944.444444 5751 1916.807123 61.337828
21.004071 1944.444444 5813 1937.358589 61.995475
21.003849 1944.444444 5766 1921.581979 61.490623
21.002998 1944.444444 5878 1959.123320 62.691946
21.003530 1944.444444 5957 1985.349609 63.531187
21.002387 1944.444444 5892 1963.807998 62.841856
21.004531 1944.444444 5727 1908.772864 61.080732
21.005770 1944.444444 5806 1934.351334 61.899243
21.004885 1944.444444 5923 1974.292319 63.177354
21.004235 1944.444444 5924 1974.544286 63.185417
21.007080 1944.444444 5853 1950.145233 62.404647
21.005341 1944.444444 5785 1928.118229 61.699783
21.004890 1944.444444 5923 1973.871105 63.163875
21.006265 1944.444444 5999 1999.399406 63.980781
21.007063 1944.444444 5937 1978.732368 63.319436
21.003001 1944.444444 5772 1923.869043 61.563809
21.002658 1944.444444 6021 2006.674802 64.213594
24.004969 1944.444444 5730 1908.276010 61.064832
24.003082 1944.444444 5839 1946.068846 62.274203
24.004360 1944.444444 5683 1894.254204 60.616135
24.002097 1944.444444 5872 1957.223781 62.631161
24.004076 1944.444444 5841 1946.352930 62.283294
24.002597 1944.444444 5990 1996.399021 63.884769
24.002812 1944.444444 5714 1904.400176 60.940806
24.002503 1944.444444 5845 1948.305676 62.345782
24.003273 1944.444444 5803 1934.196360 61.894284
24.003453 1944.444444 5892 1963.993297 62.847786
24.004051 1944.444444 5867 1955.326994 62.570464
24.004592 1944.444444 5860 1953.248516 62.503953
24.002928 1944.444444 5730 1909.933613 61.117876
24.004916 1944.444444 5800 1932.350976 61.835231
24.003886 1944.444444 5813 1937.093288 61.986985
24.006536 1944.444444 5832 1942.694191 62.166214
24.003658 1944.444444 5911 1969.499109 63.023971
24.003197 1944.444444 5947 1982.075443 63.426414
24.004522 1944.444444 5906 1968.370398 62.987853
24.003849 1944.444444 5951 1983.585243 63.474728
24.006046 1944.444444 6007 2001.322553 64.042322
24.003205 1944.444444 5976 1991.796028 63.737473
24.005050 1944.444444 5751 1916.895135 61.340644
24.006445 1944.444444 5952 1983.880957 63.484191
24.005770 1944.444444 5847 1948.999621 62.367988
24.006188 1944.444444 5636 1878.136057 60.100354
24.005415 1944.444444 5766 1921.663940 61.493246
24.004009 1944.444444 5990 1996.560558 63.889938
24.007209 1944.444444 5892 1963.904573 62.844946
24.008238 1944.444444 6007 2001.560683 64.049942
24.003213 1944.444444 5766 1921.864194 61.499654
24.002736 1944.444444 5833 1944.283386 62.217068
27.003000 1944.444444 5845 1948.071959 62.338303
27.003101 1944.444444 5819 1939.654012 62.068928
27.002973 1944.444444 5759 1919.564042 61.426049
27.004335 1944.444444 5958 1984.519356 63.504619
27.003701 1944.444444 5760 1919.841266 61.434921
27.004527 1944.444444 5855 1950.626799 62.420058
27.003677 1944.444444 5717 1904.921612 60.957492
27.003369 1944.444444 5759 1919.605268 61.427369
27.004049 1944.444444 5948 1982.559177 63.441894
27.004547 1944.444444 5758 1918.887436 61.404398
27.004251 1944.444444 6098 2032.548102 65.041539
27.004258 1944.444444 5790 1929.866804 61.755738
27.004641 1944.444444 5942 1980.588504 63.378832
27.006892 1944.444444 5998 1998.106054 63.939394
27.005195 1944.444444 5798 1932.486947 61.839582
27.003923 1944.444444 5717 1905.498575 60.975954
27.004642 1944.444444 5949 1982.966647 63.454933
27.004902 1944.444444 5791 1929.984377 61.759500
27.003288 1944.444444 5822 1940.613189 62.099622
27.005651 1944.444444 5977 1991.880477 63.740175
27.004214 1944.444444 6028 2008.652237 64.276872
27.004717 1944.444444 5745 1914.547931 61.265534
27.005886 1944.444444 5925 1974.924045 63.197569
27.006380 1944.444444 5958 1985.873005 63.547936
27.007932 1944.444444 5836 1944.369564 62.219826
27.006069 1944.444444 5768 1922.652050 61.524866
27.006330 1944.444444 5884 1960.734898 62.743517
27.006541 1944.444444 5759 1919.663811 61.429242
27.008036 1944.444444 5947 1981.787476 63.417199
27.008353 1944.444444 5844 1947.925496 62.333616
27.003385 1944.444444 5748 1915.890124 61.308484
27.003697 1944.444444 5807 1935.046605 61.921491
30.003706 1944.444444 5915 1971.445299 63.086250
#type       avg     std     min     5th    10th    90th    95th    99th
read     1024.8   605.5   142.0   618.6   678.9  1346.4  1438.9  1756.2
update   1026.8   610.7   171.9   618.3   678.9  1350.8  1450.0  1794.5
op_q        3.3     2.0     1.0     1.0     1.1     5.6     6.1     8.0

Total QPS = 139965.0 (4198950 / 30.0s)

Misses = 0 (0.0%)
Skipped TXs = 0 (0.0%)

RX  727330433 bytes :   23.1 MB/s
TX  465247515 bytes :   14.8 MB/s
