Requests      [total, rate, throughput]         12, 10.91, 10.70
Duration      [total, attack, wait]             1.122s, 1.1s, 21.706ms
Latencies     [min, mean, 50, 90, 95, 99, max]  21.126ms, 21.63ms, 21.516ms, 22.153ms, 22.717ms, 22.811ms, 22.811ms
Bytes In      [total, mean]                     24, 2.00
Bytes Out     [total, mean]                     0, 0.00
Success       [ratio]                           100.00%
Status Codes  [code:count]                      200:12  
Error Set:
Requests      [total, rate, throughput]         22, 10.48, 10.37
Duration      [total, attack, wait]             2.121s, 2.1s, 21.037ms
Latencies     [min, mean, 50, 90, 95, 99, max]  21.037ms, 21.535ms, 21.522ms, 21.867ms, 22.247ms, 22.811ms, 22.811ms
Bytes In      [total, mean]                     44, 2.00
Bytes Out     [total, mean]                     0, 0.00
Success       [ratio]                           100.00%
Status Codes  [code:count]                      200:22  
Error Set:
Requests      [total, rate, throughput]         32, 10.32, 10.25
Duration      [total, attack, wait]             3.122s, 3.1s, 21.388ms
Latencies     [min, mean, 50, 90, 95, 99, max]  21.037ms, 21.548ms, 21.544ms, 21.828ms, 21.87ms, 22.811ms, 22.811ms
Bytes In      [total, mean]                     64, 2.00
Bytes Out     [total, mean]                     0, 0.00
Success       [ratio]                           100.00%
Status Codes  [code:count]                      200:32  
Error Set:
Requests      [total, rate, throughput]         42, 10.24, 10.19
Duration      [total, attack, wait]             4.121s, 4.1s, 21.223ms
Latencies     [min, mean, 50, 90, 95, 99, max]  21.037ms, 21.527ms, 21.489ms, 21.828ms, 21.993ms, 22.811ms, 22.811ms
Bytes In      [total, mean]                     84, 2.00
Bytes Out     [total, mean]                     0, 0.00
Success       [ratio]                           100.00%
Status Codes  [code:count]                      200:42  
Error Set:
Requests      [total, rate, throughput]         52, 10.20, 10.15
Duration      [total, attack, wait]             5.122s, 5.1s, 21.372ms
Latencies     [min, mean, 50, 90, 95, 99, max]  21.037ms, 21.509ms, 21.489ms, 21.828ms, 21.936ms, 22.799ms, 22.811ms
Bytes In      [total, mean]                     104, 2.00
Bytes Out     [total, mean]                     0, 0.00
Success       [ratio]                           100.00%
Status Codes  [code:count]                      200:52  
Error Set:
Requests      [total, rate, throughput]         62, 10.16, 10.13
Duration      [total, attack, wait]             6.122s, 6.101s, 21.15ms
Latencies     [min, mean, 50, 90, 95, 99, max]  21.037ms, 21.499ms, 21.464ms, 21.828ms, 21.936ms, 22.735ms, 22.811ms
Bytes In      [total, mean]                     124, 2.00
Bytes Out     [total, mean]                     0, 0.00
Success       [ratio]                           100.00%
Status Codes  [code:count]                      200:62  
Error Set:
Requests      [total, rate, throughput]         72, 10.14, 10.11
Duration      [total, attack, wait]             7.122s, 7.101s, 21.348ms
Latencies     [min, mean, 50, 90, 95, 99, max]  21.037ms, 21.511ms, 21.489ms, 21.84ms, 21.942ms, 22.671ms, 22.811ms
Bytes In      [total, mean]                     144, 2.00
Bytes Out     [total, mean]                     0, 0.00
Success       [ratio]                           100.00%
Status Codes  [code:count]                      200:72  
Error Set:
Requests      [total, rate, throughput]         82, 10.12, 10.10
Duration      [total, attack, wait]             8.121s, 8.1s, 21.653ms
Latencies     [min, mean, 50, 90, 95, 99, max]  21.037ms, 21.503ms, 21.486ms, 21.817ms, 21.936ms, 22.608ms, 22.811ms
Bytes In      [total, mean]                     164, 2.00
Bytes Out     [total, mean]                     0, 0.00
Success       [ratio]                           100.00%
Status Codes  [code:count]                      200:82  
Error Set:
Requests      [total, rate, throughput]         92, 10.11, 10.09
Duration      [total, attack, wait]             9.122s, 9.1s, 21.6ms
Latencies     [min, mean, 50, 90, 95, 99, max]  21.035ms, 21.504ms, 21.481ms, 21.84ms, 21.942ms, 22.58ms, 22.811ms
Bytes In      [total, mean]                     184, 2.00
Bytes Out     [total, mean]                     0, 0.00
Success       [ratio]                           100.00%
Status Codes  [code:count]                      200:92  
Error Set:
Requests      [total, rate, throughput]         102, 10.10, 10.08
Duration      [total, attack, wait]             10.122s, 10.1s, 21.773ms
Latencies     [min, mean, 50, 90, 95, 99, max]  20.996ms, 21.511ms, 21.507ms, 21.84ms, 21.976ms, 22.525ms, 22.811ms
Bytes In      [total, mean]                     204, 2.00
Bytes Out     [total, mean]                     0, 0.00
Success       [ratio]                           100.00%
Status Codes  [code:count]                      200:102  
Error Set:
Requests      [total, rate, throughput]         112, 10.09, 10.07
Duration      [total, attack, wait]             11.121s, 11.1s, 21.346ms
Latencies     [min, mean, 50, 90, 95, 99, max]  20.996ms, 21.497ms, 21.492ms, 21.817ms, 21.942ms, 22.47ms, 22.811ms
Bytes In      [total, mean]                     224, 2.00
Bytes Out     [total, mean]                     0, 0.00
Success       [ratio]                           100.00%
Status Codes  [code:count]                      200:112  
Error Set:
Requests      [total, rate, throughput]         122, 10.08, 10.07
Duration      [total, attack, wait]             12.121s, 12.1s, 21.102ms
Latencies     [min, mean, 50, 90, 95, 99, max]  20.964ms, 21.506ms, 21.492ms, 21.817ms, 21.976ms, 23.128ms, 23.944ms
Bytes In      [total, mean]                     244, 2.00
Bytes Out     [total, mean]                     0, 0.00
Success       [ratio]                           100.00%
Status Codes  [code:count]                      200:122  
Error Set:
Requests      [total, rate, throughput]         132, 10.08, 10.06
Duration      [total, attack, wait]             13.122s, 13.1s, 21.665ms
Latencies     [min, mean, 50, 90, 95, 99, max]  20.964ms, 21.501ms, 21.486ms, 21.805ms, 21.942ms, 23.015ms, 23.944ms
Bytes In      [total, mean]                     264, 2.00
Bytes Out     [total, mean]                     0, 0.00
Success       [ratio]                           100.00%
Status Codes  [code:count]                      200:132  
Error Set:
Requests      [total, rate, throughput]         142, 10.07, 10.06
Duration      [total, attack, wait]             14.122s, 14.1s, 21.447ms
Latencies     [min, mean, 50, 90, 95, 99, max]  20.964ms, 21.493ms, 21.481ms, 21.785ms, 21.936ms, 22.902ms, 23.944ms
Bytes In      [total, mean]                     284, 2.00
Bytes Out     [total, mean]                     0, 0.00
Success       [ratio]                           100.00%
Status Codes  [code:count]                      200:142  
Error Set:
Requests      [total, rate, throughput]         152, 10.07, 10.05
Duration      [total, attack, wait]             15.121s, 15.1s, 21.341ms
Latencies     [min, mean, 50, 90, 95, 99, max]  20.964ms, 21.498ms, 21.486ms, 21.785ms, 21.942ms, 22.8ms, 23.944ms
Bytes In      [total, mean]                     304, 2.00
Bytes Out     [total, mean]                     0, 0.00
Success       [ratio]                           100.00%
Status Codes  [code:count]                      200:152  
Error Set:
Requests      [total, rate, throughput]         162, 10.06, 10.05
Duration      [total, attack, wait]             16.122s, 16.1s, 21.138ms
Latencies     [min, mean, 50, 90, 95, 99, max]  20.964ms, 21.488ms, 21.481ms, 21.776ms, 21.936ms, 22.745ms, 23.944ms
Bytes In      [total, mean]                     324, 2.00
Bytes Out     [total, mean]                     0, 0.00
Success       [ratio]                           100.00%
Status Codes  [code:count]                      200:162  
Error Set:
Requests      [total, rate, throughput]         172, 10.06, 10.05
Duration      [total, attack, wait]             17.121s, 17.1s, 20.892ms
Latencies     [min, mean, 50, 90, 95, 99, max]  20.892ms, 21.485ms, 21.481ms, 21.775ms, 21.926ms, 22.69ms, 23.944ms
Bytes In      [total, mean]                     344, 2.00
Bytes Out     [total, mean]                     0, 0.00
Success       [ratio]                           100.00%
Status Codes  [code:count]                      200:172  
Error Set:
Requests      [total, rate, throughput]         182, 10.06, 10.04
Duration      [total, attack, wait]             18.121s, 18.1s, 21.043ms
Latencies     [min, mean, 50, 90, 95, 99, max]  20.892ms, 21.48ms, 21.481ms, 21.774ms, 21.904ms, 22.635ms, 23.944ms
Bytes In      [total, mean]                     364, 2.00
Bytes Out     [total, mean]                     0, 0.00
Success       [ratio]                           100.00%
Status Codes  [code:count]                      200:182  
Error Set:
Requests      [total, rate, throughput]         192, 10.05, 10.04
Duration      [total, attack, wait]             19.121s, 19.1s, 21.128ms
Latencies     [min, mean, 50, 90, 95, 99, max]  20.892ms, 21.477ms, 21.466ms, 21.774ms, 21.885ms, 22.58ms, 23.944ms
Bytes In      [total, mean]                     384, 2.00
Bytes Out     [total, mean]                     0, 0.00
Success       [ratio]                           100.00%
Status Codes  [code:count]                      200:192  
Error Set:
Requests      [total, rate, throughput]         202, 10.05, 10.04
Duration      [total, attack, wait]             20.122s, 20.1s, 21.488ms
Latencies     [min, mean, 50, 90, 95, 99, max]  20.892ms, 21.474ms, 21.458ms, 21.775ms, 21.877ms, 22.525ms, 23.944ms
Bytes In      [total, mean]                     404, 2.00
Bytes Out     [total, mean]                     0, 0.00
Success       [ratio]                           100.00%
Status Codes  [code:count]                      200:202  
Error Set:
Requests      [total, rate, throughput]         212, 10.05, 10.04
Duration      [total, attack, wait]             21.121s, 21.1s, 21.123ms
Latencies     [min, mean, 50, 90, 95, 99, max]  20.892ms, 21.471ms, 21.452ms, 21.776ms, 21.87ms, 22.47ms, 23.944ms
Bytes In      [total, mean]                     424, 2.00
Bytes Out     [total, mean]                     0, 0.00
Success       [ratio]                           100.00%
Status Codes  [code:count]                      200:212  
Error Set:
Requests      [total, rate, throughput]         222, 10.05, 10.04
Duration      [total, attack, wait]             22.121s, 22.1s, 21.281ms
Latencies     [min, mean, 50, 90, 95, 99, max]  20.892ms, 21.467ms, 21.455ms, 21.775ms, 21.868ms, 22.415ms, 23.944ms
Bytes In      [total, mean]                     444, 2.00
Bytes Out     [total, mean]                     0, 0.00
Success       [ratio]                           100.00%
Status Codes  [code:count]                      200:222  
Error Set:
Requests      [total, rate, throughput]         232, 10.04, 10.03
Duration      [total, attack, wait]             23.121s, 23.1s, 21.028ms
Latencies     [min, mean, 50, 90, 95, 99, max]  20.892ms, 21.459ms, 21.448ms, 21.773ms, 21.864ms, 22.36ms, 23.944ms
Bytes In      [total, mean]                     464, 2.00
Bytes Out     [total, mean]                     0, 0.00
Success       [ratio]                           100.00%
Status Codes  [code:count]                      200:232  
Error Set:
Requests      [total, rate, throughput]         242, 10.04, 10.03
Duration      [total, attack, wait]             24.122s, 24.1s, 21.452ms
Latencies     [min, mean, 50, 90, 95, 99, max]  20.892ms, 21.458ms, 21.448ms, 21.771ms, 21.854ms, 22.305ms, 23.944ms
Bytes In      [total, mean]                     484, 2.00
Bytes Out     [total, mean]                     0, 0.00
Success       [ratio]                           100.00%
Status Codes  [code:count]                      200:242  
Error Set:
Requests      [total, rate, throughput]         252, 10.04, 10.03
Duration      [total, attack, wait]             25.121s, 25.1s, 21.167ms
Latencies     [min, mean, 50, 90, 95, 99, max]  20.892ms, 21.455ms, 21.448ms, 21.766ms, 21.845ms, 22.26ms, 23.944ms
Bytes In      [total, mean]                     504, 2.00
Bytes Out     [total, mean]                     0, 0.00
Success       [ratio]                           100.00%
Status Codes  [code:count]                      200:252  
Error Set:
Requests      [total, rate, throughput]         262, 10.04, 10.03
Duration      [total, attack, wait]             26.122s, 26.1s, 21.694ms
Latencies     [min, mean, 50, 90, 95, 99, max]  20.892ms, 21.457ms, 21.45ms, 21.771ms, 21.846ms, 22.251ms, 23.944ms
Bytes In      [total, mean]                     524, 2.00
Bytes Out     [total, mean]                     0, 0.00
Success       [ratio]                           100.00%
Status Codes  [code:count]                      200:262  
Error Set:
Requests      [total, rate, throughput]         272, 10.04, 10.03
Duration      [total, attack, wait]             27.121s, 27.1s, 21.242ms
Latencies     [min, mean, 50, 90, 95, 99, max]  20.892ms, 21.457ms, 21.45ms, 21.771ms, 21.846ms, 22.242ms, 23.944ms
Bytes In      [total, mean]                     544, 2.00
Bytes Out     [total, mean]                     0, 0.00
Success       [ratio]                           100.00%
Status Codes  [code:count]                      200:272  
Error Set:
Requests      [total, rate, throughput]         282, 10.04, 10.03
Duration      [total, attack, wait]             28.122s, 28.1s, 21.522ms
Latencies     [min, mean, 50, 90, 95, 99, max]  20.892ms, 21.456ms, 21.45ms, 21.768ms, 21.846ms, 22.234ms, 23.944ms
Bytes In      [total, mean]                     564, 2.00
Bytes Out     [total, mean]                     0, 0.00
Success       [ratio]                           100.00%
Status Codes  [code:count]                      200:282  
Error Set:
Requests      [total, rate, throughput]         292, 10.03, 10.03
Duration      [total, attack, wait]             29.122s, 29.1s, 21.731ms
Latencies     [min, mean, 50, 90, 95, 99, max]  20.892ms, 21.455ms, 21.451ms, 21.765ms, 21.844ms, 22.225ms, 23.944ms
Bytes In      [total, mean]                     584, 2.00
Bytes Out     [total, mean]                     0, 0.00
Success       [ratio]                           100.00%
Status Codes  [code:count]                      200:292  
Error Set:
Requests      [total, rate, throughput]         302, 10.03, 10.03
Duration      [total, attack, wait]             30.121s, 30.1s, 20.999ms
Latencies     [min, mean, 50, 90, 95, 99, max]  20.892ms, 21.454ms, 21.451ms, 21.765ms, 21.839ms, 22.216ms, 23.944ms
Bytes In      [total, mean]                     604, 2.00
Bytes Out     [total, mean]                     0, 0.00
Success       [ratio]                           100.00%
Status Codes  [code:count]                      200:302  
Error Set:
Requests      [total, rate, throughput]         312, 10.03, 10.03
Duration      [total, attack, wait]             31.122s, 31.101s, 21.59ms
Latencies     [min, mean, 50, 90, 95, 99, max]  20.892ms, 21.452ms, 21.452ms, 21.765ms, 21.833ms, 22.208ms, 23.944ms
Bytes In      [total, mean]                     624, 2.00
Bytes Out     [total, mean]                     0, 0.00
Success       [ratio]                           100.00%
Status Codes  [code:count]                      200:312  
Error Set:
Requests      [total, rate, throughput]         322, 10.03, 10.02
Duration      [total, attack, wait]             32.122s, 32.1s, 21.688ms
Latencies     [min, mean, 50, 90, 95, 99, max]  20.892ms, 21.452ms, 21.457ms, 21.762ms, 21.828ms, 22.199ms, 23.944ms
Bytes In      [total, mean]                     644, 2.00
Bytes Out     [total, mean]                     0, 0.00
Success       [ratio]                           100.00%
Status Codes  [code:count]                      200:322  
Error Set:
Requests      [total, rate, throughput]         332, 10.03, 10.02
Duration      [total, attack, wait]             33.122s, 33.101s, 21.359ms
Latencies     [min, mean, 50, 90, 95, 99, max]  20.892ms, 21.45ms, 21.452ms, 21.762ms, 21.833ms, 22.19ms, 23.944ms
Bytes In      [total, mean]                     664, 2.00
Bytes Out     [total, mean]                     0, 0.00
Success       [ratio]                           100.00%
Status Codes  [code:count]                      200:332  
Error Set:
Requests      [total, rate, throughput]         342, 10.03, 10.02
Duration      [total, attack, wait]             34.121s, 34.1s, 21.015ms
Latencies     [min, mean, 50, 90, 95, 99, max]  20.892ms, 21.452ms, 21.457ms, 21.762ms, 21.837ms, 22.182ms, 23.944ms
Bytes In      [total, mean]                     684, 2.00
Bytes Out     [total, mean]                     0, 0.00
Success       [ratio]                           100.00%
Status Codes  [code:count]                      200:342  
Error Set:
Requests      [total, rate, throughput]         352, 10.03, 10.02
Duration      [total, attack, wait]             35.122s, 35.1s, 21.264ms
Latencies     [min, mean, 50, 90, 95, 99, max]  20.892ms, 21.449ms, 21.455ms, 21.759ms, 21.833ms, 22.173ms, 23.944ms
Bytes In      [total, mean]                     704, 2.00
Bytes Out     [total, mean]                     0, 0.00
Success       [ratio]                           100.00%
Status Codes  [code:count]                      200:352  
Error Set:
Requests      [total, rate, throughput]         362, 10.03, 10.02
Duration      [total, attack, wait]             36.121s, 36.1s, 21.359ms
Latencies     [min, mean, 50, 90, 95, 99, max]  20.892ms, 21.45ms, 21.457ms, 21.759ms, 21.828ms, 22.164ms, 23.944ms
Bytes In      [total, mean]                     724, 2.00
Bytes Out     [total, mean]                     0, 0.00
Success       [ratio]                           100.00%
Status Codes  [code:count]                      200:362  
Error Set:
Requests      [total, rate, throughput]         372, 10.03, 10.02
Duration      [total, attack, wait]             37.121s, 37.1s, 21.312ms
Latencies     [min, mean, 50, 90, 95, 99, max]  20.892ms, 21.446ms, 21.451ms, 21.756ms, 21.824ms, 22.156ms, 23.944ms
Bytes In      [total, mean]                     744, 2.00
Bytes Out     [total, mean]                     0, 0.00
Success       [ratio]                           100.00%
Status Codes  [code:count]                      200:372  
Error Set:
Requests      [total, rate, throughput]         382, 10.03, 10.02
Duration      [total, attack, wait]             38.121s, 38.1s, 21.553ms
Latencies     [min, mean, 50, 90, 95, 99, max]  20.892ms, 21.447ms, 21.453ms, 21.756ms, 21.819ms, 22.147ms, 23.944ms
Bytes In      [total, mean]                     764, 2.00
Bytes Out     [total, mean]                     0, 0.00
Success       [ratio]                           100.00%
Status Codes  [code:count]                      200:382  
Error Set:
Requests      [total, rate, throughput]         392, 10.03, 10.02
Duration      [total, attack, wait]             39.122s, 39.101s, 21.765ms
Latencies     [min, mean, 50, 90, 95, 99, max]  20.892ms, 21.446ms, 21.455ms, 21.756ms, 21.815ms, 22.138ms, 23.944ms
Bytes In      [total, mean]                     784, 2.00
Bytes Out     [total, mean]                     0, 0.00
Success       [ratio]                           100.00%
Status Codes  [code:count]                      200:392  
Error Set:
Requests      [total, rate, throughput]         402, 10.03, 10.02
Duration      [total, attack, wait]             40.121s, 40.1s, 21.747ms
Latencies     [min, mean, 50, 90, 95, 99, max]  20.892ms, 21.447ms, 21.457ms, 21.755ms, 21.811ms, 22.129ms, 23.944ms
Bytes In      [total, mean]                     804, 2.00
Bytes Out     [total, mean]                     0, 0.00
Success       [ratio]                           100.00%
Status Codes  [code:count]                      200:402  
Error Set:
Requests      [total, rate, throughput]         412, 10.02, 10.02
Duration      [total, attack, wait]             41.121s, 41.1s, 21.081ms
Latencies     [min, mean, 50, 90, 95, 99, max]  20.892ms, 21.444ms, 21.453ms, 21.755ms, 21.81ms, 22.12ms, 23.944ms
Bytes In      [total, mean]                     824, 2.00
Bytes Out     [total, mean]                     0, 0.00
Success       [ratio]                           100.00%
Status Codes  [code:count]                      200:412  
Error Set:
Requests      [total, rate, throughput]         422, 10.02, 10.02
Duration      [total, attack, wait]             42.121s, 42.1s, 21.378ms
Latencies     [min, mean, 50, 90, 95, 99, max]  20.892ms, 21.443ms, 21.453ms, 21.751ms, 21.81ms, 22.112ms, 23.944ms
Bytes In      [total, mean]                     844, 2.00
Bytes Out     [total, mean]                     0, 0.00
Success       [ratio]                           100.00%
Status Codes  [code:count]                      200:422  
Error Set:
Requests      [total, rate, throughput]         432, 10.02, 10.02
Duration      [total, attack, wait]             43.122s, 43.1s, 21.355ms
Latencies     [min, mean, 50, 90, 95, 99, max]  20.892ms, 21.44ms, 21.451ms, 21.748ms, 21.809ms, 22.103ms, 23.944ms
Bytes In      [total, mean]                     864, 2.00
Bytes Out     [total, mean]                     0, 0.00
Success       [ratio]                           100.00%
Status Codes  [code:count]                      200:432  
Error Set:
Requests      [total, rate, throughput]         442, 10.02, 10.02
Duration      [total, attack, wait]             44.121s, 44.1s, 21.738ms
Latencies     [min, mean, 50, 90, 95, 99, max]  20.892ms, 21.438ms, 21.448ms, 21.745ms, 21.808ms, 22.094ms, 23.944ms
Bytes In      [total, mean]                     884, 2.00
Bytes Out     [total, mean]                     0, 0.00
Success       [ratio]                           100.00%
Status Codes  [code:count]                      200:442  
Error Set:
Requests      [total, rate, throughput]         452, 10.02, 10.02
Duration      [total, attack, wait]             45.121s, 45.1s, 21.389ms
Latencies     [min, mean, 50, 90, 95, 99, max]  20.892ms, 21.437ms, 21.446ms, 21.748ms, 21.808ms, 22.087ms, 23.944ms
Bytes In      [total, mean]                     904, 2.00
Bytes Out     [total, mean]                     0, 0.00
Success       [ratio]                           100.00%
Status Codes  [code:count]                      200:452  
Error Set:
Requests      [total, rate, throughput]         462, 10.02, 10.02
Duration      [total, attack, wait]             46.122s, 46.1s, 21.734ms
Latencies     [min, mean, 50, 90, 95, 99, max]  20.892ms, 21.437ms, 21.444ms, 21.748ms, 21.809ms, 22.086ms, 23.944ms
Bytes In      [total, mean]                     924, 2.00
Bytes Out     [total, mean]                     0, 0.00
Success       [ratio]                           100.00%
Status Codes  [code:count]                      200:462  
Error Set:
Requests      [total, rate, throughput]         472, 10.02, 10.02
Duration      [total, attack, wait]             47.122s, 47.1s, 21.808ms
Latencies     [min, mean, 50, 90, 95, 99, max]  20.892ms, 21.442ms, 21.446ms, 21.761ms, 21.825ms, 22.154ms, 23.944ms
Bytes In      [total, mean]                     944, 2.00
Bytes Out     [total, mean]                     0, 0.00
Success       [ratio]                           100.00%
Status Codes  [code:count]                      200:472  
Error Set:
Requests      [total, rate, throughput]         482, 10.02, 10.02
Duration      [total, attack, wait]             48.121s, 48.1s, 21.184ms
Latencies     [min, mean, 50, 90, 95, 99, max]  20.892ms, 21.441ms, 21.448ms, 21.757ms, 21.821ms, 22.145ms, 23.944ms
Bytes In      [total, mean]                     964, 2.00
Bytes Out     [total, mean]                     0, 0.00
Success       [ratio]                           100.00%
Status Codes  [code:count]                      200:482  
Error Set:
Requests      [total, rate, throughput]         492, 10.02, 10.02
Duration      [total, attack, wait]             49.121s, 49.1s, 21.748ms
Latencies     [min, mean, 50, 90, 95, 99, max]  20.839ms, 21.44ms, 21.448ms, 21.754ms, 21.817ms, 22.137ms, 23.944ms
Bytes In      [total, mean]                     984, 2.00
Bytes Out     [total, mean]                     0, 0.00
Success       [ratio]                           100.00%
Status Codes  [code:count]                      200:492  
Error Set:
Requests      [total, rate, throughput]         502, 10.02, 10.02
Duration      [total, attack, wait]             50.123s, 50.1s, 22.061ms
Latencies     [min, mean, 50, 90, 95, 99, max]  20.839ms, 21.44ms, 21.448ms, 21.757ms, 21.821ms, 22.128ms, 23.944ms
Bytes In      [total, mean]                     1004, 2.00
Bytes Out     [total, mean]                     0, 0.00
Success       [ratio]                           100.00%
Status Codes  [code:count]                      200:502  
Error Set:
Requests      [total, rate, throughput]         512, 10.02, 10.02
Duration      [total, attack, wait]             51.121s, 51.1s, 21.354ms
Latencies     [min, mean, 50, 90, 95, 99, max]  20.839ms, 21.44ms, 21.445ms, 21.759ms, 21.817ms, 22.12ms, 23.944ms
Bytes In      [total, mean]                     1024, 2.00
Bytes Out     [total, mean]                     0, 0.00
Success       [ratio]                           100.00%
Status Codes  [code:count]                      200:512  
Error Set:
Requests      [total, rate, throughput]         522, 10.02, 10.01
Duration      [total, attack, wait]             52.122s, 52.101s, 21.406ms
Latencies     [min, mean, 50, 90, 95, 99, max]  20.839ms, 21.441ms, 21.447ms, 21.76ms, 21.813ms, 22.111ms, 23.944ms
Bytes In      [total, mean]                     1044, 2.00
Bytes Out     [total, mean]                     0, 0.00
Success       [ratio]                           100.00%
Status Codes  [code:count]                      200:522  
Error Set:
Requests      [total, rate, throughput]         532, 10.02, 10.01
Duration      [total, attack, wait]             53.122s, 53.1s, 21.732ms
Latencies     [min, mean, 50, 90, 95, 99, max]  20.839ms, 21.442ms, 21.447ms, 21.759ms, 21.817ms, 22.103ms, 23.944ms
Bytes In      [total, mean]                     1064, 2.00
Bytes Out     [total, mean]                     0, 0.00
Success       [ratio]                           100.00%
Status Codes  [code:count]                      200:532  
Error Set:
Requests      [total, rate, throughput]         542, 10.02, 10.01
Duration      [total, attack, wait]             54.122s, 54.1s, 21.504ms
Latencies     [min, mean, 50, 90, 95, 99, max]  20.839ms, 21.444ms, 21.449ms, 21.761ms, 21.821ms, 22.094ms, 23.944ms
Bytes In      [total, mean]                     1084, 2.00
Bytes Out     [total, mean]                     0, 0.00
Success       [ratio]                           100.00%
Status Codes  [code:count]                      200:542  
Error Set:
Requests      [total, rate, throughput]         552, 10.02, 10.01
Duration      [total, attack, wait]             55.122s, 55.101s, 21.878ms
Latencies     [min, mean, 50, 90, 95, 99, max]  20.839ms, 21.448ms, 21.453ms, 21.764ms, 21.833ms, 22.171ms, 23.944ms
Bytes In      [total, mean]                     1104, 2.00
Bytes Out     [total, mean]                     0, 0.00
Success       [ratio]                           100.00%
Status Codes  [code:count]                      200:552  
Error Set:
Requests      [total, rate, throughput]         562, 10.02, 10.01
Duration      [total, attack, wait]             56.121s, 56.1s, 21.292ms
Latencies     [min, mean, 50, 90, 95, 99, max]  20.839ms, 21.447ms, 21.449ms, 21.764ms, 21.831ms, 22.163ms, 23.944ms
Bytes In      [total, mean]                     1124, 2.00
Bytes Out     [total, mean]                     0, 0.00
Success       [ratio]                           100.00%
Status Codes  [code:count]                      200:562  
Error Set:
Requests      [total, rate, throughput]         572, 10.02, 10.01
Duration      [total, attack, wait]             57.122s, 57.1s, 21.556ms
Latencies     [min, mean, 50, 90, 95, 99, max]  20.839ms, 21.446ms, 21.448ms, 21.762ms, 21.83ms, 22.154ms, 23.944ms
Bytes In      [total, mean]                     1144, 2.00
Bytes Out     [total, mean]                     0, 0.00
Success       [ratio]                           100.00%
Status Codes  [code:count]                      200:572  
Error Set:
Requests      [total, rate, throughput]         582, 10.02, 10.01
Duration      [total, attack, wait]             58.122s, 58.1s, 21.904ms
Latencies     [min, mean, 50, 90, 95, 99, max]  20.839ms, 21.448ms, 21.452ms, 21.762ms, 21.831ms, 22.145ms, 23.944ms
Bytes In      [total, mean]                     1164, 2.00
Bytes Out     [total, mean]                     0, 0.00
Success       [ratio]                           100.00%
Status Codes  [code:count]                      200:582  
Error Set:
Requests      [total, rate, throughput]         592, 10.02, 10.01
Duration      [total, attack, wait]             59.121s, 59.1s, 21.211ms
Latencies     [min, mean, 50, 90, 95, 99, max]  20.839ms, 21.446ms, 21.447ms, 21.762ms, 21.83ms, 22.148ms, 23.944ms
Bytes In      [total, mean]                     1184, 2.00
Bytes Out     [total, mean]                     0, 0.00
Success       [ratio]                           100.00%
Status Codes  [code:count]                      200:592  
Error Set:
Requests      [total, rate, throughput]         600, 10.02, 10.01
Duration      [total, attack, wait]             59.922s, 59.901s, 21.702ms
Latencies     [min, mean, 50, 90, 95, 99, max]  20.839ms, 21.447ms, 21.447ms, 21.764ms, 21.829ms, 22.143ms, 23.944ms
Bytes In      [total, mean]                     1200, 2.00
Bytes Out     [total, mean]                     0, 0.00
Success       [ratio]                           100.00%
Status Codes  [code:count]                      200:600  
Error Set:
