3.000092 5937.500000 17620 5873.153913 187.940925
3.000003 5937.500000 17572 5857.328437 187.434510
3.000187 5937.500000 17824 5940.962473 190.110799
3.000297 5937.500000 17895 5964.409290 190.861097
3.001458 5937.500000 17897 5962.769394 190.808621
3.000012 5937.500000 17750 5916.642267 189.332553
3.000086 5937.500000 17641 5880.164452 188.165262
3.000088 5937.500000 18020 6006.489515 192.207664
3.000087 5937.500000 17819 5939.494925 190.063838
3.000071 5937.500000 17840 5946.525262 190.288808
3.000054 5937.500000 17761 5920.226545 189.447249
3.000130 5937.500000 17626 5875.078047 188.002498
3.000028 5937.500000 17893 5964.278140 190.856900
3.000508 5937.500000 17576 5857.674411 187.445581
3.000359 5937.500000 18195 6064.275282 194.056809
3.000026 5937.500000 17999 5999.614410 191.987661
3.000232 5937.500000 17914 5970.872241 191.067912
3.000505 5937.500000 17538 5845.015993 187.040512
3.000044 5937.500000 17970 5989.912792 191.677209
3.000031 5937.500000 17831 5943.605296 190.195369
3.000246 5937.500000 17200 5732.863172 183.451622
3.000465 5937.500000 18048 6015.068126 192.482180
3.000101 5937.500000 18022 6007.131793 192.228217
3.000016 5937.500000 17987 5995.634458 191.860303
3.000028 5937.500000 17818 5939.278871 190.056924
3.000163 5937.500000 17660 5886.345950 188.363070
3.000027 5937.500000 17849 5949.613914 190.387645
3.000413 5937.500000 17503 5833.530995 186.672992
3.000520 5937.500000 17890 5962.299746 190.793592
3.000017 5937.500000 17882 5960.633066 190.740258
3.000127 5937.500000 17268 5755.757216 184.184231
3.000041 5937.500000 18038 6012.583673 192.402678
6.000408 5937.500000 18045 6014.777793 192.472889
6.000059 5937.500000 17614 5871.269226 187.880615
6.000268 5937.500000 17813 5937.191536 189.990129
6.000162 5937.500000 17636 5878.402140 188.108868
6.000328 5937.500000 17778 5925.383700 189.612278
6.000420 5937.500000 17828 5942.004800 190.144154
6.000117 5937.500000 17953 5984.301262 191.497640
6.000130 5937.500000 18144 6047.762497 193.528400
6.000327 5937.500000 17719 5905.860792 188.987545
6.000086 5937.500000 17827 5942.303439 190.153710
6.000097 5937.500000 17693 5897.529789 188.720953
6.000107 5937.500000 17854 5951.302926 190.441694
6.000119 5937.500000 17731 5910.103858 189.123323
6.000694 5937.500000 17914 5970.442559 191.054162
6.000797 5937.500000 17445 5813.817506 186.042160
6.001059 5937.500000 17815 5937.156442 189.989006
6.000090 5937.500000 18009 6002.997097 192.095907
6.000257 5937.500000 17849 5949.615968 190.387711
6.000280 5937.500000 17823 5940.506879 190.096220
6.000194 5937.500000 17965 5988.054924 191.617758
6.000651 5937.500000 17874 5957.710041 190.646721
6.000756 5937.500000 17540 5846.183687 187.077878
6.000171 5937.500000 17914 5971.318581 191.082195
6.000425 5937.500000 17469 5822.871384 186.331884
6.000064 5937.500000 17541 5846.959651 187.102709
6.000151 5937.500000 17796 5931.960051 189.822722
6.000725 5937.500000 17867 5955.047457 190.561519
6.000143 5937.500000 18089 6029.414160 192.941253
6.000567 5937.500000 17909 5969.572865 191.026332
6.000176 5937.500000 17707 5902.236227 188.871559
6.001508 5937.500000 17915 5971.567112 191.090148
6.000251 5937.500000 17412 5803.594409 185.715021
9.000253 5937.500000 17796 5931.671493 189.813488
9.001041 5937.500000 17740 5912.110040 189.187521
9.000762 5937.500000 17897 5964.387968 190.860415
9.000787 5937.500000 17702 5899.235225 188.775527
9.000132 5937.500000 18090 6029.996260 192.959880
9.001118 5937.500000 17817 5937.316570 189.994130
9.000782 5937.500000 17804 5933.926853 189.885659
9.000650 5937.500000 17809 5935.601553 189.939250
9.000504 5937.500000 17655 5884.188146 188.294021
9.000360 5937.500000 17768 5922.147064 189.508706
9.000381 5937.500000 18151 6050.227318 193.607274
9.000221 5937.500000 18226 6075.017031 194.400545
9.000385 5937.500000 17904 5967.883306 190.972266
9.001663 5937.500000 17964 5985.068752 191.522200
9.000746 5937.500000 17866 5955.229739 190.567352
9.000875 5937.500000 17733 5910.846459 189.147087
9.000196 5937.500000 17868 5955.841763 190.586936
9.000292 5937.500000 17951 5983.424980 191.469599
9.000502 5937.500000 17738 5912.183625 189.189876
9.000286 5937.500000 18221 6073.304092 194.345731
9.000240 5937.500000 17910 5969.805562 191.033778
9.000504 5937.500000 17994 5997.293051 191.913378
9.001386 5937.500000 17661 5885.114736 188.323672
9.000825 5937.500000 17726 5908.324228 189.066375
9.000286 5937.500000 17775 5924.753763 189.592120
9.000817 5937.500000 17524 5840.847850 186.907131
9.001072 5937.500000 18003 6000.975475 192.031215
9.001169 5937.500000 18021 6006.172801 192.197530
9.001323 5937.500000 17980 5992.138422 191.748429
9.001666 5937.500000 17656 5885.023331 188.320747
9.000385 5937.500000 17772 5923.588064 189.554818
9.000560 5937.500000 17957 5985.050439 191.521614
12.000299 5937.500000 17593 5864.132726 187.652247
12.000267 5937.500000 18027 6008.970552 192.287058
12.000472 5937.500000 17406 5801.832885 185.658652
12.001269 5937.500000 17979 5991.037602 191.713203
12.000193 5937.500000 17426 5808.548477 185.873551
12.000403 5937.500000 17815 5938.288530 190.025233
12.000554 5937.500000 17970 5989.373030 191.659937
12.000630 5937.500000 17882 5960.416520 190.733329
12.001119 5937.500000 18139 6046.176420 193.477645
12.000888 5937.500000 17679 5892.791479 188.569327
12.000387 5937.500000 17837 5945.478883 190.255324
12.001082 5937.500000 18192 6063.319868 194.026236
12.000449 5937.500000 17811 5936.824527 189.978385
12.000424 5937.500000 17822 5940.264510 190.088464
12.001147 5937.500000 17977 5991.050464 191.713615
12.001168 5937.500000 17753 5917.089512 189.346864
12.001823 5937.500000 17473 5821.770644 186.296661
12.000902 5937.500000 18017 6005.512871 192.176412
12.000352 5937.500000 18146 6048.535085 193.553123
12.000800 5937.500000 17610 5869.925076 187.837602
12.000685 5937.500000 17953 5984.262915 191.496413
12.001424 5937.500000 17609 5869.067986 187.810176
12.001227 5937.500000 17553 5850.141383 187.204524
12.000876 5937.500000 17972 5990.548881 191.697564
12.001246 5937.500000 17842 5946.988743 190.303640
12.001432 5937.500000 17426 5808.454636 185.870548
12.001387 5937.500000 17862 5953.998022 190.527937
12.001624 5937.500000 17688 5895.107006 188.643424
12.001956 5937.500000 18092 6030.077858 192.962491
12.000391 5937.500000 18141 6046.986677 193.503574
12.001891 5937.500000 17793 5930.555630 189.777780
12.000633 5937.500000 18060 6019.852507 192.635280
15.000364 5937.500000 17752 5917.142040 189.348545
15.000292 5937.500000 17544 5847.806420 187.129805
15.000510 5937.500000 17835 5944.582736 190.226648
15.000498 5937.500000 17737 5912.282152 189.193029
15.000800 5937.500000 17702 5899.975818 188.799226
15.000359 5937.500000 17773 5924.318870 189.578204
15.000825 5937.500000 17621 5872.841653 187.930933
15.000409 5937.500000 17939 5979.622391 191.347917
15.000724 5937.500000 17406 5801.818670 185.658197
15.001086 5937.500000 17477 5825.282648 186.409045
15.001023 5937.500000 17889 5962.558031 190.801857
15.001417 5937.500000 17864 5954.372209 190.539911
15.000602 5937.500000 17619 5872.651243 187.924840
15.001387 5937.500000 17925 5974.521219 191.184679
15.000686 5937.500000 17924 5974.665256 191.189288
15.001450 5937.500000 17795 5931.109345 189.795499
15.000986 5937.500000 17838 5945.833579 190.266675
15.001486 5937.500000 17743 5914.137337 189.252395
15.001535 5937.500000 17684 5894.449122 188.622372
15.000595 5937.500000 17960 5986.585548 191.570738
15.001222 5937.500000 17824 5941.128291 190.116105
15.001135 5937.500000 18102 6033.894392 193.084621
15.001222 5937.500000 17886 5961.310980 190.761951
15.001414 5937.500000 17842 5946.963379 190.302828
15.001953 5937.500000 17769 5921.604439 189.491342
15.002393 5937.500000 17979 5992.127653 191.748085
15.001697 5937.500000 17432 5810.153276 185.924905
15.001985 5937.500000 18001 5999.611108 191.987555
15.000446 5937.500000 17670 5889.893168 188.476581
15.001837 5937.500000 18090 6029.972111 192.959108
15.002625 5937.500000 17696 5897.222166 188.711109
15.000741 5937.500000 17990 5996.451638 191.886452
18.000789 5937.500000 17814 5937.016660 189.984533
18.000877 5937.500000 17756 5917.654588 189.364947
18.000731 5937.500000 17768 5922.206784 189.510617
18.002241 5937.500000 17723 5906.276278 189.000841
18.000843 5937.500000 17755 5917.676675 189.365654
18.001273 5937.500000 17980 5992.235543 191.751537
18.000626 5937.500000 17672 5890.605318 188.499370
18.000974 5937.500000 17852 5949.446908 190.382301
18.000463 5937.500000 17551 5850.227389 187.207276
18.001075 5937.500000 17931 5976.896123 191.260676
18.000800 5937.500000 17658 5885.776537 188.344849
18.001280 5937.500000 17940 5979.613167 191.347621
18.001383 5937.500000 17613 5870.513675 187.856438
18.001386 5937.500000 18265 6088.000816 194.816026
18.001049 5937.500000 17661 5886.560540 188.369937
18.001605 5937.500000 17766 5921.569741 189.490232
18.001173 5937.500000 17776 5924.596383 189.587084
18.001872 5937.500000 17906 5967.827737 190.970488
18.000872 5937.500000 17968 5988.793341 191.641387
18.001491 5937.500000 17700 5899.990502 188.799696
18.001482 5937.500000 17615 5871.532160 187.889029
18.001210 5937.500000 17777 5925.223489 189.607152
18.001519 5937.500000 17693 5897.465733 188.718903
18.001994 5937.500000 17822 5940.354481 190.091343
18.003004 5937.500000 17673 5889.799229 188.473575
18.001731 5937.500000 17826 5941.933183 190.141862
18.001264 5937.500000 18045 6014.915886 192.477308
18.000548 5937.500000 17788 5929.130240 189.732168
18.001992 5937.500000 18037 6012.254341 192.392139
18.002022 5937.500000 18199 6066.258230 194.120263
18.003143 5937.500000 18267 6087.949398 194.814381
18.000925 5937.500000 17935 5977.966281 191.294921
21.001530 5937.500000 17903 5967.170265 190.949448
21.000774 5937.500000 18053 6017.042749 192.545368
21.000822 5937.500000 17708 5902.602593 188.883283
21.000852 5937.500000 17724 5907.897435 189.052718
21.000765 5937.500000 17751 5916.933381 189.341868
21.001262 5937.500000 17643 5880.632802 188.180250
21.001274 5937.500000 17851 5950.134836 190.404315
21.001956 5937.500000 17794 5929.858338 189.755467
21.000934 5937.500000 17955 5984.887527 191.516401
21.001093 5937.500000 17825 5941.229602 190.119347
21.001791 5937.500000 17932 5976.735327 191.255530
21.001465 5937.500000 17793 5930.845219 189.787047
21.001132 5937.500000 17890 5962.757941 190.808254
21.001625 5937.500000 17948 5982.382010 191.436224
21.000688 5937.500000 17746 5915.210865 189.286748
21.002111 5937.500000 17960 5986.434430 191.565902
21.001497 5937.500000 17650 5883.110270 188.259529
21.001306 5937.500000 17639 5879.601599 188.147251
21.001481 5937.500000 17919 5971.990181 191.103686
21.001319 5937.500000 17884 5960.796069 190.745474
21.001668 5937.500000 17492 5830.544948 186.577438
21.000633 5937.500000 17860 5953.164915 190.501277
21.002156 5937.500000 17809 5935.770082 189.944643
21.001272 5937.500000 18042 6013.984375 192.447500
21.001520 5937.500000 17670 5889.998078 188.479939
21.002319 5937.500000 17774 5924.512517 189.584401
21.002115 5937.500000 17814 5937.814834 190.010075
21.002032 5937.500000 17719 5906.254982 189.000159
21.001786 5937.500000 17974 5991.223549 191.719154
21.003175 5937.500000 17997 5998.657850 191.957051
21.003200 5937.500000 18240 6079.885146 194.556325
21.000979 5937.500000 17965 5988.225756 191.623224
24.004217 5937.500000 17676 5886.599192 188.371174
24.001325 5937.500000 17695 5898.209924 188.742718
24.000810 5937.500000 17488 5829.245077 186.535842
24.000963 5937.500000 17848 5949.053323 190.369706
24.001659 5937.500000 17913 5970.323035 191.050337
24.000970 5937.500000 18052 6017.260191 192.552326
24.001716 5937.500000 18085 6027.940951 192.894110
24.002338 5937.500000 18203 6064.662307 194.069194
24.000727 5937.500000 17535 5844.924529 187.037585
24.000990 5937.500000 17732 5910.242909 189.127773
24.001402 5937.500000 18038 6012.124790 192.387993
24.001309 5937.500000 17760 5919.994658 189.439829
24.001330 5937.500000 18036 6011.525881 192.368828
24.001884 5937.500000 17855 5950.867915 190.427773
24.001313 5937.500000 18013 6004.250931 192.136030
24.001547 5937.500000 17707 5902.234581 188.871507
24.001694 5937.500000 18037 6012.003330 192.384107
24.001344 5937.500000 17824 5941.194304 190.118218
24.002174 5937.500000 17670 5889.875016 188.476001
24.002064 5937.500000 17869 5956.269523 190.600625
24.002348 5937.500000 17687 5895.289028 188.649249
24.001787 5937.500000 17980 5993.094262 191.779016
24.002296 5937.500000 17725 5907.665057 189.045282
24.001990 5937.500000 17993 5996.937607 191.902003
24.001807 5937.500000 17957 5985.635632 191.540340
24.000707 5937.500000 17924 5974.519410 191.184621
24.002974 5937.500000 17625 5873.319190 187.946214
24.002535 5937.500000 17789 5929.241523 189.735729
24.001786 5937.500000 17908 5969.333093 191.018659
24.003342 5937.500000 18059 6019.333032 192.618657
24.003305 5937.500000 17798 5932.458206 189.838663
24.001203 5937.500000 18007 6001.886257 192.060360
27.000874 5937.500000 17820 5939.872897 190.075933
27.000971 5937.500000 17730 5909.999267 189.119977
27.003100 5937.500000 18112 6035.821394 193.146285
27.000821 5937.500000 17476 5825.151015 186.404832
27.001791 5937.500000 17770 5922.449895 189.518397
27.001673 5937.500000 17538 5845.974052 187.071170
27.001619 5937.500000 17449 5815.763508 186.104432
27.001111 5937.500000 17811 5936.760425 189.976334
27.001791 5937.500000 17876 5958.517760 190.672568
27.001060 5937.500000 17851 5950.140473 190.404495
27.001402 5937.500000 17586 5861.818568 187.578194
27.001769 5937.500000 17855 5951.519264 190.448616
27.001552 5937.500000 17788 5929.037098 189.729187
27.001609 5937.500000 17733 5910.879401 189.148141
27.001878 5937.500000 18130 6043.148416 193.380749
27.001483 5937.500000 17719 5906.032345 188.993035
27.000893 5937.500000 17680 5892.968178 188.574982
27.002033 5937.500000 17927 5975.581715 191.218615
27.001814 5937.500000 17831 5943.651726 190.196855
27.001514 5937.500000 18022 6006.930670 192.221781
27.003996 5937.500000 17910 5965.607649 190.899445
27.001916 5937.500000 18044 6014.601391 192.467245
27.002073 5937.500000 17717 5905.648936 188.980766
27.002508 5937.500000 17945 5981.242547 191.399762
27.002376 5937.500000 17888 5962.591832 190.802939
27.002447 5937.500000 17482 5826.803792 186.457721
27.002987 5937.500000 18022 6006.427019 192.205665
27.002986 5937.500000 17565 5854.975992 187.359232
27.003767 5937.500000 17708 5901.758702 188.856278
27.003717 5937.500000 17727 5908.260263 189.064328
27.004283 5937.500000 17501 5833.538729 186.673239
27.001546 5937.500000 17721 5906.324791 189.002393
#type       avg     std     min     5th    10th    90th    95th    99th
read     1375.6   345.6   228.8   894.1   937.9  1683.5  1779.9  2385.2
update   1374.6   344.1   334.9   894.1   937.9  1683.4  1777.8  2379.1
op_q       10.5     4.0     1.0     4.2     5.6    16.0    17.4    21.0

Total QPS = 380061.4 (11401842 / 30.0s)

Misses = 0 (0.0%)
Skipped TXs = 0 (0.0%)

RX 1969360592 bytes :   62.6 MB/s
TX 1261032830 bytes :   40.1 MB/s
