3.000199 5625.000000 16874 5624.293950 179.977406
3.000081 5625.000000 16943 5647.514063 180.720450
3.000075 5625.000000 16749 5582.860695 178.651542
3.000081 5625.000000 17002 5667.180199 181.349766
3.000047 5625.000000 16806 5601.912947 179.261214
3.000095 5625.000000 16726 5575.156118 178.404996
3.000015 5625.000000 16788 5595.971697 179.071094
3.000122 5625.000000 16637 5545.441716 177.454135
3.000020 5625.000000 16868 5622.628617 179.924116
3.000086 5625.000000 16942 5647.171635 180.709492
3.000034 5625.000000 16808 5602.602493 179.283280
3.000071 5625.000000 16911 5636.866886 180.379740
3.000207 5625.000000 17040 5679.607494 181.747440
3.000001 5625.000000 16879 5626.330532 180.042577
3.000096 5625.000000 16755 5584.820595 178.714259
3.000178 5625.000000 16790 5596.335144 179.082725
3.000311 5625.000000 16948 5648.747623 180.759924
3.000077 5625.000000 17080 5693.187394 182.181997
3.000062 5625.000000 16833 5610.883724 179.548279
3.000076 5625.000000 16922 5640.524252 180.496776
3.000158 5625.000000 16742 5580.373319 178.571946
3.000564 5625.000000 17023 5673.267519 181.544561
3.000024 5625.000000 16660 5553.288958 177.705247
3.000016 5625.000000 16813 5604.304279 179.337737
3.000105 5625.000000 16705 5568.139042 178.180449
3.000149 5625.000000 16858 5619.054478 179.809743
3.000183 5625.000000 16910 5636.321942 180.362302
3.000702 5625.000000 16934 5643.346343 180.587083
3.000197 5625.000000 16695 5564.634585 178.068307
3.000200 5625.000000 17076 5691.620277 182.131849
3.000093 5625.000000 16900 5633.158117 180.261060
3.000188 5625.000000 16766 5588.317055 178.826146
6.000886 5625.000000 16731 5575.682892 178.421853
6.000196 5625.000000 16551 5516.684300 176.533898
6.000356 5625.000000 16658 5552.157378 177.669036
6.000417 5625.000000 16866 5621.371341 179.883883
6.000113 5625.000000 16763 5587.615712 178.803703
6.000026 5625.000000 17031 5676.988337 181.663627
6.000251 5625.000000 16911 5636.756688 180.376214
6.000142 5625.000000 16610 5536.546796 177.169497
6.000408 5625.000000 16650 5549.331047 177.578594
6.000095 5625.000000 17144 5714.515525 182.864497
6.000237 5625.000000 16890 5629.558312 180.145866
6.000377 5625.000000 16851 5616.876784 179.740057
6.000370 5625.000000 16977 5658.484579 181.071507
6.001170 5625.000000 16957 5650.474814 180.815194
6.000349 5625.000000 16857 5618.487801 179.791610
6.000108 5625.000000 16846 5615.247516 179.687920
6.000127 5625.000000 16884 5627.901364 180.092844
6.000279 5625.000000 17044 5680.835065 181.786722
6.000344 5625.000000 16743 5580.745341 178.583851
6.000168 5625.000000 16907 5635.630193 180.340166
6.000180 5625.000000 16923 5640.841699 180.506934
6.000294 5625.000000 16588 5528.921401 176.925485
6.001489 5625.000000 16807 5599.927665 179.197685
6.000610 5625.000000 16961 5652.581850 180.882619
6.000442 5625.000000 16978 5658.797029 181.081505
6.000211 5625.000000 17252 5750.643643 184.020597
6.000310 5625.000000 16992 5663.613107 181.235619
6.000316 5625.000000 16731 5576.778092 178.456899
6.000724 5625.000000 16778 5592.625873 178.964028
6.000632 5625.000000 16889 5629.538084 180.145219
6.000352 5625.000000 16782 5593.516804 178.992538
6.000372 5625.000000 17003 5667.319235 181.354216
9.000181 5625.000000 16894 5631.205679 180.198582
9.000779 5625.000000 16756 5584.643303 178.708586
9.000375 5625.000000 17027 5675.483646 181.615477
9.000618 5625.000000 16947 5647.885817 180.732346
9.000574 5625.000000 16818 5605.705408 179.382573
9.001104 5625.000000 17091 5695.580046 182.258561
9.000167 5625.000000 17029 5676.221691 181.639094
9.000196 5625.000000 16857 5618.968946 179.807006
9.000377 5625.000000 17087 5695.271158 182.248677
9.000367 5625.000000 17071 5690.008357 182.080267
9.000497 5625.000000 17128 5708.838994 182.682848
9.000594 5625.000000 17004 5667.056777 181.345817
9.000309 5625.000000 17106 5701.972921 182.463133
9.000802 5625.000000 16994 5663.864119 181.243652
9.000461 5625.000000 16520 5506.499337 176.207979
9.000240 5625.000000 16970 5656.454323 181.006538
9.000401 5625.000000 16961 5653.383447 180.908270
9.000660 5625.000000 17212 5736.341831 183.562939
9.000453 5625.000000 16752 5583.797356 178.681515
9.000228 5625.000000 16794 5597.968455 179.134991
9.001437 5625.000000 16555 5517.843559 176.570994
9.000820 5625.000000 16858 5618.940477 179.806095
9.000359 5625.000000 16929 5642.980706 180.575383
9.000392 5625.000000 16541 5513.526866 176.432860
9.000615 5625.000000 16917 5638.675268 180.437609
9.000597 5625.000000 17215 5737.783148 183.609061
9.000911 5625.000000 16890 5629.476890 180.143260
9.001016 5625.000000 16688 5562.426956 177.997663
9.000880 5625.000000 17035 5678.037515 181.697200
9.001713 5625.000000 16638 5545.586401 177.458765
9.000418 5625.000000 17253 5750.873770 184.027961
9.000373 5625.000000 17254 5751.331085 184.042595
12.000378 5625.000000 16692 5563.722151 178.039109
12.000215 5625.000000 17019 5672.908403 181.533069
12.000406 5625.000000 16898 5632.245269 180.231849
12.000683 5625.000000 16905 5634.878406 180.316109
12.001543 5625.000000 17133 5708.827510 182.682480
12.000298 5625.000000 17129 5709.557253 182.705832
12.000423 5625.000000 16688 5562.577739 178.002488
12.000525 5625.000000 17009 5669.544444 181.425422
12.001109 5625.000000 16816 5603.964976 179.326879
12.000679 5625.000000 17040 5679.965543 181.758897
12.000511 5625.000000 16647 5548.733124 177.559460
12.001368 5625.000000 16716 5570.033209 178.241063
12.000466 5625.000000 16835 5611.162640 179.557204
12.002051 5625.000000 17138 5710.695558 182.742258
12.001657 5625.000000 17095 5697.914005 182.333248
12.000992 5625.000000 16679 5558.495287 177.871849
12.000926 5625.000000 16626 5541.127166 177.316069
12.000630 5625.000000 16787 5595.418845 179.053403
12.001155 5625.000000 16625 5541.573547 177.330353
12.000589 5625.000000 17029 5676.305006 181.641760
12.000473 5625.000000 17080 5693.179708 182.181751
12.001080 5625.000000 17083 5693.762568 182.200402
12.000625 5625.000000 16848 5615.947961 179.710335
12.000879 5625.000000 16816 5605.222528 179.367121
12.000865 5625.000000 16819 5605.826779 179.386457
12.000980 5625.000000 16962 5653.665224 180.917287
12.000621 5625.000000 16853 5617.655405 179.764973
12.001126 5625.000000 16730 5576.267618 178.440564
12.001327 5625.000000 16894 5630.494168 180.175813
12.000480 5625.000000 17156 5718.549865 182.993596
12.001846 5625.000000 16806 5601.750857 179.256027
12.000495 5625.000000 16640 5546.441363 177.486124
15.000740 5625.000000 17080 5692.338362 182.154828
15.000563 5625.000000 17026 5674.831341 181.594603
15.001066 5625.000000 16815 5604.185110 179.333924
15.000427 5625.000000 16698 5565.993315 178.111786
15.000556 5625.000000 16739 5579.335386 178.538732
15.000952 5625.000000 17000 5665.635030 181.300321
15.000652 5625.000000 16774 5591.215869 178.918908
15.001263 5625.000000 16834 5610.249158 179.527973
15.000934 5625.000000 16860 5619.123418 179.811949
15.001111 5625.000000 16848 5614.903329 179.676907
15.000970 5625.000000 17005 5668.161721 181.381175
15.000567 5625.000000 17001 5666.894732 181.340631
15.000742 5625.000000 17036 5678.445091 181.710243
15.000991 5625.000000 16855 5618.097819 179.779130
15.001395 5625.000000 17054 5684.212003 181.894784
15.000737 5625.000000 16734 5577.891330 178.492523
15.001291 5625.000000 16820 5605.983353 179.391467
15.001053 5625.000000 16512 5503.888310 176.124426
15.001186 5625.000000 16985 5661.551966 181.169663
15.000825 5625.000000 17030 5676.279894 181.640957
15.000736 5625.000000 16804 5600.843972 179.227007
15.001388 5625.000000 16969 5656.294727 181.001431
15.001202 5625.000000 16531 5509.925267 176.317609
15.001084 5625.000000 16656 5551.991384 177.663724
15.002519 5625.000000 16900 5631.715253 180.214888
15.002774 5625.000000 16720 5570.242620 178.247764
15.001632 5625.000000 16699 5566.168054 178.117378
15.001377 5625.000000 17318 5772.571117 184.722276
15.002089 5625.000000 16885 5628.262359 180.104395
15.001543 5625.000000 16631 5541.702500 177.334480
15.001856 5625.000000 16903 5634.314001 180.298048
15.000553 5625.000000 17121 5706.889153 182.620453
18.000440 5625.000000 16729 5576.308293 178.441865
18.001092 5625.000000 16986 5661.001481 181.152047
18.001484 5625.000000 16748 5581.118850 178.595803
18.000993 5625.000000 17079 5692.681429 182.165806
18.000790 5625.000000 16787 5595.573029 179.058337
18.001190 5625.000000 16809 5602.554697 179.281750
18.000633 5625.000000 16868 5622.543059 179.921378
18.000603 5625.000000 16986 5661.909966 181.181119
18.001198 5625.000000 16732 5577.086845 178.466779
18.001443 5625.000000 16890 5629.547711 180.145527
18.001242 5625.000000 16921 5639.861324 180.475562
18.002111 5625.000000 16752 5581.440746 178.606104
18.000816 5625.000000 16752 5583.853175 178.683302
18.001140 5625.000000 16627 5542.019075 177.344610
18.000773 5625.000000 16734 5577.942915 178.494173
18.000936 5625.000000 16713 5570.995301 178.271850
18.001459 5625.000000 16803 5600.867781 179.227769
18.001342 5625.000000 17011 5670.183597 181.445875
18.001073 5625.000000 16927 5642.294158 180.553413
18.001146 5625.000000 16786 5595.218281 179.046985
18.001372 5625.000000 16963 5654.180374 180.933772
18.001334 5625.000000 16751 5583.391973 178.668543
18.001454 5625.000000 16950 5649.888094 180.796419
18.001157 5625.000000 16893 5630.914638 180.189268
18.002361 5625.000000 16874 5623.301484 179.945647
18.001925 5625.000000 17092 5697.202939 182.310494
18.002341 5625.000000 16739 5579.198698 178.534358
18.001676 5625.000000 17019 5672.434975 181.517919
18.002581 5625.000000 17085 5694.882618 182.236244
18.001679 5625.000000 16843 5614.078385 179.650508
18.003022 5625.000000 17376 5791.521312 185.328682
18.000581 5625.000000 16525 5508.282264 176.265032
21.001077 5625.000000 16643 5547.511841 177.520379
21.001277 5625.000000 17068 5689.106259 182.051400
21.000463 5625.000000 16835 5611.624587 179.571987
21.001025 5625.000000 16752 5583.835319 178.682730
21.001388 5625.000000 16857 5618.629605 179.796147
21.001582 5625.000000 17061 5686.767642 181.976565
21.000682 5625.000000 16935 5644.852436 180.635278
21.000818 5625.000000 16683 5560.997039 177.951905
21.002227 5625.000000 16982 5658.490830 181.071707
21.000722 5625.000000 17086 5695.164633 182.245268
21.001507 5625.000000 17141 5713.544360 182.833420
21.000994 5625.000000 16837 5611.919863 179.581436
21.001253 5625.000000 16901 5633.564203 180.274054
21.001179 5625.000000 17215 5738.166267 183.621321
21.001452 5625.000000 16715 5571.462169 178.286789
21.001201 5625.000000 17041 5679.555892 181.745789
21.001247 5625.000000 17059 5686.131010 181.956192
21.001441 5625.000000 17011 5669.776595 181.432851
21.001518 5625.000000 17070 5689.878690 182.076118
21.001597 5625.000000 16960 5652.910242 180.893128
21.001473 5625.000000 16942 5646.898502 180.700752
21.001566 5625.000000 16948 5649.179659 180.773749
21.001337 5625.000000 16921 5640.326965 180.490463
21.002369 5625.000000 16687 5562.316932 177.994142
21.001982 5625.000000 16976 5658.088348 181.058827
21.001931 5625.000000 16957 5652.321884 180.874300
21.002264 5625.000000 16881 5626.713179 180.054822
21.002687 5625.000000 16877 5625.016754 180.000536
21.002703 5625.000000 17097 5698.767632 182.360564
21.003034 5625.000000 17018 5672.642848 181.524571
21.001765 5625.000000 16817 5605.506586 179.376211
21.001420 5625.000000 16619 5538.117579 177.219763
24.000486 5625.000000 16901 5633.623253 180.275944
24.001199 5625.000000 17200 5733.000928 183.456030
24.000760 5625.000000 16819 5606.186576 179.397970
24.000829 5625.000000 16915 5638.312256 180.425992
24.001831 5625.000000 16941 5645.956661 180.670613
24.001559 5625.000000 16897 5631.758965 180.216287
24.001246 5625.000000 17132 5710.540378 182.737292
24.001784 5625.000000 16844 5614.259049 179.656290
24.000838 5625.000000 17090 5696.446833 182.286299
24.001499 5625.000000 16935 5644.439670 180.622069
24.001659 5625.000000 16986 5661.610207 181.171527
24.001122 5625.000000 16359 5452.766353 174.488523
24.001419 5625.000000 16841 5613.345205 179.627047
24.001573 5625.000000 16594 5531.231357 176.999403
24.001465 5625.000000 16994 5664.521308 181.264682
24.001525 5625.000000 16712 5570.633090 178.260259
24.001590 5625.000000 17058 5685.983976 181.951487
24.001610 5625.000000 16906 5635.309127 180.329892
24.001507 5625.000000 16946 5648.603057 180.755298
24.001810 5625.000000 16879 5625.639844 180.020475
24.001262 5625.000000 16898 5632.318274 180.234185
24.001666 5625.000000 16893 5630.383893 180.172285
24.002870 5625.000000 16847 5615.355025 179.691361
24.002263 5625.000000 16910 5636.598845 180.371163
24.002453 5625.000000 16953 5650.842488 180.826960
24.002147 5625.000000 17018 5672.257816 181.512250
24.002420 5625.000000 17021 5673.371498 181.547888
24.002701 5625.000000 16768 5589.307837 178.857851
24.002450 5625.000000 16944 5647.119395 180.707821
24.001813 5625.000000 17058 5685.909298 181.949098
24.003347 5625.000000 17013 5670.408021 181.453057
24.002054 5625.000000 16778 5591.485302 178.927530
27.000608 5625.000000 16890 5629.770391 180.152652
27.000781 5625.000000 16565 5521.628537 176.692113
27.001227 5625.000000 16835 5611.613748 179.571640
27.001805 5625.000000 16778 5592.145227 178.948647
27.002282 5625.000000 16922 5639.729980 180.471359
27.000879 5625.000000 17033 5677.572414 181.682317
27.001621 5625.000000 16966 5655.244227 180.967815
27.001402 5625.000000 16870 5623.041355 179.937323
27.000843 5625.000000 16762 5587.323802 178.794362
27.003223 5625.000000 16729 5574.550478 178.385615
27.001435 5625.000000 16812 5603.417082 179.309347
27.002167 5625.000000 16450 5482.050024 175.425601
27.001538 5625.000000 17089 5696.257998 182.280256
27.001585 5625.000000 16865 5621.062358 179.873995
27.001918 5625.000000 16630 5542.411529 177.357169
27.002113 5625.000000 16749 5582.155497 178.628976
27.001741 5625.000000 16955 5651.418891 180.845405
27.001635 5625.000000 17149 5716.248917 182.919965
27.002473 5625.000000 16913 5635.949654 180.350389
27.001510 5625.000000 17017 5672.327454 181.514479
27.001668 5625.000000 17208 5735.995114 183.551844
27.001996 5625.000000 16904 5634.318627 180.298196
27.003547 5625.000000 16726 5573.300239 178.345608
27.002514 5625.000000 16979 5658.378014 181.068096
27.002948 5625.000000 16829 5609.203831 179.494523
27.002178 5625.000000 16910 5636.609558 180.371506
27.002703 5625.000000 17036 5676.982800 181.663450
27.002925 5625.000000 16905 5634.896289 180.316681
27.002583 5625.000000 16830 5609.752077 179.512066
27.002475 5625.000000 16748 5582.565127 178.642084
27.003398 5625.000000 16995 5664.905109 181.276963
27.002087 5625.000000 16900 5633.271307 180.264682
#type       avg     std     min     5th    10th    90th    95th    99th
read      833.8   272.5   189.1   544.5   575.6  1046.3  1107.6  1319.8
update    833.5   269.5   228.8   544.4   575.6  1046.4  1107.9  1323.3
op_q        6.4     3.0     1.0     2.1     3.0    10.4    11.8    13.8

Total QPS = 359983.8 (10799515 / 30.0s)

Misses = 0 (0.0%)
Skipped TXs = 0 (0.0%)

RX 1869375235 bytes :   59.4 MB/s
TX 1194915096 bytes :   38.0 MB/s
