Requests      [total, rate, throughput]         12, 10.90, 10.69
Duration      [total, attack, wait]             1.122s, 1.1s, 21.704ms
Latencies     [min, mean, 50, 90, 95, 99, max]  21.328ms, 21.849ms, 21.719ms, 22.572ms, 22.674ms, 22.691ms, 22.691ms
Bytes In      [total, mean]                     24, 2.00
Bytes Out     [total, mean]                     0, 0.00
Success       [ratio]                           100.00%
Status Codes  [code:count]                      200:12  
Error Set:
Requests      [total, rate, throughput]         22, 10.48, 10.37
Duration      [total, attack, wait]             2.121s, 2.1s, 21.29ms
Latencies     [min, mean, 50, 90, 95, 99, max]  20.928ms, 21.645ms, 21.554ms, 22.369ms, 22.589ms, 22.691ms, 22.691ms
Bytes In      [total, mean]                     44, 2.00
Bytes Out     [total, mean]                     0, 0.00
Success       [ratio]                           100.00%
Status Codes  [code:count]                      200:22  
Error Set:
Requests      [total, rate, throughput]         32, 10.32, 10.25
Duration      [total, attack, wait]             3.122s, 3.101s, 21.263ms
Latencies     [min, mean, 50, 90, 95, 99, max]  20.928ms, 21.64ms, 21.598ms, 22.086ms, 22.5ms, 22.691ms, 22.691ms
Bytes In      [total, mean]                     64, 2.00
Bytes Out     [total, mean]                     0, 0.00
Success       [ratio]                           100.00%
Status Codes  [code:count]                      200:32  
Error Set:
Requests      [total, rate, throughput]         42, 10.24, 10.19
Duration      [total, attack, wait]             4.122s, 4.1s, 21.559ms
Latencies     [min, mean, 50, 90, 95, 99, max]  20.928ms, 21.626ms, 21.636ms, 21.949ms, 22.391ms, 22.691ms, 22.691ms
Bytes In      [total, mean]                     84, 2.00
Bytes Out     [total, mean]                     0, 0.00
Success       [ratio]                           100.00%
Status Codes  [code:count]                      200:42  
Error Set:
Requests      [total, rate, throughput]         52, 10.20, 10.15
Duration      [total, attack, wait]             5.121s, 5.1s, 21.402ms
Latencies     [min, mean, 50, 90, 95, 99, max]  20.928ms, 21.592ms, 21.575ms, 21.879ms, 22.272ms, 22.688ms, 22.691ms
Bytes In      [total, mean]                     104, 2.00
Bytes Out     [total, mean]                     0, 0.00
Success       [ratio]                           100.00%
Status Codes  [code:count]                      200:52  
Error Set:
Requests      [total, rate, throughput]         62, 10.16, 10.13
Duration      [total, attack, wait]             6.121s, 6.1s, 21.308ms
Latencies     [min, mean, 50, 90, 95, 99, max]  20.928ms, 21.584ms, 21.56ms, 21.879ms, 22.199ms, 22.671ms, 22.691ms
Bytes In      [total, mean]                     124, 2.00
Bytes Out     [total, mean]                     0, 0.00
Success       [ratio]                           100.00%
Status Codes  [code:count]                      200:62  
Error Set:
Requests      [total, rate, throughput]         72, 10.14, 10.11
Duration      [total, attack, wait]             7.121s, 7.1s, 21.136ms
Latencies     [min, mean, 50, 90, 95, 99, max]  20.928ms, 21.548ms, 21.554ms, 21.856ms, 22.115ms, 22.654ms, 22.691ms
Bytes In      [total, mean]                     144, 2.00
Bytes Out     [total, mean]                     0, 0.00
Success       [ratio]                           100.00%
Status Codes  [code:count]                      200:72  
Error Set:
Requests      [total, rate, throughput]         82, 10.12, 10.10
Duration      [total, attack, wait]             8.121s, 8.1s, 21.344ms
Latencies     [min, mean, 50, 90, 95, 99, max]  20.928ms, 21.541ms, 21.548ms, 21.856ms, 22.048ms, 22.637ms, 22.691ms
Bytes In      [total, mean]                     164, 2.00
Bytes Out     [total, mean]                     0, 0.00
Success       [ratio]                           100.00%
Status Codes  [code:count]                      200:82  
Error Set:
Requests      [total, rate, throughput]         92, 10.11, 10.09
Duration      [total, attack, wait]             9.121s, 9.1s, 21.108ms
Latencies     [min, mean, 50, 90, 95, 99, max]  20.928ms, 21.53ms, 21.535ms, 21.855ms, 21.987ms, 22.62ms, 22.691ms
Bytes In      [total, mean]                     184, 2.00
Bytes Out     [total, mean]                     0, 0.00
Success       [ratio]                           100.00%
Status Codes  [code:count]                      200:92  
Error Set:
Requests      [total, rate, throughput]         102, 10.10, 10.08
Duration      [total, attack, wait]             10.122s, 10.101s, 21.53ms
Latencies     [min, mean, 50, 90, 95, 99, max]  20.928ms, 21.521ms, 21.53ms, 21.854ms, 21.955ms, 22.603ms, 22.691ms
Bytes In      [total, mean]                     204, 2.00
Bytes Out     [total, mean]                     0, 0.00
Success       [ratio]                           100.00%
Status Codes  [code:count]                      200:102  
Error Set:
Requests      [total, rate, throughput]         112, 10.09, 10.07
Duration      [total, attack, wait]             11.121s, 11.1s, 21.687ms
Latencies     [min, mean, 50, 90, 95, 99, max]  20.928ms, 21.519ms, 21.53ms, 21.84ms, 21.928ms, 22.586ms, 22.691ms
Bytes In      [total, mean]                     224, 2.00
Bytes Out     [total, mean]                     0, 0.00
Success       [ratio]                           100.00%
Status Codes  [code:count]                      200:112  
Error Set:
Requests      [total, rate, throughput]         122, 10.08, 10.06
Duration      [total, attack, wait]             12.122s, 12.101s, 21.736ms
Latencies     [min, mean, 50, 90, 95, 99, max]  20.928ms, 21.533ms, 21.532ms, 21.84ms, 21.955ms, 22.864ms, 23.31ms
Bytes In      [total, mean]                     244, 2.00
Bytes Out     [total, mean]                     0, 0.00
Success       [ratio]                           100.00%
Status Codes  [code:count]                      200:122  
Error Set:
Requests      [total, rate, throughput]         132, 10.08, 10.06
Duration      [total, attack, wait]             13.122s, 13.1s, 21.19ms
Latencies     [min, mean, 50, 90, 95, 99, max]  20.928ms, 21.524ms, 21.528ms, 21.834ms, 21.928ms, 22.802ms, 23.31ms
Bytes In      [total, mean]                     264, 2.00
Bytes Out     [total, mean]                     0, 0.00
Success       [ratio]                           100.00%
Status Codes  [code:count]                      200:132  
Error Set:
Requests      [total, rate, throughput]         142, 10.07, 10.06
Duration      [total, attack, wait]             14.121s, 14.1s, 21.391ms
Latencies     [min, mean, 50, 90, 95, 99, max]  20.928ms, 21.528ms, 21.53ms, 21.833ms, 21.92ms, 22.741ms, 23.31ms
Bytes In      [total, mean]                     284, 2.00
Bytes Out     [total, mean]                     0, 0.00
Success       [ratio]                           100.00%
Status Codes  [code:count]                      200:142  
Error Set:
Requests      [total, rate, throughput]         152, 10.07, 10.05
Duration      [total, attack, wait]             15.121s, 15.1s, 21.242ms
Latencies     [min, mean, 50, 90, 95, 99, max]  20.928ms, 21.518ms, 21.526ms, 21.829ms, 21.908ms, 22.688ms, 23.31ms
Bytes In      [total, mean]                     304, 2.00
Bytes Out     [total, mean]                     0, 0.00
Success       [ratio]                           100.00%
Status Codes  [code:count]                      200:152  
Error Set:
Requests      [total, rate, throughput]         162, 10.06, 10.05
Duration      [total, attack, wait]             16.122s, 16.1s, 21.304ms
Latencies     [min, mean, 50, 90, 95, 99, max]  20.928ms, 21.519ms, 21.526ms, 21.796ms, 21.879ms, 22.671ms, 23.31ms
Bytes In      [total, mean]                     324, 2.00
Bytes Out     [total, mean]                     0, 0.00
Success       [ratio]                           100.00%
Status Codes  [code:count]                      200:162  
Error Set:
Requests      [total, rate, throughput]         172, 10.06, 10.05
Duration      [total, attack, wait]             17.121s, 17.1s, 21.347ms
Latencies     [min, mean, 50, 90, 95, 99, max]  20.928ms, 21.518ms, 21.526ms, 21.785ms, 21.857ms, 22.654ms, 23.31ms
Bytes In      [total, mean]                     344, 2.00
Bytes Out     [total, mean]                     0, 0.00
Success       [ratio]                           100.00%
Status Codes  [code:count]                      200:172  
Error Set:
Requests      [total, rate, throughput]         182, 10.06, 10.04
Duration      [total, attack, wait]             18.122s, 18.1s, 21.318ms
Latencies     [min, mean, 50, 90, 95, 99, max]  20.928ms, 21.513ms, 21.521ms, 21.781ms, 21.856ms, 22.637ms, 23.31ms
Bytes In      [total, mean]                     364, 2.00
Bytes Out     [total, mean]                     0, 0.00
Success       [ratio]                           100.00%
Status Codes  [code:count]                      200:182  
Error Set:
Requests      [total, rate, throughput]         192, 10.05, 10.04
Duration      [total, attack, wait]             19.122s, 19.1s, 21.332ms
Latencies     [min, mean, 50, 90, 95, 99, max]  20.928ms, 21.512ms, 21.516ms, 21.781ms, 21.857ms, 22.62ms, 23.31ms
Bytes In      [total, mean]                     384, 2.00
Bytes Out     [total, mean]                     0, 0.00
Success       [ratio]                           100.00%
Status Codes  [code:count]                      200:192  
Error Set:
Requests      [total, rate, throughput]         202, 10.05, 10.04
Duration      [total, attack, wait]             20.122s, 20.1s, 21.665ms
Latencies     [min, mean, 50, 90, 95, 99, max]  20.928ms, 21.502ms, 21.492ms, 21.758ms, 21.856ms, 22.603ms, 23.31ms
Bytes In      [total, mean]                     404, 2.00
Bytes Out     [total, mean]                     0, 0.00
Success       [ratio]                           100.00%
Status Codes  [code:count]                      200:202  
Error Set:
Requests      [total, rate, throughput]         212, 10.05, 10.04
Duration      [total, attack, wait]             21.121s, 21.1s, 21.158ms
Latencies     [min, mean, 50, 90, 95, 99, max]  20.928ms, 21.498ms, 21.477ms, 21.758ms, 21.857ms, 22.586ms, 23.31ms
Bytes In      [total, mean]                     424, 2.00
Bytes Out     [total, mean]                     0, 0.00
Success       [ratio]                           100.00%
Status Codes  [code:count]                      200:212  
Error Set:
Requests      [total, rate, throughput]         222, 10.05, 10.04
Duration      [total, attack, wait]             22.122s, 22.1s, 21.363ms
Latencies     [min, mean, 50, 90, 95, 99, max]  20.903ms, 21.495ms, 21.469ms, 21.762ms, 21.856ms, 22.569ms, 23.31ms
Bytes In      [total, mean]                     444, 2.00
Bytes Out     [total, mean]                     0, 0.00
Success       [ratio]                           100.00%
Status Codes  [code:count]                      200:222  
Error Set:
Requests      [total, rate, throughput]         232, 10.04, 10.03
Duration      [total, attack, wait]             23.121s, 23.1s, 20.837ms
Latencies     [min, mean, 50, 90, 95, 99, max]  20.837ms, 21.486ms, 21.461ms, 21.752ms, 21.856ms, 22.552ms, 23.31ms
Bytes In      [total, mean]                     464, 2.00
Bytes Out     [total, mean]                     0, 0.00
Success       [ratio]                           100.00%
Status Codes  [code:count]                      200:232  
Error Set:
Requests      [total, rate, throughput]         242, 10.04, 10.03
Duration      [total, attack, wait]             24.122s, 24.1s, 21.202ms
Latencies     [min, mean, 50, 90, 95, 99, max]  20.837ms, 21.485ms, 21.465ms, 21.752ms, 21.855ms, 22.535ms, 23.31ms
Bytes In      [total, mean]                     484, 2.00
Bytes Out     [total, mean]                     0, 0.00
Success       [ratio]                           100.00%
Status Codes  [code:count]                      200:242  
Error Set:
Requests      [total, rate, throughput]         252, 10.04, 10.03
Duration      [total, attack, wait]             25.121s, 25.1s, 21.553ms
Latencies     [min, mean, 50, 90, 95, 99, max]  20.837ms, 21.484ms, 21.467ms, 21.752ms, 21.855ms, 22.517ms, 23.31ms
Bytes In      [total, mean]                     504, 2.00
Bytes Out     [total, mean]                     0, 0.00
Success       [ratio]                           100.00%
Status Codes  [code:count]                      200:252  
Error Set:
Requests      [total, rate, throughput]         262, 10.04, 10.03
Duration      [total, attack, wait]             26.122s, 26.1s, 21.698ms
Latencies     [min, mean, 50, 90, 95, 99, max]  20.837ms, 21.483ms, 21.467ms, 21.742ms, 21.855ms, 22.495ms, 23.31ms
Bytes In      [total, mean]                     524, 2.00
Bytes Out     [total, mean]                     0, 0.00
Success       [ratio]                           100.00%
Status Codes  [code:count]                      200:262  
Error Set:
Requests      [total, rate, throughput]         272, 10.04, 10.03
Duration      [total, attack, wait]             27.122s, 27.101s, 21.802ms
Latencies     [min, mean, 50, 90, 95, 99, max]  20.837ms, 21.487ms, 21.476ms, 21.752ms, 21.855ms, 22.473ms, 23.31ms
Bytes In      [total, mean]                     544, 2.00
Bytes Out     [total, mean]                     0, 0.00
Success       [ratio]                           100.00%
Status Codes  [code:count]                      200:272  
Error Set:
Requests      [total, rate, throughput]         282, 10.04, 10.03
Duration      [total, attack, wait]             28.122s, 28.101s, 21.64ms
Latencies     [min, mean, 50, 90, 95, 99, max]  20.837ms, 21.491ms, 21.479ms, 21.772ms, 21.856ms, 22.452ms, 23.31ms
Bytes In      [total, mean]                     564, 2.00
Bytes Out     [total, mean]                     0, 0.00
Success       [ratio]                           100.00%
Status Codes  [code:count]                      200:282  
Error Set:
Requests      [total, rate, throughput]         292, 10.03, 10.03
Duration      [total, attack, wait]             29.122s, 29.1s, 21.56ms
Latencies     [min, mean, 50, 90, 95, 99, max]  20.837ms, 21.496ms, 21.482ms, 21.78ms, 21.86ms, 22.605ms, 23.31ms
Bytes In      [total, mean]                     584, 2.00
Bytes Out     [total, mean]                     0, 0.00
Success       [ratio]                           100.00%
Status Codes  [code:count]                      200:292  
Error Set:
Requests      [total, rate, throughput]         302, 10.03, 10.03
Duration      [total, attack, wait]             30.121s, 30.1s, 21.409ms
Latencies     [min, mean, 50, 90, 95, 99, max]  20.837ms, 21.495ms, 21.482ms, 21.78ms, 21.856ms, 22.59ms, 23.31ms
Bytes In      [total, mean]                     604, 2.00
Bytes Out     [total, mean]                     0, 0.00
Success       [ratio]                           100.00%
Status Codes  [code:count]                      200:302  
Error Set:
Requests      [total, rate, throughput]         312, 10.03, 10.03
Duration      [total, attack, wait]             31.122s, 31.101s, 21.468ms
Latencies     [min, mean, 50, 90, 95, 99, max]  20.837ms, 21.493ms, 21.476ms, 21.773ms, 21.856ms, 22.576ms, 23.31ms
Bytes In      [total, mean]                     624, 2.00
Bytes Out     [total, mean]                     0, 0.00
Success       [ratio]                           100.00%
Status Codes  [code:count]                      200:312  
Error Set:
Requests      [total, rate, throughput]         322, 10.03, 10.02
Duration      [total, attack, wait]             32.122s, 32.1s, 21.318ms
Latencies     [min, mean, 50, 90, 95, 99, max]  20.837ms, 21.488ms, 21.469ms, 21.762ms, 21.855ms, 22.562ms, 23.31ms
Bytes In      [total, mean]                     644, 2.00
Bytes Out     [total, mean]                     0, 0.00
Success       [ratio]                           100.00%
Status Codes  [code:count]                      200:322  
Error Set:
Requests      [total, rate, throughput]         332, 10.03, 10.02
Duration      [total, attack, wait]             33.121s, 33.1s, 21.528ms
Latencies     [min, mean, 50, 90, 95, 99, max]  20.837ms, 21.49ms, 21.47ms, 21.762ms, 21.856ms, 22.547ms, 23.31ms
Bytes In      [total, mean]                     664, 2.00
Bytes Out     [total, mean]                     0, 0.00
Success       [ratio]                           100.00%
Status Codes  [code:count]                      200:332  
Error Set:
Requests      [total, rate, throughput]         342, 10.03, 10.02
Duration      [total, attack, wait]             34.122s, 34.101s, 21.282ms
Latencies     [min, mean, 50, 90, 95, 99, max]  20.837ms, 21.491ms, 21.47ms, 21.762ms, 21.856ms, 22.533ms, 23.31ms
Bytes In      [total, mean]                     684, 2.00
Bytes Out     [total, mean]                     0, 0.00
Success       [ratio]                           100.00%
Status Codes  [code:count]                      200:342  
Error Set:
Requests      [total, rate, throughput]         352, 10.03, 10.02
Duration      [total, attack, wait]             35.121s, 35.1s, 21.125ms
Latencies     [min, mean, 50, 90, 95, 99, max]  20.837ms, 21.492ms, 21.476ms, 21.764ms, 21.856ms, 22.517ms, 23.31ms
Bytes In      [total, mean]                     704, 2.00
Bytes Out     [total, mean]                     0, 0.00
Success       [ratio]                           100.00%
Status Codes  [code:count]                      200:352  
Error Set:
Requests      [total, rate, throughput]         362, 10.03, 10.02
Duration      [total, attack, wait]             36.121s, 36.1s, 21.299ms
Latencies     [min, mean, 50, 90, 95, 99, max]  20.837ms, 21.489ms, 21.47ms, 21.756ms, 21.855ms, 22.495ms, 23.31ms
Bytes In      [total, mean]                     724, 2.00
Bytes Out     [total, mean]                     0, 0.00
Success       [ratio]                           100.00%
Status Codes  [code:count]                      200:362  
Error Set:
Requests      [total, rate, throughput]         372, 10.03, 10.02
Duration      [total, attack, wait]             37.122s, 37.101s, 21.58ms
Latencies     [min, mean, 50, 90, 95, 99, max]  20.837ms, 21.488ms, 21.469ms, 21.748ms, 21.855ms, 22.473ms, 23.31ms
Bytes In      [total, mean]                     744, 2.00
Bytes Out     [total, mean]                     0, 0.00
Success       [ratio]                           100.00%
Status Codes  [code:count]                      200:372  
Error Set:
Requests      [total, rate, throughput]         382, 10.03, 10.02
Duration      [total, attack, wait]             38.122s, 38.1s, 21.663ms
Latencies     [min, mean, 50, 90, 95, 99, max]  20.837ms, 21.485ms, 21.464ms, 21.748ms, 21.854ms, 22.452ms, 23.31ms
Bytes In      [total, mean]                     764, 2.00
Bytes Out     [total, mean]                     0, 0.00
Success       [ratio]                           100.00%
Status Codes  [code:count]                      200:382  
Error Set:
Requests      [total, rate, throughput]         392, 10.03, 10.02
Duration      [total, attack, wait]             39.121s, 39.1s, 21.39ms
Latencies     [min, mean, 50, 90, 95, 99, max]  20.837ms, 21.483ms, 21.463ms, 21.745ms, 21.851ms, 22.43ms, 23.31ms
Bytes In      [total, mean]                     784, 2.00
Bytes Out     [total, mean]                     0, 0.00
Success       [ratio]                           100.00%
Status Codes  [code:count]                      200:392  
Error Set:
Requests      [total, rate, throughput]         402, 10.02, 10.02
Duration      [total, attack, wait]             40.121s, 40.1s, 21.287ms
Latencies     [min, mean, 50, 90, 95, 99, max]  20.837ms, 21.481ms, 21.463ms, 21.742ms, 21.848ms, 22.408ms, 23.31ms
Bytes In      [total, mean]                     804, 2.00
Bytes Out     [total, mean]                     0, 0.00
Success       [ratio]                           100.00%
Status Codes  [code:count]                      200:402  
Error Set:
Requests      [total, rate, throughput]         412, 10.02, 10.02
Duration      [total, attack, wait]             41.122s, 41.1s, 21.684ms
Latencies     [min, mean, 50, 90, 95, 99, max]  20.837ms, 21.48ms, 21.463ms, 21.74ms, 21.846ms, 22.386ms, 23.31ms
Bytes In      [total, mean]                     824, 2.00
Bytes Out     [total, mean]                     0, 0.00
Success       [ratio]                           100.00%
Status Codes  [code:count]                      200:412  
Error Set:
Requests      [total, rate, throughput]         422, 10.02, 10.02
Duration      [total, attack, wait]             42.122s, 42.101s, 21.573ms
Latencies     [min, mean, 50, 90, 95, 99, max]  20.837ms, 21.479ms, 21.461ms, 21.738ms, 21.845ms, 22.364ms, 23.31ms
Bytes In      [total, mean]                     844, 2.00
Bytes Out     [total, mean]                     0, 0.00
Success       [ratio]                           100.00%
Status Codes  [code:count]                      200:422  
Error Set:
Requests      [total, rate, throughput]         432, 10.02, 10.02
Duration      [total, attack, wait]             43.122s, 43.1s, 21.866ms
Latencies     [min, mean, 50, 90, 95, 99, max]  20.837ms, 21.478ms, 21.46ms, 21.738ms, 21.848ms, 22.343ms, 23.31ms
Bytes In      [total, mean]                     864, 2.00
Bytes Out     [total, mean]                     0, 0.00
Success       [ratio]                           100.00%
Status Codes  [code:count]                      200:432  
Error Set:
Requests      [total, rate, throughput]         442, 10.02, 10.02
Duration      [total, attack, wait]             44.122s, 44.1s, 21.595ms
Latencies     [min, mean, 50, 90, 95, 99, max]  20.837ms, 21.478ms, 21.459ms, 21.738ms, 21.846ms, 22.321ms, 23.31ms
Bytes In      [total, mean]                     884, 2.00
Bytes Out     [total, mean]                     0, 0.00
Success       [ratio]                           100.00%
Status Codes  [code:count]                      200:442  
Error Set:
Requests      [total, rate, throughput]         452, 10.02, 10.02
Duration      [total, attack, wait]             45.122s, 45.1s, 21.118ms
Latencies     [min, mean, 50, 90, 95, 99, max]  20.837ms, 21.476ms, 21.457ms, 21.737ms, 21.844ms, 22.3ms, 23.31ms
Bytes In      [total, mean]                     904, 2.00
Bytes Out     [total, mean]                     0, 0.00
Success       [ratio]                           100.00%
Status Codes  [code:count]                      200:452  
Error Set:
Requests      [total, rate, throughput]         462, 10.02, 10.02
Duration      [total, attack, wait]             46.122s, 46.1s, 21.859ms
Latencies     [min, mean, 50, 90, 95, 99, max]  20.837ms, 21.477ms, 21.46ms, 21.738ms, 21.85ms, 22.282ms, 23.31ms
Bytes In      [total, mean]                     924, 2.00
Bytes Out     [total, mean]                     0, 0.00
Success       [ratio]                           100.00%
Status Codes  [code:count]                      200:462  
Error Set:
Requests      [total, rate, throughput]         472, 10.02, 10.02
Duration      [total, attack, wait]             47.122s, 47.1s, 21.421ms
Latencies     [min, mean, 50, 90, 95, 99, max]  20.837ms, 21.479ms, 21.46ms, 21.738ms, 21.852ms, 22.267ms, 23.31ms
Bytes In      [total, mean]                     944, 2.00
Bytes Out     [total, mean]                     0, 0.00
Success       [ratio]                           100.00%
Status Codes  [code:count]                      200:472  
Error Set:
Requests      [total, rate, throughput]         482, 10.02, 10.02
Duration      [total, attack, wait]             48.122s, 48.101s, 21.771ms
Latencies     [min, mean, 50, 90, 95, 99, max]  20.837ms, 21.478ms, 21.46ms, 21.741ms, 21.854ms, 22.25ms, 23.31ms
Bytes In      [total, mean]                     964, 2.00
Bytes Out     [total, mean]                     0, 0.00
Success       [ratio]                           100.00%
Status Codes  [code:count]                      200:482  
Error Set:
Requests      [total, rate, throughput]         492, 10.02, 10.00
Duration      [total, attack, wait]             49.101s, 49.1s, 764.517µs
Latencies     [min, mean, 50, 90, 95, 99, max]  764.517µs, 21.44ms, 21.465ms, 21.749ms, 21.855ms, 22.233ms, 23.31ms
Bytes In      [total, mean]                     982, 2.00
Bytes Out     [total, mean]                     0, 0.00
Success       [ratio]                           99.80%
Status Codes  [code:count]                      0:1  200:491  
Error Set:
Get "http://10.96.168.25/?burn=20": dial tcp 0.0.0.0:0->10.96.168.25:80: connect: connection refused
Requests      [total, rate, throughput]         502, 10.02, 10.00
Duration      [total, attack, wait]             50.122s, 50.1s, 21.647ms
Latencies     [min, mean, 50, 90, 95, 99, max]  764.517µs, 21.443ms, 21.468ms, 21.755ms, 21.857ms, 22.217ms, 23.31ms
Bytes In      [total, mean]                     1002, 2.00
Bytes Out     [total, mean]                     0, 0.00
Success       [ratio]                           99.80%
Status Codes  [code:count]                      0:1  200:501  
Error Set:
Get "http://10.96.168.25/?burn=20": dial tcp 0.0.0.0:0->10.96.168.25:80: connect: connection refused
Requests      [total, rate, throughput]         512, 10.02, 10.00
Duration      [total, attack, wait]             51.122s, 51.101s, 21.78ms
Latencies     [min, mean, 50, 90, 95, 99, max]  764.517µs, 21.445ms, 21.47ms, 21.764ms, 21.857ms, 22.2ms, 23.31ms
Bytes In      [total, mean]                     1022, 2.00
Bytes Out     [total, mean]                     0, 0.00
Success       [ratio]                           99.80%
Status Codes  [code:count]                      0:1  200:511  
Error Set:
Get "http://10.96.168.25/?burn=20": dial tcp 0.0.0.0:0->10.96.168.25:80: connect: connection refused
Requests      [total, rate, throughput]         522, 10.02, 10.00
Duration      [total, attack, wait]             52.122s, 52.1s, 21.543ms
Latencies     [min, mean, 50, 90, 95, 99, max]  764.517µs, 21.447ms, 21.472ms, 21.764ms, 21.858ms, 22.199ms, 23.31ms
Bytes In      [total, mean]                     1042, 2.00
Bytes Out     [total, mean]                     0, 0.00
Success       [ratio]                           99.81%
Status Codes  [code:count]                      0:1  200:521  
Error Set:
Get "http://10.96.168.25/?burn=20": dial tcp 0.0.0.0:0->10.96.168.25:80: connect: connection refused
Requests      [total, rate, throughput]         532, 10.02, 10.00
Duration      [total, attack, wait]             53.122s, 53.1s, 21.558ms
Latencies     [min, mean, 50, 90, 95, 99, max]  764.517µs, 21.447ms, 21.472ms, 21.762ms, 21.857ms, 22.185ms, 23.31ms
Bytes In      [total, mean]                     1062, 2.00
Bytes Out     [total, mean]                     0, 0.00
Success       [ratio]                           99.81%
Status Codes  [code:count]                      0:1  200:531  
Error Set:
Get "http://10.96.168.25/?burn=20": dial tcp 0.0.0.0:0->10.96.168.25:80: connect: connection refused
Requests      [total, rate, throughput]         542, 10.02, 10.00
Duration      [total, attack, wait]             54.121s, 54.1s, 21.62ms
Latencies     [min, mean, 50, 90, 95, 99, max]  764.517µs, 21.448ms, 21.473ms, 21.759ms, 21.857ms, 22.17ms, 23.31ms
Bytes In      [total, mean]                     1082, 2.00
Bytes Out     [total, mean]                     0, 0.00
Success       [ratio]                           99.82%
Status Codes  [code:count]                      0:1  200:541  
Error Set:
Get "http://10.96.168.25/?burn=20": dial tcp 0.0.0.0:0->10.96.168.25:80: connect: connection refused
Requests      [total, rate, throughput]         552, 10.02, 10.00
Duration      [total, attack, wait]             55.122s, 55.101s, 21.701ms
Latencies     [min, mean, 50, 90, 95, 99, max]  764.517µs, 21.45ms, 21.477ms, 21.759ms, 21.856ms, 22.158ms, 23.31ms
Bytes In      [total, mean]                     1102, 2.00
Bytes Out     [total, mean]                     0, 0.00
Success       [ratio]                           99.82%
Status Codes  [code:count]                      0:1  200:551  
Error Set:
Get "http://10.96.168.25/?burn=20": dial tcp 0.0.0.0:0->10.96.168.25:80: connect: connection refused
Requests      [total, rate, throughput]         562, 10.02, 10.00
Duration      [total, attack, wait]             56.122s, 56.101s, 21.038ms
Latencies     [min, mean, 50, 90, 95, 99, max]  764.517µs, 21.448ms, 21.475ms, 21.759ms, 21.857ms, 22.156ms, 23.31ms
Bytes In      [total, mean]                     1122, 2.00
Bytes Out     [total, mean]                     0, 0.00
Success       [ratio]                           99.82%
Status Codes  [code:count]                      0:1  200:561  
Error Set:
Get "http://10.96.168.25/?burn=20": dial tcp 0.0.0.0:0->10.96.168.25:80: connect: connection refused
Requests      [total, rate, throughput]         572, 10.02, 10.00
Duration      [total, attack, wait]             57.122s, 57.101s, 21.064ms
Latencies     [min, mean, 50, 90, 95, 99, max]  764.517µs, 21.447ms, 21.475ms, 21.76ms, 21.856ms, 22.154ms, 23.31ms
Bytes In      [total, mean]                     1142, 2.00
Bytes Out     [total, mean]                     0, 0.00
Success       [ratio]                           99.83%
Status Codes  [code:count]                      0:1  200:571  
Error Set:
Get "http://10.96.168.25/?burn=20": dial tcp 0.0.0.0:0->10.96.168.25:80: connect: connection refused
Requests      [total, rate, throughput]         582, 10.02, 10.00
Duration      [total, attack, wait]             58.122s, 58.1s, 21.519ms
Latencies     [min, mean, 50, 90, 95, 99, max]  764.517µs, 21.445ms, 21.474ms, 21.757ms, 21.856ms, 22.152ms, 23.31ms
Bytes In      [total, mean]                     1162, 2.00
Bytes Out     [total, mean]                     0, 0.00
Success       [ratio]                           99.83%
Status Codes  [code:count]                      0:1  200:581  
Error Set:
Get "http://10.96.168.25/?burn=20": dial tcp 0.0.0.0:0->10.96.168.25:80: connect: connection refused
Requests      [total, rate, throughput]         592, 10.02, 10.00
Duration      [total, attack, wait]             59.122s, 59.1s, 21.666ms
Latencies     [min, mean, 50, 90, 95, 99, max]  764.517µs, 21.445ms, 21.473ms, 21.754ms, 21.855ms, 22.149ms, 23.31ms
Bytes In      [total, mean]                     1182, 2.00
Bytes Out     [total, mean]                     0, 0.00
Success       [ratio]                           99.83%
Status Codes  [code:count]                      0:1  200:591  
Error Set:
Get "http://10.96.168.25/?burn=20": dial tcp 0.0.0.0:0->10.96.168.25:80: connect: connection refused
Requests      [total, rate, throughput]         600, 10.02, 10.00
Duration      [total, attack, wait]             59.921s, 59.9s, 21.531ms
Latencies     [min, mean, 50, 90, 95, 99, max]  764.517µs, 21.446ms, 21.476ms, 21.752ms, 21.855ms, 22.148ms, 23.31ms
Bytes In      [total, mean]                     1198, 2.00
Bytes Out     [total, mean]                     0, 0.00
Success       [ratio]                           99.83%
Status Codes  [code:count]                      0:1  200:599  
Error Set:
Get "http://10.96.168.25/?burn=20": dial tcp 0.0.0.0:0->10.96.168.25:80: connect: connection refused
