3.000129 3333.333333 9918 3305.857952 105.787454
3.000330 3333.333333 9885 3294.637319 105.428394
3.001017 3333.333333 9904 3300.214791 105.606873
3.000018 3333.333333 10234 3411.313393 109.162029
3.000585 3333.333333 10046 3348.014264 107.136456
3.000140 3333.333333 9999 3332.844693 106.651030
3.000088 3333.333333 9819 3272.904218 104.732935
3.000087 3333.333333 10203 3400.900919 108.828829
3.001083 3333.333333 9981 3325.798983 106.425567
3.000023 3333.333333 9623 3207.641838 102.644539
3.000321 3333.333333 9984 3327.644285 106.484617
3.000189 3333.333333 9935 3311.458404 105.966669
3.000427 3333.333333 10069 3355.855956 107.387391
3.000456 3333.333333 9879 3292.499008 105.359968
3.000032 3333.333333 9969 3322.964488 106.334864
3.000055 3333.333333 9736 3245.273395 103.848749
3.000051 3333.333333 9848 3282.610482 105.043535
3.000043 3333.333333 10050 3349.952363 107.198476
3.000039 3333.333333 10054 3351.289992 107.241280
3.000060 3333.333333 9974 3324.599641 106.387189
3.000294 3333.333333 10115 3371.335862 107.882748
3.000020 3333.333333 10067 3355.644030 107.380609
3.000556 3333.333333 9893 3297.055400 105.505773
3.000389 3333.333333 10055 3351.231756 107.239416
3.000189 3333.333333 9988 3329.123587 106.531955
3.000034 3333.333333 9853 3284.296626 105.097492
3.000117 3333.333333 10077 3358.868991 107.483808
3.000029 3333.333333 10200 3399.966788 108.798937
3.000072 3333.333333 9805 3268.255124 104.584164
3.000172 3333.333333 9948 3315.809799 106.105914
3.000152 3333.333333 9873 3290.833430 105.306670
3.000105 3333.333333 10033 3344.216624 107.014932
6.000369 3333.333333 10010 3336.304281 106.761737
6.000909 3333.333333 10108 3368.335151 107.786725
6.000654 3333.333333 10369 3455.606210 110.579399
6.000241 3333.333333 10084 3361.082733 107.554647
6.001772 3333.333333 9836 3276.858726 104.859479
6.000115 3333.333333 10279 3426.264792 109.640473
6.004753 3333.333333 9922 3302.425011 105.677600
6.000168 3333.333333 10037 3345.634918 107.060317
6.000143 3333.333333 9993 3330.938816 106.590042
6.000425 3333.333333 10153 3383.889607 108.284467
6.000301 3333.333333 9843 3280.765948 104.984510
6.000327 3333.333333 10103 3367.366990 107.755744
6.000333 3333.333333 10086 3361.996855 107.583899
6.000458 3333.333333 9815 3271.373779 104.683961
6.000309 3333.333333 9812 3270.385924 104.652350
6.000695 3333.333333 10356 3451.348571 110.443154
6.000447 3333.333333 9961 3319.881551 106.236210
6.000432 3333.333333 10032 3343.728529 106.999313
6.000859 3333.333333 9867 3288.667878 105.237372
6.000787 3333.333333 10008 3335.774547 106.744786
6.000570 3333.333333 10156 3385.129247 108.324136
6.001112 3333.333333 9811 3269.619419 104.627821
6.000923 3333.333333 9960 3319.058235 106.209864
6.000293 3333.333333 10067 3355.376796 107.372057
6.000559 3333.333333 9918 3305.737760 105.783608
6.001673 3333.333333 10089 3362.339224 107.594855
6.000593 3333.333333 9893 3297.047347 105.505515
6.000829 3333.333333 10058 3352.217386 107.270956
6.001138 3333.333333 9868 3289.200661 105.254421
6.000395 3333.333333 10017 3338.751638 106.840052
6.000354 3333.333333 10103 3367.440070 107.758082
6.000402 3333.333333 10195 3397.996022 108.735873
9.002753 3333.333333 9842 3278.901514 104.924848
9.000348 3333.333333 10133 3377.546886 108.081500
9.000263 3333.333333 9898 3299.171445 105.573486
9.000229 3333.333333 9929 3309.572034 105.906305
9.000500 3333.333333 9772 3257.152390 104.228876
9.005160 3333.333333 10168 3384.765101 108.312483
9.000342 3333.333333 10058 3352.629288 107.284137
9.000214 3333.333333 9878 3292.616242 105.363720
9.000910 3333.333333 9992 3330.530110 106.576964
9.000637 3333.333333 9708 3235.915926 103.549310
9.000471 3333.333333 9956 3318.553606 106.193715
9.001042 3333.333333 9895 3297.663249 105.525224
9.000548 3333.333333 10003 3334.087785 106.690809
9.000810 3333.333333 10166 3388.491092 108.431715
9.000744 3333.333333 9972 3323.509786 106.352313
9.001669 3333.333333 9837 3278.114791 104.899673
9.001452 3333.333333 10078 3358.183886 107.461884
9.001893 3333.333333 9920 3305.209289 105.766697
9.000485 3333.333333 9939 3312.970013 106.015040
9.000478 3333.333333 9901 3300.299105 105.609571
9.000698 3333.333333 10085 3361.663091 107.573219
9.000745 3333.333333 9811 3269.840402 104.634893
9.000879 3333.333333 10062 3353.943446 107.326190
9.000846 3333.333333 10069 3355.828909 107.386525
9.000794 3333.333333 10126 3375.107305 108.003434
9.001830 3333.333333 10065 3354.824120 107.354372
9.001273 3333.333333 9958 3318.931042 106.205793
9.001144 3333.333333 10001 3333.421605 106.669491
9.002048 3333.333333 9670 3223.036936 103.137182
9.000564 3333.333333 10131 3376.762889 108.056412
9.004766 3333.333333 10126 3375.318771 108.010201
9.000988 3333.333333 9982 3326.683628 106.453876
12.000514 3333.333333 10101 3366.951614 107.742452
12.000865 3333.333333 10161 3386.642428 108.372558
12.000362 3333.333333 10086 3361.888903 107.580445
12.000711 3333.333333 9945 3314.985515 106.079536
12.000333 3333.333333 10007 3335.534503 106.737104
12.000434 3333.333333 10113 3370.897230 107.868711
12.001332 3333.333333 10077 3357.764896 107.448477
12.000532 3333.333333 10018 3339.297427 106.857518
12.002125 3333.333333 9896 3298.411904 105.549181
12.001075 3333.333333 9910 3302.532999 105.681056
12.001322 3333.333333 10055 3351.354118 107.243332
12.000828 3333.333333 9924 3307.980042 105.855361
12.001001 3333.333333 10181 3393.075674 108.578422
12.000632 3333.333333 9872 3290.505442 105.296174
12.000898 3333.333333 10013 3337.495410 106.799853
12.000964 3333.333333 9949 3316.273721 106.120759
12.001002 3333.333333 9954 3317.864482 106.171663
12.000860 3333.333333 9999 3332.871972 106.651903
12.000958 3333.333333 10093 3363.973312 107.647146
12.001306 3333.333333 9981 3326.432350 106.445835
12.001943 3333.333333 10029 3342.694638 106.966228
12.002994 3333.333333 9916 3303.635838 105.716347
12.001726 3333.333333 10126 3374.678710 107.989719
12.002115 3333.333333 9843 3279.613401 104.947629
12.002885 3333.333333 9961 3319.165804 106.213306
12.001685 3333.333333 10027 3341.874216 106.939975
12.002255 3333.333333 10014 3337.769430 106.808622
12.002794 3333.333333 9830 3276.621313 104.851882
12.001073 3333.333333 10159 3385.759246 108.344296
12.005189 3333.333333 10046 3348.634589 107.156307
12.005114 3333.333333 10030 3342.945562 106.974258
12.001755 3333.333333 10156 3384.468868 108.303004
15.001121 3333.333333 10049 3348.819391 107.162220
15.001349 3333.333333 10169 3388.633379 108.436268
15.000777 3333.333333 10188 3395.497424 108.655918
15.000870 3333.333333 10090 3363.327473 107.626479
15.002049 3333.333333 9971 3322.872393 106.331917
15.000717 3333.333333 10080 3359.993755 107.519800
15.000912 3333.333333 9809 3269.574826 104.626394
15.000626 3333.333333 9958 3319.209125 106.214692
15.000754 3333.333333 9947 3315.531698 106.097014
15.001428 3333.333333 10133 3376.658379 108.053068
15.001396 3333.333333 10215 3404.434219 108.941895
15.001297 3333.333333 9765 3254.758367 104.152268
15.001084 3333.333333 10201 3400.198079 108.806339
15.001143 3333.333333 10212 3403.839077 108.922850
15.001090 3333.333333 9839 3279.570657 104.946261
15.001539 3333.333333 9978 3325.758551 106.424274
15.000922 3333.333333 10060 3353.264015 107.304448
15.002409 3333.333333 10279 3425.553209 109.617703
15.001294 3333.333333 10034 3344.291789 107.017337
15.002138 3333.333333 9983 3327.451204 106.478439
15.002462 3333.333333 10199 3399.284247 108.777096
15.001604 3333.333333 9934 3311.003808 105.952122
15.002666 3333.333333 9963 3320.545988 106.257472
15.002121 3333.333333 9921 3306.519304 105.808618
15.003328 3333.333333 9772 3256.853373 104.219308
15.003522 3333.333333 10040 3345.855107 107.067363
15.002206 3333.333333 10488 3495.893146 111.868581
15.003204 3333.333333 10041 3346.765761 107.096504
15.001220 3333.333333 10129 3376.167631 108.037364
15.005225 3333.333333 10108 3369.292973 107.817375
15.005454 3333.333333 9922 3306.958811 105.822682
15.004133 3333.333333 10106 3365.998336 107.711947
18.001365 3333.333333 9838 3278.625183 104.916006
18.001134 3333.333333 10246 3415.032941 109.281054
18.001116 3333.333333 10140 3379.963248 108.158824
18.001492 3333.333333 9869 3289.225520 105.255217
18.000959 3333.333333 10131 3376.795069 108.057442
18.001064 3333.333333 10171 3390.161703 108.485175
18.001577 3333.333333 10020 3339.516840 106.864539
18.000819 3333.333333 10130 3376.450067 108.046402
18.000790 3333.333333 10145 3381.625793 108.212025
18.001507 3333.333333 10057 3351.901332 107.260843
18.001937 3333.333333 9911 3302.962306 105.694794
18.002546 3333.333333 9907 3301.015266 105.632489
18.001577 3333.333333 10071 3356.957404 107.422637
18.001868 3333.333333 10047 3348.508490 107.152272
18.001787 3333.333333 10047 3348.563514 107.154032
18.002653 3333.333333 10030 3341.405838 106.924987
18.002443 3333.333333 10075 3357.991712 107.455735
18.001382 3333.333333 9894 3297.903040 105.532897
18.002215 3333.333333 9946 3315.150128 106.084804
18.001605 3333.333333 9845 3281.666201 105.013318
18.003721 3333.333333 9954 3316.608780 106.131481
18.002243 3333.333333 10105 3368.196398 107.782285
18.006576 3333.333333 10060 3348.967441 107.166958
18.003802 3333.333333 9948 3315.476178 106.095238
18.002424 3333.333333 9919 3306.316004 105.802112
18.003684 3333.333333 9757 3251.812676 104.058006
18.002391 3333.333333 10039 3346.126924 107.076062
18.005773 3333.333333 10008 3333.498501 106.671952
18.001225 3333.333333 10088 3362.661938 107.605182
18.005279 3333.333333 10124 3374.606043 107.987393
18.007077 3333.333333 9745 3246.577033 103.890465
18.004218 3333.333333 9806 3268.574066 104.594370
21.001147 3333.333333 9791 3263.462453 104.430799
21.001223 3333.333333 10112 3370.566491 107.858128
21.001558 3333.333333 10023 3340.804361 106.905740
21.000793 3333.333333 10013 3337.663629 106.805236
21.000841 3333.333333 10175 3391.641298 108.532522
21.001854 3333.333333 9998 3332.281776 106.633017
21.001118 3333.333333 10031 3343.606295 106.995401
21.001368 3333.333333 9994 3331.329666 106.602549
21.001306 3333.333333 9991 3330.122777 106.563929
21.001631 3333.333333 10105 3368.272890 107.784732
21.002561 3333.333333 9868 3289.203242 105.254504
21.002436 3333.333333 9958 3319.119492 106.211824
21.001625 3333.333333 9936 3311.977678 105.983286
21.001971 3333.333333 9836 3278.629300 104.916138
21.003155 3333.333333 10116 3370.132207 107.844231
21.002987 3333.333333 10022 3339.420674 106.861462
21.003465 3333.333333 10179 3391.104133 108.515332
21.001584 3333.333333 10169 3389.658224 108.469063
21.002790 3333.333333 10065 3354.356716 107.339415
21.002977 3333.333333 9836 3278.196655 104.902293
21.002876 3333.333333 9928 3308.798915 105.881565
21.003757 3333.333333 10053 3350.959220 107.230695
21.002789 3333.333333 10196 3398.512552 108.752402
21.002478 3333.333333 9932 3310.608107 105.939459
21.004276 3333.333333 9997 3331.806533 106.617809
21.004641 3333.333333 9997 3331.270636 106.600660
21.001408 3333.333333 10074 3357.794820 107.449434
21.005363 3333.333333 9962 3320.573830 106.258363
21.006176 3333.333333 10031 3343.217433 106.982958
21.008554 3333.333333 10065 3352.790324 107.289290
21.007459 3333.333333 10032 3343.573528 106.994353
21.004686 3333.333333 9840 3279.487910 104.943613
24.003472 3333.333333 9969 3321.991683 106.303734
24.001393 3333.333333 9842 3280.365807 104.971706
24.001671 3333.333333 10209 3402.406170 108.876997
24.000939 3333.333333 10062 3353.890569 107.324498
24.002729 3333.333333 9911 3302.406532 105.677009
24.001714 3333.333333 10091 3363.209355 107.622699
24.000997 3333.333333 9908 3302.442290 105.678153
24.001315 3333.333333 10140 3379.897045 108.156705
24.001648 3333.333333 10082 3360.647578 107.540722
24.002205 3333.333333 9764 3254.285570 104.137138
24.001404 3333.333333 10121 3373.626058 107.956034
24.003127 3333.333333 9999 3332.845255 106.651048
24.002275 3333.333333 9825 3274.668439 104.789390
24.001571 3333.333333 10204 3401.318753 108.842200
24.003705 3333.333333 10214 3402.307057 108.873826
24.003388 3333.333333 9990 3329.543100 106.545379
24.002900 3333.333333 9902 3300.544472 105.617423
24.002965 3333.333333 9840 3279.809291 104.953897
24.002447 3333.333333 9872 3290.654893 105.300957
24.005939 3333.333333 10016 3335.915816 106.749306
24.002798 3333.333333 10016 3338.310269 106.825929
24.002889 3333.333333 9848 3282.651949 105.044862
24.003948 3333.333333 10023 3340.117032 106.883745
24.003812 3333.333333 10058 3352.605008 107.283360
24.004278 3333.333333 9975 3324.997775 106.399929
24.001422 3333.333333 9995 3331.651334 106.612843
24.005206 3333.333333 10066 3354.701224 107.350439
24.005382 3333.333333 9729 3242.979020 103.775329
24.007090 3333.333333 10082 3359.643914 107.508605
24.008471 3333.333333 10013 3336.541368 106.769324
24.008618 3333.333333 10133 3377.594572 108.083026
24.004831 3333.333333 9933 3310.840363 105.946892
27.001845 3333.333333 9960 3319.696923 106.230302
27.001342 3333.333333 9904 3300.890059 105.628482
27.001569 3333.333333 9983 3327.483822 106.479482
27.001497 3333.333333 9732 3243.887567 103.804402
27.001796 3333.333333 9919 3306.195190 105.798246
27.001964 3333.333333 10121 3372.579341 107.922539
27.001394 3333.333333 10061 3353.578324 107.314506
27.002475 3333.333333 9934 3311.112287 105.955593
27.002071 3333.333333 10077 3358.526639 107.472852
27.002313 3333.333333 10087 3361.661985 107.573184
27.003553 3333.333333 9947 3314.178113 106.053700
27.003190 3333.333333 10415 3471.593863 111.091004
27.003181 3333.333333 10055 3351.161392 107.237165
27.002634 3333.333333 10014 3337.791913 106.809341
27.003395 3333.333333 10192 3397.325483 108.714415
27.004333 3333.333333 9889 3295.387900 105.452413
27.003071 3333.333333 10015 3338.215687 106.822902
27.003944 3333.333333 9830 3275.526239 104.816840
27.004030 3333.333333 10141 3379.967388 108.158956
27.004084 3333.333333 10119 3372.694669 107.926229
27.004671 3333.333333 9877 3291.902222 105.340871
27.002973 3333.333333 9893 3297.474243 105.519176
27.001460 3333.333333 10116 3371.956984 107.902623
27.007279 3333.333333 9943 3310.656699 105.941014
27.002935 3333.333333 9866 3288.616126 105.235716
27.005278 3333.333333 9826 3275.255582 104.808179
27.005764 3333.333333 9803 3267.251073 104.552034
27.006144 3333.333333 9884 3294.441192 105.422118
27.007261 3333.333333 9915 3304.811393 105.753965
27.008690 3333.333333 9952 3317.091089 106.146915
27.008647 3333.333333 10104 3367.967594 107.774963
27.005170 3333.333333 9866 3288.295461 105.225455
#type       avg     std     min     5th    10th    90th    95th    99th
read      737.0   238.5   106.7   448.2   485.5  1024.6  1187.9  1381.4
update    739.2   238.7   117.4   448.6   485.7  1035.6  1196.8  1383.2
op_q        3.8     2.0     1.0     1.1     2.0     6.1     7.4     9.9

Total QPS = 239895.6 (7196867 / 30.0s)

Misses = 0 (0.0%)
Skipped TXs = 0 (0.0%)

RX 1245111364 bytes :   39.6 MB/s
TX  797155903 bytes :   25.3 MB/s
