3.000597 3888.888889 11589 3862.231947 123.591422
3.000134 3888.888889 11640 3879.827118 124.154468
3.000175 3888.888889 11614 3871.107968 123.875455
3.001926 3888.888889 11628 3873.512961 123.952415
3.000011 3888.888889 11638 3879.319258 124.138216
3.000046 3888.888889 11534 3844.607562 123.027442
3.000247 3888.888889 11821 3940.008563 126.080274
3.000181 3888.888889 11447 3815.436460 122.093967
3.000399 3888.888889 11658 3885.483255 124.335464
3.000302 3888.888889 11726 3908.273008 125.064736
3.000068 3888.888889 11740 3913.244052 125.223810
3.000326 3888.888889 11699 3899.243511 124.775792
3.000681 3888.888889 11795 3930.774395 125.784781
3.000234 3888.888889 11530 3843.033594 122.977075
3.000242 3888.888889 11634 3877.686709 124.085975
3.000471 3888.888889 11754 3917.385413 125.356333
3.000484 3888.888889 11661 3886.373456 124.363951
3.000036 3888.888889 11659 3886.286573 124.361170
3.000171 3888.888889 11693 3897.445146 124.718245
3.000759 3888.888889 11428 3808.369245 121.867816
3.000339 3888.888889 11626 3874.895604 123.996659
3.000502 3888.888889 11472 3823.360467 122.347535
3.000163 3888.888889 11557 3852.124224 123.267975
3.000221 3888.888889 11638 3879.047528 124.129521
3.000183 3888.888889 11578 3859.098198 123.491142
3.000496 3888.888889 11371 3789.707120 121.270628
3.000147 3888.888889 11726 3908.475316 125.071210
3.000451 3888.888889 11710 3902.746715 124.887895
3.000452 3888.888889 11826 3941.405909 126.124989
3.000085 3888.888889 11676 3891.889907 124.540477
3.000026 3888.888889 11552 3850.633443 123.220270
3.000205 3888.888889 11792 3930.397778 125.772729
6.001986 3888.888889 11744 3912.304381 125.193740
6.000970 3888.888889 11708 3901.846162 124.859077
6.001232 3888.888889 11729 3908.384020 125.068289
6.001239 3888.888889 11628 3874.487814 123.983610
6.000647 3888.888889 11820 3939.801641 126.073653
6.000261 3888.888889 11768 3922.547944 125.521534
6.000234 3888.888889 11849 3949.533947 126.385086
6.000125 3888.888889 11583 3860.853664 123.547317
6.000243 3888.888889 11863 3954.321251 126.538280
6.000544 3888.888889 11750 3916.194730 125.318231
6.000316 3888.888889 11572 3857.316145 123.434117
6.001029 3888.888889 11707 3901.880779 124.860185
6.000462 3888.888889 11619 3872.636753 123.924376
6.000119 3888.888889 11741 3913.558837 125.233883
6.000675 3888.888889 11788 3928.739425 125.719662
6.000612 3888.888889 11701 3899.960655 124.798741
6.001075 3888.888889 11674 3890.590559 124.498898
6.000347 3888.888889 11566 3855.199236 123.366376
6.000355 3888.888889 11791 3930.060549 125.761938
6.000544 3888.888889 11784 3927.904413 125.692941
6.000810 3888.888889 11531 3842.688547 122.966033
6.000212 3888.888889 11463 3820.937184 122.269990
6.000524 3888.888889 11658 3885.838556 124.346834
6.003134 3888.888889 11802 3930.889287 125.788457
6.000940 3888.888889 11675 3891.220917 124.519069
6.000574 3888.888889 11592 3863.883566 123.644274
6.001029 3888.888889 11507 3834.927434 122.717678
6.001117 3888.888889 11700 3899.136474 124.772367
6.000307 3888.888889 11728 3909.043328 125.089387
6.002328 3888.888889 11734 3910.809394 125.145901
6.000036 3888.888889 11627 3875.653016 124.020897
6.000431 3888.888889 11467 3822.045585 122.305459
9.000417 3888.888889 11524 3841.110731 122.915543
9.000502 3888.888889 11532 3843.657603 122.997043
9.000778 3888.888889 11616 3871.156577 123.877010
9.000909 3888.888889 11551 3849.612373 123.187596
9.001258 3888.888889 11664 3887.702562 124.406482
9.000243 3888.888889 11706 3901.838354 124.858827
9.000907 3888.888889 11588 3862.286768 123.593177
9.001009 3888.888889 11800 3932.617346 125.843755
9.000628 3888.888889 11476 3824.934777 122.397913
9.000680 3888.888889 11676 3891.797266 124.537513
9.001248 3888.888889 11631 3876.988190 124.063622
9.000263 3888.888889 11810 3936.664881 125.973276
9.000556 3888.888889 11681 3893.650552 124.596818
9.000924 3888.888889 11537 3845.347069 123.051106
9.000975 3888.888889 11834 3944.659730 126.229111
9.001125 3888.888889 11711 3903.044427 124.897422
9.001105 3888.888889 11809 3935.597673 125.939126
9.000775 3888.888889 11473 3823.615635 122.355700
9.000997 3888.888889 11536 3845.260462 123.048335
9.000779 3888.888889 11666 3888.117304 124.419754
9.000749 3888.888889 11756 3918.438222 125.390023
9.001586 3888.888889 11714 3903.942466 124.926159
9.001455 3888.888889 11692 3897.043455 124.705391
9.001083 3888.888889 11679 3892.988793 124.575641
9.000818 3888.888889 11751 3916.989487 125.343664
9.000703 3888.888889 11784 3927.482047 125.679426
9.001232 3888.888889 11588 3862.518058 123.600578
9.002210 3888.888889 11617 3872.044858 123.905435
9.000249 3888.888889 11679 3892.724406 124.567181
9.002496 3888.888889 11594 3864.449840 123.662395
9.004764 3888.888889 11458 3817.258614 122.152276
9.000440 3888.888889 11761 3920.322189 125.450310
12.002299 3888.888889 11666 3886.980081 124.383363
12.000793 3888.888889 11583 3860.980662 123.551381
12.000372 3888.888889 11817 3938.856356 126.043403
12.001628 3888.888889 11647 3882.109483 124.227503
12.000567 3888.888889 11731 3910.247780 125.127929
12.000561 3888.888889 11721 3906.993857 125.023803
12.001729 3888.888889 11714 3903.234174 124.903494
12.000463 3888.888889 11654 3884.607334 124.307435
12.000343 3888.888889 11930 3976.534701 127.249110
12.001388 3888.888889 11714 3904.324256 124.938376
12.002712 3888.888889 11935 3976.406383 127.245004
12.001425 3888.888889 11727 3908.327195 125.066470
12.001314 3888.888889 11683 3893.893595 124.604595
12.001123 3888.888889 11637 3878.742780 124.119769
12.000810 3888.888889 11491 3830.288563 122.569234
12.001408 3888.888889 11613 3870.484917 123.855517
12.001618 3888.888889 11726 3907.740694 125.047702
12.001375 3888.888889 11720 3906.287200 125.001190
12.000806 3888.888889 11639 3879.503332 124.144107
12.001301 3888.888889 11693 3897.412197 124.717190
12.001128 3888.888889 11622 3873.548953 123.953567
12.000984 3888.888889 12035 4011.443844 128.366203
12.000946 3888.888889 11809 3936.074157 125.954373
12.001593 3888.888889 11741 3913.216963 125.222943
12.001039 3888.888889 11670 3889.564076 124.466050
12.002267 3888.888889 11486 3828.593175 122.514982
12.001270 3888.888889 11649 3882.950911 124.254429
12.002359 3888.888889 11666 3887.665097 124.405283
12.002502 3888.888889 11913 3970.992229 127.071751
12.000469 3888.888889 11660 3886.381535 124.364209
12.005092 3888.888889 11686 3894.906949 124.637022
12.000512 3888.888889 11412 3803.907773 121.725049
15.002426 3888.888889 11642 3880.501892 124.176061
15.001087 3888.888889 11583 3860.322917 123.530333
15.000755 3888.888889 11606 3868.134961 123.780319
15.000888 3888.888889 11773 3923.658321 125.557066
15.000853 3888.888889 11850 3949.624280 126.387977
15.001289 3888.888889 11836 3944.681260 126.229800
15.000466 3888.888889 11576 3858.662265 123.477192
15.002184 3888.888889 11794 3930.290265 125.769288
15.001840 3888.888889 11724 3907.678131 125.045700
15.002056 3888.888889 11760 3918.780551 125.400978
15.001459 3888.888889 11805 3934.792225 125.913351
15.001041 3888.888889 11770 3923.209493 125.542704
15.000818 3888.888889 11872 3957.317363 126.634156
15.000945 3888.888889 11422 3807.161978 121.829183
15.001547 3888.888889 11885 3961.483261 126.767464
15.001293 3888.888889 11716 3905.118369 124.963788
15.001674 3888.888889 11733 3910.675499 125.141616
15.001424 3888.888889 11721 3906.856092 125.019395
15.002242 3888.888889 11509 3835.677822 122.741690
15.001883 3888.888889 11639 3879.008772 124.128281
15.001984 3888.888889 11858 3952.197677 126.470326
15.002384 3888.888889 11655 3884.848427 124.315150
15.001069 3888.888889 11619 3872.890453 123.932494
15.001761 3888.888889 11636 3878.482414 124.111437
15.002839 3888.888889 11593 3864.170711 123.653463
15.001323 3888.888889 11640 3879.931837 124.157819
15.002979 3888.888889 11742 3913.190559 125.222098
15.001165 3888.888889 11714 3904.502737 124.944088
15.000580 3888.888889 11699 3899.521824 124.784698
15.002861 3888.888889 11674 3890.867801 124.507770
15.006199 3888.888889 11763 3919.553644 125.425717
15.000927 3888.888889 11620 3872.797997 123.929536
18.000698 3888.888889 11685 3894.699218 124.630375
18.001562 3888.888889 11606 3868.314303 123.786058
18.001275 3888.888889 11729 3909.162032 125.093185
18.001417 3888.888889 11821 3939.899586 126.076787
18.001154 3888.888889 11788 3929.185765 125.733944
18.002039 3888.888889 11591 3863.410314 123.629130
18.001032 3888.888889 11839 3946.218813 126.279002
18.000936 3888.888889 11472 3823.894075 122.364610
18.002626 3888.888889 11527 3841.114443 122.915662
18.000983 3888.888889 11779 3926.117749 125.635768
18.001491 3888.888889 11686 3895.292414 124.649357
18.001696 3888.888889 11573 3857.317118 123.434148
18.001861 3888.888889 11545 3847.929776 123.133753
18.000772 3888.888889 11720 3906.644513 125.012624
18.001353 3888.888889 11452 3816.972560 122.143122
18.002212 3888.888889 11587 3862.297903 123.593533
18.001612 3888.888889 11802 3933.582402 125.874637
18.002126 3888.888889 11688 3895.525213 124.656807
18.002787 3888.888889 11514 3837.065336 122.786091
18.003056 3888.888889 11641 3880.080949 124.162590
18.002074 3888.888889 11484 3827.885426 122.492334
18.002794 3888.888889 11775 3924.463688 125.582838
18.002217 3888.888889 11730 3909.565578 125.106099
18.002672 3888.888889 11601 3866.445873 123.726268
18.001429 3888.888889 11907 3968.859207 127.003495
18.002624 3888.888889 11812 3937.073206 125.986343
18.001690 3888.888889 11587 3861.657372 123.573036
18.002850 3888.888889 11624 3874.651741 123.988856
18.000979 3888.888889 11733 3910.480484 125.135375
18.003139 3888.888889 11825 3941.456107 126.126595
18.006511 3888.888889 11487 3828.602762 122.515288
18.001700 3888.888889 11841 3945.982988 126.271456
21.001049 3888.888889 11495 3831.218736 122.599000
21.001156 3888.888889 11685 3894.713823 124.630842
21.001883 3888.888889 11844 3947.200459 126.310415
21.001556 3888.888889 11536 3844.598766 123.027161
21.001127 3888.888889 11530 3842.878261 122.972104
21.001847 3888.888889 11802 3933.436776 125.869977
21.001612 3888.888889 11586 3861.935560 123.581938
21.001586 3888.888889 11497 3832.035257 122.625128
21.002239 3888.888889 11636 3878.453165 124.110501
21.001887 3888.888889 11561 3853.157510 123.301040
21.002459 3888.888889 11987 3994.870697 127.835862
21.001295 3888.888889 11778 3925.655859 125.620987
21.001774 3888.888889 11359 3786.235028 121.159521
21.003017 3888.888889 11711 3902.625873 124.884028
21.002101 3888.888889 11584 3860.114219 123.523655
21.002627 3888.888889 11565 3854.244696 123.335830
21.001712 3888.888889 11760 3919.971944 125.439102
21.002286 3888.888889 11615 3871.460055 123.886722
21.001429 3888.888889 11685 3894.999484 124.639983
21.002076 3888.888889 11604 3867.401869 123.756860
21.002236 3888.888889 11801 3933.634489 125.876304
21.003288 3888.888889 11766 3921.697858 125.494331
21.003172 3888.888889 11720 3906.174343 124.997579
21.002705 3888.888889 11817 3938.896389 126.044684
21.002804 3888.888889 11693 3897.495470 124.719855
21.003920 3888.888889 11417 3804.229547 121.735346
21.002664 3888.888889 11629 3876.282599 124.041043
21.003000 3888.888889 11615 3871.473335 123.887147
21.001341 3888.888889 11805 3934.525087 125.904803
21.003298 3888.888889 11596 3865.128832 123.684123
21.006876 3888.888889 11774 3924.189221 125.574055
21.002108 3888.888889 11553 3850.476845 123.215259
24.002158 3888.888889 11712 3903.594488 124.915024
24.001433 3888.888889 11603 3867.309461 123.753903
24.001200 3888.888889 11636 3878.470741 124.111064
24.001710 3888.888889 11720 3906.540019 125.009281
24.003065 3888.888889 11668 3887.807605 124.409843
24.001332 3888.888889 11608 3869.068879 123.810204
24.001341 3888.888889 11694 3897.941330 124.734123
24.002052 3888.888889 11572 3857.116729 123.427735
24.001972 3888.888889 11707 3902.076099 124.866435
24.002281 3888.888889 11619 3872.064055 123.906050
24.002332 3888.888889 11647 3882.208957 124.230687
24.002979 3888.888889 11695 3897.977192 124.735270
24.002673 3888.888889 11697 3898.497812 124.751930
24.001812 3888.888889 11696 3898.373498 124.747952
24.002468 3888.888889 11840 3946.365569 126.283698
24.001666 3888.888889 11536 3845.030101 123.040963
24.002562 3888.888889 11866 3955.197162 126.566309
24.002276 3888.888889 11711 3903.406959 124.909023
24.001739 3888.888889 11685 3894.964801 124.638874
24.003948 3888.888889 11723 3905.946795 124.990297
24.003059 3888.888889 11340 3779.947262 120.958312
24.003098 3888.888889 11563 3853.954676 123.326550
24.002146 3888.888889 11649 3882.942739 124.254168
24.002686 3888.888889 11646 3881.971559 124.223090
24.003011 3888.888889 11520 3839.985626 122.879540
24.003355 3888.888889 11806 3935.093618 125.922996
24.003985 3888.888889 11434 3811.251817 121.960058
24.003289 3888.888889 11627 3875.664771 124.021273
24.001559 3888.888889 11632 3877.051409 124.065645
24.003472 3888.888889 11585 3861.442373 123.566156
24.007493 3888.888889 11758 3918.527046 125.392865
24.002550 3888.888889 11482 3826.769751 122.456632
27.001996 3888.888889 11615 3871.296676 123.881494
27.001306 3888.888889 11851 3950.194705 126.406231
27.001563 3888.888889 11685 3894.700180 124.630406
27.001884 3888.888889 11682 3893.295142 124.585445
27.001561 3888.888889 11665 3888.167318 124.421354
27.003761 3888.888889 11789 3928.257972 125.704255
27.001708 3888.888889 11782 3927.277980 125.672895
27.002982 3888.888889 11849 3948.583373 126.354668
27.002055 3888.888889 11811 3936.890710 125.980503
27.002524 3888.888889 11923 3974.258826 127.176282
27.002166 3888.888889 11563 3854.185985 123.333952
27.002792 3888.888889 11577 3858.846685 123.483094
27.002341 3888.888889 11601 3866.747832 123.735931
27.002291 3888.888889 11755 3918.321128 125.386276
27.003852 3888.888889 11800 3931.643416 125.812589
27.002442 3888.888889 11721 3906.783085 125.017059
27.001897 3888.888889 11539 3846.223845 123.079163
27.002569 3888.888889 11453 3817.365598 122.155699
27.003191 3888.888889 11721 3906.828269 125.018505
27.003245 3888.888889 11499 3832.660669 122.645141
27.001763 3888.888889 11702 3900.635174 124.820326
27.004251 3888.888889 11679 3891.837076 124.538786
27.003622 3888.888889 11774 3923.982012 125.567424
27.003306 3888.888889 11436 3811.625472 121.972015
27.003160 3888.888889 11812 3937.208374 125.990668
27.004061 3888.888889 11625 3874.853852 123.995323
27.004025 3888.888889 11481 3826.948661 122.462357
27.004140 3888.888889 11610 3868.902204 123.804871
27.003566 3888.888889 11788 3929.210325 125.734730
27.003038 3888.888889 11821 3938.392214 126.028551
27.008462 3888.888889 11543 3846.423731 123.085559
27.002745 3888.888889 11605 3868.081228 123.778599
#type       avg     std     min     5th    10th    90th    95th    99th
read      833.7   245.0   189.1   517.1   555.7  1125.6  1339.2  1524.0
update    835.4   245.8   251.6   517.1   555.6  1138.3  1346.9  1524.7
op_q        4.7     2.3     1.0     1.1     2.0     7.6     9.4    11.8

Total QPS = 279843.2 (8395296 / 30.0s)

Misses = 0 (0.0%)
Skipped TXs = 0 (0.0%)

RX 1450882964 bytes :   46.1 MB/s
TX  928691577 bytes :   29.5 MB/s
