3.001390 3750.000000 11213 3735.935548 119.549938
3.001285 3750.000000 11173 3722.738902 119.127645
3.000035 3750.000000 11122 3707.290531 118.633297
3.000201 3750.000000 11105 3701.418698 118.445398
3.000019 3750.000000 11179 3726.309794 119.241913
3.000068 3750.000000 11292 3763.914373 120.445260
3.000765 3750.000000 11284 3760.374609 120.331988
3.000025 3750.000000 11382 3793.968960 121.407007
3.000902 3750.000000 11034 3676.894665 117.660629
3.000030 3750.000000 11493 3830.961135 122.590756
3.000038 3750.000000 11242 3747.286108 119.913155
3.000064 3750.000000 11040 3679.922033 117.757505
3.000116 3750.000000 11247 3748.854598 119.963347
3.000104 3750.000000 11161 3720.204889 119.046556
3.000061 3750.000000 11320 3773.256604 120.744211
3.000113 3750.000000 11177 3725.526254 119.216840
3.000003 3750.000000 11213 3737.663150 119.605221
3.000121 3750.000000 11255 3751.515928 120.048510
3.000415 3750.000000 11228 3742.148805 119.748762
3.000038 3750.000000 11429 3809.617853 121.907771
3.000231 3750.000000 11185 3728.046185 119.297478
3.000036 3750.000000 11240 3746.621625 119.891892
3.000341 3750.000000 11301 3766.572424 120.530318
3.000306 3750.000000 10909 3635.962268 116.350793
3.000085 3750.000000 11249 3749.560412 119.985933
3.000120 3750.000000 11415 3804.847236 121.755112
3.000035 3750.000000 11167 3722.290443 119.113294
3.000677 3750.000000 11132 3709.829723 118.714551
3.000480 3750.000000 11216 3738.068563 119.618194
3.000179 3750.000000 11164 3721.111615 119.075572
3.000639 3750.000000 11437 3811.520860 121.968668
3.000157 3750.000000 11145 3714.805254 118.873768
6.000174 3750.000000 11467 3822.243791 122.311801
6.000190 3750.000000 11402 3800.533453 121.617070
6.000190 3750.000000 11314 3771.098086 120.675139
6.000144 3750.000000 11216 3738.532612 119.633044
6.000134 3750.000000 11426 3808.520967 121.872671
6.001279 3750.000000 11293 3763.018528 120.416593
6.000249 3750.000000 11121 3706.730220 118.615367
6.000522 3750.000000 11330 3776.040900 120.833309
6.000273 3750.000000 11071 3690.044912 118.081437
6.000078 3750.000000 11186 3728.612178 119.315590
6.000300 3750.000000 11403 3800.873985 121.627968
6.000177 3750.000000 11245 3748.263151 119.944421
6.000577 3750.000000 11401 3799.650941 121.588830
6.000200 3750.000000 11384 3794.500551 121.424018
6.000434 3750.000000 11186 3728.205830 119.302587
6.000124 3750.000000 11155 3718.255591 118.984179
6.000421 3750.000000 11242 3746.948542 119.902353
6.000198 3750.000000 11249 3749.565043 119.986081
6.000665 3750.000000 11234 3743.880164 119.804165
6.000526 3750.000000 11476 3825.052571 122.401682
6.000549 3750.000000 11363 3787.497638 121.199924
6.001013 3750.000000 11309 3769.354435 120.619342
6.000234 3750.000000 11304 3767.930377 120.573772
6.000975 3750.000000 11328 3775.907315 120.829034
6.000515 3750.000000 11162 3720.623785 119.059961
6.000299 3750.000000 10972 3657.116221 117.027719
6.002258 3750.000000 11105 3700.465997 118.414912
6.001589 3750.000000 10852 3617.092948 115.746974
6.000651 3750.000000 11611 3869.932534 123.837841
6.001137 3750.000000 11195 3731.094178 119.395014
6.000936 3750.000000 11213 3737.296917 119.593501
6.000227 3750.000000 11282 3760.579691 120.338550
9.001262 3750.000000 11168 3721.738926 119.095646
9.000969 3750.000000 11395 3797.421761 121.517496
9.000458 3750.000000 11293 3763.914533 120.445265
9.000653 3750.000000 11137 3711.897403 118.780717
9.000309 3750.000000 11219 3739.518583 119.664595
9.000214 3750.000000 11263 3754.164118 120.133252
9.001000 3750.000000 11148 3715.567934 118.898174
9.000827 3750.000000 11258 3751.850192 120.059206
9.000931 3750.000000 11239 3745.822870 119.866332
9.000506 3750.000000 11141 3713.275082 118.824803
9.000422 3750.000000 11113 3704.058611 118.529876
9.000167 3750.000000 11122 3707.292085 118.633347
9.000510 3750.000000 11204 3734.572333 119.506315
9.000305 3750.000000 11354 3784.626362 121.108044
9.000178 3750.000000 11335 3778.289685 120.905270
9.000674 3750.000000 11316 3771.681560 120.693810
9.000279 3750.000000 11396 3798.536873 121.553180
9.002573 3750.000000 11284 3758.357501 120.267440
9.000785 3750.000000 11236 3745.073001 119.842336
9.000309 3750.000000 11373 3790.904957 121.308959
9.003040 3750.000000 11131 3708.540258 118.673288
9.000605 3750.000000 11257 3752.234675 120.071510
9.002226 3750.000000 11151 3715.451455 118.894447
9.001611 3750.000000 11051 3682.932689 117.853846
9.001885 3750.000000 11002 3665.700724 117.302423
9.000440 3750.000000 11208 3735.824113 119.546372
9.000977 3750.000000 11254 3750.943332 120.030187
9.001393 3750.000000 11210 3736.524809 119.568794
9.001342 3750.000000 11161 3720.079427 119.042542
9.002469 3750.000000 11312 3770.401247 120.652840
9.000965 3750.000000 11346 3781.964210 121.022855
9.000399 3750.000000 11261 3753.451482 120.110447
12.000600 3750.000000 11374 3791.214796 121.318873
12.000805 3750.000000 11348 3782.295014 121.033440
12.000644 3750.000000 11343 3780.765140 120.984484
12.000404 3750.000000 11227 3742.209186 119.750694
12.000563 3750.000000 11149 3715.981934 118.911422
12.000235 3750.000000 11130 3709.973220 118.719143
12.000945 3750.000000 11111 3703.247645 118.503925
12.000838 3750.000000 11165 3721.436635 119.085972
12.000308 3750.000000 11201 3733.491931 119.471742
12.000280 3750.000000 11218 3739.206056 119.654594
12.000579 3750.000000 11444 3814.467001 122.062944
12.000799 3750.000000 11119 3706.179200 118.597734
12.000375 3750.000000 11314 3771.250277 120.680009
12.000934 3750.000000 11285 3761.662792 120.373209
12.000370 3750.000000 11422 3807.256116 121.832196
12.001245 3750.000000 11215 3737.989690 119.615670
12.001760 3750.000000 11316 3770.826536 120.666449
12.002101 3750.000000 11259 3752.388007 120.076416
12.001006 3750.000000 11307 3768.723107 120.599139
12.001402 3750.000000 11313 3770.825091 120.666403
12.000536 3750.000000 11196 3731.880602 119.420179
12.001542 3750.000000 11137 3711.633652 118.772277
12.002807 3750.000000 11181 3725.181127 119.205796
12.001418 3750.000000 11209 3736.302137 119.561668
12.001047 3750.000000 11183 3727.608126 119.283460
12.002283 3750.000000 11273 3757.595574 120.243058
12.002679 3750.000000 11433 3810.733449 121.943470
12.002151 3750.000000 11298 3765.666643 120.501333
12.002706 3750.000000 11407 3802.165331 121.669291
12.003198 3750.000000 11392 3797.133746 121.508280
12.001164 3750.000000 11441 3813.412767 122.029209
12.000517 3750.000000 11336 3778.517515 120.912560
15.000543 3750.000000 11338 3779.158249 120.933064
15.000582 3750.000000 11360 3786.228720 121.159319
15.001055 3750.000000 11292 3763.848084 120.443139
15.000795 3750.000000 11577 3858.721748 123.479096
15.000611 3750.000000 11171 3723.373579 119.147955
15.001287 3750.000000 11398 3798.764547 121.560466
15.000790 3750.000000 11380 3792.723422 121.367150
15.001899 3750.000000 11186 3726.655680 119.252982
15.001448 3750.000000 11219 3738.864984 119.643679
15.001324 3750.000000 11127 3708.159818 118.661114
15.000890 3750.000000 11345 3781.010979 120.992351
15.000611 3750.000000 11150 3716.606867 118.931420
15.001644 3750.000000 11282 3759.358766 120.299480
15.002395 3750.000000 11243 3746.873995 119.899968
15.000558 3750.000000 11447 3815.638864 122.100444
15.001032 3750.000000 11381 3793.632786 121.396249
15.001425 3750.000000 11116 3704.560704 118.545943
15.001309 3750.000000 11097 3698.920886 118.365468
15.001688 3750.000000 11273 3756.736111 120.215556
15.001521 3750.000000 11147 3715.539437 118.897262
15.001415 3750.000000 11444 3814.649471 122.068783
15.001100 3750.000000 11026 3675.268105 117.608579
15.002160 3750.000000 11301 3766.925339 120.541611
15.001884 3750.000000 11197 3731.908079 119.421059
15.002476 3750.000000 11417 3805.421146 121.773477
15.002773 3750.000000 11163 3720.916661 119.069333
15.002328 3750.000000 11285 3761.444568 120.366226
15.003325 3750.000000 11499 3832.174810 122.629594
15.003998 3750.000000 11673 3889.962571 124.478802
15.002836 3750.000000 11380 3793.295892 121.385469
15.001211 3750.000000 11177 3725.609225 119.219495
15.000759 3750.000000 11471 3823.358659 122.347477
18.000631 3750.000000 11238 3745.890097 119.868483
18.001761 3750.000000 11159 3719.521249 119.024680
18.003534 3750.000000 11241 3743.878062 119.804098
18.000742 3750.000000 11220 3739.837066 119.674786
18.002377 3750.000000 11285 3760.009214 120.320295
18.002236 3750.000000 11265 3754.105447 120.131374
18.000644 3750.000000 11267 3755.589188 120.178854
18.001757 3750.000000 11335 3777.787646 120.889205
18.000734 3750.000000 11357 3785.511668 121.136373
18.001354 3750.000000 11198 3731.972045 119.423105
18.000901 3750.000000 11107 3702.195900 118.470269
18.001782 3750.000000 11262 3753.582278 120.114633
18.001083 3750.000000 11310 3769.757576 120.632242
18.001692 3750.000000 11309 3769.157838 120.613051
18.001635 3750.000000 11193 3730.594471 119.379023
18.000586 3750.000000 11068 3689.298745 118.057560
18.001584 3750.000000 11366 3788.465182 121.230886
18.001967 3750.000000 11553 3849.888450 123.196430
18.003217 3750.000000 11219 3738.642724 119.636567
18.002533 3750.000000 11145 3714.215708 118.854903
18.002298 3750.000000 11366 3788.492341 121.231755
18.001705 3750.000000 11336 3778.645284 120.916649
18.001438 3750.000000 10968 3655.972419 116.991117
18.002101 3750.000000 11395 3798.059233 121.537895
18.002679 3750.000000 11220 3739.747600 119.671923
18.002857 3750.000000 11374 3790.664811 121.301274
18.003344 3750.000000 11084 3693.963391 118.206829
18.001851 3750.000000 11308 3768.528857 120.592923
18.003475 3750.000000 11200 3733.147278 119.460713
18.003041 3750.000000 11047 3682.082510 117.826640
18.004185 3750.000000 11252 3750.432555 120.013842
18.000936 3750.000000 11186 3728.445975 119.310271
21.001355 3750.000000 11281 3759.554859 120.305755
21.000954 3750.000000 11269 3755.929602 120.189747
21.000861 3750.000000 11078 3692.519569 118.160626
21.000907 3750.000000 11277 3758.992881 120.287772
21.000781 3750.000000 11143 3714.164604 118.853267
21.001722 3750.000000 11248 3749.224282 119.975177
21.001866 3750.000000 11376 3791.643879 121.332604
21.001544 3750.000000 11259 3752.761800 120.088378
21.001295 3750.000000 11374 3791.065368 121.314092
21.000638 3750.000000 11222 3740.601407 119.699245
21.002762 3750.000000 11271 3756.895269 120.220649
21.001808 3750.000000 11264 3754.602237 120.147272
21.001821 3750.000000 11068 3689.175751 118.053624
21.001776 3750.000000 11152 3717.314705 118.954071
21.001888 3750.000000 11460 3819.865268 122.235689
21.001635 3750.000000 11502 3833.747791 122.679929
21.002822 3750.000000 11221 3739.778754 119.672920
21.001856 3750.000000 11404 3801.141185 121.636518
21.002817 3750.000000 10980 3659.291197 117.097318
21.002344 3750.000000 11371 3789.856618 121.275412
21.002613 3750.000000 11253 3750.606755 120.019416
21.002362 3750.000000 11193 3730.674518 119.381585
21.003625 3750.000000 11254 3749.967717 119.998967
21.003417 3750.000000 11390 3796.413188 121.485222
21.003034 3750.000000 10952 3650.451285 116.814441
21.003506 3750.000000 11197 3732.132089 119.428227
21.003723 3750.000000 11410 3803.018720 121.696599
21.003656 3750.000000 11180 3726.514640 119.248468
21.004306 3750.000000 11501 3833.511571 122.672370
21.003228 3750.000000 11299 3766.097578 120.515123
21.002065 3750.000000 11145 3714.735317 118.871530
21.000992 3750.000000 11345 3781.596409 121.011085
24.002099 3750.000000 11306 3768.301179 120.585638
24.001111 3750.000000 11023 3674.083155 117.570661
24.001097 3750.000000 11229 3742.604841 119.763355
24.000908 3750.000000 11189 3729.608490 119.347472
24.001176 3750.000000 11199 3732.723318 119.447146
24.000778 3750.000000 11184 3727.826024 119.290433
24.001995 3750.000000 11278 3758.991063 120.287714
24.001600 3750.000000 11272 3757.263729 120.232439
24.002280 3750.000000 11170 3722.763752 119.128440
24.001981 3750.000000 11332 3777.216550 120.870930
24.002246 3750.000000 11348 3781.896751 121.020696
24.001451 3750.000000 11293 3764.138219 120.452423
24.001497 3750.000000 11240 3746.489165 119.887653
24.001897 3750.000000 11321 3773.627645 120.756085
24.002001 3750.000000 11236 3745.052797 119.841690
24.002072 3750.000000 11147 3715.400245 118.892808
24.002794 3750.000000 11140 3713.108567 118.819474
24.003147 3750.000000 11207 3735.188250 119.526024
24.003991 3750.000000 11333 3777.055974 120.865791
24.002449 3750.000000 11173 3724.225634 119.175220
24.003415 3750.000000 11223 3740.260369 119.688332
24.002990 3750.000000 11150 3716.452455 118.926479
24.002386 3750.000000 11172 3723.947645 119.166325
24.004553 3750.000000 11295 3764.690007 120.470080
24.003683 3750.000000 11331 3776.664866 120.853276
24.003745 3750.000000 11253 3750.889549 120.028466
24.003288 3750.000000 11210 3736.350597 119.563219
24.006638 3750.000000 10940 3643.127173 116.580070
24.003636 3750.000000 11237 3745.653503 119.860912
24.003444 3750.000000 11252 3750.397345 120.012715
24.002154 3750.000000 11104 3701.223316 118.439146
24.001016 3750.000000 11386 3795.303560 121.449714
27.001232 3750.000000 11073 3690.834642 118.106709
27.001159 3750.000000 11152 3717.022121 118.944708
27.001345 3750.000000 11153 3717.376677 118.956054
27.001536 3750.000000 11324 3774.214269 120.774857
27.004285 3750.000000 11249 3748.914773 119.965273
27.001909 3750.000000 11137 3712.318286 118.794185
27.002350 3750.000000 11288 3762.203233 120.390503
27.000812 3750.000000 11236 3745.290431 119.849294
27.002098 3750.000000 11297 3765.041150 120.481317
27.001491 3750.000000 11253 3750.949562 120.030386
27.002431 3750.000000 11305 3767.792651 120.569365
27.002599 3750.000000 11327 3775.038615 120.801236
27.001502 3750.000000 11252 3750.660905 120.021149
27.002061 3750.000000 11236 3745.251184 119.848038
27.002301 3750.000000 11317 3772.263423 120.712430
27.002716 3750.000000 11206 3734.789772 119.513273
27.002202 3750.000000 11080 3693.172795 118.181529
27.003586 3750.000000 11203 3734.120405 119.491853
27.004594 3750.000000 11247 3747.563728 119.922039
27.003469 3750.000000 11122 3706.499927 118.607998
27.003468 3750.000000 11418 3805.592343 121.778955
27.004177 3750.000000 11400 3799.314982 121.578079
27.002477 3750.000000 11268 3755.886023 120.188353
27.002624 3750.000000 11363 3787.446004 121.198272
27.003375 3750.000000 11191 3729.854740 119.355352
27.003311 3750.000000 11188 3729.304467 119.337743
27.003828 3750.000000 11321 3773.562401 120.753997
27.004132 3750.000000 11439 3812.819882 122.010236
27.005708 3750.000000 11329 3774.880168 120.796165
27.002300 3750.000000 11262 3753.817892 120.122173
27.006678 3750.000000 11146 3715.282775 118.889049
27.001186 3750.000000 11304 3767.786080 120.569155
#type       avg     std     min     5th    10th    90th    95th    99th
read      497.9   167.1    88.2   271.0   300.7   736.2   799.9   923.4
update    500.9   167.2    88.2   272.6   302.4   739.2   802.5   924.2
op_q        3.2     1.7     1.0     1.0     1.1     5.0     6.0     7.9

Total QPS = 240115.9 (7203476 / 30.0s)

Misses = 0 (0.0%)
Skipped TXs = 0 (0.0%)

RX 1241854472 bytes :   39.5 MB/s
TX  797077110 bytes :   25.3 MB/s
