3.001054 3125.000000 9423 3139.896358 100.476683
3.000559 3125.000000 9471 3156.411847 101.005179
3.000183 3125.000000 9335 3111.476880 99.567260
3.000008 3125.000000 9283 3094.324816 99.018394
3.000622 3125.000000 9180 3059.365292 97.899689
3.000121 3125.000000 9465 3154.873145 100.955941
3.001172 3125.000000 9326 3107.452331 99.438475
3.001070 3125.000000 9326 3107.558807 99.441882
3.000022 3125.000000 9492 3163.977301 101.247274
3.000265 3125.000000 9443 3147.388270 100.716425
3.000305 3125.000000 9404 3134.348015 100.299136
3.000115 3125.000000 9466 3155.212130 100.966788
3.000554 3125.000000 9333 3110.425511 99.533616
3.000470 3125.000000 9372 3123.510768 99.952345
3.000538 3125.000000 9358 3118.774256 99.800776
3.000488 3125.000000 9403 3133.823252 100.282344
3.001169 3125.000000 9231 3075.801125 98.425636
3.000189 3125.000000 9224 3074.473167 98.383141
3.000361 3125.000000 9462 3153.620441 100.915854
3.000151 3125.000000 9406 3135.175223 100.325607
3.000820 3125.000000 9277 3091.488181 98.927622
3.003630 3125.000000 9406 3131.543813 100.209402
3.001465 3125.000000 9465 3153.459766 100.910712
3.000559 3125.000000 9389 3129.083165 100.130661
3.000277 3125.000000 9269 3089.381888 98.860220
3.000095 3125.000000 9268 3089.235577 98.855538
3.000295 3125.000000 9424 3141.024460 100.512783
3.000070 3125.000000 9347 3115.593483 99.698991
3.000327 3125.000000 9456 3151.656377 100.853004
3.000456 3125.000000 9230 3076.198727 98.438359
3.000138 3125.000000 9289 3096.191132 99.078116
3.000161 3125.000000 9173 3057.502662 97.840085
6.000914 3125.000000 9332 3109.818043 99.514177
6.000347 3125.000000 9331 3109.995433 99.519854
6.000187 3125.000000 9338 3112.597631 99.603124
6.000221 3125.000000 9441 3146.926483 100.701647
6.000217 3125.000000 9453 3150.970712 100.831063
6.000113 3125.000000 9403 3134.224235 100.295176
6.000185 3125.000000 9242 3080.664432 98.581262
6.000804 3125.000000 9111 3036.455316 97.166570
6.000496 3125.000000 9495 3164.598351 101.267147
6.000591 3125.000000 9473 3157.365747 101.035704
6.001189 3125.000000 9454 3150.666286 100.821321
6.000129 3125.000000 9460 3153.271845 100.904699
6.000822 3125.000000 9571 3190.331812 102.090618
6.000380 3125.000000 9143 3047.562065 97.521986
6.001087 3125.000000 9346 3114.785396 99.673133
6.000473 3125.000000 9392 3130.663623 100.181236
6.000623 3125.000000 9552 3183.910008 101.885120
6.000630 3125.000000 9221 3073.521897 98.352701
6.000377 3125.000000 9307 3102.317274 99.274153
6.000669 3125.000000 9505 3167.938350 101.374027
6.001618 3125.000000 9303 3100.433656 99.213877
6.001379 3125.000000 9449 3149.326126 100.778436
6.001298 3125.000000 9254 3084.534283 98.705097
6.001247 3125.000000 9180 3059.362816 97.899610
6.000832 3125.000000 9409 3135.805190 100.345766
6.000462 3125.000000 9425 3141.660757 100.533144
6.000586 3125.000000 9628 3209.305355 102.697771
6.001406 3125.000000 9478 3159.087212 101.090791
6.001862 3125.000000 9486 3161.581728 101.170615
6.000503 3125.000000 9355 3117.953288 99.774505
6.003876 3125.000000 9342 3113.745113 99.639844
6.000178 3125.000000 9548 3182.648715 101.844759
9.000342 3125.000000 9198 3065.766166 98.104517
9.000348 3125.000000 9408 3135.867386 100.347756
9.000260 3125.000000 9306 3101.955118 99.262564
9.000291 3125.000000 9328 3109.226155 99.495237
9.000644 3125.000000 9408 3135.944740 100.350232
9.000705 3125.000000 9523 3173.783026 101.561057
9.001075 3125.000000 9309 3102.377218 99.276071
9.000696 3125.000000 9531 3176.631130 101.652196
9.000686 3125.000000 9282 3093.934162 99.005893
9.001598 3125.000000 9176 3058.145737 97.860664
9.000852 3125.000000 9459 3152.949208 100.894375
9.000668 3125.000000 9370 3123.154364 99.940940
9.000660 3125.000000 9376 3125.038100 100.001219
9.000634 3125.000000 9248 3082.662306 98.645194
9.000669 3125.000000 9483 3160.694816 101.142234
9.000260 3125.000000 9261 3086.865491 98.779696
9.000713 3125.000000 9397 3132.287244 100.233192
9.001666 3125.000000 9404 3134.615685 100.307702
9.001365 3125.000000 9337 3112.211332 99.590763
9.000792 3125.000000 9274 3090.993011 98.911776
9.000937 3125.000000 9408 3135.879099 100.348131
9.001301 3125.000000 9299 3099.663143 99.189221
9.001538 3125.000000 9245 3080.688141 98.582020
9.000957 3125.000000 9290 3096.622309 99.091914
9.001770 3125.000000 9511 3169.719935 101.431038
9.001664 3125.000000 9245 3081.373424 98.603950
9.001486 3125.000000 9447 3148.916552 100.765330
9.002045 3125.000000 9366 3120.738826 99.863642
9.002007 3125.000000 9300 3099.850554 99.195218
9.000955 3125.000000 9302 3100.200346 99.206411
9.005307 3125.000000 9397 3130.839885 100.186876
9.000197 3125.000000 9394 3131.313507 100.202032
12.000846 3125.000000 9309 3102.425154 99.277605
12.000344 3125.000000 9458 3152.577588 100.882483
12.001283 3125.000000 9329 3108.606278 99.475401
12.001137 3125.000000 9368 3122.179967 99.909759
12.000894 3125.000000 9498 3165.955760 101.310584
12.000425 3125.000000 9371 3123.579648 99.954549
12.000396 3125.000000 9308 3102.617367 99.283756
12.003403 3125.000000 9418 3137.328136 100.394500
12.000782 3125.000000 9143 3047.515955 97.520511
12.000701 3125.000000 9435 3144.994773 100.639833
12.001176 3125.000000 9469 3156.226839 100.999259
12.000684 3125.000000 9441 3146.957827 100.702650
12.000689 3125.000000 9272 3090.664064 98.901250
12.001328 3125.000000 9404 3134.638764 100.308440
12.002986 3125.000000 9435 3142.563206 100.562023
12.000902 3125.000000 9344 3114.423655 99.661557
12.000793 3125.000000 9379 3126.241801 100.039738
12.001529 3125.000000 9198 3065.395537 98.092657
12.000918 3125.000000 9429 3142.785580 100.569139
12.001735 3125.000000 9668 3222.591138 103.122916
12.001300 3125.000000 9558 3185.635108 101.940323
12.002223 3125.000000 9216 3070.535293 98.257129
12.001696 3125.000000 9509 3169.562970 101.426015
12.001760 3125.000000 9410 3136.568793 100.370201
12.001588 3125.000000 9639 3212.760472 102.808335
12.002292 3125.000000 9242 3080.130569 98.564178
12.003546 3125.000000 9420 3138.390090 100.428483
12.001886 3125.000000 9376 3124.971142 99.999077
12.002226 3125.000000 9509 3169.475422 101.423213
12.001212 3125.000000 9386 3128.398264 100.108744
12.005580 3125.000000 9354 3117.715991 99.766912
12.003377 3125.000000 9336 3108.704439 99.478542
15.000964 3125.000000 9445 3148.142866 100.740572
15.001701 3125.000000 9274 3090.290925 98.889310
15.002115 3125.000000 9392 3129.401848 100.140859
15.001447 3125.000000 9475 3157.226696 101.031254
15.003018 3125.000000 9475 3157.009441 101.024302
15.001362 3125.000000 9311 3102.965258 99.294888
15.000840 3125.000000 9338 3112.618003 99.603776
15.001013 3125.000000 9512 3170.540723 101.457303
15.000649 3125.000000 9343 3114.100794 99.651225
15.001279 3125.000000 9622 3206.870921 102.619869
15.001319 3125.000000 9228 3075.366625 98.411732
15.001980 3125.000000 9451 3150.075495 100.802416
15.001828 3125.000000 9421 3139.810709 100.473943
15.001919 3125.000000 9438 3145.221614 100.647092
15.001232 3125.000000 9462 3153.899594 100.924787
15.001339 3125.000000 9431 3142.624343 100.563979
15.001444 3125.000000 9364 3121.166774 99.877337
15.000987 3125.000000 9489 3162.926640 101.213652
15.001442 3125.000000 9635 3211.514842 102.768475
15.001892 3125.000000 9263 3087.293342 98.793387
15.002440 3125.000000 9476 3157.883389 101.052268
15.001937 3125.000000 9653 3217.612178 102.963590
15.001637 3125.000000 9319 3106.283260 99.401064
15.002382 3125.000000 9304 3101.172076 99.237506
15.003513 3125.000000 9185 3060.420730 97.933463
15.003100 3125.000000 9410 3136.547810 100.369530
15.002284 3125.000000 9203 3067.604745 98.163352
15.003663 3125.000000 9263 3087.546170 98.801477
15.001835 3125.000000 9393 3130.349942 100.171198
15.003448 3125.000000 9242 3080.620533 98.579857
15.005967 3125.000000 9220 3072.937488 98.334000
15.003717 3125.000000 9733 3243.965858 103.806907
18.001069 3125.000000 9346 3114.897855 99.676731
18.001386 3125.000000 9453 3150.929313 100.829738
18.000869 3125.000000 9489 3162.969836 101.215035
18.002211 3125.000000 9387 3127.979242 100.095336
18.002183 3125.000000 9261 3086.929168 98.781733
18.002122 3125.000000 9337 3112.141036 99.588513
18.001176 3125.000000 9198 3065.783199 98.105062
18.001210 3125.000000 9294 3097.796207 99.129479
18.001938 3125.000000 9422 3140.646794 100.500697
18.001583 3125.000000 9530 3176.344356 101.643019
18.001473 3125.000000 9412 3136.825410 100.378413
18.001587 3125.000000 9267 3088.856767 98.843417
18.001514 3125.000000 9294 3097.926993 99.133664
18.001694 3125.000000 9399 3132.653882 100.244924
18.002345 3125.000000 9546 3181.317142 101.802149
18.002198 3125.000000 9551 3183.273814 101.864762
18.002385 3125.000000 9432 3143.575730 100.594423
18.002274 3125.000000 9321 3106.604160 99.411333
18.001472 3125.000000 9416 3138.634806 100.436314
18.003588 3125.000000 9376 3122.992927 99.935774
18.003053 3125.000000 9465 3154.355963 100.939391
18.001820 3125.000000 9555 3184.805402 101.913773
18.003104 3125.000000 9305 3100.920327 99.229450
18.003265 3125.000000 9562 3187.071178 101.986278
18.002591 3125.000000 9457 3152.010568 100.864338
18.003451 3125.000000 9227 3075.306557 98.409810
18.003584 3125.000000 9429 3142.925836 100.573627
18.003715 3125.000000 9176 3058.613525 97.875633
18.001888 3125.000000 9475 3158.277772 101.064889
18.005826 3125.000000 9580 3190.803915 102.105725
18.006022 3125.000000 9535 3178.274528 101.704785
18.004154 3125.000000 9384 3127.544319 100.081418
21.001384 3125.000000 9406 3134.795244 100.313448
21.001848 3125.000000 9456 3151.330407 100.842573
21.001247 3125.000000 9325 3108.148093 99.460739
21.001414 3125.000000 9318 3105.970909 99.391069
21.001330 3125.000000 9353 3117.506174 99.760198
21.002271 3125.000000 9551 3183.313469 101.866031
21.001870 3125.000000 9408 3135.703677 100.342518
21.002348 3125.000000 9380 3125.798048 100.025538
21.001599 3125.000000 9499 3166.316688 101.322134
21.001476 3125.000000 9271 3090.330083 98.890563
21.002163 3125.000000 8972 2990.199215 95.686375
21.002804 3125.000000 9275 3091.041544 98.913329
21.001553 3125.000000 9330 3109.917364 99.517356
21.002235 3125.000000 9498 3165.945964 101.310271
21.001868 3125.000000 9166 3055.284619 97.769108
21.002579 3125.000000 9479 3159.420141 101.101445
21.002274 3125.000000 9202 3067.332710 98.154647
21.002769 3125.000000 9356 3118.267688 99.784566
21.002341 3125.000000 9496 3165.197024 101.286305
21.003532 3125.000000 9418 3138.831570 100.442610
21.003061 3125.000000 9420 3139.017690 100.448566
21.003645 3125.000000 9179 3059.278708 97.896919
21.002595 3125.000000 9362 3120.663007 99.861216
21.003775 3125.000000 9462 3153.803441 100.921710
21.004015 3125.000000 9342 3113.688774 99.638041
21.003771 3125.000000 9336 3111.667867 99.573372
21.003668 3125.000000 9508 3169.244429 101.415822
21.003111 3125.000000 9613 3204.325787 102.538425
21.001979 3125.000000 9438 3145.904829 100.668955
21.006111 3125.000000 9342 3113.908335 99.645067
21.005901 3125.000000 9440 3146.587954 100.690815
21.004341 3125.000000 9498 3165.803100 101.305699
24.001858 3125.000000 9379 3125.697096 100.022307
24.001923 3125.000000 9241 3079.779743 98.552952
24.001774 3125.000000 9565 3187.950688 102.014422
24.001386 3125.000000 9101 3033.610763 97.075544
24.001518 3125.000000 9570 3189.954526 102.078545
24.002036 3125.000000 9581 3193.466310 102.190922
24.001618 3125.000000 9375 3124.980580 99.999379
24.002490 3125.000000 9578 3192.394647 102.156629
24.001628 3125.000000 9292 3097.255482 99.112175
24.002558 3125.000000 9658 3218.595299 102.995050
24.002625 3125.000000 9527 3175.291937 101.609342
24.002973 3125.000000 9370 3123.120523 99.939857
24.001905 3125.000000 9185 3061.629039 97.972129
24.002184 3125.000000 9435 3144.977338 100.639275
24.002721 3125.000000 9136 3044.879864 97.436156
24.002514 3125.000000 9424 3141.151547 100.516850
24.002381 3125.000000 9230 3076.632585 98.452243
24.002944 3125.000000 9243 3080.625214 98.580007
24.003064 3125.000000 9465 3154.727583 100.951283
24.004190 3125.000000 9262 3086.656065 98.772994
24.003749 3125.000000 9381 3126.891923 100.060542
24.003173 3125.000000 9317 3105.550830 99.377627
24.003898 3125.000000 9338 3112.535632 99.601140
24.003050 3125.000000 9428 3142.189656 100.550069
24.003182 3125.000000 9357 3118.926275 99.805641
24.004425 3125.000000 9234 3077.332577 98.474642
24.004452 3125.000000 9324 3107.187795 99.430009
24.004020 3125.000000 9451 3150.327447 100.810478
24.002212 3125.000000 9339 3112.757501 99.608240
24.006284 3125.000000 9429 3142.818707 100.570199
24.007074 3125.000000 9257 3084.460792 98.702745
24.004408 3125.000000 9351 3116.929758 99.741752
27.002171 3125.000000 9359 3119.253740 99.816120
27.001505 3125.000000 9378 3125.875848 100.028027
27.001589 3125.000000 9476 3158.592358 101.074955
27.001762 3125.000000 9238 3079.185084 98.533923
27.004222 3125.000000 9165 3053.729477 97.719343
27.001997 3125.000000 9326 3108.590048 99.474882
27.002327 3125.000000 9539 3179.357949 101.739454
27.002750 3125.000000 9367 3121.405490 99.884976
27.004972 3125.000000 9420 3137.290538 100.393297
27.002661 3125.000000 9303 3100.823764 99.226360
27.002021 3125.000000 9359 3119.257981 99.816255
27.002287 3125.000000 9286 3095.227170 99.047269
27.002830 3125.000000 9113 3037.390910 97.196509
27.001987 3125.000000 9491 3163.580280 101.234569
27.003339 3125.000000 9405 3134.354598 100.299347
27.005704 3125.000000 9591 3193.721280 102.199081
27.003276 3125.000000 9463 3154.109893 100.931517
27.003255 3125.000000 9382 3127.009338 100.064299
27.003144 3125.000000 9410 3136.008449 100.352270
27.004226 3125.000000 9306 3101.506591 99.248211
27.003449 3125.000000 9439 3146.044046 100.673409
27.004432 3125.000000 9197 3065.420274 98.093449
27.003283 3125.000000 9314 3104.425376 99.341612
27.004168 3125.000000 9305 3101.513945 99.248446
27.003398 3125.000000 9331 3110.109134 99.523492
27.003929 3125.000000 9356 3118.634004 99.796288
27.004710 3125.000000 9618 3205.724914 102.583197
27.002245 3125.000000 9212 3070.633675 98.260278
27.004651 3125.000000 9591 3196.759581 102.296307
27.008086 3125.000000 9127 3040.506871 97.296220
27.007574 3125.000000 9430 3142.809208 100.569895
27.005210 3125.000000 9314 3103.836910 99.322781
#type       avg     std     min     5th    10th    90th    95th    99th
read      387.0   130.2    66.3   199.5   227.3   564.5   617.7   714.5
update    390.7   130.2    80.2   201.5   229.7   567.5   620.4   715.1
op_q        2.4     1.3     1.0     1.0     1.0     4.1     4.8     6.1

Total QPS = 199960.1 (5998802 / 30.0s)

Misses = 0 (0.0%)
Skipped TXs = 0 (0.0%)

RX 1033848114 bytes :   32.9 MB/s
TX  664359985 bytes :   21.1 MB/s
