3.000442 6250.000000 18946 6314.402890 202.060892
3.000279 6250.000000 18754 6250.752313 200.024074
3.000065 6250.000000 18706 6235.198606 199.526355
3.000249 6250.000000 18717 6238.482333 199.631435
3.000167 6250.000000 18539 6179.323422 197.738350
3.000069 6250.000000 18816 6271.855776 200.699385
3.000215 6250.000000 18582 6193.555677 198.193782
3.000035 6250.000000 18735 6244.926511 199.837648
3.000106 6250.000000 19084 6361.109297 203.555497
3.000192 6250.000000 18400 6132.940469 196.254095
3.000210 6250.000000 18572 6190.234326 198.087498
3.000281 6250.000000 18759 6252.413526 200.077233
3.000532 6250.000000 18696 6230.894658 199.388629
3.000254 6250.000000 18511 6169.810229 197.433927
3.000047 6250.000000 18698 6232.569879 199.442236
3.000056 6250.000000 18701 6233.549488 199.473584
3.000103 6250.000000 18835 6278.118352 200.899787
3.000035 6250.000000 18635 6211.593372 198.770988
3.000090 6250.000000 18718 6239.146564 199.652690
3.000014 6250.000000 18779 6259.637228 200.308391
3.000038 6250.000000 18715 6238.254700 199.624150
3.000006 6250.000000 18790 6263.321026 200.426273
3.000249 6250.000000 18969 6322.474802 202.319194
3.000184 6250.000000 18788 6262.281597 200.393011
3.000053 6250.000000 19045 6348.221111 203.143076
3.000149 6250.000000 18447 6148.694934 196.758238
3.000173 6250.000000 18827 6275.303866 200.809724
3.000242 6250.000000 18663 6220.498133 199.055940
3.000258 6250.000000 18684 6227.463531 199.278833
3.000205 6250.000000 18792 6263.572233 200.434311
3.000078 6250.000000 18805 6268.169331 200.581419
3.000013 6250.000000 18881 6293.639900 201.396477
6.000006 6250.000000 18646 6215.332412 198.890637
6.000673 6250.000000 18975 6324.105673 202.371382
6.000667 6250.000000 18857 6284.457808 201.102650
6.000298 6250.000000 18923 6307.261929 201.832382
6.000595 6250.000000 18879 6291.782563 201.337042
6.000123 6250.000000 18710 6236.490250 199.567688
6.000722 6250.000000 18471 6155.659809 196.981114
6.000506 6250.000000 18846 6281.077110 200.994468
6.000630 6250.000000 18615 6203.909531 198.525105
6.000424 6250.000000 18802 6266.832003 200.538624
6.000181 6250.000000 18342 6113.970806 195.647066
6.000305 6250.000000 18792 6263.481116 200.431396
6.000600 6250.000000 18636 6210.830088 198.746563
6.000415 6250.000000 18904 6300.994913 201.631837
6.000513 6250.000000 18325 6107.715696 195.446902
6.000340 6250.000000 18817 6272.206402 200.710605
6.002191 6250.000000 18925 6304.320717 201.738263
6.000070 6250.000000 18771 6256.926990 200.221664
6.000361 6250.000000 18892 6297.027686 201.504886
6.000279 6250.000000 18328 6109.271953 195.496702
6.001368 6250.000000 18924 6305.235421 201.767533
6.000939 6250.000000 18476 6157.646531 197.044689
6.000050 6250.000000 18922 6307.326383 201.834444
6.000574 6250.000000 18720 6239.913566 199.677234
6.000519 6250.000000 18842 6279.983351 200.959467
6.000662 6250.000000 18629 6208.605193 198.675366
6.000175 6250.000000 18812 6270.663886 200.661244
6.000287 6250.000000 18925 6308.273134 201.864740
6.000421 6250.000000 18806 6268.292958 200.585375
6.000505 6250.000000 18857 6285.037464 201.121199
6.001271 6250.000000 18823 6271.840136 200.698884
6.000154 6250.000000 18666 6221.706410 199.094605
9.000597 6250.000000 18910 6302.951293 201.694441
9.000153 6250.000000 18741 6246.784358 199.897099
9.000085 6250.000000 18778 6259.168918 200.293405
9.000518 6250.000000 18852 6283.671633 201.077492
9.000304 6250.000000 18865 6288.075058 201.218402
9.000214 6250.000000 18943 6314.249786 202.055993
9.000474 6250.000000 18754 6250.966834 200.030939
9.000164 6250.000000 18733 6244.138199 199.812422
9.000459 6250.000000 18585 6194.305018 198.217761
9.001478 6250.000000 18900 6297.959463 201.534703
9.000804 6250.000000 18684 6227.829228 199.290535
9.000838 6250.000000 18706 6234.990141 199.519685
9.000745 6250.000000 18811 6269.848662 200.635157
9.000295 6250.000000 18975 6324.966783 202.398937
9.000722 6250.000000 18878 6292.240899 201.351709
9.000737 6250.000000 18835 6277.501974 200.880063
9.000334 6250.000000 18600 6199.902027 198.396865
9.000534 6250.000000 18830 6276.438466 200.846031
9.000628 6250.000000 19074 6357.314843 203.434075
9.000695 6250.000000 18743 6247.414850 199.917275
9.000517 6250.000000 18911 6303.640875 201.716508
9.000890 6250.000000 18365 6121.064727 195.874071
9.000659 6250.000000 18835 6278.272112 200.904708
9.000515 6250.000000 18828 6275.802465 200.825679
9.001351 6250.000000 18698 6231.107572 199.395442
9.001526 6250.000000 18719 6237.869321 199.611818
9.000946 6250.000000 18710 6236.653191 199.572902
9.002029 6250.000000 19188 6394.591668 204.626933
9.000676 6250.000000 18866 6288.648509 201.236752
9.002449 6250.000000 18946 6314.789375 202.073260
9.001340 6250.000000 18529 6176.191298 197.638122
9.000303 6250.000000 18860 6286.355037 201.163361
12.000348 6250.000000 18557 6185.124325 197.923978
12.000901 6250.000000 18842 6279.398166 200.940741
12.000935 6250.000000 18647 6215.271884 198.888700
12.000275 6250.000000 18832 6277.079653 200.866549
12.000254 6250.000000 18772 6257.146120 200.228676
12.000223 6250.000000 18651 6216.981874 198.943420
12.000483 6250.000000 18967 6322.313561 202.314034
12.000585 6250.000000 19086 6361.733238 203.575464
12.000383 6250.000000 18320 6106.505877 195.408188
12.000519 6250.000000 18565 6188.329905 198.026557
12.000828 6250.000000 18878 6292.313235 201.354024
12.000478 6250.000000 18542 6180.370226 197.771847
12.000687 6250.000000 18518 6172.545124 197.521444
12.000786 6250.000000 18556 6184.944037 197.918209
12.001099 6250.000000 18639 6212.390805 198.796506
12.000863 6250.000000 18613 6204.282236 198.537032
12.000589 6250.000000 18876 6291.883537 201.340273
12.000752 6250.000000 18700 6233.173725 199.461559
12.000740 6250.000000 18808 6269.325821 200.618426
12.000935 6250.000000 18662 6220.168370 199.045388
12.001061 6250.000000 18553 6183.979813 197.887354
12.000754 6250.000000 19150 6383.264144 204.264453
12.000569 6250.000000 18812 6270.559315 200.657898
12.000969 6250.000000 18709 6236.285485 199.561136
12.000673 6250.000000 18966 6321.667805 202.293370
12.001752 6250.000000 18685 6227.764376 199.288460
12.001480 6250.000000 18666 6221.732321 199.095434
12.001769 6250.000000 18893 6297.156121 201.508996
12.002335 6250.000000 18804 6267.361771 200.555577
12.001723 6250.000000 18549 6182.210142 197.830725
12.002540 6250.000000 19093 6364.140199 203.652486
12.000518 6250.000000 19063 6353.878378 203.324108
15.000939 6250.000000 18819 6272.047645 200.705525
15.000451 6250.000000 19038 6345.855736 203.067384
15.000749 6250.000000 18566 6188.337188 198.026790
15.001239 6250.000000 18800 6264.806177 200.473798
15.000679 6250.000000 18734 6243.781879 199.801020
15.000757 6250.000000 18567 6188.509697 198.032310
15.000472 6250.000000 18828 6275.588108 200.818819
15.000883 6250.000000 18659 6219.466095 199.022915
15.000840 6250.000000 18755 6251.642099 200.052547
15.000688 6250.000000 18855 6284.997555 201.119922
15.001197 6250.000000 18724 6240.717825 199.702970
15.000890 6250.000000 18715 6238.277633 199.624884
15.001096 6250.000000 18664 6220.625190 199.060006
15.001113 6250.000000 19171 6389.955016 204.478561
15.001157 6250.000000 18393 6130.804507 196.185744
15.000691 6250.000000 18801 6266.556523 200.529809
15.000761 6250.000000 18529 6175.971547 197.631089
15.000481 6250.000000 18698 6232.131663 199.428213
15.000627 6250.000000 18628 6209.213967 198.694847
15.000832 6250.000000 18665 6221.501981 199.088063
15.000858 6250.000000 18634 6211.090334 198.754891
15.000967 6250.000000 18651 6216.935342 198.941931
15.001138 6250.000000 18721 6240.250476 199.688015
15.000708 6250.000000 18772 6257.259365 200.232300
15.001618 6250.000000 18693 6229.650983 199.348831
15.002158 6250.000000 19034 6343.807349 203.001835
15.001495 6250.000000 18668 6222.636666 199.124373
15.001820 6250.000000 18567 6188.895425 198.044654
15.002400 6250.000000 18835 6278.195727 200.902263
15.002568 6250.000000 18581 6193.608802 198.195482
15.001738 6250.000000 18551 6183.636364 197.876364
15.000648 6250.000000 18871 6290.059405 201.281901
18.001180 6250.000000 18935 6310.785485 201.945136
18.000550 6250.000000 18941 6313.459764 202.030712
18.000820 6250.000000 18616 6205.202114 198.566468
18.000498 6250.000000 19114 6371.278120 203.880900
18.000486 6250.000000 18716 6238.656208 199.636999
18.000980 6250.000000 18996 6331.971571 202.623090
18.000779 6250.000000 18464 6154.604873 196.947356
18.000732 6250.000000 18773 6257.446381 200.238284
18.000874 6250.000000 18515 6171.289879 197.481276
18.001261 6250.000000 18534 6177.784434 197.689102
18.000796 6250.000000 18839 6279.440771 200.942105
18.001230 6250.000000 18906 6301.218801 201.639002
18.000884 6250.000000 18467 6155.575265 196.978408
18.000893 6250.000000 18785 6261.646515 200.372688
18.001305 6250.000000 18532 6177.196860 197.670300
18.000925 6250.000000 18833 6277.470962 200.879071
18.001142 6250.000000 19004 6334.658686 202.709078
18.001138 6250.000000 18695 6231.614373 199.411660
18.000983 6250.000000 18817 6272.241405 200.711725
18.001139 6250.000000 19023 6340.027287 202.880873
18.000937 6250.000000 18585 6194.903411 198.236909
18.001312 6250.000000 18979 6325.877991 202.428096
18.001791 6250.000000 18978 6325.634744 202.420312
18.001233 6250.000000 18853 6284.258954 201.096287
18.000830 6250.000000 18530 6176.415636 197.645300
18.001681 6250.000000 18906 6301.609104 201.651491
18.002961 6250.000000 18880 6290.941089 201.310115
18.002159 6250.000000 18791 6263.664552 200.437266
18.003261 6250.000000 18745 6246.891857 199.900539
18.002535 6250.000000 18809 6269.385904 200.620349
18.002209 6250.000000 18741 6246.019597 199.872627
18.000678 6250.000000 18718 6239.272489 199.656720
21.001422 6250.000000 18638 6211.371189 198.763878
21.000773 6250.000000 18871 6289.865520 201.275697
21.001060 6250.000000 18699 6232.653068 199.444898
21.001236 6250.000000 18717 6238.268700 199.624598
21.000677 6250.000000 18834 6277.624318 200.883978
21.001509 6250.000000 18917 6304.896782 201.756697
21.000732 6250.000000 18712 6236.820663 199.578261
21.000794 6250.000000 18937 6312.301383 201.993644
21.001253 6250.000000 18999 6332.430574 202.637778
21.001129 6250.000000 19017 6338.685914 202.837949
21.001043 6250.000000 18745 6248.088875 199.938844
21.001213 6250.000000 18797 6265.510236 200.496328
21.001040 6250.000000 18698 6232.211089 199.430755
21.001168 6250.000000 18836 6278.607302 200.915434
21.001149 6250.000000 18757 6251.890516 200.060497
21.001674 6250.000000 18951 6315.958519 202.110673
21.001062 6250.000000 19012 6336.935954 202.781951
21.000745 6250.000000 18547 6182.306646 197.833813
21.001439 6250.000000 18840 6279.720052 200.951042
21.001323 6250.000000 18648 6215.812382 198.905996
21.001244 6250.000000 18864 6287.969383 201.215020
21.001060 6250.000000 18905 6301.184180 201.637894
21.001719 6250.000000 18876 6291.146611 201.316692
21.001279 6250.000000 18616 6205.296582 198.569491
21.001816 6250.000000 19031 6343.614924 202.995678
21.001686 6250.000000 19046 6348.655229 203.156967
21.002384 6250.000000 18963 6320.525655 202.256821
21.002642 6250.000000 18511 6170.111800 197.443578
21.003358 6250.000000 18607 6202.131439 198.468206
21.003164 6250.000000 18839 6279.241740 200.935736
21.002384 6250.000000 18744 6247.635583 199.924339
21.000684 6250.000000 18631 6210.321344 198.730283
24.000786 6250.000000 18844 6281.106389 200.995404
24.001270 6250.000000 18895 6298.036993 201.537184
24.001286 6250.000000 18897 6298.712474 201.558799
24.000776 6250.000000 18914 6304.660581 201.749139
24.001050 6250.000000 18640 6212.802980 198.809695
24.001076 6250.000000 18959 6319.631155 202.228197
24.000927 6250.000000 19141 6379.918821 204.157402
24.001268 6250.000000 18843 6280.968859 200.991003
24.001304 6250.000000 18844 6281.209219 200.998695
24.001098 6250.000000 18698 6232.544690 199.441430
24.001342 6250.000000 18898 6299.202015 201.574464
24.001157 6250.000000 18400 6133.099589 196.259187
24.000912 6250.000000 18635 6211.320239 198.762248
24.001630 6250.000000 18755 6250.796973 200.025503
24.001696 6250.000000 18896 6298.127477 201.540079
24.001288 6250.000000 18888 6295.747526 201.463921
24.002812 6250.000000 18674 6221.964296 199.102857
24.001292 6250.000000 18750 6249.882771 199.996249
24.001513 6250.000000 18602 6199.733736 198.391480
24.001912 6250.000000 18752 6249.439823 199.982074
24.002176 6250.000000 18752 6249.622326 199.987914
24.002896 6250.000000 18652 6214.279487 198.856944
24.002521 6250.000000 18805 6266.860647 200.539541
24.001970 6250.000000 18834 6277.405578 200.876979
24.001783 6250.000000 18451 6150.201607 196.806451
24.001909 6250.000000 18755 6249.898175 199.996742
24.002437 6250.000000 18554 6184.557790 197.905849
24.003657 6250.000000 18908 6302.038337 201.665227
24.002830 6250.000000 18816 6271.608273 200.691465
24.003221 6250.000000 18592 6197.215692 198.310902
24.002441 6250.000000 18657 6218.880811 199.004186
24.001040 6250.000000 18566 6187.931730 198.013815
27.001457 6250.000000 18889 6296.012524 201.472401
27.000780 6250.000000 18844 6281.325383 201.002412
27.000792 6250.000000 18992 6330.653623 202.580916
27.001360 6250.000000 18414 6137.962422 196.414798
27.002122 6250.000000 18701 6231.929584 199.421747
27.001132 6250.000000 19037 6345.595839 203.059067
27.001426 6250.000000 18653 6217.337310 198.954794
27.001462 6250.000000 18636 6211.602311 198.771274
27.001192 6250.000000 18630 6209.760773 198.712345
27.001317 6250.000000 19214 6404.604165 204.947333
27.001061 6250.000000 18580 6193.311251 198.185960
27.001064 6250.000000 18769 6256.048950 200.193566
27.001533 6250.000000 18552 6183.502490 197.872080
27.001158 6250.000000 18779 6259.663574 200.309234
27.001275 6250.000000 18516 6171.253616 197.480116
27.001666 6250.000000 18757 6252.257714 200.072247
27.001520 6250.000000 18787 6262.320530 200.394257
27.001936 6250.000000 18761 6253.617690 200.115766
27.001745 6250.000000 18792 6263.896993 200.444704
27.001904 6250.000000 18563 6187.416501 197.997328
27.002704 6250.000000 18606 6201.447374 198.446316
27.002854 6250.000000 18755 6251.616654 200.051733
27.002000 6250.000000 18895 6298.269860 201.544636
27.002205 6250.000000 18783 6260.939796 200.350073
27.001915 6250.000000 18886 6295.320122 201.450244
27.002868 6250.000000 18603 6200.882837 198.428251
27.002849 6250.000000 18219 6072.335219 194.314727
27.003053 6250.000000 19090 6363.002165 203.616069
27.004083 6250.000000 18988 6328.436476 202.509967
27.003256 6250.000000 18734 6244.594124 199.827012
27.002625 6250.000000 18508 6168.955724 197.406583
27.001188 6250.000000 18803 6267.358110 200.555460
#type       avg     std     min     5th    10th    90th    95th    99th
read      792.7   248.2   251.6   477.6   509.2  1188.0  1260.9  1387.3
update    794.6   248.9   276.8   477.7   509.2  1191.8  1262.5  1386.1
op_q        6.7     3.1     1.0     2.1     3.0    11.2    12.5    15.8

Total QPS = 399998.8 (11999966 / 30.0s)

Misses = 0 (0.0%)
Skipped TXs = 0 (0.0%)

RX 2071953141 bytes :   65.9 MB/s
TX 1326212493 bytes :   42.2 MB/s
