Requests      [total, rate, throughput]         12, 10.91, 10.70
Duration      [total, attack, wait]             1.121s, 1.1s, 21.062ms
Latencies     [min, mean, 50, 90, 95, 99, max]  20.932ms, 21.301ms, 21.165ms, 21.767ms, 21.965ms, 21.998ms, 21.998ms
Bytes In      [total, mean]                     24, 2.00
Bytes Out     [total, mean]                     0, 0.00
Success       [ratio]                           100.00%
Status Codes  [code:count]                      200:12  
Error Set:
Requests      [total, rate, throughput]         22, 10.47, 10.37
Duration      [total, attack, wait]             2.122s, 2.1s, 21.355ms
Latencies     [min, mean, 50, 90, 95, 99, max]  20.837ms, 21.329ms, 21.349ms, 21.69ms, 21.842ms, 21.998ms, 21.998ms
Bytes In      [total, mean]                     44, 2.00
Bytes Out     [total, mean]                     0, 0.00
Success       [ratio]                           100.00%
Status Codes  [code:count]                      200:22  
Error Set:
Requests      [total, rate, throughput]         32, 10.32, 10.25
Duration      [total, attack, wait]             3.121s, 3.1s, 20.927ms
Latencies     [min, mean, 50, 90, 95, 99, max]  20.837ms, 21.275ms, 21.269ms, 21.65ms, 21.731ms, 21.998ms, 21.998ms
Bytes In      [total, mean]                     64, 2.00
Bytes Out     [total, mean]                     0, 0.00
Success       [ratio]                           100.00%
Status Codes  [code:count]                      200:32  
Error Set:
Requests      [total, rate, throughput]         42, 10.24, 10.19
Duration      [total, attack, wait]             4.121s, 4.1s, 21.288ms
Latencies     [min, mean, 50, 90, 95, 99, max]  20.837ms, 21.294ms, 21.3ms, 21.595ms, 21.696ms, 21.998ms, 21.998ms
Bytes In      [total, mean]                     84, 2.00
Bytes Out     [total, mean]                     0, 0.00
Success       [ratio]                           100.00%
Status Codes  [code:count]                      200:42  
Error Set:
Requests      [total, rate, throughput]         52, 10.20, 10.15
Duration      [total, attack, wait]             5.122s, 5.1s, 21.683ms
Latencies     [min, mean, 50, 90, 95, 99, max]  20.837ms, 21.312ms, 21.339ms, 21.595ms, 21.681ms, 21.992ms, 21.998ms
Bytes In      [total, mean]                     104, 2.00
Bytes Out     [total, mean]                     0, 0.00
Success       [ratio]                           100.00%
Status Codes  [code:count]                      200:52  
Error Set:
Requests      [total, rate, throughput]         62, 10.16, 10.13
Duration      [total, attack, wait]             6.121s, 6.1s, 21.21ms
Latencies     [min, mean, 50, 90, 95, 99, max]  20.837ms, 21.315ms, 21.325ms, 21.619ms, 21.674ms, 21.966ms, 21.998ms
Bytes In      [total, mean]                     124, 2.00
Bytes Out     [total, mean]                     0, 0.00
Success       [ratio]                           100.00%
Status Codes  [code:count]                      200:62  
Error Set:
Requests      [total, rate, throughput]         72, 10.14, 10.11
Duration      [total, attack, wait]             7.122s, 7.1s, 21.586ms
Latencies     [min, mean, 50, 90, 95, 99, max]  20.837ms, 21.32ms, 21.338ms, 21.593ms, 21.667ms, 21.941ms, 21.998ms
Bytes In      [total, mean]                     144, 2.00
Bytes Out     [total, mean]                     0, 0.00
Success       [ratio]                           100.00%
Status Codes  [code:count]                      200:72  
Error Set:
Requests      [total, rate, throughput]         82, 10.12, 10.10
Duration      [total, attack, wait]             8.121s, 8.1s, 21.349ms
Latencies     [min, mean, 50, 90, 95, 99, max]  20.837ms, 21.322ms, 21.339ms, 21.579ms, 21.658ms, 21.915ms, 21.998ms
Bytes In      [total, mean]                     164, 2.00
Bytes Out     [total, mean]                     0, 0.00
Success       [ratio]                           100.00%
Status Codes  [code:count]                      200:82  
Error Set:
Requests      [total, rate, throughput]         92, 10.11, 10.09
Duration      [total, attack, wait]             9.121s, 9.1s, 21.054ms
Latencies     [min, mean, 50, 90, 95, 99, max]  20.837ms, 21.309ms, 21.325ms, 21.576ms, 21.65ms, 21.889ms, 21.998ms
Bytes In      [total, mean]                     184, 2.00
Bytes Out     [total, mean]                     0, 0.00
Success       [ratio]                           100.00%
Status Codes  [code:count]                      200:92  
Error Set:
Requests      [total, rate, throughput]         102, 10.10, 10.08
Duration      [total, attack, wait]             10.122s, 10.101s, 21.023ms
Latencies     [min, mean, 50, 90, 95, 99, max]  20.837ms, 21.299ms, 21.304ms, 21.572ms, 21.645ms, 21.863ms, 21.998ms
Bytes In      [total, mean]                     204, 2.00
Bytes Out     [total, mean]                     0, 0.00
Success       [ratio]                           100.00%
Status Codes  [code:count]                      200:102  
Error Set:
Requests      [total, rate, throughput]         112, 10.09, 10.07
Duration      [total, attack, wait]             11.122s, 11.101s, 21.292ms
Latencies     [min, mean, 50, 90, 95, 99, max]  20.837ms, 21.31ms, 21.304ms, 21.572ms, 21.65ms, 22.24ms, 22.634ms
Bytes In      [total, mean]                     224, 2.00
Bytes Out     [total, mean]                     0, 0.00
Success       [ratio]                           100.00%
Status Codes  [code:count]                      200:112  
Error Set:
Requests      [total, rate, throughput]         122, 10.08, 10.06
Duration      [total, attack, wait]             12.122s, 12.1s, 21.627ms
Latencies     [min, mean, 50, 90, 95, 99, max]  20.837ms, 21.32ms, 21.312ms, 21.577ms, 21.645ms, 22.176ms, 22.634ms
Bytes In      [total, mean]                     244, 2.00
Bytes Out     [total, mean]                     0, 0.00
Success       [ratio]                           100.00%
Status Codes  [code:count]                      200:122  
Error Set:
Requests      [total, rate, throughput]         132, 10.08, 10.06
Duration      [total, attack, wait]             13.121s, 13.1s, 21.221ms
Latencies     [min, mean, 50, 90, 95, 99, max]  20.837ms, 21.315ms, 21.31ms, 21.577ms, 21.64ms, 22.112ms, 22.634ms
Bytes In      [total, mean]                     264, 2.00
Bytes Out     [total, mean]                     0, 0.00
Success       [ratio]                           100.00%
Status Codes  [code:count]                      200:132  
Error Set:
Requests      [total, rate, throughput]         142, 10.07, 10.06
Duration      [total, attack, wait]             14.121s, 14.1s, 21.389ms
Latencies     [min, mean, 50, 90, 95, 99, max]  20.837ms, 21.315ms, 21.31ms, 21.576ms, 21.633ms, 22.049ms, 22.634ms
Bytes In      [total, mean]                     284, 2.00
Bytes Out     [total, mean]                     0, 0.00
Success       [ratio]                           100.00%
Status Codes  [code:count]                      200:142  
Error Set:
Requests      [total, rate, throughput]         152, 10.07, 10.05
Duration      [total, attack, wait]             15.121s, 15.1s, 21.29ms
Latencies     [min, mean, 50, 90, 95, 99, max]  20.837ms, 21.314ms, 21.308ms, 21.572ms, 21.626ms, 21.992ms, 22.634ms
Bytes In      [total, mean]                     304, 2.00
Bytes Out     [total, mean]                     0, 0.00
Success       [ratio]                           100.00%
Status Codes  [code:count]                      200:152  
Error Set:
Requests      [total, rate, throughput]         162, 10.06, 10.05
Duration      [total, attack, wait]             16.121s, 16.1s, 21.171ms
Latencies     [min, mean, 50, 90, 95, 99, max]  20.837ms, 21.307ms, 21.296ms, 21.568ms, 21.617ms, 21.966ms, 22.634ms
Bytes In      [total, mean]                     324, 2.00
Bytes Out     [total, mean]                     0, 0.00
Success       [ratio]                           100.00%
Status Codes  [code:count]                      200:162  
Error Set:
Requests      [total, rate, throughput]         172, 10.06, 10.05
Duration      [total, attack, wait]             17.122s, 17.101s, 21.404ms
Latencies     [min, mean, 50, 90, 95, 99, max]  20.835ms, 21.301ms, 21.292ms, 21.568ms, 21.608ms, 21.941ms, 22.634ms
Bytes In      [total, mean]                     344, 2.00
Bytes Out     [total, mean]                     0, 0.00
Success       [ratio]                           100.00%
Status Codes  [code:count]                      200:172  
Error Set:
Requests      [total, rate, throughput]         182, 10.06, 10.04
Duration      [total, attack, wait]             18.121s, 18.1s, 21.194ms
Latencies     [min, mean, 50, 90, 95, 99, max]  20.835ms, 21.298ms, 21.291ms, 21.563ms, 21.599ms, 21.915ms, 22.634ms
Bytes In      [total, mean]                     364, 2.00
Bytes Out     [total, mean]                     0, 0.00
Success       [ratio]                           100.00%
Status Codes  [code:count]                      200:182  
Error Set:
Requests      [total, rate, throughput]         192, 10.05, 10.04
Duration      [total, attack, wait]             19.121s, 19.1s, 20.977ms
Latencies     [min, mean, 50, 90, 95, 99, max]  20.835ms, 21.295ms, 21.29ms, 21.563ms, 21.608ms, 21.889ms, 22.634ms
Bytes In      [total, mean]                     384, 2.00
Bytes Out     [total, mean]                     0, 0.00
Success       [ratio]                           100.00%
Status Codes  [code:count]                      200:192  
Error Set:
Requests      [total, rate, throughput]         202, 10.05, 10.04
Duration      [total, attack, wait]             20.121s, 20.1s, 21.109ms
Latencies     [min, mean, 50, 90, 95, 99, max]  20.835ms, 21.297ms, 21.291ms, 21.563ms, 21.607ms, 21.863ms, 22.634ms
Bytes In      [total, mean]                     404, 2.00
Bytes Out     [total, mean]                     0, 0.00
Success       [ratio]                           100.00%
Status Codes  [code:count]                      200:202  
Error Set:
Requests      [total, rate, throughput]         212, 10.05, 10.04
Duration      [total, attack, wait]             21.121s, 21.101s, 20.889ms
Latencies     [min, mean, 50, 90, 95, 99, max]  20.835ms, 21.292ms, 21.29ms, 21.56ms, 21.605ms, 21.837ms, 22.634ms
Bytes In      [total, mean]                     424, 2.00
Bytes Out     [total, mean]                     0, 0.00
Success       [ratio]                           100.00%
Status Codes  [code:count]                      200:212  
Error Set:
Requests      [total, rate, throughput]         222, 10.05, 10.04
Duration      [total, attack, wait]             22.121s, 22.1s, 21.202ms
Latencies     [min, mean, 50, 90, 95, 99, max]  20.835ms, 21.29ms, 21.285ms, 21.559ms, 21.607ms, 21.811ms, 22.634ms
Bytes In      [total, mean]                     444, 2.00
Bytes Out     [total, mean]                     0, 0.00
Success       [ratio]                           100.00%
Status Codes  [code:count]                      200:222  
Error Set:
Requests      [total, rate, throughput]         232, 10.04, 10.03
Duration      [total, attack, wait]             23.122s, 23.1s, 21.224ms
Latencies     [min, mean, 50, 90, 95, 99, max]  20.835ms, 21.291ms, 21.289ms, 21.553ms, 21.605ms, 21.785ms, 22.634ms
Bytes In      [total, mean]                     464, 2.00
Bytes Out     [total, mean]                     0, 0.00
Success       [ratio]                           100.00%
Status Codes  [code:count]                      200:232  
Error Set:
Requests      [total, rate, throughput]         242, 10.04, 10.03
Duration      [total, attack, wait]             24.122s, 24.101s, 21.4ms
Latencies     [min, mean, 50, 90, 95, 99, max]  20.835ms, 21.293ms, 21.291ms, 21.559ms, 21.612ms, 21.759ms, 22.634ms
Bytes In      [total, mean]                     484, 2.00
Bytes Out     [total, mean]                     0, 0.00
Success       [ratio]                           100.00%
Status Codes  [code:count]                      200:242  
Error Set:
Requests      [total, rate, throughput]         252, 10.04, 10.03
Duration      [total, attack, wait]             25.121s, 25.1s, 21.331ms
Latencies     [min, mean, 50, 90, 95, 99, max]  20.827ms, 21.294ms, 21.293ms, 21.559ms, 21.609ms, 21.737ms, 22.634ms
Bytes In      [total, mean]                     504, 2.00
Bytes Out     [total, mean]                     0, 0.00
Success       [ratio]                           100.00%
Status Codes  [code:count]                      200:252  
Error Set:
Requests      [total, rate, throughput]         262, 10.04, 10.03
Duration      [total, attack, wait]             26.121s, 26.1s, 21.203ms
Latencies     [min, mean, 50, 90, 95, 99, max]  20.827ms, 21.289ms, 21.292ms, 21.553ms, 21.607ms, 21.732ms, 22.634ms
Bytes In      [total, mean]                     524, 2.00
Bytes Out     [total, mean]                     0, 0.00
Success       [ratio]                           100.00%
Status Codes  [code:count]                      200:262  
Error Set:
Requests      [total, rate, throughput]         272, 10.04, 10.03
Duration      [total, attack, wait]             27.121s, 27.1s, 21.582ms
Latencies     [min, mean, 50, 90, 95, 99, max]  20.827ms, 21.29ms, 21.291ms, 21.553ms, 21.605ms, 21.726ms, 22.634ms
Bytes In      [total, mean]                     544, 2.00
Bytes Out     [total, mean]                     0, 0.00
Success       [ratio]                           100.00%
Status Codes  [code:count]                      200:272  
Error Set:
Requests      [total, rate, throughput]         282, 10.04, 10.03
Duration      [total, attack, wait]             28.122s, 28.1s, 22.067ms
Latencies     [min, mean, 50, 90, 95, 99, max]  20.827ms, 21.289ms, 21.289ms, 21.553ms, 21.607ms, 21.915ms, 22.634ms
Bytes In      [total, mean]                     564, 2.00
Bytes Out     [total, mean]                     0, 0.00
Success       [ratio]                           100.00%
Status Codes  [code:count]                      200:282  
Error Set:
Requests      [total, rate, throughput]         292, 10.03, 10.03
Duration      [total, attack, wait]             29.121s, 29.1s, 20.908ms
Latencies     [min, mean, 50, 90, 95, 99, max]  20.827ms, 21.29ms, 21.29ms, 21.559ms, 21.61ms, 21.889ms, 22.634ms
Bytes In      [total, mean]                     584, 2.00
Bytes Out     [total, mean]                     0, 0.00
Success       [ratio]                           100.00%
Status Codes  [code:count]                      200:292  
Error Set:
Requests      [total, rate, throughput]         302, 10.03, 10.03
Duration      [total, attack, wait]             30.121s, 30.1s, 21.548ms
Latencies     [min, mean, 50, 90, 95, 99, max]  20.827ms, 21.289ms, 21.29ms, 21.551ms, 21.607ms, 21.863ms, 22.634ms
Bytes In      [total, mean]                     604, 2.00
Bytes Out     [total, mean]                     0, 0.00
Success       [ratio]                           100.00%
Status Codes  [code:count]                      200:302  
Error Set:
Requests      [total, rate, throughput]         312, 10.03, 10.03
Duration      [total, attack, wait]             31.121s, 31.1s, 21.426ms
Latencies     [min, mean, 50, 90, 95, 99, max]  20.827ms, 21.292ms, 21.291ms, 21.551ms, 21.602ms, 21.837ms, 22.634ms
Bytes In      [total, mean]                     624, 2.00
Bytes Out     [total, mean]                     0, 0.00
Success       [ratio]                           100.00%
Status Codes  [code:count]                      200:312  
Error Set:
Requests      [total, rate, throughput]         322, 10.03, 10.02
Duration      [total, attack, wait]             32.121s, 32.1s, 21.208ms
Latencies     [min, mean, 50, 90, 95, 99, max]  20.827ms, 21.294ms, 21.292ms, 21.551ms, 21.607ms, 21.811ms, 22.634ms
Bytes In      [total, mean]                     644, 2.00
Bytes Out     [total, mean]                     0, 0.00
Success       [ratio]                           100.00%
Status Codes  [code:count]                      200:322  
Error Set:
Requests      [total, rate, throughput]         332, 10.03, 10.02
Duration      [total, attack, wait]             33.121s, 33.1s, 21.322ms
Latencies     [min, mean, 50, 90, 95, 99, max]  20.827ms, 21.297ms, 21.294ms, 21.555ms, 21.612ms, 21.785ms, 22.634ms
Bytes In      [total, mean]                     664, 2.00
Bytes Out     [total, mean]                     0, 0.00
Success       [ratio]                           100.00%
Status Codes  [code:count]                      200:332  
Error Set:
Requests      [total, rate, throughput]         342, 10.03, 10.02
Duration      [total, attack, wait]             34.121s, 34.1s, 21.428ms
Latencies     [min, mean, 50, 90, 95, 99, max]  20.827ms, 21.298ms, 21.295ms, 21.555ms, 21.61ms, 21.759ms, 22.634ms
Bytes In      [total, mean]                     684, 2.00
Bytes Out     [total, mean]                     0, 0.00
Success       [ratio]                           100.00%
Status Codes  [code:count]                      200:342  
Error Set:
Requests      [total, rate, throughput]         352, 10.03, 10.02
Duration      [total, attack, wait]             35.121s, 35.1s, 21.19ms
Latencies     [min, mean, 50, 90, 95, 99, max]  20.827ms, 21.297ms, 21.295ms, 21.551ms, 21.609ms, 21.738ms, 22.634ms
Bytes In      [total, mean]                     704, 2.00
Bytes Out     [total, mean]                     0, 0.00
Success       [ratio]                           100.00%
Status Codes  [code:count]                      200:352  
Error Set:
Requests      [total, rate, throughput]         362, 10.03, 10.02
Duration      [total, attack, wait]             36.121s, 36.1s, 21.099ms
Latencies     [min, mean, 50, 90, 95, 99, max]  20.827ms, 21.298ms, 21.295ms, 21.555ms, 21.61ms, 21.736ms, 22.634ms
Bytes In      [total, mean]                     724, 2.00
Bytes Out     [total, mean]                     0, 0.00
Success       [ratio]                           100.00%
Status Codes  [code:count]                      200:362  
Error Set:
Requests      [total, rate, throughput]         372, 10.03, 10.02
Duration      [total, attack, wait]             37.121s, 37.1s, 21.088ms
Latencies     [min, mean, 50, 90, 95, 99, max]  20.827ms, 21.295ms, 21.293ms, 21.551ms, 21.609ms, 21.735ms, 22.634ms
Bytes In      [total, mean]                     744, 2.00
Bytes Out     [total, mean]                     0, 0.00
Success       [ratio]                           100.00%
Status Codes  [code:count]                      200:372  
Error Set:
Requests      [total, rate, throughput]         382, 10.03, 10.02
Duration      [total, attack, wait]             38.122s, 38.1s, 21.467ms
Latencies     [min, mean, 50, 90, 95, 99, max]  20.827ms, 21.296ms, 21.293ms, 21.551ms, 21.607ms, 21.733ms, 22.634ms
Bytes In      [total, mean]                     764, 2.00
Bytes Out     [total, mean]                     0, 0.00
Success       [ratio]                           100.00%
Status Codes  [code:count]                      200:382  
Error Set:
Requests      [total, rate, throughput]         392, 10.03, 10.02
Duration      [total, attack, wait]             39.121s, 39.1s, 21.419ms
Latencies     [min, mean, 50, 90, 95, 99, max]  20.827ms, 21.296ms, 21.292ms, 21.549ms, 21.603ms, 21.731ms, 22.634ms
Bytes In      [total, mean]                     784, 2.00
Bytes Out     [total, mean]                     0, 0.00
Success       [ratio]                           100.00%
Status Codes  [code:count]                      200:392  
Error Set:
Requests      [total, rate, throughput]         402, 10.02, 10.02
Duration      [total, attack, wait]             40.122s, 40.1s, 21.26ms
Latencies     [min, mean, 50, 90, 95, 99, max]  20.798ms, 21.294ms, 21.29ms, 21.549ms, 21.599ms, 21.73ms, 22.634ms
Bytes In      [total, mean]                     804, 2.00
Bytes Out     [total, mean]                     0, 0.00
Success       [ratio]                           100.00%
Status Codes  [code:count]                      200:402  
Error Set:
Requests      [total, rate, throughput]         412, 10.02, 10.02
Duration      [total, attack, wait]             41.121s, 41.1s, 21.28ms
Latencies     [min, mean, 50, 90, 95, 99, max]  20.798ms, 21.294ms, 21.289ms, 21.549ms, 21.593ms, 21.728ms, 22.634ms
Bytes In      [total, mean]                     824, 2.00
Bytes Out     [total, mean]                     0, 0.00
Success       [ratio]                           100.00%
Status Codes  [code:count]                      200:412  
Error Set:
Requests      [total, rate, throughput]         422, 10.02, 10.02
Duration      [total, attack, wait]             42.121s, 42.1s, 20.974ms
Latencies     [min, mean, 50, 90, 95, 99, max]  20.798ms, 21.293ms, 21.286ms, 21.552ms, 21.597ms, 21.777ms, 22.634ms
Bytes In      [total, mean]                     844, 2.00
Bytes Out     [total, mean]                     0, 0.00
Success       [ratio]                           100.00%
Status Codes  [code:count]                      200:422  
Error Set:
Requests      [total, rate, throughput]         432, 10.02, 10.02
Duration      [total, attack, wait]             43.122s, 43.1s, 21.142ms
Latencies     [min, mean, 50, 90, 95, 99, max]  20.798ms, 21.295ms, 21.288ms, 21.552ms, 21.597ms, 21.763ms, 22.634ms
Bytes In      [total, mean]                     864, 2.00
Bytes Out     [total, mean]                     0, 0.00
Success       [ratio]                           100.00%
Status Codes  [code:count]                      200:432  
Error Set:
Requests      [total, rate, throughput]         442, 10.02, 10.02
Duration      [total, attack, wait]             44.121s, 44.1s, 21.048ms
Latencies     [min, mean, 50, 90, 95, 99, max]  20.798ms, 21.296ms, 21.29ms, 21.554ms, 21.603ms, 21.749ms, 22.634ms
Bytes In      [total, mean]                     884, 2.00
Bytes Out     [total, mean]                     0, 0.00
Success       [ratio]                           100.00%
Status Codes  [code:count]                      200:442  
Error Set:
Requests      [total, rate, throughput]         452, 10.02, 10.02
Duration      [total, attack, wait]             45.121s, 45.1s, 20.985ms
Latencies     [min, mean, 50, 90, 95, 99, max]  20.798ms, 21.293ms, 21.289ms, 21.551ms, 21.6ms, 21.738ms, 22.634ms
Bytes In      [total, mean]                     904, 2.00
Bytes Out     [total, mean]                     0, 0.00
Success       [ratio]                           100.00%
Status Codes  [code:count]                      200:452  
Error Set:
Requests      [total, rate, throughput]         462, 10.02, 10.02
Duration      [total, attack, wait]             46.121s, 46.1s, 21.343ms
Latencies     [min, mean, 50, 90, 95, 99, max]  20.798ms, 21.296ms, 21.289ms, 21.551ms, 21.603ms, 21.859ms, 22.634ms
Bytes In      [total, mean]                     924, 2.00
Bytes Out     [total, mean]                     0, 0.00
Success       [ratio]                           100.00%
Status Codes  [code:count]                      200:462  
Error Set:
Requests      [total, rate, throughput]         472, 10.02, 10.02
Duration      [total, attack, wait]             47.121s, 47.1s, 21.2ms
Latencies     [min, mean, 50, 90, 95, 99, max]  20.798ms, 21.296ms, 21.288ms, 21.551ms, 21.602ms, 21.846ms, 22.634ms
Bytes In      [total, mean]                     944, 2.00
Bytes Out     [total, mean]                     0, 0.00
Success       [ratio]                           100.00%
Status Codes  [code:count]                      200:472  
Error Set:
Requests      [total, rate, throughput]         482, 10.02, 10.02
Duration      [total, attack, wait]             48.121s, 48.1s, 21.532ms
Latencies     [min, mean, 50, 90, 95, 99, max]  20.798ms, 21.295ms, 21.287ms, 21.549ms, 21.6ms, 21.832ms, 22.634ms
Bytes In      [total, mean]                     964, 2.00
Bytes Out     [total, mean]                     0, 0.00
Success       [ratio]                           100.00%
Status Codes  [code:count]                      200:482  
Error Set:
Requests      [total, rate, throughput]         492, 10.02, 10.02
Duration      [total, attack, wait]             49.121s, 49.1s, 21.359ms
Latencies     [min, mean, 50, 90, 95, 99, max]  20.798ms, 21.295ms, 21.287ms, 21.549ms, 21.598ms, 21.818ms, 22.634ms
Bytes In      [total, mean]                     984, 2.00
Bytes Out     [total, mean]                     0, 0.00
Success       [ratio]                           100.00%
Status Codes  [code:count]                      200:492  
Error Set:
Requests      [total, rate, throughput]         502, 10.02, 10.02
Duration      [total, attack, wait]             50.122s, 50.1s, 21.389ms
Latencies     [min, mean, 50, 90, 95, 99, max]  20.798ms, 21.293ms, 21.286ms, 21.549ms, 21.597ms, 21.804ms, 22.634ms
Bytes In      [total, mean]                     1004, 2.00
Bytes Out     [total, mean]                     0, 0.00
Success       [ratio]                           100.00%
Status Codes  [code:count]                      200:502  
Error Set:
Requests      [total, rate, throughput]         512, 10.02, 10.02
Duration      [total, attack, wait]             51.122s, 51.1s, 21.55ms
Latencies     [min, mean, 50, 90, 95, 99, max]  20.791ms, 21.293ms, 21.286ms, 21.549ms, 21.595ms, 21.791ms, 22.634ms
Bytes In      [total, mean]                     1024, 2.00
Bytes Out     [total, mean]                     0, 0.00
Success       [ratio]                           100.00%
Status Codes  [code:count]                      200:512  
Error Set:
Requests      [total, rate, throughput]         522, 10.02, 10.01
Duration      [total, attack, wait]             52.122s, 52.101s, 21.288ms
Latencies     [min, mean, 50, 90, 95, 99, max]  20.791ms, 21.294ms, 21.288ms, 21.547ms, 21.593ms, 21.777ms, 22.634ms
Bytes In      [total, mean]                     1044, 2.00
Bytes Out     [total, mean]                     0, 0.00
Success       [ratio]                           100.00%
Status Codes  [code:count]                      200:522  
Error Set:
Requests      [total, rate, throughput]         532, 10.02, 10.01
Duration      [total, attack, wait]             53.121s, 53.1s, 21.001ms
Latencies     [min, mean, 50, 90, 95, 99, max]  20.791ms, 21.293ms, 21.287ms, 21.545ms, 21.592ms, 21.763ms, 22.634ms
Bytes In      [total, mean]                     1064, 2.00
Bytes Out     [total, mean]                     0, 0.00
Success       [ratio]                           100.00%
Status Codes  [code:count]                      200:532  
Error Set:
Requests      [total, rate, throughput]         542, 10.02, 10.01
Duration      [total, attack, wait]             54.121s, 54.1s, 21.066ms
Latencies     [min, mean, 50, 90, 95, 99, max]  20.791ms, 21.292ms, 21.287ms, 21.542ms, 21.591ms, 21.749ms, 22.634ms
Bytes In      [total, mean]                     1084, 2.00
Bytes Out     [total, mean]                     0, 0.00
Success       [ratio]                           100.00%
Status Codes  [code:count]                      200:542  
Error Set:
Requests      [total, rate, throughput]         552, 10.02, 10.01
Duration      [total, attack, wait]             55.121s, 55.1s, 21.178ms
Latencies     [min, mean, 50, 90, 95, 99, max]  20.791ms, 21.292ms, 21.287ms, 21.542ms, 21.591ms, 21.738ms, 22.634ms
Bytes In      [total, mean]                     1104, 2.00
Bytes Out     [total, mean]                     0, 0.00
Success       [ratio]                           100.00%
Status Codes  [code:count]                      200:552  
Error Set:
Requests      [total, rate, throughput]         562, 10.02, 10.01
Duration      [total, attack, wait]             56.121s, 56.1s, 21.039ms
Latencies     [min, mean, 50, 90, 95, 99, max]  20.791ms, 21.292ms, 21.287ms, 21.542ms, 21.59ms, 21.736ms, 22.634ms
Bytes In      [total, mean]                     1124, 2.00
Bytes Out     [total, mean]                     0, 0.00
Success       [ratio]                           100.00%
Status Codes  [code:count]                      200:562  
Error Set:
Requests      [total, rate, throughput]         572, 10.02, 10.01
Duration      [total, attack, wait]             57.121s, 57.1s, 20.969ms
Latencies     [min, mean, 50, 90, 95, 99, max]  20.791ms, 21.291ms, 21.286ms, 21.54ms, 21.59ms, 21.735ms, 22.634ms
Bytes In      [total, mean]                     1144, 2.00
Bytes Out     [total, mean]                     0, 0.00
Success       [ratio]                           100.00%
Status Codes  [code:count]                      200:572  
Error Set:
Requests      [total, rate, throughput]         582, 10.02, 10.01
Duration      [total, attack, wait]             58.122s, 58.1s, 21.232ms
Latencies     [min, mean, 50, 90, 95, 99, max]  20.791ms, 21.29ms, 21.286ms, 21.538ms, 21.589ms, 21.733ms, 22.634ms
Bytes In      [total, mean]                     1164, 2.00
Bytes Out     [total, mean]                     0, 0.00
Success       [ratio]                           100.00%
Status Codes  [code:count]                      200:582  
Error Set:
Requests      [total, rate, throughput]         592, 10.02, 10.01
Duration      [total, attack, wait]             59.122s, 59.101s, 21.241ms
Latencies     [min, mean, 50, 90, 95, 99, max]  20.791ms, 21.29ms, 21.286ms, 21.538ms, 21.589ms, 21.732ms, 22.634ms
Bytes In      [total, mean]                     1184, 2.00
Bytes Out     [total, mean]                     0, 0.00
Success       [ratio]                           100.00%
Status Codes  [code:count]                      200:592  
Error Set:
Requests      [total, rate, throughput]         600, 10.02, 10.01
Duration      [total, attack, wait]             59.922s, 59.9s, 21.292ms
Latencies     [min, mean, 50, 90, 95, 99, max]  20.791ms, 21.29ms, 21.285ms, 21.537ms, 21.588ms, 21.731ms, 22.634ms
Bytes In      [total, mean]                     1200, 2.00
Bytes Out     [total, mean]                     0, 0.00
Success       [ratio]                           100.00%
Status Codes  [code:count]                      200:600  
Error Set:
