3.000250 2222.222222 6695 2231.480714 71.407383
3.000884 2222.222222 6565 2187.688643 70.006037
3.000312 2222.222222 6850 2283.095533 73.059057
3.000160 2222.222222 6742 2247.213376 71.910828
3.000701 2222.222222 6459 2152.497207 68.879911
3.001036 2222.222222 6566 2187.911339 70.013163
3.000972 2222.222222 6802 2266.599268 72.531177
3.000184 2222.222222 6837 2278.860055 72.923522
3.000240 2222.222222 6639 2212.822900 70.810333
3.000551 2222.222222 6698 2232.256949 71.432222
3.000457 2222.222222 6623 2207.330493 70.634576
3.000072 2222.222222 6544 2181.280857 69.800987
3.001732 2222.222222 6568 2188.070184 70.018246
3.000153 2222.222222 6642 2213.887008 70.844384
3.000982 2222.222222 6799 2265.592012 72.498944
3.000080 2222.222222 6763 2254.273127 72.136740
3.000208 2222.222222 6517 2172.182730 69.509847
3.000497 2222.222222 6555 2184.638060 69.908418
3.000143 2222.222222 6425 2141.564616 68.530068
3.000034 2222.222222 6624 2207.974949 70.655198
3.000204 2222.222222 6556 2185.184529 69.925905
3.000180 2222.222222 6712 2237.198790 71.590361
3.000682 2222.222222 6607 2201.832962 70.458655
3.000000 2222.222222 6465 2154.999904 68.959997
3.001256 2222.222222 6558 2185.084966 69.922719
3.000250 2222.222222 6552 2183.817793 69.882169
3.000290 2222.222222 6635 2211.453175 70.766502
3.000200 2222.222222 6735 2244.850503 71.835216
3.000709 2222.222222 6711 2236.471616 71.567092
3.000663 2222.222222 6850 2282.828711 73.050519
3.000206 2222.222222 6817 2272.176988 72.709664
3.000370 2222.222222 6664 2221.059746 71.073912
6.000849 2222.222222 6570 2189.438941 70.062046
6.000592 2222.222222 6580 2193.129020 70.180129
6.002864 2222.222222 6682 2225.262834 71.208411
6.000240 2222.222222 6708 2235.935253 71.549928
6.000241 2222.222222 6849 2282.925187 73.053606
6.000664 2222.222222 6621 2206.877372 70.620076
6.000368 2222.222222 6536 2178.581185 69.714598
6.000482 2222.222222 6646 2215.095871 70.883068
6.001279 2222.222222 6610 2202.526608 70.480851
6.000939 2222.222222 6647 2215.310560 70.889938
6.001158 2222.222222 6677 2224.993544 71.199793
6.000391 2222.222222 6653 2217.402485 70.956880
6.000850 2222.222222 6712 2236.836748 71.578776
6.000462 2222.222222 6609 2202.837239 70.490792
6.000390 2222.222222 6597 2198.866433 70.363726
6.001272 2222.222222 6614 2203.732042 70.519425
6.001669 2222.222222 6879 2292.400002 73.356800
6.000702 2222.222222 6652 2217.332484 70.954639
6.000255 2222.222222 6786 2261.961768 72.382777
6.000942 2222.222222 6800 2266.370641 72.523861
6.002615 2222.222222 6568 2188.689300 70.038058
6.001421 2222.222222 6688 2229.006944 71.328222
6.000811 2222.222222 6656 2218.571148 70.994277
6.001039 2222.222222 6887 2295.615108 73.459683
6.001379 2222.222222 6541 2180.083686 69.762678
6.000475 2222.222222 6482 2160.533430 69.137070
6.000263 2222.222222 6682 2227.286329 71.273163
6.001286 2222.222222 6583 2194.311723 70.217975
6.001571 2222.222222 6660 2219.362275 71.019593
6.001266 2222.222222 6696 2231.551287 71.409641
6.000331 2222.222222 6627 2208.908351 70.685067
6.001178 2222.222222 6813 2270.388287 72.652425
9.000416 2222.222222 6716 2238.648156 71.636741
9.002450 2222.222222 6873 2289.778074 73.272898
9.003949 2222.222222 6686 2226.093834 71.235003
9.000558 2222.222222 6567 2188.768339 70.040587
9.007660 2222.222222 6638 2208.951415 70.686445
9.000463 2222.222222 6579 2192.999066 70.175970
9.001559 2222.222222 6842 2279.986567 72.959570
9.001205 2222.222222 6636 2211.299783 70.761593
9.001099 2222.222222 6786 2261.617651 72.371765
9.001388 2222.222222 6666 2221.993413 71.103789
9.001084 2222.222222 6703 2234.129950 71.492158
9.002117 2222.222222 6715 2237.278130 71.592900
9.000403 2222.222222 6919 2306.323726 73.802359
9.000442 2222.222222 6672 2223.867646 71.163765
9.000971 2222.222222 6757 2252.242513 72.071760
9.001162 2222.222222 6754 2251.166433 72.037326
9.000476 2222.222222 6656 2218.586570 70.994770
9.001429 2222.222222 6593 2197.467627 70.318964
9.001295 2222.222222 6634 2210.728506 70.743312
9.001013 2222.222222 6626 2208.614758 70.675672
9.003923 2222.222222 6819 2271.293387 72.681388
9.002241 2222.222222 6517 2171.463152 69.486821
9.002074 2222.222222 6621 2206.415452 70.605294
9.001324 2222.222222 6663 2220.961579 71.070771
9.002049 2222.222222 6677 2225.200545 71.206417
9.001465 2222.222222 6629 2209.535043 70.705121
9.000249 2222.222222 6801 2266.994183 72.543814
9.003589 2222.222222 6654 2217.463470 70.958831
9.002946 2222.222222 6658 2218.091178 70.978918
9.002136 2222.222222 6596 2198.252316 70.344074
9.001067 2222.222222 6694 2230.786028 71.385153
9.001826 2222.222222 6563 2187.194472 69.990223
12.002509 2222.222222 6549 2181.468511 69.806992
12.001770 2222.222222 6620 2206.173164 70.597541
12.002350 2222.222222 6626 2207.288037 70.633217
12.000751 2222.222222 6653 2217.419582 70.957427
12.001294 2222.222222 6702 2233.451909 71.470461
12.000484 2222.222222 6608 2202.651561 70.484850
12.001189 2222.222222 6483 2160.980470 69.151375
12.001058 2222.222222 6616 2205.300019 70.569601
12.001966 2222.222222 6705 2234.343253 71.498984
12.003528 2222.222222 6777 2257.076349 72.226443
12.002278 2222.222222 6642 2213.881327 70.844202
12.002434 2222.222222 6501 2166.299753 69.321592
12.002283 2222.222222 6655 2218.178763 70.981720
12.002059 2222.222222 6669 2222.502738 71.120088
12.003442 2222.222222 6691 2228.104972 71.299359
12.001817 2222.222222 6683 2227.378913 71.276125
12.002932 2222.222222 6682 2226.051850 71.233659
12.001801 2222.222222 6636 2211.821341 70.778283
12.001557 2222.222222 6593 2197.496015 70.319872
12.000446 2222.222222 6644 2214.521533 70.864689
12.002811 2222.222222 6603 2199.888537 70.396433
12.002926 2222.222222 6693 2230.490510 71.375696
12.002569 2222.222222 6575 2191.350232 70.123207
12.002661 2222.222222 6647 2215.214743 70.886872
12.002638 2222.222222 6551 2183.529751 69.872952
12.004121 2222.222222 6685 2228.205890 71.302588
12.003621 2222.222222 6576 2191.977017 70.143265
12.004410 2222.222222 6752 2250.301597 72.009651
12.004607 2222.222222 6531 2175.795705 69.625463
12.001712 2222.222222 6634 2210.858177 70.747462
12.007978 2222.222222 6806 2268.426264 72.589640
12.002516 2222.222222 6653 2217.156456 70.949007
15.000924 2222.222222 6622 2207.009554 70.624306
15.002782 2222.222222 6765 2253.473962 72.111167
15.001281 2222.222222 6433 2144.174190 68.613574
15.001236 2222.222222 6493 2164.298974 69.257567
15.001456 2222.222222 6613 2204.213943 70.534846
15.002158 2222.222222 6591 2196.738809 70.295642
15.003513 2222.222222 6695 2231.234272 71.399497
15.003397 2222.222222 6598 2198.175267 70.341609
15.002833 2222.222222 6551 2182.893195 69.852582
15.002571 2222.222222 6733 2243.575024 71.794401
15.001566 2222.222222 6567 2188.182489 70.021840
15.002268 2222.222222 6721 2240.177797 71.685690
15.002632 2222.222222 6723 2240.502585 71.696083
15.002475 2222.222222 6744 2247.851902 71.931261
15.002691 2222.222222 6925 2308.192956 73.862175
15.005921 2222.222222 6632 2208.250065 70.664002
15.002483 2222.222222 6747 2248.849835 71.963195
15.003367 2222.222222 6792 2263.580834 72.434587
15.003624 2222.222222 6751 2249.810486 71.993936
15.002490 2222.222222 6605 2201.625687 70.452022
15.004393 2222.222222 6788 2261.361622 72.363572
15.002662 2222.222222 6564 2187.772182 70.008710
15.003698 2222.222222 6825 2274.871408 72.795885
15.003803 2222.222222 6776 2258.529863 72.272956
15.003503 2222.222222 6689 2228.973315 71.327146
15.004475 2222.222222 6764 2254.400210 72.140807
15.004601 2222.222222 6676 2225.191870 71.206140
15.003689 2222.222222 6684 2227.816276 71.290121
15.004671 2222.222222 6723 2240.951981 71.710463
15.001776 2222.222222 6630 2209.952389 70.718476
15.008704 2222.222222 6607 2201.800671 70.457621
15.003021 2222.222222 6654 2217.626545 70.964049
18.002848 2222.222222 6666 2221.723752 71.095160
18.004337 2222.222222 6565 2187.199507 69.990384
18.002569 2222.222222 6613 2203.354507 70.507344
18.000932 2222.222222 6439 2146.327541 68.682481
18.001466 2222.222222 6670 2223.326011 71.146432
18.001908 2222.222222 6659 2219.202981 71.014495
18.002976 2222.222222 6635 2211.456954 70.766623
18.004365 2222.222222 6579 2191.467543 70.126961
18.002192 2222.222222 6771 2256.974504 72.223184
18.003172 2222.222222 6813 2270.478530 72.655313
18.003125 2222.222222 6442 2147.124420 68.707981
18.004107 2222.222222 6711 2236.448384 71.566348
18.003907 2222.222222 6784 2261.120116 72.355844
18.001648 2222.222222 6558 2185.940433 69.950094
18.002892 2222.222222 6598 2199.142894 70.372573
18.003399 2222.222222 6644 2214.055628 70.849780
18.003805 2222.222222 6634 2211.033148 70.753061
18.003330 2222.222222 6617 2205.049476 70.561583
18.002708 2222.222222 6835 2278.298441 72.905550
18.004229 2222.222222 6625 2208.019253 70.656616
18.003825 2222.222222 6622 2207.239903 70.631677
18.004566 2222.222222 6819 2272.931481 72.733807
18.004539 2222.222222 6709 2235.568685 71.538198
18.003950 2222.222222 6658 2219.140765 71.012504
18.005938 2222.222222 6763 2253.328863 72.106524
18.003542 2222.222222 6689 2229.637305 71.348394
18.004433 2222.222222 6664 2221.303649 71.081717
18.001791 2222.222222 6633 2210.989108 70.751651
18.005860 2222.222222 6579 2192.131585 70.148211
18.007689 2222.222222 6725 2240.346245 71.691080
18.009106 2222.222222 6802 2267.029904 72.544957
18.003514 2222.222222 6970 2322.951820 74.334458
21.003980 2222.222222 6741 2245.448688 71.854358
21.001062 2222.222222 6709 2236.236272 71.559561
21.004898 2222.222222 6606 2199.483588 70.383475
21.002834 2222.222222 6901 2299.840856 73.594907
21.002818 2222.222222 6661 2220.149271 71.044777
21.005401 2222.222222 6756 2250.802590 72.025683
21.004070 2222.222222 6907 2302.207900 73.670653
21.003965 2222.222222 6688 2229.228723 71.335319
21.003091 2222.222222 6862 2287.148255 73.188744
21.003464 2222.222222 6715 2237.906544 71.613009
21.004270 2222.222222 6657 2218.153720 70.980919
21.003260 2222.222222 6773 2257.600738 72.243224
21.004294 2222.222222 6752 2250.617825 72.019770
21.005651 2222.222222 6848 2280.633126 72.980260
21.002118 2222.222222 6591 2196.655918 70.292989
21.002737 2222.222222 6778 2259.311943 72.297982
21.003976 2222.222222 6738 2245.516090 71.856515
21.004809 2222.222222 6594 2197.724445 70.327182
21.006330 2222.222222 6510 2169.716555 69.430930
21.004919 2222.222222 6866 2288.244127 73.223812
21.003736 2222.222222 6605 2201.419854 70.445435
21.005069 2222.222222 6509 2169.283478 69.417071
21.004944 2222.222222 6688 2229.052329 71.329675
21.004769 2222.222222 6784 2261.007602 72.352243
21.004351 2222.222222 6732 2243.817125 71.802148
21.003790 2222.222222 6670 2223.149892 71.140797
21.004349 2222.222222 6530 2176.377052 69.644066
21.001826 2222.222222 6542 2180.641572 69.780530
21.005957 2222.222222 6620 2206.595145 70.611045
21.007930 2222.222222 6562 2187.157648 69.989045
21.010049 2222.222222 6556 2184.646587 69.908691
21.004087 2222.222222 6757 2251.902997 72.060896
24.001303 2222.222222 6604 2201.156607 70.437011
24.003815 2222.222222 6601 2199.601817 70.387258
24.003497 2222.222222 6777 2258.427522 72.269681
24.002897 2222.222222 6525 2174.954369 69.598540
24.004319 2222.222222 6660 2219.749124 71.031972
24.003821 2222.222222 6624 2207.587045 70.642785
24.003187 2222.222222 6664 2221.262629 71.080404
24.004806 2222.222222 6781 2259.527152 72.304869
24.004733 2222.222222 6608 2202.384930 70.476318
24.003492 2222.222222 6837 2278.978407 72.927309
24.004369 2222.222222 6819 2272.694503 72.726224
24.004528 2222.222222 6658 2219.142143 71.012549
24.005250 2222.222222 6732 2243.285198 71.785126
24.002156 2222.222222 6838 2279.304509 72.937744
24.005491 2222.222222 6679 2225.927546 71.229681
24.004156 2222.222222 6805 2268.268376 72.584588
24.006450 2222.222222 6733 2244.243312 71.815786
24.004805 2222.222222 6829 2275.563581 72.818035
24.006277 2222.222222 6597 2197.895370 70.332652
24.004870 2222.222222 6393 2130.956413 68.190605
24.004375 2222.222222 6671 2223.370960 71.147871
24.004914 2222.222222 6523 2174.322024 69.578305
24.004849 2222.222222 6833 2277.288490 72.873232
24.005718 2222.222222 6647 2215.432197 70.893830
24.007061 2222.222222 6806 2267.161721 72.549175
24.005566 2222.222222 6864 2287.507170 73.200229
24.005844 2222.222222 6731 2243.521975 71.792703
24.002226 2222.222222 6649 2216.037213 70.913191
24.006960 2222.222222 6515 2170.940941 69.470110
24.008124 2222.222222 6652 2217.190072 70.950082
24.010323 2222.222222 6579 2192.799607 70.169587
24.004469 2222.222222 6679 2226.050123 71.233604
27.001358 2222.222222 6726 2241.958683 71.742678
27.003505 2222.222222 6754 2250.876774 72.028057
27.003740 2222.222222 6764 2254.250695 72.136022
27.002200 2222.222222 6656 2218.633992 70.996288
27.004315 2222.222222 6717 2238.881342 71.644203
27.003823 2222.222222 6599 2199.660874 70.389148
27.006110 2222.222222 6658 2218.163744 70.981240
27.003747 2222.222222 6623 2207.482785 70.639449
27.004330 2222.222222 6696 2231.621485 71.411888
27.004926 2222.222222 6657 2218.551811 70.993658
27.004085 2222.222222 6642 2213.562250 70.833992
27.009615 2222.222222 6608 2199.087531 70.370801
27.005453 2222.222222 6529 2176.186421 69.637965
27.005218 2222.222222 6652 2217.108673 70.947478
27.004461 2222.222222 6541 2180.266478 69.768527
27.006238 2222.222222 6685 2227.778057 71.288898
27.006030 2222.222222 6848 2282.313412 73.034029
27.005335 2222.222222 6718 2238.986867 71.647580
27.006261 2222.222222 6696 2231.596112 71.411076
27.003019 2222.222222 6651 2216.414616 70.925268
27.005912 2222.222222 6910 2302.484125 73.679492
27.007816 2222.222222 6717 2236.788227 71.577223
27.008958 2222.222222 6509 2166.357406 69.323437
27.006319 2222.222222 6702 2233.968572 71.486994
27.006394 2222.222222 6771 2256.586242 72.210760
27.004810 2222.222222 6550 2183.329541 69.866545
27.006600 2222.222222 6646 2215.223193 70.887142
27.008412 2222.222222 6738 2244.988920 71.839645
27.008140 2222.222222 6631 2210.321264 70.730280
27.007067 2222.222222 6694 2231.253254 71.400104
27.010353 2222.222222 6560 2186.644429 69.972622
27.004925 2222.222222 6707 2235.326558 71.530450
#type       avg     std     min     5th    10th    90th    95th    99th
read      369.2   372.4    66.3   163.5   192.1   566.9   642.6   794.5
update    372.9   370.8    72.9   166.9   194.9   572.0   646.4   799.6
op_q        2.0     1.3     1.0     1.0     1.0     3.1     4.0     5.0

Total QPS = 159979.4 (4799381 / 30.0s)

Misses = 0 (0.0%)
Skipped TXs = 0 (0.0%)

RX  828614483 bytes :   26.3 MB/s
TX  530385674 bytes :   16.9 MB/s
