3.001306 2500.000000 7435 2477.255080 79.272163
3.001667 2500.000000 7523 2506.273777 80.200761
3.000709 2500.000000 7527 2508.407210 80.269031
3.000013 2500.000000 7529 2509.655996 80.308992
3.000348 2500.000000 7378 2459.048000 78.689536
3.000638 2500.000000 7530 2509.466593 80.302931
3.000099 2500.000000 7521 2506.916862 80.221340
3.000669 2500.000000 7514 2504.108168 80.131461
3.000013 2500.000000 7519 2506.322395 80.202317
3.000152 2500.000000 7359 2452.875518 78.492017
3.000252 2500.000000 7556 2518.455488 80.590576
3.000448 2500.000000 7381 2459.965812 78.718906
3.000461 2500.000000 7482 2493.616817 79.795738
3.000867 2500.000000 7461 2486.281765 79.561016
3.000159 2500.000000 7433 2477.535219 79.281127
3.000529 2500.000000 7426 2474.897056 79.196706
3.000229 2500.000000 7428 2475.810939 79.225950
3.000312 2500.000000 7519 2506.072467 80.194319
3.000356 2500.000000 7346 2448.375978 78.348031
3.000821 2500.000000 7595 2530.973609 80.991155
3.000065 2500.000000 7391 2463.613676 78.835638
3.000486 2500.000000 7530 2509.593532 80.306993
3.002279 2500.000000 7444 2479.449950 79.342398
3.000131 2500.000000 7600 2533.222361 81.063116
3.000186 2500.000000 7652 2550.508116 81.616260
3.000006 2500.000000 7608 2535.994831 81.151835
3.000152 2500.000000 7520 2506.539385 80.209260
3.000529 2500.000000 7388 2462.232887 78.791452
3.000048 2500.000000 7599 2532.959342 81.054699
3.000724 2500.000000 7350 2449.408612 78.381076
3.000002 2500.000000 7424 2474.664905 79.189277
3.000082 2500.000000 7456 2485.265709 79.528503
6.000211 2500.000000 7632 2543.876167 81.404037
6.000714 2500.000000 7497 2498.595809 79.955066
6.000442 2500.000000 7488 2495.642586 79.860563
6.001100 2500.000000 7449 2482.471430 79.439086
6.000112 2500.000000 7548 2515.917386 80.509356
6.000357 2500.000000 7637 2545.498914 81.455965
6.002698 2500.000000 7443 2479.057790 79.329849
6.000212 2500.000000 7478 2492.617175 79.763750
6.001307 2500.000000 7455 2484.319773 79.498233
6.001232 2500.000000 7500 2499.695974 79.990271
6.001184 2500.000000 7580 2526.206922 80.838622
6.001009 2500.000000 7539 2512.238066 80.391618
6.000566 2500.000000 7546 2515.234619 80.487508
6.002039 2500.000000 7472 2489.233941 79.655486
6.000314 2500.000000 7505 2501.614473 80.051663
6.001111 2500.000000 7410 2469.520555 79.024658
6.000608 2500.000000 7572 2523.494121 80.751812
6.001918 2500.000000 7628 2541.642132 81.332548
6.001481 2500.000000 7464 2487.326754 79.594456
6.000851 2500.000000 7510 2502.750143 80.088005
6.001414 2500.000000 7445 2480.651537 79.380849
6.001554 2500.000000 7504 2500.147399 80.004717
6.000971 2500.000000 7434 2477.876223 79.292039
6.002147 2500.000000 7453 2483.637224 79.476391
6.000310 2500.000000 7361 2453.452491 78.510480
6.000462 2500.000000 7351 2450.247312 78.407914
6.000721 2500.000000 7416 2471.841061 79.098914
6.001842 2500.000000 7670 2556.517619 81.808564
6.003678 2500.000000 7521 2505.831419 80.186605
6.000819 2500.000000 7482 2493.921439 79.805486
6.000216 2500.000000 7384 2461.158252 78.757064
6.000776 2500.000000 7567 2521.749923 80.695998
9.002105 2500.000000 7567 2520.741668 80.663733
9.001413 2500.000000 7647 2548.523083 81.552739
9.000765 2500.000000 7558 2519.062683 80.610006
9.000298 2500.000000 7391 2463.513803 78.832442
9.000251 2500.000000 7667 2555.633192 81.780262
9.000496 2500.000000 7470 2489.971438 79.679086
9.001034 2500.000000 7485 2494.401760 79.820856
9.001037 2500.000000 7554 2517.429423 80.557742
9.000857 2500.000000 7522 2507.089842 80.226875
9.001099 2500.000000 7438 2479.015846 79.328507
9.000999 2500.000000 7499 2499.643884 79.988604
9.002158 2500.000000 7557 2518.734765 80.599512
9.001499 2500.000000 7430 2476.508840 79.248283
9.001255 2500.000000 7358 2452.608024 78.483457
9.001285 2500.000000 7591 2530.177214 80.965671
9.001086 2500.000000 7466 2488.603330 79.635307
9.001355 2500.000000 7637 2545.562006 81.457984
9.001274 2500.000000 7574 2524.529495 80.784944
9.002812 2500.000000 7377 2458.267859 78.664571
9.002731 2500.000000 7427 2475.184617 79.205908
9.000691 2500.000000 7491 2496.930267 79.901769
9.002647 2500.000000 7680 2559.005328 81.888170
9.002205 2500.000000 7499 2498.088798 79.938842
9.002060 2500.000000 7410 2469.583988 79.026688
9.001145 2500.000000 7365 2454.653810 78.548922
9.001456 2500.000000 7636 2545.297545 81.449521
9.002536 2500.000000 7463 2487.254781 79.592153
9.001056 2500.000000 7617 2538.799668 81.241589
9.002891 2500.000000 7422 2473.841607 79.162931
9.004840 2500.000000 7685 2560.675087 81.941603
9.000333 2500.000000 7378 2459.236756 78.695576
9.001235 2500.000000 7420 2472.954532 79.134545
12.001273 5000.000000 12216 4070.677177 130.261670
12.000464 5000.000000 12379 4126.040687 132.033302
12.000992 5000.000000 12488 4162.479290 133.199337
12.001445 5000.000000 12360 4119.507319 131.824234
12.001311 5000.000000 12704 4234.629994 135.508160
12.001657 5000.000000 12265 4087.572734 130.802327
12.001983 5000.000000 12468 4154.689748 132.950072
12.001142 5000.000000 12679 4226.132009 135.236224
12.001472 5000.000000 12269 4089.371732 130.859895
12.000789 5000.000000 12413 4137.633830 132.404283
12.001103 5000.000000 12336 4111.904998 131.580960
12.001611 5000.000000 12479 4159.311992 133.097984
12.001394 5000.000000 12468 4155.834361 132.986700
12.000506 5000.000000 12375 4124.985482 131.999535
12.000805 5000.000000 12573 4190.841511 134.106928
12.002376 5000.000000 12560 4186.362012 133.963584
12.001116 5000.000000 12552 4183.915342 133.885291
12.001591 5000.000000 12628 4209.203856 134.694523
12.001501 5000.000000 12451 4150.271435 132.808686
12.002621 5000.000000 12645 4214.880774 134.876185
12.002356 5000.000000 12474 4157.651484 133.044847
12.001598 5000.000000 12453 4150.744331 132.823819
12.001159 5000.000000 12541 4180.313555 133.770034
12.002908 5000.000000 12430 4143.199966 132.582399
12.002806 5000.000000 12488 4162.561775 133.201977
12.002311 5000.000000 12600 4199.648805 134.388762
12.003066 5000.000000 12602 4200.080795 134.402585
12.003018 5000.000000 12614 4204.488044 134.543617
12.002348 5000.000000 12516 4171.801671 133.497653
12.000544 5000.000000 12557 4185.372755 133.931928
12.004900 5000.000000 12667 4222.248170 135.111941
12.001791 5000.000000 12341 4112.904621 131.612948
15.001524 5000.000000 14821 4939.458611 158.062676
15.001110 5000.000000 14956 4984.826049 159.514434
15.003291 5000.000000 15121 5037.512046 161.200385
15.001095 5000.000000 15103 5033.274477 161.064783
15.002812 5000.000000 14966 4985.825728 159.546423
15.001430 5000.000000 15296 5098.175898 163.141629
15.000821 5000.000000 14942 4980.612537 159.379601
15.001539 5000.000000 15185 5061.217484 161.958959
15.001316 5000.000000 14981 4993.658685 159.797078
15.001867 5000.000000 14853 4950.303376 158.409708
15.001903 5000.000000 15002 5000.255632 160.008180
15.000519 5000.000000 15006 5001.978388 160.063308
15.002034 5000.000000 15096 5031.057567 160.993842
15.002288 5000.000000 15260 5086.149355 162.756779
15.001456 5000.000000 14879 4959.563248 158.706024
15.002026 5000.000000 14988 4995.275227 159.848807
15.002917 5000.000000 15062 5019.762350 160.632395
15.001668 5000.000000 15143 5047.547534 161.521521
15.001853 5000.000000 15129 5042.408050 161.357058
15.001401 5000.000000 15064 5020.927623 160.669684
15.002623 5000.000000 14808 4935.995308 157.951850
15.002493 5000.000000 15299 5099.434547 163.181905
15.002972 5000.000000 14950 4983.058871 159.457884
15.001146 5000.000000 15064 5021.283259 160.681064
15.002912 5000.000000 15231 5076.993649 162.463797
15.002566 5000.000000 15123 5040.570826 161.298266
15.003027 5000.000000 15076 5025.318670 160.810197
15.003167 5000.000000 15010 5003.164998 160.101280
15.002388 5000.000000 15241 5080.264767 162.568473
15.000606 5000.000000 15130 5043.229280 161.383337
15.004929 5000.000000 14989 4996.284317 159.881098
15.002284 5000.000000 15023 5006.844605 160.219027
18.001464 5000.000000 14869 4955.723815 158.583162
18.001337 5000.000000 14969 4989.631053 159.668194
18.001044 5000.000000 15046 5014.961328 160.478763
18.001562 5000.000000 14748 4915.962877 157.310812
18.001998 5000.000000 15201 5066.839776 162.138873
18.001686 5000.000000 15031 5010.062347 160.321995
18.002097 5000.000000 15100 5032.215687 161.030902
18.001617 5000.000000 15208 5069.061620 162.209972
18.000528 5000.000000 14917 4972.319961 159.114239
18.001925 5000.000000 14890 4963.236343 158.823563
18.002084 5000.000000 15014 5004.582030 160.146625
18.001248 5000.000000 15045 5014.770171 160.472645
18.001931 5000.000000 15027 5008.869850 160.283835
18.002166 5000.000000 15008 5002.433226 160.077863
18.002419 5000.000000 15043 5014.114409 160.451661
18.003574 5000.000000 14923 4972.541139 159.121316
18.001550 5000.000000 14956 4985.085517 159.522737
18.001858 5000.000000 15130 5043.015426 161.376494
18.003021 5000.000000 14940 4979.653790 159.348921
18.001388 5000.000000 15042 5013.595021 160.435041
18.003746 5000.000000 14989 4994.945464 159.838255
18.002770 5000.000000 15197 5065.419871 162.093436
18.003124 5000.000000 15130 5043.169089 161.381411
18.003049 5000.000000 14700 4899.784849 156.793115
18.003180 5000.000000 15029 5009.318082 160.298179
18.003124 5000.000000 15095 5030.731012 160.983392
18.003167 5000.000000 14705 4901.666061 156.853314
18.003454 5000.000000 15138 5045.726177 161.463238
18.002779 5000.000000 15034 5010.680708 160.341783
18.001009 5000.000000 15070 5022.658421 160.725069
18.005145 5000.000000 14905 4967.975889 158.975228
18.003408 5000.000000 14834 4942.814532 158.170065
21.001254 5000.000000 15136 5044.980249 161.439368
21.001571 5000.000000 15017 5005.650929 160.180830
21.002320 5000.000000 14858 4952.298030 158.473537
21.001551 5000.000000 14971 4990.187997 159.686016
21.001617 5000.000000 14733 4910.999604 157.151987
21.002175 5000.000000 15142 5046.922747 161.501528
21.006626 5000.000000 15094 5024.874494 160.795984
21.001686 5000.000000 15047 5015.666100 160.501315
21.002052 5000.000000 15010 5003.243235 160.103784
21.000554 5000.000000 14958 4985.955811 159.550586
21.002307 5000.000000 14844 4947.767051 158.328546
21.001342 5000.000000 15064 5021.175383 160.677612
21.001404 5000.000000 14895 4964.888712 158.876439
21.002658 5000.000000 14930 4976.270127 159.240644
21.002282 5000.000000 15114 5037.286751 161.193176
21.003499 5000.000000 15131 5042.909959 161.373119
21.001690 5000.000000 14891 4963.434796 158.829913
21.003128 5000.000000 14993 4995.928007 159.869696
21.002141 5000.000000 15224 5074.302616 162.377684
21.001571 5000.000000 14975 4991.363595 159.723635
21.003497 5000.000000 15196 5064.798245 162.073544
21.004372 5000.000000 14939 4977.666493 159.285328
21.003658 5000.000000 15029 5008.776245 160.280840
21.003145 5000.000000 14852 4950.462635 158.414804
21.003526 5000.000000 14995 4998.213111 159.942820
21.003181 5000.000000 15058 5019.237392 160.615597
21.003782 5000.000000 15091 5030.272929 160.968734
21.003496 5000.000000 14863 4953.149614 158.500788
21.003800 5000.000000 15170 5056.285585 161.801139
21.001033 5000.000000 14823 4940.960675 158.110742
21.005166 5000.000000 15040 5013.298438 160.425550
21.003550 5000.000000 15157 5052.093886 161.667004
24.001392 5000.000000 15047 5015.434748 160.493912
24.001806 5000.000000 14847 4948.802506 158.361680
24.002128 5000.000000 14833 4943.414876 158.189276
24.001509 5000.000000 14960 4986.493098 159.567779
24.002209 5000.000000 14987 4995.406424 159.853006
24.001690 5000.000000 15112 5037.100907 161.187229
24.000596 5000.000000 15010 5003.263501 160.104432
24.001978 5000.000000 15132 5043.394444 161.388622
24.002484 5000.000000 14745 4914.436833 157.261979
24.001452 5000.000000 15040 5013.148711 160.420759
24.001729 5000.000000 14792 4930.603753 157.779320
24.002685 5000.000000 14792 4930.622655 157.779925
24.002356 5000.000000 15061 5020.252226 160.648071
24.002628 5000.000000 15092 5030.149591 160.964787
24.004026 5000.000000 14954 4983.176549 159.461650
24.004196 5000.000000 14961 4985.886651 159.548373
24.002246 5000.000000 14945 4981.550006 159.409600
24.004152 5000.000000 14883 4959.395559 158.700658
24.001813 5000.000000 15267 5088.588487 162.834832
24.003523 5000.000000 15125 5041.030902 161.312989
24.003640 5000.000000 14920 4973.096216 159.139079
24.002678 5000.000000 15028 5008.673335 160.277547
24.003512 5000.000000 15017 5005.644513 160.180624
24.004264 5000.000000 14766 4921.207951 157.478654
24.003810 5000.000000 15047 5015.411810 160.493178
24.003931 5000.000000 15014 5004.448175 160.142342
24.003509 5000.000000 14812 4937.312008 157.993984
24.004447 5000.000000 15078 5025.874952 160.827998
24.001056 5000.000000 14851 4950.294949 158.409438
24.005407 5000.000000 15040 5012.931597 160.413811
24.006880 5000.000000 14935 4977.910990 159.293152
24.003659 5000.000000 15077 5025.484235 160.815496
27.001471 5000.000000 15329 5109.533235 163.505064
27.000924 5000.000000 14792 4930.127691 157.764086
27.001739 5000.000000 15324 5107.916352 163.453323
27.002459 5000.000000 15095 5031.112965 160.995615
27.002473 5000.000000 15175 5057.888212 161.852423
27.001689 5000.000000 15108 5035.697472 161.142319
27.001917 5000.000000 14742 4913.818502 157.242192
27.002344 5000.000000 15000 4999.388955 159.980447
27.002701 5000.000000 14925 4974.973708 159.199159
27.001653 5000.000000 15058 5018.997863 160.607932
27.002535 5000.000000 14831 4943.583093 158.194659
27.002349 5000.000000 15003 5000.827256 160.026472
27.002639 5000.000000 15179 5058.131409 161.860205
27.002722 5000.000000 15134 5044.509993 161.424320
27.002421 5000.000000 15065 5021.557894 160.689853
27.002707 5000.000000 15110 5036.617391 161.171757
27.003779 5000.000000 14726 4908.439984 157.070079
27.001889 5000.000000 14982 4993.873664 159.803957
27.003645 5000.000000 15230 5076.441658 162.446133
27.003594 5000.000000 15061 5020.214245 160.646856
27.004010 5000.000000 15162 5053.663534 161.717233
27.004226 5000.000000 15071 5023.616350 160.755723
27.004162 5000.000000 14995 4998.106820 159.939418
27.003943 5000.000000 14911 4970.313209 159.050023
27.004309 5000.000000 15292 5097.257114 163.112228
27.004170 5000.000000 14805 4934.970520 157.919057
27.004571 5000.000000 14992 4997.126468 159.908047
27.003542 5000.000000 14817 4938.944669 158.046229
27.001444 5000.000000 15206 5068.011314 162.176362
27.005577 5000.000000 15134 5044.379979 161.420159
27.006889 5000.000000 14970 4989.985553 159.679538
27.003714 5000.000000 14997 4998.907994 159.965056
#type       avg     std     min     5th    10th    90th    95th    99th
read      661.7   288.5    45.3   168.6   221.3   971.4  1021.0  1156.2
update    662.5   287.0    49.8   172.6   225.5   972.1  1021.7  1180.2
op_q        4.6     2.7     1.0     1.0     1.1     8.0     9.8    12.3

Total QPS = 266518.3 (7995550 / 30.0s)

Misses = 0 (0.0%)
Skipped TXs = 0 (0.0%)

RX 1381152102 bytes :   43.9 MB/s
TX  885621375 bytes :   28.2 MB/s
