3.000087 5277.777778 15638 5212.515986 166.800512
3.000099 5277.777778 15972 5323.824541 170.362385
3.000537 5277.777778 15802 5266.390871 168.524508
3.000025 5277.777778 15913 5304.289842 169.737275
3.000177 5277.777778 15670 5223.024344 167.136779
3.000135 5277.777778 15963 5320.760302 170.264330
3.000074 5277.777778 15983 5327.534740 170.481112
3.000221 5277.777778 16045 5347.938523 171.134033
3.000059 5277.777778 15623 5207.564716 166.642071
3.000069 5277.777778 15825 5274.877952 168.796094
3.000018 5277.777778 16007 5335.633780 170.740281
3.000038 5277.777778 16100 5366.598246 171.731144
3.000039 5277.777778 15792 5263.932034 168.445825
3.000221 5277.777778 15861 5286.611397 169.171565
3.000771 5277.777778 15673 5222.991149 167.135717
3.000296 5277.777778 15623 5207.152054 166.628866
3.000082 5277.777778 15830 5276.522318 168.848714
3.000193 5277.777778 16026 5341.657122 170.933028
3.000012 5277.777778 15791 5263.645243 168.436648
3.000057 5277.777778 15813 5270.899164 168.668773
3.000152 5277.777778 15810 5269.732762 168.631448
3.000050 5277.777778 15651 5216.912924 166.941214
3.000150 5277.777778 15701 5233.405652 167.468981
3.000149 5277.777778 15771 5256.738731 168.215639
3.000074 5277.777778 15645 5214.872050 166.875906
3.000172 5277.777778 15766 5255.032322 168.161034
3.000233 5277.777778 15680 5226.260103 167.240323
3.000035 5277.777778 15743 5247.606062 167.923394
3.000350 5277.777778 15934 5310.714367 169.942860
3.000361 5277.777778 15780 5259.366843 168.299739
3.000019 5277.777778 15749 5249.633909 167.988285
3.000037 5277.777778 15764 5254.601159 168.147237
6.000096 5277.777778 16057 5352.285206 171.273127
6.000059 5277.777778 15936 5311.964043 169.982849
6.000106 5277.777778 15649 5216.291315 166.921322
6.000285 5277.777778 15922 5306.897053 169.820706
6.000437 5277.777778 15772 5256.697820 168.214330
6.000109 5277.777778 15890 5296.494947 169.487838
6.000373 5277.777778 15817 5272.065677 168.706102
6.000254 5277.777778 15762 5253.963773 168.126841
6.000763 5277.777778 15854 5283.366051 169.067714
6.000306 5277.777778 15731 5243.432453 167.789839
6.000639 5277.777778 15564 5187.158754 165.989080
6.000226 5277.777778 15973 5324.198209 170.374343
6.000104 5277.777778 15547 5182.303050 165.833698
6.000134 5277.777778 15844 5281.184877 168.997916
6.000280 5277.777778 15900 5299.743774 169.591801
6.000387 5277.777778 15931 5309.823049 169.914338
6.000441 5277.777778 15556 5184.603212 165.907303
6.000141 5277.777778 15908 5302.519233 169.680615
6.001088 5277.777778 15957 5317.596410 170.163085
6.000292 5277.777778 15686 5228.286464 167.305167
6.000287 5277.777778 16218 5405.802820 172.985690
6.000308 5277.777778 15882 5293.559993 169.393920
6.000554 5277.777778 15760 5252.751921 168.088061
6.000211 5277.777778 15905 5301.557623 169.649844
6.000058 5277.777778 15835 5278.292982 168.905375
6.000658 5277.777778 15992 5330.450904 170.574429
6.000727 5277.777778 15733 5243.398545 167.788753
6.000409 5277.777778 16012 5337.227018 170.791265
6.000697 5277.777778 15686 5228.081940 167.298622
6.002140 5277.777778 15553 5181.968623 165.822996
6.000504 5277.777778 15552 5183.161780 165.861177
6.000071 5277.777778 15962 5320.607270 170.259433
9.000368 5277.777778 15742 5247.225419 167.911213
9.000136 5277.777778 15952 5317.286550 170.153170
9.000162 5277.777778 16023 5340.896320 170.908682
9.000593 5277.777778 16093 5364.263326 171.656426
9.000409 5277.777778 15775 5257.719240 168.247016
9.000106 5277.777778 15932 5310.649949 169.940798
9.000445 5277.777778 15884 5294.383568 169.420274
9.000328 5277.777778 15603 5200.917467 166.429359
9.000415 5277.777778 15820 5273.258520 168.744273
9.000780 5277.777778 15923 5306.535427 169.809134
9.000338 5277.777778 16034 5344.613167 171.027621
9.000359 5277.777778 15893 5297.220361 169.511052
9.000486 5277.777778 16031 5343.579860 170.994556
9.001015 5277.777778 15477 5157.921371 165.053484
9.000398 5277.777778 15733 5244.139382 167.812460
9.000427 5277.777778 15570 5189.969344 166.079019
9.000305 5277.777778 15988 5329.192439 170.534158
9.000793 5277.777778 15930 5309.946300 169.918282
9.000170 5277.777778 15724 5241.271371 167.720684
9.000712 5277.777778 15821 5273.537467 168.753199
9.000404 5277.777778 16018 5339.066299 170.850122
9.000755 5277.777778 15710 5236.118653 167.555797
9.000091 5277.777778 15942 5313.941321 170.046122
9.000822 5277.777778 16067 5354.720204 171.351047
9.000403 5277.777778 15807 5268.662170 168.597189
9.000995 5277.777778 15775 5257.864634 168.251668
9.000679 5277.777778 15975 5324.963746 170.398840
9.001260 5277.777778 15749 5249.367025 167.979745
9.000761 5277.777778 15897 5298.886221 169.564359
9.002900 5277.777778 16155 5383.635153 172.276325
9.000728 5277.777778 15994 5330.934260 170.589896
9.000093 5277.777778 15740 5246.628186 167.892102
12.000592 5277.777778 16034 5344.351351 171.019243
12.000638 5277.777778 15807 5268.164673 168.581270
12.000674 5277.777778 15814 5270.867902 168.667773
12.002069 5277.777778 15492 5160.622353 165.139915
12.000229 5277.777778 15771 5256.896516 168.220689
12.000419 5277.777778 15737 5245.561675 167.857974
12.000904 5277.777778 15817 5271.444541 168.686225
12.000597 5277.777778 15838 5278.878209 168.924103
12.001063 5277.777778 15857 5285.168075 169.125378
12.000158 5277.777778 15830 5276.627401 168.852077
12.000670 5277.777778 15992 5330.193534 170.566193
12.000455 5277.777778 16121 5373.398531 171.948753
12.000498 5277.777778 15903 5300.906357 169.629003
12.000644 5277.777778 15812 5270.388355 168.652427
12.000489 5277.777778 15780 5259.717593 168.310963
12.000959 5277.777778 16060 5353.038137 171.297220
12.000539 5277.777778 15877 5292.136189 169.348358
12.000708 5277.777778 15815 5271.464381 168.686860
12.000822 5277.777778 16089 5362.744481 171.607823
12.001002 5277.777778 15696 5231.987768 167.423609
12.001285 5277.777778 15886 5294.323239 169.418344
12.001303 5277.777778 15898 5297.681077 169.525794
12.001421 5277.777778 15964 5320.152056 170.244866
12.000195 5277.777778 15791 5263.483941 168.431486
12.000568 5277.777778 15920 5306.375756 169.804024
12.001419 5277.777778 16023 5340.280506 170.888976
12.000890 5277.777778 15660 5219.882042 167.036225
12.000922 5277.777778 15794 5264.385186 168.460326
12.001392 5277.777778 16026 5341.763517 170.936433
12.000757 5277.777778 15773 5257.616571 168.243730
12.003156 5277.777778 15562 5186.892318 165.980554
12.000365 5277.777778 15717 5238.524213 167.632775
15.001925 5277.777778 16057 5351.224503 171.239184
15.002025 5277.777778 15553 5181.937744 165.822008
15.000395 5277.777778 15872 5290.249086 169.287971
15.000625 5277.777778 15743 5247.610132 167.923524
15.000599 5277.777778 15713 5237.490512 167.599696
15.000914 5277.777778 16024 5340.852274 170.907273
15.001694 5277.777778 15775 5257.228367 168.231308
15.000855 5277.777778 15581 5193.608834 166.195483
15.001077 5277.777778 15734 5243.827936 167.802494
15.000514 5277.777778 15958 5319.288637 170.217236
15.000877 5277.777778 15786 5261.645057 168.372642
15.001163 5277.777778 15888 5295.541936 169.457342
15.000980 5277.777778 15908 5302.629681 169.684150
15.000670 5277.777778 15886 5294.494774 169.423833
15.001124 5277.777778 15872 5289.932747 169.277848
15.000248 5277.777778 15885 5294.966037 169.438913
15.000680 5277.777778 15469 5156.090316 164.994890
15.000487 5277.777778 15697 5232.276353 167.432843
15.000573 5277.777778 15926 5308.395047 169.868641
15.000578 5277.777778 15989 5329.648369 170.548748
15.000737 5277.777778 15950 5316.548870 170.129564
15.001075 5277.777778 15816 5271.675464 168.693615
15.000935 5277.777778 15810 5269.976318 168.639242
15.001974 5277.777778 15766 5254.359990 168.139520
15.002118 5277.777778 16105 5367.087328 171.746795
15.001622 5277.777778 16011 5336.590901 170.770909
15.001848 5277.777778 15784 5260.345730 168.331063
15.001023 5277.777778 15885 5294.962480 169.438799
15.002434 5277.777778 16059 5352.348720 171.275159
15.000786 5277.777778 15795 5264.949851 168.478395
15.003330 5277.777778 15774 5257.694941 168.246238
15.001525 5277.777778 15945 5312.946081 170.014275
18.000742 5277.777778 16048 5349.124457 171.171983
18.001006 5277.777778 15714 5237.839124 167.610852
18.000391 5277.777778 15787 5262.083422 168.386669
18.000617 5277.777778 15847 5282.301985 169.033664
18.001409 5277.777778 15746 5247.735520 167.927537
18.000472 5277.777778 15655 5218.199897 166.982397
18.000589 5277.777778 15946 5315.200416 170.086413
18.000603 5277.777778 15835 5278.280576 168.904978
18.002144 5277.777778 15745 5246.618527 167.891793
18.001110 5277.777778 15780 5259.553014 168.305696
18.000515 5277.777778 15663 5220.952648 167.070485
18.001508 5277.777778 15830 5275.737248 168.823592
18.000965 5277.777778 15860 5286.164996 169.157280
18.001433 5277.777778 15683 5227.045869 167.265468
18.000799 5277.777778 15997 5332.223533 170.631153
18.000595 5277.777778 15888 5295.970027 169.471041
18.001099 5277.777778 15761 5253.532939 168.113054
18.002069 5277.777778 15757 5252.256395 168.072205
18.001194 5277.777778 15763 5254.211063 168.134754
18.001806 5277.777778 15498 5165.683263 165.301864
18.002322 5277.777778 15800 5265.834244 168.506696
18.001652 5277.777778 15774 5256.987415 168.223597
18.000748 5277.777778 15852 5283.861800 169.083578
18.000969 5277.777778 15873 5290.939144 169.310053
18.002223 5277.777778 15873 5290.814198 169.306054
18.002451 5277.777778 15677 5224.837521 167.194801
18.001908 5277.777778 15850 5282.955512 169.054576
18.002267 5277.777778 15905 5301.061945 169.633982
18.000867 5277.777778 15852 5283.857378 169.083436
18.002720 5277.777778 15998 5332.159330 170.629099
18.003501 5277.777778 15868 5289.031437 169.249006
18.001590 5277.777778 15882 5293.885810 169.404346
21.000764 5277.777778 15983 5327.224577 170.471186
21.000768 5277.777778 15877 5292.066804 169.346138
21.000788 5277.777778 16035 5344.656503 171.029008
21.000693 5277.777778 15847 5282.150780 169.028825
21.001182 5277.777778 15783 5260.228470 168.327311
21.000721 5277.777778 15541 5179.902600 165.756883
21.000885 5277.777778 15909 5302.501247 169.680040
21.003667 5277.777778 16041 5343.021766 170.976697
21.001032 5277.777778 15941 5313.621664 170.035893
21.001462 5277.777778 15858 5285.528016 169.136897
21.000679 5277.777778 16001 5333.154769 170.660953
21.001358 5277.777778 16047 5348.557929 171.153854
21.000994 5277.777778 15940 5313.282793 170.025049
21.000839 5277.777778 15821 5273.508353 168.752267
21.002224 5277.777778 15792 5262.570187 168.402246
21.000834 5277.777778 15853 5284.270374 169.096652
21.001627 5277.777778 15856 5285.125008 169.124000
21.002273 5277.777778 15917 5303.361951 169.707582
21.001829 5277.777778 16079 5359.626302 171.508042
21.001137 5277.777778 16182 5393.932920 172.605853
21.001970 5277.777778 15693 5230.892786 167.388569
21.000879 5277.777778 15869 5289.644846 169.268635
21.001682 5277.777778 15786 5261.947511 168.382320
21.002110 5277.777778 15591 5196.929082 166.301731
21.002148 5277.777778 15564 5187.991723 166.015735
21.002631 5277.777778 16138 5378.680090 172.117763
21.002646 5277.777778 15923 5307.321668 169.834293
21.002452 5277.777778 15874 5291.104088 169.315331
21.002226 5277.777778 15771 5256.994142 168.223813
21.002776 5277.777778 15769 5256.234549 168.199506
21.003782 5277.777778 15646 5214.844737 166.875032
21.001798 5277.777778 15643 5213.971558 166.847090
24.001559 5277.777778 16065 5353.715148 171.318885
24.001057 5277.777778 15847 5281.691963 169.014143
24.000848 5277.777778 15859 5286.193258 169.158184
24.000886 5277.777778 15901 5300.331903 169.610621
24.001028 5277.777778 15850 5282.793076 169.049378
24.001135 5277.777778 16175 5391.481474 172.527407
24.000792 5277.777778 15783 5260.951037 168.350433
24.000705 5277.777778 15892 5297.286781 169.513177
24.001197 5277.777778 15677 5225.639854 167.220475
24.002019 5277.777778 16008 5335.008141 170.720261
24.001020 5277.777778 15849 5282.954242 169.054536
24.001549 5277.777778 16051 5349.992811 171.199770
24.001394 5277.777778 15966 5321.007376 170.272236
24.002384 5277.777778 16030 5342.596237 170.963080
24.000799 5277.777778 15926 5308.646365 169.876684
24.005809 5277.777778 15887 5288.294431 169.225422
24.001220 5277.777778 15907 5302.186553 169.669970
24.002607 5277.777778 15905 5301.393447 169.644590
24.002173 5277.777778 15816 5271.956993 168.702624
24.002084 5277.777778 15950 5316.214971 170.118879
24.001717 5277.777778 15893 5297.605104 169.523363
24.002358 5277.777778 15674 5224.433354 167.181867
24.002345 5277.777778 15773 5257.255084 168.232163
24.000902 5277.777778 15705 5234.960330 167.518731
24.002684 5277.777778 15781 5260.240585 168.327699
24.002407 5277.777778 15950 5316.346089 170.123075
24.002671 5277.777778 16013 5337.621037 170.803873
24.003565 5277.777778 15950 5315.268906 170.088605
24.002337 5277.777778 15694 5231.222272 167.399113
24.004076 5277.777778 15821 5273.148954 168.740767
24.003713 5277.777778 15980 5326.585123 170.450724
24.001846 5277.777778 15625 5208.250345 166.664011
27.001283 5277.777778 15709 5236.075574 167.554418
27.000864 5277.777778 15835 5278.304274 168.905737
27.001271 5277.777778 15800 5266.536737 168.529176
27.004429 5277.777778 15587 5189.768081 166.072579
27.002090 5277.777778 15898 5297.041452 169.505326
27.000979 5277.777778 15931 5309.849020 169.915169
27.002045 5277.777778 15797 5265.621300 168.499882
27.000900 5277.777778 15908 5302.488675 169.679638
27.001204 5277.777778 15843 5280.690240 168.982088
27.001220 5277.777778 16063 5354.042052 171.329346
27.000927 5277.777778 15973 5324.259231 170.376295
27.001571 5277.777778 15488 5162.629030 165.204129
27.001302 5277.777778 16198 5399.184973 172.773919
27.001866 5277.777778 15755 5251.406755 168.045016
27.002287 5277.777778 15816 5271.643222 168.692583
27.002365 5277.777778 15889 5296.298230 169.481543
27.001635 5277.777778 15778 5259.199170 168.294373
27.002182 5277.777778 16136 5378.649928 172.116798
27.001468 5277.777778 15946 5315.201637 170.086452
27.002528 5277.777778 15753 5250.748037 168.023937
27.001016 5277.777778 15864 5287.798738 169.209560
27.003072 5277.777778 15824 5273.848429 168.763150
27.002640 5277.777778 15930 5309.463828 169.902842
27.002814 5277.777778 15936 5311.747911 169.975933
27.003111 5277.777778 15992 5329.416368 170.541324
27.002377 5277.777778 15814 5271.300313 168.681610
27.003081 5277.777778 15897 5298.299580 169.545587
27.003777 5277.777778 15839 5279.553332 168.945707
27.003581 5277.777778 15821 5273.638569 168.756434
27.004136 5277.777778 15847 5282.228622 169.031316
27.006775 5277.777778 15740 5244.977301 167.839274
27.001873 5277.777778 16087 5362.283970 171.593087
#type       avg     std     min     5th    10th    90th    95th    99th
read     1129.4  1120.1   208.0   708.8   748.7  1385.1  1769.2  2020.0
update   1129.2  1040.6   228.8   708.8   748.6  1386.5  1779.7  2019.5
op_q        7.8     4.1     1.0     3.0     3.9    12.4    13.6    17.6

Total QPS = 379822.9 (11394688 / 30.0s)

Misses = 0 (0.0%)
Skipped TXs = 0 (0.0%)

RX 1967874523 bytes :   62.6 MB/s
TX 1260657708 bytes :   40.1 MB/s
