Running 5m test @ http://frontend.default.svc.cluster.local:5000
  32 threads and 32 connections
  Thread calibration: mean lat.: 5.680ms, rate sampling interval: 19ms
[trace     0s / 300s]  target RPS: 350
  Thread calibration: mean lat.: 4.844ms, rate sampling interval: 18ms
  Thread calibration: mean lat.: 4.994ms, rate sampling interval: 16ms
  Thread calibration: mean lat.: 5.696ms, rate sampling interval: 23ms
  Thread calibration: mean lat.: 6.044ms, rate sampling interval: 24ms
  Thread calibration: mean lat.: 5.486ms, rate sampling interval: 20ms
  Thread calibration: mean lat.: 4.957ms, rate sampling interval: 21ms
  Thread calibration: mean lat.: 5.176ms, rate sampling interval: 28ms
  Thread calibration: mean lat.: 6.209ms, rate sampling interval: 30ms
  Thread calibration: mean lat.: 4.697ms, rate sampling interval: 16ms
  Thread calibration: mean lat.: 4.247ms, rate sampling interval: 16ms
  Thread calibration: mean lat.: 4.298ms, rate sampling interval: 14ms
  Thread calibration: mean lat.: 3.869ms, rate sampling interval: 14ms
  Thread calibration: mean lat.: 4.616ms, rate sampling interval: 18ms
  Thread calibration: mean lat.: 5.581ms, rate sampling interval: 21ms
  Thread calibration: mean lat.: 5.019ms, rate sampling interval: 23ms
  Thread calibration: mean lat.: 4.449ms, rate sampling interval: 17ms
  Thread calibration: mean lat.: 4.869ms, rate sampling interval: 16ms
  Thread calibration: mean lat.: 4.869ms, rate sampling interval: 20ms
  Thread calibration: mean lat.: 5.259ms, rate sampling interval: 20ms
  Thread calibration: mean lat.: 4.585ms, rate sampling interval: 21ms
  Thread calibration: mean lat.: 4.761ms, rate sampling interval: 17ms
  Thread calibration: mean lat.: 5.222ms, rate sampling interval: 20ms
  Thread calibration: mean lat.: 5.567ms, rate sampling interval: 26ms
  Thread calibration: mean lat.: 5.318ms, rate sampling interval: 18ms
  Thread calibration: mean lat.: 5.587ms, rate sampling interval: 21ms
  Thread calibration: mean lat.: 5.850ms, rate sampling interval: 21ms
  Thread calibration: mean lat.: 4.299ms, rate sampling interval: 16ms
  Thread calibration: mean lat.: 4.669ms, rate sampling interval: 17ms
  Thread calibration: mean lat.: 4.129ms, rate sampling interval: 17ms
  Thread calibration: mean lat.: 4.209ms, rate sampling interval: 15ms
  Thread calibration: mean lat.: 4.573ms, rate sampling interval: 18ms
[trace     0s / 300s]  target RPS: 350
[trace     1s / 300s]  target RPS: 301
[trace     2s / 300s]  target RPS: 269
[trace     3s / 300s]  target RPS: 233
[trace     4s / 300s]  target RPS: 207
[trace     5s / 300s]  target RPS: 184
[trace     6s / 300s]  target RPS: 184
[trace     7s / 300s]  target RPS: 171
[trace     8s / 300s]  target RPS: 158
[trace    10s / 300s]  target RPS: 158
[trace    11s / 300s]  target RPS: 171
[trace    11s / 300s]  target RPS: 171
[trace    12s / 300s]  target RPS: 188
[trace    13s / 300s]  target RPS: 231
[trace    15s / 300s]  target RPS: 286
[trace    16s / 300s]  target RPS: 306
[trace    17s / 300s]  target RPS: 333
[trace    18s / 300s]  target RPS: 355
[trace    19s / 300s]  target RPS: 378
[trace    20s / 300s]  target RPS: 423
[trace    21s / 300s]  target RPS: 427
[trace    22s / 300s]  target RPS: 423
[trace    23s / 300s]  target RPS: 419
[trace    24s / 300s]  target RPS: 414
[trace    25s / 300s]  target RPS: 429
[trace    26s / 300s]  target RPS: 410
[trace    27s / 300s]  target RPS: 417
[trace    28s / 300s]  target RPS: 425
[trace    29s / 300s]  target RPS: 429
[trace    30s / 300s]  target RPS: 440
[trace    31s / 300s]  target RPS: 468
[trace    32s / 300s]  target RPS: 466
[trace    33s / 300s]  target RPS: 476
[trace    34s / 300s]  target RPS: 525
[trace    35s / 300s]  target RPS: 547
[trace    36s / 300s]  target RPS: 551
[trace    37s / 300s]  target RPS: 564
[trace    38s / 300s]  target RPS: 562
[trace    39s / 300s]  target RPS: 568
[trace    40s / 300s]  target RPS: 555
[trace    41s / 300s]  target RPS: 570
[trace    42s / 300s]  target RPS: 506
[trace    43s / 300s]  target RPS: 472
[trace    44s / 300s]  target RPS: 417
[trace    45s / 300s]  target RPS: 363
[trace    46s / 300s]  target RPS: 314
[trace    47s / 300s]  target RPS: 265
[trace    48s / 300s]  target RPS: 231
[trace    49s / 300s]  target RPS: 199
[trace    50s / 300s]  target RPS: 178
[trace    51s / 300s]  target RPS: 169
[trace    52s / 300s]  target RPS: 171
[trace    53s / 300s]  target RPS: 182
[trace    54s / 300s]  target RPS: 201
[trace    55s / 300s]  target RPS: 244
[trace    56s / 300s]  target RPS: 271
[trace    57s / 300s]  target RPS: 303
[trace    58s / 300s]  target RPS: 318
[trace    59s / 300s]  target RPS: 342
[trace    60s / 300s]  target RPS: 368
[trace    61s / 300s]  target RPS: 393
[trace    62s / 300s]  target RPS: 436
[trace    63s / 300s]  target RPS: 440
[trace    64s / 300s]  target RPS: 442
[trace    65s / 300s]  target RPS: 438
[trace    66s / 300s]  target RPS: 431
[trace    67s / 300s]  target RPS: 442
[trace    68s / 300s]  target RPS: 449
[trace    69s / 300s]  target RPS: 474
[trace    70s / 300s]  target RPS: 470
[trace    71s / 300s]  target RPS: 448
[trace    72s / 300s]  target RPS: 449
[trace    73s / 300s]  target RPS: 457
[trace    74s / 300s]  target RPS: 491
[trace    75s / 300s]  target RPS: 528
[trace    76s / 300s]  target RPS: 592
[trace    77s / 300s]  target RPS: 664
[trace    78s / 300s]  target RPS: 609
[trace    79s / 300s]  target RPS: 608
[trace    80s / 300s]  target RPS: 596
[trace    81s / 300s]  target RPS: 589
[trace    82s / 300s]  target RPS: 583
[trace    83s / 300s]  target RPS: 596
[trace    84s / 300s]  target RPS: 517
[trace    85s / 300s]  target RPS: 461
[trace    86s / 300s]  target RPS: 399
[trace    87s / 300s]  target RPS: 340
[trace    88s / 300s]  target RPS: 288
[trace    89s / 300s]  target RPS: 246
[trace    90s / 300s]  target RPS: 216
[trace    91s / 300s]  target RPS: 188
[trace    92s / 300s]  target RPS: 178
[trace    93s / 300s]  target RPS: 173
[trace    94s / 300s]  target RPS: 184
[trace    95s / 300s]  target RPS: 212
[trace    96s / 300s]  target RPS: 239
[trace    97s / 300s]  target RPS: 276
[trace    98s / 300s]  target RPS: 272
[trace    99s / 300s]  target RPS: 274
[trace   100s / 300s]  target RPS: 380
[trace   101s / 300s]  target RPS: 404
[trace   102s / 300s]  target RPS: 384
[trace   103s / 300s]  target RPS: 393
[trace   104s / 300s]  target RPS: 481
[trace   105s / 300s]  target RPS: 489
[trace   106s / 300s]  target RPS: 438
[trace   107s / 300s]  target RPS: 425
[trace   108s / 300s]  target RPS: 417
[trace   109s / 300s]  target RPS: 436
[trace   110s / 300s]  target RPS: 410
[trace   111s / 300s]  target RPS: 419
[trace   112s / 300s]  target RPS: 421
[trace   113s / 300s]  target RPS: 440
[trace   114s / 300s]  target RPS: 476
[trace   115s / 300s]  target RPS: 515
[trace   116s / 300s]  target RPS: 532
[trace   117s / 300s]  target RPS: 544
[trace   118s / 300s]  target RPS: 583
[trace   119s / 300s]  target RPS: 634
[trace   120s / 300s]  target RPS: 628
[trace   121s / 300s]  target RPS: 621
[trace   122s / 300s]  target RPS: 617
[trace   123s / 300s]  target RPS: 615
[trace   124s / 300s]  target RPS: 596
[trace   125s / 300s]  target RPS: 585
[trace   126s / 300s]  target RPS: 512
[trace   127s / 300s]  target RPS: 466
[trace   128s / 300s]  target RPS: 399
[trace   129s / 300s]  target RPS: 346
[trace   130s / 300s]  target RPS: 295
[trace   131s / 300s]  target RPS: 259
[trace   132s / 300s]  target RPS: 222
[trace   133s / 300s]  target RPS: 193
[trace   134s / 300s]  target RPS: 178
[trace   135s / 300s]  target RPS: 176
[trace   136s / 300s]  target RPS: 190
[trace   137s / 300s]  target RPS: 214
[trace   138s / 300s]  target RPS: 242
[trace   139s / 300s]  target RPS: 280
[trace   140s / 300s]  target RPS: 278
[trace   141s / 300s]  target RPS: 282
[trace   142s / 300s]  target RPS: 297
[trace   143s / 300s]  target RPS: 318
[trace   144s / 300s]  target RPS: 336
[trace   145s / 300s]  target RPS: 363
[trace   146s / 300s]  target RPS: 461
[trace   147s / 300s]  target RPS: 495
[trace   148s / 300s]  target RPS: 432
[trace   149s / 300s]  target RPS: 416
[trace   150s / 300s]  target RPS: 410
[trace   151s / 300s]  target RPS: 425
[trace   152s / 300s]  target RPS: 404
[trace   153s / 300s]  target RPS: 408
[trace   154s / 300s]  target RPS: 404
[trace   155s / 300s]  target RPS: 421
[trace   156s / 300s]  target RPS: 455
[trace   157s / 300s]  target RPS: 478
[trace   158s / 300s]  target RPS: 495
[trace   159s / 300s]  target RPS: 506
[trace   160s / 300s]  target RPS: 545
[trace   161s / 300s]  target RPS: 574
[trace   162s / 300s]  target RPS: 589
[trace   163s / 300s]  target RPS: 596
[trace   164s / 300s]  target RPS: 613
[trace   165s / 300s]  target RPS: 626
[trace   166s / 300s]  target RPS: 613
[trace   167s / 300s]  target RPS: 783
[trace   168s / 300s]  target RPS: 685
[trace   169s / 300s]  target RPS: 594
[trace   170s / 300s]  target RPS: 481
[trace   171s / 300s]  target RPS: 393
[trace   172s / 300s]  target RPS: 321
[trace   173s / 300s]  target RPS: 267
[trace   174s / 300s]  target RPS: 231
[trace   175s / 300s]  target RPS: 203
[trace   176s / 300s]  target RPS: 186
[trace   177s / 300s]  target RPS: 182
[trace   178s / 300s]  target RPS: 222
[trace   179s / 300s]  target RPS: 231
[trace   180s / 300s]  target RPS: 267
[trace   181s / 300s]  target RPS: 291
[trace   182s / 300s]  target RPS: 280
[trace   183s / 300s]  target RPS: 280
[trace   184s / 300s]  target RPS: 303
[trace   185s / 300s]  target RPS: 331
[trace   186s / 300s]  target RPS: 344
[trace   187s / 300s]  target RPS: 368
[trace   188s / 300s]  target RPS: 466
[trace   189s / 300s]  target RPS: 476
[trace   190s / 300s]  target RPS: 434
[trace   191s / 300s]  target RPS: 419
[trace   192s / 300s]  target RPS: 419
[trace   193s / 300s]  target RPS: 421
[trace   194s / 300s]  target RPS: 406
[trace   195s / 300s]  target RPS: 421
[trace   196s / 300s]  target RPS: 416
[trace   197s / 300s]  target RPS: 436
[trace   198s / 300s]  target RPS: 457
[trace   199s / 300s]  target RPS: 491
[trace   200s / 300s]  target RPS: 515
[trace   201s / 300s]  target RPS: 534
[trace   202s / 300s]  target RPS: 579
[trace   203s / 300s]  target RPS: 611
[trace   204s / 300s]  target RPS: 615
[trace   205s / 300s]  target RPS: 613
[trace   206s / 300s]  target RPS: 624
[trace   207s / 300s]  target RPS: 658
[trace   208s / 300s]  target RPS: 668
[trace   209s / 300s]  target RPS: 653
[trace   210s / 300s]  target RPS: 553
[trace   211s / 300s]  target RPS: 491
[trace   212s / 300s]  target RPS: 423
[trace   213s / 300s]  target RPS: 370
[trace   214s / 300s]  target RPS: 312
[trace   215s / 300s]  target RPS: 265
[trace   216s / 300s]  target RPS: 231
[trace   217s / 300s]  target RPS: 210
[trace   218s / 300s]  target RPS: 190
[trace   219s / 300s]  target RPS: 190
[trace   220s / 300s]  target RPS: 207
[trace   221s / 300s]  target RPS: 233
[trace   222s / 300s]  target RPS: 259
[trace   223s / 300s]  target RPS: 306
[trace   224s / 300s]  target RPS: 288
[trace   225s / 300s]  target RPS: 291
[trace   226s / 300s]  target RPS: 306
[trace   227s / 300s]  target RPS: 329
[trace   228s / 300s]  target RPS: 352
[trace   229s / 300s]  target RPS: 376
[trace   230s / 300s]  target RPS: 470
[trace   231s / 300s]  target RPS: 476
[trace   232s / 300s]  target RPS: 562
[trace   233s / 300s]  target RPS: 754
[trace   234s / 300s]  target RPS: 717
[trace   235s / 300s]  target RPS: 702
[trace   236s / 300s]  target RPS: 672
[trace   237s / 300s]  target RPS: 687
[trace   238s / 300s]  target RPS: 673
[trace   239s / 300s]  target RPS: 690
[trace   240s / 300s]  target RPS: 722
[trace   241s / 300s]  target RPS: 743
[trace   242s / 300s]  target RPS: 768
[trace   243s / 300s]  target RPS: 611
[trace   244s / 300s]  target RPS: 549
[trace   245s / 300s]  target RPS: 568
[trace   246s / 300s]  target RPS: 591
[trace   247s / 300s]  target RPS: 598
[trace   248s / 300s]  target RPS: 608
[trace   249s / 300s]  target RPS: 606
[trace   250s / 300s]  target RPS: 587
[trace   251s / 300s]  target RPS: 577
[trace   252s / 300s]  target RPS: 495
[trace   253s / 300s]  target RPS: 442
[trace   254s / 300s]  target RPS: 385
[trace   255s / 300s]  target RPS: 335
[trace   256s / 300s]  target RPS: 289
[trace   257s / 300s]  target RPS: 246
[trace   258s / 300s]  target RPS: 216
[trace   259s / 300s]  target RPS: 192
[trace   260s / 300s]  target RPS: 178
[trace   261s / 300s]  target RPS: 197
[trace   262s / 300s]  target RPS: 329
[trace   263s / 300s]  target RPS: 359
[trace   264s / 300s]  target RPS: 385
[trace   265s / 300s]  target RPS: 598
[trace   266s / 300s]  target RPS: 800
[trace   267s / 300s]  target RPS: 685
[trace   268s / 300s]  target RPS: 297
[trace   269s / 300s]  target RPS: 316
[trace   270s / 300s]  target RPS: 336
[trace   271s / 300s]  target RPS: 374
[trace   272s / 300s]  target RPS: 628
[trace   273s / 300s]  target RPS: 790
[trace   274s / 300s]  target RPS: 692
[trace   275s / 300s]  target RPS: 457
[trace   276s / 300s]  target RPS: 412
[trace   277s / 300s]  target RPS: 417
[trace   278s / 300s]  target RPS: 402
[trace   279s / 300s]  target RPS: 410
[trace   280s / 300s]  target RPS: 404
[trace   281s / 300s]  target RPS: 432
[trace   282s / 300s]  target RPS: 470
[trace   283s / 300s]  target RPS: 506
[trace   284s / 300s]  target RPS: 515
[trace   285s / 300s]  target RPS: 530
[trace   286s / 300s]  target RPS: 562
[trace   287s / 300s]  target RPS: 577
[trace   288s / 300s]  target RPS: 598
[trace   289s / 300s]  target RPS: 592
  Thread Stats   Avg      Stdev     99%   +/- Stdev
    Latency     1.60s     2.77s    9.84s    83.34%
    Req/Sec    12.49     25.53   100.00     80.13%
  114505 completed requests in 5.00m, 47.37MB read
Completed Requests/sec (Throughput):    381.66
Sent Requests/sec (Load):    449.77
Transfer/sec:    161.66KB
