Requests      [total, rate, throughput]         12, 10.90, 10.70
Duration      [total, attack, wait]             1.122s, 1.1s, 21.293ms
Latencies     [min, mean, 50, 90, 95, 99, max]  20.981ms, 21.548ms, 21.507ms, 22.027ms, 22.032ms, 22.033ms, 22.033ms
Bytes In      [total, mean]                     24, 2.00
Bytes Out     [total, mean]                     0, 0.00
Success       [ratio]                           100.00%
Status Codes  [code:count]                      200:12  
Error Set:
Requests      [total, rate, throughput]         22, 10.48, 10.37
Duration      [total, attack, wait]             2.121s, 2.1s, 21.696ms
Latencies     [min, mean, 50, 90, 95, 99, max]  20.981ms, 21.502ms, 21.507ms, 21.853ms, 22.027ms, 22.033ms, 22.033ms
Bytes In      [total, mean]                     44, 2.00
Bytes Out     [total, mean]                     0, 0.00
Success       [ratio]                           100.00%
Status Codes  [code:count]                      200:22  
Error Set:
Requests      [total, rate, throughput]         32, 10.32, 10.25
Duration      [total, attack, wait]             3.121s, 3.1s, 21.351ms
Latencies     [min, mean, 50, 90, 95, 99, max]  20.981ms, 21.467ms, 21.463ms, 21.752ms, 21.999ms, 22.033ms, 22.033ms
Bytes In      [total, mean]                     64, 2.00
Bytes Out     [total, mean]                     0, 0.00
Success       [ratio]                           100.00%
Status Codes  [code:count]                      200:32  
Error Set:
Requests      [total, rate, throughput]         42, 10.24, 10.19
Duration      [total, attack, wait]             4.122s, 4.101s, 21.685ms
Latencies     [min, mean, 50, 90, 95, 99, max]  20.981ms, 21.451ms, 21.442ms, 21.74ms, 21.877ms, 22.033ms, 22.033ms
Bytes In      [total, mean]                     84, 2.00
Bytes Out     [total, mean]                     0, 0.00
Success       [ratio]                           100.00%
Status Codes  [code:count]                      200:42  
Error Set:
Requests      [total, rate, throughput]         52, 10.20, 10.15
Duration      [total, attack, wait]             5.122s, 5.1s, 21.143ms
Latencies     [min, mean, 50, 90, 95, 99, max]  20.981ms, 21.446ms, 21.442ms, 21.737ms, 21.776ms, 22.033ms, 22.033ms
Bytes In      [total, mean]                     104, 2.00
Bytes Out     [total, mean]                     0, 0.00
Success       [ratio]                           100.00%
Status Codes  [code:count]                      200:52  
Error Set:
Requests      [total, rate, throughput]         62, 10.16, 10.13
Duration      [total, attack, wait]             6.121s, 6.1s, 21.639ms
Latencies     [min, mean, 50, 90, 95, 99, max]  20.981ms, 21.447ms, 21.448ms, 21.737ms, 21.786ms, 22.032ms, 22.033ms
Bytes In      [total, mean]                     124, 2.00
Bytes Out     [total, mean]                     0, 0.00
Success       [ratio]                           100.00%
Status Codes  [code:count]                      200:62  
Error Set:
Requests      [total, rate, throughput]         72, 10.14, 10.11
Duration      [total, attack, wait]             7.121s, 7.1s, 21.235ms
Latencies     [min, mean, 50, 90, 95, 99, max]  20.981ms, 21.437ms, 21.442ms, 21.737ms, 21.779ms, 22.031ms, 22.033ms
Bytes In      [total, mean]                     144, 2.00
Bytes Out     [total, mean]                     0, 0.00
Success       [ratio]                           100.00%
Status Codes  [code:count]                      200:72  
Error Set:
Requests      [total, rate, throughput]         82, 10.12, 10.10
Duration      [total, attack, wait]             8.122s, 8.1s, 21.375ms
Latencies     [min, mean, 50, 90, 95, 99, max]  20.981ms, 21.429ms, 21.442ms, 21.732ms, 21.777ms, 22.03ms, 22.033ms
Bytes In      [total, mean]                     164, 2.00
Bytes Out     [total, mean]                     0, 0.00
Success       [ratio]                           100.00%
Status Codes  [code:count]                      200:82  
Error Set:
Requests      [total, rate, throughput]         92, 10.11, 10.09
Duration      [total, attack, wait]             9.121s, 9.1s, 21.391ms
Latencies     [min, mean, 50, 90, 95, 99, max]  20.981ms, 21.425ms, 21.437ms, 21.732ms, 21.779ms, 22.108ms, 22.162ms
Bytes In      [total, mean]                     184, 2.00
Bytes Out     [total, mean]                     0, 0.00
Success       [ratio]                           100.00%
Status Codes  [code:count]                      200:92  
Error Set:
Requests      [total, rate, throughput]         102, 10.10, 10.08
Duration      [total, attack, wait]             10.122s, 10.1s, 21.505ms
Latencies     [min, mean, 50, 90, 95, 99, max]  20.981ms, 21.427ms, 21.437ms, 21.732ms, 21.786ms, 22.095ms, 22.162ms
Bytes In      [total, mean]                     204, 2.00
Bytes Out     [total, mean]                     0, 0.00
Success       [ratio]                           100.00%
Status Codes  [code:count]                      200:102  
Error Set:
Requests      [total, rate, throughput]         112, 10.09, 10.07
Duration      [total, attack, wait]             11.122s, 11.1s, 21.473ms
Latencies     [min, mean, 50, 90, 95, 99, max]  20.981ms, 21.444ms, 21.44ms, 21.74ms, 21.842ms, 22.526ms, 23.119ms
Bytes In      [total, mean]                     224, 2.00
Bytes Out     [total, mean]                     0, 0.00
Success       [ratio]                           100.00%
Status Codes  [code:count]                      200:112  
Error Set:
Requests      [total, rate, throughput]         122, 10.08, 10.06
Duration      [total, attack, wait]             12.122s, 12.101s, 21.412ms
Latencies     [min, mean, 50, 90, 95, 99, max]  20.981ms, 21.445ms, 21.437ms, 21.737ms, 21.817ms, 22.43ms, 23.119ms
Bytes In      [total, mean]                     244, 2.00
Bytes Out     [total, mean]                     0, 0.00
Success       [ratio]                           100.00%
Status Codes  [code:count]                      200:122  
Error Set:
Requests      [total, rate, throughput]         132, 10.08, 10.06
Duration      [total, attack, wait]             13.122s, 13.1s, 21.649ms
Latencies     [min, mean, 50, 90, 95, 99, max]  20.981ms, 21.448ms, 21.444ms, 21.732ms, 21.795ms, 22.334ms, 23.119ms
Bytes In      [total, mean]                     264, 2.00
Bytes Out     [total, mean]                     0, 0.00
Success       [ratio]                           100.00%
Status Codes  [code:count]                      200:132  
Error Set:
Requests      [total, rate, throughput]         142, 10.07, 10.06
Duration      [total, attack, wait]             14.122s, 14.1s, 21.491ms
Latencies     [min, mean, 50, 90, 95, 99, max]  20.981ms, 21.452ms, 21.448ms, 21.732ms, 21.817ms, 22.239ms, 23.119ms
Bytes In      [total, mean]                     284, 2.00
Bytes Out     [total, mean]                     0, 0.00
Success       [ratio]                           100.00%
Status Codes  [code:count]                      200:142  
Error Set:
Requests      [total, rate, throughput]         152, 10.07, 10.05
Duration      [total, attack, wait]             15.122s, 15.101s, 21.374ms
Latencies     [min, mean, 50, 90, 95, 99, max]  20.981ms, 21.452ms, 21.448ms, 21.733ms, 21.796ms, 22.16ms, 23.119ms
Bytes In      [total, mean]                     304, 2.00
Bytes Out     [total, mean]                     0, 0.00
Success       [ratio]                           100.00%
Status Codes  [code:count]                      200:152  
Error Set:
Requests      [total, rate, throughput]         162, 10.06, 10.05
Duration      [total, attack, wait]             16.121s, 16.1s, 21.409ms
Latencies     [min, mean, 50, 90, 95, 99, max]  20.981ms, 21.449ms, 21.448ms, 21.73ms, 21.795ms, 22.147ms, 23.119ms
Bytes In      [total, mean]                     324, 2.00
Bytes Out     [total, mean]                     0, 0.00
Success       [ratio]                           100.00%
Status Codes  [code:count]                      200:162  
Error Set:
Requests      [total, rate, throughput]         172, 10.06, 10.05
Duration      [total, attack, wait]             17.122s, 17.1s, 21.785ms
Latencies     [min, mean, 50, 90, 95, 99, max]  20.981ms, 21.455ms, 21.454ms, 21.737ms, 21.813ms, 22.134ms, 23.119ms
Bytes In      [total, mean]                     344, 2.00
Bytes Out     [total, mean]                     0, 0.00
Success       [ratio]                           100.00%
Status Codes  [code:count]                      200:172  
Error Set:
Requests      [total, rate, throughput]         182, 10.06, 10.04
Duration      [total, attack, wait]             18.121s, 18.1s, 21.199ms
Latencies     [min, mean, 50, 90, 95, 99, max]  20.981ms, 21.454ms, 21.454ms, 21.737ms, 21.804ms, 22.121ms, 23.119ms
Bytes In      [total, mean]                     364, 2.00
Bytes Out     [total, mean]                     0, 0.00
Success       [ratio]                           100.00%
Status Codes  [code:count]                      200:182  
Error Set:
Requests      [total, rate, throughput]         192, 10.05, 10.04
Duration      [total, attack, wait]             19.122s, 19.1s, 21.931ms
Latencies     [min, mean, 50, 90, 95, 99, max]  20.981ms, 21.454ms, 21.454ms, 21.737ms, 21.813ms, 22.108ms, 23.119ms
Bytes In      [total, mean]                     384, 2.00
Bytes Out     [total, mean]                     0, 0.00
Success       [ratio]                           100.00%
Status Codes  [code:count]                      200:192  
Error Set:
Requests      [total, rate, throughput]         202, 10.05, 10.04
Duration      [total, attack, wait]             20.121s, 20.1s, 21.158ms
Latencies     [min, mean, 50, 90, 95, 99, max]  20.981ms, 21.451ms, 21.448ms, 21.735ms, 21.804ms, 22.095ms, 23.119ms
Bytes In      [total, mean]                     404, 2.00
Bytes Out     [total, mean]                     0, 0.00
Success       [ratio]                           100.00%
Status Codes  [code:count]                      200:202  
Error Set:
Requests      [total, rate, throughput]         212, 10.05, 10.04
Duration      [total, attack, wait]             21.121s, 21.1s, 21.322ms
Latencies     [min, mean, 50, 90, 95, 99, max]  20.981ms, 21.447ms, 21.436ms, 21.733ms, 21.796ms, 22.082ms, 23.119ms
Bytes In      [total, mean]                     424, 2.00
Bytes Out     [total, mean]                     0, 0.00
Success       [ratio]                           100.00%
Status Codes  [code:count]                      200:212  
Error Set:
Requests      [total, rate, throughput]         222, 10.05, 10.04
Duration      [total, attack, wait]             22.121s, 22.1s, 21.02ms
Latencies     [min, mean, 50, 90, 95, 99, max]  20.981ms, 21.439ms, 21.431ms, 21.73ms, 21.795ms, 22.069ms, 23.119ms
Bytes In      [total, mean]                     444, 2.00
Bytes Out     [total, mean]                     0, 0.00
Success       [ratio]                           100.00%
Status Codes  [code:count]                      200:222  
Error Set:
Requests      [total, rate, throughput]         232, 10.04, 10.03
Duration      [total, attack, wait]             23.122s, 23.1s, 21.402ms
Latencies     [min, mean, 50, 90, 95, 99, max]  20.981ms, 21.44ms, 21.437ms, 21.729ms, 21.793ms, 22.056ms, 23.119ms
Bytes In      [total, mean]                     464, 2.00
Bytes Out     [total, mean]                     0, 0.00
Success       [ratio]                           100.00%
Status Codes  [code:count]                      200:232  
Error Set:
Requests      [total, rate, throughput]         242, 10.04, 10.03
Duration      [total, attack, wait]             24.121s, 24.1s, 21.053ms
Latencies     [min, mean, 50, 90, 95, 99, max]  20.921ms, 21.438ms, 21.437ms, 21.729ms, 21.795ms, 22.043ms, 23.119ms
Bytes In      [total, mean]                     484, 2.00
Bytes Out     [total, mean]                     0, 0.00
Success       [ratio]                           100.00%
Status Codes  [code:count]                      200:242  
Error Set:
Requests      [total, rate, throughput]         252, 10.04, 10.03
Duration      [total, attack, wait]             25.122s, 25.1s, 21.735ms
Latencies     [min, mean, 50, 90, 95, 99, max]  20.921ms, 21.438ms, 21.435ms, 21.729ms, 21.793ms, 22.033ms, 23.119ms
Bytes In      [total, mean]                     504, 2.00
Bytes Out     [total, mean]                     0, 0.00
Success       [ratio]                           100.00%
Status Codes  [code:count]                      200:252  
Error Set:
Requests      [total, rate, throughput]         262, 10.04, 10.03
Duration      [total, attack, wait]             26.122s, 26.1s, 21.912ms
Latencies     [min, mean, 50, 90, 95, 99, max]  20.921ms, 21.44ms, 21.438ms, 21.73ms, 21.804ms, 22.032ms, 23.119ms
Bytes In      [total, mean]                     524, 2.00
Bytes Out     [total, mean]                     0, 0.00
Success       [ratio]                           100.00%
Status Codes  [code:count]                      200:262  
Error Set:
Requests      [total, rate, throughput]         272, 10.04, 10.03
Duration      [total, attack, wait]             27.121s, 27.1s, 21.022ms
Latencies     [min, mean, 50, 90, 95, 99, max]  20.921ms, 21.439ms, 21.436ms, 21.729ms, 21.796ms, 22.031ms, 23.119ms
Bytes In      [total, mean]                     544, 2.00
Bytes Out     [total, mean]                     0, 0.00
Success       [ratio]                           100.00%
Status Codes  [code:count]                      200:272  
Error Set:
Requests      [total, rate, throughput]         282, 10.04, 10.03
Duration      [total, attack, wait]             28.121s, 28.1s, 21.253ms
Latencies     [min, mean, 50, 90, 95, 99, max]  20.921ms, 21.44ms, 21.436ms, 21.729ms, 21.804ms, 22.078ms, 23.119ms
Bytes In      [total, mean]                     564, 2.00
Bytes Out     [total, mean]                     0, 0.00
Success       [ratio]                           100.00%
Status Codes  [code:count]                      200:282  
Error Set:
Requests      [total, rate, throughput]         292, 10.03, 10.03
Duration      [total, attack, wait]             29.122s, 29.1s, 21.67ms
Latencies     [min, mean, 50, 90, 95, 99, max]  20.921ms, 21.439ms, 21.438ms, 21.727ms, 21.796ms, 22.071ms, 23.119ms
Bytes In      [total, mean]                     584, 2.00
Bytes Out     [total, mean]                     0, 0.00
Success       [ratio]                           100.00%
Status Codes  [code:count]                      200:292  
Error Set:
Requests      [total, rate, throughput]         302, 10.03, 10.03
Duration      [total, attack, wait]             30.122s, 30.1s, 21.628ms
Latencies     [min, mean, 50, 90, 95, 99, max]  20.921ms, 21.437ms, 21.436ms, 21.721ms, 21.794ms, 22.065ms, 23.119ms
Bytes In      [total, mean]                     604, 2.00
Bytes Out     [total, mean]                     0, 0.00
Success       [ratio]                           100.00%
Status Codes  [code:count]                      200:302  
Error Set:
Requests      [total, rate, throughput]         312, 10.03, 10.03
Duration      [total, attack, wait]             31.122s, 31.1s, 21.526ms
Latencies     [min, mean, 50, 90, 95, 99, max]  20.921ms, 21.432ms, 21.436ms, 21.716ms, 21.793ms, 22.058ms, 23.119ms
Bytes In      [total, mean]                     624, 2.00
Bytes Out     [total, mean]                     0, 0.00
Success       [ratio]                           100.00%
Status Codes  [code:count]                      200:312  
Error Set:
Requests      [total, rate, throughput]         322, 10.03, 10.02
Duration      [total, attack, wait]             32.122s, 32.1s, 21.47ms
Latencies     [min, mean, 50, 90, 95, 99, max]  20.853ms, 21.425ms, 21.433ms, 21.713ms, 21.789ms, 22.051ms, 23.119ms
Bytes In      [total, mean]                     644, 2.00
Bytes Out     [total, mean]                     0, 0.00
Success       [ratio]                           100.00%
Status Codes  [code:count]                      200:322  
Error Set:
Requests      [total, rate, throughput]         332, 10.03, 10.02
Duration      [total, attack, wait]             33.122s, 33.1s, 21.538ms
Latencies     [min, mean, 50, 90, 95, 99, max]  20.853ms, 21.423ms, 21.433ms, 21.71ms, 21.786ms, 22.045ms, 23.119ms
Bytes In      [total, mean]                     664, 2.00
Bytes Out     [total, mean]                     0, 0.00
Success       [ratio]                           100.00%
Status Codes  [code:count]                      200:332  
Error Set:
Requests      [total, rate, throughput]         342, 10.03, 10.02
Duration      [total, attack, wait]             34.121s, 34.1s, 20.97ms
Latencies     [min, mean, 50, 90, 95, 99, max]  20.853ms, 21.42ms, 21.431ms, 21.705ms, 21.784ms, 22.038ms, 23.119ms
Bytes In      [total, mean]                     684, 2.00
Bytes Out     [total, mean]                     0, 0.00
Success       [ratio]                           100.00%
Status Codes  [code:count]                      200:342  
Error Set:
Requests      [total, rate, throughput]         352, 10.03, 10.02
Duration      [total, attack, wait]             35.121s, 35.1s, 21.074ms
Latencies     [min, mean, 50, 90, 95, 99, max]  20.853ms, 21.419ms, 21.431ms, 21.703ms, 21.781ms, 22.033ms, 23.119ms
Bytes In      [total, mean]                     704, 2.00
Bytes Out     [total, mean]                     0, 0.00
Success       [ratio]                           100.00%
Status Codes  [code:count]                      200:352  
Error Set:
Requests      [total, rate, throughput]         362, 10.03, 10.02
Duration      [total, attack, wait]             36.121s, 36.1s, 21.139ms
Latencies     [min, mean, 50, 90, 95, 99, max]  20.853ms, 21.419ms, 21.431ms, 21.707ms, 21.784ms, 22.032ms, 23.119ms
Bytes In      [total, mean]                     724, 2.00
Bytes Out     [total, mean]                     0, 0.00
Success       [ratio]                           100.00%
Status Codes  [code:count]                      200:362  
Error Set:
Requests      [total, rate, throughput]         372, 10.03, 10.02
Duration      [total, attack, wait]             37.121s, 37.1s, 21.239ms
Latencies     [min, mean, 50, 90, 95, 99, max]  20.853ms, 21.418ms, 21.429ms, 21.707ms, 21.786ms, 22.031ms, 23.119ms
Bytes In      [total, mean]                     744, 2.00
Bytes Out     [total, mean]                     0, 0.00
Success       [ratio]                           100.00%
Status Codes  [code:count]                      200:372  
Error Set:
Requests      [total, rate, throughput]         382, 10.03, 10.02
Duration      [total, attack, wait]             38.121s, 38.1s, 21.186ms
Latencies     [min, mean, 50, 90, 95, 99, max]  20.853ms, 21.415ms, 21.427ms, 21.707ms, 21.784ms, 22.03ms, 23.119ms
Bytes In      [total, mean]                     764, 2.00
Bytes Out     [total, mean]                     0, 0.00
Success       [ratio]                           100.00%
Status Codes  [code:count]                      200:382  
Error Set:
Requests      [total, rate, throughput]         392, 10.03, 10.02
Duration      [total, attack, wait]             39.122s, 39.101s, 21.417ms
Latencies     [min, mean, 50, 90, 95, 99, max]  20.853ms, 21.413ms, 21.425ms, 21.707ms, 21.781ms, 22.029ms, 23.119ms
Bytes In      [total, mean]                     784, 2.00
Bytes Out     [total, mean]                     0, 0.00
Success       [ratio]                           100.00%
Status Codes  [code:count]                      200:392  
Error Set:
Requests      [total, rate, throughput]         402, 10.02, 10.02
Duration      [total, attack, wait]             40.121s, 40.1s, 21.304ms
Latencies     [min, mean, 50, 90, 95, 99, max]  20.853ms, 21.413ms, 21.425ms, 21.703ms, 21.779ms, 22.028ms, 23.119ms
Bytes In      [total, mean]                     804, 2.00
Bytes Out     [total, mean]                     0, 0.00
Success       [ratio]                           100.00%
Status Codes  [code:count]                      200:402  
Error Set:
Requests      [total, rate, throughput]         412, 10.02, 10.02
Duration      [total, attack, wait]             41.121s, 41.1s, 21.239ms
Latencies     [min, mean, 50, 90, 95, 99, max]  20.853ms, 21.418ms, 21.43ms, 21.712ms, 21.78ms, 22.027ms, 23.119ms
Bytes In      [total, mean]                     824, 2.00
Bytes Out     [total, mean]                     0, 0.00
Success       [ratio]                           100.00%
Status Codes  [code:count]                      200:412  
Error Set:
Requests      [total, rate, throughput]         422, 10.02, 10.02
Duration      [total, attack, wait]             42.122s, 42.101s, 21.444ms
Latencies     [min, mean, 50, 90, 95, 99, max]  20.853ms, 21.414ms, 21.43ms, 21.71ms, 21.779ms, 22.026ms, 23.119ms
Bytes In      [total, mean]                     844, 2.00
Bytes Out     [total, mean]                     0, 0.00
Success       [ratio]                           100.00%
Status Codes  [code:count]                      200:422  
Error Set:
Requests      [total, rate, throughput]         432, 10.02, 10.02
Duration      [total, attack, wait]             43.122s, 43.101s, 21.018ms
Latencies     [min, mean, 50, 90, 95, 99, max]  20.853ms, 21.412ms, 21.43ms, 21.707ms, 21.777ms, 22.025ms, 23.119ms
Bytes In      [total, mean]                     864, 2.00
Bytes Out     [total, mean]                     0, 0.00
Success       [ratio]                           100.00%
Status Codes  [code:count]                      200:432  
Error Set:
Requests      [total, rate, throughput]         442, 10.02, 10.02
Duration      [total, attack, wait]             44.122s, 44.101s, 21.363ms
Latencies     [min, mean, 50, 90, 95, 99, max]  20.853ms, 21.413ms, 21.43ms, 21.707ms, 21.775ms, 22.024ms, 23.119ms
Bytes In      [total, mean]                     884, 2.00
Bytes Out     [total, mean]                     0, 0.00
Success       [ratio]                           100.00%
Status Codes  [code:count]                      200:442  
Error Set:
Requests      [total, rate, throughput]         452, 10.02, 10.02
Duration      [total, attack, wait]             45.121s, 45.1s, 21.285ms
Latencies     [min, mean, 50, 90, 95, 99, max]  20.853ms, 21.413ms, 21.431ms, 21.708ms, 21.773ms, 22.024ms, 23.119ms
Bytes In      [total, mean]                     904, 2.00
Bytes Out     [total, mean]                     0, 0.00
Success       [ratio]                           100.00%
Status Codes  [code:count]                      200:452  
Error Set:
Requests      [total, rate, throughput]         462, 10.02, 10.02
Duration      [total, attack, wait]             46.122s, 46.1s, 21.774ms
Latencies     [min, mean, 50, 90, 95, 99, max]  20.853ms, 21.417ms, 21.432ms, 21.71ms, 21.776ms, 22.032ms, 23.119ms
Bytes In      [total, mean]                     924, 2.00
Bytes Out     [total, mean]                     0, 0.00
Success       [ratio]                           100.00%
Status Codes  [code:count]                      200:462  
Error Set:
Requests      [total, rate, throughput]         472, 10.02, 10.02
Duration      [total, attack, wait]             47.121s, 47.1s, 21.666ms
Latencies     [min, mean, 50, 90, 95, 99, max]  20.853ms, 21.416ms, 21.431ms, 21.708ms, 21.776ms, 22.031ms, 23.119ms
Bytes In      [total, mean]                     944, 2.00
Bytes Out     [total, mean]                     0, 0.00
Success       [ratio]                           100.00%
Status Codes  [code:count]                      200:472  
Error Set:
Requests      [total, rate, throughput]         482, 10.02, 10.02
Duration      [total, attack, wait]             48.121s, 48.1s, 21.594ms
Latencies     [min, mean, 50, 90, 95, 99, max]  20.853ms, 21.417ms, 21.432ms, 21.71ms, 21.775ms, 22.03ms, 23.119ms
Bytes In      [total, mean]                     964, 2.00
Bytes Out     [total, mean]                     0, 0.00
Success       [ratio]                           100.00%
Status Codes  [code:count]                      200:482  
Error Set:
Requests      [total, rate, throughput]         492, 10.02, 10.02
Duration      [total, attack, wait]             49.122s, 49.101s, 21.61ms
Latencies     [min, mean, 50, 90, 95, 99, max]  20.853ms, 21.418ms, 21.434ms, 21.708ms, 21.774ms, 22.029ms, 23.119ms
Bytes In      [total, mean]                     984, 2.00
Bytes Out     [total, mean]                     0, 0.00
Success       [ratio]                           100.00%
Status Codes  [code:count]                      200:492  
Error Set:
Requests      [total, rate, throughput]         502, 10.02, 10.02
Duration      [total, attack, wait]             50.121s, 50.1s, 21.434ms
Latencies     [min, mean, 50, 90, 95, 99, max]  20.853ms, 21.418ms, 21.433ms, 21.708ms, 21.775ms, 22.028ms, 23.119ms
Bytes In      [total, mean]                     1004, 2.00
Bytes Out     [total, mean]                     0, 0.00
Success       [ratio]                           100.00%
Status Codes  [code:count]                      200:502  
Error Set:
Requests      [total, rate, throughput]         512, 10.02, 10.02
Duration      [total, attack, wait]             51.122s, 51.101s, 21.217ms
Latencies     [min, mean, 50, 90, 95, 99, max]  20.853ms, 21.416ms, 21.433ms, 21.706ms, 21.774ms, 22.027ms, 23.119ms
Bytes In      [total, mean]                     1024, 2.00
Bytes Out     [total, mean]                     0, 0.00
Success       [ratio]                           100.00%
Status Codes  [code:count]                      200:512  
Error Set:
Requests      [total, rate, throughput]         522, 10.02, 10.02
Duration      [total, attack, wait]             52.121s, 52.1s, 21.684ms
Latencies     [min, mean, 50, 90, 95, 99, max]  20.853ms, 21.419ms, 21.434ms, 21.708ms, 21.775ms, 22.026ms, 23.119ms
Bytes In      [total, mean]                     1044, 2.00
Bytes Out     [total, mean]                     0, 0.00
Success       [ratio]                           100.00%
Status Codes  [code:count]                      200:522  
Error Set:
Requests      [total, rate, throughput]         532, 10.02, 10.01
Duration      [total, attack, wait]             53.121s, 53.1s, 21.259ms
Latencies     [min, mean, 50, 90, 95, 99, max]  20.853ms, 21.416ms, 21.433ms, 21.706ms, 21.774ms, 22.025ms, 23.119ms
Bytes In      [total, mean]                     1064, 2.00
Bytes Out     [total, mean]                     0, 0.00
Success       [ratio]                           100.00%
Status Codes  [code:count]                      200:532  
Error Set:
Requests      [total, rate, throughput]         542, 10.02, 10.01
Duration      [total, attack, wait]             54.121s, 54.1s, 21.459ms
Latencies     [min, mean, 50, 90, 95, 99, max]  20.853ms, 21.416ms, 21.434ms, 21.706ms, 21.772ms, 22.024ms, 23.119ms
Bytes In      [total, mean]                     1084, 2.00
Bytes Out     [total, mean]                     0, 0.00
Success       [ratio]                           100.00%
Status Codes  [code:count]                      200:542  
Error Set:
Requests      [total, rate, throughput]         552, 10.02, 10.01
Duration      [total, attack, wait]             55.122s, 55.1s, 21.265ms
Latencies     [min, mean, 50, 90, 95, 99, max]  20.853ms, 21.416ms, 21.433ms, 21.705ms, 21.77ms, 22.024ms, 23.119ms
Bytes In      [total, mean]                     1104, 2.00
Bytes Out     [total, mean]                     0, 0.00
Success       [ratio]                           100.00%
Status Codes  [code:count]                      200:552  
Error Set:
Requests      [total, rate, throughput]         562, 10.02, 10.01
Duration      [total, attack, wait]             56.121s, 56.1s, 20.971ms
Latencies     [min, mean, 50, 90, 95, 99, max]  20.853ms, 21.419ms, 21.434ms, 21.707ms, 21.775ms, 22.023ms, 23.119ms
Bytes In      [total, mean]                     1124, 2.00
Bytes Out     [total, mean]                     0, 0.00
Success       [ratio]                           100.00%
Status Codes  [code:count]                      200:562  
Error Set:
Requests      [total, rate, throughput]         572, 10.02, 10.01
Duration      [total, attack, wait]             57.122s, 57.1s, 21.397ms
Latencies     [min, mean, 50, 90, 95, 99, max]  20.853ms, 21.42ms, 21.434ms, 21.709ms, 21.772ms, 22.022ms, 23.119ms
Bytes In      [total, mean]                     1144, 2.00
Bytes Out     [total, mean]                     0, 0.00
Success       [ratio]                           100.00%
Status Codes  [code:count]                      200:572  
Error Set:
Requests      [total, rate, throughput]         582, 10.02, 10.01
Duration      [total, attack, wait]             58.121s, 58.1s, 21.393ms
Latencies     [min, mean, 50, 90, 95, 99, max]  20.853ms, 21.42ms, 21.434ms, 21.71ms, 21.776ms, 22.021ms, 23.119ms
Bytes In      [total, mean]                     1164, 2.00
Bytes Out     [total, mean]                     0, 0.00
Success       [ratio]                           100.00%
Status Codes  [code:count]                      200:582  
Error Set:
Requests      [total, rate, throughput]         592, 10.02, 10.01
Duration      [total, attack, wait]             59.121s, 59.1s, 21.431ms
Latencies     [min, mean, 50, 90, 95, 99, max]  20.853ms, 21.419ms, 21.432ms, 21.71ms, 21.777ms, 22.02ms, 23.119ms
Bytes In      [total, mean]                     1184, 2.00
Bytes Out     [total, mean]                     0, 0.00
Success       [ratio]                           100.00%
Status Codes  [code:count]                      200:592  
Error Set:
Requests      [total, rate, throughput]         600, 10.02, 10.01
Duration      [total, attack, wait]             59.922s, 59.9s, 21.501ms
Latencies     [min, mean, 50, 90, 95, 99, max]  20.853ms, 21.42ms, 21.433ms, 21.711ms, 21.776ms, 22.019ms, 23.119ms
Bytes In      [total, mean]                     1200, 2.00
Bytes Out     [total, mean]                     0, 0.00
Success       [ratio]                           100.00%
Status Codes  [code:count]                      200:600  
Error Set:
