3.001092 3125.000000 9348 3114.866533 99.675729
3.000190 3125.000000 9506 3168.465738 101.390904
3.000045 3125.000000 9232 3077.287054 98.473186
3.001329 3125.000000 9281 3092.296788 98.953497
3.000042 3125.000000 9338 3112.623043 99.603937
3.000117 3125.000000 9563 3187.542430 102.001358
3.002517 3125.000000 9328 3106.726526 99.415249
3.000570 3125.000000 9157 3051.753680 97.656118
3.000203 3125.000000 9462 3153.786871 100.921180
3.000289 3125.000000 9324 3107.700807 99.446426
3.000147 3125.000000 9113 3037.517965 97.200575
3.000914 3125.000000 9344 3113.717739 99.638968
3.000381 3125.000000 9416 3138.267945 100.424574
3.000511 3125.000000 9564 3187.456599 101.998611
3.000099 3125.000000 9440 3146.562682 100.690006
3.000000 3125.000000 9356 3118.666335 99.797323
3.000617 3125.000000 9204 3067.369505 98.155824
3.001370 3125.000000 9239 3078.260689 98.504342
3.000061 3125.000000 9353 3117.603463 99.763311
3.000068 3125.000000 9352 3117.263131 99.752420
3.000040 3125.000000 9454 3151.291726 100.841335
3.003480 3125.000000 9232 3073.767743 98.360568
3.001036 3125.000000 9247 3081.268872 98.600604
3.000281 3125.000000 9304 3101.043221 99.233383
3.000797 3125.000000 9284 3093.844798 99.003034
3.000428 3125.000000 9350 3116.222159 99.719109
3.000264 3125.000000 9467 3155.388663 100.972437
3.000346 3125.000000 9588 3195.631557 102.260210
3.000241 3125.000000 9485 3161.412368 101.165196
3.000276 3125.000000 9344 3114.380402 99.660173
3.000987 3125.000000 9306 3100.980193 99.231366
3.000976 3125.000000 9447 3147.975339 100.735211
6.001365 3125.000000 9491 3162.299038 101.193569
6.000398 3125.000000 9386 3128.293412 100.105389
6.000522 3125.000000 9311 3103.127422 99.300078
6.000101 3125.000000 9434 3144.665020 100.629281
6.000283 3125.000000 9565 3188.076835 102.018459
6.001151 3125.000000 9462 3153.094338 100.899019
6.000440 3125.000000 9217 3072.077181 98.306470
6.000182 3125.000000 9448 3149.189899 100.774077
6.000280 3125.000000 9284 3094.587371 99.026796
6.000337 3125.000000 9413 3137.436000 100.397952
6.000932 3125.000000 9351 3116.427291 99.725673
6.001233 3125.000000 9451 3149.998423 100.799950
6.000431 3125.000000 9461 3153.368170 100.907781
6.000375 3125.000000 9447 3148.901210 100.764839
6.001111 3125.000000 9395 3131.040989 100.193312
6.000689 3125.000000 9197 3065.592534 98.098961
6.000095 3125.000000 9334 3111.297632 99.561524
6.001415 3125.000000 9333 3110.954008 99.550528
6.000784 3125.000000 9286 3095.112400 99.043597
6.001267 3125.000000 9230 3076.486678 98.447574
6.000306 3125.000000 9559 3186.288766 101.961241
6.000697 3125.000000 9626 3208.378390 102.668108
6.000435 3125.000000 9324 3107.798983 99.449567
6.001468 3125.000000 9544 3181.186059 101.797954
6.001508 3125.000000 9286 3094.846948 99.035102
6.000475 3125.000000 9415 3138.124678 100.419990
6.000353 3125.000000 9409 3136.325971 100.362431
6.001694 3125.000000 9459 3152.057516 100.865841
6.002740 3125.000000 9387 3128.767248 100.120552
6.003561 3125.000000 9199 3066.250233 98.120007
6.001094 3125.000000 9248 3082.556109 98.641795
6.001449 3125.000000 9423 3140.505164 100.496165
9.000335 3125.000000 9534 3177.941147 101.694117
9.000211 3125.000000 9521 3173.550168 101.553605
9.000322 3125.000000 9325 3108.292846 99.465371
9.001179 3125.000000 9310 3103.262548 99.304402
9.000678 3125.000000 9461 3153.145241 100.900648
9.000557 3125.000000 9404 3134.629368 100.308140
9.000493 3125.000000 9216 3071.879323 98.300138
9.000529 3125.000000 9130 3043.199903 97.382397
9.000698 3125.000000 9493 3164.323521 101.258353
9.000544 3125.000000 9261 3086.892939 98.780574
9.000572 3125.000000 9217 3072.093041 98.306977
9.000466 3125.000000 9356 3118.630638 99.796180
9.000316 3125.000000 9502 3167.323525 101.354353
9.000220 3125.000000 9409 3136.202393 100.358477
9.002307 3125.000000 9333 3109.922033 99.517505
9.001464 3125.000000 9203 3067.123489 98.147952
9.001175 3125.000000 9429 3142.589925 100.562878
9.001470 3125.000000 9504 3167.941123 101.374116
9.001335 3125.000000 9475 3158.226557 101.063250
9.001018 3125.000000 9317 3105.335247 99.370728
9.000591 3125.000000 9259 3086.088660 98.754837
9.000574 3125.000000 9256 3085.190773 98.726105
9.001367 3125.000000 9509 3169.664516 101.429265
9.001281 3125.000000 9298 3099.198844 99.174363
9.000917 3125.000000 9250 3082.879537 98.652145
9.001760 3125.000000 9490 3163.024827 101.216794
9.002005 3125.000000 9271 3089.821528 98.874289
9.001965 3125.000000 9257 3085.387769 98.732409
9.002755 3125.000000 9452 3150.651061 100.820834
9.004433 3125.000000 9335 3110.763169 99.544421
9.001215 3125.000000 9196 3065.210149 98.086725
9.002879 3125.000000 9370 3121.845674 99.899062
12.001040 3125.000000 9197 3065.159835 98.085115
12.000377 3125.000000 9340 3113.276308 99.624842
12.001246 3125.000000 9361 3119.764231 99.832455
12.000653 3125.000000 9427 3142.233476 100.551471
12.000985 3125.000000 9428 3141.855737 100.539384
12.000355 3125.000000 9547 3182.312632 101.834004
12.001202 3125.000000 9359 3119.638744 99.828440
12.000529 3125.000000 9314 3104.600833 99.347227
12.000800 3125.000000 9290 3096.431107 99.085795
12.000425 3125.000000 9536 3178.450428 101.710414
12.001013 3125.000000 9218 3072.133503 98.308272
12.003068 3125.000000 9490 3160.815157 101.146085
12.000645 3125.000000 9463 3154.211925 100.934782
12.001112 3125.000000 9306 3101.461658 99.246773
12.001313 3125.000000 9540 3179.965900 101.758909
12.001721 3125.000000 9328 3107.877118 99.452068
12.001609 3125.000000 9313 3104.189371 99.334060
12.001750 3125.000000 9386 3128.368053 100.107778
12.001232 3125.000000 9439 3146.277804 100.680890
12.001615 3125.000000 9461 3153.371633 100.907892
12.001424 3125.000000 9460 3153.273170 100.904741
12.002355 3125.000000 9259 3084.501947 98.704062
12.001820 3125.000000 9329 3108.834806 99.482714
12.001954 3125.000000 9609 3202.793438 102.489390
12.003099 3125.000000 9418 3138.189221 100.422055
12.000935 3125.000000 9330 3109.981404 99.519405
12.003813 3125.000000 9405 3133.427580 100.269683
12.002338 3125.000000 9256 3084.949921 98.718397
12.002890 3125.000000 9262 3087.194809 98.790234
12.001494 3125.000000 9461 3153.373255 100.907944
12.004582 3125.000000 9514 3171.175461 101.477615
12.002913 3125.000000 9571 3190.297062 102.089506
15.001663 3125.000000 9328 3108.439946 99.470078
15.000676 3125.000000 9264 3087.975698 98.815222
15.000807 3125.000000 9180 3059.538323 97.905226
15.001677 3125.000000 9539 3179.594994 101.747040
15.003027 3125.000000 9475 3156.184993 100.997920
15.000484 3125.000000 9324 3107.889858 99.452475
15.000953 3125.000000 9361 3120.012535 99.840401
15.001156 3125.000000 9262 3087.214158 98.790853
15.001825 3125.000000 9292 3096.919778 99.101433
15.000565 3125.000000 9344 3114.628970 99.668127
15.000996 3125.000000 9415 3137.735285 100.407529
15.001259 3125.000000 9532 3177.073415 101.666349
15.001405 3125.000000 9522 3173.817566 101.562162
15.001621 3125.000000 9337 3112.013331 99.584427
15.001359 3125.000000 9332 3110.549735 99.537592
15.001912 3125.000000 9378 3125.690408 100.022093
15.001805 3125.000000 9459 3152.942654 100.894165
15.001289 3125.000000 9474 3157.908718 101.053079
15.002463 3125.000000 9536 3178.127713 101.700087
15.001730 3125.000000 9448 3149.324435 100.778382
15.002314 3125.000000 9532 3176.060018 101.633921
15.001033 3125.000000 9323 3107.565363 99.442092
15.001937 3125.000000 9599 3199.542509 102.385360
15.003372 3125.000000 9525 3174.677746 101.589688
15.003184 3125.000000 9227 3075.364805 98.411674
15.002448 3125.000000 9296 3098.570344 99.154251
15.002472 3125.000000 9510 3169.858561 101.435474
15.003141 3125.000000 9334 3111.289347 99.561259
15.003927 3125.000000 9538 3179.212026 101.734785
15.001903 3125.000000 9328 3108.909527 99.485105
15.004583 3125.000000 9402 3133.998558 100.287954
15.003097 3125.000000 9262 3087.143944 98.788606
18.000675 3125.000000 9457 3152.132327 100.868234
18.001030 3125.000000 9232 3077.105311 98.467370
18.000719 3125.000000 9329 3109.622506 99.507920
18.001797 3125.000000 9679 3225.009244 103.200296
18.002965 3125.000000 9405 3133.654619 100.276948
18.001264 3125.000000 9595 3198.001406 102.336045
18.001331 3125.000000 9353 3117.485450 99.759534
18.001198 3125.000000 9116 3038.462939 97.230814
18.001704 3125.000000 9400 3133.020627 100.256660
18.001689 3125.000000 9382 3126.988598 100.063635
18.001985 3125.000000 9379 3125.607860 100.019452
18.001690 3125.000000 9366 3121.928330 99.901707
18.001516 3125.000000 9343 3114.066564 99.650130
18.002542 3125.000000 9334 3110.422005 99.533504
18.002582 3125.000000 9462 3153.296671 100.905493
18.002000 3125.000000 9438 3145.815873 100.666108
18.003238 3125.000000 9241 3078.862705 98.523607
18.002790 3125.000000 9504 3167.099507 101.347184
18.002175 3125.000000 9450 3149.532325 100.785034
18.002556 3125.000000 9555 3184.901397 101.916845
18.004358 3125.000000 9340 3112.885627 99.612340
18.001035 3125.000000 9612 3203.996868 102.527900
18.003035 3125.000000 9350 3116.658842 99.733083
18.002502 3125.000000 9436 3145.301970 100.649663
18.002322 3125.000000 9434 3144.658433 100.629070
18.003367 3125.000000 9274 3091.145662 98.916661
18.003616 3125.000000 9379 3126.079060 100.034530
18.003455 3125.000000 9416 3138.337777 100.426809
18.002462 3125.000000 9251 3083.653137 98.676900
18.005055 3125.000000 9520 3172.834107 101.530691
18.002086 3125.000000 9627 3208.803891 102.681725
18.005563 3125.000000 9281 3091.125778 98.916025
21.002071 3125.000000 9382 3126.561823 100.049978
21.000837 3125.000000 9375 3124.831717 99.994615
21.001405 3125.000000 9348 3115.287377 99.689196
21.001415 3125.000000 9613 3203.921636 102.525492
21.001623 3125.000000 9397 3131.959443 100.222702
21.002050 3125.000000 9203 3067.298328 98.153546
21.003852 3125.000000 9457 3150.078168 100.802501
21.001276 3125.000000 9704 3234.581750 103.506616
21.001503 3125.000000 9381 3126.512783 100.048409
21.002396 3125.000000 9461 3152.923999 100.893568
21.002339 3125.000000 9394 3130.979561 100.191346
21.002130 3125.000000 9450 3149.847607 100.795123
21.001542 3125.000000 9215 3071.639381 98.292460
21.002261 3125.000000 9607 3201.838570 102.458834
21.002642 3125.000000 9325 3108.244102 99.463811
21.002815 3125.000000 9503 3167.419758 101.357432
21.003543 3125.000000 9369 3121.957776 99.902649
21.003057 3125.000000 9364 3121.238164 99.879621
21.002284 3125.000000 9425 3141.552773 100.529689
21.003051 3125.000000 9286 3095.316432 99.050126
21.003310 3125.000000 9403 3134.257979 100.296255
21.002813 3125.000000 9479 3159.642699 101.108566
21.002516 3125.000000 9181 3060.278140 97.928900
21.002733 3125.000000 9114 3037.584178 97.202694
21.005192 3125.000000 9345 3113.365361 99.627692
21.002517 3125.000000 9253 3084.317395 98.698157
21.003539 3125.000000 9242 3080.489589 98.575667
21.004819 3125.000000 9337 3111.855401 99.579373
21.003456 3125.000000 9514 3171.332890 101.482652
21.002239 3125.000000 9126 3041.845034 97.339041
21.005380 3125.000000 9419 3139.327001 100.458464
21.006186 3125.000000 9393 3130.349986 100.171200
24.000852 3125.000000 9116 3038.650695 97.236822
24.001716 3125.000000 9453 3150.684487 100.821904
24.002163 3125.000000 9219 3072.905605 98.332979
24.002019 3125.000000 9322 3106.922865 99.421532
24.001430 3125.000000 9447 3148.973495 100.767152
24.002146 3125.000000 9583 3193.690311 102.198090
24.002106 3125.000000 9502 3167.274559 101.352786
24.001366 3125.000000 9267 3088.908085 98.845059
24.002223 3125.000000 9293 3097.571143 99.122277
24.001577 3125.000000 9422 3140.589376 100.498860
24.002506 3125.000000 9376 3125.159897 100.005117
24.002713 3125.000000 9229 3076.008509 98.432272
24.003068 3125.000000 9528 3175.145097 101.604643
24.002689 3125.000000 9267 3088.951396 98.846445
24.003933 3125.000000 9413 3136.497930 100.367934
24.002524 3125.000000 9278 3092.418853 98.957403
24.003106 3125.000000 9307 3102.282210 99.273031
24.004210 3125.000000 9502 3165.545831 101.297467
24.002591 3125.000000 9494 3164.589313 101.266858
24.003139 3125.000000 9353 3117.575087 99.762403
24.003506 3125.000000 9372 3123.795972 99.961471
24.003901 3125.000000 9226 3074.961999 98.398784
24.003748 3125.000000 9211 3069.375921 98.220029
24.002819 3125.000000 9312 3103.910772 99.325145
24.003606 3125.000000 9353 3117.510059 99.760322
24.003763 3125.000000 9349 3116.104658 99.715349
24.004311 3125.000000 9432 3143.518812 100.592602
24.004846 3125.000000 9287 3095.639181 99.060454
24.005897 3125.000000 9431 3143.125413 100.580013
24.002243 3125.000000 9626 3208.662654 102.677205
24.005538 3125.000000 9391 3129.971981 100.159103
24.006192 3125.000000 9497 3165.660504 101.301136
27.002043 3125.000000 9482 3159.412562 101.101202
27.002312 3125.000000 9475 3158.176221 101.061639
27.001657 3125.000000 9300 3099.765766 99.192505
27.002016 3125.000000 9319 3106.022584 99.392723
27.003134 3125.000000 9562 3186.998775 101.983961
27.001655 3125.000000 9245 3081.369524 98.603825
27.002427 3125.000000 9553 3183.900693 101.884822
27.002375 3125.000000 9452 3150.384524 100.812305
27.002565 3125.000000 9396 3131.938186 100.222022
27.003305 3125.000000 9397 3131.715486 100.214896
27.002836 3125.000000 9217 3071.705303 98.294570
27.002292 3125.000000 9289 3096.183252 99.077864
27.005450 3125.000000 9137 3043.250424 97.384014
27.003325 3125.000000 9422 3140.000380 100.480012
27.003117 3125.000000 9198 3065.989172 98.111654
27.003299 3125.000000 9291 3096.834635 99.098708
27.002743 3125.000000 9543 3180.838607 101.786835
27.002644 3125.000000 9244 3081.210586 98.598739
27.001887 3125.000000 9289 3096.013099 99.072419
27.003646 3125.000000 9345 3114.854681 99.675350
27.004186 3125.000000 9398 3132.061409 100.225965
27.003762 3125.000000 9371 3123.652507 99.956880
27.004385 3125.000000 9384 3127.529235 100.080936
27.003928 3125.000000 9289 3096.163461 99.077231
27.005152 3125.000000 9496 3164.338967 101.258847
27.004125 3125.000000 9468 3155.764122 100.984452
27.004376 3125.000000 9303 3100.932912 99.229853
27.006127 3125.000000 9315 3104.390511 99.340496
27.004933 3125.000000 9247 3082.244209 98.631815
27.002709 3125.000000 9440 3146.178136 100.677700
27.005970 3125.000000 9382 3127.257317 100.072234
27.006415 3125.000000 9400 3133.100325 100.259210
#type       avg     std     min     5th    10th    90th    95th    99th
read      369.2   142.4    49.8   181.7   215.4   537.7   592.8   713.6
update    372.7   144.6    54.8   183.0   217.1   543.5   602.6   734.5
op_q        2.3     1.3     1.0     1.0     1.0     4.0     4.7     6.0

Total QPS = 199975.4 (5999264 / 30.0s)

Misses = 0 (0.0%)
Skipped TXs = 0 (0.0%)

RX 1037107504 bytes :   33.0 MB/s
TX  664813535 bytes :   21.1 MB/s
