3.000198 5000.000000 14738 4912.342618 157.194964
3.000014 5000.000000 14953 4984.310051 159.497922
3.000266 5000.000000 15039 5012.554809 160.401754
3.000005 5000.000000 15058 5019.325487 160.618416
3.000462 5000.000000 15026 5007.895376 160.252652
3.000020 5000.000000 15003 5000.966600 160.030931
3.001535 5000.000000 14846 4946.136604 158.276371
3.000438 5000.000000 15111 5036.265074 161.160482
3.000219 5000.000000 15130 5042.965325 161.374890
3.000205 5000.000000 14788 4928.996644 157.727893
3.000062 5000.000000 14649 4882.898721 156.252759
3.000005 5000.000000 14936 4978.658837 159.317083
3.000269 5000.000000 15139 5045.881592 161.468211
3.000523 5000.000000 14982 4993.129854 159.780155
3.000075 5000.000000 15110 5036.540386 161.169292
3.000283 5000.000000 14762 4920.202129 157.446468
3.000233 5000.000000 15068 5022.276679 160.712854
3.000059 5000.000000 15168 5055.900510 161.788816
3.000110 5000.000000 15066 5021.815596 160.698099
3.000462 5000.000000 15290 5095.881236 163.068200
3.000385 5000.000000 14767 4921.701893 157.494461
3.000232 5000.000000 15046 5014.945169 160.478245
3.000114 5000.000000 15179 5059.474852 161.903195
3.000003 5000.000000 14962 4987.328076 159.594498
3.000323 5000.000000 14818 4938.801132 158.041636
3.000508 5000.000000 14914 4970.491728 159.055735
3.000039 5000.000000 14620 4873.270129 155.944644
3.000173 5000.000000 15248 5082.374080 162.635971
3.000053 5000.000000 14944 4981.245690 159.399862
3.000001 5000.000000 14826 4941.998639 158.143956
3.000021 5000.000000 15011 5003.632085 160.116227
3.000161 5000.000000 15009 5002.732286 160.087433
6.001963 5000.000000 14964 4984.761505 159.512368
6.000460 5000.000000 14876 4957.913863 158.653244
6.000333 5000.000000 15012 5003.509317 160.112298
6.000029 5000.000000 15193 5064.318841 162.058203
6.000218 5000.000000 14763 4920.766402 157.464525
6.000178 5000.000000 14925 4974.808271 159.193865
6.000320 5000.000000 14879 4959.319510 158.698224
6.003128 5000.000000 14958 4981.445297 159.406250
6.000285 5000.000000 15262 5087.221930 162.791102
6.000135 5000.000000 14813 4937.451761 157.998456
6.000226 5000.000000 15020 5006.631842 160.212219
6.000689 5000.000000 15093 5030.175863 160.965628
6.000421 5000.000000 14975 4991.353082 159.723299
6.000540 5000.000000 15238 5079.161109 162.533155
6.000479 5000.000000 15039 5012.673295 160.405545
6.000650 5000.000000 14931 4976.009114 159.232292
6.000579 5000.000000 15128 5042.471058 161.359074
6.000294 5000.000000 15173 5057.362514 161.835600
6.000721 5000.000000 14823 4940.673078 158.101538
6.000348 5000.000000 15062 5020.090259 160.642888
6.000866 5000.000000 14916 4970.663741 159.061240
6.000952 5000.000000 15058 5018.281437 160.585006
6.000591 5000.000000 14897 4965.529891 158.896957
6.000412 5000.000000 14958 4985.701709 159.542455
6.000866 5000.000000 14666 4888.009215 156.416295
6.000359 5000.000000 15018 5005.848860 160.187164
6.000276 5000.000000 15292 5097.317463 163.114159
6.001475 5000.000000 15056 5016.488853 160.527643
6.000032 5000.000000 14866 4955.281139 158.568996
6.001543 5000.000000 14869 4956.319740 158.602232
6.000217 5000.000000 15010 5003.006527 160.096209
6.001116 5000.000000 14908 4967.751609 158.968052
9.000239 5000.000000 15004 5001.230555 160.039378
9.000073 5000.000000 14882 4960.593886 158.739004
9.000593 5000.000000 15025 5007.707312 160.246634
9.000477 5000.000000 15050 5016.470434 160.527054
9.000188 5000.000000 14854 4951.246321 158.439882
9.000319 5000.000000 14904 4967.943796 158.974201
9.001100 5000.000000 15113 5036.592576 161.170962
9.000437 5000.000000 15129 5042.644347 161.364619
9.000502 5000.000000 15181 5060.294693 161.929430
9.000626 5000.000000 15157 5051.988977 161.663647
9.000557 5000.000000 15157 5051.933775 161.661881
9.000512 5000.000000 15034 5011.058771 160.353881
9.000864 5000.000000 14964 4987.763493 159.608432
9.000314 5000.000000 15305 5101.633221 163.252263
9.001040 5000.000000 15148 5049.039896 161.569277
9.000553 5000.000000 14981 4993.643506 159.796592
9.000705 5000.000000 15066 5021.973620 160.703156
9.000285 5000.000000 15134 5044.651979 161.428863
9.000387 5000.000000 15081 5026.909729 160.861111
9.000949 5000.000000 15087 5028.099638 160.899188
9.000076 5000.000000 14899 4966.260702 158.920342
9.000919 5000.000000 14969 4989.100602 159.651219
9.000941 5000.000000 14931 4976.875445 159.260014
9.000960 5000.000000 14917 4971.721735 159.095096
9.000711 5000.000000 15008 5002.564842 160.082075
9.000980 5000.000000 14787 4928.953886 157.726524
9.001598 5000.000000 14828 4942.574934 158.162398
9.001702 5000.000000 15128 5042.285049 161.353122
9.000646 5000.000000 14965 4987.619984 159.603839
9.002413 5000.000000 15029 5008.916226 160.285319
9.003766 5000.000000 15118 5038.262190 161.224390
9.001257 5000.000000 14950 4983.099054 159.459170
12.000092 10000.000000 24936 8311.945977 265.982271
12.000894 10000.000000 25039 8345.385449 267.052334
12.000394 10000.000000 24915 8304.791262 265.753320
12.000675 10000.000000 24977 8324.665067 266.389282
12.000360 10000.000000 25128 8375.663392 268.021229
12.000518 10000.000000 24934 8311.289447 265.961262
12.000231 10000.000000 25060 8353.214198 267.302854
12.000635 10000.000000 24961 8320.308260 266.249864
12.000903 10000.000000 25222 8406.777880 269.016892
12.000543 10000.000000 25402 8467.034541 270.945105
12.001318 10000.000000 24932 8308.658163 265.877061
12.000282 10000.000000 24956 8318.096242 266.179080
12.000942 10000.000000 25049 8349.663387 267.189228
12.000943 10000.000000 25200 8398.921365 268.765484
12.000511 10000.000000 25058 8352.572008 267.282304
12.000303 10000.000000 25090 8363.283199 267.625062
12.000416 10000.000000 24733 8244.254299 263.816138
12.001128 10000.000000 24847 8282.255471 265.032175
12.001200 10000.000000 25181 8392.994624 268.575828
12.001014 10000.000000 25084 8361.067803 267.554170
12.000715 10000.000000 24964 8320.771413 266.264685
12.001509 10000.000000 25402 8465.752869 270.904092
12.001191 10000.000000 25103 8366.752947 267.736094
12.001056 10000.000000 25087 8361.371658 267.563893
12.001716 10000.000000 25159 8386.005086 268.352163
12.001041 10000.000000 24843 8280.998255 264.991944
12.001025 10000.000000 24877 8292.210489 265.350736
12.002029 10000.000000 25213 8403.418700 268.909398
12.000666 10000.000000 24713 8237.612308 263.603594
12.002422 10000.000000 25063 8354.305940 267.337790
12.003838 10000.000000 25168 8389.132524 268.452241
12.001358 10000.000000 24956 8318.386170 266.188357
15.000119 10000.000000 29845 9948.244639 318.343828
15.000890 10000.000000 30059 10018.010707 320.576343
15.000329 10000.000000 29723 9907.341845 317.034939
15.000379 10000.000000 29838 9945.937923 318.270014
15.000752 10000.000000 29878 9958.555518 318.673777
15.000548 10000.000000 30068 10022.542079 320.721347
15.000911 10000.000000 29735 9911.641515 317.172528
15.000751 10000.000000 29743 9913.646140 317.236676
15.000689 10000.000000 30001 10000.152154 320.004869
15.000886 10000.000000 30210 10069.291879 322.217340
15.001129 10000.000000 29923 9974.037962 319.169215
15.001198 10000.000000 29877 9957.990092 318.655683
15.001302 10000.000000 29887 9961.966980 318.782943
15.001649 10000.000000 29914 9970.233126 319.047460
15.001068 10000.000000 30170 10056.244814 321.799834
15.001059 10000.000000 29587 9862.186536 315.589969
15.001078 10000.000000 30058 10019.260328 320.616330
15.000945 10000.000000 29951 9983.657840 319.477051
15.001363 10000.000000 30148 10048.546505 321.553488
15.000715 10000.000000 30072 10023.997484 320.767919
15.000303 10000.000000 29718 9905.997466 316.991919
15.000521 10000.000000 30003 10000.204153 320.006533
15.000425 10000.000000 30005 10001.635820 320.052346
15.001070 10000.000000 30410 10136.511906 324.368381
15.001602 10000.000000 29565 9854.694284 315.350217
15.001735 10000.000000 29909 9969.602779 319.027289
15.002443 10000.000000 30007 10002.264503 320.072464
15.002150 10000.000000 30175 10057.928238 321.853704
15.001327 10000.000000 30236 10078.237878 322.503612
15.000701 10000.000000 30284 10094.548086 323.025539
15.003902 10000.000000 30338 10112.449736 323.598392
15.001384 10000.000000 30019 10006.245477 320.199855
18.000160 10000.000000 30269 10089.527724 322.864887
18.000333 10000.000000 29901 9966.985632 318.943540
18.000326 10000.000000 29867 9955.591212 318.578919
18.000573 10000.000000 30280 10092.681553 322.965810
18.000870 10000.000000 29502 9832.542972 314.641375
18.000976 10000.000000 29927 9975.450127 319.214404
18.000823 10000.000000 29954 9984.221286 319.495081
18.000649 10000.000000 30313 10103.992509 323.327760
18.001360 10000.000000 29906 9967.705968 318.966591
18.000825 10000.000000 30157 10052.087110 321.666788
18.001592 10000.000000 30120 10039.235239 321.255528
18.000945 10000.000000 29999 9999.482829 319.983451
18.001248 10000.000000 29882 9960.274463 318.728783
18.000787 10000.000000 30471 10156.756939 325.016222
18.001227 10000.000000 30244 10080.833891 322.586685
18.000898 10000.000000 30088 10028.843206 320.922983
18.001332 10000.000000 29770 9923.232839 317.543451
18.001064 10000.000000 30182 10060.267799 321.928570
18.001665 10000.000000 30674 10224.610991 327.187552
18.001101 10000.000000 30099 10032.888517 321.052433
18.001211 10000.000000 30049 10016.290239 320.521288
18.001075 10000.000000 30298 10099.278087 323.176899
18.000605 10000.000000 29692 9897.057103 316.705827
18.001179 10000.000000 30127 10041.350176 321.323206
18.001423 10000.000000 30199 10066.012903 322.112413
18.001755 10000.000000 29645 9881.602682 316.211286
18.001612 10000.000000 29961 9986.966942 319.582942
18.002448 10000.000000 30326 10108.648312 323.476746
18.002229 10000.000000 29792 9930.403889 317.772924
18.000737 10000.000000 30217 10072.212578 322.310803
18.003979 10000.000000 30082 10027.075964 320.866431
18.001494 10000.000000 30261 10086.629621 322.772148
21.000252 10000.000000 30081 10026.692740 320.854168
21.000596 10000.000000 29799 9932.922167 317.853509
21.000337 10000.000000 30263 10087.653465 322.804911
21.000735 10000.000000 30180 10059.711945 321.910782
21.001304 10000.000000 30106 10035.022355 321.120715
21.000921 10000.000000 30165 10054.678539 321.749713
21.001008 10000.000000 30272 10090.559845 322.897915
21.000436 10000.000000 30268 10088.964443 322.846862
21.001518 10000.000000 30171 10056.092932 321.794974
21.000864 10000.000000 30169 10056.197290 321.798313
21.000918 10000.000000 30006 10001.931469 320.061807
21.001103 10000.000000 30165 10054.993099 321.759779
21.001225 10000.000000 29866 9954.801749 318.553656
21.001119 10000.000000 29630 9876.522776 316.048729
21.000968 10000.000000 29940 9979.922447 319.357518
21.001231 10000.000000 30295 10098.159444 323.141102
21.001259 10000.000000 30098 10032.557810 321.041850
21.001129 10000.000000 29763 9920.143613 317.444596
21.001710 10000.000000 30049 10016.183845 320.517883
21.001795 10000.000000 29918 9972.531396 319.121005
21.001684 10000.000000 29723 9907.359948 317.035518
21.000893 10000.000000 29712 9903.649726 316.916791
21.001470 10000.000000 29366 9788.216800 313.222938
21.000688 10000.000000 30024 10007.720716 320.247063
21.001626 10000.000000 30247 10082.286316 322.633162
21.001370 10000.000000 30283 10094.298399 323.017549
21.001502 10000.000000 29829 9942.737728 318.167607
21.002238 10000.000000 29880 9959.970637 318.719060
21.002449 10000.000000 30094 10031.332282 321.002633
21.000761 10000.000000 29889 9962.919225 318.813415
21.004262 10000.000000 29834 9943.729548 318.199346
21.001616 10000.000000 29928 9975.594137 319.219012
24.000635 10000.000000 29959 9986.204768 319.558553
24.000332 10000.000000 30288 10095.732846 323.063451
24.000493 10000.000000 30213 10070.806270 322.265801
24.001119 10000.000000 30042 10013.149230 320.420775
24.001124 10000.000000 29694 9897.617048 316.723746
24.000393 10000.000000 29886 9961.815333 318.778091
24.000794 10000.000000 29807 9935.470079 317.935043
24.001050 10000.000000 30056 10018.227903 320.583293
24.000938 10000.000000 30023 10007.609345 320.243499
24.000972 10000.000000 30197 10065.655810 322.100986
24.001441 10000.000000 29810 9935.951257 317.950440
24.001216 10000.000000 29912 9970.290782 319.049305
24.001339 10000.000000 29826 9941.885600 318.140339
24.001810 10000.000000 30066 10021.665981 320.693311
24.001551 10000.000000 30070 10023.063012 320.738016
24.001240 10000.000000 29621 9873.638900 315.956445
24.001864 10000.000000 30124 10041.102599 321.315283
24.001657 10000.000000 30066 10021.536580 320.689171
24.001152 10000.000000 29932 9977.225316 319.271210
24.000957 10000.000000 29766 9921.790418 317.497293
24.001692 10000.000000 29909 9969.641002 319.028512
24.001175 10000.000000 29865 9954.844939 318.555038
24.001278 10000.000000 30165 10054.935932 321.757950
24.001697 10000.000000 29993 9997.018782 319.904601
24.001762 10000.000000 30162 10052.685054 321.685922
24.000784 10000.000000 30282 10093.677196 322.997670
24.001732 10000.000000 30209 10069.310946 322.217950
24.002484 10000.000000 29790 9929.883877 317.756284
24.000940 10000.000000 30143 10047.066491 321.506128
24.002312 10000.000000 29776 9925.089177 317.602854
24.004483 10000.000000 29931 9976.262077 319.240386
24.001854 10000.000000 30182 10059.869284 321.915817
27.000342 10000.000000 29755 9918.299912 317.385597
27.000402 10000.000000 29763 9920.969606 317.471027
27.001143 10000.000000 30079 10025.761647 320.824373
27.002035 10000.000000 30012 10002.016462 320.064527
27.000676 10000.000000 29563 9853.732752 315.319448
27.000653 10000.000000 29998 9999.273198 319.976742
27.001168 10000.000000 30041 10013.502715 320.432087
27.001233 10000.000000 30249 10082.634113 322.644292
27.000947 10000.000000 29691 9896.972357 316.703115
27.001835 10000.000000 30392 10128.015468 324.096495
27.001166 10000.000000 29823 9940.954140 318.110532
27.001562 10000.000000 30467 10154.911128 324.957156
27.000891 10000.000000 29958 9985.677109 319.541667
27.001262 10000.000000 29919 9972.849052 319.131170
27.001801 10000.000000 30035 10011.302116 320.361668
27.001260 10000.000000 30103 10034.264563 321.096466
27.001357 10000.000000 30206 10068.404089 322.188931
27.001754 10000.000000 30207 10068.924370 322.205580
27.001881 10000.000000 30157 10052.276663 321.672853
27.002032 10000.000000 29894 9963.930997 318.845792
27.001231 10000.000000 30090 10029.813854 320.954043
27.001666 10000.000000 30004 10001.302549 320.041682
27.001033 10000.000000 30219 10072.744475 322.327823
27.000921 10000.000000 30077 10025.207803 320.806650
27.001639 10000.000000 30475 10158.034513 325.057104
27.001922 10000.000000 30066 10021.467649 320.686965
27.001703 10000.000000 30139 10046.313378 321.482028
27.002651 10000.000000 29736 9911.447877 317.166332
27.002352 10000.000000 30184 10061.196735 321.958296
27.001037 10000.000000 29722 9907.013850 317.024443
27.004485 10000.000000 30079 10026.327214 320.842471
27.001888 10000.000000 29949 9982.886775 319.452377
#type       avg     std     min     5th    10th    90th    95th    99th
read     1237.8   390.2   251.6   680.9   810.1  1647.1  1682.6  2205.3
update   1233.9   384.5   276.8   680.4   810.0  1645.0  1680.2  2118.8
op_q       14.3     6.8     1.0     3.9     5.0    22.6    25.4    31.3

Total QPS = 533126.1 (15993785 / 30.0s)

Misses = 0 (0.0%)
Skipped TXs = 0 (0.0%)

RX 2757136169 bytes :   87.6 MB/s
TX 1769710954 bytes :   56.3 MB/s
