3.003359 1875.000000 5479 1824.290673 58.377302
3.000503 1875.000000 5570 1856.355230 59.403367
3.000064 1875.000000 5763 1920.958831 61.470683
3.000009 1875.000000 5504 1834.660938 58.709150
3.000014 1875.000000 5636 1878.657605 60.117043
3.000211 1875.000000 5595 1864.868556 59.675794
3.000206 1875.000000 5597 1865.538597 59.697235
3.000102 1875.000000 5555 1851.603691 59.251318
3.003201 1875.000000 5560 1851.358195 59.243462
3.000218 1875.000000 5542 1847.199065 59.110370
3.000449 1875.000000 5563 1854.055810 59.329786
3.000155 1875.000000 5701 1900.235319 60.807530
3.000917 1875.000000 5631 1876.426370 60.045644
3.001687 1875.000000 5500 1832.302881 58.633692
3.000237 1875.000000 5618 1872.518577 59.920594
3.001259 1875.000000 5657 1884.875532 60.316017
3.000264 1875.000000 5784 1927.830525 61.690577
3.000011 1875.000000 5598 1865.993043 59.711777
3.000101 1875.000000 5702 1900.602683 60.819286
3.000813 1875.000000 5587 1861.829058 59.578530
3.005248 1875.000000 5607 1865.736174 59.703558
3.000385 1875.000000 5567 1855.428530 59.373713
3.000590 1875.000000 5552 1850.302660 59.209685
3.000566 1875.000000 5600 1866.314487 59.722064
3.000368 1875.000000 5652 1883.768837 60.280603
3.000019 1875.000000 5401 1800.322226 57.610311
3.000419 1875.000000 5711 1903.401103 60.908835
3.001030 1875.000000 5645 1881.021000 60.192672
3.000189 1875.000000 5649 1882.881129 60.252196
3.000299 1875.000000 5677 1892.144993 60.548640
3.002539 1875.000000 5650 1881.740901 60.215709
3.000222 1875.000000 5544 1847.863026 59.131617
6.002443 1875.000000 5508 1834.651256 58.708840
6.000273 1875.000000 5468 1822.507754 58.320248
6.000235 1875.000000 5558 1852.530634 59.280980
6.001186 1875.000000 5503 1833.769810 58.680634
6.000174 1875.000000 5521 1840.321537 58.890289
6.000162 1875.000000 5686 1895.271596 60.648691
6.000629 1875.000000 5739 1912.919841 61.213435
6.000459 1875.000000 5724 1907.842581 61.050963
6.000728 1875.000000 5597 1865.349630 59.691188
6.002020 1875.000000 5635 1877.577401 60.082477
6.000739 1875.000000 5651 1883.266664 60.264533
6.000272 1875.000000 5778 1925.831510 61.626608
6.001541 1875.000000 5516 1837.958225 58.814663
6.000189 1875.000000 5578 1859.227441 59.495278
6.001352 1875.000000 5644 1880.548979 60.177567
6.001506 1875.000000 5613 1870.189743 59.846072
6.000487 1875.000000 5546 1848.643001 59.156576
6.002419 1875.000000 5747 1914.926371 61.277644
6.000701 1875.000000 5658 1885.930586 60.349779
6.000442 1875.000000 5673 1890.953358 60.510507
6.001875 1875.000000 5601 1866.883281 59.740265
6.002542 1875.000000 5704 1900.081875 60.802620
6.000402 1875.000000 5754 1917.864175 61.371654
6.000955 1875.000000 5536 1844.929400 59.037741
6.001345 1875.000000 5620 1873.066425 59.938126
6.003239 1875.000000 5633 1877.642402 60.084557
6.000951 1875.000000 5616 1871.667729 59.893367
6.001444 1875.000000 5596 1865.076061 59.682434
6.003437 1875.000000 5556 1851.952142 59.262469
6.007949 1875.000000 5748 1914.276278 61.256841
6.003373 1875.000000 5520 1839.488418 58.863629
6.000830 1875.000000 5667 1888.617483 60.435759
9.001040 1875.000000 5781 1926.616199 61.651718
9.000482 1875.000000 5731 1910.282217 61.129031
9.000228 1875.000000 5628 1875.958493 60.030672
9.000609 1875.000000 5581 1860.124877 59.523996
9.000793 1875.000000 5625 1874.791006 59.993312
9.001345 1875.000000 5635 1877.638167 60.084421
9.000175 1875.000000 5488 1829.332842 58.538651
9.000535 1875.000000 5395 1798.304918 57.545757
9.000661 1875.000000 5805 1934.979262 61.919336
9.000959 1875.000000 5580 1859.856447 59.515406
9.001254 1875.000000 5630 1876.001190 60.032038
9.002472 1875.000000 5724 1907.620352 61.043851
9.000519 1875.000000 5518 1839.181818 58.853818
9.003325 1875.000000 5632 1876.766221 60.056519
9.001234 1875.000000 5503 1834.303830 58.697723
9.001854 1875.000000 5712 1903.779269 60.920937
9.003661 1875.000000 5625 1874.859798 59.995514
9.003006 1875.000000 5548 1847.913390 59.133228
9.001551 1875.000000 5734 1911.206406 61.158605
9.001541 1875.000000 5727 1908.937963 61.086015
9.001552 1875.000000 5671 1890.326870 60.490460
9.002401 1875.000000 5599 1866.096811 59.715098
9.000744 1875.000000 5560 1853.330338 59.306571
9.001215 1875.000000 5755 1918.164512 61.381264
9.002949 1875.000000 5683 1893.320994 60.586272
9.002127 1875.000000 5645 1880.931960 60.189823
9.002736 1875.000000 5507 1835.487356 58.735595
9.004804 1875.000000 5706 1900.566800 60.818138
9.003349 1875.000000 5647 1882.264557 60.232466
9.009365 1875.000000 5613 1870.117569 59.843762
9.004102 1875.000000 5680 1892.873325 60.571946
9.001589 1875.000000 5722 1906.850644 61.019221
12.001900 1875.000000 5754 1917.261232 61.352359
12.000726 1875.000000 5476 1825.216948 58.406942
12.000362 1875.000000 5738 1912.581661 61.202613
12.000750 1875.000000 5743 1914.276940 61.256862
12.000733 1875.000000 5645 1881.316592 60.202131
12.000586 1875.000000 5469 1822.958994 58.334688
12.001507 1875.000000 5628 1875.829386 60.026540
12.000683 1875.000000 5569 1856.287531 59.401201
12.000863 1875.000000 5581 1860.290302 59.529290
12.001769 1875.000000 5569 1855.832552 59.386642
12.000719 1875.000000 5520 1839.854809 58.875354
12.002205 1875.000000 5764 1920.914766 61.469273
12.001999 1875.000000 5601 1866.593286 59.730985
12.001603 1875.000000 5557 1851.985447 59.263534
12.001808 1875.000000 5628 1875.839451 60.026862
12.001963 1875.000000 5625 1874.556716 59.985815
12.003375 1875.000000 5570 1855.725572 59.383218
12.001329 1875.000000 5656 1885.261632 60.328372
12.003078 1875.000000 5590 1862.912407 59.613197
12.003417 1875.000000 5773 1923.727472 61.559279
12.003627 1875.000000 5730 1909.432926 61.101854
12.003892 1875.000000 5755 1917.985844 61.375547
12.003650 1875.000000 5531 1843.467233 58.990951
12.003731 1875.000000 5513 1837.222735 58.791128
12.004648 1875.000000 5838 1945.359776 62.251513
12.002396 1875.000000 5594 1864.135552 59.652338
12.003345 1875.000000 5507 1835.423985 58.733568
12.002949 1875.000000 5588 1862.156805 59.589018
12.004841 1875.000000 5579 1859.643743 59.508600
12.004698 1875.000000 5612 1870.294934 59.849438
12.009485 1875.000000 5611 1870.258649 59.848277
12.001971 1875.000000 5748 1915.756539 61.304209
15.000799 1875.000000 5575 1858.261645 59.464373
15.000377 1875.000000 5528 1842.657395 58.965037
15.000700 1875.000000 5502 1833.930807 58.685786
15.001839 1875.000000 5689 1895.716381 60.662924
15.001327 1875.000000 5565 1854.643036 59.348577
15.002774 1875.000000 5561 1852.402498 59.276880
15.001253 1875.000000 5622 1873.675386 59.957612
15.001623 1875.000000 5603 1867.594025 59.763009
15.001973 1875.000000 5456 1818.542926 58.193374
15.004343 1875.000000 5584 1859.818937 59.514206
15.001577 1875.000000 5445 1814.480848 58.063387
15.001832 1875.000000 5585 1861.652241 59.572872
15.002920 1875.000000 5614 1870.887871 59.868412
15.002300 1875.000000 5666 1888.228009 60.423296
15.002234 1875.000000 5641 1880.186242 60.165960
15.003431 1875.000000 5421 1806.965930 57.822910
15.002397 1875.000000 5689 1896.059091 60.673891
15.001541 1875.000000 5684 1894.533273 60.625065
15.004540 1875.000000 5668 1888.413650 60.429237
15.004895 1875.000000 5778 1925.356551 61.611410
15.005331 1875.000000 5689 1895.256749 60.648216
15.002530 1875.000000 5439 1812.918948 58.013406
15.003520 1875.000000 5495 1831.603698 58.611318
15.003768 1875.000000 5613 1870.926469 59.869647
15.006494 1875.000000 5482 1826.209545 58.438705
15.003954 1875.000000 5730 1909.858036 61.115457
15.003619 1875.000000 5626 1875.162269 60.005193
15.003488 1875.000000 5743 1913.989359 61.247659
15.006428 1875.000000 5607 1868.012251 59.776392
15.005076 1875.000000 5715 1904.760281 60.952329
15.009512 1875.000000 5743 1914.315693 61.258102
15.002574 1875.000000 5742 1913.615177 61.235686
18.003082 1875.000000 5647 1881.842886 60.218972
18.000746 1875.000000 5696 1898.433325 60.749866
18.001530 1875.000000 5514 1837.552310 58.801674
18.001378 1875.000000 5694 1897.920881 60.733468
18.000912 1875.000000 5694 1897.865386 60.731692
18.001545 1875.000000 5537 1845.532754 59.057048
18.005931 1875.000000 5714 1904.009497 60.928304
18.002337 1875.000000 5610 1869.684939 59.829918
18.004131 1875.000000 5799 1931.778427 61.816910
18.001933 1875.000000 5690 1896.470911 60.687069
18.001898 1875.000000 5629 1876.296425 60.041486
18.004465 1875.000000 5601 1866.356735 59.723416
18.002085 1875.000000 5521 1839.999617 58.879988
18.002992 1875.000000 5526 1841.865786 58.939705
18.002070 1875.000000 5636 1878.605937 60.115390
18.005508 1875.000000 5657 1884.041085 60.289315
18.003750 1875.000000 5720 1906.520569 61.008658
18.002655 1875.000000 5458 1818.679938 58.197758
18.003040 1875.000000 5649 1882.596153 60.243077
18.004952 1875.000000 5489 1829.057733 58.529847
18.004970 1875.000000 5595 1864.732158 59.671429
18.003784 1875.000000 5709 1902.895124 60.892644
18.003991 1875.000000 5578 1859.195297 59.494249
18.003592 1875.000000 5665 1888.267451 60.424558
18.005657 1875.000000 5575 1856.398502 59.404752
18.005479 1875.000000 5668 1889.239873 60.455676
18.004437 1875.000000 5522 1840.608710 58.899479
18.006589 1875.000000 5657 1885.565473 60.338095
18.006637 1875.000000 5522 1840.578986 58.898528
18.006557 1875.000000 5519 1838.758874 58.840284
18.010002 1875.000000 5731 1910.021469 61.120687
18.002845 1875.000000 5720 1906.494092 61.007811
21.001366 1875.000000 5645 1881.277549 60.200882
21.001448 1875.000000 5807 1935.320875 61.930268
21.001990 1875.000000 5671 1890.297381 60.489516
21.002003 1875.000000 5457 1818.722273 58.199113
21.001883 1875.000000 5630 1876.445667 60.046261
21.002617 1875.000000 5610 1869.227639 59.815284
21.004402 1875.000000 5602 1866.456084 59.726595
21.002348 1875.000000 5513 1837.496506 58.799888
21.002055 1875.000000 5640 1879.901737 60.156856
21.004489 1875.000000 5682 1892.642265 60.564552
21.004293 1875.000000 5667 1888.657626 60.437044
21.002190 1875.000000 5617 1872.267284 59.912553
21.003015 1875.000000 5613 1870.775585 59.864819
21.003404 1875.000000 5554 1851.134792 59.236313
21.004444 1875.000000 5796 1931.096839 61.795099
21.004692 1875.000000 5680 1892.979348 60.575339
21.004041 1875.000000 5719 1906.048088 60.993539
21.004577 1875.000000 5630 1876.596773 60.051097
21.005398 1875.000000 5631 1876.732777 60.055449
21.004141 1875.000000 5736 1911.903940 61.180926
21.004516 1875.000000 5674 1890.872340 60.507915
21.005429 1875.000000 5538 1845.707114 59.062628
21.007077 1875.000000 5487 1828.043903 58.497405
21.006316 1875.000000 5525 1841.430064 58.925762
21.004968 1875.000000 5807 1935.324585 61.930387
21.005934 1875.000000 5664 1887.713600 60.406835
21.008378 1875.000000 5611 1869.248836 59.815963
21.006792 1875.000000 5657 1884.953221 60.318503
21.006804 1875.000000 5599 1866.199623 59.718388
21.011088 1875.000000 5517 1836.226807 58.759258
21.010666 1875.000000 5673 1890.581962 60.498623
21.003106 1875.000000 5605 1868.171408 59.781485
24.001791 1875.000000 5509 1836.073313 58.754346
24.002569 1875.000000 5729 1909.298179 61.097542
24.003121 1875.000000 5795 1931.342309 61.802954
24.002514 1875.000000 5575 1858.048922 59.457566
24.001625 1875.000000 5668 1889.222193 60.455110
24.002829 1875.000000 5516 1838.087046 58.818785
24.002360 1875.000000 5528 1842.659254 58.965096
24.002119 1875.000000 5597 1865.594390 59.699020
24.002208 1875.000000 5615 1871.655417 59.892973
24.008088 1875.000000 5653 1881.953031 60.222497
24.004138 1875.000000 5769 1922.280156 61.512965
24.004779 1875.000000 5680 1892.931053 60.573794
24.003543 1875.000000 5658 1885.912674 60.349206
24.004447 1875.000000 5755 1918.304359 61.385739
24.005526 1875.000000 5647 1881.810274 60.217929
24.005252 1875.000000 5711 1903.182759 60.901848
24.005807 1875.000000 5644 1881.076859 60.194459
24.006110 1875.000000 5438 1812.560613 58.001940
24.005028 1875.000000 5555 1851.388460 59.244431
24.007577 1875.000000 5593 1862.999118 59.615972
24.004614 1875.000000 5754 1917.890816 61.372506
24.004571 1875.000000 5615 1871.632171 59.892229
24.004196 1875.000000 5683 1894.235948 60.615550
24.005565 1875.000000 5604 1867.628225 59.764103
24.006772 1875.000000 5645 1881.380401 60.204173
24.007190 1875.000000 5584 1861.263136 59.560420
24.009603 1875.000000 5741 1911.875285 61.180009
24.007183 1875.000000 5597 1865.430397 59.693773
24.009098 1875.000000 5707 1901.877034 60.860065
24.012755 1875.000000 5703 1899.676797 60.789658
24.012546 1875.000000 5640 1879.086958 60.130783
24.003755 1875.000000 5649 1882.592165 60.242949
27.002070 1875.000000 5572 1857.057711 59.425847
27.002252 1875.000000 5691 1896.708588 60.694675
27.002125 1875.000000 5723 1907.663054 61.045218
27.002838 1875.000000 5729 1909.362570 61.099602
27.002657 1875.000000 5868 1955.942643 62.590165
27.002769 1875.000000 5647 1882.173636 60.229556
27.002862 1875.000000 5534 1844.646094 59.028675
27.004989 1875.000000 5592 1863.767381 59.640556
27.003719 1875.000000 5637 1878.889403 60.124461
27.003159 1875.000000 5758 1919.309051 61.417890
27.005012 1875.000000 5497 1831.988751 58.623640
27.002950 1875.000000 5610 1869.537810 59.825210
27.006898 1875.000000 5770 1922.278439 61.512910
27.005613 1875.000000 5543 1847.612672 59.123606
27.005106 1875.000000 5672 1890.460487 60.494736
27.005591 1875.000000 5728 1908.974798 61.087194
27.005229 1875.000000 5580 1859.323869 59.498364
27.007241 1875.000000 5562 1853.710428 59.318734
27.004921 1875.000000 5629 1876.114265 60.035656
27.006233 1875.000000 5708 1902.396145 60.876677
27.005749 1875.000000 5667 1888.022483 60.416719
27.006158 1875.000000 5586 1861.970019 59.583041
27.005643 1875.000000 5732 1910.616686 61.139734
27.008242 1875.000000 5507 1835.023347 58.720747
27.009593 1875.000000 5640 1879.056978 60.129823
27.007670 1875.000000 5939 1979.345396 63.339053
27.008766 1875.000000 5697 1898.247522 60.743921
27.009355 1875.000000 5620 1873.172502 59.941520
27.010369 1875.000000 5799 1932.506686 61.840214
27.012807 1875.000000 5612 1870.634132 59.860292
27.012687 1875.000000 5652 1883.911429 60.285166
27.005698 1875.000000 5669 1888.444138 60.430212
#type       avg     std     min     5th    10th    90th    95th    99th
read      380.1   231.2    54.8   176.4   210.4   574.8   645.6   798.2
update    386.8   248.3    60.2   180.4   213.8   584.5   658.8   820.1
op_q        1.9     1.0     1.0     1.0     1.0     3.1     3.9     4.9

Total QPS = 119903.1 (3597093 / 30.0s)

Misses = 0 (0.0%)
Skipped TXs = 0 (0.0%)

RX  617923820 bytes :   19.6 MB/s
TX  398269345 bytes :   12.7 MB/s
