3.001348 1250.000000 3662 1220.118613 39.043796
3.000060 1250.000000 3881 1293.640706 41.396503
3.004127 1250.000000 3721 1238.629236 39.636136
3.000751 1250.000000 3781 1260.017841 40.320571
3.000872 1250.000000 3796 1264.965839 40.478907
3.000711 1250.000000 3769 1256.035665 40.193141
3.001778 1250.000000 3805 1267.582007 40.562624
3.000814 1250.000000 3735 1244.662227 39.829191
3.001174 1250.000000 3687 1228.519224 39.312615
3.002729 1250.000000 3682 1226.217876 39.238972
3.000352 1250.000000 3808 1269.184576 40.613906
3.001053 1250.000000 3760 1252.893439 40.092590
3.000936 1250.000000 3696 1231.615725 39.411703
3.000635 1250.000000 3717 1238.737938 39.639614
3.000187 1250.000000 3813 1270.920658 40.669461
3.000650 1250.000000 3692 1230.399997 39.372800
3.001278 1250.000000 3673 1223.812022 39.161985
3.000161 1250.000000 3634 1211.268168 38.760581
3.000624 1250.000000 3639 1212.747728 38.807927
3.000404 1250.000000 3674 1224.501676 39.184054
3.000040 1250.000000 3743 1247.650127 39.924804
3.000111 1250.000000 3810 1269.953161 40.638501
3.003628 1250.000000 3622 1205.874929 38.587998
3.002114 1250.000000 3773 1256.780873 40.216988
3.000594 1250.000000 3766 1255.084680 40.162710
3.001719 1250.000000 3634 1210.639584 38.740467
3.000876 1250.000000 3810 1269.629387 40.628140
3.000825 1250.000000 3808 1268.984553 40.607506
3.000402 1250.000000 3823 1274.162607 40.773203
3.000876 1250.000000 3631 1209.980143 38.719365
3.000312 1250.000000 3790 1263.201830 40.422459
3.000058 1250.000000 3853 1284.308408 41.097869
6.001401 1250.000000 3789 1262.427023 40.397665
6.003321 1250.000000 3683 1226.385596 39.244339
6.000866 1250.000000 3685 1228.245072 39.303842
6.001468 1250.000000 3721 1240.161912 39.685181
6.001341 1250.000000 3727 1241.844936 39.739038
6.001543 1250.000000 3854 1284.406760 41.101016
6.002586 1250.000000 3777 1258.213736 40.262840
6.001702 1250.000000 3748 1248.793191 39.961382
6.000236 1250.000000 3678 1225.928244 39.229704
6.000468 1250.000000 3647 1215.619429 38.899822
6.001946 1250.000000 3914 1304.174762 41.733592
6.000674 1250.000000 3651 1216.983881 38.943484
6.001303 1250.000000 3673 1223.847031 39.163105
6.002160 1250.000000 3724 1240.800334 39.705611
6.005640 1250.000000 3775 1256.535577 40.209138
6.001422 1250.000000 3805 1268.049985 40.577600
6.001633 1250.000000 3803 1267.516799 40.560538
6.001829 1250.000000 3715 1238.062936 39.618014
6.004764 1250.000000 3748 1248.091301 39.938922
6.001740 1250.000000 3774 1257.532184 40.241030
6.003143 1250.000000 3805 1268.158218 40.581063
6.002330 1250.000000 3737 1245.577223 39.858471
6.000630 1250.000000 3621 1206.985614 38.623540
6.001622 1250.000000 3703 1234.026465 39.488847
6.003313 1250.000000 3740 1246.004622 39.872148
6.000421 1250.000000 3718 1239.325393 39.658413
6.001416 1250.000000 3761 1253.419363 40.109420
6.004589 1250.000000 3767 1255.473421 40.175149
6.000905 1250.000000 3765 1254.987918 40.159613
6.003929 1250.000000 3758 1252.541031 40.081313
6.000718 1250.000000 3716 1238.499234 39.631975
6.000156 1250.000000 3818 1272.625395 40.724013
9.004190 1250.000000 3766 1253.680997 40.117792
9.000553 1250.000000 3731 1243.631581 39.796211
9.001128 1250.000000 3640 1213.149990 38.820800
9.003166 1250.000000 3773 1257.155383 40.228972
9.002798 1250.000000 3864 1287.171141 41.189477
9.002785 1250.000000 3814 1271.248904 40.679965
9.002261 1250.000000 3756 1251.600095 40.051203
9.003399 1250.000000 3848 1281.873688 41.019958
9.005178 1250.000000 3680 1225.151544 39.204849
9.005191 1250.000000 3645 1213.640171 38.836485
9.002441 1250.000000 3695 1231.248215 39.399943
9.001380 1250.000000 3790 1263.316911 40.426141
9.004216 1250.000000 3818 1271.617050 40.691746
9.003718 1250.000000 3646 1214.489219 38.863655
9.002432 1250.000000 3699 1232.888307 39.452426
9.006669 1250.000000 3811 1269.526855 40.624859
9.002426 1250.000000 3720 1239.700614 39.670420
9.001858 1250.000000 3625 1208.149567 38.660786
9.002243 1250.000000 3721 1239.666818 39.669338
9.001711 1250.000000 3858 1285.961629 41.150772
9.001727 1250.000000 3715 1237.794361 39.609420
9.003675 1250.000000 3754 1251.111555 40.035570
9.003647 1250.000000 3736 1245.198226 39.846343
9.001493 1250.000000 3701 1233.635134 39.476324
9.003289 1250.000000 3847 1281.923455 41.021551
9.011653 1250.000000 3670 1220.885964 39.068351
9.003354 1250.000000 3830 1276.649169 40.852773
9.001023 1250.000000 3712 1237.284502 39.593104
9.005769 1250.000000 3879 1292.491724 41.359735
9.004901 1250.000000 3814 1270.921561 40.669490
9.005408 1250.000000 3555 1183.150339 37.860811
9.000232 1250.000000 3698 1232.635198 39.444326
12.005809 1250.000000 3726 1240.065022 39.682081
12.000724 1250.000000 3674 1224.596594 39.187091
12.002038 1250.000000 3733 1244.258705 39.816279
12.001673 1250.000000 3839 1279.541644 40.945333
12.002587 1250.000000 3818 1272.600750 40.723224
12.002618 1250.000000 3764 1254.586448 40.146766
12.005976 1250.000000 3759 1252.671921 40.085501
12.004494 1250.000000 3609 1202.467641 38.478964
12.002507 1250.000000 3781 1260.305783 40.329785
12.004506 1250.000000 3835 1277.605694 40.883382
12.004293 1250.000000 3735 1244.374305 39.819978
12.005449 1250.000000 3759 1252.247745 40.071928
12.002293 1250.000000 3683 1227.653571 39.284914
12.004029 1250.000000 3760 1253.070358 40.098251
12.001969 1250.000000 3807 1268.891179 40.604518
12.003554 1250.000000 3707 1235.126922 39.524062
12.005851 1250.000000 3784 1260.933963 40.349887
12.004429 1250.000000 3798 1264.860915 40.475549
12.002308 1250.000000 3937 1311.771253 41.976680
12.003847 1250.000000 3666 1221.930025 39.101761
12.004103 1250.000000 3801 1266.683730 40.533879
12.001536 1250.000000 3761 1253.648593 40.116755
12.004799 1250.000000 3830 1276.407294 40.845033
12.005761 1250.000000 3834 1277.130227 40.868167
12.005060 1250.000000 3829 1275.974467 40.831183
12.004072 1250.000000 3667 1222.014244 39.104456
12.005455 1250.000000 3760 1253.217724 40.102967
12.006456 1250.000000 3640 1213.055352 38.817771
12.008464 1250.000000 3696 1231.263654 39.400437
12.012078 1250.000000 3733 1244.157346 39.813035
12.005410 1250.000000 3730 1243.332643 39.786645
12.000385 1250.000000 3721 1240.270205 39.688647
15.001003 1250.000000 3824 1274.548190 40.785542
15.002565 1250.000000 3749 1249.295271 39.977449
15.003192 1250.000000 3738 1245.749060 39.863970
15.002946 1250.000000 3816 1271.813724 40.698039
15.002114 1250.000000 3753 1250.967949 40.030974
15.003335 1250.000000 3819 1272.557948 40.721854
15.004865 1250.000000 3861 1286.563253 41.170024
15.003035 1250.000000 3811 1269.881933 40.636222
15.004823 1250.000000 3804 1267.861020 40.571553
15.003215 1250.000000 3816 1271.747121 40.695908
15.004699 1250.000000 3908 1302.582791 41.682649
15.005941 1250.000000 3813 1270.794034 40.665409
15.001749 1250.000000 3723 1240.912226 39.709191
15.008148 1250.000000 3695 1230.972618 39.391124
15.004912 1250.000000 3767 1255.328205 40.170503
15.004328 1250.000000 3633 1210.986199 38.751558
15.004461 1250.000000 3667 1222.157170 39.109029
15.007832 1250.000000 3611 1202.711165 38.486757
15.005513 1250.000000 3703 1234.039617 39.489268
15.007472 1250.000000 3812 1269.962618 40.638804
15.004529 1250.000000 3679 1226.146638 39.236692
15.005875 1250.000000 3755 1251.656673 40.053014
15.004024 1250.000000 3679 1226.141102 39.236515
15.002823 1250.000000 3774 1257.784149 40.249093
15.006601 1250.000000 3760 1253.072443 40.098318
15.005204 1250.000000 3821 1273.605575 40.755378
15.006049 1250.000000 3778 1259.212440 40.294798
15.005085 1250.000000 3853 1284.052608 41.089683
15.009293 1250.000000 3684 1227.660591 39.285139
15.012691 1250.000000 3748 1249.078122 39.970500
15.005416 1250.000000 3740 1246.664026 39.893249
15.001136 1250.000000 3878 1292.342863 41.354972
18.004875 1250.000000 3670 1222.647129 39.124708
18.003707 1250.000000 3664 1221.181958 39.077823
18.001245 1250.000000 3724 1241.233557 39.719474
18.002610 1250.000000 3636 1211.981852 38.783419
18.005270 1250.000000 3860 1286.319594 41.162227
18.003082 1250.000000 3856 1285.274888 41.128796
18.002562 1250.000000 3748 1249.146793 39.972697
18.004594 1250.000000 3827 1275.553382 40.817708
18.005215 1250.000000 3772 1257.169151 40.229413
18.002181 1250.000000 3704 1234.488926 39.503646
18.003379 1250.000000 3724 1241.265317 39.720490
18.010280 1250.000000 3840 1278.197269 40.902313
18.004720 1250.000000 3798 1265.991330 40.511723
18.003404 1250.000000 3733 1244.180105 39.813763
18.006711 1250.000000 3682 1226.578848 39.250523
18.005535 1250.000000 3687 1228.991355 39.327723
18.003085 1250.000000 3840 1279.888362 40.956428
18.009266 1250.000000 3722 1239.265869 39.656508
18.006902 1250.000000 3668 1222.274949 39.112798
18.004828 1250.000000 3772 1257.207945 40.230654
18.005579 1250.000000 3777 1258.842548 40.282962
18.005098 1250.000000 3666 1221.562852 39.090011
18.007066 1250.000000 3814 1271.136428 40.676366
18.007868 1250.000000 3704 1234.651790 39.508857
18.007841 1250.000000 3759 1252.845919 40.091069
18.007439 1250.000000 3714 1236.958267 39.582665
18.005321 1250.000000 3606 1201.905535 38.460977
18.008289 1250.000000 3761 1253.607668 40.115445
18.010807 1250.000000 3853 1283.685562 41.077938
18.013858 1250.000000 3834 1277.502940 40.880094
18.005573 1250.000000 3833 1277.599924 40.883198
18.001159 1250.000000 3590 1196.657565 38.293042
21.002010 1250.000000 3695 1231.352599 39.403283
21.008556 1250.000000 3674 1222.437479 39.117999
21.008633 1250.000000 3735 1242.505558 39.760178
21.004226 1250.000000 3776 1258.186987 40.261984
21.003810 1250.000000 3636 1211.496156 38.767877
21.007970 1250.000000 3582 1192.769506 38.168624
21.005528 1250.000000 3726 1241.110929 39.715550
21.003723 1250.000000 3649 1216.326844 38.922459
21.006515 1250.000000 3775 1257.788229 40.249223
21.003070 1250.000000 3719 1239.299132 39.657572
21.004860 1250.000000 3704 1234.609007 39.507488
21.005130 1250.000000 3793 1264.107420 40.451437
21.004912 1250.000000 3748 1249.298411 39.977549
21.003534 1250.000000 3654 1217.947566 38.974322
21.005396 1250.000000 3731 1243.635375 39.796332
21.009341 1250.000000 3772 1256.716583 40.214931
21.007584 1250.000000 3721 1240.051764 39.681656
21.006381 1250.000000 3856 1284.989963 41.119679
21.006477 1250.000000 3761 1253.273023 40.104737
21.005491 1250.000000 3780 1259.907382 40.317036
21.006732 1250.000000 3803 1267.657603 40.565043
21.009775 1250.000000 3685 1227.377306 39.276074
21.005527 1250.000000 3696 1231.823705 39.418359
21.007714 1250.000000 3707 1235.399486 39.532784
21.008939 1250.000000 3719 1239.398199 39.660742
21.009750 1250.000000 3741 1246.798930 39.897566
21.008146 1250.000000 3774 1257.872250 40.251912
21.010903 1250.000000 3745 1248.293272 39.945385
21.011007 1250.000000 3646 1215.038855 38.881243
21.005588 1250.000000 3783 1260.993595 40.351795
21.014191 1250.000000 3815 1271.525753 40.688824
21.001966 1250.000000 3778 1258.994600 40.287827
24.007700 1250.000000 3830 1276.146293 40.836681
24.013460 1250.000000 3750 1247.716982 39.926943
24.002284 1250.000000 3667 1222.221463 39.111087
24.007037 1250.000000 3702 1233.364400 39.467661
24.007720 1250.000000 3768 1254.328924 40.138526
24.008046 1250.000000 3823 1273.095791 40.739065
24.004025 1250.000000 3780 1259.909896 40.317117
24.005559 1250.000000 3672 1223.456546 39.150609
24.004927 1250.000000 3736 1245.305501 39.849776
24.003590 1250.000000 3753 1250.783468 40.025071
24.007214 1250.000000 3727 1242.133643 39.748277
24.005957 1250.000000 3757 1251.322325 40.042314
24.005963 1250.000000 3767 1255.484683 40.175510
24.007350 1250.000000 3832 1276.977983 40.863295
24.007602 1250.000000 3817 1271.193794 40.678201
24.009172 1250.000000 3803 1267.568157 40.562181
24.006578 1250.000000 3782 1260.583920 40.338685
24.009668 1250.000000 3652 1216.488138 38.927620
24.009203 1250.000000 3837 1278.549478 40.913583
24.008805 1250.000000 3749 1249.212382 39.974796
24.006465 1250.000000 3740 1246.277168 39.880869
24.007355 1250.000000 3625 1207.545090 38.641443
24.011082 1250.000000 3782 1260.591367 40.338924
24.010034 1250.000000 3793 1264.041053 40.449314
24.009682 1250.000000 3734 1244.231524 39.815409
24.009800 1250.000000 3710 1236.646266 39.572681
24.010039 1250.000000 3764 1254.556482 40.145807
24.008982 1250.000000 3670 1223.159325 39.141098
24.012068 1250.000000 3750 1249.557936 39.985854
24.015962 1250.000000 3679 1225.609619 39.219508
24.006362 1250.000000 3767 1255.342748 40.170968
24.003383 1250.000000 3769 1255.740488 40.183696
27.008093 1250.000000 3715 1238.171278 39.621481
27.003224 1250.000000 3813 1270.601987 40.659264
27.006867 1250.000000 3821 1273.496080 40.751875
27.005141 1250.000000 3711 1236.911844 39.581179
27.004491 1250.000000 3752 1250.472317 40.015114
27.004444 1250.000000 3700 1232.982169 39.455429
27.007918 1250.000000 3743 1247.430499 39.917776
27.006206 1250.000000 3914 1304.385341 41.740331
27.006813 1250.000000 3774 1257.643548 40.244594
27.007333 1250.000000 3851 1283.539906 41.073277
27.007433 1250.000000 3660 1219.652336 39.028875
27.012015 1250.000000 3658 1218.380254 38.988168
27.009067 1250.000000 3654 1217.453300 38.958506
27.007525 1250.000000 3915 1304.864954 41.755679
27.008959 1250.000000 3689 1229.292882 39.337372
27.006748 1250.000000 3869 1289.326801 41.258458
27.009269 1250.000000 3763 1254.305490 40.137776
27.007716 1250.000000 3731 1243.516913 39.792541
27.010371 1250.000000 3676 1224.843858 39.195003
27.009143 1250.000000 3785 1261.524548 40.368786
27.011559 1250.000000 3731 1243.034883 39.777116
27.007964 1250.000000 3702 1233.850934 39.483230
27.010152 1250.000000 3727 1242.138750 39.748440
27.009901 1250.000000 3551 1183.626716 37.876055
27.011356 1250.000000 3792 1263.445323 40.430250
27.012069 1250.000000 3742 1246.923228 39.901543
27.009380 1250.000000 3734 1244.501684 39.824054
27.012479 1250.000000 3857 1285.490822 41.135706
27.013627 1250.000000 3778 1259.263231 40.296423
27.007058 1250.000000 3867 1288.701134 41.238436
27.015968 1250.000000 3742 1247.330685 39.914582
27.004627 1250.000000 3765 1254.479503 40.143344
#type       avg     std     min     5th    10th    90th    95th    99th
read      154.8    57.3    60.2    90.1    98.0   228.9   264.7   343.7
update    159.8    58.3    66.3    94.3   102.0   235.0   270.0   349.9
op_q        1.2     0.5     1.0     1.0     1.0     2.1     2.1     3.1

Total QPS = 79932.9 (2397987 / 30.0s)

Misses = 0 (0.0%)
Skipped TXs = 0 (0.0%)

RX  413173057 bytes :   13.1 MB/s
TX  265529791 bytes :    8.4 MB/s
