Requests      [total, rate, throughput]         12, 10.91, 10.70
Duration      [total, attack, wait]             1.121s, 1.1s, 21.487ms
Latencies     [min, mean, 50, 90, 95, 99, max]  21.312ms, 21.705ms, 21.6ms, 22.255ms, 22.417ms, 22.444ms, 22.444ms
Bytes In      [total, mean]                     24, 2.00
Bytes Out     [total, mean]                     0, 0.00
Success       [ratio]                           100.00%
Status Codes  [code:count]                      200:12  
Error Set:
Requests      [total, rate, throughput]         22, 10.48, 10.37
Duration      [total, attack, wait]             2.121s, 2.1s, 21.323ms
Latencies     [min, mean, 50, 90, 95, 99, max]  21.192ms, 21.627ms, 21.589ms, 21.997ms, 22.282ms, 22.444ms, 22.444ms
Bytes In      [total, mean]                     44, 2.00
Bytes Out     [total, mean]                     0, 0.00
Success       [ratio]                           100.00%
Status Codes  [code:count]                      200:22  
Error Set:
Requests      [total, rate, throughput]         32, 10.32, 10.25
Duration      [total, attack, wait]             3.121s, 3.1s, 21.207ms
Latencies     [min, mean, 50, 90, 95, 99, max]  21.192ms, 21.587ms, 21.536ms, 21.834ms, 22.148ms, 22.444ms, 22.444ms
Bytes In      [total, mean]                     64, 2.00
Bytes Out     [total, mean]                     0, 0.00
Success       [ratio]                           100.00%
Status Codes  [code:count]                      200:32  
Error Set:
Requests      [total, rate, throughput]         42, 10.24, 10.19
Duration      [total, attack, wait]             4.121s, 4.1s, 21.475ms
Latencies     [min, mean, 50, 90, 95, 99, max]  21.185ms, 21.568ms, 21.528ms, 21.858ms, 22.051ms, 22.444ms, 22.444ms
Bytes In      [total, mean]                     84, 2.00
Bytes Out     [total, mean]                     0, 0.00
Success       [ratio]                           100.00%
Status Codes  [code:count]                      200:42  
Error Set:
Requests      [total, rate, throughput]         52, 10.19, 10.15
Duration      [total, attack, wait]             5.122s, 5.101s, 21.377ms
Latencies     [min, mean, 50, 90, 95, 99, max]  21.185ms, 21.586ms, 21.531ms, 21.927ms, 22.013ms, 22.438ms, 22.444ms
Bytes In      [total, mean]                     104, 2.00
Bytes Out     [total, mean]                     0, 0.00
Success       [ratio]                           100.00%
Status Codes  [code:count]                      200:52  
Error Set:
Requests      [total, rate, throughput]         62, 10.16, 10.13
Duration      [total, attack, wait]             6.122s, 6.1s, 21.318ms
Latencies     [min, mean, 50, 90, 95, 99, max]  21.185ms, 21.583ms, 21.528ms, 21.923ms, 21.988ms, 22.411ms, 22.444ms
Bytes In      [total, mean]                     124, 2.00
Bytes Out     [total, mean]                     0, 0.00
Success       [ratio]                           100.00%
Status Codes  [code:count]                      200:62  
Error Set:
Requests      [total, rate, throughput]         72, 10.14, 10.11
Duration      [total, attack, wait]             7.122s, 7.1s, 21.556ms
Latencies     [min, mean, 50, 90, 95, 99, max]  21.105ms, 21.57ms, 21.528ms, 21.923ms, 22.013ms, 22.384ms, 22.444ms
Bytes In      [total, mean]                     144, 2.00
Bytes Out     [total, mean]                     0, 0.00
Success       [ratio]                           100.00%
Status Codes  [code:count]                      200:72  
Error Set:
Requests      [total, rate, throughput]         82, 10.12, 10.10
Duration      [total, attack, wait]             8.121s, 8.1s, 21.027ms
Latencies     [min, mean, 50, 90, 95, 99, max]  20.984ms, 21.541ms, 21.518ms, 21.909ms, 21.988ms, 22.357ms, 22.444ms
Bytes In      [total, mean]                     164, 2.00
Bytes Out     [total, mean]                     0, 0.00
Success       [ratio]                           100.00%
Status Codes  [code:count]                      200:82  
Error Set:
Requests      [total, rate, throughput]         92, 10.11, 10.09
Duration      [total, attack, wait]             9.121s, 9.1s, 21.112ms
Latencies     [min, mean, 50, 90, 95, 99, max]  20.984ms, 21.536ms, 21.516ms, 21.909ms, 21.986ms, 22.33ms, 22.444ms
Bytes In      [total, mean]                     184, 2.00
Bytes Out     [total, mean]                     0, 0.00
Success       [ratio]                           100.00%
Status Codes  [code:count]                      200:92  
Error Set:
Requests      [total, rate, throughput]         102, 10.10, 10.08
Duration      [total, attack, wait]             10.122s, 10.1s, 21.825ms
Latencies     [min, mean, 50, 90, 95, 99, max]  20.984ms, 21.537ms, 21.518ms, 21.892ms, 21.976ms, 22.303ms, 22.444ms
Bytes In      [total, mean]                     204, 2.00
Bytes Out     [total, mean]                     0, 0.00
Success       [ratio]                           100.00%
Status Codes  [code:count]                      200:102  
Error Set:
Requests      [total, rate, throughput]         112, 10.09, 10.07
Duration      [total, attack, wait]             11.121s, 11.1s, 21.572ms
Latencies     [min, mean, 50, 90, 95, 99, max]  20.984ms, 21.554ms, 21.521ms, 21.909ms, 22.009ms, 22.683ms, 23.074ms
Bytes In      [total, mean]                     224, 2.00
Bytes Out     [total, mean]                     0, 0.00
Success       [ratio]                           100.00%
Status Codes  [code:count]                      200:112  
Error Set:
Requests      [total, rate, throughput]         122, 10.08, 10.06
Duration      [total, attack, wait]             12.122s, 12.1s, 21.555ms
Latencies     [min, mean, 50, 90, 95, 99, max]  20.984ms, 21.549ms, 21.516ms, 21.909ms, 21.998ms, 22.62ms, 23.074ms
Bytes In      [total, mean]                     244, 2.00
Bytes Out     [total, mean]                     0, 0.00
Success       [ratio]                           100.00%
Status Codes  [code:count]                      200:122  
Error Set:
Requests      [total, rate, throughput]         132, 10.08, 10.06
Duration      [total, attack, wait]             13.122s, 13.1s, 21.624ms
Latencies     [min, mean, 50, 90, 95, 99, max]  20.984ms, 21.547ms, 21.519ms, 21.901ms, 21.988ms, 22.557ms, 23.074ms
Bytes In      [total, mean]                     264, 2.00
Bytes Out     [total, mean]                     0, 0.00
Success       [ratio]                           100.00%
Status Codes  [code:count]                      200:132  
Error Set:
Requests      [total, rate, throughput]         142, 10.07, 10.06
Duration      [total, attack, wait]             14.121s, 14.1s, 21.361ms
Latencies     [min, mean, 50, 90, 95, 99, max]  20.984ms, 21.544ms, 21.519ms, 21.901ms, 21.998ms, 22.494ms, 23.074ms
Bytes In      [total, mean]                     284, 2.00
Bytes Out     [total, mean]                     0, 0.00
Success       [ratio]                           100.00%
Status Codes  [code:count]                      200:142  
Error Set:
Requests      [total, rate, throughput]         152, 10.07, 10.05
Duration      [total, attack, wait]             15.122s, 15.1s, 21.316ms
Latencies     [min, mean, 50, 90, 95, 99, max]  20.984ms, 21.55ms, 21.519ms, 21.901ms, 22.009ms, 22.442ms, 23.074ms
Bytes In      [total, mean]                     304, 2.00
Bytes Out     [total, mean]                     0, 0.00
Success       [ratio]                           100.00%
Status Codes  [code:count]                      200:152  
Error Set:
Requests      [total, rate, throughput]         162, 10.06, 10.05
Duration      [total, attack, wait]             16.122s, 16.1s, 21.657ms
Latencies     [min, mean, 50, 90, 95, 99, max]  20.984ms, 21.549ms, 21.516ms, 21.904ms, 22.014ms, 22.436ms, 23.074ms
Bytes In      [total, mean]                     324, 2.00
Bytes Out     [total, mean]                     0, 0.00
Success       [ratio]                           100.00%
Status Codes  [code:count]                      200:162  
Error Set:
Requests      [total, rate, throughput]         172, 10.06, 10.05
Duration      [total, attack, wait]             17.122s, 17.1s, 21.578ms
Latencies     [min, mean, 50, 90, 95, 99, max]  20.984ms, 21.544ms, 21.514ms, 21.901ms, 22.009ms, 22.431ms, 23.074ms
Bytes In      [total, mean]                     344, 2.00
Bytes Out     [total, mean]                     0, 0.00
Success       [ratio]                           100.00%
Status Codes  [code:count]                      200:172  
Error Set:
Requests      [total, rate, throughput]         182, 10.06, 10.04
Duration      [total, attack, wait]             18.122s, 18.1s, 21.895ms
Latencies     [min, mean, 50, 90, 95, 99, max]  20.984ms, 21.547ms, 21.516ms, 21.896ms, 21.998ms, 22.425ms, 23.074ms
Bytes In      [total, mean]                     364, 2.00
Bytes Out     [total, mean]                     0, 0.00
Success       [ratio]                           100.00%
Status Codes  [code:count]                      200:182  
Error Set:
Requests      [total, rate, throughput]         192, 10.05, 10.04
Duration      [total, attack, wait]             19.122s, 19.1s, 22.015ms
Latencies     [min, mean, 50, 90, 95, 99, max]  20.984ms, 21.553ms, 21.521ms, 21.901ms, 22.009ms, 22.419ms, 23.074ms
Bytes In      [total, mean]                     384, 2.00
Bytes Out     [total, mean]                     0, 0.00
Success       [ratio]                           100.00%
Status Codes  [code:count]                      200:192  
Error Set:
Requests      [total, rate, throughput]         202, 10.05, 10.04
Duration      [total, attack, wait]             20.122s, 20.101s, 21.61ms
Latencies     [min, mean, 50, 90, 95, 99, max]  20.984ms, 21.555ms, 21.524ms, 21.901ms, 22.013ms, 22.413ms, 23.074ms
Bytes In      [total, mean]                     404, 2.00
Bytes Out     [total, mean]                     0, 0.00
Success       [ratio]                           100.00%
Status Codes  [code:count]                      200:202  
Error Set:
Requests      [total, rate, throughput]         212, 10.05, 10.04
Duration      [total, attack, wait]             21.122s, 21.1s, 21.753ms
Latencies     [min, mean, 50, 90, 95, 99, max]  20.984ms, 21.559ms, 21.533ms, 21.901ms, 22.011ms, 22.407ms, 23.074ms
Bytes In      [total, mean]                     424, 2.00
Bytes Out     [total, mean]                     0, 0.00
Success       [ratio]                           100.00%
Status Codes  [code:count]                      200:212  
Error Set:
Requests      [total, rate, throughput]         222, 10.05, 10.04
Duration      [total, attack, wait]             22.122s, 22.1s, 21.418ms
Latencies     [min, mean, 50, 90, 95, 99, max]  20.984ms, 21.564ms, 21.542ms, 21.9ms, 22.013ms, 22.401ms, 23.074ms
Bytes In      [total, mean]                     444, 2.00
Bytes Out     [total, mean]                     0, 0.00
Success       [ratio]                           100.00%
Status Codes  [code:count]                      200:222  
Error Set:
Requests      [total, rate, throughput]         232, 10.04, 10.03
Duration      [total, attack, wait]             23.122s, 23.1s, 21.6ms
Latencies     [min, mean, 50, 90, 95, 99, max]  20.984ms, 21.564ms, 21.549ms, 21.896ms, 22.011ms, 22.395ms, 23.074ms
Bytes In      [total, mean]                     464, 2.00
Bytes Out     [total, mean]                     0, 0.00
Success       [ratio]                           100.00%
Status Codes  [code:count]                      200:232  
Error Set:
Requests      [total, rate, throughput]         242, 10.04, 10.03
Duration      [total, attack, wait]             24.122s, 24.1s, 21.689ms
Latencies     [min, mean, 50, 90, 95, 99, max]  20.984ms, 21.565ms, 21.553ms, 21.89ms, 22.006ms, 22.389ms, 23.074ms
Bytes In      [total, mean]                     484, 2.00
Bytes Out     [total, mean]                     0, 0.00
Success       [ratio]                           100.00%
Status Codes  [code:count]                      200:242  
Error Set:
Requests      [total, rate, throughput]         252, 10.04, 10.03
Duration      [total, attack, wait]             25.121s, 25.1s, 21.48ms
Latencies     [min, mean, 50, 90, 95, 99, max]  20.984ms, 21.562ms, 21.55ms, 21.881ms, 22.002ms, 22.38ms, 23.074ms
Bytes In      [total, mean]                     504, 2.00
Bytes Out     [total, mean]                     0, 0.00
Success       [ratio]                           100.00%
Status Codes  [code:count]                      200:252  
Error Set:
Requests      [total, rate, throughput]         262, 10.04, 10.03
Duration      [total, attack, wait]             26.121s, 26.1s, 21.289ms
Latencies     [min, mean, 50, 90, 95, 99, max]  20.984ms, 21.563ms, 21.554ms, 21.881ms, 22.006ms, 22.359ms, 23.074ms
Bytes In      [total, mean]                     524, 2.00
Bytes Out     [total, mean]                     0, 0.00
Success       [ratio]                           100.00%
Status Codes  [code:count]                      200:262  
Error Set:
Requests      [total, rate, throughput]         272, 10.04, 10.03
Duration      [total, attack, wait]             27.122s, 27.101s, 21.454ms
Latencies     [min, mean, 50, 90, 95, 99, max]  20.984ms, 21.564ms, 21.554ms, 21.881ms, 22.002ms, 22.338ms, 23.074ms
Bytes In      [total, mean]                     544, 2.00
Bytes Out     [total, mean]                     0, 0.00
Success       [ratio]                           100.00%
Status Codes  [code:count]                      200:272  
Error Set:
Requests      [total, rate, throughput]         282, 10.04, 10.03
Duration      [total, attack, wait]             28.122s, 28.1s, 21.358ms
Latencies     [min, mean, 50, 90, 95, 99, max]  20.984ms, 21.568ms, 21.555ms, 21.885ms, 22.006ms, 22.366ms, 23.074ms
Bytes In      [total, mean]                     564, 2.00
Bytes Out     [total, mean]                     0, 0.00
Success       [ratio]                           100.00%
Status Codes  [code:count]                      200:282  
Error Set:
Requests      [total, rate, throughput]         292, 10.03, 10.03
Duration      [total, attack, wait]             29.122s, 29.1s, 21.429ms
Latencies     [min, mean, 50, 90, 95, 99, max]  20.984ms, 21.562ms, 21.553ms, 21.881ms, 22ms, 22.361ms, 23.074ms
Bytes In      [total, mean]                     584, 2.00
Bytes Out     [total, mean]                     0, 0.00
Success       [ratio]                           100.00%
Status Codes  [code:count]                      200:292  
Error Set:
Requests      [total, rate, throughput]         302, 10.03, 10.03
Duration      [total, attack, wait]             30.123s, 30.1s, 22.019ms
Latencies     [min, mean, 50, 90, 95, 99, max]  20.984ms, 21.558ms, 21.55ms, 21.881ms, 22.005ms, 22.355ms, 23.074ms
Bytes In      [total, mean]                     604, 2.00
Bytes Out     [total, mean]                     0, 0.00
Success       [ratio]                           100.00%
Status Codes  [code:count]                      200:302  
Error Set:
Requests      [total, rate, throughput]         312, 10.03, 10.03
Duration      [total, attack, wait]             31.121s, 31.1s, 21.314ms
Latencies     [min, mean, 50, 90, 95, 99, max]  20.984ms, 21.554ms, 21.543ms, 21.866ms, 21.999ms, 22.35ms, 23.074ms
Bytes In      [total, mean]                     624, 2.00
Bytes Out     [total, mean]                     0, 0.00
Success       [ratio]                           100.00%
Status Codes  [code:count]                      200:312  
Error Set:
Requests      [total, rate, throughput]         322, 10.03, 10.02
Duration      [total, attack, wait]             32.122s, 32.101s, 21.577ms
Latencies     [min, mean, 50, 90, 95, 99, max]  20.984ms, 21.55ms, 21.54ms, 21.862ms, 21.995ms, 22.344ms, 23.074ms
Bytes In      [total, mean]                     644, 2.00
Bytes Out     [total, mean]                     0, 0.00
Success       [ratio]                           100.00%
Status Codes  [code:count]                      200:322  
Error Set:
Requests      [total, rate, throughput]         332, 10.03, 10.02
Duration      [total, attack, wait]             33.121s, 33.1s, 21.441ms
Latencies     [min, mean, 50, 90, 95, 99, max]  20.984ms, 21.55ms, 21.541ms, 21.861ms, 21.999ms, 22.339ms, 23.074ms
Bytes In      [total, mean]                     664, 2.00
Bytes Out     [total, mean]                     0, 0.00
Success       [ratio]                           100.00%
Status Codes  [code:count]                      200:332  
Error Set:
Requests      [total, rate, throughput]         342, 10.03, 10.02
Duration      [total, attack, wait]             34.121s, 34.1s, 21.638ms
Latencies     [min, mean, 50, 90, 95, 99, max]  20.984ms, 21.547ms, 21.534ms, 21.853ms, 21.995ms, 22.333ms, 23.074ms
Bytes In      [total, mean]                     684, 2.00
Bytes Out     [total, mean]                     0, 0.00
Success       [ratio]                           100.00%
Status Codes  [code:count]                      200:342  
Error Set:
Requests      [total, rate, throughput]         352, 10.03, 10.02
Duration      [total, attack, wait]             35.121s, 35.1s, 21.416ms
Latencies     [min, mean, 50, 90, 95, 99, max]  20.984ms, 21.544ms, 21.531ms, 21.846ms, 21.989ms, 22.328ms, 23.074ms
Bytes In      [total, mean]                     704, 2.00
Bytes Out     [total, mean]                     0, 0.00
Success       [ratio]                           100.00%
Status Codes  [code:count]                      200:352  
Error Set:
Requests      [total, rate, throughput]         362, 10.03, 10.02
Duration      [total, attack, wait]             36.121s, 36.1s, 21.539ms
Latencies     [min, mean, 50, 90, 95, 99, max]  20.984ms, 21.54ms, 21.534ms, 21.839ms, 21.984ms, 22.321ms, 23.074ms
Bytes In      [total, mean]                     724, 2.00
Bytes Out     [total, mean]                     0, 0.00
Success       [ratio]                           100.00%
Status Codes  [code:count]                      200:362  
Error Set:
Requests      [total, rate, throughput]         372, 10.03, 10.02
Duration      [total, attack, wait]             37.121s, 37.1s, 21.602ms
Latencies     [min, mean, 50, 90, 95, 99, max]  20.984ms, 21.541ms, 21.539ms, 21.836ms, 21.979ms, 22.314ms, 23.074ms
Bytes In      [total, mean]                     744, 2.00
Bytes Out     [total, mean]                     0, 0.00
Success       [ratio]                           100.00%
Status Codes  [code:count]                      200:372  
Error Set:
Requests      [total, rate, throughput]         382, 10.03, 10.02
Duration      [total, attack, wait]             38.122s, 38.101s, 21.344ms
Latencies     [min, mean, 50, 90, 95, 99, max]  20.968ms, 21.537ms, 21.536ms, 21.832ms, 21.972ms, 22.307ms, 23.074ms
Bytes In      [total, mean]                     764, 2.00
Bytes Out     [total, mean]                     0, 0.00
Success       [ratio]                           100.00%
Status Codes  [code:count]                      200:382  
Error Set:
Requests      [total, rate, throughput]         392, 10.03, 10.02
Duration      [total, attack, wait]             39.122s, 39.1s, 21.708ms
Latencies     [min, mean, 50, 90, 95, 99, max]  20.968ms, 21.536ms, 21.533ms, 21.832ms, 21.972ms, 22.3ms, 23.074ms
Bytes In      [total, mean]                     784, 2.00
Bytes Out     [total, mean]                     0, 0.00
Success       [ratio]                           100.00%
Status Codes  [code:count]                      200:392  
Error Set:
Requests      [total, rate, throughput]         402, 10.02, 10.02
Duration      [total, attack, wait]             40.122s, 40.101s, 21.536ms
Latencies     [min, mean, 50, 90, 95, 99, max]  20.968ms, 21.534ms, 21.528ms, 21.832ms, 21.974ms, 22.293ms, 23.074ms
Bytes In      [total, mean]                     804, 2.00
Bytes Out     [total, mean]                     0, 0.00
Success       [ratio]                           100.00%
Status Codes  [code:count]                      200:402  
Error Set:
Requests      [total, rate, throughput]         412, 10.02, 10.02
Duration      [total, attack, wait]             41.122s, 41.1s, 21.93ms
Latencies     [min, mean, 50, 90, 95, 99, max]  20.968ms, 21.534ms, 21.526ms, 21.836ms, 21.979ms, 22.286ms, 23.074ms
Bytes In      [total, mean]                     824, 2.00
Bytes Out     [total, mean]                     0, 0.00
Success       [ratio]                           100.00%
Status Codes  [code:count]                      200:412  
Error Set:
Requests      [total, rate, throughput]         422, 10.02, 10.02
Duration      [total, attack, wait]             42.122s, 42.1s, 21.888ms
Latencies     [min, mean, 50, 90, 95, 99, max]  20.968ms, 21.533ms, 21.523ms, 21.836ms, 21.973ms, 22.28ms, 23.074ms
Bytes In      [total, mean]                     844, 2.00
Bytes Out     [total, mean]                     0, 0.00
Success       [ratio]                           100.00%
Status Codes  [code:count]                      200:422  
Error Set:
Requests      [total, rate, throughput]         432, 10.02, 10.02
Duration      [total, attack, wait]             43.121s, 43.1s, 21.323ms
Latencies     [min, mean, 50, 90, 95, 99, max]  20.968ms, 21.53ms, 21.52ms, 21.836ms, 21.979ms, 22.273ms, 23.074ms
Bytes In      [total, mean]                     864, 2.00
Bytes Out     [total, mean]                     0, 0.00
Success       [ratio]                           100.00%
Status Codes  [code:count]                      200:432  
Error Set:
Requests      [total, rate, throughput]         442, 10.02, 10.02
Duration      [total, attack, wait]             44.122s, 44.101s, 21.476ms
Latencies     [min, mean, 50, 90, 95, 99, max]  20.968ms, 21.528ms, 21.518ms, 21.834ms, 21.973ms, 22.266ms, 23.074ms
Bytes In      [total, mean]                     884, 2.00
Bytes Out     [total, mean]                     0, 0.00
Success       [ratio]                           100.00%
Status Codes  [code:count]                      200:442  
Error Set:
Requests      [total, rate, throughput]         452, 10.02, 10.02
Duration      [total, attack, wait]             45.122s, 45.101s, 21.435ms
Latencies     [min, mean, 50, 90, 95, 99, max]  20.968ms, 21.531ms, 21.52ms, 21.836ms, 21.989ms, 22.259ms, 23.074ms
Bytes In      [total, mean]                     904, 2.00
Bytes Out     [total, mean]                     0, 0.00
Success       [ratio]                           100.00%
Status Codes  [code:count]                      200:452  
Error Set:
Requests      [total, rate, throughput]         462, 10.02, 10.02
Duration      [total, attack, wait]             46.123s, 46.101s, 22.138ms
Latencies     [min, mean, 50, 90, 95, 99, max]  20.968ms, 21.532ms, 21.52ms, 21.839ms, 22.004ms, 22.25ms, 23.074ms
Bytes In      [total, mean]                     924, 2.00
Bytes Out     [total, mean]                     0, 0.00
Success       [ratio]                           100.00%
Status Codes  [code:count]                      200:462  
Error Set:
Requests      [total, rate, throughput]         472, 10.02, 10.02
Duration      [total, attack, wait]             47.121s, 47.1s, 21.435ms
Latencies     [min, mean, 50, 90, 95, 99, max]  20.968ms, 21.528ms, 21.515ms, 21.836ms, 21.999ms, 22.241ms, 23.074ms
Bytes In      [total, mean]                     944, 2.00
Bytes Out     [total, mean]                     0, 0.00
Success       [ratio]                           100.00%
Status Codes  [code:count]                      200:472  
Error Set:
Requests      [total, rate, throughput]         482, 10.02, 10.02
Duration      [total, attack, wait]             48.121s, 48.1s, 21.539ms
Latencies     [min, mean, 50, 90, 95, 99, max]  20.968ms, 21.529ms, 21.516ms, 21.836ms, 22.004ms, 22.249ms, 23.074ms
Bytes In      [total, mean]                     964, 2.00
Bytes Out     [total, mean]                     0, 0.00
Success       [ratio]                           100.00%
Status Codes  [code:count]                      200:482  
Error Set:
Requests      [total, rate, throughput]         492, 10.02, 10.02
Duration      [total, attack, wait]             49.122s, 49.1s, 21.631ms
Latencies     [min, mean, 50, 90, 95, 99, max]  20.968ms, 21.531ms, 21.519ms, 21.846ms, 21.999ms, 22.245ms, 23.074ms
Bytes In      [total, mean]                     984, 2.00
Bytes Out     [total, mean]                     0, 0.00
Success       [ratio]                           100.00%
Status Codes  [code:count]                      200:492  
Error Set:
Requests      [total, rate, throughput]         502, 10.02, 10.02
Duration      [total, attack, wait]             50.121s, 50.1s, 21.478ms
Latencies     [min, mean, 50, 90, 95, 99, max]  20.968ms, 21.53ms, 21.518ms, 21.846ms, 21.995ms, 22.242ms, 23.074ms
Bytes In      [total, mean]                     1004, 2.00
Bytes Out     [total, mean]                     0, 0.00
Success       [ratio]                           100.00%
Status Codes  [code:count]                      200:502  
Error Set:
Requests      [total, rate, throughput]         512, 10.02, 10.02
Duration      [total, attack, wait]             51.122s, 51.101s, 21.603ms
Latencies     [min, mean, 50, 90, 95, 99, max]  20.968ms, 21.533ms, 21.521ms, 21.853ms, 22.006ms, 22.238ms, 23.074ms
Bytes In      [total, mean]                     1024, 2.00
Bytes Out     [total, mean]                     0, 0.00
Success       [ratio]                           100.00%
Status Codes  [code:count]                      200:512  
Error Set:
Requests      [total, rate, throughput]         522, 10.02, 10.01
Duration      [total, attack, wait]             52.122s, 52.101s, 21.72ms
Latencies     [min, mean, 50, 90, 95, 99, max]  20.968ms, 21.534ms, 21.521ms, 21.853ms, 22.009ms, 22.235ms, 23.074ms
Bytes In      [total, mean]                     1044, 2.00
Bytes Out     [total, mean]                     0, 0.00
Success       [ratio]                           100.00%
Status Codes  [code:count]                      200:522  
Error Set:
Requests      [total, rate, throughput]         532, 10.02, 10.01
Duration      [total, attack, wait]             53.122s, 53.1s, 21.549ms
Latencies     [min, mean, 50, 90, 95, 99, max]  20.968ms, 21.534ms, 21.521ms, 21.855ms, 22.006ms, 22.231ms, 23.074ms
Bytes In      [total, mean]                     1064, 2.00
Bytes Out     [total, mean]                     0, 0.00
Success       [ratio]                           100.00%
Status Codes  [code:count]                      200:532  
Error Set:
Requests      [total, rate, throughput]         542, 10.02, 10.01
Duration      [total, attack, wait]             54.123s, 54.101s, 21.913ms
Latencies     [min, mean, 50, 90, 95, 99, max]  20.968ms, 21.536ms, 21.525ms, 21.861ms, 22.009ms, 22.228ms, 23.074ms
Bytes In      [total, mean]                     1084, 2.00
Bytes Out     [total, mean]                     0, 0.00
Success       [ratio]                           100.00%
Status Codes  [code:count]                      200:542  
Error Set:
Requests      [total, rate, throughput]         552, 10.02, 10.01
Duration      [total, attack, wait]             55.121s, 55.1s, 21.473ms
Latencies     [min, mean, 50, 90, 95, 99, max]  20.968ms, 21.538ms, 21.527ms, 21.866ms, 22.006ms, 22.224ms, 23.074ms
Bytes In      [total, mean]                     1104, 2.00
Bytes Out     [total, mean]                     0, 0.00
Success       [ratio]                           100.00%
Status Codes  [code:count]                      200:552  
Error Set:
Requests      [total, rate, throughput]         562, 10.02, 10.01
Duration      [total, attack, wait]             56.121s, 56.1s, 21.669ms
Latencies     [min, mean, 50, 90, 95, 99, max]  20.968ms, 21.537ms, 21.527ms, 21.861ms, 22.002ms, 22.219ms, 23.074ms
Bytes In      [total, mean]                     1124, 2.00
Bytes Out     [total, mean]                     0, 0.00
Success       [ratio]                           100.00%
Status Codes  [code:count]                      200:562  
Error Set:
Requests      [total, rate, throughput]         572, 10.02, 10.01
Duration      [total, attack, wait]             57.122s, 57.1s, 21.618ms
Latencies     [min, mean, 50, 90, 95, 99, max]  20.968ms, 21.536ms, 21.527ms, 21.855ms, 21.999ms, 22.214ms, 23.074ms
Bytes In      [total, mean]                     1144, 2.00
Bytes Out     [total, mean]                     0, 0.00
Success       [ratio]                           100.00%
Status Codes  [code:count]                      200:572  
Error Set:
Requests      [total, rate, throughput]         582, 10.02, 10.01
Duration      [total, attack, wait]             58.122s, 58.101s, 21.759ms
Latencies     [min, mean, 50, 90, 95, 99, max]  20.968ms, 21.538ms, 21.53ms, 21.855ms, 21.996ms, 22.208ms, 23.074ms
Bytes In      [total, mean]                     1164, 2.00
Bytes Out     [total, mean]                     0, 0.00
Success       [ratio]                           100.00%
Status Codes  [code:count]                      200:582  
Error Set:
Requests      [total, rate, throughput]         592, 10.02, 10.01
Duration      [total, attack, wait]             59.122s, 59.1s, 21.493ms
Latencies     [min, mean, 50, 90, 95, 99, max]  20.968ms, 21.537ms, 21.527ms, 21.859ms, 21.999ms, 22.203ms, 23.074ms
Bytes In      [total, mean]                     1184, 2.00
Bytes Out     [total, mean]                     0, 0.00
Success       [ratio]                           100.00%
Status Codes  [code:count]                      200:592  
Error Set:
Requests      [total, rate, throughput]         600, 10.02, 10.01
Duration      [total, attack, wait]             59.921s, 59.9s, 21.801ms
Latencies     [min, mean, 50, 90, 95, 99, max]  20.968ms, 21.537ms, 21.527ms, 21.856ms, 21.996ms, 22.199ms, 23.074ms
Bytes In      [total, mean]                     1200, 2.00
Bytes Out     [total, mean]                     0, 0.00
Success       [ratio]                           100.00%
Status Codes  [code:count]                      200:600  
Error Set:
