3.147746 266.987619
3.321081 241.572210
3.014375 9939.434896
3.109470 237.225740
3.001244 288.427153
3.210124 261.954865
3.063338 289.534359
3.010932 249.178532
3.059937 263.464691
3.037926 270.636366
3.090849 248.892580
3.021294 240.428402
3.031253 6756.623986
3.011916 290.641565
3.030389 291.195168
3.121856 245.118014
3.055834 13066.526064
3.079528 270.258910
3.003887 248.091914
3.051878 263.213054
3.141184 268.245808
3.065291 259.941763
3.016862 262.206503
3.030484 270.007272
3.021656 264.471242
3.083443 239.055833
3.027696 226.099610
3.001678 249.502611
3.065978 271.433219
3.037699 271.936495
3.050446 249.774946
6.021779 9497.054744
6.166655 251.332703
6.031437 273.026925
6.095395 250.036388
6.099766 278.462299
6.051590 228.033685
6.078409 251.294576
6.018179 250.570165
6.249043 6435.186118
6.077714 276.130457
6.222956 269.629816
6.023740 263.087235
6.137122 250.265149
6.228678 247.825026
6.111854 251.459793
6.055520 251.536047
6.233761 264.974518
6.068084 286.904745
6.087083 243.021033
6.109948 248.120510
6.382842 250.951434
6.135373 250.551101
6.014353 248.961208
6.093080 263.716329
6.092527 267.155378
6.264452 256.670473
6.303908 271.315788
6.037960 266.652103
6.182623 246.696469
6.058074 248.721009
6.330651 252.644270
9.196681 272.712378
9.039325 247.520011
9.197685 258.431937
9.056837 250.417657
9.087820 248.282549
9.102774 262.961416
9.501560 250.150768
9.100909 236.081932
9.084589 250.471035
9.114013 277.908696
9.102115 263.213054
9.141539 249.922007
9.038134 263.464691
9.176388 247.138741
9.276863 246.506924
9.093816 258.054480
9.173468 257.299567
9.143841 242.372875
9.044484 247.686383
9.053316 247.977534
9.154803 248.925260
9.269002 250.356654
9.044529 260.864435
9.310938 250.408125
9.346840 264.051846
9.261970 246.278162
9.357979 267.893515
9.258374 266.547253
9.332255 242.029733
9.070455 247.596264
9.397248 249.676905
12.112582 258.683575
12.122531 251.314761
12.042572 249.121341
12.272812 246.467707
12.113844 251.513806
12.164440 251.210697
12.169745 249.944883
12.164671 250.061806
12.049434 246.355406
12.180794 273.215653
12.345297 269.629816
12.070958 250.984114
12.220982 249.045088
12.109277 251.623421
12.209454 251.542401
12.159960 250.297829
12.121899 257.928662
12.152572 241.709467
12.472099 248.463652
12.234990 251.194493
12.204629 268.749083
12.049715 255.999439
12.269047 249.395855
12.368871 243.097287
12.666688 245.101674
12.326543 260.193401
12.280232 246.513460
12.408630 258.348058
12.377377 264.672552
12.541709 250.066889
12.111379 246.274531
15.148486 250.112642
15.288332 268.119989
15.294304 248.435057
15.371585 248.978365
15.521164 255.538103
15.135539 253.986337
15.177019 253.231424
15.076853 248.859900
15.118868 255.160647
15.186371 271.970046
15.210523 249.304351
15.225734 249.121341
15.217897 265.289065
15.182974 250.265149
15.100187 250.071582
15.154184 242.781378
15.258945 251.472502
15.129843 252.895907
15.068595 251.973236
15.295480 249.006961
15.300177 247.977534
15.399991 243.722569
15.361902 266.735982
15.358442 254.405734
15.316221 249.075589
15.439240 261.199952
15.440128 252.560390
15.565005 255.286466
15.138506 245.438280
15.567009 249.819064
15.670814 244.403134
18.432222 247.799608
18.261310 269.353014
18.160065 260.948314
18.260645 249.426357
18.164107 249.121341
18.178372 255.412284
18.088673 247.825026
18.191888 245.461156
18.282607 250.036388
18.216629 247.794524
18.230817 264.873863
18.100683 250.908541
18.224200 262.248442
18.298149 250.802739
18.083583 251.290001
18.168926 259.186850
18.300275 248.765490
18.302691 248.663818
18.465472 256.607564
18.289030 264.093786
18.409042 249.241169
18.525230 250.532038
18.474266 262.898507
18.334901 248.592330
18.482423 251.241199
18.460587 258.079644
18.148729 244.271596
18.618965 251.377404
18.574306 249.550269
18.664840 256.167198
18.780496 246.033060
21.340194 248.353356
21.184679 252.707179
21.088801 247.353638
21.328956 247.691582
21.269838 250.730842
21.171355 250.079280
21.331316 246.673593
21.284800 269.503997
21.092987 250.603716
21.174023 258.884885
21.231533 262.357485
21.287327 249.687799
21.291391 245.937743
21.318550 248.015661
21.332998 250.411557
21.343222 260.486978
21.200917 256.368508
21.400563 260.445039
21.445750 250.222256
21.441992 249.912475
21.344664 248.707392
21.522277 250.899146
21.476664 259.740453
21.490649 257.475714
21.266263 243.150665
21.545591 252.078085
21.540129 263.011744
21.616433 250.070278
21.721548 252.895907
21.737895 252.057115
21.786170 246.738409
24.161650 250.248204
24.401564 262.248442
24.101111 246.956905
24.340489 247.454650
24.235767 251.387511
24.400047 249.340571
24.217943 254.103768
24.187733 255.915560
24.270414 250.379530
24.333744 249.774946
24.376180 267.454947
24.420489 249.034194
24.333983 250.077238
24.340209 248.233208
24.310711 249.457756
24.334162 246.319012
24.489831 249.534872
24.510859 249.922007
24.376077 248.608916
24.364228 258.641635
24.419584 256.796292
24.505098 256.771128
24.612998 254.858681
24.539565 250.422014
24.580533 257.970601
24.548564 259.790781
24.657116 249.893412
24.290435 244.546110
24.747618 251.364476
24.760078 250.987554
24.798442 248.731101
27.107624 248.735306
27.258353 250.997186
27.226992 251.533736
27.329511 250.736970
27.239159 252.543614
27.357145 248.103352
27.362536 248.592330
27.427800 245.513948
27.219265 249.847068
27.409983 259.114954
27.360454 249.857668
27.331389 249.109903
27.537367 250.915690
27.432978 265.657534
27.403957 259.899824
27.408140 249.011536
27.470225 249.567971
27.442806 257.626696
27.346049 249.308510
27.536525 249.516475
27.514153 249.342478
27.543593 250.101748
27.524136 254.254751
27.634921 256.469163
27.744945 255.202586
27.624369 256.251077
27.670217 249.507377
27.316603 243.219293
27.834394 251.603828
27.749365 250.932370
27.828719 249.451775
3.144811 272.859166
#type       avg     std     min     5th    10th    90th    95th    99th
read      187.2   137.9    54.8   127.5   145.8   223.9   234.1   250.8
update    190.6    30.5    66.3   133.1   151.9   227.8   241.0   259.4
op_q        1.0     0.1     1.0     1.0     1.0     1.1     1.1     1.1

Total QPS = 1506.1 (45183 / 30.0s)

Misses = 0 (0.0%)
Skipped TXs = 0 (0.0%)

RX    8011782 bytes :    0.3 MB/s
TX    4997639 bytes :    0.2 MB/s
