3.000214 3437.500000 10236 3411.757098 109.176227
3.000569 3437.500000 10180 3392.690403 108.566093
3.000798 3437.500000 10176 3391.098379 108.515148
3.000040 3437.500000 10170 3389.954439 108.478542
3.000056 3437.500000 10210 3403.269714 108.904631
3.000010 3437.500000 10155 3384.988876 108.319644
3.000240 3437.500000 10392 3463.722840 110.839131
3.000295 3437.500000 10400 3466.325336 110.922411
3.000289 3437.500000 10068 3355.676985 107.381664
3.000127 3437.500000 10427 3475.519067 111.216610
3.000166 3437.500000 10292 3430.476969 109.775263
3.000217 3437.500000 10445 3481.414752 111.405272
3.000078 3437.500000 10439 3479.576465 111.346447
3.001323 3437.500000 10350 3448.479209 110.351335
3.000427 3437.500000 10379 3459.173897 110.693565
3.000347 3437.500000 10323 3440.601844 110.099259
3.000218 3437.500000 10238 3412.418487 109.197392
3.000496 3437.500000 10550 3516.085139 112.514724
3.000663 3437.500000 10247 3414.912130 109.277188
3.000674 3437.500000 10000 3332.584732 106.642711
3.000282 3437.500000 10213 3404.013201 108.928422
3.000508 3437.500000 10181 3393.092643 108.578965
3.000165 3437.500000 10268 3422.478715 109.519319
3.000190 3437.500000 10374 3457.780471 110.648975
3.000207 3437.500000 10534 3511.090923 112.354910
3.000472 3437.500000 10266 3421.462110 109.486788
3.000148 3437.500000 10235 3411.498846 109.167963
3.001542 3437.500000 10169 3387.925548 108.413618
3.000355 3437.500000 10236 3411.596275 109.171081
3.000036 3437.500000 10196 3398.625658 108.756021
3.000933 3437.500000 10320 3438.930391 110.045773
3.000033 3437.500000 10295 3431.629456 109.812143
6.000469 3437.500000 10384 3460.981911 110.751421
6.000309 3437.500000 10478 3492.635314 111.764330
6.000346 3437.500000 10432 3477.079939 111.266558
6.000869 3437.500000 10412 3469.853620 111.035316
6.000191 3437.500000 10325 3441.617134 110.131748
6.000796 3437.500000 10108 3369.078019 107.810497
6.000233 3437.500000 10252 3417.156309 109.349002
6.000300 3437.500000 10211 3403.542301 108.913354
6.000471 3437.500000 10355 3451.135951 110.436350
6.001445 3437.500000 10308 3434.926484 109.917647
6.000574 3437.500000 10359 3452.910733 110.493143
6.000444 3437.500000 10322 3440.402656 110.092885
6.000309 3437.500000 10329 3442.984421 110.175501
6.001150 3437.500000 10359 3451.926968 110.461663
6.000697 3437.500000 10299 3432.439433 109.838062
6.000461 3437.500000 10467 3488.799741 111.641592
6.001087 3437.500000 10257 3417.807291 109.369833
6.000353 3437.500000 10344 3447.992917 110.335773
6.000765 3437.500000 10384 3460.944333 110.750219
6.000398 3437.500000 10223 3407.486710 109.039575
6.000566 3437.500000 10329 3442.414884 110.157276
6.000530 3437.500000 10451 3483.304859 111.465755
6.001065 3437.500000 10361 3453.204295 110.502537
6.000137 3437.500000 10255 3418.218643 109.382997
6.000811 3437.500000 10294 3431.176226 109.797639
6.000893 3437.500000 10425 3474.889070 111.196450
6.000529 3437.500000 10421 3473.600333 111.155211
6.001633 3437.500000 10296 3431.645927 109.812670
6.000356 3437.500000 10516 3505.332642 112.170645
6.001645 3437.500000 10259 3419.549007 109.425568
6.001484 3437.500000 10250 3416.039653 109.313269
6.000907 3437.500000 10305 3433.998499 109.887952
9.000878 3437.500000 10437 3478.383046 111.308257
9.001205 3437.500000 10463 3486.676969 111.573663
9.000645 3437.500000 10118 3372.289139 107.913252
9.000737 3437.500000 10213 3403.713659 108.918837
9.000386 3437.500000 10271 3423.579310 109.554538
9.001733 3437.500000 10430 3475.006470 111.200207
9.000793 3437.500000 10112 3370.558457 107.857871
9.000575 3437.500000 10271 3423.664909 109.557277
9.000519 3437.500000 10250 3416.611769 109.331577
9.000910 3437.500000 10432 3476.549534 111.249585
9.000953 3437.500000 10400 3466.485409 110.927533
9.000603 3437.500000 10404 3467.816068 110.970114
9.000898 3437.500000 10188 3395.848522 108.667153
9.001726 3437.500000 10299 3431.432228 109.805831
9.000668 3437.500000 10271 3423.430093 109.549763
9.000471 3437.500000 10321 3440.331254 110.090600
9.001016 3437.500000 10263 3420.832467 109.466639
9.000567 3437.500000 10286 3428.622648 109.715925
9.001214 3437.500000 10332 3443.828698 110.202518
9.002446 3437.500000 10337 3444.178601 110.213715
9.001467 3437.500000 10199 3398.160018 108.741121
9.001097 3437.500000 10197 3398.989343 108.767659
9.001460 3437.500000 10303 3433.268296 109.864585
9.001026 3437.500000 10145 3381.516674 108.208534
9.000404 3437.500000 10336 3445.327419 110.250477
9.002037 3437.500000 10255 3417.872511 109.371920
9.001688 3437.500000 10177 3392.058379 108.545868
9.000610 3437.500000 10424 3474.615776 111.187705
9.000881 3437.500000 10225 3408.254302 109.064138
9.002088 3437.500000 10282 3426.827237 109.658472
9.001850 3437.500000 10365 3454.578402 110.546509
9.001184 3437.500000 10391 3463.347711 110.827127
12.002073 3437.500000 10340 3446.276796 110.280857
12.000884 3437.500000 10525 3507.750261 112.248008
12.000935 3437.500000 10214 3404.363994 108.939648
12.000707 3437.500000 10358 3452.450223 110.478407
12.001297 3437.500000 10413 3470.551651 111.057653
12.000678 3437.500000 10435 3478.094090 111.299011
12.001377 3437.500000 10164 3387.521111 108.400676
12.001736 3437.500000 10171 3389.204575 108.454546
12.001915 3437.500000 10334 3442.932077 110.173826
12.000729 3437.500000 10414 3471.145948 111.076670
12.001343 3437.500000 10286 3428.519222 109.712615
12.000765 3437.500000 10432 3477.193926 111.270206
12.000729 3437.500000 10317 3438.824043 110.042369
12.001384 3437.500000 10416 3471.415213 111.085287
12.001131 3437.500000 10112 3370.537351 107.857195
12.001039 3437.500000 10123 3374.057477 107.969839
12.001098 3437.500000 10519 3506.332129 112.202628
12.000938 3437.500000 10323 3440.954200 110.110534
12.000776 3437.500000 10304 3434.468410 109.902989
12.002190 3437.500000 10293 3430.166265 109.765320
12.001230 3437.500000 10255 3418.304972 109.385759
12.001474 3437.500000 10216 3404.659745 108.949112
12.001753 3437.500000 10245 3414.925924 109.277630
12.002248 3437.500000 10361 3453.482262 110.511432
12.001089 3437.500000 10465 3488.260472 111.624335
12.001769 3437.500000 10378 3457.997525 110.655921
12.002716 3437.500000 10346 3447.886088 110.332355
12.001751 3437.500000 10269 3422.972115 109.535108
12.002493 3437.500000 10319 3438.491046 110.031713
12.002673 3437.500000 10454 3484.402959 111.500895
12.002292 3437.500000 10512 3503.484162 112.111493
12.001474 3437.500000 10381 3459.998144 110.719941
15.003563 3437.500000 10132 3374.381202 107.980198
15.002673 3437.500000 10210 3401.362680 108.843606
15.001063 3437.500000 10225 3407.895085 109.052643
15.001036 3437.500000 10070 3356.497025 107.407905
15.001134 3437.500000 10409 3469.614829 111.027675
15.000817 3437.500000 10576 3525.204349 112.806539
15.001695 3437.500000 10253 3416.607986 109.331456
15.000814 3437.500000 10357 3452.235035 110.471521
15.001554 3437.500000 10398 3465.703329 110.902507
15.002050 3437.500000 10503 3499.927271 111.997673
15.001667 3437.500000 10313 3437.166094 109.989315
15.001500 3437.500000 10509 3502.863886 112.091644
15.001890 3437.500000 10102 3367.179967 107.749759
15.002301 3437.500000 10264 3420.279469 109.448943
15.001355 3437.500000 10366 3455.319336 110.570219
15.001847 3437.500000 10333 3444.206010 110.214592
15.001174 3437.500000 10487 3495.577213 111.858471
15.001241 3437.500000 10445 3481.431511 111.405808
15.000804 3437.500000 10445 3481.634066 111.412290
15.002861 3437.500000 10202 3399.408843 108.781083
15.002708 3437.500000 10330 3441.064281 110.114057
15.002792 3437.500000 10442 3479.831833 111.354619
15.002208 3437.500000 10240 3412.999858 109.215995
15.002323 3437.500000 10261 3420.181563 109.445810
15.001806 3437.500000 10438 3478.949237 111.326376
15.002264 3437.500000 10275 3424.982332 109.599435
15.002955 3437.500000 10325 3441.393164 110.124581
15.002423 3437.500000 10461 3486.239245 111.559656
15.003000 3437.500000 10374 3457.623203 110.643942
15.002635 3437.500000 10433 3477.501154 111.280037
15.002498 3437.500000 10366 3455.095758 110.563064
15.001792 3437.500000 10461 3486.631162 111.572197
18.001182 3437.500000 10524 3507.828646 112.250517
18.000819 3437.500000 10039 3346.327609 107.082484
18.001731 3437.500000 10345 3447.283786 110.313081
18.002325 3437.500000 10214 3404.355425 108.939374
18.001612 3437.500000 10388 3462.161358 110.789163
18.001216 3437.500000 10437 3478.822634 111.322324
18.001456 3437.500000 10329 3442.884508 110.172304
18.001390 3437.500000 9966 3321.835868 106.298748
18.002452 3437.500000 10218 3404.981106 108.959395
18.001794 3437.500000 10313 3437.553147 110.001701
18.001088 3437.500000 10408 3469.004662 111.008149
18.001743 3437.500000 10256 3418.389993 109.388480
18.002206 3437.500000 10253 3417.052807 109.345690
18.003996 3437.500000 10619 3537.667928 113.205374
18.002997 3437.500000 10363 3453.960716 110.526743
18.001377 3437.500000 10336 3445.054352 110.241739
18.004375 3437.500000 10161 3384.798461 108.313551
18.002131 3437.500000 10372 3457.005967 110.624191
18.003219 3437.500000 10451 3482.123560 111.427954
18.003107 3437.500000 10338 3445.824720 110.266391
18.003056 3437.500000 10209 3402.168552 108.869394
18.002176 3437.500000 10185 3394.580990 108.626592
18.002355 3437.500000 10258 3419.229262 109.415336
18.003065 3437.500000 10265 3421.355790 109.483385
18.002289 3437.500000 10361 3453.573210 110.514343
18.003375 3437.500000 10527 3508.560595 112.273939
18.002820 3437.500000 10402 3467.120432 110.947854
18.004411 3437.500000 10164 3387.042308 108.385354
18.002892 3437.500000 10266 3421.789519 109.497265
18.002892 3437.500000 10435 3478.296866 111.305500
18.002683 3437.500000 10233 3410.789502 109.145264
18.001913 3437.500000 10256 3418.528236 109.392904
21.004780 3437.500000 10193 3396.076665 108.674453
21.002736 3437.500000 10410 3468.243467 110.983791
21.001562 3437.500000 10153 3384.138692 108.292438
21.000884 3437.500000 10332 3443.925803 110.205626
21.001816 3437.500000 10382 3460.640731 110.740503
21.001258 3437.500000 10355 3451.579459 110.450543
21.001999 3437.500000 10194 3397.695825 108.726266
21.001632 3437.500000 10487 3495.644173 111.860614
21.001627 3437.500000 10472 3490.467111 111.694948
21.001144 3437.500000 10346 3448.602824 110.355290
21.001912 3437.500000 10285 3428.140018 109.700481
21.001800 3437.500000 10574 3524.169314 112.773418
21.003183 3437.500000 10319 3438.545964 110.033471
21.002375 3437.500000 10232 3410.608864 109.139484
21.003748 3437.500000 10260 3418.157158 109.381029
21.002532 3437.500000 10476 3491.906638 111.741012
21.002280 3437.500000 10241 3413.547639 109.233524
21.003601 3437.500000 10314 3437.307323 109.993834
21.002385 3437.500000 10557 3518.965024 112.606881
21.003503 3437.500000 10354 3450.877955 110.428095
21.002479 3437.500000 10556 3518.444535 112.590225
21.003163 3437.500000 10511 3503.541357 112.113323
21.003787 3437.500000 10265 3420.563870 109.458044
21.004330 3437.500000 10373 3456.010229 110.592327
21.002922 3437.500000 10194 3397.966458 108.734927
21.003228 3437.500000 10171 3390.324190 108.490374
21.003127 3437.500000 10405 3468.261936 110.984382
21.004261 3437.500000 10194 3397.699840 108.726395
21.005994 3437.500000 10167 3387.212924 108.390814
21.004594 3437.500000 10318 3439.081448 110.050606
21.002951 3437.500000 10353 3450.691607 110.422131
21.002025 3437.500000 10216 3405.206311 108.966602
24.002087 3437.500000 10293 3429.624663 109.747989
24.001422 3437.500000 10052 3350.483305 107.215466
24.001665 3437.500000 10282 3427.289785 109.673273
24.001288 3437.500000 10492 3497.165821 111.909306
24.001673 3437.500000 10181 3393.619501 108.595824
24.002125 3437.500000 10392 3463.854706 110.843351
24.002834 3437.500000 10221 3406.656648 109.013013
24.001907 3437.500000 10321 3440.229734 110.087351
24.002942 3437.500000 10552 3516.668921 112.533405
24.001855 3437.500000 10386 3461.936951 110.781982
24.001888 3437.500000 10217 3405.296337 108.969483
24.002199 3437.500000 10123 3374.010366 107.968332
24.002999 3437.500000 10409 3469.065489 111.010096
24.003714 3437.500000 10440 3479.080751 111.330584
24.002793 3437.500000 10392 3463.934062 110.845890
24.002471 3437.500000 10344 3447.900746 110.332824
24.003403 3437.500000 10281 3426.799318 109.657578
24.003702 3437.500000 10030 3342.733183 106.967462
24.004683 3437.500000 10291 3429.265282 109.736489
24.002345 3437.500000 10426 3475.258744 111.208280
24.003339 3437.500000 10317 3438.756237 110.040200
24.003340 3437.500000 10366 3455.153108 110.564899
24.003666 3437.500000 10216 3405.259962 108.968319
24.003678 3437.500000 10293 3430.800102 109.785603
24.004863 3437.500000 10277 3424.980124 109.599364
24.004450 3437.500000 10359 3452.236479 110.471567
24.004909 3437.500000 10187 3395.520595 108.656659
24.004370 3437.500000 10299 3432.954512 109.854544
24.006036 3437.500000 10321 3440.285615 110.089140
24.003280 3437.500000 10333 3443.955306 110.206570
24.004776 3437.500000 10359 3452.791301 110.489322
24.002086 3437.500000 10334 3444.596380 110.227084
27.001855 3437.500000 10352 3450.448655 110.414357
27.001824 3437.500000 10349 3449.493710 110.383799
27.001305 3437.500000 10309 3436.313548 109.962034
27.002273 3437.500000 10173 3390.038313 108.481226
27.002005 3437.500000 10160 3386.534600 108.369107
27.002306 3437.500000 10618 3538.862061 113.243586
27.002650 3437.500000 10130 3376.464923 108.046878
27.002263 3437.500000 10385 3461.463843 110.766843
27.002613 3437.500000 10292 3430.193112 109.766180
27.003355 3437.500000 10349 3448.253287 110.344105
27.002464 3437.500000 10402 3466.629835 110.932155
27.002617 3437.500000 10218 3405.691429 108.982126
27.003786 3437.500000 10407 3468.874895 111.003997
27.002920 3437.500000 10414 3471.186295 111.077961
27.003361 3437.500000 10546 3514.716715 112.470935
27.003039 3437.500000 10330 3443.221871 110.183100
27.003548 3437.500000 10241 3413.430118 109.229764
27.003899 3437.500000 10451 3483.017538 111.456561
27.003551 3437.500000 10179 3392.833031 108.570657
27.004181 3437.500000 10215 3403.658464 108.917071
27.003725 3437.500000 10414 3471.264849 111.080475
27.003719 3437.500000 10272 3423.994622 109.567828
27.003728 3437.500000 10482 3493.969801 111.807034
27.004759 3437.500000 10181 3393.580832 108.594587
27.005159 3437.500000 10272 3423.715264 109.558888
27.004606 3437.500000 10185 3394.732267 108.631433
27.005561 3437.500000 10188 3395.209908 108.646717
27.005925 3437.500000 10195 3396.664158 108.693253
27.004757 3437.500000 10084 3359.679182 107.509734
27.006077 3437.500000 10197 3398.952665 108.766485
27.005133 3437.500000 10186 3394.929391 108.637741
27.003476 3437.500000 10172 3389.097213 108.451111
#type       avg     std     min     5th    10th    90th    95th    99th
read     1040.4   258.0   142.0   673.8   719.3  1337.7  1385.2  1789.2
update   1041.5   257.4   142.0   673.9   719.2  1340.3  1387.8  1807.5
op_q        5.1     2.4     1.0     2.0     2.1     8.0     9.8    12.1

Total QPS = 220044.5 (6601334 / 30.0s)

Misses = 0 (0.0%)
Skipped TXs = 0 (0.0%)

RX 1137905373 bytes :   36.2 MB/s
TX  731023891 bytes :   23.2 MB/s
