Running 3m test @ http://frontend.default.svc.cluster.local:5000
  32 threads and 32 connections
  Thread calibration: mean lat.: 5.296ms, rate sampling interval: 23ms
  Thread calibration: mean lat.: 4.579ms, rate sampling interval: 19ms
  Thread calibration: mean lat.: 4.918ms, rate sampling interval: 20ms
  Thread calibration: mean lat.: 4.541ms, rate sampling interval: 20ms
  Thread calibration: mean lat.: 5.133ms, rate sampling interval: 22ms
  Thread calibration: mean lat.: 3.997ms, rate sampling interval: 16ms
  Thread calibration: mean lat.: 4.610ms, rate sampling interval: 21ms
  Thread calibration: mean lat.: 4.190ms, rate sampling interval: 18ms
  Thread calibration: mean lat.: 4.913ms, rate sampling interval: 18ms
  Thread calibration: mean lat.: 4.979ms, rate sampling interval: 20ms
  Thread calibration: mean lat.: 4.583ms, rate sampling interval: 18ms
  Thread calibration: mean lat.: 4.572ms, rate sampling interval: 20ms
  Thread calibration: mean lat.: 4.619ms, rate sampling interval: 19ms
  Thread calibration: mean lat.: 4.713ms, rate sampling interval: 19ms
  Thread calibration: mean lat.: 5.195ms, rate sampling interval: 22ms
  Thread calibration: mean lat.: 5.072ms, rate sampling interval: 22ms
  Thread calibration: mean lat.: 4.663ms, rate sampling interval: 21ms
  Thread calibration: mean lat.: 5.077ms, rate sampling interval: 22ms
  Thread calibration: mean lat.: 4.983ms, rate sampling interval: 20ms
  Thread calibration: mean lat.: 4.641ms, rate sampling interval: 18ms
  Thread calibration: mean lat.: 4.909ms, rate sampling interval: 22ms
  Thread calibration: mean lat.: 4.581ms, rate sampling interval: 18ms
  Thread calibration: mean lat.: 4.967ms, rate sampling interval: 19ms
  Thread calibration: mean lat.: 5.046ms, rate sampling interval: 22ms
  Thread calibration: mean lat.: 4.652ms, rate sampling interval: 20ms
  Thread calibration: mean lat.: 5.034ms, rate sampling interval: 22ms
  Thread calibration: mean lat.: 4.811ms, rate sampling interval: 20ms
  Thread calibration: mean lat.: 4.698ms, rate sampling interval: 21ms
  Thread calibration: mean lat.: 4.443ms, rate sampling interval: 20ms
  Thread calibration: mean lat.: 4.692ms, rate sampling interval: 19ms
  Thread calibration: mean lat.: 5.119ms, rate sampling interval: 21ms
  Thread calibration: mean lat.: 5.236ms, rate sampling interval: 21ms
  Thread Stats   Avg      Stdev     99%   +/- Stdev
    Latency     4.70ms    3.73ms  16.53ms   83.53%
    Req/Sec    18.40     30.71   111.00     83.15%
  103947 requests in 3.00m, 43.03MB read
Requests/sec:    577.45
Transfer/sec:    244.80KB
