Running 3m test @ http://frontend.default.svc.cluster.local:5000
  32 threads and 32 connections
  Thread calibration: mean lat.: 5.029ms, rate sampling interval: 21ms
  Thread calibration: mean lat.: 5.123ms, rate sampling interval: 22ms
  Thread calibration: mean lat.: 5.013ms, rate sampling interval: 21ms
  Thread calibration: mean lat.: 4.649ms, rate sampling interval: 19ms
  Thread calibration: mean lat.: 4.657ms, rate sampling interval: 18ms
  Thread calibration: mean lat.: 5.135ms, rate sampling interval: 21ms
  Thread calibration: mean lat.: 5.250ms, rate sampling interval: 25ms
  Thread calibration: mean lat.: 4.718ms, rate sampling interval: 20ms
  Thread calibration: mean lat.: 4.435ms, rate sampling interval: 19ms
  Thread calibration: mean lat.: 5.159ms, rate sampling interval: 20ms
  Thread calibration: mean lat.: 4.657ms, rate sampling interval: 20ms
  Thread calibration: mean lat.: 5.079ms, rate sampling interval: 20ms
  Thread calibration: mean lat.: 4.571ms, rate sampling interval: 18ms
  Thread calibration: mean lat.: 4.222ms, rate sampling interval: 17ms
  Thread calibration: mean lat.: 4.641ms, rate sampling interval: 20ms
  Thread calibration: mean lat.: 4.384ms, rate sampling interval: 17ms
  Thread calibration: mean lat.: 5.190ms, rate sampling interval: 20ms
  Thread calibration: mean lat.: 4.059ms, rate sampling interval: 17ms
  Thread calibration: mean lat.: 4.285ms, rate sampling interval: 18ms
  Thread calibration: mean lat.: 4.453ms, rate sampling interval: 18ms
  Thread calibration: mean lat.: 5.154ms, rate sampling interval: 21ms
  Thread calibration: mean lat.: 5.311ms, rate sampling interval: 20ms
  Thread calibration: mean lat.: 5.174ms, rate sampling interval: 20ms
  Thread calibration: mean lat.: 4.816ms, rate sampling interval: 19ms
  Thread calibration: mean lat.: 5.308ms, rate sampling interval: 21ms
  Thread calibration: mean lat.: 5.364ms, rate sampling interval: 21ms
  Thread calibration: mean lat.: 5.192ms, rate sampling interval: 23ms
  Thread calibration: mean lat.: 5.447ms, rate sampling interval: 21ms
  Thread calibration: mean lat.: 5.002ms, rate sampling interval: 19ms
  Thread calibration: mean lat.: 5.431ms, rate sampling interval: 21ms
  Thread calibration: mean lat.: 4.120ms, rate sampling interval: 18ms
  Thread calibration: mean lat.: 5.094ms, rate sampling interval: 21ms
  Thread Stats   Avg      Stdev     99%   +/- Stdev
    Latency     4.77ms    3.81ms  17.01ms   83.73%
    Req/Sec    18.41     30.91   117.00     82.51%
  103944 requests in 3.00m, 42.96MB read
Requests/sec:    577.43
Transfer/sec:    244.39KB
