3.002418 5312.500000 16072 5353.018582 171.296595
3.000472 5312.500000 15965 5320.828843 170.266523
3.000223 5312.500000 15835 5277.940982 168.894111
3.000028 5312.500000 15839 5279.617886 168.947772
3.000051 5312.500000 15928 5309.242834 169.895771
3.000068 5312.500000 15878 5292.546934 169.361502
3.000085 5312.500000 15852 5283.850425 169.083214
3.000317 5312.500000 15979 5325.771414 170.424685
3.000155 5312.500000 16058 5352.390468 171.276495
3.000147 5312.500000 16101 5366.736282 171.735561
3.000257 5312.500000 16081 5359.873766 171.515960
3.000256 5312.500000 15934 5310.880225 169.948167
3.000008 5312.500000 16036 5345.319604 171.050227
3.000329 5312.500000 15938 5312.083318 169.986666
3.000008 5312.500000 15752 5250.652846 168.020891
3.000039 5312.500000 15918 5305.931382 169.789804
3.000009 5312.500000 15886 5295.318103 169.450179
3.000231 5312.500000 15882 5293.592376 169.394956
3.000038 5312.500000 15774 5257.932860 168.253852
3.000217 5312.500000 15774 5257.619403 168.243821
3.000037 5312.500000 15910 5303.268673 169.704598
3.000401 5312.500000 15883 5293.626412 169.396045
3.000010 5312.500000 15849 5282.982990 169.055456
3.000062 5312.500000 16104 5367.888713 171.772439
3.000052 5312.500000 15814 5271.241538 168.679729
3.000014 5312.500000 15748 5249.308285 167.977865
3.001236 5312.500000 16055 5349.461910 171.182781
3.000105 5312.500000 15752 5250.483036 168.015457
3.000243 5312.500000 15961 5319.902548 170.236882
3.000006 5312.500000 15950 5316.655345 170.132971
3.000362 5312.500000 15876 5291.361246 169.323560
3.000385 5312.500000 16094 5363.978411 171.647309
6.000538 5312.500000 15714 5237.209769 167.590713
6.000214 5312.500000 15626 5208.412154 166.669189
6.000182 5312.500000 15829 5276.082218 168.834631
6.000211 5312.500000 15816 5271.696916 168.694301
6.000092 5312.500000 16020 5339.850405 170.875213
6.000654 5312.500000 15822 5272.941806 168.734138
6.000467 5312.500000 15914 5304.401388 169.740844
6.000040 5312.500000 15940 5313.279947 170.024958
6.000133 5312.500000 15921 5306.874667 169.819989
6.000157 5312.500000 16295 5431.571513 173.810288
6.000349 5312.500000 15895 5298.299368 169.545580
6.000273 5312.500000 15836 5278.568093 168.914179
6.000274 5312.500000 15891 5296.580798 169.490586
6.000043 5312.500000 16110 5369.938551 171.838034
6.000105 5312.500000 15618 5205.906589 166.589011
6.000197 5312.500000 16155 5384.696462 172.310287
6.000199 5312.500000 15980 5326.338342 170.442827
6.000078 5312.500000 15919 5306.208466 169.798671
6.000299 5312.500000 15792 5263.926268 168.445641
6.000294 5312.500000 15809 5269.422287 168.621513
6.000434 5312.500000 15833 5277.163355 168.869227
6.000369 5312.500000 15985 5328.087592 170.498803
6.000711 5312.500000 16037 5345.241349 171.047723
6.000794 5312.500000 16096 5363.924213 171.645575
6.000771 5312.500000 16012 5336.673954 170.773567
6.000555 5312.500000 16264 5420.792415 173.465357
6.000684 5312.500000 16189 5395.503542 172.656113
6.000358 5312.500000 15810 5269.797830 168.633531
6.001326 5312.500000 16057 5352.173283 171.269545
6.002520 5312.500000 15658 5219.155248 167.012968
6.000413 5312.500000 15936 5311.909527 169.981105
6.000969 5312.500000 15786 5260.976262 168.351240
9.000566 5312.500000 16176 5391.761162 172.536357
9.000262 5312.500000 16088 5362.523272 171.600745
9.000823 5312.500000 15760 5251.967934 168.062974
9.000100 5312.500000 15870 5289.894309 169.276618
9.000603 5312.500000 16074 5357.300003 171.433600
9.000309 5312.500000 15979 5325.971017 170.431073
9.000508 5312.500000 16091 5362.922847 171.613531
9.000249 5312.500000 16087 5362.239521 171.591665
9.000444 5312.500000 15968 5322.399840 170.316795
9.000283 5312.500000 15866 5288.306856 169.225819
9.000819 5312.500000 15991 5329.364491 170.539664
9.000225 5312.500000 16075 5358.169051 171.461410
9.000683 5312.500000 15766 5254.614794 168.147673
9.000478 5312.500000 15815 5271.353175 168.683302
9.000361 5312.500000 15952 5316.972057 170.143106
9.000534 5312.500000 15706 5234.749542 167.511985
9.000907 5312.500000 16157 5385.315348 172.330091
9.000603 5312.500000 16055 5351.549718 171.249591
9.000386 5312.500000 15793 5264.284864 168.457116
9.000512 5312.500000 16048 5349.251537 171.176049
9.000349 5312.500000 16071 5356.998644 171.423957
9.000255 5312.500000 16021 5340.261918 170.888381
9.000389 5312.500000 15900 5299.966020 169.598913
9.000881 5312.500000 16109 5369.314599 171.818067
9.001454 5312.500000 15638 5211.481477 166.767407
9.000613 5312.500000 16294 5431.228691 173.799318
9.001098 5312.500000 16002 5333.211953 170.662782
9.000534 5312.500000 15907 5302.120489 169.667856
9.001009 5312.500000 15985 5327.952328 170.494475
9.001385 5312.500000 16104 5367.895072 171.772642
9.002581 5312.500000 16044 5347.891653 171.132533
9.001060 5312.500000 15654 5217.840510 166.970896
12.000702 5312.500000 15727 5242.160525 167.749137
12.000610 5312.500000 16107 5368.763155 171.800421
12.000475 5312.500000 15848 5282.226470 169.031247
12.000356 5312.500000 16071 5356.809189 171.417894
12.001233 5312.500000 15704 5232.689591 167.446067
12.000651 5312.500000 16114 5371.247011 171.879904
12.000302 5312.500000 16102 5367.248505 171.751952
12.001553 5312.500000 15761 5251.939191 168.062054
12.000419 5312.500000 15700 5233.279509 167.464944
12.000916 5312.500000 15879 5292.000324 169.344010
12.000628 5312.500000 15950 5316.453821 170.126522
12.000567 5312.500000 15951 5316.496302 170.127882
12.000398 5312.500000 15804 5267.844364 168.571020
12.000971 5312.500000 16171 5389.510317 172.464330
12.000776 5312.500000 15856 5285.170176 169.125446
12.000291 5312.500000 16172 5390.613703 172.499638
12.000504 5312.500000 16036 5345.227326 171.047274
12.000890 5312.500000 15736 5244.409211 167.821095
12.000901 5312.500000 15956 5318.521958 170.192703
12.000535 5312.500000 15843 5280.997173 168.991910
12.001120 5312.500000 16042 5346.803768 171.097721
12.000958 5312.500000 16244 5414.574138 173.266372
12.000525 5312.500000 16040 5346.417796 171.085369
12.001029 5312.500000 16139 5378.920643 172.125461
12.000973 5312.500000 15950 5316.503110 170.128100
12.001121 5312.500000 15824 5274.624779 168.787993
12.001714 5312.500000 15796 5264.756214 168.472199
12.001034 5312.500000 16012 5337.288091 170.793219
12.002669 5312.500000 15871 5290.178377 169.285708
12.001457 5312.500000 16120 5373.326457 171.946447
12.000552 5312.500000 15964 5321.301181 170.281638
12.001091 5312.500000 16030 5343.278640 170.984916
15.000992 5312.500000 15880 5293.272907 169.384733
15.000839 5312.500000 15867 5288.222624 169.223124
15.000643 5312.500000 15885 5294.380089 169.420163
15.000473 5312.500000 16105 5368.123635 171.779956
15.000509 5312.500000 15943 5314.324568 170.058386
15.000357 5312.500000 16120 5373.234656 171.943509
15.000716 5312.500000 15899 5299.142005 169.572544
15.000591 5312.500000 16018 5339.290361 170.857292
15.000907 5312.500000 15995 5331.635596 170.612339
15.000755 5312.500000 16002 5333.741341 170.679723
15.000713 5312.500000 15817 5272.184695 168.709910
15.000709 5312.500000 15944 5314.252621 170.056084
15.000746 5312.500000 15968 5322.498892 170.319965
15.000803 5312.500000 15817 5272.285342 168.713131
15.000992 5312.500000 15837 5278.865751 168.923704
15.000703 5312.500000 15861 5286.996972 169.183903
15.001083 5312.500000 15877 5292.011906 169.344381
15.001779 5312.500000 16044 5346.560078 171.089923
15.000588 5312.500000 15970 5323.239755 170.343672
15.001156 5312.500000 16089 5361.872631 171.579924
15.001503 5312.500000 15651 5216.530363 166.928972
15.001148 5312.500000 16076 5358.616788 171.475737
15.001003 5312.500000 16223 5407.613383 173.043628
15.001913 5312.500000 16217 5405.018351 172.960587
15.001349 5312.500000 15803 5267.106050 168.547394
15.001561 5312.500000 15800 5266.485461 168.527535
15.001864 5312.500000 15963 5319.684067 170.229890
15.001047 5312.500000 16089 5362.977172 171.615269
15.000929 5312.500000 16095 5364.325939 171.658430
15.001789 5312.500000 15792 5263.867267 168.443753
15.002710 5312.500000 15827 5275.594973 168.819039
15.001171 5312.500000 15885 5294.859067 169.435490
18.001430 5312.500000 15971 5323.167073 170.341346
18.000521 5312.500000 16078 5359.312334 171.497995
18.000764 5312.500000 15997 5332.241202 170.631718
18.000474 5312.500000 15977 5325.666058 170.421314
18.000874 5312.500000 15850 5283.108079 169.059459
18.000713 5312.500000 16057 5351.697907 171.254333
18.001235 5312.500000 15806 5267.909390 168.573100
18.000674 5312.500000 15869 5289.611074 169.267554
18.000881 5312.500000 15830 5276.376766 168.844057
18.000987 5312.500000 15822 5273.859488 168.763504
18.001270 5312.500000 16202 5399.740910 172.791709
18.001085 5312.500000 15937 5312.168970 169.989407
18.000941 5312.500000 15813 5270.591768 168.658937
18.001159 5312.500000 15961 5319.766104 170.232515
18.001095 5312.500000 16035 5344.979859 171.039355
18.000642 5312.500000 15904 5301.242389 169.639756
18.000845 5312.500000 15966 5321.748585 170.295955
18.000588 5312.500000 15885 5294.999388 169.439980
18.001114 5312.500000 15813 5270.786359 168.665163
18.001733 5312.500000 15736 5244.325557 167.818418
18.001163 5312.500000 16124 5374.379371 171.980140
18.001153 5312.500000 16066 5355.143876 171.364604
18.001525 5312.500000 15724 5241.025151 167.712805
18.002357 5312.500000 15847 5280.830918 168.986589
18.001914 5312.500000 15900 5299.997977 169.599935
18.001734 5312.500000 15861 5286.694786 169.174233
18.001855 5312.500000 15873 5290.865442 169.307694
18.002104 5312.500000 15834 5277.577410 168.882477
18.002250 5312.500000 15787 5261.525341 168.368811
18.002827 5312.500000 15929 5309.458738 169.902680
18.000953 5312.500000 16002 5333.957492 170.686640
18.001174 5312.500000 15711 5236.994549 167.583826
21.000978 5312.500000 15555 5184.770645 165.912661
21.000719 5312.500000 15811 5269.984618 168.639508
21.000719 5312.500000 15823 5274.323297 168.778345
21.000892 5312.500000 15998 5332.440584 170.638099
21.000714 5312.500000 16106 5368.442155 171.790149
21.000868 5312.500000 16036 5344.932112 171.037828
21.000712 5312.500000 15933 5310.578981 169.938527
21.000935 5312.500000 15952 5316.871699 170.139894
21.000911 5312.500000 16010 5336.599901 170.771197
21.001411 5312.500000 15841 5280.022176 168.960710
21.000946 5312.500000 16006 5335.218406 170.726989
21.001992 5312.500000 15951 5315.410260 170.093128
21.001213 5312.500000 16063 5354.157329 171.333035
21.001244 5312.500000 16005 5334.717782 170.710969
21.002342 5312.500000 15985 5326.713199 170.454822
21.001030 5312.500000 16381 5460.256058 174.728194
21.001375 5312.500000 15915 5304.232906 169.735453
21.001279 5312.500000 15797 5265.464084 168.494851
21.001700 5312.500000 16204 5400.559771 172.817913
21.001214 5312.500000 16041 5346.901147 171.100837
21.001831 5312.500000 15944 5314.494265 170.063816
21.001566 5312.500000 16003 5334.260552 170.696338
21.001974 5312.500000 15813 5270.895673 168.668662
21.001493 5312.500000 16092 5363.392921 171.628573
21.001955 5312.500000 15895 5298.156231 169.540999
21.003209 5312.500000 15886 5294.659089 169.429091
21.002426 5312.500000 16056 5350.762994 171.224416
21.002264 5312.500000 15834 5277.717832 168.886971
21.002483 5312.500000 15842 5280.444832 168.974235
21.002758 5312.500000 16012 5336.430474 170.765775
21.001216 5312.500000 16198 5398.860104 172.763523
21.001409 5312.500000 16145 5381.245580 172.199859
24.000753 5312.500000 15694 5231.274748 167.400792
24.000915 5312.500000 15930 5309.992728 169.919767
24.001048 5312.500000 15948 5315.967255 170.110952
24.000759 5312.500000 15767 5255.584014 168.178688
24.002459 5312.500000 16012 5335.983319 170.751466
24.000969 5312.500000 16099 5366.271205 171.720679
24.001010 5312.500000 16145 5381.453951 172.206526
24.000760 5312.500000 16147 5382.251310 172.232042
24.002281 5312.500000 15991 5329.754521 170.552145
24.000829 5312.500000 16066 5355.136786 171.364377
24.001237 5312.500000 15867 5288.543491 169.233392
24.001289 5312.500000 16115 5370.911428 171.869166
24.001721 5312.500000 16137 5377.610772 172.083545
24.001386 5312.500000 15863 5287.363302 169.195626
24.002540 5312.500000 16002 5331.929849 170.621755
24.001262 5312.500000 16015 5338.245823 170.823866
24.001388 5312.500000 16021 5340.077126 170.882468
24.001532 5312.500000 16174 5391.115795 172.515705
24.001327 5312.500000 16025 5341.581551 170.930610
24.001971 5312.500000 15978 5325.151861 170.404860
24.002011 5312.500000 15895 5298.266826 169.544538
24.002399 5312.500000 16086 5361.271496 171.560688
24.002050 5312.500000 15767 5255.283640 168.169076
24.001312 5312.500000 16017 5338.828040 170.842497
24.001716 5312.500000 15685 5228.072092 167.298307
24.002579 5312.500000 16026 5341.577341 170.930475
24.002801 5312.500000 15856 5284.673784 169.109561
24.002533 5312.500000 16048 5348.854732 171.163351
24.002635 5312.500000 16171 5390.060667 172.481941
24.002978 5312.500000 15821 5273.279007 168.744928
24.003283 5312.500000 16022 5340.536383 170.897164
24.001641 5312.500000 15968 5322.254355 170.312139
27.000954 5312.500000 16072 5356.985081 171.423523
27.001006 5312.500000 15976 5324.895341 170.396651
27.000989 5312.500000 15859 5286.298661 169.161557
27.000885 5312.500000 15807 5268.902222 168.604871
27.001203 5312.500000 16222 5406.814394 173.018061
27.001105 5312.500000 15904 5301.233244 169.639464
27.001216 5312.500000 16012 5336.966542 170.782929
27.002064 5312.500000 16038 5344.796075 171.033474
27.000792 5312.500000 15946 5315.263143 170.088421
27.001657 5312.500000 15887 5295.083341 169.442667
27.001494 5312.500000 15886 5294.972718 169.439127
27.001430 5312.500000 15752 5250.373058 168.011938
27.001261 5312.500000 15674 5224.624679 167.187990
27.001515 5312.500000 15829 5276.106578 168.835411
27.001555 5312.500000 16250 5416.626699 173.332054
27.001968 5312.500000 16057 5351.892000 171.260544
27.002030 5312.500000 16181 5393.633734 172.596279
27.002145 5312.500000 15901 5299.575030 169.586401
27.002295 5312.500000 15889 5296.309233 169.481895
27.002630 5312.500000 15854 5284.364216 169.099655
27.002784 5312.500000 15908 5302.305709 169.673783
27.002134 5312.500000 16259 5419.514527 173.424465
27.002414 5312.500000 15940 5313.307930 170.025854
27.002913 5312.500000 16061 5352.999924 171.295998
27.002874 5312.500000 15900 5299.577960 169.586495
27.002633 5312.500000 16107 5367.815289 171.770089
27.002638 5312.500000 16221 5406.809834 173.017915
27.003365 5312.500000 15668 5222.523779 167.120761
27.003046 5312.500000 16087 5362.211720 171.590775
27.002966 5312.500000 16241 5413.367232 173.227751
27.001525 5312.500000 15982 5326.955475 170.462575
27.002540 5312.500000 16029 5341.400264 170.924808
#type       avg     std     min     5th    10th    90th    95th    99th
read      695.3   219.1   208.0   415.1   446.8  1039.0  1118.7  1242.9
update    698.4   219.8   208.0   415.6   447.4  1044.3  1121.3  1242.2
op_q        5.3     2.6     1.0     2.0     2.1     9.1    10.3    12.7

Total QPS = 340196.9 (10205906 / 30.0s)

Misses = 0 (0.0%)
Skipped TXs = 0 (0.0%)

RX 1757201086 bytes :   55.9 MB/s
TX 1128218070 bytes :   35.9 MB/s
