3.051063 277.777778 790 258.926173 8.285638
3.001032 277.777778 751 250.247214 8.007911
3.011526 277.777778 784 260.333164 8.330661
3.000258 277.777778 842 280.642578 8.980562
3.006857 277.777778 866 288.008407 9.216269
3.003513 277.777778 844 281.004264 8.992136
3.002250 277.777778 813 270.796880 8.665500
3.002894 277.777778 806 268.407754 8.589048
3.001581 277.777778 852 283.850429 9.083214
3.005769 277.777778 832 276.801078 8.857635
3.003332 277.777778 806 268.368624 8.587796
3.011664 277.777778 819 271.942668 8.702165
3.002717 277.777778 841 280.079642 8.962549
3.006761 277.777778 845 281.033350 8.993067
3.005003 277.777778 826 274.874931 8.795998
3.001325 277.777778 848 282.541862 9.041340
3.002587 277.777778 838 279.092641 8.930965
3.003122 277.777778 785 261.394658 8.364629
3.000383 277.777778 808 269.298980 8.617567
3.001094 277.777778 829 276.232556 8.839442
3.001734 277.777778 849 282.836553 9.050770
3.002350 277.777778 822 273.785580 8.761139
3.003691 277.777778 869 289.310710 9.257943
3.002100 277.777778 822 273.808353 8.761867
3.001888 277.777778 814 271.162706 8.677207
3.005243 277.777778 833 277.182249 8.869832
3.007070 277.777778 823 273.688377 8.758028
3.002254 277.777778 805 268.131848 8.580219
3.000066 277.777778 824 274.660653 8.789141
3.007241 277.777778 853 283.648658 9.076757
3.000327 277.777778 902 300.633925 9.620286
3.000088 277.777778 828 275.991919 8.831741
6.004352 277.777778 822 273.697170 8.758309
6.004431 277.777778 808 269.215821 8.614906
6.004388 277.777778 861 286.617335 9.171755
6.004478 277.777778 814 271.048442 8.673550
6.004160 277.777778 842 280.531799 8.977018
6.002584 277.777778 852 283.905090 9.084963
6.006132 277.777778 875 291.289715 9.321271
6.002157 277.777778 882 293.895913 9.404669
6.009319 277.777778 828 275.764854 8.824475
6.001388 277.777778 837 278.894896 8.924637
6.011279 277.777778 848 281.850073 9.019202
6.006453 277.777778 887 295.599271 9.459177
6.005475 277.777778 846 281.798637 9.017556
6.035293 277.777778 858 283.002086 9.056067
6.004728 277.777778 800 266.455387 8.526572
6.012762 277.777778 854 283.673094 9.077539
6.004817 277.777778 853 284.041448 9.089326
6.004640 277.777778 787 262.180710 8.389783
6.015553 277.777778 891 295.959167 9.470693
6.003483 277.777778 854 284.535519 9.105137
6.005729 277.777778 823 273.982548 8.767442
6.018924 277.777778 772 256.033322 8.193066
6.007014 277.777778 790 263.319542 8.426225
6.012086 277.777778 828 275.961172 8.830757
6.005625 277.777778 793 264.299673 8.457590
6.000696 277.777778 858 285.939960 9.150079
6.013762 277.777778 784 261.138667 8.356437
6.009828 277.777778 825 274.763112 8.792420
6.005772 277.777778 857 285.149055 9.124770
6.008855 277.777778 863 287.495575 9.199858
6.052267 277.777778 851 283.552877 9.073692
6.000096 277.777778 861 286.999195 9.183974
9.006502 277.777778 881 293.464130 9.390852
9.009146 277.777778 757 251.962324 8.062794
9.009935 277.777778 774 257.267075 8.232546
9.003622 277.777778 800 266.574397 8.530381
9.006348 277.777778 846 281.918004 9.021376
9.008067 277.777778 863 287.292496 9.193360
9.005828 277.777778 794 264.547647 8.465525
9.008584 277.777778 849 282.519543 9.040625
9.009986 277.777778 875 291.243308 9.319786
9.013094 277.777778 810 269.836792 8.634777
9.006552 277.777778 801 266.804308 8.537738
9.003278 277.777778 775 258.236850 8.263579
9.009899 277.777778 812 270.170400 8.645453
9.007345 277.777778 872 290.634569 9.300306
9.005523 277.777778 889 295.857286 9.467433
9.008087 277.777778 810 269.787913 8.633213
9.006699 277.777778 820 273.281717 8.745015
9.006074 277.777778 758 252.560771 8.081945
9.006729 277.777778 784 261.309245 8.361896
9.015920 277.777778 797 265.083386 8.482668
9.022886 277.777778 839 278.818659 8.922197
9.012426 277.777778 820 273.302344 8.745675
9.013101 277.777778 821 273.635710 8.756343
9.004721 277.777778 820 273.325962 8.746431
9.025175 277.777778 777 258.172038 8.261505
9.019918 277.777778 848 282.572961 9.042335
9.006844 277.777778 858 285.897921 9.148733
9.013696 277.777778 860 286.297506 9.161520
9.015141 277.777778 845 281.077747 8.994488
9.036553 277.777778 836 278.549709 8.913591
9.057744 277.777778 825 274.498868 8.783964
9.009281 277.777778 827 274.825298 8.794410
12.011375 277.777778 825 274.864752 8.795672
12.012405 277.777778 809 269.157404 8.613037
12.010127 277.777778 822 273.655275 8.756969
12.010826 277.777778 858 285.839915 9.146877
12.004876 277.777778 829 276.217866 8.838972
12.008814 277.777778 825 274.931570 8.797810
12.008538 277.777778 814 271.167114 8.677348
12.006592 277.777778 839 279.662943 8.949214
12.013974 277.777778 845 280.966842 8.990939
12.010232 277.777778 819 272.368620 8.715796
12.022253 277.777778 877 290.741541 9.303729
12.010134 277.777778 913 304.050672 9.729621
12.006391 277.777778 850 283.303455 9.065711
12.010260 277.777778 832 277.303294 8.873705
12.005854 277.777778 840 279.894265 8.956616
12.013294 277.777778 795 264.708138 8.470660
12.009017 277.777778 794 264.584630 8.466708
12.017362 277.777778 872 290.189275 9.286057
12.010192 277.777778 912 303.837166 9.722789
12.016262 277.777778 812 270.381099 8.652195
12.017227 277.777778 807 268.630536 8.596177
12.007404 277.777778 816 271.829576 8.698546
12.016100 277.777778 917 305.648352 9.780747
12.017238 277.777778 858 285.662768 9.141209
12.023368 277.777778 794 264.624192 8.467974
12.008482 277.777778 801 266.854302 8.539338
12.042746 277.777778 819 271.410308 8.685130
12.015349 277.777778 886 295.312864 9.450012
12.021097 277.777778 822 273.892400 8.764557
12.038101 277.777778 749 249.537857 7.985211
12.059069 277.777778 784 261.217929 8.358974
12.013203 277.777778 830 276.305429 8.841774
15.018141 277.777778 844 280.593630 8.978996
15.009779 277.777778 827 275.577986 8.818496
15.008542 277.777778 837 278.818808 8.922202
15.016265 277.777778 819 272.999698 8.735990
15.009102 277.777778 863 287.262076 9.192386
15.009423 277.777778 821 273.585930 8.754750
15.023777 277.777778 873 289.749179 9.271974
15.012380 277.777778 820 272.788694 8.729238
15.022035 277.777778 828 275.022687 8.800726
15.010348 277.777778 845 281.646555 9.012690
15.010660 277.777778 886 295.280841 9.448987
15.015188 277.777778 814 270.882211 8.668231
15.020150 277.777778 771 255.781144 8.184997
15.009511 277.777778 814 271.142892 8.676573
15.013691 277.777778 871 290.001618 9.280052
15.012811 277.777778 872 290.627344 9.300075
15.010189 277.777778 854 284.555564 9.105778
15.014241 277.777778 860 286.641181 9.172518
15.018806 277.777778 803 267.175741 8.549624
15.017707 277.777778 869 289.633295 9.268265
15.018220 277.777778 875 291.460700 9.326742
15.025273 277.777778 841 280.155415 8.964973
15.018988 277.777778 787 262.179486 8.389744
15.012426 277.777778 861 286.623184 9.171942
15.016002 277.777778 807 268.941375 8.606124
15.023953 277.777778 864 287.726071 9.207234
15.018890 277.777778 829 276.181182 8.837798
15.024468 277.777778 826 275.130223 8.804167
15.046308 277.777778 889 295.524918 9.456797
15.055701 277.777778 859 285.102161 9.123269
15.067635 277.777778 792 263.248287 8.423945
15.025325 277.777778 799 265.261506 8.488368
18.012063 277.777778 854 284.416433 9.101326
18.010051 277.777778 796 265.309266 8.489897
18.012379 277.777778 857 285.301689 9.129654
18.011681 277.777778 811 270.198875 8.646364
18.010432 277.777778 780 259.884736 8.316312
18.021183 277.777778 832 276.561544 8.849969
18.024327 277.777778 824 273.930514 8.765776
18.014818 277.777778 839 279.561706 8.945975
18.011142 277.777778 842 280.592430 8.978958
18.011117 277.777778 813 270.958800 8.670682
18.024724 277.777778 779 259.098073 8.291138
18.018419 277.777778 875 291.597480 9.331119
18.018954 277.777778 875 290.751475 9.304047
18.013891 277.777778 806 268.531479 8.593007
18.023831 277.777778 845 281.498147 9.007941
18.027530 277.777778 832 276.110262 8.835528
18.035326 277.777778 853 282.784136 9.049092
18.017778 277.777778 819 272.764511 8.728464
18.020932 277.777778 817 272.087317 8.706794
18.032460 277.777778 780 258.821981 8.282303
18.034725 277.777778 831 275.992799 8.831770
18.020259 277.777778 895 297.910689 9.533142
18.026007 277.777778 888 295.927631 9.469684
18.021527 277.777778 863 287.534673 9.201110
18.029948 277.777778 828 274.995371 8.799852
18.028515 277.777778 867 287.458355 9.198667
18.028431 277.777778 852 283.576728 9.074455
18.025321 277.777778 788 262.591992 8.402944
18.051615 277.777778 799 265.862990 8.507616
18.056445 277.777778 790 263.268082 8.424579
18.068136 277.777778 871 290.284950 9.289118
18.029403 277.777778 830 276.291031 8.841313
21.011807 277.777778 836 278.538983 8.913247
21.012864 277.777778 781 260.089468 8.322863
21.025052 277.777778 845 281.635903 9.012349
21.014952 277.777778 828 275.647602 8.820723
21.011226 277.777778 849 282.992083 9.055747
21.012112 277.777778 796 265.328998 8.490528
21.020914 277.777778 818 271.893182 8.700582
21.023334 277.777778 886 294.850264 9.435208
21.015007 277.777778 925 308.218658 9.862997
21.011957 277.777778 790 263.309186 8.425894
21.026660 277.777778 781 260.276691 8.328854
21.015844 277.777778 788 262.576797 8.402458
21.029885 277.777778 877 292.103986 9.347328
21.029582 277.777778 813 270.243435 8.647790
21.027764 277.777778 820 273.020581 8.736659
21.030444 277.777778 865 288.139959 9.220479
21.028805 277.777778 822 273.103156 8.739301
21.028825 277.777778 870 289.518116 9.264580
21.021867 277.777778 834 277.913383 8.893228
21.017837 277.777778 834 277.994595 8.895827
21.029976 277.777778 801 266.586293 8.530761
21.023610 277.777778 804 267.814044 8.570049
21.034097 277.777778 855 284.844576 9.115026
21.025483 277.777778 844 280.844208 8.987015
21.036501 277.777778 877 292.160348 9.349131
21.062799 277.777778 828 273.010384 8.736332
21.029870 277.777778 837 278.874019 8.923969
21.037641 277.777778 799 266.127956 8.516095
21.051866 277.777778 770 256.645225 8.212647
21.060228 277.777778 869 289.301800 9.257658
21.072148 277.777778 821 273.301130 8.745636
21.039478 277.777778 843 280.059497 8.961904
24.020027 277.777778 853 283.853144 9.083301
24.019603 277.777778 856 284.693816 9.110202
24.021579 277.777778 868 288.781285 9.241001
24.020542 277.777778 777 258.274253 8.264776
24.034485 277.777778 868 287.162615 9.189204
24.029882 277.777778 856 285.131992 9.124224
24.028608 277.777778 788 262.496142 8.399877
24.013700 277.777778 855 284.765173 9.112486
24.019444 277.777778 802 267.190183 8.550086
24.069697 277.777778 857 281.977177 9.023270
24.029519 277.777778 832 275.998195 8.831942
24.013608 277.777778 808 269.185133 8.613924
24.030149 277.777778 824 274.614735 8.787672
24.036630 277.777778 837 277.967228 8.894951
24.021121 277.777778 805 268.314794 8.586073
24.034818 277.777778 812 269.788427 8.633230
24.022187 277.777778 874 291.302302 9.321674
24.024831 277.777778 847 282.192550 9.030162
24.030731 277.777778 825 274.930798 8.797786
24.030046 277.777778 827 275.554465 8.817743
24.030276 277.777778 844 281.296688 9.001494
24.037199 277.777778 876 291.932035 9.341825
24.030935 277.777778 836 277.987921 8.895613
24.033386 277.777778 799 265.927271 8.509673
24.035279 277.777778 871 290.219053 9.287010
24.030760 277.777778 819 272.919052 8.733410
24.062670 277.777778 796 265.117551 8.483762
24.057427 277.777778 782 260.184389 8.325900
24.061186 277.777778 903 298.656047 9.556993
24.065903 277.777778 823 274.049769 8.769593
24.076614 277.777778 867 288.570446 9.234254
24.047800 277.777778 834 277.231003 8.871392
27.015456 277.777778 862 287.165226 9.189287
27.031691 277.777778 820 273.052731 8.737687
27.023892 277.777778 833 277.270274 8.872649
27.023489 277.777778 873 290.714416 9.302861
27.017951 277.777778 805 267.945444 8.574254
27.019511 277.777778 818 272.660618 8.725140
27.031635 277.777778 860 285.665512 9.141296
27.030198 277.777778 814 270.416502 8.653328
27.022567 277.777778 796 265.299681 8.489590
27.030404 277.777778 791 263.644257 8.436616
27.025615 277.777778 829 276.261153 8.840357
27.027350 277.777778 859 285.783647 9.145077
27.033941 277.777778 854 284.614086 9.107651
27.033333 277.777778 880 292.960961 9.374751
27.032384 277.777778 871 290.091407 9.282925
27.047713 277.777778 825 274.039580 8.769267
27.031619 277.777778 787 262.195890 8.390268
27.031928 277.777778 823 274.182339 8.773835
27.038308 277.777778 784 261.069745 8.354232
27.034575 277.777778 853 284.324773 9.098393
27.031296 277.777778 865 288.279116 9.224932
27.048882 277.777778 805 267.081289 8.546601
27.046389 277.777778 855 283.539392 9.073261
27.032595 277.777778 876 291.821458 9.338287
27.042345 277.777778 827 275.142528 8.804561
27.065395 277.777778 851 282.915206 9.053287
27.061960 277.777778 769 256.267185 8.200550
27.069922 277.777778 827 275.001878 8.800060
27.073662 277.777778 862 286.954159 9.182533
27.068993 277.777778 843 280.710893 8.982749
27.079530 277.777778 828 275.731979 8.823423
27.050416 277.777778 779 259.440396 8.302093
#type       avg     std     min     5th    10th    90th    95th    99th
read      122.5    46.7    60.2    80.6    83.5   179.2   197.8   241.8
update    126.8    43.5    66.3    83.2    87.4   183.6   203.2   248.4
op_q        1.0     0.2     1.0     1.0     1.0     1.1     1.1     2.1

Total QPS = 19925.4 (597761 / 30.0s)

Misses = 0 (0.0%)
Skipped TXs = 0 (0.0%)

RX  102817250 bytes :    3.3 MB/s
TX   66249568 bytes :    2.1 MB/s
