3.000177 5937.500000 17611 5869.987324 187.839594
3.000206 5937.500000 17676 5891.595162 188.531045
3.000041 5937.500000 17736 5911.919442 189.181422
3.000116 5937.500000 18004 6001.100376 192.035212
3.001693 5937.500000 17870 5953.307724 190.505847
3.000012 5937.500000 18011 6003.642673 192.116566
3.000239 5937.500000 17911 5969.857196 191.035430
3.000004 5937.500000 17958 5985.991507 191.551728
3.000120 5937.500000 17881 5960.095872 190.723068
3.000169 5937.500000 17788 5928.999142 189.727973
3.000014 5937.500000 17789 5929.638886 189.748444
3.000761 5937.500000 17596 5863.846591 187.643091
3.000045 5937.500000 17828 5942.576654 190.162453
3.000334 5937.500000 17959 5985.667713 191.541367
3.000272 5937.500000 17817 5938.462214 190.030791
3.000843 5937.500000 18057 6017.310044 192.553921
3.000025 5937.500000 17668 5889.283967 188.457087
3.000002 5937.500000 17718 5905.996282 188.991881
3.000157 5937.500000 17992 5997.018754 191.904600
3.000434 5937.500000 17822 5939.807739 190.073848
3.000114 5937.500000 17775 5924.773983 189.592767
3.000121 5937.500000 17813 5937.426800 189.997658
3.000021 5937.500000 17933 5977.624055 191.283970
3.000087 5937.500000 17643 5880.829656 188.186549
3.000017 5937.500000 17529 5842.966815 186.974938
3.000071 5937.500000 17924 5974.525528 191.184817
3.000152 5937.500000 17884 5961.031993 190.753024
3.000022 5937.500000 17630 5876.622995 188.051936
3.000346 5937.500000 17673 5890.321013 188.490272
3.000043 5937.500000 17464 5821.250124 186.280004
3.000017 5937.500000 17895 5964.965215 190.878887
3.000090 5937.500000 17573 5857.490704 187.439703
6.000020 5937.500000 17765 5921.630201 189.492166
6.000293 5937.500000 17674 5890.996444 188.511886
6.000987 5937.500000 17623 5872.629012 187.924128
6.000306 5937.500000 17683 5893.813250 188.602024
6.000391 5937.500000 17602 5866.610493 187.731536
6.000634 5937.500000 17898 5964.748826 190.871962
6.000029 5937.500000 17978 5992.635952 191.764350
6.000234 5937.500000 17874 5957.871807 190.651898
6.000099 5937.500000 17938 5979.226191 191.335238
6.000313 5937.500000 17899 5966.186532 190.917969
6.000693 5937.500000 17691 5896.043569 188.673394
6.000503 5937.500000 17849 5949.020312 190.368650
6.000419 5937.500000 17679 5892.226318 188.551242
6.000094 5937.500000 17916 5971.856935 191.099422
6.000226 5937.500000 17890 5963.056774 190.817817
6.000148 5937.500000 17591 5863.515196 187.632486
6.000447 5937.500000 17788 5928.685705 189.717943
6.000115 5937.500000 17800 5933.189874 189.862076
6.000389 5937.500000 17797 5931.587539 189.810801
6.000382 5937.500000 17719 5906.239038 188.999649
6.000141 5937.500000 17882 5960.419715 190.733431
6.000307 5937.500000 17866 5954.951240 190.558440
6.000854 5937.500000 17954 5984.479781 191.503353
6.000493 5937.500000 17502 5833.568819 186.674202
6.000174 5937.500000 17683 5894.288498 188.617232
6.000504 5937.500000 17979 5992.859243 191.771496
6.000938 5937.500000 17936 5978.476350 191.311243
6.000357 5937.500000 17890 5963.312062 190.825986
6.000202 5937.500000 17797 5932.244767 189.831833
6.000979 5937.500000 17712 5902.109302 188.867498
6.001720 5937.500000 17807 5935.612969 189.939615
6.000153 5937.500000 17845 5948.208036 190.342657
9.000790 5937.500000 17725 5907.770691 189.048662
9.000510 5937.500000 18012 6003.966954 192.126943
9.000222 5937.500000 17741 5913.628235 189.236104
9.001292 5937.500000 17637 5876.663439 188.053230
9.000432 5937.500000 18263 6087.143932 194.788606
9.000445 5937.500000 17903 5967.539525 190.961265
9.000547 5937.500000 17776 5924.856536 189.595409
9.000028 5937.500000 17627 5875.650964 188.020831
9.000895 5937.500000 17987 5994.330818 191.818586
9.000211 5937.500000 18047 6015.301984 192.489663
9.000350 5937.500000 17826 5941.493992 190.127808
9.000448 5937.500000 18011 6003.664849 192.117275
9.001309 5937.500000 17761 5918.367818 189.387770
9.000602 5937.500000 17658 5885.641990 188.340544
9.000385 5937.500000 17811 5936.531748 189.969016
9.000457 5937.500000 17940 5979.672256 191.349512
9.000514 5937.500000 17771 5923.355334 189.547371
9.001135 5937.500000 17952 5983.705761 191.478584
9.000488 5937.500000 18031 6009.824128 192.314372
9.000787 5937.500000 17771 5923.481276 189.551401
9.001368 5937.500000 17628 5874.993772 187.999801
9.000454 5937.500000 17863 5954.207542 190.534641
9.000717 5937.500000 18018 6005.570299 192.178250
9.000169 5937.500000 18045 6014.944020 192.478209
9.000178 5937.500000 17646 5881.877926 188.220094
9.000490 5937.500000 17916 5971.798636 191.097556
9.000332 5937.500000 18109 6036.282516 193.161041
9.000687 5937.500000 17735 5911.560359 189.169931
9.001004 5937.500000 17838 5945.869832 190.267835
9.001310 5937.500000 17953 5983.672682 191.477526
9.001939 5937.500000 17819 5939.232203 190.055431
9.000523 5937.500000 17940 5979.263466 191.336431
12.000107 11875.000000 29704 9901.073167 316.834341
12.000267 11875.000000 29469 9822.678344 314.325707
12.001517 11875.000000 29605 9867.649125 315.764772
12.000466 11875.000000 29827 9942.266686 318.152534
12.000731 11875.000000 29697 9898.857701 316.763446
12.000430 11875.000000 29587 9862.070347 315.586251
12.000574 11875.000000 29586 9861.725656 315.575221
12.000467 11875.000000 29912 9970.634632 319.060308
12.000229 11875.000000 29649 9882.940336 316.254091
12.000565 11875.000000 30013 10004.162539 320.133201
12.000604 11875.000000 29342 9780.288536 312.969233
12.000605 11875.000000 29815 9938.321775 318.026297
12.000800 11875.000000 29818 9939.288203 318.057222
12.000425 11875.000000 29402 9800.000807 313.600026
12.000606 11875.000000 29789 9928.935889 317.725948
12.001032 11875.000000 29377 9791.542035 313.329345
12.001311 11875.000000 29809 9936.269317 317.960618
12.000463 11875.000000 29996 9998.636474 319.956367
12.000774 11875.000000 29733 9910.814757 317.146072
12.000551 11875.000000 30269 10089.653620 322.868916
12.001120 11875.000000 29528 9842.286445 314.953166
12.000521 11875.000000 29472 9823.760197 314.360326
12.000938 11875.000000 30040 10013.187636 320.422004
12.001374 11875.000000 29697 9898.980684 316.767382
12.000787 11875.000000 29616 9870.830978 315.866591
12.002117 11875.000000 29747 9915.079289 317.282537
12.000593 11875.000000 29774 9924.390485 317.580496
12.000375 11875.000000 29775 9924.858555 317.595474
12.000197 11875.000000 29336 9778.602860 312.915292
12.001217 11875.000000 29691 9896.726704 316.695255
12.001328 11875.000000 29030 9676.607541 309.651441
12.000579 11875.000000 29643 9880.813536 316.186033
15.000192 11875.000000 35638 11878.996342 380.127883
15.000612 11875.000000 35673 11890.410880 380.493148
15.000242 11875.000000 36000 11999.951611 383.998452
15.000556 11875.000000 35465 11821.647720 378.292727
15.000671 11875.000000 35533 11843.740893 378.999709
15.000515 11875.000000 35515 11838.144891 378.820637
15.000512 11875.000000 35009 11669.345175 373.419046
15.000638 11875.000000 35876 11958.535243 382.673128
15.000645 11875.000000 35731 11910.051975 381.121663
15.000463 11875.000000 35668 11888.281755 380.425016
15.000575 11875.000000 35327 11774.460942 376.782750
15.000657 11875.000000 35689 11896.122579 380.675923
15.000637 11875.000000 35956 11985.209977 383.526719
15.000960 11875.000000 35854 11950.697786 382.422329
15.001751 11875.000000 36004 11999.576208 383.986439
15.000426 11875.000000 35426 11808.464366 377.870860
15.001083 11875.000000 35312 11769.286166 376.617157
15.001591 11875.000000 35787 11924.921493 381.597488
15.001336 11875.000000 35513 11836.098507 378.755152
15.000583 11875.000000 35585 11861.203520 379.558513
15.001413 11875.000000 35681 11893.513416 380.592429
15.000651 11875.000000 35642 11880.436732 380.173975
15.000979 11875.000000 35562 11853.188968 379.302047
15.001633 11875.000000 35850 11949.540891 382.385309
15.000841 11875.000000 35755 11918.120605 381.379859
15.000515 11875.000000 35862 11953.643559 382.516594
15.001186 11875.000000 36082 12027.066659 384.866133
15.001272 11875.000000 35394 11797.057348 377.505835
15.001372 11875.000000 35685 11894.388947 380.620446
15.002236 11875.000000 35576 11858.195177 379.462246
15.001377 11875.000000 35954 11984.471724 383.503095
15.000611 11875.000000 35610 11869.875671 379.836021
18.000567 11875.000000 35576 11858.460395 379.470733
18.000566 11875.000000 35767 11921.043586 381.473395
18.000543 11875.000000 35766 11921.879490 381.500144
18.000216 11875.000000 35420 11806.571696 377.810294
18.000683 11875.000000 35787 11928.848655 381.723157
18.001542 11875.000000 35589 11862.183293 379.589865
18.000601 11875.000000 35172 11723.929690 375.165750
18.000666 11875.000000 35903 11967.556939 382.961822
18.000701 11875.000000 35387 11795.549572 377.457586
18.000620 11875.000000 36046 12015.153649 384.484917
18.000559 11875.000000 35710 11903.320061 380.906242
18.000691 11875.000000 35168 11722.455334 375.118571
18.000530 11875.000000 35724 11907.938995 381.054048
18.000980 11875.000000 35331 11776.995490 376.863856
18.000740 11875.000000 35653 11883.826029 380.282433
18.000659 11875.000000 35843 11947.656837 382.325019
18.001563 11875.000000 35833 11943.734400 382.199501
18.000654 11875.000000 35650 11883.323095 380.266339
18.001393 11875.000000 35568 11855.913567 379.389234
18.000453 11875.000000 35531 11843.561553 378.993970
18.000951 11875.000000 35804 11934.230725 381.895383
18.001121 11875.000000 36188 12062.513234 386.000423
18.001033 11875.000000 35525 11841.376019 378.924033
18.001187 11875.000000 35355 11784.995508 377.119856
18.001287 11875.000000 35917 11972.275104 383.112803
18.000474 11875.000000 35618 11872.623154 379.923941
18.001809 11875.000000 35494 11831.104955 378.595359
18.001653 11875.000000 36029 12009.421889 384.301500
18.001740 11875.000000 35341 11779.911241 376.957160
18.002311 11875.000000 35848 11949.035478 382.369135
18.001396 11875.000000 35565 11854.926288 379.357641
18.000664 11875.000000 35614 11871.123223 379.875943
21.000234 11875.000000 36079 12026.261191 384.840358
21.000573 11875.000000 35482 11827.304688 378.473750
21.000623 11875.000000 35896 11965.078917 382.882525
21.000738 11875.000000 35457 11818.853737 378.203320
21.000462 11875.000000 35778 11925.964491 381.630864
21.000769 11875.000000 35515 11837.993672 378.815798
21.000714 11875.000000 35469 11822.783117 378.329060
21.000607 11875.000000 35574 11857.976042 379.455233
21.000678 11875.000000 35564 11854.434937 379.341918
21.000513 11875.000000 35084 11694.513420 374.224429
21.000722 11875.000000 35584 11861.208778 379.558681
21.000968 11875.000000 35581 11860.266029 379.528513
21.000556 11875.000000 36018 12005.898014 384.188736
21.001004 11875.000000 35514 11837.904185 378.812934
21.000895 11875.000000 35741 11913.050249 381.217608
21.000835 11875.000000 35469 11822.332359 378.314635
21.001312 11875.000000 35713 11903.837100 380.922787
21.000593 11875.000000 35167 11722.231499 375.111408
21.001470 11875.000000 35634 11877.695459 380.086255
21.001189 11875.000000 35624 11874.051516 379.969649
21.001142 11875.000000 35250 11749.914990 375.997280
21.000577 11875.000000 35724 11907.862246 381.051592
21.001617 11875.000000 35956 11984.014381 383.488460
21.000676 11875.000000 35100 11699.915727 374.397303
21.001753 11875.000000 35819 11939.614569 382.067666
21.001554 11875.000000 35630 11876.619711 380.051831
21.001684 11875.000000 35368 11789.210835 377.254747
21.001680 11875.000000 35976 11991.530891 383.728988
21.001883 11875.000000 36070 12023.034818 384.737114
21.002329 11875.000000 35356 11785.264320 377.128458
21.001428 11875.000000 35846 11948.537060 382.353186
21.000689 11875.000000 35544 11847.902898 379.132893
24.001104 11875.000000 35679 11892.174613 380.549588
24.000507 11875.000000 35745 11914.819796 381.274233
24.000689 11875.000000 35422 11806.955268 377.822569
24.000634 11875.000000 35672 11890.442668 380.494165
24.000590 11875.000000 35682 11893.934454 380.605903
24.000747 11875.000000 35620 11872.840350 379.930891
24.000404 11875.000000 35657 11884.995621 380.319860
24.001561 11875.000000 35751 11915.338233 381.290823
24.000842 11875.000000 35606 11868.378994 379.788128
24.000740 11875.000000 35936 11978.595512 383.315056
24.001189 11875.000000 35967 11988.998818 383.647962
24.000590 11875.000000 35708 11902.362703 380.875606
24.000889 11875.000000 35547 11848.785643 379.161141
24.000806 11875.000000 35624 11874.161002 379.973152
24.001131 11875.000000 35696 11898.018723 380.736599
24.000763 11875.000000 35803 11934.233334 381.895467
24.000712 11875.000000 35361 11786.858824 377.179482
24.001742 11875.000000 35609 11869.421654 379.821493
24.000711 11875.000000 35552 11850.255160 379.208165
24.000654 11875.000000 35560 11852.946527 379.294289
24.000782 11875.000000 35467 11822.066651 378.306133
24.001345 11875.000000 36072 12023.869278 384.763817
24.002071 11875.000000 35694 11897.253440 380.712110
24.001481 11875.000000 35595 11864.959252 379.678696
24.001737 11875.000000 35793 11930.786804 381.785178
24.001606 11875.000000 35811 11936.795448 381.977454
24.001920 11875.000000 35760 11919.335564 381.418738
24.001650 11875.000000 35366 11788.536703 377.233174
24.001089 11875.000000 35844 11947.662955 382.325215
24.002334 11875.000000 35879 11959.643133 382.708580
24.001436 11875.000000 35104 11701.302998 374.441696
24.000998 11875.000000 35420 11805.447663 377.774325
27.000698 11875.000000 35633 11877.631150 380.084197
27.000937 11875.000000 35633 11876.914384 380.061260
27.000554 11875.000000 35903 11967.478927 382.959326
27.000416 11875.000000 35686 11895.283895 380.649085
27.000596 11875.000000 35500 11833.308611 378.665876
27.000772 11875.000000 35739 11912.755838 381.208187
27.000750 11875.000000 35753 11917.627226 381.364071
27.001124 11875.000000 35601 11866.860846 379.739547
27.000906 11875.000000 35362 11786.940204 377.182087
27.000941 11875.000000 35324 11774.462781 376.782809
27.000656 11875.000000 35406 11801.913542 377.661233
27.000777 11875.000000 35890 11963.279983 382.824959
27.000796 11875.000000 36065 12021.611597 384.691571
27.000632 11875.000000 35661 11886.832574 380.378642
27.001147 11875.000000 35719 11906.269898 381.000637
27.000922 11875.000000 35588 11862.347297 379.595114
27.001320 11875.000000 35955 11984.477033 383.503265
27.001703 11875.000000 35440 11813.125341 378.020011
27.000780 11875.000000 35504 11834.396066 378.700674
27.001674 11875.000000 36019 12005.561169 384.177957
27.000655 11875.000000 35750 11916.660026 381.333121
27.002155 11875.000000 35447 11814.744216 378.071815
27.001241 11875.000000 35570 11856.124506 379.395984
27.001570 11875.000000 35456 11818.628660 378.196117
27.001396 11875.000000 35292 11763.801297 376.441642
27.001794 11875.000000 35635 11878.129113 380.100132
27.002192 11875.000000 36030 12009.517203 384.304550
27.002506 11875.000000 35302 11766.659823 376.533114
27.001623 11875.000000 35550 11849.930047 379.197762
27.001759 11875.000000 35373 11790.915738 377.309304
27.001568 11875.000000 35418 11805.478577 377.775314
27.001183 11875.000000 35619 11872.267693 379.912566
#type       avg     std     min     5th    10th    90th    95th    99th
read     1273.6   441.3   228.8   664.3   811.6  1685.6  1804.2  2402.2
update   1268.4   434.6   276.8   663.4   811.2  1682.8  1793.3  2344.9
op_q       17.3     8.3     1.0     4.6     6.0    27.3    30.8    37.3

Total QPS = 633338.6 (19000159 / 30.0s)

Misses = 0 (0.0%)
Skipped TXs = 0 (0.0%)

RX 3273871124 bytes :  104.1 MB/s
TX 2101841155 bytes :   66.8 MB/s
