3.015815 62.500000 170 56.369500 1.803824
3.020134 62.500000 167 55.295554 1.769458
3.004422 62.500000 194 64.571485 2.066288
3.001540 62.500000 172 57.303915 1.833725
3.009219 62.500000 169 56.160754 1.797144
3.098447 62.500000 215 69.389608 2.220467
3.001895 62.500000 189 62.960224 2.014727
3.022638 62.500000 192 63.520672 2.032661
3.009814 62.500000 159 52.827192 1.690470
3.006009 62.500000 191 63.539405 2.033261
3.002041 62.500000 203 67.620671 2.163861
3.023665 62.500000 186 61.514758 1.968472
3.010949 62.500000 174 57.789084 1.849251
3.021684 62.500000 169 55.929070 1.789730
3.002214 62.500000 174 57.957218 1.854631
3.015131 62.500000 173 57.377275 1.836073
3.023103 62.500000 188 62.187754 1.990008
3.085362 62.500000 173 56.071218 1.794279
3.011998 62.500000 192 63.745068 2.039842
3.060339 62.500000 211 68.946621 2.206292
3.005667 62.500000 168 55.894410 1.788621
3.023672 62.500000 199 65.814019 2.106049
3.011847 62.500000 171 56.775792 1.816825
3.026908 62.500000 147 48.564406 1.554061
3.022983 62.500000 164 54.251053 1.736034
3.049005 62.500000 178 58.379705 1.868151
3.064186 62.500000 199 64.943830 2.078203
3.005644 62.500000 216 71.864810 2.299674
3.018501 62.500000 179 59.300958 1.897631
3.003213 62.500000 186 61.933674 1.981878
3.006618 62.500000 198 65.854723 2.107351
6.041390 62.500000 209 68.768652 2.200597
6.041873 62.500000 162 53.334192 1.706694
6.015446 62.500000 173 57.400592 1.836819
6.017760 62.500000 184 61.013631 1.952436
6.024486 62.500000 190 63.294338 2.025419
6.033800 62.500000 175 58.136917 1.860381
6.013646 62.500000 195 64.941618 2.078132
6.006788 62.500000 184 61.317405 1.962157
6.132372 62.500000 155 49.723457 1.591151
6.028806 62.500000 188 62.547759 2.001528
6.007837 62.500000 197 65.619208 2.099815
6.005579 62.500000 208 69.248310 2.215946
6.051602 62.500000 208 68.309068 2.185890
6.074974 62.500000 158 51.547055 1.649506
6.027089 62.500000 164 54.393050 1.740578
6.016823 62.500000 181 60.313079 1.930019
6.053691 62.500000 172 56.544644 1.809429
6.028770 62.500000 152 50.521233 1.616679
6.027423 62.500000 211 70.199043 2.246369
6.029149 62.500000 201 66.950001 2.142400
6.010389 62.500000 210 69.972697 2.239126
6.052185 62.500000 148 48.868862 1.563804
6.006626 62.500000 180 59.931803 1.917818
6.036175 62.500000 165 54.445899 1.742269
6.036650 62.500000 185 61.387010 1.964384
6.083378 62.500000 176 58.219545 1.863025
6.070393 62.500000 188 62.223062 1.991138
6.116140 62.500000 228 74.706241 2.390600
6.117810 62.500000 185 61.271202 1.960678
6.085741 62.500000 171 56.992799 1.823770
6.021181 62.500000 180 59.946447 1.918286
9.020615 62.500000 177 58.943902 1.886205
9.062195 62.500000 198 64.825411 2.074413
9.018813 62.500000 174 57.961555 1.854770
9.012796 62.500000 203 67.531412 2.161005
9.055483 62.500000 189 62.444727 1.998231
9.046477 62.500000 170 56.086536 1.794769
9.057818 62.500000 194 63.559902 2.033917
9.036058 62.500000 197 65.109582 2.083507
9.018140 62.500000 202 67.232619 2.151444
9.070950 62.500000 202 66.306394 2.121805
9.034140 62.500000 200 66.517735 2.128568
9.082528 62.500000 188 61.563502 1.970032
9.052072 62.500000 195 64.606499 2.067408
9.046813 62.500000 184 61.232506 1.959440
9.032870 62.500000 195 64.919473 2.077423
9.042182 62.500000 159 52.986012 1.695552
9.039973 62.500000 193 64.058231 2.049863
9.011148 62.500000 201 66.899181 2.140774
9.122628 62.500000 193 62.857381 2.011436
9.055223 62.500000 190 63.301007 2.025632
9.054340 62.500000 228 75.554477 2.417743
9.086839 62.500000 198 65.739999 2.103680
9.113178 62.500000 212 69.971626 2.239092
9.135205 62.500000 201 64.858999 2.075488
9.100507 62.500000 182 60.063746 1.922040
9.125302 62.500000 159 52.867967 1.691775
9.087752 62.500000 211 70.286209 2.249159
9.052357 62.500000 200 66.649896 2.132797
9.167222 62.500000 204 67.219129 2.151012
9.033749 62.500000 180 59.749696 1.911990
9.117638 62.500000 197 65.633900 2.100285
12.104307 125.000000 287 92.995627 2.975860
12.014394 125.000000 326 108.608823 3.475482
12.020266 125.000000 302 100.617906 3.219773
12.024724 125.000000 312 103.857759 3.323448
12.048203 125.000000 328 109.270475 3.496655
12.052903 125.000000 305 101.638539 3.252433
12.094328 125.000000 290 94.946389 3.038284
12.050554 125.000000 333 110.396009 3.532672
12.043307 125.000000 384 127.952015 4.094464
12.057715 125.000000 302 100.302184 3.209670
12.042339 125.000000 310 103.117417 3.299757
12.044250 125.000000 349 115.893698 3.708598
12.016101 125.000000 330 109.818684 3.514198
12.059145 125.000000 302 100.543941 3.217406
12.057867 125.000000 318 105.906664 3.389013
12.070958 125.000000 310 102.882675 3.292246
12.075960 125.000000 351 116.465596 3.726899
12.090570 125.000000 324 107.898671 3.452757
12.080828 125.000000 304 100.446441 3.214286
12.098240 125.000000 292 96.826198 3.098438
12.101535 125.000000 321 106.478406 3.407309
12.054472 125.000000 303 100.928829 3.229723
12.079219 125.000000 288 95.736121 3.063556
12.115059 125.000000 323 107.599213 3.443175
12.180415 125.000000 345 114.496481 3.663887
12.152328 125.000000 335 110.572014 3.538304
12.113629 125.000000 304 100.892014 3.228544
12.129678 125.000000 308 102.517113 3.280548
12.128861 125.000000 288 95.642211 3.060551
12.136320 125.000000 340 113.291244 3.625320
12.037299 125.000000 342 113.865236 3.643688
3.005630 62.500000 180 59.887611 1.916404
15.024864 125.000000 390 129.547905 4.145533
15.049759 125.000000 398 131.375157 4.204005
15.165798 125.000000 397 128.485734 4.111543
15.062639 125.000000 343 114.145977 3.652671
15.035493 125.000000 375 124.552918 3.985693
15.053956 125.000000 367 122.099181 3.907174
15.045807 125.000000 345 114.904237 3.676936
15.069271 125.000000 423 140.234875 4.487516
15.054034 125.000000 391 129.827246 4.154472
15.064324 125.000000 393 130.718642 4.182997
15.064622 125.000000 352 117.119521 3.747825
15.031548 125.000000 371 123.033142 3.937061
15.059236 125.000000 369 122.645069 3.924642
15.046746 125.000000 417 138.884478 4.444303
15.073551 125.000000 386 128.555587 4.113779
15.104922 125.000000 350 116.642744 3.732568
15.123784 125.000000 398 131.546599 4.209491
15.072189 125.000000 379 125.591642 4.018933
15.106984 125.000000 383 127.435212 4.077927
15.094855 125.000000 338 112.082499 3.586640
15.088870 125.000000 383 127.325369 4.074412
15.116958 125.000000 398 132.582709 4.242647
15.090721 125.000000 391 130.326772 4.170457
15.103587 125.000000 374 124.283094 3.977059
15.191839 125.000000 401 130.270528 4.168657
15.140372 125.000000 349 115.920123 3.709444
15.139353 125.000000 371 123.235640 3.943540
15.171508 125.000000 329 108.969981 3.487039
15.194917 125.000000 350 116.105427 3.715374
15.150021 125.000000 380 126.090788 4.034905
15.054890 125.000000 413 136.864150 4.379653
6.044949 62.500000 193 63.501067 2.032034
18.054252 125.000000 353 116.935463 3.741935
18.027596 125.000000 373 124.220209 3.975047
18.056030 125.000000 410 136.572255 4.370312
18.049913 125.000000 368 122.660350 3.925131
18.048883 125.000000 406 135.194712 4.326231
18.082424 125.000000 355 117.558021 3.761857
18.077693 125.000000 359 119.147518 3.812721
18.047396 125.000000 341 113.642031 3.636545
18.054681 125.000000 376 125.306306 4.009802
18.061643 125.000000 343 114.241642 3.655733
18.076279 125.000000 384 127.491955 4.079743
18.033865 125.000000 426 141.890419 4.540493
18.087543 125.000000 394 130.538242 4.177224
18.075389 125.000000 379 126.255974 4.040191
18.107477 125.000000 389 129.645366 4.148652
18.105161 125.000000 414 137.989017 4.415649
18.107117 125.000000 398 131.945524 4.222257
18.155310 125.000000 370 122.050753 3.905624
18.119381 125.000000 370 123.233815 3.943482
18.172607 125.000000 381 125.649890 4.020796
18.107859 125.000000 365 120.901401 3.868845
18.117056 125.000000 383 127.096031 4.067073
18.116260 125.000000 362 119.811773 3.833977
18.141537 125.000000 366 121.911283 3.901161
18.076949 125.000000 368 122.472343 3.919115
18.173535 125.000000 388 129.245997 4.135872
18.190097 125.000000 429 141.851035 4.539233
18.154434 125.000000 351 116.828164 3.738501
18.195845 125.000000 406 135.291494 4.329328
18.207234 125.000000 307 101.810854 3.257947
18.059008 125.000000 397 132.151920 4.228861
9.081902 62.500000 139 45.769556 1.464626
21.049566 125.000000 379 125.414855 4.013275
21.048097 125.000000 402 133.968686 4.286998
21.050832 125.000000 358 119.255886 3.816188
21.051274 125.000000 360 119.945576 3.838258
21.057539 125.000000 340 113.276323 3.624842
21.055286 125.000000 357 118.975989 3.807232
21.059149 125.000000 372 123.797905 3.961533
21.064175 125.000000 367 122.230196 3.911366
21.079847 125.000000 351 116.916059 3.741314
21.083587 125.000000 376 125.284765 4.009112
21.036222 125.000000 372 123.902664 3.964885
21.084402 125.000000 354 117.681369 3.765804
21.082273 125.000000 396 131.697800 4.214330
21.112691 125.000000 327 108.093889 3.459004
21.116173 125.000000 372 123.626806 3.956058
21.105362 125.000000 339 112.992439 3.615758
21.109960 125.000000 421 140.217253 4.486952
21.126164 125.000000 390 129.706744 4.150616
21.126023 125.000000 326 108.342840 3.466971
21.082043 125.000000 377 125.453657 4.014517
21.141980 125.000000 355 117.327459 3.754479
21.110772 125.000000 413 137.533105 4.401059
21.173830 125.000000 350 115.950873 3.710428
21.150036 125.000000 374 124.314446 3.978062
21.176898 125.000000 388 129.188512 4.134032
21.198936 125.000000 399 131.842928 4.218974
21.197371 125.000000 360 119.938971 3.838047
21.191963 125.000000 379 126.254792 4.040153
21.159332 125.000000 396 131.784816 4.217114
21.059560 125.000000 370 123.310653 3.945941
21.210111 125.000000 424 141.197920 4.518333
12.100561 125.000000 319 105.676077 3.381634
24.067347 125.000000 354 117.247648 3.751925
24.059275 125.000000 363 120.678145 3.861701
24.058161 125.000000 376 124.975304 3.999210
24.051050 125.000000 360 119.991254 3.839720
24.059160 125.000000 371 123.599892 3.955197
24.065765 125.000000 352 116.924944 3.741598
24.065018 125.000000 372 123.757903 3.960253
24.091655 125.000000 361 120.043106 3.841379
24.081977 125.000000 390 129.233132 4.135460
24.086270 125.000000 412 137.039942 4.385278
24.085499 125.000000 363 120.922958 3.869535
24.039478 125.000000 405 134.853636 4.315316
24.183097 125.000000 351 113.187322 3.621994
24.084634 125.000000 327 108.914262 3.485256
24.155119 125.000000 372 122.270761 3.912664
24.114837 125.000000 393 130.587546 4.178801
24.140468 125.000000 332 109.777643 3.512885
24.113943 125.000000 361 120.173789 3.845561
24.133448 125.000000 398 132.345307 4.235050
24.114040 125.000000 400 133.188241 4.262024
24.127782 125.000000 369 122.927913 3.933693
24.212017 125.000000 387 127.378589 4.076115
24.180996 125.000000 377 124.053304 3.969706
24.187481 125.000000 376 124.892771 3.996569
24.170858 125.000000 380 125.793596 4.025395
24.196092 125.000000 372 123.829570 3.962546
24.165531 125.000000 365 121.415783 3.885305
24.228958 125.000000 363 119.739274 3.831657
24.123151 125.000000 353 115.224252 3.687176
24.208712 125.000000 409 135.890480 4.348495
24.244291 125.000000 355 117.000344 3.744011
15.101157 125.000000 380 126.641492 4.052528
27.117903 125.000000 345 114.882580 3.676243
27.055956 125.000000 383 127.458243 4.078664
27.065812 125.000000 373 124.062998 3.970016
27.068589 125.000000 381 126.602087 4.051267
27.062974 125.000000 385 128.127735 4.100088
27.068638 125.000000 399 132.839685 4.250870
27.078553 125.000000 377 125.199011 4.006368
27.070030 125.000000 367 122.159666 3.909109
27.044864 125.000000 407 135.423520 4.333553
27.104281 125.000000 378 125.070142 4.002245
27.136621 125.000000 364 119.330542 3.818577
27.086306 125.000000 346 115.302286 3.689673
27.100183 125.000000 359 119.327461 3.818479
27.095373 125.000000 381 126.547019 4.049505
27.132720 125.000000 408 135.154058 4.324930
27.135296 125.000000 373 124.256808 3.976218
27.135079 125.000000 350 115.854212 3.707335
27.141998 125.000000 392 130.050411 4.161613
27.159783 125.000000 348 115.257951 3.688254
27.178669 125.000000 359 118.734615 3.799508
27.194237 125.000000 396 131.703395 4.214509
27.210704 125.000000 362 120.586612 3.858772
27.196398 125.000000 400 133.319728 4.266231
27.224982 125.000000 423 140.393245 4.492584
27.173330 125.000000 360 119.901212 3.836839
27.184969 125.000000 367 121.545790 3.889465
27.186962 125.000000 379 126.082627 4.034644
27.188756 125.000000 368 122.435687 3.917942
27.229683 125.000000 415 138.299925 4.425598
27.257306 125.000000 366 121.472987 3.887136
27.133306 125.000000 347 115.276454 3.688847
18.131495 125.000000 357 117.808647 3.769877
#type       avg     std     min     5th    10th    90th    95th    99th
read      117.4    92.8    37.4    55.0    57.8   215.2   290.3   503.9
update    122.8    96.9    41.1    57.1    61.0   221.7   300.3   520.9
op_q        1.0     0.0     1.0     1.0     1.0     1.1     1.1     1.1

Total QPS = 566061.1 (16981834 / 30.0s)

Misses = 0 (0.0%)
Skipped TXs = 0 (0.0%)

RX 2908965948 bytes :   92.5 MB/s
TX 1871700390 bytes :   59.5 MB/s
