Requests      [total, rate, throughput]         12, 10.91, 10.70
Duration      [total, attack, wait]             1.122s, 1.1s, 21.343ms
Latencies     [min, mean, 50, 90, 95, 99, max]  21.053ms, 21.504ms, 21.491ms, 21.919ms, 22.081ms, 22.109ms, 22.109ms
Bytes In      [total, mean]                     24, 2.00
Bytes Out     [total, mean]                     0, 0.00
Success       [ratio]                           100.00%
Status Codes  [code:count]                      200:12  
Error Set:
Requests      [total, rate, throughput]         22, 10.47, 10.37
Duration      [total, attack, wait]             2.122s, 2.101s, 21.435ms
Latencies     [min, mean, 50, 90, 95, 99, max]  21.053ms, 21.519ms, 21.52ms, 21.807ms, 21.946ms, 22.109ms, 22.109ms
Bytes In      [total, mean]                     44, 2.00
Bytes Out     [total, mean]                     0, 0.00
Success       [ratio]                           100.00%
Status Codes  [code:count]                      200:22  
Error Set:
Requests      [total, rate, throughput]         32, 10.32, 10.25
Duration      [total, attack, wait]             3.122s, 3.1s, 21.652ms
Latencies     [min, mean, 50, 90, 95, 99, max]  21.053ms, 21.576ms, 21.581ms, 21.911ms, 21.972ms, 22.109ms, 22.109ms
Bytes In      [total, mean]                     64, 2.00
Bytes Out     [total, mean]                     0, 0.00
Success       [ratio]                           100.00%
Status Codes  [code:count]                      200:32  
Error Set:
Requests      [total, rate, throughput]         42, 10.24, 10.19
Duration      [total, attack, wait]             4.121s, 4.1s, 21.057ms
Latencies     [min, mean, 50, 90, 95, 99, max]  21.053ms, 21.545ms, 21.581ms, 21.863ms, 21.962ms, 22.109ms, 22.109ms
Bytes In      [total, mean]                     84, 2.00
Bytes Out     [total, mean]                     0, 0.00
Success       [ratio]                           100.00%
Status Codes  [code:count]                      200:42  
Error Set:
Requests      [total, rate, throughput]         52, 10.20, 10.15
Duration      [total, attack, wait]             5.121s, 5.1s, 21.201ms
Latencies     [min, mean, 50, 90, 95, 99, max]  21.053ms, 21.513ms, 21.524ms, 21.842ms, 21.948ms, 22.106ms, 22.109ms
Bytes In      [total, mean]                     104, 2.00
Bytes Out     [total, mean]                     0, 0.00
Success       [ratio]                           100.00%
Status Codes  [code:count]                      200:52  
Error Set:
Requests      [total, rate, throughput]         62, 10.16, 10.13
Duration      [total, attack, wait]             6.122s, 6.1s, 21.649ms
Latencies     [min, mean, 50, 90, 95, 99, max]  21.053ms, 21.533ms, 21.542ms, 21.842ms, 21.917ms, 22.092ms, 22.109ms
Bytes In      [total, mean]                     124, 2.00
Bytes Out     [total, mean]                     0, 0.00
Success       [ratio]                           100.00%
Status Codes  [code:count]                      200:62  
Error Set:
Requests      [total, rate, throughput]         72, 10.14, 10.11
Duration      [total, attack, wait]             7.122s, 7.101s, 21.647ms
Latencies     [min, mean, 50, 90, 95, 99, max]  21.053ms, 21.541ms, 21.595ms, 21.856ms, 21.892ms, 22.079ms, 22.109ms
Bytes In      [total, mean]                     144, 2.00
Bytes Out     [total, mean]                     0, 0.00
Success       [ratio]                           100.00%
Status Codes  [code:count]                      200:72  
Error Set:
Requests      [total, rate, throughput]         82, 10.12, 10.10
Duration      [total, attack, wait]             8.122s, 8.1s, 21.362ms
Latencies     [min, mean, 50, 90, 95, 99, max]  21.053ms, 21.54ms, 21.569ms, 21.856ms, 21.899ms, 22.065ms, 22.109ms
Bytes In      [total, mean]                     164, 2.00
Bytes Out     [total, mean]                     0, 0.00
Success       [ratio]                           100.00%
Status Codes  [code:count]                      200:82  
Error Set:
Requests      [total, rate, throughput]         92, 10.11, 10.09
Duration      [total, attack, wait]             9.121s, 9.1s, 21.721ms
Latencies     [min, mean, 50, 90, 95, 99, max]  21.053ms, 21.555ms, 21.608ms, 21.856ms, 21.908ms, 22.052ms, 22.109ms
Bytes In      [total, mean]                     184, 2.00
Bytes Out     [total, mean]                     0, 0.00
Success       [ratio]                           100.00%
Status Codes  [code:count]                      200:92  
Error Set:
Requests      [total, rate, throughput]         102, 10.10, 10.08
Duration      [total, attack, wait]             10.121s, 10.1s, 21.252ms
Latencies     [min, mean, 50, 90, 95, 99, max]  21.053ms, 21.565ms, 21.615ms, 21.882ms, 21.936ms, 22.132ms, 22.157ms
Bytes In      [total, mean]                     204, 2.00
Bytes Out     [total, mean]                     0, 0.00
Success       [ratio]                           100.00%
Status Codes  [code:count]                      200:102  
Error Set:
Requests      [total, rate, throughput]         112, 10.09, 10.07
Duration      [total, attack, wait]             11.122s, 11.101s, 21.627ms
Latencies     [min, mean, 50, 90, 95, 99, max]  21.053ms, 21.588ms, 21.624ms, 21.882ms, 21.951ms, 22.927ms, 24.184ms
Bytes In      [total, mean]                     224, 2.00
Bytes Out     [total, mean]                     0, 0.00
Success       [ratio]                           100.00%
Status Codes  [code:count]                      200:112  
Error Set:
Requests      [total, rate, throughput]         122, 10.08, 10.06
Duration      [total, attack, wait]             12.121s, 12.1s, 21.081ms
Latencies     [min, mean, 50, 90, 95, 99, max]  21.053ms, 21.572ms, 21.615ms, 21.878ms, 21.936ms, 22.724ms, 24.184ms
Bytes In      [total, mean]                     244, 2.00
Bytes Out     [total, mean]                     0, 0.00
Success       [ratio]                           100.00%
Status Codes  [code:count]                      200:122  
Error Set:
Requests      [total, rate, throughput]         132, 10.08, 10.06
Duration      [total, attack, wait]             13.122s, 13.1s, 21.814ms
Latencies     [min, mean, 50, 90, 95, 99, max]  21.053ms, 21.57ms, 21.606ms, 21.878ms, 21.924ms, 22.522ms, 24.184ms
Bytes In      [total, mean]                     264, 2.00
Bytes Out     [total, mean]                     0, 0.00
Success       [ratio]                           100.00%
Status Codes  [code:count]                      200:132  
Error Set:
Requests      [total, rate, throughput]         142, 10.07, 10.06
Duration      [total, attack, wait]             14.122s, 14.1s, 21.195ms
Latencies     [min, mean, 50, 90, 95, 99, max]  21.024ms, 21.561ms, 21.589ms, 21.872ms, 21.924ms, 22.319ms, 24.184ms
Bytes In      [total, mean]                     284, 2.00
Bytes Out     [total, mean]                     0, 0.00
Success       [ratio]                           100.00%
Status Codes  [code:count]                      200:142  
Error Set:
Requests      [total, rate, throughput]         152, 10.07, 10.05
Duration      [total, attack, wait]             15.121s, 15.1s, 21.574ms
Latencies     [min, mean, 50, 90, 95, 99, max]  21.024ms, 21.56ms, 21.579ms, 21.872ms, 21.923ms, 22.156ms, 24.184ms
Bytes In      [total, mean]                     304, 2.00
Bytes Out     [total, mean]                     0, 0.00
Success       [ratio]                           100.00%
Status Codes  [code:count]                      200:152  
Error Set:
Requests      [total, rate, throughput]         162, 10.06, 10.05
Duration      [total, attack, wait]             16.122s, 16.1s, 21.899ms
Latencies     [min, mean, 50, 90, 95, 99, max]  21.024ms, 21.566ms, 21.594ms, 21.878ms, 21.916ms, 22.151ms, 24.184ms
Bytes In      [total, mean]                     324, 2.00
Bytes Out     [total, mean]                     0, 0.00
Success       [ratio]                           100.00%
Status Codes  [code:count]                      200:162  
Error Set:
Requests      [total, rate, throughput]         172, 10.06, 10.05
Duration      [total, attack, wait]             17.122s, 17.1s, 21.451ms
Latencies     [min, mean, 50, 90, 95, 99, max]  21.024ms, 21.563ms, 21.594ms, 21.872ms, 21.91ms, 22.146ms, 24.184ms
Bytes In      [total, mean]                     344, 2.00
Bytes Out     [total, mean]                     0, 0.00
Success       [ratio]                           100.00%
Status Codes  [code:count]                      200:172  
Error Set:
Requests      [total, rate, throughput]         182, 10.06, 10.04
Duration      [total, attack, wait]             18.121s, 18.1s, 21.45ms
Latencies     [min, mean, 50, 90, 95, 99, max]  21.024ms, 21.56ms, 21.589ms, 21.856ms, 21.91ms, 22.141ms, 24.184ms
Bytes In      [total, mean]                     364, 2.00
Bytes Out     [total, mean]                     0, 0.00
Success       [ratio]                           100.00%
Status Codes  [code:count]                      200:182  
Error Set:
Requests      [total, rate, throughput]         192, 10.05, 10.04
Duration      [total, attack, wait]             19.122s, 19.101s, 21.558ms
Latencies     [min, mean, 50, 90, 95, 99, max]  21.021ms, 21.561ms, 21.593ms, 21.851ms, 21.909ms, 22.137ms, 24.184ms
Bytes In      [total, mean]                     384, 2.00
Bytes Out     [total, mean]                     0, 0.00
Success       [ratio]                           100.00%
Status Codes  [code:count]                      200:192  
Error Set:
Requests      [total, rate, throughput]         202, 10.05, 10.04
Duration      [total, attack, wait]             20.121s, 20.1s, 21.743ms
Latencies     [min, mean, 50, 90, 95, 99, max]  21.021ms, 21.564ms, 21.601ms, 21.846ms, 21.907ms, 22.132ms, 24.184ms
Bytes In      [total, mean]                     404, 2.00
Bytes Out     [total, mean]                     0, 0.00
Success       [ratio]                           100.00%
Status Codes  [code:count]                      200:202  
Error Set:
Requests      [total, rate, throughput]         212, 10.05, 10.04
Duration      [total, attack, wait]             21.122s, 21.101s, 21.667ms
Latencies     [min, mean, 50, 90, 95, 99, max]  21.021ms, 21.562ms, 21.597ms, 21.843ms, 21.904ms, 22.127ms, 24.184ms
Bytes In      [total, mean]                     424, 2.00
Bytes Out     [total, mean]                     0, 0.00
Success       [ratio]                           100.00%
Status Codes  [code:count]                      200:212  
Error Set:
Requests      [total, rate, throughput]         222, 10.04, 10.04
Duration      [total, attack, wait]             22.122s, 22.101s, 21.718ms
Latencies     [min, mean, 50, 90, 95, 99, max]  21.021ms, 21.559ms, 21.589ms, 21.84ms, 21.902ms, 22.122ms, 24.184ms
Bytes In      [total, mean]                     444, 2.00
Bytes Out     [total, mean]                     0, 0.00
Success       [ratio]                           100.00%
Status Codes  [code:count]                      200:222  
Error Set:
Requests      [total, rate, throughput]         232, 10.04, 10.03
Duration      [total, attack, wait]             23.122s, 23.101s, 21.599ms
Latencies     [min, mean, 50, 90, 95, 99, max]  21.021ms, 21.551ms, 21.578ms, 21.835ms, 21.899ms, 22.117ms, 24.184ms
Bytes In      [total, mean]                     464, 2.00
Bytes Out     [total, mean]                     0, 0.00
Success       [ratio]                           100.00%
Status Codes  [code:count]                      200:232  
Error Set:
Requests      [total, rate, throughput]         242, 10.04, 10.03
Duration      [total, attack, wait]             24.122s, 24.101s, 21.641ms
Latencies     [min, mean, 50, 90, 95, 99, max]  21.021ms, 21.547ms, 21.575ms, 21.829ms, 21.895ms, 22.112ms, 24.184ms
Bytes In      [total, mean]                     484, 2.00
Bytes Out     [total, mean]                     0, 0.00
Success       [ratio]                           100.00%
Status Codes  [code:count]                      200:242  
Error Set:
Requests      [total, rate, throughput]         252, 10.04, 10.03
Duration      [total, attack, wait]             25.122s, 25.1s, 21.854ms
Latencies     [min, mean, 50, 90, 95, 99, max]  21ms, 21.544ms, 21.574ms, 21.829ms, 21.893ms, 22.108ms, 24.184ms
Bytes In      [total, mean]                     504, 2.00
Bytes Out     [total, mean]                     0, 0.00
Success       [ratio]                           100.00%
Status Codes  [code:count]                      200:252  
Error Set:
Requests      [total, rate, throughput]         262, 10.04, 10.03
Duration      [total, attack, wait]             26.122s, 26.1s, 21.068ms
Latencies     [min, mean, 50, 90, 95, 99, max]  21ms, 21.539ms, 21.572ms, 21.821ms, 21.892ms, 22.107ms, 24.184ms
Bytes In      [total, mean]                     524, 2.00
Bytes Out     [total, mean]                     0, 0.00
Success       [ratio]                           100.00%
Status Codes  [code:count]                      200:262  
Error Set:
Requests      [total, rate, throughput]         272, 10.04, 10.03
Duration      [total, attack, wait]             27.122s, 27.1s, 21.252ms
Latencies     [min, mean, 50, 90, 95, 99, max]  20.979ms, 21.528ms, 21.562ms, 21.813ms, 21.892ms, 22.105ms, 24.184ms
Bytes In      [total, mean]                     544, 2.00
Bytes Out     [total, mean]                     0, 0.00
Success       [ratio]                           100.00%
Status Codes  [code:count]                      200:272  
Error Set:
Requests      [total, rate, throughput]         282, 10.04, 10.03
Duration      [total, attack, wait]             28.121s, 28.1s, 21.398ms
Latencies     [min, mean, 50, 90, 95, 99, max]  20.973ms, 21.524ms, 21.545ms, 21.813ms, 21.892ms, 22.104ms, 24.184ms
Bytes In      [total, mean]                     564, 2.00
Bytes Out     [total, mean]                     0, 0.00
Success       [ratio]                           100.00%
Status Codes  [code:count]                      200:282  
Error Set:
Requests      [total, rate, throughput]         292, 10.03, 10.03
Duration      [total, attack, wait]             29.121s, 29.1s, 21.247ms
Latencies     [min, mean, 50, 90, 95, 99, max]  20.973ms, 21.523ms, 21.539ms, 21.81ms, 21.892ms, 22.103ms, 24.184ms
Bytes In      [total, mean]                     584, 2.00
Bytes Out     [total, mean]                     0, 0.00
Success       [ratio]                           100.00%
Status Codes  [code:count]                      200:292  
Error Set:
Requests      [total, rate, throughput]         302, 10.03, 10.03
Duration      [total, attack, wait]             30.122s, 30.1s, 21.29ms
Latencies     [min, mean, 50, 90, 95, 99, max]  20.973ms, 21.524ms, 21.539ms, 21.807ms, 21.889ms, 22.101ms, 24.184ms
Bytes In      [total, mean]                     604, 2.00
Bytes Out     [total, mean]                     0, 0.00
Success       [ratio]                           100.00%
Status Codes  [code:count]                      200:302  
Error Set:
Requests      [total, rate, throughput]         312, 10.03, 10.03
Duration      [total, attack, wait]             31.122s, 31.101s, 21.165ms
Latencies     [min, mean, 50, 90, 95, 99, max]  20.973ms, 21.525ms, 21.539ms, 21.813ms, 21.894ms, 22.1ms, 24.184ms
Bytes In      [total, mean]                     624, 2.00
Bytes Out     [total, mean]                     0, 0.00
Success       [ratio]                           100.00%
Status Codes  [code:count]                      200:312  
Error Set:
Requests      [total, rate, throughput]         322, 10.03, 10.02
Duration      [total, attack, wait]             32.122s, 32.101s, 21.344ms
Latencies     [min, mean, 50, 90, 95, 99, max]  20.973ms, 21.525ms, 21.539ms, 21.821ms, 21.892ms, 22.098ms, 24.184ms
Bytes In      [total, mean]                     644, 2.00
Bytes Out     [total, mean]                     0, 0.00
Success       [ratio]                           100.00%
Status Codes  [code:count]                      200:322  
Error Set:
Requests      [total, rate, throughput]         332, 10.03, 10.02
Duration      [total, attack, wait]             33.123s, 33.101s, 21.948ms
Latencies     [min, mean, 50, 90, 95, 99, max]  20.973ms, 21.526ms, 21.542ms, 21.829ms, 21.897ms, 22.097ms, 24.184ms
Bytes In      [total, mean]                     664, 2.00
Bytes Out     [total, mean]                     0, 0.00
Success       [ratio]                           100.00%
Status Codes  [code:count]                      200:332  
Error Set:
Requests      [total, rate, throughput]         342, 10.03, 10.02
Duration      [total, attack, wait]             34.122s, 34.1s, 21.449ms
Latencies     [min, mean, 50, 90, 95, 99, max]  20.973ms, 21.525ms, 21.536ms, 21.821ms, 21.896ms, 22.095ms, 24.184ms
Bytes In      [total, mean]                     684, 2.00
Bytes Out     [total, mean]                     0, 0.00
Success       [ratio]                           100.00%
Status Codes  [code:count]                      200:342  
Error Set:
Requests      [total, rate, throughput]         352, 10.03, 10.02
Duration      [total, attack, wait]             35.122s, 35.1s, 21.744ms
Latencies     [min, mean, 50, 90, 95, 99, max]  20.973ms, 21.529ms, 21.539ms, 21.824ms, 21.897ms, 22.093ms, 24.184ms
Bytes In      [total, mean]                     704, 2.00
Bytes Out     [total, mean]                     0, 0.00
Success       [ratio]                           100.00%
Status Codes  [code:count]                      200:352  
Error Set:
Requests      [total, rate, throughput]         362, 10.03, 10.02
Duration      [total, attack, wait]             36.122s, 36.1s, 21.37ms
Latencies     [min, mean, 50, 90, 95, 99, max]  20.973ms, 21.528ms, 21.536ms, 21.824ms, 21.896ms, 22.089ms, 24.184ms
Bytes In      [total, mean]                     724, 2.00
Bytes Out     [total, mean]                     0, 0.00
Success       [ratio]                           100.00%
Status Codes  [code:count]                      200:362  
Error Set:
Requests      [total, rate, throughput]         372, 10.03, 10.02
Duration      [total, attack, wait]             37.121s, 37.1s, 21.238ms
Latencies     [min, mean, 50, 90, 95, 99, max]  20.973ms, 21.523ms, 21.533ms, 21.824ms, 21.897ms, 22.084ms, 24.184ms
Bytes In      [total, mean]                     744, 2.00
Bytes Out     [total, mean]                     0, 0.00
Success       [ratio]                           100.00%
Status Codes  [code:count]                      200:372  
Error Set:
Requests      [total, rate, throughput]         382, 10.03, 10.02
Duration      [total, attack, wait]             38.122s, 38.101s, 21.192ms
Latencies     [min, mean, 50, 90, 95, 99, max]  20.973ms, 21.522ms, 21.531ms, 21.833ms, 21.899ms, 22.079ms, 24.184ms
Bytes In      [total, mean]                     764, 2.00
Bytes Out     [total, mean]                     0, 0.00
Success       [ratio]                           100.00%
Status Codes  [code:count]                      200:382  
Error Set:
Requests      [total, rate, throughput]         392, 10.03, 10.02
Duration      [total, attack, wait]             39.122s, 39.1s, 21.47ms
Latencies     [min, mean, 50, 90, 95, 99, max]  20.973ms, 21.524ms, 21.532ms, 21.84ms, 21.9ms, 22.074ms, 24.184ms
Bytes In      [total, mean]                     784, 2.00
Bytes Out     [total, mean]                     0, 0.00
Success       [ratio]                           100.00%
Status Codes  [code:count]                      200:392  
Error Set:
Requests      [total, rate, throughput]         402, 10.02, 10.02
Duration      [total, attack, wait]             40.122s, 40.1s, 21.768ms
Latencies     [min, mean, 50, 90, 95, 99, max]  20.973ms, 21.52ms, 21.528ms, 21.837ms, 21.899ms, 22.069ms, 24.184ms
Bytes In      [total, mean]                     804, 2.00
Bytes Out     [total, mean]                     0, 0.00
Success       [ratio]                           100.00%
Status Codes  [code:count]                      200:402  
Error Set:
Requests      [total, rate, throughput]         412, 10.02, 10.02
Duration      [total, attack, wait]             41.122s, 41.1s, 21.705ms
Latencies     [min, mean, 50, 90, 95, 99, max]  20.942ms, 21.519ms, 21.528ms, 21.833ms, 21.897ms, 22.064ms, 24.184ms
Bytes In      [total, mean]                     824, 2.00
Bytes Out     [total, mean]                     0, 0.00
Success       [ratio]                           100.00%
Status Codes  [code:count]                      200:412  
Error Set:
Requests      [total, rate, throughput]         422, 10.02, 10.02
Duration      [total, attack, wait]             42.121s, 42.1s, 21.362ms
Latencies     [min, mean, 50, 90, 95, 99, max]  20.942ms, 21.517ms, 21.526ms, 21.828ms, 21.896ms, 22.059ms, 24.184ms
Bytes In      [total, mean]                     844, 2.00
Bytes Out     [total, mean]                     0, 0.00
Success       [ratio]                           100.00%
Status Codes  [code:count]                      200:422  
Error Set:
Requests      [total, rate, throughput]         432, 10.02, 10.02
Duration      [total, attack, wait]             43.122s, 43.1s, 21.78ms
Latencies     [min, mean, 50, 90, 95, 99, max]  20.942ms, 21.518ms, 21.528ms, 21.831ms, 21.897ms, 22.054ms, 24.184ms
Bytes In      [total, mean]                     864, 2.00
Bytes Out     [total, mean]                     0, 0.00
Success       [ratio]                           100.00%
Status Codes  [code:count]                      200:432  
Error Set:
Requests      [total, rate, throughput]         442, 10.02, 10.02
Duration      [total, attack, wait]             44.123s, 44.101s, 21.746ms
Latencies     [min, mean, 50, 90, 95, 99, max]  20.942ms, 21.519ms, 21.53ms, 21.827ms, 21.895ms, 22.05ms, 24.184ms
Bytes In      [total, mean]                     884, 2.00
Bytes Out     [total, mean]                     0, 0.00
Success       [ratio]                           100.00%
Status Codes  [code:count]                      200:442  
Error Set:
Requests      [total, rate, throughput]         452, 10.02, 10.02
Duration      [total, attack, wait]             45.122s, 45.1s, 21.771ms
Latencies     [min, mean, 50, 90, 95, 99, max]  20.942ms, 21.521ms, 21.53ms, 21.831ms, 21.9ms, 22.094ms, 24.184ms
Bytes In      [total, mean]                     904, 2.00
Bytes Out     [total, mean]                     0, 0.00
Success       [ratio]                           100.00%
Status Codes  [code:count]                      200:452  
Error Set:
Requests      [total, rate, throughput]         462, 10.02, 10.02
Duration      [total, attack, wait]             46.121s, 46.1s, 21.178ms
Latencies     [min, mean, 50, 90, 95, 99, max]  20.942ms, 21.521ms, 21.532ms, 21.827ms, 21.899ms, 22.094ms, 24.184ms
Bytes In      [total, mean]                     924, 2.00
Bytes Out     [total, mean]                     0, 0.00
Success       [ratio]                           100.00%
Status Codes  [code:count]                      200:462  
Error Set:
Requests      [total, rate, throughput]         472, 10.02, 10.02
Duration      [total, attack, wait]             47.121s, 47.1s, 21.411ms
Latencies     [min, mean, 50, 90, 95, 99, max]  20.942ms, 21.517ms, 21.526ms, 21.822ms, 21.897ms, 22.094ms, 24.184ms
Bytes In      [total, mean]                     944, 2.00
Bytes Out     [total, mean]                     0, 0.00
Success       [ratio]                           100.00%
Status Codes  [code:count]                      200:472  
Error Set:
Requests      [total, rate, throughput]         482, 10.02, 10.02
Duration      [total, attack, wait]             48.121s, 48.1s, 21.362ms
Latencies     [min, mean, 50, 90, 95, 99, max]  20.942ms, 21.514ms, 21.52ms, 21.818ms, 21.895ms, 22.094ms, 24.184ms
Bytes In      [total, mean]                     964, 2.00
Bytes Out     [total, mean]                     0, 0.00
Success       [ratio]                           100.00%
Status Codes  [code:count]                      200:482  
Error Set:
Requests      [total, rate, throughput]         492, 10.02, 10.02
Duration      [total, attack, wait]             49.122s, 49.101s, 21.47ms
Latencies     [min, mean, 50, 90, 95, 99, max]  20.942ms, 21.518ms, 21.524ms, 21.822ms, 21.9ms, 22.103ms, 24.184ms
Bytes In      [total, mean]                     984, 2.00
Bytes Out     [total, mean]                     0, 0.00
Success       [ratio]                           100.00%
Status Codes  [code:count]                      200:492  
Error Set:
Requests      [total, rate, throughput]         502, 10.02, 10.02
Duration      [total, attack, wait]             50.122s, 50.1s, 21.667ms
Latencies     [min, mean, 50, 90, 95, 99, max]  20.942ms, 21.521ms, 21.529ms, 21.827ms, 21.902ms, 22.107ms, 24.184ms
Bytes In      [total, mean]                     1004, 2.00
Bytes Out     [total, mean]                     0, 0.00
Success       [ratio]                           100.00%
Status Codes  [code:count]                      200:502  
Error Set:
Requests      [total, rate, throughput]         512, 10.02, 10.02
Duration      [total, attack, wait]             51.122s, 51.1s, 21.879ms
Latencies     [min, mean, 50, 90, 95, 99, max]  20.933ms, 21.522ms, 21.53ms, 21.831ms, 21.903ms, 22.125ms, 24.184ms
Bytes In      [total, mean]                     1024, 2.00
Bytes Out     [total, mean]                     0, 0.00
Success       [ratio]                           100.00%
Status Codes  [code:count]                      200:512  
Error Set:
Requests      [total, rate, throughput]         522, 10.02, 10.01
Duration      [total, attack, wait]             52.122s, 52.1s, 21.709ms
Latencies     [min, mean, 50, 90, 95, 99, max]  20.933ms, 21.522ms, 21.53ms, 21.834ms, 21.908ms, 22.121ms, 24.184ms
Bytes In      [total, mean]                     1044, 2.00
Bytes Out     [total, mean]                     0, 0.00
Success       [ratio]                           100.00%
Status Codes  [code:count]                      200:522  
Error Set:
Requests      [total, rate, throughput]         532, 10.02, 10.01
Duration      [total, attack, wait]             53.122s, 53.1s, 21.546ms
Latencies     [min, mean, 50, 90, 95, 99, max]  20.933ms, 21.525ms, 21.535ms, 21.837ms, 21.91ms, 22.153ms, 24.184ms
Bytes In      [total, mean]                     1064, 2.00
Bytes Out     [total, mean]                     0, 0.00
Success       [ratio]                           100.00%
Status Codes  [code:count]                      200:532  
Error Set:
Requests      [total, rate, throughput]         542, 10.02, 10.01
Duration      [total, attack, wait]             54.122s, 54.1s, 21.664ms
Latencies     [min, mean, 50, 90, 95, 99, max]  20.933ms, 21.526ms, 21.535ms, 21.84ms, 21.915ms, 22.152ms, 24.184ms
Bytes In      [total, mean]                     1084, 2.00
Bytes Out     [total, mean]                     0, 0.00
Success       [ratio]                           100.00%
Status Codes  [code:count]                      200:542  
Error Set:
Requests      [total, rate, throughput]         552, 10.02, 10.01
Duration      [total, attack, wait]             55.121s, 55.1s, 21.134ms
Latencies     [min, mean, 50, 90, 95, 99, max]  20.933ms, 21.524ms, 21.532ms, 21.837ms, 21.913ms, 22.151ms, 24.184ms
Bytes In      [total, mean]                     1104, 2.00
Bytes Out     [total, mean]                     0, 0.00
Success       [ratio]                           100.00%
Status Codes  [code:count]                      200:552  
Error Set:
Requests      [total, rate, throughput]         562, 10.02, 10.01
Duration      [total, attack, wait]             56.121s, 56.1s, 21.301ms
Latencies     [min, mean, 50, 90, 95, 99, max]  20.933ms, 21.523ms, 21.532ms, 21.834ms, 21.911ms, 22.147ms, 24.184ms
Bytes In      [total, mean]                     1124, 2.00
Bytes Out     [total, mean]                     0, 0.00
Success       [ratio]                           100.00%
Status Codes  [code:count]                      200:562  
Error Set:
Requests      [total, rate, throughput]         572, 10.02, 10.01
Duration      [total, attack, wait]             57.122s, 57.101s, 21.768ms
Latencies     [min, mean, 50, 90, 95, 99, max]  20.933ms, 21.523ms, 21.53ms, 21.834ms, 21.913ms, 22.142ms, 24.184ms
Bytes In      [total, mean]                     1144, 2.00
Bytes Out     [total, mean]                     0, 0.00
Success       [ratio]                           100.00%
Status Codes  [code:count]                      200:572  
Error Set:
Requests      [total, rate, throughput]         582, 10.02, 10.01
Duration      [total, attack, wait]             58.122s, 58.101s, 21.652ms
Latencies     [min, mean, 50, 90, 95, 99, max]  20.933ms, 21.524ms, 21.533ms, 21.837ms, 21.913ms, 22.138ms, 24.184ms
Bytes In      [total, mean]                     1164, 2.00
Bytes Out     [total, mean]                     0, 0.00
Success       [ratio]                           100.00%
Status Codes  [code:count]                      200:582  
Error Set:
Requests      [total, rate, throughput]         592, 10.02, 10.01
Duration      [total, attack, wait]             59.122s, 59.1s, 21.731ms
Latencies     [min, mean, 50, 90, 95, 99, max]  20.933ms, 21.527ms, 21.535ms, 21.84ms, 21.915ms, 22.139ms, 24.184ms
Bytes In      [total, mean]                     1184, 2.00
Bytes Out     [total, mean]                     0, 0.00
Success       [ratio]                           100.00%
Status Codes  [code:count]                      200:592  
Error Set:
Requests      [total, rate, throughput]         600, 10.02, 10.01
Duration      [total, attack, wait]             59.921s, 59.9s, 21.387ms
Latencies     [min, mean, 50, 90, 95, 99, max]  20.933ms, 21.526ms, 21.533ms, 21.838ms, 21.914ms, 22.137ms, 24.184ms
Bytes In      [total, mean]                     1200, 2.00
Bytes Out     [total, mean]                     0, 0.00
Success       [ratio]                           100.00%
Status Codes  [code:count]                      200:600  
Error Set:
