Requests      [total, rate, throughput]         12, 10.91, 10.70
Duration      [total, attack, wait]             1.122s, 1.1s, 21.778ms
Latencies     [min, mean, 50, 90, 95, 99, max]  21.346ms, 21.735ms, 21.658ms, 22.265ms, 22.356ms, 22.372ms, 22.372ms
Bytes In      [total, mean]                     24, 2.00
Bytes Out     [total, mean]                     0, 0.00
Success       [ratio]                           100.00%
Status Codes  [code:count]                      200:12  
Error Set:
Requests      [total, rate, throughput]         22, 10.47, 10.37
Duration      [total, attack, wait]             2.122s, 2.101s, 21.092ms
Latencies     [min, mean, 50, 90, 95, 99, max]  21.092ms, 21.561ms, 21.452ms, 22.081ms, 22.28ms, 22.372ms, 22.372ms
Bytes In      [total, mean]                     44, 2.00
Bytes Out     [total, mean]                     0, 0.00
Success       [ratio]                           100.00%
Status Codes  [code:count]                      200:22  
Error Set:
Requests      [total, rate, throughput]         32, 10.32, 10.25
Duration      [total, attack, wait]             3.121s, 3.1s, 21.106ms
Latencies     [min, mean, 50, 90, 95, 99, max]  21.092ms, 21.55ms, 21.539ms, 22.029ms, 22.202ms, 22.372ms, 22.372ms
Bytes In      [total, mean]                     64, 2.00
Bytes Out     [total, mean]                     0, 0.00
Success       [ratio]                           100.00%
Status Codes  [code:count]                      200:32  
Error Set:
Requests      [total, rate, throughput]         42, 10.24, 10.19
Duration      [total, attack, wait]             4.122s, 4.101s, 21.428ms
Latencies     [min, mean, 50, 90, 95, 99, max]  21.092ms, 21.532ms, 21.484ms, 21.945ms, 22.114ms, 22.372ms, 22.372ms
Bytes In      [total, mean]                     84, 2.00
Bytes Out     [total, mean]                     0, 0.00
Success       [ratio]                           100.00%
Status Codes  [code:count]                      200:42  
Error Set:
Requests      [total, rate, throughput]         52, 10.20, 10.15
Duration      [total, attack, wait]             5.122s, 5.1s, 21.6ms
Latencies     [min, mean, 50, 90, 95, 99, max]  21.092ms, 21.517ms, 21.522ms, 21.846ms, 22.042ms, 22.369ms, 22.372ms
Bytes In      [total, mean]                     104, 2.00
Bytes Out     [total, mean]                     0, 0.00
Success       [ratio]                           100.00%
Status Codes  [code:count]                      200:52  
Error Set:
Requests      [total, rate, throughput]         62, 10.16, 10.13
Duration      [total, attack, wait]             6.121s, 6.1s, 21.359ms
Latencies     [min, mean, 50, 90, 95, 99, max]  21.092ms, 21.502ms, 21.486ms, 21.796ms, 22.031ms, 22.353ms, 22.372ms
Bytes In      [total, mean]                     124, 2.00
Bytes Out     [total, mean]                     0, 0.00
Success       [ratio]                           100.00%
Status Codes  [code:count]                      200:62  
Error Set:
Requests      [total, rate, throughput]         72, 10.14, 10.11
Duration      [total, attack, wait]             7.121s, 7.101s, 20.957ms
Latencies     [min, mean, 50, 90, 95, 99, max]  20.957ms, 21.503ms, 21.534ms, 21.781ms, 22.011ms, 22.338ms, 22.372ms
Bytes In      [total, mean]                     144, 2.00
Bytes Out     [total, mean]                     0, 0.00
Success       [ratio]                           100.00%
Status Codes  [code:count]                      200:72  
Error Set:
Requests      [total, rate, throughput]         82, 10.12, 10.10
Duration      [total, attack, wait]             8.122s, 8.101s, 21.673ms
Latencies     [min, mean, 50, 90, 95, 99, max]  20.957ms, 21.484ms, 21.472ms, 21.76ms, 21.956ms, 22.323ms, 22.372ms
Bytes In      [total, mean]                     164, 2.00
Bytes Out     [total, mean]                     0, 0.00
Success       [ratio]                           100.00%
Status Codes  [code:count]                      200:82  
Error Set:
Requests      [total, rate, throughput]         92, 10.11, 10.09
Duration      [total, attack, wait]             9.121s, 9.1s, 21.538ms
Latencies     [min, mean, 50, 90, 95, 99, max]  20.957ms, 21.474ms, 21.472ms, 21.754ms, 21.902ms, 22.308ms, 22.372ms
Bytes In      [total, mean]                     184, 2.00
Bytes Out     [total, mean]                     0, 0.00
Success       [ratio]                           100.00%
Status Codes  [code:count]                      200:92  
Error Set:
Requests      [total, rate, throughput]         102, 10.10, 10.08
Duration      [total, attack, wait]             10.122s, 10.101s, 21.743ms
Latencies     [min, mean, 50, 90, 95, 99, max]  20.957ms, 21.475ms, 21.472ms, 21.754ms, 21.855ms, 22.292ms, 22.372ms
Bytes In      [total, mean]                     204, 2.00
Bytes Out     [total, mean]                     0, 0.00
Success       [ratio]                           100.00%
Status Codes  [code:count]                      200:102  
Error Set:
Requests      [total, rate, throughput]         112, 10.09, 10.07
Duration      [total, attack, wait]             11.121s, 11.1s, 21.208ms
Latencies     [min, mean, 50, 90, 95, 99, max]  20.955ms, 21.468ms, 21.472ms, 21.751ms, 21.817ms, 22.277ms, 22.372ms
Bytes In      [total, mean]                     224, 2.00
Bytes Out     [total, mean]                     0, 0.00
Success       [ratio]                           100.00%
Status Codes  [code:count]                      200:112  
Error Set:
Requests      [total, rate, throughput]         122, 10.08, 10.06
Duration      [total, attack, wait]             12.122s, 12.1s, 21.523ms
Latencies     [min, mean, 50, 90, 95, 99, max]  20.955ms, 21.482ms, 21.489ms, 21.754ms, 21.916ms, 22.38ms, 22.402ms
Bytes In      [total, mean]                     244, 2.00
Bytes Out     [total, mean]                     0, 0.00
Success       [ratio]                           100.00%
Status Codes  [code:count]                      200:122  
Error Set:
Requests      [total, rate, throughput]         132, 10.08, 10.06
Duration      [total, attack, wait]             13.122s, 13.101s, 21.463ms
Latencies     [min, mean, 50, 90, 95, 99, max]  20.955ms, 21.476ms, 21.467ms, 21.754ms, 21.902ms, 22.377ms, 22.402ms
Bytes In      [total, mean]                     264, 2.00
Bytes Out     [total, mean]                     0, 0.00
Success       [ratio]                           100.00%
Status Codes  [code:count]                      200:132  
Error Set:
Requests      [total, rate, throughput]         142, 10.07, 10.06
Duration      [total, attack, wait]             14.121s, 14.1s, 21.127ms
Latencies     [min, mean, 50, 90, 95, 99, max]  20.955ms, 21.463ms, 21.451ms, 21.752ms, 21.857ms, 22.374ms, 22.402ms
Bytes In      [total, mean]                     284, 2.00
Bytes Out     [total, mean]                     0, 0.00
Success       [ratio]                           100.00%
Status Codes  [code:count]                      200:142  
Error Set:
Requests      [total, rate, throughput]         152, 10.07, 10.05
Duration      [total, attack, wait]             15.121s, 15.1s, 21.415ms
Latencies     [min, mean, 50, 90, 95, 99, max]  20.955ms, 21.456ms, 21.446ms, 21.751ms, 21.821ms, 22.369ms, 22.402ms
Bytes In      [total, mean]                     304, 2.00
Bytes Out     [total, mean]                     0, 0.00
Success       [ratio]                           100.00%
Status Codes  [code:count]                      200:152  
Error Set:
Requests      [total, rate, throughput]         162, 10.06, 10.05
Duration      [total, attack, wait]             16.121s, 16.1s, 21.521ms
Latencies     [min, mean, 50, 90, 95, 99, max]  20.955ms, 21.452ms, 21.435ms, 21.751ms, 21.829ms, 22.353ms, 22.402ms
Bytes In      [total, mean]                     324, 2.00
Bytes Out     [total, mean]                     0, 0.00
Success       [ratio]                           100.00%
Status Codes  [code:count]                      200:162  
Error Set:
Requests      [total, rate, throughput]         172, 10.06, 10.05
Duration      [total, attack, wait]             17.122s, 17.1s, 21.196ms
Latencies     [min, mean, 50, 90, 95, 99, max]  20.955ms, 21.446ms, 21.429ms, 21.746ms, 21.821ms, 22.338ms, 22.402ms
Bytes In      [total, mean]                     344, 2.00
Bytes Out     [total, mean]                     0, 0.00
Success       [ratio]                           100.00%
Status Codes  [code:count]                      200:172  
Error Set:
Requests      [total, rate, throughput]         182, 10.05, 10.04
Duration      [total, attack, wait]             18.122s, 18.101s, 21.334ms
Latencies     [min, mean, 50, 90, 95, 99, max]  20.955ms, 21.451ms, 21.437ms, 21.752ms, 21.823ms, 22.323ms, 22.402ms
Bytes In      [total, mean]                     364, 2.00
Bytes Out     [total, mean]                     0, 0.00
Success       [ratio]                           100.00%
Status Codes  [code:count]                      200:182  
Error Set:
Requests      [total, rate, throughput]         192, 10.05, 10.04
Duration      [total, attack, wait]             19.121s, 19.1s, 21.465ms
Latencies     [min, mean, 50, 90, 95, 99, max]  20.955ms, 21.451ms, 21.435ms, 21.752ms, 21.827ms, 22.308ms, 22.402ms
Bytes In      [total, mean]                     384, 2.00
Bytes Out     [total, mean]                     0, 0.00
Success       [ratio]                           100.00%
Status Codes  [code:count]                      200:192  
Error Set:
Requests      [total, rate, throughput]         202, 10.05, 10.04
Duration      [total, attack, wait]             20.121s, 20.1s, 21.387ms
Latencies     [min, mean, 50, 90, 95, 99, max]  20.955ms, 21.447ms, 21.432ms, 21.752ms, 21.823ms, 22.292ms, 22.402ms
Bytes In      [total, mean]                     404, 2.00
Bytes Out     [total, mean]                     0, 0.00
Success       [ratio]                           100.00%
Status Codes  [code:count]                      200:202  
Error Set:
Requests      [total, rate, throughput]         212, 10.05, 10.04
Duration      [total, attack, wait]             21.121s, 21.1s, 21.05ms
Latencies     [min, mean, 50, 90, 95, 99, max]  20.955ms, 21.442ms, 21.421ms, 21.752ms, 21.827ms, 22.277ms, 22.402ms
Bytes In      [total, mean]                     424, 2.00
Bytes Out     [total, mean]                     0, 0.00
Success       [ratio]                           100.00%
Status Codes  [code:count]                      200:212  
Error Set:
Requests      [total, rate, throughput]         222, 10.05, 10.04
Duration      [total, attack, wait]             22.122s, 22.1s, 21.277ms
Latencies     [min, mean, 50, 90, 95, 99, max]  20.955ms, 21.435ms, 21.416ms, 21.749ms, 21.823ms, 22.262ms, 22.402ms
Bytes In      [total, mean]                     444, 2.00
Bytes Out     [total, mean]                     0, 0.00
Success       [ratio]                           100.00%
Status Codes  [code:count]                      200:222  
Error Set:
Requests      [total, rate, throughput]         232, 10.04, 10.03
Duration      [total, attack, wait]             23.122s, 23.101s, 21.122ms
Latencies     [min, mean, 50, 90, 95, 99, max]  20.947ms, 21.434ms, 21.416ms, 21.752ms, 21.827ms, 22.247ms, 22.402ms
Bytes In      [total, mean]                     464, 2.00
Bytes Out     [total, mean]                     0, 0.00
Success       [ratio]                           100.00%
Status Codes  [code:count]                      200:232  
Error Set:
Requests      [total, rate, throughput]         242, 10.04, 10.03
Duration      [total, attack, wait]             24.122s, 24.101s, 21.171ms
Latencies     [min, mean, 50, 90, 95, 99, max]  20.947ms, 21.432ms, 21.416ms, 21.749ms, 21.824ms, 22.231ms, 22.402ms
Bytes In      [total, mean]                     484, 2.00
Bytes Out     [total, mean]                     0, 0.00
Success       [ratio]                           100.00%
Status Codes  [code:count]                      200:242  
Error Set:
Requests      [total, rate, throughput]         252, 10.04, 10.03
Duration      [total, attack, wait]             25.122s, 25.1s, 21.611ms
Latencies     [min, mean, 50, 90, 95, 99, max]  20.947ms, 21.43ms, 21.416ms, 21.744ms, 21.821ms, 22.216ms, 22.402ms
Bytes In      [total, mean]                     504, 2.00
Bytes Out     [total, mean]                     0, 0.00
Success       [ratio]                           100.00%
Status Codes  [code:count]                      200:252  
Error Set:
Requests      [total, rate, throughput]         262, 10.04, 10.03
Duration      [total, attack, wait]             26.122s, 26.101s, 21.191ms
Latencies     [min, mean, 50, 90, 95, 99, max]  20.947ms, 21.431ms, 21.416ms, 21.749ms, 21.829ms, 22.198ms, 22.402ms
Bytes In      [total, mean]                     524, 2.00
Bytes Out     [total, mean]                     0, 0.00
Success       [ratio]                           100.00%
Status Codes  [code:count]                      200:262  
Error Set:
Requests      [total, rate, throughput]         272, 10.04, 10.03
Duration      [total, attack, wait]             27.121s, 27.1s, 21.547ms
Latencies     [min, mean, 50, 90, 95, 99, max]  20.947ms, 21.435ms, 21.418ms, 21.752ms, 21.832ms, 22.181ms, 22.402ms
Bytes In      [total, mean]                     544, 2.00
Bytes Out     [total, mean]                     0, 0.00
Success       [ratio]                           100.00%
Status Codes  [code:count]                      200:272  
Error Set:
Requests      [total, rate, throughput]         282, 10.04, 10.03
Duration      [total, attack, wait]             28.122s, 28.101s, 21.171ms
Latencies     [min, mean, 50, 90, 95, 99, max]  20.947ms, 21.435ms, 21.418ms, 21.752ms, 21.833ms, 22.163ms, 22.402ms
Bytes In      [total, mean]                     564, 2.00
Bytes Out     [total, mean]                     0, 0.00
Success       [ratio]                           100.00%
Status Codes  [code:count]                      200:282  
Error Set:
Requests      [total, rate, throughput]         292, 10.03, 10.03
Duration      [total, attack, wait]             29.122s, 29.101s, 21.384ms
Latencies     [min, mean, 50, 90, 95, 99, max]  20.947ms, 21.445ms, 21.425ms, 21.764ms, 21.84ms, 22.308ms, 22.846ms
Bytes In      [total, mean]                     584, 2.00
Bytes Out     [total, mean]                     0, 0.00
Success       [ratio]                           100.00%
Status Codes  [code:count]                      200:292  
Error Set:
Requests      [total, rate, throughput]         302, 10.03, 10.03
Duration      [total, attack, wait]             30.122s, 30.101s, 21.1ms
Latencies     [min, mean, 50, 90, 95, 99, max]  20.947ms, 21.443ms, 21.421ms, 21.765ms, 21.838ms, 22.292ms, 22.846ms
Bytes In      [total, mean]                     604, 2.00
Bytes Out     [total, mean]                     0, 0.00
Success       [ratio]                           100.00%
Status Codes  [code:count]                      200:302  
Error Set:
Requests      [total, rate, throughput]         312, 10.03, 10.03
Duration      [total, attack, wait]             31.122s, 31.1s, 21.592ms
Latencies     [min, mean, 50, 90, 95, 99, max]  20.947ms, 21.444ms, 21.425ms, 21.765ms, 21.836ms, 22.277ms, 22.846ms
Bytes In      [total, mean]                     624, 2.00
Bytes Out     [total, mean]                     0, 0.00
Success       [ratio]                           100.00%
Status Codes  [code:count]                      200:312  
Error Set:
Requests      [total, rate, throughput]         322, 10.03, 10.02
Duration      [total, attack, wait]             32.122s, 32.1s, 21.415ms
Latencies     [min, mean, 50, 90, 95, 99, max]  20.947ms, 21.442ms, 21.421ms, 21.761ms, 21.833ms, 22.262ms, 22.846ms
Bytes In      [total, mean]                     644, 2.00
Bytes Out     [total, mean]                     0, 0.00
Success       [ratio]                           100.00%
Status Codes  [code:count]                      200:322  
Error Set:
Requests      [total, rate, throughput]         332, 10.03, 10.02
Duration      [total, attack, wait]             33.121s, 33.1s, 21.654ms
Latencies     [min, mean, 50, 90, 95, 99, max]  20.947ms, 21.444ms, 21.423ms, 21.765ms, 21.841ms, 22.247ms, 22.846ms
Bytes In      [total, mean]                     664, 2.00
Bytes Out     [total, mean]                     0, 0.00
Success       [ratio]                           100.00%
Status Codes  [code:count]                      200:332  
Error Set:
Requests      [total, rate, throughput]         342, 10.03, 10.02
Duration      [total, attack, wait]             34.121s, 34.1s, 21.226ms
Latencies     [min, mean, 50, 90, 95, 99, max]  20.938ms, 21.445ms, 21.426ms, 21.765ms, 21.844ms, 22.231ms, 22.846ms
Bytes In      [total, mean]                     684, 2.00
Bytes Out     [total, mean]                     0, 0.00
Success       [ratio]                           100.00%
Status Codes  [code:count]                      200:342  
Error Set:
Requests      [total, rate, throughput]         352, 10.03, 10.02
Duration      [total, attack, wait]             35.122s, 35.101s, 21.67ms
Latencies     [min, mean, 50, 90, 95, 99, max]  20.938ms, 21.443ms, 21.423ms, 21.765ms, 21.841ms, 22.218ms, 22.846ms
Bytes In      [total, mean]                     704, 2.00
Bytes Out     [total, mean]                     0, 0.00
Success       [ratio]                           100.00%
Status Codes  [code:count]                      200:352  
Error Set:
Requests      [total, rate, throughput]         362, 10.03, 10.02
Duration      [total, attack, wait]             36.122s, 36.1s, 21.317ms
Latencies     [min, mean, 50, 90, 95, 99, max]  20.938ms, 21.439ms, 21.419ms, 21.76ms, 21.838ms, 22.214ms, 22.846ms
Bytes In      [total, mean]                     724, 2.00
Bytes Out     [total, mean]                     0, 0.00
Success       [ratio]                           100.00%
Status Codes  [code:count]                      200:362  
Error Set:
Requests      [total, rate, throughput]         372, 10.03, 10.02
Duration      [total, attack, wait]             37.122s, 37.1s, 21.568ms
Latencies     [min, mean, 50, 90, 95, 99, max]  20.904ms, 21.435ms, 21.419ms, 21.756ms, 21.836ms, 22.21ms, 22.846ms
Bytes In      [total, mean]                     744, 2.00
Bytes Out     [total, mean]                     0, 0.00
Success       [ratio]                           100.00%
Status Codes  [code:count]                      200:372  
Error Set:
Requests      [total, rate, throughput]         382, 10.03, 10.02
Duration      [total, attack, wait]             38.122s, 38.1s, 21.788ms
Latencies     [min, mean, 50, 90, 95, 99, max]  20.904ms, 21.435ms, 21.419ms, 21.757ms, 21.833ms, 22.206ms, 22.846ms
Bytes In      [total, mean]                     764, 2.00
Bytes Out     [total, mean]                     0, 0.00
Success       [ratio]                           100.00%
Status Codes  [code:count]                      200:382  
Error Set:
Requests      [total, rate, throughput]         392, 10.03, 10.02
Duration      [total, attack, wait]             39.121s, 39.1s, 21.225ms
Latencies     [min, mean, 50, 90, 95, 99, max]  20.904ms, 21.432ms, 21.419ms, 21.755ms, 21.831ms, 22.202ms, 22.846ms
Bytes In      [total, mean]                     784, 2.00
Bytes Out     [total, mean]                     0, 0.00
Success       [ratio]                           100.00%
Status Codes  [code:count]                      200:392  
Error Set:
Requests      [total, rate, throughput]         402, 10.02, 10.02
Duration      [total, attack, wait]             40.122s, 40.1s, 21.522ms
Latencies     [min, mean, 50, 90, 95, 99, max]  20.904ms, 21.431ms, 21.418ms, 21.755ms, 21.83ms, 22.197ms, 22.846ms
Bytes In      [total, mean]                     804, 2.00
Bytes Out     [total, mean]                     0, 0.00
Success       [ratio]                           100.00%
Status Codes  [code:count]                      200:402  
Error Set:
Requests      [total, rate, throughput]         412, 10.02, 10.02
Duration      [total, attack, wait]             41.122s, 41.1s, 21.664ms
Latencies     [min, mean, 50, 90, 95, 99, max]  20.904ms, 21.43ms, 21.419ms, 21.755ms, 21.829ms, 22.193ms, 22.846ms
Bytes In      [total, mean]                     824, 2.00
Bytes Out     [total, mean]                     0, 0.00
Success       [ratio]                           100.00%
Status Codes  [code:count]                      200:412  
Error Set:
Requests      [total, rate, throughput]         422, 10.02, 10.02
Duration      [total, attack, wait]             42.122s, 42.1s, 21.461ms
Latencies     [min, mean, 50, 90, 95, 99, max]  20.904ms, 21.43ms, 21.419ms, 21.752ms, 21.828ms, 22.189ms, 22.846ms
Bytes In      [total, mean]                     844, 2.00
Bytes Out     [total, mean]                     0, 0.00
Success       [ratio]                           100.00%
Status Codes  [code:count]                      200:422  
Error Set:
Requests      [total, rate, throughput]         432, 10.02, 10.02
Duration      [total, attack, wait]             43.122s, 43.1s, 21.734ms
Latencies     [min, mean, 50, 90, 95, 99, max]  20.904ms, 21.431ms, 21.421ms, 21.752ms, 21.828ms, 22.185ms, 22.846ms
Bytes In      [total, mean]                     864, 2.00
Bytes Out     [total, mean]                     0, 0.00
Success       [ratio]                           100.00%
Status Codes  [code:count]                      200:432  
Error Set:
Requests      [total, rate, throughput]         442, 10.02, 10.02
Duration      [total, attack, wait]             44.122s, 44.1s, 21.685ms
Latencies     [min, mean, 50, 90, 95, 99, max]  20.904ms, 21.43ms, 21.421ms, 21.751ms, 21.827ms, 22.181ms, 22.846ms
Bytes In      [total, mean]                     884, 2.00
Bytes Out     [total, mean]                     0, 0.00
Success       [ratio]                           100.00%
Status Codes  [code:count]                      200:442  
Error Set:
Requests      [total, rate, throughput]         452, 10.02, 10.02
Duration      [total, attack, wait]             45.122s, 45.101s, 21.313ms
Latencies     [min, mean, 50, 90, 95, 99, max]  20.904ms, 21.429ms, 21.421ms, 21.751ms, 21.826ms, 22.175ms, 22.846ms
Bytes In      [total, mean]                     904, 2.00
Bytes Out     [total, mean]                     0, 0.00
Success       [ratio]                           100.00%
Status Codes  [code:count]                      200:452  
Error Set:
Requests      [total, rate, throughput]         462, 10.02, 10.02
Duration      [total, attack, wait]             46.122s, 46.1s, 21.654ms
Latencies     [min, mean, 50, 90, 95, 99, max]  20.899ms, 21.43ms, 21.425ms, 21.751ms, 21.827ms, 22.161ms, 22.846ms
Bytes In      [total, mean]                     924, 2.00
Bytes Out     [total, mean]                     0, 0.00
Success       [ratio]                           100.00%
Status Codes  [code:count]                      200:462  
Error Set:
Requests      [total, rate, throughput]         472, 10.02, 10.02
Duration      [total, attack, wait]             47.122s, 47.1s, 21.451ms
Latencies     [min, mean, 50, 90, 95, 99, max]  20.823ms, 21.432ms, 21.428ms, 21.752ms, 21.831ms, 22.172ms, 22.846ms
Bytes In      [total, mean]                     944, 2.00
Bytes Out     [total, mean]                     0, 0.00
Success       [ratio]                           100.00%
Status Codes  [code:count]                      200:472  
Error Set:
Requests      [total, rate, throughput]         482, 10.02, 10.02
Duration      [total, attack, wait]             48.122s, 48.1s, 21.548ms
Latencies     [min, mean, 50, 90, 95, 99, max]  20.823ms, 21.431ms, 21.428ms, 21.752ms, 21.83ms, 22.169ms, 22.846ms
Bytes In      [total, mean]                     964, 2.00
Bytes Out     [total, mean]                     0, 0.00
Success       [ratio]                           100.00%
Status Codes  [code:count]                      200:482  
Error Set:
Requests      [total, rate, throughput]         492, 10.02, 10.02
Duration      [total, attack, wait]             49.121s, 49.1s, 21.194ms
Latencies     [min, mean, 50, 90, 95, 99, max]  20.823ms, 21.431ms, 21.43ms, 21.751ms, 21.828ms, 22.167ms, 22.846ms
Bytes In      [total, mean]                     984, 2.00
Bytes Out     [total, mean]                     0, 0.00
Success       [ratio]                           100.00%
Status Codes  [code:count]                      200:492  
Error Set:
Requests      [total, rate, throughput]         502, 10.02, 10.02
Duration      [total, attack, wait]             50.122s, 50.1s, 21.798ms
Latencies     [min, mean, 50, 90, 95, 99, max]  20.823ms, 21.432ms, 21.434ms, 21.751ms, 21.827ms, 22.164ms, 22.846ms
Bytes In      [total, mean]                     1004, 2.00
Bytes Out     [total, mean]                     0, 0.00
Success       [ratio]                           100.00%
Status Codes  [code:count]                      200:502  
Error Set:
Requests      [total, rate, throughput]         512, 10.02, 10.02
Duration      [total, attack, wait]             51.121s, 51.1s, 20.978ms
Latencies     [min, mean, 50, 90, 95, 99, max]  20.823ms, 21.432ms, 21.435ms, 21.749ms, 21.826ms, 22.162ms, 22.846ms
Bytes In      [total, mean]                     1024, 2.00
Bytes Out     [total, mean]                     0, 0.00
Success       [ratio]                           100.00%
Status Codes  [code:count]                      200:512  
Error Set:
Requests      [total, rate, throughput]         522, 10.02, 10.02
Duration      [total, attack, wait]             52.121s, 52.1s, 21.158ms
Latencies     [min, mean, 50, 90, 95, 99, max]  20.823ms, 21.431ms, 21.433ms, 21.745ms, 21.824ms, 22.159ms, 22.846ms
Bytes In      [total, mean]                     1044, 2.00
Bytes Out     [total, mean]                     0, 0.00
Success       [ratio]                           100.00%
Status Codes  [code:count]                      200:522  
Error Set:
Requests      [total, rate, throughput]         532, 10.02, 10.01
Duration      [total, attack, wait]             53.122s, 53.101s, 21.524ms
Latencies     [min, mean, 50, 90, 95, 99, max]  20.823ms, 21.429ms, 21.432ms, 21.741ms, 21.823ms, 22.156ms, 22.846ms
Bytes In      [total, mean]                     1064, 2.00
Bytes Out     [total, mean]                     0, 0.00
Success       [ratio]                           100.00%
Status Codes  [code:count]                      200:532  
Error Set:
Requests      [total, rate, throughput]         542, 10.02, 10.01
Duration      [total, attack, wait]             54.121s, 54.1s, 21.339ms
Latencies     [min, mean, 50, 90, 95, 99, max]  20.823ms, 21.43ms, 21.433ms, 21.748ms, 21.824ms, 22.154ms, 22.846ms
Bytes In      [total, mean]                     1084, 2.00
Bytes Out     [total, mean]                     0, 0.00
Success       [ratio]                           100.00%
Status Codes  [code:count]                      200:542  
Error Set:
Requests      [total, rate, throughput]         552, 10.02, 10.01
Duration      [total, attack, wait]             55.122s, 55.1s, 21.68ms
Latencies     [min, mean, 50, 90, 95, 99, max]  20.823ms, 21.431ms, 21.433ms, 21.748ms, 21.826ms, 22.15ms, 22.846ms
Bytes In      [total, mean]                     1104, 2.00
Bytes Out     [total, mean]                     0, 0.00
Success       [ratio]                           100.00%
Status Codes  [code:count]                      200:552  
Error Set:
Requests      [total, rate, throughput]         562, 10.02, 10.01
Duration      [total, attack, wait]             56.122s, 56.1s, 21.279ms
Latencies     [min, mean, 50, 90, 95, 99, max]  20.823ms, 21.432ms, 21.432ms, 21.75ms, 21.827ms, 22.142ms, 22.846ms
Bytes In      [total, mean]                     1124, 2.00
Bytes Out     [total, mean]                     0, 0.00
Success       [ratio]                           100.00%
Status Codes  [code:count]                      200:562  
Error Set:
Requests      [total, rate, throughput]         572, 10.02, 10.01
Duration      [total, attack, wait]             57.121s, 57.1s, 21.193ms
Latencies     [min, mean, 50, 90, 95, 99, max]  20.823ms, 21.43ms, 21.432ms, 21.748ms, 21.826ms, 22.134ms, 22.846ms
Bytes In      [total, mean]                     1144, 2.00
Bytes Out     [total, mean]                     0, 0.00
Success       [ratio]                           100.00%
Status Codes  [code:count]                      200:572  
Error Set:
Requests      [total, rate, throughput]         582, 10.02, 10.01
Duration      [total, attack, wait]             58.121s, 58.1s, 21.237ms
Latencies     [min, mean, 50, 90, 95, 99, max]  20.823ms, 21.429ms, 21.43ms, 21.746ms, 21.824ms, 22.126ms, 22.846ms
Bytes In      [total, mean]                     1164, 2.00
Bytes Out     [total, mean]                     0, 0.00
Success       [ratio]                           100.00%
Status Codes  [code:count]                      200:582  
Error Set:
Requests      [total, rate, throughput]         592, 10.02, 10.01
Duration      [total, attack, wait]             59.121s, 59.1s, 21.042ms
Latencies     [min, mean, 50, 90, 95, 99, max]  20.823ms, 21.427ms, 21.427ms, 21.743ms, 21.823ms, 22.118ms, 22.846ms
Bytes In      [total, mean]                     1184, 2.00
Bytes Out     [total, mean]                     0, 0.00
Success       [ratio]                           100.00%
Status Codes  [code:count]                      200:592  
Error Set:
Requests      [total, rate, throughput]         600, 10.02, 10.01
Duration      [total, attack, wait]             59.922s, 59.9s, 21.387ms
Latencies     [min, mean, 50, 90, 95, 99, max]  20.823ms, 21.428ms, 21.429ms, 21.742ms, 21.82ms, 22.111ms, 22.846ms
Bytes In      [total, mean]                     1200, 2.00
Bytes Out     [total, mean]                     0, 0.00
Success       [ratio]                           100.00%
Status Codes  [code:count]                      200:600  
Error Set:
