3.015815 62.500000 170 56.369500 1.803824
3.020134 62.500000 167 55.295554 1.769458
3.004422 62.500000 194 64.571485 2.066288
3.001540 62.500000 172 57.303915 1.833725
3.009219 62.500000 169 56.160754 1.797144
3.104096 62.500000 170 54.766351 1.752523
3.001895 62.500000 189 62.960224 2.014727
3.060673 62.500000 195 63.711478 2.038767
3.015981 62.500000 165 54.708569 1.750674
3.003480 62.500000 173 57.599843 1.843195
3.002041 62.500000 203 67.620671 2.163861
3.018345 62.500000 190 62.948407 2.014349
3.021684 62.500000 169 55.929070 1.789730
3.015131 62.500000 173 57.377275 1.836073
3.023103 62.500000 188 62.187754 1.990008
3.078043 62.500000 170 55.229897 1.767357
3.000829 62.500000 165 54.984808 1.759514
3.060339 62.500000 211 68.946621 2.206292
3.005667 62.500000 168 55.894410 1.788621
3.023672 62.500000 199 65.814019 2.106049
3.011518 62.500000 212 70.396398 2.252685
3.026908 62.500000 147 48.564406 1.554061
3.022983 62.500000 164 54.251053 1.736034
3.000661 62.500000 175 58.320479 1.866255
3.056324 62.500000 181 59.221477 1.895087
3.064186 62.500000 199 64.943830 2.078203
3.016835 62.500000 209 69.277899 2.216893
3.005644 62.500000 216 71.864810 2.299674
3.003213 62.500000 186 61.933674 1.981878
3.006618 62.500000 198 65.854723 2.107351
3.021882 62.500000 186 61.551042 1.969633
6.041873 62.500000 162 53.334192 1.706694
6.012179 62.500000 196 65.191828 2.086139
6.017103 62.500000 175 58.018593 1.856595
6.004806 62.500000 145 48.280769 1.544985
6.028457 62.500000 151 49.917735 1.597368
6.042279 62.500000 189 62.435013 1.997920
6.019964 62.500000 194 64.253240 2.056104
6.028806 62.500000 188 62.547759 2.001528
6.005613 62.500000 185 61.593326 1.970986
6.005579 62.500000 208 69.248310 2.215946
6.051602 62.500000 208 68.309068 2.185890
6.081141 62.500000 158 51.547055 1.649506
6.013588 62.500000 162 53.962759 1.726808
6.032955 62.500000 214 70.928103 2.269699
6.059910 62.500000 163 53.622378 1.715916
6.018060 62.500000 161 53.445470 1.710255
6.027423 62.500000 211 70.199043 2.246369
6.029034 62.500000 170 56.465480 1.806895
6.106970 62.500000 190 62.442817 1.998170
6.010389 62.500000 210 69.972697 2.239126
6.034074 62.500000 182 60.457040 1.934625
6.006626 62.500000 180 59.931803 1.917818
6.083783 62.500000 177 58.542497 1.873360
6.071100 62.500000 199 65.370393 2.091853
6.073110 62.500000 220 73.030580 2.336979
6.030741 62.500000 165 54.746230 1.751879
6.036650 62.500000 185 61.387010 1.964384
6.077711 62.500000 188 62.223062 1.991138
6.123459 62.500000 185 61.271202 1.960678
6.078422 62.500000 171 56.992799 1.823770
6.058472 62.500000 191 62.899507 2.012784
9.059149 62.500000 202 66.628710 2.132119
9.021799 62.500000 173 57.576553 1.842450
9.055490 62.500000 221 73.017204 2.336551
9.031392 62.500000 203 67.072275 2.146313
9.010725 62.500000 193 64.223887 2.055164
9.033366 62.500000 168 55.919245 1.789416
9.057818 62.500000 194 63.559902 2.033917
9.036058 62.500000 197 65.109582 2.083507
9.037683 62.500000 199 65.804820 2.105754
9.101816 62.500000 186 60.201255 1.926440
9.083146 62.500000 202 66.249673 2.119990
9.060551 62.500000 195 64.606499 2.067408
9.017642 62.500000 191 63.433757 2.029880
9.138613 62.500000 202 65.042584 2.081363
9.031465 62.500000 193 64.268892 2.056605
9.069374 62.500000 178 58.794378 1.881420
9.087203 62.500000 216 71.854821 2.299354
9.035236 62.500000 196 65.002427 2.080078
9.131777 62.500000 188 61.464677 1.966870
9.018549 62.500000 206 68.655479 2.196975
9.061442 62.500000 190 63.301007 2.025632
9.038261 62.500000 174 57.968861 1.855004
9.036914 62.500000 193 64.201232 2.054439
9.094222 62.500000 184 60.997623 1.951924
9.182813 62.500000 201 64.858999 2.075488
9.076870 62.500000 170 56.557878 1.809852
9.080434 62.500000 211 70.286209 2.249159
9.052357 62.500000 200 66.649896 2.132797
9.124434 62.500000 183 60.980180 1.951366
9.119576 62.500000 168 55.765678 1.784502
9.070343 62.500000 198 65.739871 2.103676
12.087332 125.000000 339 112.607312 3.603434
12.013169 125.000000 329 109.577410 3.506477
12.024024 125.000000 319 106.254528 3.400145
12.067141 125.000000 322 107.098071 3.427138
12.056354 125.000000 304 100.562778 3.218009
12.041888 125.000000 334 110.945183 3.550246
12.060003 125.000000 271 89.482121 2.863428
12.037942 125.000000 310 103.324386 3.306380
12.037440 125.000000 314 104.648324 3.348746
12.076396 125.000000 301 100.099012 3.203168
12.056765 125.000000 328 109.286896 3.497181
12.045912 125.000000 324 107.646417 3.444685
12.043383 125.000000 317 105.380502 3.372176
12.083851 125.000000 315 104.975311 3.359210
12.068269 125.000000 360 119.727542 3.831281
12.026805 125.000000 339 112.655896 3.604989
12.098264 125.000000 282 92.790190 2.969286
12.020236 125.000000 290 96.612340 3.091595
12.042856 125.000000 354 117.819565 3.770226
12.062155 125.000000 332 110.506908 3.536221
12.088816 125.000000 334 111.273508 3.560752
12.095897 125.000000 318 105.456427 3.374606
12.105167 125.000000 304 101.220251 3.239048
12.094525 125.000000 300 99.989923 3.199678
12.108428 125.000000 276 90.312016 2.889985
12.135448 125.000000 315 104.615922 3.347709
12.137642 125.000000 319 106.125866 3.396028
12.155831 125.000000 330 109.372263 3.499912
12.132632 125.000000 330 109.523357 3.504747
12.187649 125.000000 308 102.501446 3.280046
12.070387 125.000000 331 110.331693 3.530614
3.066729 62.500000 189 61.629189 1.972134
15.024453 125.000000 372 123.535349 3.953131
15.052107 125.000000 381 126.568841 4.050203
15.167240 125.000000 375 122.466054 3.918914
15.039337 125.000000 407 135.603631 4.339316
15.036272 125.000000 363 120.508001 3.856256
15.074715 125.000000 375 123.707993 3.958656
15.069638 125.000000 405 134.887716 4.316407
15.057476 125.000000 389 129.635936 4.148350
15.089986 125.000000 356 117.351071 3.755234
15.054578 125.000000 445 147.906089 4.732995
15.064220 125.000000 344 114.505723 3.664183
15.070643 125.000000 355 118.239760 3.783672
15.063925 125.000000 377 125.592569 4.018962
15.028677 125.000000 371 123.589564 3.954866
15.056980 125.000000 364 120.548166 3.857541
15.021956 125.000000 386 128.592929 4.114974
15.046187 125.000000 395 131.520608 4.208659
15.084685 125.000000 353 117.342454 3.754959
15.090391 125.000000 374 124.395498 3.980656
15.100905 125.000000 399 132.466193 4.238918
15.117005 125.000000 359 118.923737 3.805560
15.104139 125.000000 339 112.690416 3.606093
15.088194 125.000000 405 134.961230 4.318759
15.096469 125.000000 375 124.919036 3.997409
15.139069 125.000000 394 131.270904 4.200669
15.136284 125.000000 384 127.964346 4.094859
15.153411 125.000000 381 125.123862 4.003964
15.140025 125.000000 374 124.360219 3.979527
15.164713 125.000000 359 119.313413 3.818029
15.193621 125.000000 365 121.424935 3.885598
15.076280 125.000000 384 127.749078 4.087971
6.086811 62.500000 174 57.614322 1.843658
18.028814 125.000000 339 112.835978 3.610751
18.057345 125.000000 372 123.135037 3.940321
18.040327 125.000000 385 128.291008 4.105312
18.053476 125.000000 364 121.277998 3.880896
18.058525 125.000000 376 125.289550 4.009266
18.023112 125.000000 378 125.951478 4.030447
18.073797 125.000000 407 135.478847 4.335323
18.060859 125.000000 385 128.065213 4.098087
18.064254 125.000000 364 121.331941 3.882622
18.077965 125.000000 369 122.866905 3.931741
18.048512 125.000000 367 122.238618 3.911636
18.137204 125.000000 391 127.504403 4.080141
18.084819 125.000000 341 113.661582 3.637171
18.074113 125.000000 375 124.576909 3.986461
18.104944 125.000000 418 135.878950 4.348126
18.096409 125.000000 369 122.753766 3.928121
18.060218 125.000000 367 122.201414 3.910445
18.091595 125.000000 391 130.263445 4.168430
18.091787 125.000000 373 124.184588 3.973907
18.116029 125.000000 358 118.734736 3.799512
18.114926 125.000000 398 131.855457 4.219375
18.120906 125.000000 416 138.486577 4.431570
18.179366 125.000000 376 123.558929 3.953886
18.147009 125.000000 368 122.342861 3.914972
18.109828 125.000000 378 125.761516 4.024369
18.184243 125.000000 359 118.992257 3.807752
18.165100 125.000000 369 122.984148 3.935493
18.142813 125.000000 364 121.220661 3.879061
18.221346 125.000000 389 128.479301 4.111338
18.158105 125.000000 393 130.795334 4.185451
18.077421 125.000000 407 135.615086 4.339683
9.127799 62.500000 183 60.177808 1.925690
21.090162 125.000000 369 121.669083 3.893411
21.081815 125.000000 353 116.061588 3.713971
21.036737 125.000000 380 126.333004 4.042656
21.064333 125.000000 320 106.663870 3.413244
21.083870 125.000000 352 116.156520 3.717009
21.065628 125.000000 373 124.039630 3.969268
21.064166 125.000000 378 125.861242 4.027560
21.041862 125.000000 369 122.235996 3.911552
21.085336 125.000000 392 130.166001 4.165312
21.086739 125.000000 355 116.844432 3.739022
21.093426 125.000000 367 121.983390 3.903468
21.079381 125.000000 381 126.777387 4.056876
21.097839 125.000000 410 136.601556 4.371250
21.080283 125.000000 344 114.578131 3.666500
21.084605 125.000000 366 121.016274 3.872521
21.097220 125.000000 345 114.784783 3.673113
21.095343 125.000000 340 113.199165 3.622373
21.117938 125.000000 400 133.248560 4.263954
21.150025 125.000000 397 130.583621 4.178676
21.118020 125.000000 367 122.207277 3.910633
21.124189 125.000000 411 136.850274 4.379209
21.118745 125.000000 352 116.796020 3.737473
21.137589 125.000000 370 123.317507 3.946160
21.149691 125.000000 372 123.889222 3.964455
21.186887 125.000000 386 127.738973 4.087647
21.151669 125.000000 411 136.596786 4.371097
21.179700 125.000000 391 130.318834 4.170203
21.191829 125.000000 354 117.702385 3.766476
21.226028 125.000000 379 126.136499 4.036368
21.159227 125.000000 388 129.285014 4.137120
21.087932 125.000000 358 118.916697 3.805334
12.128064 125.000000 321 106.990550 3.423698
24.046216 125.000000 356 118.292899 3.785373
24.073847 125.000000 358 118.956095 3.806595
24.068246 125.000000 392 130.552746 4.177688
24.064901 125.000000 422 140.632212 4.500231
24.084250 125.000000 358 119.175724 3.813623
24.100621 125.000000 383 126.957786 4.062649
24.092648 125.000000 393 130.891545 4.188529
24.087903 125.000000 369 122.894871 3.932636
24.088838 125.000000 340 112.977175 3.615270
24.047665 125.000000 366 121.764466 3.896463
24.094966 125.000000 388 129.266949 4.136542
24.081929 125.000000 349 116.328920 3.722525
24.184734 125.000000 341 112.708368 3.606668
24.163385 125.000000 355 116.567440 3.730158
24.099140 125.000000 404 134.608253 4.307464
24.101140 125.000000 402 133.825137 4.282404
24.095862 125.000000 360 119.979255 3.839336
24.098539 125.000000 340 112.809393 3.609901
24.087308 125.000000 387 128.975567 4.127218
24.130766 125.000000 371 123.396112 3.948676
24.146094 125.000000 334 111.018587 3.552595
24.142021 125.000000 401 132.605803 4.243386
24.150814 125.000000 348 115.956616 3.710612
24.122102 125.000000 392 130.520631 4.176660
24.154625 125.000000 343 114.158286 3.653065
24.188891 125.000000 398 132.578127 4.242500
24.184226 125.000000 343 114.161098 3.653155
24.227976 125.000000 382 127.250682 4.072022
24.153307 125.000000 357 118.935041 3.805921
24.215507 125.000000 352 116.414521 3.725265
24.092125 125.000000 401 133.480104 4.271363
15.131521 125.000000 375 124.856126 3.995396
27.052483 125.000000 362 120.473201 3.855142
27.057970 125.000000 338 112.226962 3.591263
27.071852 125.000000 398 132.507385 4.240236
27.084368 125.000000 381 126.181210 4.037799
27.103152 125.000000 404 133.985616 4.287540
27.111576 125.000000 381 126.300709 4.041623
27.074376 125.000000 407 135.642720 4.340567
27.108280 125.000000 373 123.688804 3.958042
27.128177 125.000000 391 129.083929 4.130686
27.085599 125.000000 403 134.169216 4.293415
27.089213 125.000000 356 118.651870 3.796860
27.112129 125.000000 373 123.662776 3.957209
27.116103 125.000000 391 129.664183 4.149254
27.085352 125.000000 374 124.620892 3.987869
27.120132 125.000000 449 148.725141 4.759205
27.104346 125.000000 359 118.990864 3.807708
27.105091 125.000000 350 116.412408 3.725197
27.159934 125.000000 372 123.430570 3.949778
27.137452 125.000000 352 117.072422 3.746318
27.185529 125.000000 343 113.495590 3.631859
27.158515 125.000000 342 113.708106 3.638659
27.156883 125.000000 366 121.908231 3.901063
27.169712 125.000000 408 134.756167 4.312197
27.136088 125.000000 332 110.153129 3.524900
27.187769 125.000000 379 126.184323 4.037898
27.208866 125.000000 413 136.756094 4.376195
27.166368 125.000000 383 127.113273 4.067625
27.234319 125.000000 340 112.627061 3.604066
27.261700 125.000000 376 123.940104 3.966083
27.097912 125.000000 368 122.430495 3.917776
27.196903 125.000000 384 127.482888 4.079452
18.146905 125.000000 378 125.357167 4.011429
#type       avg     std     min     5th    10th    90th    95th    99th
read       75.7    29.9    37.4    51.8    54.8   104.3   126.1   191.7
update     79.5    29.3    41.1    54.9    57.0   110.0   133.7   198.0
op_q        1.0     0.0     1.0     1.0     1.0     1.1     1.1     1.1

Total QPS = 399610.9 (11988333 / 30.0s)

Misses = 0 (0.0%)
Skipped TXs = 0 (0.0%)

RX 2060014281 bytes :   65.5 MB/s
TX 1324971713 bytes :   42.1 MB/s
