3.000016 5625.000000 17133 5710.969123 182.751012
3.000008 5625.000000 16813 5604.317675 179.338166
3.000418 5625.000000 16886 5627.882323 180.092234
3.000436 5625.000000 16868 5621.848813 179.899162
3.000140 5625.000000 16701 5566.740262 178.135688
3.000028 5625.000000 16715 5571.614400 178.291661
3.000065 5625.000000 16959 5652.878082 180.892099
3.000172 5625.000000 16767 5588.679755 178.837752
3.000371 5625.000000 17005 5667.632454 181.364239
3.000028 5625.000000 17117 5705.613908 182.579645
3.000174 5625.000000 17041 5680.003926 181.760126
3.000128 5625.000000 17038 5679.090133 181.730884
3.000271 5625.000000 16913 5637.157290 180.389033
3.000049 5625.000000 16938 5645.908487 180.669072
3.000195 5625.000000 16840 5612.969020 179.615009
3.000030 5625.000000 16824 5607.944511 179.454224
3.000081 5625.000000 16584 5527.850189 176.891206
3.000382 5625.000000 16921 5639.615614 180.467700
3.000058 5625.000000 16509 5502.892852 176.092571
3.000292 5625.000000 16687 5561.792697 177.977366
3.000258 5625.000000 17057 5685.177229 181.925671
3.000480 5625.000000 16901 5632.765947 180.248510
3.000565 5625.000000 16800 5598.944772 179.166233
3.000360 5625.000000 16725 5574.331929 178.378622
3.000655 5625.000000 16853 5616.440458 179.726095
3.000060 5625.000000 17023 5674.219878 181.575036
3.000713 5625.000000 16828 5608.000636 179.456020
3.000050 5625.000000 16793 5597.573886 179.122364
3.000000 5625.000000 16816 5605.333299 179.370666
3.000143 5625.000000 16674 5557.735992 177.847552
3.000520 5625.000000 17006 5667.683924 181.365886
3.000013 5625.000000 16832 5610.641810 179.540538
6.001321 5625.000000 16744 5579.928659 178.557717
6.000491 5625.000000 16833 5610.775369 179.544812
6.000060 5625.000000 16802 5600.585242 179.218728
6.000094 5625.000000 16735 5578.309911 178.505917
6.000227 5625.000000 16763 5587.606784 178.803417
6.000488 5625.000000 16935 5644.408897 180.621085
6.000209 5625.000000 16828 5608.995787 179.487865
6.000632 5625.000000 16634 5543.761765 177.400376
6.000480 5625.000000 17053 5683.440222 181.870087
6.000213 5625.000000 16815 5604.653389 179.348908
6.000295 5625.000000 16732 5576.840488 178.458896
6.000199 5625.000000 16932 5643.948145 180.606341
6.000086 5625.000000 16630 5543.282012 177.385024
6.000370 5625.000000 16931 5643.211695 180.582774
6.000197 5625.000000 16806 5601.894190 179.260614
6.000287 5625.000000 17287 5762.302828 184.393690
6.000489 5625.000000 16764 5587.902059 178.812866
6.000161 5625.000000 16947 5648.819110 180.762212
6.000126 5625.000000 16718 5572.523727 178.320759
6.001780 5625.000000 17099 5696.968456 182.302991
6.000519 5625.000000 16803 5600.031526 179.201009
6.000642 5625.000000 16842 5613.343764 179.627000
6.000411 5625.000000 16932 5643.340290 180.586889
6.000072 5625.000000 17066 5688.624054 182.035970
6.000269 5625.000000 16797 5598.980827 179.167386
6.000566 5625.000000 16737 5578.725296 178.519209
6.000767 5625.000000 16885 5627.611194 180.083558
6.000766 5625.000000 16743 5580.902146 178.588869
6.001534 5625.000000 17054 5683.000570 181.856018
6.000500 5625.000000 16754 5584.628170 178.708101
6.000540 5625.000000 16759 5586.295604 178.761459
6.000109 5625.000000 17034 5677.818653 181.690197
9.000117 5625.000000 16974 5657.892651 181.052565
9.001104 5625.000000 16675 5556.819553 177.818226
9.000281 5625.000000 16950 5649.648386 180.788748
9.000148 5625.000000 16712 5570.624120 178.259972
9.000361 5625.000000 17142 5713.718945 182.839006
9.001199 5625.000000 17171 5721.777052 183.096866
9.000239 5625.000000 17084 5694.591310 182.226922
9.000229 5625.000000 17191 5730.272066 183.368706
9.000191 5625.000000 16861 5620.136590 179.844371
9.000420 5625.000000 16790 5596.573899 179.090365
9.000471 5625.000000 16899 5632.619362 180.243820
9.000493 5625.000000 16794 5597.502720 179.120087
9.000595 5625.000000 17012 5670.463876 181.454844
9.000158 5625.000000 16989 5662.837710 181.210807
9.001161 5625.000000 16760 5585.470281 178.735049
9.000774 5625.000000 16888 5629.086056 180.130754
9.000599 5625.000000 16684 5561.128650 177.956117
9.000349 5625.000000 16960 5653.230742 180.903384
9.000458 5625.000000 16830 5609.445049 179.502242
9.000590 5625.000000 16911 5636.814983 180.378079
9.000577 5625.000000 16672 5557.153615 177.828916
9.000654 5625.000000 16825 5608.169211 179.461415
9.000534 5625.000000 16927 5642.269541 180.552625
9.000801 5625.000000 16867 5622.268875 179.912604
9.000418 5625.000000 17183 5727.653228 183.284903
9.000659 5625.000000 17127 5708.948763 182.686360
9.000976 5625.000000 17067 5688.600429 182.035214
9.001363 5625.000000 16824 5607.920299 179.453450
9.001850 5625.000000 17221 5740.200937 183.686430
9.001949 5625.000000 17130 5709.210413 182.694733
9.000666 5625.000000 16922 5640.431070 180.493794
9.000365 5625.000000 16852 5616.853735 179.739320
12.000397 11250.000000 28281 9426.218062 301.638978
12.000288 11250.000000 28109 9369.131837 299.812219
12.000296 11250.000000 28112 9370.488576 299.855634
12.000236 11250.000000 28322 9440.643582 302.100595
12.000254 11250.000000 28063 9354.136396 299.332365
12.000767 11250.000000 28042 9345.819331 299.066219
12.000457 11250.000000 28708 9569.026704 306.208855
12.000669 11250.000000 28190 9396.377299 300.684074
12.000510 11250.000000 28024 9341.283097 298.921059
12.000667 11250.000000 28201 9400.291675 300.809334
12.000554 11250.000000 28099 9366.033043 299.713057
12.000490 11250.000000 27903 9300.943411 297.630189
12.000720 11250.000000 28030 9342.754463 298.968143
12.000405 11250.000000 28246 9415.158099 301.285059
12.000783 11250.000000 28185 9394.393615 300.620596
12.000603 11250.000000 28127 9375.643251 300.020584
12.000889 11250.000000 27957 9318.728067 298.199298
12.000473 11250.000000 28121 9373.493855 299.951803
12.000772 11250.000000 28152 9383.458989 300.270688
12.000459 11250.000000 27961 9320.213109 298.246819
12.000348 11250.000000 28343 9447.068908 302.306205
12.000835 11250.000000 28112 9370.478063 299.855298
12.000663 11250.000000 27727 9242.322190 295.754310
12.001152 11250.000000 28209 9402.849622 300.891188
12.001289 11250.000000 28157 9385.387261 300.332392
12.001368 11250.000000 28477 9492.319330 303.754219
12.001045 11250.000000 28392 9463.782895 302.841053
12.001261 11250.000000 27956 9318.357536 298.187441
12.002033 11250.000000 27649 9215.769510 294.904624
12.002088 11250.000000 27905 9301.237731 297.639607
12.000686 11250.000000 28197 9398.935468 300.765935
12.000432 11250.000000 28286 9428.456370 301.710604
15.000296 11250.000000 33763 11254.305112 360.137764
15.000370 11250.000000 34059 11352.494201 363.279814
15.000310 11250.000000 33436 11145.282017 356.649025
15.000416 11250.000000 33598 11199.262949 358.376414
15.000374 11250.000000 33746 11248.219481 359.943023
15.000579 11250.000000 34028 11342.405494 362.956976
15.000946 11250.000000 34030 11341.851529 362.939249
15.000679 11250.000000 33504 11167.964224 357.374855
15.000615 11250.000000 33863 11287.070658 361.186261
15.000584 11250.000000 33733 11243.978383 359.807308
15.000864 11250.000000 33596 11198.365446 358.347694
15.000899 11250.000000 33739 11246.294340 359.881419
15.000582 11250.000000 33535 11177.672796 357.685529
15.000640 11250.000000 33996 11331.860086 362.619523
15.000812 11250.000000 33706 11234.012404 359.488397
15.001280 11250.000000 33548 11180.776007 357.784832
15.001048 11250.000000 33488 11161.617893 357.171773
15.000601 11250.000000 33919 11305.380438 361.772174
15.001249 11250.000000 33912 11303.633510 361.716272
15.000675 11250.000000 33975 11324.970838 362.399067
15.000564 11250.000000 33786 11261.658806 360.373082
15.001349 11250.000000 33653 11217.439793 358.958073
15.001516 11250.000000 33881 11293.108032 361.379457
15.000787 11250.000000 33826 11275.081294 360.802601
15.000844 11250.000000 33551 11183.632398 357.876237
15.001190 11250.000000 34021 11339.784993 362.873120
15.000877 11250.000000 33495 11164.201270 357.254441
15.001326 11250.000000 33699 11232.756106 359.448195
15.002177 11250.000000 33479 11159.129719 357.092151
15.000725 11250.000000 33937 11312.188480 361.990031
15.002092 11250.000000 33803 11267.651655 360.564853
15.000482 11250.000000 33683 11227.481742 359.279416
18.000396 11250.000000 34335 11444.671872 366.229500
18.000317 11250.000000 33846 11281.918444 361.021390
18.000386 11250.000000 33772 11257.272576 360.232722
18.000572 11250.000000 33345 11114.423885 355.661564
18.000688 11250.000000 33508 11168.924874 357.405596
18.000664 11250.000000 33924 11307.817285 361.850153
18.000675 11250.000000 33848 11282.534246 361.041096
18.000618 11250.000000 33753 11250.866767 360.027737
18.000890 11250.000000 33334 11110.550916 355.537629
18.000525 11250.000000 33785 11261.098498 360.355152
18.001293 11250.000000 33709 11234.651706 359.508855
18.000686 11250.000000 33568 11189.289540 358.057265
18.000650 11250.000000 33994 11331.085272 362.594729
18.000879 11250.000000 34093 11364.276051 363.656834
18.000851 11250.000000 34118 11372.517155 363.920549
18.000901 11250.000000 33704 11234.659770 359.509113
18.000569 11250.000000 33739 11246.314239 359.882056
18.001282 11250.000000 33889 11296.211481 361.478767
18.001067 11250.000000 34076 11357.607068 363.443426
18.000739 11250.000000 34201 11399.809204 364.793895
18.001174 11250.000000 33899 11299.193262 361.574184
18.000997 11250.000000 33954 11317.549963 362.161599
18.001661 11250.000000 33703 11233.791263 359.481320
18.001348 11250.000000 33845 11281.410723 361.005143
18.001437 11250.000000 33559 11186.008186 357.952262
18.000978 11250.000000 33933 11310.877986 361.948096
18.001196 11250.000000 33603 11200.977912 358.431293
18.001334 11250.000000 33732 11243.970484 359.807055
18.002182 11250.000000 33829 11276.316750 360.842136
18.000880 11250.000000 33964 11320.748320 362.263946
18.002214 11250.000000 33734 11244.209829 359.814715
18.000572 11250.000000 33795 11264.660568 360.469138
21.000939 11250.000000 33681 11226.777286 359.256873
21.000536 11250.000000 33702 11233.476936 359.471262
21.000332 11250.000000 33568 11189.277933 358.056894
21.000503 11250.000000 33555 11184.562277 357.905993
21.000733 11250.000000 33457 11152.076023 356.866433
21.000762 11250.000000 33405 11134.465376 356.302892
21.000711 11250.000000 33791 11263.580657 360.434581
21.000679 11250.000000 33359 11119.651586 355.828851
21.000870 11250.000000 33816 11270.703996 360.662528
21.000601 11250.000000 33469 11156.225546 356.999217
21.000946 11250.000000 33997 11332.123392 362.627949
21.000661 11250.000000 33862 11286.986630 361.183572
21.000664 11250.000000 33945 11314.948300 362.078346
21.000713 11250.000000 33812 11270.566703 360.658135
21.000937 11250.000000 33851 11283.530451 361.072974
21.001491 11250.000000 33624 11206.815967 358.618111
21.000887 11250.000000 34072 11357.198547 363.430354
21.001791 11250.000000 33666 11220.676204 359.061639
21.001491 11250.000000 33965 11321.126572 362.276050
21.001372 11250.000000 33576 11191.663751 358.133240
21.001113 11250.000000 33554 11184.162242 357.893192
21.001098 11250.000000 33862 11287.216171 361.190917
21.001330 11250.000000 33484 11160.094004 357.123008
21.001497 11250.000000 33949 11315.564108 362.098051
21.000764 11250.000000 33593 11197.572880 358.322332
21.001742 11250.000000 33780 11259.696732 360.310295
21.001364 11250.000000 33636 11211.886745 358.780376
21.001282 11250.000000 33842 11280.341668 360.970933
21.002416 11250.000000 33837 11278.119788 360.899833
21.000898 11250.000000 33958 11319.263199 362.216422
21.002255 11250.000000 34034 11344.511465 363.024367
21.000709 11250.000000 34007 11335.149061 362.724770
24.000799 11250.000000 33612 11203.673315 358.517546
24.000505 11250.000000 33797 11265.659078 360.501090
24.000455 11250.000000 33903 11300.538760 361.617240
24.000575 11250.000000 33675 11224.854382 359.195340
24.000763 11250.000000 33821 11273.552718 360.753687
24.000711 11250.000000 33742 11247.153965 359.908927
24.000997 11250.000000 33471 11155.817982 356.986175
24.000720 11250.000000 33700 11233.308211 359.465863
24.000785 11250.000000 33899 11299.578924 361.586526
24.001078 11250.000000 34088 11362.134210 363.588295
24.000742 11250.000000 33872 11290.134541 361.284305
24.001050 11250.000000 33538 11178.724333 357.719179
24.001043 11250.000000 34010 11336.298682 362.761558
24.001134 11250.000000 33534 11177.272114 357.672708
24.000881 11250.000000 33936 11311.956917 361.982621
24.000763 11250.000000 33581 11193.288573 358.185234
24.001412 11250.000000 33920 11306.517526 361.808561
24.001615 11250.000000 34115 11371.195621 363.878260
24.001139 11250.000000 33338 11112.515565 355.600498
24.001500 11250.000000 33576 11191.966668 358.142933
24.001187 11250.000000 33843 11280.724591 360.983187
24.002271 11250.000000 34058 11350.662479 363.221199
24.001613 11250.000000 34280 11426.223757 365.639160
24.000964 11250.000000 34144 11380.572579 364.178323
24.001392 11250.000000 33619 11206.228618 358.599316
24.001329 11250.000000 33814 11271.158436 360.677070
24.002167 11250.000000 33511 11168.932529 357.405841
24.001390 11250.000000 33980 11326.438684 362.446038
24.002974 11250.000000 33283 11092.269583 354.952627
24.002324 11250.000000 33913 11304.070829 361.730267
24.000969 11250.000000 33376 11125.072796 356.002329
24.000817 11250.000000 33700 11232.930689 359.453782
27.000591 11250.000000 33412 11137.016629 356.384532
27.000712 11250.000000 33555 11184.487681 357.903606
27.000458 11250.000000 33587 11195.652155 358.260869
27.000780 11250.000000 33724 11241.106268 359.715401
27.000845 11250.000000 33425 11141.282740 356.521048
27.001077 11250.000000 33826 11275.206012 360.806592
27.000960 11250.000000 33683 11227.371184 359.275878
27.000794 11250.000000 33436 11145.218658 356.646997
27.000803 11250.000000 33739 11246.265301 359.880490
27.000997 11250.000000 34165 11387.251247 364.392040
27.001004 11250.000000 33675 11224.975606 359.199219
27.001402 11250.000000 33730 11242.327458 359.754479
27.000878 11250.000000 33580 11192.901537 358.172849
27.001467 11250.000000 33995 11331.456248 362.606600
27.000979 11250.000000 33772 11256.655014 360.212960
27.001059 11250.000000 34018 11339.298682 362.857558
27.001381 11250.000000 34009 11335.597211 362.739111
27.001688 11250.000000 33859 11286.050614 361.153620
27.001737 11250.000000 33286 11094.059902 355.009917
27.001082 11250.000000 33677 11225.649657 359.220789
27.001531 11250.000000 33508 11169.219822 357.415034
27.001232 11250.000000 33533 11176.669154 357.653413
27.001788 11250.000000 33774 11257.349997 360.235200
27.001150 11250.000000 33895 11298.292168 361.545349
27.001449 11250.000000 33646 11215.113928 358.883646
27.001510 11250.000000 33807 11268.318682 360.586198
27.002331 11250.000000 33656 11218.052757 358.977688
27.002279 11250.000000 33992 11330.638335 362.580427
27.001066 11250.000000 33575 11191.304607 358.121747
27.002341 11250.000000 34209 11402.936761 364.893976
27.003165 11250.000000 33684 11227.287532 359.273201
27.000855 11250.000000 34071 11356.852439 363.419278
#type       avg     std     min     5th    10th    90th    95th    99th
read      764.3   275.7   117.4   360.9   455.7  1018.0  1281.0  1475.9
update    765.1   277.2   117.4   361.5   456.9  1019.6  1286.9  1474.6
op_q       10.3     5.3     1.0     2.1     3.8    17.1    19.0    24.2

Total QPS = 599901.9 (17997057 / 30.0s)

Misses = 0 (0.0%)
Skipped TXs = 0 (0.0%)

RX 3105835044 bytes :   98.7 MB/s
TX 1991573770 bytes :   63.3 MB/s
