3.000159 4062.500000 12389 4129.447177 132.142310
3.000127 4062.500000 12212 4070.493832 130.255803
3.000157 4062.500000 12099 4032.789230 129.049255
3.000286 4062.500000 12328 4108.941008 131.486112
3.000227 4062.500000 12300 4099.689356 131.190059
3.000093 4062.500000 11974 3991.209628 127.718708
3.000004 4062.500000 12316 4105.328131 131.370500
3.000000 4062.500000 12403 4134.333166 132.298661
3.000359 4062.500000 12136 4044.849370 129.435180
3.000061 4062.500000 12084 4027.918673 128.893398
3.000052 4062.500000 12087 4028.930557 128.925778
3.000230 4062.500000 11853 3950.696482 126.422287
3.000158 4062.500000 12008 4002.455781 128.078585
3.000893 4062.500000 12145 4047.128547 129.508114
3.000014 4062.500000 12252 4083.980757 130.687384
3.000194 4062.500000 12217 4072.070509 130.306256
3.001566 4062.500000 12288 4093.862585 131.003603
3.000053 4062.500000 12235 4078.260975 130.504351
3.000046 4062.500000 11981 3993.604903 127.795357
3.000349 4062.500000 12163 4053.861285 129.723561
3.000066 4062.500000 12152 4050.577364 129.618476
3.001090 4062.500000 12084 4026.536932 128.849182
3.000129 4062.500000 12203 4067.491732 130.159735
3.000035 4062.500000 12382 4127.285151 132.073125
3.001085 4062.500000 11891 3962.234295 126.791497
3.000132 4062.500000 12049 4016.157291 128.517033
3.000171 4062.500000 12190 4063.101968 130.019263
3.000077 4062.500000 12169 4056.229808 129.799354
3.000156 4062.500000 12127 4042.122595 129.347923
3.000345 4062.500000 12046 4014.871088 128.475875
3.000044 4062.500000 12274 4091.273533 130.920753
3.000020 4062.500000 12223 4074.305763 130.377784
6.001750 4062.500000 12224 4074.417285 130.381353
6.000272 4062.500000 12294 4097.802501 131.129680
6.000053 4062.500000 12216 4071.997925 130.303934
6.000594 4062.500000 12008 4001.997700 128.063926
6.000290 4062.500000 12316 4105.027512 131.360880
6.000192 4062.500000 12114 4037.952735 129.214488
6.000190 4062.500000 12321 4106.745352 131.415851
6.000470 4062.500000 12104 4034.116151 129.091717
6.000454 4062.500000 12256 4084.979449 130.719342
6.000822 4062.500000 11960 3985.574741 127.538392
6.000160 4062.500000 12148 4049.136074 129.572354
6.000395 4062.500000 12232 4076.974713 130.463191
6.000824 4062.500000 11963 3986.874364 127.579980
6.000085 4062.500000 12246 4081.947228 130.622311
6.000304 4062.500000 12137 4045.567076 129.458146
6.000292 4062.500000 12159 4052.821357 129.690283
6.000806 4062.500000 12368 4122.039168 131.905253
6.000130 4062.500000 12317 4105.665562 131.381298
6.001573 4062.500000 12183 4058.943577 129.886194
6.000520 4062.500000 12211 4070.115027 130.243681
6.000451 4062.500000 12216 4071.776404 130.296845
6.001469 4062.500000 12380 4124.864716 131.995671
6.001310 4062.500000 12334 4109.772473 131.512719
6.000325 4062.500000 11986 3995.109110 127.843492
6.001692 4062.500000 12312 4103.176224 131.301639
6.000218 4062.500000 11909 3969.424246 127.021576
6.000502 4062.500000 12017 4005.099189 128.163174
6.001724 4062.500000 12382 4126.190079 132.038083
6.000387 4062.500000 11993 3997.611764 127.923576
6.001149 4062.500000 12318 4105.911181 131.389158
6.000396 4062.500000 12345 4114.517416 131.664557
6.000594 4062.500000 12082 4026.563459 128.850031
9.000628 4062.500000 12242 4080.070120 130.562244
9.001655 4062.500000 12035 4009.668407 128.309389
9.000496 4062.500000 12264 4087.396558 130.796690
9.000383 4062.500000 12245 4081.406122 130.604996
9.001007 4062.500000 11896 3964.601894 126.867261
9.000832 4062.500000 12184 4061.319315 129.962218
9.000294 4062.500000 12079 4026.330135 128.842564
9.000112 4062.500000 12285 4094.963895 131.038845
9.000689 4062.500000 12213 4070.745183 130.263846
9.000391 4062.500000 12231 4076.861648 130.459573
9.000776 4062.500000 12043 4013.923940 128.445566
9.000292 4062.500000 12167 4055.639851 129.780475
9.000485 4062.500000 12246 4081.516730 130.608535
9.000621 4062.500000 12376 4125.194820 132.006234
9.001281 4062.500000 12160 4052.014060 129.664450
9.001164 4062.500000 12324 4107.024091 131.424771
9.000392 4062.500000 12258 4085.908133 130.749060
9.001562 4062.500000 12186 4061.659211 129.973095
9.000848 4062.500000 12311 4103.609792 131.315513
9.001434 4062.500000 12244 4080.191614 130.566132
9.001201 4062.500000 12123 4039.914590 129.277267
9.000227 4062.500000 12007 4002.322297 128.074313
9.001015 4062.500000 12110 4036.408689 129.165078
9.001496 4062.500000 12270 4089.962003 130.878784
9.000411 4062.500000 12425 4141.633645 132.532277
9.002188 4062.500000 12295 4096.914513 131.101264
9.002820 4062.500000 12149 4048.187824 129.542010
9.001951 4062.500000 12171 4056.650747 129.812824
9.001580 4062.500000 11993 3997.657546 127.925041
9.001885 4062.500000 12138 4045.818213 129.466183
9.000455 4062.500000 12242 4080.586242 130.578760
9.000984 4062.500000 12118 4038.807575 129.241842
12.001289 4062.500000 11986 3994.005447 127.808174
12.000460 4062.500000 12210 4069.907602 130.237043
12.001062 4062.500000 12264 4087.409128 130.797092
12.000855 4062.500000 12154 4050.576156 129.618437
12.000115 4062.500000 12315 4104.995912 131.359869
12.000617 4062.500000 12130 4042.806494 129.369808
12.000735 4062.500000 12365 4121.184230 131.877895
12.000785 4062.500000 12129 4042.611072 129.363554
12.000591 4062.500000 11977 3992.192045 127.750145
12.001212 4062.500000 12174 4057.507362 129.840236
12.000416 4062.500000 12374 4124.634266 131.988296
12.000703 4062.500000 12219 4072.887637 130.332404
12.001310 4062.500000 12213 4070.275820 130.248826
12.001485 4062.500000 12350 4116.011437 131.712366
12.000855 4062.500000 12352 4117.302416 131.753677
12.001133 4062.500000 12099 4032.842351 129.050955
12.002294 4062.500000 12332 4109.574790 131.506393
12.001482 4062.500000 12337 4112.267259 131.592552
12.002323 4062.500000 11961 3986.504642 127.568149
12.001528 4062.500000 12186 4061.507823 129.968250
12.001231 4062.500000 12377 4125.626617 132.020052
12.000774 4062.500000 12252 4083.884840 130.684315
12.001883 4062.500000 12389 4129.353094 132.139299
12.001289 4062.500000 12203 4067.656474 130.165007
12.001589 4062.500000 12057 4018.987548 128.607602
12.000767 4062.500000 12204 4067.517140 130.160548
12.001942 4062.500000 12308 4102.587882 131.282812
12.001830 4062.500000 12540 4179.626226 133.748039
12.000556 4062.500000 12289 4096.194534 131.078225
12.002242 4062.500000 12316 4105.259469 131.368303
12.002984 4062.500000 12134 4044.446114 129.422276
12.001022 4062.500000 12031 4010.282792 128.329049
15.000847 4062.500000 12275 4091.513718 130.928439
15.001128 4062.500000 12304 4100.959858 131.230715
15.001932 4062.500000 12097 4031.365087 129.003683
15.001578 4062.500000 12206 4067.686407 130.165965
15.000887 4062.500000 12271 4090.193892 130.886205
15.003345 4062.500000 12237 4076.613796 130.451641
15.001327 4062.500000 12147 4048.642993 129.556576
15.001449 4062.500000 12092 4028.874705 128.923991
15.000984 4062.500000 12123 4040.621713 129.299895
15.000680 4062.500000 12290 4096.545664 131.089461
15.002243 4062.500000 12201 4065.968444 130.110990
15.001336 4062.500000 12200 4065.478299 130.095306
15.001055 4062.500000 12383 4127.065358 132.066091
15.001754 4062.500000 12322 4106.963807 131.422842
15.001402 4062.500000 12244 4081.179449 130.597742
15.001396 4062.500000 12298 4099.107555 131.171442
15.001293 4062.500000 12121 4039.633886 129.268284
15.001251 4062.500000 12192 4063.839468 130.042863
15.001401 4062.500000 12127 4042.210637 129.350740
15.000487 4062.500000 12042 4013.904452 128.444942
15.001777 4062.500000 12235 4077.669019 130.485409
15.002017 4062.500000 12082 4026.677082 128.853667
15.002728 4062.500000 11878 3956.747014 126.615904
15.002003 4062.500000 12540 4179.833496 133.754672
15.002768 4062.500000 12384 4127.277262 132.072872
15.002397 4062.500000 12084 4027.389742 128.876472
15.002320 4062.500000 11995 3998.298576 127.945554
15.002474 4062.500000 12173 4057.462973 129.838815
15.001950 4062.500000 12337 4112.168923 131.589406
15.000652 4062.500000 12072 4023.871556 128.763890
15.003176 4062.500000 12238 4079.071678 130.530294
15.001343 4062.500000 12114 4037.568765 129.202200
18.001499 4062.500000 12190 4063.201898 130.022461
18.002281 4062.500000 12144 4047.624425 129.523982
18.001626 4062.500000 12190 4062.559842 130.001915
18.001071 4062.500000 12273 4090.749197 130.903974
18.000729 4062.500000 12222 4073.672172 130.357510
18.001476 4062.500000 12105 4034.963496 129.118832
18.000969 4062.500000 12078 4025.835588 128.826739
18.002026 4062.500000 12363 4120.871981 131.867903
18.001853 4062.500000 12439 4146.196837 132.678299
18.001635 4062.500000 12481 4159.918706 133.117399
18.002170 4062.500000 12032 4009.632496 128.308240
18.000987 4062.500000 12239 4079.662880 130.549212
18.001493 4062.500000 12099 4032.776647 129.048853
18.001510 4062.500000 12141 4046.651041 129.492833
18.001408 4062.500000 12071 4023.656344 128.757003
18.001559 4062.500000 12404 4133.455365 132.270572
18.001549 4062.500000 12212 4070.095113 130.243044
18.003206 4062.500000 11961 3985.720621 127.543060
18.001584 4062.500000 12258 4085.991479 130.751727
18.001920 4062.500000 11940 3979.810804 127.353946
18.002606 4062.500000 12242 4079.865134 130.555684
18.001730 4062.500000 12164 4054.076401 129.730445
18.002402 4062.500000 12183 4060.888983 129.948447
18.002777 4062.500000 12293 4097.148072 131.108738
18.002002 4062.500000 11943 3980.930849 127.389787
18.002704 4062.500000 12150 4049.690195 129.590086
18.000984 4062.500000 12392 4130.210185 132.166726
18.003504 4062.500000 12416 4138.214922 132.422877
18.002934 4062.500000 12248 4082.439744 130.638072
18.002770 4062.500000 12387 4128.941827 132.126138
18.003903 4062.500000 11983 3993.590884 127.794908
18.001500 4062.500000 12156 4051.787530 129.657201
21.001100 4062.500000 12384 4127.819754 132.090232
21.001045 4062.500000 11951 3983.590272 127.474889
21.001173 4062.500000 12147 4048.862066 129.563586
21.001757 4062.500000 12050 4016.321665 128.522293
21.000911 4062.500000 12331 4110.083815 131.522682
21.002258 4062.500000 12318 4104.953431 131.358510
21.003499 4062.500000 12286 4094.247398 131.015917
21.001588 4062.500000 12205 4068.280641 130.184981
21.002770 4062.500000 11881 3959.687440 126.709998
21.001995 4062.500000 12033 4010.450198 128.334406
21.001571 4062.500000 12035 4011.539775 128.369273
21.001898 4062.500000 11978 3992.607772 127.763449
21.001687 4062.500000 12184 4060.956781 129.950617
21.001850 4062.500000 12105 4034.838345 129.114827
21.001545 4062.500000 12228 4075.952539 130.430481
21.002541 4062.500000 12126 4041.812253 129.337992
21.001868 4062.500000 12002 4000.344133 128.011012
21.001624 4062.500000 12035 4011.579796 128.370553
21.002211 4062.500000 12166 4055.082259 129.762632
21.001654 4062.500000 12119 4039.641725 129.268535
21.002542 4062.500000 12211 4069.489535 130.223665
21.003196 4062.500000 12230 4075.865139 130.427684
21.002291 4062.500000 12324 4107.833667 131.450677
21.002385 4062.500000 12005 4001.156246 128.037000
21.003106 4062.500000 12057 4018.769679 128.600630
21.002840 4062.500000 12320 4106.579419 131.410541
21.003279 4062.500000 12392 4130.566753 132.178136
21.001234 4062.500000 12251 4083.326548 130.666450
21.004093 4062.500000 11930 3975.885582 127.228339
21.003913 4062.500000 12314 4104.653381 131.348908
21.002876 4062.500000 12353 4117.520877 131.760668
21.001626 4062.500000 12254 4084.494954 130.703839
24.001271 4062.500000 12350 4116.355854 131.723387
24.001412 4062.500000 12161 4053.245820 129.703866
24.001219 4062.500000 12306 4101.579103 131.250531
24.002514 4062.500000 12146 4048.320365 129.546252
24.001314 4062.500000 11982 3993.812438 127.801998
24.001771 4062.500000 12113 4037.648259 129.204744
24.001601 4062.500000 11919 3972.925304 127.133610
24.001642 4062.500000 12209 4069.593231 130.226983
24.001721 4062.500000 12343 4114.285837 131.657147
24.002411 4062.500000 11992 3996.325353 127.882411
24.002024 4062.500000 12262 4086.716065 130.774914
24.001928 4062.500000 12192 4063.958440 130.046670
24.002516 4062.500000 12118 4038.133189 129.220262
24.002264 4062.500000 12095 4031.596406 129.011085
24.002436 4062.500000 12125 4041.470881 129.327068
24.002975 4062.500000 12129 4041.679716 129.333751
24.002693 4062.500000 12206 4068.460373 130.190732
24.001885 4062.500000 12025 4008.309780 128.265913
24.001889 4062.500000 12504 4167.946719 133.374295
24.002625 4062.500000 12037 4012.222003 128.391104
24.002604 4062.500000 12259 4086.035564 130.753138
24.002883 4062.500000 12288 4095.846800 131.067098
24.002966 4062.500000 12175 4058.163317 129.861226
24.003460 4062.500000 12247 4082.086118 130.626756
24.003787 4062.500000 12144 4047.201834 129.510459
24.001448 4062.500000 12163 4054.043187 129.729382
24.003803 4062.500000 12282 4093.585785 130.994745
24.003136 4062.500000 12231 4076.960088 130.462723
24.004148 4062.500000 12023 4007.352666 128.235285
24.002882 4062.500000 12278 4092.658629 130.965076
24.004180 4062.500000 12408 4135.880645 132.348181
24.001649 4062.500000 12338 4112.635922 131.604349
27.002415 4062.500000 12231 4076.057925 130.433854
27.002189 4062.500000 12312 4102.937484 131.293999
27.002050 4062.500000 12310 4102.775452 131.288814
27.001412 4062.500000 12288 4095.807991 131.065856
27.001361 4062.500000 12179 4059.602633 129.907284
27.001962 4062.500000 12132 4043.954226 129.406535
27.002663 4062.500000 12350 4116.355153 131.723365
27.001684 4062.500000 12357 4118.886619 131.804372
27.002987 4062.500000 12416 4138.522843 132.432731
27.001401 4062.500000 12271 4090.084105 130.882691
27.002153 4062.500000 12347 4115.489581 131.695667
27.002359 4062.500000 12283 4094.202844 131.014491
27.001823 4062.500000 12082 4027.262809 128.872410
27.002445 4062.500000 12200 4066.620792 130.131865
27.002170 4062.500000 12259 4085.950468 130.750415
27.002532 4062.500000 12295 4098.309215 131.145895
27.001979 4062.500000 12078 4025.874343 128.827979
27.002656 4062.500000 12217 4072.262415 130.312397
27.003217 4062.500000 12316 4104.617197 131.347750
27.002737 4062.500000 12325 4108.029576 131.456946
27.004472 4062.500000 12144 4045.509800 129.456314
27.003182 4062.500000 12125 4041.388100 129.324419
27.003794 4062.500000 12264 4087.545368 130.801452
27.003653 4062.500000 11901 3966.092303 126.914954
27.001682 4062.500000 11906 3968.357384 126.987436
27.003340 4062.500000 12457 4152.050472 132.865615
27.003854 4062.500000 12193 4064.243430 130.055790
27.004172 4062.500000 12081 4026.968175 128.862982
27.004181 4062.500000 12070 4022.826539 128.730449
27.003036 4062.500000 12297 4098.789707 131.161271
27.004950 4062.500000 12239 4078.619094 130.515811
27.001663 4062.500000 12067 4022.313875 128.714044
30.004693 4062.500000 12151 4049.629290 129.588137
#type       avg     std     min     5th    10th    90th    95th    99th
read     1108.0   298.8   171.9   725.6   762.5  1385.6  1450.2  1655.7
update   1106.8   295.7   251.6   725.6   762.6  1385.2  1448.2  1632.1
op_q        6.2     2.8     1.0     2.1     2.9    10.1    11.4    13.1

Total QPS = 259961.4 (7798843 / 30.0s)

Misses = 0 (0.0%)
Skipped TXs = 0 (0.0%)

RX 1348743009 bytes :   42.9 MB/s
TX  863220983 bytes :   27.4 MB/s
