3.014687 62.500000 167 55.395475 1.772655
3.020134 62.500000 167 55.295554 1.769458
3.004422 62.500000 194 64.571485 2.066288
3.001540 62.500000 172 57.303915 1.833725
3.009219 62.500000 169 56.160754 1.797144
3.103766 62.500000 211 67.981919 2.175421
3.001895 62.500000 189 62.960224 2.014727
3.060673 62.500000 195 63.711478 2.038767
3.015981 62.500000 165 54.708569 1.750674
3.004609 62.500000 176 58.576673 1.874454
3.002041 62.500000 203 67.620671 2.163861
3.018345 62.500000 190 62.948407 2.014349
3.021684 62.500000 169 55.929070 1.789730
3.015131 62.500000 173 57.377275 1.836073
3.023103 62.500000 188 62.187754 1.990008
3.078043 62.500000 170 55.229897 1.767357
3.000829 62.500000 165 54.984808 1.759514
3.060339 62.500000 211 68.946621 2.206292
3.005667 62.500000 168 55.894410 1.788621
3.023672 62.500000 199 65.814019 2.106049
3.011847 62.500000 171 56.775792 1.816825
3.026908 62.500000 147 48.564406 1.554061
3.022983 62.500000 164 54.251053 1.736034
3.000661 62.500000 175 58.320479 1.866255
3.056324 62.500000 181 59.221477 1.895087
3.064186 62.500000 199 64.943830 2.078203
3.016835 62.500000 209 69.277899 2.216893
3.005644 62.500000 216 71.864810 2.299674
3.003213 62.500000 186 61.933674 1.981878
3.006618 62.500000 198 65.854723 2.107351
3.021882 62.500000 186 61.551042 1.969633
6.001194 62.500000 148 49.327336 1.578475
6.028923 62.500000 166 55.138920 1.764445
6.012179 62.500000 196 65.191828 2.086139
6.059394 62.500000 199 65.078316 2.082506
6.025544 62.500000 175 58.285907 1.865149
6.023010 62.500000 162 53.799818 1.721594
6.041424 62.500000 168 55.317718 1.770167
6.014774 62.500000 175 58.136341 1.860363
6.132372 62.500000 155 49.723457 1.591151
6.024925 62.500000 188 62.480382 1.999372
6.006581 62.500000 181 60.242162 1.927749
6.005579 62.500000 208 69.248310 2.215946
6.020136 62.500000 153 50.999970 1.631999
6.031826 62.500000 214 70.928103 2.269699
6.027423 62.500000 211 70.199043 2.246369
6.033509 62.500000 178 59.139421 1.892461
6.106970 62.500000 190 62.442817 1.998170
6.010389 62.500000 210 69.972697 2.239126
6.010599 62.500000 185 61.463066 1.966818
6.033286 62.500000 211 70.184134 2.245892
6.006626 62.500000 180 59.931803 1.917818
6.036175 62.500000 165 54.445899 1.742269
6.073110 62.500000 220 73.030580 2.336979
6.023408 62.500000 188 62.657783 2.005049
6.030741 62.500000 165 54.746230 1.751879
6.012546 62.500000 186 61.877734 1.980087
6.083379 62.500000 178 58.881119 1.884196
6.077711 62.500000 188 62.223062 1.991138
6.123129 62.500000 185 61.271202 1.960678
6.079852 62.500000 159 52.968054 1.694978
6.058472 62.500000 191 62.899507 2.012784
9.067605 62.500000 197 64.643802 2.068602
9.021799 62.500000 177 58.597518 1.875121
9.019309 62.500000 200 66.473673 2.127158
9.040934 62.500000 179 59.428721 1.901719
9.078884 62.500000 168 55.021715 1.760695
9.037841 62.500000 168 55.919245 1.789416
9.076922 62.500000 207 68.599203 2.195175
9.036058 62.500000 197 65.109582 2.083507
9.050457 62.500000 196 64.391590 2.060531
9.019268 62.500000 202 67.232619 2.151444
9.089367 62.500000 191 61.936815 1.981978
9.090621 62.500000 204 66.542812 2.129370
9.043558 62.500000 202 66.636342 2.132363
9.034140 62.500000 200 66.517735 2.128568
9.038130 62.500000 196 65.196353 2.086283
9.029872 62.500000 197 65.525481 2.096815
9.101971 62.500000 184 59.910852 1.917147
9.026018 62.500000 193 64.268892 2.056605
9.069372 62.500000 212 70.014411 2.240461
9.011148 62.500000 201 66.899181 2.140774
9.110826 62.500000 194 63.037361 2.017196
9.076095 62.500000 160 53.280306 1.704970
9.022688 62.500000 192 63.784373 2.041100
9.113178 62.500000 212 69.971626 2.239092
9.135205 62.500000 201 64.858999 2.075488
9.136613 62.500000 209 69.568312 2.226186
9.107825 62.500000 182 60.063746 1.922040
9.115878 62.500000 194 63.899339 2.044779
9.144442 62.500000 199 65.865421 2.107693
9.119576 62.500000 168 55.765678 1.784502
9.070343 62.500000 198 65.739871 2.103676
12.022545 125.000000 276 91.899614 2.940788
12.024094 125.000000 326 108.583622 3.474676
12.039555 125.000000 317 105.616471 3.379727
12.027774 125.000000 317 105.604853 3.379355
12.028669 125.000000 288 95.701395 3.062445
12.034225 125.000000 313 104.330396 3.338573
12.053565 125.000000 313 104.225356 3.335211
12.040446 125.000000 329 109.571538 3.506289
12.038008 125.000000 334 111.032202 3.553030
12.045731 125.000000 323 107.588736 3.442840
12.046828 125.000000 350 116.437918 3.726013
12.037338 125.000000 286 95.292673 3.049366
12.040748 125.000000 326 107.604958 3.443359
12.033088 125.000000 335 111.280862 3.560988
12.089916 125.000000 290 96.312492 3.082000
12.068586 125.000000 317 105.632123 3.380228
12.069808 125.000000 294 97.985752 3.135544
12.079097 125.000000 312 103.924653 3.325589
12.080529 125.000000 352 117.160171 3.749125
12.117034 125.000000 299 98.796807 3.161498
12.110601 125.000000 305 100.952104 3.230467
12.114538 125.000000 342 113.948343 3.646347
12.143269 125.000000 319 105.091737 3.362936
12.112285 125.000000 333 110.946030 3.550273
12.137772 125.000000 322 107.291897 3.433341
12.103072 125.000000 311 103.628645 3.316117
12.126194 125.000000 353 117.263401 3.752429
12.148589 125.000000 312 103.856423 3.323406
12.129218 125.000000 321 106.657205 3.413031
12.143688 125.000000 314 104.371553 3.339890
12.079815 125.000000 328 108.989197 3.487654
3.013916 62.500000 177 58.727576 1.879282
15.032121 125.000000 391 129.918665 4.157397
15.164855 125.000000 334 106.468391 3.406988
15.038490 125.000000 385 127.914613 4.093268
15.029207 125.000000 358 119.130306 3.812170
15.071822 125.000000 419 138.221027 4.423073
15.045192 125.000000 366 121.555620 3.889780
15.045911 125.000000 404 134.381994 4.300224
15.047045 125.000000 332 110.618214 3.539783
15.046662 125.000000 387 128.746196 4.119878
15.038830 125.000000 376 125.271006 4.008672
15.058377 125.000000 324 107.827041 3.450465
15.049011 125.000000 430 143.229085 4.583331
15.077125 125.000000 390 129.631026 4.148193
15.090253 125.000000 385 127.464685 4.078870
15.092084 125.000000 364 120.810366 3.865932
15.040007 125.000000 363 120.919439 3.869422
15.083856 125.000000 368 122.530814 3.920986
15.036798 125.000000 403 134.167415 4.293357
15.090634 125.000000 384 127.969402 4.095021
15.117969 125.000000 396 131.958914 4.222685
15.117610 125.000000 360 119.877254 3.836072
15.148237 125.000000 392 130.212456 4.166799
15.116094 125.000000 332 110.464430 3.534862
15.117584 125.000000 386 128.439803 4.110074
15.106076 125.000000 374 124.541969 3.985343
15.126577 125.000000 382 127.317107 4.074147
15.154399 125.000000 411 136.735207 4.375527
15.153500 125.000000 354 117.052572 3.745682
15.147484 125.000000 430 143.132221 4.580231
15.166860 125.000000 351 116.103202 3.715302
15.094602 125.000000 393 130.357478 4.171439
6.059912 62.500000 188 61.720375 1.975052
18.043829 125.000000 390 129.783744 4.153080
18.034628 125.000000 399 132.888932 4.252446
18.108140 125.000000 377 122.444995 3.918240
18.049553 125.000000 368 122.517928 3.920574
18.048234 125.000000 341 113.621645 3.635893
18.050155 125.000000 390 129.496479 4.143887
18.052657 125.000000 377 125.354731 4.011351
18.051866 125.000000 404 134.538629 4.305236
18.070296 125.000000 381 126.497408 4.047917
18.098872 125.000000 402 133.633032 4.276257
18.092025 125.000000 359 119.341667 3.818933
18.044365 125.000000 400 133.139931 4.260478
18.151710 125.000000 375 121.967697 3.902966
18.079533 125.000000 365 121.354744 3.883352
18.098485 125.000000 360 119.671606 3.829491
18.103582 125.000000 372 123.526534 3.952849
18.051545 125.000000 353 117.475442 3.759214
18.126587 125.000000 364 120.970309 3.871050
18.124446 125.000000 377 125.395898 4.012669
18.037701 125.000000 414 137.958502 4.414672
18.118145 125.000000 399 132.976314 4.255242
18.109545 125.000000 388 129.183926 4.133886
18.127942 125.000000 367 121.852101 3.899267
18.171545 125.000000 387 128.266878 4.104540
18.156034 125.000000 364 121.018784 3.872601
18.127197 125.000000 347 115.642753 3.700568
18.160076 125.000000 361 119.830348 3.834571
18.169837 125.000000 364 121.132180 3.876230
18.154676 125.000000 370 123.285018 3.945121
18.176532 125.000000 398 132.240322 4.231690
18.110751 125.000000 346 114.715807 3.670906
9.067656 62.500000 192 63.835231 2.042727
21.048327 125.000000 367 121.777253 3.896872
21.066330 125.000000 339 112.371578 3.595891
21.052382 125.000000 365 121.320791 3.882265
21.051981 125.000000 361 120.183221 3.845863
21.072718 125.000000 403 133.441012 4.270112
21.058114 125.000000 334 111.038733 3.553239
21.068194 125.000000 360 119.350449 3.819214
21.092422 125.000000 376 125.316776 4.010137
21.081441 125.000000 356 118.227455 3.783279
21.054686 125.000000 386 128.225516 4.103217
21.085508 125.000000 344 114.438771 3.662041
21.107996 125.000000 410 136.234750 4.359512
21.060825 125.000000 372 123.617596 3.955763
21.108908 125.000000 388 129.104140 4.131332
21.099054 125.000000 378 125.992371 4.031756
21.069141 125.000000 367 121.064565 3.874066
21.108378 125.000000 387 128.989769 4.127673
21.127644 125.000000 346 115.210525 3.686737
21.128977 125.000000 385 127.871626 4.091892
21.185651 125.000000 339 112.407451 3.597038
21.158776 125.000000 361 120.223454 3.847151
21.141857 125.000000 376 124.754648 3.992149
21.129552 125.000000 368 122.570475 3.922255
21.157321 125.000000 379 126.097494 4.035120
21.133751 125.000000 395 131.352969 4.203295
21.118949 125.000000 436 144.879201 4.636134
21.156340 125.000000 380 126.596448 4.051086
21.194122 125.000000 373 123.404659 3.948949
21.201731 125.000000 364 119.671688 3.829494
21.201375 125.000000 343 113.394321 3.628618
21.117807 125.000000 350 116.392946 3.724574
12.073288 125.000000 321 106.799472 3.417583
24.071938 125.000000 343 114.190806 3.654106
24.048346 125.000000 385 128.332512 4.106640
24.059499 125.000000 348 115.710019 3.702721
24.085924 125.000000 367 120.980710 3.871383
24.097314 125.000000 372 122.732398 3.927437
24.060950 125.000000 379 126.213999 4.038848
24.072820 125.000000 384 127.995666 4.095861
24.060685 125.000000 358 119.095213 3.811047
24.081951 125.000000 375 124.978774 3.999321
24.113568 125.000000 392 130.464016 4.174849
24.096719 125.000000 437 145.458332 4.654667
24.102034 125.000000 345 114.369953 3.659838
24.120351 125.000000 342 113.546843 3.633499
24.101556 125.000000 363 120.899161 3.868773
24.144029 125.000000 386 128.573596 4.114355
24.123576 125.000000 387 128.333506 4.106672
24.166606 125.000000 388 128.996646 4.127893
24.061396 125.000000 367 122.310084 3.913923
24.128853 125.000000 360 119.951675 3.838454
24.078817 125.000000 347 115.294817 3.689434
24.133680 125.000000 405 134.788694 4.313238
24.135739 125.000000 359 119.420362 3.821452
24.138008 125.000000 356 118.498544 3.791953
24.158234 125.000000 350 116.631161 3.732197
24.131589 125.000000 346 114.849442 3.675182
24.202719 125.000000 369 122.648510 3.924752
24.195451 125.000000 391 129.908958 4.157087
24.157908 125.000000 403 134.263145 4.296421
24.202129 125.000000 395 131.649231 4.212775
24.201427 125.000000 375 124.997830 3.999931
24.141023 125.000000 349 115.439961 3.694079
15.089513 125.000000 411 136.263079 4.360419
27.120142 125.000000 368 122.398460 3.916751
27.066853 125.000000 371 123.364257 3.947656
27.085185 125.000000 403 132.703772 4.246521
27.075189 125.000000 303 100.522916 3.216733
27.074178 125.000000 416 138.563225 4.434023
27.076886 125.000000 383 127.493877 4.079804
27.082931 125.000000 356 118.627889 3.796092
27.129074 125.000000 398 131.276873 4.200860
27.104519 125.000000 364 121.018680 3.872598
27.064663 125.000000 343 114.181900 3.653821
27.104389 125.000000 373 124.216026 3.974913
27.086389 125.000000 330 109.982927 3.519454
27.064117 125.000000 360 119.891262 3.836520
27.105475 125.000000 418 139.173705 4.453559
27.143515 125.000000 383 126.823754 4.058360
27.121679 125.000000 392 130.608852 4.179483
27.129612 125.000000 396 131.966601 4.222931
27.087272 125.000000 358 118.997953 3.807935
27.136655 125.000000 327 108.891992 3.484544
27.173694 125.000000 436 144.990782 4.639705
27.160485 125.000000 405 134.898767 4.316761
27.154118 125.000000 322 106.679783 3.413753
27.167589 125.000000 422 139.293189 4.457382
27.150870 125.000000 392 130.369360 4.171820
27.133199 125.000000 358 119.269322 3.816618
27.164552 125.000000 380 126.386764 4.044376
27.198448 125.000000 394 131.202266 4.198473
27.238361 125.000000 333 109.675402 3.509613
27.210210 125.000000 373 124.023645 3.968757
27.204615 125.000000 386 128.530095 4.112963
27.143774 125.000000 381 126.883631 4.060276
18.096368 125.000000 351 116.733234 3.735464
#type       avg     std     min     5th    10th    90th    95th    99th
read       83.6    42.5    37.4    52.0    55.2   125.7   160.0   253.4
update     87.7    42.8    41.1    55.3    57.6   131.1   165.5   260.3
op_q        1.0     0.0     1.0     1.0     1.0     1.1     1.1     1.1

Total QPS = 466007.1 (13980214 / 30.0s)

Misses = 0 (0.0%)
Skipped TXs = 0 (0.0%)

RX 2407979398 bytes :   76.5 MB/s
TX 1543878689 bytes :   49.1 MB/s
