3.000320 3437.500000 10083 3360.641559 107.540530
3.000587 3437.500000 10198 3398.668364 108.757388
3.000535 3437.500000 10538 3512.040417 112.385293
3.001525 3437.500000 10385 3459.907549 110.717042
3.000127 3437.500000 10423 3474.186819 111.173978
3.000350 3437.500000 10156 3384.938621 108.318036
3.000128 3437.500000 10354 3451.186135 110.437956
3.000272 3437.500000 10093 3364.027823 107.648890
3.000282 3437.500000 10278 3425.677587 109.621683
3.000102 3437.500000 10395 3464.882116 110.876228
3.000190 3437.500000 10419 3472.779615 111.128948
3.000017 3437.500000 10055 3351.647548 107.252722
3.000019 3437.500000 10317 3438.978401 110.047309
3.001155 3437.500000 10594 3529.974318 112.959178
3.000349 3437.500000 10172 3390.272511 108.488720
3.000260 3437.500000 10330 3443.035203 110.177127
3.000020 3437.500000 10037 3345.644067 107.060610
3.000710 3437.500000 10300 3432.520670 109.840661
3.000102 3437.500000 10170 3389.885233 108.476327
3.000427 3437.500000 10123 3373.853595 107.963315
3.000368 3437.500000 10351 3449.910505 110.397136
3.000014 3437.500000 10083 3360.984856 107.551515
3.000016 3437.500000 10249 3416.315246 109.322088
3.000206 3437.500000 10299 3432.763963 109.848447
3.000055 3437.500000 10316 3438.603312 110.035306
3.000243 3437.500000 10301 3433.388264 109.868424
3.000849 3437.500000 10157 3384.709339 108.310699
3.000201 3437.500000 10281 3426.769877 109.656636
3.000303 3437.500000 10522 3506.978576 112.223314
3.000056 3437.500000 10484 3494.601278 111.827241
3.000509 3437.500000 10470 3489.408161 111.661061
3.000098 3437.500000 10133 3377.556698 108.081814
6.000338 3437.500000 10370 3456.496650 110.607893
6.000187 3437.500000 10375 3458.263563 110.664434
6.000530 3437.500000 10382 3460.369269 110.731817
6.000313 3437.500000 10274 3424.631968 109.588223
6.000614 3437.500000 10135 3378.055907 108.097789
6.000920 3437.500000 10588 3528.266713 112.904535
6.000539 3437.500000 10285 3427.737515 109.687600
6.000274 3437.500000 10527 3508.703126 112.278500
6.000500 3437.500000 10356 3451.445931 110.446270
6.000687 3437.500000 10525 3507.833201 112.250662
6.000175 3437.500000 10448 3482.612531 111.443601
6.000703 3437.500000 10239 3412.685103 109.205923
6.000908 3437.500000 10267 3421.413943 109.485246
6.001607 3437.500000 10206 3400.293597 108.809395
6.000422 3437.500000 10257 3418.581695 109.394614
6.000363 3437.500000 10250 3416.530700 109.328982
6.000469 3437.500000 10465 3488.194396 111.622221
6.000901 3437.500000 10239 3412.583778 109.202681
6.000543 3437.500000 10420 3473.108215 111.139463
6.000438 3437.500000 10385 3461.529972 110.768959
6.000212 3437.500000 10443 3480.772684 111.384726
6.000469 3437.500000 10134 3377.704111 108.086532
6.000771 3437.500000 10241 3413.597839 109.235131
6.000720 3437.500000 10231 3410.182677 109.125846
6.001837 3437.500000 10484 3494.303833 111.817723
6.000597 3437.500000 10307 3435.213577 109.926834
6.000334 3437.500000 10380 3459.965309 110.718890
6.001183 3437.500000 10361 3453.634213 110.516295
6.000328 3437.500000 10372 3457.019703 110.624630
6.000886 3437.500000 10289 3429.623567 109.747954
6.001226 3437.500000 10346 3447.842819 110.330970
6.001512 3437.500000 10186 3393.733925 108.599486
9.000766 3437.500000 10237 3411.961025 109.182753
9.000855 3437.500000 10109 3369.057802 107.809850
9.000437 3437.500000 10187 3395.383225 108.652263
9.000648 3437.500000 10478 3492.545025 111.761441
9.000721 3437.500000 10292 3430.041428 109.761326
9.001073 3437.500000 10297 3431.678778 109.813721
9.000300 3437.500000 10284 3427.970804 109.695066
9.001692 3437.500000 10332 3442.301066 110.153634
9.000756 3437.500000 10361 3453.416487 110.509328
9.000431 3437.500000 10292 3430.656240 109.781000
9.000919 3437.500000 10361 3453.315166 110.506085
9.000870 3437.500000 10224 3407.544568 109.041426
9.000355 3437.500000 10305 3434.979970 109.919359
9.002374 3437.500000 10311 3435.087274 109.922793
9.000968 3437.500000 10111 3370.111279 107.843561
9.000801 3437.500000 10146 3381.908381 108.221068
9.000537 3437.500000 10266 3421.992132 109.503748
9.001016 3437.500000 10465 3488.222238 111.623112
9.000749 3437.500000 10266 3421.929442 109.501742
9.000614 3437.500000 10082 3360.504730 107.536151
9.001262 3437.500000 10127 3375.268838 108.008603
9.000486 3437.500000 10404 3467.857789 110.971449
9.000370 3437.500000 10327 3442.291229 110.153319
9.000646 3437.500000 10459 3486.277029 111.560865
9.000933 3437.500000 10277 3425.630298 109.620170
9.000504 3437.500000 10243 3414.133253 109.252264
9.001709 3437.500000 10319 3439.550235 110.065608
9.000959 3437.500000 10585 3528.247561 112.903922
9.001898 3437.500000 10229 3409.597093 109.107107
9.001205 3437.500000 10305 3434.974805 109.919194
9.001326 3437.500000 10313 3437.552017 110.001665
9.002323 3437.500000 10320 3439.069859 110.050235
12.000933 6875.000000 17140 5712.233642 182.791477
12.001527 6875.000000 17243 5745.983415 183.871469
12.000516 6875.000000 17199 5732.586664 183.442773
12.000479 6875.000000 17304 5767.920446 184.573454
12.000637 6875.000000 17327 5775.475129 184.815204
12.000757 6875.000000 17386 5795.264514 185.448464
12.001039 6875.000000 17289 5762.456516 184.398609
12.000859 6875.000000 16861 5620.224091 179.847171
12.001469 6875.000000 17311 5769.371219 184.619879
12.001068 6875.000000 17111 5703.384804 182.508314
12.000605 6875.000000 17131 5710.003815 182.720122
12.000731 6875.000000 17162 5720.441953 183.054142
12.000779 6875.000000 17339 5779.640703 184.948502
12.001139 6875.000000 17363 5787.118418 185.187789
12.000828 6875.000000 17294 5764.516462 184.464527
12.001075 6875.000000 17409 5802.994838 185.695835
12.001107 6875.000000 17181 5725.813886 183.226044
12.001070 6875.000000 17265 5754.896171 184.156677
12.000410 6875.000000 17227 5742.257041 183.752225
12.000915 6875.000000 17012 5670.582558 181.458642
12.000684 6875.000000 17401 5800.258640 185.608276
12.001591 6875.000000 17249 5749.035608 183.969139
12.001104 6875.000000 17521 5839.999108 186.879971
12.001342 6875.000000 17134 5711.073264 182.754344
12.001813 6875.000000 17401 5800.101016 185.603232
12.000565 6875.000000 16844 5614.551922 179.665662
12.001983 6875.000000 17051 5683.504715 181.872151
12.001286 6875.000000 17142 5713.378349 182.828107
12.001756 6875.000000 17021 5673.576506 181.554448
12.002459 6875.000000 17341 5780.169656 184.965429
12.001588 6875.000000 17428 5808.825619 185.882420
12.002368 6875.000000 17271 5756.912960 184.221215
15.001227 6875.000000 20477 6823.965709 218.366903
15.001744 6875.000000 20586 6859.977387 219.519276
15.000762 6875.000000 20813 6937.096892 221.987101
15.000656 6875.000000 20386 6795.289817 217.449274
15.001315 6875.000000 20680 6892.456532 220.558609
15.000966 6875.000000 20592 6863.683187 219.637862
15.001127 6875.000000 20705 6901.546739 220.849496
15.000757 6875.000000 20733 6910.648780 221.140761
15.000842 6875.000000 20569 6856.138757 219.396440
15.000533 6875.000000 20837 6945.383128 222.252260
15.000975 6875.000000 20442 6813.862805 218.043610
15.000842 6875.000000 20606 6868.522152 219.792709
15.001436 6875.000000 20859 6951.368715 222.443799
15.001490 6875.000000 20710 6902.295503 220.873456
15.003472 6875.000000 20631 6871.499292 219.887977
15.002062 6875.000000 20703 6899.916027 220.797313
15.001141 6875.000000 20678 6892.499138 220.559972
15.001635 6875.000000 20382 6793.624550 217.395986
15.000693 6875.000000 20675 6891.647059 220.532706
15.001397 6875.000000 20682 6893.406927 220.589022
15.002108 6875.000000 20608 6869.047810 219.809530
15.001763 6875.000000 20708 6902.123692 220.867958
15.001157 6875.000000 20671 6890.213351 220.486827
15.001347 6875.000000 20930 6976.654608 223.252947
15.001111 6875.000000 20662 6887.325180 220.394406
15.001994 6875.000000 20868 6955.449316 222.574378
15.000639 6875.000000 20500 6833.165876 218.661308
15.001580 6875.000000 20802 6933.320655 221.866261
15.002587 6875.000000 20683 6892.554791 220.561753
15.002704 6875.000000 20212 6736.782280 215.577033
15.001713 6875.000000 20923 6974.043172 223.169381
15.002401 6875.000000 20322 6773.924980 216.765599
18.000966 6875.000000 20578 6859.050573 219.489618
18.000882 6875.000000 20515 6837.818776 218.810201
18.001061 6875.000000 20797 6932.136174 221.828358
18.001031 6875.000000 20605 6867.717872 219.766972
18.000806 6875.000000 20410 6803.076158 217.698437
18.001313 6875.000000 20687 6895.241269 220.647721
18.001044 6875.000000 20743 6913.868639 221.243796
18.001196 6875.000000 20372 6789.672792 217.269529
18.000893 6875.000000 20806 6934.500557 221.904018
18.001023 6875.000000 20485 6828.203291 218.502505
18.001153 6875.000000 20694 6897.971608 220.735091
18.001510 6875.000000 20788 6928.882639 221.724244
18.001247 6875.000000 20361 6786.953859 217.182523
18.001446 6875.000000 20868 6955.885918 222.588349
18.002318 6875.000000 20529 6842.521332 218.960683
18.001796 6875.000000 20279 6759.548130 216.305540
18.001355 6875.000000 20669 6889.105970 220.451391
18.001189 6875.000000 20655 6884.925774 220.317625
18.001516 6875.000000 20751 6916.940408 221.342093
18.001480 6875.000000 20650 6883.231225 220.263399
18.001347 6875.000000 20486 6828.666446 218.517326
18.001863 6875.000000 20563 6853.811530 219.321969
18.001825 6875.000000 20532 6843.856841 219.003419
18.001689 6875.000000 20537 6845.417837 219.053371
18.000644 6875.000000 20417 6805.654196 217.780934
18.002116 6875.000000 20703 6900.877615 220.828084
18.002258 6875.000000 20916 6971.385183 223.084326
18.002957 6875.000000 20303 6767.095974 216.547071
18.002927 6875.000000 20547 6848.224031 219.143169
18.003687 6875.000000 20815 6937.835901 222.010749
18.001856 6875.000000 20544 6847.672051 219.125506
18.002463 6875.000000 20698 6899.192810 220.774170
21.001408 6875.000000 20698 6898.123929 220.739966
21.001126 6875.000000 20843 6947.446375 222.318284
21.001007 6875.000000 20547 6848.905639 219.164980
21.001816 6875.000000 20759 6918.891958 221.404543
21.001631 6875.000000 20555 6850.789446 219.225262
21.002047 6875.000000 20555 6851.094145 219.235013
21.001040 6875.000000 20748 6915.961879 221.310780
21.001473 6875.000000 20566 6854.601695 219.347254
21.001367 6875.000000 20331 6776.875963 216.860031
21.001127 6875.000000 20665 6888.181605 220.421811
21.001307 6875.000000 20845 6947.172720 222.309527
21.001511 6875.000000 20928 6975.850503 223.227216
21.001052 6875.000000 20829 6942.982528 222.175441
21.001677 6875.000000 20708 6902.281921 220.873021
21.001232 6875.000000 20862 6953.916563 222.525330
21.001477 6875.000000 20888 6962.365942 222.795710
21.001553 6875.000000 20664 6887.913405 220.413229
21.000898 6875.000000 20811 6936.987804 221.983610
21.001993 6875.000000 20517 6838.703823 218.838522
21.002099 6875.000000 20445 6814.378764 218.060120
21.001220 6875.000000 20418 6805.929755 217.789752
21.002598 6875.000000 20517 6838.361528 218.827569
21.001403 6875.000000 20667 6888.890466 220.444495
21.000658 6875.000000 20809 6936.301745 221.961656
21.002162 6875.000000 20470 6823.228012 218.343296
21.001959 6875.000000 20465 6821.052072 218.273666
21.002363 6875.000000 20801 6933.424020 221.869569
21.003041 6875.000000 20532 6843.808270 219.001865
21.003107 6875.000000 20569 6855.920072 219.389442
21.003768 6875.000000 21030 7009.810516 224.313937
21.001997 6875.000000 20565 6854.679390 219.349740
21.002475 6875.000000 20340 6779.971314 216.959082
24.001372 6875.000000 20529 6842.168713 218.949399
24.001180 6875.000000 20496 6831.878174 218.620102
24.001373 6875.000000 20788 6928.591388 221.714924
24.001154 6875.000000 20787 6928.935911 221.725949
24.001563 6875.000000 20674 6890.976039 220.511233
24.001194 6875.000000 20812 6936.976210 221.983239
24.001731 6875.000000 20852 6950.069607 222.402227
24.001432 6875.000000 20549 6849.520287 219.184649
24.002240 6875.000000 20469 6821.718796 218.295001
24.001762 6875.000000 20562 6853.424883 219.309596
24.001678 6875.000000 20970 6989.889937 223.676478
24.003078 6875.000000 20575 6856.238683 219.399638
24.001879 6875.000000 20477 6824.926672 218.397654
24.001814 6875.000000 20800 6932.381786 221.836217
24.001910 6875.000000 20533 6842.787595 218.969203
24.000921 6875.000000 20778 6925.947226 221.630311
24.001560 6875.000000 20735 6911.474636 221.167188
24.002224 6875.000000 20605 6867.928440 219.773710
24.001354 6875.000000 20738 6912.357900 221.195453
24.001858 6875.000000 20623 6874.236765 219.975576
24.000660 6875.000000 20585 6861.661333 219.573163
24.001453 6875.000000 20629 6875.999510 220.031984
24.001996 6875.000000 20730 6909.992935 221.119774
24.002840 6875.000000 20588 6862.113737 219.587640
24.002301 6875.000000 20767 6921.867632 221.499764
24.002401 6875.000000 20894 6964.579347 222.866539
24.002024 6875.000000 20578 6859.184511 219.493904
24.003210 6875.000000 20458 6818.950176 218.206406
24.003125 6875.000000 20690 6896.627346 220.692075
24.003964 6875.000000 20964 6987.544236 223.601416
24.002028 6875.000000 20799 6932.928793 221.853721
24.002506 6875.000000 20649 6882.929541 220.253745
27.001504 6875.000000 20368 6789.033826 217.249082
27.001291 6875.000000 20528 6842.413437 218.957230
27.003357 6875.000000 20810 6931.577155 221.810469
27.001288 6875.000000 20459 6819.454092 218.222531
27.002254 6875.000000 21006 7000.386807 224.012378
27.001548 6875.000000 20568 6855.734386 219.383500
27.001452 6875.000000 20796 6931.818206 221.818183
27.002035 6875.000000 20365 6788.308555 217.225874
27.002089 6875.000000 20931 6976.240852 223.239707
27.001769 6875.000000 20344 6781.128263 216.996104
27.002413 6875.000000 20395 6797.388948 217.516446
27.002222 6875.000000 20657 6884.538544 220.305233
27.001465 6875.000000 20557 6852.079891 219.266557
27.002831 6875.000000 20786 6927.302321 221.673674
27.002065 6875.000000 20500 6832.909427 218.653102
27.001238 6875.000000 20495 6830.945624 218.590260
27.000689 6875.000000 20441 6813.601065 218.035234
27.001891 6875.000000 20680 6892.572255 220.562312
27.002314 6875.000000 20686 6895.126847 220.644059
27.001914 6875.000000 21011 7003.658094 224.117059
27.001575 6875.000000 20935 6978.050348 223.297611
27.002339 6875.000000 20640 6879.912080 220.157187
27.001886 6875.000000 20583 6860.936839 219.549979
27.001829 6875.000000 20497 6832.300483 218.633615
27.002593 6875.000000 20660 6886.225471 220.359215
27.002961 6875.000000 20405 6801.392680 217.644566
27.003342 6875.000000 20704 6900.726715 220.823255
27.003283 6875.000000 20762 6920.498438 221.455950
27.003263 6875.000000 20618 6872.349220 219.915175
27.004005 6875.000000 20706 6901.903627 220.860916
27.002110 6875.000000 20708 6902.478021 220.879297
27.002554 6875.000000 20819 6939.555461 222.065775
#type       avg     std     min     5th    10th    90th    95th    99th
read      551.6   249.5    45.3   188.9   235.6   817.3   979.2  1114.1
update    553.0   252.1    49.8   188.5   235.4   835.7   985.0  1115.3
op_q        5.2     3.0     1.0     1.0     1.1     9.6    10.9    13.1

Total QPS = 366546.3 (10996390 / 30.0s)

Misses = 0 (0.0%)
Skipped TXs = 0 (0.0%)

RX 1897577949 bytes :   60.3 MB/s
TX 1216221835 bytes :   38.7 MB/s
