3.004230 1388.888889 4332 1441.966738 46.142936
3.002279 1388.888889 4176 1390.943165 44.510181
3.000245 1388.888889 4071 1356.888980 43.420447
3.000124 1388.888889 4155 1384.942787 44.318169
3.001571 1388.888889 4121 1372.947723 43.934327
3.000136 1388.888889 4147 1382.270461 44.232655
3.000053 1388.888889 4143 1380.975464 44.191215
3.000659 1388.888889 4244 1414.355753 45.259384
3.000086 1388.888889 4123 1374.294137 43.977412
3.001681 1388.888889 4247 1414.874012 45.275968
3.000019 1388.888889 4081 1360.324597 43.530387
3.001068 1388.888889 4086 1361.515238 43.568488
3.000008 1388.888889 4192 1397.329603 44.714547
3.000427 1388.888889 3997 1332.143600 42.628595
3.000007 1388.888889 4057 1352.330065 43.274562
3.000458 1388.888889 4279 1426.115502 45.635696
3.000253 1388.888889 4060 1353.219109 43.303011
3.001134 1388.888889 3936 1311.504063 41.968130
3.001003 1388.888889 4134 1377.539398 44.081261
3.002928 1388.888889 4166 1387.312502 44.394000
3.000331 1388.888889 4202 1400.512343 44.816395
3.001562 1388.888889 4209 1402.269876 44.872636
3.000267 1388.888889 4314 1437.872230 46.011911
3.001971 1388.888889 4182 1393.084975 44.578719
3.002062 1388.888889 4204 1400.370685 44.811862
3.000197 1388.888889 4240 1413.240417 45.223693
3.001835 1388.888889 4141 1379.489371 44.143660
3.000031 1388.888889 4079 1359.652831 43.508891
3.000310 1388.888889 4036 1345.194433 43.046222
3.000733 1388.888889 4230 1409.655764 45.108984
3.000034 1388.888889 4212 1403.984121 44.927492
3.000867 1388.888889 4235 1411.258788 45.160281
6.002256 1388.888889 4155 1383.962813 44.286810
6.001886 1388.888889 4306 1434.635812 45.908346
6.001218 1388.888889 4218 1405.432821 44.973850
6.000683 1388.888889 3975 1324.758696 42.392278
6.000305 1388.888889 4070 1356.537623 43.409204
6.002531 1388.888889 4203 1400.882536 44.828241
6.001809 1388.888889 4128 1375.940974 44.030111
6.000421 1388.888889 4191 1396.829001 44.698528
6.001450 1388.888889 4048 1348.791917 43.161341
6.001872 1388.888889 4213 1403.926815 44.925658
6.000259 1388.888889 4158 1385.997174 44.351910
6.000368 1388.888889 4142 1380.554514 44.177744
6.000143 1388.888889 4010 1336.640979 42.772511
6.000896 1388.888889 4195 1398.129546 44.740145
6.000676 1388.888889 4299 1432.992099 45.855747
6.001394 1388.888889 4070 1356.185822 43.397946
6.001094 1388.888889 4019 1339.655166 42.868965
6.001000 1388.888889 4149 1382.661979 44.245183
6.003078 1388.888889 4151 1382.339147 44.234853
6.001701 1388.888889 4186 1395.272652 44.648725
6.001352 1388.888889 4037 1345.569009 43.058208
6.000680 1388.888889 4215 1404.826655 44.954453
6.005252 1388.888889 4095 1364.535436 43.665134
6.002033 1388.888889 4152 1383.782546 44.281041
6.003875 1388.888889 4184 1394.226935 44.615262
6.000759 1388.888889 4175 1391.328750 44.522520
6.002173 1388.888889 4187 1395.572547 44.658321
6.003375 1388.888889 4367 1455.030062 46.560962
6.000971 1388.888889 4199 1399.555485 44.785776
6.002992 1388.888889 4152 1383.466506 44.270928
6.000506 1388.888889 4199 1399.446237 44.782280
6.001010 1388.888889 4187 1395.600020 44.659201
9.001835 1388.888889 4245 1414.333316 45.258666
9.003237 1388.888889 4241 1412.460688 45.198742
9.002834 1388.888889 4030 1342.874755 42.971992
9.000373 1388.888889 4124 1374.635299 43.988330
9.000727 1388.888889 4136 1378.398422 44.108749
9.001760 1388.888889 4172 1389.971398 44.479085
9.001308 1388.888889 4157 1385.625000 44.340000
9.001074 1388.888889 4124 1374.487460 43.983599
9.001165 1388.888889 4150 1383.300330 44.265611
9.001560 1388.888889 4255 1418.281206 45.384999
9.003288 1388.888889 4049 1349.326030 43.178433
9.001483 1388.888889 4165 1388.061372 44.417964
9.000533 1388.888889 4179 1392.923103 44.573539
9.002401 1388.888889 4164 1387.829919 44.410557
9.002480 1388.888889 4178 1391.980102 44.543363
9.002888 1388.888889 4322 1440.363268 46.091625
9.001383 1388.888889 4097 1365.652436 43.700878
9.001790 1388.888889 4187 1395.625410 44.660013
9.002208 1388.888889 4236 1411.848194 45.179142
9.002556 1388.888889 4101 1366.471032 43.727073
9.003114 1388.888889 4170 1388.872972 44.443935
9.001304 1388.888889 4223 1407.411096 45.037155
9.002083 1388.888889 4112 1370.570034 43.858241
9.002724 1388.888889 4160 1385.857050 44.347426
9.002388 1388.888889 4111 1370.234893 43.847517
9.003523 1388.888889 4309 1436.262361 45.960396
9.004119 1388.888889 4188 1395.886025 44.668353
9.003612 1388.888889 4174 1391.085737 44.514744
9.005751 1388.888889 4143 1380.770074 44.184642
9.003782 1388.888889 4071 1356.642987 43.412576
9.001298 1388.888889 4242 1413.627248 45.236072
9.003285 1388.888889 4208 1401.604051 44.851330
12.003132 1388.888889 4179 1391.720073 44.535042
12.002649 1388.888889 3998 1331.967251 42.622952
12.001859 1388.888889 4234 1411.109525 45.155505
12.006221 1388.888889 4130 1374.622380 43.987916
12.002073 1388.888889 4195 1397.976855 44.735259
12.001658 1388.888889 4197 1398.918504 44.765392
12.002005 1388.888889 4100 1366.084922 43.714718
12.002440 1388.888889 4189 1395.923984 44.669567
12.001847 1388.888889 4131 1376.687101 44.053987
12.004457 1388.888889 4177 1391.373831 44.523963
12.004125 1388.888889 4334 1444.263823 46.216442
12.000784 1388.888889 4064 1354.553653 43.345717
12.003475 1388.888889 4251 1416.204386 45.318540
12.002907 1388.888889 4262 1420.159089 45.445091
12.002959 1388.888889 4137 1378.655051 44.116962
12.002519 1388.888889 4225 1408.314766 45.066073
12.002631 1388.888889 4125 1374.748878 43.991964
12.003659 1388.888889 4043 1347.605503 43.123376
12.005248 1388.888889 4298 1431.707203 45.814630
12.003349 1388.888889 4204 1401.118353 44.835787
12.003042 1388.888889 4244 1414.437247 45.261992
12.002634 1388.888889 4136 1378.559726 44.113911
12.004042 1388.888889 4252 1416.762711 45.336407
12.001841 1388.888889 4082 1360.423278 43.533545
12.003536 1388.888889 4214 1404.286301 44.937162
12.004321 1388.888889 4024 1341.243359 42.919787
12.006036 1388.888889 4284 1427.864462 45.691663
12.004094 1388.888889 4233 1410.539503 45.137264
12.003858 1388.888889 4109 1369.554321 43.825738
12.003895 1388.888889 4153 1384.280883 44.296988
12.002037 1388.888889 4123 1373.994796 43.967833
12.003514 1388.888889 4151 1383.560739 44.273944
15.005053 1388.888889 4255 1417.190708 45.350103
15.003430 1388.888889 4102 1367.197798 43.750330
15.002756 1388.888889 4123 1373.989031 43.967649
15.004516 1388.888889 4299 1432.108960 45.827487
15.003221 1388.888889 4244 1413.930072 45.245762
15.002865 1388.888889 4172 1390.299554 44.489586
15.000910 1388.888889 4166 1388.608252 44.435464
15.002732 1388.888889 4098 1365.867096 43.707747
15.002604 1388.888889 4352 1450.301102 46.409635
15.003320 1388.888889 4288 1429.136709 45.732375
15.004338 1388.888889 4023 1340.867682 42.907766
15.002236 1388.888889 4204 1401.157357 44.837035
15.005363 1388.888889 4130 1375.564242 44.018056
15.002235 1388.888889 4275 1424.812559 45.594002
15.006760 1388.888889 4366 1454.056177 46.529798
15.003973 1388.888889 4151 1383.437088 44.269987
15.002840 1388.888889 4148 1382.570377 44.242252
15.004599 1388.888889 4214 1404.081628 44.930612
15.005919 1388.888889 4094 1363.730046 43.639361
15.003250 1388.888889 4083 1360.905938 43.548990
15.002718 1388.888889 4135 1378.241871 44.103740
15.005579 1388.888889 4121 1373.090632 43.938900
15.005487 1388.888889 4209 1402.888280 44.892425
15.004368 1388.888889 4167 1388.672130 44.437508
15.007388 1388.888889 4143 1380.377707 44.172087
15.007774 1388.888889 4113 1369.485817 43.823546
15.007208 1388.888889 4281 1426.530829 45.648987
15.005042 1388.888889 4180 1392.892846 44.572571
15.003935 1388.888889 4232 1410.478926 45.135326
15.004673 1388.888889 4084 1360.980574 43.551378
15.002080 1388.888889 4199 1399.646303 44.788682
15.003648 1388.888889 4137 1378.938397 44.126029
18.002873 1388.888889 4156 1385.279550 44.328946
18.000921 1388.888889 4184 1394.661528 44.629169
18.003084 1388.888889 4152 1383.837655 44.282805
18.005147 1388.888889 4122 1373.118550 43.939794
18.003629 1388.888889 4086 1361.641798 43.572538
18.002460 1388.888889 4172 1390.562889 44.498012
18.003493 1388.888889 3942 1313.610580 42.035539
18.005815 1388.888889 4125 1373.649173 43.956774
18.003731 1388.888889 4092 1363.812866 43.642012
18.004161 1388.888889 4196 1398.325720 44.746423
18.003270 1388.888889 4126 1374.859054 43.995490
18.004826 1388.888889 4216 1404.934112 44.957892
18.003389 1388.888889 4119 1372.936258 43.933960
18.005280 1388.888889 4123 1373.902034 43.964865
18.002908 1388.888889 4170 1389.912331 44.477195
18.004802 1388.888889 4093 1363.939274 43.646057
18.004759 1388.888889 4139 1379.554694 44.145750
18.007871 1388.888889 4126 1374.042676 43.969366
18.005158 1388.888889 4189 1396.072791 44.674329
18.007937 1388.888889 4246 1414.778238 45.272904
18.006633 1388.888889 4152 1383.514073 44.272450
18.005707 1388.888889 4237 1412.229778 45.191353
18.004768 1388.888889 4173 1390.814347 44.506059
18.005413 1388.888889 4218 1405.976963 44.991263
18.007442 1388.888889 4032 1343.895387 43.004652
18.007441 1388.888889 4194 1396.883281 44.700265
18.007440 1388.888889 4162 1387.309302 44.393898
18.005946 1388.888889 4233 1410.986963 45.151583
18.004708 1388.888889 4216 1405.317125 44.970148
18.002334 1388.888889 4146 1381.883194 44.220262
18.008001 1388.888889 4147 1382.228985 44.231328
18.004434 1388.888889 4156 1384.970868 44.319068
21.001869 1388.888889 4160 1386.228480 44.359311
21.003747 1388.888889 4088 1362.659608 43.605107
21.002685 1388.888889 4161 1386.895769 44.380665
21.002897 1388.888889 4202 1400.655457 44.820975
21.004823 1388.888889 4199 1399.357911 44.779453
21.003385 1388.888889 4288 1429.189853 45.734075
21.004228 1388.888889 4207 1401.989571 44.863666
21.006772 1388.888889 4102 1365.793189 43.705382
21.003898 1388.888889 4075 1358.211935 43.462782
21.008878 1388.888889 4185 1393.526925 44.592862
21.003084 1388.888889 4102 1367.252991 43.752096
21.007015 1388.888889 4225 1407.519155 45.040613
21.005012 1388.888889 4042 1347.219938 43.111038
21.005032 1388.888889 4193 1397.570813 44.722266
21.008283 1388.888889 4211 1402.324817 44.874394
21.004127 1388.888889 4226 1408.264661 45.064469
21.005228 1388.888889 4159 1386.295905 44.361469
21.006389 1388.888889 4201 1399.759092 44.792291
21.006311 1388.888889 4297 1432.096645 45.827093
21.004788 1388.888889 3972 1323.991244 42.367720
21.006899 1388.888889 4218 1405.875392 44.988013
21.006253 1388.888889 4153 1384.192043 44.294145
21.008204 1388.888889 4089 1362.653016 43.604897
21.008007 1388.888889 4109 1369.408733 43.821079
21.004957 1388.888889 4083 1360.929741 43.549752
21.010911 1388.888889 4188 1394.386961 44.620383
21.011286 1388.888889 3994 1329.849059 42.555170
21.004758 1388.888889 4211 1403.643088 44.916579
21.008132 1388.888889 4219 1406.210762 44.998744
21.008254 1388.888889 4225 1408.214227 45.062855
21.002460 1388.888889 4153 1384.275318 44.296810
21.004441 1388.888889 4155 1384.996589 44.319891
24.003189 1388.888889 4180 1393.099422 44.579181
24.002519 1388.888889 4102 1367.037054 43.745186
24.002929 1388.888889 4168 1389.318458 44.458191
24.004551 1388.888889 4064 1354.371706 43.339895
24.005388 1388.888889 4261 1419.385448 45.420334
24.004649 1388.888889 4319 1438.915889 46.045308
24.004274 1388.888889 4243 1414.084671 45.250709
24.005815 1388.888889 4093 1363.977255 43.647272
24.004390 1388.888889 4196 1398.591383 44.754924
24.006879 1388.888889 4114 1370.378241 43.852104
24.004893 1388.888889 4146 1381.967894 44.222973
24.006179 1388.888889 4121 1372.727328 43.927275
24.007674 1388.888889 4273 1423.070402 45.538253
24.005440 1388.888889 4107 1368.903143 43.804901
24.008889 1388.888889 4159 1385.925603 44.349619
24.006536 1388.888889 4198 1399.228366 44.775308
24.007198 1388.888889 4230 1409.555673 45.105782
24.007696 1388.888889 4249 1415.716824 45.302938
24.007417 1388.888889 4106 1368.483220 43.791463
24.007023 1388.888889 4158 1385.942570 44.350162
24.005406 1388.888889 4142 1380.460066 44.174722
24.007080 1388.888889 4104 1367.859342 43.771499
24.005344 1388.888889 4076 1358.401365 43.468844
24.009019 1388.888889 4184 1394.324541 44.618385
24.008288 1388.888889 4199 1399.627379 44.788076
24.008658 1388.888889 4255 1418.084845 45.378715
24.009090 1388.888889 4226 1408.274509 45.064784
24.010512 1388.888889 4140 1379.248688 44.135958
24.004987 1388.888889 4246 1414.142107 45.252547
24.012178 1388.888889 4167 1388.587088 44.434787
24.012455 1388.888889 4181 1392.949704 44.574391
24.005435 1388.888889 4085 1361.215623 43.558900
27.010276 1388.888889 4158 1383.359912 44.267517
27.007560 1388.888889 4189 1396.083559 44.674674
27.005313 1388.888889 4283 1426.656549 45.653010
27.003601 1388.888889 4159 1386.022649 44.352725
27.003272 1388.888889 4132 1376.987701 44.063606
27.004327 1388.888889 4270 1423.308497 45.545872
27.005179 1388.888889 4241 1413.294963 45.225439
27.005012 1388.888889 4010 1336.613451 42.771630
27.008099 1388.888889 4173 1389.743991 44.471808
27.006996 1388.888889 4060 1352.631717 43.284215
27.004985 1388.888889 4152 1383.845061 44.283042
27.006191 1388.888889 4193 1397.491499 44.719728
27.012877 1388.888889 4133 1375.281543 44.009009
27.006561 1388.888889 4309 1436.321310 45.962282
27.009189 1388.888889 4215 1404.300950 44.937630
27.007350 1388.888889 4265 1421.111966 45.475583
27.009476 1388.888889 4129 1375.389406 44.012461
27.007565 1388.888889 4210 1402.324122 44.874372
27.007793 1388.888889 4241 1413.386443 45.228366
27.006276 1388.888889 4183 1393.900148 44.604805
27.007192 1388.888889 4039 1346.283292 43.081065
27.007291 1388.888889 4202 1400.474358 44.815179
27.009063 1388.888889 4103 1367.481851 43.759419
27.008383 1388.888889 4110 1369.956730 43.838615
27.010101 1388.888889 4172 1390.105225 44.483367
27.009293 1388.888889 4110 1369.875173 43.836006
27.012793 1388.888889 4241 1413.376614 45.228052
27.009100 1388.888889 4270 1423.328505 45.546512
27.011080 1388.888889 4215 1404.734075 44.951490
27.005546 1388.888889 4275 1424.734537 45.591505
27.013381 1388.888889 4180 1392.903572 44.572914
27.005812 1388.888889 4148 1382.493116 44.239780
#type       avg     std     min     5th    10th    90th    95th    99th
read      130.4   222.0    60.2    82.1    87.4   172.3   196.2   253.2
update    134.7   227.3    60.2    85.4    91.1   177.5   200.8   258.6
op_q        1.2     0.6     1.0     1.0     1.0     2.0     2.1     3.0

Total QPS = 99829.3 (2994879 / 30.0s)

Misses = 0 (0.0%)
Skipped TXs = 0 (0.0%)

RX  515921057 bytes :   16.4 MB/s
TX  331471359 bytes :   10.5 MB/s
