3.015815 62.500000 170 56.369500 1.803824
3.020134 62.500000 167 55.295554 1.769458
3.006025 62.500000 194 64.537056 2.065186
3.001540 62.500000 172 57.303915 1.833725
3.009219 62.500000 169 56.160754 1.797144
3.103766 62.500000 211 67.981919 2.175421
3.001895 62.500000 189 62.960224 2.014727
3.060673 62.500000 195 63.711478 2.038767
3.015981 62.500000 165 54.708569 1.750674
3.003480 62.500000 173 57.599843 1.843195
3.002041 62.500000 203 67.620671 2.163861
3.018345 62.500000 190 62.948407 2.014349
3.021684 62.500000 169 55.929070 1.789730
3.015131 62.500000 173 57.377275 1.836073
3.021500 62.500000 188 62.220742 1.991064
3.078043 62.500000 170 55.229897 1.767357
3.000829 62.500000 165 54.984808 1.759514
3.060339 62.500000 211 68.946621 2.206292
3.005667 62.500000 168 55.894410 1.788621
3.023672 62.500000 199 65.814019 2.106049
3.011847 62.500000 171 56.775792 1.816825
3.026908 62.500000 147 48.564406 1.554061
3.022983 62.500000 164 54.251053 1.736034
3.000661 62.500000 175 58.320479 1.866255
3.056324 62.500000 181 59.221477 1.895087
3.064186 62.500000 199 64.943830 2.078203
3.016835 62.500000 209 69.277899 2.216893
3.005644 62.500000 216 71.864810 2.299674
3.003213 62.500000 186 61.933674 1.981878
3.006618 62.500000 198 65.854723 2.107351
3.021882 62.500000 186 61.551042 1.969633
6.043476 62.500000 162 53.334192 1.706694
6.017103 62.500000 175 58.018593 1.856595
6.023942 62.500000 175 58.285907 1.865149
6.028457 62.500000 151 49.917735 1.597368
6.041591 62.500000 180 59.209537 1.894705
6.132372 62.500000 155 49.723457 1.591151
6.019964 62.500000 194 64.253240 2.056104
6.005613 62.500000 185 61.593326 1.970986
6.005579 62.500000 208 69.248310 2.215946
6.022160 62.500000 176 58.345908 1.867069
6.051602 62.500000 208 68.309068 2.185890
6.081141 62.500000 158 51.547055 1.649506
6.013917 62.500000 162 53.962759 1.726808
6.032955 62.500000 214 70.928103 2.269699
6.059910 62.500000 163 53.622378 1.715916
6.018060 62.500000 161 53.445470 1.710255
6.026481 62.500000 188 62.566635 2.002132
6.029034 62.500000 170 56.465480 1.806895
6.106970 62.500000 190 62.442817 1.998170
6.010389 62.500000 210 69.972697 2.239126
6.033286 62.500000 211 70.184134 2.245892
6.034074 62.500000 182 60.457040 1.934625
6.207328 62.500000 201 64.764301 2.072458
6.083783 62.500000 177 58.542497 1.873360
6.073110 62.500000 220 73.030580 2.336979
6.003749 62.500000 203 67.654563 2.164946
6.030741 62.500000 165 54.746230 1.751879
6.036650 62.500000 185 61.387010 1.964384
6.077711 62.500000 188 62.223062 1.991138
6.078422 62.500000 171 56.992799 1.823770
6.058472 62.500000 191 62.899507 2.012784
9.068844 62.500000 208 68.709163 2.198693
9.055488 62.500000 179 59.428721 1.901719
9.077281 62.500000 168 55.021715 1.760695
9.024060 62.500000 180 59.861188 1.915558
9.010725 62.500000 193 64.223887 2.055164
9.033366 62.500000 168 55.919245 1.789416
9.057818 62.500000 194 63.559902 2.033917
9.036058 62.500000 197 65.109582 2.083507
9.038012 62.500000 199 65.804820 2.105754
9.083146 62.500000 202 66.249673 2.119990
9.039258 62.500000 196 65.196353 2.086283
9.053210 62.500000 200 65.983724 2.111479
9.057489 62.500000 193 63.675183 2.037606
9.115386 62.500000 180 58.150403 1.860813
9.031465 62.500000 193 64.268892 2.056605
9.087203 62.500000 216 71.854821 2.299354
9.009805 62.500000 193 64.203748 2.054520
9.110826 62.500000 194 63.037361 2.017196
9.018549 62.500000 206 68.655479 2.196975
9.061442 62.500000 190 63.301007 2.025632
9.076095 62.500000 160 53.280306 1.704970
9.036914 62.500000 193 64.201232 2.054439
9.054340 62.500000 228 75.554477 2.417743
9.094222 62.500000 184 60.997623 1.951924
9.182813 62.500000 201 64.858999 2.075488
9.080434 62.500000 211 70.286209 2.249159
9.052357 62.500000 200 66.649896 2.132797
9.167222 62.500000 204 67.219129 2.151012
9.119576 62.500000 168 55.765678 1.784502
9.233853 62.500000 193 63.769497 2.040624
9.070343 62.500000 198 65.739871 2.103676
12.034854 125.000000 329 108.791674 3.481334
12.042831 125.000000 314 104.542169 3.345349
12.034730 125.000000 269 89.569198 2.866214
12.036687 125.000000 289 95.929555 3.069746
12.110975 125.000000 331 107.713646 3.446837
12.034314 125.000000 331 110.298491 3.529552
12.060028 125.000000 334 111.165076 3.557282
12.051994 125.000000 313 103.782052 3.321026
12.069407 125.000000 350 116.040198 3.713286
12.018290 125.000000 327 108.692561 3.478162
12.090428 125.000000 310 102.595198 3.283046
12.070092 125.000000 312 103.564916 3.314077
12.062766 125.000000 377 125.611216 4.019559
12.059022 125.000000 306 101.959064 3.262690
12.077332 125.000000 330 109.998143 3.519941
12.042624 125.000000 301 100.142725 3.204567
12.018734 125.000000 305 101.660368 3.253132
12.080766 125.000000 373 124.140085 3.972483
12.091298 125.000000 313 104.191118 3.334116
12.090371 125.000000 320 106.410385 3.405132
12.060611 125.000000 334 111.101085 3.555235
12.112510 125.000000 322 106.683003 3.413856
12.088719 125.000000 277 92.079025 2.946529
12.117610 125.000000 301 100.106941 3.203422
12.053487 125.000000 307 102.294777 3.273433
12.122992 125.000000 291 96.754674 3.096150
12.124983 125.000000 300 99.820108 3.194243
12.167711 125.000000 329 109.648828 3.508762
12.185996 125.000000 316 105.221692 3.367094
12.243627 125.000000 321 106.652553 3.412882
12.085583 125.000000 351 116.408644 3.725077
3.003197 62.500000 187 62.266980 1.992543
15.169942 125.000000 416 132.686394 4.245965
15.081225 125.000000 384 127.101941 4.067262
15.051651 125.000000 381 126.627721 4.052087
15.036772 125.000000 367 122.255173 3.912166
15.034604 125.000000 343 114.322285 3.658313
15.036997 125.000000 357 118.987710 3.807607
15.042807 125.000000 367 121.359538 3.883505
15.095720 125.000000 400 132.521069 4.240674
15.038468 125.000000 380 125.820401 4.026253
15.064740 125.000000 373 124.251592 3.976051
15.072930 125.000000 391 130.180450 4.165774
15.089249 125.000000 389 128.076144 4.098437
15.092170 125.000000 388 128.843528 4.122993
15.045207 125.000000 383 127.556854 4.081819
15.060873 125.000000 377 125.589198 4.018854
15.071086 125.000000 346 115.295132 3.689444
15.100013 125.000000 392 130.288178 4.169222
15.093278 125.000000 390 129.876597 4.156051
15.095910 125.000000 348 114.650994 3.668832
15.135534 125.000000 379 124.459663 3.982709
15.118223 125.000000 380 126.361370 4.043564
15.060486 125.000000 363 120.718385 3.862988
15.088909 125.000000 389 129.658439 4.149070
15.118822 125.000000 402 133.945874 4.286268
15.118320 125.000000 381 126.754505 4.056144
15.124143 125.000000 354 117.954771 3.774553
15.168137 125.000000 368 122.649237 3.924776
15.130563 125.000000 382 127.096907 4.067101
15.194372 125.000000 377 125.316792 4.010137
15.093453 125.000000 334 111.042020 3.553345
15.244835 125.000000 394 131.280451 4.200974
6.037287 62.500000 219 72.179788 2.309753
18.042034 125.000000 386 128.441370 4.110124
18.048274 125.000000 375 124.531904 3.985021
18.052846 125.000000 407 135.612647 4.339605
18.043832 125.000000 356 118.302750 3.785688
18.069766 125.000000 437 145.423029 4.653537
18.047397 125.000000 385 127.952511 4.094480
18.076311 125.000000 359 119.531939 3.825022
18.074382 125.000000 346 114.816298 3.674122
18.050507 125.000000 353 117.459140 3.758692
18.095489 125.000000 347 115.119335 3.683819
18.099033 125.000000 375 124.714719 3.990871
18.088537 125.000000 385 127.591139 4.082916
18.107836 125.000000 423 140.319076 4.490210
18.102690 125.000000 344 114.400879 3.660828
18.044321 125.000000 384 127.935431 4.093934
18.118374 125.000000 420 139.148358 4.452747
18.089390 125.000000 409 136.326927 4.362462
18.089531 125.000000 356 118.642090 3.796547
18.135410 125.000000 385 127.627663 4.084085
18.124498 125.000000 365 121.412682 3.885206
18.161197 125.000000 375 123.474920 3.951197
18.103002 125.000000 381 126.700481 4.054415
18.068307 125.000000 385 127.999630 4.095988
18.118984 125.000000 365 121.639751 3.892472
18.182796 125.000000 351 116.431073 3.725794
18.177358 125.000000 368 122.364195 3.915654
18.135971 125.000000 402 133.980488 4.287376
18.136075 125.000000 371 123.439891 3.950077
18.204618 125.000000 334 110.954384 3.550540
18.286181 125.000000 379 124.615894 3.987709
18.102890 125.000000 369 122.614305 3.923658
9.044199 62.500000 181 60.194642 1.926229
21.094108 125.000000 378 124.985873 3.999548
21.042173 125.000000 356 118.661178 3.797158
21.060334 125.000000 333 110.555551 3.537778
21.044676 125.000000 388 129.296951 4.137502
21.061156 125.000000 346 115.014725 3.680471
21.088519 125.000000 390 129.473144 4.143141
21.097788 125.000000 374 124.571177 3.986278
21.082262 125.000000 357 118.688227 3.798023
21.063458 125.000000 377 125.126512 4.004048
21.047678 125.000000 411 136.846859 4.379099
21.104171 125.000000 338 112.611080 3.603555
21.049412 125.000000 371 123.583647 3.954677
21.099272 125.000000 325 108.324679 3.466390
21.091455 125.000000 340 113.223194 3.623142
21.138753 125.000000 406 134.420203 4.301447
21.096833 125.000000 387 128.680753 4.117784
21.108020 125.000000 377 125.658963 4.021087
21.107902 125.000000 365 120.081802 3.842618
21.172993 125.000000 335 109.890293 3.516489
21.101871 125.000000 404 134.115018 4.291681
21.108526 125.000000 351 116.784954 3.737119
21.125170 125.000000 388 129.067197 4.130150
21.136298 125.000000 345 114.987487 3.679600
21.155531 125.000000 417 138.073939 4.418366
21.187311 125.000000 408 135.795636 4.345460
21.149718 125.000000 400 132.729681 4.247350
21.194657 125.000000 393 130.248936 4.167966
21.167287 125.000000 352 117.095624 3.747060
21.228330 125.000000 365 120.712562 3.862802
21.105195 125.000000 367 122.239395 3.911661
21.298011 125.000000 361 119.860662 3.835541
12.054089 125.000000 290 96.349037 3.083169
24.066394 125.000000 349 116.098830 3.715163
24.055805 125.000000 361 119.888621 3.836436
24.053280 125.000000 397 131.845167 4.219045
24.072661 125.000000 345 114.560666 3.665941
24.052339 125.000000 366 121.810737 3.897944
24.105194 125.000000 397 132.072629 4.226324
24.107251 125.000000 350 116.299831 3.721595
24.094751 125.000000 368 122.640381 3.924492
24.090317 125.000000 352 117.263060 3.752418
24.234612 125.000000 368 119.516182 3.824518
24.083749 125.000000 376 125.271253 4.008680
24.153775 125.000000 364 120.630556 3.860178
24.078827 125.000000 365 121.046551 3.873490
24.061330 125.000000 408 135.461847 4.334779
24.105298 125.000000 374 124.094068 3.971010
24.114025 125.000000 341 113.294534 3.625425
24.117499 125.000000 382 126.932275 4.061833
24.098749 125.000000 351 116.925327 3.741610
24.152972 125.000000 349 115.784570 3.705106
24.113265 125.000000 386 128.463745 4.110840
24.111467 125.000000 373 123.936904 3.965981
24.127721 125.000000 393 130.888721 4.188439
24.188933 125.000000 365 121.600912 3.891229
24.173892 125.000000 375 124.962586 3.998803
24.154612 125.000000 367 122.134112 3.908292
24.118936 125.000000 380 126.202484 4.038479
24.173584 125.000000 396 131.723487 4.215152
24.202811 125.000000 361 120.007147 3.840229
24.231045 125.000000 414 137.875234 4.412007
24.131160 125.000000 397 131.197854 4.198331
24.304929 125.000000 376 125.044997 4.001440
15.056098 125.000000 373 124.250133 3.976004
27.069226 125.000000 349 115.718280 3.702985
27.061057 125.000000 368 122.452277 3.918473
27.074771 125.000000 402 133.905816 4.284986
27.086620 125.000000 349 115.554264 3.697736
27.080790 125.000000 371 122.504860 3.920156
27.096924 125.000000 397 132.042527 4.225361
27.088043 125.000000 415 138.135634 4.420340
27.107908 125.000000 382 126.777334 4.056875
27.123276 125.000000 355 117.624366 3.763980
27.110555 125.000000 385 128.192165 4.102149
27.114729 125.000000 321 106.974886 3.423196
27.061423 125.000000 379 126.329437 4.042542
27.105322 125.000000 351 116.999075 3.743970
27.084681 125.000000 389 129.414117 4.141252
27.100646 125.000000 397 132.249686 4.231990
27.138142 125.000000 371 122.821532 3.930289
27.153512 125.000000 336 111.979843 3.583355
27.128491 125.000000 373 123.705451 3.958574
27.111814 125.000000 344 114.653372 3.668908
27.218961 125.000000 384 126.105480 4.035375
27.165580 125.000000 376 124.842105 3.994947
27.139429 125.000000 374 124.182016 3.973825
27.132366 125.000000 393 130.416171 4.173317
27.202319 125.000000 386 128.095128 4.099044
27.215717 125.000000 405 134.421712 4.301495
27.160098 125.000000 388 129.097253 4.131112
27.176296 125.000000 355 118.226482 3.783247
27.231786 125.000000 418 139.298909 4.457565
27.238956 125.000000 376 125.152094 4.004867
27.133798 125.000000 385 128.220549 4.103058
27.311631 125.000000 351 116.739184 3.735654
18.056729 125.000000 377 125.640258 4.020488
#type       avg     std     min     5th    10th    90th    95th    99th
read       62.3    10.1    41.1    51.5    53.4    73.7    79.9   102.5
update     65.9    11.7    45.3    55.2    56.1    78.2    85.1   108.1
op_q        1.0     0.0     1.0     1.0     1.0     1.1     1.1     1.1

Total QPS = 66343.8 (1990315 / 30.0s)

Misses = 0 (0.0%)
Skipped TXs = 0 (0.0%)

RX  340820931 bytes :   10.8 MB/s
TX  219914390 bytes :    7.0 MB/s
