3.000457 312.500000 942 313.952211 10.046471
3.002032 312.500000 968 322.448234 10.318343
3.033181 312.500000 846 278.915121 8.925284
3.003459 312.500000 910 302.983999 9.695488
3.002868 312.500000 918 305.707693 9.782646
3.003352 312.500000 968 322.306578 10.313811
3.002009 312.500000 897 298.799910 9.561597
3.008740 312.500000 932 309.764258 9.912456
3.001969 312.500000 994 331.116017 10.595713
3.004425 312.500000 991 329.846823 10.555098
3.009122 312.500000 923 306.734042 9.815489
3.001064 312.500000 884 294.562150 9.425989
3.000718 312.500000 907 302.261027 9.672353
3.003136 312.500000 927 308.677319 9.877674
3.003932 312.500000 973 323.908749 10.365080
3.000418 312.500000 918 305.957335 9.790635
3.000712 312.500000 986 328.588672 10.514837
3.001141 312.500000 917 305.550428 9.777614
3.000408 312.500000 900 299.959207 9.598695
3.003264 312.500000 995 331.306207 10.601799
3.028910 312.500000 917 302.749169 9.687973
3.000303 312.500000 980 326.633731 10.452279
3.000889 312.500000 1003 334.234287 10.695497
3.001636 312.500000 915 304.833725 9.754679
3.003640 312.500000 922 306.960883 9.822748
3.003962 312.500000 925 307.926652 9.853653
3.001027 312.500000 985 328.220933 10.503070
3.002291 312.500000 936 311.761921 9.976381
3.002552 312.500000 958 319.061927 10.209982
3.002679 312.500000 906 301.730582 9.655379
3.000999 312.500000 858 285.904815 9.148954
3.000721 312.500000 978 325.921724 10.429495
6.052313 312.500000 947 310.588691 9.938838
6.006545 312.500000 970 322.840921 10.330909
6.000863 312.500000 891 296.954999 9.502560
6.009318 312.500000 930 309.208224 9.894663
6.004848 312.500000 934 311.128009 9.956096
6.001833 312.500000 901 300.238836 9.607643
6.006302 312.500000 899 299.144357 9.572619
6.006687 312.500000 882 293.457516 9.390641
6.002213 312.500000 908 302.646094 9.684675
6.001480 312.500000 903 300.897337 9.628715
6.005570 312.500000 919 306.216416 9.798925
6.007057 312.500000 969 322.318258 10.314184
6.006163 312.500000 949 315.898332 10.108747
6.006552 312.500000 896 298.406092 9.548995
6.005917 312.500000 891 296.486199 9.487558
6.003829 312.500000 969 322.960134 10.334724
6.005825 312.500000 944 314.100542 10.051217
6.000643 312.500000 998 332.628968 10.644127
6.004370 312.500000 933 310.872157 9.947909
6.004293 312.500000 962 320.631332 10.260203
6.009658 312.500000 926 308.611472 9.875567
6.002561 312.500000 969 322.834987 10.330720
6.003822 312.500000 878 292.648935 9.364766
6.010296 312.500000 903 300.304817 9.609754
6.009609 312.500000 910 302.621428 9.683886
6.005519 312.500000 963 320.654953 10.260958
6.008996 312.500000 889 296.307990 9.481856
6.003291 312.500000 922 307.270660 9.832661
6.033540 312.500000 942 313.962366 10.046796
6.001406 312.500000 992 330.621739 10.579896
6.029043 312.500000 1036 345.318059 11.050178
6.003556 312.500000 899 299.383701 9.580278
9.007457 312.500000 977 325.019138 10.400612
9.010120 312.500000 930 309.917232 9.917351
9.009730 312.500000 942 313.215144 10.022885
9.011846 312.500000 961 319.478794 10.223321
9.013214 312.500000 980 325.327266 10.410473
9.007508 312.500000 939 312.834035 10.010689
9.000664 312.500000 948 315.997789 10.111929
9.007748 312.500000 920 306.370518 9.803857
9.016476 312.500000 972 322.639896 10.324477
9.007644 312.500000 889 296.128641 9.476116
9.008394 312.500000 926 308.253224 9.864103
9.007126 312.500000 874 291.277657 9.320885
9.010058 312.500000 924 307.157931 9.829054
9.008269 312.500000 939 312.873601 10.011955
9.018620 312.500000 906 300.803531 9.625713
9.013308 312.500000 888 295.310441 9.449934
9.015665 312.500000 913 303.372489 9.707920
9.006638 312.500000 969 322.989991 10.335680
9.012115 312.500000 942 313.343049 10.026978
9.011299 312.500000 937 311.605644 9.971381
9.011494 312.500000 957 318.804939 10.201758
9.003894 312.500000 957 318.858251 10.203464
9.010005 312.500000 918 305.897144 9.788709
9.005989 312.500000 928 309.284907 9.897117
9.004422 312.500000 911 303.552168 9.713669
9.010304 312.500000 959 319.665893 10.229309
9.009629 312.500000 902 300.664720 9.621271
9.002734 312.500000 939 312.861542 10.011569
9.030467 312.500000 967 322.180324 10.309770
9.035823 312.500000 935 311.429750 9.965752
9.054688 312.500000 862 287.106033 9.187393
9.004449 312.500000 896 298.577819 9.554490
12.016192 312.500000 881 292.832322 9.370634
12.016128 312.500000 935 310.852407 9.947277
12.006439 312.500000 953 317.056276 10.145801
12.023630 312.500000 966 320.372913 10.251933
12.017040 312.500000 992 330.255827 10.568186
12.010260 312.500000 977 325.326773 10.410457
12.013224 312.500000 974 324.546759 10.385496
12.009735 312.500000 882 293.999584 9.407987
12.006782 312.500000 995 331.650730 10.612823
12.010236 312.500000 931 310.321305 9.930282
12.014980 312.500000 976 325.141970 10.404543
12.008995 312.500000 965 321.501859 10.288059
12.015602 312.500000 931 309.522984 9.904735
12.011218 312.500000 974 324.265648 10.376501
12.017328 312.500000 941 312.902906 10.012893
12.010857 312.500000 931 310.250646 9.928021
12.014085 312.500000 911 303.404610 9.708948
12.014017 312.500000 999 332.759160 10.648293
12.009344 312.500000 920 306.324043 9.802369
12.013008 312.500000 943 314.154380 10.052940
12.003923 312.500000 910 303.330406 9.706573
12.020070 312.500000 1017 338.594301 10.835018
12.011193 312.500000 967 322.237768 10.311609
12.026914 312.500000 993 329.763446 10.552430
12.021116 312.500000 933 310.741450 9.943726
12.004666 312.500000 934 311.308086 9.961859
12.009783 312.500000 883 294.318239 9.418184
12.056642 312.500000 941 311.504894 9.968157
12.011093 312.500000 969 322.102524 10.307281
12.039072 312.500000 885 294.156326 9.413002
12.056701 312.500000 871 290.138610 9.284436
12.007261 312.500000 924 307.711557 9.846770
15.013746 312.500000 954 317.944687 10.174230
15.011436 312.500000 895 297.871258 9.531880
15.014753 312.500000 962 319.780412 10.232973
15.019627 312.500000 929 308.702780 9.878489
15.012132 312.500000 977 325.326523 10.410449
15.007121 312.500000 888 295.684867 9.461916
15.017119 312.500000 944 314.562735 10.066008
15.013259 312.500000 911 303.423768 9.709561
15.015778 312.500000 929 309.485005 9.903520
15.015395 312.500000 959 319.622437 10.227918
15.016259 312.500000 931 310.265383 9.928492
15.011817 312.500000 922 307.120110 9.827844
15.012990 312.500000 990 329.805174 10.553766
15.011080 312.500000 936 311.912263 9.981192
15.021504 312.500000 911 302.809108 9.689891
15.016824 312.500000 894 297.937231 9.533991
15.015838 312.500000 865 288.164881 9.221276
15.021840 312.500000 830 276.224700 8.839190
15.009800 312.500000 962 320.118829 10.243803
15.014118 312.500000 937 311.837128 9.978788
15.011978 312.500000 1015 338.244922 10.823838
15.010575 312.500000 911 303.586515 9.714768
15.023757 312.500000 956 318.653147 10.196901
15.017762 312.500000 932 310.621675 9.939894
15.025295 312.500000 955 317.779950 10.168958
15.027725 312.500000 944 313.974930 10.047198
15.012472 312.500000 969 322.851626 10.331252
15.030193 312.500000 986 328.307823 10.505850
15.039849 312.500000 911 303.587998 9.714816
15.057133 312.500000 943 314.288108 10.057219
15.063520 312.500000 950 315.942262 10.110152
15.007584 312.500000 963 320.965466 10.270895
18.013294 312.500000 933 310.879531 9.948145
18.021264 312.500000 972 323.552969 10.353695
18.020483 312.500000 899 299.301610 9.577652
18.012118 312.500000 981 326.925617 10.461620
18.013477 312.500000 924 307.846104 9.851075
18.011493 312.500000 904 301.291816 9.641338
18.017572 312.500000 897 298.544054 9.553410
18.017504 312.500000 915 304.873521 9.755953
18.010613 312.500000 906 301.996123 9.663876
18.014649 312.500000 907 302.048218 9.665543
18.015387 312.500000 882 293.791606 9.401331
18.022440 312.500000 960 319.075310 10.210410
18.015473 312.500000 998 332.658023 10.645057
18.017352 312.500000 931 310.064767 9.922073
18.017548 312.500000 941 313.488042 10.031617
18.018367 312.500000 956 317.476569 10.159250
18.023925 312.500000 871 289.917974 9.277375
18.022447 312.500000 955 318.233241 10.183464
18.021429 312.500000 976 324.542435 10.385358
18.018677 312.500000 930 309.700806 9.910426
18.023220 312.500000 924 307.858396 9.851469
18.028088 312.500000 948 315.706029 10.102593
18.018241 312.500000 964 321.282062 10.281026
18.013869 312.500000 903 300.592237 9.618952
18.024029 312.500000 838 279.308025 8.937857
18.028793 312.500000 907 302.225800 9.671226
18.033756 312.500000 982 326.945099 10.462243
18.016202 312.500000 953 317.272152 10.152709
18.041330 312.500000 952 317.176759 10.149656
18.059081 312.500000 925 308.133216 9.860263
18.064825 312.500000 949 316.195805 10.118266
18.010046 312.500000 898 299.087875 9.570812
21.014627 312.500000 891 296.690033 9.494081
21.021101 312.500000 941 313.367912 10.027773
21.012433 312.500000 894 297.968751 9.535000
21.015520 312.500000 950 316.652649 10.132885
21.018590 312.500000 956 318.535194 10.193126
21.017493 312.500000 979 326.024241 10.432776
21.015148 312.500000 997 332.128108 10.628099
21.019888 312.500000 974 324.189492 10.374064
21.028988 312.500000 1009 335.050796 10.721625
21.029620 312.500000 928 309.248062 9.895938
21.020229 312.500000 952 317.052550 10.145682
21.018231 312.500000 885 294.932854 9.437851
21.022233 312.500000 949 315.412737 10.093208
21.021770 312.500000 940 313.280459 10.024975
21.022495 312.500000 974 323.385894 10.348349
21.034135 312.500000 900 298.982436 9.567438
21.021539 312.500000 886 295.229424 9.447342
21.029342 312.500000 996 331.237886 10.599612
21.026966 312.500000 959 319.267979 10.216575
21.019056 312.500000 886 295.295951 9.449470
21.028234 312.500000 973 323.879384 10.364140
21.024061 312.500000 898 299.172377 9.573516
21.029050 312.500000 923 307.568039 9.842177
21.015464 312.500000 960 319.829935 10.234558
21.018524 312.500000 935 311.650273 9.972809
21.021458 312.500000 996 331.996746 10.623896
21.017828 312.500000 953 317.494576 10.159826
21.037364 312.500000 941 313.289882 10.025276
21.041530 312.500000 917 305.646326 9.780682
21.080370 312.500000 949 314.104305 10.051338
21.065650 312.500000 892 297.251668 9.512053
21.010469 312.500000 959 319.621595 10.227891
24.020943 312.500000 934 311.259201 9.960294
24.024972 312.500000 881 293.169832 9.381435
24.016707 312.500000 972 323.831654 10.362613
24.016555 312.500000 933 310.800316 9.945610
24.027479 312.500000 945 314.946094 10.078275
24.019774 312.500000 868 289.184586 9.253907
24.025246 312.500000 940 312.688218 10.006023
24.018657 312.500000 920 306.547720 9.809527
24.012499 312.500000 918 305.993237 9.791784
24.040013 312.500000 894 296.834518 9.498705
24.017191 312.500000 922 307.162185 9.829190
24.024419 312.500000 946 315.055151 10.081765
24.024747 312.500000 904 300.716168 9.622917
24.021849 312.500000 971 323.633216 10.356263
24.031399 312.500000 937 312.082511 9.986640
24.027870 312.500000 954 317.284080 10.153091
24.037462 312.500000 915 303.459616 9.710708
24.031322 312.500000 885 294.805394 9.433773
24.018749 312.500000 966 321.647850 10.292731
24.030181 312.500000 947 315.607627 10.099444
24.025029 312.500000 1023 340.890027 10.908481
24.029049 312.500000 907 301.674220 9.653575
24.027078 312.500000 958 318.425408 10.189613
24.029117 312.500000 879 292.993479 9.375791
24.022404 312.500000 1003 334.227972 10.695295
24.034438 312.500000 896 298.636574 9.556370
24.037374 312.500000 909 302.999024 9.695969
24.042688 312.500000 1010 336.536794 10.769177
24.019136 312.500000 997 332.188564 10.630034
24.067212 312.500000 967 322.165575 10.309298
24.088113 312.500000 935 310.864403 9.947661
24.012213 312.500000 958 319.147752 10.212728
27.029698 312.500000 953 317.605099 10.163363
27.026741 312.500000 990 328.883362 10.524268
27.012574 312.500000 983 327.658510 10.485072
27.026964 312.500000 952 316.252136 10.120068
27.034394 312.500000 982 326.998521 10.463953
27.024567 312.500000 922 307.318187 9.834182
27.022253 312.500000 903 300.492950 9.615774
27.020418 312.500000 929 309.600174 9.907206
27.019541 312.500000 927 308.909051 9.885090
27.022858 312.500000 875 291.568617 9.330196
27.024326 312.500000 912 303.657592 9.717043
27.036526 312.500000 943 313.127442 10.020078
27.037745 312.500000 980 325.257458 10.408239
27.028062 312.500000 927 308.940000 9.886080
27.031589 312.500000 976 324.340321 10.378890
27.039928 312.500000 884 294.128380 9.412108
27.030886 312.500000 947 315.592539 10.098961
27.039127 312.500000 870 288.664294 9.237257
27.033686 312.500000 928 308.653517 9.876913
27.032447 312.500000 932 310.558116 9.937860
27.026295 312.500000 926 308.536420 9.873165
27.028185 312.500000 949 316.300173 10.121606
27.022933 312.500000 885 294.589132 9.426852
27.033655 312.500000 921 306.529414 9.808941
27.041218 312.500000 932 310.269018 9.928609
27.055657 312.500000 1000 331.604142 10.611333
27.038401 312.500000 958 319.233394 10.215469
27.044302 312.500000 931 310.166432 9.925326
27.020383 312.500000 928 309.204721 9.894551
27.079206 312.500000 926 307.437536 9.838001
27.094163 312.500000 955 317.692671 10.166165
27.015053 312.500000 908 302.380438 9.676174
#type       avg     std     min     5th    10th    90th    95th    99th
read      106.3    97.1    49.8    63.9    67.9   156.9   177.9   217.7
update    110.3    92.5    49.8    67.5    71.5   161.5   182.2   223.1
op_q        1.0     0.2     1.0     1.0     1.0     1.1     1.1     2.1

Total QPS = 19899.2 (596975 / 30.0s)

Misses = 0 (0.0%)
Skipped TXs = 0 (0.0%)

RX  103709648 bytes :    3.3 MB/s
TX   66442641 bytes :    2.1 MB/s
