3.001541 4687.500000 13811 4601.303208 147.241703
3.000378 4687.500000 13907 4635.082174 148.322630
3.000441 4687.500000 13941 4646.317349 148.682155
3.000008 4687.500000 14021 4673.654031 149.556929
3.000015 4687.500000 13923 4640.976180 148.511238
3.000637 4687.500000 13845 4614.020224 147.648647
3.000011 4687.500000 14156 4718.649895 150.996797
3.000053 4687.500000 14137 4712.250405 150.792013
3.000126 4687.500000 13939 4646.137653 148.676405
3.000064 4687.500000 13871 4623.568129 147.954180
3.000056 4687.500000 13974 4657.913572 149.053234
3.000162 4687.500000 13877 4625.417425 148.013358
3.000070 4687.500000 14121 4706.890321 150.620490
3.000315 4687.500000 13852 4616.849128 147.739172
3.000027 4687.500000 14046 4681.958294 149.822665
3.000107 4687.500000 14200 4733.163936 151.461246
3.001013 4687.500000 14350 4781.718599 153.014995
3.000180 4687.500000 14183 4727.383611 151.276276
3.000116 4687.500000 14221 4740.150792 151.684825
3.000318 4687.500000 13964 4654.172586 148.933523
3.000070 4687.500000 14385 4794.888479 153.436431
3.000087 4687.500000 14127 4708.863267 150.683625
3.000188 4687.500000 14151 4716.703861 150.934524
3.000019 4687.500000 14027 4675.636480 149.620367
3.000566 4687.500000 14124 4707.112487 150.627600
3.000214 4687.500000 14103 4700.665428 150.421294
3.000046 4687.500000 14012 4670.594664 149.459029
3.000214 4687.500000 13930 4643.001851 148.576059
3.000039 4687.500000 14073 4690.939732 150.110071
3.000379 4687.500000 14017 4671.742486 149.495760
3.000125 4687.500000 13965 4654.805512 148.953776
3.000150 4687.500000 13992 4663.766381 149.240524
6.000047 4687.500000 14287 4762.319436 152.394222
6.000408 4687.500000 13768 4588.722395 146.839117
6.000163 4687.500000 13904 4634.512877 148.304412
6.000071 4687.500000 14180 4726.642539 151.252561
6.000092 4687.500000 14094 4697.898195 150.332742
6.000451 4687.500000 14042 4680.454246 149.774536
6.000325 4687.500000 13904 4634.329707 148.298551
6.000066 4687.500000 13922 4640.587985 148.498816
6.000173 4687.500000 14306 4768.575663 152.594421
6.000389 4687.500000 14019 4672.475737 149.519224
6.000030 4687.500000 14181 4726.982497 151.263440
6.000147 4687.500000 14053 4684.120481 149.891855
6.000669 4687.500000 14240 4745.719231 151.863015
6.000286 4687.500000 13956 4651.806556 148.857810
6.000393 4687.500000 14046 4681.584239 149.810696
6.000388 4687.500000 14000 4666.651491 149.332848
6.000196 4687.500000 13878 4625.831380 148.026604
6.000375 4687.500000 14002 4667.245216 149.351847
6.000373 4687.500000 14082 4693.751268 150.200041
6.002303 4687.500000 14077 4689.728673 150.071318
6.000886 4687.500000 13919 4638.588090 148.434819
6.000352 4687.500000 14393 4797.444967 153.518239
6.000379 4687.500000 14195 4731.141915 151.396541
6.000536 4687.500000 14062 4687.088438 149.986830
6.000234 4687.500000 13884 4627.916113 148.093316
6.000093 4687.500000 14008 4669.296593 149.417491
6.001046 4687.500000 14109 4702.051688 150.465654
6.001175 4687.500000 13973 4657.414762 149.037272
6.001350 4687.500000 14252 4749.425109 151.981603
6.001644 4687.500000 13907 4635.506784 148.336217
6.000271 4687.500000 14054 4684.439373 149.902060
6.000434 4687.500000 13993 4663.891678 149.244534
9.000784 4687.500000 13984 4660.479041 149.135329
9.000526 4687.500000 13718 4572.089244 146.306856
9.000435 4687.500000 13976 4658.596053 149.075074
9.000358 4687.500000 13878 4625.715114 148.022884
9.000151 4687.500000 14174 4724.573327 151.186346
9.000834 4687.500000 14022 4672.810782 149.529945
9.000114 4687.500000 13958 4652.536921 148.881181
9.000282 4687.500000 14034 4677.663486 149.685232
9.000430 4687.500000 14223 4740.934264 151.709896
9.001153 4687.500000 14245 4747.102924 151.907294
9.000318 4687.500000 14122 4707.284169 150.633093
9.000334 4687.500000 14017 4672.320495 149.514256
9.000514 4687.500000 14194 4731.142738 151.396568
9.000101 4687.500000 13953 4650.987622 148.831604
9.000170 4687.500000 14070 4689.808616 150.073876
9.001540 4687.500000 14238 4744.622841 151.827931
9.001619 4687.500000 14201 4731.958073 151.422658
9.000587 4687.500000 14169 4722.333054 151.114658
9.000486 4687.500000 14340 4779.943832 152.958203
9.000871 4687.500000 14187 4727.936388 151.293964
9.000404 4687.500000 13950 4649.951793 148.798457
9.000437 4687.500000 14066 4688.533352 150.033067
9.003220 4687.500000 14114 4700.260745 150.408344
9.001532 4687.500000 13776 4591.256606 146.920211
9.001213 4687.500000 14003 4667.608430 149.363470
9.000648 4687.500000 14153 4717.244390 150.951820
9.003539 4687.500000 14263 4752.375997 152.076032
9.001377 4687.500000 14025 4674.235237 149.575528
9.001495 4687.500000 14182 4727.104105 151.267331
9.000744 4687.500000 13901 4632.936138 148.253956
9.001668 4687.500000 14105 4701.629136 150.452132
9.000785 4687.500000 14183 4727.113561 151.267634
12.000424 4687.500000 14176 4724.845054 151.195042
12.000473 4687.500000 13989 4662.499421 149.199981
12.000334 4687.500000 14103 4700.999681 150.431990
12.000601 4687.500000 13948 4648.839112 148.762852
12.000610 4687.500000 14379 4792.801641 153.369653
12.000716 4687.500000 13910 4636.467148 148.366949
12.000457 4687.500000 13975 4657.887512 149.052400
12.000616 4687.500000 14248 4749.047398 151.969517
12.000671 4687.500000 14255 4751.283647 152.041077
12.000855 4687.500000 13966 4654.804412 148.953741
12.000576 4687.500000 14089 4695.991471 150.271727
12.000519 4687.500000 14103 4700.872825 150.427930
12.000461 4687.500000 14242 4746.764709 151.896471
12.000548 4687.500000 14011 4670.298902 149.449565
12.001538 4687.500000 14100 4699.396058 150.380674
12.000449 4687.500000 14214 4737.793061 151.609378
12.001071 4687.500000 14285 4761.291999 152.361344
12.001084 4687.500000 13897 4632.004949 148.224158
12.000863 4687.500000 13999 4666.210636 149.318740
12.001718 4687.500000 14392 4797.035887 153.505148
12.001259 4687.500000 14166 4721.926620 151.101652
12.000697 4687.500000 14151 4716.921486 150.941488
12.002569 4687.500000 14074 4689.723367 150.071148
12.000688 4687.500000 14085 4694.556065 150.225794
12.001933 4687.500000 14139 4712.312457 150.793999
12.001699 4687.500000 14109 4702.951457 150.494447
12.001669 4687.500000 14099 4699.589320 150.386858
12.001641 4687.500000 14124 4707.586037 150.642753
12.001819 4687.500000 14001 4665.328052 149.290498
12.003285 4687.500000 14324 4774.562001 152.785984
12.003734 4687.500000 14156 4718.358923 150.987486
12.000875 4687.500000 14097 4698.859113 150.363492
15.001300 4687.500000 13890 4628.687330 148.117995
15.000696 4687.500000 14077 4692.101189 150.147238
15.000337 4687.500000 14111 4703.661325 150.517162
15.000736 4687.500000 14142 4713.810373 150.841932
15.000607 4687.500000 14085 4694.991040 150.239713
15.000764 4687.500000 13988 4662.523370 149.200748
15.000593 4687.500000 13960 4653.072177 148.898310
15.000644 4687.500000 14214 4737.703965 151.606527
15.000717 4687.500000 13924 4641.168686 148.517398
15.000872 4687.500000 13858 4618.718479 147.798991
15.000866 4687.500000 14058 4685.995650 149.951861
15.001501 4687.500000 14173 4723.952829 151.166491
15.000918 4687.500000 13974 4657.901956 149.052863
15.000855 4687.500000 13997 4665.053293 149.281705
15.000690 4687.500000 13957 4652.156609 148.869011
15.000787 4687.500000 14233 4744.221389 151.815084
15.001115 4687.500000 13932 4643.930486 148.605776
15.000671 4687.500000 14189 4729.425780 151.341625
15.001072 4687.500000 14179 4725.729107 151.223331
15.001850 4687.500000 14280 4759.505140 152.304164
15.001089 4687.500000 14015 4671.659349 149.493099
15.001734 4687.500000 13778 4592.642021 146.964545
15.000986 4687.500000 13953 4650.552768 148.817689
15.001754 4687.500000 14043 4680.913983 149.789247
15.001680 4687.500000 14008 4669.315368 149.418092
15.003401 4687.500000 14370 4789.815648 153.274101
15.002391 4687.500000 14041 4679.618820 149.747802
15.002640 4687.500000 14113 4704.222930 150.535134
15.001885 4687.500000 14180 4726.282229 151.241031
15.003909 4687.500000 14310 4769.721828 152.631098
15.001879 4687.500000 13975 4658.240269 149.063689
15.000901 4687.500000 14098 4699.292490 150.377360
18.000752 4687.500000 14062 4687.308209 149.993863
18.000641 4687.500000 14045 4681.612917 149.811613
18.000713 4687.500000 13745 4581.641518 146.612529
18.001498 4687.500000 14058 4685.023351 149.920747
18.000780 4687.500000 13888 4629.044576 148.129426
18.000877 4687.500000 13952 4650.490632 148.815700
18.001087 4687.500000 14026 4674.865896 149.595709
18.000739 4687.500000 14070 4689.965598 150.078899
18.000921 4687.500000 14237 4745.660949 151.861150
18.000759 4687.500000 14046 4681.863093 149.819619
18.000362 4687.500000 13909 4636.295754 148.361464
18.000849 4687.500000 14066 4688.418606 150.029395
18.000888 4687.500000 14129 4709.631380 150.708204
18.001189 4687.500000 14273 4757.479884 152.239356
18.002726 4687.500000 14074 4690.810157 150.105925
18.001117 4687.500000 13887 4628.956571 148.126610
18.001148 4687.500000 14457 4818.948250 154.206344
18.001044 4687.500000 13930 4643.040978 148.577311
18.000834 4687.500000 14127 4708.703063 150.678498
18.001677 4687.500000 14073 4690.724796 150.103193
18.001318 4687.500000 13897 4632.305076 148.233762
18.002051 4687.500000 14014 4670.838953 149.466847
18.001813 4687.500000 13959 4652.908735 148.893080
18.003850 4687.500000 14099 4696.535391 150.289133
18.001083 4687.500000 14228 4742.513660 151.760437
18.001700 4687.500000 14115 4704.969492 150.559024
18.002284 4687.500000 14130 4709.373147 150.699941
18.002653 4687.500000 14174 4724.646435 151.188686
18.003448 4687.500000 13958 4652.594260 148.883016
18.004405 4687.500000 13836 4611.238030 147.559617
18.002007 4687.500000 13917 4638.802498 148.441680
18.000936 4687.500000 14077 4692.279982 150.152959
21.000611 4687.500000 14454 4817.600366 154.163212
21.000939 4687.500000 14180 4726.415117 151.245284
21.001533 4687.500000 14013 4669.785330 149.433131
21.000773 4687.500000 14318 4772.612213 152.723591
21.001149 4687.500000 13927 4642.283558 148.553074
21.000648 4687.500000 13959 4652.988871 148.895644
21.000908 4687.500000 14369 4789.355083 153.259363
21.001013 4687.500000 14003 4667.472372 149.359116
21.001737 4687.500000 14038 4677.992918 149.695773
21.001052 4687.500000 13895 4631.213924 148.198846
21.000924 4687.500000 14180 4726.661684 151.253174
21.001983 4687.500000 14091 4696.240968 150.279711
21.000915 4687.500000 13810 4603.208209 147.302663
21.000860 4687.500000 13919 4639.649761 148.468792
21.002094 4687.500000 13980 4659.352252 149.099272
21.001552 4687.500000 14069 4689.034313 150.049098
21.001399 4687.500000 13882 4626.852635 148.059284
21.001504 4687.500000 14054 4684.376205 149.900039
21.002052 4687.500000 14236 4744.956590 151.838611
21.001224 4687.500000 14108 4702.384858 150.476315
21.001233 4687.500000 13724 4574.437657 146.382005
21.001836 4687.500000 14115 4704.785788 150.553145
21.002582 4687.500000 14046 4681.172245 149.797512
21.001328 4687.500000 13994 4664.450472 149.262415
21.002695 4687.500000 13989 4662.934052 149.213890
21.002291 4687.500000 14179 4726.322784 151.242329
21.003039 4687.500000 14298 4765.502336 152.496075
21.003488 4687.500000 13853 4617.604482 147.763343
21.002687 4687.500000 14040 4678.939390 149.726060
21.003864 4687.500000 14026 4675.311761 149.609976
21.004460 4687.500000 13895 4631.582707 148.210647
21.001031 4687.500000 14058 4685.850705 149.947223
24.000895 4687.500000 14117 4705.220978 150.567071
24.000782 4687.500000 14018 4672.458563 149.518674
24.001078 4687.500000 14184 4727.782106 151.289027
24.000989 4687.500000 14272 4757.231099 152.231395
24.000975 4687.500000 13896 4631.907164 148.221029
24.001419 4687.500000 13928 4641.800840 148.537627
24.000925 4687.500000 13955 4651.640261 148.852488
24.001080 4687.500000 13969 4656.229087 148.999331
24.000871 4687.500000 14059 4686.180349 149.957771
24.001419 4687.500000 14180 4726.634522 151.252305
24.001777 4687.500000 13985 4660.690917 149.142109
24.001111 4687.500000 14292 4763.907655 152.445045
24.001569 4687.500000 14029 4676.306572 149.641810
24.002242 4687.500000 13882 4627.105510 148.067376
24.002033 4687.500000 14081 4693.587981 150.194815
24.001908 4687.500000 14011 4670.067650 149.442165
24.001589 4687.500000 14093 4697.533501 150.321072
24.001582 4687.500000 13943 4647.589750 148.722872
24.002798 4687.500000 13906 4634.998598 148.319955
24.001346 4687.500000 14375 4791.638154 153.332421
24.001260 4687.500000 14112 4703.943530 150.526193
24.003541 4687.500000 14098 4698.008885 150.336284
24.002180 4687.500000 14116 4705.132342 150.564235
24.002798 4687.500000 13843 4612.855333 147.611371
24.002292 4687.500000 14276 4758.665183 152.277286
24.001234 4687.500000 13902 4633.997820 148.287930
24.003041 4687.500000 14289 4762.997319 152.415914
24.003495 4687.500000 14131 4710.321989 150.730304
24.004111 4687.500000 14277 4758.607705 152.275447
24.002692 4687.500000 14171 4723.658842 151.157083
24.004765 4687.500000 14311 4769.848496 152.635152
24.001187 4687.500000 14139 4712.754629 150.808148
27.001236 4687.500000 14232 4743.281653 151.785013
27.001149 4687.500000 13937 4645.556597 148.657811
27.001495 4687.500000 14331 4776.340217 152.842887
27.001526 4687.500000 14066 4688.499178 150.031974
27.001121 4687.500000 14089 4695.978659 150.271317
27.000924 4687.500000 14121 4706.916215 150.621319
27.001999 4687.500000 14118 4704.606117 150.547396
27.000941 4687.500000 14072 4690.641398 150.100525
27.001718 4687.500000 14154 4716.854399 150.939341
27.001102 4687.500000 14002 4667.135439 149.348334
27.001303 4687.500000 14078 4692.598988 150.163168
27.002387 4687.500000 13858 4619.186652 147.813973
27.001655 4687.500000 14262 4753.895296 152.124649
27.001782 4687.500000 13994 4664.659585 149.269107
27.002146 4687.500000 14150 4716.488601 150.927635
27.001698 4687.500000 14216 4738.226149 151.623237
27.001620 4687.500000 14119 4706.274414 150.600781
27.002494 4687.500000 14177 4725.268682 151.208598
27.001328 4687.500000 14042 4680.520551 149.776658
27.002072 4687.500000 14028 4675.743858 149.623803
27.001876 4687.500000 14054 4683.838759 149.882840
27.001627 4687.500000 14188 4729.242094 151.335747
27.002275 4687.500000 13978 4659.185836 149.093947
27.002856 4687.500000 14208 4735.908479 151.549071
27.004254 4687.500000 14030 4675.484231 149.615495
27.002859 4687.500000 14313 4770.902614 152.668884
27.003136 4687.500000 14205 4734.850230 151.515207
27.003936 4687.500000 14112 4703.380356 150.508171
27.005382 4687.500000 14012 4668.689712 149.398071
27.002799 4687.500000 14226 4741.830552 151.738578
27.005153 4687.500000 14124 4707.390842 150.636507
27.002886 4687.500000 13981 4657.695863 149.046268
#type       avg     std     min     5th    10th    90th    95th    99th
read     1259.2   433.3    97.0   817.7   862.4  1571.0  1645.5  2121.9
update   1258.2   413.0    97.0   817.7   862.5  1571.2  1645.2  2120.4
op_q        7.8     3.5     1.0     3.0     3.9    12.3    13.1    16.9

Total QPS = 300121.9 (9003657 / 30.0s)

Misses = 0 (0.0%)
Skipped TXs = 0 (0.0%)

RX 1554611224 bytes :   49.4 MB/s
TX  996304394 bytes :   31.7 MB/s
