3.000363 555.555556 1620 539.934697 17.277910
3.000688 555.555556 1716 571.868831 18.299803
3.000135 555.555556 1607 535.642642 17.140565
3.000422 555.555556 1641 546.923104 17.501539
3.000650 555.555556 1691 563.544591 18.033427
3.000293 555.555556 1633 544.280104 17.416963
3.001335 555.555556 1689 562.749595 18.007987
3.003127 555.555556 1668 555.420996 17.773472
3.001102 555.555556 1705 568.124650 18.179989
3.001835 555.555556 1667 555.326951 17.770462
3.003995 555.555556 1676 557.923729 17.853559
3.001493 555.555556 1700 566.384732 18.124311
3.003090 555.555556 1615 537.779436 17.208942
3.000414 555.555556 1581 526.927226 16.861671
3.004070 555.555556 1689 562.237284 17.991593
3.001217 555.555556 1666 555.108174 17.763462
3.000131 555.555556 1631 543.642907 17.396573
3.000155 555.555556 1769 589.636263 18.868360
3.003342 555.555556 1573 523.749897 16.759997
3.001727 555.555556 1645 548.017896 17.536573
3.002648 555.555556 1622 540.189880 17.286076
3.001274 555.555556 1753 584.085230 18.690727
3.003592 555.555556 1656 551.339857 17.642875
3.012203 555.555556 1672 555.075529 17.762417
3.005967 555.555556 1634 543.585475 17.394735
3.000369 555.555556 1713 570.929827 18.269754
3.004941 555.555556 1699 565.402048 18.092866
3.000294 555.555556 1629 542.946736 17.374296
3.002335 555.555556 1708 568.890560 18.204498
3.003831 555.555556 1642 546.635282 17.492329
3.006352 555.555556 1606 534.202188 17.094470
3.004880 555.555556 1709 568.741499 18.199728
6.002202 555.555556 1654 550.982894 17.631453
6.002475 555.555556 1676 558.283170 17.865061
6.001194 555.555556 1676 558.498922 17.871966
6.001727 555.555556 1625 541.379292 17.324137
6.001783 555.555556 1644 547.947040 17.534305
6.001749 555.555556 1776 591.872352 18.939915
6.000380 555.555556 1639 546.287996 17.481216
6.006086 555.555556 1674 557.210381 17.830732
6.003078 555.555556 1621 539.807370 17.273836
6.001442 555.555556 1644 547.813651 17.530037
6.000743 555.555556 1623 540.990047 17.311681
6.003566 555.555556 1687 561.734594 17.975507
6.001444 555.555556 1735 578.312206 18.505991
6.009245 555.555556 1624 540.145491 17.284656
6.004806 555.555556 1698 565.419713 18.093431
6.001024 555.555556 1644 547.931671 17.533813
6.002199 555.555556 1552 517.016890 16.544540
6.002705 555.555556 1605 534.734790 17.111513
6.008615 555.555556 1698 565.006953 18.080222
6.003880 555.555556 1731 576.848164 18.459141
6.014549 555.555556 1645 546.253698 17.480118
6.007694 555.555556 1732 576.622350 18.451915
6.004891 555.555556 1570 523.190110 16.742084
6.006202 555.555556 1645 547.856771 17.531417
6.002145 555.555556 1608 535.844519 17.147025
6.008191 555.555556 1584 527.608882 16.883484
6.008014 555.555556 1655 551.102251 17.635272
6.002632 555.555556 1623 540.946370 17.310284
6.005111 555.555556 1750 583.084459 18.658703
6.009635 555.555556 1578 525.424989 16.813600
6.012712 555.555556 1670 556.572095 17.810307
6.005835 555.555556 1585 528.165262 16.901288
9.005312 555.555556 1639 545.691440 17.462126
9.006361 555.555556 1743 580.248322 18.567946
9.001035 555.555556 1729 576.207486 18.438640
9.004297 555.555556 1668 555.471906 17.775101
9.004331 555.555556 1611 536.775772 17.176825
9.002692 555.555556 1645 548.059800 17.537914
9.005056 555.555556 1726 574.695577 18.390258
9.004457 555.555556 1673 557.237160 17.831589
9.001819 555.555556 1700 566.463553 18.126834
9.001447 555.555556 1650 549.999228 17.599975
9.001837 555.555556 1711 570.316513 18.250128
9.006363 555.555556 1690 562.332589 17.994643
9.003882 555.555556 1703 567.666296 18.165321
9.006287 555.555556 1691 563.155930 18.020990
9.004629 555.555556 1709 569.301589 18.217651
9.006203 555.555556 1675 557.589232 17.842855
9.005026 555.555556 1677 558.959032 17.886689
9.003330 555.555556 1665 554.791409 17.753325
9.008842 555.555556 1613 537.173308 17.189546
9.008417 555.555556 1740 579.319083 18.538211
9.011935 555.555556 1641 545.956658 17.470613
9.014531 555.555556 1695 563.887944 18.044414
9.023084 555.555556 1650 547.192950 17.510174
9.008244 555.555556 1587 528.990651 16.927701
9.014579 555.555556 1701 566.994325 18.143818
9.003385 555.555556 1638 545.863054 17.467618
9.005744 555.555556 1677 558.882109 17.884227
9.009311 555.555556 1745 581.415192 18.605286
9.009256 555.555556 1648 549.331422 17.578605
9.013348 555.555556 1696 565.213633 18.086836
9.012002 555.555556 1558 518.923965 16.605567
9.007000 555.555556 1662 553.784849 17.721115
12.003732 555.555556 1580 526.334198 16.842694
12.009444 555.555556 1680 558.742464 17.879759
12.003579 555.555556 1604 534.353186 17.099302
12.003066 555.555556 1683 560.620577 17.939858
12.001502 555.555556 1574 524.657006 16.789024
12.007371 555.555556 1711 569.887730 18.236407
12.005299 555.555556 1722 573.728871 18.359324
12.005525 555.555556 1590 529.783079 16.953059
12.017223 555.555556 1640 546.176585 17.477651
12.005773 555.555556 1642 547.202516 17.510481
12.014338 555.555556 1676 556.809297 17.817897
12.007304 555.555556 1618 538.975477 17.247215
12.009529 555.555556 1598 532.438540 17.038033
12.005043 555.555556 1661 553.590183 17.714886
12.006841 555.555556 1766 588.558079 18.833859
12.007268 555.555556 1583 527.507479 16.880239
12.010589 555.555556 1768 588.990284 18.847689
12.006503 555.555556 1674 557.973644 17.855157
12.003816 555.555556 1710 569.907738 18.237048
12.010107 555.555556 1680 559.272018 17.896705
12.012499 555.555556 1610 536.087171 17.154789
12.009980 555.555556 1646 547.893066 17.532578
12.004702 555.555556 1653 550.954978 17.630559
12.016225 555.555556 1635 542.677423 17.365678
12.008466 555.555556 1714 571.324018 18.282369
12.010855 555.555556 1745 581.367600 18.603763
12.014824 555.555556 1615 538.289362 17.225260
12.013302 555.555556 1682 560.411316 17.933162
12.013468 555.555556 1641 546.978126 17.503300
12.040749 555.555556 1798 595.824760 19.066392
12.013206 555.555556 1696 565.106632 18.083412
12.007194 555.555556 1708 569.296615 18.217492
15.005787 555.555556 1663 553.925712 17.725623
15.005482 555.555556 1657 552.011332 17.664363
15.003363 555.555556 1695 564.649773 18.068793
15.003424 555.555556 1679 559.599916 17.907197
15.007182 555.555556 1642 546.881331 17.500203
15.006563 555.555556 1687 562.096548 17.987090
15.008241 555.555556 1753 583.995041 18.687841
15.005131 555.555556 1604 534.650935 17.108830
15.012700 555.555556 1695 563.651943 18.036862
15.006882 555.555556 1643 547.464395 17.518861
15.008719 555.555556 1760 586.403319 18.764906
15.009175 555.555556 1645 547.991584 17.535731
15.005218 555.555556 1635 544.745414 17.431853
15.015775 555.555556 1727 575.192450 18.406158
15.007644 555.555556 1750 583.260281 18.664329
15.007202 555.555556 1629 542.934586 17.373907
15.008565 555.555556 1730 576.647566 18.452722
15.010253 555.555556 1640 546.519272 17.488617
15.017995 555.555556 1606 533.929611 17.085748
15.011015 555.555556 1713 570.918986 18.269408
15.014552 555.555556 1717 572.292452 18.313358
15.011987 555.555556 1602 533.798565 17.081554
15.009887 555.555556 1637 545.601583 17.459251
15.010859 555.555556 1598 532.510631 17.040340
15.018077 555.555556 1683 560.392325 17.932554
15.017204 555.555556 1697 564.780806 18.072986
15.017713 555.555556 1668 555.909231 17.789095
15.014570 555.555556 1555 518.143038 16.580577
15.016463 555.555556 1643 547.623203 17.523942
15.013547 555.555556 1645 548.270997 17.544672
15.043621 555.555556 1646 548.141902 17.540541
15.009849 555.555556 1671 556.507359 17.808235
18.006496 555.555556 1733 577.404005 18.476928
18.003476 555.555556 1711 570.323282 18.250345
18.006371 555.555556 1619 539.561504 17.265968
18.006190 555.555556 1618 539.158667 17.253077
18.004203 555.555556 1649 549.512775 17.584409
18.009517 555.555556 1623 540.828354 17.306507
18.005657 555.555556 1712 570.633395 18.260269
18.010640 555.555556 1694 564.020248 18.048648
18.006768 555.555556 1634 544.629494 17.428144
18.007364 555.555556 1666 555.244145 17.767813
18.009470 555.555556 1598 532.533306 17.041066
18.007709 555.555556 1679 559.654504 17.908944
18.008520 555.555556 1682 560.614427 17.939662
18.009735 555.555556 1759 586.223853 18.759163
18.015285 555.555556 1668 555.068896 17.762205
18.009188 555.555556 1575 524.649097 16.788771
18.011389 555.555556 1605 534.933334 17.117867
18.019717 555.555556 1672 556.375588 17.804019
18.012492 555.555556 1645 548.241025 17.543713
18.010523 555.555556 1677 558.881584 17.884211
18.013238 555.555556 1719 572.897279 18.332713
18.011448 555.555556 1566 521.897650 16.700725
18.016510 555.555556 1694 564.528444 18.064910
18.021382 555.555556 1592 530.082718 16.962647
18.023050 555.555556 1620 539.040938 17.249310
18.017208 555.555556 1650 549.863366 17.595628
18.017988 555.555556 1657 552.189044 17.670049
18.015210 555.555556 1736 578.543083 18.513379
18.018132 555.555556 1662 553.974659 17.727189
18.015378 555.555556 1691 563.322707 18.026327
18.047198 555.555556 1643 547.014488 17.504464
18.010371 555.555556 1619 539.572787 17.266329
21.017364 555.555556 1596 530.942439 16.990158
21.015888 555.555556 1693 562.415414 17.997293
21.006330 555.555556 1682 560.133809 17.924282
21.005092 555.555556 1725 574.829586 18.394547
21.010546 555.555556 1633 544.138110 17.412420
21.009173 555.555556 1595 531.550998 17.009632
21.008992 555.555556 1617 538.600735 17.235224
21.009238 555.555556 1768 589.033063 18.849058
21.007368 555.555556 1725 574.999216 18.399975
21.008602 555.555556 1714 570.932500 18.269840
21.016101 555.555556 1627 541.681587 17.333811
21.011771 555.555556 1671 555.999281 17.791977
21.011114 555.555556 1678 559.035790 17.889145
21.009870 555.555556 1653 550.975186 17.631206
21.009638 555.555556 1648 549.251020 17.576033
21.014075 555.555556 1651 550.179810 17.605754
21.007417 555.555556 1645 548.109081 17.539491
21.018163 555.555556 1652 550.138879 17.604444
21.011557 555.555556 1662 553.830763 17.722584
21.021902 555.555556 1657 551.640072 17.652482
21.011972 555.555556 1702 567.059402 18.145901
21.018120 555.555556 1702 567.308306 18.153866
21.017894 555.555556 1767 588.728384 18.839308
21.013347 555.555556 1670 556.314382 17.802060
21.020171 555.555556 1664 554.582667 17.746645
21.022483 555.555556 1665 554.796336 17.753483
21.024076 555.555556 1608 535.816895 17.146141
21.018422 555.555556 1657 551.742624 17.655764
21.021008 555.555556 1694 563.952380 18.046476
21.017010 555.555556 1688 562.360756 17.995544
21.047387 555.555556 1726 575.297075 18.409506
21.010891 555.555556 1608 535.907212 17.149031
24.009069 555.555556 1579 525.853332 16.827307
24.007037 555.555556 1639 545.979310 17.471338
24.008889 555.555556 1625 541.614976 17.331679
24.007661 555.555556 1661 553.612578 17.715602
24.011967 555.555556 1633 544.178609 17.413715
24.008044 555.555556 1686 561.882637 17.980244
24.014803 555.555556 1696 564.286727 18.057175
24.010388 555.555556 1649 549.571911 17.586301
24.014105 555.555556 1601 533.251855 17.064059
24.010171 555.555556 1671 556.781089 17.816995
24.009875 555.555556 1666 555.203452 17.766510
24.013944 555.555556 1704 567.548525 18.161553
24.013582 555.555556 1630 542.784149 17.369093
24.015594 555.555556 1733 577.374244 18.475976
24.010729 555.555556 1713 570.792486 18.265360
24.014010 555.555556 1702 567.208037 18.150657
24.019393 555.555556 1605 534.375554 17.100018
24.013522 555.555556 1634 544.385459 17.420335
24.019340 555.555556 1753 583.948765 18.686360
24.017725 555.555556 1667 555.366169 17.771717
24.022134 555.555556 1693 563.964403 18.046861
24.022253 555.555556 1649 548.918376 17.565388
24.020248 555.555556 1707 568.553717 18.193719
24.023090 555.555556 1752 583.034136 18.657092
24.027882 555.555556 1641 546.017297 17.472554
24.026430 555.555556 1635 544.178573 17.413714
24.022882 555.555556 1737 578.140588 18.500499
24.026122 555.555556 1672 556.953422 17.822509
24.017637 555.555556 1747 582.211670 18.630773
24.022076 555.555556 1753 584.125313 18.692010
24.047981 555.555556 1632 543.892416 17.404557
24.011050 555.555556 1659 552.970587 17.695059
27.013330 555.555556 1694 563.831859 18.042619
27.008047 555.555556 1691 563.477018 18.031265
27.012454 555.555556 1638 545.384571 17.452306
27.011639 555.555556 1617 538.354898 17.227357
27.008611 555.555556 1612 537.163211 17.189223
27.015884 555.555556 1649 548.661396 17.557165
27.010389 555.555556 1661 553.571912 17.714301
27.010198 555.555556 1600 533.328554 17.066514
27.011189 555.555556 1724 574.578389 18.386508
27.017908 555.555556 1783 593.477511 18.991280
27.018221 555.555556 1695 564.225885 18.055228
27.016621 555.555556 1677 558.808701 17.881878
27.012770 555.555556 1633 544.187660 17.414005
27.022206 555.555556 1733 576.244642 18.439829
27.014380 555.555556 1676 558.585470 17.874735
27.024930 555.555556 1713 569.938052 18.238018
27.018491 555.555556 1596 531.120224 16.995847
27.014043 555.555556 1675 558.327127 17.866468
27.025024 555.555556 1656 550.965841 17.630907
27.023169 555.555556 1655 551.498190 17.647942
27.018296 555.555556 1594 531.232186 16.999430
27.028312 555.555556 1669 556.253679 17.800118
27.020470 555.555556 1636 545.293110 17.449380
27.022362 555.555556 1662 553.957844 17.726651
27.024347 555.555556 1683 560.765092 17.944483
27.026211 555.555556 1617 538.984024 17.247489
27.025159 555.555556 1688 562.239852 17.991675
27.022086 555.555556 1710 569.998063 18.239938
27.027104 555.555556 1661 553.542385 17.713356
27.017651 555.555556 1691 563.664073 18.037250
27.049000 555.555556 1668 555.811138 17.785956
27.012737 555.555556 1710 569.679732 18.229751
#type       avg     std     min     5th    10th    90th    95th    99th
read      106.0   152.6    60.2    78.3    81.4   132.9   151.5   199.0
update    110.7   162.6    66.3    81.7    84.3   138.8   156.3   205.0
op_q        1.1     0.3     1.0     1.0     1.0     1.1     2.0     2.1

Total QPS = 39894.4 (1196832 / 30.0s)

Misses = 0 (0.0%)
Skipped TXs = 0 (0.0%)

RX  206953653 bytes :    6.6 MB/s
TX  132671657 bytes :    4.2 MB/s
