3.000126 4375.000000 13107 4368.815933 139.802110
3.000240 4375.000000 13142 4380.316725 140.170135
3.000464 4375.000000 12829 4275.671719 136.821495
3.000284 4375.000000 13186 4394.916933 140.637342
3.000141 4375.000000 12979 4326.129764 138.436152
3.000339 4375.000000 13171 4389.836658 140.474773
3.000672 4375.000000 13100 4365.688900 139.702045
3.000010 4375.000000 13015 4338.318412 138.826189
3.000807 4375.000000 13301 4432.474223 141.839175
3.000199 4375.000000 13182 4393.708147 140.598661
3.000035 4375.000000 13259 4419.614615 141.427668
3.000263 4375.000000 12985 4327.953708 138.494519
3.000059 4375.000000 12984 4327.915091 138.493283
3.000128 4375.000000 13065 4354.814627 139.354068
3.000216 4375.000000 13212 4403.682207 140.917831
3.000263 4375.000000 13129 4375.949925 140.030398
3.000273 4375.000000 12961 4319.939542 138.238065
3.000284 4375.000000 13100 4366.253926 139.720126
3.000337 4375.000000 13086 4361.510185 139.568326
3.000095 4375.000000 13231 4410.193943 141.126206
3.000803 4375.000000 12922 4306.181335 137.797803
3.000356 4375.000000 13222 4406.809881 141.017916
3.000402 4375.000000 13003 4333.752937 138.680094
3.001090 4375.000000 13323 4439.386421 142.060365
3.000143 4375.000000 12929 4309.461542 137.902769
3.000025 4375.000000 13179 4392.963779 140.574841
3.000153 4375.000000 13301 4433.440119 141.870084
3.000213 4375.000000 13363 4454.017143 142.528549
3.000026 4375.000000 13122 4373.962072 139.966786
3.000355 4375.000000 12789 4262.495759 136.399864
3.000970 4375.000000 13058 4351.260461 139.240335
3.000033 4375.000000 13034 4344.618913 139.027805
6.000259 4375.000000 12979 4326.096921 138.435101
6.002372 4375.000000 13451 4480.176542 143.365649
6.000511 4375.000000 13326 4441.258969 142.120287
6.000510 4375.000000 12993 4330.643891 138.580605
6.000100 4375.000000 13023 4340.891676 138.908534
6.000652 4375.000000 12944 4314.137534 138.052401
6.000173 4375.000000 12912 4303.934588 137.725907
6.000641 4375.000000 13174 4390.482040 140.495425
6.000841 4375.000000 13354 4450.380621 142.412180
6.000508 4375.000000 13212 4403.670986 140.917472
6.000399 4375.000000 13217 4405.432020 140.973825
6.000249 4375.000000 13066 4355.286668 139.369173
6.000409 4375.000000 13071 4356.787543 139.417201
6.000162 4375.000000 13008 4335.969750 138.751032
6.000936 4375.000000 13032 4343.617047 138.995746
6.002519 4375.000000 13039 4343.358433 138.987470
6.000424 4375.000000 13135 4378.206103 140.102595
6.000265 4375.000000 13108 4369.154679 139.812950
6.000383 4375.000000 13183 4393.811037 140.601953
6.000208 4375.000000 13149 4382.880633 140.252180
6.000652 4375.000000 12985 4327.971829 138.495099
6.000740 4375.000000 13230 4409.411888 141.101180
6.000584 4375.000000 13131 4376.547532 140.049521
6.000412 4375.000000 12894 4297.920004 137.533440
6.000814 4375.000000 13045 4348.323431 139.146350
6.000331 4375.000000 12960 4319.744429 138.231822
6.000280 4375.000000 13337 4445.566744 142.258136
6.000639 4375.000000 13194 4397.584236 140.722696
6.001072 4375.000000 13006 4334.944454 138.718223
6.001255 4375.000000 13259 4419.423671 141.421557
6.001000 4375.000000 12999 4332.955724 138.654583
6.000178 4375.000000 13208 4402.453325 140.878506
9.000839 4375.000000 13337 4444.807099 142.233827
9.000388 4375.000000 13230 4409.684577 141.109906
9.000353 4375.000000 13342 4447.178513 142.309712
9.000611 4375.000000 13174 4391.037304 140.513194
9.000338 4375.000000 13194 4397.742479 140.727759
9.000659 4375.000000 13114 4371.116971 139.875743
9.000555 4375.000000 13089 4362.774147 139.608773
9.001000 4375.000000 13105 4367.810677 139.769942
9.000584 4375.000000 13128 4375.889160 140.028453
9.000130 4375.000000 12997 4332.289230 138.633255
9.000953 4375.000000 13052 4350.642954 139.220575
9.000357 4375.000000 12926 4308.535432 137.873134
9.000546 4375.000000 13068 4355.823204 139.386343
9.000728 4375.000000 13325 4441.343190 142.122982
9.001352 4375.000000 13005 4333.642428 138.676558
9.001021 4375.000000 12842 4280.410538 136.973137
9.001128 4375.000000 13061 4353.103552 139.299314
9.000831 4375.000000 13147 4382.308540 140.233873
9.000483 4375.000000 13055 4351.267333 139.240555
9.001737 4375.000000 13264 4419.734431 141.431502
9.001754 4375.000000 13044 4347.277871 139.112892
9.000648 4375.000000 13150 4383.239552 140.263666
9.000722 4375.000000 12918 4305.900038 137.788801
9.000469 4375.000000 13284 4427.721827 141.687098
9.000684 4375.000000 13225 4408.266962 141.064543
9.001093 4375.000000 13278 4425.968546 141.630993
9.000479 4375.000000 13112 4370.450987 139.854432
9.000567 4375.000000 13324 4441.060102 142.113923
9.003055 4375.000000 13250 4415.877701 141.308086
9.002624 4375.000000 13107 4368.633028 139.796257
9.001046 4375.000000 12932 4310.601521 137.939249
9.000580 4375.000000 13274 4424.074976 141.570399
12.000206 4375.000000 13200 4399.888973 140.796447
12.000917 4375.000000 13238 4411.837567 141.178802
12.000690 4375.000000 13213 4404.134861 140.932316
12.000626 4375.000000 13165 4387.985501 140.415536
12.001141 4375.000000 13125 4374.187258 139.973992
12.000401 4375.000000 13180 4393.268443 140.584590
12.000935 4375.000000 13242 4413.696642 141.238293
12.000634 4375.000000 13113 4370.967093 139.870947
12.000694 4375.000000 13198 4399.116199 140.771718
12.000898 4375.000000 13130 4376.568629 140.050196
12.001217 4375.000000 13086 4361.683251 139.573864
12.000932 4375.000000 13001 4333.140056 138.660482
12.000477 4375.000000 13258 4419.128631 141.412116
12.001653 4375.000000 13160 4385.899199 140.348774
12.000808 4375.000000 13190 4396.540220 140.689287
12.000978 4375.000000 13383 4460.792842 142.745371
12.001339 4375.000000 12897 4297.774625 137.528788
12.001813 4375.000000 13098 4365.913650 139.709237
12.001110 4375.000000 13081 4359.678450 139.509710
12.001209 4375.000000 13216 4404.957099 140.958627
12.001466 4375.000000 13090 4362.685980 139.605951
12.000574 4375.000000 13424 4474.524647 143.184789
12.000539 4375.000000 13146 4381.898055 140.220738
12.001121 4375.000000 13343 4447.625590 142.324019
12.000735 4375.000000 13148 4382.539778 140.241273
12.001764 4375.000000 13158 4385.961787 140.350777
12.001548 4375.000000 13220 4406.378652 141.004117
12.000801 4375.000000 13126 4375.162785 140.005209
12.003131 4375.000000 13007 4334.934499 138.717904
12.003353 4375.000000 13044 4347.567659 139.122165
12.001190 4375.000000 13397 4465.451089 142.894435
12.000616 4375.000000 13301 4433.612216 141.875591
15.000948 4375.000000 13095 4364.624195 139.667974
15.000657 4375.000000 13036 4345.299849 139.049595
15.001131 4375.000000 13135 4377.596558 140.083090
15.001306 4375.000000 13215 4404.727492 140.951280
15.000987 4375.000000 13011 4336.871250 138.779880
15.000258 4375.000000 13136 4378.590930 140.114910
15.000570 4375.000000 13150 4383.197382 140.262316
15.001134 4375.000000 13137 4378.709017 140.118689
15.001243 4375.000000 13431 4476.181425 143.237806
15.001051 4375.000000 13177 4392.227210 140.551271
15.000719 4375.000000 13148 4382.454948 140.238558
15.000695 4375.000000 13019 4339.242169 138.855749
15.001282 4375.000000 13259 4419.128563 141.412114
15.000969 4375.000000 13234 4411.097665 141.155125
15.001637 4375.000000 13101 4366.278461 139.720911
15.001610 4375.000000 13254 4417.408947 141.357086
15.001633 4375.000000 13180 4392.724378 140.567180
15.000777 4375.000000 12966 4321.655999 138.292992
15.001281 4375.000000 12971 4323.420543 138.349457
15.001010 4375.000000 13139 4379.264140 140.136452
15.001636 4375.000000 13284 4427.749082 141.687971
15.000982 4375.000000 13259 4419.592328 141.426955
15.001257 4375.000000 13098 4365.335287 139.690729
15.001770 4375.000000 12900 4299.831612 137.594612
15.001753 4375.000000 13050 4349.703405 139.190509
15.001936 4375.000000 13183 4394.152585 140.612883
15.001591 4375.000000 13132 4376.964801 140.062874
15.001840 4375.000000 13216 4405.221167 140.967077
15.003204 4375.000000 13317 4438.891816 142.044538
15.003499 4375.000000 13121 4373.454441 139.950542
15.001239 4375.000000 13109 4369.595817 139.827066
15.001838 4375.000000 12974 4322.907014 138.333024
18.001859 4375.000000 13112 4370.341953 139.850942
18.001336 4375.000000 13241 4413.363910 141.227645
18.000503 4375.000000 13117 4371.976145 139.903237
18.000869 4375.000000 13139 4379.411602 140.141171
18.000716 4375.000000 12914 4304.582775 137.746649
18.001413 4375.000000 13332 4443.747616 142.199924
18.001407 4375.000000 12991 4329.727968 138.551295
18.002068 4375.000000 13148 4381.180470 140.197775
18.001503 4375.000000 13183 4394.009893 140.608317
18.001057 4375.000000 13107 4368.871898 139.803901
18.001248 4375.000000 13245 4414.558585 141.265875
18.001012 4375.000000 13125 4374.573320 139.986346
18.001052 4375.000000 13052 4349.966870 139.198940
18.001208 4375.000000 13138 4379.224817 140.135194
18.002380 4375.000000 13082 4359.548313 139.505546
18.001905 4375.000000 13311 4436.801156 141.977637
18.002188 4375.000000 13021 4339.058127 138.849860
18.001493 4375.000000 13203 4399.950595 140.798419
18.001421 4375.000000 13379 4459.458385 142.702668
18.002023 4375.000000 13110 4369.432622 139.821844
18.001052 4375.000000 12948 4315.899037 138.108769
18.001936 4375.000000 13151 4383.526552 140.272850
18.001106 4375.000000 13157 4385.527223 140.336871
18.001666 4375.000000 13101 4366.958248 139.742664
18.002256 4375.000000 13049 4349.203564 139.174514
18.004012 4375.000000 13054 4347.825550 139.130418
18.001825 4375.000000 12965 4321.562279 138.289993
18.001329 4375.000000 13222 4407.227530 141.031281
18.003525 4375.000000 13243 4414.294737 141.257432
18.003564 4375.000000 13021 4339.813041 138.874017
18.001688 4375.000000 13093 4363.679838 139.637755
18.002200 4375.000000 13212 4403.467662 140.910965
21.000918 4375.000000 13234 4411.261770 141.160377
21.001362 4375.000000 13072 4357.168130 139.429380
21.000824 4375.000000 13081 4359.866165 139.515717
21.001019 4375.000000 13340 4446.217085 142.278947
21.001151 4375.000000 13011 4336.863870 138.779644
21.001468 4375.000000 12864 4287.921050 137.213474
21.001961 4375.000000 13364 4453.739938 142.519678
21.001584 4375.000000 13047 4348.742347 139.159755
21.001235 4375.000000 13116 4371.733545 139.895473
21.001489 4375.000000 13085 4361.567756 139.570168
21.001972 4375.000000 13049 4349.454394 139.182541
21.001500 4375.000000 13046 4348.244153 139.143813
21.001594 4375.000000 13191 4396.206066 140.678594
21.002656 4375.000000 12979 4324.905742 138.396984
21.002912 4375.000000 13023 4339.779461 138.872943
21.001543 4375.000000 13142 4380.027654 140.160885
21.001872 4375.000000 13396 4465.314728 142.890071
21.001059 4375.000000 13171 4390.264028 140.488449
21.001870 4375.000000 13156 4384.797445 140.313518
21.002078 4375.000000 13129 4376.126295 140.036041
21.002009 4375.000000 13055 4351.514790 139.248473
21.002967 4375.000000 12649 4215.006620 134.880212
21.001930 4375.000000 13338 4445.352283 142.251273
21.002493 4375.000000 12966 4321.658157 138.293061
21.002396 4375.000000 13130 4376.642694 140.052566
21.002309 4375.000000 13242 4413.822634 141.242324
21.001393 4375.000000 13014 4337.907728 138.813047
21.003670 4375.000000 12810 4269.849383 136.635180
21.004446 4375.000000 13043 4346.332448 139.082638
21.001807 4375.000000 12978 4325.828974 138.426527
21.004043 4375.000000 12866 4288.621564 137.235890
21.002276 4375.000000 13386 4461.887755 142.780408
24.001044 4375.000000 13145 4381.482110 140.207428
24.001340 4375.000000 13070 4355.918127 139.389380
24.001730 4375.000000 13274 4424.310892 141.577949
24.001436 4375.000000 13263 4420.385798 141.452346
24.001781 4375.000000 13128 4375.080367 140.002572
24.003220 4375.000000 13240 4410.803460 141.145711
24.001222 4375.000000 13022 4340.430410 138.893773
24.002912 4375.000000 13005 4334.255587 138.696179
24.001633 4375.000000 13178 4392.426005 140.557632
24.001598 4375.000000 12852 4283.981079 137.087395
24.001410 4375.000000 13134 4377.930043 140.093761
24.001973 4375.000000 13164 4387.982494 140.415440
24.001291 4375.000000 13281 4426.917660 141.661365
24.002540 4375.000000 13276 4424.347775 141.579129
24.001984 4375.000000 13155 4384.430306 140.301770
24.002101 4375.000000 13032 4343.664853 138.997275
24.002518 4375.000000 13156 4384.589287 140.306857
24.002358 4375.000000 13160 4386.257637 140.360244
24.002504 4375.000000 13356 4451.209738 142.438712
24.001821 4375.000000 13523 4507.249232 144.231975
24.003268 4375.000000 13211 4402.767674 140.888566
24.001671 4375.000000 13374 4457.587401 142.642797
24.002766 4375.000000 12968 4322.273759 138.312760
24.002246 4375.000000 13162 4386.870697 140.379862
24.002393 4375.000000 13108 4369.210095 139.814723
24.003857 4375.000000 13201 4398.948098 140.766339
24.003677 4375.000000 13060 4353.322865 139.306332
24.003172 4375.000000 12851 4283.373657 137.067957
24.002921 4375.000000 13094 4363.045851 139.617467
24.004136 4375.000000 12938 4312.533153 138.001061
24.004660 4375.000000 13194 4397.686918 140.725981
24.002318 4375.000000 12975 4324.938842 138.398043
27.001782 4375.000000 13055 4351.399026 139.244769
27.001111 4375.000000 13127 4375.570181 140.018246
27.003536 4375.000000 13139 4378.755618 140.120180
27.001508 4375.000000 13058 4352.561429 139.281966
27.001829 4375.000000 12939 4312.931055 138.013794
27.001824 4375.000000 13132 4376.728966 140.055327
27.001540 4375.000000 13193 4397.372538 140.715921
27.001311 4375.000000 13079 4359.637768 139.508409
27.001351 4375.000000 13285 4428.143980 141.700607
27.001647 4375.000000 13108 4369.312351 139.817995
27.002771 4375.000000 13379 4459.658905 142.709085
27.002578 4375.000000 13179 4391.759238 140.536296
27.002311 4375.000000 13232 4410.169918 141.125437
27.002799 4375.000000 13147 4381.923558 140.221554
27.002103 4375.000000 12902 4300.663458 137.621231
27.002414 4375.000000 13204 4401.250441 140.840014
27.001943 4375.000000 12870 4289.826218 137.274439
27.003364 4375.000000 13036 4345.125481 139.044015
27.002744 4375.000000 13265 4421.365563 141.483698
27.002630 4375.000000 13174 4390.986431 140.511566
27.002038 4375.000000 13297 4432.253558 141.832114
27.001801 4375.000000 13112 4370.476862 139.855260
27.002891 4375.000000 13273 4423.762823 141.560410
27.002389 4375.000000 13241 4413.457190 141.230630
27.003377 4375.000000 13456 4485.170285 143.525449
27.003268 4375.000000 13221 4406.859252 141.019496
27.003846 4375.000000 13183 4394.085388 140.610732
27.004160 4375.000000 13130 4376.631254 140.052200
27.003915 4375.000000 13269 4422.914823 141.533274
27.005167 4375.000000 13218 4405.254326 140.968138
27.003770 4375.000000 13129 4375.095908 140.003069
27.002348 4375.000000 13412 4470.622017 143.059905
#type       avg     std     min     5th    10th    90th    95th    99th
read      625.8   364.2   142.0   370.8   402.0   895.4  1001.7  1141.2
update    627.7   364.1   117.4   371.1   402.2   904.1  1007.3  1142.6
op_q        4.1     2.4     1.0     1.1     2.0     7.0     7.8    10.6

Total QPS = 280058.7 (8401762 / 30.0s)

Misses = 0 (0.0%)
Skipped TXs = 0 (0.0%)

RX 1447411811 bytes :   46.0 MB/s
TX  928749789 bytes :   29.5 MB/s
