3.000235 5000.000000 14943 4980.610249 159.379528
3.000401 5000.000000 14970 4989.333464 159.658671
3.000125 5000.000000 15074 5024.456666 160.782613
3.000363 5000.000000 14853 4950.400398 158.412813
3.000684 5000.000000 14929 4975.198569 159.206354
3.000259 5000.000000 15013 5003.901854 160.124859
3.001312 5000.000000 14876 4956.499506 158.607984
3.000068 5000.000000 14888 4962.554154 158.801733
3.000313 5000.000000 15107 5035.141109 161.124515
3.000120 5000.000000 14941 4980.134856 159.364315
3.000442 5000.000000 15289 5095.583393 163.058669
3.000655 5000.000000 15157 5051.230123 161.639364
3.000272 5000.000000 14837 4945.218174 158.246982
3.000217 5000.000000 15115 5037.968384 161.214988
3.000589 5000.000000 14970 4989.021030 159.648673
3.000065 5000.000000 14702 4900.560361 156.817932
3.000132 5000.000000 15109 5036.112099 161.155587
3.000448 5000.000000 15051 5016.251300 160.520042
3.000183 5000.000000 14978 4992.361511 159.755568
3.000305 5000.000000 14973 4990.493040 159.695777
3.000091 5000.000000 15055 5018.181032 160.581793
3.000546 5000.000000 15089 5028.751316 160.920042
3.000173 5000.000000 14640 4879.718993 156.151008
3.000493 5000.000000 15063 5020.174354 160.645579
3.000136 5000.000000 14677 4892.112198 156.547590
3.000018 5000.000000 14857 4952.303118 158.473700
3.000543 5000.000000 15113 5036.755846 161.176187
3.000478 5000.000000 15143 5046.862577 161.499602
3.000956 5000.000000 14949 4981.412649 159.405205
3.000178 5000.000000 14597 4865.378365 155.692108
3.000819 5000.000000 15334 5109.938374 163.518028
3.000008 5000.000000 14891 4963.654147 158.836933
6.001896 5000.000000 14859 4950.069359 158.402219
6.000626 5000.000000 15043 5014.270668 160.456661
6.000594 5000.000000 15031 5010.253826 160.328122
6.000262 5000.000000 14696 4898.453303 156.750506
6.000474 5000.000000 15153 5050.715836 161.622907
6.003376 5000.000000 15137 5040.605396 161.299373
6.000106 5000.000000 14896 4965.264960 158.888479
6.000698 5000.000000 14932 4976.326782 159.242457
6.000213 5000.000000 14813 4937.522523 158.000721
6.000131 5000.000000 14993 4997.560915 159.921949
6.000461 5000.000000 15175 5057.922533 161.853521
6.000265 5000.000000 14992 4997.323395 159.914349
6.000249 5000.000000 14680 4892.957661 156.574645
6.000407 5000.000000 15258 5085.771351 162.744683
6.000366 5000.000000 15123 5040.911714 161.309175
6.000492 5000.000000 15153 5050.924867 161.629596
6.000874 5000.000000 15087 5027.928021 160.893697
6.000967 5000.000000 14946 4981.481593 159.407411
6.000927 5000.000000 14902 4966.101685 158.915254
6.000862 5000.000000 14972 4989.458015 159.662656
6.000835 5000.000000 14914 4970.741971 159.063743
6.000238 5000.000000 14992 4997.224969 159.911199
6.000835 5000.000000 14854 4950.617002 158.419744
6.000885 5000.000000 14985 4994.665276 159.829289
6.000965 5000.000000 14798 4932.651453 157.844846
6.001639 5000.000000 15290 5096.110105 163.075523
6.001655 5000.000000 15063 5019.057004 160.609824
6.000460 5000.000000 15006 5001.969451 160.063022
6.000481 5000.000000 14906 4968.163960 158.981247
6.000667 5000.000000 14933 4977.460151 159.278725
6.001165 5000.000000 15118 5038.752966 161.240095
6.000403 5000.000000 14978 4992.008072 159.744258
9.000355 5000.000000 14934 4977.850876 159.291228
9.000535 5000.000000 14937 4978.787963 159.321215
9.000533 5000.000000 15138 5045.878317 161.468106
9.000439 5000.000000 14827 4942.212950 158.150814
9.000346 5000.000000 15018 5005.861364 160.187564
9.000296 5000.000000 14874 4957.686936 158.645982
9.000203 5000.000000 15191 5063.545515 162.033456
9.000342 5000.000000 15016 5005.118690 160.163798
9.000585 5000.000000 14938 4979.148722 159.332759
9.000397 5000.000000 15108 5035.751542 161.144049
9.000260 5000.000000 15108 5035.962179 161.150790
9.000648 5000.000000 15002 5000.353360 160.011308
9.000983 5000.000000 15023 5007.419293 160.237417
9.001027 5000.000000 15065 5020.772430 160.664718
9.001311 5000.000000 14952 4983.428569 159.469714
9.000666 5000.000000 14946 4981.694004 159.414208
9.000806 5000.000000 15006 5001.699998 160.054400
9.000712 5000.000000 15079 5026.309018 160.841889
9.000928 5000.000000 15088 5029.262133 160.936388
9.001543 5000.000000 15120 5038.877273 161.244073
9.001030 5000.000000 15002 5000.496449 160.015886
9.000923 5000.000000 14850 4949.899499 158.396784
9.000831 5000.000000 14968 4989.061206 159.649959
9.001073 5000.000000 15217 5071.930108 162.301763
9.000640 5000.000000 14897 4965.590573 158.898898
9.001253 5000.000000 15084 5027.517975 160.880575
9.001754 5000.000000 15179 5059.473461 161.903151
9.002050 5000.000000 14894 4964.012620 158.848404
9.001932 5000.000000 14898 4965.939700 158.910070
9.001345 5000.000000 15276 5091.694318 162.934218
9.003395 5000.000000 15066 5021.966861 160.702940
9.000606 5000.000000 15144 5047.659438 161.525102
12.001055 5000.000000 14791 4929.027541 157.728881
12.000835 5000.000000 14960 4985.770914 159.544669
12.001111 5000.000000 14670 4888.767579 156.440563
12.000312 5000.000000 15344 5114.480900 163.663389
12.000461 5000.000000 14877 4958.963817 158.686842
12.000647 5000.000000 15167 5055.653970 161.780927
12.000737 5000.000000 15214 5070.665064 162.261282
12.000707 5000.000000 14913 4970.712596 159.062803
12.001108 5000.000000 15369 5122.865859 163.931707
12.000448 5000.000000 15091 5030.162335 160.965195
12.000508 5000.000000 14871 4956.815380 158.618092
12.001153 5000.000000 15080 5026.381399 160.844205
12.000583 5000.000000 14873 4957.586726 158.642775
12.000611 5000.000000 15063 5020.956541 160.670609
12.001392 5000.000000 15016 5004.199111 160.134372
12.001355 5000.000000 15262 5086.776474 162.776847
12.001146 5000.000000 15083 5027.096334 160.867083
12.001245 5000.000000 14846 4948.382788 158.348249
12.001183 5000.000000 15169 5055.903354 161.788907
12.000985 5000.000000 15187 5062.229292 161.991337
12.001039 5000.000000 15019 5005.985695 160.191542
12.000775 5000.000000 15163 5054.118419 161.731789
12.001663 5000.000000 15066 5021.411652 160.685173
12.001546 5000.000000 14902 4967.327745 158.954488
12.001294 5000.000000 14904 4967.931256 158.973800
12.002187 5000.000000 15298 5098.597428 163.155118
12.000925 5000.000000 14856 4951.571370 158.450284
12.002875 5000.000000 15326 5107.060733 163.425943
12.004453 5000.000000 15032 5006.655673 160.212982
12.004443 5000.000000 14790 4928.278401 157.704909
12.001512 5000.000000 15045 5014.721038 160.471073
12.000648 5000.000000 15064 5021.262555 160.680402
15.000891 5000.000000 14932 4976.867807 159.259770
15.001465 5000.000000 15069 5022.527366 160.720876
15.000487 5000.000000 15026 5008.622920 160.275933
15.000526 5000.000000 15122 5040.534731 161.297111
15.000636 5000.000000 14904 4967.463786 158.958841
15.001007 5000.000000 15040 5013.296731 160.425495
15.001243 5000.000000 14982 4993.320636 159.786260
15.001118 5000.000000 15292 5096.634640 163.092308
15.000797 5000.000000 14833 4944.234656 158.215509
15.000651 5000.000000 15072 5023.761313 160.760362
15.000884 5000.000000 14786 4928.171806 157.701498
15.001484 5000.000000 14956 4985.119267 159.523817
15.000660 5000.000000 14782 4927.312438 157.673998
15.001340 5000.000000 15178 5059.018761 161.888600
15.001525 5000.000000 14983 4993.643786 159.796601
15.001083 5000.000000 15005 5001.620672 160.051862
15.001513 5000.000000 15184 5060.714794 161.942873
15.001110 5000.000000 14944 4980.776999 159.384864
15.001669 5000.000000 14709 4902.548185 156.881542
15.001153 5000.000000 15112 5037.258436 161.192270
15.001074 5000.000000 15069 5022.940694 160.734102
15.001547 5000.000000 15265 5088.332665 162.826645
15.001059 5000.000000 15050 5016.443515 160.526192
15.001901 5000.000000 15011 5003.269747 160.104632
15.001278 5000.000000 15098 5032.611540 161.043569
15.003173 5000.000000 14688 4895.513912 156.656445
15.001319 5000.000000 15034 5011.292772 160.361369
15.002558 5000.000000 14774 4924.057851 157.569851
15.001637 5000.000000 15045 5014.790558 160.473298
15.004653 5000.000000 15191 5063.312302 162.025994
15.005234 5000.000000 14956 4984.035924 159.489150
15.000658 5000.000000 15035 5011.649537 160.372785
18.001123 5000.000000 14895 4964.978857 158.879323
18.000966 5000.000000 14954 4984.531212 159.504999
18.000559 5000.000000 14938 4979.213638 159.334836
18.000662 5000.000000 15003 5000.772840 160.024731
18.000666 5000.000000 15101 5033.640634 161.076500
18.001273 5000.000000 14782 4927.021574 157.664690
18.000798 5000.000000 14928 4975.731161 159.223397
18.001542 5000.000000 14725 4907.114730 157.027671
18.001028 5000.000000 15158 5052.047070 161.665506
18.001392 5000.000000 14982 4993.544708 159.793431
18.000987 5000.000000 15038 5012.506750 160.400216
18.001594 5000.000000 14912 4970.533260 159.057064
18.001115 5000.000000 15151 5050.151667 161.604853
18.001224 5000.000000 14749 4916.217196 157.318950
18.001351 5000.000000 14639 4879.648026 156.148737
18.001617 5000.000000 15030 5009.375050 160.300002
18.001934 5000.000000 14874 4957.256825 158.632218
18.001628 5000.000000 15048 5015.863691 160.507638
18.002044 5000.000000 14975 4990.802685 159.705686
18.001537 5000.000000 15015 5004.880353 160.156171
18.001232 5000.000000 15034 5011.070789 160.354265
18.001907 5000.000000 15276 5091.595624 162.931060
18.001593 5000.000000 14728 4908.819289 157.082217
18.001149 5000.000000 14961 4986.849747 159.579192
18.001327 5000.000000 14836 4945.320144 158.250245
18.002203 5000.000000 14983 4993.830089 159.802563
18.003078 5000.000000 15101 5032.793246 161.049384
18.003186 5000.000000 15122 5040.644598 161.300627
18.004920 5000.000000 15076 5024.887520 160.796401
18.001839 5000.000000 15118 5038.993327 161.247786
18.005332 5000.000000 15178 5059.168951 161.893406
18.001070 5000.000000 15064 5020.644333 160.660619
21.000802 5000.000000 14831 4943.266777 158.184537
21.000976 5000.000000 15091 5030.315990 160.970112
21.000893 5000.000000 14916 4971.617410 159.091757
21.000969 5000.000000 15035 5011.382070 160.364226
21.001251 5000.000000 15164 5053.681770 161.717817
21.001439 5000.000000 15030 5009.854432 160.315342
21.001418 5000.000000 15081 5026.674626 160.853588
21.002321 5000.000000 14628 4874.054340 155.969739
21.002455 5000.000000 14957 4985.247522 159.527921
21.001245 5000.000000 15086 5028.447666 160.910325
21.001006 5000.000000 14944 4981.301360 159.401644
21.001903 5000.000000 14955 4984.392529 159.500561
21.001533 5000.000000 15145 5048.096169 161.539077
21.001079 5000.000000 15144 5047.913431 161.533230
21.002181 5000.000000 14852 4949.611494 158.387568
21.001397 5000.000000 14887 4962.059805 158.785914
21.001210 5000.000000 14904 4967.899018 158.972769
21.002251 5000.000000 15116 5038.088691 161.218838
21.001319 5000.000000 15063 5020.922946 160.669534
21.001786 5000.000000 14978 4992.403600 159.756915
21.001763 5000.000000 15099 5032.756127 161.048196
21.002602 5000.000000 15069 5021.311537 160.681969
21.001832 5000.000000 15042 5013.154769 160.420953
21.002723 5000.000000 15200 5065.520923 162.096670
21.001593 5000.000000 15138 5045.999790 161.471993
21.002022 5000.000000 14804 4934.521949 157.904702
21.003263 5000.000000 14985 4994.692012 159.830144
21.001847 5000.000000 14890 4963.320014 158.826240
21.003266 5000.000000 15152 5050.533004 161.617056
21.005038 5000.000000 14896 4965.137889 158.884412
21.005332 5000.000000 15235 5078.332682 162.506646
21.001920 5000.000000 15046 5013.912393 160.445197
24.001123 5000.000000 15240 5079.610831 162.547547
24.001060 5000.000000 15113 5037.232182 161.191430
24.001370 5000.000000 15101 5033.006000 161.056192
24.001262 5000.000000 15213 5070.568077 162.258178
24.001145 5000.000000 14944 4981.039949 159.393278
24.001423 5000.000000 14798 4932.101762 157.827256
24.001520 5000.000000 15087 5028.864000 160.923648
24.001362 5000.000000 15129 5042.803815 161.369722
24.001670 5000.000000 14913 4970.417331 159.053355
24.001899 5000.000000 14954 4984.058408 159.489869
24.001410 5000.000000 15055 5018.067798 160.578170
24.002129 5000.000000 14972 4990.057652 159.681845
24.001865 5000.000000 15169 5056.200523 161.798417
24.002002 5000.000000 15146 5047.978233 161.535303
24.001614 5000.000000 14887 4962.008010 158.784256
24.002213 5000.000000 14975 4990.308862 159.689884
24.001238 5000.000000 14829 4942.954384 158.174540
24.002489 5000.000000 15110 5036.149942 161.156798
24.002794 5000.000000 14743 4912.874170 157.211973
24.003037 5000.000000 15141 5045.292806 161.449370
24.002644 5000.000000 15397 5130.945185 164.190246
24.003398 5000.000000 15191 5061.731983 161.975423
24.003106 5000.000000 15049 5015.021523 160.480689
24.002563 5000.000000 14881 4960.155921 158.724989
24.002700 5000.000000 15167 5055.502557 161.776082
24.002733 5000.000000 15140 5046.650200 161.492806
24.003445 5000.000000 14916 4971.702384 159.094476
24.003485 5000.000000 14976 4991.631321 159.732202
24.001895 5000.000000 14869 4956.254053 158.600130
24.005045 5000.000000 15334 5111.320356 163.562251
24.005407 5000.000000 15043 5014.208853 160.454683
24.002109 5000.000000 14936 4978.354078 159.307331
27.001248 5000.000000 15236 5078.454818 162.510554
27.001954 5000.000000 14893 4963.614348 158.835659
27.001114 5000.000000 15154 5051.242822 161.639770
27.001170 5000.000000 14794 4931.293192 157.801382
27.001692 5000.000000 14954 4984.132065 159.492226
27.001367 5000.000000 14896 4965.325579 158.890419
27.001430 5000.000000 14921 4973.654931 159.156958
27.001297 5000.000000 14841 4946.942041 158.302145
27.002145 5000.000000 15214 5070.917481 162.269359
27.001455 5000.000000 15068 5022.591808 160.722938
27.001867 5000.000000 15050 5016.663114 160.533220
27.002027 5000.000000 14824 4940.745539 158.103857
27.001501 5000.000000 15061 5019.892472 160.636559
27.001823 5000.000000 14923 4973.987029 159.167585
27.002657 5000.000000 14737 4911.468633 157.166996
27.003233 5000.000000 15081 5025.753529 160.824113
27.002359 5000.000000 14994 4997.756669 159.928213
27.002133 5000.000000 15147 5048.779291 161.560937
27.002871 5000.000000 15075 5024.870144 160.795845
27.003028 5000.000000 14894 4964.178053 158.853698
27.002772 5000.000000 15011 5003.318146 160.106181
27.003043 5000.000000 15100 5033.322170 161.066309
27.002757 5000.000000 15162 5053.903684 161.724918
27.002040 5000.000000 15469 5156.083858 164.994683
27.002928 5000.000000 15139 5045.855967 161.467391
27.003446 5000.000000 14884 4961.253801 158.760122
27.003614 5000.000000 14986 4994.486428 159.823566
27.003708 5000.000000 15045 5014.560493 160.465936
27.003621 5000.000000 15179 5059.437226 161.901991
27.005804 5000.000000 15087 5027.729139 160.887332
27.005474 5000.000000 14942 4980.554345 159.377739
27.002182 5000.000000 15184 5061.210198 161.958726
#type       avg     std     min     5th    10th    90th    95th    99th
read      662.3   226.3   189.1   405.8   433.8   968.5  1072.0  1206.0
update    664.6   228.9   189.1   406.1   434.0   978.4  1078.1  1207.2
op_q        4.8     2.4     1.0     1.9     2.0     7.8     9.6    12.0

Total QPS = 319972.7 (9599183 / 30.0s)

Misses = 0 (0.0%)
Skipped TXs = 0 (0.0%)

RX 1653844531 bytes :   52.6 MB/s
TX 1061976339 bytes :   33.8 MB/s
