3.001049 2187.500000 6621 2206.228648 70.599317
3.001337 2187.500000 6580 2192.356271 70.155401
3.000555 2187.500000 6497 2165.265780 69.288505
3.002452 2187.500000 6649 2214.523530 70.864753
3.000171 2187.500000 6567 2188.875019 70.044001
3.000158 2187.500000 6710 2236.548863 71.569564
3.000332 2187.500000 6540 2179.758556 69.752274
3.000670 2187.500000 6516 2171.515267 69.488489
3.000001 2187.500000 6639 2212.999290 70.815977
3.000097 2187.500000 6415 2138.263941 68.424446
3.001388 2187.500000 6515 2170.662025 69.461185
3.002287 2187.500000 6479 2158.021530 69.056689
3.000631 2187.500000 6447 2148.547916 68.753533
3.000102 2187.500000 6566 2188.592055 70.034946
3.000951 2187.500000 6480 2159.315640 69.098100
3.000050 2187.500000 6753 2250.962843 72.030811
3.000192 2187.500000 6598 2199.192411 70.374157
3.000116 2187.500000 6433 2144.250450 68.616014
3.000328 2187.500000 6643 2214.091618 70.850932
3.000119 2187.500000 6571 2190.246805 70.087898
3.000434 2187.500000 6706 2235.010297 71.520329
3.000774 2187.500000 6433 2143.779893 68.600957
3.000372 2187.500000 6452 2150.399692 68.812790
3.000013 2187.500000 6334 2111.323885 67.562364
3.000551 2187.500000 6408 2135.608029 68.339457
3.000127 2187.500000 6392 2130.576654 68.178453
3.000106 2187.500000 6586 2195.255799 70.248186
3.000379 2187.500000 6605 2201.388506 70.444432
3.001266 2187.500000 6690 2229.059008 71.329888
3.000364 2187.500000 6604 2201.066092 70.434115
3.000077 2187.500000 6518 2172.610860 69.523548
3.000426 2187.500000 6539 2179.357341 69.739435
6.001895 2187.500000 6666 2220.839384 71.066860
6.000474 2187.500000 6418 2139.080119 68.450564
6.001178 2187.500000 6654 2217.255604 70.952179
6.001229 2187.500000 6573 2190.243344 70.087787
6.000632 2187.500000 6544 2180.910027 69.789121
6.000427 2187.500000 6617 2205.353375 70.571308
6.000588 2187.500000 6544 2181.220803 69.799066
6.000664 2187.500000 6505 2168.127111 69.380068
6.000652 2187.500000 6598 2198.940713 70.366103
6.000391 2187.500000 6638 2212.623351 70.803947
6.001650 2187.500000 6499 2166.107171 69.315429
6.000351 2187.500000 6486 2161.817447 69.178158
6.000527 2187.500000 6674 2224.552186 71.185670
6.001625 2187.500000 6573 2190.219230 70.087015
6.001224 2187.500000 6554 2184.234974 69.895519
6.002198 2187.500000 6549 2181.516637 69.808532
6.001355 2187.500000 6559 2186.109989 69.955520
6.000172 2187.500000 6622 2207.281778 70.633017
6.001871 2187.500000 6603 2200.118763 70.403800
6.000261 2187.500000 6592 2197.219737 70.311032
6.000058 2187.500000 6605 2201.634170 70.452293
6.001451 2187.500000 6507 2168.638715 69.396439
6.000754 2187.500000 6554 2184.210235 69.894728
6.000787 2187.500000 6560 2186.657324 69.973034
6.001502 2187.500000 6268 2089.254268 66.856137
6.000567 2187.500000 6417 2138.988126 68.447620
6.000416 2187.500000 6571 2190.295904 70.089469
6.003446 2187.500000 6560 2185.822204 69.946311
6.002489 2187.500000 6590 2196.639676 70.292470
6.002184 2187.500000 6548 2181.999082 69.823971
6.000174 2187.500000 6617 2205.595200 70.579046
6.002154 2187.500000 6677 2224.385086 71.180323
9.000571 2187.500000 6591 2196.894363 70.300620
9.002677 2187.500000 6549 2181.625779 69.812025
9.000387 2187.500000 6738 2245.905641 71.868981
9.003184 2187.500000 6569 2188.547821 70.033530
9.001991 2187.500000 6542 2180.311623 69.769972
9.000693 2187.500000 6743 2247.440470 71.918095
9.000599 2187.500000 6773 2257.658752 72.245080
9.000299 2187.500000 6525 2174.908486 69.597072
9.000692 2187.500000 6480 2159.971153 69.119077
9.001150 2187.500000 6429 2142.630162 68.564165
9.000487 2187.500000 6478 2159.323781 69.098361
9.000533 2187.500000 6625 2208.328529 70.666513
9.000626 2187.500000 6462 2153.802241 68.921672
9.001322 2187.500000 6401 2133.597265 68.275112
9.001319 2187.500000 6640 2213.229342 70.823339
9.000416 2187.500000 6504 2167.741197 69.367718
9.001370 2187.500000 6572 2190.656278 70.101001
9.001516 2187.500000 6609 2202.789241 70.489256
9.001500 2187.500000 6683 2227.630267 71.284169
9.000643 2187.500000 6614 2204.610861 70.547548
9.001935 2187.500000 6588 2195.772788 70.264729
9.001298 2187.500000 6374 2124.281299 67.977002
9.002907 2187.500000 6673 2223.583646 71.154677
9.001957 2187.500000 6690 2229.936614 71.357972
9.000916 2187.500000 6453 2150.819790 68.826233
9.002553 2187.500000 6514 2171.076689 69.474454
9.001864 2187.500000 6604 2200.271327 70.408682
9.002822 2187.500000 6734 2244.417189 71.821350
9.004426 2187.500000 6592 2196.615612 70.291700
9.003014 2187.500000 6681 2226.384460 71.244303
9.001556 2187.500000 6548 2181.661707 69.813175
9.002340 2187.500000 6612 2203.863234 70.523623
12.002605 2187.500000 6451 2149.290329 68.777291
12.004451 2187.500000 6438 2144.835179 68.634726
12.000903 2187.500000 6569 2189.424655 70.061589
12.000855 2187.500000 6542 2180.548288 69.777545
12.001396 2187.500000 6508 2168.776680 69.400854
12.001280 2187.500000 6472 2156.763387 69.016428
12.001073 2187.500000 6474 2157.726864 69.047260
12.001037 2187.500000 6454 2151.019564 68.832626
12.006256 2187.500000 6615 2200.630041 70.420161
12.005127 2187.500000 6533 2175.352215 69.611271
12.001753 2187.500000 6610 2203.016940 70.496542
12.001002 2187.500000 6478 2158.890519 69.084497
12.001389 2187.500000 6466 2155.283231 68.969063
12.002568 2187.500000 6632 2210.241251 70.727720
12.002181 2187.500000 6514 2170.141599 69.444531
12.001781 2187.500000 6658 2219.137397 71.012397
12.002084 2187.500000 6355 2117.920854 67.773467
12.001066 2187.500000 6560 2186.358822 69.963482
12.002182 2187.500000 6300 2099.431475 67.181807
12.000917 2187.500000 6487 2161.972231 69.183111
12.003177 2187.500000 6728 2240.977693 71.711286
12.003379 2187.500000 6629 2209.058461 70.689871
12.003421 2187.500000 6611 2202.591693 70.482934
12.002017 2187.500000 6722 2240.129918 71.684157
12.003750 2187.500000 6453 2150.395934 68.812670
12.002205 2187.500000 6531 2176.752210 69.656071
12.003286 2187.500000 6428 2142.231984 68.551423
12.003449 2187.500000 6516 2171.808340 69.497867
12.006617 2187.500000 6544 2179.741531 69.751729
12.004070 2187.500000 6597 2198.225860 70.343228
12.002659 2187.500000 6604 2200.524156 70.416773
12.002341 2187.500000 6437 2145.666528 68.661329
15.002341 2187.500000 6575 2190.891709 70.108535
15.002587 2187.500000 6589 2196.035640 70.273140
15.001180 2187.500000 6588 2195.797238 70.265512
15.001990 2187.500000 6638 2212.512010 70.800384
15.001617 2187.500000 6498 2165.602176 69.299270
15.001382 2187.500000 6557 2185.441352 69.934123
15.000909 2187.500000 6489 2162.960690 69.214742
15.001041 2187.500000 6595 2198.329850 70.346555
15.001940 2187.500000 6664 2220.925910 71.069629
15.002645 2187.500000 6703 2234.275955 71.496831
15.002114 2187.500000 6600 2199.734718 70.391511
15.003794 2187.500000 6664 2219.559460 71.025903
15.002549 2187.500000 6519 2172.663359 69.525227
15.001458 2187.500000 6396 2131.615347 68.211691
15.001051 2187.500000 6670 2223.297435 71.145518
15.004177 2187.500000 6578 2191.518418 70.128589
15.002301 2187.500000 6538 2179.246760 69.735896
15.004132 2187.500000 6466 2154.842342 68.954955
15.004786 2187.500000 6735 2244.749266 71.831977
15.002315 2187.500000 6546 2181.782987 69.817056
15.005066 2187.500000 6666 2220.751182 71.064038
15.004066 2187.500000 6591 2196.527407 70.288877
15.004157 2187.500000 6336 2111.712830 67.574811
15.003480 2187.500000 6568 2189.191463 70.054127
15.003325 2187.500000 6481 2159.527154 69.104869
15.005275 2187.500000 6682 2227.223620 71.271156
15.004276 2187.500000 6566 2187.865106 70.011683
15.002995 2187.500000 6530 2176.422805 69.645530
15.004369 2187.500000 6685 2228.111480 71.299567
15.006980 2187.500000 6566 2188.401717 70.028855
15.006591 2187.500000 6744 2247.749225 71.927975
15.002711 2187.500000 6405 2134.736508 68.311568
18.001124 2187.500000 6626 2208.508548 70.672274
18.001266 2187.500000 6688 2229.269702 71.336630
18.001831 2187.500000 6593 2197.337559 70.314802
18.001161 2187.500000 6580 2193.246143 70.183877
18.003429 2187.500000 6578 2192.093569 70.146994
18.001634 2187.500000 6511 2170.321155 69.450277
18.002065 2187.500000 6636 2211.907541 70.781041
18.002830 2187.500000 6403 2133.358180 68.267462
18.002662 2187.500000 6557 2185.177046 69.925665
18.002305 2187.500000 6662 2220.525508 71.056816
18.001254 2187.500000 6507 2168.853175 69.403302
18.003225 2187.500000 6517 2171.674389 69.493580
18.002507 2187.500000 6431 2143.519737 68.592632
18.002841 2187.500000 6767 2255.447017 72.174305
18.002627 2187.500000 6498 2165.793195 69.305382
18.002910 2187.500000 6609 2202.763397 70.488429
18.004379 2187.500000 6721 2240.167880 71.685372
18.004086 2187.500000 6484 2161.318699 69.162198
18.003878 2187.500000 6538 2179.044283 69.729417
18.004778 2187.500000 6555 2184.562393 69.905997
18.005840 2187.500000 6509 2168.187887 69.382012
18.005180 2187.500000 6588 2194.642595 70.228563
18.005685 2187.500000 6588 2195.699626 70.262388
18.004271 2187.500000 6528 2175.899158 69.628773
18.007247 2187.500000 6419 2137.912806 68.413210
18.005750 2187.500000 6438 2145.012403 68.640397
18.005266 2187.500000 6643 2214.185682 70.853942
18.004283 2187.500000 6569 2189.661738 70.069176
18.009339 2187.500000 6688 2227.582014 71.282624
18.007507 2187.500000 6614 2203.993135 70.527780
18.003060 2187.500000 6527 2175.620183 69.619846
18.002768 2187.500000 6541 2180.292094 69.769347
21.002483 2187.500000 6600 2199.693732 70.390199
21.002223 2187.500000 6473 2156.902430 69.020878
21.001139 2187.500000 6513 2170.988898 69.471645
21.002230 2187.500000 6631 2209.623318 70.707946
21.002785 2187.500000 6630 2209.297957 70.697535
21.003764 2187.500000 6603 2199.438352 70.382027
21.002898 2187.500000 6512 2170.238077 69.447618
21.001792 2187.500000 6718 2238.931524 71.645809
21.002672 2187.500000 6512 2170.660111 69.461124
21.002691 2187.500000 6500 2166.620438 69.331854
21.003122 2187.500000 6583 2193.883417 70.204269
21.003060 2187.500000 6747 2248.835370 71.962732
21.004234 2187.500000 6644 2213.689556 70.838066
21.004321 2187.500000 6663 2220.826608 71.066451
21.003641 2187.500000 6496 2165.180682 69.285782
21.004557 2187.500000 6767 2255.156372 72.165004
21.004409 2187.500000 6610 2203.311060 70.505954
21.002985 2187.500000 6677 2225.551725 71.217655
21.004990 2187.500000 6788 2262.507175 72.400230
21.003896 2187.500000 6404 2134.189368 68.294060
21.004618 2187.500000 6561 2186.747511 69.975920
21.004475 2187.500000 6642 2213.858368 70.843468
21.005938 2187.500000 6395 2131.487292 68.207593
21.005529 2187.500000 6492 2163.810127 69.241924
21.005888 2187.500000 6500 2166.632091 69.332227
21.005276 2187.500000 6591 2196.929843 70.301755
21.007745 2187.500000 6558 2184.547130 69.905508
21.007300 2187.500000 6674 2224.627627 71.188084
21.003338 2187.500000 6485 2161.466392 69.166925
21.007698 2187.500000 6415 2138.197737 68.422328
21.010591 2187.500000 6559 2185.421535 69.933489
21.003336 2187.500000 6750 2249.574120 71.986372
24.001700 2187.500000 6507 2168.594630 69.395028
24.002385 2187.500000 6596 2198.548533 70.353553
24.003513 2187.500000 6616 2204.576269 70.546441
24.003187 2187.500000 6459 2152.313236 68.874024
24.003208 2187.500000 6655 2218.269701 70.984630
24.002727 2187.500000 6457 2152.293384 68.873388
24.003713 2187.500000 6645 2214.246039 70.855873
24.003030 2187.500000 6717 2238.901100 71.644835
24.004219 2187.500000 6564 2186.954471 69.982543
24.004516 2187.500000 6668 2222.521779 71.120697
24.004659 2187.500000 6367 2121.203058 67.878498
24.002050 2187.500000 6492 2163.814404 69.242061
24.004357 2187.500000 6631 2209.805543 70.713777
24.004964 2187.500000 6586 2195.079569 70.242546
24.002993 2187.500000 6708 2235.993506 71.551792
24.005140 2187.500000 6639 2212.460934 70.798750
24.004714 2187.500000 6673 2223.977482 71.167279
24.005563 2187.500000 6589 2196.308428 70.281870
24.004844 2187.500000 6524 2173.979866 69.567356
24.005387 2187.500000 6550 2183.044311 69.857418
24.005652 2187.500000 6659 2218.856959 71.003423
24.004093 2187.500000 6625 2208.091231 70.658919
24.006143 2187.500000 6681 2226.847819 71.259130
24.004891 2187.500000 6615 2204.694088 70.550211
24.006146 2187.500000 6656 2218.475711 70.991223
24.005471 2187.500000 6642 2213.856449 70.843406
24.007511 2187.500000 6585 2194.845735 70.235064
24.003738 2187.500000 6635 2211.371822 70.763898
24.008603 2187.500000 6560 2186.006853 69.952219
24.008115 2187.500000 6529 2176.065364 69.634092
24.010625 2187.500000 6441 2146.975241 68.703208
24.003797 2187.500000 6568 2188.996310 70.047882
27.002078 2187.500000 6575 2191.390375 70.124492
27.002845 2187.500000 6651 2216.660012 70.933120
27.003255 2187.500000 6508 2168.951920 69.406461
27.002122 2187.500000 6640 2213.280181 70.824966
27.005319 2187.500000 6669 2221.810408 71.097933
27.003746 2187.500000 6597 2198.475299 70.351210
27.004997 2187.500000 6518 2172.102995 69.507296
27.003361 2187.500000 6654 2217.871511 70.971888
27.004063 2187.500000 6780 2259.356009 72.299392
27.003950 2187.500000 6562 2187.014793 69.984473
27.004937 2187.500000 6667 2221.904266 71.100937
27.003024 2187.500000 6591 2196.977835 70.303291
27.004785 2187.500000 6605 2201.574376 70.450380
27.004745 2187.500000 6464 2154.502548 68.944082
27.004635 2187.500000 6626 2208.267015 70.664544
27.004994 2187.500000 6555 2184.978704 69.919319
27.005142 2187.500000 6449 2149.665386 68.789292
27.006024 2187.500000 6565 2187.868947 70.011806
27.005094 2187.500000 6589 2196.055384 70.273772
27.004946 2187.500000 6383 2127.594307 68.083018
27.006167 2187.500000 6431 2143.649461 68.596783
27.005671 2187.500000 6619 2206.253765 70.600120
27.006281 2187.500000 6508 2169.235386 69.415532
27.005237 2187.500000 6558 2185.747504 69.943920
27.006057 2187.500000 6444 2147.709798 68.726714
27.006397 2187.500000 6635 2210.984101 70.751491
27.008305 2187.500000 6714 2237.408076 71.597058
27.004333 2187.500000 6620 2206.228555 70.599314
27.008901 2187.500000 6482 2160.451935 69.134462
27.008178 2187.500000 6625 2208.286619 70.665172
27.011415 2187.500000 6507 2168.428830 69.389723
27.003809 2187.500000 6491 2163.658357 69.237067
#type       avg     std     min     5th    10th    90th    95th    99th
read      146.2   169.7    45.3    79.0    86.4   219.3   250.7   325.2
update    149.9   168.8    49.8    81.9    89.9   222.5   253.3   327.9
op_q        1.4     0.7     1.0     1.0     1.0     2.1     2.9     3.8

Total QPS = 139987.6 (4199627 / 30.0s)

Misses = 0 (0.0%)
Skipped TXs = 0 (0.0%)

RX  728775102 bytes :   23.2 MB/s
TX  465098066 bytes :   14.8 MB/s
