3.025426 625.000000 1870 618.094867 19.779036
3.003278 625.000000 1905 634.307019 20.297825
3.000451 625.000000 1796 598.576767 19.154457
3.003576 625.000000 1893 630.248673 20.167958
3.006747 625.000000 1897 630.914408 20.189261
3.000475 625.000000 1842 613.902858 19.644891
3.002007 625.000000 1861 619.918506 19.837392
3.000177 625.000000 1790 596.631541 19.092209
3.001909 625.000000 1896 631.598068 20.211138
3.001850 625.000000 1841 613.288463 19.625231
3.003189 625.000000 1960 652.639539 20.884465
3.001372 625.000000 1909 636.042510 20.353360
3.000304 625.000000 1885 628.269742 20.104632
3.000549 625.000000 1803 600.890073 19.228482
3.002988 625.000000 1821 606.395970 19.404671
3.000273 625.000000 1933 644.274629 20.616788
3.000168 625.000000 1880 626.631665 20.052213
3.002100 625.000000 1788 595.583102 19.058659
3.001303 625.000000 1897 632.058757 20.225880
3.001177 625.000000 1861 620.090005 19.842880
3.001029 625.000000 1860 619.787376 19.833196
3.001295 625.000000 1872 623.730760 19.959384
3.000688 625.000000 1893 630.855234 20.187367
3.002570 625.000000 1884 627.462405 20.078797
3.012923 625.000000 1883 624.974472 19.999183
3.000936 625.000000 1850 616.474398 19.727181
3.003553 625.000000 1885 627.590002 20.082880
3.000676 625.000000 1919 639.522539 20.464721
3.001803 625.000000 1828 608.967404 19.486957
3.000273 625.000000 1852 617.277114 19.752868
3.001902 625.000000 1876 624.937168 19.997989
3.000766 625.000000 1845 614.843058 19.674978
6.002729 625.000000 1840 612.888025 19.612417
6.008167 625.000000 1760 585.166199 18.725318
6.002243 625.000000 1793 597.253432 19.112110
6.001754 625.000000 2027 675.373295 21.611945
6.000887 625.000000 1840 613.188043 19.622017
6.004170 625.000000 1824 607.760629 19.448340
6.000738 625.000000 1955 651.565682 20.850102
6.007133 625.000000 1862 619.608081 19.827459
6.001968 625.000000 1955 651.537256 20.849192
6.002886 625.000000 1859 619.338291 19.818825
6.000341 625.000000 1803 600.992534 19.231761
6.000703 625.000000 1857 618.911409 19.805165
6.001868 625.000000 2005 668.146575 21.380690
6.004742 625.000000 1824 607.177002 19.429664
6.007623 625.000000 1829 609.488717 19.503639
6.005549 625.000000 1785 594.278923 19.016926
6.004900 625.000000 1880 625.889960 20.028479
6.001351 625.000000 1806 601.867119 19.259748
6.003706 625.000000 1918 638.991285 20.447721
6.001929 625.000000 1933 644.316457 20.618127
6.004358 625.000000 1837 612.112802 19.587610
6.004734 625.000000 1883 626.949593 20.062387
6.005789 625.000000 1877 625.124894 20.003997
6.005066 625.000000 1913 637.350110 20.395204
6.001284 625.000000 1851 616.928432 19.741710
6.001955 625.000000 1900 633.301087 20.265635
6.003277 625.000000 1922 640.515772 20.496505
6.005849 625.000000 1946 648.170730 20.741463
6.023406 625.000000 1911 634.781888 20.313020
6.002298 625.000000 1803 600.920598 19.229459
6.025892 625.000000 1836 611.904803 19.580954
6.002912 625.000000 1963 653.865595 20.923699
9.009888 625.000000 1823 606.023387 19.392748
9.002217 625.000000 1843 614.274202 19.656774
9.000847 625.000000 1896 631.977164 20.223269
9.004943 625.000000 1848 615.389721 19.692471
9.002793 625.000000 1961 653.132872 20.900252
9.001305 625.000000 1915 638.244556 20.423826
9.017846 625.000000 1821 603.859364 19.323500
9.004953 625.000000 1864 621.171156 19.877477
9.007097 625.000000 1844 614.398888 19.660764
9.004037 625.000000 1889 629.089375 20.130860
9.004415 625.000000 1888 628.799358 20.121579
9.004280 625.000000 1853 617.064077 19.746050
9.009877 625.000000 1907 634.750920 20.312029
9.005090 625.000000 1804 600.860380 19.227532
9.010311 625.000000 1867 621.888960 19.900447
9.005921 625.000000 1770 589.564762 18.866072
9.007091 625.000000 1871 623.245951 19.943870
9.005337 625.000000 1922 640.573407 20.498349
9.007356 625.000000 1829 609.058090 19.489859
9.008290 625.000000 1947 647.832982 20.730655
9.004762 625.000000 1843 614.327671 19.658485
9.005504 625.000000 1805 601.514020 19.248449
9.005401 625.000000 1813 603.905875 19.324988
9.008920 625.000000 1881 626.729121 20.055332
9.002131 625.000000 1847 615.630629 19.700180
9.003014 625.000000 1889 629.181820 20.133818
9.008754 625.000000 1850 616.333647 19.722677
9.006879 625.000000 1834 611.123392 19.555949
9.002331 625.000000 1919 639.659604 20.469107
9.023468 625.000000 2003 667.652813 21.364890
9.026080 625.000000 1887 628.960668 20.126741
9.004387 625.000000 1876 625.025940 20.000830
12.002836 625.000000 1860 619.872215 19.835911
12.001575 625.000000 1898 632.609701 20.243510
12.000902 625.000000 1828 609.322084 19.498307
12.006258 625.000000 1895 631.507796 20.208249
12.009966 625.000000 1873 623.735784 19.959545
12.002914 625.000000 1969 656.306727 21.001815
12.009975 625.000000 1909 635.351142 20.331237
12.005175 625.000000 1915 638.283990 20.425088
12.008173 625.000000 1825 607.708851 19.446683
12.006123 625.000000 1874 624.423108 19.981539
12.006119 625.000000 1751 583.628106 18.676099
12.008286 625.000000 1846 614.512758 19.664408
12.013211 625.000000 1917 637.755346 20.408171
12.007702 625.000000 1875 624.315922 19.978110
12.006099 625.000000 1882 627.053891 20.065724
12.009658 625.000000 1779 591.515911 18.928509
12.005728 625.000000 1872 623.931905 19.965821
12.005188 625.000000 1918 639.088130 20.450820
12.019929 625.000000 1790 594.125329 19.012011
12.009717 625.000000 1804 601.140261 19.236488
12.012053 625.000000 1893 630.633689 20.180278
12.009362 625.000000 1970 656.569844 21.010235
12.010129 625.000000 1944 647.945563 20.734258
12.011275 625.000000 1894 631.041749 20.193336
12.003448 625.000000 1857 618.910462 19.805135
12.010800 625.000000 1945 647.791340 20.729323
12.006897 625.000000 1886 628.663047 20.117217
12.018134 625.000000 1855 618.273915 19.784765
12.002820 625.000000 1792 597.236023 19.111553
12.026419 625.000000 1850 616.596867 19.731100
12.024261 625.000000 1931 643.496557 20.591890
12.009107 625.000000 1922 639.660271 20.469129
15.003827 625.000000 1913 637.472694 20.399126
15.002899 625.000000 1925 641.383557 20.524274
15.003369 625.000000 1904 634.553813 20.305722
15.004362 625.000000 1884 627.276624 20.072852
15.008183 625.000000 1805 601.063957 19.234047
15.021050 625.000000 1865 618.588765 19.794840
15.006262 625.000000 1831 610.300262 19.529608
15.008569 625.000000 1895 631.151278 20.196841
15.010674 625.000000 1795 597.857603 19.131443
15.006609 625.000000 1908 635.925787 20.349625
15.015991 625.000000 1798 598.011856 19.136379
15.008800 625.000000 1878 625.359646 20.011509
15.007795 625.000000 1899 632.980451 20.255374
15.010277 625.000000 2017 672.300348 21.513611
15.010426 625.000000 1790 596.575065 19.090402
15.006988 625.000000 1863 620.981057 19.871394
15.008650 625.000000 1902 633.899165 20.284773
15.011434 625.000000 1898 632.304779 20.233753
15.005455 625.000000 1892 630.610484 20.179535
15.003960 625.000000 1809 602.897254 19.292712
15.012084 625.000000 1877 625.660347 20.021131
15.013849 625.000000 1873 623.797942 19.961534
15.011008 625.000000 1880 626.450907 20.046429
15.011184 625.000000 1898 632.585631 20.242740
15.020213 625.000000 1930 642.887992 20.572416
15.013736 625.000000 1859 619.558308 19.825866
15.010191 625.000000 1835 611.558095 19.569859
15.002988 625.000000 1819 606.299349 19.401579
15.024853 625.000000 1841 612.661002 19.605152
15.025820 625.000000 1933 643.998759 20.607960
15.027152 625.000000 1901 633.512061 20.272386
15.009216 625.000000 1884 627.977180 20.095270
18.002996 625.000000 1918 639.312724 20.458007
18.006806 625.000000 1878 625.283753 20.009080
18.008782 625.000000 1864 620.308874 19.849884
18.009850 625.000000 1834 611.072258 19.554312
18.013471 625.000000 1926 641.317000 20.522144
18.005569 625.000000 1852 617.084972 19.746719
18.013867 625.000000 1846 614.169637 19.653428
18.006043 625.000000 1865 621.235329 19.879531
18.009792 625.000000 1908 635.758006 20.344256
18.021437 625.000000 1780 591.312389 18.921996
18.016194 625.000000 1859 618.597194 19.795110
18.006725 625.000000 1857 618.738109 19.799619
18.006380 625.000000 1849 616.309081 19.721891
18.008033 625.000000 1863 620.950856 19.870427
18.011966 625.000000 1796 598.359604 19.147507
18.011419 625.000000 1878 625.844442 20.027022
18.007392 625.000000 1883 627.582237 20.082632
18.009234 625.000000 1923 640.907353 20.509035
18.013512 625.000000 1892 630.366614 20.171732
18.010530 625.000000 1710 569.255893 18.216189
18.012036 625.000000 1895 631.540052 20.209282
18.028931 625.000000 1933 643.458748 20.590680
18.014047 625.000000 1899 632.958417 20.254669
18.010702 625.000000 1894 631.225806 20.199226
18.014326 625.000000 1789 596.216058 19.078914
18.016779 625.000000 1923 640.831677 20.506614
18.023800 625.000000 1819 605.778038 19.384897
18.004178 625.000000 1862 620.420633 19.853460
18.020390 625.000000 1871 623.629754 19.956152
18.029846 625.000000 1940 646.086503 20.674768
18.027837 625.000000 1843 613.920627 19.645460
18.010732 625.000000 1993 663.997929 21.247934
21.004130 625.000000 1778 592.442650 18.958165
21.005855 625.000000 1818 605.942202 19.390150
21.006381 625.000000 1909 636.333151 20.362661
21.011283 625.000000 1957 651.361190 20.843558
21.011493 625.000000 1956 651.248785 20.839961
21.010874 625.000000 1876 625.107807 20.003450
21.012210 625.000000 1862 620.503059 19.856098
21.013661 625.000000 1876 625.302245 20.009672
21.009195 625.000000 1927 641.804850 20.537755
21.010637 625.000000 1933 643.935192 20.605926
21.011510 625.000000 1817 605.331705 19.370615
21.014839 625.000000 1892 629.798138 20.153540
21.015829 625.000000 1952 650.280383 20.808972
21.008670 625.000000 1876 625.066888 20.002140
21.014062 625.000000 1858 618.915251 19.805288
21.009534 625.000000 1911 636.936223 20.381959
21.012216 625.000000 1912 637.280079 20.392963
21.016458 625.000000 1842 613.470265 19.631048
21.006812 625.000000 1923 640.835608 20.506739
21.014285 625.000000 1690 563.180549 18.021778
21.018335 625.000000 1892 630.339876 20.170876
21.014860 625.000000 1864 621.222662 19.879125
21.016018 625.000000 1852 616.206042 19.718593
21.020301 625.000000 1863 620.151188 19.844838
21.005137 625.000000 1891 630.131869 20.164220
21.020815 625.000000 1884 627.910984 20.093151
21.024098 625.000000 1874 624.604766 19.987353
21.022286 625.000000 1876 625.156497 20.005008
21.029001 625.000000 1836 611.985797 19.583545
21.030201 625.000000 1913 637.591041 20.402913
21.028845 625.000000 1913 637.452435 20.398478
21.012753 625.000000 1971 656.557697 21.009846
24.006887 625.000000 1864 620.762898 19.864413
24.011681 625.000000 1926 641.914824 20.541274
24.005908 625.000000 1945 648.321922 20.746301
24.014009 625.000000 1745 581.319241 18.602216
24.009440 625.000000 1812 603.384724 19.308311
24.007843 625.000000 1876 625.118566 20.003794
24.010672 625.000000 1962 653.564059 20.914050
24.009586 625.000000 1875 624.989104 19.999651
24.015235 625.000000 1841 612.775948 19.608830
24.015228 625.000000 1775 590.762505 18.904400
24.013479 625.000000 1882 626.918260 20.061384
24.014350 625.000000 1875 624.856561 19.995410
24.010719 625.000000 1977 658.665419 21.077293
24.012135 625.000000 1917 638.866956 20.443743
24.016932 625.000000 1875 624.449092 19.982371
24.019012 625.000000 2021 672.142796 21.508569
24.017958 625.000000 1927 641.500415 20.528013
24.008771 625.000000 1867 621.580457 19.890575
24.016440 625.000000 1812 603.876947 19.324062
24.015023 625.000000 1786 595.301025 19.049633
24.020198 625.000000 1836 611.237908 19.559613
24.025195 625.000000 1869 622.396438 19.916686
24.019335 625.000000 1828 609.130245 19.492168
24.022533 625.000000 1915 637.968072 20.414978
24.016234 625.000000 1896 631.954540 20.222545
24.032057 625.000000 1857 616.583756 19.730680
24.017972 625.000000 1865 621.018125 19.872580
24.024553 625.000000 1770 589.910433 18.877134
24.029748 625.000000 1807 602.183339 19.269867
24.030743 625.000000 1921 640.217838 20.486971
24.028919 625.000000 2006 668.650189 21.396806
24.014816 625.000000 1893 630.566381 20.178124
27.006533 625.000000 1832 610.539510 19.537264
27.009280 625.000000 1903 633.827756 20.282488
27.016765 625.000000 1848 615.642409 19.700557
27.015949 625.000000 1817 605.343931 19.371006
27.011666 625.000000 1860 619.540220 19.825287
27.016902 625.000000 1862 619.681995 19.829824
27.014573 625.000000 1920 639.879689 20.476150
27.012580 625.000000 1919 639.475109 20.463203
27.016626 625.000000 1888 627.859963 20.091519
27.014400 625.000000 1929 642.201789 20.550457
27.014327 625.000000 1922 640.485647 20.495541
27.009760 625.000000 1851 616.605910 19.731389
27.013457 625.000000 1924 640.748483 20.503951
27.018536 625.000000 1901 632.970227 20.255047
27.017386 625.000000 1815 604.809329 19.353899
27.019426 625.000000 1863 620.132201 19.844230
27.017404 625.000000 2007 668.894743 21.404632
27.018429 625.000000 1844 614.570087 19.666243
27.022827 625.000000 1888 629.271640 20.136692
27.019719 625.000000 1849 616.254352 19.720139
27.021047 625.000000 1930 643.151297 20.580842
27.019718 625.000000 1918 639.182854 20.453851
27.017012 625.000000 1962 653.830558 20.922578
27.029877 625.000000 1962 652.841499 20.890928
27.019918 625.000000 1845 614.601313 19.667242
27.027520 625.000000 1906 634.841448 20.314926
27.009431 625.000000 1841 613.531731 19.633015
27.030087 625.000000 1863 620.929755 19.869752
27.030979 625.000000 1815 604.584877 19.346716
27.031486 625.000000 1878 625.844927 20.027038
27.032531 625.000000 1928 642.565056 20.562082
27.015613 625.000000 1800 599.840579 19.194899
#type       avg     std     min     5th    10th    90th    95th    99th
read      104.3    61.7    54.8    69.7    73.8   147.0   167.1   211.9
update    108.3    58.6    54.8    73.6    76.7   151.4   171.0   216.2
op_q        1.1     0.3     1.0     1.0     1.0     1.1     2.0     2.1

Total QPS = 39935.3 (1198058 / 30.0s)

Misses = 0 (0.0%)
Skipped TXs = 0 (0.0%)

RX  206547415 bytes :    6.6 MB/s
TX  132705774 bytes :    4.2 MB/s
