3.000110 3611.111111 10924 3641.200283 116.518409
3.000062 3611.111111 10949 3649.591818 116.786938
3.000445 3611.111111 10563 3520.477846 112.655291
3.000720 3611.111111 10836 3611.133752 115.556280
3.000192 3611.111111 10805 3601.436119 115.245956
3.000133 3611.111111 10735 3578.174465 114.501583
3.000942 3611.111111 10894 3630.193050 116.166178
3.000254 3611.111111 10769 3589.362572 114.859602
3.000470 3611.111111 10876 3624.765504 115.992496
3.000024 3611.111111 10756 3585.305076 114.729762
3.000035 3611.111111 10719 3572.958046 114.334657
3.000289 3611.111111 10762 3586.988263 114.783624
3.000064 3611.111111 10676 3558.591264 113.874920
3.000039 3611.111111 10718 3572.619857 114.323835
3.000006 3611.111111 10818 3605.992608 115.391763
3.000127 3611.111111 10829 3609.513371 115.504428
3.000158 3611.111111 10739 3579.477770 114.543289
3.000555 3611.111111 10881 3626.328708 116.042519
3.000029 3611.111111 10849 3616.298768 115.721561
3.000742 3611.111111 11044 3680.423191 117.773542
3.000236 3611.111111 10750 3583.051806 114.657658
3.000479 3611.111111 10772 3590.092955 114.882975
3.000195 3611.111111 10886 3628.430902 116.109789
3.000413 3611.111111 10842 3613.502300 115.632074
3.000339 3611.111111 10665 3554.598030 113.747137
3.000944 3611.111111 10842 3612.863316 115.611626
3.000369 3611.111111 10965 3654.550709 116.945623
3.001112 3611.111111 10835 3610.328572 115.530514
3.000060 3611.111111 10819 3606.261398 115.400365
3.000010 3611.111111 10659 3552.988266 113.695625
3.000500 3611.111111 10803 3600.400006 115.212800
3.000537 3611.111111 10857 3618.352876 115.787292
6.000433 3611.111111 10894 3631.041993 116.193344
6.001410 3611.111111 10888 3628.196360 116.102284
6.000658 3611.111111 10794 3597.400851 115.116827
6.000369 3611.111111 10710 3569.903907 114.236925
6.000366 3611.111111 10831 3609.966551 115.518930
6.000447 3611.111111 10810 3603.030460 115.296975
6.000260 3611.111111 10998 3665.730731 117.303383
6.000499 3611.111111 10931 3643.472065 116.591106
6.000180 3611.111111 10797 3598.943595 115.166195
6.000073 3611.111111 10959 3652.988946 116.895646
6.000063 3611.111111 10807 3602.285633 115.273140
6.000227 3611.111111 10883 3627.427365 116.077676
6.000130 3611.111111 10737 3578.996621 114.527892
6.000477 3611.111111 11053 3684.200035 117.894401
6.000068 3611.111111 10859 3619.592629 115.826964
6.000104 3611.111111 10979 3659.582687 117.106646
6.000602 3611.111111 10612 3536.923152 113.181541
6.000464 3611.111111 11016 3671.566558 117.490130
6.000832 3611.111111 10850 3616.531610 115.729012
6.000430 3611.111111 10938 3645.979119 116.671332
6.000580 3611.111111 10671 3556.970805 113.823066
6.001111 3611.111111 10808 3601.908600 115.261075
6.000016 3611.111111 10868 3622.659060 115.925090
6.000726 3611.111111 10892 3630.073488 116.162352
6.000482 3611.111111 10942 3647.288223 116.713223
6.001771 3611.111111 11146 3714.058752 118.849880
6.001045 3611.111111 10855 3618.211370 115.782764
6.001295 3611.111111 10688 3562.248187 113.991942
6.000165 3611.111111 10717 3572.207921 114.310653
6.001494 3611.111111 10836 3611.540439 115.569294
6.000646 3611.111111 10585 3528.161948 112.901182
6.000678 3611.111111 10721 3573.498473 114.351951
9.000777 3611.111111 10792 3596.618161 115.091781
9.000454 3611.111111 10842 3613.766320 115.640522
9.000079 3611.111111 10715 3571.652761 114.292888
9.000979 3611.111111 10762 3586.238336 114.759627
9.000430 3611.111111 10762 3586.906613 114.781012
9.000377 3611.111111 10704 3567.991488 114.175728
9.000306 3611.111111 10777 3592.238523 114.951633
9.000652 3611.111111 10665 3554.350871 113.739228
9.000590 3611.111111 10691 3563.479460 114.031343
9.001028 3611.111111 10922 3639.962345 116.478795
9.000220 3611.111111 10736 3578.560080 114.513923
9.000573 3611.111111 10940 3646.415468 116.685295
9.001175 3611.111111 10799 3598.979729 115.167351
9.000718 3611.111111 10801 3600.050447 115.201614
9.000017 3611.111111 10942 3647.332134 116.714628
9.001329 3611.111111 10987 3661.277051 117.160866
9.000867 3611.111111 10863 3620.653950 115.860926
9.000764 3611.111111 11029 3676.203632 117.638516
9.000712 3611.111111 10726 3575.080186 114.402566
9.000661 3611.111111 11039 3679.058166 117.729861
9.002174 3611.111111 10830 3608.385536 115.468337
9.000635 3611.111111 10986 3661.807014 117.177824
9.001138 3611.111111 10779 3592.888036 114.972417
9.001759 3611.111111 10924 3640.910078 116.509122
9.001490 3611.111111 10707 3568.091799 114.178938
9.000457 3611.111111 10678 3559.302057 113.897666
9.001370 3611.111111 10849 3616.242906 115.719773
9.001660 3611.111111 10849 3615.670865 115.701468
9.001972 3611.111111 10983 3660.755391 117.144173
9.001701 3611.111111 10778 3592.418704 114.957399
9.001060 3611.111111 10822 3606.834993 115.418720
9.000862 3611.111111 10707 3568.780454 114.200975
12.000411 3611.111111 10728 3575.604798 114.419354
12.001231 3611.111111 10796 3598.599222 115.155175
12.000325 3611.111111 10705 3568.310983 114.185951
12.000269 3611.111111 10843 3614.273700 115.656758
12.000902 3611.111111 10805 3601.035350 115.233131
12.000978 3611.111111 11027 3675.340900 117.610909
12.000811 3611.111111 10884 3627.567535 116.082161
12.000437 3611.111111 10897 3632.324208 116.234375
12.002362 3611.111111 11050 3681.158971 117.797087
12.000822 3611.111111 10764 3587.875829 114.812027
12.000649 3611.111111 10694 3564.576404 114.066445
12.000717 3611.111111 10890 3629.921259 116.157480
12.000801 3611.111111 10949 3649.621130 116.787876
12.000672 3611.111111 10809 3602.741435 115.287726
12.001231 3611.111111 11002 3667.026326 117.344842
12.001246 3611.111111 10741 3579.880227 114.556167
12.000891 3611.111111 10703 3567.530444 114.160974
12.000668 3611.111111 10925 3640.876717 116.508055
12.001069 3611.111111 10709 3569.617508 114.227760
12.001359 3611.111111 10866 3621.733581 115.895475
12.001449 3611.111111 10665 3554.906339 113.757003
12.000741 3611.111111 10909 3636.237240 116.359592
12.000781 3611.111111 10873 3624.158006 115.973056
12.002368 3611.111111 11074 3690.584177 118.098694
12.001670 3611.111111 10856 3618.449180 115.790374
12.001344 3611.111111 10689 3562.982588 114.015443
12.003544 3611.111111 10817 3604.020567 115.328658
12.001718 3611.111111 11064 3687.929462 118.013743
12.002407 3611.111111 10816 3604.810668 115.353941
12.001736 3611.111111 10752 3583.958233 114.686663
12.001171 3611.111111 10844 3614.533364 115.665068
12.000921 3611.111111 10876 3625.262243 116.008392
15.000802 3611.111111 10877 3625.640329 116.020491
15.000632 3611.111111 10749 3582.633123 114.644260
15.000751 3611.111111 10973 3657.283942 117.033086
15.000662 3611.111111 10929 3642.984044 116.575489
15.000492 3611.111111 10712 3570.401847 114.252859
15.000958 3611.111111 10553 3517.588265 112.562824
15.000756 3611.111111 10919 3639.247513 116.455920
15.000822 3611.111111 11014 3671.307342 117.481835
15.001202 3611.111111 10893 3630.527063 116.176866
15.000977 3611.111111 11037 3678.680699 117.717782
15.000981 3611.111111 10958 3652.570961 116.882271
15.001599 3611.111111 10830 3609.819020 115.514209
15.002562 3611.111111 10927 3640.521414 116.496685
15.001275 3611.111111 10963 3654.280162 116.936965
15.000906 3611.111111 10993 3664.230788 117.255385
15.000675 3611.111111 10780 3593.330127 114.986564
15.001436 3611.111111 10839 3612.906879 115.613020
15.001675 3611.111111 10949 3649.144741 116.772632
15.001397 3611.111111 10969 3656.268800 117.000602
15.000766 3611.111111 10949 3649.547167 116.785509
15.000799 3611.111111 10908 3635.928681 116.349718
15.001192 3611.111111 10794 3597.743306 115.127786
15.001351 3611.111111 10781 3593.522477 114.992719
15.001831 3611.111111 10740 3579.808277 114.553865
15.002410 3611.111111 10646 3547.848399 113.531149
15.002495 3611.111111 10891 3630.179499 116.165744
15.002380 3611.111111 10992 3663.978772 117.247321
15.002629 3611.111111 10750 3582.266492 114.632528
15.002580 3611.111111 11048 3682.454318 117.838538
15.003867 3611.111111 10809 3602.611885 115.283580
15.002852 3611.111111 10758 3583.991217 114.687719
15.001026 3611.111111 10952 3650.538900 116.817245
18.001161 3611.111111 11032 3676.722328 117.655114
18.000610 3611.111111 10875 3624.857436 115.995438
18.000943 3611.111111 10840 3613.108368 115.619468
18.000896 3611.111111 10840 3613.158677 115.621078
18.002989 3611.111111 10527 3508.501221 112.272039
18.001152 3611.111111 10843 3613.706892 115.638621
18.001115 3611.111111 10997 3665.475645 117.295221
18.001237 3611.111111 11022 3673.682383 117.557836
18.001063 3611.111111 10910 3636.567607 116.370163
18.000888 3611.111111 10868 3622.587341 115.922795
18.001065 3611.111111 10882 3627.140844 116.068507
18.001204 3611.111111 11051 3683.664595 117.877267
18.000755 3611.111111 10788 3595.903198 115.068902
18.002049 3611.111111 10803 3600.737576 115.223602
18.001010 3611.111111 10839 3612.746359 115.607884
18.001302 3611.111111 10859 3619.633251 115.828264
18.000989 3611.111111 11005 3668.105687 117.379382
18.004278 3611.111111 10669 3552.866986 113.691744
18.001816 3611.111111 10737 3578.740961 114.519711
18.004753 3611.111111 10767 3585.322166 114.730309
18.001599 3611.111111 10964 3654.468151 116.942981
18.000816 3611.111111 10683 3560.941280 113.950121
18.001878 3611.111111 10923 3640.167027 116.485345
18.001545 3611.111111 10835 3611.488704 115.567639
18.002694 3611.111111 10584 3527.865656 112.891701
18.002580 3611.111111 10822 3607.231586 115.431411
18.003242 3611.111111 11039 3678.609688 117.715510
18.002663 3611.111111 10693 3564.032055 114.049026
18.003913 3611.111111 10823 3607.611559 115.443570
18.002688 3611.111111 10679 3559.597077 113.907106
18.003086 3611.111111 10576 3525.059030 112.801889
18.001285 3611.111111 10918 3639.019626 116.448628
21.003470 3611.111111 10832 3607.889317 115.452458
21.001303 3611.111111 10714 3571.047920 114.273533
21.000629 3611.111111 10845 3614.976078 115.679234
21.001012 3611.111111 10813 3604.024985 115.328800
21.002462 3611.111111 10712 3569.972551 114.239122
21.000960 3611.111111 10911 3636.912599 116.381203
21.001188 3611.111111 10841 3613.623620 115.635956
21.001164 3611.111111 10832 3610.547033 115.537505
21.001072 3611.111111 10890 3629.844523 116.155025
21.001128 3611.111111 10996 3665.050095 117.281603
21.001338 3611.111111 10821 3606.839050 115.418850
21.001539 3611.111111 10866 3621.714183 115.894854
21.001287 3611.111111 10927 3642.271967 116.552703
21.001031 3611.111111 11090 3696.614035 118.291649
21.001193 3611.111111 10950 3649.904552 116.796946
21.001458 3611.111111 10990 3662.786318 117.209162
21.003465 3611.111111 10795 3598.065396 115.138093
21.002198 3611.111111 10629 3542.549166 113.361573
21.001780 3611.111111 10811 3603.383967 115.308287
21.001342 3611.111111 10920 3639.361823 116.459578
21.002321 3611.111111 10935 3644.123918 116.611965
21.002688 3611.111111 10558 3519.303920 112.617725
21.002462 3611.111111 10903 3633.832850 116.282651
21.002735 3611.111111 10519 3506.151702 112.196854
21.003060 3611.111111 10935 3644.555837 116.625787
21.003044 3611.111111 10869 3622.932874 115.933852
21.004031 3611.111111 10686 3561.860609 113.979539
21.002723 3611.111111 10989 3662.956632 117.214612
21.004549 3611.111111 11029 3676.000814 117.632026
21.004806 3611.111111 10701 3566.937081 114.141987
21.003194 3611.111111 10946 3648.535374 116.753132
21.001351 3611.111111 10792 3597.254029 115.112129
24.001325 3611.111111 10792 3597.029611 115.104948
24.001470 3611.111111 10805 3601.334657 115.242709
24.000635 3611.111111 10522 3507.326575 112.234450
24.001240 3611.111111 10792 3596.998535 115.103953
24.001336 3611.111111 10763 3587.460778 114.798745
24.001529 3611.111111 10946 3648.390850 116.748507
24.001221 3611.111111 10777 3592.221807 114.951098
24.001697 3611.111111 10925 3641.048552 116.513554
24.001830 3611.111111 10941 3646.401045 116.684833
24.001253 3611.111111 10615 3538.049580 113.217587
24.002283 3611.111111 10901 3632.765512 116.248496
24.003192 3611.111111 10701 3566.456096 114.126595
24.001440 3611.111111 10981 3660.146498 117.124688
24.001802 3611.111111 10966 3655.307046 116.969825
24.001044 3611.111111 10681 3560.318090 113.930179
24.002341 3611.111111 10764 3587.976234 114.815239
24.001512 3611.111111 10908 3635.935082 116.349923
24.002329 3611.111111 10753 3584.176991 114.693664
24.001504 3611.111111 10969 3656.136260 116.996360
24.003052 3611.111111 10572 3523.613544 112.755633
24.002586 3611.111111 10714 3571.186015 114.277952
24.003144 3611.111111 11133 3710.876653 118.748053
24.002618 3611.111111 10923 3640.810594 116.505939
24.003891 3611.111111 10859 3618.215711 115.782903
24.003636 3611.111111 11027 3675.463327 117.614826
24.003334 3611.111111 10669 3556.008716 113.792279
24.003735 3611.111111 10889 3629.340403 116.138893
24.004031 3611.111111 10936 3645.332404 116.650637
24.004747 3611.111111 10930 3643.093615 116.578996
24.005172 3611.111111 10550 3516.237328 112.519594
24.003406 3611.111111 10676 3558.414238 113.869256
24.001367 3611.111111 10686 3561.981434 113.983406
27.001508 3611.111111 11085 3694.788593 118.233235
27.001723 3611.111111 10921 3640.301556 116.489650
27.000691 3611.111111 10886 3628.599027 116.115169
27.001274 3611.111111 11029 3676.290947 117.641310
27.002072 3611.111111 10825 3607.680693 115.445782
27.001657 3611.111111 10588 3529.112898 112.931613
27.001257 3611.111111 10982 3660.622276 117.139913
27.001531 3611.111111 10974 3657.748176 117.047942
27.001856 3611.111111 10873 3623.917374 115.965356
27.002328 3611.111111 10889 3628.592652 116.114965
27.001361 3611.111111 10821 3606.619043 115.411809
27.002993 3611.111111 11094 3697.181863 118.309820
27.002444 3611.111111 10810 3603.208843 115.302683
27.001279 3611.111111 10689 3562.968581 114.014995
27.002444 3611.111111 10737 3578.268401 114.504589
27.001952 3611.111111 10817 3605.485959 115.375551
27.002502 3611.111111 10970 3656.399873 117.004796
27.002919 3611.111111 10937 3645.301103 116.649635
27.001516 3611.111111 10694 3564.651568 114.068850
27.003440 3611.111111 10780 3593.037314 114.977194
27.002611 3611.111111 10616 3538.637688 113.236406
27.003248 3611.111111 10924 3641.207403 116.518637
27.003900 3611.111111 10634 3544.355025 113.419361
27.003801 3611.111111 10713 3570.444067 114.254210
27.004183 3611.111111 10897 3631.790736 116.217304
27.003153 3611.111111 10896 3631.878004 116.220096
27.004759 3611.111111 10785 3594.128407 115.012109
27.004221 3611.111111 10713 3570.608193 114.259462
27.005139 3611.111111 10485 3494.542887 111.825372
27.005835 3611.111111 10791 3596.205563 115.078578
27.003678 3611.111111 10823 3607.340667 115.434901
27.001785 3611.111111 10897 3631.826759 116.218456
#type       avg     std     min     5th    10th    90th    95th    99th
read      782.1   329.0   189.1   478.5   515.4  1046.6  1245.4  1460.0
update    784.5   331.9   208.0   478.7   515.7  1059.7  1255.9  1462.6
op_q        4.2     2.3     1.0     1.1     2.0     7.1     7.9    10.8

Total QPS = 260041.1 (7801234 / 30.0s)

Misses = 0 (0.0%)
Skipped TXs = 0 (0.0%)

RX 1346604272 bytes :   42.8 MB/s
TX  863746900 bytes :   27.5 MB/s
