3.033524 10457.113797
3.017398 275.543302
3.001260 244.088587
3.086814 257.677024
3.031817 8625.129455
3.026529 240.428402
3.001887 224.935005
3.010408 12527.829400
3.020488 249.731372
3.017046 251.370830
3.007085 275.543302
3.000823 267.994170
3.074020 228.627871
3.023009 274.788389
3.048384 250.646419
3.000379 261.577409
3.015988 263.842148
3.017492 243.783572
3.030545 250.188895
3.031642 339.953751
3.003485 254.909009
3.003837 245.518347
3.020664 255.160647
3.024734 248.520842
3.000928 228.477974
3.004091 245.632728
3.003167 251.180196
3.001778 249.990635
3.018966 239.398975
3.032958 247.481884
3.042447 248.749604
6.057300 248.492247
6.113611 241.057496
6.010204 250.036388
6.062526 247.199744
6.079244 244.088587
6.026507 248.377866
6.010441 263.590510
6.002519 261.116073
6.051710 243.440429
6.029999 244.012333
6.092249 244.820624
6.069384 249.682847
6.037471 278.739101
6.128476 253.147545
6.064062 265.981069
6.061083 248.034724
6.114637 248.023286
6.035465 248.206295
6.039545 246.033060
6.124779 240.771544
6.012947 268.665204
6.087045 257.593145
6.074914 241.846724
6.014998 244.012333
6.024246 263.967967
6.060675 241.877225
6.056058 248.271656
6.005914 247.720177
6.029228 250.448159
6.104137 248.079205
6.042521 247.582400
9.113917 253.399183
9.017234 254.405734
9.116900 248.091914
9.014541 251.134443
9.021672 248.079205
9.066251 246.096605
9.088649 249.235722
9.272479 246.376203
9.104298 245.842426
9.030335 251.367364
9.032234 234.633109
9.033545 267.648168
9.064320 260.528918
9.086713 245.232395
9.107648 244.984570
9.058767 245.975870
9.135747 239.589610
9.074339 244.774872
9.093270 248.511311
9.018457 247.020894
9.189144 245.392528
9.042903 250.394449
9.090560 242.487256
9.127103 255.349375
9.141337 250.131705
9.090340 245.518347
9.076874 239.113023
9.154988 238.312358
9.114885 247.245497
9.112867 245.994933
9.046623 245.419563
12.069387 249.244521
12.059462 253.021726
12.036050 246.667354
12.110977 249.508476
12.120828 257.362477
12.047673 240.591803
12.175605 244.525314
12.061568 244.126714
12.075212 247.019595
12.174798 250.280400
12.052641 266.861801
12.160241 249.893412
12.104921 243.351466
12.025682 245.461156
12.095440 249.157462
12.064584 249.561268
12.094313 244.660491
12.097369 243.580228
12.121615 244.652866
12.149332 251.261896
12.243751 246.327182
12.122712 243.631064
12.087444 241.376129
12.163890 239.513356
12.134793 242.944779
12.157358 250.348335
12.157363 244.111463
12.256771 245.021230
12.143028 248.809394
12.311162 243.961497
12.082029 244.774872
15.066283 244.134339
15.120305 247.947032
15.094443 251.583892
15.155972 246.868920
15.101095 248.445455
15.088117 245.732811
15.165622 264.496406
15.102143 248.602229
15.057427 237.552542
15.025812 245.555352
15.151620 251.584341
15.140895 242.778407
15.165421 248.377866
15.150256 242.029733
15.144852 248.099540
15.173255 244.279222
15.228019 248.810879
15.168345 249.834539
15.151632 247.961194
15.101925 239.713522
15.141579 240.918605
15.216140 243.440429
15.183807 248.792497
15.211709 240.918605
15.135958 244.405334
15.276631 244.973132
15.162538 243.268858
15.084516 246.104548
15.149081 246.792133
15.271053 244.660491
15.320821 243.631064
3.002812 240.771544
18.302558 243.859826
18.075834 243.577238
18.127470 247.596264
18.119800 250.301270
18.160137 251.512269
18.107603 247.544091
18.059998 241.362512
18.032814 245.060824
18.141401 241.610337
18.139615 247.291249
18.146744 246.590667
18.172243 246.392543
18.192201 247.556131
18.154075 239.084428
18.102966 238.115368
18.154398 245.589835
18.113872 248.697709
18.165992 244.629296
18.202933 248.263486
18.163027 246.884562
18.169552 248.600273
18.146833 245.220355
18.092043 244.990177
18.221081 243.306985
18.196782 261.904538
18.164602 244.790123
18.221795 242.276092
18.271218 247.230246
18.421593 244.074289
18.304365 246.231722
18.286684 244.050460
6.020283 228.744232
21.084077 242.576219
21.052160 244.924064
21.123390 246.627840
21.062484 242.634317
21.151188 238.556717
21.145659 242.258495
21.165682 245.388916
21.136081 248.704669
21.144227 248.984085
21.129968 246.960816
21.140582 245.945593
21.163905 245.132312
21.174496 250.597893
21.172036 238.872823
21.211551 247.204102
21.170159 247.447770
21.203570 245.757201
21.240869 245.626373
21.210674 246.790152
21.195240 244.330058
21.177048 245.159607
21.261348 242.895759
21.224321 243.920026
21.202754 242.362477
21.201265 259.513979
21.302097 246.147441
21.305789 243.047722
21.308162 242.512674
21.107991 244.843500
21.305727 245.504730
21.431277 244.136747
9.022103 239.398975
24.263940 245.755278
24.068559 242.115519
24.184579 248.064681
24.057015 245.012432
24.161440 241.644450
24.202196 247.716092
24.136325 246.360426
24.199695 244.197521
24.160306 242.231581
24.154339 244.411545
24.202058 248.743885
24.169437 243.502386
24.240240 246.417796
24.166364 245.025420
24.235540 250.042924
24.215703 246.404798
24.207927 258.706451
24.179290 240.314021
24.166305 241.257663
24.201483 244.689086
24.205227 246.147441
24.229842 243.047722
24.247488 245.606732
24.265803 242.601637
24.322274 241.698029
24.383407 245.352796
24.242718 240.449199
24.320620 245.845892
24.316864 241.089269
24.167485 243.711130
24.465238 243.631064
12.034246 235.319394
27.273477 244.028387
27.218187 256.533216
27.078177 242.258495
27.210878 246.161739
27.082326 244.613891
27.174813 246.249113
27.184840 247.104080
27.178374 240.670620
27.265017 244.079055
27.171979 243.109996
27.195355 241.011744
27.330545 242.281371
27.197343 238.778051
27.212817 248.123941
27.283920 245.616714
27.241545 246.614910
27.234716 246.589713
27.177354 240.199641
27.243220 249.449027
27.235485 242.204028
27.214602 245.657238
27.219875 243.650127
27.235681 246.928386
27.257415 245.378802
27.250478 241.278088
27.302338 243.554810
27.374079 240.657164
27.336993 244.814656
27.181667 243.710633
27.388074 244.534672
27.467290 242.986372
15.047441 237.708681
#type       avg     std     min     5th    10th    90th    95th    99th
read      172.8   108.7    54.8   108.2   123.4   213.5   223.9   244.6
update    175.9    34.1    60.2   111.7   127.8   218.5   226.9   247.6
op_q        1.0     0.1     1.0     1.0     1.0     1.1     1.1     1.1

Total QPS = 2921.6 (87649 / 30.0s)

Misses = 0 (0.0%)
Skipped TXs = 0 (0.0%)

RX   15298645 bytes :    0.5 MB/s
TX    9748858 bytes :    0.3 MB/s
