3.000235 3437.500000 10050 3349.737601 107.191603
3.000834 3437.500000 10092 3363.064546 107.618065
3.001194 3437.500000 10193 3396.315085 108.682083
3.000008 3437.500000 10342 3447.323691 110.314358
3.000812 3437.500000 10281 3426.072856 109.634331
3.000166 3437.500000 10125 3374.813379 107.994028
3.000462 3437.500000 10204 3400.810112 108.825924
3.000008 3437.500000 10370 3456.657073 110.613026
3.000472 3437.500000 10385 3461.122569 110.755922
3.000026 3437.500000 10510 3503.303441 112.105710
3.000010 3437.500000 10223 3407.655640 109.044980
3.000399 3437.500000 10351 3449.874284 110.395977
3.000363 3437.500000 10402 3466.913590 110.941235
3.000459 3437.500000 10251 3416.477584 109.327283
3.000463 3437.500000 10324 3440.802693 110.105686
3.000531 3437.500000 10396 3464.720105 110.871043
3.000055 3437.500000 10413 3470.935955 111.069951
3.000104 3437.500000 10179 3392.882828 108.572250
3.000376 3437.500000 10477 3491.896024 111.740673
3.000236 3437.500000 10132 3377.067520 108.066161
3.000139 3437.500000 10280 3426.508296 109.648265
3.000070 3437.500000 10192 3397.254162 108.712133
3.000023 3437.500000 10452 3483.973291 111.487145
3.000175 3437.500000 10292 3430.466105 109.774915
3.001937 3437.500000 10303 3432.117613 109.827764
3.001477 3437.500000 10415 3469.957874 111.038652
3.000150 3437.500000 10267 3422.162203 109.509190
3.000036 3437.500000 10324 3441.291464 110.121327
3.000238 3437.500000 10095 3364.733034 107.671457
3.000155 3437.500000 10245 3414.823115 109.274340
3.000005 3437.500000 10133 3377.661408 108.085165
3.000196 3437.500000 10278 3425.776091 109.624835
6.000121 3437.500000 10363 3454.204139 110.534532
6.000531 3437.500000 10378 3458.840021 110.682881
6.000233 3437.500000 10302 3433.933866 109.885884
6.000923 3437.500000 10174 3390.890707 108.508503
6.000117 3437.500000 10199 3399.562561 108.786002
6.000844 3437.500000 10502 3499.746461 111.991887
6.000075 3437.500000 10451 3483.606117 111.475396
6.000022 3437.500000 10439 3479.652556 111.348882
6.000020 3437.500000 10362 3453.986570 110.527570
6.001262 3437.500000 10456 3484.041699 111.489334
6.000283 3437.500000 10445 3481.531076 111.408994
6.000425 3437.500000 10394 3464.636507 110.868368
6.000891 3437.500000 10477 3491.338601 111.722835
6.000426 3437.500000 10295 3431.449578 109.806386
6.000877 3437.500000 10559 3519.589869 112.626876
6.001542 3437.500000 10336 3444.093791 110.211001
6.000246 3437.500000 10177 3392.321240 108.554280
6.000647 3437.500000 10139 3379.469340 108.143019
6.000348 3437.500000 10351 3450.012960 110.400415
6.000467 3437.500000 10226 3408.661000 109.077152
6.000403 3437.500000 10394 3464.635010 110.868320
6.000902 3437.500000 10437 3478.114792 111.299673
6.000809 3437.500000 10385 3461.152662 110.756885
6.000827 3437.500000 10412 3470.240176 111.047686
6.000391 3437.500000 10129 3376.161663 108.037173
6.001823 3437.500000 10456 3484.602156 111.507269
6.000986 3437.500000 10259 3419.494403 109.423821
6.000199 3437.500000 10369 3456.283192 110.601062
6.002167 3437.500000 10246 3414.548032 109.265537
6.002535 3437.500000 10235 3408.791632 109.081332
6.002014 3437.500000 10120 3373.246020 107.943873
6.002555 3437.500000 10359 3450.287337 110.409195
9.000734 3437.500000 10205 3401.099343 108.835179
9.001056 3437.500000 10105 3367.626136 107.764036
9.000716 3437.500000 10191 3396.717955 108.694975
9.000842 3437.500000 10282 3426.394463 109.644623
9.000420 3437.500000 10239 3412.659602 109.205107
9.000223 3437.500000 10167 3388.880489 108.444176
9.000107 3437.500000 10397 3465.567753 110.898168
9.000682 3437.500000 10240 3413.016206 109.216519
9.000992 3437.500000 10294 3431.124256 109.795976
9.000799 3437.500000 10027 3341.878198 106.940102
9.000897 3437.500000 10492 3497.271282 111.912681
9.000600 3437.500000 10376 3458.464828 110.670875
9.001949 3437.500000 10267 3420.391629 109.452532
9.000854 3437.500000 10306 3435.095623 109.923060
9.000542 3437.500000 10205 3401.654189 108.852934
9.000907 3437.500000 10610 3535.931115 113.149796
9.000083 3437.500000 10188 3395.991408 108.671725
9.000344 3437.500000 10475 3491.498150 111.727941
9.001452 3437.500000 10413 3470.387676 111.052406
9.001622 3437.500000 10472 3490.248383 111.687948
9.001060 3437.500000 10282 3427.067109 109.666148
9.000898 3437.500000 10237 3412.325495 109.194416
9.001257 3437.500000 10219 3405.301611 108.969652
9.001116 3437.500000 10111 3370.064666 107.842069
9.001556 3437.500000 10215 3404.984920 108.959517
9.001141 3437.500000 10303 3434.060337 109.889931
9.001093 3437.500000 10324 3441.210564 110.118738
9.002020 3437.500000 10390 3463.106480 110.819407
9.002211 3437.500000 10445 3481.615473 111.411695
9.002170 3437.500000 10203 3400.823516 108.826352
9.002925 3437.500000 10305 3434.553565 109.905714
9.002811 3437.500000 10294 3431.039888 109.793276
12.000497 3437.500000 10451 3483.576615 111.474452
12.002424 3437.500000 10382 3459.546113 110.705476
12.000763 3437.500000 10265 3421.051255 109.473640
12.000616 3437.500000 10383 3460.982280 110.751433
12.001507 3437.500000 10415 3470.712346 111.062795
12.001164 3437.500000 10370 3456.150089 110.596803
12.001037 3437.500000 10237 3412.281845 109.193019
12.000503 3437.500000 10340 3446.212106 110.278787
12.001028 3437.500000 10387 3461.993896 110.783805
12.000713 3437.500000 10403 3466.938305 110.942026
12.001048 3437.500000 10275 3424.765150 109.592485
12.002472 3437.500000 10311 3434.790288 109.913289
12.001247 3437.500000 10138 3379.123711 108.131959
12.001207 3437.500000 10513 3504.256323 112.136202
12.001143 3437.500000 10348 3449.302315 110.377674
12.001256 3437.500000 10316 3438.478945 110.031326
12.001938 3437.500000 10315 3437.141018 109.988513
12.001577 3437.500000 10339 3446.308244 110.281864
12.001489 3437.500000 10313 3436.940152 109.982085
12.001135 3437.500000 10293 3430.615829 109.779707
12.001220 3437.500000 10370 3456.478074 110.607298
12.000917 3437.500000 10375 3458.321619 110.666292
12.000560 3437.500000 10093 3364.091189 107.650918
12.001187 3437.500000 10428 3475.664966 111.221279
12.001996 3437.500000 10376 3458.612113 110.675588
12.002028 3437.500000 10292 3430.657045 109.781025
12.001403 3437.500000 10503 3500.830428 112.026574
12.001927 3437.500000 10131 3376.655973 108.052991
12.002240 3437.500000 10430 3476.633482 111.252271
12.002272 3437.500000 10388 3462.549531 110.801585
12.003373 3437.500000 10258 3418.823000 109.402336
12.003620 3437.500000 10266 3421.078153 109.474501
15.002548 3437.500000 10395 3464.680593 110.869779
15.000526 3437.500000 10341 3446.966949 110.302942
15.001302 3437.500000 10348 3449.028950 110.368926
15.001464 3437.500000 10345 3448.037122 110.337188
15.000793 3437.500000 10369 3455.999815 110.591994
15.000766 3437.500000 10403 3467.493269 110.959785
15.001111 3437.500000 10346 3448.266121 110.344516
15.001104 3437.500000 10384 3460.881761 110.748216
15.001078 3437.500000 10205 3401.631945 108.852222
15.001942 3437.500000 10302 3433.086323 109.858762
15.001395 3437.500000 10286 3428.496820 109.711898
15.001795 3437.500000 10352 3449.908342 110.397067
15.001733 3437.500000 10549 3515.731784 112.503417
15.001293 3437.500000 10308 3435.852565 109.947282
15.000621 3437.500000 10523 3507.594611 112.243028
15.002376 3437.500000 10332 3443.083029 110.178657
15.001289 3437.500000 10191 3396.704627 108.694548
15.001713 3437.500000 10312 3437.096587 109.987091
15.002035 3437.500000 10582 3526.590543 112.850897
15.001490 3437.500000 10255 3418.331378 109.386604
15.001041 3437.500000 10256 3418.525237 109.392808
15.003267 3437.500000 10530 3507.649017 112.244769
15.002062 3437.500000 10391 3463.523633 110.832756
15.002059 3437.500000 10370 3456.630845 110.612187
15.001196 3437.500000 10068 3355.990288 107.391689
15.002676 3437.500000 10187 3395.380920 108.652189
15.002010 3437.500000 10367 3455.650087 110.580803
15.002678 3437.500000 10420 3473.095726 111.139063
15.001955 3437.500000 10346 3448.635125 110.356324
15.002325 3437.500000 10470 3489.901084 111.676835
15.003582 3437.500000 10345 3448.092933 110.338974
15.004023 3437.500000 10241 3413.208154 109.222661
18.001011 3437.500000 10400 3466.106952 110.915422
18.002343 3437.500000 10301 3433.341818 109.866938
18.000839 3437.500000 10524 3507.914429 112.253262
18.001512 3437.500000 10280 3425.844824 109.627034
18.002175 3437.500000 10320 3438.988423 110.047630
18.002123 3437.500000 10242 3413.279653 109.224949
18.001177 3437.500000 10230 3409.887539 109.116401
18.001873 3437.500000 10358 3452.505732 110.480183
18.001745 3437.500000 10311 3436.963894 109.982845
18.001614 3437.500000 10242 3413.644512 109.236624
18.001775 3437.500000 10280 3425.908892 109.629085
18.001809 3437.500000 10281 3426.123331 109.635947
18.001526 3437.500000 10373 3457.516159 110.640517
18.000902 3437.500000 10249 3416.014036 109.312449
18.003595 3437.500000 10268 3421.277464 109.480879
18.001391 3437.500000 10107 3368.884899 107.804317
18.001942 3437.500000 10483 3493.357618 111.787444
18.002221 3437.500000 10220 3406.427641 109.005685
18.002490 3437.500000 10339 3445.841494 110.266928
18.005211 3437.500000 10186 3390.794881 108.505436
18.001943 3437.500000 10375 3457.781922 110.649021
18.002036 3437.500000 10072 3357.228465 107.431311
18.001978 3437.500000 10122 3373.793807 107.961402
18.002803 3437.500000 10359 3452.854236 110.491336
18.002003 3437.500000 10300 3433.278271 109.864905
18.002916 3437.500000 10386 3461.724874 110.775196
18.002084 3437.500000 10324 3441.276131 110.120836
18.002590 3437.500000 10330 3443.285555 110.185138
18.002716 3437.500000 10416 3471.547237 111.089512
18.003821 3437.500000 10111 3369.711316 107.830762
18.003682 3437.500000 10566 3521.882378 112.700236
18.004085 3437.500000 10459 3486.261299 111.560362
21.004809 3437.500000 10215 3402.203139 108.870500
21.002366 3437.500000 10293 3430.722649 109.783125
21.001269 3437.500000 10378 3459.228249 110.695304
21.000938 3437.500000 10477 3492.218551 111.750994
21.002253 3437.500000 10405 3466.897370 110.940716
21.002854 3437.500000 10180 3392.224155 108.551173
21.001886 3437.500000 10274 3424.505264 109.584168
21.001398 3437.500000 10537 3512.325806 112.394426
21.001608 3437.500000 10376 3458.556327 110.673802
21.002008 3437.500000 10409 3469.397506 111.020720
21.001743 3437.500000 10392 3463.749684 110.839990
21.001619 3437.500000 10367 3455.661024 110.581153
21.000911 3437.500000 10281 3426.989391 109.663661
21.002510 3437.500000 10303 3433.949788 109.886393
21.002582 3437.500000 10260 3419.118414 109.411789
21.003217 3437.500000 10131 3376.182349 108.037835
21.002678 3437.500000 10481 3492.919177 111.773414
21.003485 3437.500000 10341 3445.269729 110.248631
21.002272 3437.500000 10222 3407.275724 109.032823
21.002027 3437.500000 10301 3433.570648 109.874261
21.002853 3437.500000 10194 3397.942852 108.734171
21.001954 3437.500000 10428 3475.986626 111.231572
21.002083 3437.500000 10400 3466.574127 110.930372
21.002830 3437.500000 10310 3435.812501 109.946000
21.003420 3437.500000 10382 3460.085355 110.722731
21.003428 3437.500000 10337 3444.704299 110.230538
21.003011 3437.500000 10200 3399.665652 108.789301
21.003598 3437.500000 10534 3511.329375 112.362540
21.003914 3437.500000 10162 3387.228571 108.391314
21.005246 3437.500000 10394 3464.626407 110.868045
21.004248 3437.500000 10410 3469.344939 111.019038
21.004414 3437.500000 10302 3433.623561 109.875954
24.002417 3437.500000 10399 3465.861015 110.907552
24.000963 3437.500000 10553 3517.636580 112.564371
24.001515 3437.500000 10413 3470.864503 111.067664
24.001557 3437.500000 10246 3415.004847 109.280155
24.001684 3437.500000 10388 3462.591199 110.802918
24.001890 3437.500000 10409 3468.534741 110.993112
24.001821 3437.500000 10250 3416.424410 109.325581
24.001804 3437.500000 10227 3408.929920 109.085757
24.002277 3437.500000 10180 3392.891282 108.572521
24.002757 3437.500000 10345 3447.753844 110.328123
24.002392 3437.500000 10299 3432.862862 109.851612
24.002349 3437.500000 10299 3432.631423 109.844206
24.003224 3437.500000 10291 3429.352458 109.739279
24.006012 3437.500000 10330 3439.318687 110.058198
24.003108 3437.500000 10263 3419.684413 109.429901
24.003166 3437.500000 10213 3403.978502 108.927312
24.002156 3437.500000 10250 3416.583975 109.330687
24.003478 3437.500000 10306 3435.266972 109.928543
24.002912 3437.500000 10346 3448.396898 110.348701
24.003575 3437.500000 10172 3389.851059 108.475234
24.002841 3437.500000 10272 3423.704185 109.558534
24.003864 3437.500000 10170 3389.699030 108.470369
24.002855 3437.500000 10388 3462.638271 110.804425
24.003582 3437.500000 10276 3424.916676 109.597334
24.003957 3437.500000 10275 3424.950189 109.598406
24.003182 3437.500000 10172 3390.473712 108.495159
24.003938 3437.500000 10297 3431.814169 109.818053
24.003466 3437.500000 10279 3426.289984 109.641279
24.004953 3437.500000 10383 3460.834938 110.746718
24.005479 3437.500000 10388 3462.397679 110.796726
24.005338 3437.500000 10314 3436.751956 109.976063
24.004610 3437.500000 10326 3441.774738 110.136792
27.001642 3437.500000 10391 3463.519751 110.832632
27.001641 3437.500000 10194 3397.232477 108.711439
27.001862 3437.500000 10285 3427.984343 109.695499
27.001895 3437.500000 10357 3452.090937 110.466910
27.001912 3437.500000 10318 3439.209902 110.054717
27.002299 3437.500000 10353 3450.974572 110.431186
27.002448 3437.500000 10195 3398.268828 108.744602
27.004251 3437.500000 10313 3436.423802 109.965562
27.002524 3437.500000 10215 3404.201535 108.934449
27.004005 3437.500000 10194 3397.513906 108.720445
27.002616 3437.500000 10575 3524.765083 112.792483
27.002015 3437.500000 10452 3483.854861 111.483356
27.002999 3437.500000 10253 3417.567940 109.362174
27.002451 3437.500000 10169 3389.332450 108.458638
27.002463 3437.500000 10402 3467.201559 110.950450
27.003122 3437.500000 10391 3463.245915 110.823869
27.003585 3437.500000 10034 3344.264402 107.016461
27.003312 3437.500000 10327 3441.793473 110.137391
27.003403 3437.500000 10124 3374.335243 107.978728
27.005004 3437.500000 10218 3404.268838 108.936603
27.003020 3437.500000 10413 3470.808479 111.065871
27.004149 3437.500000 10242 3413.675741 109.237624
27.005003 3437.500000 10459 3486.274468 111.560783
27.004734 3437.500000 10259 3418.760270 109.400329
27.004185 3437.500000 10288 3428.644224 109.716615
27.003916 3437.500000 10342 3446.490418 110.287693
27.003989 3437.500000 10303 3434.297413 109.897517
27.003869 3437.500000 10374 3457.535820 110.641146
27.006079 3437.500000 10412 3470.589786 111.058873
27.005605 3437.500000 10154 3384.524633 108.304788
27.006859 3437.500000 10306 3433.591845 109.874939
27.006846 3437.500000 10051 3347.838350 107.130827
#type       avg     std     min     5th    10th    90th    95th    99th
read     1008.1   246.9   171.9   658.1   694.8  1284.7  1362.5  1741.5
update   1009.6   246.5   304.5   658.2   695.1  1288.8  1366.8  1760.5
op_q        5.0     2.3     1.0     2.0     2.1     7.9     9.6    11.9

Total QPS = 220111.4 (6603341 / 30.0s)

Misses = 0 (0.0%)
Skipped TXs = 0 (0.0%)

RX 1138221665 bytes :   36.2 MB/s
TX  730954680 bytes :   23.2 MB/s
