3.000966 1562.500000 4628 1542.169857 49.349435
3.000460 1562.500000 4678 1559.094360 49.891020
3.001135 1562.500000 4703 1567.074040 50.146369
3.000186 1562.500000 4788 1595.900938 51.068830
3.000297 1562.500000 4714 1571.177723 50.277687
3.002373 1562.500000 4639 1545.111114 49.443556
3.000044 1562.500000 4717 1572.310530 50.313937
3.000412 1562.500000 4622 1540.455281 49.294569
3.001339 1562.500000 4526 1507.993358 48.255787
3.000253 1562.500000 4725 1574.866951 50.395742
3.000485 1562.500000 4687 1562.080877 49.986588
3.001149 1562.500000 4548 1515.419354 48.493419
3.000983 1562.500000 4614 1537.496408 49.199885
3.000050 1562.500000 4688 1562.640467 50.004495
3.001009 1562.500000 4624 1540.815070 49.306082
3.001619 1562.500000 4739 1578.814822 50.522074
3.000141 1562.500000 4701 1566.926139 50.141636
3.000202 1562.500000 4610 1536.563026 49.170017
3.002190 1562.500000 4662 1552.866301 49.691722
3.000485 1562.500000 4587 1528.752905 48.920093
3.002328 1562.500000 4789 1595.095733 51.043063
3.000384 1562.500000 4552 1517.139305 48.548458
3.000349 1562.500000 4820 1606.479846 51.407355
3.001117 1562.500000 4625 1541.092762 49.314968
3.000701 1562.500000 4726 1574.965450 50.398894
3.000539 1562.500000 4804 1601.045502 51.233456
3.000016 1562.500000 4692 1563.991484 50.047727
3.000111 1562.500000 4616 1538.609879 49.235516
3.001126 1562.500000 4660 1552.750792 49.688025
3.001384 1562.500000 4701 1566.277227 50.120871
3.003594 1562.500000 4713 1569.120168 50.211845
3.000245 1562.500000 4687 1562.205775 49.990585
6.001868 1562.500000 4848 1615.613112 51.699620
6.001175 1562.500000 4605 1534.901649 49.116853
6.001476 1562.500000 4598 1531.921378 49.021484
6.000155 1562.500000 4701 1566.992894 50.143773
6.000470 1562.500000 4629 1542.888722 49.372439
6.000798 1562.500000 4770 1589.834287 50.874697
6.000890 1562.500000 4697 1565.299616 50.089588
6.001683 1562.500000 4699 1565.669682 50.101430
6.000505 1562.500000 4795 1598.222622 51.143124
6.002591 1562.500000 4688 1561.557595 49.969843
6.000223 1562.500000 4578 1525.912006 48.829184
6.001823 1562.500000 4849 1616.072614 51.714324
6.006124 1562.500000 4653 1547.897520 49.532721
6.000406 1562.500000 4727 1575.559549 50.417906
6.002890 1562.500000 4552 1516.437145 48.525989
6.002221 1562.500000 4672 1556.380158 49.804165
6.001687 1562.500000 4581 1526.654894 48.852957
6.001270 1562.500000 4684 1560.695515 49.942256
6.003294 1562.500000 4633 1543.471268 49.391081
6.001129 1562.500000 4797 1598.584329 51.154699
6.002212 1562.500000 4646 1548.655312 49.556970
6.001218 1562.500000 4693 1564.202097 50.054467
6.000530 1562.500000 4501 1500.310597 48.009939
6.002929 1562.500000 4575 1524.717636 48.790964
6.001571 1562.500000 4646 1548.436758 49.549976
6.001402 1562.500000 4697 1565.216575 50.086930
6.001268 1562.500000 4767 1588.929434 50.845742
6.002439 1562.500000 4786 1595.274114 51.048772
6.001845 1562.500000 4719 1572.758549 50.328274
6.001350 1562.500000 4677 1558.662440 49.877198
6.003657 1562.500000 4723 1574.300253 50.377608
6.000914 1562.500000 4684 1560.985119 49.951524
9.004950 1562.500000 4665 1552.681240 49.685800
9.000985 1562.500000 4862 1620.407206 51.853031
9.001761 1562.500000 4715 1571.409133 50.285092
9.001711 1562.500000 4629 1542.724123 49.367172
9.000890 1562.500000 4559 1519.666555 48.629330
9.001926 1562.500000 4826 1608.611771 51.475577
9.000590 1562.500000 4731 1576.771408 50.456685
9.000381 1562.500000 4678 1559.251200 49.896038
9.001941 1562.500000 4749 1582.754538 50.648145
9.002365 1562.500000 4843 1613.968548 51.646994
9.002384 1562.500000 4647 1548.915721 49.565303
9.000569 1562.500000 4611 1536.916722 49.181335
9.001477 1562.500000 4777 1591.830959 50.938591
9.001165 1562.500000 4591 1530.145810 48.964666
9.001696 1562.500000 4702 1567.326691 50.154454
9.001364 1562.500000 4698 1565.923818 50.109562
9.006087 1562.500000 4628 1540.676676 49.301654
9.002224 1562.500000 4770 1589.811414 50.873965
9.001634 1562.500000 4715 1571.402087 50.284867
9.001830 1562.500000 4494 1497.719273 47.927017
9.003782 1562.500000 4732 1576.707038 50.454625
9.003791 1562.500000 4641 1546.743875 49.495804
9.003499 1562.500000 4702 1567.015296 50.144489
9.002609 1562.500000 4657 1552.245218 49.671847
9.001775 1562.500000 4662 1553.894057 49.724610
9.001403 1562.500000 4679 1559.665909 49.909309
9.003264 1562.500000 4721 1573.490522 50.351697
9.002403 1562.500000 4747 1582.038959 50.625247
9.001545 1562.500000 4648 1549.232628 49.575444
9.006208 1562.500000 4743 1580.955370 50.590572
9.004700 1562.500000 4659 1552.460499 49.678736
9.000930 1562.500000 4608 1535.991681 49.151734
12.000477 3125.000000 7737 2578.918178 82.525382
12.000795 3125.000000 7794 2597.822253 83.130312
12.002203 3125.000000 7873 2624.090939 83.970910
12.001161 3125.000000 7562 2520.439251 80.654056
12.001090 3125.000000 7734 2577.909751 82.493112
12.001370 3125.000000 7838 2611.969157 83.583013
12.001330 3125.000000 7647 2548.860268 81.563529
12.001685 3125.000000 7601 2533.623837 81.075963
12.001723 3125.000000 7944 2647.989978 84.735679
12.003142 3125.000000 8017 2671.045917 85.473469
12.002921 3125.000000 7905 2633.632895 84.276253
12.002385 3125.000000 7458 2485.983301 79.551466
12.002453 3125.000000 7813 2604.134463 83.332303
12.001792 3125.000000 7692 2563.730949 82.039390
12.001785 3125.000000 7712 2570.646681 82.260694
12.001743 3125.000000 7836 2611.704494 83.574544
12.002686 3125.000000 7710 2569.741247 82.231720
12.002028 3125.000000 7684 2561.117410 81.955757
12.002964 3125.000000 7731 2576.518259 82.448584
12.002175 3125.000000 7956 2651.792972 84.857375
12.003565 3125.000000 8048 2681.812093 85.817987
12.004027 3125.000000 7834 2610.670056 83.541442
12.003866 3125.000000 7989 2662.925526 85.213617
12.003806 3125.000000 8105 2701.652724 86.452887
12.002152 3125.000000 7815 2604.720590 83.351059
12.003817 3125.000000 7858 2619.055712 83.809783
12.001684 3125.000000 8024 2674.543116 85.585380
12.004990 3125.000000 8007 2668.964724 85.406871
12.006532 3125.000000 7794 2597.615111 83.123684
12.006245 3125.000000 7690 2563.302048 82.025666
12.005509 3125.000000 7916 2637.954737 84.414552
12.001122 3125.000000 7805 2601.500741 83.248024
15.000556 3125.000000 9502 3167.249443 101.351982
15.000997 3125.000000 9220 3073.126518 98.340049
15.001483 3125.000000 9213 3070.597621 98.259124
15.001352 3125.000000 9323 3107.468599 99.438995
15.001919 3125.000000 9331 3109.722561 99.511122
15.001852 3125.000000 9349 3116.198976 99.718367
15.002011 3125.000000 9461 3153.323297 100.906346
15.001372 3125.000000 9384 3127.997664 100.095925
15.002213 3125.000000 9353 3117.656596 99.765011
15.001806 3125.000000 9323 3107.651711 99.444855
15.002617 3125.000000 9225 3074.762645 98.392405
15.002335 3125.000000 9358 3118.761528 99.800369
15.001825 3125.000000 9427 3142.247588 100.551923
15.002946 3125.000000 9360 3119.487272 99.823593
15.002346 3125.000000 9339 3112.670265 99.605448
15.003186 3125.000000 9424 3141.056207 100.513799
15.003346 3125.000000 9287 3095.456492 99.054608
15.002760 3125.000000 9213 3070.924071 98.269570
15.003018 3125.000000 9408 3135.119423 100.323822
15.003953 3125.000000 9478 3159.179131 101.093732
15.005623 3125.000000 9239 3077.864067 98.491650
15.004100 3125.000000 9361 3120.256615 99.848212
15.002166 3125.000000 9519 3172.985469 101.535535
15.003618 3125.000000 9444 3147.944194 100.734214
15.004085 3125.000000 9386 3128.387481 100.108399
15.001828 3125.000000 9146 3048.520044 97.552641
15.003243 3125.000000 9457 3152.040371 100.865292
15.005093 3125.000000 9364 3121.225584 99.879219
15.006538 3125.000000 9406 3135.326820 100.330458
15.006525 3125.000000 9557 3185.368945 101.931806
15.007343 3125.000000 9517 3170.395798 101.452666
15.001288 3125.000000 9226 3075.163192 98.405222
18.001388 3125.000000 9501 3166.587137 101.330788
18.000757 3125.000000 9489 3162.788233 101.209223
18.002003 3125.000000 9133 3043.806438 97.401806
18.002293 3125.000000 9295 3097.361621 99.115572
18.001949 3125.000000 9271 3089.739389 98.871660
18.002477 3125.000000 9333 3110.725875 99.543228
18.002012 3125.000000 9299 3099.501447 99.184046
18.004755 3125.000000 9196 3062.437868 97.998012
18.002865 3125.000000 9260 3086.411614 98.765172
18.002096 3125.000000 9384 3127.717245 100.086952
18.002994 3125.000000 9467 3154.440848 100.942107
18.004525 3125.000000 9289 3093.741669 98.999733
18.002396 3125.000000 9272 3090.603103 98.899299
18.002263 3125.000000 9239 3079.198436 98.534350
18.003086 3125.000000 9437 3145.325786 100.650425
18.003350 3125.000000 9457 3152.328533 100.874513
18.003403 3125.000000 9554 3184.181254 101.893800
18.003371 3125.000000 9571 3190.136371 102.084364
18.002510 3125.000000 9563 3187.492827 101.999770
18.004188 3125.000000 9254 3084.425081 98.701603
18.005391 3125.000000 9596 3197.274395 102.312781
18.006125 3125.000000 9268 3088.270926 98.824670
18.002348 3125.000000 9321 3106.811607 99.417971
18.004370 3125.000000 9348 3115.719950 99.703038
18.003305 3125.000000 9648 3215.692009 102.902144
18.003794 3125.000000 9562 3187.146923 101.988702
18.003265 3125.000000 9666 3221.976699 103.103254
18.006247 3125.000000 9388 3128.682343 100.117835
18.006872 3125.000000 9257 3085.323222 98.730343
18.006641 3125.000000 9584 3194.543563 102.225394
18.007818 3125.000000 9275 3091.176901 98.917661
18.002166 3125.000000 9361 3119.420048 99.821442
21.000782 3125.000000 9472 3157.306361 101.033804
21.006254 3125.000000 9317 3102.162351 99.269195
21.002172 3125.000000 9506 3167.839045 101.370849
21.004271 3125.000000 9384 3125.646061 100.020674
21.002513 3125.000000 9291 3096.472838 99.087131
21.003735 3125.000000 9434 3143.986527 100.607569
21.002432 3125.000000 9642 3213.851180 102.843238
21.001999 3125.000000 9370 3123.280910 99.944989
21.002651 3125.000000 9359 3119.485815 99.823546
21.002439 3125.000000 9460 3152.973135 100.895140
21.002637 3125.000000 9330 3109.750582 99.512019
21.002862 3125.000000 9431 3143.038174 100.577222
21.003864 3125.000000 9480 3159.458801 101.102682
21.004811 3125.000000 9456 3150.522065 100.816706
21.003903 3125.000000 9345 3114.447876 99.662332
21.004133 3125.000000 9513 3169.285159 101.417125
21.004219 3125.000000 9678 3225.966968 103.230943
21.004652 3125.000000 9398 3131.770545 100.216657
21.003335 3125.000000 9392 3130.635973 100.180351
21.004878 3125.000000 9447 3148.466768 100.750937
21.002650 3125.000000 9521 3173.346968 101.547103
21.004853 3125.000000 9460 3152.988675 100.895638
21.006104 3125.000000 9323 3106.270707 99.400663
21.003405 3125.000000 9453 3150.852579 100.827283
21.003319 3125.000000 9280 3092.998693 98.975958
21.005602 3125.000000 9441 3146.778406 100.696909
21.006946 3125.000000 9351 3116.922565 99.741522
21.006607 3125.000000 9398 3132.163174 100.229222
21.007664 3125.000000 9405 3133.520408 100.272653
21.006649 3125.000000 9376 3125.325088 100.010403
21.007873 3125.000000 9424 3141.275254 100.520808
21.002208 3125.000000 9332 3110.623381 99.539948
24.001059 3125.000000 9438 3145.710022 100.662721
24.002030 3125.000000 9410 3136.634643 100.372309
24.002672 3125.000000 9351 3116.835033 99.738721
24.002413 3125.000000 9379 3126.082114 100.034628
24.003343 3125.000000 9235 3077.399067 98.476770
24.003327 3125.000000 9409 3135.626728 100.340055
24.002720 3125.000000 9466 3155.246283 100.967881
24.003941 3125.000000 9393 3130.919989 100.189440
24.002464 3125.000000 9224 3074.640657 98.388501
24.004289 3125.000000 9517 3172.314789 101.514073
24.003936 3125.000000 9449 3148.539901 100.753277
24.003991 3125.000000 9488 3162.574463 101.202383
24.005683 3125.000000 9341 3112.147083 99.588707
24.003923 3125.000000 9427 3142.135805 100.548346
24.003903 3125.000000 9431 3143.071235 100.578280
24.003132 3125.000000 9330 3109.500610 99.504020
24.007387 3125.000000 9197 3064.508897 98.064285
24.004891 3125.000000 9431 3143.582868 100.594652
24.004947 3125.000000 9317 3105.595562 99.379058
24.003565 3125.000000 9426 3141.832523 100.538641
24.004798 3125.000000 9521 3173.512278 101.552393
24.004539 3125.000000 9338 3112.245335 99.591851
24.005446 3125.000000 9265 3087.722481 98.807119
24.003896 3125.000000 9388 3128.731615 100.119412
24.005608 3125.000000 9534 3177.993965 101.695807
24.006713 3125.000000 9165 3054.379898 97.740157
24.007320 3125.000000 9464 3153.917804 100.925370
24.007615 3125.000000 9184 3060.650858 97.940827
24.007675 3125.000000 9511 3170.322001 101.450304
24.008873 3125.000000 9289 3094.039811 99.009274
24.008200 3125.000000 9448 3148.990738 100.767704
24.002437 3125.000000 9439 3146.092484 100.674959
27.003610 3125.000000 9609 3201.314293 102.442057
27.001136 3125.000000 9214 3071.254259 98.280136
27.002830 3125.000000 9301 3099.902320 99.196874
27.002970 3125.000000 9315 3104.692363 99.350156
27.004580 3125.000000 9324 3106.702109 99.414467
27.007886 3125.000000 9663 3220.709812 103.062714
27.004320 3125.000000 9718 3237.606562 103.603410
27.004077 3125.000000 9258 3085.244357 98.727819
27.004007 3125.000000 9218 3072.598574 98.323154
27.003484 3125.000000 9526 3174.253937 101.576126
27.006061 3125.000000 9087 3026.843151 96.858981
27.004826 3125.000000 9266 3087.806763 98.809816
27.005082 3125.000000 9372 3122.806822 99.929818
27.004653 3125.000000 9299 3099.290513 99.177296
27.004221 3125.000000 9324 3107.670135 99.445444
27.005181 3125.000000 9254 3084.425935 98.701630
27.004986 3125.000000 9228 3075.901776 98.428857
27.004087 3125.000000 9355 3117.340851 99.754907
27.003931 3125.000000 9344 3114.286869 99.657180
27.004923 3125.000000 9225 3074.872507 98.395920
27.005979 3125.000000 9389 3129.358445 100.139470
27.004697 3125.000000 9377 3125.502180 100.016070
27.005647 3125.000000 9422 3140.625559 100.500018
27.005751 3125.000000 9456 3151.679156 100.853733
27.004182 3125.000000 9392 3130.368306 100.171786
27.007307 3125.000000 9400 3132.712608 100.246803
27.007844 3125.000000 9470 3156.488101 101.007619
27.008094 3125.000000 9245 3080.941297 98.590121
27.007425 3125.000000 9567 3188.887958 102.044415
27.009316 3125.000000 9360 3119.539456 99.825263
27.009579 3125.000000 9503 3166.210691 101.318742
27.002545 3125.000000 9534 3177.886271 101.692361
#type       avg     std     min     5th    10th    90th    95th    99th
read      172.6   146.8    37.4    59.6    65.9   269.0   298.7   356.9
update    173.5   155.5    41.1    62.4    69.9   267.4   297.9   357.6
op_q        1.6     0.9     1.0     1.0     1.0     2.9     3.1     4.1

Total QPS = 166505.2 (4995157 / 30.0s)

Misses = 0 (0.0%)
Skipped TXs = 0 (0.0%)

RX  864873981 bytes :   27.5 MB/s
TX  552490733 bytes :   17.6 MB/s
