3.000507 1562.500000 4605 1534.740479 49.111695
3.003285 1562.500000 4533 1509.347445 48.299118
3.000406 1562.500000 4640 1546.457298 49.486634
3.000142 1562.500000 4648 1549.260005 49.576320
3.000122 1562.500000 4678 1559.269801 49.896634
3.000176 1562.500000 4772 1590.573191 50.898342
3.000760 1562.500000 4694 1564.270584 50.056659
3.000127 1562.500000 4680 1559.934208 49.917895
3.000333 1562.500000 4597 1532.163375 49.029228
3.001042 1562.500000 4694 1564.123221 50.051943
3.000949 1562.500000 4660 1552.842104 49.690947
3.001521 1562.500000 4825 1607.518421 51.440589
3.000009 1562.500000 4699 1566.328712 50.122519
3.000022 1562.500000 4510 1503.322287 48.106313
3.000009 1562.500000 4785 1594.995036 51.039841
3.000322 1562.500000 4749 1582.830361 50.650572
3.001008 1562.500000 4671 1556.477010 49.807264
3.001101 1562.500000 4614 1537.435684 49.197942
3.000627 1562.500000 4641 1546.676826 49.493658
3.000175 1562.500000 4746 1581.907506 50.621040
3.000717 1562.500000 4748 1582.288558 50.633234
3.000309 1562.500000 4583 1527.509349 48.880299
3.001968 1562.500000 4686 1560.976001 49.951232
3.000715 1562.500000 4649 1549.297434 49.577518
3.000373 1562.500000 4742 1580.470030 50.575041
3.000289 1562.500000 4689 1562.849537 50.011185
3.000234 1562.500000 4760 1586.542913 50.769373
3.002102 1562.500000 4822 1606.208127 51.398660
3.001868 1562.500000 4561 1519.387154 48.620389
3.000768 1562.500000 4628 1542.271905 49.352701
3.000075 1562.500000 4620 1539.961496 49.278768
3.000659 1562.500000 4675 1557.990994 49.855712
6.002178 1562.500000 4640 1545.710352 49.462731
6.000771 1562.500000 4658 1552.333263 49.674664
6.001162 1562.500000 4650 1549.491057 49.583714
6.002461 1562.500000 4710 1568.804658 50.201749
6.004539 1562.500000 4887 1627.605240 52.083368
6.001760 1562.500000 4592 1530.156195 48.964998
6.000537 1562.500000 4784 1594.386094 51.020355
6.001777 1562.500000 4589 1528.765878 48.920508
6.000937 1562.500000 4672 1557.110050 49.827522
6.000512 1562.500000 4584 1527.750237 48.888008
6.001886 1562.500000 4711 1569.421107 50.221475
6.001525 1562.500000 4726 1574.597035 50.387105
6.006114 1562.500000 4638 1543.003836 49.376123
6.000646 1562.500000 4628 1542.543202 49.361382
6.003257 1562.500000 4608 1534.504480 49.104143
6.001258 1562.500000 4711 1570.220440 50.247054
6.001112 1562.500000 4839 1612.994402 51.615821
6.001969 1562.500000 4716 1571.496683 50.287894
6.001043 1562.500000 4668 1555.951097 49.790435
6.001154 1562.500000 4640 1546.467829 49.486971
6.000892 1562.500000 4799 1599.525104 51.184803
6.000717 1562.500000 4749 1582.784548 50.649106
6.001573 1562.500000 4656 1551.972772 49.663129
6.000826 1562.500000 4465 1488.039795 47.617273
6.002088 1562.500000 4771 1589.606909 50.867421
6.000676 1562.500000 4677 1558.842798 49.882970
6.008437 1562.500000 4615 1535.696085 49.142275
6.002746 1562.500000 4725 1574.539315 50.385258
6.002824 1562.500000 4825 1607.946231 51.454279
6.002001 1562.500000 4785 1594.316627 51.018132
6.000112 1562.500000 4641 1546.981180 49.503398
6.001129 1562.500000 4478 1492.433161 47.757861
9.004981 1562.500000 4641 1545.219991 49.447040
9.002380 1562.500000 4764 1587.025399 50.784813
9.000938 1562.500000 4791 1596.882303 51.100234
9.000895 1562.500000 4782 1593.796549 51.001490
9.002160 1562.500000 4724 1573.966618 50.366932
9.001034 1562.500000 4650 1549.799910 49.593597
9.001458 1562.500000 4637 1545.453232 49.454503
9.001424 1562.500000 4658 1552.328476 49.674511
9.002408 1562.500000 4720 1572.993809 50.335802
9.002879 1562.500000 4698 1564.987370 50.079596
9.001221 1562.500000 4812 1603.968178 51.326982
9.001508 1562.500000 4660 1553.204051 49.702530
9.002439 1562.500000 4681 1559.529090 49.904931
9.001375 1562.500000 4524 1507.867587 48.251763
9.001951 1562.500000 4725 1574.908202 50.397062
9.001617 1562.500000 4648 1549.310992 49.577952
9.003484 1562.500000 4715 1570.873404 50.267949
9.002808 1562.500000 4628 1542.296687 49.353494
9.002534 1562.500000 4687 1562.295557 49.993458
9.002257 1562.500000 4713 1570.958462 50.270671
9.001979 1562.500000 4653 1550.951846 49.630459
9.000760 1562.500000 4588 1529.290321 48.937290
9.003712 1562.500000 4724 1574.427478 50.381679
9.001213 1562.500000 4620 1539.969294 49.279017
9.003367 1562.500000 4791 1596.710858 51.094747
9.002771 1562.500000 4549 1516.320809 48.522266
9.002194 1562.500000 4715 1571.565600 50.290099
9.005477 1562.500000 4799 1599.166554 51.173330
9.001246 1562.500000 4640 1546.081889 49.474620
9.009276 1562.500000 4620 1539.569340 49.266219
9.006154 1562.500000 4831 1610.311953 51.529982
9.001160 1562.500000 4741 1580.316638 50.570132
12.002843 1562.500000 4679 1559.362022 49.899585
12.001654 1562.500000 4711 1570.106638 50.243412
12.001814 1562.500000 4701 1566.896722 50.140695
12.001914 1562.500000 4687 1562.095601 49.987059
12.001875 1562.500000 4529 1509.439855 48.302075
12.001932 1562.500000 4772 1590.190224 50.886087
12.001517 1562.500000 4730 1576.340126 50.442884
12.001996 1562.500000 4744 1581.006210 50.592199
12.001948 1562.500000 4596 1531.484601 49.007507
12.002199 1562.500000 4640 1546.310539 49.481937
12.002792 1562.500000 4729 1575.891725 50.428535
12.002612 1562.500000 4698 1565.909993 50.109120
12.002879 1562.500000 4719 1572.818989 50.330208
12.001997 1562.500000 4683 1560.990481 49.951695
12.002521 1562.500000 4643 1547.593512 49.522992
12.003363 1562.500000 4644 1547.750240 49.528008
12.000933 1562.500000 4674 1557.910502 49.853136
12.003953 1562.500000 4714 1570.524660 50.256789
12.002864 1562.500000 4735 1578.303815 50.505722
12.001895 1562.500000 4737 1578.641147 50.516517
12.006447 1562.500000 4694 1563.902591 50.044883
12.002315 1562.500000 4721 1573.585657 50.354741
12.003683 1562.500000 4703 1567.562825 50.162010
12.004954 1562.500000 4679 1559.021591 49.888691
12.004743 1562.500000 4747 1581.294020 50.601409
12.003212 1562.500000 4740 1579.463823 50.542842
12.003385 1562.500000 4737 1578.990834 50.527707
12.005536 1562.500000 4582 1527.303084 48.873699
12.007037 1562.500000 4731 1576.536219 50.449159
12.001287 1562.500000 4770 1589.978418 50.879309
12.009935 1562.500000 4744 1580.985888 50.591548
12.001968 1562.500000 4736 1578.241810 50.503738
15.002978 1562.500000 4735 1577.721528 50.487089
15.002986 1562.500000 4706 1568.124255 50.179976
15.007915 1562.500000 4744 1578.040280 50.497289
15.002120 1562.500000 4572 1523.937004 48.765984
15.003578 1562.500000 4736 1577.771237 50.488680
15.002497 1562.500000 4683 1560.696643 49.942293
15.001994 1562.500000 4645 1548.301690 49.545654
15.003345 1562.500000 4478 1492.434737 47.757912
15.002042 1562.500000 4737 1578.976486 50.527248
15.004956 1562.500000 4708 1568.108012 50.179456
15.002713 1562.500000 4551 1516.740076 48.535682
15.001557 1562.500000 4771 1590.311992 50.889984
15.003606 1562.500000 4745 1580.258521 50.568273
15.003061 1562.500000 4650 1549.861277 49.595561
15.003388 1562.500000 4687 1562.049803 49.985594
15.003471 1562.500000 4563 1520.945080 48.670243
15.003342 1562.500000 4626 1541.578118 49.330500
15.004149 1562.500000 4738 1579.087696 50.530806
15.003437 1562.500000 4713 1570.412308 50.253194
15.002870 1562.500000 4682 1560.663206 49.941223
15.005592 1562.500000 4770 1589.970675 50.879062
15.003532 1562.500000 4678 1558.483278 49.871465
15.006086 1562.500000 4695 1563.888169 50.044421
15.004586 1562.500000 4678 1558.619726 49.875831
15.003531 1562.500000 4668 1555.924280 49.789577
15.004962 1562.500000 4633 1544.328962 49.418527
15.005097 1562.500000 4765 1588.145455 50.820655
15.006739 1562.500000 4747 1582.179384 50.629740
15.008355 1562.500000 4688 1561.980389 49.983372
15.001701 1562.500000 4691 1563.450866 50.030428
15.010823 1562.500000 4559 1519.216983 48.614943
15.001972 1562.500000 4808 1602.664472 51.285263
18.002121 1562.500000 4792 1597.265458 51.112495
18.003698 1562.500000 4697 1565.504515 50.096144
18.003542 1562.500000 4672 1557.040358 49.825291
18.002995 1562.500000 4583 1527.413098 48.877219
18.003303 1562.500000 4571 1523.367179 48.747750
18.001562 1562.500000 4737 1578.997313 50.527914
18.003583 1562.500000 4601 1533.545093 49.073443
18.002486 1562.500000 4684 1561.142836 49.956571
18.002117 1562.500000 4632 1543.961198 49.406758
18.005685 1562.500000 4678 1558.239075 49.863650
18.003320 1562.500000 4583 1527.534345 48.881099
18.003256 1562.500000 4481 1493.532162 47.793029
18.003483 1562.500000 4826 1608.660279 51.477129
18.003442 1562.500000 4745 1581.365123 50.603684
18.003551 1562.500000 4675 1558.224868 49.863196
18.004383 1562.500000 4625 1541.546577 49.329490
18.003674 1562.500000 4620 1539.965006 49.278880
18.003523 1562.500000 4679 1559.622014 49.907904
18.006767 1562.500000 4756 1585.318362 50.730188
18.004026 1562.500000 4670 1556.410414 49.805133
18.003802 1562.500000 4844 1614.520338 51.664651
18.006389 1562.500000 4504 1500.619492 48.019824
18.005243 1562.500000 4799 1599.513614 51.184436
18.006207 1562.500000 4549 1516.271771 48.520697
18.005938 1562.500000 4544 1514.492004 48.463744
18.005334 1562.500000 4765 1588.207881 50.822652
18.005758 1562.500000 4628 1542.064269 49.346057
18.003272 1562.500000 4759 1585.502906 50.736093
18.007962 1562.500000 4670 1556.642140 49.812548
18.008399 1562.500000 4737 1578.976588 50.527251
18.011342 1562.500000 4635 1544.732905 49.431453
18.002806 1562.500000 4769 1589.224587 50.855187
21.004595 1562.500000 4452 1483.556561 47.473810
21.002878 1562.500000 4684 1560.937335 49.949995
21.003165 1562.500000 4692 1563.911812 50.045178
21.003062 1562.500000 4725 1574.505992 50.384192
21.003534 1562.500000 4596 1531.973717 49.023159
21.003638 1562.500000 4765 1588.165111 50.821284
21.001654 1562.500000 4865 1621.616985 51.891744
21.003972 1562.500000 4778 1592.311317 50.953962
21.002879 1562.500000 4791 1596.790576 51.097298
21.005958 1562.500000 4640 1545.422205 49.453511
21.005982 1562.500000 4848 1614.691498 51.670128
21.004093 1562.500000 4663 1554.069262 49.730216
21.004310 1562.500000 4590 1529.462646 48.942805
21.003685 1562.500000 4734 1577.872140 50.491908
21.004615 1562.500000 4558 1519.216025 48.614913
21.003865 1562.500000 4597 1532.301562 49.033650
21.003887 1562.500000 4860 1619.803546 51.833713
21.005871 1562.500000 4718 1571.515688 50.288502
21.005684 1562.500000 4847 1615.429505 51.693744
21.006377 1562.500000 4690 1563.245027 50.023841
21.005691 1562.500000 4700 1566.663461 50.133231
21.006347 1562.500000 4803 1600.781824 51.225018
21.004269 1562.500000 4547 1515.543822 48.497402
21.006656 1562.500000 4637 1545.529106 49.456931
21.007455 1562.500000 4680 1559.642348 49.908555
21.005428 1562.500000 4752 1583.950611 50.686420
21.011745 1562.500000 4574 1522.746323 48.727882
21.006501 1562.500000 4781 1593.271929 50.984702
21.003525 1562.500000 4669 1556.202302 49.798474
21.008504 1562.500000 4705 1568.278454 50.184911
21.011997 1562.500000 4558 1519.001729 48.608055
21.004175 1562.500000 4648 1548.626902 49.556061
24.009734 1562.500000 4734 1574.498786 50.383961
24.006710 1562.500000 4678 1558.799822 49.881594
24.004194 1562.500000 4657 1551.653112 49.652900
24.002416 1562.500000 4686 1561.603561 49.971314
24.006231 1562.500000 4892 1630.373127 52.171940
24.003992 1562.500000 4796 1598.422692 51.149526
24.003655 1562.500000 4683 1560.744892 49.943837
24.003479 1562.500000 4695 1564.686819 50.069978
24.003669 1562.500000 4675 1558.317488 49.866160
24.005152 1562.500000 4803 1600.702930 51.222494
24.008794 1562.500000 4613 1536.214280 49.158857
24.004162 1562.500000 4632 1543.754858 49.400155
24.004511 1562.500000 4552 1517.210725 48.550743
24.004739 1562.500000 4647 1548.560323 49.553930
24.006990 1562.500000 4810 1602.989378 51.295660
24.005069 1562.500000 4778 1592.084756 50.946712
24.005467 1562.500000 4644 1547.291245 49.513320
24.004685 1562.500000 4657 1552.297074 49.673506
24.004408 1562.500000 4683 1560.717271 49.942953
24.004360 1562.500000 4822 1607.306613 51.433812
24.008048 1562.500000 4655 1550.598854 49.619163
24.005452 1562.500000 4616 1538.654462 49.236943
24.008241 1562.500000 4745 1580.684217 50.581895
24.007679 1562.500000 4825 1608.213123 51.462820
24.010406 1562.500000 4586 1526.359388 48.843500
24.008623 1562.500000 4605 1533.994318 49.087818
24.006555 1562.500000 4770 1589.971121 50.879076
24.003569 1562.500000 4809 1602.976355 51.295243
24.008781 1562.500000 4627 1542.190733 49.350103
24.011925 1562.500000 4833 1610.903682 51.548918
24.012417 1562.500000 4637 1545.449865 49.454396
24.004449 1562.500000 4614 1537.859731 49.211511
27.002962 1562.500000 4638 1545.718732 49.462999
27.005441 1562.500000 4761 1586.847245 50.779112
27.003640 1562.500000 4691 1563.582409 50.034637
27.005093 1562.500000 4602 1533.272057 49.064706
27.009749 1562.500000 4588 1528.840233 48.922887
27.004463 1562.500000 4637 1545.424017 49.453569
27.004742 1562.500000 4670 1556.102753 49.795288
27.009616 1562.500000 4718 1571.291257 50.281320
27.006179 1562.500000 4854 1616.930237 51.741768
27.004560 1562.500000 4706 1568.458648 50.190677
27.005050 1562.500000 4530 1509.652446 48.308878
27.008457 1562.500000 4665 1552.904347 49.692939
27.007239 1562.500000 4698 1565.075560 50.082418
27.005795 1562.500000 4720 1572.779557 50.328946
27.005577 1562.500000 4698 1565.534512 50.097104
27.005500 1562.500000 4544 1514.449039 48.462369
27.006621 1562.500000 4704 1567.796326 50.169482
27.005526 1562.500000 4647 1548.961479 49.566767
27.004655 1562.500000 4755 1584.923919 50.717565
27.007296 1562.500000 4771 1590.022743 50.880728
27.008748 1562.500000 4623 1540.935818 49.309946
27.007788 1562.500000 4722 1573.942876 50.366172
27.009693 1562.500000 4832 1610.184576 51.525906
27.009478 1562.500000 4701 1566.354328 50.123338
27.008169 1562.500000 4682 1560.603943 49.939326
27.006712 1562.500000 4704 1567.917953 50.173374
27.010087 1562.500000 4712 1570.481503 50.255408
27.010687 1562.500000 4632 1543.855646 49.403381
27.003764 1562.500000 4681 1560.231876 49.927420
27.012971 1562.500000 4472 1490.391453 47.692526
27.011944 1562.500000 4832 1610.656422 51.541005
27.004728 1562.500000 4753 1584.185677 50.693942
#type       avg     std     min     5th    10th    90th    95th    99th
read       95.4   148.7    45.3    67.9    72.3   120.4   132.7   162.8
update     99.1   142.5    49.8    71.1    74.8   124.8   137.2   166.9
op_q        1.2     0.5     1.0     1.0     1.0     2.0     2.1     2.9

Total QPS = 99848.8 (2995465 / 30.0s)

Misses = 0 (0.0%)
Skipped TXs = 0 (0.0%)

RX  514458002 bytes :   16.4 MB/s
TX  331353736 bytes :   10.5 MB/s
