3.000061 1666.666667 4997 1665.633017 53.300257
3.000142 1666.666667 5098 1699.252807 54.376090
3.000856 1666.666667 4975 1657.860133 53.051524
3.000205 1666.666667 4992 1663.886212 53.244359
3.000087 1666.666667 5176 1725.283513 55.209072
3.000282 1666.666667 4958 1652.511402 52.880365
3.000406 1666.666667 4838 1612.448451 51.598350
3.000577 1666.666667 4991 1663.346491 53.227088
3.000159 1666.666667 5032 1677.244585 53.671827
3.001299 1666.666667 4993 1663.612890 53.235612
3.000245 1666.666667 4929 1642.865673 52.571702
3.000025 1666.666667 4924 1641.319411 52.522221
3.000801 1666.666667 4894 1630.897868 52.188732
3.000187 1666.666667 5025 1674.895700 53.596662
3.000139 1666.666667 4962 1653.923409 52.925549
3.000097 1666.666667 5085 1694.944931 54.238238
3.002196 1666.666667 5105 1700.422221 54.413511
3.000463 1666.666667 4962 1653.744748 52.919832
3.000326 1666.666667 4948 1649.154069 52.772930
3.000845 1666.666667 4977 1658.533051 53.073058
3.001410 1666.666667 5100 1699.201454 54.374447
3.001865 1666.666667 5113 1703.274697 54.504790
3.000179 1666.666667 4896 1631.902509 52.220880
3.000491 1666.666667 5051 1683.390999 53.868512
3.000057 1666.666667 5028 1675.967884 53.630972
3.000535 1666.666667 4876 1625.043705 52.001399
3.000513 1666.666667 4748 1582.395911 50.636669
3.000216 1666.666667 4909 1636.215787 52.358905
3.001133 1666.666667 5045 1681.032013 53.793024
3.000143 1666.666667 4885 1628.255975 52.104191
3.000569 1666.666667 4994 1664.350828 53.259226
3.000044 1666.666667 4987 1662.308684 53.193878
6.001941 1666.666667 4879 1625.985627 52.031540
6.000894 1666.666667 5144 1714.613362 54.867628
6.002337 1666.666667 4868 1621.535978 51.889151
6.000576 1666.666667 5032 1677.125843 53.668027
6.000197 1666.666667 4884 1627.970176 52.095046
6.000144 1666.666667 5095 1698.300864 54.345628
6.000294 1666.666667 5083 1694.256681 54.216214
6.000383 1666.666667 4854 1617.945363 51.774252
6.000681 1666.666667 4996 1665.180483 53.285775
6.000138 1666.666667 4994 1664.643950 53.268606
6.000919 1666.666667 4945 1648.007865 52.736252
6.000619 1666.666667 4913 1637.430786 52.397785
6.000813 1666.666667 5143 1713.883659 54.844277
6.003066 1666.666667 5062 1685.644478 53.940623
6.001003 1666.666667 5131 1710.090979 54.722911
6.001509 1666.666667 5048 1682.300425 53.833614
6.002044 1666.666667 4898 1631.586394 52.210765
6.000885 1666.666667 4929 1642.978008 52.575296
6.000521 1666.666667 5037 1678.967466 53.726959
6.000837 1666.666667 4959 1652.809630 52.889908
6.000597 1666.666667 5035 1678.298470 53.705551
6.000349 1666.666667 5036 1678.549369 53.713580
6.002444 1666.666667 5026 1674.755891 53.592189
6.000364 1666.666667 4970 1656.584852 53.010715
6.001715 1666.666667 4918 1639.015066 52.448482
6.000930 1666.666667 4876 1625.107752 52.003448
6.002218 1666.666667 4983 1660.987781 53.151609
6.000926 1666.666667 5085 1694.578261 54.226504
6.001872 1666.666667 4919 1639.662438 52.469198
6.000296 1666.666667 4871 1623.583811 51.954682
6.002532 1666.666667 4939 1645.256898 52.648221
6.003220 1666.666667 5063 1685.881931 53.948222
9.000999 1666.666667 4952 1650.328156 52.810501
9.003889 1666.666667 4854 1616.949748 51.742392
9.000169 1666.666667 5067 1688.986153 54.047557
9.001892 1666.666667 4913 1637.458036 52.398657
9.000362 1666.666667 5099 1699.628683 54.388118
9.000184 1666.666667 5028 1675.974568 53.631186
9.001122 1666.666667 4987 1661.821006 53.178272
9.001788 1666.666667 5023 1673.848449 53.563150
9.000938 1666.666667 4942 1647.192382 52.710156
9.001372 1666.666667 4899 1632.590449 52.242894
9.001881 1666.666667 5047 1681.747738 53.815928
9.002012 1666.666667 4988 1662.107689 53.187446
9.000623 1666.666667 5029 1676.307078 53.641826
9.000613 1666.666667 4949 1649.616014 52.787712
9.001621 1666.666667 4867 1621.653902 51.892925
9.000942 1666.666667 5165 1721.592278 55.090953
9.000942 1666.666667 5123 1707.639797 54.644473
9.001809 1666.666667 5024 1673.990420 53.567693
9.002229 1666.666667 4905 1633.975626 52.287220
9.001175 1666.666667 5007 1668.838607 53.402835
9.001933 1666.666667 4880 1626.123073 52.035938
9.002425 1666.666667 5042 1680.617476 53.779759
9.003392 1666.666667 5083 1693.670422 54.197454
9.002575 1666.666667 4831 1610.263316 51.528426
9.000298 1666.666667 5170 1723.332247 55.146632
9.002854 1666.666667 4888 1628.893290 52.124585
9.003039 1666.666667 5072 1689.476695 54.063254
9.002134 1666.666667 5182 1727.182948 55.269854
9.003287 1666.666667 4972 1657.211491 53.030768
9.002392 1666.666667 5091 1696.617315 54.291754
9.002614 1666.666667 5058 1685.953730 53.950519
9.004146 1666.666667 5137 1711.805437 54.777774
12.001432 1666.666667 4884 1627.731916 52.087421
12.001159 1666.666667 4986 1661.459985 53.166720
12.005096 1666.666667 5077 1690.912127 54.109188
12.000764 1666.666667 5037 1678.774942 53.720798
12.009778 1666.666667 5050 1678.629416 53.716141
12.000587 1666.666667 4916 1638.438313 52.430026
12.002068 1666.666667 5070 1689.365779 54.059705
12.001013 1666.666667 5094 1697.779420 54.328941
12.001518 1666.666667 5014 1671.044144 53.473413
12.001202 1666.666667 5044 1681.288313 53.801226
12.001292 1666.666667 5140 1713.133638 54.820276
12.002497 1666.666667 4991 1663.626796 53.236057
12.000636 1666.666667 5051 1683.654124 53.876932
12.001417 1666.666667 4941 1646.867339 52.699755
12.005018 1666.666667 4974 1657.101612 53.027252
12.002990 1666.666667 4960 1652.794280 52.889417
12.001959 1666.666667 5002 1667.295819 53.353466
12.003045 1666.666667 5108 1701.953528 54.462513
12.002685 1666.666667 4985 1661.221594 53.159091
12.002182 1666.666667 5076 1691.789797 54.137274
12.003167 1666.666667 4921 1639.768670 52.472597
12.002159 1666.666667 5159 1719.357892 55.019453
12.000635 1666.666667 5031 1676.811315 53.657962
12.002936 1666.666667 5253 1750.952410 56.030477
12.003647 1666.666667 4836 1611.806593 51.577811
12.005072 1666.666667 5003 1666.178362 53.317708
12.002265 1666.666667 4884 1627.819634 52.090228
12.004192 1666.666667 5001 1665.909862 53.309116
12.004497 1666.666667 4999 1665.995594 53.311859
12.008873 1666.666667 5059 1683.060549 53.857938
12.004505 1666.666667 4946 1647.628589 52.724115
12.004149 1666.666667 5163 1720.998146 55.071941
15.003094 1666.666667 4926 1641.776247 52.536840
15.002037 1666.666667 4932 1643.542558 52.593362
15.001850 1666.666667 5059 1686.146312 53.956682
15.001860 1666.666667 5016 1671.761397 53.496365
15.002345 1666.666667 4959 1652.031774 52.865017
15.001702 1666.666667 5065 1687.805599 54.009779
15.001117 1666.666667 5032 1677.274964 53.672799
15.001668 1666.666667 4950 1649.719917 52.791037
15.001293 1666.666667 5086 1695.332630 54.250644
15.002482 1666.666667 4925 1640.657132 52.501028
15.004022 1666.666667 4989 1662.428143 53.197701
15.002323 1666.666667 4988 1662.465101 53.198883
15.001455 1666.666667 5043 1680.978304 53.791306
15.002954 1666.666667 4942 1646.846670 52.699093
15.003940 1666.666667 4928 1641.877098 52.540067
15.003390 1666.666667 5026 1674.658809 53.589082
15.002967 1666.666667 5017 1671.941838 53.502139
15.003769 1666.666667 4989 1662.598371 53.203148
15.001676 1666.666667 4877 1625.102537 52.003281
15.004044 1666.666667 4761 1586.790098 50.777283
15.002218 1666.666667 5031 1676.967351 53.662955
15.003210 1666.666667 4976 1658.515074 53.072482
15.003465 1666.666667 5078 1692.498485 54.159952
15.005748 1666.666667 4930 1642.976428 52.575246
15.005654 1666.666667 5074 1690.975206 54.111207
15.005218 1666.666667 4968 1655.602620 52.979284
15.006319 1666.666667 4896 1630.844127 52.187012
15.005623 1666.666667 5095 1698.021104 54.336675
15.010320 1666.666667 4920 1639.704100 52.470531
15.009398 1666.666667 5027 1675.373480 53.611951
15.004672 1666.666667 4865 1621.576378 51.890444
15.005126 1666.666667 5054 1684.118245 53.891784
18.005791 1666.666667 4975 1656.766592 53.016531
18.002508 1666.666667 4841 1613.013206 51.616423
18.009925 1666.666667 4990 1658.786285 53.081161
18.002543 1666.666667 5130 1709.711655 54.710773
18.003297 1666.666667 4882 1626.151831 52.036859
18.003619 1666.666667 4842 1613.302716 51.625687
18.002025 1666.666667 4894 1631.023379 52.192748
18.002554 1666.666667 5039 1679.278214 53.736903
18.002744 1666.666667 5088 1695.774393 54.264781
18.001692 1666.666667 5056 1685.320106 53.930243
18.002027 1666.666667 4896 1631.904154 52.220933
18.006183 1666.666667 5083 1694.087479 54.210799
18.004543 1666.666667 5103 1700.346758 54.411096
18.003229 1666.666667 4994 1664.591834 53.266939
18.003080 1666.666667 4931 1643.194515 52.582224
18.002960 1666.666667 5046 1681.731596 53.815411
18.003186 1666.666667 4864 1621.214993 51.878880
18.004749 1666.666667 4828 1608.644604 51.476627
18.005846 1666.666667 4958 1651.523222 52.848743
18.004011 1666.666667 5060 1686.216435 53.958926
18.004548 1666.666667 5008 1668.994923 53.407838
18.001898 1666.666667 5022 1673.876321 53.564042
18.004665 1666.666667 5044 1680.985240 53.791528
18.004342 1666.666667 4895 1631.492517 52.207761
18.005293 1666.666667 5074 1691.291053 54.121314
18.006789 1666.666667 5069 1689.027360 54.048876
18.006491 1666.666667 5030 1676.570175 53.650246
18.006182 1666.666667 4931 1643.360392 52.587533
18.004909 1666.666667 4905 1634.870847 52.315867
18.011903 1666.666667 5086 1694.439016 54.222049
18.009660 1666.666667 4991 1663.521284 53.232681
18.005484 1666.666667 5082 1693.797462 54.201519
21.002613 1666.666667 5010 1669.967390 53.438956
21.003188 1666.666667 4967 1655.421820 52.973498
21.004090 1666.666667 5011 1669.185321 53.413930
21.003260 1666.666667 5014 1670.914501 53.469264
21.002984 1666.666667 4979 1658.952376 53.086476
21.003256 1666.666667 5022 1673.602441 53.555278
21.002778 1666.666667 4993 1663.915841 53.245307
21.007365 1666.666667 4935 1642.948811 52.574362
21.004387 1666.666667 5012 1669.939247 53.438056
21.004469 1666.666667 4980 1659.351730 53.099255
21.005680 1666.666667 5137 1711.802115 54.777668
21.003744 1666.666667 4954 1651.049818 52.833594
21.005733 1666.666667 5015 1670.123420 53.443949
21.004874 1666.666667 5065 1688.149543 54.020785
21.005406 1666.666667 5002 1666.742154 53.335749
21.004311 1666.666667 5130 1709.828905 54.714525
21.003328 1666.666667 4951 1650.255245 52.808168
21.004841 1666.666667 5005 1668.235525 53.383537
21.002555 1666.666667 4932 1643.639902 52.596477
21.005908 1666.666667 5008 1668.990855 53.407707
21.005555 1666.666667 4948 1648.777083 52.760867
21.006502 1666.666667 5062 1686.933705 53.981879
21.006034 1666.666667 4979 1659.562676 53.106006
21.007177 1666.666667 5022 1673.445397 53.550253
21.007375 1666.666667 4967 1655.343342 52.970987
21.006643 1666.666667 5091 1696.914336 54.301259
21.006418 1666.666667 4955 1651.537058 52.849186
21.010331 1666.666667 5077 1692.104676 54.147350
21.004959 1666.666667 5036 1678.638233 53.716423
21.009757 1666.666667 5055 1684.945190 53.918246
21.012859 1666.666667 5068 1688.795328 54.041450
21.005923 1666.666667 4966 1655.091213 52.962919
24.004821 1666.666667 4927 1641.933462 52.541871
24.004478 1666.666667 4915 1637.705554 52.406578
24.004057 1666.666667 5117 1704.846078 54.555074
24.003625 1666.666667 4990 1662.977662 53.215285
24.003271 1666.666667 5048 1682.620195 53.843846
24.004424 1666.666667 5065 1687.950770 54.014425
24.003844 1666.666667 5023 1674.005070 53.568162
24.006283 1666.666667 4923 1640.795100 52.505443
24.004937 1666.666667 5083 1694.279073 54.216930
24.004011 1666.666667 4982 1659.861352 53.115563
24.004035 1666.666667 4913 1636.980588 52.383379
24.003639 1666.666667 4959 1652.791198 52.889318
24.004318 1666.666667 5035 1678.329581 53.706547
24.004506 1666.666667 5094 1697.979350 54.335339
24.005506 1666.666667 4890 1629.657105 52.149027
24.006259 1666.666667 4900 1632.869161 52.251813
24.004458 1666.666667 5132 1710.625664 54.740021
24.006116 1666.666667 4864 1621.289102 51.881251
24.006879 1666.666667 4938 1645.342612 52.650964
24.007592 1666.666667 5222 1740.426298 55.693642
24.006337 1666.666667 4978 1658.998920 53.087965
24.005708 1666.666667 5124 1707.912976 54.653215
24.007469 1666.666667 5097 1698.946865 54.366300
24.006542 1666.666667 4977 1658.977922 53.087294
24.007470 1666.666667 5038 1679.274529 53.736785
24.007406 1666.666667 4988 1662.118863 53.187804
24.007158 1666.666667 4958 1652.383189 52.876262
24.010843 1666.666667 4993 1664.048914 53.249565
24.009889 1666.666667 4878 1625.928695 52.029718
24.005140 1666.666667 5157 1718.896333 55.004683
24.013091 1666.666667 4917 1638.873329 52.443947
24.006537 1666.666667 5041 1679.989508 53.759664
27.004327 1666.666667 5150 1716.062557 54.914002
27.004605 1666.666667 4986 1661.841230 53.178919
27.004060 1666.666667 5002 1667.213407 53.350829
27.008393 1666.666667 5012 1668.243428 53.383790
27.003828 1666.666667 5130 1709.884346 54.716299
27.004304 1666.666667 4998 1665.863051 53.307618
27.004294 1666.666667 5057 1685.298907 53.929565
27.005638 1666.666667 4867 1622.261575 51.912370
27.004506 1666.666667 4903 1634.288427 52.297230
27.005266 1666.666667 4881 1626.821607 52.058291
27.005503 1666.666667 5102 1700.279874 54.408956
27.004765 1666.666667 4987 1662.189744 53.190072
27.006423 1666.666667 4927 1642.243859 52.551803
27.005170 1666.666667 5140 1712.927094 54.813667
27.004656 1666.666667 4980 1659.901900 53.116861
27.006268 1666.666667 4835 1611.585215 51.570727
27.006283 1666.666667 5109 1702.999689 54.495990
27.004013 1666.666667 4991 1663.665414 53.237293
27.006218 1666.666667 4956 1651.718754 52.855000
27.006581 1666.666667 5242 1747.310480 55.913935
27.007042 1666.666667 5017 1671.940638 53.502100
27.007626 1666.666667 4792 1597.250277 51.112009
27.007919 1666.666667 4997 1665.484943 53.295518
27.006943 1666.666667 4974 1657.964613 53.054868
27.007379 1666.666667 5052 1683.875605 53.884019
27.009195 1666.666667 4982 1659.711707 53.110775
27.007843 1666.666667 5094 1697.753221 54.328103
27.013457 1666.666667 5076 1689.989793 54.079673
27.011005 1666.666667 5059 1686.242436 53.959758
27.005627 1666.666667 5056 1685.059810 53.921914
27.013103 1666.666667 5035 1678.326691 53.706454
27.007014 1666.666667 4989 1662.736024 53.207553
#type       avg     std     min     5th    10th    90th    95th    99th
read      671.6   234.0    72.9   349.4   407.4   963.5  1059.7  1293.0
update    676.8   238.9    80.2   351.1   409.2   975.9  1078.6  1322.7
op_q        2.3     1.3     1.0     1.0     1.0     4.0     4.7     6.0

Total QPS = 119933.9 (3598016 / 30.0s)

Misses = 0 (0.0%)
Skipped TXs = 0 (0.0%)

RX  623163028 bytes :   19.8 MB/s
TX  398833362 bytes :   12.7 MB/s
