3.000214 3611.111111 10769 3589.410833 114.861147
3.000466 3611.111111 10802 3600.107185 115.203430
3.000160 3611.111111 10601 3533.478641 113.071317
3.000069 3611.111111 10827 3608.917483 115.485359
3.000220 3611.111111 10688 3562.405221 113.996967
3.000609 3611.111111 10730 3575.940246 114.430088
3.000281 3611.111111 10900 3632.993608 116.255795
3.000102 3611.111111 10838 3612.544301 115.601418
3.000439 3611.111111 11058 3685.460221 117.934727
3.000168 3611.111111 10677 3558.800950 113.881630
3.000038 3611.111111 10857 3618.954597 115.806547
3.000177 3611.111111 10763 3587.455300 114.798570
3.000127 3611.111111 10800 3599.848034 115.195137
3.000534 3611.111111 10821 3606.357541 115.403441
3.000289 3611.111111 10990 3662.980966 117.215391
3.000446 3611.111111 10853 3617.128819 115.748122
3.000059 3611.111111 10731 3576.929217 114.461735
3.000048 3611.111111 10853 3617.608359 115.763467
3.001226 3611.111111 10873 3622.852788 115.931289
3.000112 3611.111111 10714 3571.199620 114.278388
3.000025 3611.111111 10824 3607.969382 115.455020
3.000171 3611.111111 10562 3520.466174 112.654918
3.000254 3611.111111 10516 3505.036850 112.161179
3.000345 3611.111111 10591 3529.926831 112.957659
3.000889 3611.111111 10725 3573.940846 114.366107
3.000984 3611.111111 10867 3621.146024 115.876673
3.000140 3611.111111 10812 3603.831727 115.322615
3.000007 3611.111111 11025 3674.991294 117.599721
3.000498 3611.111111 10774 3590.737126 114.903588
3.000123 3611.111111 11052 3683.848500 117.883152
3.000566 3611.111111 11113 3703.634018 118.516289
3.000220 3611.111111 10807 3602.068905 115.266205
6.000829 3611.111111 10989 3662.298179 117.193542
6.000513 3611.111111 10984 3660.862015 117.147584
6.001424 3611.111111 10799 3599.429094 115.181731
6.000099 3611.111111 10849 3616.296645 115.721493
6.000392 3611.111111 10915 3637.917041 116.413345
6.000246 3611.111111 10823 3607.635490 115.444336
6.000264 3611.111111 10896 3631.894729 116.220631
6.000325 3611.111111 10661 3553.624027 113.715969
6.000843 3611.111111 10821 3606.109330 115.395499
6.000461 3611.111111 10857 3618.646474 115.796687
6.000067 3611.111111 10881 3626.964853 116.062875
6.000633 3611.111111 10993 3664.096510 117.251088
6.000062 3611.111111 10733 3577.663939 114.485246
6.000794 3611.111111 10894 3630.579170 116.178533
6.000165 3611.111111 11000 3666.660078 117.333122
6.000511 3611.111111 10982 3660.073927 117.122366
6.000406 3611.111111 10782 3593.770292 115.000649
6.000719 3611.111111 10799 3599.363313 115.179626
6.000590 3611.111111 10867 3622.265977 115.912511
6.000496 3611.111111 10718 3572.607453 114.323438
6.000542 3611.111111 10816 3605.018712 115.360599
6.000410 3611.111111 10810 3603.008867 115.296284
6.001070 3611.111111 10741 3579.190975 114.534111
6.000383 3611.111111 10767 3588.955229 114.846567
6.001425 3611.111111 10824 3606.885264 115.420328
6.000064 3611.111111 10900 3633.264604 116.264467
6.000751 3611.111111 10810 3603.163043 115.301217
6.000244 3611.111111 10863 3620.854280 115.867337
6.001038 3611.111111 10834 3611.153602 115.556915
6.001240 3611.111111 10991 3663.353529 117.227313
6.000656 3611.111111 10709 3569.559919 114.225917
6.000846 3611.111111 10845 3614.246313 115.655882
9.000351 3611.111111 10966 3655.300546 116.969617
9.000285 3611.111111 10858 3619.307101 115.817827
9.000394 3611.111111 10850 3616.488509 115.727632
9.000238 3611.111111 10510 3503.248151 112.103941
9.001380 3611.111111 10863 3619.409230 115.821095
9.000851 3611.111111 10601 3533.142656 113.060565
9.000191 3611.111111 10915 3638.182131 116.421828
9.000150 3611.111111 10738 3579.272438 114.536718
9.000484 3611.111111 10818 3605.888647 115.388437
9.001159 3611.111111 10802 3599.891208 115.196519
9.000193 3611.111111 10929 3642.843401 116.570989
9.000665 3611.111111 10770 3589.797560 114.873522
9.000652 3611.111111 10829 3609.592935 115.506974
9.000720 3611.111111 10749 3582.896106 114.652675
9.000499 3611.111111 11007 3668.953336 117.406507
9.000778 3611.111111 10926 3641.929011 116.541728
9.000423 3611.111111 10910 3636.618216 116.371783
9.000724 3611.111111 10964 3654.445899 116.942269
9.001109 3611.111111 10839 3612.662812 115.605210
9.000895 3611.111111 10855 3618.269516 115.784625
9.000699 3611.111111 10881 3626.651257 116.052840
9.000618 3611.111111 10940 3646.537194 116.689190
9.001731 3611.111111 10872 3623.629370 115.956140
9.001441 3611.111111 10570 3522.897158 112.732709
9.000968 3611.111111 10929 3642.788166 116.569221
9.000980 3611.111111 10784 3594.392683 115.020566
9.000605 3611.111111 10822 3606.898917 115.420765
9.001127 3611.111111 10875 3624.893208 115.996583
9.001282 3611.111111 10614 3537.950482 113.214415
9.002807 3611.111111 10795 3596.676971 115.093663
9.001104 3611.111111 10792 3596.796662 115.097493
9.001246 3611.111111 10760 3586.188415 114.758029
12.001065 3611.111111 10785 3594.655433 115.028974
12.001125 3611.111111 10789 3595.782319 115.065034
12.000183 3611.111111 10940 3646.626196 116.692038
12.001022 3611.111111 10888 3628.442823 116.110170
12.000402 3611.111111 10759 3586.272907 114.760733
12.000420 3611.111111 10800 3599.969106 115.199011
12.000530 3611.111111 11059 3685.974642 117.951189
12.002151 3611.111111 10849 3613.973125 115.647140
12.000599 3611.111111 10905 3634.878887 116.316124
12.000968 3611.111111 10622 3540.293717 113.289399
12.000890 3611.111111 10742 3580.182893 114.565853
12.001065 3611.111111 10916 3638.124970 116.419999
12.001164 3611.111111 10936 3645.266087 116.648515
12.000460 3611.111111 10886 3628.343570 116.106994
12.000573 3611.111111 10867 3622.151740 115.908856
12.000976 3611.111111 10878 3625.991371 116.031724
12.000768 3611.111111 10870 3623.275853 115.944827
12.001057 3611.111111 10996 3664.926378 117.277644
12.000988 3611.111111 10784 3594.556384 115.025804
12.001922 3611.111111 10871 3623.436194 115.949958
12.001317 3611.111111 10751 3583.108982 114.659487
12.002075 3611.111111 10715 3570.028463 114.240911
12.001165 3611.111111 10711 3570.326530 114.250449
12.001223 3611.111111 10868 3622.373665 115.915957
12.001209 3611.111111 10894 3631.234386 116.199500
12.001632 3611.111111 10899 3632.695612 116.246260
12.001738 3611.111111 10822 3606.785587 115.417139
12.002862 3611.111111 10741 3578.638666 114.516437
12.000674 3611.111111 10891 3630.250849 116.168027
12.002902 3611.111111 10765 3588.219941 114.823038
12.001175 3611.111111 11098 3699.245842 118.375867
12.001341 3611.111111 10748 3582.553059 114.641698
15.001407 3611.111111 10688 3562.560359 114.001931
15.000435 3611.111111 10959 3652.981072 116.895394
15.000809 3611.111111 10991 3662.903348 117.212907
15.000780 3611.111111 10834 3611.318577 115.562194
15.000497 3611.111111 10868 3622.551526 115.921649
15.001137 3611.111111 10767 3588.274456 114.824783
15.001031 3611.111111 10942 3646.808218 116.697863
15.001070 3611.111111 10908 3635.260563 116.328338
15.001352 3611.111111 11044 3680.928002 117.789696
15.001173 3611.111111 10879 3626.109137 116.035492
15.001800 3611.111111 10747 3581.527663 114.608885
15.001195 3611.111111 11004 3667.721815 117.367098
15.000723 3611.111111 11040 3679.816147 117.754117
15.002528 3611.111111 10771 3588.754582 114.840147
15.000976 3611.111111 10799 3599.666039 115.189313
15.000982 3611.111111 10770 3589.889385 114.876460
15.001423 3611.111111 10842 3613.559062 115.633890
15.001327 3611.111111 11020 3673.135162 117.540325
15.001263 3611.111111 10886 3628.426775 116.109657
15.001225 3611.111111 10822 3607.260149 115.432325
15.001591 3611.111111 10887 3628.554669 116.113749
15.001094 3611.111111 10936 3645.297687 116.649526
15.001658 3611.111111 10656 3551.968913 113.663005
15.001978 3611.111111 10797 3598.931968 115.165823
15.000763 3611.111111 10998 3665.890526 117.308497
15.001942 3611.111111 10800 3599.754527 115.192145
15.002501 3611.111111 10802 3600.246026 115.207873
15.002650 3611.111111 10861 3619.640236 115.828488
15.002932 3611.111111 10868 3622.629927 115.924158
15.003020 3611.111111 10925 3641.474262 116.527176
15.001533 3611.111111 10987 3661.896347 117.180683
15.001959 3611.111111 10775 3590.926413 114.909645
18.000932 3611.111111 10779 3592.479207 114.959335
18.000487 3611.111111 10840 3613.271011 115.624672
18.001050 3611.111111 10846 3615.310711 115.689943
18.000842 3611.111111 10947 3648.959449 116.766702
18.002951 3611.111111 10794 3595.633358 115.060267
18.001219 3611.111111 10913 3637.134488 116.388304
18.001206 3611.111111 10829 3609.397329 115.500715
18.001348 3611.111111 10678 3559.082017 113.890625
18.000755 3611.111111 10919 3639.627875 116.468092
18.001465 3611.111111 10821 3606.675955 115.413631
18.001372 3611.111111 10995 3664.756571 117.272210
18.001743 3611.111111 10914 3637.592528 116.402961
18.001893 3611.111111 11050 3682.512723 117.840407
18.001409 3611.111111 10667 3555.294108 113.769411
18.001548 3611.111111 10869 3622.763359 115.928427
18.002374 3611.111111 10932 3643.302129 116.585668
18.001451 3611.111111 10787 3595.517677 115.056566
18.003849 3611.111111 10681 3559.245861 113.895868
18.001650 3611.111111 10590 3529.930395 112.957773
18.002213 3611.111111 10839 3612.048608 115.585555
18.001405 3611.111111 10735 3578.163439 114.501230
18.001691 3611.111111 10834 3611.293086 115.561379
18.002739 3611.111111 10713 3570.717423 114.262958
18.002799 3611.111111 10984 3660.331897 117.130621
18.001146 3611.111111 10987 3662.240256 117.191688
18.001763 3611.111111 10660 3552.149449 113.668782
18.002112 3611.111111 10726 3575.130767 114.404185
18.002564 3611.111111 10746 3581.957043 114.622625
18.002772 3611.111111 10860 3619.852448 115.835278
18.003059 3611.111111 10888 3629.286521 116.137169
18.001916 3611.111111 10734 3577.542466 114.481359
18.002122 3611.111111 11103 3700.799151 118.425573
21.003520 3611.111111 10941 3644.391577 116.620530
21.000773 3611.111111 10859 3619.320987 115.818272
21.001107 3611.111111 10981 3660.119887 117.123836
21.002620 3611.111111 10877 3625.599835 116.019195
21.001559 3611.111111 10741 3579.725645 114.551221
21.000997 3611.111111 10865 3621.479756 115.887352
21.001238 3611.111111 10753 3584.294530 114.697425
21.001568 3611.111111 10875 3624.976029 115.999233
21.001607 3611.111111 10733 3577.430124 114.477764
21.001554 3611.111111 10725 3574.893567 114.396594
21.001847 3611.111111 10989 3662.810209 117.209927
21.001531 3611.111111 10806 3601.904213 115.260935
21.000876 3611.111111 10643 3547.524096 113.520771
21.001345 3611.111111 10838 3612.515070 115.600482
21.001376 3611.111111 10723 3574.300870 114.377628
21.002556 3611.111111 10895 3629.961648 116.158773
21.003651 3611.111111 10714 3570.247268 114.247913
21.002041 3611.111111 11015 3671.302291 117.481673
21.001706 3611.111111 10739 3579.599947 114.547198
21.001983 3611.111111 10790 3596.559019 115.089889
21.001415 3611.111111 10837 3612.321672 115.594294
21.004601 3611.111111 10848 3613.317448 115.626158
21.002413 3611.111111 10941 3646.756671 116.696213
21.002607 3611.111111 11153 3717.054051 118.945730
21.002900 3611.111111 11157 3718.875235 119.004008
21.001910 3611.111111 10866 3621.822961 115.898335
21.003115 3611.111111 10591 3530.139664 112.964469
21.003524 3611.111111 10668 3555.108592 113.763475
21.003217 3611.111111 11066 3688.472323 118.031114
21.003992 3611.111111 10725 3574.829065 114.394530
21.002127 3611.111111 10972 3657.077004 117.026464
21.002406 3611.111111 10673 3557.329985 113.834560
24.001578 3611.111111 10845 3614.987981 115.679615
24.001040 3611.111111 10710 3569.682717 114.229847
24.001628 3611.111111 10923 3640.916784 116.509337
24.001382 3611.111111 10958 3652.332200 116.874630
24.001383 3611.111111 10642 3547.162774 113.509209
24.001263 3611.111111 10879 3626.011912 116.032381
24.001622 3611.111111 10807 3602.251322 115.272042
24.001745 3611.111111 10929 3642.952234 116.574471
24.001404 3611.111111 10733 3577.596327 114.483082
24.001449 3611.111111 10796 3598.578332 115.154507
24.000908 3611.111111 11019 3672.959926 117.534718
24.003188 3611.111111 10884 3626.089680 116.034870
24.001677 3611.111111 10794 3597.825193 115.130406
24.001769 3611.111111 10806 3601.575033 115.250401
24.002899 3611.111111 10775 3590.407126 114.893028
24.002380 3611.111111 10843 3613.854865 115.643356
24.002399 3611.111111 10758 3585.571723 114.738295
24.002655 3611.111111 10630 3543.291423 113.385326
24.003083 3611.111111 10867 3621.524487 115.888784
24.002712 3611.111111 10802 3600.478786 115.215321
24.003239 3611.111111 10944 3647.849716 116.731191
24.002978 3611.111111 10676 3558.574500 113.874384
24.003076 3611.111111 10658 3552.110500 113.667536
24.001992 3611.111111 10899 3632.900507 116.252816
24.003646 3611.111111 10829 3609.514588 115.504467
24.003792 3611.111111 10818 3605.830385 115.386572
24.003272 3611.111111 11002 3667.266160 117.352517
24.003629 3611.111111 10787 3595.541517 115.057329
24.004717 3611.111111 10786 3595.194822 115.046234
24.004639 3611.111111 10774 3590.559464 114.897903
24.002181 3611.111111 10832 3610.601160 115.539237
24.002442 3611.111111 10716 3571.956965 114.302623
27.001726 3611.111111 10759 3585.948351 114.750347
27.002043 3611.111111 10681 3559.781962 113.913023
27.001167 3611.111111 11000 3666.511260 117.328360
27.001480 3611.111111 10736 3578.549307 114.513578
27.001739 3611.111111 10777 3591.906485 114.941008
27.002808 3611.111111 10749 3581.648905 114.612765
27.001875 3611.111111 11156 3718.352846 118.987291
27.001604 3611.111111 10812 3603.589383 115.314860
27.002665 3611.111111 10787 3595.325573 115.050418
27.001676 3611.111111 10895 3631.392339 116.204555
27.001081 3611.111111 10760 3586.459943 114.766718
27.001689 3611.111111 10941 3646.925123 116.701604
27.003004 3611.111111 10773 3590.275872 114.888828
27.001774 3611.111111 11017 3672.298002 117.513536
27.002238 3611.111111 10768 3588.772354 114.840715
27.002067 3611.111111 10945 3648.242169 116.743749
27.003516 3611.111111 10695 3564.485657 114.063541
27.003092 3611.111111 10783 3594.102681 115.011286
27.002917 3611.111111 10878 3625.683172 116.021862
27.003174 3611.111111 10898 3632.428265 116.237704
27.003506 3611.111111 10971 3656.612244 117.011592
27.003343 3611.111111 10981 3660.206198 117.126598
27.003351 3611.111111 10988 3662.570191 117.202246
27.002845 3611.111111 10664 3554.509681 113.744310
27.004254 3611.111111 10570 3522.619297 112.723818
27.003170 3611.111111 10920 3639.886016 116.476353
27.004199 3611.111111 10797 3598.511901 115.152381
27.003771 3611.111111 10848 3615.827972 115.706495
27.004958 3611.111111 10772 3590.378781 114.892121
27.002416 3611.111111 10694 3564.387377 114.060396
27.004916 3611.111111 10884 3627.664293 116.085257
27.002521 3611.111111 10693 3564.240106 114.055683
#type       avg     std     min     5th    10th    90th    95th    99th
read      752.1   285.1   129.1   459.0   497.0  1030.1  1204.6  1391.1
update    754.1   281.4   156.2   459.1   497.1  1040.6  1213.2  1392.5
op_q        4.1     2.2     1.0     1.1     2.0     7.0     7.8    10.6

Total QPS = 259817.3 (7794518 / 30.0s)

Misses = 0 (0.0%)
Skipped TXs = 0 (0.0%)

RX 1342669260 bytes :   42.7 MB/s
TX  863080032 bytes :   27.4 MB/s
