3.000339 5000.000000 14769 4922.443735 157.518200
3.000381 5000.000000 14855 4951.037297 158.433194
3.000122 5000.000000 15046 5015.128737 160.484120
3.000049 5000.000000 15335 5111.583203 163.570662
3.000787 5000.000000 14900 4965.363519 158.891633
3.000029 5000.000000 14875 4958.285110 158.665124
3.000233 5000.000000 14895 4964.614259 158.867656
3.000325 5000.000000 14937 4978.461217 159.310759
3.000817 5000.000000 15113 5036.295373 161.161452
3.000205 5000.000000 14755 4917.997043 157.375905
3.000906 5000.000000 14963 4986.160311 159.557130
3.000625 5000.000000 14810 4935.638787 157.940441
3.000111 5000.000000 14866 4955.149642 158.564789
3.000006 5000.000000 15017 5005.657281 160.181033
3.000526 5000.000000 14872 4956.464320 158.606858
3.000159 5000.000000 15250 5083.064679 162.658070
3.000441 5000.000000 15030 5009.263134 160.296420
3.000073 5000.000000 14998 4999.211339 159.974763
3.000059 5000.000000 14927 4975.569063 159.218210
3.000062 5000.000000 14704 4901.232741 156.839448
3.000049 5000.000000 14931 4976.919419 159.261421
3.000519 5000.000000 15185 5060.790665 161.945301
3.000343 5000.000000 15049 5015.760228 160.504327
3.000074 5000.000000 15113 5037.542398 161.201357
3.000173 5000.000000 14934 4977.712254 159.286792
3.000131 5000.000000 15148 5049.113611 161.571636
3.000012 5000.000000 14994 4997.979267 159.935337
3.000077 5000.000000 14824 4941.207204 158.118631
3.000033 5000.000000 14859 4952.945206 158.494247
3.000194 5000.000000 14943 4980.678188 159.381702
3.000621 5000.000000 15172 5056.286129 161.801156
3.000142 5000.000000 15097 5032.094557 161.027026
6.001662 5000.000000 14759 4917.062176 157.345990
6.000227 5000.000000 14784 4927.842275 157.690953
6.001213 5000.000000 14832 4943.298507 158.185552
6.000350 5000.000000 15073 5023.768066 160.760578
6.000050 5000.000000 14867 4955.594006 158.579008
6.000633 5000.000000 15131 5043.178424 161.381710
6.000063 5000.000000 15203 5067.664407 162.165261
6.002950 5000.000000 14912 4965.864313 158.907658
6.000362 5000.000000 14975 4991.405825 159.724986
6.000203 5000.000000 14963 4987.377339 159.596075
6.000123 5000.000000 15008 5002.646578 160.084690
6.000288 5000.000000 14970 4989.724401 159.671181
6.000662 5000.000000 15165 5054.430903 161.741789
6.000068 5000.000000 15154 5051.300590 161.641619
6.000590 5000.000000 14979 4992.582869 159.762652
6.000250 5000.000000 15254 5084.343065 162.698978
6.000174 5000.000000 15151 5050.331840 161.610619
6.000245 5000.000000 15034 5011.048333 160.353547
6.000593 5000.000000 14890 4962.614468 158.803663
6.000459 5000.000000 14679 4892.971948 156.575102
6.000497 5000.000000 15142 5046.625382 161.492012
6.001047 5000.000000 14950 4981.981996 159.423424
6.000817 5000.000000 14854 4951.015780 158.432505
6.000924 5000.000000 15067 5021.666567 160.693330
6.000436 5000.000000 15061 5020.242407 160.647757
6.000521 5000.000000 14899 4966.331226 158.922599
6.000112 5000.000000 14937 4978.868452 159.323790
6.000474 5000.000000 15111 5036.528954 161.168927
6.000963 5000.000000 15035 5011.571169 160.370277
6.000895 5000.000000 14940 4979.870083 159.355843
6.000819 5000.000000 14931 4976.671379 159.253484
6.000187 5000.000000 14939 4979.592974 159.346975
9.000389 5000.000000 15127 5041.785626 161.337140
9.000273 5000.000000 14990 4996.294901 159.881437
9.000550 5000.000000 14895 4964.811157 158.873957
9.000298 5000.000000 15036 5011.793532 160.377393
9.000254 5000.000000 15003 5000.689805 160.022074
9.000295 5000.000000 15127 5042.178265 161.349704
9.000353 5000.000000 15153 5050.787238 161.625192
9.000856 5000.000000 15135 5043.980936 161.407390
9.000333 5000.000000 14761 4920.259989 157.448320
9.000187 5000.000000 14931 4976.894258 159.260616
9.000717 5000.000000 14961 4986.910078 159.581122
9.000440 5000.000000 15065 5021.338867 160.682844
9.000500 5000.000000 15171 5056.767320 161.816554
9.000682 5000.000000 14999 4999.512069 159.984386
9.000472 5000.000000 15038 5012.644551 160.404626
9.001289 5000.000000 14950 4982.244533 159.431825
9.000648 5000.000000 15350 5116.158148 163.717061
9.000664 5000.000000 15114 5037.759182 161.208294
9.000336 5000.000000 15082 5026.958695 160.862678
9.001148 5000.000000 15142 5046.776097 161.496835
9.001120 5000.000000 14850 4949.741355 158.391723
9.001076 5000.000000 15215 5071.409910 162.285117
9.000618 5000.000000 15145 5048.092503 161.538960
9.000889 5000.000000 15068 5022.171359 160.709483
9.000928 5000.000000 14684 4894.612865 156.627612
9.001466 5000.000000 15010 5002.634320 160.084298
9.001249 5000.000000 15068 5022.606712 160.723415
9.000939 5000.000000 14966 4987.932770 159.613849
9.001669 5000.000000 14920 4973.322028 159.146305
9.000919 5000.000000 15063 5020.833384 160.666668
9.003072 5000.000000 14893 4964.131510 158.852208
9.000387 5000.000000 14853 4950.669191 158.421414
12.000731 5000.000000 14893 4964.146387 158.852684
12.000314 5000.000000 14987 4995.639113 159.860452
12.000779 5000.000000 15104 5034.099018 161.091169
12.000351 5000.000000 14975 4991.504724 159.728151
12.000386 5000.000000 14787 4928.850969 157.723231
12.000402 5000.000000 15149 5049.643689 161.588598
12.000593 5000.000000 15110 5036.509974 161.168319
12.000634 5000.000000 15090 5029.529282 160.944937
12.000454 5000.000000 15148 5049.130135 161.572164
12.000386 5000.000000 14958 4985.669751 159.541432
12.000337 5000.000000 14961 4986.892978 159.580575
12.000584 5000.000000 15176 5058.608967 161.875487
12.000871 5000.000000 15141 5046.683162 161.493861
12.000666 5000.000000 15067 5022.007581 160.704243
12.000845 5000.000000 14990 4996.339657 159.882869
12.000776 5000.000000 15030 5009.265361 160.296492
12.001317 5000.000000 14944 4981.219973 159.399039
12.001426 5000.000000 15037 5011.501901 160.368061
12.001245 5000.000000 15033 5010.792247 160.345352
12.001334 5000.000000 14950 4983.024534 159.456785
12.001335 5000.000000 15039 5012.338280 160.394825
12.001959 5000.000000 15315 5103.498791 163.311961
12.000721 5000.000000 15401 5133.659538 164.277105
12.001118 5000.000000 14957 4985.231256 159.527400
12.000676 5000.000000 14986 4995.313409 159.850029
12.000937 5000.000000 15124 5041.253435 161.320110
12.001354 5000.000000 15126 5041.890103 161.340483
12.001563 5000.000000 15217 5072.169060 162.309410
12.002049 5000.000000 15129 5042.361856 161.355579
12.001450 5000.000000 14978 4991.783210 159.737063
12.003588 5000.000000 14863 4953.481118 158.511396
12.000418 5000.000000 14695 4898.282630 156.745044
15.001405 5000.000000 14779 4926.217626 157.638964
15.000883 5000.000000 14951 4982.840468 159.450895
15.000901 5000.000000 15048 5015.166307 160.485322
15.000532 5000.000000 15201 5066.671743 162.133496
15.000536 5000.000000 14994 4997.631727 159.924215
15.000389 5000.000000 14829 4942.994726 158.175831
15.000597 5000.000000 14847 4948.763874 158.360444
15.000390 5000.000000 14958 4985.936651 159.549973
15.000676 5000.000000 14945 4981.513732 159.408439
15.000697 5000.000000 15440 5146.614888 164.691676
15.001147 5000.000000 14874 4957.951173 158.654438
15.001005 5000.000000 15035 5011.116867 160.355740
15.001081 5000.000000 15073 5023.516843 160.752539
15.001091 5000.000000 15079 5025.712949 160.822814
15.000868 5000.000000 14926 4975.294653 159.209429
15.000662 5000.000000 15060 5019.951900 160.638461
15.001065 5000.000000 14832 4943.788859 158.201243
15.001133 5000.000000 15063 5020.560891 160.657949
15.000802 5000.000000 14821 4940.294428 158.089422
15.002026 5000.000000 15198 5064.802624 162.073684
15.000939 5000.000000 15069 5022.726575 160.727250
15.001661 5000.000000 14949 4982.307795 159.433849
15.001360 5000.000000 14948 4982.657875 159.445052
15.001744 5000.000000 15039 5012.316713 160.394135
15.000924 5000.000000 15005 5001.343980 160.043007
15.001454 5000.000000 15025 5008.285974 160.265151
15.001716 5000.000000 14929 4976.080673 159.234582
15.002013 5000.000000 14904 4967.909682 158.973110
15.002462 5000.000000 15205 5067.635082 162.164323
15.001536 5000.000000 15002 5000.523459 160.016751
15.003700 5000.000000 15071 5023.480261 160.751368
15.000965 5000.000000 15051 5016.085950 160.514750
18.000540 5000.000000 15043 5014.318643 160.458197
18.000830 5000.000000 15018 5005.611290 160.179561
18.001107 5000.000000 14760 4919.662204 157.429191
18.001014 5000.000000 14957 4985.315132 159.530084
18.000419 5000.000000 15058 5019.283619 160.617076
18.001202 5000.000000 14802 4933.475891 157.871228
18.000681 5000.000000 14949 4982.758565 159.448274
18.000864 5000.000000 14806 4935.002411 157.920077
18.000756 5000.000000 14917 4972.200821 159.110426
18.000417 5000.000000 15271 5090.286909 162.889181
18.001073 5000.000000 14714 4904.653731 156.948919
18.002273 5000.000000 15094 5028.691550 160.918130
18.001150 5000.000000 14913 4970.995869 159.071868
18.001463 5000.000000 14885 4961.570409 158.770253
18.001380 5000.000000 15046 5014.832898 160.474653
18.001198 5000.000000 14916 4971.680858 159.093787
18.001889 5000.000000 15080 5025.330602 160.810579
18.001137 5000.000000 15015 5004.993293 160.159785
18.001046 5000.000000 15068 5022.369231 160.715815
18.001410 5000.000000 14990 4996.583004 159.890656
18.001536 5000.000000 14894 4964.530763 158.864984
18.001045 5000.000000 15140 5046.463462 161.486831
18.001142 5000.000000 15102 5033.659767 161.077113
18.001719 5000.000000 14994 4997.993720 159.935799
18.002266 5000.000000 14911 4969.913976 159.037247
18.002276 5000.000000 15058 5018.915848 160.605307
18.002441 5000.000000 15148 5048.160672 161.541142
18.001687 5000.000000 14982 4993.957196 159.806630
18.002541 5000.000000 14926 4975.202180 159.206470
18.002298 5000.000000 15056 5017.392304 160.556554
18.003929 5000.000000 14898 4965.619861 158.899836
18.001266 5000.000000 14953 4983.832753 159.482648
21.000784 5000.000000 15064 5021.287390 160.681196
21.001099 5000.000000 14989 4995.403653 159.852917
21.000512 5000.000000 15074 5024.507442 160.784238
21.000817 5000.000000 15011 5003.002863 160.096092
21.001205 5000.000000 15036 5011.836519 160.378769
21.001258 5000.000000 15337 5112.238157 163.591621
21.000946 5000.000000 14724 4907.565794 157.042105
21.001329 5000.000000 14963 4987.347299 159.595114
21.000954 5000.000000 14881 4960.127470 158.724079
21.001063 5000.000000 14885 4961.638243 158.772424
21.001195 5000.000000 15032 5010.592218 160.338951
21.001152 5000.000000 15015 5004.868281 160.155785
21.002633 5000.000000 15210 5069.380324 162.220170
21.001888 5000.000000 14628 4875.427887 156.013692
21.001896 5000.000000 15132 5043.183011 161.381856
21.000963 5000.000000 14911 4970.169154 159.045413
21.001749 5000.000000 14948 4982.616571 159.443730
21.001193 5000.000000 14832 4943.705606 158.198579
21.001572 5000.000000 15029 5009.345801 160.299066
21.001600 5000.000000 15063 5020.771348 160.664683
21.001898 5000.000000 15310 5102.142360 163.268556
21.001735 5000.000000 15251 5083.585277 162.674729
21.002151 5000.000000 14778 4925.569826 157.618234
21.002738 5000.000000 14898 4965.234788 158.887513
21.001069 5000.000000 14981 4993.626079 159.796035
21.001156 5000.000000 14940 4979.977535 159.359281
21.002392 5000.000000 14983 4994.133981 159.812287
21.002696 5000.000000 15151 5050.072128 161.602308
21.002891 5000.000000 15197 5064.905787 162.076985
21.004403 5000.000000 14796 4931.220921 157.799069
21.002403 5000.000000 15221 5073.488346 162.351627
21.001363 5000.000000 15051 5016.839037 160.538849
24.000899 5000.000000 15012 5003.355325 160.107370
24.000854 5000.000000 15073 5024.214736 160.774872
24.001373 5000.000000 15136 5045.139600 161.444467
24.001046 5000.000000 15057 5018.832712 160.602647
24.001351 5000.000000 14959 4985.445369 159.534252
24.001126 5000.000000 15168 5055.709739 161.782712
24.001207 5000.000000 14770 4923.156310 157.541002
24.001049 5000.000000 15133 5044.188196 161.414022
24.001256 5000.000000 14887 4962.248678 158.791958
24.002251 5000.000000 15230 5076.064825 162.434074
24.001730 5000.000000 15007 5002.070829 160.066267
24.001131 5000.000000 15126 5041.884639 161.340308
24.002255 5000.000000 14849 4948.831866 158.362620
24.001494 5000.000000 15035 5011.093864 160.355004
24.001192 5000.000000 15117 5038.939645 161.246069
24.001395 5000.000000 15196 5065.222784 162.087129
24.001761 5000.000000 14860 4953.290967 158.505311
24.001195 5000.000000 15206 5068.666620 162.197332
24.001760 5000.000000 15008 5002.398434 160.076750
24.001503 5000.000000 14966 4988.151118 159.620836
24.001908 5000.000000 15131 5043.649465 161.396783
24.002137 5000.000000 14994 4997.586339 159.922763
24.003097 5000.000000 14888 4962.073053 158.786338
24.001131 5000.000000 15229 5076.228488 162.439312
24.002246 5000.000000 15078 5025.839965 160.826879
24.002542 5000.000000 15035 5011.416680 160.365334
24.002702 5000.000000 15105 5034.884335 161.116299
24.002931 5000.000000 14870 4956.278325 158.600906
24.002951 5000.000000 15043 5014.233466 160.455471
24.004473 5000.000000 15177 5058.882042 161.884225
24.002659 5000.000000 14965 4987.907847 159.613051
24.001535 5000.000000 15036 5011.712309 160.374794
27.001337 5000.000000 15313 5103.975396 163.327213
27.001742 5000.000000 14515 4838.314506 154.826064
27.001163 5000.000000 15073 5023.816374 160.762124
27.000980 5000.000000 14886 4961.864881 158.779676
27.001830 5000.000000 14993 4996.628367 159.892108
27.001634 5000.000000 14912 4969.834511 159.034704
27.001366 5000.000000 15327 5108.461089 163.470755
27.001062 5000.000000 14896 4965.306783 158.889817
27.001376 5000.000000 15184 5061.291910 161.961341
27.001393 5000.000000 15045 5014.668463 160.469391
27.001349 5000.000000 15090 5029.844912 160.955037
27.001554 5000.000000 14845 4948.249168 158.343973
27.001603 5000.000000 15138 5045.650225 161.460807
27.001887 5000.000000 14805 4934.791693 157.913334
27.001764 5000.000000 14904 4967.993894 158.975805
27.001570 5000.000000 15010 5003.004165 160.096133
27.001512 5000.000000 15208 5069.303492 162.217712
27.002285 5000.000000 15139 5045.699005 161.462368
27.002833 5000.000000 15261 5086.505862 162.768188
27.001580 5000.000000 15097 5031.682509 161.013840
27.002082 5000.000000 14841 4945.431998 158.253824
27.002368 5000.000000 15362 5120.475421 163.855213
27.002651 5000.000000 14911 4969.662215 159.029191
27.002555 5000.000000 14926 4974.829499 159.194544
27.002779 5000.000000 15069 5022.870930 160.731870
27.002351 5000.000000 15181 5059.971577 161.919090
27.003365 5000.000000 14876 4957.950568 158.654418
27.003137 5000.000000 15008 5002.599561 160.083186
27.003098 5000.000000 15095 5031.420653 161.005461
27.005163 5000.000000 15252 5082.831831 162.650619
27.002705 5000.000000 14731 4910.258011 157.128256
27.001583 5000.000000 15191 5063.585791 162.034745
#type       avg     std     min     5th    10th    90th    95th    99th
read     1025.7  1039.9   304.5   638.9   677.7  1275.4  1639.7  1849.2
update   1029.7  1262.1   304.5   638.7   677.6  1315.6  1646.6  1848.7
op_q        6.9     3.7     1.0     2.1     3.0    11.3    12.6    16.2

Total QPS = 359916.5 (10797496 / 30.0s)

Misses = 0 (0.0%)
Skipped TXs = 0 (0.0%)

RX 1861977595 bytes :   59.2 MB/s
TX 1194223021 bytes :   38.0 MB/s
