3.014687 62.500000 167 55.395475 1.772655
3.020134 62.500000 167 55.295554 1.769458
3.004422 62.500000 194 64.571485 2.066288
3.001540 62.500000 172 57.303915 1.833725
3.009219 62.500000 169 56.160754 1.797144
3.103766 62.500000 211 67.981919 2.175421
3.001895 62.500000 189 62.960224 2.014727
3.060673 62.500000 195 63.711478 2.038767
3.015981 62.500000 165 54.708569 1.750674
3.004609 62.500000 176 58.576673 1.874454
3.002041 62.500000 203 67.620671 2.163861
3.018345 62.500000 190 62.948407 2.014349
3.021684 62.500000 169 55.929070 1.789730
3.015131 62.500000 173 57.377275 1.836073
3.023103 62.500000 188 62.187754 1.990008
3.078043 62.500000 170 55.229897 1.767357
3.011998 62.500000 192 63.745068 2.039842
3.000829 62.500000 165 54.984808 1.759514
3.060339 62.500000 211 68.946621 2.206292
3.005667 62.500000 168 55.894410 1.788621
3.023672 62.500000 199 65.814019 2.106049
3.011847 62.500000 171 56.775792 1.816825
3.026908 62.500000 147 48.564406 1.554061
3.022983 62.500000 164 54.251053 1.736034
3.056324 62.500000 181 59.221477 1.895087
3.064186 62.500000 199 64.943830 2.078203
3.028272 62.500000 194 64.062942 2.050014
3.005644 62.500000 216 71.864810 2.299674
3.003213 62.500000 186 61.933674 1.981878
3.006618 62.500000 198 65.854723 2.107351
3.021882 62.500000 186 61.551042 1.969633
6.041152 62.500000 160 52.691497 1.686128
6.012179 62.500000 196 65.191828 2.086139
6.017103 62.500000 175 58.018593 1.856595
6.004806 62.500000 145 48.280769 1.544985
6.030307 62.500000 153 50.563718 1.618039
6.042279 62.500000 189 62.435013 1.997920
6.028806 62.500000 188 62.547759 2.001528
6.005613 62.500000 185 61.593326 1.970986
6.005579 62.500000 208 69.248310 2.215946
6.051602 62.500000 208 68.309068 2.185890
6.081141 62.500000 158 51.547055 1.649506
6.013917 62.500000 162 53.962759 1.726808
6.027089 62.500000 164 54.393050 1.740578
6.031826 62.500000 214 70.928103 2.269699
6.059910 62.500000 163 53.622378 1.715916
6.018060 62.500000 161 53.445470 1.710255
6.026481 62.500000 188 62.566635 2.002132
6.029034 62.500000 170 56.465480 1.806895
6.106970 62.500000 190 62.442817 1.998170
6.010389 62.500000 210 69.972697 2.239126
6.034074 62.500000 182 60.457040 1.934625
6.083783 62.500000 177 58.542497 1.873360
6.071100 62.500000 199 65.370393 2.091853
6.073110 62.500000 220 73.030580 2.336979
6.003749 62.500000 203 67.654563 2.164946
6.036650 62.500000 185 61.387010 1.964384
6.052141 62.500000 195 64.486925 2.063582
6.077711 62.500000 188 62.223062 1.991138
6.123129 62.500000 185 61.271202 1.960678
6.078422 62.500000 171 56.992799 1.823770
6.058472 62.500000 191 62.899507 2.012784
9.043303 62.500000 192 63.692227 2.038151
9.061387 62.500000 197 64.643802 2.068602
9.021799 62.500000 173 57.576553 1.842450
9.043411 62.500000 184 60.554108 1.937731
9.014450 62.500000 187 62.286182 1.993158
9.053164 62.500000 179 59.428721 1.901719
9.010725 62.500000 193 64.223887 2.055164
9.033366 62.500000 168 55.919245 1.789416
9.057818 62.500000 194 63.559902 2.033917
9.036058 62.500000 197 65.109582 2.083507
9.083146 62.500000 202 66.249673 2.119990
9.060551 62.500000 195 64.606499 2.067408
9.057489 62.500000 193 63.675183 2.037606
9.137484 62.500000 202 65.042584 2.081363
9.033315 62.500000 193 64.268892 2.056605
9.043106 62.500000 212 70.291372 2.249324
9.009805 62.500000 193 64.203748 2.054520
9.018549 62.500000 206 68.655479 2.196975
9.061442 62.500000 190 63.301007 2.025632
9.107417 62.500000 205 67.740035 2.167681
9.076095 62.500000 160 53.280306 1.704970
9.054340 62.500000 228 75.554477 2.417743
9.081937 62.500000 218 71.952028 2.302465
9.182813 62.500000 201 64.858999 2.075488
9.076870 62.500000 170 56.557878 1.809852
9.107825 62.500000 182 60.063746 1.922040
9.080434 62.500000 211 70.286209 2.249159
9.052357 62.500000 200 66.649896 2.132797
9.124105 62.500000 183 60.980180 1.951366
9.119576 62.500000 168 55.765678 1.784502
9.075483 62.500000 194 64.302058 2.057666
12.108342 62.500000 171 56.408252 1.805064
12.059802 62.500000 193 63.375275 2.028009
12.053513 62.500000 185 60.799501 1.945584
12.058408 62.500000 167 55.389772 1.772473
12.085071 62.500000 178 58.518591 1.872595
12.031016 62.500000 209 69.453273 2.222505
12.079619 62.500000 172 56.461859 1.806779
12.069217 62.500000 202 66.974949 2.143198
12.054979 62.500000 212 70.161211 2.245159
12.069052 62.500000 221 73.480274 2.351369
12.037786 62.500000 175 58.299748 1.865592
12.072755 62.500000 184 61.084841 1.954715
12.071868 62.500000 199 66.016917 2.112541
12.087040 62.500000 183 60.920926 1.949470
12.030883 62.500000 203 67.194557 2.150226
12.061047 62.500000 185 61.529107 1.968931
12.089443 62.500000 198 65.311497 2.089968
12.073271 62.500000 196 64.682955 2.069855
12.062442 62.500000 190 63.311068 2.025954
12.076510 62.500000 173 56.573631 1.810356
12.087144 62.500000 244 81.034901 2.593117
12.115770 62.500000 192 63.822297 2.042314
12.068013 62.500000 157 52.061635 1.665972
12.105341 62.500000 187 61.820069 1.978242
12.094867 62.500000 196 65.052948 2.081694
12.157556 62.500000 191 63.243518 2.023793
12.133973 62.500000 185 61.464475 1.966863
12.130383 62.500000 191 63.191515 2.022128
12.124156 62.500000 180 59.908533 1.917073
12.185277 62.500000 194 64.613600 2.067635
12.117491 62.500000 173 56.870323 1.819850
3.021804 62.500000 178 58.905203 1.884966
15.172579 62.500000 212 69.353363 2.219308
15.038542 62.500000 155 51.537379 1.649196
15.156617 62.500000 200 66.088751 2.114840
15.040281 62.500000 189 62.947652 2.014325
15.076257 62.500000 179 59.313767 1.898041
15.063037 62.500000 201 66.986703 2.143575
15.058171 62.500000 175 58.242908 1.863773
15.080325 62.500000 173 57.183537 1.829873
15.071525 62.500000 194 64.414951 2.061278
15.081350 62.500000 184 61.082937 1.954654
15.083642 62.500000 188 62.366779 1.995737
15.102859 62.500000 204 67.477282 2.159273
15.073243 62.500000 209 69.655329 2.228971
15.090370 62.500000 193 64.313465 2.058031
15.103213 62.500000 168 55.420947 1.773470
15.089992 62.500000 211 70.264190 2.248454
15.065676 62.500000 212 70.557798 2.257850
15.057169 62.500000 206 68.070217 2.178247
15.119864 62.500000 171 56.385025 1.804321
15.102462 62.500000 186 61.642664 1.972565
15.073720 62.500000 203 67.656542 2.165009
15.116520 62.500000 201 66.751262 2.136040
15.072572 62.500000 158 52.586750 1.682776
15.179101 62.500000 229 74.574377 2.386380
15.137068 62.500000 191 63.601048 2.035234
15.104070 62.500000 189 62.807332 2.009835
15.116439 62.500000 198 65.133108 2.084259
15.124546 62.500000 163 54.326272 1.738441
15.169778 62.500000 215 71.375881 2.284028
15.195828 62.500000 208 69.090354 2.210891
15.126754 62.500000 215 71.446072 2.286274
6.045064 62.500000 189 62.515299 2.000490
18.155535 62.500000 177 58.396797 1.868698
18.042419 62.500000 204 67.912226 2.173191
18.065749 62.500000 193 63.791772 2.041337
18.127319 62.500000 203 66.142141 2.116549
18.098585 62.500000 185 61.293588 1.961395
18.140004 62.500000 196 63.911075 2.045154
18.090622 62.500000 190 63.186316 2.021962
18.105546 62.500000 166 54.712863 1.750812
18.094504 62.500000 179 59.584553 1.906706
18.078706 62.500000 235 77.926337 2.493643
18.081553 62.500000 194 64.552711 2.065687
18.086537 62.500000 181 60.229186 1.927334
18.202631 62.500000 191 61.609548 1.971506
18.107576 62.500000 160 53.249618 1.703988
18.149590 62.500000 168 55.767228 1.784551
18.076780 62.500000 171 56.941924 1.822142
18.109748 62.500000 169 55.517729 1.776567
18.090671 62.500000 191 63.652252 2.036872
18.154743 62.500000 186 61.219995 1.959040
18.064621 62.500000 192 63.841437 2.042926
18.121482 62.500000 184 60.979420 1.951341
18.106041 62.500000 207 68.935017 2.205921
18.136206 62.500000 183 60.669508 1.941424
18.126451 62.500000 185 61.461547 1.966769
18.204908 62.500000 172 56.722070 1.815106
18.175799 62.500000 171 56.885831 1.820347
18.116010 62.500000 201 66.043725 2.113399
18.156820 62.500000 206 68.662016 2.197185
18.188377 62.500000 207 68.787330 2.201195
18.198462 62.500000 184 61.279530 1.960945
18.128061 62.500000 191 63.638949 2.036446
9.046898 62.500000 219 72.955416 2.334573
21.158979 62.500000 195 64.925451 2.077614
21.094638 62.500000 154 50.455102 1.614563
21.100306 62.500000 195 64.596210 2.067079
21.090725 62.500000 163 53.884730 1.724311
21.112709 62.500000 185 61.294717 1.961431
21.157754 62.500000 188 61.604731 1.971351
21.111284 62.500000 174 57.376917 1.836061
21.112185 62.500000 184 60.813418 1.946029
21.118411 62.500000 189 62.137707 1.988407
21.098757 62.500000 216 71.805296 2.297769
21.081726 62.500000 209 69.271688 2.216694
21.184314 62.500000 187 60.446531 1.934289
21.109491 62.500000 217 72.287172 2.313189
21.108168 62.500000 186 61.945868 1.982268
21.099940 62.500000 219 72.967058 2.334946
21.175323 62.500000 172 56.845742 1.819064
21.145051 62.500000 190 63.147165 2.020709
21.135643 62.500000 197 65.484968 2.095519
21.142856 62.500000 191 63.606199 2.035398
21.184791 62.500000 150 48.779808 1.560954
21.136526 62.500000 195 64.675665 2.069621
21.173942 62.500000 165 54.687870 1.750012
21.199411 62.500000 181 59.862179 1.915590
21.147211 62.500000 162 53.628896 1.716125
21.135430 62.500000 181 59.945300 1.918250
21.167162 62.500000 195 64.732048 2.071426
21.225787 62.500000 204 67.530033 2.160961
21.281381 62.500000 205 66.585454 2.130735
21.209744 62.500000 176 58.446854 1.870299
21.198383 62.500000 178 59.136081 1.892355
21.134838 62.500000 176 58.534423 1.873102
12.064000 62.500000 202 66.951666 2.142453
24.118453 62.500000 194 64.665751 2.069304
24.098786 62.500000 174 57.919923 1.853438
24.103791 62.500000 215 71.546616 2.289492
24.156361 62.500000 204 67.533608 2.161075
24.141627 62.500000 181 59.513608 1.904435
24.122586 62.500000 178 58.888795 1.884441
24.122354 62.500000 164 54.096335 1.731083
24.208227 62.500000 206 66.478735 2.127320
24.122042 62.500000 176 58.474544 1.871185
24.111080 62.500000 176 58.609782 1.875513
24.111855 62.500000 190 63.321289 2.026281
24.181335 62.500000 225 74.647317 2.388714
24.115540 62.500000 176 58.611359 1.875564
24.092146 62.500000 193 64.110668 2.051541
24.163492 62.500000 156 51.644748 1.652632
24.157218 62.500000 182 60.421616 1.933492
24.160712 62.500000 195 64.480154 2.063365
24.216074 62.500000 195 64.618944 2.067806
24.168627 62.500000 218 72.404254 2.316936
24.136906 62.500000 176 58.637808 1.876410
24.176164 62.500000 163 54.318095 1.738179
24.160998 62.500000 203 67.621159 2.163877
24.188951 62.500000 232 77.226264 2.471240
24.221128 62.500000 179 59.237857 1.895611
24.192775 62.500000 171 56.839692 1.818870
24.199412 62.500000 195 64.452801 2.062490
24.178643 62.500000 191 63.006523 2.016209
24.220232 62.500000 162 53.811879 1.721980
24.249903 62.500000 184 60.844210 1.947015
24.210998 62.500000 185 60.139926 1.924478
24.288041 62.500000 208 69.179758 2.213752
15.073734 62.500000 197 65.454272 2.094537
27.118611 62.500000 181 59.937244 1.917992
27.122604 62.500000 218 72.213797 2.310842
27.124648 62.500000 185 61.619551 1.971826
27.127998 62.500000 221 73.520694 2.352662
27.111206 62.500000 178 59.330834 1.898587
27.112364 62.500000 187 62.322762 1.994328
27.196957 62.500000 172 57.253534 1.832113
27.173483 62.500000 173 57.060760 1.825944
27.125699 62.500000 186 61.935725 1.981943
27.100110 62.500000 180 59.841142 1.914917
27.192260 62.500000 199 65.814861 2.106076
27.123375 62.500000 183 60.841102 1.946915
27.125556 62.500000 204 67.839380 2.170860
27.167169 62.500000 194 64.587511 2.066800
27.168383 62.500000 188 62.434297 1.997897
27.166562 62.500000 196 65.111919 2.083581
27.143407 62.500000 188 62.531166 2.000997
27.181670 62.500000 189 62.568867 2.002204
27.204805 62.500000 185 61.083512 1.954672
27.183748 62.500000 199 66.280041 2.120961
27.218521 62.500000 174 57.433876 1.837884
27.210953 62.500000 177 58.371342 1.867883
27.167952 62.500000 174 57.860365 1.851532
27.211042 62.500000 161 53.616345 1.715723
27.201862 62.500000 212 70.609013 2.259488
27.231049 62.500000 177 58.805531 1.881777
27.230836 62.500000 187 62.113780 1.987641
27.269165 62.500000 175 57.961197 1.854758
27.231602 62.500000 207 68.644691 2.196630
27.301540 62.500000 193 64.045158 2.049445
27.231667 62.500000 175 57.934180 1.853894
18.083681 62.500000 187 62.127344 1.988075
30.246484 62.500000 174 55.736432 1.783566
#type       avg     std     min     5th    10th    90th    95th    99th
read       62.4    10.0    41.1    51.6    53.7    73.3    78.4    90.1
update     65.8    12.7    45.3    55.2    56.1    77.8    82.3    95.1
op_q        1.0     0.0     1.0     1.0     1.0     1.1     1.1     1.1

Total QPS = 139872.8 (4196184 / 30.0s)

Misses = 0 (0.0%)
Skipped TXs = 0 (0.0%)

RX  723620447 bytes :   23.0 MB/s
TX  463890015 bytes :   14.7 MB/s
