3.000008 11858.061391
3.000054 11148.370716
3.000012 11278.815526
3.000015 12368.199280
3.000076 11243.985726
3.000068 11677.187775
3.000019 11312.861508
3.000003 12167.371378
3.000019 11660.790218
3.000001 12022.636075
3.000026 12473.837949
3.000008 11911.244284
3.000015 12216.566459
3.000003 12974.155378
3.000000 12716.428872
3.000109 12297.359118
3.000015 11552.883522
3.000009 11831.050572
3.000030 12301.672945
3.000060 12227.836860
3.000033 11962.038836
3.000109 12080.952867
3.000001 12286.943299
3.000032 11388.863415
3.000034 11755.365810
3.000034 12050.377864
3.000014 11880.367125
3.000011 12143.443032
3.000069 12495.853349
3.000003 12089.950651
3.000033 11231.996282
3.000604 11936.370123
6.000058 11521.284886
6.000031 11898.243327
6.000085 11898.179339
6.000043 11888.126866
6.000031 11842.369227
6.000146 11303.121484
6.000034 12126.851252
6.000009 11584.542399
6.000053 11309.580497
6.000038 11596.227541
6.000056 11696.908602
6.000007 12292.792164
6.000091 12396.375415
6.000030 11372.692802
6.000056 11886.991746
6.000172 11888.509949
6.000043 11765.707865
6.000059 12013.521568
6.000203 11588.576309
6.000044 11643.073207
6.000070 12233.098914
6.000035 11753.044314
6.000044 11867.435499
6.000014 12357.945406
6.000224 11449.246183
6.000045 12174.432703
6.000252 12118.515771
6.000056 11757.617464
6.000067 12162.614875
6.000062 12167.847917
6.000075 11310.815929
6.000608 12237.639740
9.000107 11891.385533
9.000123 11778.025520
9.000089 11552.099961
9.000046 11871.017041
9.000056 11909.576307
9.000043 11728.214290
9.000032 11867.117564
9.000313 11646.789337
9.000090 11686.654545
9.000173 11351.453289
9.000081 11367.076837
9.000076 12365.520543
9.000020 11916.203069
9.000185 12062.359702
9.000020 12337.840863
9.000060 12252.507898
9.000162 12346.661122
9.000199 11463.177443
9.000185 11877.731173
9.000249 11932.128596
9.000136 12032.575328
9.000139 12118.461945
9.000080 12248.121397
9.000268 12150.860811
9.000253 11445.480885
9.000113 11478.574510
9.000059 11882.465496
9.000054 11787.020219
9.000038 11634.249691
9.000206 11982.641475
9.000169 12334.761640
9.000637 12240.281158
12.000085 11698.427385
12.000111 11879.591880
12.000131 11551.418947
12.000162 11665.893707
12.000063 11719.949513
12.000326 11438.305780
12.000038 11784.329539
12.000105 11408.195796
12.000056 11864.233148
12.000200 11385.695941
12.000095 11694.935577
12.000300 11877.672739
12.000120 12251.417014
12.000178 12200.628536
12.000033 12173.585643
12.000257 11358.728485
12.000069 11713.614757
12.000286 11954.224743
12.000050 12086.254489
12.000087 11629.290326
12.000115 12006.343373
12.000210 12081.274080
12.000186 11763.076365
12.000264 11651.460931
12.000213 11965.090166
12.000172 12218.610324
12.000103 12195.074663
12.000040 11604.302069
12.000219 12075.362086
12.000217 11776.387936
12.000221 12138.107264
12.000637 12048.671321
15.000161 11630.898936
15.000129 11636.459675
15.000047 11663.366194
15.000291 11343.479735
15.000127 11745.708208
15.000070 11954.979499
15.000141 11954.468269
15.000209 12103.105285
15.000214 11863.857226
15.000374 11479.981055
15.000358 11977.346108
15.000218 12137.461213
15.000167 11837.934067
15.000298 11935.694502
15.000113 12119.404053
15.000247 11608.718190
15.000494 11614.206127
15.000264 12146.960159
15.000128 12143.241582
15.000127 11887.950009
15.000079 12226.290348
15.000111 11544.728127
15.000297 12116.749213
15.000197 11886.436485
15.000119 12004.079795
15.000236 12010.302602
15.000226 11780.992937
15.000239 12074.024591
15.000467 11706.641990
15.000287 12023.700906
15.000280 11775.337165
15.000677 11968.772878
18.000094 11490.707821
18.000183 11612.851061
18.000137 11607.286607
18.000315 11360.199175
18.000228 11920.653709
18.000133 11840.951542
18.000291 11794.961804
18.000624 12064.669671
18.000384 11479.762447
18.000366 11902.755805
18.000229 11746.730120
18.000149 11952.342116
18.000173 11837.496923
18.000306 11920.751052
18.000340 11949.540662
18.000219 12097.199008
18.000145 12054.813169
18.000205 11775.294002
18.000176 11602.853110
18.000299 12060.422823
18.000515 11471.948291
18.000128 12105.278533
18.000188 11805.906262
18.000267 11821.700288
18.000287 11994.420271
18.000287 11954.642233
18.000150 11848.609851
18.000281 12050.522189
18.000640 11768.890673
18.000243 11800.877480
18.000298 11841.826459
18.000727 11965.310377
21.000335 11391.124231
21.000274 11990.481733
21.000171 11651.365709
21.000296 11688.393330
21.000118 11619.692947
21.000265 11921.783326
21.000334 11914.226714
21.000183 11727.590947
21.000229 11841.183750
21.000385 11563.105124
21.000164 11893.561139
21.000690 12066.185661
21.000386 11918.845198
21.000199 11562.226384
21.000173 12151.923559
21.000210 11824.179843
21.000588 11538.328376
21.000437 11582.836420
21.000155 12022.842323
21.000415 11943.813441
21.000351 11969.483322
21.000394 11867.154739
21.000161 12005.439799
21.000477 11899.797186
21.000322 12042.030268
21.000300 11866.272972
21.000368 11966.016901
21.000410 11980.676851
21.000689 11825.151919
21.000252 11909.072119
21.000502 11829.507154
21.000748 11968.832542
#type       avg     std     min     5th    10th    90th    95th    99th
read     7013.8  1580.5   593.3  4926.0  5123.7  8992.4  9673.1 11829.3
update   6952.6  1575.2   652.7  4909.4  5095.5  8929.1  9566.7 11729.6
op_q      128.0     1.2     1.0   118.0   118.6   128.0   128.5   129.0

Total QPS = 1385198.8 (41555966 / 30.0s)

Misses = 0 (0.0%)
Skipped TXs = 0 (0.0%)

RX 7148365125 bytes :  227.2 MB/s
TX 4590635066 bytes :  145.9 MB/s
