3.001220 1562.500000 4608 1535.375797 49.132026
3.003227 1562.500000 4641 1545.337723 49.450807
3.000109 1562.500000 4563 1520.944656 48.670229
3.000229 1562.500000 4739 1579.546351 50.545483
3.002804 1562.500000 4646 1547.220523 49.511057
3.000044 1562.500000 4803 1600.976536 51.231249
3.000225 1562.500000 4581 1526.885369 48.860332
3.001100 1562.500000 4707 1568.424982 50.189599
3.001472 1562.500000 4787 1594.884043 51.036289
3.000665 1562.500000 4618 1538.992430 49.247758
3.000342 1562.500000 4582 1527.159299 48.869098
3.000075 1562.500000 4744 1581.293685 50.601398
3.000035 1562.500000 4670 1556.648583 49.812755
3.000252 1562.500000 4659 1552.869419 49.691821
3.000344 1562.500000 4683 1560.820832 49.946267
3.001366 1562.500000 4728 1575.282652 50.409045
3.000617 1562.500000 4581 1526.685881 48.853948
3.000083 1562.500000 4681 1560.290357 49.929291
3.002188 1562.500000 4780 1592.171955 50.949503
3.001637 1562.500000 4608 1535.162126 49.125188
3.000899 1562.500000 4615 1537.872621 49.211924
3.000383 1562.500000 4771 1590.130397 50.884173
3.000548 1562.500000 4693 1564.047537 50.049521
3.000245 1562.500000 4638 1545.873568 49.467954
3.001974 1562.500000 4728 1574.963537 50.398833
3.002406 1562.500000 4689 1561.747496 49.975920
3.001090 1562.500000 4713 1570.429553 50.253746
3.000240 1562.500000 4695 1564.874860 50.075996
3.000946 1562.500000 4650 1549.511553 49.584370
3.000009 1562.500000 4557 1518.995267 48.607849
3.002492 1562.500000 4592 1529.396080 48.940675
3.000409 1562.500000 4823 1607.447539 51.438321
6.000202 1562.500000 4616 1538.585789 49.234745
6.000866 1562.500000 4723 1574.227480 50.375279
6.000242 1562.500000 4619 1539.560131 49.265924
6.002157 1562.500000 4702 1566.406776 50.125017
6.004193 1562.500000 4662 1551.961625 49.662772
6.001982 1562.500000 4701 1566.143827 50.116602
6.000318 1562.500000 4673 1557.558390 49.841868
6.000756 1562.500000 4772 1590.309829 50.889915
6.001209 1562.500000 4715 1571.504246 50.288136
6.000210 1562.500000 4770 1589.928543 50.877713
6.001590 1562.500000 4602 1533.939743 49.086072
6.000737 1562.500000 4677 1558.795810 49.881466
6.001826 1562.500000 4706 1567.831970 50.170623
6.007392 1562.500000 4732 1574.032247 50.369032
6.000428 1562.500000 4597 1532.229970 49.031359
6.001975 1562.500000 4686 1561.257269 49.960233
6.000990 1562.500000 4612 1537.142219 49.188551
6.001414 1562.500000 4595 1531.070263 48.994248
6.000414 1562.500000 4588 1529.126957 48.932063
6.002089 1562.500000 4611 1536.554692 49.169750
6.001841 1562.500000 4692 1563.752528 50.040081
6.000503 1562.500000 4606 1535.198918 49.126365
6.001221 1562.500000 4754 1584.597291 50.707113
6.002745 1562.500000 4808 1602.369145 51.275813
6.002832 1562.500000 4774 1591.318737 50.922200
6.001999 1562.500000 4711 1569.782026 50.233025
6.002047 1562.500000 4723 1574.118242 50.371784
6.003260 1562.500000 4554 1517.983248 48.575464
6.002188 1562.500000 4656 1551.889261 49.660456
6.004163 1562.500000 4840 1612.388956 51.596447
6.002507 1562.500000 4732 1577.325717 50.474423
6.000749 1562.500000 4715 1571.488686 50.287638
9.005042 1562.500000 4778 1590.836082 50.906755
9.000618 1562.500000 4683 1560.804377 49.945740
9.002373 1562.500000 4563 1520.236448 48.647566
9.000363 1562.500000 4829 1609.584824 51.506714
9.001453 1562.500000 4599 1532.475965 49.039231
9.001922 1562.500000 4710 1569.949516 50.238384
9.002857 1562.500000 4812 1603.626148 51.316037
9.002504 1562.500000 4766 1588.386897 50.828381
9.000460 1562.500000 4639 1546.259957 49.480319
9.001384 1562.500000 4664 1554.331429 49.738606
9.002594 1562.500000 4682 1559.711010 49.910752
9.001527 1562.500000 4708 1568.640586 50.196499
9.002203 1562.500000 4732 1576.810810 50.457946
9.001176 1562.500000 4657 1552.237021 49.671585
9.002891 1562.500000 4732 1577.256812 50.472218
9.003694 1562.500000 4673 1556.833717 49.818679
9.001633 1562.500000 4644 1547.416832 49.517339
9.001545 1562.500000 4706 1568.497490 50.191920
9.003846 1562.500000 4676 1557.625771 49.844025
9.002211 1562.500000 4692 1563.880579 50.044179
9.001553 1562.500000 4645 1548.261715 49.544375
9.004897 1562.500000 4654 1550.266065 49.608514
9.001250 1562.500000 4806 1601.553777 51.249721
9.002129 1562.500000 4655 1551.624478 49.651983
9.003841 1562.500000 4622 1540.368436 49.291790
9.002464 1562.500000 4502 1500.528584 48.016915
9.004446 1562.500000 4611 1535.747581 49.143923
9.004915 1562.500000 4656 1551.626356 49.652043
9.004957 1562.500000 4809 1602.575899 51.282429
9.007488 1562.500000 4805 1601.615021 51.251681
9.002820 1562.500000 4726 1575.169026 50.405409
9.001757 1562.500000 4597 1531.818381 49.018188
12.000476 1562.500000 4652 1550.608027 49.619457
12.001688 1562.500000 4778 1592.098853 50.947163
12.001040 1562.500000 4651 1550.033832 49.601083
12.003222 1562.500000 4754 1583.980155 50.687365
12.001552 1562.500000 4615 1538.247279 49.223913
12.001851 1562.500000 4699 1566.125928 50.116030
12.001376 1562.500000 4706 1568.562509 50.194000
12.001560 1562.500000 4768 1589.315644 50.858101
12.003355 1562.500000 4670 1556.271918 49.800701
12.002469 1562.500000 4668 1555.950025 49.790401
12.002225 1562.500000 4747 1582.321876 50.634300
12.002578 1562.500000 4699 1566.141809 50.116538
12.001771 1562.500000 4708 1569.219189 50.215014
12.002251 1562.500000 4787 1595.601879 51.059260
12.002820 1562.500000 4645 1547.675198 49.525606
12.003445 1562.500000 4601 1533.185447 49.061934
12.003557 1562.500000 4724 1574.317214 50.378151
12.004510 1562.500000 4735 1577.981512 50.495408
12.002914 1562.500000 4654 1551.303802 49.641722
12.004073 1562.500000 4701 1566.881509 50.140208
12.001781 1562.500000 4677 1558.922924 49.885534
12.002580 1562.500000 4711 1570.273049 50.248738
12.003978 1562.500000 4678 1559.185821 49.893946
12.001333 1562.500000 4797 1598.955771 51.166585
12.005140 1562.500000 4621 1540.208365 49.286668
12.005900 1562.500000 4805 1601.208600 51.238675
12.004982 1562.500000 4574 1524.632820 48.788250
12.006418 1562.500000 4838 1611.607382 51.571436
12.007182 1562.500000 4775 1590.486818 50.895578
12.008580 1562.500000 4753 1583.757062 50.680226
12.002980 1562.500000 4581 1526.918528 48.861393
12.003677 1562.500000 4567 1521.359757 48.683512
15.001491 1562.500000 4573 1524.104307 48.771338
15.001900 1562.500000 4564 1520.611327 48.659562
15.002087 1562.500000 4691 1563.388124 50.028420
15.002451 1562.500000 4637 1545.273940 49.448766
15.007331 1562.500000 4642 1545.058402 49.441869
15.003400 1562.500000 4536 1511.407629 48.365044
15.001578 1562.500000 4557 1518.897687 48.604726
15.003561 1562.500000 4597 1531.460238 49.006728
15.003600 1562.500000 4763 1587.466922 50.798942
15.005266 1562.500000 4766 1587.244499 50.791824
15.001720 1562.500000 4657 1552.250525 49.672017
15.002178 1562.500000 4690 1563.121128 50.019876
15.002619 1562.500000 4773 1590.556091 50.897795
15.003330 1562.500000 4554 1517.564793 48.562073
15.005324 1562.500000 4587 1528.906564 48.925010
15.006353 1562.500000 4898 1631.146575 52.196690
15.003375 1562.500000 4746 1581.989508 50.623664
15.002397 1562.500000 4810 1603.255238 51.304168
15.002656 1562.500000 4684 1561.293683 49.961398
15.003162 1562.500000 4769 1589.485720 50.863543
15.004797 1562.500000 4763 1587.514489 50.800464
15.005499 1562.500000 4758 1584.915037 50.717281
15.004475 1562.500000 4648 1549.125520 49.572017
15.005616 1562.500000 4737 1578.138351 50.500427
15.003402 1562.500000 4672 1556.260202 49.800326
15.010964 1562.500000 4732 1576.080554 50.434578
15.005653 1562.500000 4649 1549.319681 49.578230
15.005908 1562.500000 4715 1571.662453 50.293198
15.009051 1562.500000 4603 1532.987892 49.055613
15.007226 1562.500000 4691 1563.643929 50.036606
15.003441 1562.500000 4648 1549.095268 49.571049
15.004653 1562.500000 4802 1600.146322 51.204682
18.002521 1562.500000 4559 1519.631229 48.628199
18.001972 1562.500000 4556 1518.422902 48.589533
18.004349 1562.500000 4615 1537.833706 49.210679
18.002796 1562.500000 4762 1586.689163 50.774053
18.002301 1562.500000 4766 1588.553096 50.833699
18.002184 1562.500000 4632 1543.854242 49.403336
18.002949 1562.500000 4609 1535.704244 49.142536
18.006079 1562.500000 4665 1554.578574 49.746514
18.002640 1562.500000 4565 1521.432467 48.685839
18.004494 1562.500000 4678 1558.765338 49.880491
18.002649 1562.500000 4708 1569.201184 50.214438
18.003698 1562.500000 4555 1518.283610 48.585076
18.005634 1562.500000 4704 1566.917186 50.141350
18.006337 1562.500000 4831 1609.334356 51.498699
18.004059 1562.500000 4502 1500.301914 48.009661
18.007665 1562.500000 4674 1557.318733 49.834199
18.003258 1562.500000 4753 1584.015500 50.688496
18.003434 1562.500000 4681 1560.191722 49.926135
18.004966 1562.500000 4702 1567.245035 50.151841
18.002727 1562.500000 4716 1571.943337 50.302187
18.006129 1562.500000 4700 1566.398727 50.124759
18.006450 1562.500000 4717 1571.743112 50.295780
18.005732 1562.500000 4764 1587.958274 50.814665
18.004655 1562.500000 4584 1527.362015 48.875584
18.006104 1562.500000 4748 1582.563718 50.642039
18.006189 1562.500000 4721 1573.305040 50.345761
18.007876 1562.500000 4747 1581.990393 50.623693
18.007738 1562.500000 4623 1540.791169 49.305317
18.003972 1562.500000 4751 1583.386477 50.668367
18.009090 1562.500000 4711 1570.312892 50.250013
18.011512 1562.500000 4593 1530.720525 48.983057
18.005104 1562.500000 4635 1544.767315 49.432554
21.003681 1562.500000 4581 1526.297798 48.841530
21.004516 1562.500000 4681 1559.011460 49.888367
21.002512 1562.500000 4704 1567.828342 50.170507
21.003436 1562.500000 4641 1546.527944 49.488894
21.002807 1562.500000 4681 1560.327176 49.930470
21.002827 1562.500000 4786 1595.234000 51.047488
21.005509 1562.500000 4678 1558.580010 49.874560
21.003331 1562.500000 4676 1558.628381 49.876108
21.006050 1562.500000 4735 1577.439354 50.478059
21.006479 1562.500000 4797 1598.845133 51.163044
21.004177 1562.500000 4820 1606.268991 51.400608
21.003787 1562.500000 4746 1581.953197 50.622502
21.003579 1562.500000 4719 1572.669923 50.325438
21.003306 1562.500000 4756 1584.986460 50.719567
21.003039 1562.500000 4552 1517.175365 48.549612
21.005256 1562.500000 4506 1501.855230 48.059367
21.007854 1562.500000 4724 1573.735570 50.359538
21.004503 1562.500000 4657 1552.328697 49.674518
21.008696 1562.500000 4726 1573.727018 50.359265
21.006748 1562.500000 4669 1556.012188 49.792390
21.006500 1562.500000 4723 1573.930401 50.365773
21.007398 1562.500000 4698 1565.324485 50.090384
21.007201 1562.500000 4716 1571.547749 50.289528
21.007231 1562.500000 4554 1517.604771 48.563353
21.004889 1562.500000 4726 1575.210547 50.406738
21.007950 1562.500000 4542 1513.856002 48.443392
21.008027 1562.500000 4746 1581.847652 50.619125
21.009347 1562.500000 4671 1556.236998 49.799584
21.004531 1562.500000 4741 1580.038853 50.561243
21.010576 1562.500000 4659 1552.231162 49.671397
21.012271 1562.500000 4795 1597.928968 51.133727
21.010449 1562.500000 4700 1563.880723 50.044183
24.008788 1562.500000 4725 1573.799827 50.361594
24.006652 1562.500000 4680 1559.405950 49.900990
24.004400 1562.500000 4669 1555.517459 49.776559
24.002906 1562.500000 4734 1577.948150 50.494341
24.003922 1562.500000 4771 1590.205987 50.886592
24.003285 1562.500000 4765 1587.924116 50.813572
24.006540 1562.500000 4534 1509.947681 48.318326
24.003926 1562.500000 4746 1581.742143 50.615749
24.006636 1562.500000 4796 1596.752076 51.096066
24.004873 1562.500000 4658 1552.481982 49.679423
24.003625 1562.500000 4711 1570.309259 50.249896
24.006183 1562.500000 4604 1533.196237 49.062280
24.004476 1562.500000 4725 1574.842953 50.394974
24.003600 1562.500000 4818 1605.856099 51.387395
24.006504 1562.500000 4791 1596.335518 51.082737
24.006449 1562.500000 4598 1531.672875 49.013532
24.008398 1562.500000 4733 1577.380845 50.476187
24.006070 1562.500000 4699 1566.322925 50.122334
24.006565 1562.500000 4728 1575.954698 50.430550
24.007269 1562.500000 4630 1543.297996 49.385536
24.008409 1562.500000 4624 1540.480565 49.295378
24.005369 1562.500000 4643 1547.419038 49.517409
24.008831 1562.500000 4812 1603.145178 51.300646
24.008282 1562.500000 4734 1577.535261 50.481128
24.008064 1562.500000 4674 1557.980402 49.855373
24.008303 1562.500000 4815 1604.811050 51.353954
24.009907 1562.500000 4524 1507.391544 48.236529
24.009902 1562.500000 4641 1546.713728 49.494839
24.004539 1562.500000 4810 1603.329061 51.306530
24.012820 1562.500000 4609 1536.052198 49.153670
24.011160 1562.500000 4764 1587.690730 50.806103
24.011476 1562.500000 4750 1582.791535 50.649329
27.003324 1562.500000 4730 1576.646282 50.452681
27.006506 1562.500000 4662 1552.662595 49.685203
27.004771 1562.500000 4610 1536.547837 49.169531
27.002912 1562.500000 4654 1551.330479 49.642575
27.004472 1562.500000 4642 1547.051371 49.505644
27.009319 1562.500000 4608 1533.089835 49.058875
27.004860 1562.500000 4834 1611.127148 51.556069
27.003882 1562.500000 4809 1602.849386 51.291180
27.005025 1562.500000 4649 1549.344193 49.579014
27.009320 1562.500000 4772 1590.001110 50.880036
27.007441 1562.500000 4729 1574.984816 50.399514
27.006306 1562.500000 4667 1555.544287 49.777417
27.008453 1562.500000 4612 1537.256544 49.192209
27.007543 1562.500000 4525 1507.811245 48.249960
27.006603 1562.500000 4740 1579.967017 50.558945
27.007203 1562.500000 4678 1559.047126 49.889508
27.007632 1562.500000 4662 1553.387637 49.708404
27.006620 1562.500000 4805 1601.637698 51.252406
27.006447 1562.500000 4770 1589.860405 50.875533
27.007370 1562.500000 4769 1589.613123 50.867620
27.009589 1562.500000 4686 1561.386060 49.964354
27.008433 1562.500000 4646 1548.648571 49.556754
27.008303 1562.500000 4583 1527.655867 48.884988
27.005709 1562.500000 4723 1574.155040 50.372961
27.007494 1562.500000 4684 1560.886998 49.948384
27.009217 1562.500000 4547 1515.471645 48.495093
27.009540 1562.500000 4747 1581.936578 50.621971
27.010204 1562.500000 4651 1550.180165 49.605765
27.010000 1562.500000 4697 1565.615532 50.099697
27.012929 1562.500000 4638 1545.943956 49.470207
27.011607 1562.500000 4670 1556.434727 49.805911
27.011869 1562.500000 4724 1574.460164 50.382725
#type       avg     std     min     5th    10th    90th    95th    99th
read       93.0   113.8    41.1    58.9    62.8   128.1   146.0   186.5
update     96.8   105.4    45.3    61.7    66.2   133.1   150.3   189.7
op_q        1.2     0.5     1.0     1.0     1.0     2.0     2.1     3.0

Total QPS = 99990.3 (2999710 / 30.0s)

Misses = 0 (0.0%)
Skipped TXs = 0 (0.0%)

RX  517326240 bytes :   16.4 MB/s
TX  332055126 bytes :   10.6 MB/s
