3.000269 4062.500000 12269 4089.300028 130.857601
3.000234 4062.500000 12315 4104.680495 131.349776
3.000389 4062.500000 12016 4004.813723 128.154039
3.000162 4062.500000 12340 4113.111608 131.619571
3.000010 4062.500000 12201 4066.986186 130.143558
3.000071 4062.500000 12085 4028.238379 128.903628
3.000451 4062.500000 11893 3963.736904 126.839581
3.000062 4062.500000 11937 3978.917839 127.325371
3.000269 4062.500000 12448 4148.961448 132.766766
3.000026 4062.500000 12257 4085.630874 130.740188
3.000480 4062.500000 12181 4059.684029 129.909889
3.000249 4062.500000 12032 4010.334389 128.330700
3.000051 4062.500000 12196 4065.264051 130.088450
3.000042 4062.500000 12291 4096.943017 131.102177
3.000247 4062.500000 12063 4020.668517 128.661393
3.000067 4062.500000 12121 4040.243375 129.287788
3.002180 4062.500000 12350 4113.677261 131.637672
3.000246 4062.500000 12265 4087.998287 130.815945
3.000316 4062.500000 12196 4064.905309 130.076970
3.000006 4062.500000 12262 4087.325545 130.794417
3.000238 4062.500000 11951 3983.351070 127.467234
3.000010 4062.500000 11979 3992.986302 127.775562
3.000055 4062.500000 12374 4124.591013 131.986912
3.000540 4062.500000 12108 4035.273108 129.128739
3.000365 4062.500000 12227 4075.171389 130.405484
3.000187 4062.500000 11873 3957.419952 126.637438
3.000148 4062.500000 12450 4149.795630 132.793460
3.000112 4062.500000 12060 4019.849916 128.635197
3.000247 4062.500000 11932 3977.006149 127.264197
3.000016 4062.500000 12028 4009.311791 128.297977
3.000854 4062.500000 12077 4024.521387 128.784684
3.000226 4062.500000 12492 4163.686278 133.237961
6.001950 4062.500000 12325 4105.885624 131.388340
6.000086 4062.500000 12280 4093.291753 130.985336
6.000153 4062.500000 12387 4128.859916 132.123517
6.000059 4062.500000 12054 4017.935084 128.573923
6.000323 4062.500000 12294 4097.643256 131.124584
6.000122 4062.500000 11963 3987.559574 127.601906
6.000068 4062.500000 11935 3978.331357 127.306603
6.000909 4062.500000 12301 4099.458695 131.182678
6.000263 4062.500000 12232 4077.072144 130.466309
6.000679 4062.500000 12294 4097.086361 131.106764
6.000428 4062.500000 12332 4110.400278 131.532809
6.000107 4062.500000 12059 4019.558675 128.625878
6.000319 4062.500000 12224 4074.571344 130.386283
6.000988 4062.500000 12216 4070.994924 130.271838
6.001204 4062.500000 12246 4080.384897 130.572317
6.000226 4062.500000 12268 4089.032632 130.849044
6.000629 4062.500000 12258 4085.477671 130.735285
6.000587 4062.500000 12248 4082.190956 130.630111
6.000403 4062.500000 12248 4082.647770 130.644729
6.000291 4062.500000 12148 4049.273715 129.576759
6.000652 4062.500000 12311 4103.430568 131.309778
6.000482 4062.500000 12281 4093.625558 130.996018
6.001201 4062.500000 12078 4024.877700 128.796086
6.000464 4062.500000 12206 4068.237639 130.183604
6.000194 4062.500000 11903 3967.657018 126.965025
6.000409 4062.500000 12483 4160.806368 133.145804
6.000178 4062.500000 12013 4004.245062 128.135842
6.000417 4062.500000 12162 4053.863389 129.723628
6.000838 4062.500000 12279 4092.594551 130.963026
6.002394 4062.500000 11995 3998.048205 127.937543
6.001066 4062.500000 12022 4007.049671 128.225589
6.000298 4062.500000 12176 4058.569980 129.874239
9.001481 4062.500000 12193 4062.472375 129.999116
9.000571 4062.500000 12224 4074.098848 130.371163
9.000219 4062.500000 12252 4083.868390 130.683788
9.000494 4062.500000 12369 4122.874761 131.931992
9.000726 4062.500000 12050 4015.997578 128.511922
9.000964 4062.500000 12315 4103.798117 131.321540
9.000187 4062.500000 12070 4023.174003 128.741568
9.000279 4062.500000 12259 4086.033010 130.753056
9.000464 4062.500000 12249 4082.808495 130.649872
9.000332 4062.500000 11913 3970.982836 127.071451
9.000656 4062.500000 12204 4067.664643 130.165269
9.000326 4062.500000 12149 4049.581322 129.586602
9.000482 4062.500000 12016 4005.260518 128.168337
9.000571 4062.500000 12150 4049.879822 129.596154
9.001787 4062.500000 12410 4134.471733 132.303095
9.000769 4062.500000 12364 4121.141479 131.876527
9.000255 4062.500000 12170 4056.563313 129.810026
9.000663 4062.500000 12050 4016.652129 128.532868
9.000973 4062.500000 11932 3976.943900 127.262205
9.000550 4062.500000 12228 4075.882783 130.428249
9.000680 4062.500000 12162 4053.874479 129.723983
9.000366 4062.500000 12220 4073.231907 130.343421
9.001541 4062.500000 12085 4027.485170 128.879525
9.001130 4062.500000 12048 4015.809673 128.505910
9.000462 4062.500000 12417 4138.938232 132.446023
9.001720 4062.500000 12141 4046.303305 129.481706
9.001222 4062.500000 12295 4098.305365 131.145772
9.001372 4062.500000 12162 4053.278578 129.704914
9.002280 4062.500000 12187 4061.886802 129.980378
9.002427 4062.500000 12041 4013.622704 128.435927
9.001197 4062.500000 12210 4069.822764 130.234328
9.000591 4062.500000 12347 4115.263717 131.688439
12.000336 4062.500000 12248 4082.507454 130.640239
12.000725 4062.500000 12002 4000.315644 128.010101
12.000213 4062.500000 12270 4089.964733 130.878871
12.000820 4062.500000 12181 4059.995846 129.919867
12.000343 4062.500000 12291 4096.984113 131.103492
12.000568 4062.500000 12099 4032.675464 129.045615
12.000816 4062.500000 12331 4109.891898 131.516541
12.000590 4062.500000 11968 3989.308372 127.657868
12.001321 4062.500000 12183 4059.590403 129.906893
12.000814 4062.500000 12306 4101.521422 131.248686
12.000498 4062.500000 12373 4124.311964 131.977983
12.000768 4062.500000 12296 4098.524169 131.152773
12.001289 4062.500000 12498 4165.561646 133.297973
12.000748 4062.500000 12142 4047.209187 129.510694
12.000983 4062.500000 12279 4092.974265 130.975176
12.001346 4062.500000 12082 4026.559059 128.849890
12.000384 4062.500000 12156 4051.825282 129.658409
12.000744 4062.500000 12355 4118.308232 131.785863
12.000830 4062.500000 12380 4126.281611 132.041012
12.000428 4062.500000 12336 4111.913980 131.581247
12.000845 4062.500000 12299 4099.441256 131.182120
12.001342 4062.500000 12193 4064.046588 130.049491
12.001506 4062.500000 12068 4022.633408 128.724269
12.001387 4062.500000 12536 4178.436510 133.709968
12.001735 4062.500000 12198 4065.737113 130.103588
12.002584 4062.500000 12127 4041.923744 129.341560
12.002610 4062.500000 12118 4039.086680 129.250774
12.002071 4062.500000 12128 4042.283533 129.353073
12.001729 4062.500000 12177 4058.987975 129.887615
12.001546 4062.500000 12271 4090.095278 130.883049
12.001262 4062.500000 12236 4078.577302 130.514474
12.000669 4062.500000 12154 4051.227766 129.639289
15.001010 4062.500000 12100 4033.078287 129.058505
15.000392 4062.500000 12128 4042.425980 129.357631
15.000357 4062.500000 12243 4080.981105 130.591395
15.002156 4062.500000 12049 4015.463737 128.494840
15.000347 4062.500000 12261 4086.984461 130.783503
15.000920 4062.500000 12136 4045.096769 129.443097
15.002582 4062.500000 12223 4071.956097 130.302595
15.001025 4062.500000 12262 4087.046334 130.785483
15.001711 4062.500000 12272 4090.090448 130.882894
15.000805 4062.500000 12194 4064.588744 130.066840
15.000629 4062.500000 12186 4061.946537 129.982289
15.000723 4062.500000 12195 4064.789070 130.073250
15.000505 4062.500000 12074 4024.657477 128.789039
15.001104 4062.500000 12367 4121.870930 131.899870
15.001265 4062.500000 11963 3987.070308 127.586250
15.001372 4062.500000 12348 4115.277179 131.688870
15.000493 4062.500000 12214 4071.245687 130.279862
15.001585 4062.500000 12282 4093.639038 130.996449
15.001530 4062.500000 12175 4057.593761 129.843000
15.001222 4062.500000 12111 4035.872189 129.147910
15.001461 4062.500000 12176 4058.510818 129.872346
15.000745 4062.500000 12215 4071.639169 130.292453
15.001523 4062.500000 12251 4083.420522 130.669457
15.001771 4062.500000 12386 4128.616190 132.115718
15.001388 4062.500000 12131 4043.665650 129.397301
15.002662 4062.500000 12245 4081.596116 130.611076
15.002624 4062.500000 12244 4081.279160 130.600933
15.001993 4062.500000 12254 4084.307126 130.697828
15.002084 4062.500000 12109 4036.316492 129.162128
15.001609 4062.500000 11945 3981.582998 127.410656
15.001382 4062.500000 12323 4107.502893 131.440093
15.001366 4062.500000 12230 4075.720563 130.423058
18.000572 4062.500000 12085 4028.031157 128.896997
18.001137 4062.500000 12167 4055.514107 129.776451
18.000365 4062.500000 12289 4096.323279 131.082345
18.002395 4062.500000 12451 4148.022252 132.736712
18.000553 4062.500000 12213 4070.781291 130.265001
18.000638 4062.500000 12291 4096.802518 131.097681
18.000738 4062.500000 12226 4075.185110 130.405924
18.002054 4062.500000 12065 4021.038255 128.673224
18.000538 4062.500000 12095 4031.622600 129.011923
18.001428 4062.500000 12034 4010.501432 128.336046
18.001325 4062.500000 12082 4026.909422 128.861102
18.003420 4062.500000 12284 4091.727082 130.935267
18.001970 4062.500000 12332 4109.847638 131.515124
18.001112 4062.500000 12493 4164.322397 133.258317
18.000976 4062.500000 12149 4049.591542 129.586929
18.002123 4062.500000 12349 4115.850634 131.707220
18.001259 4062.500000 12101 4033.617875 129.075772
18.001880 4062.500000 12145 4047.861102 129.531555
18.001609 4062.500000 12203 4067.465951 130.158910
18.001080 4062.500000 12086 4028.216551 128.902930
18.001390 4062.500000 12356 4118.662992 131.797216
18.001997 4062.500000 11998 3998.701481 127.958447
18.002401 4062.500000 12255 4084.060712 130.689943
18.002942 4062.500000 12212 4069.599634 130.227188
18.002776 4062.500000 12187 4062.127070 129.988066
18.002647 4062.500000 11954 3983.798670 127.481557
18.001882 4062.500000 12160 4052.965330 129.694891
18.002122 4062.500000 12337 4112.280372 131.592972
18.002712 4062.500000 11992 3997.266635 127.912532
18.002790 4062.500000 12365 4121.380571 131.884178
18.001675 4062.500000 12222 4073.602509 130.355280
18.001416 4062.500000 12113 4037.599447 129.203182
21.000584 4062.500000 12195 4064.702971 130.070495
21.000983 4062.500000 12459 4152.384165 132.876293
21.000614 4062.500000 12288 4095.943235 131.070184
21.000931 4062.500000 12264 4087.485311 130.799530
21.000748 4062.500000 12262 4087.320631 130.794260
21.001343 4062.500000 12400 4132.827084 132.250467
21.001683 4062.500000 12389 4128.916104 132.125315
21.000832 4062.500000 12024 4007.740956 128.247711
21.001821 4062.500000 12102 4033.333830 129.066683
21.001658 4062.500000 12004 4001.026736 128.032856
21.001565 4062.500000 12382 4126.710566 132.054738
21.001473 4062.500000 12311 4103.373978 131.307967
21.002726 4062.500000 11988 3995.028749 127.840920
21.001427 4062.500000 11827 3942.285344 126.153131
21.002621 4062.500000 12299 4098.892069 131.164546
21.001620 4062.500000 12240 4079.984702 130.559510
21.001282 4062.500000 11891 3963.400225 126.828807
21.001999 4062.500000 12183 4060.838113 129.946820
21.002520 4062.500000 12087 4028.831263 128.922600
21.002221 4062.500000 12115 4038.201551 129.222450
21.003084 4062.500000 12126 4040.499146 129.295973
21.002759 4062.500000 12207 4068.935752 130.205944
21.002911 4062.500000 12185 4061.484085 129.967491
21.002618 4062.500000 11877 3958.714389 126.678860
21.002251 4062.500000 12223 4074.158403 130.373069
21.002829 4062.500000 11915 3970.413055 127.053218
21.003047 4062.500000 12128 4042.127201 129.348070
21.002942 4062.500000 12058 4019.333307 128.618666
21.003280 4062.500000 12203 4067.002158 130.144069
21.003711 4062.500000 12219 4072.605485 130.323376
21.001916 4062.500000 12085 4028.010138 128.896324
21.001667 4062.500000 12412 4136.987286 132.383593
24.001397 4062.500000 12161 4052.789826 129.689274
24.000957 4062.500000 12187 4061.827841 129.978491
24.001497 4062.500000 12385 4127.554542 132.081745
24.000948 4062.500000 12246 4081.545484 130.609455
24.001479 4062.500000 12186 4061.816545 129.978129
24.001075 4062.500000 12039 4012.876558 128.412050
24.002040 4062.500000 11990 3995.911146 127.869157
24.000979 4062.500000 11959 3986.137967 127.556415
24.001970 4062.500000 12025 4008.134171 128.260293
24.002116 4062.500000 12308 4101.912723 131.261207
24.001998 4062.500000 12143 4046.701488 129.494448
24.001741 4062.500000 11999 3999.505621 127.984180
24.002241 4062.500000 12173 4056.565835 129.810107
24.001722 4062.500000 12326 4108.612725 131.475607
24.002330 4062.500000 12249 4082.852540 130.651281
24.001735 4062.500000 12370 4123.227450 131.943278
24.002470 4062.500000 12168 4055.363471 129.771631
24.002941 4062.500000 12325 4108.292195 131.465350
24.002543 4062.500000 12145 4048.302179 129.545670
24.002577 4062.500000 12070 4022.896331 128.732683
24.002769 4062.500000 12205 4068.274825 130.184794
24.002925 4062.500000 12232 4076.920316 130.461450
24.002891 4062.500000 12029 4009.301760 128.297656
24.002978 4062.500000 12310 4103.034827 131.297114
24.003024 4062.500000 12141 4046.889839 129.500475
24.003999 4062.500000 12116 4037.435465 129.197935
24.002682 4062.500000 12151 4049.299407 129.577581
24.003322 4062.500000 12019 4006.277976 128.200895
24.003756 4062.500000 12434 4144.604547 132.627345
24.003057 4062.500000 12307 4102.320156 131.274245
24.003194 4062.500000 12321 4106.499492 131.407984
24.001722 4062.500000 12255 4084.924663 130.717589
27.001076 4062.500000 12121 4040.173416 129.285549
27.001010 4062.500000 12177 4058.916070 129.885314
27.001083 4062.500000 12158 4052.655353 129.684971
27.002705 4062.500000 12114 4037.828581 129.210515
27.001638 4062.500000 12299 4099.449087 131.182371
27.002132 4062.500000 12271 4089.331330 130.858603
27.001516 4062.500000 12342 4113.973389 131.647148
27.001867 4062.500000 12403 4134.134228 132.292295
27.001312 4062.500000 11967 3988.556746 127.633816
27.002226 4062.500000 12052 4017.186455 128.549967
27.003189 4062.500000 12377 4123.991033 131.967713
27.001927 4062.500000 12190 4063.081257 130.018600
27.002547 4062.500000 12021 4006.897608 128.220723
27.001830 4062.500000 12200 4066.537188 130.129190
27.002588 4062.500000 12331 4110.272592 131.528723
27.002523 4062.500000 12027 4008.741106 128.279715
27.002098 4062.500000 12472 4157.252718 133.032087
27.002517 4062.500000 12105 4034.628685 129.108118
27.003180 4062.500000 12293 4097.340753 131.114904
27.002203 4062.500000 12549 4182.713630 133.846836
27.002817 4062.500000 12159 4052.935569 129.693938
27.003087 4062.500000 12283 4094.246839 131.015899
27.002984 4062.500000 12334 4111.205636 131.558580
27.002930 4062.500000 12101 4033.660653 129.077141
27.004596 4062.500000 12374 4123.846862 131.963100
27.004037 4062.500000 12267 4087.557144 130.801829
27.003832 4062.500000 11986 3994.300748 127.817624
27.003873 4062.500000 12302 4100.506510 131.216208
27.003976 4062.500000 12215 4070.779028 130.264929
27.002801 4062.500000 12012 4003.840490 128.122896
27.003867 4062.500000 12263 4086.750177 130.776006
27.001877 4062.500000 12277 4092.122253 130.947912
30.004612 4062.500000 12346 4110.498434 131.535950
#type       avg     std     min     5th    10th    90th    95th    99th
read      531.8   178.8    88.2   293.3   322.9   783.6   852.9   977.0
update    534.7   178.6   106.7   294.4   324.1   786.0   854.1   976.6
op_q        3.5     1.8     1.0     1.0     1.1     5.9     7.1     9.3

Total QPS = 260011.5 (7800345 / 30.0s)

Misses = 0 (0.0%)
Skipped TXs = 0 (0.0%)

RX 1348241722 bytes :   42.9 MB/s
TX  863795113 bytes :   27.5 MB/s
