3.001054 1250.000000 3664 1220.904521 39.068945
3.000180 1250.000000 3892 1297.255558 41.512178
3.003993 1250.000000 3681 1225.368967 39.211807
3.001174 1250.000000 3667 1221.855056 39.099362
3.000833 1250.000000 3740 1246.320569 39.882258
3.000255 1250.000000 3753 1250.893790 40.028601
3.000826 1250.000000 3647 1215.331977 38.890623
3.002024 1250.000000 3716 1237.831461 39.610607
3.001474 1250.000000 3706 1234.726623 39.511252
3.000504 1250.000000 3662 1220.461485 39.054768
3.002724 1250.000000 3759 1251.863176 40.059622
3.001133 1250.000000 3648 1215.540761 38.897304
3.000198 1250.000000 3793 1264.249962 40.455999
3.000790 1250.000000 3921 1306.656013 41.812992
3.000359 1250.000000 3699 1232.852471 39.451279
3.000239 1250.000000 3712 1237.234694 39.591510
3.001702 1250.000000 3705 1234.299609 39.497587
3.000059 1250.000000 3746 1248.642095 39.956547
3.000032 1250.000000 3805 1268.319886 40.586236
3.001914 1250.000000 3754 1250.535323 40.017130
3.000590 1250.000000 3844 1281.081202 40.994598
3.000244 1250.000000 3736 1245.231929 39.847422
3.000249 1250.000000 3759 1252.896200 40.092678
3.000211 1250.000000 3733 1244.245931 39.815870
3.003154 1250.000000 3677 1224.379510 39.180144
3.000661 1250.000000 3802 1267.054177 40.545734
3.001404 1250.000000 3703 1233.755903 39.480189
3.000117 1250.000000 3742 1247.284580 39.913107
3.000880 1250.000000 3769 1255.964858 40.190875
3.000266 1250.000000 3676 1225.224522 39.207185
3.001978 1250.000000 3812 1269.829232 40.634535
3.000195 1250.000000 3773 1257.584778 40.242713
6.002603 1250.000000 3666 1221.540256 39.089288
6.001632 1250.000000 3614 1204.109581 38.531507
6.000354 1250.000000 3813 1270.951409 40.670445
6.001432 1250.000000 3679 1226.178653 39.237717
6.001151 1250.000000 3670 1222.937277 39.133993
6.000386 1250.000000 3817 1272.277571 40.712882
6.000660 1250.000000 3791 1263.540053 40.433282
6.000551 1250.000000 3782 1260.518130 40.336580
6.002686 1250.000000 3670 1222.578237 39.122504
6.001412 1250.000000 3773 1257.322441 40.234318
6.000110 1250.000000 3776 1258.633945 40.276286
6.000938 1250.000000 3843 1280.936807 40.989978
6.001959 1250.000000 3874 1290.707424 41.302638
6.000844 1250.000000 3809 1269.658944 40.629086
6.001819 1250.000000 3728 1242.618441 39.763790
6.000283 1250.000000 3746 1248.636461 39.956367
6.001200 1250.000000 3834 1277.988995 40.895648
6.001754 1250.000000 3752 1250.408064 40.013058
6.000389 1250.000000 3631 1210.200092 38.726403
6.000260 1250.000000 3599 1199.661886 38.389180
6.002250 1250.000000 3763 1254.238993 40.135648
6.003558 1250.000000 3752 1249.233719 39.975479
6.001882 1250.000000 3748 1248.824973 39.962399
6.002856 1250.000000 3723 1240.945624 39.710260
6.002272 1250.000000 3888 1295.625036 41.460001
6.000971 1250.000000 3699 1232.962813 39.454810
6.004530 1250.000000 3781 1260.107670 40.323445
6.008284 1250.000000 3782 1257.995512 40.255856
6.000318 1250.000000 3652 1217.312475 38.953999
6.003740 1250.000000 3725 1241.424284 39.725577
6.002854 1250.000000 3704 1234.306440 39.497806
6.000325 1250.000000 3641 1213.614051 38.835650
9.000377 1250.000000 3722 1240.642306 39.700554
9.004459 1250.000000 3744 1247.081605 39.906611
9.002761 1250.000000 3615 1204.969901 38.559037
9.001195 1250.000000 3739 1245.997503 39.871920
9.000161 1250.000000 3725 1241.645478 39.732655
9.002675 1250.000000 3788 1261.690383 40.374092
9.002786 1250.000000 3722 1240.591176 39.698918
9.001664 1250.000000 3643 1214.001538 38.848049
9.000995 1250.000000 3811 1270.077074 40.642466
9.000713 1250.000000 3767 1255.599100 40.179171
9.002245 1250.000000 3717 1238.881975 39.644223
9.002856 1250.000000 3698 1231.966866 39.422940
9.001604 1250.000000 3643 1214.169792 38.853433
9.001965 1250.000000 3818 1272.577279 40.722473
9.000901 1250.000000 3771 1256.898745 40.220760
9.001184 1250.000000 3727 1241.960455 39.742735
9.001157 1250.000000 3907 1302.238325 41.671626
9.000322 1250.000000 3710 1236.641406 39.572525
9.001687 1250.000000 3686 1228.562089 39.313987
9.004767 1250.000000 3601 1199.569031 38.386209
9.002994 1250.000000 3761 1253.175722 40.101623
9.001431 1250.000000 3764 1254.658650 40.149077
9.002335 1250.000000 3718 1239.042924 39.649374
9.002363 1250.000000 3747 1248.420483 39.949455
9.003215 1250.000000 3676 1224.789047 39.193250
9.002325 1250.000000 3926 1308.643712 41.876599
9.004895 1250.000000 3758 1252.184552 40.069906
9.004844 1250.000000 3735 1244.869687 39.835830
9.004408 1250.000000 3901 1299.965339 41.598891
9.002997 1250.000000 3733 1244.274220 39.816775
9.009477 1250.000000 3848 1282.157130 41.029028
9.001023 1250.000000 3820 1273.037221 40.737191
12.002478 2500.000000 6231 2076.085896 66.434749
12.002718 2500.000000 6250 2081.559104 66.609891
12.000808 2500.000000 6079 2026.269212 64.840615
12.002018 2500.000000 6328 2108.141099 67.460515
12.001330 2500.000000 6306 2101.905009 67.260960
12.002627 2500.000000 6250 2082.664880 66.645276
12.002009 2500.000000 6278 2092.384352 66.956299
12.001300 2500.000000 6205 2068.058763 66.177880
12.001350 2500.000000 6185 2061.422187 65.965510
12.004966 2500.000000 6208 2066.727842 66.135291
12.002046 2500.000000 6406 2135.275493 68.328816
12.002259 2500.000000 6256 2084.936275 66.717961
12.003131 2500.000000 6289 2096.092214 67.074951
12.002926 2500.000000 6398 2132.488471 68.239631
12.001445 2500.000000 6320 2106.656600 67.413011
12.003034 2500.000000 6183 2060.812314 65.945994
12.003780 2500.000000 6404 2134.008880 68.288284
12.002956 2500.000000 6156 2051.513796 65.648441
12.002623 2500.000000 6092 2030.472147 64.975109
12.003229 2500.000000 6213 2070.837888 66.266812
12.005410 2500.000000 6287 2095.218070 67.046978
12.004660 2500.000000 6256 2085.193697 66.726198
12.001587 2500.000000 6283 2093.488882 66.991644
12.003565 2500.000000 6105 2034.159393 65.093101
12.002780 2500.000000 6291 2096.708585 67.094675
12.006381 2500.000000 6281 2092.595182 66.963046
12.003386 2500.000000 6406 2135.212221 68.326791
12.005022 2500.000000 6389 2129.576053 68.146434
12.004734 2500.000000 6221 2073.441276 66.350121
12.010535 2500.000000 6224 2073.934949 66.365918
12.003294 2500.000000 6199 2066.128171 66.116101
12.001333 2500.000000 6403 2134.113180 68.291622
15.003101 2500.000000 7501 2499.938296 79.998025
15.002009 2500.000000 7520 2505.663206 80.181223
15.001750 2500.000000 7473 2490.651233 79.700839
15.003002 2500.000000 7595 2530.859710 80.987511
15.002691 2500.000000 7622 2540.300582 81.289619
15.002378 2500.000000 7603 2533.422316 81.069514
15.002375 2500.000000 7282 2427.037182 77.665190
15.003328 2500.000000 7308 2435.761295 77.944361
15.001622 2500.000000 7432 2477.108830 79.267483
15.003130 2500.000000 7486 2494.790372 79.833292
15.003108 2500.000000 7454 2483.290146 79.465285
15.002300 2500.000000 7453 2484.099836 79.491195
15.003626 2500.000000 7285 2427.932960 77.693855
15.003359 2500.000000 7609 2535.791656 81.145333
15.005758 2500.000000 7407 2468.097066 78.979106
15.003336 2500.000000 7326 2441.666237 78.133320
15.006958 2500.000000 7429 2475.055903 79.201789
15.003978 2500.000000 7377 2458.162230 78.661191
15.004197 2500.000000 7589 2528.850361 80.923212
15.004272 2500.000000 7623 2540.583140 81.298660
15.003495 2500.000000 7568 2521.933066 80.701858
15.003390 2500.000000 7545 2514.488987 80.463648
15.005382 2500.000000 7487 2494.156042 79.812993
15.001721 2500.000000 7434 2477.889257 79.292456
15.003530 2500.000000 7625 2541.544047 81.329409
15.004996 2500.000000 7637 2545.640901 81.460509
15.005969 2500.000000 7601 2532.867487 81.051760
15.006858 2500.000000 7500 2499.602573 79.987282
15.004750 2500.000000 7579 2526.319506 80.842224
15.003496 2500.000000 7346 2448.501834 78.352059
15.010897 2500.000000 7555 2518.029945 80.576958
15.001455 2500.000000 7666 2555.229347 81.767339
18.001797 2500.000000 7381 2460.189707 78.726071
18.002933 2500.000000 7402 2466.360988 78.923552
18.002537 2500.000000 7615 2538.133145 81.220261
18.003787 2500.000000 7473 2490.090099 79.682883
18.004684 2500.000000 7531 2509.925815 80.317626
18.002138 2500.000000 7378 2459.227501 78.695280
18.004584 2500.000000 7536 2510.151613 80.324852
18.004634 2500.000000 7443 2480.701304 79.382442
18.003636 2500.000000 7520 2506.137630 80.196404
18.003538 2500.000000 7651 2549.347795 81.579129
18.003242 2500.000000 7322 2440.552204 78.097671
18.003349 2500.000000 7336 2445.316027 78.250113
18.003650 2500.000000 7460 2486.425751 79.565624
18.003214 2500.000000 7625 2541.595981 81.331071
18.003486 2500.000000 7483 2494.208867 79.814684
18.004420 2500.000000 7420 2472.678737 79.125720
18.003836 2500.000000 7497 2498.393490 79.948592
18.004255 2500.000000 7384 2461.106558 78.755410
18.005819 2500.000000 7636 2545.281393 81.449005
18.002643 2500.000000 7398 2465.241881 78.887740
18.004188 2500.000000 7544 2514.086389 80.450764
18.003673 2500.000000 7618 2539.212142 81.254789
18.005059 2500.000000 7437 2478.948216 79.326343
18.004777 2500.000000 7638 2544.823634 81.434356
18.006396 2500.000000 7490 2495.298148 79.849541
18.005429 2500.000000 7354 2451.294630 78.441428
18.007820 2500.000000 7399 2465.542428 78.897358
18.007988 2500.000000 7468 2487.659321 79.605098
18.007564 2500.000000 7402 2466.834873 78.938716
18.003673 2500.000000 7624 2541.183630 81.317876
18.011147 2500.000000 7688 2562.452501 81.998480
18.001524 2500.000000 7747 2582.273670 82.632757
21.002021 2500.000000 7536 2511.812613 80.378004
21.003133 2500.000000 7500 2499.833907 79.994685
21.002344 2500.000000 7391 2463.497438 78.831918
21.004105 2500.000000 7495 2497.704279 79.926537
21.003725 2500.000000 7635 2544.924059 81.437570
21.003454 2500.000000 7558 2519.155528 80.612977
21.003435 2500.000000 7454 2484.483257 79.503464
21.005110 2500.000000 7403 2466.331478 78.922607
21.005027 2500.000000 7563 2520.489923 80.655678
21.003285 2500.000000 7629 2542.366148 81.355717
21.004194 2500.000000 7602 2533.540384 81.073292
21.003598 2500.000000 7589 2529.616612 80.947732
21.003825 2500.000000 7402 2467.302209 78.953671
21.004494 2500.000000 7443 2480.802437 79.385678
21.004820 2500.000000 7464 2487.804039 79.609729
21.004886 2500.000000 7477 2492.123409 79.747949
21.004736 2500.000000 7344 2447.957488 78.334640
21.003964 2500.000000 7486 2495.227430 79.847278
21.005440 2500.000000 7372 2457.324317 78.634378
21.005159 2500.000000 7534 2510.520758 80.336664
21.003658 2500.000000 7573 2523.479641 80.751349
21.003680 2500.000000 7397 2465.661363 78.901164
21.005886 2500.000000 7314 2437.327959 77.994495
21.007129 2500.000000 7400 2465.589478 78.898863
21.004897 2500.000000 7540 2513.232182 80.423430
21.007597 2500.000000 7710 2569.971947 82.239102
21.007875 2500.000000 7583 2527.620426 80.883854
21.007300 2500.000000 7358 2451.927512 78.461680
21.009210 2500.000000 7740 2578.948810 82.526362
21.011154 2500.000000 7586 2528.661168 80.917157
21.004138 2500.000000 7624 2540.939392 81.310061
21.001752 2500.000000 7346 2448.481013 78.351392
24.003351 2500.000000 7462 2487.278506 79.592912
24.006614 2500.000000 7540 2510.420278 80.333449
24.002233 2500.000000 7461 2486.824562 79.578386
24.002606 2500.000000 7515 2504.781867 80.153020
24.003617 2500.000000 7628 2542.528001 81.360896
24.003620 2500.000000 7627 2542.314446 81.354062
24.003695 2500.000000 7449 2482.784848 79.449115
24.004269 2500.000000 7600 2532.873978 81.051967
24.004887 2500.000000 7650 2549.943390 81.598188
24.004963 2500.000000 7579 2525.611314 80.819562
24.004065 2500.000000 7481 2493.467167 79.790949
24.005596 2500.000000 7511 2502.747173 80.087910
24.004377 2500.000000 7590 2529.845189 80.955046
24.004898 2500.000000 7342 2447.323596 78.314355
24.004963 2500.000000 7488 2495.169263 79.845416
24.005053 2500.000000 7580 2526.645052 80.852642
24.004781 2500.000000 7425 2474.963019 79.198817
24.005162 2500.000000 7493 2497.622899 79.923933
24.004027 2500.000000 7726 2575.035086 82.401123
24.006002 2500.000000 7516 2504.410854 80.141147
24.005263 2500.000000 7530 2509.912966 80.317215
24.006586 2500.000000 7327 2441.764057 78.136450
24.005828 2500.000000 7478 2492.344521 79.755025
24.007930 2500.000000 7467 2488.336075 79.626754
24.003725 2500.000000 7570 2523.277053 80.744866
24.010407 2500.000000 7423 2472.017726 79.104567
24.007909 2500.000000 7585 2528.304684 80.905750
24.008046 2500.000000 7519 2505.709942 80.182718
24.009226 2500.000000 7693 2564.319737 82.058232
24.004415 2500.000000 7574 2524.433573 80.781874
24.011487 2500.000000 7569 2522.720002 80.727040
24.002829 2500.000000 7600 2532.423755 81.037560
27.002615 2500.000000 7693 2564.324876 82.058396
27.002964 2500.000000 7469 2489.060031 79.649921
27.005218 2500.000000 7543 2513.367263 80.427752
27.006036 2500.000000 7509 2502.179645 80.069749
27.003654 2500.000000 7516 2505.302967 80.169695
27.005223 2500.000000 7504 2501.053337 80.033707
27.005216 2500.000000 7487 2494.969387 79.839020
27.004011 2500.000000 7402 2467.073506 78.946352
27.005040 2500.000000 7578 2525.934591 80.829907
27.005077 2500.000000 7441 2480.185294 79.365929
27.004168 2500.000000 7459 2485.879330 79.548139
27.004278 2500.000000 7459 2486.325688 79.562422
27.003503 2500.000000 7573 2524.205584 80.774579
27.005672 2500.000000 7440 2479.937425 79.357998
27.005443 2500.000000 7331 2443.128067 78.180098
27.005040 2500.000000 7650 2549.933994 81.597888
27.006059 2500.000000 7485 2494.254793 79.816153
27.006672 2500.000000 7633 2543.617402 81.395757
27.004035 2500.000000 7581 2526.993632 80.863796
27.006894 2500.000000 7655 2551.428642 81.645717
27.005277 2500.000000 7457 2485.655012 79.540960
27.006644 2500.000000 7580 2526.617403 80.851757
27.004083 2500.000000 7395 2464.705855 78.870587
27.008433 2500.000000 7649 2549.221417 81.575085
27.008145 2500.000000 7582 2527.152307 80.868874
27.006264 2500.000000 7614 2537.779056 81.208930
27.009468 2500.000000 7522 2507.131159 80.228197
27.010460 2500.000000 7622 2540.621441 81.299886
27.008114 2500.000000 7421 2473.610869 79.155548
27.004581 2500.000000 7578 2525.860790 80.827545
27.011667 2500.000000 7554 2517.848494 80.571152
27.002910 2500.000000 7543 2514.265527 80.456497
#type       avg     std     min     5th    10th    90th    95th    99th
read      105.0   130.1    34.0    56.0    59.7   172.9   194.7   237.8
update    107.7   133.0    37.4    57.9    62.2   174.1   194.7   232.2
op_q        1.3     0.6     1.0     1.0     1.0     2.1     2.1     3.1

Total QPS = 133257.1 (3997714 / 30.0s)

Misses = 0 (0.0%)
Skipped TXs = 0 (0.0%)

RX  691651105 bytes :   22.0 MB/s
TX  443267559 bytes :   14.1 MB/s
