3.000854 1716.593238
3.000228 1386.798473
3.000159 1386.987558
3.000079 1433.600631
3.000006 1422.511186
3.000209 1489.896565
3.000011 1395.205628
3.000295 1397.148012
3.000163 1385.714401
3.000018 1401.628699
3.000118 1410.855722
3.000627 1395.618884
3.000220 1386.667285
3.000082 2587.975168
3.000094 1387.330134
3.000099 1387.906741
3.000095 1391.005375
3.000017 1391.794924
3.000033 1513.075925
3.000059 1380.159827
3.000043 1598.159146
3.000146 1393.032183
3.000038 1388.566140
3.000135 1394.697618
3.000192 1398.613836
3.000055 1954.918678
3.000099 1759.127168
3.000283 1392.657294
3.000062 1386.689658
3.000059 1398.026025
3.000420 1383.473757
3.000016 1390.086340
6.000276 1469.106580
6.000810 1397.827846
6.000207 1410.106659
6.000069 1390.274169
6.000290 1440.132773
6.000275 1390.945168
6.000724 1388.539271
6.000324 1397.491171
6.000226 1393.481736
6.000717 1428.843823
6.000192 1397.924167
6.000089 1490.541291
6.000108 1393.876431
6.000173 1409.444090
6.000024 1384.743727
6.000251 1394.671168
6.000153 1389.766009
6.000340 1407.498850
6.000484 1394.558225
6.000268 1394.594151
6.000683 1393.344644
6.000197 1380.741818
6.000225 1465.193669
6.000345 1395.087054
6.000394 1458.352359
6.000201 1398.132794
6.000336 1403.799094
6.000163 1395.730611
6.000968 1459.403521
6.000551 1393.975770
6.000673 1387.264002
6.000055 1385.835695
9.000307 1387.682315
9.000257 1391.697091
9.000146 1389.861335
9.000469 1388.325395
9.000167 1451.013196
9.000031 1385.461229
9.000277 1397.384105
9.000486 1430.394255
9.000494 1412.724714
9.000550 1393.359842
9.000424 1392.875845
9.000160 1388.327798
9.000418 1391.938241
9.000422 1397.827123
9.000499 1415.700487
9.000826 1391.913375
9.000258 1392.790533
9.001093 1418.525112
9.000632 1404.088843
9.000753 1391.594011
9.000501 1390.258758
9.000395 1391.324782
9.000747 1417.144361
9.000743 1391.118319
9.000271 1388.297038
9.000456 1407.516022
9.000263 1393.056612
9.001128 1400.805095
9.000699 1393.008751
9.000818 1391.484780
9.000677 1387.097325
9.000442 1389.494793
12.000082 1384.364384
12.000367 1385.889781
12.000900 1384.381186
12.000907 1394.309763
12.000352 1390.933637
12.000814 1385.155477
12.000489 1395.038208
12.000418 1386.303911
12.000382 1389.575180
12.000464 1395.570084
12.000371 1430.447438
12.000723 1395.823382
12.000741 1387.646819
12.000836 1389.662977
12.000604 1429.511687
12.000535 1417.088922
12.000552 1397.881192
12.000710 1389.042557
12.000296 1386.525336
12.000575 1386.080126
12.001004 1415.321739
12.000511 1389.987579
12.000746 1389.342773
12.000732 1394.530441
12.001179 1389.664721
12.000589 1385.353649
12.001288 1398.256236
12.001083 1388.561835
12.001383 1390.344800
12.000842 1391.438665
12.000831 1384.326157
12.000856 1387.229216
15.001126 1408.508523
15.000087 1383.914765
15.000394 1387.123206
15.000748 1386.736056
15.000397 1388.955122
15.000828 1394.229592
15.000639 1410.769728
15.000422 1386.960374
15.000754 1391.698460
15.000449 1388.276572
15.000512 1391.606138
15.000497 1392.573848
15.000921 1387.045006
15.000557 1414.567553
15.000769 1386.182144
15.000792 1390.721444
15.000554 1396.456745
15.000639 1390.127081
15.000877 1384.439706
15.000967 1383.413494
15.000662 1385.924460
15.001124 1391.846634
15.000908 1387.417700
15.000622 1388.180233
15.001294 1399.048661
15.002067 1385.411841
15.001064 1389.943929
15.001442 1390.075951
15.001168 1388.350863
15.001388 1393.788201
15.000947 1384.353613
15.001016 1389.082109
18.000596 1405.161209
18.000662 1384.582294
18.001116 1392.652783
18.000435 1383.771781
18.000528 1392.620599
18.000633 1395.479959
18.000766 1390.202441
18.000918 1389.292899
18.000520 1390.406157
18.000972 1384.818869
18.000635 1386.334118
18.000905 1407.202903
18.000474 1386.542128
18.000936 1390.279479
18.000977 1390.811013
18.000954 1387.576701
18.000800 1384.438255
18.001132 1390.625901
18.001134 1386.645856
18.000704 1389.117171
18.000882 1394.991156
18.001027 1384.630265
18.000989 1387.430464
18.001312 1404.757840
18.001158 1388.941706
18.001297 1397.182810
18.001506 1391.716839
18.001211 1388.664032
18.001433 1394.028983
18.001082 1391.459746
18.002181 1389.588255
18.001028 1386.966622
21.001683 1388.775357
21.000558 1392.855146
21.000931 1386.372310
21.000622 1393.264731
21.000466 1384.881685
21.001177 1413.985906
21.001299 1384.905442
21.000688 1393.125132
21.001532 1390.002168
21.000995 1390.123487
21.000967 1385.096866
21.000936 1390.941204
21.000678 1397.350466
21.001011 1389.213229
21.000932 1388.795298
21.000587 1391.286883
21.000954 1391.011919
21.001396 1401.287640
21.001276 1389.127121
21.001385 1385.666437
21.001693 1394.389876
21.001218 1390.495019
21.001213 1388.831710
21.001184 1394.479228
21.001810 1398.563791
21.001537 1393.852570
21.001266 1383.127784
21.001212 1389.502299
21.001455 1397.648112
21.002414 1390.833988
21.001348 1389.391561
21.001058 1384.438384
24.000841 1395.547794
24.000546 1386.926875
24.001084 1390.551805
24.000824 1392.836836
24.000649 1394.148367
24.000936 1384.917497
24.001068 1393.176722
24.000947 1389.067023
24.001503 1384.285152
24.001224 1403.901281
24.001230 1389.144120
24.001107 1388.348652
24.001294 1389.097879
24.000673 1390.869101
24.001029 1390.068968
24.001479 1384.078627
24.001684 1389.404398
24.002780 1388.748863
24.001345 1385.851275
24.001370 1391.183268
24.001420 1397.466770
24.001531 1390.585475
24.001827 1393.476324
24.001315 1393.782371
24.002706 1388.602795
24.001243 1389.644802
24.001720 1394.172116
24.001531 1395.168440
24.002562 1397.614359
24.002478 1389.752984
24.001396 1389.471951
24.001951 1384.977584
27.000632 1387.772188
27.000833 1392.671065
27.001054 1387.576628
27.000778 1395.960660
27.001314 1397.894559
27.001234 1396.374119
27.001315 1388.732079
27.001213 1391.022373
27.000973 1386.176646
27.001556 1389.401291
27.001093 1392.228061
27.001791 1389.699894
27.001374 1385.693187
27.001511 1389.519656
27.000711 1392.698400
27.001631 1384.357617
27.001797 1398.409899
27.001574 1391.228043
27.001379 1394.521828
27.001536 1383.574913
27.001385 1389.630111
27.001895 1394.124306
27.001539 1394.266868
27.001640 1390.734189
27.001283 1389.574458
27.003602 1388.291541
27.002285 1394.047728
27.002587 1388.961465
27.002621 1397.363210
27.001411 1388.632804
27.003293 1387.529724
27.002001 1385.182661
#type       avg     std     min     5th    10th    90th    95th    99th
read      789.8   275.5   208.0   503.9   536.1  1000.2  1200.9  1390.3
update    791.3   275.2   208.0   504.2   536.5  1006.0  1215.5  1391.6
op_q        6.6     3.2     1.0     2.1     3.0    10.9    12.3    15.2

Total QPS = 400020.6 (12000619 / 30.0s)

Misses = 0 (0.0%)
Skipped TXs = 0 (0.0%)

RX 2074196636 bytes :   65.9 MB/s
TX 1328183593 bytes :   42.2 MB/s
