3.000264 3611.111111 10632 3543.688554 113.398034
3.000235 3611.111111 10978 3659.046453 117.089486
3.000605 3611.111111 10892 3629.935146 116.157925
3.000138 3611.111111 10734 3577.835902 114.490749
3.000138 3611.111111 10883 3627.500053 116.080002
3.000138 3611.111111 10787 3595.500771 115.056025
3.000014 3611.111111 10604 3534.649834 113.108795
3.000794 3611.111111 10935 3644.035825 116.609146
3.000066 3611.111111 10788 3595.921391 115.069484
3.000481 3611.111111 10739 3579.092657 114.530965
3.000048 3611.111111 10695 3564.942962 114.078175
3.000184 3611.111111 10677 3558.781952 113.881022
3.000145 3611.111111 10840 3613.158400 115.621069
3.000281 3611.111111 10896 3631.660203 116.213126
3.000363 3611.111111 10690 3562.902572 114.012882
3.000136 3611.111111 10772 3590.503556 114.896114
3.000369 3611.111111 10935 3644.552040 116.625665
3.000377 3611.111111 10602 3533.555421 113.073773
3.001178 3611.111111 10774 3589.924271 114.877577
3.000224 3611.111111 10713 3570.733951 114.263486
3.000062 3611.111111 10787 3595.591971 115.058943
3.000551 3611.111111 11040 3679.324266 117.738377
3.000227 3611.111111 10714 3571.062643 114.274005
3.000912 3611.111111 10707 3567.915392 114.173293
3.000244 3611.111111 10834 3611.039889 115.553276
3.001417 3611.111111 10882 3625.620903 116.019869
3.000133 3611.111111 10687 3562.175058 113.989602
3.000371 3611.111111 10935 3644.549201 116.625574
3.000017 3611.111111 10717 3572.313571 114.314034
3.000409 3611.111111 10794 3597.510089 115.120323
3.000169 3611.111111 11207 3735.455784 119.534585
3.000009 3611.111111 10948 3649.322591 116.778323
6.000563 3611.111111 11021 3673.250455 117.544015
6.000540 3611.111111 10764 3587.411677 114.797174
6.000718 3611.111111 10818 3605.297455 115.369519
6.000546 3611.111111 10940 3646.587350 116.690795
6.000544 3611.111111 10803 3600.364739 115.211672
6.001189 3611.111111 10778 3592.193858 114.950203
6.000453 3611.111111 10911 3636.615999 116.371712
6.000201 3611.111111 11057 3685.589012 117.938848
6.000266 3611.111111 10475 3491.429635 111.725748
6.000221 3611.111111 11110 3703.239881 118.503676
6.000893 3611.111111 10884 3627.259088 116.072291
6.000331 3611.111111 10791 3596.767979 115.096575
6.000849 3611.111111 10895 3630.924357 116.189579
6.000403 3611.111111 10698 3565.738952 114.103646
6.000886 3611.111111 10911 3636.365896 116.363709
6.000809 3611.111111 10853 3617.355913 115.755389
6.000404 3611.111111 10730 3576.499702 114.447990
6.000486 3611.111111 10815 3604.689832 115.350075
6.000446 3611.111111 10568 3522.429433 112.717742
6.000337 3611.111111 10743 3580.675935 114.581630
6.000568 3611.111111 10994 3663.993263 117.247784
6.000396 3611.111111 10803 3600.967705 115.230967
6.001238 3611.111111 10664 3553.916732 113.725335
6.000710 3611.111111 10790 3595.980994 115.071392
6.001273 3611.111111 11028 3675.558252 117.617864
6.000419 3611.111111 10672 3557.283549 113.833074
6.001269 3611.111111 10981 3660.221848 117.127099
6.000646 3611.111111 10924 3641.000193 116.512006
6.000487 3611.111111 10987 3662.237534 117.191601
6.001705 3611.111111 10971 3656.649236 117.012776
6.000185 3611.111111 10823 3607.647556 115.444722
6.001951 3611.111111 10913 3635.313257 116.330024
9.000730 3611.111111 10797 3598.779624 115.160948
9.000343 3611.111111 10893 3630.827637 116.186484
9.000796 3611.111111 10643 3547.564933 113.522078
9.000832 3611.111111 10885 3627.727587 116.087283
9.000945 3611.111111 11076 3691.334001 118.122688
9.000992 3611.111111 10705 3567.624208 114.163975
9.000454 3611.111111 10961 3653.524579 116.912787
9.001090 3611.111111 10767 3588.179420 114.821741
9.000744 3611.111111 10836 3611.424503 115.565584
9.000610 3611.111111 10747 3582.249687 114.631990
9.000573 3611.111111 10778 3592.655188 114.964966
9.000576 3611.111111 10687 3561.911221 113.981159
9.000981 3611.111111 10809 3602.365845 115.275707
9.001761 3611.111111 10761 3585.544841 114.737435
9.000741 3611.111111 11002 3666.939737 117.342072
9.001428 3611.111111 10891 3629.677486 116.149680
9.000670 3611.111111 10638 3545.735133 113.463524
9.001087 3611.111111 10909 3635.996524 116.351889
9.001028 3611.111111 10799 3599.505714 115.184183
9.001701 3611.111111 10758 3584.547789 114.705529
9.001194 3611.111111 10780 3592.919427 114.973422
9.001809 3611.111111 11164 3720.663139 119.061220
9.002040 3611.111111 10876 3624.304352 115.977739
9.001467 3611.111111 10799 3599.433856 115.181883
9.000954 3611.111111 10691 3563.208131 114.022660
9.001319 3611.111111 10809 3602.902302 115.292874
9.000507 3611.111111 11017 3672.308561 117.513874
9.000793 3611.111111 10908 3635.821012 116.346272
9.001034 3611.111111 10747 3581.955500 114.622576
9.001757 3611.111111 10888 3629.269867 116.136636
9.000893 3611.111111 10587 3528.167656 112.901365
9.002141 3611.111111 10709 3569.440611 114.222100
12.000482 3611.111111 10940 3646.497751 116.687928
12.001110 3611.111111 10870 3623.308722 115.945879
12.001005 3611.111111 10701 3566.795177 114.137446
12.000723 3611.111111 10985 3661.483178 117.167462
12.001114 3611.111111 10830 3609.538446 115.505230
12.002454 3611.111111 10797 3597.289644 115.113269
12.000648 3611.111111 10834 3611.247307 115.559914
12.000988 3611.111111 10905 3634.992251 116.319752
12.000773 3611.111111 10805 3601.471497 115.247088
12.001135 3611.111111 10710 3569.597194 114.227110
12.001284 3611.111111 10736 3578.559083 114.513891
12.001116 3611.111111 10876 3625.183008 116.005856
12.001076 3611.111111 10777 3591.935646 114.941941
12.001755 3611.111111 10653 3550.208654 113.606677
12.000992 3611.111111 10819 3606.276043 115.400833
12.000776 3611.111111 11017 3671.939034 117.502049
12.001037 3611.111111 10706 3568.230092 114.183363
12.000952 3611.111111 11058 3685.805313 117.945770
12.001852 3611.111111 10840 3612.691517 115.606129
12.001727 3611.111111 10866 3621.685361 115.893932
12.001223 3611.111111 10874 3624.084580 115.970707
12.001971 3611.111111 10735 3577.685725 114.485943
12.001710 3611.111111 10839 3612.988824 115.615642
12.001378 3611.111111 10931 3643.151507 116.580848
12.002133 3611.111111 10786 3595.222741 115.047128
12.000801 3611.111111 10964 3654.309114 116.937892
12.001804 3611.111111 11089 3696.275208 118.280807
12.002046 3611.111111 11007 3668.652116 117.396868
12.001142 3611.111111 10751 3583.538078 114.673219
12.003122 3611.111111 10938 3644.404916 116.620957
12.001002 3611.111111 10617 3538.870841 113.243867
12.002529 3611.111111 10806 3601.534607 115.249107
15.000570 3611.111111 10525 3508.230096 112.263363
15.001289 3611.111111 10728 3575.640817 114.420506
15.001060 3611.111111 10907 3635.599960 116.339199
15.000758 3611.111111 10909 3636.200246 116.358408
15.000951 3611.111111 10821 3606.789858 115.417275
15.001094 3611.111111 11110 3703.208476 118.502671
15.001648 3611.111111 10854 3617.263085 115.752419
15.001002 3611.111111 11051 3683.385092 117.868323
15.002740 3611.111111 10943 3646.928265 116.701704
15.001134 3611.111111 10677 3558.976026 113.887233
15.001336 3611.111111 10862 3620.393868 115.852604
15.001168 3611.111111 10779 3592.938672 114.974037
15.001376 3611.111111 10787 3594.884338 115.036299
15.001877 3611.111111 10923 3640.969237 116.511016
15.001170 3611.111111 10958 3652.623927 116.883966
15.001465 3611.111111 10952 3650.447022 116.814305
15.000984 3611.111111 10707 3568.962152 114.206789
15.001611 3611.111111 11078 3692.089388 118.146860
15.001208 3611.111111 11106 3701.836795 118.458777
15.001488 3611.111111 10972 3657.010840 117.024347
15.002551 3611.111111 10675 3557.645003 113.844640
15.000888 3611.111111 10788 3595.895817 115.068666
15.001997 3611.111111 10702 3567.012767 114.144409
15.002095 3611.111111 10936 3644.920441 116.637454
15.001951 3611.111111 10930 3643.154839 116.580955
15.001782 3611.111111 10930 3643.246210 116.583879
15.002063 3611.111111 10707 3568.979415 114.207341
15.002565 3611.111111 10913 3637.532065 116.401026
15.001654 3611.111111 10853 3617.334667 115.754709
15.003520 3611.111111 10885 3627.853016 116.091297
15.001363 3611.111111 10875 3624.564907 115.986077
15.002694 3611.111111 11003 3667.464288 117.358857
18.000871 3611.111111 10888 3629.195810 116.134266
18.001434 3611.111111 10901 3633.254399 116.264141
18.000583 3611.111111 10614 3537.985013 113.215520
18.001369 3611.111111 11017 3671.884559 117.500306
18.003129 3611.111111 10874 3623.299811 115.945594
18.001496 3611.111111 10973 3657.134854 117.028315
18.001776 3611.111111 10916 3638.317684 116.426166
18.002081 3611.111111 10750 3582.444529 114.638225
18.001414 3611.111111 11034 3677.847103 117.691107
18.001398 3611.111111 10860 3619.771064 115.832674
18.002631 3611.111111 10686 3561.905417 113.980973
18.001499 3611.111111 10822 3607.292308 115.433354
18.001567 3611.111111 10946 3648.434364 116.749900
18.001278 3611.111111 10813 3604.159896 115.333117
18.001120 3611.111111 10950 3649.794615 116.793428
18.003938 3611.111111 10860 3617.239031 115.751649
18.003964 3611.111111 10840 3609.967991 115.518976
18.001736 3611.111111 10839 3612.318652 115.594197
18.001886 3611.111111 11064 3687.662259 118.005192
18.001034 3611.111111 10724 3574.606427 114.387406
18.002562 3611.111111 10638 3545.077769 113.442489
18.001877 3611.111111 10582 3527.333288 112.874665
18.002717 3611.111111 10804 3600.587394 115.218797
18.002207 3611.111111 10759 3586.027901 114.752893
18.001820 3611.111111 10968 3654.864171 116.955653
18.002072 3611.111111 10638 3545.989233 113.471655
18.002842 3611.111111 10836 3611.666277 115.573321
18.002319 3611.111111 10923 3640.192965 116.486175
18.002901 3611.111111 10882 3627.139104 116.068451
18.003527 3611.111111 10854 3617.990362 115.775692
18.001617 3611.111111 10717 3572.029975 114.304959
18.002731 3611.111111 10780 3593.289415 114.985261
21.003343 3611.111111 10605 3532.710325 113.046730
21.001631 3611.111111 10791 3596.837720 115.098807
21.000669 3611.111111 11007 3668.895406 117.404653
21.001059 3611.111111 11122 3707.102159 118.627269
21.001492 3611.111111 10995 3664.849605 117.275187
21.002726 3611.111111 10772 3589.198997 114.854368
21.001289 3611.111111 10849 3616.320332 115.722251
21.002239 3611.111111 10933 3643.893846 116.604603
21.001438 3611.111111 10786 3595.304463 115.049743
21.001950 3611.111111 10856 3617.664994 115.765280
21.002620 3611.111111 10930 3642.967660 116.574965
21.001902 3611.111111 10994 3664.463991 117.262848
21.002163 3611.111111 10900 3632.612003 116.243584
21.003621 3611.111111 10577 3524.503980 112.784127
21.001476 3611.111111 10868 3622.615520 115.923697
21.001109 3611.111111 10979 3659.575106 117.106403
21.002190 3611.111111 10647 3548.869967 113.563839
21.002317 3611.111111 10673 3557.024725 113.824791
21.002103 3611.111111 10983 3660.962721 117.150807
21.001958 3611.111111 10901 3633.578768 116.274521
21.003202 3611.111111 10713 3570.572090 114.258307
21.002233 3611.111111 10895 3631.635086 116.212323
21.002837 3611.111111 10754 3584.523133 114.704740
21.004401 3611.111111 10860 3618.190999 115.782112
21.002623 3611.111111 10809 3602.927599 115.293683
21.001891 3611.111111 10943 3647.580586 116.722579
21.003130 3611.111111 10969 3656.331506 117.002608
21.004188 3611.111111 10643 3547.401974 113.516863
21.003595 3611.111111 10776 3591.919515 114.941424
21.001991 3611.111111 10819 3605.884064 115.388290
21.003973 3611.111111 10786 3595.290975 115.049311
21.002879 3611.111111 10921 3640.153319 116.484906
24.000681 3611.111111 10841 3613.652298 115.636874
24.001672 3611.111111 10838 3612.450125 115.598404
24.001071 3611.111111 10781 3593.651988 114.996864
24.001607 3611.111111 10561 3519.960353 112.638731
24.001931 3611.111111 10917 3638.636788 116.436377
24.001637 3611.111111 10877 3625.425424 116.013614
24.002013 3611.111111 10862 3619.576016 115.826433
24.003018 3611.111111 10947 3648.519601 116.752627
24.002256 3611.111111 10926 3641.814246 116.538056
24.001578 3611.111111 10751 3583.545521 114.673457
24.001916 3611.111111 10859 3619.649744 115.828792
24.002500 3611.111111 10563 3520.694218 112.662215
24.002425 3611.111111 10876 3625.050065 116.001602
24.001959 3611.111111 10729 3576.332676 114.442646
24.002157 3611.111111 10764 3587.753134 114.808100
24.002394 3611.111111 10866 3621.720567 115.895058
24.002799 3611.111111 10732 3576.758394 114.456269
24.002287 3611.111111 11037 3678.933734 117.725880
24.002305 3611.111111 10689 3562.627471 114.004079
24.004257 3611.111111 10718 3571.410746 114.285144
24.003234 3611.111111 10829 3609.188210 115.494023
24.003847 3611.111111 10943 3646.795501 116.697456
24.002912 3611.111111 10750 3583.110937 114.659550
24.003704 3611.111111 10734 3577.869979 114.491839
24.002202 3611.111111 10850 3616.291330 115.721323
24.003790 3611.111111 11053 3684.125407 117.892013
24.003988 3611.111111 10846 3614.555447 115.665774
24.002779 3611.111111 10817 3605.475101 115.375203
24.004036 3611.111111 10774 3591.257957 114.920255
24.004484 3611.111111 10728 3575.900861 114.428828
24.005053 3611.111111 10853 3616.623728 115.731959
24.002917 3611.111111 10714 3571.288453 114.281230
27.001505 3611.111111 10821 3606.478312 115.407306
27.000795 3611.111111 10788 3595.863120 115.067620
27.001856 3611.111111 10728 3575.780499 114.424976
27.002170 3611.111111 10802 3600.379045 115.212129
27.002802 3611.111111 10788 3595.547870 115.057532
27.002615 3611.111111 10818 3604.824759 115.354392
27.001620 3611.111111 11034 3677.947691 117.694326
27.001978 3611.111111 10867 3621.884948 115.900318
27.002936 3611.111111 10715 3571.021826 114.272698
27.001998 3611.111111 10813 3604.234833 115.335515
27.002754 3611.111111 10767 3588.695945 114.838270
27.002596 3611.111111 10848 3615.590145 115.698885
27.003066 3611.111111 11101 3699.373142 118.379941
27.002416 3611.111111 10913 3637.351772 116.395257
27.002135 3611.111111 10830 3609.853089 115.515299
27.002857 3611.111111 10770 3588.925305 114.845610
27.003826 3611.111111 10884 3627.285351 116.073131
27.003220 3611.111111 10910 3636.293719 116.361399
27.002819 3611.111111 10690 3563.309668 114.025909
27.003132 3611.111111 10913 3637.528495 116.400912
27.002646 3611.111111 10672 3556.807675 113.817846
27.002921 3611.111111 10625 3541.499583 113.327987
27.003808 3611.111111 10816 3605.208612 115.366676
27.004471 3611.111111 10830 3609.248295 115.495945
27.003992 3611.111111 10943 3647.421183 116.717478
27.004609 3611.111111 10818 3605.312301 115.369994
27.004277 3611.111111 10925 3641.642620 116.532564
27.004614 3611.111111 10827 3608.247620 115.463924
27.004766 3611.111111 10801 3599.994137 115.199812
27.002494 3611.111111 10909 3636.104585 116.355347
27.005285 3611.111111 10666 3555.059082 113.761891
27.003315 3611.111111 10960 3652.848049 116.891138
#type       avg     std     min     5th    10th    90th    95th    99th
read      861.9   270.3   106.7   539.4   575.5  1135.9  1355.2  1600.2
update    864.0   270.3   251.6   539.4   575.4  1142.1  1370.4  1603.0
op_q        4.6     2.3     1.0     1.1     2.0     7.4     9.1    11.5

Total QPS = 259933.7 (7798010 / 30.0s)

Misses = 0 (0.0%)
Skipped TXs = 0 (0.0%)

RX 1349933036 bytes :   42.9 MB/s
TX  863259500 bytes :   27.4 MB/s
