3.002264 937.500000 2818 938.624845 30.035995
3.000017 937.500000 2924 974.661262 31.189160
3.002216 937.500000 2796 931.312098 29.801987
3.002297 937.500000 2862 953.270016 30.504641
3.000307 937.500000 2823 940.903767 30.108921
3.004663 937.500000 2846 947.194461 30.310223
3.000782 937.500000 2711 903.431125 28.909796
3.002415 937.500000 2842 946.571191 30.290278
3.003701 937.500000 2768 921.529950 29.488958
3.000079 937.500000 2859 952.974993 30.495200
3.000388 937.500000 2769 922.880742 29.532184
3.002397 937.500000 2811 936.251935 29.960062
3.004692 937.500000 2774 923.222674 29.543126
3.000345 937.500000 2800 933.226136 29.863236
3.000270 937.500000 2747 915.584302 29.298698
3.000209 937.500000 2840 946.600707 30.291223
3.000454 937.500000 2728 909.195737 29.094264
3.002726 937.500000 2750 915.834600 29.306707
3.002158 937.500000 2761 919.671789 29.429497
3.002687 937.500000 2752 916.512571 29.328402
3.002005 937.500000 2794 930.711170 29.782757
3.003035 937.500000 2789 928.727067 29.719266
3.000037 937.500000 2797 932.321777 29.834297
3.001057 937.500000 2778 925.673801 29.621562
3.002140 937.500000 2758 918.678028 29.397697
3.001278 937.500000 2785 927.938124 29.694020
3.002409 937.500000 2887 961.561074 30.769954
3.000867 937.500000 2843 947.392741 30.316568
3.000714 937.500000 2740 913.115941 29.219710
3.003113 937.500000 2780 925.706035 29.622593
3.002418 937.500000 2849 948.901709 30.364855
3.001010 937.500000 2792 930.353513 29.771312
6.006327 937.500000 2825 939.690041 30.070081
6.001542 937.500000 2912 970.255173 31.048166
6.004042 937.500000 2840 945.795039 30.265441
6.001105 937.500000 2822 940.428382 30.093708
6.002880 937.500000 2831 943.439467 30.190063
6.000259 937.500000 2811 936.930580 29.981779
6.011238 937.500000 2795 928.329775 29.706553
6.000562 937.500000 2739 912.946883 29.214300
6.000984 937.500000 2712 903.939048 28.926050
6.000517 937.500000 2888 962.599113 30.803172
6.002967 937.500000 2860 953.244291 30.503817
6.000347 937.500000 2819 939.623545 30.067953
6.002918 937.500000 2673 890.845178 28.507046
6.003519 937.500000 2806 934.952677 29.918486
6.001625 937.500000 2820 939.762603 30.072403
6.000926 937.500000 2755 918.074190 29.378374
6.003794 937.500000 2804 934.637517 29.908401
6.002234 937.500000 2892 963.994144 30.847813
6.003558 937.500000 2810 936.262876 29.960412
6.006019 937.500000 2759 919.260146 29.416325
6.002943 937.500000 2774 924.504048 29.584130
6.002851 937.500000 2777 925.113559 29.603634
6.001931 937.500000 2791 929.956233 29.758599
6.002499 937.500000 2829 942.844796 30.171033
6.004611 937.500000 2856 951.301947 30.441662
6.004487 937.500000 2864 953.920261 30.525448
6.003783 937.500000 2795 931.338395 29.802829
6.004940 937.500000 2762 920.581603 29.458611
6.003610 937.500000 2791 930.155005 29.764960
6.007515 937.500000 2860 951.936637 30.461972
6.003249 937.500000 2863 954.069122 30.530212
6.001996 937.500000 2774 924.362896 29.579613
9.005120 937.500000 2887 961.849197 30.779174
9.000829 937.500000 2749 916.186156 29.317957
9.002151 937.500000 2865 954.480297 30.543370
9.000941 937.500000 2780 926.456214 29.646599
9.004493 937.500000 2858 951.592070 30.450946
9.002213 937.500000 2847 948.478216 30.351303
9.003727 937.500000 2804 933.986584 29.887571
9.001672 937.500000 2738 912.439586 29.198067
9.002474 937.500000 2833 944.257984 30.216255
9.006596 937.500000 2714 903.261967 28.904383
9.004098 937.500000 2811 936.028693 29.952918
9.003417 937.500000 2780 926.500833 29.648027
9.002838 937.500000 2714 904.564462 28.946063
9.003022 937.500000 2820 939.967421 30.078957
9.003859 937.500000 2819 939.642954 30.068575
9.006390 937.500000 2895 964.979828 30.879354
9.009845 937.500000 2812 935.181868 29.925820
9.007788 937.500000 2852 949.481221 30.383399
9.004248 937.500000 2955 984.760562 31.512338
9.006538 937.500000 2918 971.701647 31.094453
9.004204 937.500000 2752 916.919860 29.341436
9.007969 937.500000 2814 936.696410 29.974285
9.003238 937.500000 2674 891.252808 28.520090
9.006454 937.500000 2768 922.062305 29.505994
9.004725 937.500000 2817 938.964380 30.046860
9.006634 937.500000 2848 948.797441 30.361518
9.002400 937.500000 2781 926.760810 29.656346
9.006229 937.500000 2857 952.266735 30.472536
9.012574 937.500000 2870 956.240696 30.599702
9.009942 937.500000 2796 931.246473 29.799887
9.003504 937.500000 2693 897.590394 28.722893
9.003787 937.500000 2835 944.435975 30.221951
12.005202 937.500000 2806 934.654283 29.908937
12.004659 937.500000 2814 937.555966 30.001791
12.002822 937.500000 2923 974.115459 31.171695
12.003884 937.500000 2922 973.542442 31.153358
12.001238 937.500000 2817 938.871801 30.043898
12.001432 937.500000 2723 907.518094 29.040579
12.006942 937.500000 2814 937.158350 29.989067
12.007405 937.500000 2821 938.708613 30.038676
12.006920 937.500000 2804 934.577675 29.906486
12.003422 937.500000 2722 906.804267 29.017737
12.009423 937.500000 2721 905.280991 28.968992
12.005111 937.500000 2801 933.140027 29.860481
12.003009 937.500000 2723 907.614997 29.043680
12.004134 937.500000 2823 940.988636 30.111636
12.004534 937.500000 2734 911.320622 29.162260
12.004244 937.500000 2717 905.654576 28.980946
12.009178 937.500000 2972 989.814719 31.674071
12.005303 937.500000 2761 919.890534 29.436497
12.006844 937.500000 2784 927.809800 29.689914
12.003378 937.500000 2782 927.030969 29.664991
12.007595 937.500000 2838 945.620229 30.259847
12.010297 937.500000 2794 930.611083 29.779555
12.005415 937.500000 2765 921.576037 29.490433
12.007137 937.500000 2896 965.140409 30.884493
12.005082 937.500000 2732 910.558290 29.137865
12.007544 937.500000 2927 975.312081 31.209987
12.016582 937.500000 2811 935.749929 29.943998
12.008056 937.500000 2851 950.248419 30.407949
12.010233 937.500000 2806 935.212501 29.926800
12.010333 937.500000 2868 955.875610 30.588020
12.003734 937.500000 2816 938.594785 30.035033
12.004540 937.500000 2876 958.426202 30.669638
15.004332 937.500000 2837 945.380021 30.252161
15.002395 937.500000 2806 935.033353 29.921067
15.002568 937.500000 2760 919.592363 29.426956
15.005302 937.500000 2678 892.244875 28.551836
15.004695 937.500000 2730 909.862973 29.115615
15.005575 937.500000 2778 925.555313 29.617770
15.003752 937.500000 2825 941.374789 30.123993
15.010423 937.500000 2938 977.631875 31.284220
15.005349 937.500000 2931 976.922307 31.261514
15.003435 937.500000 2880 959.863692 30.715638
15.006793 937.500000 2786 927.967883 29.694972
15.008755 937.500000 2799 932.782577 29.849042
15.006152 937.500000 2863 953.858394 30.523469
15.013385 937.500000 2872 955.281941 30.569022
15.005501 937.500000 2903 967.602711 30.963287
15.003726 937.500000 2866 955.222516 30.567121
15.005540 937.500000 2813 937.627833 30.004091
15.007032 937.500000 2860 953.297786 30.505529
15.005082 937.500000 2905 968.333064 30.986658
15.008285 937.500000 2700 899.736135 28.791556
15.008454 937.500000 2699 899.271979 28.776703
15.009830 937.500000 2783 927.540921 29.681309
15.007203 937.500000 2948 982.549004 31.441568
15.007886 937.500000 2809 936.242484 29.959759
15.009221 937.500000 2832 943.472812 30.191130
15.011065 937.500000 2785 928.096007 29.699072
15.010365 937.500000 2757 918.959378 29.406700
15.009616 937.500000 2758 919.199126 29.414372
15.004387 937.500000 2811 936.796011 29.977472
15.011684 937.500000 2846 948.239401 30.343661
15.016762 937.500000 2792 930.610842 29.779547
15.004562 937.500000 2901 966.992868 30.943772
18.003194 937.500000 2835 944.802902 30.233693
18.004694 937.500000 2781 926.611070 29.651554
18.004778 937.500000 2817 938.678972 30.037727
18.006713 937.500000 2826 941.642772 30.132569
18.002540 937.500000 2813 937.621137 30.003876
18.005660 937.500000 2742 913.890864 29.244508
18.011615 937.500000 2738 912.499235 29.199976
18.004494 937.500000 2889 962.753489 30.808112
18.005493 937.500000 2683 894.290336 28.617291
18.004668 937.500000 2847 948.893668 30.364597
18.011599 937.500000 2843 946.226228 30.279239
18.007706 937.500000 2724 907.723942 29.047166
18.005314 937.500000 2953 984.130403 31.492173
18.006013 937.500000 2896 965.034032 30.881089
18.007702 937.500000 2793 930.317354 29.770155
18.008193 937.500000 2766 921.373415 29.483949
18.005720 937.500000 2840 946.609637 30.291508
18.008978 937.500000 2816 938.111513 30.019568
18.013174 937.500000 2831 942.131189 30.148198
18.010258 937.500000 2905 967.568214 30.962183
18.008928 937.500000 2817 938.851559 30.043250
18.011865 937.500000 2829 942.546847 30.161499
18.009512 937.500000 2796 931.909632 29.821108
18.011185 937.500000 2861 953.406149 30.508997
18.011404 937.500000 2833 943.838122 30.202820
18.011551 937.500000 2732 909.818918 29.114205
18.010626 937.500000 2779 926.021593 29.632691
18.013912 937.500000 2865 954.832238 30.554632
18.015094 937.500000 2783 926.613500 29.651632
18.005589 937.500000 2880 959.615571 30.707698
18.019391 937.500000 2793 930.184763 29.765912
18.006034 937.500000 2901 966.525669 30.928821
21.003392 937.500000 2761 920.071999 29.442304
21.003211 937.500000 2736 911.994880 29.183836
21.009885 937.500000 2754 916.658232 29.333063
21.006400 937.500000 2776 924.833341 29.594667
21.011597 937.500000 2765 921.540074 29.489282
21.006023 937.500000 2848 948.912918 30.365213
21.006074 937.500000 2859 952.887523 30.492401
21.005609 937.500000 2894 964.572001 30.866304
21.004925 937.500000 2841 946.918956 30.301407
21.006966 937.500000 2817 938.920988 30.045472
21.007981 937.500000 2816 938.579613 30.034548
21.008812 937.500000 2772 923.030041 29.536961
21.007754 937.500000 2924 974.651077 31.188834
21.006152 937.500000 2863 954.288945 30.537246
21.007636 937.500000 2751 916.040786 29.313305
21.009387 937.500000 2977 992.198045 31.750337
21.013236 937.500000 2884 961.313424 30.762030
21.008513 937.500000 2876 958.564289 30.674057
21.010120 937.500000 2700 899.642647 28.788565
21.011023 937.500000 2869 956.089658 30.594869
21.010032 937.500000 2828 942.503097 30.160099
21.011930 937.500000 2874 957.832115 30.650628
21.012986 937.500000 2946 981.546079 31.409475
21.011452 937.500000 2793 930.743727 29.783799
21.012488 937.500000 2837 945.470412 30.255053
21.011930 937.500000 2746 915.237154 29.287589
21.013058 937.500000 2779 925.868034 29.627777
21.014007 937.500000 2825 941.636677 30.132374
21.005830 937.500000 2746 915.259724 29.288311
21.015520 937.500000 2837 945.532519 30.257041
21.021266 937.500000 2890 962.731472 30.807407
21.007429 937.500000 2769 922.571137 29.522276
24.005261 937.500000 2829 942.413100 30.157219
24.003373 937.500000 2822 940.615672 30.099702
24.007170 937.500000 2787 928.936867 29.725980
24.007758 937.500000 2805 934.998707 29.919959
24.007906 937.500000 2900 965.927060 30.909666
24.014746 937.500000 2880 957.336771 30.634777
24.005649 937.500000 2919 972.765195 31.128486
24.006809 937.500000 2672 890.433622 28.493876
24.010393 937.500000 2795 930.327530 29.770481
24.008534 937.500000 2723 907.499432 29.039982
24.009475 937.500000 2737 912.131867 29.188220
24.006613 937.500000 2772 923.858117 29.563460
24.010504 937.500000 2921 973.465565 31.150898
24.012661 937.500000 2754 917.776485 29.368848
24.008666 937.500000 2743 914.286824 29.257178
24.010576 937.500000 2825 940.744738 30.103832
24.010163 937.500000 2825 941.423230 30.125543
24.010329 937.500000 2683 894.271119 28.616676
24.012323 937.500000 2817 938.772765 30.040728
24.017649 937.500000 2789 927.617815 29.683770
24.024066 937.500000 2828 938.277436 30.024878
24.012376 937.500000 2758 919.196567 29.414290
24.015140 937.500000 2712 903.201659 28.902453
24.014794 937.500000 2889 962.420026 30.797441
24.013357 937.500000 2821 940.295372 30.089452
24.015271 937.500000 2860 952.932085 30.493827
24.012292 937.500000 2915 971.394693 31.084630
24.014156 937.500000 2914 970.977932 31.071294
24.006206 937.500000 2866 955.213780 30.566841
24.022686 937.500000 2672 890.245300 28.487850
24.016110 937.500000 2808 935.815794 29.946105
24.007537 937.500000 2728 909.300547 29.097617
27.016828 937.500000 2857 950.922237 30.429512
27.004792 937.500000 2819 939.222646 30.055125
27.005433 937.500000 2845 948.278821 30.344922
27.006653 937.500000 2791 930.320981 29.770271
27.009359 937.500000 2821 939.831858 30.074619
27.007034 937.500000 2707 902.265535 28.872497
27.006160 937.500000 2816 938.506967 30.032223
27.009659 937.500000 2835 944.942157 30.238149
27.008496 937.500000 2928 975.568534 31.218193
27.008115 937.500000 2892 963.932589 30.845843
27.016262 937.500000 2818 938.101523 30.019249
27.009798 937.500000 2723 907.324106 29.034371
27.020821 937.500000 2700 898.337945 28.746814
27.014913 937.500000 2836 945.295762 30.249464
27.010341 937.500000 2865 954.996072 30.559874
27.008841 937.500000 2703 900.907722 28.829047
27.010922 937.500000 2790 929.870570 29.755858
27.010226 937.500000 2862 953.980112 30.527364
27.014841 937.500000 2765 920.997471 29.471919
27.014261 937.500000 2728 909.059505 29.089904
27.013529 937.500000 2869 955.334700 30.570710
27.014783 937.500000 2788 929.321678 29.738294
27.011671 937.500000 2774 924.329106 29.578531
27.015515 937.500000 2862 953.880867 30.524188
27.013312 937.500000 2841 946.678137 30.293700
27.015002 937.500000 2819 939.401987 30.060864
27.007279 937.500000 2689 896.012815 28.672410
27.018054 937.500000 2850 949.871708 30.395895
27.016806 937.500000 2765 921.453036 29.486497
27.024928 937.500000 2775 924.309200 29.577894
27.025104 937.500000 2710 903.021068 28.896674
27.007920 937.500000 2753 917.549545 29.361585
#type       avg     std     min     5th    10th    90th    95th    99th
read       84.4   299.1    45.3    62.0    64.9    98.4   107.1   136.2
update     88.2   309.9    49.8    65.0    67.9   103.2   112.5   140.2
op_q        1.1     0.4     1.0     1.0     1.0     1.1     2.0     2.1

Total QPS = 59891.1 (1796732 / 30.0s)

Misses = 0 (0.0%)
Skipped TXs = 0 (0.0%)

RX  308815824 bytes :    9.8 MB/s
TX  199304847 bytes :    6.3 MB/s
