Requests      [total, rate, throughput]         12, 10.90, 10.70
Duration      [total, attack, wait]             1.122s, 1.1s, 21.341ms
Latencies     [min, mean, 50, 90, 95, 99, max]  21.318ms, 21.559ms, 21.448ms, 22.027ms, 22.374ms, 22.431ms, 22.431ms
Bytes In      [total, mean]                     24, 2.00
Bytes Out     [total, mean]                     0, 0.00
Success       [ratio]                           100.00%
Status Codes  [code:count]                      200:12  
Error Set:
Requests      [total, rate, throughput]         22, 10.47, 10.37
Duration      [total, attack, wait]             2.122s, 2.1s, 21.28ms
Latencies     [min, mean, 50, 90, 95, 99, max]  21.261ms, 21.481ms, 21.422ms, 21.787ms, 22.085ms, 22.431ms, 22.431ms
Bytes In      [total, mean]                     44, 2.00
Bytes Out     [total, mean]                     0, 0.00
Success       [ratio]                           100.00%
Status Codes  [code:count]                      200:22  
Error Set:
Requests      [total, rate, throughput]         32, 10.32, 10.25
Duration      [total, attack, wait]             3.121s, 3.1s, 21.297ms
Latencies     [min, mean, 50, 90, 95, 99, max]  21.238ms, 21.441ms, 21.368ms, 21.609ms, 21.845ms, 22.431ms, 22.431ms
Bytes In      [total, mean]                     64, 2.00
Bytes Out     [total, mean]                     0, 0.00
Success       [ratio]                           100.00%
Status Codes  [code:count]                      200:32  
Error Set:
Requests      [total, rate, throughput]         42, 10.24, 10.19
Duration      [total, attack, wait]             4.122s, 4.101s, 21.263ms
Latencies     [min, mean, 50, 90, 95, 99, max]  21.238ms, 21.425ms, 21.366ms, 21.538ms, 21.797ms, 22.431ms, 22.431ms
Bytes In      [total, mean]                     84, 2.00
Bytes Out     [total, mean]                     0, 0.00
Success       [ratio]                           100.00%
Status Codes  [code:count]                      200:42  
Error Set:
Requests      [total, rate, throughput]         52, 10.20, 10.15
Duration      [total, attack, wait]             5.121s, 5.1s, 21.336ms
Latencies     [min, mean, 50, 90, 95, 99, max]  21.238ms, 21.412ms, 21.356ms, 21.53ms, 21.737ms, 22.42ms, 22.431ms
Bytes In      [total, mean]                     104, 2.00
Bytes Out     [total, mean]                     0, 0.00
Success       [ratio]                           100.00%
Status Codes  [code:count]                      200:52  
Error Set:
Requests      [total, rate, throughput]         62, 10.16, 10.13
Duration      [total, attack, wait]             6.122s, 6.1s, 21.163ms
Latencies     [min, mean, 50, 90, 95, 99, max]  21.163ms, 21.398ms, 21.349ms, 21.518ms, 21.63ms, 22.362ms, 22.431ms
Bytes In      [total, mean]                     124, 2.00
Bytes Out     [total, mean]                     0, 0.00
Success       [ratio]                           100.00%
Status Codes  [code:count]                      200:62  
Error Set:
Requests      [total, rate, throughput]         72, 10.14, 10.11
Duration      [total, attack, wait]             7.122s, 7.1s, 21.366ms
Latencies     [min, mean, 50, 90, 95, 99, max]  21.163ms, 21.389ms, 21.349ms, 21.511ms, 21.543ms, 22.304ms, 22.431ms
Bytes In      [total, mean]                     144, 2.00
Bytes Out     [total, mean]                     0, 0.00
Success       [ratio]                           100.00%
Status Codes  [code:count]                      200:72  
Error Set:
Requests      [total, rate, throughput]         82, 10.12, 10.10
Duration      [total, attack, wait]             8.122s, 8.1s, 21.318ms
Latencies     [min, mean, 50, 90, 95, 99, max]  21.163ms, 21.391ms, 21.367ms, 21.511ms, 21.539ms, 22.247ms, 22.431ms
Bytes In      [total, mean]                     164, 2.00
Bytes Out     [total, mean]                     0, 0.00
Success       [ratio]                           100.00%
Status Codes  [code:count]                      200:82  
Error Set:
Requests      [total, rate, throughput]         92, 10.11, 10.09
Duration      [total, attack, wait]             9.122s, 9.1s, 21.415ms
Latencies     [min, mean, 50, 90, 95, 99, max]  21.163ms, 21.394ms, 21.38ms, 21.514ms, 21.543ms, 22.189ms, 22.431ms
Bytes In      [total, mean]                     184, 2.00
Bytes Out     [total, mean]                     0, 0.00
Success       [ratio]                           100.00%
Status Codes  [code:count]                      200:92  
Error Set:
Requests      [total, rate, throughput]         102, 10.10, 10.08
Duration      [total, attack, wait]             10.121s, 10.1s, 21.286ms
Latencies     [min, mean, 50, 90, 95, 99, max]  21.163ms, 21.392ms, 21.38ms, 21.511ms, 21.539ms, 22.131ms, 22.431ms
Bytes In      [total, mean]                     204, 2.00
Bytes Out     [total, mean]                     0, 0.00
Success       [ratio]                           100.00%
Status Codes  [code:count]                      200:102  
Error Set:
Requests      [total, rate, throughput]         112, 10.09, 10.07
Duration      [total, attack, wait]             11.122s, 11.1s, 21.387ms
Latencies     [min, mean, 50, 90, 95, 99, max]  21.163ms, 21.412ms, 21.382ms, 21.514ms, 21.552ms, 22.989ms, 23.898ms
Bytes In      [total, mean]                     224, 2.00
Bytes Out     [total, mean]                     0, 0.00
Success       [ratio]                           100.00%
Status Codes  [code:count]                      200:112  
Error Set:
Requests      [total, rate, throughput]         122, 10.08, 10.06
Duration      [total, attack, wait]             12.121s, 12.1s, 21.175ms
Latencies     [min, mean, 50, 90, 95, 99, max]  21.163ms, 21.403ms, 21.369ms, 21.511ms, 21.548ms, 22.842ms, 23.898ms
Bytes In      [total, mean]                     244, 2.00
Bytes Out     [total, mean]                     0, 0.00
Success       [ratio]                           100.00%
Status Codes  [code:count]                      200:122  
Error Set:
Requests      [total, rate, throughput]         132, 10.08, 10.06
Duration      [total, attack, wait]             13.122s, 13.1s, 21.328ms
Latencies     [min, mean, 50, 90, 95, 99, max]  21.143ms, 21.399ms, 21.371ms, 21.511ms, 21.552ms, 22.695ms, 23.898ms
Bytes In      [total, mean]                     264, 2.00
Bytes Out     [total, mean]                     0, 0.00
Success       [ratio]                           100.00%
Status Codes  [code:count]                      200:132  
Error Set:
Requests      [total, rate, throughput]         142, 10.07, 10.06
Duration      [total, attack, wait]             14.122s, 14.1s, 21.444ms
Latencies     [min, mean, 50, 90, 95, 99, max]  21.143ms, 21.398ms, 21.371ms, 21.514ms, 21.559ms, 22.549ms, 23.898ms
Bytes In      [total, mean]                     284, 2.00
Bytes Out     [total, mean]                     0, 0.00
Success       [ratio]                           100.00%
Status Codes  [code:count]                      200:142  
Error Set:
Requests      [total, rate, throughput]         152, 10.07, 10.05
Duration      [total, attack, wait]             15.122s, 15.1s, 21.226ms
Latencies     [min, mean, 50, 90, 95, 99, max]  21.143ms, 21.392ms, 21.366ms, 21.511ms, 21.554ms, 22.42ms, 23.898ms
Bytes In      [total, mean]                     304, 2.00
Bytes Out     [total, mean]                     0, 0.00
Success       [ratio]                           100.00%
Status Codes  [code:count]                      200:152  
Error Set:
Requests      [total, rate, throughput]         162, 10.06, 10.05
Duration      [total, attack, wait]             16.122s, 16.101s, 21.324ms
Latencies     [min, mean, 50, 90, 95, 99, max]  21.143ms, 21.389ms, 21.366ms, 21.507ms, 21.553ms, 22.362ms, 23.898ms
Bytes In      [total, mean]                     324, 2.00
Bytes Out     [total, mean]                     0, 0.00
Success       [ratio]                           100.00%
Status Codes  [code:count]                      200:162  
Error Set:
Requests      [total, rate, throughput]         172, 10.06, 10.05
Duration      [total, attack, wait]             17.122s, 17.101s, 21.463ms
Latencies     [min, mean, 50, 90, 95, 99, max]  21.123ms, 21.384ms, 21.362ms, 21.495ms, 21.552ms, 22.304ms, 23.898ms
Bytes In      [total, mean]                     344, 2.00
Bytes Out     [total, mean]                     0, 0.00
Success       [ratio]                           100.00%
Status Codes  [code:count]                      200:172  
Error Set:
Requests      [total, rate, throughput]         182, 10.06, 10.04
Duration      [total, attack, wait]             18.121s, 18.1s, 21.43ms
Latencies     [min, mean, 50, 90, 95, 99, max]  21.123ms, 21.382ms, 21.361ms, 21.488ms, 21.548ms, 22.247ms, 23.898ms
Bytes In      [total, mean]                     364, 2.00
Bytes Out     [total, mean]                     0, 0.00
Success       [ratio]                           100.00%
Status Codes  [code:count]                      200:182  
Error Set:
Requests      [total, rate, throughput]         192, 10.05, 10.04
Duration      [total, attack, wait]             19.121s, 19.1s, 21.31ms
Latencies     [min, mean, 50, 90, 95, 99, max]  21.123ms, 21.379ms, 21.352ms, 21.487ms, 21.543ms, 22.189ms, 23.898ms
Bytes In      [total, mean]                     384, 2.00
Bytes Out     [total, mean]                     0, 0.00
Success       [ratio]                           100.00%
Status Codes  [code:count]                      200:192  
Error Set:
Requests      [total, rate, throughput]         202, 10.05, 10.04
Duration      [total, attack, wait]             20.122s, 20.1s, 21.316ms
Latencies     [min, mean, 50, 90, 95, 99, max]  21.123ms, 21.373ms, 21.343ms, 21.482ms, 21.539ms, 22.131ms, 23.898ms
Bytes In      [total, mean]                     404, 2.00
Bytes Out     [total, mean]                     0, 0.00
Success       [ratio]                           100.00%
Status Codes  [code:count]                      200:202  
Error Set:
Requests      [total, rate, throughput]         212, 10.05, 10.04
Duration      [total, attack, wait]             21.121s, 21.1s, 21.357ms
Latencies     [min, mean, 50, 90, 95, 99, max]  21.123ms, 21.373ms, 21.346ms, 21.486ms, 21.543ms, 22.074ms, 23.898ms
Bytes In      [total, mean]                     424, 2.00
Bytes Out     [total, mean]                     0, 0.00
Success       [ratio]                           100.00%
Status Codes  [code:count]                      200:212  
Error Set:
Requests      [total, rate, throughput]         222, 10.04, 10.04
Duration      [total, attack, wait]             22.122s, 22.101s, 21.269ms
Latencies     [min, mean, 50, 90, 95, 99, max]  21.123ms, 21.371ms, 21.343ms, 21.486ms, 21.539ms, 22.016ms, 23.898ms
Bytes In      [total, mean]                     444, 2.00
Bytes Out     [total, mean]                     0, 0.00
Success       [ratio]                           100.00%
Status Codes  [code:count]                      200:222  
Error Set:
Requests      [total, rate, throughput]         232, 10.04, 10.03
Duration      [total, attack, wait]             23.122s, 23.1s, 21.188ms
Latencies     [min, mean, 50, 90, 95, 99, max]  21.123ms, 21.367ms, 21.339ms, 21.483ms, 21.535ms, 21.958ms, 23.898ms
Bytes In      [total, mean]                     464, 2.00
Bytes Out     [total, mean]                     0, 0.00
Success       [ratio]                           100.00%
Status Codes  [code:count]                      200:232  
Error Set:
Requests      [total, rate, throughput]         242, 10.04, 10.03
Duration      [total, attack, wait]             24.121s, 24.1s, 21.249ms
Latencies     [min, mean, 50, 90, 95, 99, max]  21.123ms, 21.364ms, 21.337ms, 21.479ms, 21.533ms, 21.9ms, 23.898ms
Bytes In      [total, mean]                     484, 2.00
Bytes Out     [total, mean]                     0, 0.00
Success       [ratio]                           100.00%
Status Codes  [code:count]                      200:242  
Error Set:
Requests      [total, rate, throughput]         252, 10.04, 10.03
Duration      [total, attack, wait]             25.121s, 25.1s, 21.245ms
Latencies     [min, mean, 50, 90, 95, 99, max]  21.123ms, 21.362ms, 21.335ms, 21.475ms, 21.531ms, 21.852ms, 23.898ms
Bytes In      [total, mean]                     504, 2.00
Bytes Out     [total, mean]                     0, 0.00
Success       [ratio]                           100.00%
Status Codes  [code:count]                      200:252  
Error Set:
Requests      [total, rate, throughput]         262, 10.04, 10.03
Duration      [total, attack, wait]             26.121s, 26.1s, 21.136ms
Latencies     [min, mean, 50, 90, 95, 99, max]  21.123ms, 21.359ms, 21.334ms, 21.474ms, 21.529ms, 21.843ms, 23.898ms
Bytes In      [total, mean]                     524, 2.00
Bytes Out     [total, mean]                     0, 0.00
Success       [ratio]                           100.00%
Status Codes  [code:count]                      200:262  
Error Set:
Requests      [total, rate, throughput]         272, 10.04, 10.03
Duration      [total, attack, wait]             27.121s, 27.1s, 21.296ms
Latencies     [min, mean, 50, 90, 95, 99, max]  21.123ms, 21.358ms, 21.334ms, 21.472ms, 21.527ms, 21.833ms, 23.898ms
Bytes In      [total, mean]                     544, 2.00
Bytes Out     [total, mean]                     0, 0.00
Success       [ratio]                           100.00%
Status Codes  [code:count]                      200:272  
Error Set:
Requests      [total, rate, throughput]         282, 10.04, 10.03
Duration      [total, attack, wait]             28.121s, 28.1s, 21.341ms
Latencies     [min, mean, 50, 90, 95, 99, max]  21.123ms, 21.357ms, 21.333ms, 21.469ms, 21.525ms, 21.824ms, 23.898ms
Bytes In      [total, mean]                     564, 2.00
Bytes Out     [total, mean]                     0, 0.00
Success       [ratio]                           100.00%
Status Codes  [code:count]                      200:282  
Error Set:
Requests      [total, rate, throughput]         292, 10.03, 10.03
Duration      [total, attack, wait]             29.121s, 29.1s, 21.305ms
Latencies     [min, mean, 50, 90, 95, 99, max]  21.123ms, 21.364ms, 21.334ms, 21.474ms, 21.531ms, 22.189ms, 23.898ms
Bytes In      [total, mean]                     584, 2.00
Bytes Out     [total, mean]                     0, 0.00
Success       [ratio]                           100.00%
Status Codes  [code:count]                      200:292  
Error Set:
Requests      [total, rate, throughput]         302, 10.03, 10.03
Duration      [total, attack, wait]             30.122s, 30.1s, 21.455ms
Latencies     [min, mean, 50, 90, 95, 99, max]  21.123ms, 21.363ms, 21.334ms, 21.474ms, 21.529ms, 22.131ms, 23.898ms
Bytes In      [total, mean]                     604, 2.00
Bytes Out     [total, mean]                     0, 0.00
Success       [ratio]                           100.00%
Status Codes  [code:count]                      200:302  
Error Set:
Requests      [total, rate, throughput]         312, 10.03, 10.03
Duration      [total, attack, wait]             31.121s, 31.1s, 21.488ms
Latencies     [min, mean, 50, 90, 95, 99, max]  21.123ms, 21.363ms, 21.336ms, 21.474ms, 21.526ms, 22.074ms, 23.898ms
Bytes In      [total, mean]                     624, 2.00
Bytes Out     [total, mean]                     0, 0.00
Success       [ratio]                           100.00%
Status Codes  [code:count]                      200:312  
Error Set:
Requests      [total, rate, throughput]         322, 10.03, 10.02
Duration      [total, attack, wait]             32.121s, 32.1s, 21.346ms
Latencies     [min, mean, 50, 90, 95, 99, max]  21.123ms, 21.364ms, 21.338ms, 21.475ms, 21.529ms, 22.016ms, 23.898ms
Bytes In      [total, mean]                     644, 2.00
Bytes Out     [total, mean]                     0, 0.00
Success       [ratio]                           100.00%
Status Codes  [code:count]                      200:322  
Error Set:
Requests      [total, rate, throughput]         332, 10.03, 10.02
Duration      [total, attack, wait]             33.122s, 33.1s, 21.334ms
Latencies     [min, mean, 50, 90, 95, 99, max]  21.123ms, 21.364ms, 21.337ms, 21.475ms, 21.531ms, 21.958ms, 23.898ms
Bytes In      [total, mean]                     664, 2.00
Bytes Out     [total, mean]                     0, 0.00
Success       [ratio]                           100.00%
Status Codes  [code:count]                      200:332  
Error Set:
Requests      [total, rate, throughput]         342, 10.03, 10.02
Duration      [total, attack, wait]             34.121s, 34.1s, 21.296ms
Latencies     [min, mean, 50, 90, 95, 99, max]  21.123ms, 21.364ms, 21.337ms, 21.475ms, 21.532ms, 21.9ms, 23.898ms
Bytes In      [total, mean]                     684, 2.00
Bytes Out     [total, mean]                     0, 0.00
Success       [ratio]                           100.00%
Status Codes  [code:count]                      200:342  
Error Set:
Requests      [total, rate, throughput]         352, 10.03, 10.02
Duration      [total, attack, wait]             35.122s, 35.1s, 21.505ms
Latencies     [min, mean, 50, 90, 95, 99, max]  21.123ms, 21.363ms, 21.337ms, 21.475ms, 21.531ms, 21.852ms, 23.898ms
Bytes In      [total, mean]                     704, 2.00
Bytes Out     [total, mean]                     0, 0.00
Success       [ratio]                           100.00%
Status Codes  [code:count]                      200:352  
Error Set:
Requests      [total, rate, throughput]         362, 10.03, 10.02
Duration      [total, attack, wait]             36.122s, 36.101s, 21.18ms
Latencies     [min, mean, 50, 90, 95, 99, max]  21.123ms, 21.363ms, 21.337ms, 21.475ms, 21.529ms, 21.843ms, 23.898ms
Bytes In      [total, mean]                     724, 2.00
Bytes Out     [total, mean]                     0, 0.00
Success       [ratio]                           100.00%
Status Codes  [code:count]                      200:362  
Error Set:
Requests      [total, rate, throughput]         372, 10.03, 10.02
Duration      [total, attack, wait]             37.121s, 37.1s, 21.372ms
Latencies     [min, mean, 50, 90, 95, 99, max]  21.123ms, 21.362ms, 21.336ms, 21.475ms, 21.531ms, 21.833ms, 23.898ms
Bytes In      [total, mean]                     744, 2.00
Bytes Out     [total, mean]                     0, 0.00
Success       [ratio]                           100.00%
Status Codes  [code:count]                      200:372  
Error Set:
Requests      [total, rate, throughput]         382, 10.03, 10.02
Duration      [total, attack, wait]             38.121s, 38.1s, 21.288ms
Latencies     [min, mean, 50, 90, 95, 99, max]  21.123ms, 21.361ms, 21.336ms, 21.475ms, 21.529ms, 21.824ms, 23.898ms
Bytes In      [total, mean]                     764, 2.00
Bytes Out     [total, mean]                     0, 0.00
Success       [ratio]                           100.00%
Status Codes  [code:count]                      200:382  
Error Set:
Requests      [total, rate, throughput]         392, 10.03, 10.02
Duration      [total, attack, wait]             39.121s, 39.1s, 21.425ms
Latencies     [min, mean, 50, 90, 95, 99, max]  21.123ms, 21.362ms, 21.337ms, 21.476ms, 21.526ms, 21.814ms, 23.898ms
Bytes In      [total, mean]                     784, 2.00
Bytes Out     [total, mean]                     0, 0.00
Success       [ratio]                           100.00%
Status Codes  [code:count]                      200:392  
Error Set:
Requests      [total, rate, throughput]         402, 10.02, 10.02
Duration      [total, attack, wait]             40.121s, 40.1s, 21.347ms
Latencies     [min, mean, 50, 90, 95, 99, max]  21.123ms, 21.362ms, 21.338ms, 21.476ms, 21.529ms, 21.805ms, 23.898ms
Bytes In      [total, mean]                     804, 2.00
Bytes Out     [total, mean]                     0, 0.00
Success       [ratio]                           100.00%
Status Codes  [code:count]                      200:402  
Error Set:
Requests      [total, rate, throughput]         412, 10.02, 10.02
Duration      [total, attack, wait]             41.122s, 41.101s, 21.293ms
Latencies     [min, mean, 50, 90, 95, 99, max]  21.123ms, 21.361ms, 21.337ms, 21.476ms, 21.528ms, 21.795ms, 23.898ms
Bytes In      [total, mean]                     824, 2.00
Bytes Out     [total, mean]                     0, 0.00
Success       [ratio]                           100.00%
Status Codes  [code:count]                      200:412  
Error Set:
Requests      [total, rate, throughput]         422, 10.02, 10.02
Duration      [total, attack, wait]             42.122s, 42.1s, 21.339ms
Latencies     [min, mean, 50, 90, 95, 99, max]  21.123ms, 21.362ms, 21.337ms, 21.477ms, 21.528ms, 21.786ms, 23.898ms
Bytes In      [total, mean]                     844, 2.00
Bytes Out     [total, mean]                     0, 0.00
Success       [ratio]                           100.00%
Status Codes  [code:count]                      200:422  
Error Set:
Requests      [total, rate, throughput]         432, 10.02, 10.02
Duration      [total, attack, wait]             43.122s, 43.1s, 21.284ms
Latencies     [min, mean, 50, 90, 95, 99, max]  21.123ms, 21.361ms, 21.337ms, 21.475ms, 21.527ms, 21.776ms, 23.898ms
Bytes In      [total, mean]                     864, 2.00
Bytes Out     [total, mean]                     0, 0.00
Success       [ratio]                           100.00%
Status Codes  [code:count]                      200:432  
Error Set:
Requests      [total, rate, throughput]         442, 10.02, 10.02
Duration      [total, attack, wait]             44.122s, 44.1s, 21.244ms
Latencies     [min, mean, 50, 90, 95, 99, max]  21.123ms, 21.36ms, 21.337ms, 21.474ms, 21.526ms, 21.767ms, 23.898ms
Bytes In      [total, mean]                     884, 2.00
Bytes Out     [total, mean]                     0, 0.00
Success       [ratio]                           100.00%
Status Codes  [code:count]                      200:442  
Error Set:
Requests      [total, rate, throughput]         452, 10.02, 10.02
Duration      [total, attack, wait]             45.122s, 45.1s, 21.479ms
Latencies     [min, mean, 50, 90, 95, 99, max]  21.123ms, 21.359ms, 21.336ms, 21.474ms, 21.525ms, 21.757ms, 23.898ms
Bytes In      [total, mean]                     904, 2.00
Bytes Out     [total, mean]                     0, 0.00
Success       [ratio]                           100.00%
Status Codes  [code:count]                      200:452  
Error Set:
Requests      [total, rate, throughput]         462, 10.02, 10.02
Duration      [total, attack, wait]             46.122s, 46.1s, 21.451ms
Latencies     [min, mean, 50, 90, 95, 99, max]  21.123ms, 21.361ms, 21.337ms, 21.476ms, 21.528ms, 21.843ms, 23.898ms
Bytes In      [total, mean]                     924, 2.00
Bytes Out     [total, mean]                     0, 0.00
Success       [ratio]                           100.00%
Status Codes  [code:count]                      200:462  
Error Set:
Requests      [total, rate, throughput]         472, 10.02, 10.02
Duration      [total, attack, wait]             47.122s, 47.1s, 21.209ms
Latencies     [min, mean, 50, 90, 95, 99, max]  21.123ms, 21.361ms, 21.337ms, 21.477ms, 21.529ms, 21.833ms, 23.898ms
Bytes In      [total, mean]                     944, 2.00
Bytes Out     [total, mean]                     0, 0.00
Success       [ratio]                           100.00%
Status Codes  [code:count]                      200:472  
Error Set:
Requests      [total, rate, throughput]         482, 10.02, 10.02
Duration      [total, attack, wait]             48.122s, 48.1s, 21.411ms
Latencies     [min, mean, 50, 90, 95, 99, max]  21.123ms, 21.361ms, 21.337ms, 21.477ms, 21.528ms, 21.824ms, 23.898ms
Bytes In      [total, mean]                     964, 2.00
Bytes Out     [total, mean]                     0, 0.00
Success       [ratio]                           100.00%
Status Codes  [code:count]                      200:482  
Error Set:
Requests      [total, rate, throughput]         492, 10.02, 10.02
Duration      [total, attack, wait]             49.121s, 49.1s, 21.305ms
Latencies     [min, mean, 50, 90, 95, 99, max]  21.123ms, 21.361ms, 21.337ms, 21.477ms, 21.529ms, 21.814ms, 23.898ms
Bytes In      [total, mean]                     984, 2.00
Bytes Out     [total, mean]                     0, 0.00
Success       [ratio]                           100.00%
Status Codes  [code:count]                      200:492  
Error Set:
Requests      [total, rate, throughput]         502, 10.02, 10.02
Duration      [total, attack, wait]             50.121s, 50.1s, 21.216ms
Latencies     [min, mean, 50, 90, 95, 99, max]  21.123ms, 21.36ms, 21.337ms, 21.475ms, 21.528ms, 21.805ms, 23.898ms
Bytes In      [total, mean]                     1004, 2.00
Bytes Out     [total, mean]                     0, 0.00
Success       [ratio]                           100.00%
Status Codes  [code:count]                      200:502  
Error Set:
Requests      [total, rate, throughput]         512, 10.02, 10.02
Duration      [total, attack, wait]             51.121s, 51.1s, 21.321ms
Latencies     [min, mean, 50, 90, 95, 99, max]  21.123ms, 21.359ms, 21.337ms, 21.474ms, 21.527ms, 21.795ms, 23.898ms
Bytes In      [total, mean]                     1024, 2.00
Bytes Out     [total, mean]                     0, 0.00
Success       [ratio]                           100.00%
Status Codes  [code:count]                      200:512  
Error Set:
Requests      [total, rate, throughput]         522, 10.02, 10.02
Duration      [total, attack, wait]             52.122s, 52.1s, 21.368ms
Latencies     [min, mean, 50, 90, 95, 99, max]  21.123ms, 21.359ms, 21.337ms, 21.473ms, 21.526ms, 21.786ms, 23.898ms
Bytes In      [total, mean]                     1044, 2.00
Bytes Out     [total, mean]                     0, 0.00
Success       [ratio]                           100.00%
Status Codes  [code:count]                      200:522  
Error Set:
Requests      [total, rate, throughput]         532, 10.02, 10.01
Duration      [total, attack, wait]             53.121s, 53.1s, 21.52ms
Latencies     [min, mean, 50, 90, 95, 99, max]  21.123ms, 21.359ms, 21.338ms, 21.473ms, 21.524ms, 21.776ms, 23.898ms
Bytes In      [total, mean]                     1064, 2.00
Bytes Out     [total, mean]                     0, 0.00
Success       [ratio]                           100.00%
Status Codes  [code:count]                      200:532  
Error Set:
Requests      [total, rate, throughput]         542, 10.02, 10.01
Duration      [total, attack, wait]             54.122s, 54.101s, 21.235ms
Latencies     [min, mean, 50, 90, 95, 99, max]  21.123ms, 21.359ms, 21.338ms, 21.472ms, 21.523ms, 21.767ms, 23.898ms
Bytes In      [total, mean]                     1084, 2.00
Bytes Out     [total, mean]                     0, 0.00
Success       [ratio]                           100.00%
Status Codes  [code:count]                      200:542  
Error Set:
Requests      [total, rate, throughput]         552, 10.02, 10.01
Duration      [total, attack, wait]             55.121s, 55.1s, 21.17ms
Latencies     [min, mean, 50, 90, 95, 99, max]  21.123ms, 21.358ms, 21.338ms, 21.473ms, 21.522ms, 21.757ms, 23.898ms
Bytes In      [total, mean]                     1104, 2.00
Bytes Out     [total, mean]                     0, 0.00
Success       [ratio]                           100.00%
Status Codes  [code:count]                      200:552  
Error Set:
Requests      [total, rate, throughput]         562, 10.02, 10.01
Duration      [total, attack, wait]             56.121s, 56.1s, 21.159ms
Latencies     [min, mean, 50, 90, 95, 99, max]  21.123ms, 21.358ms, 21.338ms, 21.473ms, 21.521ms, 21.748ms, 23.898ms
Bytes In      [total, mean]                     1124, 2.00
Bytes Out     [total, mean]                     0, 0.00
Success       [ratio]                           100.00%
Status Codes  [code:count]                      200:562  
Error Set:
Requests      [total, rate, throughput]         572, 10.02, 10.01
Duration      [total, attack, wait]             57.122s, 57.1s, 21.469ms
Latencies     [min, mean, 50, 90, 95, 99, max]  21.123ms, 21.357ms, 21.337ms, 21.472ms, 21.52ms, 21.739ms, 23.898ms
Bytes In      [total, mean]                     1144, 2.00
Bytes Out     [total, mean]                     0, 0.00
Success       [ratio]                           100.00%
Status Codes  [code:count]                      200:572  
Error Set:
Requests      [total, rate, throughput]         582, 10.02, 10.01
Duration      [total, attack, wait]             58.121s, 58.1s, 21.115ms
Latencies     [min, mean, 50, 90, 95, 99, max]  21.115ms, 21.357ms, 21.337ms, 21.473ms, 21.52ms, 21.73ms, 23.898ms
Bytes In      [total, mean]                     1164, 2.00
Bytes Out     [total, mean]                     0, 0.00
Success       [ratio]                           100.00%
Status Codes  [code:count]                      200:582  
Error Set:
Requests      [total, rate, throughput]         592, 10.02, 10.01
Duration      [total, attack, wait]             59.122s, 59.1s, 21.503ms
Latencies     [min, mean, 50, 90, 95, 99, max]  21.115ms, 21.358ms, 21.338ms, 21.475ms, 21.52ms, 21.728ms, 23.898ms
Bytes In      [total, mean]                     1184, 2.00
Bytes Out     [total, mean]                     0, 0.00
Success       [ratio]                           100.00%
Status Codes  [code:count]                      200:592  
Error Set:
Requests      [total, rate, throughput]         600, 10.02, 10.01
Duration      [total, attack, wait]             59.922s, 59.901s, 21.28ms
Latencies     [min, mean, 50, 90, 95, 99, max]  21.115ms, 21.358ms, 21.338ms, 21.474ms, 21.52ms, 21.722ms, 23.898ms
Bytes In      [total, mean]                     1200, 2.00
Bytes Out     [total, mean]                     0, 0.00
Success       [ratio]                           100.00%
Status Codes  [code:count]                      200:600  
Error Set:
