Requests      [total, rate, throughput]         12, 10.91, 10.70
Duration      [total, attack, wait]             1.122s, 1.1s, 21.284ms
Latencies     [min, mean, 50, 90, 95, 99, max]  21.284ms, 21.454ms, 21.426ms, 21.668ms, 21.821ms, 21.847ms, 21.847ms
Bytes In      [total, mean]                     24, 2.00
Bytes Out     [total, mean]                     0, 0.00
Success       [ratio]                           100.00%
Status Codes  [code:count]                      200:12  
Error Set:
Requests      [total, rate, throughput]         22, 10.47, 10.37
Duration      [total, attack, wait]             2.122s, 2.101s, 21.484ms
Latencies     [min, mean, 50, 90, 95, 99, max]  21.284ms, 21.444ms, 21.409ms, 21.598ms, 21.706ms, 21.847ms, 21.847ms
Bytes In      [total, mean]                     44, 2.00
Bytes Out     [total, mean]                     0, 0.00
Success       [ratio]                           100.00%
Status Codes  [code:count]                      200:22  
Error Set:
Requests      [total, rate, throughput]         32, 10.32, 10.25
Duration      [total, attack, wait]             3.122s, 3.101s, 21.255ms
Latencies     [min, mean, 50, 90, 95, 99, max]  21.255ms, 21.431ms, 21.397ms, 21.573ms, 21.61ms, 21.847ms, 21.847ms
Bytes In      [total, mean]                     64, 2.00
Bytes Out     [total, mean]                     0, 0.00
Success       [ratio]                           100.00%
Status Codes  [code:count]                      200:32  
Error Set:
Requests      [total, rate, throughput]         42, 10.24, 10.19
Duration      [total, attack, wait]             4.122s, 4.1s, 21.355ms
Latencies     [min, mean, 50, 90, 95, 99, max]  21.255ms, 21.424ms, 21.394ms, 21.544ms, 21.6ms, 21.847ms, 21.847ms
Bytes In      [total, mean]                     84, 2.00
Bytes Out     [total, mean]                     0, 0.00
Success       [ratio]                           100.00%
Status Codes  [code:count]                      200:42  
Error Set:
Requests      [total, rate, throughput]         52, 10.20, 10.15
Duration      [total, attack, wait]             5.121s, 5.1s, 21.435ms
Latencies     [min, mean, 50, 90, 95, 99, max]  21.255ms, 21.42ms, 21.394ms, 21.531ms, 21.589ms, 21.842ms, 21.847ms
Bytes In      [total, mean]                     104, 2.00
Bytes Out     [total, mean]                     0, 0.00
Success       [ratio]                           100.00%
Status Codes  [code:count]                      200:52  
Error Set:
Requests      [total, rate, throughput]         62, 10.16, 10.13
Duration      [total, attack, wait]             6.121s, 6.1s, 21.349ms
Latencies     [min, mean, 50, 90, 95, 99, max]  21.178ms, 21.409ms, 21.391ms, 21.528ms, 21.576ms, 21.819ms, 21.847ms
Bytes In      [total, mean]                     124, 2.00
Bytes Out     [total, mean]                     0, 0.00
Success       [ratio]                           100.00%
Status Codes  [code:count]                      200:62  
Error Set:
Requests      [total, rate, throughput]         72, 10.14, 10.11
Duration      [total, attack, wait]             7.122s, 7.101s, 21.207ms
Latencies     [min, mean, 50, 90, 95, 99, max]  21.178ms, 21.4ms, 21.386ms, 21.528ms, 21.589ms, 21.797ms, 21.847ms
Bytes In      [total, mean]                     144, 2.00
Bytes Out     [total, mean]                     0, 0.00
Success       [ratio]                           100.00%
Status Codes  [code:count]                      200:72  
Error Set:
Requests      [total, rate, throughput]         82, 10.12, 10.10
Duration      [total, attack, wait]             8.121s, 8.1s, 21.346ms
Latencies     [min, mean, 50, 90, 95, 99, max]  21.178ms, 21.395ms, 21.382ms, 21.528ms, 21.576ms, 21.774ms, 21.847ms
Bytes In      [total, mean]                     164, 2.00
Bytes Out     [total, mean]                     0, 0.00
Success       [ratio]                           100.00%
Status Codes  [code:count]                      200:82  
Error Set:
Requests      [total, rate, throughput]         92, 10.11, 10.09
Duration      [total, attack, wait]             9.122s, 9.1s, 21.57ms
Latencies     [min, mean, 50, 90, 95, 99, max]  21.178ms, 21.403ms, 21.384ms, 21.547ms, 21.61ms, 21.802ms, 21.847ms
Bytes In      [total, mean]                     184, 2.00
Bytes Out     [total, mean]                     0, 0.00
Success       [ratio]                           100.00%
Status Codes  [code:count]                      200:92  
Error Set:
Requests      [total, rate, throughput]         102, 10.10, 10.08
Duration      [total, attack, wait]             10.122s, 10.1s, 21.425ms
Latencies     [min, mean, 50, 90, 95, 99, max]  21.178ms, 21.41ms, 21.389ms, 21.547ms, 21.614ms, 21.805ms, 21.847ms
Bytes In      [total, mean]                     204, 2.00
Bytes Out     [total, mean]                     0, 0.00
Success       [ratio]                           100.00%
Status Codes  [code:count]                      200:102  
Error Set:
Requests      [total, rate, throughput]         112, 10.09, 10.07
Duration      [total, attack, wait]             11.122s, 11.1s, 21.256ms
Latencies     [min, mean, 50, 90, 95, 99, max]  21.178ms, 21.411ms, 21.391ms, 21.554ms, 21.61ms, 21.797ms, 21.847ms
Bytes In      [total, mean]                     224, 2.00
Bytes Out     [total, mean]                     0, 0.00
Success       [ratio]                           100.00%
Status Codes  [code:count]                      200:112  
Error Set:
Requests      [total, rate, throughput]         122, 10.08, 10.06
Duration      [total, attack, wait]             12.121s, 12.1s, 21.329ms
Latencies     [min, mean, 50, 90, 95, 99, max]  21.178ms, 21.41ms, 21.39ms, 21.543ms, 21.6ms, 21.789ms, 21.847ms
Bytes In      [total, mean]                     244, 2.00
Bytes Out     [total, mean]                     0, 0.00
Success       [ratio]                           100.00%
Status Codes  [code:count]                      200:122  
Error Set:
Requests      [total, rate, throughput]         132, 10.08, 10.06
Duration      [total, attack, wait]             13.121s, 13.1s, 21.499ms
Latencies     [min, mean, 50, 90, 95, 99, max]  21.178ms, 21.428ms, 21.393ms, 21.554ms, 21.61ms, 22.169ms, 23.636ms
Bytes In      [total, mean]                     264, 2.00
Bytes Out     [total, mean]                     0, 0.00
Success       [ratio]                           100.00%
Status Codes  [code:count]                      200:132  
Error Set:
Requests      [total, rate, throughput]         142, 10.07, 10.06
Duration      [total, attack, wait]             14.122s, 14.1s, 21.301ms
Latencies     [min, mean, 50, 90, 95, 99, max]  21.158ms, 21.423ms, 21.39ms, 21.543ms, 21.6ms, 21.99ms, 23.636ms
Bytes In      [total, mean]                     284, 2.00
Bytes Out     [total, mean]                     0, 0.00
Success       [ratio]                           100.00%
Status Codes  [code:count]                      200:142  
Error Set:
Requests      [total, rate, throughput]         152, 10.07, 10.05
Duration      [total, attack, wait]             15.122s, 15.1s, 21.392ms
Latencies     [min, mean, 50, 90, 95, 99, max]  21.158ms, 21.418ms, 21.388ms, 21.537ms, 21.59ms, 21.845ms, 23.636ms
Bytes In      [total, mean]                     304, 2.00
Bytes Out     [total, mean]                     0, 0.00
Success       [ratio]                           100.00%
Status Codes  [code:count]                      200:152  
Error Set:
Requests      [total, rate, throughput]         162, 10.06, 10.05
Duration      [total, attack, wait]             16.122s, 16.101s, 21.713ms
Latencies     [min, mean, 50, 90, 95, 99, max]  21.139ms, 21.414ms, 21.387ms, 21.543ms, 21.6ms, 21.837ms, 23.636ms
Bytes In      [total, mean]                     324, 2.00
Bytes Out     [total, mean]                     0, 0.00
Success       [ratio]                           100.00%
Status Codes  [code:count]                      200:162  
Error Set:
Requests      [total, rate, throughput]         172, 10.06, 10.05
Duration      [total, attack, wait]             17.122s, 17.1s, 21.293ms
Latencies     [min, mean, 50, 90, 95, 99, max]  21.139ms, 21.409ms, 21.386ms, 21.537ms, 21.59ms, 21.829ms, 23.636ms
Bytes In      [total, mean]                     344, 2.00
Bytes Out     [total, mean]                     0, 0.00
Success       [ratio]                           100.00%
Status Codes  [code:count]                      200:172  
Error Set:
Requests      [total, rate, throughput]         182, 10.06, 10.04
Duration      [total, attack, wait]             18.121s, 18.1s, 21.353ms
Latencies     [min, mean, 50, 90, 95, 99, max]  21.139ms, 21.406ms, 21.383ms, 21.535ms, 21.58ms, 21.821ms, 23.636ms
Bytes In      [total, mean]                     364, 2.00
Bytes Out     [total, mean]                     0, 0.00
Success       [ratio]                           100.00%
Status Codes  [code:count]                      200:182  
Error Set:
Requests      [total, rate, throughput]         192, 10.05, 10.04
Duration      [total, attack, wait]             19.122s, 19.1s, 21.422ms
Latencies     [min, mean, 50, 90, 95, 99, max]  21.139ms, 21.404ms, 21.384ms, 21.533ms, 21.572ms, 21.813ms, 23.636ms
Bytes In      [total, mean]                     384, 2.00
Bytes Out     [total, mean]                     0, 0.00
Success       [ratio]                           100.00%
Status Codes  [code:count]                      200:192  
Error Set:
Requests      [total, rate, throughput]         202, 10.05, 10.04
Duration      [total, attack, wait]             20.121s, 20.1s, 21.357ms
Latencies     [min, mean, 50, 90, 95, 99, max]  21.139ms, 21.401ms, 21.384ms, 21.531ms, 21.571ms, 21.805ms, 23.636ms
Bytes In      [total, mean]                     404, 2.00
Bytes Out     [total, mean]                     0, 0.00
Success       [ratio]                           100.00%
Status Codes  [code:count]                      200:202  
Error Set:
Requests      [total, rate, throughput]         212, 10.05, 10.04
Duration      [total, attack, wait]             21.122s, 21.1s, 21.409ms
Latencies     [min, mean, 50, 90, 95, 99, max]  21.139ms, 21.398ms, 21.383ms, 21.53ms, 21.57ms, 21.797ms, 23.636ms
Bytes In      [total, mean]                     424, 2.00
Bytes Out     [total, mean]                     0, 0.00
Success       [ratio]                           100.00%
Status Codes  [code:count]                      200:212  
Error Set:
Requests      [total, rate, throughput]         222, 10.05, 10.04
Duration      [total, attack, wait]             22.121s, 22.1s, 21.378ms
Latencies     [min, mean, 50, 90, 95, 99, max]  21.139ms, 21.398ms, 21.384ms, 21.528ms, 21.567ms, 21.789ms, 23.636ms
Bytes In      [total, mean]                     444, 2.00
Bytes Out     [total, mean]                     0, 0.00
Success       [ratio]                           100.00%
Status Codes  [code:count]                      200:222  
Error Set:
Requests      [total, rate, throughput]         232, 10.04, 10.03
Duration      [total, attack, wait]             23.121s, 23.1s, 21.319ms
Latencies     [min, mean, 50, 90, 95, 99, max]  21.139ms, 21.396ms, 21.381ms, 21.527ms, 21.565ms, 21.781ms, 23.636ms
Bytes In      [total, mean]                     464, 2.00
Bytes Out     [total, mean]                     0, 0.00
Success       [ratio]                           100.00%
Status Codes  [code:count]                      200:232  
Error Set:
Requests      [total, rate, throughput]         242, 10.04, 10.03
Duration      [total, attack, wait]             24.122s, 24.1s, 21.29ms
Latencies     [min, mean, 50, 90, 95, 99, max]  21.139ms, 21.393ms, 21.379ms, 21.526ms, 21.564ms, 21.773ms, 23.636ms
Bytes In      [total, mean]                     484, 2.00
Bytes Out     [total, mean]                     0, 0.00
Success       [ratio]                           100.00%
Status Codes  [code:count]                      200:242  
Error Set:
Requests      [total, rate, throughput]         252, 10.04, 10.03
Duration      [total, attack, wait]             25.121s, 25.1s, 21.34ms
Latencies     [min, mean, 50, 90, 95, 99, max]  21.139ms, 21.391ms, 21.378ms, 21.526ms, 21.563ms, 21.766ms, 23.636ms
Bytes In      [total, mean]                     504, 2.00
Bytes Out     [total, mean]                     0, 0.00
Success       [ratio]                           100.00%
Status Codes  [code:count]                      200:252  
Error Set:
Requests      [total, rate, throughput]         262, 10.04, 10.03
Duration      [total, attack, wait]             26.121s, 26.1s, 21.307ms
Latencies     [min, mean, 50, 90, 95, 99, max]  21.139ms, 21.389ms, 21.376ms, 21.524ms, 21.562ms, 21.764ms, 23.636ms
Bytes In      [total, mean]                     524, 2.00
Bytes Out     [total, mean]                     0, 0.00
Success       [ratio]                           100.00%
Status Codes  [code:count]                      200:262  
Error Set:
Requests      [total, rate, throughput]         272, 10.04, 10.03
Duration      [total, attack, wait]             27.121s, 27.1s, 21.436ms
Latencies     [min, mean, 50, 90, 95, 99, max]  21.139ms, 21.39ms, 21.376ms, 21.526ms, 21.563ms, 21.761ms, 23.636ms
Bytes In      [total, mean]                     544, 2.00
Bytes Out     [total, mean]                     0, 0.00
Success       [ratio]                           100.00%
Status Codes  [code:count]                      200:272  
Error Set:
Requests      [total, rate, throughput]         282, 10.04, 10.03
Duration      [total, attack, wait]             28.122s, 28.101s, 21.35ms
Latencies     [min, mean, 50, 90, 95, 99, max]  21.139ms, 21.389ms, 21.376ms, 21.524ms, 21.562ms, 21.759ms, 23.636ms
Bytes In      [total, mean]                     564, 2.00
Bytes Out     [total, mean]                     0, 0.00
Success       [ratio]                           100.00%
Status Codes  [code:count]                      200:282  
Error Set:
Requests      [total, rate, throughput]         292, 10.03, 10.03
Duration      [total, attack, wait]             29.123s, 29.1s, 22.823ms
Latencies     [min, mean, 50, 90, 95, 99, max]  21.139ms, 21.396ms, 21.379ms, 21.527ms, 21.564ms, 21.813ms, 23.636ms
Bytes In      [total, mean]                     584, 2.00
Bytes Out     [total, mean]                     0, 0.00
Success       [ratio]                           100.00%
Status Codes  [code:count]                      200:292  
Error Set:
Requests      [total, rate, throughput]         302, 10.03, 10.03
Duration      [total, attack, wait]             30.121s, 30.1s, 21.406ms
Latencies     [min, mean, 50, 90, 95, 99, max]  21.139ms, 21.396ms, 21.38ms, 21.526ms, 21.563ms, 21.805ms, 23.636ms
Bytes In      [total, mean]                     604, 2.00
Bytes Out     [total, mean]                     0, 0.00
Success       [ratio]                           100.00%
Status Codes  [code:count]                      200:302  
Error Set:
Requests      [total, rate, throughput]         312, 10.03, 10.03
Duration      [total, attack, wait]             31.122s, 31.1s, 21.314ms
Latencies     [min, mean, 50, 90, 95, 99, max]  21.139ms, 21.394ms, 21.379ms, 21.524ms, 21.562ms, 21.797ms, 23.636ms
Bytes In      [total, mean]                     624, 2.00
Bytes Out     [total, mean]                     0, 0.00
Success       [ratio]                           100.00%
Status Codes  [code:count]                      200:312  
Error Set:
Requests      [total, rate, throughput]         322, 10.03, 10.02
Duration      [total, attack, wait]             32.121s, 32.1s, 21.363ms
Latencies     [min, mean, 50, 90, 95, 99, max]  21.139ms, 21.394ms, 21.379ms, 21.522ms, 21.561ms, 21.789ms, 23.636ms
Bytes In      [total, mean]                     644, 2.00
Bytes Out     [total, mean]                     0, 0.00
Success       [ratio]                           100.00%
Status Codes  [code:count]                      200:322  
Error Set:
Requests      [total, rate, throughput]         332, 10.03, 10.02
Duration      [total, attack, wait]             33.121s, 33.1s, 21.337ms
Latencies     [min, mean, 50, 90, 95, 99, max]  21.139ms, 21.392ms, 21.377ms, 21.52ms, 21.56ms, 21.781ms, 23.636ms
Bytes In      [total, mean]                     664, 2.00
Bytes Out     [total, mean]                     0, 0.00
Success       [ratio]                           100.00%
Status Codes  [code:count]                      200:332  
Error Set:
Requests      [total, rate, throughput]         342, 10.03, 10.02
Duration      [total, attack, wait]             34.121s, 34.1s, 21.297ms
Latencies     [min, mean, 50, 90, 95, 99, max]  21.139ms, 21.389ms, 21.373ms, 21.518ms, 21.559ms, 21.773ms, 23.636ms
Bytes In      [total, mean]                     684, 2.00
Bytes Out     [total, mean]                     0, 0.00
Success       [ratio]                           100.00%
Status Codes  [code:count]                      200:342  
Error Set:
Requests      [total, rate, throughput]         352, 10.03, 10.02
Duration      [total, attack, wait]             35.121s, 35.1s, 21.441ms
Latencies     [min, mean, 50, 90, 95, 99, max]  21.139ms, 21.387ms, 21.373ms, 21.515ms, 21.558ms, 21.766ms, 23.636ms
Bytes In      [total, mean]                     704, 2.00
Bytes Out     [total, mean]                     0, 0.00
Success       [ratio]                           100.00%
Status Codes  [code:count]                      200:352  
Error Set:
Requests      [total, rate, throughput]         362, 10.03, 10.02
Duration      [total, attack, wait]             36.122s, 36.1s, 21.525ms
Latencies     [min, mean, 50, 90, 95, 99, max]  21.139ms, 21.386ms, 21.371ms, 21.515ms, 21.557ms, 21.764ms, 23.636ms
Bytes In      [total, mean]                     724, 2.00
Bytes Out     [total, mean]                     0, 0.00
Success       [ratio]                           100.00%
Status Codes  [code:count]                      200:362  
Error Set:
Requests      [total, rate, throughput]         372, 10.03, 10.02
Duration      [total, attack, wait]             37.121s, 37.1s, 21.233ms
Latencies     [min, mean, 50, 90, 95, 99, max]  21.139ms, 21.386ms, 21.373ms, 21.515ms, 21.558ms, 21.761ms, 23.636ms
Bytes In      [total, mean]                     744, 2.00
Bytes Out     [total, mean]                     0, 0.00
Success       [ratio]                           100.00%
Status Codes  [code:count]                      200:372  
Error Set:
Requests      [total, rate, throughput]         382, 10.03, 10.02
Duration      [total, attack, wait]             38.122s, 38.1s, 21.139ms
Latencies     [min, mean, 50, 90, 95, 99, max]  21.139ms, 21.385ms, 21.373ms, 21.512ms, 21.557ms, 21.759ms, 23.636ms
Bytes In      [total, mean]                     764, 2.00
Bytes Out     [total, mean]                     0, 0.00
Success       [ratio]                           100.00%
Status Codes  [code:count]                      200:382  
Error Set:
Requests      [total, rate, throughput]         392, 10.03, 10.02
Duration      [total, attack, wait]             39.122s, 39.1s, 21.238ms
Latencies     [min, mean, 50, 90, 95, 99, max]  21.139ms, 21.382ms, 21.368ms, 21.508ms, 21.556ms, 21.756ms, 23.636ms
Bytes In      [total, mean]                     784, 2.00
Bytes Out     [total, mean]                     0, 0.00
Success       [ratio]                           100.00%
Status Codes  [code:count]                      200:392  
Error Set:
Requests      [total, rate, throughput]         402, 10.03, 10.02
Duration      [total, attack, wait]             40.121s, 40.1s, 21.247ms
Latencies     [min, mean, 50, 90, 95, 99, max]  21.139ms, 21.38ms, 21.365ms, 21.506ms, 21.555ms, 21.753ms, 23.636ms
Bytes In      [total, mean]                     804, 2.00
Bytes Out     [total, mean]                     0, 0.00
Success       [ratio]                           100.00%
Status Codes  [code:count]                      200:402  
Error Set:
Requests      [total, rate, throughput]         412, 10.02, 10.02
Duration      [total, attack, wait]             41.122s, 41.101s, 21.379ms
Latencies     [min, mean, 50, 90, 95, 99, max]  21.139ms, 21.378ms, 21.363ms, 21.503ms, 21.553ms, 21.751ms, 23.636ms
Bytes In      [total, mean]                     824, 2.00
Bytes Out     [total, mean]                     0, 0.00
Success       [ratio]                           100.00%
Status Codes  [code:count]                      200:412  
Error Set:
Requests      [total, rate, throughput]         422, 10.02, 10.02
Duration      [total, attack, wait]             42.122s, 42.101s, 21.335ms
Latencies     [min, mean, 50, 90, 95, 99, max]  21.139ms, 21.377ms, 21.362ms, 21.501ms, 21.55ms, 21.748ms, 23.636ms
Bytes In      [total, mean]                     844, 2.00
Bytes Out     [total, mean]                     0, 0.00
Success       [ratio]                           100.00%
Status Codes  [code:count]                      200:422  
Error Set:
Requests      [total, rate, throughput]         432, 10.02, 10.02
Duration      [total, attack, wait]             43.121s, 43.1s, 21.365ms
Latencies     [min, mean, 50, 90, 95, 99, max]  21.139ms, 21.375ms, 21.36ms, 21.499ms, 21.548ms, 21.745ms, 23.636ms
Bytes In      [total, mean]                     864, 2.00
Bytes Out     [total, mean]                     0, 0.00
Success       [ratio]                           100.00%
Status Codes  [code:count]                      200:432  
Error Set:
Requests      [total, rate, throughput]         442, 10.02, 10.02
Duration      [total, attack, wait]             44.121s, 44.1s, 21.147ms
Latencies     [min, mean, 50, 90, 95, 99, max]  21.139ms, 21.374ms, 21.359ms, 21.499ms, 21.545ms, 21.743ms, 23.636ms
Bytes In      [total, mean]                     884, 2.00
Bytes Out     [total, mean]                     0, 0.00
Success       [ratio]                           100.00%
Status Codes  [code:count]                      200:442  
Error Set:
Requests      [total, rate, throughput]         452, 10.02, 10.02
Duration      [total, attack, wait]             45.121s, 45.1s, 21.252ms
Latencies     [min, mean, 50, 90, 95, 99, max]  21.139ms, 21.372ms, 21.356ms, 21.498ms, 21.543ms, 21.74ms, 23.636ms
Bytes In      [total, mean]                     904, 2.00
Bytes Out     [total, mean]                     0, 0.00
Success       [ratio]                           100.00%
Status Codes  [code:count]                      200:452  
Error Set:
Requests      [total, rate, throughput]         462, 10.02, 10.02
Duration      [total, attack, wait]             46.121s, 46.1s, 21.193ms
Latencies     [min, mean, 50, 90, 95, 99, max]  21.139ms, 21.374ms, 21.354ms, 21.499ms, 21.545ms, 21.764ms, 23.636ms
Bytes In      [total, mean]                     924, 2.00
Bytes Out     [total, mean]                     0, 0.00
Success       [ratio]                           100.00%
Status Codes  [code:count]                      200:462  
Error Set:
Requests      [total, rate, throughput]         472, 10.02, 10.02
Duration      [total, attack, wait]             47.122s, 47.1s, 21.533ms
Latencies     [min, mean, 50, 90, 95, 99, max]  21.139ms, 21.376ms, 21.357ms, 21.501ms, 21.548ms, 21.761ms, 23.636ms
Bytes In      [total, mean]                     944, 2.00
Bytes Out     [total, mean]                     0, 0.00
Success       [ratio]                           100.00%
Status Codes  [code:count]                      200:472  
Error Set:
Requests      [total, rate, throughput]         482, 10.02, 10.02
Duration      [total, attack, wait]             48.121s, 48.1s, 21.203ms
Latencies     [min, mean, 50, 90, 95, 99, max]  21.139ms, 21.375ms, 21.358ms, 21.499ms, 21.545ms, 21.759ms, 23.636ms
Bytes In      [total, mean]                     964, 2.00
Bytes Out     [total, mean]                     0, 0.00
Success       [ratio]                           100.00%
Status Codes  [code:count]                      200:482  
Error Set:
Requests      [total, rate, throughput]         492, 10.02, 10.02
Duration      [total, attack, wait]             49.121s, 49.1s, 21.363ms
Latencies     [min, mean, 50, 90, 95, 99, max]  21.139ms, 21.375ms, 21.357ms, 21.498ms, 21.543ms, 21.756ms, 23.636ms
Bytes In      [total, mean]                     984, 2.00
Bytes Out     [total, mean]                     0, 0.00
Success       [ratio]                           100.00%
Status Codes  [code:count]                      200:492  
Error Set:
Requests      [total, rate, throughput]         502, 10.02, 10.02
Duration      [total, attack, wait]             50.122s, 50.101s, 21.416ms
Latencies     [min, mean, 50, 90, 95, 99, max]  21.139ms, 21.374ms, 21.358ms, 21.497ms, 21.541ms, 21.753ms, 23.636ms
Bytes In      [total, mean]                     1004, 2.00
Bytes Out     [total, mean]                     0, 0.00
Success       [ratio]                           100.00%
Status Codes  [code:count]                      200:502  
Error Set:
Requests      [total, rate, throughput]         512, 10.02, 10.02
Duration      [total, attack, wait]             51.121s, 51.1s, 21.47ms
Latencies     [min, mean, 50, 90, 95, 99, max]  21.139ms, 21.374ms, 21.357ms, 21.497ms, 21.539ms, 21.751ms, 23.636ms
Bytes In      [total, mean]                     1024, 2.00
Bytes Out     [total, mean]                     0, 0.00
Success       [ratio]                           100.00%
Status Codes  [code:count]                      200:512  
Error Set:
Requests      [total, rate, throughput]         522, 10.02, 10.02
Duration      [total, attack, wait]             52.121s, 52.1s, 21.398ms
Latencies     [min, mean, 50, 90, 95, 99, max]  21.139ms, 21.373ms, 21.357ms, 21.496ms, 21.537ms, 21.748ms, 23.636ms
Bytes In      [total, mean]                     1044, 2.00
Bytes Out     [total, mean]                     0, 0.00
Success       [ratio]                           100.00%
Status Codes  [code:count]                      200:522  
Error Set:
Requests      [total, rate, throughput]         532, 10.02, 10.01
Duration      [total, attack, wait]             53.122s, 53.1s, 21.323ms
Latencies     [min, mean, 50, 90, 95, 99, max]  21.139ms, 21.373ms, 21.357ms, 21.496ms, 21.536ms, 21.745ms, 23.636ms
Bytes In      [total, mean]                     1064, 2.00
Bytes Out     [total, mean]                     0, 0.00
Success       [ratio]                           100.00%
Status Codes  [code:count]                      200:532  
Error Set:
Requests      [total, rate, throughput]         542, 10.02, 10.01
Duration      [total, attack, wait]             54.121s, 54.1s, 21.372ms
Latencies     [min, mean, 50, 90, 95, 99, max]  21.139ms, 21.372ms, 21.356ms, 21.496ms, 21.535ms, 21.743ms, 23.636ms
Bytes In      [total, mean]                     1084, 2.00
Bytes Out     [total, mean]                     0, 0.00
Success       [ratio]                           100.00%
Status Codes  [code:count]                      200:542  
Error Set:
Requests      [total, rate, throughput]         552, 10.02, 10.01
Duration      [total, attack, wait]             55.121s, 55.1s, 21.334ms
Latencies     [min, mean, 50, 90, 95, 99, max]  21.139ms, 21.372ms, 21.355ms, 21.495ms, 21.534ms, 21.74ms, 23.636ms
Bytes In      [total, mean]                     1104, 2.00
Bytes Out     [total, mean]                     0, 0.00
Success       [ratio]                           100.00%
Status Codes  [code:count]                      200:552  
Error Set:
Requests      [total, rate, throughput]         562, 10.02, 10.01
Duration      [total, attack, wait]             56.121s, 56.1s, 21.312ms
Latencies     [min, mean, 50, 90, 95, 99, max]  21.139ms, 21.371ms, 21.355ms, 21.494ms, 21.534ms, 21.737ms, 23.636ms
Bytes In      [total, mean]                     1124, 2.00
Bytes Out     [total, mean]                     0, 0.00
Success       [ratio]                           100.00%
Status Codes  [code:count]                      200:562  
Error Set:
Requests      [total, rate, throughput]         572, 10.02, 10.01
Duration      [total, attack, wait]             57.122s, 57.1s, 21.245ms
Latencies     [min, mean, 50, 90, 95, 99, max]  21.139ms, 21.37ms, 21.354ms, 21.494ms, 21.533ms, 21.734ms, 23.636ms
Bytes In      [total, mean]                     1144, 2.00
Bytes Out     [total, mean]                     0, 0.00
Success       [ratio]                           100.00%
Status Codes  [code:count]                      200:572  
Error Set:
Requests      [total, rate, throughput]         582, 10.02, 10.01
Duration      [total, attack, wait]             58.121s, 58.1s, 21.433ms
Latencies     [min, mean, 50, 90, 95, 99, max]  21.139ms, 21.371ms, 21.354ms, 21.495ms, 21.534ms, 21.732ms, 23.636ms
Bytes In      [total, mean]                     1164, 2.00
Bytes Out     [total, mean]                     0, 0.00
Success       [ratio]                           100.00%
Status Codes  [code:count]                      200:582  
Error Set:
Requests      [total, rate, throughput]         592, 10.02, 10.01
Duration      [total, attack, wait]             59.122s, 59.1s, 21.425ms
Latencies     [min, mean, 50, 90, 95, 99, max]  21.139ms, 21.371ms, 21.355ms, 21.495ms, 21.533ms, 21.729ms, 23.636ms
Bytes In      [total, mean]                     1184, 2.00
Bytes Out     [total, mean]                     0, 0.00
Success       [ratio]                           100.00%
Status Codes  [code:count]                      200:592  
Error Set:
Requests      [total, rate, throughput]         600, 10.02, 10.01
Duration      [total, attack, wait]             59.922s, 59.901s, 21.25ms
Latencies     [min, mean, 50, 90, 95, 99, max]  21.139ms, 21.37ms, 21.354ms, 21.495ms, 21.533ms, 21.727ms, 23.636ms
Bytes In      [total, mean]                     1200, 2.00
Bytes Out     [total, mean]                     0, 0.00
Success       [ratio]                           100.00%
Status Codes  [code:count]                      200:600  
Error Set:
