3.000986 2187.500000 6506 2167.953976 69.374527
3.001543 2187.500000 6489 2161.887909 69.180413
3.000319 2187.500000 6530 2176.435354 69.645931
3.002298 2187.500000 6619 2204.644783 70.548633
3.000250 2187.500000 6443 2147.487998 68.719616
3.001090 2187.500000 6497 2164.879758 69.276152
3.000127 2187.500000 6545 2181.574114 69.810372
3.000356 2187.500000 6445 2148.078103 68.738499
3.000584 2187.500000 6620 2206.237515 70.599600
3.000704 2187.500000 6603 2200.483509 70.415472
3.002129 2187.500000 6563 2186.115405 69.955693
3.000208 2187.500000 6510 2169.849719 69.435191
3.000502 2187.500000 6500 2166.304041 69.321729
3.001063 2187.500000 6681 2226.211491 71.238768
3.000054 2187.500000 6544 2181.293973 69.801407
3.000170 2187.500000 6556 2185.209201 69.926694
3.000014 2187.500000 6546 2181.989951 69.823678
3.000483 2187.500000 6570 2189.647443 70.068718
3.000289 2187.500000 6451 2150.126018 68.804033
3.000118 2187.500000 6398 2132.583133 68.242660
3.000407 2187.500000 6571 2190.036064 70.081154
3.000234 2187.500000 6574 2191.162156 70.117189
3.000286 2187.500000 6522 2173.792871 69.561372
3.000452 2187.500000 6620 2206.334575 70.602706
3.000251 2187.500000 6673 2224.146887 71.172700
3.000093 2187.500000 6550 2183.265610 69.864500
3.000087 2187.500000 6483 2160.937472 69.149999
3.000332 2187.500000 6591 2196.756529 70.296209
3.001361 2187.500000 6394 2130.366525 68.171729
3.000762 2187.500000 6585 2194.442475 70.222159
3.001750 2187.500000 6517 2171.066636 69.474132
3.000627 2187.500000 6733 2243.864461 71.803663
6.000687 2187.500000 6644 2214.590189 70.866886
6.000623 2187.500000 6606 2201.636101 70.452355
6.001543 2187.500000 6447 2148.099520 68.739185
6.001200 2187.500000 6513 2170.426151 69.453637
6.001240 2187.500000 6607 2201.548726 70.449559
6.000363 2187.500000 6513 2170.776370 69.464844
6.000581 2187.500000 6649 2216.058007 70.913856
6.000535 2187.500000 6538 2178.955085 69.726563
6.000456 2187.500000 6558 2185.900084 69.948803
6.000878 2187.500000 6635 2211.203835 70.758523
6.001250 2187.500000 6503 2166.972713 69.343127
6.001132 2187.500000 6574 2191.226988 70.119264
6.001137 2187.500000 6565 2187.590060 70.002882
6.000897 2187.500000 6506 2168.367795 69.387769
6.000827 2187.500000 6493 2164.098820 69.251162
6.002015 2187.500000 6721 2239.354634 71.659348
6.000405 2187.500000 6580 2193.298186 70.185542
6.000235 2187.500000 6566 2188.563339 70.034027
6.001351 2187.500000 6560 2186.456345 69.966603
6.001701 2187.500000 6475 2158.219724 69.063031
6.001347 2187.500000 6525 2174.193557 69.574194
6.001320 2187.500000 6648 2215.830132 70.906564
6.000263 2187.500000 6532 2177.324912 69.674397
6.000517 2187.500000 6503 2167.355856 69.355387
6.000596 2187.500000 6596 2198.560651 70.353941
6.000683 2187.500000 6551 2183.411309 69.869162
6.002614 2187.500000 6450 2149.773602 68.792755
6.003389 2187.500000 6546 2181.083526 69.794673
6.001537 2187.500000 6617 2205.537439 70.577198
6.000992 2187.500000 6780 2259.827082 72.314467
6.001977 2187.500000 6451 2150.170904 68.805469
6.001773 2187.500000 6497 2164.839547 69.274865
9.001978 2187.500000 6458 2151.416194 68.845318
9.000383 2187.500000 6756 2251.984981 72.063519
9.001554 2187.500000 6463 2153.634151 68.916293
9.000713 2187.500000 6458 2152.538682 68.881238
9.003248 2187.500000 6577 2190.616610 70.099732
9.000726 2187.500000 6546 2181.972016 69.823105
9.000477 2187.500000 6697 2232.317788 71.434169
9.002093 2187.500000 6550 2182.683735 69.845880
9.000877 2187.500000 6615 2204.653120 70.548900
9.000930 2187.500000 6721 2240.294173 71.689414
9.000687 2187.500000 6635 2211.619520 70.771825
9.001388 2187.500000 6477 2158.596811 69.075098
9.001727 2187.500000 6488 2162.240981 69.191711
9.001837 2187.500000 6509 2169.242180 69.415750
9.000466 2187.500000 6449 2149.521488 68.784688
9.001989 2187.500000 6705 2234.502078 71.504067
9.001581 2187.500000 6589 2196.083067 70.274658
9.001411 2187.500000 6598 2199.128633 70.372116
9.001439 2187.500000 6448 2148.729945 68.759358
9.000608 2187.500000 6582 2193.933653 70.205877
9.001932 2187.500000 6764 2254.493140 72.143780
9.004008 2187.500000 6653 2215.704081 70.902531
9.001753 2187.500000 6531 2176.224219 69.639175
9.001726 2187.500000 6611 2203.532387 70.513036
9.002006 2187.500000 6612 2203.516017 70.512513
9.003140 2187.500000 6637 2211.945619 70.782260
9.002429 2187.500000 6614 2204.363031 70.539617
9.001197 2187.500000 6531 2176.851331 69.659243
9.002746 2187.500000 6575 2190.784027 70.105089
9.003474 2187.500000 6641 2213.604190 70.835334
9.002166 2187.500000 6521 2173.529944 69.552958
9.001997 2187.500000 6628 2209.168283 70.693385
12.001121 2187.500000 6457 2152.040741 68.865304
12.000419 2187.500000 6284 2094.641615 67.028532
12.001324 2187.500000 6542 2180.204144 69.766533
12.004595 2187.500000 6583 2191.655504 70.132976
12.001113 2187.500000 6362 2120.499434 67.855982
12.000915 2187.500000 6475 2158.197399 69.062317
12.000931 2187.500000 6704 2234.425688 71.501622
12.000961 2187.500000 6606 2201.644427 70.452622
12.006466 2187.500000 6585 2191.537738 70.129208
12.001912 2187.500000 6487 2162.095304 69.187050
12.001704 2187.500000 6537 2178.770382 69.720652
12.002648 2187.500000 6412 2136.755669 68.376181
12.002549 2187.500000 6637 2211.920141 70.781445
12.001814 2187.500000 6600 2199.704667 70.390549
12.001974 2187.500000 6646 2215.023711 70.880759
12.000477 2187.500000 6471 2156.991837 69.023739
12.004393 2187.500000 6587 2195.385062 70.252322
12.002175 2187.500000 6496 2165.274566 69.288786
12.002688 2187.500000 6568 2188.815356 70.042091
12.001528 2187.500000 6502 2167.269051 69.352610
12.003282 2187.500000 6662 2219.516864 71.024540
12.003033 2187.500000 6543 2180.200210 69.766407
12.002323 2187.500000 6396 2131.774800 68.216794
12.003549 2187.500000 6517 2172.279005 69.512928
12.005350 2187.500000 6480 2157.898410 69.052749
12.001710 2187.500000 6486 2161.630275 69.172169
12.002079 2187.500000 6545 2181.429802 69.805754
12.005181 2187.500000 6504 2166.525399 69.328813
12.003688 2187.500000 6664 2221.007087 71.072227
12.004318 2187.500000 6493 2163.199937 69.222398
12.003363 2187.500000 6557 2184.794630 69.913428
12.002032 2187.500000 6637 2212.307845 70.793851
15.002022 2187.500000 6553 2183.527237 69.872872
15.001116 2187.500000 6540 2179.866097 69.755715
15.000806 2187.500000 6538 2179.051968 69.729663
15.001166 2187.500000 6569 2189.633688 70.068278
15.001387 2187.500000 6590 2196.619941 70.291838
15.000716 2187.500000 6625 2208.157699 70.661046
15.001540 2187.500000 6481 2159.916703 69.117335
15.001853 2187.500000 6575 2191.637821 70.132410
15.001786 2187.500000 6596 2198.173843 70.341563
15.003433 2187.500000 6691 2229.397948 71.340734
15.002117 2187.500000 6778 2259.021932 72.288702
15.001983 2187.500000 6696 2231.947332 71.422315
15.003048 2187.500000 6498 2165.224551 69.287186
15.003248 2187.500000 6458 2152.003268 68.864105
15.002079 2187.500000 6549 2182.598870 69.843164
15.003224 2187.500000 6536 2178.248849 69.703963
15.003509 2187.500000 6453 2150.312291 68.809993
15.003136 2187.500000 6460 2153.259394 68.904301
15.003705 2187.500000 6462 2153.988184 68.927622
15.002732 2187.500000 6633 2210.518364 70.736588
15.001746 2187.500000 6533 2177.640110 69.684484
15.002853 2187.500000 6538 2179.213813 69.734842
15.004024 2187.500000 6444 2147.468534 68.718993
15.004369 2187.500000 6626 2208.063050 70.658018
15.004613 2187.500000 6616 2205.320683 70.570262
15.004433 2187.500000 6495 2164.971192 69.279078
15.005459 2187.500000 6584 2194.463778 70.222841
15.006075 2187.500000 6640 2212.799088 70.809571
15.004735 2187.500000 6720 2239.688222 71.670023
15.007263 2187.500000 6549 2182.420287 69.837449
15.003426 2187.500000 6648 2215.953175 70.910502
15.002140 2187.500000 6613 2204.254167 70.536133
18.000949 2187.500000 6700 2233.226892 71.463261
18.002099 2187.500000 6515 2171.582374 69.490636
18.001466 2187.500000 6526 2175.115537 69.603697
18.001899 2187.500000 6467 2155.299295 68.969577
18.002288 2187.500000 6549 2182.147443 69.828718
18.002167 2187.500000 6556 2185.104913 69.923357
18.003347 2187.500000 6555 2183.863814 69.883642
18.003963 2187.500000 6675 2224.321638 71.178292
18.000738 2187.500000 6489 2162.984263 69.215496
18.002618 2187.500000 6523 2173.901502 69.564848
18.001837 2187.500000 6529 2176.117936 69.635774
18.002118 2187.500000 6608 2202.666317 70.485322
18.003680 2187.500000 6462 2153.672575 68.917522
18.002148 2187.500000 6665 2221.615211 71.091687
18.004173 2187.500000 6502 2166.584115 69.330692
18.004577 2187.500000 6574 2190.553578 70.097714
18.001989 2187.500000 6725 2241.485012 71.727520
18.003914 2187.500000 6594 2197.846378 70.331084
18.003481 2187.500000 6565 2188.298372 70.025548
18.003126 2187.500000 6444 2147.717817 68.726970
18.004778 2187.500000 6509 2169.417071 69.421346
18.003407 2187.500000 6555 2184.596281 69.907081
18.007276 2187.500000 6518 2170.739731 69.463671
18.003357 2187.500000 6573 2190.920348 70.109451
18.005883 2187.500000 6589 2195.225870 70.247228
18.004160 2187.500000 6550 2183.234075 69.863490
18.007054 2187.500000 6602 2199.497402 70.383917
18.009592 2187.500000 6623 2205.953711 70.590519
18.005376 2187.500000 6644 2214.194146 70.854213
18.006831 2187.500000 6500 2166.120199 69.315846
18.003493 2187.500000 6598 2199.284417 70.377101
18.002249 2187.500000 6555 2184.920395 69.917453
21.002339 2187.500000 6573 2189.985625 70.079540
21.001638 2187.500000 6511 2170.208895 69.446685
21.002735 2187.500000 6584 2194.201723 70.214455
21.000993 2187.500000 6748 2249.141478 71.972527
21.002152 2187.500000 6510 2169.816839 69.434139
21.002172 2187.500000 6827 2275.625895 72.820029
21.003489 2187.500000 6488 2161.714283 69.174857
21.001884 2187.500000 6823 2274.297328 72.777515
21.003297 2187.500000 6647 2215.165335 70.885291
21.004652 2187.500000 6491 2163.169766 69.221433
21.004134 2187.500000 6428 2142.509696 68.560310
21.004243 2187.500000 6644 2213.121752 70.819896
21.002782 2187.500000 6691 2229.965522 71.358897
21.003539 2187.500000 6534 2177.860089 69.691523
21.003541 2187.500000 6561 2186.956456 69.982607
21.005225 2187.500000 6598 2198.858383 70.363468
21.003768 2187.500000 6500 2166.603185 69.331302
21.002200 2187.500000 6650 2216.510956 70.928351
21.004279 2187.500000 6799 2266.252902 72.520093
21.004419 2187.500000 6617 2205.476277 70.575241
21.003776 2187.500000 6568 2189.027700 70.048886
21.005845 2187.500000 6479 2157.711450 69.046766
21.004203 2187.500000 6605 2201.082900 70.434653
21.006639 2187.500000 6578 2192.113659 70.147637
21.005860 2187.500000 6462 2153.223696 68.903158
21.008566 2187.500000 6700 2230.960548 71.390738
21.007509 2187.500000 6584 2194.496132 70.223876
21.008269 2187.500000 6487 2161.457665 69.166645
21.007069 2187.500000 6353 2117.499234 67.759976
21.005113 2187.500000 6470 2155.502757 68.976088
21.010504 2187.500000 6540 2179.337391 69.738797
21.002385 2187.500000 6618 2205.899635 70.588788
24.003461 2187.500000 6588 2195.178836 70.245723
24.002859 2187.500000 6519 2172.116300 69.507722
24.002332 2187.500000 6567 2188.673685 70.037558
24.003600 2187.500000 6560 2185.611379 69.939564
24.002254 2187.500000 6504 2167.940230 69.374087
24.002128 2187.500000 6482 2159.849803 69.115194
24.003400 2187.500000 6534 2177.925239 69.693608
24.003030 2187.500000 6516 2171.786032 69.497153
24.003749 2187.500000 6683 2227.512280 71.280393
24.003779 2187.500000 6608 2201.935577 70.461938
24.004063 2187.500000 6601 2199.912209 70.397191
24.005343 2187.500000 6592 2197.246336 70.311883
24.004452 2187.500000 6492 2163.976408 69.247245
24.003607 2187.500000 6613 2204.283601 70.537075
24.003853 2187.500000 6436 2145.272221 68.648711
24.002466 2187.500000 6676 2225.136082 71.204355
24.005190 2187.500000 6769 2255.648768 72.180761
24.004451 2187.500000 6642 2213.765842 70.840507
24.006540 2187.500000 6439 2144.983409 68.639469
24.004039 2187.500000 6598 2199.139975 70.372479
24.004381 2187.500000 6734 2244.563381 71.826028
24.004402 2187.500000 6587 2195.520819 70.256666
24.007228 2187.500000 6650 2216.231807 70.919418
24.006086 2187.500000 6710 2236.498085 71.567939
24.008164 2187.500000 6657 2218.515512 70.992496
24.006256 2187.500000 6510 2169.702814 69.430490
24.007217 2187.500000 6645 2214.890756 70.876504
24.008422 2187.500000 6645 2214.886882 70.876380
24.008751 2187.500000 6734 2244.528306 71.824906
24.005206 2187.500000 6628 2209.264759 70.696472
24.011405 2187.500000 6519 2172.347548 69.515122
24.002662 2187.500000 6550 2183.132284 69.860233
27.002286 2187.500000 6551 2183.643729 69.876599
27.002407 2187.500000 6406 2135.279867 68.328956
27.003514 2187.500000 6442 2146.864868 68.699676
27.003167 2187.500000 6653 2217.565351 70.962091
27.005637 2187.500000 6601 2198.010487 70.336336
27.002370 2187.500000 6533 2177.491370 69.679724
27.003936 2187.500000 6759 2252.597157 72.083109
27.003774 2187.500000 6638 2212.648092 70.804739
27.004073 2187.500000 6524 2174.223337 69.575147
27.003946 2187.500000 6469 2156.266569 69.000530
27.006122 2187.500000 6660 2218.477470 70.991279
27.004244 2187.500000 6707 2235.187378 71.525996
27.003712 2187.500000 6529 2176.256886 69.640220
27.003780 2187.500000 6560 2186.665715 69.973303
27.004836 2187.500000 6688 2228.994835 71.327835
27.005087 2187.500000 6440 2146.211760 68.678776
27.005422 2187.500000 6590 2196.497029 70.287905
27.004896 2187.500000 6547 2182.010266 69.824329
27.004467 2187.500000 6649 2216.285338 70.921131
27.004085 2187.500000 6604 2201.299757 70.441592
27.005473 2187.500000 6502 2167.239792 69.351673
27.006263 2187.500000 6487 2162.205750 69.190584
27.006545 2187.500000 6577 2192.330087 70.154563
27.008847 2187.500000 6624 2207.497512 70.639920
27.007365 2187.500000 6412 2137.235627 68.391540
27.007399 2187.500000 6536 2178.534302 69.713098
27.007213 2187.500000 6534 2177.305257 69.673768
27.008567 2187.500000 6616 2205.226995 70.567264
27.006985 2187.500000 6764 2253.330729 72.106583
27.008855 2187.500000 6567 2188.924307 70.045578
27.011601 2187.500000 6519 2172.858626 69.531476
27.003470 2187.500000 6524 2174.081102 69.570595
#type       avg     std     min     5th    10th    90th    95th    99th
read      526.5   238.7    60.2   280.6   323.6   751.4   827.4  1002.8
update    530.8   230.1    66.3   282.6   325.8   760.1   840.3  1024.3
op_q        2.3     1.3     1.0     1.0     1.0     4.0     4.7     6.0

Total QPS = 139932.9 (4197988 / 30.0s)

Misses = 0 (0.0%)
Skipped TXs = 0 (0.0%)

RX  723422299 bytes :   23.0 MB/s
TX  465239332 bytes :   14.8 MB/s
