3.000025 3125.000000 9293 3097.640842 99.124507
3.000618 3125.000000 9406 3134.687268 100.309993
3.000338 3125.000000 9321 3106.649600 99.412787
3.000097 3125.000000 9386 3128.565089 100.114083
3.000203 3125.000000 9240 3079.791347 98.553323
3.001408 3125.000000 9263 3086.217846 98.758971
3.001926 3125.000000 9191 3061.701433 97.974446
3.000557 3125.000000 9332 3110.089537 99.522865
3.000050 3125.000000 9610 3203.280392 102.504973
3.000374 3125.000000 9375 3124.610288 99.987529
3.000041 3125.000000 9305 3101.624349 99.251979
3.000422 3125.000000 9396 3131.559147 100.209893
3.000404 3125.000000 9390 3129.578529 100.146513
3.000132 3125.000000 9343 3114.196786 99.654297
3.000662 3125.000000 9359 3118.978582 99.807315
3.000950 3125.000000 9424 3140.338778 100.490841
3.000670 3125.000000 9266 3087.976826 98.815258
3.000082 3125.000000 9371 3123.581488 99.954608
3.000167 3125.000000 9371 3123.492821 99.951770
3.000144 3125.000000 9489 3162.847908 101.211133
3.000807 3125.000000 9384 3127.159275 100.069097
3.000144 3125.000000 9360 3119.850413 99.835213
3.000036 3125.000000 9354 3117.962393 99.774797
3.000701 3125.000000 9350 3115.938497 99.710032
3.000129 3125.000000 9408 3135.864726 100.347671
3.000559 3125.000000 9253 3083.759110 98.680292
3.000128 3125.000000 9510 3169.864723 101.435671
3.000384 3125.000000 9403 3133.932409 100.285837
3.000117 3125.000000 9307 3102.212566 99.270802
3.000192 3125.000000 9337 3112.134486 99.588304
3.000777 3125.000000 9254 3083.867642 98.683765
3.000354 3125.000000 9338 3112.298959 99.593567
6.000299 3125.000000 9203 3067.444151 98.158213
6.001129 3125.000000 9439 3145.201692 100.646454
6.000334 3125.000000 9379 3126.134839 100.036315
6.000073 3125.000000 9487 3162.299674 101.193590
6.000177 3125.000000 9421 3140.298570 100.489554
6.000338 3125.000000 9296 3098.417683 99.149366
6.000224 3125.000000 9500 3166.568661 101.330197
6.000404 3125.000000 9437 3145.598211 100.659143
6.000325 3125.000000 9441 3146.872517 100.699921
6.000281 3125.000000 9454 3151.213092 100.838819
6.001569 3125.000000 9225 3074.070140 98.370244
6.000741 3125.000000 9281 3093.539672 98.993270
6.000776 3125.000000 9333 3110.922345 99.549515
6.000832 3125.000000 9420 3139.520812 100.464666
6.000314 3125.000000 9286 3095.047119 99.041508
6.000920 3125.000000 9265 3088.216974 98.822943
6.000254 3125.000000 9608 3202.532248 102.481032
6.000722 3125.000000 9374 3124.612469 99.987599
6.000537 3125.000000 9520 3173.192230 101.542151
6.000070 3125.000000 9327 3108.953697 99.486518
6.000816 3125.000000 9247 3082.066750 98.626136
6.000769 3125.000000 9392 3130.304683 100.169750
6.000392 3125.000000 9357 3118.713632 99.798836
6.000695 3125.000000 9180 3059.861290 97.915561
6.000232 3125.000000 9364 3121.291415 99.881325
6.001851 3125.000000 9378 3125.539123 100.017252
6.000219 3125.000000 9201 3066.908709 98.141079
6.000871 3125.000000 9431 3143.156476 100.581007
6.001519 3125.000000 9627 3208.391842 102.668539
6.002058 3125.000000 9550 3183.192807 101.862170
6.000962 3125.000000 9497 3165.471517 101.295089
6.001812 3125.000000 9449 3148.137187 100.740390
9.000273 3125.000000 9249 3082.902255 98.652872
9.000351 3125.000000 9284 3094.613746 99.027640
9.000819 3125.000000 9341 3113.163676 99.621238
9.000423 3125.000000 9380 3126.564691 100.050070
9.001591 3125.000000 9333 3110.977647 99.551285
9.000851 3125.000000 9433 3143.796506 100.601488
9.001504 3125.000000 9349 3115.576830 99.698459
9.000469 3125.000000 9487 3162.169198 101.189414
9.002176 3125.000000 9286 3094.037375 99.009196
9.000978 3125.000000 9370 3123.164497 99.941264
9.001021 3125.000000 9393 3130.802860 100.185692
9.000450 3125.000000 9476 3158.605892 101.075389
9.000737 3125.000000 9338 3112.622992 99.603936
9.000524 3125.000000 9240 3079.536554 98.545170
9.000465 3125.000000 9315 3104.936115 99.357956
9.000365 3125.000000 9309 3102.855014 99.291360
9.000790 3125.000000 9353 3117.404171 99.756933
9.000437 3125.000000 9330 3109.838378 99.514828
9.000243 3125.000000 9515 3171.641055 101.492514
9.001081 3125.000000 9200 3066.348071 98.123138
9.000309 3125.000000 9465 3154.918675 100.957398
9.000368 3125.000000 9365 3121.356444 99.883406
9.000741 3125.000000 9274 3090.831217 98.906599
9.001145 3125.000000 9363 3120.983107 99.871459
9.000770 3125.000000 9287 3095.617087 99.059747
9.001430 3125.000000 9330 3109.419949 99.501438
9.001058 3125.000000 9274 3091.007374 98.912236
9.003080 3125.000000 9468 3154.707747 100.950648
9.003152 3125.000000 9258 3084.875166 98.716005
9.001975 3125.000000 9318 3105.527688 99.376886
9.001592 3125.000000 9512 3170.001604 101.440051
9.001872 3125.000000 9468 3155.937107 100.989987
12.000489 6250.000000 15744 5247.622147 167.923909
12.001645 6250.000000 15717 5237.612534 167.603601
12.000468 6250.000000 15751 5250.151534 168.004849
12.000389 6250.000000 15568 5189.266659 166.056533
12.001326 6250.000000 15442 5145.809457 164.665903
12.000546 6250.000000 15667 5222.192503 167.110160
12.000937 6250.000000 15509 5168.955497 165.406576
12.000912 6250.000000 15753 5250.786447 168.025166
12.000676 6250.000000 15931 5309.884697 169.916310
12.000568 6250.000000 15453 5150.829827 164.826554
12.001051 6250.000000 15362 5120.270104 163.848643
12.001096 6250.000000 15784 5260.200274 168.326409
12.000962 6250.000000 15458 5152.337003 164.874784
12.000443 6250.000000 15716 5238.536126 167.633156
12.001247 6250.000000 15856 5284.999369 169.119980
12.000313 6250.000000 15837 5278.875968 168.924031
12.001095 6250.000000 15722 5240.536542 167.697169
12.001018 6250.000000 15536 5178.597595 165.715123
12.001149 6250.000000 15657 5218.993398 167.007789
12.000800 6250.000000 15891 5296.888468 169.500431
12.000917 6250.000000 15684 5227.693147 167.286181
12.001274 6250.000000 15718 5238.995643 167.647861
12.000670 6250.000000 15658 5218.706306 166.998602
12.001954 6250.000000 15438 5145.377871 164.652092
12.001516 6250.000000 15487 5162.313516 165.194033
12.002178 6250.000000 15523 5174.329428 165.578542
12.002022 6250.000000 15472 5156.316487 165.002128
12.002130 6250.000000 15851 5283.393627 169.068596
12.003084 6250.000000 15536 5178.658753 165.717080
12.003449 6250.000000 15555 5184.486782 165.903577
12.001775 6250.000000 15532 5177.017120 165.664548
12.003316 6250.000000 15578 5190.168501 166.085392
15.000561 6250.000000 18601 6200.303620 198.409716
15.000977 6250.000000 18716 6237.816845 199.610139
15.000441 6250.000000 18945 6314.731194 202.071398
15.001176 6250.000000 18899 6298.224058 201.543170
15.000545 6250.000000 18744 6247.675886 199.925628
15.001058 6250.000000 18849 6281.765462 201.016495
15.001052 6250.000000 18621 6206.478249 198.607304
15.001507 6250.000000 18857 6284.712140 201.110788
15.000930 6250.000000 18696 6231.974275 199.423177
15.001422 6250.000000 18625 6207.330013 198.634560
15.000741 6250.000000 18790 6263.196999 200.422304
15.001267 6250.000000 19006 6334.584428 202.706702
15.001207 6250.000000 18605 6201.160810 198.437146
15.001126 6250.000000 18669 6222.937090 199.133987
15.003064 6250.000000 18931 6307.350049 201.835202
15.001161 6250.000000 18759 6252.703150 200.086501
15.001403 6250.000000 18598 6199.012691 198.368406
15.001243 6250.000000 18635 6211.472881 198.767132
15.000508 6250.000000 18777 6258.862595 200.283603
15.001599 6250.000000 18744 6247.431896 199.917821
15.001295 6250.000000 18713 6237.623740 199.603960
15.001199 6250.000000 18830 6276.452194 200.846470
15.000864 6250.000000 18659 6219.264425 199.016462
15.001771 6250.000000 18832 6276.800322 200.857610
15.002287 6250.000000 18777 6258.673425 200.277550
15.002191 6250.000000 18791 6263.639591 200.436467
15.001989 6250.000000 18717 6238.925569 199.645618
15.003107 6250.000000 19340 6446.618158 206.291781
15.002134 6250.000000 18635 6211.435445 198.765934
15.003620 6250.000000 18675 6224.645607 199.188659
15.002100 6250.000000 18911 6302.983984 201.695488
15.003865 6250.000000 19125 6373.832822 203.962650
18.001037 6250.000000 18685 6227.345038 199.275041
18.001367 6250.000000 18584 6194.028577 198.208914
18.000690 6250.000000 18905 6301.362445 201.643598
18.001653 6250.000000 18895 6297.227509 201.511280
18.001526 6250.000000 18661 6220.076768 199.042457
18.000476 6250.000000 18995 6331.593480 202.610991
18.001269 6250.000000 19013 6337.661141 202.805157
18.001216 6250.000000 18718 6238.836115 199.642756
18.001345 6250.000000 18730 6242.981672 199.775414
18.000801 6250.000000 18630 6209.876997 198.716064
18.001243 6250.000000 19108 6369.332518 203.818641
18.001310 6250.000000 18529 6176.120841 197.635867
18.001541 6250.000000 18978 6325.749105 202.423971
18.001263 6250.000000 18628 6207.771358 198.648683
18.001663 6250.000000 18704 6234.532119 199.505028
18.001559 6250.000000 19126 6374.488076 203.983618
18.002211 6250.000000 18777 6258.081934 200.258622
18.001247 6250.000000 18670 6222.928433 199.133710
18.001843 6250.000000 18657 6217.665509 198.965296
18.001028 6250.000000 18699 6232.795721 199.449463
18.001520 6250.000000 18923 6307.194596 201.830227
18.002870 6250.000000 18716 6235.833634 199.546676
18.001132 6250.000000 18650 6216.111915 198.915581
18.002287 6250.000000 19076 6358.035265 203.457128
18.002193 6250.000000 18661 6220.330700 199.050582
18.002293 6250.000000 18730 6243.321060 199.786274
18.003197 6250.000000 18641 6213.479502 198.831344
18.002359 6250.000000 18670 6222.866167 199.131717
18.003101 6250.000000 18720 6239.924435 199.677582
18.003677 6250.000000 18683 6227.547663 199.281525
18.002128 6250.000000 18691 6230.274988 199.368800
18.003991 6250.000000 18726 6241.739009 199.735648
21.000798 6250.000000 18833 6277.439498 200.878064
21.001326 6250.000000 18745 6247.731373 199.927404
21.001581 6250.000000 18673 6224.219608 199.175027
21.001320 6250.000000 18842 6280.449008 200.974368
21.001283 6250.000000 18768 6255.926081 200.189635
21.001675 6250.000000 18439 6146.309081 196.681891
21.000813 6250.000000 18558 6185.974267 197.951177
21.001648 6250.000000 18707 6234.879909 199.516157
21.001564 6250.000000 18499 6165.882804 197.308250
21.001751 6250.000000 18451 6150.131927 196.804222
21.001367 6250.000000 18893 6297.546719 201.521495
21.001170 6250.000000 18652 6217.039064 198.945250
21.001439 6250.000000 18930 6309.847839 201.915131
21.001581 6250.000000 18675 6224.872800 199.195930
21.001913 6250.000000 18552 6183.232750 197.863448
21.000495 6250.000000 18734 6244.626997 199.828064
21.001884 6250.000000 18618 6205.326907 198.570461
21.002346 6250.000000 18864 6287.678061 201.205698
21.002436 6250.000000 18853 6284.022013 201.088704
21.001393 6250.000000 18549 6182.691203 197.846119
21.001339 6250.000000 18813 6270.841036 200.666913
21.001677 6250.000000 18952 6316.184440 202.117902
21.002331 6250.000000 18976 6325.252576 202.408082
21.002298 6250.000000 18534 6177.821212 197.690279
21.002047 6250.000000 18852 6283.571053 201.074274
21.002380 6250.000000 18652 6217.289224 198.953255
21.003011 6250.000000 18727 6242.040798 199.745306
21.003284 6250.000000 18817 6271.950066 200.702402
21.003331 6250.000000 18706 6235.055775 199.521785
21.003727 6250.000000 18678 6225.895970 199.228671
21.002786 6250.000000 18869 6288.287340 201.225195
21.004210 6250.000000 18849 6282.540891 201.041309
24.000832 6250.000000 18901 6300.262792 201.608409
24.001649 6250.000000 18833 6275.918920 200.829405
24.001680 6250.000000 18397 6132.268319 196.232586
24.000590 6250.000000 18649 6216.135217 198.916327
24.001511 6250.000000 18594 6197.852328 198.331275
24.001754 6250.000000 18874 6290.970897 201.311069
24.001936 6250.000000 18678 6225.457866 199.214652
24.001585 6250.000000 19063 6353.872883 203.323932
24.001455 6250.000000 18783 6260.718085 200.342979
24.001810 6250.000000 18714 6237.131966 199.588223
24.001727 6250.000000 18968 6321.820342 202.298251
24.002527 6250.000000 19088 6360.624648 203.539989
24.001872 6250.000000 18902 6300.412212 201.613191
24.001209 6250.000000 18939 6312.918996 202.013408
24.003311 6250.000000 18775 6254.104869 200.131356
24.002690 6250.000000 18645 6214.472729 198.863127
24.002016 6250.000000 18663 6220.787554 199.065202
24.002198 6250.000000 18534 6177.353844 197.675323
24.002486 6250.000000 18861 6286.604931 201.171358
24.002563 6250.000000 18697 6231.851246 199.419240
24.001643 6250.000000 19000 6333.201769 202.662457
24.002360 6250.000000 18715 6238.304907 199.625757
24.001358 6250.000000 18779 6259.627452 200.308078
24.003075 6250.000000 18802 6267.199759 200.550392
24.002409 6250.000000 18741 6246.247742 199.879928
24.003543 6250.000000 18741 6246.460566 199.886738
24.001721 6250.000000 18689 6229.576205 199.346439
24.002399 6250.000000 18850 6283.294271 201.065417
24.003456 6250.000000 19133 6377.400748 204.076824
24.003966 6250.000000 19154 6384.157846 204.293051
24.002855 6250.000000 18874 6291.188813 201.318042
24.004277 6250.000000 18782 6260.525942 200.336830
27.000864 6250.000000 18721 6240.266787 199.688537
27.001559 6250.000000 18819 6272.899394 200.732781
27.001528 6250.000000 18725 6241.516425 199.728526
27.001590 6250.000000 19154 6384.654872 204.308956
27.001898 6250.000000 18690 6229.945318 199.358250
27.001899 6250.000000 18800 6266.308365 200.521868
27.001893 6250.000000 18808 6269.042483 200.609359
27.001889 6250.000000 18414 6137.496562 196.399890
27.001300 6250.000000 18520 6173.145234 197.540647
27.002173 6250.000000 18838 6279.003209 200.928103
27.001722 6250.000000 18673 6224.245875 199.175868
27.000974 6250.000000 18732 6243.201447 199.782446
27.002218 6250.000000 18606 6201.417528 198.445361
27.002113 6250.000000 18836 6278.033108 200.897059
27.002425 6250.000000 18774 6257.865120 200.251684
27.001662 6250.000000 18570 6189.972451 198.079118
27.001542 6250.000000 19032 6343.612121 202.995588
27.002548 6250.000000 18748 6249.204990 199.974560
27.002209 6250.000000 18860 6286.642503 201.172560
27.002543 6250.000000 18834 6277.966922 200.894941
27.002830 6250.000000 18569 6189.377988 198.060096
27.001918 6250.000000 19111 6369.914567 203.837266
27.002911 6250.000000 19018 6338.596774 202.835097
27.003519 6250.000000 18651 6216.868800 198.939802
27.002591 6250.000000 18589 6195.955801 198.270586
27.003687 6250.000000 18786 6261.699553 200.374386
27.002406 6250.000000 18741 6246.984942 199.903518
27.003151 6250.000000 18745 6248.174804 199.941594
27.004100 6250.000000 19057 6350.662824 203.221210
27.004083 6250.000000 19086 6361.752624 203.576084
27.003092 6250.000000 18627 6208.509233 198.672295
27.004478 6250.000000 18478 6158.921050 197.085474
#type       avg     std     min     5th    10th    90th    95th    99th
read      798.1   302.0    49.8   281.5   366.4  1123.4  1149.0  1333.5
update    797.8   298.4    54.8   284.0   369.1  1123.3  1148.8  1318.6
op_q        6.5     3.5     1.0     1.1     2.0    11.5    12.7    15.9

Total QPS = 333161.2 (9994837 / 30.0s)

Misses = 0 (0.0%)
Skipped TXs = 0 (0.0%)

RX 1725868220 bytes :   54.9 MB/s
TX 1107177876 bytes :   35.2 MB/s
