3.002480 5312.500000 15938 5308.278066 169.864898
3.000387 5312.500000 15946 5314.648348 170.068747
3.000000 5312.500000 15768 5255.999633 168.191988
3.000249 5312.500000 16002 5333.557902 170.673853
3.000317 5312.500000 15897 5298.440498 169.550096
3.000033 5312.500000 16050 5349.941043 171.198113
3.000282 5312.500000 15871 5289.836047 169.274754
3.000138 5312.500000 15858 5285.757166 169.144229
3.000245 5312.500000 16038 5345.563797 171.058042
3.000054 5312.500000 15748 5249.238742 167.975640
3.000100 5312.500000 15881 5293.489859 169.391675
3.000012 5312.500000 15982 5327.311345 170.473963
3.000448 5312.500000 15909 5302.208058 169.670658
3.000072 5312.500000 15855 5284.872434 169.115918
3.000026 5312.500000 15957 5318.953364 170.206508
3.000479 5312.500000 16061 5352.811899 171.289981
3.000124 5312.500000 15947 5315.447721 170.094327
3.000139 5312.500000 15994 5331.086038 170.594753
3.000136 5312.500000 15878 5292.427530 169.357681
3.000018 5312.500000 16031 5343.634158 170.996293
3.000110 5312.500000 15852 5283.805924 169.081790
3.000061 5312.500000 15978 5325.892523 170.428561
3.000059 5312.500000 15924 5307.895561 169.852658
3.000063 5312.500000 15951 5316.889047 170.140450
3.000060 5312.500000 16129 5376.225013 172.039200
3.000683 5312.500000 15902 5299.459826 169.582714
3.000087 5312.500000 15776 5258.514672 168.272470
3.000152 5312.500000 15996 5331.730428 170.615374
3.000391 5312.500000 15970 5322.638861 170.324444
3.000010 5312.500000 15684 5227.982595 167.295443
3.000210 5312.500000 15627 5208.636180 166.676358
3.000015 5312.500000 15884 5294.639966 169.428479
6.000239 5312.500000 15873 5290.823752 169.306360
6.000270 5312.500000 15785 5261.629576 168.372146
6.000275 5312.500000 15377 5125.196424 164.006286
6.000292 5312.500000 15853 5284.057146 169.089829
6.000175 5312.500000 16002 5333.784253 170.681096
6.000063 5312.500000 15900 5299.995609 169.599859
6.000778 5312.500000 15779 5258.349163 168.267173
6.000277 5312.500000 16008 5335.942007 170.750144
6.000280 5312.500000 16106 5368.345693 171.787062
6.000247 5312.500000 15862 5287.025249 169.184808
6.000788 5312.500000 15995 5330.828949 170.586526
6.000469 5312.500000 15954 5317.668051 170.165378
6.000306 5312.500000 16080 5359.475267 171.503209
6.000515 5312.500000 15820 5272.694016 168.726209
6.000146 5312.500000 15679 5226.182050 167.237826
6.000156 5312.500000 15554 5184.635628 165.908340
6.000363 5312.500000 15960 5319.414298 170.221258
6.000184 5312.500000 16037 5345.559148 171.057893
6.000399 5312.500000 16042 5347.311661 171.113973
6.000136 5312.500000 16149 5382.911183 172.253158
6.000477 5312.500000 16067 5355.614436 171.379662
6.000449 5312.500000 15880 5293.231614 169.383412
6.000052 5312.500000 15965 5321.606677 170.291414
6.000477 5312.500000 15914 5303.930137 169.725764
6.000558 5312.500000 16202 5399.775533 172.792817
6.001132 5312.500000 15871 5289.182287 169.253833
6.000442 5312.500000 15780 5259.418779 168.301401
6.000819 5312.500000 16006 5335.091838 170.722939
6.000187 5312.500000 15923 5307.353298 169.835306
6.000287 5312.500000 15993 5330.863015 170.587616
6.002543 5312.500000 16272 5423.886914 173.564381
6.000018 5312.500000 15965 5321.661777 170.293177
9.000302 5312.500000 15884 5294.457771 169.422649
9.000570 5312.500000 16021 5339.812167 170.873989
9.000256 5312.500000 15957 5318.984618 170.207508
9.000401 5312.500000 15942 5313.784747 170.041112
9.000390 5312.500000 15956 5318.399599 170.188787
9.000245 5312.500000 15919 5306.175176 169.797606
9.000250 5312.500000 16185 5394.813550 172.634034
9.000541 5312.500000 16059 5352.872704 171.291927
9.000439 5312.500000 16002 5333.739014 170.679648
9.000071 5312.500000 16036 5345.300325 171.049610
9.000472 5312.500000 15981 5326.870666 170.459861
9.000571 5312.500000 16143 5380.525792 172.176825
9.000597 5312.500000 16103 5367.090602 171.746899
9.000402 5312.500000 15702 5233.536768 167.473177
9.000709 5312.500000 15793 5263.397505 168.428720
9.000375 5312.500000 15898 5299.312340 169.577995
9.000277 5312.500000 16025 5341.653482 170.932911
9.000620 5312.500000 15934 5311.080906 169.954589
9.000565 5312.500000 15934 5311.245772 169.959865
9.000394 5312.500000 16050 5349.410391 171.181133
9.000470 5312.500000 15939 5312.949040 170.014369
9.001010 5312.500000 15929 5309.256147 169.896197
9.000649 5312.500000 15900 5299.838045 169.594817
9.000883 5312.500000 16044 5347.831472 171.130607
9.000449 5312.500000 16071 5356.999435 171.423982
9.001334 5312.500000 15945 5314.642671 170.068565
9.000555 5312.500000 16108 5369.193673 171.814198
9.001105 5312.500000 16156 5384.820505 172.314256
9.000407 5312.500000 15927 5308.610878 169.875548
9.000397 5312.500000 15786 5261.806730 168.377815
9.003018 5312.500000 15924 5307.159510 169.829104
9.000478 5312.500000 15815 5270.859133 168.667492
12.000426 5312.500000 15889 5296.289735 169.481272
12.000293 5312.500000 15967 5322.267207 170.312551
12.000514 5312.500000 15920 5306.454101 169.806531
12.000620 5312.500000 16077 5358.386869 171.468380
12.000548 5312.500000 15901 5300.198651 169.606357
12.001310 5312.500000 16230 5408.182857 173.061851
12.000194 5312.500000 16171 5390.111860 172.483580
12.001575 5312.500000 15892 5295.560421 169.457933
12.001038 5312.500000 15858 5284.611120 169.107556
12.000818 5312.500000 15787 5261.557183 168.369830
12.000674 5312.500000 15800 5266.571308 168.530282
12.000640 5312.500000 16050 5349.924783 171.197593
12.000519 5312.500000 15893 5297.525923 169.520830
12.000760 5312.500000 15693 5230.660200 167.381126
12.000447 5312.500000 15961 5320.252974 170.248095
12.000545 5312.500000 16060 5352.798818 171.289562
12.000578 5312.500000 15973 5324.142578 170.372562
12.000844 5312.500000 16012 5336.524683 170.768790
12.001164 5312.500000 15829 5275.237995 168.807616
12.000573 5312.500000 15974 5324.661030 170.389153
12.000964 5312.500000 15868 5289.190030 169.254081
12.000904 5312.500000 16025 5341.213515 170.918832
12.000584 5312.500000 16026 5341.947855 170.942331
12.001170 5312.500000 15920 5306.383125 169.804260
12.000975 5312.500000 15928 5308.862410 169.883597
12.001451 5312.500000 15930 5309.793088 169.913379
12.001202 5312.500000 15847 5282.161344 169.029163
12.000574 5312.500000 16147 5382.109736 172.227512
12.000943 5312.500000 15979 5325.382574 170.412242
12.000437 5312.500000 15814 5271.262732 168.680407
12.003521 5312.500000 16135 5377.432216 172.077831
12.000691 5312.500000 15872 5290.289474 169.289263
15.001191 5312.500000 15869 5289.629647 169.268149
15.000430 5312.500000 16010 5336.659978 170.773119
15.000769 5312.500000 15795 5264.561023 168.465953
15.000681 5312.500000 15700 5233.101342 167.459243
15.000680 5312.500000 16017 5338.989711 170.847671
15.000749 5312.500000 15776 5258.440578 168.270099
15.000759 5312.500000 15734 5244.292078 167.817346
15.001253 5312.500000 16061 5352.786613 171.289172
15.000867 5312.500000 15977 5325.626580 170.420051
15.000620 5312.500000 16073 5357.357881 171.435452
15.000590 5312.500000 16085 5361.530894 171.568989
15.000907 5312.500000 15801 5266.529932 168.528958
15.000297 5312.500000 15828 5275.818331 168.826187
15.001737 5312.500000 15792 5262.662446 168.405198
15.000784 5312.500000 15938 5312.294368 169.993420
15.001054 5312.500000 15752 5250.252978 168.008095
15.000360 5312.500000 15714 5237.883947 167.612286
15.001582 5312.500000 16231 5410.320928 173.130270
15.001139 5312.500000 16091 5363.353700 171.627318
15.001317 5312.500000 16030 5343.059273 170.977897
15.000993 5312.500000 15939 5312.842490 170.010960
15.001117 5312.500000 16140 5379.857757 172.155448
15.001508 5312.500000 16095 5363.349571 171.627186
15.000756 5312.500000 15948 5315.683945 170.101886
15.001051 5312.500000 15855 5284.809664 169.113909
15.001350 5312.500000 15887 5295.596171 169.459077
15.000576 5312.500000 16273 5424.329466 173.578543
15.001241 5312.500000 15949 5316.265634 170.120500
15.001769 5312.500000 16038 5345.433324 171.053866
15.000523 5312.500000 16066 5355.180589 171.365779
15.003636 5312.500000 15937 5312.129722 169.988151
15.001077 5312.500000 15973 5323.648520 170.356753
18.000731 5312.500000 15804 5267.912101 168.573187
18.001098 5312.500000 15690 5229.923161 167.357541
18.001508 5312.500000 15789 5261.686630 168.373972
18.000354 5312.500000 15970 5323.232509 170.343440
18.000594 5312.500000 15874 5291.043002 169.313376
18.000688 5312.500000 15651 5216.986385 166.943564
18.001151 5312.500000 15759 5252.940474 168.094095
18.001998 5312.500000 15886 5294.132637 169.412244
18.001129 5312.500000 15853 5283.664993 169.077280
18.000627 5312.500000 15660 5219.934973 167.037919
18.000390 5312.500000 15758 5252.612776 168.083609
18.000577 5312.500000 16221 5406.998296 173.023945
18.001554 5312.500000 15870 5289.359831 169.259515
18.000834 5312.500000 16073 5357.576312 171.442442
18.001060 5312.500000 15943 5313.817459 170.042159
18.000654 5312.500000 15897 5298.939412 169.566061
18.000954 5312.500000 15897 5298.918401 169.565389
18.001017 5312.500000 16133 5377.397345 172.076715
18.001233 5312.500000 16168 5389.164755 172.453272
18.001610 5312.500000 16029 5342.949300 170.974378
18.001364 5312.500000 15628 5209.309882 166.697916
18.000994 5312.500000 15850 5282.914127 169.053252
18.001612 5312.500000 15879 5292.010529 169.344337
18.001314 5312.500000 15981 5326.892043 170.460545
18.001013 5312.500000 16080 5359.964471 171.518863
18.001362 5312.500000 15938 5312.452420 169.998477
18.001556 5312.500000 15918 5305.913559 169.789234
18.001897 5312.500000 15962 5320.438718 170.254039
18.001846 5312.500000 15973 5324.140476 170.372495
18.000561 5312.500000 16021 5340.264877 170.888476
18.004221 5312.500000 16168 5388.282298 172.425034
18.001196 5312.500000 15934 5311.123884 169.955964
21.000996 5312.500000 15836 5278.382835 168.908251
21.000385 5312.500000 15943 5314.277841 170.056891
21.000673 5312.500000 16104 5367.859041 171.771489
21.000689 5312.500000 16016 5338.135825 170.820346
21.000785 5312.500000 15964 5321.161486 170.277168
21.001270 5312.500000 15929 5309.219095 169.895011
21.000840 5312.500000 16098 5365.618883 171.699804
21.000998 5312.500000 15750 5249.922602 167.997523
21.001714 5312.500000 15638 5211.531683 166.769014
21.001464 5312.500000 15748 5248.746693 167.959894
21.000794 5312.500000 15876 5291.889292 169.340457
21.000802 5312.500000 15975 5324.738434 170.391630
21.000701 5312.500000 15570 5189.784861 166.073116
21.001650 5312.500000 16116 5371.012627 171.872404
21.001095 5312.500000 16082 5360.519044 171.536609
21.001285 5312.500000 16377 5458.905171 174.684965
21.002143 5312.500000 15969 5321.240919 170.279709
21.002255 5312.500000 15900 5298.338472 169.546831
21.001099 5312.500000 16177 5392.145998 172.548672
21.001679 5312.500000 16118 5372.360425 171.915534
21.001509 5312.500000 15716 5238.413657 167.629237
21.001737 5312.500000 16063 5354.106837 171.331419
21.002352 5312.500000 15985 5327.704218 170.486535
21.001685 5312.500000 16027 5342.100478 170.947215
21.001923 5312.500000 16050 5349.954591 171.198547
21.001807 5312.500000 15692 5230.230389 167.367372
21.001435 5312.500000 15866 5288.536850 169.233179
21.001673 5312.500000 16149 5382.890562 172.252498
21.001930 5312.500000 15827 5275.519843 168.816635
21.000823 5312.500000 16193 5397.195640 172.710260
21.005220 5312.500000 16349 5447.851650 174.331253
21.001315 5312.500000 16028 5342.454737 170.958552
24.000978 5312.500000 15892 5297.008500 169.504272
24.000412 5312.500000 16043 5347.619910 171.123837
24.000882 5312.500000 15897 5298.630432 169.556174
24.002026 5312.500000 16049 5347.830432 171.130574
24.000710 5312.500000 16181 5393.628280 172.596105
24.002197 5312.500000 15948 5313.876590 170.044051
24.001154 5312.500000 15942 5313.346636 170.027092
24.001434 5312.500000 16054 5351.040401 171.233293
24.000938 5312.500000 16236 5411.824253 173.178376
24.000833 5312.500000 15999 5332.766223 170.648519
24.001436 5312.500000 16161 5386.728850 172.375323
24.000805 5312.500000 16066 5355.326485 171.370448
24.002327 5312.500000 16038 5344.541233 171.025319
24.001476 5312.500000 15915 5304.978762 169.759320
24.001888 5312.500000 16024 5341.022838 170.912731
24.001747 5312.500000 15916 5305.212534 169.766801
24.001599 5312.500000 15952 5316.445966 170.126271
24.001944 5312.500000 15998 5332.143332 170.628587
24.001301 5312.500000 16087 5361.965330 171.582891
24.001581 5312.500000 15968 5322.407429 170.317038
24.001864 5312.500000 15710 5236.354204 167.563335
24.002065 5312.500000 16112 5370.080235 171.842568
24.002771 5312.500000 15929 5308.752601 169.880083
24.002727 5312.500000 15709 5235.679721 167.541751
24.002289 5312.500000 15608 5202.043589 166.465395
24.002212 5312.500000 15714 5237.879553 167.612146
24.002318 5312.500000 16121 5372.957682 171.934646
24.001697 5312.500000 16092 5363.955474 171.646575
24.001125 5312.500000 16093 5363.793963 171.641407
24.002548 5312.500000 15814 5270.030150 168.640965
24.005874 5312.500000 15818 5271.518575 168.688594
24.001609 5312.500000 16205 5401.135988 172.836352
27.000959 5312.500000 15904 5301.295164 169.641445
27.000462 5312.500000 15928 5309.244469 169.895823
27.000735 5312.500000 15974 5324.622210 170.387911
27.001137 5312.500000 15965 5321.384666 170.284309
27.002200 5312.500000 16024 5339.970317 170.879050
27.000832 5312.500000 16251 5416.952498 173.342480
27.002151 5312.500000 15825 5274.635717 168.788343
27.001001 5312.500000 15983 5327.455007 170.478560
27.001631 5312.500000 15952 5316.749566 170.135986
27.001376 5312.500000 16167 5388.600795 172.435225
27.001937 5312.500000 15788 5261.787230 168.377191
27.002025 5312.500000 16096 5364.837209 171.674791
27.001490 5312.500000 15982 5327.308348 170.473867
27.000875 5312.500000 15854 5284.592852 169.106971
27.001632 5312.500000 15914 5304.576443 169.746446
27.002000 5312.500000 15916 5305.135207 169.764327
27.001941 5312.500000 15862 5287.197053 169.190306
27.001618 5312.500000 15997 5332.300809 170.633626
27.002276 5312.500000 16085 5361.551670 171.569653
27.002110 5312.500000 16127 5375.585622 172.018740
27.002430 5312.500000 15959 5319.484753 170.223512
27.003457 5312.500000 15925 5306.267128 169.800548
27.002764 5312.500000 15933 5310.933836 169.949883
27.002869 5312.500000 15885 5294.028303 169.408906
27.002029 5312.500000 16023 5340.994831 170.911835
27.001710 5312.500000 16162 5387.311363 172.393964
27.002927 5312.500000 16040 5346.388472 171.084431
27.002356 5312.500000 15814 5271.053803 168.673722
27.002714 5312.500000 16154 5384.369713 172.299831
27.001173 5312.500000 15782 5260.581463 168.338607
27.006435 5312.500000 15991 5329.335569 170.538738
27.001674 5312.500000 16129 5376.218046 172.038977
#type       avg     std     min     5th    10th    90th    95th    99th
read     1284.7   554.3   208.0   824.2   871.2  1590.3  1659.9  2226.9
update   1284.5   557.2   208.0   824.4   871.5  1589.8  1659.2  2222.3
op_q        8.9     4.3     1.0     3.8     4.6    13.1    15.3    18.7

Total QPS = 340112.6 (10203378 / 30.0s)

Misses = 32670 (0.4%)
Skipped TXs = 0 (0.0%)

RX 1755252817 bytes :   55.8 MB/s
TX 1129435654 bytes :   35.9 MB/s
