3.000967 1250.000000 3728 1242.266417 39.752525
3.003444 1250.000000 3853 1282.860515 41.051536
3.000974 1250.000000 3787 1261.923685 40.381558
3.000185 1250.000000 3687 1228.924030 39.325569
3.000781 1250.000000 3683 1227.347033 39.275105
3.000882 1250.000000 3685 1227.972411 39.295117
3.000244 1250.000000 3710 1236.566161 39.570117
3.000030 1250.000000 3699 1232.987483 39.455599
3.000091 1250.000000 3829 1276.294629 40.841428
3.001544 1250.000000 3887 1295.000233 41.440007
3.003095 1250.000000 3748 1248.045674 39.937462
3.000331 1250.000000 3696 1231.864148 39.419653
3.000221 1250.000000 3755 1251.574449 40.050382
3.000690 1250.000000 3803 1267.375146 40.556005
3.000041 1250.000000 3744 1247.983051 39.935458
3.000817 1250.000000 3741 1246.660631 39.893140
3.000645 1250.000000 3671 1223.403509 39.148912
3.000218 1250.000000 3659 1219.578083 39.026499
3.001211 1250.000000 3742 1246.830158 39.898565
3.000324 1250.000000 3708 1235.866431 39.547726
3.000037 1250.000000 3729 1242.984575 39.775506
3.002944 1250.000000 3717 1237.785143 39.609125
3.000076 1250.000000 3733 1244.301963 39.817663
3.001582 1250.000000 3735 1244.343792 39.819001
3.001367 1250.000000 3782 1260.092624 40.322964
3.003761 1250.000000 3668 1221.135698 39.076342
3.000261 1250.000000 3628 1209.228060 38.695298
3.001884 1250.000000 3864 1287.191605 41.190131
3.000289 1250.000000 3774 1257.879030 40.252129
3.000978 1250.000000 3765 1254.590872 40.146908
3.000604 1250.000000 3758 1252.414584 40.077267
3.001483 1250.000000 3690 1229.392347 39.340555
6.002439 1250.000000 3686 1228.315990 39.306112
6.000326 1250.000000 3735 1244.881429 39.836206
6.000366 1250.000000 3657 1218.983087 39.007459
6.001344 1250.000000 3642 1213.772190 38.840710
6.000667 1250.000000 3671 1223.470367 39.151052
6.001193 1250.000000 3779 1259.535916 40.305149
6.001573 1250.000000 3847 1281.955982 41.022591
6.001452 1250.000000 3731 1243.155351 39.780971
6.001297 1250.000000 3818 1272.155265 40.708968
6.001646 1250.000000 3922 1306.760288 41.816329
6.000455 1250.000000 3777 1258.911549 40.285170
6.001722 1250.000000 3752 1249.980756 39.999384
6.001974 1250.000000 3739 1246.016498 39.872528
6.001722 1250.000000 3808 1268.950203 40.606407
6.001782 1250.000000 3873 1290.510951 41.296350
6.001259 1250.000000 3620 1206.552109 38.609667
6.001951 1250.000000 3608 1202.272154 38.472709
6.005275 1250.000000 3641 1212.159223 38.789095
6.000525 1250.000000 3701 1233.541847 39.473339
6.000621 1250.000000 3839 1279.417617 40.941364
6.001900 1250.000000 3801 1266.308049 40.521858
6.000106 1250.000000 3766 1255.301610 40.169652
6.003443 1250.000000 3705 1234.856829 39.515419
6.000785 1250.000000 3725 1241.461313 39.726762
6.002605 1250.000000 3712 1236.822644 39.578325
6.003540 1250.000000 3790 1263.082739 40.418648
6.002072 1250.000000 3806 1268.587044 40.594785
6.004105 1250.000000 3674 1224.396927 39.180702
6.001823 1250.000000 3691 1229.987055 39.359586
6.004296 1250.000000 3716 1238.445906 39.630269
6.001235 1250.000000 3660 1219.743337 39.031787
6.002216 1250.000000 3894 1297.682849 41.525851
9.004499 1250.000000 3789 1261.299583 40.361587
9.002283 1250.000000 3659 1219.462911 39.022813
9.000372 1250.000000 3712 1237.314674 39.594070
9.000773 1250.000000 3627 1208.957177 38.686630
9.001870 1250.000000 3854 1284.090693 41.090902
9.002412 1250.000000 3771 1256.807033 40.217825
9.000431 1250.000000 3673 1224.306873 39.177820
9.002102 1250.000000 3659 1219.614310 39.027658
9.002580 1250.000000 3797 1265.145404 40.484653
9.001473 1250.000000 3900 1299.907331 41.597035
9.001283 1250.000000 3747 1248.962801 39.966810
9.003214 1250.000000 3739 1245.652117 39.860868
9.003873 1250.000000 3672 1222.949823 39.134394
9.001580 1250.000000 3805 1268.279053 40.584930
9.002012 1250.000000 3642 1213.882956 38.844255
9.003203 1250.000000 3789 1261.697704 40.374327
9.002147 1250.000000 3728 1242.459329 39.758699
9.003234 1250.000000 3739 1245.850808 39.867226
9.000928 1250.000000 3765 1254.871615 40.155892
9.001775 1250.000000 3835 1278.310488 40.905936
9.001672 1250.000000 3673 1223.971522 39.167089
9.003134 1250.000000 3732 1243.711770 39.798777
9.008892 1250.000000 3856 1283.003071 41.056098
9.004204 1250.000000 3804 1267.958385 40.574668
9.003215 1250.000000 3755 1251.118653 40.035797
9.010032 1250.000000 3674 1221.642421 39.092557
9.003662 1250.000000 3700 1233.283167 39.465061
9.007718 1250.000000 3789 1261.972053 40.383106
9.002564 1250.000000 3779 1259.355684 40.299382
9.010410 1250.000000 3736 1242.800378 39.769612
9.005399 1250.000000 3714 1236.284270 39.561097
9.002614 1250.000000 3747 1248.834193 39.962694
12.001417 1250.000000 3826 1274.889049 40.796450
12.000958 1250.000000 3692 1230.450312 39.374410
12.001747 1250.000000 3849 1282.583768 41.042681
12.001611 1250.000000 3737 1245.530423 39.856974
12.003798 1250.000000 3811 1269.395041 40.620641
12.002273 1250.000000 3928 1308.984105 41.887491
12.002695 1250.000000 3643 1214.218540 38.854993
12.003007 1250.000000 3687 1228.592294 39.314953
12.003575 1250.000000 3620 1206.521224 38.608679
12.003772 1250.000000 3689 1228.982762 39.327448
12.004359 1250.000000 3750 1249.078946 39.970526
12.001280 1250.000000 3651 1216.857105 38.939427
12.002729 1250.000000 3585 1194.940902 38.238109
12.002052 1250.000000 3732 1243.924680 39.805590
12.002135 1250.000000 3741 1246.850697 39.899222
12.002813 1250.000000 3769 1256.111475 40.195567
12.004357 1250.000000 3824 1273.526546 40.752849
12.007101 1250.000000 3893 1296.271943 41.480702
12.003765 1250.000000 3755 1251.403365 40.044908
12.003360 1250.000000 3709 1236.268741 39.560600
12.005386 1250.000000 3778 1258.837155 40.282789
12.007531 1250.000000 3820 1272.047743 40.705528
12.005513 1250.000000 3771 1256.046009 40.193472
12.003946 1250.000000 3822 1273.879094 40.764131
12.003255 1250.000000 3745 1248.316676 39.946134
12.002585 1250.000000 3751 1250.324261 40.010376
12.007925 1250.000000 3848 1282.578144 41.042501
12.010090 1250.000000 3683 1227.176445 39.269646
12.014816 1250.000000 3799 1264.476381 40.463244
12.010483 1250.000000 3982 1327.133935 42.468286
12.005413 1250.000000 3673 1224.327244 39.178472
12.002793 1250.000000 3589 1196.261924 38.280382
15.003273 1250.000000 3770 1256.027607 40.192883
15.002814 1250.000000 3728 1242.031808 39.745018
15.001362 1250.000000 3921 1306.824225 41.818375
15.002838 1250.000000 3612 1203.429971 38.509759
15.001910 1250.000000 3786 1261.873956 40.379967
15.002354 1250.000000 3722 1240.633112 39.700260
15.002812 1250.000000 3751 1250.298691 40.009558
15.004317 1250.000000 3778 1258.783595 40.281075
15.002300 1250.000000 3813 1270.894878 40.668636
15.004676 1250.000000 3814 1270.494582 40.655827
15.002437 1250.000000 3857 1285.537306 41.137194
15.003837 1250.000000 3795 1264.568458 40.466191
15.004294 1250.000000 3861 1286.691822 41.174138
15.004484 1250.000000 3648 1215.721935 38.903102
15.004588 1250.000000 3726 1241.662090 39.733187
15.003998 1250.000000 3819 1272.978307 40.735306
15.007306 1250.000000 3605 1200.249889 38.407996
15.006419 1250.000000 3650 1215.831915 38.906621
15.007776 1250.000000 3929 1309.559917 41.905917
15.003844 1250.000000 3808 1269.084055 40.610690
15.004398 1250.000000 3736 1245.316279 39.850121
15.004260 1250.000000 3741 1246.625804 39.892026
15.008849 1250.000000 3792 1262.542747 40.401368
15.002878 1250.000000 3786 1261.877017 40.380065
15.005519 1250.000000 3742 1247.330812 39.914586
15.010836 1250.000000 3837 1277.409489 40.877104
15.009687 1250.000000 3745 1247.600638 39.923220
15.010345 1250.000000 3801 1266.892589 40.540563
15.010794 1250.000000 3802 1267.201903 40.550461
15.005687 1250.000000 3778 1259.218369 40.294988
15.016317 1250.000000 3669 1222.388185 39.116422
15.003914 1250.000000 3658 1218.878041 39.004097
18.004549 1250.000000 3787 1262.306135 40.393796
18.003694 1250.000000 3837 1278.463954 40.910847
18.002146 1250.000000 3807 1268.668477 40.597391
18.002010 1250.000000 3703 1234.292187 39.497350
18.002403 1250.000000 3677 1225.646525 39.220689
18.003389 1250.000000 3667 1222.285998 39.113152
18.003552 1250.000000 3780 1259.700200 40.310406
18.003849 1250.000000 3725 1241.664447 39.733262
18.004498 1250.000000 3884 1293.940149 41.406085
18.002945 1250.000000 3809 1269.610537 40.627537
18.007204 1250.000000 3701 1232.471185 39.439078
18.002581 1250.000000 3651 1216.886115 38.940356
18.004923 1250.000000 3813 1270.607930 40.659454
18.004695 1250.000000 3767 1255.621852 40.179899
18.004961 1250.000000 3701 1233.401986 39.468864
18.007448 1250.000000 3815 1269.732448 40.631438
18.003944 1250.000000 3742 1247.288860 39.913244
18.005688 1250.000000 3752 1250.244909 40.007837
18.004343 1250.000000 3772 1257.298376 40.233548
18.007367 1250.000000 3860 1286.260022 41.160321
18.008536 1250.000000 3660 1218.774216 39.000775
18.007306 1250.000000 3591 1196.999951 38.303998
18.008190 1250.000000 3836 1277.052631 40.865684
18.008009 1250.000000 3720 1239.903649 39.676917
18.009356 1250.000000 3704 1234.458013 39.502656
18.012230 1250.000000 3735 1244.218062 39.814978
18.010209 1250.000000 3731 1243.450374 39.790412
18.013846 1250.000000 3806 1267.395187 40.556646
18.010838 1250.000000 3814 1271.314639 40.682068
18.006059 1250.000000 3810 1269.842508 40.634960
18.019005 1250.000000 3651 1215.910717 38.909143
18.006476 1250.000000 3589 1195.312555 38.250002
21.008238 1250.000000 3788 1262.570228 40.402247
21.010311 1250.000000 3633 1210.283955 38.729087
21.004692 1250.000000 3745 1247.218519 39.910993
21.003515 1250.000000 3708 1235.948352 39.550347
21.003229 1250.000000 3840 1279.878630 40.956116
21.002917 1250.000000 3767 1255.451860 40.174460
21.003931 1250.000000 3775 1258.174549 40.261586
21.002344 1250.000000 3619 1206.253517 38.600113
21.004969 1250.000000 3861 1286.519754 41.168632
21.006033 1250.000000 3853 1283.761089 41.080355
21.004475 1250.000000 3549 1182.692248 37.846152
21.003104 1250.000000 3675 1224.786557 39.193170
21.004680 1250.000000 3646 1215.035354 38.881131
21.006259 1250.000000 3782 1260.121616 40.323892
21.004720 1250.000000 3779 1259.594616 40.307028
21.010186 1250.000000 3596 1196.872232 38.299911
21.004929 1250.000000 3728 1242.488289 39.759625
21.009644 1250.000000 3751 1249.317150 39.978149
21.004956 1250.000000 3643 1214.085551 38.850738
21.005904 1250.000000 3664 1220.934099 39.069891
21.007477 1250.000000 3682 1227.263679 39.272438
21.008032 1250.000000 3766 1255.088843 40.162843
21.007641 1250.000000 3820 1273.217352 40.742955
21.012994 1250.000000 3765 1254.680378 40.149772
21.013874 1250.000000 3758 1252.654934 40.084958
21.009588 1250.000000 3637 1212.239661 38.791669
21.010248 1250.000000 3708 1235.983815 39.551482
21.008603 1250.000000 3751 1250.161046 40.005153
21.012038 1250.000000 3765 1254.498396 40.143949
21.006277 1250.000000 3783 1260.908620 40.349076
21.019238 1250.000000 3748 1249.236362 39.975564
21.006488 1250.000000 3672 1223.994934 39.167838
24.012498 1250.000000 3912 1300.521798 41.616698
24.005632 1250.000000 3765 1254.606825 40.147418
24.004395 1250.000000 3804 1267.375438 40.556014
24.003926 1250.000000 3774 1257.827288 40.250473
24.005559 1250.000000 3819 1271.637331 40.692395
24.007043 1250.000000 3617 1204.717585 38.550963
24.007393 1250.000000 3743 1246.642666 39.892565
24.003709 1250.000000 3725 1241.416138 39.725316
24.004677 1250.000000 3758 1252.354971 40.075359
24.007100 1250.000000 3657 1218.514148 38.992453
24.003845 1250.000000 3670 1223.082186 39.138630
24.005001 1250.000000 3728 1242.550200 39.761606
24.005243 1250.000000 3804 1267.878725 40.572119
24.006371 1250.000000 3907 1302.284683 41.673110
24.007140 1250.000000 3630 1209.553599 38.705715
24.005206 1250.000000 3740 1246.568397 39.890189
24.009155 1250.000000 3741 1246.618854 39.891803
24.007687 1250.000000 3829 1276.244012 40.839808
24.007964 1250.000000 3756 1251.864975 40.059679
24.010107 1250.000000 3685 1228.143782 39.300601
24.011674 1250.000000 3741 1246.407658 39.885045
24.009217 1250.000000 3707 1235.413856 39.533243
24.010889 1250.000000 3806 1268.116586 40.579731
24.010285 1250.000000 3677 1225.625871 39.220028
24.010892 1250.000000 3726 1241.759441 39.736302
24.009251 1250.000000 3776 1258.155643 40.260981
24.013176 1250.000000 3770 1256.190164 40.198085
24.013115 1250.000000 3825 1274.948774 40.798361
24.015392 1250.000000 3797 1265.026739 40.480856
24.006394 1250.000000 3699 1232.951822 39.454458
24.019307 1250.000000 3768 1255.971085 40.191075
24.009461 1250.000000 3803 1266.411986 40.525184
27.005667 1250.000000 3727 1241.806740 39.737816
27.008584 1250.000000 3720 1239.744015 39.671808
27.004623 1250.000000 3753 1250.675608 40.021619
27.005903 1250.000000 3816 1271.162469 40.677199
27.005575 1250.000000 3735 1244.627596 39.828083
27.003919 1250.000000 3776 1258.578522 40.274513
27.005766 1250.000000 3793 1264.011091 40.448355
27.006020 1250.000000 3696 1231.840704 39.418903
27.006276 1250.000000 3762 1253.700144 40.118405
27.008737 1250.000000 3853 1283.320980 41.066271
27.007654 1250.000000 3764 1253.658855 40.117083
27.005944 1250.000000 3780 1259.690072 40.310082
27.008864 1250.000000 3798 1265.256130 40.488196
27.007733 1250.000000 3808 1269.082305 40.610634
27.008502 1250.000000 3682 1226.736625 39.255572
27.012119 1250.000000 3804 1267.150004 40.548800
27.007795 1250.000000 3757 1252.165727 40.069303
27.008840 1250.000000 3768 1255.517291 40.176553
27.010024 1250.000000 3834 1277.630133 40.884164
27.010294 1250.000000 3822 1273.542793 40.753369
27.010401 1250.000000 3746 1248.618508 39.955792
27.016636 1250.000000 3692 1228.313612 39.306036
27.011728 1250.000000 3760 1253.310911 40.105949
27.013530 1250.000000 3782 1258.871174 40.283878
27.011642 1250.000000 3733 1244.022495 39.808720
27.013239 1250.000000 3656 1218.616324 38.995722
27.013692 1250.000000 3737 1245.171220 39.845479
27.006735 1250.000000 3803 1267.522640 40.560724
27.013194 1250.000000 3752 1250.659043 40.021089
27.015642 1250.000000 3631 1210.232153 38.727429
27.019708 1250.000000 3652 1217.170655 38.949461
27.010019 1250.000000 3765 1254.766230 40.152519
#type       avg     std     min     5th    10th    90th    95th    99th
read       79.6    62.5    37.4    55.7    58.3   105.4   117.2   147.9
update     83.3    58.8    45.3    57.7    61.0   110.2   122.5   152.5
op_q        1.1     0.3     1.0     1.0     1.0     2.0     2.1     2.1

Total QPS = 79899.0 (2396971 / 30.0s)

Misses = 0 (0.0%)
Skipped TXs = 0 (0.0%)

RX  413174423 bytes :   13.1 MB/s
TX  265765892 bytes :    8.4 MB/s
