3.000230 3888.888889 11890 3963.029635 126.816948
3.000109 3888.888889 11601 3866.859337 123.739499
3.002418 3888.888889 11708 3899.524077 124.784770
3.000074 3888.888889 11361 3786.905994 121.180992
3.000071 3888.888889 11611 3870.241966 123.847743
3.000529 3888.888889 11715 3904.311088 124.937955
3.000223 3888.888889 11761 3920.042325 125.441354
3.000050 3888.888889 11773 3924.267689 125.576566
3.000069 3888.888889 11532 3843.911297 123.005162
3.000455 3888.888889 11509 3835.752025 122.744065
3.000033 3888.888889 11655 3884.957143 124.318629
3.000626 3888.888889 11720 3905.851088 124.987235
3.000254 3888.888889 11542 3847.007314 123.104234
3.000411 3888.888889 11717 3905.131391 124.964205
3.000027 3888.888889 11770 3923.297860 125.545532
3.000229 3888.888889 11950 3983.029763 127.456952
3.000011 3888.888889 11534 3844.652745 123.028888
3.000254 3888.888889 11594 3864.340092 123.658883
3.000192 3888.888889 11513 3837.420779 122.797465
3.000145 3888.888889 11624 3874.478848 123.983323
3.000504 3888.888889 11704 3900.678541 124.821713
3.002012 3888.888889 11565 3852.416651 123.277333
3.000071 3888.888889 11450 3816.576044 122.130433
3.000259 3888.888889 11766 3921.661558 125.493170
3.000082 3888.888889 11544 3847.894960 123.132639
3.000166 3888.888889 11654 3884.452338 124.302475
3.000015 3888.888889 11600 3866.647539 123.732721
3.000740 3888.888889 11698 3898.371139 124.747876
3.000456 3888.888889 11334 3777.426038 120.877633
3.000847 3888.888889 11703 3899.898382 124.796748
3.000207 3888.888889 11784 3927.728814 125.687322
3.000028 3888.888889 11519 3839.630651 122.868181
6.001754 3888.888889 11564 3852.433166 123.277861
6.000748 3888.888889 11553 3850.335685 123.210742
6.001075 3888.888889 11698 3898.026371 124.736844
6.000546 3888.888889 11622 3873.435413 123.949933
6.000454 3888.888889 11798 3932.164782 125.829273
6.000895 3888.888889 11599 3865.507097 123.696227
6.000224 3888.888889 11615 3871.626174 123.892038
6.000344 3888.888889 11751 3916.586700 125.330774
6.000120 3888.888889 11588 3862.554470 123.601743
6.000201 3888.888889 11595 3864.754497 123.672144
6.000521 3888.888889 11538 3845.518775 123.056601
6.000264 3888.888889 11974 3991.201956 127.718463
6.000154 3888.888889 11674 3891.229895 124.519357
6.000246 3888.888889 11874 3957.969404 126.655021
6.000521 3888.888889 11567 3855.291501 123.369328
6.000346 3888.888889 11577 3858.619944 123.475838
6.001072 3888.888889 11763 3920.136012 125.444352
6.000583 3888.888889 11566 3855.265008 123.368480
6.000195 3888.888889 11627 3875.507235 124.016232
6.000201 3888.888889 12036 4011.840326 128.378890
6.000816 3888.888889 11526 3841.757770 122.936249
6.001519 3888.888889 11647 3880.697014 124.182304
6.000845 3888.888889 11736 3911.236190 125.159558
6.000546 3888.888889 11642 3880.612263 124.179592
6.000974 3888.888889 11851 3949.649279 126.388777
6.000638 3888.888889 11601 3866.764581 123.736467
6.000864 3888.888889 11678 3892.644595 124.564627
6.000954 3888.888889 11729 3909.387920 125.100413
6.002299 3888.888889 11958 3985.618364 127.539788
6.002676 3888.888889 11660 3886.331645 124.362613
6.000504 3888.888889 11720 3906.279562 125.000946
6.000176 3888.888889 11584 3861.143468 123.556591
9.000917 3888.888889 11597 3865.236334 123.687563
9.000162 3888.888889 11606 3868.656086 123.796995
9.000572 3888.888889 11509 3836.182261 122.757832
9.000545 3888.888889 11571 3856.454150 123.406533
9.000256 3888.888889 11760 3919.987098 125.439587
9.000638 3888.888889 11750 3916.283007 125.321056
9.001355 3888.888889 11910 3969.390932 127.020510
9.000572 3888.888889 11510 3836.601772 122.771257
9.000963 3888.888889 11637 3878.460965 124.110751
9.000474 3888.888889 11515 3837.984524 122.815505
9.000635 3888.888889 11569 3855.857073 123.387426
9.000452 3888.888889 11593 3864.038850 123.649243
9.000370 3888.888889 11765 3921.437747 125.486008
9.000561 3888.888889 11656 3885.281248 124.329000
9.000695 3888.888889 11695 3897.879147 124.732133
9.002961 3888.888889 11551 3847.914822 123.133274
9.000239 3888.888889 11601 3866.951268 123.742441
9.001361 3888.888889 11819 3938.861808 126.043578
9.000719 3888.888889 11622 3873.776548 123.960850
9.000884 3888.888889 11856 3951.909635 126.461108
9.001188 3888.888889 11730 3909.849946 125.115198
9.000698 3888.888889 11661 3886.922493 124.381520
9.002506 3888.888889 11670 3887.872177 124.411910
9.001098 3888.888889 11713 3904.172468 124.933519
9.002166 3888.888889 11609 3869.136019 123.812353
9.000967 3888.888889 11617 3872.176008 123.909632
9.001660 3888.888889 11778 3925.815776 125.626105
9.000965 3888.888889 11489 3829.653061 122.548898
9.002882 3888.888889 11572 3856.583236 123.410664
9.002878 3888.888889 11751 3916.737120 125.335588
9.000952 3888.888889 11526 3841.426454 122.925647
9.000363 3888.888889 11701 3900.089746 124.802872
12.002381 3888.888889 11748 3913.640557 125.236498
12.000859 3888.888889 11664 3887.613451 124.403630
12.000378 3888.888889 11598 3865.842034 123.706945
12.000279 3888.888889 11722 3907.280730 125.032983
12.000785 3888.888889 11730 3909.807563 125.113842
12.000740 3888.888889 11731 3909.986260 125.119560
12.000977 3888.888889 11838 3945.633145 126.260261
12.000253 3888.888889 11730 3909.882605 125.116243
12.000814 3888.888889 11698 3899.018755 124.768600
12.001727 3888.888889 11744 3913.125317 125.220010
12.000519 3888.888889 11702 3900.580060 124.818562
12.000409 3888.888889 11512 3837.282731 122.793047
12.000893 3888.888889 11876 3958.655401 126.676973
12.000837 3888.888889 11786 3928.481664 125.711413
12.001916 3888.888889 11611 3869.104434 123.811342
12.000637 3888.888889 11521 3840.329979 122.890559
12.001239 3888.888889 11795 3930.985276 125.791529
12.001379 3888.888889 11760 3919.749501 125.431984
12.001132 3888.888889 11722 3907.288978 125.033247
12.001010 3888.888889 11741 3913.544861 125.233436
12.001368 3888.888889 11623 3874.317205 123.978151
12.001101 3888.888889 11671 3890.159336 124.485099
12.001798 3888.888889 11785 3927.760841 125.688347
12.001757 3888.888889 11580 3859.875094 123.516003
12.003198 3888.888889 11838 3944.641960 126.228543
12.003262 3888.888889 11688 3895.500815 124.656026
12.001396 3888.888889 11560 3852.779251 123.288936
12.002980 3888.888889 11486 3828.641432 122.516526
12.002545 3888.888889 11687 3895.616353 124.659723
12.003227 3888.888889 11780 3926.215226 125.638887
12.000997 3888.888889 11752 3917.275225 125.352807
12.000640 3888.888889 11578 3858.976872 123.487260
15.001190 3888.888889 11712 3903.510603 124.912339
15.000643 3888.888889 11683 3894.030404 124.608973
15.001783 3888.888889 11602 3866.797250 123.737512
15.000411 3888.888889 11595 3864.795830 123.673467
15.000763 3888.888889 11889 3962.492075 126.799746
15.000778 3888.888889 11806 3934.993988 125.919808
15.001911 3888.888889 11635 3876.225347 124.039211
15.000921 3888.888889 11465 3821.588059 122.290818
15.001031 3888.888889 11936 3978.340963 127.306911
15.001468 3888.888889 11564 3854.078507 123.330512
15.000992 3888.888889 11803 3934.129165 125.892133
15.000793 3888.888889 11508 3835.932724 122.749847
15.002032 3888.888889 11701 3899.484851 124.783515
15.001218 3888.888889 11553 3850.582896 123.218653
15.000819 3888.888889 11727 3908.763893 125.080445
15.001297 3888.888889 11584 3860.921664 123.549493
15.001492 3888.888889 11341 3780.013762 120.960440
15.002139 3888.888889 11721 3906.555994 125.009792
15.002071 3888.888889 12002 4000.207944 128.006654
15.001627 3888.888889 11615 3871.028421 123.872909
15.002149 3888.888889 11927 3975.358383 127.211468
15.001195 3888.888889 11929 3976.208292 127.238665
15.001919 3888.888889 11688 3895.789486 124.665264
15.001427 3888.888889 11638 3879.293267 124.137385
15.002459 3888.888889 11840 3946.563696 126.290038
15.003256 3888.888889 11790 3929.639018 125.748449
15.003521 3888.888889 11653 3883.953109 124.286499
15.002630 3888.888889 11523 3840.891475 122.908527
15.001137 3888.888889 11831 3943.481859 126.191419
15.003656 3888.888889 11562 3853.493679 123.311798
15.003716 3888.888889 11747 3914.990917 125.279709
15.000648 3888.888889 11876 3958.656238 126.677000
18.000450 3888.888889 11649 3882.949923 124.254398
18.001606 3888.888889 11590 3862.833852 123.610683
18.000923 3888.888889 11680 3893.125854 124.580027
18.000982 3888.888889 11862 3953.729940 126.519358
18.000823 3888.888889 11705 3901.627276 124.852073
18.000937 3888.888889 11655 3884.618897 124.307805
18.001113 3888.888889 11601 3866.752262 123.736072
18.002055 3888.888889 11559 3852.971122 123.295076
18.001444 3888.888889 11609 3869.133491 123.812272
18.002065 3888.888889 11801 3932.916068 125.853314
18.001004 3888.888889 11552 3850.651393 123.220845
18.001800 3888.888889 11955 3984.558910 127.505885
18.001040 3888.888889 11818 3939.042114 126.049348
18.001815 3888.888889 11626 3874.525234 123.984807
18.002013 3888.888889 11410 3803.203974 121.702527
18.002091 3888.888889 11652 3883.777801 124.280890
18.003617 3888.888889 11624 3874.200448 123.974414
18.001835 3888.888889 11547 3848.933870 123.165884
18.001307 3888.888889 11738 3912.654143 125.204933
18.001687 3888.888889 11705 3901.588147 124.850821
18.001849 3888.888889 11696 3897.817733 124.730167
18.002214 3888.888889 11702 3900.582541 124.818641
18.002481 3888.888889 11697 3898.466656 124.750933
18.002202 3888.888889 11650 3883.251662 124.264053
18.002542 3888.888889 11684 3894.558794 124.625881
18.001461 3888.888889 11915 3971.621867 127.091900
18.003717 3888.888889 11496 3831.922352 122.621515
18.003848 3888.888889 11677 3891.909000 124.541088
18.003827 3888.888889 11820 3939.854038 126.075329
18.001175 3888.888889 11691 3896.951149 124.702437
18.002775 3888.888889 11508 3835.813995 122.746048
18.000916 3888.888889 11617 3871.987454 123.903599
21.000589 3888.888889 11430 3809.823076 121.914338
21.001472 3888.888889 11590 3862.871604 123.611891
21.000989 3888.888889 11686 3895.325206 124.650407
21.001333 3888.888889 11678 3892.152644 124.548885
21.001273 3888.888889 11681 3893.318113 124.586180
21.000941 3888.888889 11708 3902.643582 124.884595
21.001250 3888.888889 11695 3897.779121 124.728932
21.002065 3888.888889 11520 3839.411605 122.861171
21.002358 3888.888889 11598 3865.813867 123.706044
21.001954 3888.888889 11591 3863.513219 123.632423
21.002441 3888.888889 11593 3863.049514 123.617584
21.001071 3888.888889 11739 3912.960631 125.214740
21.002047 3888.888889 11616 3871.700965 123.894431
21.002527 3888.888889 11608 3868.723688 123.799158
21.002315 3888.888889 11829 3942.850845 126.171227
21.002130 3888.888889 11592 3863.575145 123.634405
21.001348 3888.888889 11626 3875.279366 124.008940
21.002220 3888.888889 11700 3899.798108 124.793539
21.002155 3888.888889 11676 3891.916316 124.541322
21.002890 3888.888889 11503 3832.508337 122.640267
21.002745 3888.888889 11549 3849.327304 123.178474
21.002376 3888.888889 11883 3960.520178 126.736646
21.001890 3888.888889 11727 3908.735938 125.079550
21.001860 3888.888889 11760 3919.985617 125.439540
21.003708 3888.888889 11693 3896.152391 124.676877
21.004176 3888.888889 11702 3899.939618 124.798068
21.004164 3888.888889 11573 3857.091372 123.426924
21.002786 3888.888889 11664 3887.986308 124.415562
21.003859 3888.888889 11807 3935.653066 125.940898
21.001572 3888.888889 11797 3931.813213 125.818023
21.003866 3888.888889 11688 3895.950332 124.670411
21.001255 3888.888889 11567 3855.230997 123.367392
24.002141 3888.888889 11599 3864.848698 123.675158
24.000598 3888.888889 11788 3929.321061 125.738274
24.001449 3888.888889 11675 3891.438410 124.526029
24.001029 3888.888889 11801 3933.550108 125.873603
24.001428 3888.888889 11823 3940.766552 126.104530
24.001382 3888.888889 11562 3853.937708 123.326007
24.001594 3888.888889 11619 3872.842475 123.930959
24.002197 3888.888889 11439 3812.691166 122.006117
24.001373 3888.888889 11970 3989.598369 127.667148
24.002190 3888.888889 11377 3792.152764 121.348888
24.002166 3888.888889 11887 3962.285805 126.793146
24.002082 3888.888889 11826 3941.977916 126.143293
24.002038 3888.888889 11742 3913.101028 125.219233
24.001975 3888.888889 11517 3838.852208 122.843271
24.002367 3888.888889 11552 3850.600299 123.219210
24.002906 3888.888889 11540 3846.180708 123.077783
24.002314 3888.888889 11819 3939.458115 126.062660
24.003948 3888.888889 11557 3850.399445 123.212782
24.001902 3888.888889 11671 3890.317737 124.490168
24.002569 3888.888889 11788 3929.056728 125.729815
24.002393 3888.888889 11522 3840.445563 122.894258
24.002747 3888.888889 11750 3916.665068 125.333282
24.002405 3888.888889 11546 3848.629801 123.156154
24.002960 3888.888889 11517 3838.777255 122.840872
24.003833 3888.888889 11637 3878.838752 124.122840
24.004213 3888.888889 11703 3900.937462 124.829999
24.002971 3888.888889 11515 3838.229684 122.823350
24.004232 3888.888889 11492 3830.199202 122.566374
24.003897 3888.888889 11715 3904.949578 124.958386
24.004381 3888.888889 11379 3792.741518 121.367729
24.002574 3888.888889 11691 3895.698490 124.662352
24.001422 3888.888889 11603 3867.450832 123.758427
27.000671 3888.888889 11493 3830.907110 122.589028
27.001514 3888.888889 11893 3964.247444 126.855918
27.001422 3888.888889 11687 3895.157607 124.645043
27.001858 3888.888889 11777 3925.320793 125.610265
27.001679 3888.888889 11619 3872.675447 123.925614
27.003348 3888.888889 11803 3932.751140 125.848036
27.001936 3888.888889 11652 3883.282306 124.265034
27.001466 3888.888889 11693 3897.544878 124.721436
27.002995 3888.888889 11525 3840.498155 122.895941
27.002224 3888.888889 11551 3850.299324 123.209578
27.002415 3888.888889 11624 3874.344241 123.979016
27.002401 3888.888889 11844 3947.439266 126.318056
27.001931 3888.888889 11803 3934.294248 125.897416
27.002364 3888.888889 11733 3910.773164 125.144741
27.002919 3888.888889 11708 3901.880128 124.860164
27.002100 3888.888889 11741 3913.585026 125.234721
27.002372 3888.888889 11635 3878.327394 124.106477
27.002912 3888.888889 11563 3853.893088 123.324579
27.002482 3888.888889 11691 3896.884620 124.700308
27.002933 3888.888889 11644 3881.092532 124.194961
27.002938 3888.888889 11467 3822.293049 122.313378
27.003455 3888.888889 11615 3871.028309 123.872906
27.002427 3888.888889 11718 3905.971573 124.991090
27.004414 3888.888889 11595 3864.251054 123.656034
27.003015 3888.888889 11843 3947.608109 126.323460
27.003997 3888.888889 11475 3824.873265 122.395944
27.004938 3888.888889 11738 3911.720490 125.175056
27.004523 3888.888889 11610 3869.816621 123.834132
27.005631 3888.888889 11802 3932.166171 125.829317
27.004017 3888.888889 11604 3867.910865 123.773148
27.002620 3888.888889 11678 3892.607310 124.563434
27.001683 3888.888889 12059 4019.317715 128.618167
#type       avg     std     min     5th    10th    90th    95th    99th
read      881.0   263.4   276.8   550.6   591.1  1148.0  1393.9  1631.9
update    882.8   263.5   276.8   550.9   591.2  1152.8  1407.2  1633.5
op_q        4.9     2.4     1.0     2.0     2.1     7.9     9.7    12.2

Total QPS = 280135.9 (8404078 / 30.0s)

Misses = 0 (0.0%)
Skipped TXs = 0 (0.0%)

RX 1444293167 bytes :   45.9 MB/s
TX  930258303 bytes :   29.6 MB/s
