3.000699 6250.000000 18998 6331.190832 202.598107
3.000044 6250.000000 18683 6227.576119 199.282436
3.000224 6250.000000 18731 6243.199635 199.782388
3.000017 6250.000000 18806 6268.630469 200.596175
3.000027 6250.000000 18915 6304.943377 201.758188
3.000248 6250.000000 18597 6198.488400 198.351629
3.000021 6250.000000 18769 6256.289676 200.201270
3.000044 6250.000000 18804 6267.908034 200.573057
3.000003 6250.000000 18819 6272.993360 200.735788
3.000073 6250.000000 18721 6240.180980 199.685791
3.000001 6250.000000 18623 6207.665036 198.645281
3.000011 6250.000000 18959 6319.643135 202.228580
3.000134 6250.000000 18741 6246.721692 199.895094
3.000027 6250.000000 18603 6200.944140 198.430212
3.000116 6250.000000 18610 6203.093659 198.498997
3.000270 6250.000000 18612 6203.441638 198.510132
3.000137 6250.000000 18776 6258.380034 200.268161
3.000151 6250.000000 18659 6219.353590 199.019315
3.000170 6250.000000 18583 6193.982584 198.207443
3.000114 6250.000000 18801 6266.761810 200.536378
3.000140 6250.000000 18815 6271.373061 200.683938
3.000233 6250.000000 18846 6281.512915 201.008413
3.000274 6250.000000 18816 6271.427911 200.685693
3.000021 6250.000000 18581 6193.623504 198.195952
3.000168 6250.000000 18692 6230.316749 199.370136
3.000143 6250.000000 18659 6219.370479 199.019855
3.000023 6250.000000 18809 6269.619150 200.627813
3.000169 6250.000000 18848 6282.313204 201.034023
3.000061 6250.000000 18995 6331.537568 202.609202
3.000256 6250.000000 18474 6157.473544 197.039153
3.000185 6250.000000 18780 6259.614252 200.307656
3.000176 6250.000000 18437 6145.306893 196.649821
6.000087 6250.000000 18507 6168.911338 197.405163
6.000305 6250.000000 19038 6345.403632 203.052916
6.000631 6250.000000 18689 6228.708481 199.318671
6.000318 6250.000000 18981 6326.819066 202.458210
6.000312 6250.000000 18758 6252.532782 200.081049
6.000056 6250.000000 18661 6220.218345 199.046987
6.000300 6250.000000 18591 6196.435651 198.285941
6.000478 6250.000000 18759 6252.010850 200.064347
6.000220 6250.000000 18592 6197.030885 198.304988
6.000219 6250.000000 18680 6226.248074 199.239938
6.000032 6250.000000 18610 6203.310651 198.505941
6.000456 6250.000000 18560 6186.073145 197.954341
6.000187 6250.000000 18943 6314.068419 202.050189
6.000172 6250.000000 19023 6340.918742 202.909400
6.000646 6250.000000 18824 6273.407458 200.749039
6.000045 6250.000000 18725 6241.595420 199.731053
6.000155 6250.000000 18773 6257.636220 200.244359
6.000208 6250.000000 18424 6141.188502 196.518032
6.000354 6250.000000 18680 6225.976171 199.231237
6.002665 6250.000000 19187 6391.477744 204.527288
6.000164 6250.000000 18761 6253.563401 200.114029
6.000101 6250.000000 19075 6358.175708 203.461623
6.000831 6250.000000 18638 6211.259454 198.760303
6.000164 6250.000000 18823 6274.231795 200.775417
6.000291 6250.000000 18297 6098.751891 195.160061
6.000436 6250.000000 18806 6268.326910 200.586461
6.000264 6250.000000 18803 6267.584238 200.562696
6.000285 6250.000000 18570 6189.968649 198.078997
6.000198 6250.000000 18824 6274.550989 200.785632
6.000269 6250.000000 18762 6253.973710 200.127159
6.000572 6250.000000 18847 6281.522959 201.008735
6.000374 6250.000000 18684 6227.588277 199.282825
9.000255 6250.000000 18861 6286.901199 201.180838
9.000197 6250.000000 18794 6264.595951 200.467070
9.000351 6250.000000 18946 6314.778755 202.072920
9.000300 6250.000000 19006 6335.161482 202.725167
9.000376 6250.000000 18762 6253.865973 200.123711
9.000107 6250.000000 18860 6286.561218 201.169959
9.000218 6250.000000 18742 6247.221760 199.911096
9.000680 6250.000000 18817 6271.823978 200.698367
9.000083 6250.000000 18765 6254.921935 200.157502
9.000870 6250.000000 18644 6214.202535 198.854481
9.000324 6250.000000 18949 6316.283141 202.121060
9.000056 6250.000000 18718 6239.282317 199.657034
9.000465 6250.000000 18727 6241.970082 199.743043
9.000619 6250.000000 18842 6280.371150 200.971877
9.000620 6250.000000 18729 6242.258250 199.752264
9.000836 6250.000000 18558 6184.904493 197.916944
9.000746 6250.000000 18880 6292.094667 201.347029
9.000363 6250.000000 18968 6322.646088 202.324675
9.000368 6250.000000 18820 6273.022761 200.736728
9.000406 6250.000000 18542 6180.185786 197.765945
9.000732 6250.000000 18652 6217.124564 198.947986
9.000602 6250.000000 18951 6316.333382 202.122668
9.000650 6250.000000 18889 6295.637759 201.460408
9.000108 6250.000000 19020 6339.985974 202.879551
9.000629 6250.000000 18552 6183.644548 197.876626
9.000379 6250.000000 18920 6306.436317 201.805962
9.000481 6250.000000 18695 6231.079463 199.394543
9.000255 6250.000000 18940 6313.190329 202.022091
9.000875 6250.000000 18866 6288.573450 201.234350
9.000912 6250.000000 18692 6229.959618 199.358708
9.002688 6250.000000 18856 6285.287147 201.129189
9.000482 6250.000000 18743 6247.441597 199.918131
12.000971 6250.000000 18610 6203.124746 198.499992
12.000731 6250.000000 18536 6177.380565 197.676178
12.000349 6250.000000 18922 6307.232072 201.831426
12.000651 6250.000000 18750 6248.868855 199.963803
12.000431 6250.000000 18990 6329.629328 202.548139
12.000844 6250.000000 18697 6231.929602 199.421747
12.000352 6250.000000 18938 6312.384485 201.996304
12.000456 6250.000000 18435 6144.837081 196.634787
12.000238 6250.000000 18844 6280.954017 200.990529
12.000516 6250.000000 18841 6279.987390 200.959596
12.000223 6250.000000 18653 6217.614262 198.963656
12.000198 6250.000000 18621 6206.761171 198.616357
12.000486 6250.000000 18607 6202.088954 198.466847
12.000439 6250.000000 18453 6150.930813 196.829786
12.000704 6250.000000 18874 6291.119693 201.315830
12.000811 6250.000000 18724 6240.319629 199.690228
12.000486 6250.000000 18741 6246.745013 199.895840
12.000745 6250.000000 18734 6244.407981 199.821055
12.000937 6250.000000 18723 6240.338091 199.690819
12.000808 6250.000000 18955 6318.064251 202.178056
12.000495 6250.000000 18541 6180.303312 197.769706
12.000983 6250.000000 18846 6281.475562 201.007218
12.000344 6250.000000 18578 6192.482015 198.159424
12.001000 6250.000000 18562 6187.076895 197.986461
12.001019 6250.000000 19056 6351.420747 203.245464
12.000390 6250.000000 18930 6309.977183 201.919270
12.001095 6250.000000 18838 6278.790464 200.921295
12.000711 6250.000000 18734 6244.495903 199.823869
12.000859 6250.000000 18568 6188.522458 198.032719
12.003516 6250.000000 18435 6143.304073 196.585730
12.001010 6250.000000 19140 6379.792624 204.153364
12.000689 6250.000000 18856 6284.900677 201.116822
15.000528 6250.000000 18670 6223.046086 199.137475
15.000644 6250.000000 18624 6207.396834 198.636699
15.000389 6250.000000 18752 6250.582096 200.018627
15.000513 6250.000000 18724 6241.214336 199.718859
15.000722 6250.000000 18666 6221.510089 199.088323
15.000961 6250.000000 18721 6238.798834 199.641563
15.000246 6250.000000 18714 6237.982792 199.615449
15.000576 6250.000000 18728 6242.382173 199.756230
15.000569 6250.000000 18956 6318.376956 202.188063
15.000520 6250.000000 18568 6189.324719 198.058391
15.000868 6250.000000 18637 6212.050817 198.785626
15.000224 6250.000000 18697 6232.279152 199.432933
15.000633 6250.000000 18895 6298.025887 201.536828
15.000706 6250.000000 18759 6252.885959 200.092351
15.000833 6250.000000 18703 6234.289295 199.497257
15.000862 6250.000000 18265 6088.297394 194.825517
15.000808 6250.000000 18941 6313.534087 202.033091
15.000664 6250.000000 18701 6233.315824 199.466106
15.000366 6250.000000 18850 6283.287534 201.065201
15.000984 6250.000000 18904 6301.305846 201.641787
15.001142 6250.000000 18558 6185.746427 197.943886
15.000750 6250.000000 18789 6262.917825 200.413370
15.000743 6250.000000 18662 6220.584635 199.058708
15.000996 6250.000000 18899 6299.543330 201.585387
15.001073 6250.000000 18778 6258.780748 200.280984
15.001076 6250.000000 18926 6308.471277 201.871081
15.000926 6250.000000 18772 6257.193457 200.230191
15.001030 6250.000000 18841 6280.270231 200.968647
15.001143 6250.000000 18700 6233.234718 199.463511
15.001845 6250.000000 18578 6190.944206 198.110215
15.003544 6250.000000 18553 6184.275937 197.896830
15.000699 6250.000000 18663 6220.977923 199.071294
18.000610 6250.000000 18825 6274.912893 200.797213
18.000502 6250.000000 18724 6240.755563 199.704178
18.000498 6250.000000 18718 6239.107672 199.651445
18.001037 6250.000000 18739 6244.687055 199.829986
18.000634 6250.000000 18752 6250.428562 200.013714
18.000650 6250.000000 18620 6206.383940 198.604286
18.000614 6250.000000 18833 6277.586921 200.882781
18.000722 6250.000000 19036 6345.333033 203.050657
18.000706 6250.000000 18966 6321.867948 202.299774
18.000642 6250.000000 18681 6226.426864 199.245660
18.000869 6250.000000 18862 6287.205225 201.190567
18.001021 6250.000000 18546 6181.612042 197.811585
18.001045 6250.000000 18632 6210.286753 198.729176
18.000864 6250.000000 18894 6297.514286 201.520457
18.000751 6250.000000 18893 6297.483859 201.519483
18.001012 6250.000000 18984 6327.940215 202.494087
18.000989 6250.000000 19001 6333.069690 202.658230
18.001130 6250.000000 18841 6280.212418 200.966797
18.001005 6250.000000 18764 6254.380723 200.140183
18.000635 6250.000000 19135 6378.105810 204.099386
18.001400 6250.000000 18686 6227.754572 199.288146
18.001189 6250.000000 18763 6254.096558 200.131090
18.001089 6250.000000 18635 6211.474774 198.767193
18.001320 6250.000000 18666 6221.631749 199.092216
18.001166 6250.000000 18628 6209.051084 198.689635
18.000858 6250.000000 18835 6278.106917 200.899421
18.000943 6250.000000 18821 6273.630062 200.756162
18.001258 6250.000000 18740 6246.425211 199.885607
18.000842 6250.000000 18899 6299.458831 201.582683
18.003656 6250.000000 18805 6268.099288 200.579177
18.001874 6250.000000 18391 6130.273580 196.168755
18.000908 6250.000000 18807 6268.564041 200.594049
21.001106 6250.000000 18611 6202.692284 198.486153
21.000774 6250.000000 18750 6249.667324 199.989354
21.000702 6250.000000 19059 6352.888071 203.292418
21.000544 6250.000000 19402 6467.234199 206.951494
21.000781 6250.000000 19024 6340.971578 202.911091
21.000741 6250.000000 18793 6263.834172 200.442694
21.001298 6250.000000 18921 6306.088856 201.794843
21.001329 6250.000000 18882 6293.707037 201.398625
21.001358 6250.000000 18592 6195.987744 198.271608
21.001229 6250.000000 18940 6312.860641 202.011541
21.000920 6250.000000 18818 6272.559383 200.721900
21.000646 6250.000000 18564 6187.992254 198.015752
21.000987 6250.000000 18651 6216.699610 198.934388
21.001045 6250.000000 18716 6237.994642 199.615829
21.001234 6250.000000 18996 6331.693961 202.614207
21.000696 6250.000000 19168 6389.201091 204.454435
21.001074 6250.000000 19019 6339.606724 202.867415
21.001212 6250.000000 18837 6278.828306 200.922506
21.001033 6250.000000 18607 6202.241663 198.471733
21.001058 6250.000000 18747 6248.956312 199.966602
21.001023 6250.000000 18876 6291.995878 201.343868
21.001162 6250.000000 18370 6123.027064 195.936866
21.001530 6250.000000 18749 6249.395737 199.980664
21.001614 6250.000000 18658 6218.596765 198.995096
21.001392 6250.000000 18794 6264.194890 200.454236
21.001376 6250.000000 18811 6269.251770 200.616057
21.000792 6250.000000 18825 6274.915897 200.797309
21.001296 6250.000000 18553 6183.605799 197.875386
21.001388 6250.000000 18847 6282.192516 201.030161
21.002002 6250.000000 18910 6303.064466 201.698063
21.003665 6250.000000 18772 6257.313423 200.234030
21.001398 6250.000000 18509 6168.658358 197.397067
24.000716 6250.000000 18873 6290.639248 201.300456
24.000736 6250.000000 18802 6267.250776 200.552025
24.000732 6250.000000 18650 6216.605466 198.931375
24.001054 6250.000000 18789 6262.721318 200.407082
24.001106 6250.000000 18989 6329.538899 202.545245
24.000920 6250.000000 18627 6208.629876 198.676156
24.001231 6250.000000 18723 6240.997643 199.711925
24.001181 6250.000000 18505 6168.080715 197.378583
24.000840 6250.000000 19072 6357.209947 203.430718
24.001313 6250.000000 18381 6126.693000 196.054176
24.001553 6250.000000 18909 6302.951221 201.694439
24.000870 6250.000000 18727 6242.133251 199.748264
24.000707 6250.000000 18811 6270.206505 200.646608
24.001158 6250.000000 18622 6207.054307 198.625738
24.001240 6250.000000 18739 6246.319004 199.882208
24.001100 6250.000000 18412 6137.196864 196.390300
24.001929 6250.000000 18637 6211.026290 198.752841
24.000818 6250.000000 19026 6341.944603 202.942227
24.001613 6250.000000 18839 6279.133492 200.932272
24.001089 6250.000000 18760 6253.121728 200.099895
24.001557 6250.000000 18956 6317.648274 202.164745
24.002603 6250.000000 18716 6235.775873 199.544828
24.001581 6250.000000 18930 6309.601835 201.907259
24.001406 6250.000000 18768 6255.962827 200.190810
24.001435 6250.000000 19006 6335.107965 202.723455
24.001756 6250.000000 18600 6199.048758 198.369560
24.001224 6250.000000 18491 6163.424342 197.229579
24.001454 6250.000000 18833 6277.502878 200.880092
24.001648 6250.000000 18682 6227.261857 199.272379
24.002475 6250.000000 18979 6325.335564 202.410738
24.003816 6250.000000 18662 6220.353678 199.051318
24.001441 6250.000000 18833 6277.577129 200.882468
27.000765 6250.000000 18688 6229.230718 199.335383
27.001143 6250.000000 18779 6259.096053 200.291074
27.000733 6250.000000 18878 6292.663521 201.365233
27.000870 6250.000000 18699 6232.935903 199.453949
27.000793 6250.000000 18800 6266.547828 200.529530
27.001102 6250.000000 18646 6215.232598 198.887443
27.001157 6250.000000 19076 6358.559545 203.473905
27.001445 6250.000000 18978 6325.547193 202.417510
27.000948 6250.000000 18412 6137.275746 196.392824
27.001865 6250.000000 18581 6193.081340 198.178603
27.001252 6250.000000 18805 6268.014457 200.576463
27.000939 6250.000000 18864 6287.745472 201.207855
27.001911 6250.000000 18859 6285.080446 201.122574
27.000894 6250.000000 18557 6185.281549 197.929010
27.001346 6250.000000 18652 6216.989703 198.943670
27.001242 6250.000000 18704 6234.664434 199.509262
27.001649 6250.000000 18827 6275.220058 200.807042
27.001690 6250.000000 18572 6190.384523 198.092305
27.001701 6250.000000 19005 6334.813611 202.714036
27.001279 6250.000000 18727 6242.081610 199.746612
27.001135 6250.000000 18597 6198.904374 198.364940
27.001472 6250.000000 18754 6251.295416 200.041453
27.002059 6250.000000 18922 6307.061089 201.825955
27.001515 6250.000000 18676 6225.105323 199.203370
27.001770 6250.000000 18765 6254.746192 200.151878
27.002034 6250.000000 18440 6146.097890 196.675132
27.002156 6250.000000 18679 6224.400907 199.180829
27.001744 6250.000000 18571 6189.948742 198.078360
27.002689 6250.000000 18887 6295.486738 201.455576
27.003852 6250.000000 18627 6208.925420 198.685613
27.002787 6250.000000 18929 6309.011337 201.888363
27.002601 6250.000000 18696 6229.590494 199.346896
#type       avg     std     min     5th    10th    90th    95th    99th
read      862.2   248.0   189.1   558.9   597.4  1099.6  1136.5  1374.6
update    861.7   244.7   189.1   559.0   597.4  1099.8  1136.5  1373.0
op_q        7.2     3.2     1.0     2.9     3.1    11.6    12.7    15.8

Total QPS = 399942.4 (11998271 / 30.0s)

Misses = 0 (0.0%)
Skipped TXs = 0 (0.0%)

RX 2070019173 bytes :   65.8 MB/s
TX 1327847061 bytes :   42.2 MB/s
