3.000546 3437.500000 10428 3475.367657 111.211765
3.001034 3437.500000 10252 3416.156210 109.316999
3.000023 3437.500000 10153 3384.307906 108.297853
3.001289 3437.500000 10299 3431.525577 109.808818
3.000496 3437.500000 10214 3404.103569 108.931314
3.000227 3437.500000 10037 3345.413795 107.053241
3.000148 3437.500000 10203 3400.831706 108.826615
3.000041 3437.500000 10248 3415.953044 109.310497
3.000200 3437.500000 10300 3433.104028 109.859329
3.000032 3437.500000 10229 3409.629984 109.108159
3.000266 3437.500000 10242 3413.697432 109.238318
3.000183 3437.500000 10318 3439.123844 110.051963
3.000449 3437.500000 10376 3458.149160 110.660773
3.000927 3437.500000 10381 3459.264434 110.696462
3.000016 3437.500000 10167 3388.982113 108.447428
3.000518 3437.500000 10477 3491.730386 111.735372
3.000343 3437.500000 10432 3476.935952 111.261950
3.001066 3437.500000 10391 3462.436305 110.797962
3.000409 3437.500000 10134 3377.539086 108.081251
3.000043 3437.500000 10330 3443.284050 110.185090
3.000607 3437.500000 10398 3465.298614 110.889556
3.000396 3437.500000 10319 3439.213048 110.054818
3.000088 3437.500000 10273 3424.232428 109.575438
3.000056 3437.500000 10058 3352.603631 107.283316
3.002288 3437.500000 10266 3419.392338 109.420555
3.000020 3437.500000 10414 3471.310656 111.081941
3.000456 3437.500000 10158 3385.485680 108.335542
3.000010 3437.500000 10250 3416.655836 109.332987
3.000843 3437.500000 10243 3413.374063 109.227970
3.000065 3437.500000 10287 3428.925211 109.725607
3.000042 3437.500000 10493 3497.617574 111.923762
3.000152 3437.500000 10323 3440.826068 110.106434
6.000564 3437.500000 10320 3439.658680 110.069078
6.000452 3437.500000 10395 3464.527267 110.864873
6.001103 3437.500000 10204 3400.101357 108.803243
6.000693 3437.500000 10354 3450.930861 110.429788
6.000389 3437.500000 10380 3459.782240 110.713032
6.000645 3437.500000 10317 3438.470432 110.031054
6.000480 3437.500000 10402 3467.040545 110.945297
6.000535 3437.500000 10388 3462.220163 110.791045
6.000657 3437.500000 10500 3499.870124 111.995844
6.000169 3437.500000 10257 3418.843723 109.402999
6.000075 3437.500000 10255 3418.273604 109.384755
6.001341 3437.500000 10457 3484.638816 111.508442
6.000070 3437.500000 10348 3449.300469 110.377615
6.000707 3437.500000 10328 3442.325142 110.154405
6.000848 3437.500000 10352 3450.261743 110.408376
6.001041 3437.500000 10155 3383.889254 108.284456
6.000675 3437.500000 10430 3476.404141 111.244933
6.000176 3437.500000 10304 3434.566905 109.906141
6.000590 3437.500000 10318 3439.110900 110.051549
6.000644 3437.500000 10404 3467.854371 110.971340
6.000309 3437.500000 10384 3460.987255 110.751592
6.000947 3437.500000 10124 3373.675426 107.957614
6.000283 3437.500000 10274 3424.366063 109.579714
6.001717 3437.500000 10450 3482.578062 111.442498
6.001617 3437.500000 10390 3462.659850 110.805115
6.001020 3437.500000 10339 3445.858939 110.267486
6.001044 3437.500000 10380 3459.768642 110.712597
6.001923 3437.500000 10121 3372.953344 107.934507
6.000957 3437.500000 10277 3425.632363 109.620236
6.002475 3437.500000 10214 3404.453888 108.942524
6.000222 3437.500000 10438 3479.124693 111.331990
6.000252 3437.500000 10498 3499.216281 111.974921
9.000836 3437.500000 10447 3482.048028 111.425537
9.000460 3437.500000 10425 3474.663316 111.189226
9.000460 3437.500000 10262 3420.585804 109.458746
9.000818 3437.500000 10380 3459.609880 110.707516
9.000928 3437.500000 10410 3469.672805 111.029530
9.000748 3437.500000 10370 3455.885206 110.588327
9.000137 3437.500000 10219 3406.263324 109.000426
9.001985 3437.500000 10088 3361.178766 107.557721
9.000889 3437.500000 10130 3376.445699 108.046262
9.000738 3437.500000 10201 3400.136158 108.804357
9.000838 3437.500000 10208 3402.323499 108.874352
9.000311 3437.500000 10437 3478.843278 111.322985
9.000731 3437.500000 10187 3395.640051 108.660482
9.000960 3437.500000 10259 3419.539679 109.425270
9.001405 3437.500000 10264 3420.501348 109.456043
9.000960 3437.500000 10190 3396.309324 108.681898
9.000976 3437.500000 10361 3453.064162 110.498053
9.001748 3437.500000 10233 3410.851254 109.147240
9.002284 3437.500000 10382 3459.234054 110.695490
9.001123 3437.500000 10520 3506.546273 112.209481
9.001685 3437.500000 10366 3454.663064 110.549218
9.000410 3437.500000 10293 3430.854645 109.787349
9.000633 3437.500000 10421 3473.292410 111.145357
9.001207 3437.500000 10152 3383.717885 108.278972
9.001936 3437.500000 10338 3445.747933 110.263934
9.001407 3437.500000 10195 3397.921831 108.733499
9.001782 3437.500000 10339 3445.374512 110.251984
9.001411 3437.500000 10203 3400.920584 108.829459
9.001935 3437.500000 10425 3474.986663 111.199573
9.003301 3437.500000 10244 3413.727553 109.239282
9.000797 3437.500000 10162 3386.684394 108.373901
9.000399 3437.500000 10236 3411.832458 109.178639
12.002305 3437.500000 10419 3472.573359 111.122347
12.000754 3437.500000 10386 3461.972601 110.783123
12.000866 3437.500000 10434 3477.529098 111.280931
12.001159 3437.500000 10403 3466.485603 110.927539
12.001082 3437.500000 10331 3443.444791 110.190233
12.000991 3437.500000 10228 3409.159559 109.093106
12.001134 3437.500000 10410 3469.798403 111.033549
12.001263 3437.500000 10242 3413.494100 109.231811
12.000636 3437.500000 10700 3566.456978 114.126623
12.001427 3437.500000 10436 3478.143447 111.300590
12.002689 3437.500000 10313 3436.196238 109.958280
12.001229 3437.500000 10081 3359.782648 107.513045
12.001762 3437.500000 10383 3460.984208 110.751495
12.001263 3437.500000 10367 3455.281015 110.568992
12.000590 3437.500000 10322 3440.460744 110.094744
12.001443 3437.500000 10295 3430.371467 109.771887
12.000879 3437.500000 10291 3430.183428 109.765870
12.000898 3437.500000 10403 3467.594345 110.963019
12.001051 3437.500000 10281 3426.895899 109.660669
12.002159 3437.500000 10215 3403.268451 108.904590
12.002172 3437.500000 10203 3399.811053 108.793954
12.001473 3437.500000 10194 3397.698481 108.726351
12.001799 3437.500000 10422 3473.867887 111.163772
12.001936 3437.500000 10286 3428.665769 109.717305
12.002943 3437.500000 10414 3470.225628 111.047220
12.002283 3437.500000 10482 3492.983850 111.775483
12.001586 3437.500000 10307 3435.461742 109.934776
12.002309 3437.500000 10252 3417.304930 109.353758
12.001849 3437.500000 10294 3431.256053 109.800194
12.001838 3437.500000 10275 3423.812271 109.561993
12.004720 3437.500000 10328 3441.039060 110.113250
12.000703 3437.500000 10255 3417.987736 109.375608
15.003661 3437.500000 10272 3421.146337 109.476683
15.002274 3437.500000 10290 3429.051070 109.729634
15.000906 3437.500000 10250 3416.493491 109.327792
15.001145 3437.500000 10324 3440.750544 110.104017
15.001113 3437.500000 10351 3450.192377 110.406156
15.001172 3437.500000 10308 3435.897655 109.948725
15.000945 3437.500000 10259 3419.577141 109.426469
15.000921 3437.500000 10335 3444.952082 110.238467
15.001357 3437.500000 10607 3535.403812 113.132922
15.001393 3437.500000 10534 3511.141366 112.356524
15.001192 3437.500000 10437 3478.301078 111.305634
15.001020 3437.500000 10416 3471.858770 111.099481
15.001645 3437.500000 10195 3397.899724 108.732791
15.001067 3437.500000 10253 3417.647901 109.364733
15.002029 3437.500000 10503 3500.891094 112.028515
15.001308 3437.500000 10245 3414.948457 109.278351
15.001623 3437.500000 10243 3414.109950 109.251518
15.003077 3437.500000 10064 3353.779822 107.320954
15.003626 3437.500000 10384 3460.252815 110.728090
15.001963 3437.500000 10452 3483.810024 111.481921
15.002075 3437.500000 10288 3428.975293 109.727209
15.002830 3437.500000 10259 3419.067693 109.410166
15.004637 3437.500000 10028 3339.908217 106.877063
15.001889 3437.500000 10501 3499.849035 111.995169
15.001610 3437.500000 10555 3518.305604 112.585779
15.002225 3437.500000 10448 3482.605861 111.443388
15.003114 3437.500000 10338 3445.803799 110.265722
15.002278 3437.500000 10510 3502.832841 112.090651
15.002424 3437.500000 10282 3427.201648 109.670453
15.004789 3437.500000 10327 3442.254232 110.152135
15.001984 3437.500000 10386 3461.830986 110.778592
15.000736 3437.500000 10467 3488.961451 111.646766
18.002689 3437.500000 10230 3409.174294 109.093577
18.001092 3437.500000 10416 3471.830059 111.098562
18.001427 3437.500000 10113 3370.921537 107.869489
18.001946 3437.500000 10253 3416.612478 109.331599
18.001199 3437.500000 10393 3464.012650 110.848405
18.001162 3437.500000 10615 3538.276492 113.224848
18.001276 3437.500000 10127 3375.549672 108.017590
18.001159 3437.500000 10154 3384.381470 108.300207
18.001530 3437.500000 10357 3452.078076 110.466498
18.001249 3437.500000 10501 3500.211263 112.006760
18.001429 3437.500000 10296 3431.959438 109.822702
18.001423 3437.500000 10109 3369.266889 107.816540
18.002113 3437.500000 10250 3416.133752 109.316280
18.001888 3437.500000 10424 3474.344726 111.179031
18.001671 3437.500000 10570 3523.276978 112.744863
18.004937 3437.500000 10359 3448.695019 110.358241
18.002075 3437.500000 10019 3339.615599 106.867699
18.002635 3437.500000 10186 3395.093753 108.643000
18.002329 3437.500000 10452 3483.705548 111.478578
18.002319 3437.500000 10383 3460.947115 110.750308
18.002344 3437.500000 10362 3453.475201 110.511206
18.002377 3437.500000 10289 3429.492867 109.743772
18.002605 3437.500000 10211 3403.296228 108.905479
18.003080 3437.500000 10476 3491.709180 111.734694
18.003670 3437.500000 10501 3499.684309 111.989898
18.004316 3437.500000 10184 3393.886256 108.604360
18.003899 3437.500000 10365 3454.726058 110.551234
18.003427 3437.500000 10180 3392.937711 108.574007
18.002431 3437.500000 10277 3425.156340 109.605003
18.005054 3437.500000 10184 3394.366284 108.619721
18.004823 3437.500000 10043 3347.458880 107.118684
18.001046 3437.500000 10568 3522.302195 112.713670
21.004943 3437.500000 10391 3461.516679 110.768534
21.002441 3437.500000 10112 3370.255077 107.848162
21.001418 3437.500000 10237 3412.141204 109.188519
21.001503 3437.500000 10341 3446.607489 110.291440
21.002027 3437.500000 10299 3432.052553 109.825682
21.001448 3437.500000 10312 3436.925282 109.981609
21.002016 3437.500000 10424 3473.674557 111.157586
21.001332 3437.500000 10327 3442.268516 110.152593
21.001709 3437.500000 10202 3400.347273 108.811113
21.002294 3437.500000 10309 3435.458886 109.934684
21.001788 3437.500000 10414 3470.917858 111.069371
21.001618 3437.500000 10323 3440.776458 110.104847
21.001728 3437.500000 10491 3496.934167 111.901893
21.002470 3437.500000 10258 3419.189767 109.414073
21.002770 3437.500000 10401 3466.048009 110.913536
21.002199 3437.500000 10445 3481.567666 111.410165
21.002228 3437.500000 10176 3391.615542 108.531697
21.002356 3437.500000 10397 3465.634523 110.900305
21.002583 3437.500000 10366 3455.029380 110.560940
21.002630 3437.500000 10302 3433.710626 109.878740
21.002715 3437.500000 10067 3355.637539 107.380401
21.002809 3437.500000 10329 3442.801213 110.169639
21.004752 3437.500000 10438 3478.078594 111.298515
21.003635 3437.500000 10391 3462.477439 110.799278
21.004068 3437.500000 10369 3456.138566 110.596434
21.003636 3437.500000 10588 3529.087282 112.930793
21.004451 3437.500000 10394 3464.509847 110.864315
21.002499 3437.500000 10510 3503.253875 112.104124
21.005088 3437.500000 10373 3457.361231 110.635559
21.005944 3437.500000 10494 3496.962504 111.902800
21.005185 3437.500000 10228 3409.052401 109.089677
21.001390 3437.500000 9986 3328.285103 106.505123
24.001890 3437.500000 10269 3422.883347 109.532267
24.001747 3437.500000 10246 3414.958845 109.278683
24.001855 3437.500000 10230 3409.405918 109.100989
24.001688 3437.500000 10373 3457.586119 110.642756
24.001836 3437.500000 10236 3411.876405 109.180045
24.001541 3437.500000 10442 3480.623193 111.379942
24.003714 3437.500000 10277 3424.045512 109.569456
24.002621 3437.500000 10211 3402.632019 108.884225
24.001687 3437.500000 10349 3449.391583 110.380531
24.002068 3437.500000 10334 3444.607310 110.227434
24.002534 3437.500000 10206 3401.895246 108.860648
24.002353 3437.500000 10124 3374.493246 107.983784
24.005923 3437.500000 10411 3468.631924 110.996222
24.002111 3437.500000 10086 3361.905730 107.580983
24.002528 3437.500000 10315 3438.267623 110.024564
24.002476 3437.500000 10498 3499.193900 111.974205
24.002612 3437.500000 10460 3486.633209 111.572263
24.002773 3437.500000 10287 3428.934180 109.725894
24.003247 3437.500000 10599 3532.483646 113.039477
24.002339 3437.500000 10176 3391.874567 108.539986
24.002804 3437.500000 10237 3412.134535 109.188305
24.003034 3437.500000 10284 3427.697851 109.686331
24.004184 3437.500000 10314 3437.867470 110.011759
24.003906 3437.500000 10585 3528.016018 112.896513
24.004844 3437.500000 10140 3379.896292 108.156681
24.004157 3437.500000 10314 3437.401981 109.996863
24.005050 3437.500000 10235 3411.545610 109.169460
24.005163 3437.500000 10340 3446.580392 110.290573
24.006433 3437.500000 10267 3420.909480 109.469103
24.002722 3437.500000 10255 3418.079416 109.378541
24.006893 3437.500000 10359 3451.907931 110.461054
24.001614 3437.500000 10265 3421.411480 109.485167
27.002485 3437.500000 10382 3459.577177 110.706470
27.002342 3437.500000 10329 3442.249866 110.151996
27.001724 3437.500000 10290 3429.957693 109.758646
27.001975 3437.500000 10414 3471.069371 111.074220
27.002198 3437.500000 10408 3469.232542 111.015441
27.003250 3437.500000 10368 3454.966415 110.558925
27.002262 3437.500000 10413 3470.569900 111.058237
27.001988 3437.500000 10456 3485.179325 111.525738
27.002206 3437.500000 10372 3457.174018 110.629569
27.002898 3437.500000 10356 3451.855775 110.459385
27.003476 3437.500000 10022 3339.610619 106.867540
27.002688 3437.500000 10120 3372.376639 107.916052
27.003341 3437.500000 10236 3411.181206 109.157799
27.002681 3437.500000 10113 3370.922172 107.869510
27.003316 3437.500000 10268 3421.708716 109.494679
27.002788 3437.500000 10115 3371.381096 107.884195
27.003409 3437.500000 10234 3411.149000 109.156768
27.003251 3437.500000 10154 3384.421846 108.301499
27.002823 3437.500000 10098 3365.978599 107.711315
27.002661 3437.500000 10360 3452.962218 110.494791
27.003840 3437.500000 10542 3513.852505 112.443280
27.003983 3437.500000 10310 3436.578338 109.970507
27.004524 3437.500000 10357 3451.941236 110.462120
27.004877 3437.500000 10221 3406.963126 109.022820
27.005083 3437.500000 10464 3487.961558 111.614770
27.004262 3437.500000 10249 3416.213504 109.318832
27.006747 3437.500000 10169 3388.735552 108.439538
27.003523 3437.500000 10396 3464.408295 110.861065
27.005296 3437.500000 10297 3432.181875 109.829820
27.006440 3437.500000 10277 3425.659171 109.621093
27.006906 3437.500000 10378 3459.318157 110.698181
27.002028 3437.500000 10168 3388.865045 108.443681
#type       avg     std     min     5th    10th    90th    95th    99th
read      425.7   139.5    80.2   224.0   252.0   615.7   667.4   768.8
update    429.3   139.2    80.2   226.1   254.1   618.6   669.9   770.1
op_q        2.7     1.5     1.0     1.0     1.0     4.7     5.0     7.1

Total QPS = 219976.5 (6599295 / 30.0s)

Misses = 0 (0.0%)
Skipped TXs = 0 (0.0%)

RX 1136819397 bytes :   36.1 MB/s
TX  730515077 bytes :   23.2 MB/s
