3.000304 4375.000000 13062 4353.559419 139.313901
3.000093 4375.000000 13172 4390.530805 140.496986
3.001105 4375.000000 13025 4340.067986 138.882176
3.000349 4375.000000 13183 4393.822238 140.602312
3.000047 4375.000000 12825 4274.932478 136.797839
3.000417 4375.000000 13356 4451.381421 142.444205
3.000301 4375.000000 13033 4343.896841 139.004699
3.000118 4375.000000 13042 4347.161796 139.109177
3.000558 4375.000000 13394 4463.836891 142.842781
3.000016 4375.000000 13042 4347.309431 139.113902
3.000317 4375.000000 13277 4425.199732 141.606391
3.000039 4375.000000 13313 4437.609228 142.003495
3.000168 4375.000000 12813 4270.761498 136.664368
3.000348 4375.000000 13240 4412.821087 141.210275
3.000404 4375.000000 12942 4313.418506 138.029392
3.000305 4375.000000 13055 4351.224584 139.239187
3.000382 4375.000000 13115 4371.109751 139.875512
3.000514 4375.000000 13282 4426.575136 141.650404
3.000036 4375.000000 12825 4274.948205 136.798343
3.000462 4375.000000 13136 4377.992603 140.095763
3.000247 4375.000000 13003 4333.976621 138.687252
3.000004 4375.000000 12962 4320.661433 138.261166
3.000985 4375.000000 13163 4386.226660 140.359253
3.000132 4375.000000 13083 4360.808425 139.545870
3.000047 4375.000000 12998 4332.598167 138.643141
3.000164 4375.000000 13067 4355.428458 139.373711
3.000214 4375.000000 13207 4402.018690 140.864598
3.000084 4375.000000 12825 4274.879861 136.796156
3.000267 4375.000000 12924 4307.616130 137.843716
3.000165 4375.000000 13113 4370.759640 139.864308
3.000342 4375.000000 13388 4462.158291 142.789065
3.000186 4375.000000 13291 4430.058975 141.761887
6.000515 4375.000000 13080 4359.857213 139.515431
6.000046 4375.000000 13129 4376.319975 140.042239
6.001027 4375.000000 13278 4424.934125 141.597892
6.000394 4375.000000 13064 4354.600878 139.347228
6.000130 4375.000000 13275 4424.812919 141.594013
6.002158 4375.000000 13008 4333.466425 138.670926
6.000110 4375.000000 13121 4373.575388 139.954412
6.000667 4375.000000 13158 4385.048658 140.321557
6.000316 4375.000000 13053 4350.784105 139.225091
6.000194 4375.000000 13002 4333.853932 138.683326
6.000201 4375.000000 13046 4348.547601 139.153523
6.000327 4375.000000 13003 4333.982641 138.687445
6.000353 4375.000000 12860 4286.614490 137.171664
6.000378 4375.000000 13115 4371.623753 139.891960
6.000282 4375.000000 12752 4250.571010 136.018272
6.000062 4375.000000 13309 4436.299117 141.961572
6.000782 4375.000000 13121 4372.916439 139.933326
6.000135 4375.000000 13278 4425.870197 141.627846
6.000167 4375.000000 13251 4416.947605 141.342323
6.000328 4375.000000 13161 4386.961759 140.382776
6.000806 4375.000000 13277 4425.042287 141.601353
6.000847 4375.000000 13021 4339.547484 138.865519
6.000997 4375.000000 13112 4370.027063 139.840866
6.000577 4375.000000 13242 4413.831102 141.242595
6.000243 4375.000000 12881 4293.553331 137.393707
6.001118 4375.000000 13059 4352.981621 139.295412
6.000493 4375.000000 13163 4387.307119 140.393828
6.000544 4375.000000 13287 4428.955786 141.726585
6.001020 4375.000000 13157 4385.615163 140.339685
6.000352 4375.000000 13068 4355.728416 139.383309
6.000424 4375.000000 13040 4346.547589 139.089523
6.000297 4375.000000 13215 4404.836627 140.954772
9.000422 4375.000000 12991 4330.131495 138.564208
9.000081 4375.000000 13216 4405.305618 140.969780
9.000053 4375.000000 13092 4363.989760 139.647672
9.000912 4375.000000 13210 4402.572595 140.882323
9.000259 4375.000000 13078 4359.146297 139.492682
9.000200 4375.000000 13061 4353.658488 139.317072
9.000527 4375.000000 13247 4415.053451 141.281710
9.000184 4375.000000 13251 4416.928628 141.341716
9.000625 4375.000000 13494 4497.835864 143.930748
9.000406 4375.000000 13104 4367.701299 139.766442
9.000414 4375.000000 13212 4403.909930 140.925118
9.000839 4375.000000 13014 4337.951517 138.814449
9.000352 4375.000000 13105 4368.281834 139.785019
9.000614 4375.000000 13038 4345.585150 139.058725
9.000958 4375.000000 12903 4300.583268 137.618665
9.000402 4375.000000 13075 4358.298852 139.465563
9.000729 4375.000000 12999 4332.298851 138.633563
9.001558 4375.000000 13233 4409.557855 141.105851
9.000214 4375.000000 12989 4329.599509 138.547184
9.001106 4375.000000 12897 4298.876740 137.564056
9.001122 4375.000000 13043 4347.529328 139.120938
9.000419 4375.000000 13134 4377.866050 140.091714
9.000790 4375.000000 13183 4393.692132 140.598148
9.000863 4375.000000 13114 4371.309413 139.881901
9.000889 4375.000000 13032 4343.844757 139.003032
9.000763 4375.000000 13405 4467.930680 142.973782
9.001252 4375.000000 13150 4383.136764 140.260376
9.000657 4375.000000 13301 4433.498983 141.871967
9.001109 4375.000000 13212 4403.835180 140.922726
9.003564 4375.000000 13069 4354.292800 139.337370
9.000437 4375.000000 13228 4409.314583 141.098067
9.000468 4375.000000 13262 4420.414181 141.453254
12.000512 4375.000000 13010 4336.215130 138.758884
12.001389 4375.000000 13178 4390.902846 140.508891
12.000741 4375.000000 13063 4354.164146 139.333253
12.000767 4375.000000 13025 4341.167617 138.917364
12.000880 4375.000000 13120 4372.636287 139.924361
12.000909 4375.000000 13142 4379.931693 140.157814
12.000281 4375.000000 13245 4414.968291 141.278985
12.000484 4375.000000 13071 4356.898649 139.420757
12.000603 4375.000000 13268 4422.554441 141.521742
12.000394 4375.000000 13117 4372.271446 139.912686
12.000118 4375.000000 13230 4409.945611 141.118260
12.001056 4375.000000 13115 4370.205355 139.846571
12.000891 4375.000000 13273 4423.334810 141.546714
12.000990 4375.000000 13390 4463.217067 142.822946
12.000706 4375.000000 13278 4425.863667 141.627637
12.000778 4375.000000 13229 4409.138784 141.092441
12.001714 4375.000000 13257 4417.746975 141.367903
12.001381 4375.000000 13148 4381.948834 140.222363
12.001409 4375.000000 13128 4375.770939 140.024670
12.001246 4375.000000 13077 4358.820705 139.482263
12.001322 4375.000000 13057 4352.019724 139.264631
12.001351 4375.000000 13268 4421.912285 141.501193
12.000831 4375.000000 13179 4392.745828 140.567866
12.001356 4375.000000 13149 4382.639880 140.244476
12.001005 4375.000000 13226 4408.597222 141.075111
12.001093 4375.000000 13158 4385.467579 140.334963
12.001529 4375.000000 13232 4409.540691 141.105302
12.002166 4375.000000 13329 4442.099466 142.147183
12.000852 4375.000000 13083 4360.909737 139.549112
12.000946 4375.000000 13314 4437.246834 141.991899
12.003723 4375.000000 13236 4411.766418 141.176525
12.000568 4375.000000 12999 4332.855761 138.651384
15.001024 4375.000000 13265 4421.250380 141.480012
15.001738 4375.000000 12861 4286.530548 137.168978
15.000223 4375.000000 12993 4330.847607 138.587123
15.000887 4375.000000 13046 4348.255424 139.144174
15.000576 4375.000000 13227 4408.566060 141.074114
15.000550 4375.000000 13265 4421.570164 141.490245
15.001170 4375.000000 13080 4359.621394 139.507885
15.000605 4375.000000 13058 4352.360721 139.275543
15.001563 4375.000000 12994 4331.082009 138.594624
15.001409 4375.000000 13100 4366.079578 139.714546
15.000688 4375.000000 13324 4441.072190 142.114310
15.001037 4375.000000 13248 4415.785354 141.305131
15.000967 4375.000000 13162 4387.039803 140.385274
15.001766 4375.000000 13036 4344.579532 139.026545
15.001181 4375.000000 13091 4363.157896 139.621053
15.001205 4375.000000 13308 4435.682340 141.941835
15.002530 4375.000000 13237 4410.166331 141.125323
15.001388 4375.000000 12951 4316.945880 138.142268
15.001453 4375.000000 13328 4442.522961 142.160735
15.000881 4375.000000 13199 4399.409946 140.781118
15.000951 4375.000000 13240 4413.078854 141.218523
15.001072 4375.000000 13015 4338.056119 138.817796
15.001377 4375.000000 12944 4314.587827 138.066810
15.001819 4375.000000 12963 4320.848543 138.267153
15.001401 4375.000000 12944 4314.637203 138.068390
15.001215 4375.000000 13138 4379.154958 140.132959
15.002192 4375.000000 12966 4321.044788 138.273433
15.001405 4375.000000 13319 4438.847684 142.043126
15.002561 4375.000000 13393 4463.745848 142.839867
15.001317 4375.000000 13378 4458.781798 142.681018
15.003850 4375.000000 13161 4386.814971 140.378079
15.000720 4375.000000 13246 4415.109934 141.283518
18.001424 4375.000000 13125 4374.334510 139.978704
18.001333 4375.000000 13391 4462.583635 142.802676
18.000808 4375.000000 12913 4304.162253 137.733192
18.000934 4375.000000 13116 4371.930899 139.901789
18.000792 4375.000000 13157 4385.312417 140.329997
18.001775 4375.000000 12934 4311.279370 137.960940
18.000226 4375.000000 13105 4368.329269 139.786537
18.001526 4375.000000 12842 4280.498766 136.975961
18.001094 4375.000000 13177 4392.229878 140.551356
18.000709 4375.000000 12868 4289.143144 137.252581
18.001835 4375.000000 13096 4364.666879 139.669340
18.001694 4375.000000 13283 4427.472853 141.679131
18.001259 4375.000000 13138 4379.254194 140.136134
18.001281 4375.000000 13343 4447.356607 142.315411
18.001398 4375.000000 13073 4357.335476 139.434735
18.000937 4375.000000 12981 4326.919643 138.461429
18.001532 4375.000000 13049 4349.477441 139.183278
18.001234 4375.000000 13380 4459.921263 142.717480
18.002400 4375.000000 13142 4379.190662 140.134101
18.001630 4375.000000 13185 4394.391748 140.620536
18.001934 4375.000000 13133 4377.421649 140.077493
18.001005 4375.000000 13044 4347.921214 139.133479
18.001522 4375.000000 13459 4486.229193 143.559334
18.001861 4375.000000 13042 4347.273018 139.112737
18.001176 4375.000000 13219 4406.128635 140.996116
18.002613 4375.000000 13091 4363.545227 139.633447
18.001854 4375.000000 13180 4392.676604 140.565651
18.004612 4375.000000 12999 4330.040146 138.561285
18.002251 4375.000000 12999 4332.915446 138.653294
18.004069 4375.000000 13136 4378.346313 140.107082
18.001605 4375.000000 13267 4421.908205 141.501063
18.000759 4375.000000 13250 4416.610070 141.331522
21.000448 4375.000000 12895 4298.015693 137.536502
21.001598 4375.000000 12915 4303.866566 137.723730
21.000989 4375.000000 13170 4389.919637 140.477428
21.000792 4375.000000 13265 4421.543724 141.489399
21.001115 4375.000000 13025 4341.637386 138.932396
21.000913 4375.000000 13283 4427.488277 141.679625
21.001794 4375.000000 13291 4429.786526 141.753169
21.001211 4375.000000 13090 4363.283139 139.625060
21.001415 4375.000000 13211 4403.438346 140.910027
21.001690 4375.000000 13002 4333.763151 138.680421
21.002361 4375.000000 13158 4384.421889 140.301500
21.003060 4375.000000 12932 4309.049108 137.889571
21.001479 4375.000000 13026 4341.314829 138.922075
21.001734 4375.000000 13037 4345.608894 139.059485
21.001492 4375.000000 13208 4402.527819 140.880890
21.001325 4375.000000 13185 4394.432132 140.621828
21.001450 4375.000000 13247 4415.347824 141.291130
21.001728 4375.000000 12822 4273.860650 136.763541
21.001904 4375.000000 13112 4370.478633 139.855316
21.001695 4375.000000 13269 4422.759058 141.528290
21.001847 4375.000000 13159 4385.581810 140.338618
21.001627 4375.000000 13029 4342.848202 138.971142
21.001933 4375.000000 13154 4384.561688 140.305974
21.002029 4375.000000 13153 4384.049938 140.289598
21.002421 4375.000000 12882 4293.969510 137.407024
21.002765 4375.000000 13101 4366.778737 139.736920
21.002437 4375.000000 13091 4363.395890 139.628668
21.002129 4375.000000 13018 4338.935428 138.845934
21.001612 4375.000000 13019 4339.657468 138.869039
21.004082 4375.000000 13051 4350.314051 139.210050
21.005066 4375.000000 13107 4368.338695 139.786838
21.001100 4375.000000 13114 4370.835325 139.866730
24.000721 4375.000000 13102 4366.935959 139.741951
24.001562 4375.000000 13038 4345.059884 139.041916
24.001755 4375.000000 13104 4367.505032 139.760161
24.001452 4375.000000 13328 4442.167270 142.149353
24.001647 4375.000000 13204 4400.368639 140.811796
24.001640 4375.000000 12877 4292.314435 137.354062
24.001175 4375.000000 13200 4399.439477 140.782063
24.002109 4375.000000 13266 4421.536496 141.489168
24.003514 4375.000000 13049 4346.737313 139.095594
24.002103 4375.000000 13377 4458.387351 142.668395
24.001391 4375.000000 13160 4386.569478 140.370223
24.002467 4375.000000 12951 4315.193673 138.086198
24.001669 4375.000000 12998 4332.350076 138.635202
24.001735 4375.000000 13290 4429.797757 141.753528
24.001750 4375.000000 12936 4311.978024 137.983297
24.002169 4375.000000 13447 4481.938352 143.422027
24.001771 4375.000000 12932 4310.246942 137.927902
24.002441 4375.000000 13082 4360.637581 139.540403
24.001699 4375.000000 13095 4364.994334 139.679819
24.001941 4375.000000 13316 4438.352542 142.027281
24.002055 4375.000000 13132 4377.029799 140.064954
24.002074 4375.000000 12871 4290.132091 137.284227
24.002657 4375.000000 13349 4449.228372 142.375308
24.002911 4375.000000 13141 4380.120772 140.163865
24.002266 4375.000000 13136 4378.320673 140.106262
24.002226 4375.000000 13131 4376.858775 140.059481
24.003141 4375.000000 13430 4476.546729 143.249495
24.002974 4375.000000 13089 4362.219950 139.591038
24.001649 4375.000000 13265 4421.611682 141.491574
24.004296 4375.000000 12975 4324.691421 138.390125
24.005099 4375.000000 13103 4367.618410 139.763789
24.001166 4375.000000 13166 4388.571124 140.434276
27.001127 4375.000000 13289 4429.067296 141.730153
27.001506 4375.000000 13108 4369.254243 139.816136
27.002100 4375.000000 12995 4331.003627 138.592116
27.003629 4375.000000 13126 4373.066006 139.938112
27.001234 4375.000000 13530 4509.911275 144.317161
27.001745 4375.000000 13055 4351.401671 139.244853
27.001421 4375.000000 13071 4356.957429 139.422638
27.001766 4375.000000 13358 4452.642502 142.484560
27.002374 4375.000000 13007 4335.282811 138.729050
27.002020 4375.000000 13089 4362.614171 139.603653
27.002166 4375.000000 13205 4401.503918 140.848125
27.001759 4375.000000 13210 4403.297313 140.905514
27.001982 4375.000000 12942 4313.517535 138.032561
27.002508 4375.000000 13258 4418.735984 141.399551
27.002363 4375.000000 13094 4364.383735 139.660280
27.001709 4375.000000 13121 4373.652070 139.956866
27.001953 4375.000000 13202 4400.648729 140.820759
27.002516 4375.000000 13344 4447.889125 142.332452
27.002460 4375.000000 13001 4333.386081 138.668355
27.001823 4375.000000 12995 4331.444778 138.606233
27.002089 4375.000000 13170 4389.535326 140.465130
27.003098 4375.000000 13246 4415.057285 141.281833
27.003008 4375.000000 13090 4362.545995 139.601472
27.002782 4375.000000 13196 4398.482741 140.751448
27.002333 4375.000000 13225 4408.175597 141.061619
27.003293 4375.000000 13296 4431.775161 141.816805
27.003800 4375.000000 13165 4387.915293 140.413289
27.003244 4375.000000 13079 4359.273823 139.496762
27.001723 4375.000000 13366 4455.224164 142.567173
27.004356 4375.000000 13167 4388.912603 140.445203
27.005102 4375.000000 13289 4429.662532 141.749201
27.001166 4375.000000 13116 4371.999981 139.903999
#type       avg     std     min     5th    10th    90th    95th    99th
read     1224.9   326.2   142.0   801.7   840.7  1523.3  1584.5  1776.2
update   1224.4   326.7   156.2   801.7   840.7  1523.4  1584.1  1730.2
op_q        7.2     3.1     1.0     2.9     3.1    11.6    12.7    15.7

Total QPS = 280115.6 (8403467 / 30.0s)

Misses = 0 (0.0%)
Skipped TXs = 0 (0.0%)

RX 1449151609 bytes :   46.1 MB/s
TX  930161679 bytes :   29.6 MB/s
