3.000251 5000.000000 15035 5011.247134 160.359908
3.000421 5000.000000 14863 4953.637709 158.516407
3.000040 5000.000000 14707 4902.268335 156.872587
3.000692 5000.000000 14715 4903.869046 156.923809
3.000153 5000.000000 15147 5048.742840 161.559771
3.000971 5000.000000 15207 5067.359858 162.155515
3.000068 5000.000000 14862 4953.888300 158.524426
3.000140 5000.000000 15130 5043.098232 161.379143
3.000179 5000.000000 15011 5003.368113 160.107780
3.000541 5000.000000 14879 4958.772002 158.680704
3.000622 5000.000000 14971 4989.298604 159.657555
3.000072 5000.000000 15098 5032.546084 161.041475
3.000433 5000.000000 15157 5051.604237 161.651336
3.000008 5000.000000 14831 4943.653563 158.196914
3.000115 5000.000000 14989 4996.142191 159.876550
3.000334 5000.000000 14955 4984.445266 159.502249
3.000013 5000.000000 15152 5050.645288 161.620649
3.000113 5000.000000 15143 5047.476559 161.519250
3.000401 5000.000000 15164 5053.991345 161.727723
3.000114 5000.000000 15048 5015.809945 160.505918
3.000123 5000.000000 14707 4902.132916 156.868253
3.000400 5000.000000 14738 4912.012384 157.184396
3.000057 5000.000000 15015 5004.905708 160.156983
3.000041 5000.000000 15089 5029.597715 160.947127
3.000440 5000.000000 14789 4928.942996 157.726176
3.000025 5000.000000 15097 5032.291869 161.033340
3.000326 5000.000000 15037 5011.788724 160.377239
3.000024 5000.000000 14728 4909.293656 157.097397
3.000022 5000.000000 15096 5031.963090 161.022819
3.000092 5000.000000 14907 4968.848181 159.003142
3.000022 5000.000000 14977 4992.297109 159.753507
3.000391 5000.000000 14925 4974.352404 159.179277
6.001435 5000.000000 15216 5071.215071 162.278882
6.000504 5000.000000 15128 5042.546905 161.361501
6.000851 5000.000000 15125 5040.910160 161.309125
6.000370 5000.000000 14911 4969.839390 159.034860
6.000205 5000.000000 14987 4995.529354 159.856939
6.000051 5000.000000 15153 5050.983528 161.631473
6.003147 5000.000000 14966 4983.627297 159.476073
6.000220 5000.000000 14586 4861.657017 155.573025
6.000142 5000.000000 14774 4924.544964 157.585439
6.000117 5000.000000 14875 4958.330480 158.666575
6.000444 5000.000000 15074 5024.343293 160.778985
6.000488 5000.000000 14704 4900.601082 156.819235
6.000241 5000.000000 14920 4973.230240 159.143368
6.000321 5000.000000 14794 4931.034920 157.793117
6.000448 5000.000000 15152 5050.621486 161.619888
6.001064 5000.000000 14977 4991.227680 159.719286
6.000297 5000.000000 15097 5031.876625 161.020052
6.000016 5000.000000 15071 5023.661404 160.757165
6.000612 5000.000000 14952 4983.237961 159.463615
6.000460 5000.000000 15121 5040.107739 161.283448
6.000828 5000.000000 14930 4975.846426 159.227086
6.000066 5000.000000 15193 5064.318013 162.058176
6.001207 5000.000000 14954 4983.695683 159.478262
6.000287 5000.000000 15059 5019.223781 160.615161
6.000091 5000.000000 14741 4913.558515 157.233872
6.000476 5000.000000 14964 4987.395750 159.596664
6.000731 5000.000000 15233 5077.346229 162.475079
6.001745 5000.000000 15118 5037.565413 161.202093
6.001676 5000.000000 14935 4976.284284 159.241097
6.001132 5000.000000 15014 5002.931859 160.093819
6.000764 5000.000000 15115 5037.086464 161.186767
6.001370 5000.000000 14867 4954.050019 158.529601
9.000400 5000.000000 15174 5057.670989 161.845472
9.000096 5000.000000 14956 4985.258879 159.528284
9.000118 5000.000000 15074 5024.664687 160.789270
9.000045 5000.000000 15160 5053.284312 161.705098
9.000166 5000.000000 14965 4988.166392 159.621325
9.000240 5000.000000 15073 5024.169347 160.773419
9.000661 5000.000000 15039 5012.298479 160.393551
9.000737 5000.000000 15041 5012.802767 160.409689
9.000367 5000.000000 14996 4998.550064 159.953602
9.000691 5000.000000 14901 4966.597302 158.931114
9.000404 5000.000000 14899 4966.197035 158.918305
9.000455 5000.000000 14864 4954.648859 158.548763
9.000380 5000.000000 14783 4927.512766 157.680409
9.000521 5000.000000 15046 5015.258226 160.488263
9.000536 5000.000000 15167 5055.386894 161.772381
9.000395 5000.000000 14834 4944.165973 158.213311
9.000508 5000.000000 15178 5059.326574 161.898450
9.000733 5000.000000 15067 5021.876380 160.700044
9.001324 5000.000000 15021 5005.605495 160.179376
9.001035 5000.000000 14744 4914.365356 157.259691
9.000936 5000.000000 14796 4931.661852 157.813179
9.001313 5000.000000 15272 5089.844076 162.875010
9.001608 5000.000000 14943 4980.334012 159.370688
9.001078 5000.000000 14984 4994.643978 159.828607
9.001914 5000.000000 15042 5013.601575 160.435250
9.000769 5000.000000 14936 4978.405423 159.308974
9.001922 5000.000000 15147 5048.701744 161.558456
9.001582 5000.000000 15317 5105.417328 163.373354
9.001201 5000.000000 15113 5037.550692 161.201622
9.001099 5000.000000 15058 5018.773476 160.600751
9.003338 5000.000000 15018 5005.682032 160.181825
9.001424 5000.000000 15202 5067.241758 162.151736
12.001284 5000.000000 14996 4997.421565 159.917490
12.000069 5000.000000 14809 4936.294204 157.961415
12.000121 5000.000000 14949 4982.957482 159.454639
12.000696 5000.000000 14970 4989.709178 159.670694
12.000707 5000.000000 14889 4962.924108 158.813571
12.000538 5000.000000 15203 5067.434023 162.157889
12.000196 5000.000000 15108 5035.867768 161.147769
12.000666 5000.000000 14927 4975.405575 159.212978
12.000751 5000.000000 15085 5027.751987 160.888064
12.000274 5000.000000 15089 5029.609060 160.947490
12.000528 5000.000000 15005 5001.545036 160.049441
12.001243 5000.000000 14955 4984.653887 159.508924
12.000385 5000.000000 15175 5058.301566 161.865650
12.000193 5000.000000 15073 5024.287917 160.777213
12.000764 5000.000000 15247 5082.209806 162.630714
12.000750 5000.000000 14908 4969.311037 159.017953
12.000808 5000.000000 14994 4997.310656 159.913941
12.000859 5000.000000 15122 5040.515591 161.296499
12.001121 5000.000000 14872 4956.109762 158.595512
12.001219 5000.000000 15024 5007.763712 160.248439
12.001304 5000.000000 14907 4968.390955 158.988511
12.001646 5000.000000 15023 5007.603594 160.243315
12.001509 5000.000000 14872 4957.010405 158.624333
12.000767 5000.000000 15339 5112.941957 163.614143
12.001367 5000.000000 15100 5033.260724 161.064343
12.001820 5000.000000 15273 5089.949036 162.878369
12.001584 5000.000000 14921 4973.662947 159.157214
12.001964 5000.000000 14752 4917.251514 157.352048
12.002040 5000.000000 15189 5062.800229 162.009607
12.003393 5000.000000 15003 5000.907283 160.029033
12.001141 5000.000000 15339 5112.927869 163.613692
12.001454 5000.000000 15191 5063.615134 162.035684
15.001211 5000.000000 15029 5008.755410 160.280173
15.000363 5000.000000 15218 5072.385675 162.316342
15.000992 5000.000000 15055 5017.929511 160.573744
15.000764 5000.000000 14680 4892.534723 156.561111
15.000839 5000.000000 14831 4943.520398 158.192653
15.000818 5000.000000 15161 5053.178133 161.701700
15.000103 5000.000000 15092 5030.608497 160.979472
15.000410 5000.000000 15132 5043.514172 161.392454
15.000517 5000.000000 14977 4991.794513 159.737424
15.000926 5000.000000 14931 4976.888024 159.260417
15.001039 5000.000000 15054 5017.162119 160.549188
15.000853 5000.000000 15133 5044.088420 161.410829
15.000781 5000.000000 15099 5032.972552 161.055122
15.000447 5000.000000 15126 5041.895945 161.340670
15.000845 5000.000000 14971 4990.086594 159.682771
15.001231 5000.000000 15086 5028.647101 160.916707
15.001179 5000.000000 14863 4954.237408 158.535597
15.001664 5000.000000 14969 4989.534192 159.665094
15.001612 5000.000000 15147 5048.379830 161.548155
15.001290 5000.000000 14700 4899.989979 156.799679
15.001048 5000.000000 15146 5048.262729 161.544407
15.001668 5000.000000 14952 4983.395014 159.468640
15.001120 5000.000000 14932 4976.748861 159.255964
15.001842 5000.000000 15032 5009.874236 160.315976
15.001772 5000.000000 15004 5001.122505 160.035920
15.001679 5000.000000 14849 4949.385708 158.380343
15.002127 5000.000000 14937 4978.728855 159.319323
15.002366 5000.000000 15102 5033.453410 161.070509
15.001887 5000.000000 14738 4912.557176 157.201830
15.001252 5000.000000 14980 4993.149812 159.780794
15.003563 5000.000000 14829 4942.720852 158.167067
15.001777 5000.000000 15407 5135.114788 164.323673
18.000203 5000.000000 15088 5029.165939 160.933310
18.001486 5000.000000 15021 5005.921452 160.189486
18.000378 5000.000000 15125 5041.640743 161.332504
18.000473 5000.000000 14999 4999.562645 159.986005
18.000871 5000.000000 14968 4989.182564 159.653842
18.000550 5000.000000 14714 4904.612362 156.947596
18.000894 5000.000000 14814 4937.932484 158.013839
18.000450 5000.000000 15084 5027.995932 160.895870
18.000857 5000.000000 15162 5053.843550 161.722994
18.000906 5000.000000 15135 5044.852801 161.435290
18.001708 5000.000000 14759 4919.601989 157.427264
18.002575 5000.000000 14968 4986.779452 159.576942
18.001022 5000.000000 14821 4940.283291 158.089065
18.001609 5000.000000 15208 5068.693864 162.198204
18.001151 5000.000000 15041 5013.291253 160.425320
18.001282 5000.000000 14980 4993.215551 159.782898
18.001537 5000.000000 14801 4933.259260 157.864296
18.000930 5000.000000 14726 4908.526570 157.072850
18.001695 5000.000000 15040 5013.194526 160.422225
18.001441 5000.000000 14825 4941.234834 158.119515
18.001459 5000.000000 15031 5009.647125 160.308708
18.001195 5000.000000 15073 5024.207794 160.774649
18.002059 5000.000000 14882 4960.038470 158.721231
18.002010 5000.000000 14766 4921.608929 157.491486
18.001957 5000.000000 15014 5004.474216 160.143175
18.001728 5000.000000 14930 4976.559345 159.249899
18.002182 5000.000000 15128 5042.574536 161.362385
18.002485 5000.000000 15059 5019.468254 160.622984
18.001965 5000.000000 14922 4973.870841 159.163867
18.001269 5000.000000 15197 5065.636517 162.100369
18.003738 5000.000000 14915 4971.377180 159.084070
18.002495 5000.000000 15114 5036.794389 161.177420
21.000308 5000.000000 15061 5020.158057 160.645058
21.000958 5000.000000 15345 5114.011362 163.648364
21.000550 5000.000000 14936 4978.538205 159.313223
21.000897 5000.000000 15113 5037.624323 161.203978
21.000935 5000.000000 15187 5062.200929 161.990430
21.000997 5000.000000 14978 4992.493931 159.759806
21.000731 5000.000000 15017 5005.365763 160.171704
21.000933 5000.000000 15193 5064.286625 162.057172
21.001178 5000.000000 15102 5033.737843 161.079611
21.001107 5000.000000 14820 4939.708533 158.070673
21.002367 5000.000000 15063 5017.793489 160.569392
21.001934 5000.000000 14900 4966.010551 158.912338
21.001405 5000.000000 14715 4904.799643 156.953589
21.001590 5000.000000 14673 4890.786243 156.505160
21.001208 5000.000000 15081 5026.904687 160.860950
21.001947 5000.000000 14724 4907.245230 157.031847
21.001445 5000.000000 14995 4998.326594 159.946451
21.002040 5000.000000 15088 5029.283058 160.937058
21.001746 5000.000000 15088 5029.104446 160.931342
21.001794 5000.000000 14989 4996.189700 159.878070
21.001751 5000.000000 14782 4927.240867 157.671708
21.002365 5000.000000 15102 5033.693970 161.078207
21.001199 5000.000000 14878 4959.325231 158.698407
21.001797 5000.000000 15163 5054.218428 161.734990
21.002308 5000.000000 15000 4999.415464 159.981295
21.002314 5000.000000 15197 5065.235730 162.087543
21.002658 5000.000000 15146 5048.527276 161.552873
21.002573 5000.000000 14931 4976.854155 159.259333
21.002095 5000.000000 14966 4988.450519 159.630417
21.002465 5000.000000 14928 4974.018382 159.168588
21.003981 5000.000000 15177 5058.590243 161.874888
21.002658 5000.000000 15037 5012.060384 160.385932
24.000475 5000.000000 15293 5097.382315 163.116234
24.001472 5000.000000 14948 4981.710666 159.414741
24.000912 5000.000000 15113 5037.361767 161.195577
24.000587 5000.000000 15023 5007.604693 160.243350
24.001116 5000.000000 15115 5038.135040 161.220321
24.001511 5000.000000 15235 5078.152953 162.500894
24.000985 5000.000000 15127 5042.246324 161.351882
24.000994 5000.000000 15133 5044.235116 161.415524
24.001080 5000.000000 15102 5033.795840 161.081467
24.001260 5000.000000 14998 4999.246244 159.975880
24.001256 5000.000000 14677 4892.206881 156.550620
24.001884 5000.000000 15003 5000.778224 160.024903
24.001755 5000.000000 14806 4935.317890 157.930172
24.001395 5000.000000 14885 4961.342524 158.762961
24.001133 5000.000000 15051 5016.957366 160.542636
24.001867 5000.000000 15132 5043.535531 161.393137
24.002760 5000.000000 14802 4933.832825 157.882650
24.002480 5000.000000 14964 4987.712793 159.606809
24.002352 5000.000000 14750 4915.981569 157.311410
24.001889 5000.000000 14793 4930.270915 157.768669
24.002462 5000.000000 15194 5064.416874 162.061340
24.002991 5000.000000 14887 4961.297074 158.761506
24.001802 5000.000000 15234 5077.985658 162.495541
24.002057 5000.000000 14975 4991.483909 159.727485
24.002164 5000.000000 14971 4990.127655 159.684085
24.001797 5000.000000 15187 5062.333036 161.994657
24.002392 5000.000000 14936 4978.624835 159.315995
24.002602 5000.000000 15304 5101.283487 163.241072
24.002150 5000.000000 15114 5037.908456 161.213071
24.004128 5000.000000 15201 5066.750556 162.136018
24.002985 5000.000000 14972 4989.800989 159.673632
24.002720 5000.000000 15500 5166.559728 165.329911
27.001407 5000.000000 15029 5008.961399 160.286765
27.001398 5000.000000 15257 5084.102378 162.691276
27.001513 5000.000000 14927 4974.805590 159.193779
27.001070 5000.000000 14901 4966.200615 158.918420
27.001052 5000.000000 15030 5009.766170 160.312517
27.001466 5000.000000 15002 5000.082847 160.002651
27.001578 5000.000000 14644 4880.522922 156.176734
27.001418 5000.000000 14927 4975.629850 159.220155
27.001273 5000.000000 15047 5015.637399 160.500397
27.001504 5000.000000 15038 5012.613097 160.403619
27.001887 5000.000000 15178 5059.111472 161.891567
27.001159 5000.000000 15192 5063.955221 162.046567
27.001703 5000.000000 15151 5050.009997 161.600320
27.001409 5000.000000 15021 5006.751170 160.216037
27.001928 5000.000000 14915 4971.593744 159.091000
27.002175 5000.000000 15209 5069.648829 162.228763
27.002873 5000.000000 14994 4996.216253 159.878920
27.002965 5000.000000 15153 5049.471379 161.583084
27.001923 5000.000000 15247 5082.120369 162.627852
27.002363 5000.000000 14812 4937.315393 157.994093
27.001975 5000.000000 14980 4993.190978 159.782111
27.002833 5000.000000 15090 5029.877054 160.956066
27.001882 5000.000000 15334 5111.307872 163.561852
27.002602 5000.000000 14932 4977.332411 159.274637
27.002593 5000.000000 15087 5028.779909 160.920957
27.003248 5000.000000 14925 4973.728220 159.159303
27.002463 5000.000000 15031 5010.214886 160.326876
27.002382 5000.000000 15085 5027.944738 160.894232
27.003075 5000.000000 14931 4976.860763 159.259544
27.004788 5000.000000 15071 5022.561669 160.721973
27.003145 5000.000000 15014 5004.400478 160.140815
27.002744 5000.000000 14800 4933.294670 157.865429
#type       avg     std     min     5th    10th    90th    95th    99th
read      654.6   210.4    80.2   386.0   417.2   976.4  1047.7  1155.0
update    657.0   210.0    80.2   386.6   417.6   980.4  1049.5  1154.5
op_q        4.8     2.4     1.0     1.1     2.0     7.8     9.6    12.0

Total QPS = 320072.5 (9602177 / 30.0s)

Misses = 0 (0.0%)
Skipped TXs = 0 (0.0%)

RX 1653391640 bytes :   52.6 MB/s
TX 1062694559 bytes :   33.8 MB/s
