3.000092 11939.205982
3.000093 11739.153395
3.000002 11215.835108
3.000067 12795.475581
3.000072 11482.444975
3.000098 12456.477289
3.000001 12084.006022
3.000027 11764.026699
3.000001 11860.896183
3.000032 12370.011289
3.000019 12644.798419
3.000074 11781.517334
3.000089 11481.751161
3.000012 11379.478114
3.000054 11557.112437
3.000038 11964.798210
3.000018 12212.756717
3.000148 11378.852627
3.000021 12491.876093
3.000004 13023.966984
3.000146 11896.723657
3.000054 12092.822251
3.000008 12418.712548
3.000041 11838.113208
3.000018 11762.753231
3.000091 13176.954297
3.000017 11675.476597
3.000058 12636.253437
3.000033 12162.718847
3.000033 12330.589684
3.000023 12849.723213
3.000046 12421.079375
6.000076 11748.912899
6.000041 11539.467839
6.000141 11442.335232
6.000096 11290.952162
6.000119 11330.930749
6.000074 11528.519727
6.000063 11380.343703
6.000127 11902.826482
6.000130 11667.644053
6.000104 11578.938709
6.000077 12229.148769
6.000246 11867.124168
6.000235 11453.616806
6.000058 11471.367474
6.000118 12147.845691
6.000040 12163.788532
6.000103 11937.755249
6.000014 12248.856536
6.000032 12048.434292
6.000038 12066.795511
6.000111 12151.458377
6.000280 12079.413648
6.000075 12288.071007
6.000093 12002.822544
6.000044 11828.593403
6.000113 12105.413610
6.000160 12763.904895
6.000025 12203.614909
6.000101 12901.472729
6.000096 12649.135455
6.000031 12035.337858
6.000146 12266.194606
9.000148 11639.307970
9.000106 11459.517249
9.000196 11794.854048
9.000087 11431.511599
9.000115 11306.070217
9.000125 12049.986533
9.000106 11978.198652
9.000440 11917.646341
9.000279 11974.944340
9.000100 11827.756892
9.000357 11684.737895
9.000346 11556.496867
9.000152 11411.598650
9.000120 12082.943068
9.000275 11862.478641
9.000317 11972.468235
9.000143 11905.429928
9.000119 12067.433453
9.000040 12072.454677
9.000111 11942.677416
9.000111 11829.497492
9.000107 12330.974540
9.000275 12267.598339
9.000080 12071.334833
9.000059 12236.426334
9.000132 11870.661722
9.000093 12248.022691
9.000035 12101.383084
9.000136 12615.321781
9.000212 12127.688862
9.000064 11955.405645
9.000209 12199.536166
12.000386 11755.050997
12.000370 11381.337447
12.000126 11803.416768
12.000122 11675.846316
12.000300 11802.954602
12.000391 11542.117005
12.000135 12016.694571
12.000154 11334.114950
12.000173 11711.433193
12.000268 11890.111180
12.000128 11537.962341
12.000422 11926.200943
12.000447 11911.512501
12.000159 11953.726933
12.000122 11311.688335
12.000207 11772.023565
12.000157 12056.767351
12.000128 11798.891117
12.000177 12246.575585
12.000200 12290.650174
12.000275 11836.815037
12.000144 12119.922805
12.000208 12213.422800
12.000372 12179.721559
12.000165 12319.773520
12.000153 12105.802086
12.000154 11967.190571
12.000234 12033.284946
12.000205 11929.709427
12.000108 12242.859208
12.000101 12317.506005
12.000535 12115.466499
15.000415 11855.501286
15.000382 11525.745410
15.000168 11664.790567
15.000152 11604.207524
15.000168 11381.999024
15.000154 11874.555455
15.000204 12010.002022
15.000493 11785.952097
15.000546 11949.664908
15.000232 11443.989989
15.000229 11998.638403
15.000214 11801.451948
15.000193 11901.431553
15.000477 11714.883753
15.000149 11285.727810
15.000371 11929.824190
15.000295 12016.406044
15.000128 11911.227105
15.000401 11826.188572
15.000304 12009.374583
15.000415 11995.521120
15.000203 12170.569612
15.000285 11729.674795
15.000185 12197.240844
15.000243 12277.279851
15.000134 11987.895609
15.000269 11893.070256
15.000108 12223.863802
15.000183 12422.849528
15.000399 12083.808516
15.000123 12187.000452
15.000539 12233.670130
18.000429 11764.453261
18.000256 11347.131829
18.000316 11473.984238
18.000200 11772.215446
18.000160 11950.172125
18.000441 11793.955584
18.000595 11861.860821
18.000399 11552.312054
18.000166 11630.447888
18.000199 11737.922477
18.000540 11806.039623
18.000276 11962.672612
18.000250 11979.577486
18.000190 11271.748304
18.000242 12071.983433
18.000358 11916.110414
18.000170 11909.915228
18.000241 11853.097728
18.000417 11744.302957
18.000531 11859.121503
18.000416 11949.466535
18.000204 12071.684151
18.000372 12135.589214
18.000199 11919.941407
18.000421 12019.564596
18.000395 12209.770589
18.000142 12192.344208
18.000283 11804.568129
18.000197 12003.242220
18.000191 12361.741141
18.000578 12113.121302
18.000556 12152.304997
21.000434 11575.678589
21.000472 11570.420122
21.000224 11450.533542
21.000273 11348.193930
21.000221 11780.378287
21.000443 11859.503690
21.000638 11771.176223
21.000253 11819.392974
21.000563 11450.207129
21.000286 11952.267541
21.000606 11881.761610
21.000712 11816.300827
21.000200 11762.746627
21.000533 11980.972592
21.000437 11832.649757
21.000403 11938.589817
21.000283 12056.074805
21.000193 11312.136994
21.000261 12003.966427
21.000455 11721.862249
21.000223 12008.724578
21.000602 11952.962573
21.000871 11915.358898
21.000294 11972.885067
21.000600 12087.013173
21.000284 11686.518041
21.000267 11983.508814
21.000590 12076.392459
21.000167 12216.974612
21.000212 11858.577099
21.000234 12339.621935
21.000571 12015.026882
24.000575 11716.706807
24.000516 11610.951801
24.000276 11335.093775
24.000620 11873.411173
24.000293 11525.166290
24.000741 11768.358024
24.000608 11459.850317
24.000532 11870.524488
24.000727 11807.020968
24.000224 11787.335774
24.000296 11913.087078
24.000209 11783.915645
24.000272 11928.002278
24.000604 11771.307826
24.000439 11865.103304
24.000455 11893.872167
24.000208 11337.838445
24.000287 12046.658448
24.000316 11956.601420
24.000470 11651.958297
24.000620 12006.018940
24.000236 11985.082827
24.000301 11661.453267
24.000921 11878.223629
24.000504 12072.799152
24.000594 12082.637178
24.000298 11955.466338
24.000175 12150.518090
24.000225 11857.091703
24.002106 12049.816266
24.000623 11999.989271
24.000407 12281.787973
27.000689 11755.118600
27.000339 11423.342861
27.000308 11309.732143
27.000702 11569.536080
27.000637 11879.914832
27.000612 11403.443397
27.000607 11845.704424
27.000377 11899.119101
27.000248 11708.082914
27.000769 11786.127331
27.000768 11754.660677
27.000561 11872.400724
27.000248 11819.912934
27.000660 11749.325779
27.000290 12010.607227
27.000335 11869.068555
27.000452 12011.868987
27.000744 11971.751535
27.000667 11842.193869
27.000516 11837.997515
27.000264 11986.245886
27.000235 11496.515493
27.000441 11712.835645
27.000550 11996.927585
27.000601 12072.695838
27.001015 11887.526806
27.000180 12006.705679
27.000261 11755.458093
27.002111 11954.069099
27.000670 11943.618381
27.000354 11987.823232
27.000441 12227.103912
#type       avg     std     min     5th    10th    90th    95th    99th
read     7060.0  1604.2   334.9  4937.8  5167.7  9036.4  9824.7 11834.3
update   6999.5  1596.9   445.8  4918.7  5135.8  8969.3  9730.6 11739.5
op_q      127.9     2.8     1.0   118.0   118.5   128.0   128.5   129.0

Total QPS = 1180745.5 (35422367 / 30.0s)

Misses = 0 (0.0%)
Skipped TXs = 0 (0.0%)

RX 6090089095 bytes :  193.6 MB/s
TX 3912335282 bytes :  124.4 MB/s
