3.000050 3055.555556 9105 3034.949417 97.118381
3.000172 3055.555556 9334 3111.154736 99.556952
3.000045 3055.555556 9139 3046.287963 97.481215
3.000094 3055.555556 8890 2963.240520 94.823697
3.000401 3055.555556 9254 3084.254372 98.696140
3.001073 3055.555556 9141 3045.910370 97.469132
3.000004 3055.555556 9031 3010.329779 96.330553
3.000034 3055.555556 9121 3040.299150 97.289573
3.000039 3055.555556 8998 2999.294089 95.977411
3.000098 3055.555556 9106 3035.233766 97.127481
3.000469 3055.555556 9077 3025.193360 96.806188
3.000425 3055.555556 9194 3064.232879 98.055452
3.000083 3055.555556 9159 3052.915111 97.693284
3.001374 3055.555556 9181 3058.932824 97.885850
3.000899 3055.555556 8923 2973.442660 95.150165
3.000089 3055.555556 9192 3063.909034 98.045089
3.000101 3055.555556 9092 3030.564844 96.978075
3.000476 3055.555556 9237 3078.511295 98.512361
3.000027 3055.555556 9226 3075.305954 98.409791
3.000592 3055.555556 9404 3134.047945 100.289534
3.001222 3055.555556 9080 3025.434644 96.813909
3.000026 3055.555556 9098 3032.640436 97.044494
3.000262 3055.555556 9226 3075.064980 98.402079
3.000489 3055.555556 9062 3020.174641 96.645589
3.000289 3055.555556 9122 3040.373916 97.291965
3.000258 3055.555556 9003 3000.741705 96.023735
3.000860 3055.555556 9245 3080.783901 98.585085
3.000092 3055.555556 9359 3119.570712 99.826263
3.000186 3055.555556 9196 3065.143403 98.084589
3.000808 3055.555556 9329 3108.829097 99.482531
3.000385 3055.555556 9062 3020.278655 96.648917
3.000339 3055.555556 9084 3027.658174 96.885062
6.000632 3055.555556 8994 2997.418940 95.917406
6.000476 3055.555556 9188 3062.356136 97.995396
6.000275 3055.555556 9230 3076.480765 98.447384
6.000259 3055.555556 9290 3096.403034 99.084897
6.000245 3055.555556 9076 3025.131022 96.804193
6.000100 3055.555556 9267 3088.998755 98.847960
6.000490 3055.555556 9104 3034.198099 97.094339
6.000679 3055.555556 9077 3025.579063 96.818530
6.000159 3055.555556 9345 3114.861650 99.675573
6.000772 3055.555556 9176 3057.970699 97.855062
6.000221 3055.555556 9191 3063.480760 98.031384
6.000646 3055.555556 8917 2972.165532 95.109297
6.000598 3055.555556 8925 2974.489513 95.183664
6.000483 3055.555556 9196 3065.274243 98.088776
6.000537 3055.555556 9258 3085.930316 98.749770
6.000616 3055.555556 9145 3048.204208 97.542535
6.000116 3055.555556 9111 3036.984788 97.183513
6.000561 3055.555556 9247 3081.851646 98.619253
6.000365 3055.555556 9308 3102.481281 99.279401
6.000772 3055.555556 9311 3102.902795 99.292889
6.001056 3055.555556 9274 3091.171417 98.917485
6.000918 3055.555556 9342 3113.463706 99.630839
6.000380 3055.555556 9065 3021.574984 96.690399
6.000803 3055.555556 9041 3013.119698 96.419830
6.001948 3055.555556 8982 2993.427128 95.789668
6.001218 3055.555556 9264 3087.850973 98.811231
6.000809 3055.555556 9277 3091.769787 98.936633
6.001348 3055.555556 9138 3045.871268 97.467881
6.001074 3055.555556 9236 3078.446409 98.510285
6.002760 3055.555556 9032 3008.708919 96.278685
6.002681 3055.555556 9459 3150.589202 100.818854
6.000739 3055.555556 9361 3119.916676 99.837334
9.001138 3055.555556 9251 3082.763291 98.648425
9.000257 3055.555556 9210 3069.988286 98.239625
9.001416 3055.555556 9100 3032.524092 97.040771
9.001154 3055.555556 9089 3029.567856 96.946171
9.000279 3055.555556 8990 2996.662545 95.893201
9.000618 3055.555556 9180 3059.869616 97.915828
9.000444 3055.555556 9259 3085.978583 98.751315
9.001311 3055.555556 9110 3035.883255 97.148264
9.000337 3055.555556 9124 3041.153060 97.316898
9.001810 3055.555556 9211 3069.127579 98.212083
9.000359 3055.555556 8877 2958.760382 94.680332
9.000990 3055.555556 9390 3129.640515 100.148496
9.000554 3055.555556 9362 3120.585666 99.858741
9.001042 3055.555556 9003 3000.729338 96.023339
9.001134 3055.555556 9199 3065.667397 98.101357
9.000253 3055.555556 9372 3123.966497 99.966928
9.002624 3055.555556 9030 3007.968830 96.255003
9.001085 3055.555556 9086 3028.256625 96.904212
9.001746 3055.555556 9260 3085.696050 98.742274
9.000948 3055.555556 9177 3058.968888 97.887004
9.000663 3055.555556 9222 3073.710118 98.358724
9.001479 3055.555556 9363 3120.728314 99.863306
9.001706 3055.555556 9162 3053.049255 97.697576
9.000572 3055.555556 9061 3020.321929 96.650302
9.000546 3055.555556 9194 3064.482306 98.063434
9.001609 3055.555556 9103 3034.069741 97.090232
9.001213 3055.555556 9107 3035.525865 97.136828
9.002277 3055.555556 8939 2979.340085 95.338883
9.000979 3055.555556 8981 2993.496413 95.791885
9.002960 3055.555556 9087 3028.798252 96.921544
9.003229 3055.555556 9022 3006.784234 96.217095
9.001224 3055.555556 9076 3024.844723 96.795031
12.000537 3055.555556 9291 3096.733719 99.095479
12.000979 3055.555556 9075 3024.571926 96.786302
12.000423 3055.555556 9128 3042.498420 97.359949
12.001711 3055.555556 9133 3042.940100 97.374083
12.000784 3055.555556 9117 3038.656066 97.236994
12.001133 3055.555556 9280 3092.802006 98.969664
12.002630 3055.555556 9056 3017.166685 96.549334
12.001582 3055.555556 9027 3008.570797 96.274266
12.001388 3055.555556 9244 3080.168470 98.565391
12.000481 3055.555556 9203 3067.542149 98.161349
12.001960 3055.555556 9339 3112.736660 99.607573
12.001409 3055.555556 9019 3005.495723 96.175863
12.002085 3055.555556 9311 3103.039838 99.297275
12.002104 3055.555556 9084 3026.876280 96.860041
12.001120 3055.555556 9107 3035.203923 97.126526
12.001426 3055.555556 9143 3047.181523 97.509809
12.001478 3055.555556 9394 3130.879257 100.188136
12.001350 3055.555556 9180 3059.960530 97.918737
12.001886 3055.555556 9064 3020.527017 96.656865
12.001317 3055.555556 9036 3011.816481 96.378127
12.000582 3055.555556 9062 3020.630296 96.660169
12.001271 3055.555556 9284 3094.606829 99.027419
12.001526 3055.555556 9350 3116.552533 99.729681
12.001812 3055.555556 9057 3018.998588 96.607955
12.002126 3055.555556 9142 3046.948131 97.502340
12.001747 3055.555556 9350 3116.523749 99.728760
12.002341 3055.555556 9515 3171.598808 101.491162
12.002709 3055.555556 9317 3105.578236 99.378504
12.000990 3055.555556 9092 3030.656235 96.981000
12.003042 3055.555556 9066 3021.918058 96.701378
12.003452 3055.555556 9135 3044.773450 97.432750
12.001451 3055.555556 9096 3031.770193 97.016646
15.001180 3055.555556 9231 3076.951856 98.462459
15.000656 3055.555556 9308 3102.544322 99.281418
15.000889 3055.555556 9373 3124.223730 99.975159
15.001024 3055.555556 9094 3030.725552 96.983218
15.002133 3055.555556 9059 3019.637319 96.628394
15.001362 3055.555556 9140 3046.654943 97.492958
15.001115 3055.555556 9175 3058.194525 97.862225
15.001442 3055.555556 9150 3049.945061 97.598242
15.000752 3055.555556 9195 3064.722385 98.071116
15.001898 3055.555556 9183 3060.571307 97.938282
15.002059 3055.555556 9513 3170.738621 101.463636
15.001410 3055.555556 9041 3013.573732 96.434359
15.002077 3055.555556 9201 3066.334703 98.122710
15.001530 3055.555556 9030 3009.740152 96.311685
15.002579 3055.555556 9319 3104.823542 99.354353
15.002249 3055.555556 9056 3017.995552 96.575858
15.001047 3055.555556 9427 3141.846345 100.539083
15.001517 3055.555556 9371 3123.553354 99.953707
15.001748 3055.555556 9174 3057.962258 97.854792
15.001906 3055.555556 8967 2988.979829 95.647355
15.001816 3055.555556 9281 3093.368236 98.987784
15.002172 3055.555556 9249 3082.910597 98.653139
15.002153 3055.555556 9048 3015.806121 96.505796
15.001748 3055.555556 9169 3056.331795 97.802617
15.002854 3055.555556 9088 3029.187021 96.933985
15.001331 3055.555556 9079 3025.988913 96.831645
15.003366 3055.555556 9104 3033.630298 97.076170
15.002757 3055.555556 8938 2979.206509 95.334608
15.002760 3055.555556 9137 3045.022523 97.440721
15.003052 3055.555556 9094 3031.322544 97.002321
15.003553 3055.555556 9342 3113.895266 99.644649
15.001577 3055.555556 9280 3093.204207 98.982535
18.001707 3055.555556 9160 3052.501726 97.680055
18.001193 3055.555556 9078 3025.457611 96.814644
18.001815 3055.555556 9242 3080.200695 98.566422
18.001892 3055.555556 9149 3048.876681 97.564054
18.001769 3055.555556 9274 3090.565907 98.898109
18.002159 3055.555556 9084 3027.917529 96.893361
18.002027 3055.555556 9246 3081.490347 98.607691
18.000979 3055.555556 9251 3083.433343 98.669867
18.004273 3055.555556 9333 3108.033249 99.457064
18.001185 3055.555556 9314 3104.661376 99.349164
18.001975 3055.555556 9179 3059.587937 97.906814
18.003187 3055.555556 9076 3023.951206 96.766439
18.001927 3055.555556 9371 3123.162282 99.941193
18.002075 3055.555556 9131 3043.334074 97.386690
18.002156 3055.555556 9135 3044.976408 97.439245
18.002217 3055.555556 9252 3083.954079 98.686531
18.002820 3055.555556 9196 3063.522949 98.032734
18.002331 3055.555556 9231 3076.720474 98.455055
18.001983 3055.555556 9238 3079.254528 98.536145
18.001764 3055.555556 9211 3070.317611 98.250164
18.002557 3055.555556 9220 3072.919384 98.333420
18.002249 3055.555556 8958 2985.999944 95.551998
18.001641 3055.555556 9276 3091.872945 98.939934
18.003272 3055.555556 9389 3129.129336 100.132139
18.001551 3055.555556 9257 3085.439945 98.734078
18.002772 3055.555556 9165 3054.803677 97.753718
18.003006 3055.555556 9318 3105.843115 99.386980
18.003597 3055.555556 9047 3015.434169 96.493893
18.002793 3055.555556 9306 3101.965814 99.262906
18.003896 3055.555556 9292 3096.461914 99.086781
18.004229 3055.555556 9187 3061.643705 97.972599
18.002168 3055.555556 9163 3053.731044 97.719393
21.002164 3055.555556 9220 3072.929200 98.333734
21.001738 3055.555556 9195 3064.968036 98.078977
21.001431 3055.555556 9180 3059.758009 97.912256
21.001387 3055.555556 8871 2956.800708 94.617623
21.001244 3055.555556 9164 3054.397675 97.740726
21.002996 3055.555556 9199 3065.392991 98.092576
21.002115 3055.555556 9121 3040.029299 97.280938
21.002207 3055.555556 9335 3111.375371 99.564012
21.002557 3055.555556 9255 3084.401074 98.700834
21.001963 3055.555556 9053 3017.465633 96.558900
21.002461 3055.555556 9114 3037.693756 97.206200
21.002827 3055.555556 9239 3079.072871 98.530332
21.001998 3055.555556 9161 3053.651521 97.716849
21.003821 3055.555556 9226 3075.103423 98.403310
21.002435 3055.555556 9135 3044.894516 97.436625
21.002367 3055.555556 9231 3076.783769 98.457081
21.002037 3055.555556 9095 3031.520276 97.008649
21.002307 3055.555556 9188 3062.574671 98.002389
21.001682 3055.555556 9092 3030.625412 96.980013
21.002578 3055.555556 9022 3007.313024 96.234017
21.001977 3055.555556 9204 3067.564563 98.162066
21.003262 3055.555556 9101 3033.171557 97.061490
21.003425 3055.555556 8910 2968.616698 94.995734
21.003242 3055.555556 9190 3063.092570 98.018962
21.003203 3055.555556 9241 3080.316748 98.570136
21.003345 3055.555556 9082 3027.259888 96.872316
21.002937 3055.555556 9132 3043.853891 97.403325
21.003020 3055.555556 9126 3041.797278 97.337513
21.004400 3055.555556 9149 3049.537574 97.585202
21.004558 3055.555556 9100 3032.665000 97.045280
21.004285 3055.555556 9139 3046.276440 97.480846
21.002706 3055.555556 9325 3107.776125 99.448836
24.002182 3055.555556 9025 3007.392814 96.236570
24.001649 3055.555556 9173 3057.400008 97.836800
24.001639 3055.555556 9350 3116.450051 99.726402
24.002526 3055.555556 9256 3085.240338 98.727691
24.002094 3055.555556 9283 3093.966410 99.006925
24.002725 3055.555556 8963 2986.982089 95.583427
24.004157 3055.555556 9324 3106.623423 99.411950
24.002206 3055.555556 9150 3049.908031 97.597057
24.001959 3055.555556 9157 3052.050792 97.665625
24.002331 3055.555556 9010 3003.000563 96.096018
24.002443 3055.555556 9220 3073.255264 98.344168
24.002653 3055.555556 9147 3048.902578 97.564883
24.003000 3055.555556 8911 2969.307706 95.017847
24.002352 3055.555556 9110 3036.621352 97.171883
24.002227 3055.555556 9287 3095.601247 99.059240
24.002211 3055.555556 9309 3102.996416 99.295885
24.002644 3055.555556 9185 3061.598843 97.971163
24.003612 3055.555556 9151 3049.163454 97.573231
24.003280 3055.555556 9202 3067.042570 98.145362
24.003456 3055.555556 9133 3044.220938 97.415070
24.002365 3055.555556 9140 3046.273099 97.480739
24.004106 3055.555556 9164 3053.786743 97.721176
24.005251 3055.555556 9246 3080.125197 98.564006
24.002996 3055.555556 9321 3106.939378 99.422060
24.003341 3055.555556 9169 3056.192451 97.798158
24.003119 3055.555556 9392 3130.563081 100.178019
24.004090 3055.555556 9184 3061.059091 97.953891
24.003343 3055.555556 9159 3052.917092 97.693347
24.004627 3055.555556 9259 3086.099931 98.755198
24.005744 3055.555556 9078 3024.804253 96.793736
24.004320 3055.555556 9323 3107.629905 99.444157
24.003704 3055.555556 9133 3043.321479 97.386287
27.002771 3055.555556 9048 3015.753053 96.504098
27.001699 3055.555556 9243 3080.938444 98.590030
27.001967 3055.555556 9199 3066.007993 98.112256
27.002591 3055.555556 8919 2972.762997 95.128416
27.003234 3055.555556 9034 3011.094564 96.355026
27.002930 3055.555556 9137 3045.385309 97.452330
27.002637 3055.555556 9177 3058.565553 97.874098
27.002281 3055.555556 9368 3122.610822 99.923546
27.003715 3055.555556 9004 3000.898826 96.028762
27.002459 3055.555556 9149 3049.295830 97.577467
27.002629 3055.555556 9197 3065.234165 98.087493
27.002485 3055.555556 9237 3078.840996 98.522912
27.003201 3055.555556 9048 3015.238101 96.487619
27.002483 3055.555556 9287 3095.126753 99.044056
27.002183 3055.555556 9159 3052.999052 97.695970
27.002760 3055.555556 9290 3096.546812 99.089498
27.002926 3055.555556 9119 3039.462371 97.262796
27.003094 3055.555556 9224 3074.570461 98.386255
27.004402 3055.555556 9278 3092.344880 98.955036
27.003800 3055.555556 9238 3079.140746 98.532504
27.004903 3055.555556 8977 2991.539087 95.729251
27.003863 3055.555556 9153 3050.586107 97.618755
27.002487 3055.555556 9202 3067.208055 98.150658
27.003719 3055.555556 9194 3064.282732 98.057047
27.003159 3055.555556 9159 3052.959156 97.694693
27.004938 3055.555556 9172 3056.537015 97.809184
27.003858 3055.555556 9158 3052.141019 97.668513
27.005194 3055.555556 9184 3060.754547 97.944146
27.006359 3055.555556 9128 3041.543187 97.329382
27.004819 3055.555556 9147 3048.493578 97.551794
27.005764 3055.555556 9047 3015.646005 96.500672
27.003959 3055.555556 9254 3084.403871 98.700924
#type       avg     std     min     5th    10th    90th    95th    99th
read      667.6   395.5    97.0   382.1   421.8   942.0  1077.9  1269.2
update    669.8   396.0   106.7   382.3   422.0   950.3  1086.3  1271.2
op_q        3.4     2.0     1.0     1.0     1.1     5.7     6.8     9.1

Total QPS = 219879.7 (6596392 / 30.0s)

Misses = 0 (0.0%)
Skipped TXs = 0 (0.0%)

RX 1140252463 bytes :   36.2 MB/s
TX  730469444 bytes :   23.2 MB/s
