Requests      [total, rate, throughput]         12, 10.91, 10.70
Duration      [total, attack, wait]             1.122s, 1.1s, 21.419ms
Latencies     [min, mean, 50, 90, 95, 99, max]  21.085ms, 21.424ms, 21.414ms, 21.662ms, 21.795ms, 21.817ms, 21.817ms
Bytes In      [total, mean]                     24, 2.00
Bytes Out     [total, mean]                     0, 0.00
Success       [ratio]                           100.00%
Status Codes  [code:count]                      200:12  
Error Set:
Requests      [total, rate, throughput]         22, 10.48, 10.37
Duration      [total, attack, wait]             2.121s, 2.1s, 21.295ms
Latencies     [min, mean, 50, 90, 95, 99, max]  20.97ms, 21.398ms, 21.404ms, 21.611ms, 21.706ms, 21.817ms, 21.817ms
Bytes In      [total, mean]                     44, 2.00
Bytes Out     [total, mean]                     0, 0.00
Success       [ratio]                           100.00%
Status Codes  [code:count]                      200:22  
Error Set:
Requests      [total, rate, throughput]         32, 10.32, 10.25
Duration      [total, attack, wait]             3.122s, 3.1s, 21.496ms
Latencies     [min, mean, 50, 90, 95, 99, max]  20.97ms, 21.374ms, 21.383ms, 21.611ms, 21.667ms, 21.817ms, 21.817ms
Bytes In      [total, mean]                     64, 2.00
Bytes Out     [total, mean]                     0, 0.00
Success       [ratio]                           100.00%
Status Codes  [code:count]                      200:32  
Error Set:
Requests      [total, rate, throughput]         42, 10.24, 10.19
Duration      [total, attack, wait]             4.121s, 4.1s, 21.224ms
Latencies     [min, mean, 50, 90, 95, 99, max]  20.97ms, 21.357ms, 21.368ms, 21.611ms, 21.653ms, 21.817ms, 21.817ms
Bytes In      [total, mean]                     84, 2.00
Bytes Out     [total, mean]                     0, 0.00
Success       [ratio]                           100.00%
Status Codes  [code:count]                      200:42  
Error Set:
Requests      [total, rate, throughput]         52, 10.20, 10.15
Duration      [total, attack, wait]             5.122s, 5.1s, 21.35ms
Latencies     [min, mean, 50, 90, 95, 99, max]  20.804ms, 21.336ms, 21.351ms, 21.602ms, 21.64ms, 21.814ms, 21.817ms
Bytes In      [total, mean]                     104, 2.00
Bytes Out     [total, mean]                     0, 0.00
Success       [ratio]                           100.00%
Status Codes  [code:count]                      200:52  
Error Set:
Requests      [total, rate, throughput]         62, 10.16, 10.13
Duration      [total, attack, wait]             6.122s, 6.1s, 21.659ms
Latencies     [min, mean, 50, 90, 95, 99, max]  20.804ms, 21.345ms, 21.367ms, 21.602ms, 21.648ms, 21.799ms, 21.817ms
Bytes In      [total, mean]                     124, 2.00
Bytes Out     [total, mean]                     0, 0.00
Success       [ratio]                           100.00%
Status Codes  [code:count]                      200:62  
Error Set:
Requests      [total, rate, throughput]         72, 10.14, 10.11
Duration      [total, attack, wait]             7.121s, 7.1s, 21.067ms
Latencies     [min, mean, 50, 90, 95, 99, max]  20.804ms, 21.335ms, 21.361ms, 21.598ms, 21.64ms, 21.785ms, 21.817ms
Bytes In      [total, mean]                     144, 2.00
Bytes Out     [total, mean]                     0, 0.00
Success       [ratio]                           100.00%
Status Codes  [code:count]                      200:72  
Error Set:
Requests      [total, rate, throughput]         82, 10.12, 10.10
Duration      [total, attack, wait]             8.122s, 8.1s, 21.389ms
Latencies     [min, mean, 50, 90, 95, 99, max]  20.804ms, 21.319ms, 21.351ms, 21.585ms, 21.636ms, 21.77ms, 21.817ms
Bytes In      [total, mean]                     164, 2.00
Bytes Out     [total, mean]                     0, 0.00
Success       [ratio]                           100.00%
Status Codes  [code:count]                      200:82  
Error Set:
Requests      [total, rate, throughput]         92, 10.11, 10.09
Duration      [total, attack, wait]             9.121s, 9.1s, 21.272ms
Latencies     [min, mean, 50, 90, 95, 99, max]  20.804ms, 21.313ms, 21.343ms, 21.573ms, 21.629ms, 21.756ms, 21.817ms
Bytes In      [total, mean]                     184, 2.00
Bytes Out     [total, mean]                     0, 0.00
Success       [ratio]                           100.00%
Status Codes  [code:count]                      200:92  
Error Set:
Requests      [total, rate, throughput]         102, 10.10, 10.08
Duration      [total, attack, wait]             10.122s, 10.101s, 21.381ms
Latencies     [min, mean, 50, 90, 95, 99, max]  20.804ms, 21.321ms, 21.354ms, 21.58ms, 21.614ms, 21.741ms, 21.817ms
Bytes In      [total, mean]                     204, 2.00
Bytes Out     [total, mean]                     0, 0.00
Success       [ratio]                           100.00%
Status Codes  [code:count]                      200:102  
Error Set:
Requests      [total, rate, throughput]         112, 10.09, 10.07
Duration      [total, attack, wait]             11.122s, 11.1s, 21.561ms
Latencies     [min, mean, 50, 90, 95, 99, max]  20.804ms, 21.346ms, 21.354ms, 21.584ms, 21.64ms, 22.59ms, 23.852ms
Bytes In      [total, mean]                     224, 2.00
Bytes Out     [total, mean]                     0, 0.00
Success       [ratio]                           100.00%
Status Codes  [code:count]                      200:112  
Error Set:
Requests      [total, rate, throughput]         122, 10.08, 10.06
Duration      [total, attack, wait]             12.122s, 12.1s, 21.583ms
Latencies     [min, mean, 50, 90, 95, 99, max]  20.804ms, 21.352ms, 21.359ms, 21.591ms, 21.664ms, 22.387ms, 23.852ms
Bytes In      [total, mean]                     244, 2.00
Bytes Out     [total, mean]                     0, 0.00
Success       [ratio]                           100.00%
Status Codes  [code:count]                      200:122  
Error Set:
Requests      [total, rate, throughput]         132, 10.08, 10.06
Duration      [total, attack, wait]             13.121s, 13.1s, 21.088ms
Latencies     [min, mean, 50, 90, 95, 99, max]  20.804ms, 21.342ms, 21.348ms, 21.585ms, 21.657ms, 22.183ms, 23.852ms
Bytes In      [total, mean]                     264, 2.00
Bytes Out     [total, mean]                     0, 0.00
Success       [ratio]                           100.00%
Status Codes  [code:count]                      200:132  
Error Set:
Requests      [total, rate, throughput]         142, 10.07, 10.06
Duration      [total, attack, wait]             14.122s, 14.1s, 21.349ms
Latencies     [min, mean, 50, 90, 95, 99, max]  20.804ms, 21.335ms, 21.347ms, 21.582ms, 21.648ms, 21.98ms, 23.852ms
Bytes In      [total, mean]                     284, 2.00
Bytes Out     [total, mean]                     0, 0.00
Success       [ratio]                           100.00%
Status Codes  [code:count]                      200:142  
Error Set:
Requests      [total, rate, throughput]         152, 10.07, 10.05
Duration      [total, attack, wait]             15.121s, 15.1s, 21.482ms
Latencies     [min, mean, 50, 90, 95, 99, max]  20.804ms, 21.334ms, 21.35ms, 21.58ms, 21.64ms, 21.817ms, 23.852ms
Bytes In      [total, mean]                     304, 2.00
Bytes Out     [total, mean]                     0, 0.00
Success       [ratio]                           100.00%
Status Codes  [code:count]                      200:152  
Error Set:
Requests      [total, rate, throughput]         162, 10.06, 10.05
Duration      [total, attack, wait]             16.121s, 16.1s, 21.182ms
Latencies     [min, mean, 50, 90, 95, 99, max]  20.804ms, 21.327ms, 21.332ms, 21.58ms, 21.636ms, 21.817ms, 23.852ms
Bytes In      [total, mean]                     324, 2.00
Bytes Out     [total, mean]                     0, 0.00
Success       [ratio]                           100.00%
Status Codes  [code:count]                      200:162  
Error Set:
Requests      [total, rate, throughput]         172, 10.06, 10.05
Duration      [total, attack, wait]             17.121s, 17.1s, 21.135ms
Latencies     [min, mean, 50, 90, 95, 99, max]  20.804ms, 21.321ms, 21.321ms, 21.573ms, 21.629ms, 21.817ms, 23.852ms
Bytes In      [total, mean]                     344, 2.00
Bytes Out     [total, mean]                     0, 0.00
Success       [ratio]                           100.00%
Status Codes  [code:count]                      200:172  
Error Set:
Requests      [total, rate, throughput]         182, 10.06, 10.04
Duration      [total, attack, wait]             18.121s, 18.1s, 21.291ms
Latencies     [min, mean, 50, 90, 95, 99, max]  20.789ms, 21.316ms, 21.314ms, 21.567ms, 21.614ms, 21.816ms, 23.852ms
Bytes In      [total, mean]                     364, 2.00
Bytes Out     [total, mean]                     0, 0.00
Success       [ratio]                           100.00%
Status Codes  [code:count]                      200:182  
Error Set:
Requests      [total, rate, throughput]         192, 10.05, 10.04
Duration      [total, attack, wait]             19.121s, 19.1s, 21.155ms
Latencies     [min, mean, 50, 90, 95, 99, max]  20.789ms, 21.314ms, 21.315ms, 21.565ms, 21.602ms, 21.816ms, 23.852ms
Bytes In      [total, mean]                     384, 2.00
Bytes Out     [total, mean]                     0, 0.00
Success       [ratio]                           100.00%
Status Codes  [code:count]                      200:192  
Error Set:
Requests      [total, rate, throughput]         202, 10.05, 10.04
Duration      [total, attack, wait]             20.122s, 20.101s, 21.335ms
Latencies     [min, mean, 50, 90, 95, 99, max]  20.789ms, 21.31ms, 21.301ms, 21.563ms, 21.602ms, 21.816ms, 23.852ms
Bytes In      [total, mean]                     404, 2.00
Bytes Out     [total, mean]                     0, 0.00
Success       [ratio]                           100.00%
Status Codes  [code:count]                      200:202  
Error Set:
Requests      [total, rate, throughput]         212, 10.05, 10.04
Duration      [total, attack, wait]             21.122s, 21.101s, 21.56ms
Latencies     [min, mean, 50, 90, 95, 99, max]  20.789ms, 21.306ms, 21.296ms, 21.562ms, 21.601ms, 21.816ms, 23.852ms
Bytes In      [total, mean]                     424, 2.00
Bytes Out     [total, mean]                     0, 0.00
Success       [ratio]                           100.00%
Status Codes  [code:count]                      200:212  
Error Set:
Requests      [total, rate, throughput]         222, 10.05, 10.04
Duration      [total, attack, wait]             22.122s, 22.1s, 21.438ms
Latencies     [min, mean, 50, 90, 95, 99, max]  20.789ms, 21.304ms, 21.296ms, 21.561ms, 21.598ms, 21.816ms, 23.852ms
Bytes In      [total, mean]                     444, 2.00
Bytes Out     [total, mean]                     0, 0.00
Success       [ratio]                           100.00%
Status Codes  [code:count]                      200:222  
Error Set:
Requests      [total, rate, throughput]         232, 10.04, 10.03
Duration      [total, attack, wait]             23.122s, 23.101s, 21.493ms
Latencies     [min, mean, 50, 90, 95, 99, max]  20.789ms, 21.299ms, 21.286ms, 21.56ms, 21.595ms, 21.816ms, 23.852ms
Bytes In      [total, mean]                     464, 2.00
Bytes Out     [total, mean]                     0, 0.00
Success       [ratio]                           100.00%
Status Codes  [code:count]                      200:232  
Error Set:
Requests      [total, rate, throughput]         242, 10.04, 10.03
Duration      [total, attack, wait]             24.121s, 24.1s, 21.043ms
Latencies     [min, mean, 50, 90, 95, 99, max]  20.789ms, 21.295ms, 21.284ms, 21.558ms, 21.592ms, 21.816ms, 23.852ms
Bytes In      [total, mean]                     484, 2.00
Bytes Out     [total, mean]                     0, 0.00
Success       [ratio]                           100.00%
Status Codes  [code:count]                      200:242  
Error Set:
Requests      [total, rate, throughput]         252, 10.04, 10.03
Duration      [total, attack, wait]             25.122s, 25.1s, 21.47ms
Latencies     [min, mean, 50, 90, 95, 99, max]  20.789ms, 21.292ms, 21.281ms, 21.556ms, 21.589ms, 21.814ms, 23.852ms
Bytes In      [total, mean]                     504, 2.00
Bytes Out     [total, mean]                     0, 0.00
Success       [ratio]                           100.00%
Status Codes  [code:count]                      200:252  
Error Set:
Requests      [total, rate, throughput]         262, 10.04, 10.03
Duration      [total, attack, wait]             26.121s, 26.1s, 21.212ms
Latencies     [min, mean, 50, 90, 95, 99, max]  20.789ms, 21.293ms, 21.281ms, 21.552ms, 21.589ms, 21.81ms, 23.852ms
Bytes In      [total, mean]                     524, 2.00
Bytes Out     [total, mean]                     0, 0.00
Success       [ratio]                           100.00%
Status Codes  [code:count]                      200:262  
Error Set:
Requests      [total, rate, throughput]         272, 10.04, 10.03
Duration      [total, attack, wait]             27.121s, 27.1s, 20.822ms
Latencies     [min, mean, 50, 90, 95, 99, max]  20.789ms, 21.291ms, 21.28ms, 21.549ms, 21.589ms, 21.805ms, 23.852ms
Bytes In      [total, mean]                     544, 2.00
Bytes Out     [total, mean]                     0, 0.00
Success       [ratio]                           100.00%
Status Codes  [code:count]                      200:272  
Error Set:
Requests      [total, rate, throughput]         282, 10.04, 10.03
Duration      [total, attack, wait]             28.121s, 28.1s, 21.107ms
Latencies     [min, mean, 50, 90, 95, 99, max]  20.789ms, 21.299ms, 21.283ms, 21.561ms, 21.602ms, 21.816ms, 23.852ms
Bytes In      [total, mean]                     564, 2.00
Bytes Out     [total, mean]                     0, 0.00
Success       [ratio]                           100.00%
Status Codes  [code:count]                      200:282  
Error Set:
Requests      [total, rate, throughput]         292, 10.03, 10.03
Duration      [total, attack, wait]             29.122s, 29.1s, 21.54ms
Latencies     [min, mean, 50, 90, 95, 99, max]  20.789ms, 21.303ms, 21.289ms, 21.562ms, 21.602ms, 21.816ms, 23.852ms
Bytes In      [total, mean]                     584, 2.00
Bytes Out     [total, mean]                     0, 0.00
Success       [ratio]                           100.00%
Status Codes  [code:count]                      200:292  
Error Set:
Requests      [total, rate, throughput]         302, 10.03, 10.03
Duration      [total, attack, wait]             30.121s, 30.1s, 21.21ms
Latencies     [min, mean, 50, 90, 95, 99, max]  20.789ms, 21.304ms, 21.291ms, 21.561ms, 21.601ms, 21.816ms, 23.852ms
Bytes In      [total, mean]                     604, 2.00
Bytes Out     [total, mean]                     0, 0.00
Success       [ratio]                           100.00%
Status Codes  [code:count]                      200:302  
Error Set:
Requests      [total, rate, throughput]         312, 10.03, 10.03
Duration      [total, attack, wait]             31.121s, 31.1s, 20.979ms
Latencies     [min, mean, 50, 90, 95, 99, max]  20.789ms, 21.3ms, 21.289ms, 21.56ms, 21.601ms, 21.816ms, 23.852ms
Bytes In      [total, mean]                     624, 2.00
Bytes Out     [total, mean]                     0, 0.00
Success       [ratio]                           100.00%
Status Codes  [code:count]                      200:312  
Error Set:
Requests      [total, rate, throughput]         322, 10.03, 10.02
Duration      [total, attack, wait]             32.122s, 32.101s, 21.288ms
Latencies     [min, mean, 50, 90, 95, 99, max]  20.789ms, 21.301ms, 21.289ms, 21.561ms, 21.601ms, 21.816ms, 23.852ms
Bytes In      [total, mean]                     644, 2.00
Bytes Out     [total, mean]                     0, 0.00
Success       [ratio]                           100.00%
Status Codes  [code:count]                      200:322  
Error Set:
Requests      [total, rate, throughput]         332, 10.03, 10.02
Duration      [total, attack, wait]             33.121s, 33.1s, 21.475ms
Latencies     [min, mean, 50, 90, 95, 99, max]  20.789ms, 21.302ms, 21.291ms, 21.56ms, 21.601ms, 21.816ms, 23.852ms
Bytes In      [total, mean]                     664, 2.00
Bytes Out     [total, mean]                     0, 0.00
Success       [ratio]                           100.00%
Status Codes  [code:count]                      200:332  
Error Set:
Requests      [total, rate, throughput]         342, 10.03, 10.02
Duration      [total, attack, wait]             34.121s, 34.1s, 21.337ms
Latencies     [min, mean, 50, 90, 95, 99, max]  20.789ms, 21.305ms, 21.302ms, 21.561ms, 21.601ms, 21.816ms, 23.852ms
Bytes In      [total, mean]                     684, 2.00
Bytes Out     [total, mean]                     0, 0.00
Success       [ratio]                           100.00%
Status Codes  [code:count]                      200:342  
Error Set:
Requests      [total, rate, throughput]         352, 10.03, 10.02
Duration      [total, attack, wait]             35.122s, 35.101s, 21.239ms
Latencies     [min, mean, 50, 90, 95, 99, max]  20.789ms, 21.306ms, 21.302ms, 21.562ms, 21.602ms, 21.814ms, 23.852ms
Bytes In      [total, mean]                     704, 2.00
Bytes Out     [total, mean]                     0, 0.00
Success       [ratio]                           100.00%
Status Codes  [code:count]                      200:352  
Error Set:
Requests      [total, rate, throughput]         362, 10.03, 10.02
Duration      [total, attack, wait]             36.121s, 36.1s, 21.347ms
Latencies     [min, mean, 50, 90, 95, 99, max]  20.789ms, 21.307ms, 21.305ms, 21.562ms, 21.602ms, 21.81ms, 23.852ms
Bytes In      [total, mean]                     724, 2.00
Bytes Out     [total, mean]                     0, 0.00
Success       [ratio]                           100.00%
Status Codes  [code:count]                      200:362  
Error Set:
Requests      [total, rate, throughput]         372, 10.03, 10.02
Duration      [total, attack, wait]             37.121s, 37.1s, 21.38ms
Latencies     [min, mean, 50, 90, 95, 99, max]  20.789ms, 21.308ms, 21.305ms, 21.563ms, 21.608ms, 21.805ms, 23.852ms
Bytes In      [total, mean]                     744, 2.00
Bytes Out     [total, mean]                     0, 0.00
Success       [ratio]                           100.00%
Status Codes  [code:count]                      200:372  
Error Set:
Requests      [total, rate, throughput]         382, 10.03, 10.02
Duration      [total, attack, wait]             38.122s, 38.1s, 21.291ms
Latencies     [min, mean, 50, 90, 95, 99, max]  20.789ms, 21.31ms, 21.313ms, 21.565ms, 21.609ms, 21.8ms, 23.852ms
Bytes In      [total, mean]                     764, 2.00
Bytes Out     [total, mean]                     0, 0.00
Success       [ratio]                           100.00%
Status Codes  [code:count]                      200:382  
Error Set:
Requests      [total, rate, throughput]         392, 10.03, 10.02
Duration      [total, attack, wait]             39.121s, 39.1s, 21.309ms
Latencies     [min, mean, 50, 90, 95, 99, max]  20.789ms, 21.31ms, 21.313ms, 21.564ms, 21.605ms, 21.796ms, 23.852ms
Bytes In      [total, mean]                     784, 2.00
Bytes Out     [total, mean]                     0, 0.00
Success       [ratio]                           100.00%
Status Codes  [code:count]                      200:392  
Error Set:
Requests      [total, rate, throughput]         402, 10.02, 10.02
Duration      [total, attack, wait]             40.122s, 40.1s, 21.289ms
Latencies     [min, mean, 50, 90, 95, 99, max]  20.789ms, 21.313ms, 21.326ms, 21.565ms, 21.609ms, 21.791ms, 23.852ms
Bytes In      [total, mean]                     804, 2.00
Bytes Out     [total, mean]                     0, 0.00
Success       [ratio]                           100.00%
Status Codes  [code:count]                      200:402  
Error Set:
Requests      [total, rate, throughput]         412, 10.02, 10.02
Duration      [total, attack, wait]             41.121s, 41.1s, 21.5ms
Latencies     [min, mean, 50, 90, 95, 99, max]  20.789ms, 21.314ms, 21.327ms, 21.564ms, 21.605ms, 21.786ms, 23.852ms
Bytes In      [total, mean]                     824, 2.00
Bytes Out     [total, mean]                     0, 0.00
Success       [ratio]                           100.00%
Status Codes  [code:count]                      200:412  
Error Set:
Requests      [total, rate, throughput]         422, 10.02, 10.02
Duration      [total, attack, wait]             42.121s, 42.1s, 21.156ms
Latencies     [min, mean, 50, 90, 95, 99, max]  20.789ms, 21.31ms, 21.315ms, 21.563ms, 21.602ms, 21.782ms, 23.852ms
Bytes In      [total, mean]                     844, 2.00
Bytes Out     [total, mean]                     0, 0.00
Success       [ratio]                           100.00%
Status Codes  [code:count]                      200:422  
Error Set:
Requests      [total, rate, throughput]         432, 10.02, 10.02
Duration      [total, attack, wait]             43.121s, 43.1s, 21.15ms
Latencies     [min, mean, 50, 90, 95, 99, max]  20.789ms, 21.308ms, 21.3ms, 21.562ms, 21.602ms, 21.777ms, 23.852ms
Bytes In      [total, mean]                     864, 2.00
Bytes Out     [total, mean]                     0, 0.00
Success       [ratio]                           100.00%
Status Codes  [code:count]                      200:432  
Error Set:
Requests      [total, rate, throughput]         442, 10.02, 10.02
Duration      [total, attack, wait]             44.121s, 44.1s, 21.067ms
Latencies     [min, mean, 50, 90, 95, 99, max]  20.789ms, 21.307ms, 21.3ms, 21.562ms, 21.601ms, 21.772ms, 23.852ms
Bytes In      [total, mean]                     884, 2.00
Bytes Out     [total, mean]                     0, 0.00
Success       [ratio]                           100.00%
Status Codes  [code:count]                      200:442  
Error Set:
Requests      [total, rate, throughput]         452, 10.02, 10.02
Duration      [total, attack, wait]             45.122s, 45.1s, 22.306ms
Latencies     [min, mean, 50, 90, 95, 99, max]  20.749ms, 21.307ms, 21.301ms, 21.562ms, 21.602ms, 21.814ms, 23.852ms
Bytes In      [total, mean]                     904, 2.00
Bytes Out     [total, mean]                     0, 0.00
Success       [ratio]                           100.00%
Status Codes  [code:count]                      200:452  
Error Set:
Requests      [total, rate, throughput]         462, 10.02, 10.02
Duration      [total, attack, wait]             46.121s, 46.1s, 21.079ms
Latencies     [min, mean, 50, 90, 95, 99, max]  20.749ms, 21.307ms, 21.306ms, 21.561ms, 21.601ms, 21.81ms, 23.852ms
Bytes In      [total, mean]                     924, 2.00
Bytes Out     [total, mean]                     0, 0.00
Success       [ratio]                           100.00%
Status Codes  [code:count]                      200:462  
Error Set:
Requests      [total, rate, throughput]         472, 10.02, 10.02
Duration      [total, attack, wait]             47.121s, 47.1s, 21.022ms
Latencies     [min, mean, 50, 90, 95, 99, max]  20.749ms, 21.306ms, 21.306ms, 21.559ms, 21.601ms, 21.805ms, 23.852ms
Bytes In      [total, mean]                     944, 2.00
Bytes Out     [total, mean]                     0, 0.00
Success       [ratio]                           100.00%
Status Codes  [code:count]                      200:472  
Error Set:
Requests      [total, rate, throughput]         482, 10.02, 10.02
Duration      [total, attack, wait]             48.121s, 48.1s, 21.515ms
Latencies     [min, mean, 50, 90, 95, 99, max]  20.749ms, 21.307ms, 21.313ms, 21.559ms, 21.602ms, 21.8ms, 23.852ms
Bytes In      [total, mean]                     964, 2.00
Bytes Out     [total, mean]                     0, 0.00
Success       [ratio]                           100.00%
Status Codes  [code:count]                      200:482  
Error Set:
Requests      [total, rate, throughput]         492, 10.02, 10.02
Duration      [total, attack, wait]             49.121s, 49.1s, 21.351ms
Latencies     [min, mean, 50, 90, 95, 99, max]  20.749ms, 21.306ms, 21.313ms, 21.558ms, 21.601ms, 21.796ms, 23.852ms
Bytes In      [total, mean]                     984, 2.00
Bytes Out     [total, mean]                     0, 0.00
Success       [ratio]                           100.00%
Status Codes  [code:count]                      200:492  
Error Set:
Requests      [total, rate, throughput]         502, 10.02, 10.02
Duration      [total, attack, wait]             50.121s, 50.1s, 20.985ms
Latencies     [min, mean, 50, 90, 95, 99, max]  20.725ms, 21.303ms, 21.301ms, 21.555ms, 21.6ms, 21.791ms, 23.852ms
Bytes In      [total, mean]                     1004, 2.00
Bytes Out     [total, mean]                     0, 0.00
Success       [ratio]                           100.00%
Status Codes  [code:count]                      200:502  
Error Set:
Requests      [total, rate, throughput]         512, 10.02, 10.02
Duration      [total, attack, wait]             51.121s, 51.1s, 21.213ms
Latencies     [min, mean, 50, 90, 95, 99, max]  20.725ms, 21.303ms, 21.301ms, 21.553ms, 21.598ms, 21.786ms, 23.852ms
Bytes In      [total, mean]                     1024, 2.00
Bytes Out     [total, mean]                     0, 0.00
Success       [ratio]                           100.00%
Status Codes  [code:count]                      200:512  
Error Set:
Requests      [total, rate, throughput]         522, 10.02, 10.02
Duration      [total, attack, wait]             52.121s, 52.1s, 20.801ms
Latencies     [min, mean, 50, 90, 95, 99, max]  20.725ms, 21.3ms, 21.298ms, 21.551ms, 21.597ms, 21.782ms, 23.852ms
Bytes In      [total, mean]                     1044, 2.00
Bytes Out     [total, mean]                     0, 0.00
Success       [ratio]                           100.00%
Status Codes  [code:count]                      200:522  
Error Set:
Requests      [total, rate, throughput]         532, 10.02, 10.01
Duration      [total, attack, wait]             53.122s, 53.1s, 21.259ms
Latencies     [min, mean, 50, 90, 95, 99, max]  20.725ms, 21.299ms, 21.297ms, 21.549ms, 21.596ms, 21.777ms, 23.852ms
Bytes In      [total, mean]                     1064, 2.00
Bytes Out     [total, mean]                     0, 0.00
Success       [ratio]                           100.00%
Status Codes  [code:count]                      200:532  
Error Set:
Requests      [total, rate, throughput]         542, 10.02, 10.01
Duration      [total, attack, wait]             54.122s, 54.1s, 21.34ms
Latencies     [min, mean, 50, 90, 95, 99, max]  20.725ms, 21.296ms, 21.295ms, 21.547ms, 21.594ms, 21.772ms, 23.852ms
Bytes In      [total, mean]                     1084, 2.00
Bytes Out     [total, mean]                     0, 0.00
Success       [ratio]                           100.00%
Status Codes  [code:count]                      200:542  
Error Set:
Requests      [total, rate, throughput]         552, 10.02, 10.01
Duration      [total, attack, wait]             55.121s, 55.1s, 21.226ms
Latencies     [min, mean, 50, 90, 95, 99, max]  20.725ms, 21.294ms, 21.292ms, 21.545ms, 21.593ms, 21.767ms, 23.852ms
Bytes In      [total, mean]                     1104, 2.00
Bytes Out     [total, mean]                     0, 0.00
Success       [ratio]                           100.00%
Status Codes  [code:count]                      200:552  
Error Set:
Requests      [total, rate, throughput]         562, 10.02, 10.01
Duration      [total, attack, wait]             56.121s, 56.1s, 20.998ms
Latencies     [min, mean, 50, 90, 95, 99, max]  20.725ms, 21.292ms, 21.29ms, 21.543ms, 21.592ms, 21.762ms, 23.852ms
Bytes In      [total, mean]                     1124, 2.00
Bytes Out     [total, mean]                     0, 0.00
Success       [ratio]                           100.00%
Status Codes  [code:count]                      200:562  
Error Set:
Requests      [total, rate, throughput]         572, 10.02, 10.01
Duration      [total, attack, wait]             57.121s, 57.1s, 20.982ms
Latencies     [min, mean, 50, 90, 95, 99, max]  20.725ms, 21.29ms, 21.289ms, 21.543ms, 21.593ms, 21.756ms, 23.852ms
Bytes In      [total, mean]                     1144, 2.00
Bytes Out     [total, mean]                     0, 0.00
Success       [ratio]                           100.00%
Status Codes  [code:count]                      200:572  
Error Set:
Requests      [total, rate, throughput]         582, 10.02, 10.01
Duration      [total, attack, wait]             58.121s, 58.1s, 21.345ms
Latencies     [min, mean, 50, 90, 95, 99, max]  20.725ms, 21.289ms, 21.289ms, 21.541ms, 21.592ms, 21.751ms, 23.852ms
Bytes In      [total, mean]                     1164, 2.00
Bytes Out     [total, mean]                     0, 0.00
Success       [ratio]                           100.00%
Status Codes  [code:count]                      200:582  
Error Set:
Requests      [total, rate, throughput]         592, 10.02, 10.01
Duration      [total, attack, wait]             59.121s, 59.1s, 20.966ms
Latencies     [min, mean, 50, 90, 95, 99, max]  20.725ms, 21.287ms, 21.288ms, 21.54ms, 21.591ms, 21.745ms, 23.852ms
Bytes In      [total, mean]                     1184, 2.00
Bytes Out     [total, mean]                     0, 0.00
Success       [ratio]                           100.00%
Status Codes  [code:count]                      200:592  
Error Set:
Requests      [total, rate, throughput]         600, 10.02, 10.01
Duration      [total, attack, wait]             59.921s, 59.9s, 20.931ms
Latencies     [min, mean, 50, 90, 95, 99, max]  20.725ms, 21.286ms, 21.288ms, 21.538ms, 21.59ms, 21.741ms, 23.852ms
Bytes In      [total, mean]                     1200, 2.00
Bytes Out     [total, mean]                     0, 0.00
Success       [ratio]                           100.00%
Status Codes  [code:count]                      200:600  
Error Set:
