3.000016 9947.155478
3.000021 7190.364791
3.000008 8432.806340
3.000010 8712.911783
3.000137 7923.435808
3.000072 7496.630474
3.000040 6965.741532
3.000088 9392.429932
3.000006 7185.980941
3.000014 8118.850514
3.000048 7595.393889
3.000031 9070.180118
3.000012 8619.982080
3.000033 7340.507560
3.000065 8491.514932
3.000228 8639.280881
3.000063 8178.512048
3.000027 9499.863266
3.000059 8394.993400
3.000006 9040.867433
3.000029 7596.049088
3.000023 8784.931162
3.000086 8905.009912
3.000104 7961.732239
3.000074 7266.909421
3.000198 8116.309739
3.000026 8021.865619
3.000034 9511.072269
3.000099 7973.895484
3.000144 8995.420743
3.000027 10037.000810
3.000011 9095.163925
6.000022 7251.549065
6.000098 7234.047759
6.000049 6673.769521
6.000042 7491.952244
6.000112 7389.187647
6.000087 6982.547270
6.000123 7990.140018
6.000101 8209.794465
6.000014 8472.512852
6.000245 8381.820157
6.000068 7342.932428
6.000263 9665.853338
6.000035 7630.541175
6.000048 8305.993059
6.000101 8365.543532
6.000024 8016.316094
6.000219 8400.854472
6.000085 7968.940353
6.000169 8996.470794
6.000202 8414.205209
6.000019 9200.631793
6.000091 9031.925567
6.000221 9089.447244
6.000184 8432.486657
6.000172 8433.796022
6.000171 8668.525778
6.000369 7560.180002
6.000258 8136.392253
6.000088 8781.785386
6.000078 6647.657281
6.000080 7772.538861
6.000045 8655.322039
9.000157 8922.659106
9.000444 8162.096908
9.000227 8226.524992
9.000561 8397.122548
9.000078 7436.157349
9.000090 6983.711515
9.000049 8428.606958
9.000087 7450.706447
9.000125 7770.949799
9.000056 8019.099836
9.000062 7346.756555
9.000263 7561.970015
9.000048 9155.621402
9.000216 8479.247607
9.000238 7940.029641
9.000118 8110.270766
9.000209 7196.756804
9.000186 6845.424136
9.000160 8382.493508
9.000119 8365.904088
9.000347 8432.471492
9.000090 8414.402988
9.000301 9278.925965
9.000071 7392.878651
9.000156 8658.599850
9.000511 8554.302370
9.000095 6431.285005
9.000127 8189.924252
9.000379 7156.644229
9.000364 8570.482955
9.000349 9061.956305
9.000244 8379.223327
12.000174 7537.381201
12.000088 8183.848229
12.000069 8285.590740
12.000496 8537.489185
12.000374 8352.088197
12.000252 7890.775103
12.000287 7898.840463
12.000052 9121.992971
12.000461 8640.144000
12.000528 8377.691215
12.000568 8307.866922
12.000404 8534.720428
12.000474 8364.651323
12.000568 8225.198691
12.000200 7805.015755
12.000099 6990.416891
12.000331 7481.163049
12.000096 8265.236576
12.000230 8324.657087
12.000470 7544.401762
12.000167 6830.208203
12.000407 6988.779121
12.000161 8138.034549
12.000175 8299.314530
12.000354 8123.428994
12.000188 6830.049873
12.000117 7254.717971
12.000218 6890.651712
12.000353 9023.678430
12.000084 7088.105400
12.000145 7802.818529
12.000508 8271.949978
15.000740 8171.469783
15.000411 8708.313344
15.000202 7633.421200
15.000570 8629.949200
15.000111 8306.345032
15.000418 7313.748583
15.000128 7009.394382
15.000214 7113.047134
15.000461 8797.020949
15.000387 8500.082216
15.000551 8804.770645
15.000094 8157.960918
15.000471 8406.412924
15.000428 8440.302936
15.000221 7641.302236
15.000183 6813.718479
15.000418 7510.861634
15.000125 7415.189455
15.000395 8347.883486
15.000294 7667.866991
15.000149 8393.479241
15.000138 7434.315404
15.000152 8085.657781
15.000263 7096.281027
15.000163 8071.384921
15.000141 8950.379583
15.000480 9112.711234
15.000640 7951.287587
15.000578 8401.366159
15.000187 8480.088734
15.000505 8564.935530
15.000617 8219.838759
18.000216 7749.798384
18.000670 7451.871472
18.000279 6961.229485
18.000288 8069.197024
18.000180 7119.800920
18.000323 7017.069877
18.000164 7317.283808
18.000234 7866.645375
18.000377 6772.936865
18.000432 7404.398343
18.000117 8180.450095
18.000444 8257.803269
18.000211 7809.348954
18.000486 8544.286195
18.000241 8175.963480
18.000197 8421.499897
18.000161 8286.474797
18.000584 8723.485769
18.000420 8213.007634
18.000458 7485.440713
18.000440 8401.256389
18.001153 8231.935305
18.000153 8723.814295
18.000504 8390.813837
18.000574 8593.706537
18.000594 8426.940676
18.000527 8591.072400
18.000700 8940.618989
18.000583 8302.792416
18.000443 7111.894072
18.000899 7984.841285
18.000631 8125.505187
21.000320 7244.758914
21.000455 7631.671364
21.000684 8396.352975
21.000635 8479.839786
21.000210 8550.638772
21.000332 8365.657833
21.000255 7800.940008
21.000790 8527.130518
21.000490 8458.826774
21.000438 7481.605959
21.000532 8835.606658
21.000616 8387.219843
21.000522 7741.898235
21.000684 7552.667067
21.000332 8387.844163
21.000300 8314.404545
21.000721 8289.836995
21.000375 8051.214978
21.000254 8179.206117
21.000325 7468.129858
21.000359 7040.002211
21.000325 7868.060711
21.000522 8088.092926
21.000639 8528.968715
21.000783 8881.585260
21.000326 6888.436499
21.000579 8446.832651
21.000478 6883.890867
21.000228 8084.301569
21.001199 8320.285664
21.000921 7771.893971
21.000634 8080.222142
24.000727 8468.067737
24.000395 6920.803005
24.000375 7047.264752
24.000390 7456.211137
24.000269 8093.207557
24.000745 6837.914852
24.000540 7483.320986
24.000240 7878.110751
24.000308 8305.667661
24.000584 8456.805480
24.000339 7949.043890
24.000382 8239.296948
24.000737 8621.196721
24.000334 8380.623833
24.000802 8575.456284
24.000550 8103.878070
24.000848 7720.404808
24.000254 8583.646690
24.000697 8257.985604
24.000841 8368.584452
24.000652 8402.181910
24.000860 8737.384542
24.000861 8356.667004
24.000567 8598.626192
24.000339 7462.803201
24.000521 8211.161977
24.000739 7454.592481
24.000732 8187.119537
24.000554 7598.382653
24.001217 8375.604555
24.000926 7687.551504
24.000790 8183.391498
27.000378 6972.584591
27.000596 7437.245870
27.000483 8427.194007
27.000650 8413.098254
27.000422 7946.508570
27.000383 8137.693157
27.000353 8388.984680
27.000842 8536.502612
27.000619 8091.887502
27.000892 7735.107324
27.000592 8532.646173
27.000701 8324.771308
27.000850 8283.447166
27.000846 8590.996780
27.000864 8265.881811
27.000678 8522.773915
27.000547 8132.543560
27.000758 7646.002146
27.001227 8309.813356
27.000818 8496.450520
27.000756 6750.755082
27.000707 7666.354436
27.000462 6967.420186
27.001023 8241.923434
27.000488 7514.004088
27.001010 7766.544355
27.001169 8864.952117
27.000429 7685.653454
27.000738 8422.507068
27.000273 8151.217450
27.000283 7764.719589
27.000853 8271.121811
#type       avg     std     min     5th    10th    90th    95th    99th
read     2921.4  1433.7   445.8  1450.6  1572.1  4720.0  5786.4  8108.0
update   2882.0  1414.5   445.8  1446.7  1564.3  4626.6  5720.9  8034.0
op_q       52.1    22.6     1.0    26.0    30.0    81.5   101.3   125.2

Total QPS = 999567.6 (29987030 / 30.0s)

Misses = 0 (0.0%)
Skipped TXs = 0 (0.0%)

RX 5156792623 bytes :  163.9 MB/s
TX 3315254301 bytes :  105.4 MB/s
