3.001297 833.333333 2580 859.628422 27.508110
3.002144 833.333333 2602 866.714000 27.734848
3.002888 833.333333 2443 813.550044 26.033601
3.001222 833.333333 2492 830.328526 26.570513
3.000033 833.333333 2473 824.324133 26.378372
3.001235 833.333333 2499 832.657323 26.645034
3.000418 833.333333 2508 835.883520 26.748273
3.000463 833.333333 2477 825.539284 26.417257
3.000741 833.333333 2571 856.788238 27.417224
3.002136 833.333333 2465 821.082166 26.274629
3.000661 833.333333 2500 833.149715 26.660791
3.000088 833.333333 2485 828.309066 26.505890
3.004130 833.333333 2532 842.839723 26.970871
3.001411 833.333333 2540 846.268556 27.080594
3.002903 833.333333 2389 795.563547 25.458033
3.000725 833.333333 2453 817.469156 26.159013
3.000072 833.333333 2375 791.647720 25.332727
3.002130 833.333333 2425 807.759853 25.848315
3.000326 833.333333 2387 795.580085 25.458563
3.003285 833.333333 2431 809.446931 25.902302
3.002516 833.333333 2437 811.652686 25.972886
3.000045 833.333333 2579 859.653658 27.508917
3.000392 833.333333 2569 856.221564 27.399090
3.001067 833.333333 2532 843.699963 26.998399
3.003046 833.333333 2502 833.153976 26.660927
3.001190 833.333333 2445 814.676866 26.069660
3.001557 833.333333 2348 782.260792 25.032345
3.000543 833.333333 2392 797.189138 25.510052
3.000970 833.333333 2423 807.405720 25.836983
3.000155 833.333333 2585 861.622266 27.571912
3.000598 833.333333 2533 844.165024 27.013281
3.000122 833.333333 2517 838.965917 26.846909
6.001177 833.333333 2480 826.366657 26.443733
6.000224 833.333333 2503 834.290913 26.697309
6.000055 833.333333 2519 839.660758 26.869144
6.003077 833.333333 2473 823.578282 26.354505
6.000550 833.333333 2551 850.296031 27.209473
6.001300 833.333333 2611 869.969529 27.839025
6.004694 833.333333 2408 801.610503 25.651536
6.001225 833.333333 2351 783.467745 25.070968
6.001899 833.333333 2438 812.483357 25.999467
6.003684 833.333333 2439 812.582777 26.002649
6.003529 833.333333 2485 827.749105 26.487971
6.001072 833.333333 2484 827.812192 26.489990
6.000785 833.333333 2469 822.983590 26.335475
6.005608 833.333333 2567 854.675727 27.349623
6.002202 833.333333 2526 841.746119 26.935876
6.004720 833.333333 2538 845.595445 27.059054
6.001413 833.333333 2558 852.568339 27.282187
6.002885 833.333333 2531 843.293316 26.985386
6.002996 833.333333 2568 855.973279 27.391145
6.003138 833.333333 2483 827.390227 26.476487
6.000845 833.333333 2583 860.913276 27.549225
6.004256 833.333333 2487 828.965110 26.526884
6.003960 833.333333 2472 823.705760 26.358584
6.002379 833.333333 2596 864.990526 27.679697
6.007345 833.333333 2585 860.281827 27.529018
6.002925 833.333333 2480 826.043222 26.433383
6.001472 833.333333 2496 831.934192 26.621894
6.002545 833.333333 2485 827.673787 26.485561
6.003766 833.333333 2440 813.138294 26.020425
6.001419 833.333333 2479 826.209489 26.438704
6.003180 833.333333 2533 843.607211 26.995431
6.003820 833.333333 2496 830.975577 26.591218
9.004057 833.333333 2329 775.426861 24.813660
9.004832 833.333333 2463 819.694682 26.230230
9.001466 833.333333 2548 849.221978 27.175103
9.003132 833.333333 2579 859.400200 27.500806
9.000667 833.333333 2537 845.542032 27.057345
9.003938 833.333333 2519 838.907905 26.845053
9.001564 833.333333 2473 824.135814 26.372346
9.002126 833.333333 2433 810.776801 25.944858
9.001909 833.333333 2483 827.356613 26.475412
9.002063 833.333333 2491 830.088259 26.562824
9.002496 833.333333 2498 832.366090 26.635715
9.005581 833.333333 2380 792.248285 25.351945
9.002362 833.333333 2478 825.872377 26.427916
9.003951 833.333333 2518 838.940176 26.846086
9.005103 833.333333 2460 819.888232 26.236423
9.004376 833.333333 2454 817.811349 26.169963
9.004606 833.333333 2480 826.245631 26.439860
9.005268 833.333333 2636 878.043352 28.097387
9.004450 833.333333 2479 826.280016 26.440961
9.004929 833.333333 2435 810.977180 25.951270
9.004251 833.333333 2434 810.994074 25.951810
9.006414 833.333333 2429 809.449121 25.902372
9.003867 833.333333 2425 808.242199 25.863750
9.002703 833.333333 2524 840.973366 26.911148
9.004245 833.333333 2570 856.585259 27.410728
9.005191 833.333333 2664 887.578356 28.402507
9.005676 833.333333 2547 848.729673 27.159350
9.003687 833.333333 2505 834.776733 26.712855
9.004585 833.333333 2543 847.197975 27.110335
9.012273 833.333333 2511 835.627351 26.740075
9.004087 833.333333 2618 872.402961 27.916895
9.006328 833.333333 2437 811.654775 25.972953
12.000819 833.333333 2487 828.957941 26.526654
12.002777 833.333333 2506 835.217927 26.726974
12.006979 833.333333 2516 837.850414 26.811213
12.002087 833.333333 2560 853.326413 27.306445
12.002349 833.333333 2461 820.213092 26.246819
12.002002 833.333333 2432 810.521821 25.936698
12.003623 833.333333 2445 814.866497 26.075728
12.002783 833.333333 2342 780.349585 24.971187
12.006982 833.333333 2540 845.931792 27.069817
12.002289 833.333333 2430 809.955940 25.918590
12.006969 833.333333 2445 814.177426 26.053678
12.003734 833.333333 2479 825.992625 26.431764
12.006752 833.333333 2548 848.866731 27.163735
12.004641 833.333333 2607 868.775908 27.800829
12.004809 833.333333 2523 840.899184 26.908774
12.004313 833.333333 2536 845.314178 27.050054
12.008852 833.333333 2465 820.567058 26.258146
12.004634 833.333333 2489 829.658917 26.549085
12.004802 833.333333 2451 816.850142 26.139205
12.005695 833.333333 2453 817.661427 26.165166
12.003811 833.333333 2461 820.299452 26.249582
12.010101 833.333333 2543 846.303232 27.081703
12.008289 833.333333 2487 828.482367 26.511436
12.005890 833.333333 2573 857.466806 27.438938
12.003587 833.333333 2482 827.089819 26.466874
12.005201 833.333333 2366 788.595164 25.235045
12.010825 833.333333 2504 833.210007 26.662720
12.006357 833.333333 2545 847.832632 27.130644
12.004919 833.333333 2479 826.066935 26.434142
12.012472 833.333333 2555 851.610103 27.251523
12.004497 833.333333 2571 856.882892 27.420253
12.008469 833.333333 2443 813.752573 26.040082
15.004931 833.333333 2569 855.718873 27.383004
15.002046 833.333333 2574 857.649106 27.444771
15.003759 833.333333 2562 853.581859 27.314620
15.003138 833.333333 2514 837.706550 26.806610
15.002496 833.333333 2529 842.958670 26.974677
15.004683 833.333333 2494 831.319583 26.602227
15.003662 833.333333 2438 812.656298 26.005002
15.002764 833.333333 2470 823.124168 26.339973
15.005975 833.333333 2564 854.642675 27.348566
15.004242 833.333333 2497 832.151646 26.628853
15.008754 833.333333 2423 806.560687 25.809942
15.006113 833.333333 2565 854.051993 27.329664
15.004753 833.333333 2510 836.543909 26.769405
15.006199 833.333333 2613 870.710466 27.862735
15.004353 833.333333 2535 844.825651 27.034421
15.005295 833.333333 2531 843.530138 26.992964
15.005729 833.333333 2555 851.403638 27.244916
15.009562 833.333333 2557 851.600100 27.251203
15.005246 833.333333 2529 842.597004 26.963104
15.006261 833.333333 2380 793.183686 25.381878
15.008030 833.333333 2569 856.034268 27.393097
15.007285 833.333333 2427 808.914714 25.885271
15.007296 833.333333 2540 846.513272 27.088425
15.007113 833.333333 2576 858.039117 27.457252
15.009325 833.333333 2419 806.054881 25.793756
15.008894 833.333333 2485 828.321881 26.506300
15.011240 833.333333 2429 809.359176 25.899494
15.006973 833.333333 2397 798.835982 25.562751
15.012745 833.333333 2548 849.256153 27.176197
15.013943 833.333333 2523 840.127049 26.884066
15.004611 833.333333 2573 857.634204 27.444295
15.009804 833.333333 2504 834.295402 26.697453
18.003761 833.333333 2449 816.062022 26.113985
18.002335 833.333333 2572 857.250840 27.432027
18.003652 833.333333 2540 846.340411 27.082893
18.004561 833.333333 2451 816.612732 26.131607
18.003948 833.333333 2449 816.255282 26.120169
18.008912 833.333333 2526 840.985979 26.911551
18.005956 833.333333 2548 848.993101 27.167779
18.006503 833.333333 2534 844.061763 27.009976
18.009111 833.333333 2517 837.505892 26.800189
18.010000 833.333333 2510 835.186428 26.725966
18.006400 833.333333 2513 837.256576 26.792210
18.004842 833.333333 2454 817.836258 26.170760
18.007848 833.333333 2499 832.411938 26.637182
18.006142 833.333333 2507 835.620068 26.739842
18.008042 833.333333 2477 825.458332 26.414667
18.011123 833.333333 2413 803.308467 25.705871
18.010545 833.333333 2517 838.499520 26.831985
18.012199 833.333333 2526 840.831588 26.906611
18.006461 833.333333 2419 806.279720 25.800951
18.009548 833.333333 2592 863.935721 27.645943
18.005354 833.333333 2451 816.970560 26.143058
18.006408 833.333333 2427 808.920305 25.885450
18.012579 833.333333 2485 827.316906 26.474141
18.011082 833.333333 2407 801.927188 25.661670
18.006567 833.333333 2594 864.560534 27.665937
18.008639 833.333333 2491 829.911047 26.557153
18.007469 833.333333 2604 867.856490 27.771408
18.011849 833.333333 2464 821.166732 26.277335
18.005467 833.333333 2487 828.763520 26.520433
18.013663 833.333333 2471 823.414751 26.349272
18.014027 833.333333 2530 843.309696 26.985910
18.011204 833.333333 2514 837.609127 26.803492
21.004118 833.333333 2534 844.164837 27.013275
21.003894 833.333333 2365 788.269851 25.224635
21.005796 833.333333 2510 836.151623 26.756852
21.004053 833.333333 2439 812.921048 26.013474
21.004620 833.333333 2578 859.316442 27.498126
21.009487 833.333333 2414 803.866885 25.723740
21.006047 833.333333 2537 845.640842 27.060507
21.010912 833.333333 2497 830.794028 26.585409
21.009858 833.333333 2513 836.702187 26.774470
21.007499 833.333333 2482 827.047063 26.465506
21.016618 833.333333 2571 854.093335 27.330987
21.009495 833.333333 2428 808.941691 25.886134
21.006847 833.333333 2536 845.134565 27.044306
21.009585 833.333333 2382 793.990325 25.407690
21.020914 833.333333 2625 872.141752 27.908536
21.011981 833.333333 2443 813.213022 26.022817
21.006222 833.333333 2546 848.276532 27.144849
21.020914 833.333333 2469 820.165166 26.245285
21.009800 833.333333 2496 831.753988 26.616128
21.007578 833.333333 2565 854.712009 27.350784
21.010418 833.333333 2559 852.881114 27.292196
21.009540 833.333333 2456 818.549488 26.193584
21.007837 833.333333 2561 853.561955 27.313983
21.012197 833.333333 2515 838.033267 26.817065
21.011887 833.333333 2461 820.323075 26.250338
21.013395 833.333333 2511 836.666469 26.773327
21.014794 833.333333 2551 849.706061 27.190594
21.011245 833.333333 2586 861.252040 27.560065
21.013743 833.333333 2537 845.644098 27.060611
21.014078 833.333333 2437 812.319510 25.994224
21.005569 833.333333 2550 849.971099 27.199075
21.016546 833.333333 2563 852.814881 27.290076
24.010908 833.333333 2482 825.465098 26.414883
24.019511 833.333333 2635 874.409192 27.981094
24.006083 833.333333 2496 831.393221 26.604583
24.009802 833.333333 2488 829.332542 26.538641
24.004764 833.333333 2524 841.133989 26.916288
24.004769 833.333333 2500 833.291816 26.665338
24.006779 833.333333 2561 853.387225 27.308391
24.008287 833.333333 2679 892.788904 28.569245
24.017237 833.333333 2407 800.513778 25.616441
24.009074 833.333333 2517 838.559708 26.833911
24.007285 833.333333 2434 811.214978 25.958879
24.010038 833.333333 2526 841.949497 26.942384
24.011314 833.333333 2445 814.530614 26.064980
24.011021 833.333333 2535 844.570413 27.026253
24.006253 833.333333 2534 844.657832 27.029051
24.022728 833.333333 2552 848.126560 27.140050
24.009712 833.333333 2546 848.603131 27.155300
24.012713 833.333333 2411 803.470669 25.711061
24.011157 833.333333 2376 791.573310 25.330346
24.008665 833.333333 2567 855.430445 27.373774
24.012933 833.333333 2420 806.468846 25.807003
24.012189 833.333333 2466 821.917204 26.301351
24.016757 833.333333 2588 861.700895 27.574429
24.011478 833.333333 2466 821.844924 26.299038
24.015200 833.333333 2498 832.554000 26.641728
24.012438 833.333333 2588 862.323499 27.594352
24.006556 833.333333 2608 869.047266 27.809513
24.021570 833.333333 2565 854.812916 27.354013
24.014962 833.333333 2470 823.090707 26.338903
24.016658 833.333333 2539 846.321972 27.082303
24.020935 833.333333 2599 866.327458 27.722479
24.017431 833.333333 2450 816.425793 26.125625
27.005320 833.333333 2549 849.510715 27.184343
27.007751 833.333333 2433 810.193159 25.926181
27.006213 833.333333 2507 835.630483 26.740175
27.016714 833.333333 2409 800.349396 25.611181
27.011630 833.333333 2466 821.802127 26.297668
27.009076 833.333333 2470 822.842002 26.330944
27.010625 833.333333 2553 850.560450 27.217934
27.010573 833.333333 2431 810.125343 25.924011
27.010216 833.333333 2468 822.241709 26.311735
27.011582 833.333333 2555 850.156756 27.205016
27.010512 833.333333 2366 788.542091 25.233347
27.011600 833.333333 2472 823.966492 26.366928
27.009871 833.333333 2677 891.862713 28.539607
27.016132 833.333333 2536 844.433021 27.021857
27.013758 833.333333 2447 815.240392 26.087693
27.014472 833.333333 2447 814.766417 26.072525
27.009856 833.333333 2535 844.959383 27.038700
27.011530 833.333333 2446 815.194925 26.086238
27.012174 833.333333 2477 825.430031 26.413761
27.019724 833.333333 2491 830.274121 26.568772
27.029775 833.333333 2365 784.521987 25.104704
27.013675 833.333333 2525 841.396871 26.924700
27.006724 833.333333 2529 842.952778 26.974489
27.013040 833.333333 2555 851.496033 27.247873
27.017095 833.333333 2491 830.239945 26.567678
27.017445 833.333333 2447 814.992212 26.079751
27.016992 833.333333 2537 845.572736 27.058328
27.017549 833.333333 2401 800.250116 25.608004
27.022012 833.333333 2451 816.879626 26.140148
27.021356 833.333333 2544 847.880813 27.132186
27.023837 833.333333 2594 864.346918 27.659101
27.018543 833.333333 2534 844.353805 27.019322
#type       avg     std     min     5th    10th    90th    95th    99th
read      148.1    64.3    66.3    90.2    96.5   218.0   249.7   325.2
update    153.5    65.0    66.3    94.4   100.7   223.4   254.9   329.5
op_q        1.1     0.4     1.0     1.0     1.0     2.0     2.1     2.9

Total QPS = 59831.0 (1794929 / 30.0s)

Misses = 0 (0.0%)
Skipped TXs = 0 (0.0%)

RX  311493710 bytes :    9.9 MB/s
TX  198675606 bytes :    6.3 MB/s
