Requests      [total, rate, throughput]         12, 10.91, 10.70
Duration      [total, attack, wait]             1.122s, 1.1s, 21.496ms
Latencies     [min, mean, 50, 90, 95, 99, max]  21.27ms, 21.555ms, 21.497ms, 21.92ms, 22.183ms, 22.227ms, 22.227ms
Bytes In      [total, mean]                     24, 2.00
Bytes Out     [total, mean]                     0, 0.00
Success       [ratio]                           100.00%
Status Codes  [code:count]                      200:12  
Error Set:
Requests      [total, rate, throughput]         22, 10.47, 10.37
Duration      [total, attack, wait]             2.122s, 2.1s, 21.217ms
Latencies     [min, mean, 50, 90, 95, 99, max]  21.217ms, 21.476ms, 21.454ms, 21.668ms, 21.964ms, 22.227ms, 22.227ms
Bytes In      [total, mean]                     44, 2.00
Bytes Out     [total, mean]                     0, 0.00
Success       [ratio]                           100.00%
Status Codes  [code:count]                      200:22  
Error Set:
Requests      [total, rate, throughput]         32, 10.32, 10.25
Duration      [total, attack, wait]             3.121s, 3.1s, 21.262ms
Latencies     [min, mean, 50, 90, 95, 99, max]  21.197ms, 21.438ms, 21.384ms, 21.584ms, 21.771ms, 22.227ms, 22.227ms
Bytes In      [total, mean]                     64, 2.00
Bytes Out     [total, mean]                     0, 0.00
Success       [ratio]                           100.00%
Status Codes  [code:count]                      200:32  
Error Set:
Requests      [total, rate, throughput]         42, 10.24, 10.19
Duration      [total, attack, wait]             4.121s, 4.1s, 21.484ms
Latencies     [min, mean, 50, 90, 95, 99, max]  21.197ms, 21.437ms, 21.407ms, 21.563ms, 21.685ms, 22.227ms, 22.227ms
Bytes In      [total, mean]                     84, 2.00
Bytes Out     [total, mean]                     0, 0.00
Success       [ratio]                           100.00%
Status Codes  [code:count]                      200:42  
Error Set:
Requests      [total, rate, throughput]         52, 10.20, 10.15
Duration      [total, attack, wait]             5.121s, 5.1s, 21.301ms
Latencies     [min, mean, 50, 90, 95, 99, max]  21.168ms, 21.419ms, 21.384ms, 21.549ms, 21.612ms, 22.219ms, 22.227ms
Bytes In      [total, mean]                     104, 2.00
Bytes Out     [total, mean]                     0, 0.00
Success       [ratio]                           100.00%
Status Codes  [code:count]                      200:52  
Error Set:
Requests      [total, rate, throughput]         62, 10.16, 10.13
Duration      [total, attack, wait]             6.121s, 6.1s, 21.4ms
Latencies     [min, mean, 50, 90, 95, 99, max]  21.168ms, 21.411ms, 21.384ms, 21.533ms, 21.588ms, 22.175ms, 22.227ms
Bytes In      [total, mean]                     124, 2.00
Bytes Out     [total, mean]                     0, 0.00
Success       [ratio]                           100.00%
Status Codes  [code:count]                      200:62  
Error Set:
Requests      [total, rate, throughput]         72, 10.14, 10.11
Duration      [total, attack, wait]             7.122s, 7.101s, 21.361ms
Latencies     [min, mean, 50, 90, 95, 99, max]  21.12ms, 21.407ms, 21.388ms, 21.527ms, 21.569ms, 22.131ms, 22.227ms
Bytes In      [total, mean]                     144, 2.00
Bytes Out     [total, mean]                     0, 0.00
Success       [ratio]                           100.00%
Status Codes  [code:count]                      200:72  
Error Set:
Requests      [total, rate, throughput]         82, 10.12, 10.10
Duration      [total, attack, wait]             8.122s, 8.1s, 21.427ms
Latencies     [min, mean, 50, 90, 95, 99, max]  21.12ms, 21.406ms, 21.396ms, 21.533ms, 21.579ms, 22.087ms, 22.227ms
Bytes In      [total, mean]                     164, 2.00
Bytes Out     [total, mean]                     0, 0.00
Success       [ratio]                           100.00%
Status Codes  [code:count]                      200:82  
Error Set:
Requests      [total, rate, throughput]         92, 10.11, 10.09
Duration      [total, attack, wait]             9.121s, 9.1s, 21.289ms
Latencies     [min, mean, 50, 90, 95, 99, max]  21.12ms, 21.402ms, 21.388ms, 21.527ms, 21.569ms, 22.043ms, 22.227ms
Bytes In      [total, mean]                     184, 2.00
Bytes Out     [total, mean]                     0, 0.00
Success       [ratio]                           100.00%
Status Codes  [code:count]                      200:92  
Error Set:
Requests      [total, rate, throughput]         102, 10.10, 10.08
Duration      [total, attack, wait]             10.122s, 10.1s, 21.299ms
Latencies     [min, mean, 50, 90, 95, 99, max]  21.12ms, 21.398ms, 21.378ms, 21.527ms, 21.565ms, 21.999ms, 22.227ms
Bytes In      [total, mean]                     204, 2.00
Bytes Out     [total, mean]                     0, 0.00
Success       [ratio]                           100.00%
Status Codes  [code:count]                      200:102  
Error Set:
Requests      [total, rate, throughput]         112, 10.09, 10.07
Duration      [total, attack, wait]             11.122s, 11.1s, 21.426ms
Latencies     [min, mean, 50, 90, 95, 99, max]  21.081ms, 21.389ms, 21.372ms, 21.521ms, 21.561ms, 21.955ms, 22.227ms
Bytes In      [total, mean]                     224, 2.00
Bytes Out     [total, mean]                     0, 0.00
Success       [ratio]                           100.00%
Status Codes  [code:count]                      200:112  
Error Set:
Requests      [total, rate, throughput]         122, 10.08, 10.06
Duration      [total, attack, wait]             12.122s, 12.1s, 21.397ms
Latencies     [min, mean, 50, 90, 95, 99, max]  21.081ms, 21.413ms, 21.372ms, 21.527ms, 21.579ms, 22.86ms, 24.488ms
Bytes In      [total, mean]                     244, 2.00
Bytes Out     [total, mean]                     0, 0.00
Success       [ratio]                           100.00%
Status Codes  [code:count]                      200:122  
Error Set:
Requests      [total, rate, throughput]         132, 10.08, 10.06
Duration      [total, attack, wait]             13.122s, 13.1s, 21.336ms
Latencies     [min, mean, 50, 90, 95, 99, max]  21.081ms, 21.407ms, 21.37ms, 21.521ms, 21.569ms, 22.634ms, 24.488ms
Bytes In      [total, mean]                     264, 2.00
Bytes Out     [total, mean]                     0, 0.00
Success       [ratio]                           100.00%
Status Codes  [code:count]                      200:132  
Error Set:
Requests      [total, rate, throughput]         142, 10.07, 10.06
Duration      [total, attack, wait]             14.122s, 14.1s, 21.266ms
Latencies     [min, mean, 50, 90, 95, 99, max]  21.081ms, 21.402ms, 21.369ms, 21.518ms, 21.565ms, 22.408ms, 24.488ms
Bytes In      [total, mean]                     284, 2.00
Bytes Out     [total, mean]                     0, 0.00
Success       [ratio]                           100.00%
Status Codes  [code:count]                      200:142  
Error Set:
Requests      [total, rate, throughput]         152, 10.07, 10.05
Duration      [total, attack, wait]             15.122s, 15.1s, 21.281ms
Latencies     [min, mean, 50, 90, 95, 99, max]  21.081ms, 21.395ms, 21.361ms, 21.513ms, 21.561ms, 22.219ms, 24.488ms
Bytes In      [total, mean]                     304, 2.00
Bytes Out     [total, mean]                     0, 0.00
Success       [ratio]                           100.00%
Status Codes  [code:count]                      200:152  
Error Set:
Requests      [total, rate, throughput]         162, 10.06, 10.05
Duration      [total, attack, wait]             16.121s, 16.1s, 21.267ms
Latencies     [min, mean, 50, 90, 95, 99, max]  21.081ms, 21.39ms, 21.357ms, 21.511ms, 21.561ms, 22.175ms, 24.488ms
Bytes In      [total, mean]                     324, 2.00
Bytes Out     [total, mean]                     0, 0.00
Success       [ratio]                           100.00%
Status Codes  [code:count]                      200:162  
Error Set:
Requests      [total, rate, throughput]         172, 10.06, 10.05
Duration      [total, attack, wait]             17.121s, 17.1s, 21.268ms
Latencies     [min, mean, 50, 90, 95, 99, max]  21.081ms, 21.383ms, 21.352ms, 21.507ms, 21.559ms, 22.131ms, 24.488ms
Bytes In      [total, mean]                     344, 2.00
Bytes Out     [total, mean]                     0, 0.00
Success       [ratio]                           100.00%
Status Codes  [code:count]                      200:172  
Error Set:
Requests      [total, rate, throughput]         182, 10.06, 10.04
Duration      [total, attack, wait]             18.121s, 18.1s, 21.338ms
Latencies     [min, mean, 50, 90, 95, 99, max]  21.081ms, 21.375ms, 21.346ms, 21.505ms, 21.551ms, 22.087ms, 24.488ms
Bytes In      [total, mean]                     364, 2.00
Bytes Out     [total, mean]                     0, 0.00
Success       [ratio]                           100.00%
Status Codes  [code:count]                      200:182  
Error Set:
Requests      [total, rate, throughput]         192, 10.05, 10.04
Duration      [total, attack, wait]             19.121s, 19.1s, 21.325ms
Latencies     [min, mean, 50, 90, 95, 99, max]  21.081ms, 21.373ms, 21.345ms, 21.504ms, 21.543ms, 22.043ms, 24.488ms
Bytes In      [total, mean]                     384, 2.00
Bytes Out     [total, mean]                     0, 0.00
Success       [ratio]                           100.00%
Status Codes  [code:count]                      200:192  
Error Set:
Requests      [total, rate, throughput]         202, 10.05, 10.04
Duration      [total, attack, wait]             20.121s, 20.1s, 21.348ms
Latencies     [min, mean, 50, 90, 95, 99, max]  21.081ms, 21.369ms, 21.345ms, 21.503ms, 21.536ms, 21.999ms, 24.488ms
Bytes In      [total, mean]                     404, 2.00
Bytes Out     [total, mean]                     0, 0.00
Success       [ratio]                           100.00%
Status Codes  [code:count]                      200:202  
Error Set:
Requests      [total, rate, throughput]         212, 10.05, 10.04
Duration      [total, attack, wait]             21.121s, 21.1s, 21.399ms
Latencies     [min, mean, 50, 90, 95, 99, max]  21.081ms, 21.366ms, 21.343ms, 21.5ms, 21.53ms, 21.955ms, 24.488ms
Bytes In      [total, mean]                     424, 2.00
Bytes Out     [total, mean]                     0, 0.00
Success       [ratio]                           100.00%
Status Codes  [code:count]                      200:212  
Error Set:
Requests      [total, rate, throughput]         222, 10.05, 10.04
Duration      [total, attack, wait]             22.121s, 22.1s, 21.169ms
Latencies     [min, mean, 50, 90, 95, 99, max]  21.081ms, 21.359ms, 21.338ms, 21.497ms, 21.529ms, 21.911ms, 24.488ms
Bytes In      [total, mean]                     444, 2.00
Bytes Out     [total, mean]                     0, 0.00
Success       [ratio]                           100.00%
Status Codes  [code:count]                      200:222  
Error Set:
Requests      [total, rate, throughput]         232, 10.04, 10.03
Duration      [total, attack, wait]             23.121s, 23.1s, 21.28ms
Latencies     [min, mean, 50, 90, 95, 99, max]  21.081ms, 21.356ms, 21.334ms, 21.493ms, 21.528ms, 21.868ms, 24.488ms
Bytes In      [total, mean]                     464, 2.00
Bytes Out     [total, mean]                     0, 0.00
Success       [ratio]                           100.00%
Status Codes  [code:count]                      200:232  
Error Set:
Requests      [total, rate, throughput]         242, 10.04, 10.03
Duration      [total, attack, wait]             24.122s, 24.101s, 21.224ms
Latencies     [min, mean, 50, 90, 95, 99, max]  21.081ms, 21.353ms, 21.333ms, 21.49ms, 21.527ms, 21.824ms, 24.488ms
Bytes In      [total, mean]                     484, 2.00
Bytes Out     [total, mean]                     0, 0.00
Success       [ratio]                           100.00%
Status Codes  [code:count]                      200:242  
Error Set:
Requests      [total, rate, throughput]         252, 10.04, 10.03
Duration      [total, attack, wait]             25.121s, 25.1s, 21.354ms
Latencies     [min, mean, 50, 90, 95, 99, max]  21.081ms, 21.351ms, 21.332ms, 21.487ms, 21.525ms, 21.787ms, 24.488ms
Bytes In      [total, mean]                     504, 2.00
Bytes Out     [total, mean]                     0, 0.00
Success       [ratio]                           100.00%
Status Codes  [code:count]                      200:252  
Error Set:
Requests      [total, rate, throughput]         262, 10.04, 10.03
Duration      [total, attack, wait]             26.121s, 26.1s, 21.308ms
Latencies     [min, mean, 50, 90, 95, 99, max]  21.081ms, 21.349ms, 21.33ms, 21.485ms, 21.522ms, 21.779ms, 24.488ms
Bytes In      [total, mean]                     524, 2.00
Bytes Out     [total, mean]                     0, 0.00
Success       [ratio]                           100.00%
Status Codes  [code:count]                      200:262  
Error Set:
Requests      [total, rate, throughput]         272, 10.04, 10.03
Duration      [total, attack, wait]             27.121s, 27.1s, 21.296ms
Latencies     [min, mean, 50, 90, 95, 99, max]  21.081ms, 21.347ms, 21.329ms, 21.483ms, 21.519ms, 21.772ms, 24.488ms
Bytes In      [total, mean]                     544, 2.00
Bytes Out     [total, mean]                     0, 0.00
Success       [ratio]                           100.00%
Status Codes  [code:count]                      200:272  
Error Set:
Requests      [total, rate, throughput]         282, 10.04, 10.03
Duration      [total, attack, wait]             28.122s, 28.1s, 21.394ms
Latencies     [min, mean, 50, 90, 95, 99, max]  21.081ms, 21.343ms, 21.327ms, 21.48ms, 21.518ms, 21.764ms, 24.488ms
Bytes In      [total, mean]                     564, 2.00
Bytes Out     [total, mean]                     0, 0.00
Success       [ratio]                           100.00%
Status Codes  [code:count]                      200:282  
Error Set:
Requests      [total, rate, throughput]         292, 10.03, 10.03
Duration      [total, attack, wait]             29.122s, 29.1s, 21.298ms
Latencies     [min, mean, 50, 90, 95, 99, max]  21.081ms, 21.342ms, 21.326ms, 21.476ms, 21.516ms, 21.757ms, 24.488ms
Bytes In      [total, mean]                     584, 2.00
Bytes Out     [total, mean]                     0, 0.00
Success       [ratio]                           100.00%
Status Codes  [code:count]                      200:292  
Error Set:
Requests      [total, rate, throughput]         302, 10.03, 10.03
Duration      [total, attack, wait]             30.121s, 30.1s, 21.419ms
Latencies     [min, mean, 50, 90, 95, 99, max]  21.081ms, 21.347ms, 21.327ms, 21.48ms, 21.522ms, 21.999ms, 24.488ms
Bytes In      [total, mean]                     604, 2.00
Bytes Out     [total, mean]                     0, 0.00
Success       [ratio]                           100.00%
Status Codes  [code:count]                      200:302  
Error Set:
Requests      [total, rate, throughput]         312, 10.03, 10.03
Duration      [total, attack, wait]             31.121s, 31.1s, 21.288ms
Latencies     [min, mean, 50, 90, 95, 99, max]  21.081ms, 21.347ms, 21.328ms, 21.476ms, 21.52ms, 21.955ms, 24.488ms
Bytes In      [total, mean]                     624, 2.00
Bytes Out     [total, mean]                     0, 0.00
Success       [ratio]                           100.00%
Status Codes  [code:count]                      200:312  
Error Set:
Requests      [total, rate, throughput]         322, 10.03, 10.02
Duration      [total, attack, wait]             32.121s, 32.1s, 21.287ms
Latencies     [min, mean, 50, 90, 95, 99, max]  21.081ms, 21.346ms, 21.326ms, 21.472ms, 21.518ms, 21.911ms, 24.488ms
Bytes In      [total, mean]                     644, 2.00
Bytes Out     [total, mean]                     0, 0.00
Success       [ratio]                           100.00%
Status Codes  [code:count]                      200:322  
Error Set:
Requests      [total, rate, throughput]         332, 10.03, 10.02
Duration      [total, attack, wait]             33.121s, 33.1s, 21.406ms
Latencies     [min, mean, 50, 90, 95, 99, max]  21.081ms, 21.345ms, 21.326ms, 21.472ms, 21.516ms, 21.868ms, 24.488ms
Bytes In      [total, mean]                     664, 2.00
Bytes Out     [total, mean]                     0, 0.00
Success       [ratio]                           100.00%
Status Codes  [code:count]                      200:332  
Error Set:
Requests      [total, rate, throughput]         342, 10.03, 10.02
Duration      [total, attack, wait]             34.122s, 34.1s, 21.187ms
Latencies     [min, mean, 50, 90, 95, 99, max]  21.081ms, 21.342ms, 21.324ms, 21.468ms, 21.514ms, 21.824ms, 24.488ms
Bytes In      [total, mean]                     684, 2.00
Bytes Out     [total, mean]                     0, 0.00
Success       [ratio]                           100.00%
Status Codes  [code:count]                      200:342  
Error Set:
Requests      [total, rate, throughput]         352, 10.03, 10.02
Duration      [total, attack, wait]             35.121s, 35.1s, 21.019ms
Latencies     [min, mean, 50, 90, 95, 99, max]  21.019ms, 21.341ms, 21.325ms, 21.463ms, 21.512ms, 21.787ms, 24.488ms
Bytes In      [total, mean]                     704, 2.00
Bytes Out     [total, mean]                     0, 0.00
Success       [ratio]                           100.00%
Status Codes  [code:count]                      200:352  
Error Set:
Requests      [total, rate, throughput]         362, 10.03, 10.02
Duration      [total, attack, wait]             36.121s, 36.1s, 21.28ms
Latencies     [min, mean, 50, 90, 95, 99, max]  21.019ms, 21.34ms, 21.324ms, 21.46ms, 21.511ms, 21.779ms, 24.488ms
Bytes In      [total, mean]                     724, 2.00
Bytes Out     [total, mean]                     0, 0.00
Success       [ratio]                           100.00%
Status Codes  [code:count]                      200:362  
Error Set:
Requests      [total, rate, throughput]         372, 10.03, 10.02
Duration      [total, attack, wait]             37.121s, 37.1s, 21.375ms
Latencies     [min, mean, 50, 90, 95, 99, max]  21.019ms, 21.339ms, 21.323ms, 21.456ms, 21.509ms, 21.772ms, 24.488ms
Bytes In      [total, mean]                     744, 2.00
Bytes Out     [total, mean]                     0, 0.00
Success       [ratio]                           100.00%
Status Codes  [code:count]                      200:372  
Error Set:
Requests      [total, rate, throughput]         382, 10.03, 10.02
Duration      [total, attack, wait]             38.121s, 38.1s, 21.334ms
Latencies     [min, mean, 50, 90, 95, 99, max]  21.019ms, 21.338ms, 21.323ms, 21.456ms, 21.508ms, 21.764ms, 24.488ms
Bytes In      [total, mean]                     764, 2.00
Bytes Out     [total, mean]                     0, 0.00
Success       [ratio]                           100.00%
Status Codes  [code:count]                      200:382  
Error Set:
Requests      [total, rate, throughput]         392, 10.03, 10.02
Duration      [total, attack, wait]             39.121s, 39.1s, 21.323ms
Latencies     [min, mean, 50, 90, 95, 99, max]  21.019ms, 21.337ms, 21.322ms, 21.455ms, 21.507ms, 21.757ms, 24.488ms
Bytes In      [total, mean]                     784, 2.00
Bytes Out     [total, mean]                     0, 0.00
Success       [ratio]                           100.00%
Status Codes  [code:count]                      200:392  
Error Set:
Requests      [total, rate, throughput]         402, 10.02, 10.02
Duration      [total, attack, wait]             40.122s, 40.1s, 21.232ms
Latencies     [min, mean, 50, 90, 95, 99, max]  21.019ms, 21.335ms, 21.321ms, 21.453ms, 21.506ms, 21.749ms, 24.488ms
Bytes In      [total, mean]                     804, 2.00
Bytes Out     [total, mean]                     0, 0.00
Success       [ratio]                           100.00%
Status Codes  [code:count]                      200:402  
Error Set:
Requests      [total, rate, throughput]         412, 10.02, 10.02
Duration      [total, attack, wait]             41.121s, 41.1s, 21.228ms
Latencies     [min, mean, 50, 90, 95, 99, max]  21.019ms, 21.333ms, 21.316ms, 21.451ms, 21.505ms, 21.741ms, 24.488ms
Bytes In      [total, mean]                     824, 2.00
Bytes Out     [total, mean]                     0, 0.00
Success       [ratio]                           100.00%
Status Codes  [code:count]                      200:412  
Error Set:
Requests      [total, rate, throughput]         422, 10.02, 10.02
Duration      [total, attack, wait]             42.121s, 42.1s, 21.254ms
Latencies     [min, mean, 50, 90, 95, 99, max]  21.019ms, 21.331ms, 21.313ms, 21.448ms, 21.504ms, 21.734ms, 24.488ms
Bytes In      [total, mean]                     844, 2.00
Bytes Out     [total, mean]                     0, 0.00
Success       [ratio]                           100.00%
Status Codes  [code:count]                      200:422  
Error Set:
Requests      [total, rate, throughput]         432, 10.02, 10.02
Duration      [total, attack, wait]             43.122s, 43.1s, 21.317ms
Latencies     [min, mean, 50, 90, 95, 99, max]  21.019ms, 21.329ms, 21.313ms, 21.446ms, 21.503ms, 21.726ms, 24.488ms
Bytes In      [total, mean]                     864, 2.00
Bytes Out     [total, mean]                     0, 0.00
Success       [ratio]                           100.00%
Status Codes  [code:count]                      200:432  
Error Set:
Requests      [total, rate, throughput]         442, 10.02, 10.02
Duration      [total, attack, wait]             44.122s, 44.101s, 21.354ms
Latencies     [min, mean, 50, 90, 95, 99, max]  21.019ms, 21.327ms, 21.31ms, 21.444ms, 21.503ms, 21.718ms, 24.488ms
Bytes In      [total, mean]                     884, 2.00
Bytes Out     [total, mean]                     0, 0.00
Success       [ratio]                           100.00%
Status Codes  [code:count]                      200:442  
Error Set:
Requests      [total, rate, throughput]         452, 10.02, 10.02
Duration      [total, attack, wait]             45.122s, 45.1s, 21.38ms
Latencies     [min, mean, 50, 90, 95, 99, max]  21.019ms, 21.326ms, 21.31ms, 21.444ms, 21.502ms, 21.71ms, 24.488ms
Bytes In      [total, mean]                     904, 2.00
Bytes Out     [total, mean]                     0, 0.00
Success       [ratio]                           100.00%
Status Codes  [code:count]                      200:452  
Error Set:
Requests      [total, rate, throughput]         462, 10.02, 10.02
Duration      [total, attack, wait]             46.121s, 46.1s, 21.326ms
Latencies     [min, mean, 50, 90, 95, 99, max]  21.019ms, 21.327ms, 21.311ms, 21.444ms, 21.501ms, 21.701ms, 24.488ms
Bytes In      [total, mean]                     924, 2.00
Bytes Out     [total, mean]                     0, 0.00
Success       [ratio]                           100.00%
Status Codes  [code:count]                      200:462  
Error Set:
Requests      [total, rate, throughput]         472, 10.02, 10.02
Duration      [total, attack, wait]             47.122s, 47.1s, 21.317ms
Latencies     [min, mean, 50, 90, 95, 99, max]  21.019ms, 21.329ms, 21.314ms, 21.445ms, 21.502ms, 21.772ms, 24.488ms
Bytes In      [total, mean]                     944, 2.00
Bytes Out     [total, mean]                     0, 0.00
Success       [ratio]                           100.00%
Status Codes  [code:count]                      200:472  
Error Set:
Requests      [total, rate, throughput]         482, 10.02, 10.02
Duration      [total, attack, wait]             48.121s, 48.1s, 21.168ms
Latencies     [min, mean, 50, 90, 95, 99, max]  21.019ms, 21.328ms, 21.312ms, 21.443ms, 21.501ms, 21.764ms, 24.488ms
Bytes In      [total, mean]                     964, 2.00
Bytes Out     [total, mean]                     0, 0.00
Success       [ratio]                           100.00%
Status Codes  [code:count]                      200:482  
Error Set:
Requests      [total, rate, throughput]         492, 10.02, 10.02
Duration      [total, attack, wait]             49.122s, 49.101s, 21.194ms
Latencies     [min, mean, 50, 90, 95, 99, max]  21.019ms, 21.327ms, 21.31ms, 21.441ms, 21.5ms, 21.757ms, 24.488ms
Bytes In      [total, mean]                     984, 2.00
Bytes Out     [total, mean]                     0, 0.00
Success       [ratio]                           100.00%
Status Codes  [code:count]                      200:492  
Error Set:
Requests      [total, rate, throughput]         502, 10.02, 10.02
Duration      [total, attack, wait]             50.121s, 50.1s, 21.334ms
Latencies     [min, mean, 50, 90, 95, 99, max]  21.019ms, 21.326ms, 21.31ms, 21.439ms, 21.499ms, 21.749ms, 24.488ms
Bytes In      [total, mean]                     1004, 2.00
Bytes Out     [total, mean]                     0, 0.00
Success       [ratio]                           100.00%
Status Codes  [code:count]                      200:502  
Error Set:
Requests      [total, rate, throughput]         512, 10.02, 10.02
Duration      [total, attack, wait]             51.122s, 51.1s, 21.167ms
Latencies     [min, mean, 50, 90, 95, 99, max]  21.019ms, 21.326ms, 21.31ms, 21.44ms, 21.498ms, 21.741ms, 24.488ms
Bytes In      [total, mean]                     1024, 2.00
Bytes Out     [total, mean]                     0, 0.00
Success       [ratio]                           100.00%
Status Codes  [code:count]                      200:512  
Error Set:
Requests      [total, rate, throughput]         522, 10.02, 10.02
Duration      [total, attack, wait]             52.122s, 52.1s, 21.267ms
Latencies     [min, mean, 50, 90, 95, 99, max]  21.019ms, 21.326ms, 21.309ms, 21.439ms, 21.496ms, 21.734ms, 24.488ms
Bytes In      [total, mean]                     1044, 2.00
Bytes Out     [total, mean]                     0, 0.00
Success       [ratio]                           100.00%
Status Codes  [code:count]                      200:522  
Error Set:
Requests      [total, rate, throughput]         532, 10.02, 10.01
Duration      [total, attack, wait]             53.121s, 53.1s, 21.262ms
Latencies     [min, mean, 50, 90, 95, 99, max]  21.019ms, 21.324ms, 21.308ms, 21.438ms, 21.495ms, 21.726ms, 24.488ms
Bytes In      [total, mean]                     1064, 2.00
Bytes Out     [total, mean]                     0, 0.00
Success       [ratio]                           100.00%
Status Codes  [code:count]                      200:532  
Error Set:
Requests      [total, rate, throughput]         542, 10.02, 10.01
Duration      [total, attack, wait]             54.122s, 54.1s, 21.206ms
Latencies     [min, mean, 50, 90, 95, 99, max]  21.019ms, 21.323ms, 21.306ms, 21.437ms, 21.494ms, 21.718ms, 24.488ms
Bytes In      [total, mean]                     1084, 2.00
Bytes Out     [total, mean]                     0, 0.00
Success       [ratio]                           100.00%
Status Codes  [code:count]                      200:542  
Error Set:
Requests      [total, rate, throughput]         552, 10.02, 10.01
Duration      [total, attack, wait]             55.122s, 55.1s, 21.317ms
Latencies     [min, mean, 50, 90, 95, 99, max]  21.019ms, 21.323ms, 21.306ms, 21.436ms, 21.493ms, 21.71ms, 24.488ms
Bytes In      [total, mean]                     1104, 2.00
Bytes Out     [total, mean]                     0, 0.00
Success       [ratio]                           100.00%
Status Codes  [code:count]                      200:552  
Error Set:
Requests      [total, rate, throughput]         562, 10.02, 10.01
Duration      [total, attack, wait]             56.122s, 56.1s, 21.41ms
Latencies     [min, mean, 50, 90, 95, 99, max]  21.019ms, 21.322ms, 21.306ms, 21.435ms, 21.491ms, 21.701ms, 24.488ms
Bytes In      [total, mean]                     1124, 2.00
Bytes Out     [total, mean]                     0, 0.00
Success       [ratio]                           100.00%
Status Codes  [code:count]                      200:562  
Error Set:
Requests      [total, rate, throughput]         572, 10.02, 10.01
Duration      [total, attack, wait]             57.121s, 57.1s, 21.329ms
Latencies     [min, mean, 50, 90, 95, 99, max]  21.019ms, 21.322ms, 21.305ms, 21.435ms, 21.49ms, 21.691ms, 24.488ms
Bytes In      [total, mean]                     1144, 2.00
Bytes Out     [total, mean]                     0, 0.00
Success       [ratio]                           100.00%
Status Codes  [code:count]                      200:572  
Error Set:
Requests      [total, rate, throughput]         582, 10.02, 10.01
Duration      [total, attack, wait]             58.122s, 58.1s, 21.369ms
Latencies     [min, mean, 50, 90, 95, 99, max]  21.019ms, 21.321ms, 21.304ms, 21.434ms, 21.489ms, 21.682ms, 24.488ms
Bytes In      [total, mean]                     1164, 2.00
Bytes Out     [total, mean]                     0, 0.00
Success       [ratio]                           100.00%
Status Codes  [code:count]                      200:582  
Error Set:
Requests      [total, rate, throughput]         592, 10.02, 10.01
Duration      [total, attack, wait]             59.121s, 59.1s, 21.285ms
Latencies     [min, mean, 50, 90, 95, 99, max]  21.017ms, 21.32ms, 21.304ms, 21.434ms, 21.488ms, 21.672ms, 24.488ms
Bytes In      [total, mean]                     1184, 2.00
Bytes Out     [total, mean]                     0, 0.00
Success       [ratio]                           100.00%
Status Codes  [code:count]                      200:592  
Error Set:
Requests      [total, rate, throughput]         600, 10.02, 10.01
Duration      [total, attack, wait]             59.922s, 59.9s, 21.192ms
Latencies     [min, mean, 50, 90, 95, 99, max]  21.017ms, 21.32ms, 21.304ms, 21.434ms, 21.489ms, 21.664ms, 24.488ms
Bytes In      [total, mean]                     1200, 2.00
Bytes Out     [total, mean]                     0, 0.00
Success       [ratio]                           100.00%
Status Codes  [code:count]                      200:600  
Error Set:
