3.000277 7031.250000 20726 6908.028517 221.056913
3.000115 7031.250000 21173 7057.395065 225.836642
3.000038 7031.250000 21193 7064.242896 226.055773
3.000297 7031.250000 21170 7055.968092 225.790979
3.000010 7031.250000 21355 7118.309719 227.785911
3.000162 7031.250000 21221 7073.284840 226.345115
3.000414 7031.250000 20793 6930.044168 221.761413
3.000021 7031.250000 21151 7050.285086 225.609123
3.000019 7031.250000 20977 6992.290056 223.753282
3.000003 7031.250000 21134 7044.660229 225.429127
3.000052 7031.250000 21340 7113.209748 227.622712
3.000082 7031.250000 21061 7020.142424 224.644558
3.000079 7031.250000 20629 6876.152113 220.036868
3.000228 7031.250000 20981 6993.136224 223.780359
3.000053 7031.250000 20970 6989.876718 223.676055
3.000023 7031.250000 21044 7014.611802 224.467578
3.000135 7031.250000 20837 6945.353895 222.251325
3.000125 7031.250000 20851 6950.042733 222.401367
3.000385 7031.250000 20942 6979.771353 223.352683
3.000451 7031.250000 21503 7166.589860 229.330876
3.000295 7031.250000 21085 7027.642163 224.884549
3.000166 7031.250000 21291 7096.606560 227.091410
3.000083 7031.250000 21222 7073.804372 226.361740
3.000011 7031.250000 21145 7048.306894 225.545821
3.000287 7031.250000 21161 7052.992525 225.695761
3.000100 7031.250000 21313 7104.095873 227.331068
3.000018 7031.250000 21057 7018.957709 224.606647
3.000577 7031.250000 20686 6894.006287 220.608201
3.000014 7031.250000 21245 7081.634159 226.612293
3.000087 7031.250000 21207 7068.794419 226.201421
3.000014 7031.250000 21294 7097.966241 227.134920
3.000041 7031.250000 21103 7034.236966 225.095583
6.000420 7031.250000 21297 7098.703678 227.158518
6.000116 7031.250000 21307 7102.064408 227.266061
6.000164 7031.250000 21176 7058.329544 225.866545
6.000056 7031.250000 21055 7018.224742 224.583192
6.000535 7031.250000 20953 6983.733590 223.479475
6.000042 7031.250000 21049 7016.276783 224.520857
6.000122 7031.250000 21060 7019.906332 224.637003
6.000394 7031.250000 21279 7092.094704 226.947031
6.000209 7031.250000 20936 6978.363402 223.307629
6.000712 7031.250000 20745 6914.044430 221.249422
6.000190 7031.250000 20709 6902.828769 220.890521
6.000213 7031.250000 21357 7118.538903 227.793245
6.000271 7031.250000 20949 6982.602124 223.443268
6.000069 7031.250000 21337 7112.292408 227.593357
6.000403 7031.250000 21109 7035.511324 225.136362
6.000185 7031.250000 21170 7056.426548 225.805650
6.000027 7031.250000 21252 7083.992461 226.687759
6.000164 7031.250000 21085 7028.264685 224.904470
6.000344 7031.250000 21063 7020.727551 224.663282
6.000090 7031.250000 21163 7054.211999 225.734784
6.000132 7031.250000 21253 7084.316806 226.698138
6.000416 7031.250000 21046 7014.740398 224.471693
6.000213 7031.250000 21137 7045.556476 225.457807
6.001218 7031.250000 20922 6972.131587 223.108211
6.000486 7031.250000 21125 7041.584827 225.330714
6.000205 7031.250000 21269 7089.213907 226.854845
6.000589 7031.250000 21212 7069.954832 226.238555
6.000460 7031.250000 21118 7039.156643 225.253013
6.000239 7031.250000 20992 6996.980379 223.903372
6.000841 7031.250000 20702 6900.061031 220.801953
6.000065 7031.250000 20702 6900.549842 220.817595
6.000159 7031.250000 20943 6980.725118 223.383204
9.000231 7031.250000 21135 7044.957039 225.438625
9.000244 7031.250000 21433 7144.142756 228.612568
9.000468 7031.250000 21075 7024.067262 224.770152
9.000156 7031.250000 21186 7061.919362 225.981420
9.000481 7031.250000 21285 7094.175964 227.013631
9.000276 7031.250000 21047 7015.404962 224.492959
9.000214 7031.250000 21233 7077.597551 226.483122
9.000098 7031.250000 21086 7028.648281 224.916745
9.000140 7031.250000 21165 7054.945125 225.758244
9.000212 7031.250000 21022 7006.969780 224.223033
9.000390 7031.250000 21264 7087.890314 226.812490
9.000654 7031.250000 21283 7093.770295 227.000649
9.000140 7031.250000 20853 6950.774316 222.424778
9.000443 7031.250000 21330 7109.883878 227.516284
9.000413 7031.250000 21062 7020.644410 224.660621
9.000597 7031.250000 21102 7033.044542 225.057425
9.000748 7031.250000 21483 7160.314078 229.130050
9.000248 7031.250000 21082 7027.252771 224.872089
9.000210 7031.250000 20977 6992.332109 223.754627
9.000030 7031.250000 21435 7144.993083 228.639779
9.000585 7031.250000 21176 7058.432284 225.869833
9.000208 7031.250000 20953 6984.327571 223.498482
9.000750 7031.250000 21038 7012.577061 224.402466
9.000677 7031.250000 20993 6997.334018 223.914689
9.000410 7031.250000 21371 7123.337201 227.946790
9.000426 7031.250000 21031 7010.320978 224.330271
9.000373 7031.250000 20917 6972.020170 223.104645
9.000614 7031.250000 21450 7149.939030 228.798049
9.001312 7031.250000 20909 6969.447896 223.022333
9.000851 7031.250000 20847 6948.976012 222.367232
9.000135 7031.250000 21090 7029.835462 224.954735
9.000644 7031.250000 20884 6960.208981 222.726687
12.000175 14062.000000 35011 11670.031780 373.441017
12.000194 14062.000000 34775 11591.029812 370.912954
12.000458 14062.000000 35120 11705.424490 374.573584
12.000691 14062.000000 34804 11600.522049 371.216706
12.000314 14062.000000 35356 11785.184795 377.125913
12.000248 14062.000000 34878 11625.983922 372.031486
12.000254 14062.000000 35251 11749.950336 375.998411
12.000447 14062.000000 35217 11738.867568 375.643762
12.000153 14062.000000 35488 11829.281491 378.537008
12.000241 14062.000000 35803 11934.217878 381.894972
12.000282 14062.000000 35086 11695.069616 374.242228
12.000392 14062.000000 34854 11617.994771 371.775833
12.000260 14062.000000 35266 11755.127192 376.164070
12.000224 14062.000000 35032 11677.277838 373.672891
12.000844 14062.000000 34818 11605.356341 371.371403
12.000593 14062.000000 35499 11832.971022 378.655073
12.000455 14062.000000 35189 11728.856811 375.323418
12.000754 14062.000000 35326 11775.306978 376.809823
12.000269 14062.000000 34997 11665.518471 373.296591
12.000755 14062.000000 35201 11733.646536 375.476689
12.000429 14062.000000 34853 11617.593275 371.762985
12.000473 14062.000000 35393 11797.547935 377.521534
12.000633 14062.000000 35115 11704.860291 374.555529
12.000485 14062.000000 35053 11684.266119 373.896516
12.000675 14062.000000 34623 11540.917509 369.309360
12.000441 14062.000000 35598 11865.732595 379.703443
12.000508 14062.000000 35317 11772.009785 376.704313
12.000960 14062.000000 35008 11668.911652 373.405173
12.000669 14062.000000 35027 11675.454413 373.614541
12.001424 14062.000000 35112 11703.560739 374.513944
12.000339 14062.000000 35250 11749.202098 375.974467
12.000794 14062.000000 35094 11697.415482 374.317295
15.000762 14062.000000 42216 14069.588975 450.226847
15.000305 14062.000000 42194 14064.425477 450.061615
15.000403 14062.000000 42222 14073.374749 450.347992
15.000738 14062.000000 42225 14073.377127 450.348068
15.000370 14062.000000 42333 14110.737214 451.543591
15.000634 14062.000000 42073 14024.140433 448.772494
15.000656 14062.000000 42597 14198.134691 454.340310
15.000268 14062.000000 42310 14103.126112 451.300036
15.000367 14062.000000 42139 14045.743394 449.463789
15.000492 14062.000000 42286 14095.119489 451.043824
15.000180 14062.000000 41991 13996.979300 447.903338
15.001197 14062.000000 42844 14278.848279 456.923145
15.000228 14062.000000 42307 14102.176700 451.269654
15.000291 14062.000000 42484 14161.189483 453.158063
15.000347 14062.000000 42073 14024.031390 448.769004
15.000491 14062.000000 42177 14058.970127 449.887044
15.000852 14062.000000 42473 14157.625806 453.044026
15.000483 14062.000000 42429 14142.866579 452.571731
15.000373 14062.000000 41992 13996.307867 447.881852
15.000694 14062.000000 42500 14166.651018 453.332833
15.000766 14062.000000 42034 14011.280567 448.360978
15.000509 14062.000000 42243 14080.761729 450.584375
15.000634 14062.000000 42139 14046.331687 449.482614
15.000673 14062.000000 42559 14185.555176 453.937766
15.000736 14062.000000 42289 14096.020268 451.072649
15.000562 14062.000000 41968 13988.711534 447.638769
15.000768 14062.000000 42264 14087.937134 450.813988
15.000507 14062.000000 42255 14084.688630 450.710036
15.001157 14062.000000 42505 14167.400266 453.356809
15.001434 14062.000000 42563 14187.623391 454.003948
15.000479 14062.000000 42037 14011.679468 448.373743
15.000835 14062.000000 42553 14184.139770 453.892473
18.000241 14062.000000 42158 14052.381778 449.676217
18.000273 14062.000000 41988 13995.979348 447.871339
18.000441 14062.000000 42159 14052.558104 449.681859
18.000544 14062.000000 42187 14061.212366 449.958796
18.000895 14062.000000 42347 14115.468242 451.694984
18.000590 14062.000000 41922 13973.546617 447.153492
18.000787 14062.000000 42289 14095.898203 451.068743
18.000464 14062.000000 42385 14127.890649 452.092501
18.000544 14062.000000 42048 14015.755579 448.504179
18.000640 14062.000000 41927 13975.639764 447.220472
18.001087 14062.000000 42071 14022.167603 448.709363
18.000429 14062.000000 42095 14031.542128 449.009348
18.000487 14062.000000 42283 14094.316054 451.018114
18.000512 14062.000000 42259 14086.316738 450.762136
18.000764 14062.000000 42034 14011.209016 448.358689
18.000350 14062.000000 41873 13957.392913 446.636573
18.000773 14062.000000 42019 14006.283134 448.201060
18.000372 14062.000000 42319 14106.309599 451.401907
18.000592 14062.000000 42512 14170.526977 453.456863
18.000341 14062.000000 41999 13999.136814 447.972378
18.000650 14062.000000 42065 14021.591235 448.690920
18.000725 14062.000000 42007 14002.012727 448.064407
18.000775 14062.000000 42555 14184.966560 453.918930
18.000379 14062.000000 42030 14009.968959 448.319007
18.001269 14062.000000 42144 14047.665342 449.525291
18.001201 14062.000000 42275 14089.478897 450.863325
18.000693 14062.000000 42129 14042.903714 449.372919
18.000514 14062.000000 42151 14050.300696 449.609622
18.001953 14062.000000 42626 14206.205996 454.598592
18.001269 14062.000000 42031 14009.809434 448.313902
18.000494 14062.000000 41916 13971.929490 447.101744
18.000969 14062.000000 42240 14079.367994 450.539776
21.000247 14062.000000 41866 13955.304123 446.569732
21.000514 14062.000000 42111 14036.992237 449.183752
21.000672 14062.000000 42134 14044.278823 449.416922
21.000482 14062.000000 42133 14044.248686 449.415958
21.000581 14062.000000 42359 14119.493598 451.823795
21.000603 14062.000000 42531 14176.448616 453.646356
21.000463 14062.000000 42302 14100.561745 451.217976
21.000618 14062.000000 41886 13961.655463 446.772975
21.000423 14062.000000 42533 14177.427253 453.677672
21.000585 14062.000000 42141 14046.270473 449.480655
21.000526 14062.000000 42349 14115.142377 451.684556
21.001280 14062.000000 42199 14063.330455 450.026575
21.000409 14062.000000 42215 14071.525456 450.288815
21.000813 14062.000000 42562 14187.150748 453.988824
21.000678 14062.000000 42216 14071.868537 450.299793
21.000812 14062.000000 41837 13945.446902 446.254301
21.000485 14062.000000 42240 14079.364436 450.539662
21.000806 14062.000000 42400 14133.176513 452.261648
21.001295 14062.000000 42186 14061.027724 449.952887
21.000910 14062.000000 42224 14074.087838 450.370811
21.000405 14062.000000 42405 14134.697509 452.310320
21.000784 14062.000000 42129 14042.721908 449.367101
21.000600 14062.000000 42431 14143.626287 452.596041
21.000543 14062.000000 42119 14039.534043 449.265089
21.000716 14062.000000 42147 14048.891568 449.564530
21.000911 14062.000000 42252 14083.922026 450.685505
21.002064 14062.000000 42293 14093.929289 451.005737
21.001329 14062.000000 42233 14077.066400 450.466125
21.000704 14062.000000 41963 13986.688777 447.574041
21.001956 14062.000000 41922 13973.985999 447.167552
21.001292 14062.000000 42279 14092.892611 450.972564
21.000977 14062.000000 41953 13984.299739 447.497592
24.000347 14062.000000 42019 14005.866822 448.187738
24.000665 14062.000000 42379 14125.676399 452.021645
24.000509 14062.000000 42019 14006.120231 448.195847
24.000603 14062.000000 42410 14136.563605 452.370035
24.000626 14062.000000 42006 14001.962396 448.062797
24.000454 14062.000000 41862 13953.772276 446.520713
24.000484 14062.000000 42274 14091.322358 450.922315
24.000568 14062.000000 42005 14001.412946 448.045214
24.000606 14062.000000 42106 14035.319335 449.130219
24.000496 14062.000000 41935 13977.928305 447.293706
24.000849 14062.000000 41832 13943.800437 446.201614
24.000522 14062.000000 42387 14128.534504 452.113104
24.000877 14062.000000 42298 14098.899018 451.164769
24.000981 14062.000000 41933 13976.885012 447.260320
24.000945 14062.000000 41876 13958.505995 446.672192
24.000964 14062.000000 42215 14071.418645 450.285397
24.000618 14062.000000 42417 14138.915362 452.445292
24.000491 14062.000000 42337 14112.307252 451.593832
24.001078 14062.000000 42302 14098.759264 451.160296
24.000772 14062.000000 42199 14066.070443 450.114254
24.000839 14062.000000 42016 14005.205791 448.166585
24.000710 14062.000000 42465 14154.846102 452.955075
24.001355 14062.000000 42442 14147.046494 452.705488
24.001410 14062.000000 41868 13955.395420 446.572653
24.000619 14062.000000 42202 14067.176013 450.149632
24.000599 14062.000000 42054 14017.734115 448.567492
24.001358 14062.000000 42432 14143.864074 452.603650
24.002067 14062.000000 42373 14123.810664 451.961941
24.001371 14062.000000 42466 14154.960725 452.958743
24.002102 14062.000000 41936 13978.488490 447.311632
24.000791 14062.000000 42359 14119.258210 451.816263
24.001010 14062.000000 42295 14098.176467 451.141647
27.000613 14062.000000 42369 14122.967472 451.934959
27.000539 14062.000000 42735 14244.739277 455.831657
27.000740 14062.000000 42173 14056.862303 449.819594
27.000534 14062.000000 42116 14037.791071 449.209314
27.000934 14062.000000 41942 13979.414354 447.341259
27.000744 14062.000000 41988 13995.842803 447.866970
27.000465 14062.000000 42641 14213.614256 454.835656
27.000570 14062.000000 42352 14116.959085 451.742691
27.000532 14062.000000 42099 14032.891484 449.052528
27.000666 14062.000000 42262 14087.035022 450.785121
27.000900 14062.000000 42458 14152.380710 452.876183
27.000940 14062.000000 41965 13986.867496 447.579760
27.000561 14062.000000 41938 13979.151832 447.332859
27.000874 14062.000000 42468 14154.794004 452.953408
27.000510 14062.000000 42252 14083.937970 450.686015
27.001082 14062.000000 42108 14035.982464 449.151439
27.000899 14062.000000 42170 14056.432915 449.805853
27.000911 14062.000000 42268 14088.681908 450.837821
27.000643 14062.000000 42714 14237.792835 455.609371
27.001186 14062.000000 42182 14059.706031 449.910593
27.001114 14062.000000 41708 13901.566001 444.850112
27.001361 14062.000000 42278 14092.639673 450.964470
27.000640 14062.000000 41926 13975.235194 447.207526
27.001171 14062.000000 42377 14124.691941 451.990142
27.001000 14062.000000 41968 13989.077043 447.650465
27.001364 14062.000000 42175 14058.308121 449.865860
27.001419 14062.000000 42299 14099.626064 451.188034
27.001511 14062.000000 42264 14087.343384 450.794988
27.002077 14062.000000 42100 14033.287589 449.065203
27.000796 14062.000000 42284 14094.642170 451.028549
27.002202 14062.000000 41799 13932.535508 445.841136
27.001475 14062.000000 42307 14100.146559 451.204690
#type       avg     std     min     5th    10th    90th    95th    99th
read      897.4   335.7   156.2   442.5   555.2  1149.6  1404.6  1685.5
update    896.8   335.6   156.2   442.8   555.8  1149.3  1407.5  1682.5
op_q       14.6     7.2     1.0     3.9     4.9    23.2    26.5    33.3

Total QPS = 749819.2 (22494576 / 30.0s)

Misses = 0 (0.0%)
Skipped TXs = 0 (0.0%)

RX 3877676329 bytes :  123.3 MB/s
TX 2488997280 bytes :   79.1 MB/s
