3.014687 62.500000 167 55.395475 1.772655
3.020134 62.500000 167 55.295554 1.769458
3.004422 62.500000 194 64.571485 2.066288
3.001540 62.500000 172 57.303915 1.833725
3.009219 62.500000 169 56.160754 1.797144
3.103766 62.500000 211 67.981919 2.175421
3.001895 62.500000 189 62.960224 2.014727
3.060673 62.500000 195 63.711478 2.038767
3.015981 62.500000 165 54.708569 1.750674
3.004609 62.500000 176 58.576673 1.874454
3.002041 62.500000 203 67.620671 2.163861
3.018345 62.500000 190 62.948407 2.014349
3.021684 62.500000 169 55.929070 1.789730
3.015131 62.500000 173 57.377275 1.836073
3.023103 62.500000 188 62.187754 1.990008
3.078043 62.500000 170 55.229897 1.767357
3.000829 62.500000 165 54.984808 1.759514
3.060339 62.500000 211 68.946621 2.206292
3.005667 62.500000 168 55.894410 1.788621
3.023672 62.500000 199 65.814019 2.106049
3.011847 62.500000 171 56.775792 1.816825
3.026908 62.500000 147 48.564406 1.554061
3.022983 62.500000 164 54.251053 1.736034
3.000661 62.500000 175 58.320479 1.866255
3.056324 62.500000 181 59.221477 1.895087
3.064186 62.500000 199 64.943830 2.078203
3.016835 62.500000 209 69.277899 2.216893
3.005644 62.500000 216 71.864810 2.299674
3.003213 62.500000 186 61.933674 1.981878
3.006618 62.500000 198 65.854723 2.107351
3.021882 62.500000 186 61.551042 1.969633
6.041152 62.500000 160 52.691497 1.686128
6.012179 62.500000 196 65.191828 2.086139
6.005433 62.500000 190 63.312004 2.025984
6.017760 62.500000 184 61.013631 1.952436
6.041591 62.500000 180 59.209537 1.894705
6.132372 62.500000 155 49.723457 1.591151
6.019964 62.500000 192 63.590849 2.034907
6.002896 62.500000 187 62.290418 1.993293
6.005579 62.500000 208 69.248310 2.215946
6.124582 62.500000 191 62.338666 1.994837
6.081141 62.500000 158 51.547055 1.649506
6.013917 62.500000 162 53.962759 1.726808
6.030759 62.500000 209 69.577368 2.226476
6.023642 62.500000 175 58.322855 1.866331
6.031826 62.500000 214 70.928103 2.269699
6.059910 62.500000 163 53.622378 1.715916
6.018060 62.500000 161 53.445470 1.710255
6.026481 62.500000 188 62.566635 2.002132
6.029034 62.500000 170 56.465480 1.806895
6.106970 62.500000 190 62.442817 1.998170
6.010389 62.500000 210 69.972697 2.239126
6.024159 62.500000 149 49.658600 1.589075
6.105868 62.500000 194 63.699918 2.038397
6.023054 62.500000 208 68.877791 2.204089
6.038447 62.500000 167 55.268511 1.768592
6.036650 62.500000 185 61.387010 1.964384
6.017985 62.500000 200 66.415028 2.125281
6.077711 62.500000 188 62.223062 1.991138
6.123129 62.500000 185 61.271202 1.960678
6.078422 62.500000 171 56.992799 1.823770
6.058472 62.500000 191 62.899507 2.012784
9.020615 62.500000 177 58.943902 1.886205
9.061386 62.500000 225 73.831760 2.362616
9.049294 62.500000 187 61.729811 1.975354
9.028964 62.500000 173 57.217871 1.830972
9.014450 62.500000 187 62.286182 1.993158
9.053164 62.500000 179 59.428721 1.901719
9.033366 62.500000 168 55.919245 1.789416
9.057818 62.500000 194 63.559902 2.033917
9.036058 62.500000 197 65.109582 2.083507
9.038146 62.500000 184 60.621022 1.939873
9.025262 62.500000 193 64.298617 2.057556
9.035204 62.500000 205 68.082691 2.178646
9.057489 62.500000 193 63.675183 2.037606
9.137485 62.500000 198 63.754603 2.040147
9.046431 62.500000 184 61.234544 1.959505
9.087203 62.500000 216 71.854821 2.299354
9.034533 62.500000 227 75.571580 2.418291
9.093943 62.500000 202 66.071519 2.114289
9.018549 62.500000 206 68.655479 2.196975
9.061442 62.500000 190 63.301007 2.025632
9.026040 62.500000 160 53.280306 1.704970
9.019186 62.500000 218 72.637573 2.324402
9.081660 62.500000 193 63.419827 2.029434
9.094222 62.500000 184 60.997623 1.951924
9.129646 62.500000 184 60.851032 1.947233
9.130622 62.500000 159 52.867967 1.691775
9.080434 62.500000 211 70.286209 2.249159
9.125337 62.500000 200 66.649896 2.132797
9.156227 62.500000 193 63.825808 2.042426
9.118676 62.500000 205 68.067750 2.178168
9.075483 62.500000 194 64.302058 2.057666
12.127618 62.500000 189 62.162573 1.989202
12.059802 62.500000 193 63.375275 2.028009
12.061294 62.500000 183 60.276039 1.928833
12.058241 62.500000 179 59.089994 1.890880
12.054484 62.500000 205 68.303276 2.185705
12.072322 62.500000 184 61.110576 1.955538
12.025831 62.500000 182 60.561387 1.937964
12.071477 62.500000 183 60.494935 1.935838
12.045387 62.500000 205 68.102155 2.179269
12.054979 62.500000 212 70.161211 2.245159
12.069052 62.500000 221 73.480274 2.351369
12.046805 62.500000 170 56.503584 1.808115
12.055721 62.500000 190 62.920931 2.013470
12.044101 62.500000 177 58.812431 1.881998
12.025893 62.500000 185 61.529107 1.968931
12.089443 62.500000 198 65.311497 2.089968
12.060216 62.500000 209 69.603402 2.227309
12.076510 62.500000 173 56.573631 1.810356
12.058143 62.500000 188 62.482371 1.999436
12.060878 62.500000 240 79.081652 2.530613
12.140993 62.500000 157 52.061635 1.665972
12.105341 62.500000 187 61.820069 1.978242
12.107153 62.500000 196 65.052948 2.081694
12.157557 62.500000 191 63.243518 2.023793
12.081725 62.500000 190 63.331943 2.026622
12.135522 62.500000 188 62.544176 2.001414
12.160096 62.500000 166 55.262076 1.768386
12.098414 62.500000 177 58.912189 1.885190
12.145692 62.500000 181 60.031766 1.921016
12.129453 62.500000 186 61.778066 1.976898
12.117491 62.500000 173 56.870323 1.819850
3.034484 62.500000 171 56.352251 1.803272
15.132307 62.500000 205 66.744162 2.135813
15.038017 62.500000 165 54.777478 1.752879
15.074818 62.500000 178 58.933870 1.885884
15.100049 62.500000 181 59.534639 1.905108
15.050906 62.500000 205 68.207863 2.182652
15.063375 62.500000 199 65.968979 2.111007
15.066803 62.500000 197 65.479786 2.095353
15.060808 62.500000 182 60.654699 1.940950
15.064727 62.500000 199 65.880387 2.108172
15.064395 62.500000 200 66.528028 2.128897
15.065952 62.500000 175 58.242908 1.863773
15.080325 62.500000 173 57.183537 1.829873
15.090866 62.500000 126 41.741979 1.335743
15.081581 62.500000 204 67.717186 2.166950
15.085866 62.500000 197 65.353213 2.091303
15.056209 62.500000 209 69.655329 2.228971
15.090370 62.500000 193 64.313465 2.058031
15.034247 62.500000 221 73.462108 2.350787
15.081833 62.500000 211 70.330820 2.250586
15.149590 62.500000 192 63.817136 2.042148
15.129419 62.500000 186 61.365795 1.963705
15.198377 62.500000 229 74.574377 2.386380
15.098431 62.500000 194 64.197579 2.054323
15.138582 62.500000 188 62.602799 2.003290
15.122715 62.500000 185 61.311599 1.961971
15.116356 62.500000 189 62.807332 2.009835
15.160461 62.500000 195 64.992090 2.079747
15.169779 62.500000 215 71.375881 2.284028
15.146723 62.500000 213 70.975616 2.271220
15.140470 62.500000 202 67.086975 2.146783
15.166488 62.500000 199 65.267358 2.088555
6.065774 62.500000 204 67.298075 2.153538
18.190171 62.500000 182 57.738296 1.847625
18.102017 62.500000 195 64.245894 2.055869
18.102142 62.500000 199 66.084947 2.114718
18.071264 62.500000 185 61.504920 1.968157
18.057325 62.500000 184 61.202385 1.958476
18.135100 62.500000 203 66.142141 2.116549
18.079989 62.500000 186 61.893323 1.980586
18.122970 62.500000 196 63.911075 2.045154
18.091505 62.500000 194 64.545360 2.065452
18.100495 62.500000 182 60.261519 1.928369
18.076476 62.500000 235 77.926337 2.493643
18.098051 62.500000 183 60.671996 1.941504
18.129935 62.500000 161 52.968100 1.694979
18.073270 62.500000 186 61.817125 1.978148
18.088994 62.500000 171 56.859504 1.819504
18.085459 62.500000 207 68.526426 2.192846
18.194536 62.500000 205 66.246833 2.119899
18.187813 62.500000 186 61.219995 1.959040
18.036364 62.500000 182 60.623880 1.939964
18.133767 62.500000 184 60.979420 1.951341
18.172467 62.500000 170 56.033775 1.793081
18.151157 62.500000 186 61.553983 1.969727
18.129225 62.500000 199 66.189703 2.118071
18.194095 62.500000 180 59.334776 1.898713
18.114765 62.500000 154 51.055352 1.633771
18.132511 62.500000 206 68.662016 2.197185
18.193882 62.500000 164 54.230957 1.735391
18.148485 62.500000 187 62.296745 1.993496
18.148740 62.500000 178 59.170217 1.893447
18.202123 62.500000 196 65.251872 2.088060
18.171125 62.500000 187 62.237142 1.991589
9.077658 62.500000 198 65.739597 2.103667
21.199799 62.500000 189 61.011393 1.952365
21.079404 62.500000 184 60.885239 1.948328
21.101007 62.500000 201 66.788453 2.137230
21.080899 62.500000 177 58.913151 1.885221
21.130567 62.500000 184 60.495016 1.935841
21.160119 62.500000 193 62.482697 1.999446
21.091787 62.500000 184 61.093066 1.954978
21.138088 62.500000 167 54.706956 1.750623
21.107156 62.500000 210 69.218141 2.214981
21.160402 62.500000 195 64.331446 2.058606
21.177708 62.500000 201 65.353825 2.091322
21.157879 62.500000 204 67.457824 2.158650
21.042260 62.500000 157 52.230691 1.671382
21.120794 62.500000 196 64.894227 2.076615
21.155310 62.500000 208 68.593884 2.195004
21.143605 62.500000 195 64.816236 2.074120
21.109723 62.500000 178 59.103384 1.891308
21.168217 62.500000 149 48.797240 1.561512
21.141457 62.500000 177 58.774265 1.880776
21.158391 62.500000 169 56.147928 1.796734
21.149633 62.500000 165 54.687870 1.750012
21.203509 62.500000 211 70.300837 2.249627
21.174061 62.500000 200 66.631255 2.132200
21.206192 62.500000 185 61.339094 1.962851
21.170576 62.500000 181 59.945300 1.918250
21.173664 62.500000 163 53.885650 1.724341
21.211005 62.500000 223 73.911473 2.365167
21.193557 62.500000 205 68.202729 2.182487
21.202185 62.500000 229 76.128041 2.436097
21.198045 62.500000 170 56.600458 1.811215
21.190942 62.500000 159 52.652198 1.684870
12.140499 62.500000 186 60.727919 1.943293
24.093587 62.500000 192 63.698854 2.038363
24.098643 62.500000 178 59.198050 1.894338
24.082698 62.500000 179 59.630909 1.908189
24.134027 62.500000 162 53.937785 1.726009
24.149598 62.500000 200 66.032658 2.113045
24.067773 62.500000 198 65.443445 2.094190
24.141625 62.500000 182 59.856245 1.915400
24.115583 62.500000 180 59.883035 1.916257
24.201732 62.500000 200 66.584851 2.130715
24.189777 62.500000 221 71.692247 2.294152
24.141824 62.500000 203 67.582505 2.162640
24.164241 62.500000 156 51.644748 1.652632
24.192249 62.500000 177 58.374799 1.867994
24.142404 62.500000 164 54.649426 1.748782
24.157549 62.500000 219 72.945559 2.334258
24.167233 62.500000 173 57.497203 1.839911
24.161784 62.500000 168 55.927202 1.789670
24.192145 62.500000 203 67.261213 2.152359
24.172053 62.500000 176 58.637808 1.876410
24.198204 62.500000 180 59.592859 1.906971
24.169430 62.500000 180 59.819976 1.914239
24.176724 62.500000 218 72.016327 2.304522
24.207753 62.500000 189 62.833415 2.010669
24.213173 62.500000 196 65.094903 2.083037
24.209609 62.500000 201 66.643418 2.132589
24.223254 62.500000 184 60.932310 1.949834
24.170754 62.500000 209 69.607786 2.227449
24.178207 62.500000 209 69.561316 2.225962
24.244951 62.500000 203 66.909564 2.141106
24.214112 62.500000 190 63.166587 2.021331
24.201625 62.500000 189 62.776449 2.008846
15.142910 62.500000 174 57.953435 1.854510
27.110574 62.500000 173 57.438248 1.838024
27.125411 62.500000 159 52.255986 1.672192
27.114860 62.500000 171 56.598659 1.811157
27.180357 62.500000 174 57.643134 1.844580
27.173481 62.500000 173 57.060760 1.825944
27.105264 62.500000 204 67.160701 2.149142
27.203388 62.500000 200 65.807940 2.105854
27.134028 62.500000 174 57.999986 1.856000
27.159800 62.500000 196 65.111919 2.083581
27.300978 62.500000 206 65.782164 2.105029
27.253620 62.500000 179 57.042019 1.825345
27.148675 62.500000 193 64.199135 2.054372
27.143188 62.500000 177 58.973186 1.887142
27.210111 62.500000 203 67.211100 2.150755
27.214862 62.500000 199 65.296672 2.089494
27.236413 62.500000 195 64.520368 2.064652
27.166476 62.500000 204 67.798269 2.169545
27.233681 62.500000 184 60.616489 1.939728
27.204342 62.500000 191 63.408864 2.029084
27.208768 62.500000 185 61.522366 1.968716
27.206295 62.500000 174 57.433876 1.837884
27.198146 62.500000 220 73.189484 2.342063
27.219570 62.500000 194 64.452669 2.062485
27.179145 62.500000 191 63.516509 2.032528
27.215358 62.500000 177 58.850796 1.883225
27.231221 62.500000 182 60.303882 1.929724
27.233035 62.500000 170 56.482505 1.807440
27.179663 62.500000 210 69.792754 2.233368
27.182833 62.500000 196 65.232761 2.087448
27.248407 62.500000 191 63.593403 2.034989
27.217197 62.500000 174 57.700505 1.846416
18.142987 62.500000 180 59.998450 1.919950
30.237598 62.500000 173 56.586957 1.810783
#type       avg     std     min     5th    10th    90th    95th    99th
read       68.0    21.2    37.4    50.7    52.8    86.1    97.3   130.3
update     71.5    19.5    41.1    53.4    55.8    90.0   101.9   136.0
op_q        1.0     0.0     1.0     1.0     1.0     1.1     1.1     1.1

Total QPS = 379898.9 (11396967 / 30.0s)

Misses = 0 (0.0%)
Skipped TXs = 0 (0.0%)

RX 1958672225 bytes :   62.3 MB/s
TX 1259611334 bytes :   40.0 MB/s
