3.000171 5000.000000 14741 4913.386251 157.228360
3.000311 5000.000000 15042 5013.480364 160.431372
3.000408 5000.000000 15130 5042.647447 161.364718
3.000077 5000.000000 15006 5001.871178 160.059878
3.000407 5000.000000 15241 5079.644485 162.548624
3.001544 5000.000000 15130 5040.739341 161.303659
3.000013 5000.000000 14950 4983.312271 159.465993
3.000015 5000.000000 15035 5011.642068 160.372546
3.000608 5000.000000 14827 4941.331372 158.122604
3.000429 5000.000000 14949 4982.287637 159.433204
3.000182 5000.000000 14918 4972.365084 159.115683
3.000218 5000.000000 15101 5033.300591 161.065619
3.000129 5000.000000 14991 4996.785400 159.897133
3.000144 5000.000000 14891 4963.429237 158.829736
3.000278 5000.000000 14835 4944.542023 158.225345
3.000039 5000.000000 14933 4977.601499 159.283248
3.000448 5000.000000 15105 5034.247643 161.095925
3.000113 5000.000000 15018 5005.811321 160.185962
3.000118 5000.000000 15254 5084.466603 162.702931
3.000337 5000.000000 14783 4927.113539 157.667633
3.000034 5000.000000 15046 5015.276188 160.488838
3.000524 5000.000000 14931 4976.130363 159.236172
3.000399 5000.000000 14945 4981.004901 159.392157
3.000012 5000.000000 15090 5029.979610 160.959348
3.000267 5000.000000 14766 4921.561185 157.489958
3.000057 5000.000000 14910 4969.906005 159.036992
3.000348 5000.000000 14946 4981.422187 159.405510
3.000010 5000.000000 15049 5016.317351 160.522155
3.000272 5000.000000 14887 4961.883772 158.780281
3.000117 5000.000000 14760 4919.808402 157.433869
3.000804 5000.000000 14999 4998.326542 159.946449
3.000039 5000.000000 15017 5005.600799 160.179226
6.002052 5000.000000 14983 4990.976940 159.711262
6.000566 5000.000000 14904 4967.577489 158.962480
6.000954 5000.000000 15045 5014.122289 160.451913
6.000303 5000.000000 15088 5029.065279 160.930089
6.000416 5000.000000 15026 5008.169692 160.261430
6.000105 5000.000000 15088 5029.223307 160.935146
6.000166 5000.000000 15000 4999.852037 159.995265
6.000290 5000.000000 14960 4986.398527 159.564753
6.003548 5000.000000 14839 4941.159647 158.117109
6.000431 5000.000000 15063 5020.842437 160.666958
6.000322 5000.000000 14827 4942.101947 158.147262
6.000543 5000.000000 14802 4933.762927 157.880414
6.000054 5000.000000 14789 4929.598421 157.747149
6.000333 5000.000000 15096 5031.728681 161.015318
6.000158 5000.000000 15182 5060.421036 161.933473
6.000293 5000.000000 14919 4972.974663 159.135189
6.000561 5000.000000 15052 5017.077689 160.546486
6.000557 5000.000000 15018 5005.095089 160.163043
6.000825 5000.000000 15070 5022.140862 160.708508
6.000941 5000.000000 14987 4994.846569 159.835090
6.001381 5000.000000 14914 4969.913736 159.037240
6.000850 5000.000000 14905 4967.369299 158.955818
6.000289 5000.000000 15035 5011.638372 160.372428
6.000376 5000.000000 15178 5058.794337 161.881419
6.000526 5000.000000 15187 5061.462039 161.966785
6.000449 5000.000000 14801 4933.287176 157.865190
6.002035 5000.000000 15051 5014.614927 160.467678
6.000141 5000.000000 14993 4997.626773 159.924057
6.000442 5000.000000 14911 4970.178005 159.045696
6.001568 5000.000000 14913 4970.959817 159.070714
6.000913 5000.000000 14822 4940.487621 158.095604
6.000142 5000.000000 15134 5044.494751 161.423832
9.000284 5000.000000 15230 5076.277190 162.440870
9.000238 5000.000000 15027 5008.777941 160.280894
9.000383 5000.000000 15018 5005.898757 160.188760
9.000943 5000.000000 14955 4984.997045 159.519905
9.000352 5000.000000 15072 5023.968456 160.766991
9.000191 5000.000000 14870 4956.625427 158.612014
9.000345 5000.000000 14794 4931.241028 157.799713
9.000691 5000.000000 14823 4940.362190 158.091590
9.000372 5000.000000 15217 5072.199670 162.310389
9.000468 5000.000000 14968 4989.271542 159.656689
9.000597 5000.000000 14958 4985.699427 159.542382
9.000293 5000.000000 15222 5073.995515 162.367856
9.000613 5000.000000 15026 5008.587728 160.274807
9.001042 5000.000000 15129 5042.852574 161.371282
9.000816 5000.000000 14959 4985.879462 159.548143
9.000784 5000.000000 15022 5006.260496 160.200336
9.000791 5000.000000 15118 5038.947578 161.246323
9.000418 5000.000000 14855 4951.598593 158.451155
9.000732 5000.000000 14942 4980.196213 159.366279
9.000867 5000.000000 15018 5005.431773 160.173817
9.000928 5000.000000 15166 5054.707738 161.750648
9.000292 5000.000000 14824 4941.111997 158.115584
9.000950 5000.000000 14978 4992.459783 159.758713
9.001625 5000.000000 15009 5002.592999 160.082976
9.000450 5000.000000 15296 5098.653088 163.156899
9.001583 5000.000000 15111 5036.974641 161.183189
9.001012 5000.000000 14929 4976.063373 159.234028
9.002043 5000.000000 14908 4969.319864 159.018236
9.003232 5000.000000 15061 5018.359622 160.587508
9.000996 5000.000000 15114 5037.860661 161.211541
9.003635 5000.000000 15145 5048.186277 161.541961
9.000148 5000.000000 15014 5004.656891 160.149021
12.001439 5000.000000 14920 4972.300536 159.113617
12.000710 5000.000000 14904 4967.840107 158.970883
12.000358 5000.000000 15098 5032.557536 161.041841
12.000375 5000.000000 14997 4998.995984 159.967871
12.000466 5000.000000 14832 4943.811178 158.201958
12.000334 5000.000000 15078 5025.839236 160.826856
12.000599 5000.000000 15070 5022.650397 160.724813
12.000807 5000.000000 15084 5027.804947 160.889758
12.001185 5000.000000 15187 5061.339956 161.962879
12.000508 5000.000000 14926 4975.267285 159.208553
12.000533 5000.000000 15045 5014.584454 160.466703
12.001180 5000.000000 14927 4975.272335 159.208715
12.000471 5000.000000 15291 5096.850138 163.099204
12.000499 5000.000000 15002 5000.409956 160.013119
12.000423 5000.000000 15101 5033.446732 161.070295
12.001052 5000.000000 14602 4866.303923 155.721726
12.001280 5000.000000 15132 5043.304190 161.385734
12.000780 5000.000000 15163 5054.252991 161.736096
12.001269 5000.000000 15041 5012.867203 160.411751
12.001638 5000.000000 14941 4979.295139 159.337444
12.001968 5000.000000 14892 4962.468231 158.798983
12.001096 5000.000000 15228 5075.715961 162.422911
12.001287 5000.000000 15129 5042.433807 161.357882
12.001009 5000.000000 15018 5005.624110 160.179972
12.001671 5000.000000 15155 5051.589453 161.650863
12.000452 5000.000000 15321 5106.995348 163.423851
12.001683 5000.000000 15224 5074.497229 162.383911
12.002198 5000.000000 14800 4933.079429 157.858542
12.001085 5000.000000 14930 4976.518703 159.248599
12.003353 5000.000000 14889 4962.799319 158.809578
12.003673 5000.000000 15018 5005.936809 160.189978
12.000313 5000.000000 15441 5146.716258 164.694920
15.001023 5000.000000 14818 4938.424473 158.029583
15.000950 5000.000000 15058 5018.746119 160.599876
15.000803 5000.000000 15083 5027.101791 160.867257
15.000604 5000.000000 15094 5030.920891 160.989469
15.000535 5000.000000 14799 4932.940946 157.854110
15.000721 5000.000000 14700 4899.652280 156.788873
15.000348 5000.000000 15029 5009.643823 160.308602
15.000710 5000.000000 14831 4943.113348 158.179627
15.000725 5000.000000 15053 5017.345608 160.555059
15.000747 5000.000000 15145 5048.271285 161.544681
15.000947 5000.000000 15237 5078.763155 162.520421
15.000841 5000.000000 15205 5067.627613 162.164084
15.001701 5000.000000 15016 5005.227466 160.167279
15.001337 5000.000000 15101 5033.551845 161.073659
15.001534 5000.000000 14944 4980.745552 159.383858
15.001379 5000.000000 14794 4930.869265 157.787816
15.000463 5000.000000 15115 5038.315391 161.226093
15.000835 5000.000000 15135 5044.908349 161.437067
15.001227 5000.000000 15183 5060.929034 161.949729
15.001055 5000.000000 14922 4973.995365 159.167852
15.001389 5000.000000 14733 4910.822836 157.146331
15.001962 5000.000000 15028 5008.847290 160.283113
15.001342 5000.000000 15100 5033.240676 161.063702
15.001932 5000.000000 14925 4974.587866 159.186812
15.001778 5000.000000 15302 5100.090673 163.202902
15.001422 5000.000000 14843 4946.984972 158.303519
15.001982 5000.000000 14818 4939.309662 158.057909
15.002837 5000.000000 15007 5001.267485 160.040560
15.001524 5000.000000 15043 5013.600190 160.435206
15.004014 5000.000000 15125 5041.094639 161.315028
15.003446 5000.000000 14989 4996.177835 159.877691
15.000709 5000.000000 14954 4984.009324 159.488298
18.000791 5000.000000 15068 5022.549168 160.721573
18.001159 5000.000000 15021 5005.958471 160.190671
18.001281 5000.000000 14942 4979.779574 159.352946
18.001195 5000.000000 14842 4946.558414 158.289869
18.000869 5000.000000 14984 4994.557945 159.825854
18.000701 5000.000000 14785 4927.753259 157.688104
18.000923 5000.000000 15047 5015.133537 160.484273
18.001591 5000.000000 15007 5001.386379 160.044364
18.000992 5000.000000 15094 5031.258396 161.000269
18.000979 5000.000000 15040 5013.284269 160.425097
18.002183 5000.000000 15027 5007.657905 160.245053
18.000959 5000.000000 15048 5015.584635 160.498708
18.001277 5000.000000 14693 4897.585031 156.722721
18.000843 5000.000000 14972 4990.652787 159.700889
18.000467 5000.000000 15096 5031.994075 161.023810
18.001152 5000.000000 15018 5005.480493 160.175376
18.001829 5000.000000 15165 5054.178389 161.733708
18.001394 5000.000000 14936 4978.572604 159.314323
18.001869 5000.000000 15122 5040.512803 161.296410
18.001081 5000.000000 15008 5002.623484 160.083952
18.001748 5000.000000 15227 5075.306271 162.409801
18.001767 5000.000000 14893 4964.225544 158.855217
18.002110 5000.000000 14884 4961.038150 158.753221
18.001718 5000.000000 14794 4930.791465 157.785327
18.002235 5000.000000 14919 4972.548120 159.121540
18.001459 5000.000000 14786 4928.606244 157.715400
18.002086 5000.000000 15199 5066.157229 162.117031
18.002109 5000.000000 14921 4972.697143 159.126309
18.003046 5000.000000 14883 4960.653912 158.740925
18.003554 5000.000000 14911 4970.154294 159.044937
18.004039 5000.000000 14837 4945.625655 158.260021
18.001441 5000.000000 15216 5070.762623 162.264404
21.001395 5000.000000 15083 5026.990766 160.863705
21.001247 5000.000000 15167 5054.898895 161.756765
21.000701 5000.000000 14942 4980.665496 159.381296
21.001397 5000.000000 15020 5005.785504 160.185136
21.001306 5000.000000 15021 5006.454782 160.206553
21.001067 5000.000000 14850 4949.762253 158.392392
21.001129 5000.000000 15144 5047.713300 161.526826
21.001283 5000.000000 14948 4982.519655 159.440629
21.002359 5000.000000 15139 5043.784049 161.401090
21.001997 5000.000000 14909 4968.776138 159.000836
21.001832 5000.000000 15144 5047.595352 161.523051
21.000512 5000.000000 15087 5028.924586 160.925587
21.001288 5000.000000 15154 5051.322717 161.642327
21.001199 5000.000000 14921 4973.600823 159.155226
21.001581 5000.000000 14730 4909.181284 157.093801
21.001440 5000.000000 15108 5035.727345 161.143275
21.001209 5000.000000 15097 5032.238402 161.031629
21.001505 5000.000000 15062 5020.480725 160.655383
21.002106 5000.000000 15010 5002.734834 160.087515
21.001973 5000.000000 14901 4966.658899 158.933085
21.002222 5000.000000 15154 5050.740065 161.623682
21.002385 5000.000000 15069 5022.500286 160.720009
21.002212 5000.000000 14854 4951.165347 158.437291
21.002389 5000.000000 15067 5022.075006 160.706400
21.002386 5000.000000 15003 5000.073150 160.002341
21.001718 5000.000000 14844 4947.999876 158.335996
21.002259 5000.000000 14779 4926.207196 157.638630
21.003056 5000.000000 15346 5115.316781 163.690137
21.003670 5000.000000 14791 4930.143894 157.764605
21.002640 5000.000000 14959 4985.451032 159.534433
21.004051 5000.000000 15094 5031.312917 161.002013
21.001461 5000.000000 15034 5011.300045 160.361601
24.001098 5000.000000 15039 5012.947576 160.414322
24.000723 5000.000000 14885 4961.631131 158.772196
24.001434 5000.000000 15073 5024.119347 160.771819
24.001513 5000.000000 15077 5025.281888 160.809020
24.001341 5000.000000 14823 4940.651539 158.100849
24.001835 5000.000000 15073 5023.416373 160.749324
24.001030 5000.000000 14887 4961.476061 158.767234
24.002037 5000.000000 15164 5053.771669 161.720693
24.001896 5000.000000 15049 5016.226282 160.519241
24.001951 5000.000000 14947 4981.409585 159.405107
24.001256 5000.000000 15134 5044.570823 161.426266
24.001503 5000.000000 15130 5042.902631 161.372884
24.002578 5000.000000 15143 5046.874035 161.499969
24.001404 5000.000000 15174 5057.988264 161.855624
24.002144 5000.000000 14989 4995.160991 159.845152
24.001920 5000.000000 14823 4940.668305 158.101386
24.002143 5000.000000 14861 4952.124095 158.467971
24.001603 5000.000000 14841 4946.963793 158.302841
24.002259 5000.000000 15039 5012.921122 160.413476
24.003062 5000.000000 15147 5047.861217 161.531559
24.002230 5000.000000 15088 5029.320187 160.938246
24.003138 5000.000000 15086 5027.405622 160.876980
24.002427 5000.000000 15212 5070.602988 162.259296
24.002052 5000.000000 14874 4957.869382 158.651820
24.002464 5000.000000 14968 4988.993455 159.647791
24.002797 5000.000000 14933 4976.339442 159.242862
24.003081 5000.000000 15305 5101.624254 163.251976
24.003366 5000.000000 15147 5047.306704 161.513815
24.003847 5000.000000 15002 5000.370472 160.011855
24.004380 5000.000000 15131 5043.113075 161.379618
24.002726 5000.000000 15162 5053.854652 161.723349
24.001591 5000.000000 15076 5025.115308 160.803690
27.001164 5000.000000 15044 5013.928618 160.445716
27.001481 5000.000000 14997 4998.362307 159.947594
27.001702 5000.000000 15347 5115.050960 163.681631
27.001520 5000.000000 14913 4970.971533 159.071089
27.001498 5000.000000 14908 4968.932223 159.005831
27.001687 5000.000000 14974 4991.044936 159.713438
27.001492 5000.000000 15012 5003.902864 160.124892
27.001445 5000.000000 15010 5003.264659 160.104469
27.002065 5000.000000 15001 5000.144350 160.004619
27.001050 5000.000000 14934 4977.966407 159.294925
27.001919 5000.000000 15244 5081.294173 162.601414
27.002065 5000.000000 14812 4936.954896 157.982557
27.002475 5000.000000 15055 5017.972182 160.575110
27.001638 5000.000000 15230 5076.607806 162.451450
27.002706 5000.000000 15052 5016.239123 160.519652
27.002441 5000.000000 15026 5007.990771 160.255705
27.002533 5000.000000 15144 5047.821772 161.530297
27.002592 5000.000000 14731 4910.310495 157.129936
27.002239 5000.000000 15191 5063.650363 162.036812
27.002796 5000.000000 15060 5018.533787 160.593081
27.002437 5000.000000 15346 5114.834312 163.674698
27.002334 5000.000000 14910 4969.684995 159.029920
27.002555 5000.000000 15088 5029.180157 160.933765
27.003532 5000.000000 14990 4995.883657 159.868277
27.003187 5000.000000 15224 5074.487607 162.383603
27.002893 5000.000000 14979 4992.839882 159.770876
27.003421 5000.000000 14906 4968.198475 158.982351
27.003449 5000.000000 14841 4946.862467 158.299599
27.003873 5000.000000 14607 4868.958339 155.806667
27.002817 5000.000000 15165 5054.846714 161.755095
27.004446 5000.000000 15204 5067.887801 162.172410
27.001725 5000.000000 15177 5058.773326 161.880746
#type       avg     std     min     5th    10th    90th    95th    99th
read      703.8   220.1   171.9   424.4   457.0  1042.2  1136.0  1268.2
update    706.5   221.6   208.0   424.6   457.2  1050.9  1139.8  1268.0
op_q        5.1     2.5     1.0     2.0     2.1     8.0     9.9    12.5

Total QPS = 319948.4 (9598452 / 30.0s)

Misses = 0 (0.0%)
Skipped TXs = 0 (0.0%)

RX 1650240565 bytes :   52.5 MB/s
TX 1062189003 bytes :   33.8 MB/s
