3.038526 283.167925
3.008336 245.918680
3.346531 270.762185
3.028277 248.206295
3.114012 8058.833077
3.029424 266.610163
3.014126 259.941763
3.058526 234.709363
3.015302 284.828734
3.003946 10736.660403
3.045179 242.029733
3.038122 236.310694
3.013279 12841.025135
3.003183 249.159468
3.047942 258.683575
3.181213 234.251840
3.010957 255.160647
3.007349 234.023078
3.006944 282.614322
3.028212 265.351974
3.018769 248.297800
3.008929 272.334921
3.013562 256.922111
3.004030 249.578865
3.020113 245.232395
3.070258 241.915352
3.007763 248.473184
3.003809 249.953202
3.030537 256.922111
3.018056 257.677024
3.070745 256.922111
6.085644 266.987619
6.013724 272.397830
6.115303 245.804299
6.093385 258.180299
6.051262 270.007272
6.128226 259.564307
6.083323 249.990635
6.052959 242.716018
6.020999 256.922111
6.097801 268.497446
6.008029 248.850987
6.024889 248.511311
6.040290 247.225888
6.061032 254.909009
6.049250 246.461988
6.031243 255.915560
6.020679 250.768425
6.033853 250.741736
6.010651 249.058952
6.047844 266.484344
6.070912 248.539039
6.059672 245.880553
6.072580 243.459493
6.054263 250.227022
6.178127 249.551951
6.024435 250.138059
6.117745 249.899131
6.151980 245.003633
6.214374 231.277940
6.365484 263.045295
6.073661 250.036388
9.084057 244.840232
9.212136 247.478417
9.135227 250.196521
9.086765 246.696469
9.040882 248.938332
9.143098 249.378698
9.148062 261.703227
9.083482 244.088587
10.180740 272.601076
9.084586 251.261896
9.071631 245.003633
9.016734 249.860417
9.193396 265.813310
9.237035 250.654044
9.121243 249.019670
9.154566 265.729431
9.107727 248.816326
9.069682 261.137043
9.105715 250.699796
9.072468 247.348439
9.035280 250.431521
9.078630 245.289585
9.101473 261.074133
9.090432 248.108255
9.187462 251.218322
9.118340 239.627737
9.168018 248.333385
9.207855 249.260588
9.241509 231.811717
9.394721 256.083318
9.078105 248.349271
12.080221 253.734700
12.083232 248.575833
12.216643 232.421747
12.190785 250.009475
12.077441 246.459389
12.096605 255.538103
12.093427 245.395796
12.040437 250.095696
12.094082 265.666521
12.097458 245.066023
12.102987 244.683367
12.136093 250.219397
12.107729 251.408957
12.109622 245.947275
12.201749 247.769569
12.222287 248.732447
12.177001 253.902458
12.124061 246.955732
12.184832 263.464691
12.120729 249.879114
12.238936 247.209548
12.220217 258.264179
12.191304 249.490879
12.173669 251.430744
12.186109 246.399079
12.250645 251.242585
12.213999 248.813393
12.249788 249.420491
12.201211 249.372979
12.398115 251.180196
13.194290 271.033180
15.380996 261.451590
15.175716 249.413648
15.160742 245.163766
15.160067 250.870695
15.140741 245.814697
15.084487 247.820260
15.085864 245.865888
15.115041 250.001194
15.110210 252.015175
15.192139 262.659451
15.049001 249.618306
15.131515 245.209519
15.194901 245.186643
15.370194 246.745741
15.177910 250.474847
15.321700 248.771471
15.221780 250.143143
15.176757 249.265822
15.227319 247.405630
15.135614 246.218929
15.382896 247.062487
15.253825 246.209831
15.313578 251.621379
15.274795 248.626921
15.195988 245.045226
15.201573 250.535504
15.257890 251.438796
15.251682 248.602815
15.427814 250.684545
15.202085 248.908920
16.200129 269.465283
18.120981 249.045088
18.162621 245.622635
18.107468 245.775704
18.191237 250.036388
18.091143 247.459810
18.302513 244.691686
18.050907 249.250020
18.294676 249.464484
18.327131 246.882746
18.281782 247.896794
18.137457 251.090325
18.159185 245.853319
18.209855 245.583163
18.166137 244.527047
18.202769 246.719345
18.370066 249.134050
18.227528 248.794539
18.220452 249.102278
18.201635 243.585312
18.206164 258.884885
18.225662 249.883880
18.287142 250.646419
18.329437 250.436720
18.327472 248.366428
18.392819 245.722598
18.330368 248.268685
18.434534 257.047930
18.434741 250.077238
18.389366 247.450387
18.256582 247.944853
19.208575 267.916743
21.159931 244.990177
21.054641 249.518310
21.125449 248.010214
21.130819 248.473184
21.336246 245.918680
21.140346 250.379530
21.251796 249.287713
21.220521 244.927379
21.195138 249.578865
21.253391 242.840797
21.217175 255.412284
21.273362 244.497090
21.166859 243.116350
21.180796 246.556804
21.299683 248.838754
21.211593 245.990920
21.358920 242.986372
21.235227 248.748545
21.263212 249.426357
21.308357 250.138936
21.379777 248.913376
21.330950 251.011634
21.397256 247.035036
21.388743 248.747004
21.396077 244.942630
21.451554 251.637719
21.382132 247.842968
21.497780 249.593623
21.305047 247.748772
21.259183 247.305547
3.005151 248.389304
22.257908 266.058496
24.825344 248.813393
24.068796 249.062517
24.168967 248.175100
24.227906 244.264558
24.149289 249.876255
24.203399 244.034761
24.287099 241.858162
24.176607 247.672518
24.223406 248.872688
24.217828 251.499075
24.208831 247.176868
24.313670 247.762229
24.400379 245.885999
24.255152 248.673350
24.280232 244.446027
24.399604 246.543375
24.255345 245.052654
24.248927 248.466610
24.470793 248.396930
24.275724 249.136100
24.344481 250.116454
24.342299 249.820698
24.378289 245.132312
24.366119 241.593006
24.572293 248.196763
24.399249 245.029051
24.452671 250.322340
24.390255 247.895414
24.499027 249.689556
24.305530 248.809394
6.071346 246.899086
25.607389 264.316388
27.261417 243.554810
27.088426 248.651109
27.152408 249.421591
27.183674 247.569741
27.194757 246.805131
27.249043 250.894244
27.586358 243.981832
27.256565 249.297312
27.285253 244.365509
27.264534 248.641680
27.208974 246.621910
27.280117 244.439355
27.358336 240.333085
27.318630 246.578051
27.281392 248.099063
27.286164 248.706711
27.380023 250.613738
27.375392 239.804507
27.442897 243.945611
27.422376 244.497950
27.351901 249.399565
27.429267 246.842198
27.458375 249.458464
27.482602 247.767073
27.405717 245.500941
27.425321 247.672518
27.561434 249.278615
27.622571 248.010214
27.329916 248.253954
9.095433 245.664500
27.889593 249.024558
28.618516 262.806562
#type       avg     std     min     5th    10th    90th    95th    99th
read      179.1   123.0    54.8   117.9   132.7   218.4   227.1   247.9
update    181.8    32.9    60.2   119.9   136.2   222.2   230.9   250.2
op_q        1.0     0.1     1.0     1.0     1.0     1.1     1.1     1.1

Total QPS = 2117.0 (63510 / 30.0s)

Misses = 0 (0.0%)
Skipped TXs = 0 (0.0%)

RX   11291166 bytes :    0.4 MB/s
TX    7007206 bytes :    0.2 MB/s
