3.000048 2187.500000 6567 2188.965315 70.046890
3.001696 2187.500000 6654 2216.746707 70.935895
3.000580 2187.500000 6558 2185.577383 69.938476
3.001279 2187.500000 6561 2186.067661 69.954165
3.000186 2187.500000 6377 2125.534848 68.017115
3.000822 2187.500000 6594 2197.397908 70.316733
3.001360 2187.500000 6765 2253.977978 72.127295
3.000366 2187.500000 6602 2200.398542 70.412753
3.002118 2187.500000 6608 2201.112910 70.435613
3.000053 2187.500000 6409 2136.295332 68.361451
3.000033 2187.500000 6578 2192.642855 70.164571
3.000534 2187.500000 6544 2180.945320 69.790250
3.000978 2187.500000 6587 2194.951233 70.238439
3.000274 2187.500000 6374 2124.472824 67.983130
3.000663 2187.500000 6391 2129.862449 68.155598
3.000151 2187.500000 6620 2206.555434 70.609774
3.000007 2187.500000 6521 2173.661899 69.557181
3.000701 2187.500000 6598 2198.819574 70.362226
3.000092 2187.500000 6434 2144.601175 68.627238
3.000086 2187.500000 6667 2222.269316 71.112618
3.001257 2187.500000 6527 2174.755356 69.592171
3.000501 2187.500000 6517 2171.970338 69.503051
3.000287 2187.500000 6555 2184.791227 69.913319
3.000571 2187.500000 6750 2249.571595 71.986291
3.000455 2187.500000 6507 2168.671228 69.397479
3.000420 2187.500000 6457 2152.031914 68.865021
3.000259 2187.500000 6428 2142.481533 68.559409
3.000146 2187.500000 6579 2192.892939 70.172574
3.000236 2187.500000 6393 2130.832669 68.186645
3.000467 2187.500000 6501 2166.662898 69.333213
3.000790 2187.500000 6436 2144.768437 68.632590
3.000154 2187.500000 6825 2274.883341 72.796267
6.000987 2187.500000 6446 2148.021580 68.736691
6.001429 2187.500000 6616 2204.322456 70.538319
6.000571 2187.500000 6549 2182.850539 69.851217
6.000402 2187.500000 6513 2170.818826 69.466202
6.000895 2187.500000 6554 2184.050056 69.889602
6.000856 2187.500000 6625 2207.904956 70.652959
6.000189 2187.500000 6597 2198.885632 70.364340
6.001406 2187.500000 6534 2176.984559 69.663506
6.001274 2187.500000 6397 2131.560456 68.209935
6.000324 2187.500000 6459 2152.833424 68.890670
6.001214 2187.500000 6564 2187.598528 70.003153
6.000811 2187.500000 6690 2229.828089 71.354499
6.000956 2187.500000 6441 2146.697575 68.694322
6.000467 2187.500000 6527 2175.499184 69.615974
6.000743 2187.500000 6682 2226.994509 71.263824
6.001321 2187.500000 6725 2241.293539 71.721393
6.001233 2187.500000 6628 2208.941528 70.686129
6.001195 2187.500000 6631 2210.173192 70.725542
6.002075 2187.500000 6667 2221.804124 71.097732
6.000622 2187.500000 6553 2184.245485 69.895856
6.000563 2187.500000 6513 2170.921894 69.469501
6.000210 2187.500000 6623 2207.619811 70.643834
6.000441 2187.500000 6435 2144.984843 68.639515
6.000577 2187.500000 6592 2197.252442 70.312078
6.000649 2187.500000 6543 2180.943597 69.790195
6.001905 2187.500000 6406 2134.872159 68.315909
6.001156 2187.500000 6642 2213.338580 70.826835
6.001963 2187.500000 6467 2155.474964 68.975199
6.002430 2187.500000 6483 2160.774832 69.144795
6.001331 2187.500000 6646 2215.295007 70.889440
6.001008 2187.500000 6525 2174.841927 69.594942
6.000404 2187.500000 6605 2201.483044 70.447457
9.000602 2187.500000 6589 2196.030475 70.272975
9.003051 2187.500000 6505 2166.820620 69.338260
9.001386 2187.500000 6678 2225.871954 71.227903
9.000395 2187.500000 6516 2171.866378 69.499724
9.003544 2187.500000 6614 2202.999891 70.495996
9.001024 2187.500000 6597 2198.876386 70.364044
9.000772 2187.500000 6514 2171.065522 69.474097
9.000739 2187.500000 6549 2182.934532 69.853905
9.000837 2187.500000 6606 2201.623108 70.451939
9.000963 2187.500000 6686 2228.554241 71.313736
9.001049 2187.500000 6625 2207.886488 70.652368
9.000576 2187.500000 6728 2242.662869 71.765212
9.000789 2187.500000 6780 2259.757237 72.312232
9.000769 2187.500000 6568 2189.226094 70.055235
9.000927 2187.500000 6564 2187.865670 70.011701
9.001572 2187.500000 6627 2208.569716 70.674231
9.001473 2187.500000 6481 2160.223913 69.127165
9.000959 2187.500000 6426 2141.716873 68.534940
9.001715 2187.500000 6664 2221.121993 71.075904
9.002593 2187.500000 6558 2185.541129 69.937316
9.001400 2187.500000 6579 2192.877882 70.172092
9.001203 2187.500000 6729 2242.994168 71.775813
9.001112 2187.500000 6533 2177.508503 69.680272
9.001439 2187.500000 6443 2147.643026 68.724577
9.001767 2187.500000 6715 2238.008284 71.616265
9.002326 2187.500000 6578 2192.483250 70.159464
9.003486 2187.500000 6670 2222.551516 71.121649
9.002178 2187.500000 6477 2158.803555 69.081714
9.001714 2187.500000 6507 2168.178481 69.381711
9.001207 2187.500000 6558 2185.962794 69.950809
9.001325 2187.500000 6444 2147.773401 68.728749
9.000419 2187.500000 6550 2183.322152 69.866309
12.001568 2187.500000 6569 2188.810873 70.041948
12.002650 2187.500000 6538 2178.653277 69.716905
12.001695 2187.500000 6593 2197.130142 70.308165
12.001071 2187.500000 6444 2147.896822 68.732698
12.000817 2187.500000 6684 2227.820902 71.290269
12.000944 2187.500000 6497 2165.419890 69.293436
12.000935 2187.500000 6573 2190.928826 70.109722
12.000999 2187.500000 6350 2116.506389 67.728204
12.001258 2187.500000 6487 2162.165118 69.189284
12.001745 2187.500000 6493 2164.208086 69.254659
12.006928 2187.500000 6684 2223.892367 71.164556
12.004931 2187.500000 6532 2176.284508 69.641104
12.001638 2187.500000 6544 2181.213385 69.798828
12.001124 2187.500000 6485 2161.612271 69.171593
12.002072 2187.500000 6443 2146.733939 68.695486
12.002535 2187.500000 6525 2174.741558 69.591730
12.002092 2187.500000 6518 2172.166074 69.509314
12.000930 2187.500000 6546 2181.861260 69.819560
12.002001 2187.500000 6662 2220.454861 71.054556
12.001300 2187.500000 6668 2222.594773 71.123033
12.001106 2187.500000 6642 2213.891545 70.844529
12.002958 2187.500000 6554 2184.206200 69.894598
12.002857 2187.500000 6561 2185.493424 69.935790
12.002336 2187.500000 6556 2184.442170 69.902149
12.002545 2187.500000 6303 2100.225523 67.207217
12.001241 2187.500000 6458 2152.642065 68.884546
12.002841 2187.500000 6498 2165.820551 69.306258
12.004641 2187.500000 6548 2180.577666 69.778485
12.004280 2187.500000 6500 2166.134654 69.316309
12.003225 2187.500000 6444 2147.875375 68.732012
12.001412 2187.500000 6420 2139.937937 68.478014
12.000422 2187.500000 6618 2205.997776 70.591929
15.003310 2187.500000 6444 2146.216842 68.678939
15.002334 2187.500000 6490 2162.908964 69.213087
15.000956 2187.500000 6639 2212.991052 70.815714
15.001887 2187.500000 6477 2158.547650 69.073525
15.002339 2187.500000 6640 2212.345148 70.795045
15.001083 2187.500000 6507 2168.892531 69.404561
15.001243 2187.500000 6704 2234.565080 71.506083
15.001641 2187.500000 6718 2238.947475 71.646319
15.002243 2187.500000 6521 2173.228911 69.543325
15.003352 2187.500000 6607 2201.342032 70.442945
15.001604 2187.500000 6706 2234.831254 71.514600
15.001834 2187.500000 6590 2196.275987 70.280832
15.001095 2187.500000 6427 2142.316331 68.554123
15.001996 2187.500000 6610 2203.112674 70.499606
15.002555 2187.500000 6599 2199.326654 70.378453
15.002788 2187.500000 6527 2175.490629 69.615700
15.001623 2187.500000 6630 2209.959326 70.718698
15.002391 2187.500000 6481 2160.294100 69.129411
15.002719 2187.500000 6485 2160.601978 69.139263
15.002970 2187.500000 6613 2204.239095 70.535651
15.002082 2187.500000 6520 2173.326397 69.546445
15.002646 2187.500000 6552 2183.919024 69.885409
15.003373 2187.500000 6565 2188.030572 70.016978
15.003541 2187.500000 6448 2149.107105 68.771427
15.002995 2187.500000 6619 2206.231418 70.599405
15.004338 2187.500000 6709 2236.290766 71.561305
15.002855 2187.500000 6702 2233.847900 71.483133
15.005351 2187.500000 6612 2203.691868 70.518140
15.004806 2187.500000 6517 2172.214241 69.510856
15.001470 2187.500000 6629 2209.624061 70.707970
15.007381 2187.500000 6649 2215.998465 70.911951
15.000837 2187.500000 6459 2152.702341 68.886475
18.001930 2187.500000 6482 2159.965822 69.118906
18.001525 2187.500000 6608 2202.342226 70.474951
18.002480 2187.500000 6539 2179.057213 69.729831
18.001305 2187.500000 6627 2208.953781 70.686521
18.003414 2187.500000 6611 2202.506450 70.480206
18.002578 2187.500000 6559 2185.829850 69.946555
18.001116 2187.500000 6626 2208.651364 70.676844
18.001673 2187.500000 6585 2194.949349 70.238379
18.003100 2187.500000 6504 2167.672063 69.365506
18.001716 2187.500000 6497 2165.599612 69.299188
18.002343 2187.500000 6640 2213.259249 70.824296
18.002002 2187.500000 6511 2170.328641 69.450517
18.002145 2187.500000 6413 2137.621898 68.403901
18.003251 2187.500000 6579 2192.329723 70.154551
18.002434 2187.500000 6733 2244.261934 71.816382
18.003274 2187.500000 6523 2173.812397 69.561997
18.004050 2187.500000 6492 2163.220670 69.223061
18.003672 2187.500000 6317 2105.441828 67.374139
18.002840 2187.500000 6634 2211.295166 70.761445
18.004267 2187.500000 6621 2206.342551 70.602962
18.003619 2187.500000 6523 2174.108850 69.571483
18.004418 2187.500000 6586 2193.850866 70.203228
18.004541 2187.500000 6612 2203.850637 70.523220
18.004438 2187.500000 6538 2178.681486 69.717808
18.003215 2187.500000 6668 2222.299307 71.113578
18.003246 2187.500000 6472 2157.153102 69.028899
18.001545 2187.500000 6682 2227.277159 71.272869
18.002933 2187.500000 6523 2174.276405 69.576845
18.005634 2187.500000 6541 2180.127523 69.764081
18.007924 2187.500000 6459 2150.764051 68.824450
18.007766 2187.500000 6605 2201.384364 70.444300
18.001359 2187.500000 6696 2231.612185 71.411590
21.001127 2187.500000 6385 2128.325214 68.106407
21.002201 2187.500000 6698 2232.625051 71.444002
21.004128 2187.500000 6445 2148.007129 68.736228
21.002322 2187.500000 6728 2242.373686 71.755958
21.001630 2187.500000 6662 2220.589430 71.058862
21.002443 2187.500000 6783 2260.993622 72.351796
21.002192 2187.500000 6546 2181.861696 69.819574
21.004691 2187.500000 6585 2194.890069 70.236482
21.003240 2187.500000 6569 2188.255206 70.024167
21.002201 2187.500000 6438 2145.622288 68.659913
21.002483 2187.500000 6701 2233.095692 71.459062
21.003275 2187.500000 6479 2158.996270 69.087881
21.002883 2187.500000 6648 2215.968140 70.910980
21.003819 2187.500000 6565 2187.428456 69.997711
21.003130 2187.500000 6579 2192.977616 70.175284
21.003728 2187.500000 6511 2170.106507 69.443408
21.004541 2187.500000 6635 2211.464840 70.766875
21.002989 2187.500000 6655 2217.957127 70.974628
21.004880 2187.500000 6605 2200.741944 70.423742
21.003406 2187.500000 6524 2174.554810 69.585754
21.003562 2187.500000 6614 2204.455291 70.542569
21.003528 2187.500000 6496 2165.107357 69.283435
21.004177 2187.500000 6487 2162.242039 69.191745
21.003283 2187.500000 6588 2195.973243 70.271144
21.004441 2187.500000 6767 2255.664825 72.181274
21.004450 2187.500000 6510 2168.903527 69.404913
21.005658 2187.500000 6612 2203.982297 70.527434
21.004793 2187.500000 6594 2197.725428 70.327214
21.003633 2187.500000 6577 2190.808456 70.105871
21.007774 2187.500000 6657 2218.993776 71.007801
21.008162 2187.500000 6455 2151.496525 68.847889
21.001459 2187.500000 6657 2218.925967 71.005631
24.002452 2187.500000 6516 2171.812296 69.497993
24.001972 2187.500000 6484 2160.725222 69.143207
24.002366 2187.500000 6790 2262.777910 72.408893
24.003289 2187.500000 6590 2195.958437 70.270670
24.003216 2187.500000 6591 2196.434090 70.285891
24.002250 2187.500000 6613 2204.297206 70.537511
24.002351 2187.500000 6601 2200.223621 70.407156
24.004202 2187.500000 6459 2152.335011 68.874720
24.004627 2187.500000 6622 2206.434966 70.605919
24.004388 2187.500000 6582 2193.846107 70.203075
24.002937 2187.500000 6436 2145.008644 68.640277
24.003378 2187.500000 6592 2196.971085 70.303075
24.004348 2187.500000 6679 2225.543327 71.217386
24.003964 2187.500000 6680 2226.048380 71.233548
24.003553 2187.500000 6588 2195.587571 70.258802
24.005348 2187.500000 6483 2160.662987 69.141216
24.003958 2187.500000 6613 2203.806250 70.521800
24.003732 2187.500000 6602 2200.541726 70.417335
24.005136 2187.500000 6687 2228.557812 71.313850
24.003919 2187.500000 6546 2181.927225 69.821671
24.004005 2187.500000 6604 2201.129599 70.436147
24.004152 2187.500000 6495 2164.982445 69.279438
24.005232 2187.500000 6722 2240.075461 71.682415
24.005005 2187.500000 6662 2220.434596 71.053907
24.003793 2187.500000 6589 2196.139364 70.276460
24.006098 2187.500000 6611 2202.708664 70.486677
24.005746 2187.500000 6650 2216.601954 70.931263
24.005007 2187.500000 6510 2169.597018 69.427105
24.004255 2187.500000 6572 2190.212843 70.086811
24.007796 2187.500000 6463 2154.317397 68.938157
24.008383 2187.500000 6653 2217.503239 70.960104
24.001915 2187.500000 6594 2197.665667 70.325301
27.002908 2187.500000 6486 2161.671171 69.173477
27.002500 2187.500000 6646 2214.943368 70.878188
27.002803 2187.500000 6477 2158.685927 69.077950
27.002466 2187.500000 6502 2167.249922 69.351998
27.005196 2187.500000 6630 2207.831580 70.650611
27.003315 2187.500000 6631 2210.259916 70.728317
27.007888 2187.500000 6445 2145.660978 68.661151
27.003626 2187.500000 6805 2268.079021 72.578529
27.004352 2187.500000 6521 2173.557604 69.553843
27.003104 2187.500000 6512 2170.546084 69.457475
27.003449 2187.500000 6659 2219.613680 71.027638
27.003802 2187.500000 6307 2102.284318 67.273098
27.004165 2187.500000 6678 2225.817222 71.226151
27.004149 2187.500000 6549 2182.895061 69.852642
27.004486 2187.500000 6775 2257.939962 72.254079
27.004928 2187.500000 6743 2247.261952 71.912382
27.003708 2187.500000 6608 2202.552535 70.481681
27.004160 2187.500000 6644 2214.517577 70.864562
27.003815 2187.500000 6589 2196.317261 70.282152
27.005306 2187.500000 6598 2198.835669 70.362741
27.005636 2187.500000 6615 2204.633028 70.548257
27.005124 2187.500000 6630 2209.912328 70.717194
27.005325 2187.500000 6540 2179.932956 69.757855
27.005456 2187.500000 6528 2175.921878 69.629500
27.004464 2187.500000 6325 2108.251391 67.464045
27.006234 2187.500000 6475 2157.981948 69.055422
27.007983 2187.500000 6580 2193.196432 70.182286
27.006222 2187.500000 6429 2142.911170 68.573157
27.005404 2187.500000 6629 2209.374627 70.699988
27.004875 2187.500000 6569 2189.213871 70.054844
27.008859 2187.500000 6597 2198.651041 70.356833
27.003314 2187.500000 6622 2206.304608 70.601747
#type       avg     std     min     5th    10th    90th    95th    99th
read      149.3    54.1    54.8    88.0    95.7   218.0   246.3   305.9
update    154.0    54.0    60.2    92.1   100.1   222.3   249.4   310.8
op_q        1.4     0.6     1.0     1.0     1.0     2.1     2.9     3.8

Total QPS = 139911.4 (4197343 / 30.0s)

Misses = 0 (0.0%)
Skipped TXs = 0 (0.0%)

RX  724340792 bytes :   23.0 MB/s
TX  464362436 bytes :   14.8 MB/s
