3.000197 5468.750000 16789 5595.965842 179.070907
3.001229 5468.750000 16350 5447.767589 174.328563
3.000017 5468.750000 16202 5400.636568 172.820370
3.000100 5468.750000 16378 5459.151918 174.692861
3.000135 5468.750000 16391 5463.420098 174.829443
3.000079 5468.750000 16277 5425.523728 173.616759
3.000404 5468.750000 16433 5476.928580 175.261715
3.000000 5468.750000 16462 5487.332463 175.594639
3.000245 5468.750000 16291 5429.890125 173.756484
3.000252 5468.750000 16151 5383.213613 172.262836
3.000049 5468.750000 16167 5388.912000 172.445184
3.000026 5468.750000 16305 5434.952509 173.918480
3.000494 5468.750000 16666 5554.418615 177.741396
3.000414 5468.750000 16293 5430.250899 173.768029
3.000093 5468.750000 16274 5424.499106 173.583971
3.000326 5468.750000 16556 5518.067432 176.578158
3.000009 5468.750000 16464 5487.983700 175.615478
3.000004 5468.750000 16337 5445.660151 174.261125
3.000052 5468.750000 16373 5457.571469 174.642287
3.000082 5468.750000 16471 5490.183323 175.685866
3.000062 5468.750000 16257 5418.887593 173.404403
3.000276 5468.750000 16503 5500.494471 176.015823
3.000038 5468.750000 16358 5452.598483 174.483151
3.000332 5468.750000 16328 5442.064234 174.146055
3.000441 5468.750000 16311 5436.200776 173.958425
3.000033 5468.750000 16375 5458.272549 174.664722
3.000594 5468.750000 16570 5522.240137 176.711684
3.001063 5468.750000 16458 5484.057031 175.489825
3.000025 5468.750000 16380 5459.954802 174.718554
3.000045 5468.750000 16428 5475.917548 175.229362
3.000151 5468.750000 16432 5477.056788 175.265817
3.000102 5468.750000 16465 5488.146367 175.620684
6.000230 5468.750000 16488 5495.748777 175.863961
6.000876 5468.750000 16498 5497.910399 175.933133
6.000377 5468.750000 16213 5403.898546 172.924753
6.000415 5468.750000 16402 5466.583962 174.930687
6.000097 5468.750000 16180 5393.158950 172.581086
6.001062 5468.750000 16381 5458.431512 174.669808
6.000422 5468.750000 16659 5552.309427 177.673902
6.000407 5468.750000 16312 5437.095303 173.987050
6.000260 5468.750000 16450 5482.927438 175.453678
6.000077 5468.750000 16579 5526.287598 176.841203
6.000070 5468.750000 16596 5531.887420 177.020397
6.000219 5468.750000 16189 5396.086562 172.674770
6.000957 5468.750000 16261 5419.334011 173.418688
6.000374 5468.750000 16111 5369.744264 171.831816
6.000060 5468.750000 16312 5437.272274 173.992713
6.000081 5468.750000 16409 5469.663614 175.029236
6.000215 5468.750000 16631 5543.384360 177.388300
6.000466 5468.750000 16568 5522.407973 176.717055
6.000204 5468.750000 16370 5456.356314 174.603402
6.000415 5468.750000 16202 5400.359877 172.811516
6.000379 5468.750000 16104 5367.674284 171.765577
6.000548 5468.750000 16334 5444.568866 174.226204
6.000556 5468.750000 16604 5534.403595 177.100915
6.000810 5468.750000 16409 5468.795230 175.001447
6.000507 5468.750000 16266 5421.540197 173.489286
6.000525 5468.750000 16613 5537.512272 177.200393
6.000079 5468.750000 16338 5445.901188 174.268838
6.000703 5468.750000 16631 5543.464610 177.390868
6.001328 5468.750000 16322 5440.487293 174.095593
6.001306 5468.750000 16562 5520.219180 176.647014
6.000269 5468.750000 16269 5422.786916 173.529181
6.000112 5468.750000 16357 5452.315493 174.474096
9.000287 5468.750000 16542 5513.620621 176.435860
9.000264 5468.750000 16664 5554.575779 177.746425
9.000078 5468.750000 16345 5448.331020 174.346593
9.000732 5468.750000 16468 5488.172389 175.621516
9.000544 5468.750000 16819 5605.726061 179.383234
9.000372 5468.750000 16332 5443.452755 174.190488
9.000109 5468.750000 16299 5432.910406 173.853133
9.000526 5468.750000 16414 5471.132028 175.076225
9.000403 5468.750000 16670 5556.345849 177.803067
9.000493 5468.750000 16338 5445.789070 174.265250
9.000444 5468.750000 16634 5544.612705 177.427607
9.000552 5468.750000 16310 5436.431683 173.965814
9.000610 5468.750000 16378 5459.177619 174.693684
9.000819 5468.750000 16281 5426.524993 173.648800
9.000279 5468.750000 16374 5457.965504 174.654896
9.000392 5468.750000 16567 5522.310002 176.713920
9.000250 5468.750000 16264 5421.250419 173.480013
9.000794 5468.750000 16413 5470.234743 175.047512
9.000545 5468.750000 16279 5426.084699 173.634710
9.001067 5468.750000 16499 5498.715451 175.958894
9.000973 5468.750000 16649 5549.638106 177.588419
9.000593 5468.750000 16237 5412.178343 173.189707
9.001076 5468.750000 16405 5467.969567 174.975026
9.000498 5468.750000 16407 5468.942434 175.006158
9.000851 5468.750000 16323 5440.732339 174.103435
9.000157 5468.750000 16609 5536.189715 177.158071
9.000860 5468.750000 16662 5553.906808 177.725018
9.001403 5468.750000 16418 5472.044211 175.105415
9.001597 5468.750000 16614 5537.503593 177.200115
9.001548 5468.750000 16459 5485.891181 175.548518
9.000274 5468.750000 16471 5490.325236 175.690408
9.000409 5468.750000 16400 5466.125119 174.916004
12.000212 10937.000000 27320 9106.354548 291.403346
12.000520 10937.000000 27772 9255.972403 296.191117
12.000281 10937.000000 27082 9027.282691 288.873046
12.000391 10937.000000 27264 9087.684536 290.805905
12.000533 10937.000000 27297 9098.606781 291.155417
12.000637 10937.000000 27251 9083.229990 290.663360
12.000534 10937.000000 27304 9101.060774 291.233945
12.000669 10937.000000 27311 9103.230469 291.303375
12.000284 10937.000000 27500 9166.563946 293.330046
12.000504 10937.000000 27241 9079.650490 290.548816
12.000376 10937.000000 27454 9151.320751 292.842264
12.000514 10937.000000 27402 9133.951798 292.286458
12.001067 10937.000000 27341 9112.912215 291.613191
12.000629 10937.000000 27211 9070.076665 290.242453
12.000631 10937.000000 27204 9067.737915 290.167613
12.000664 10937.000000 27312 9103.660513 291.317136
12.000253 10937.000000 27142 9047.043129 289.505380
12.000861 10937.000000 27519 9172.997811 293.535930
12.001165 10937.000000 27130 9043.036497 289.377168
12.001972 10937.000000 27599 9197.921624 294.333492
12.000398 10937.000000 27572 9190.648897 294.100765
12.001021 10937.000000 27319 9106.188673 291.398038
12.000740 10937.000000 27197 9065.642287 290.100553
12.001143 10937.000000 27578 9192.459444 294.158702
12.000630 10937.000000 27400 9133.274635 292.264788
12.000662 10937.000000 27595 9198.120457 294.339855
12.000871 10937.000000 27341 9113.604299 291.635338
12.000812 10937.000000 27313 9104.279954 291.336959
12.001646 10937.000000 27188 9062.520748 290.000664
12.001550 10937.000000 27642 9213.993141 294.847781
12.000419 10937.000000 27354 9117.559484 291.761903
12.000460 10937.000000 27383 9127.511365 292.080364
15.000217 10937.000000 33051 11016.981229 352.543399
15.000562 10937.000000 32619 10871.980801 347.903386
15.000771 10937.000000 32637 10878.140166 348.100485
15.000420 10937.000000 32751 10916.894064 349.340610
15.000536 10937.000000 32968 10989.274706 351.656791
15.000744 10937.000000 32908 10969.039194 351.009254
15.000785 10937.000000 33044 11014.125312 352.452010
15.000318 10937.000000 32924 10974.540546 351.185297
15.000636 10937.000000 32551 10849.390992 347.180512
15.000693 10937.000000 33153 11050.914073 353.629250
15.000577 10937.000000 32699 10899.402161 348.780869
15.000520 10937.000000 32703 10900.978249 348.831304
15.000470 10937.000000 33227 11075.399494 354.412784
15.000536 10937.000000 32415 10804.988094 345.759619
15.000640 10937.000000 32336 10778.633595 344.916275
15.000289 10937.000000 33145 11048.200750 353.542424
15.000658 10937.000000 32782 10927.229579 349.671347
15.001671 10937.000000 32904 10964.598681 350.867158
15.001624 10937.000000 32412 10801.828580 345.658515
15.000951 10937.000000 32700 10899.493429 348.783790
15.001160 10937.000000 32555 10849.865876 347.195708
15.001180 10937.000000 32709 10902.868520 348.891793
15.001185 10937.000000 33116 11038.594715 353.235031
15.001290 10937.000000 32847 10948.189351 350.342059
15.000707 10937.000000 33223 11074.047617 354.369524
15.001078 10937.000000 32237 10744.891647 343.836533
15.000872 10937.000000 32875 10958.330599 350.666579
15.001717 10937.000000 32704 10901.071720 348.834295
15.001551 10937.000000 33157 11052.328891 353.674525
15.000525 10937.000000 32899 10965.943311 350.910186
15.002008 10937.000000 32682 10893.871675 348.603894
15.000957 10937.000000 32724 10906.193336 348.998187
18.000241 10937.000000 32974 10991.246211 351.719879
18.000760 10937.000000 32999 10998.940253 351.966088
18.000491 10937.000000 33061 11020.074266 352.642377
18.000958 10937.000000 32985 10994.078662 351.810517
18.001077 10937.000000 32709 10901.183100 348.837859
18.000545 10937.000000 33160 11053.299283 353.705577
18.000541 10937.000000 32836 10945.075703 350.242422
18.000637 10937.000000 33287 11095.665529 355.061297
18.000977 10937.000000 32641 10879.302349 348.137675
18.000819 10937.000000 32986 10995.157631 351.845044
18.000541 10937.000000 32774 10924.589573 349.586866
18.001022 10937.000000 32907 10967.604529 350.963345
18.001463 10937.000000 33256 11083.151614 354.660852
18.000660 10937.000000 32725 10908.326665 349.066453
18.000614 10937.000000 32711 10902.589370 348.882860
18.000768 10937.000000 32930 10976.577791 351.250489
18.000686 10937.000000 32868 10955.451425 350.574446
18.001097 10937.000000 32652 10882.866438 348.251726
18.001090 10937.000000 32689 10896.288813 348.681242
18.001291 10937.000000 33042 11013.590746 352.434904
18.000664 10937.000000 32986 10993.960481 351.806735
18.001794 10937.000000 32717 10905.220561 348.967058
18.001173 10937.000000 33278 11091.846010 354.939072
18.001359 10937.000000 33042 11013.359151 352.427493
18.001307 10937.000000 32588 10862.603522 347.603313
18.001290 10937.000000 32707 10901.862456 348.859599
18.001695 10937.000000 33006 11001.474102 352.047171
18.001764 10937.000000 32576 10858.497978 347.471935
18.001645 10937.000000 32874 10957.920581 350.653459
18.002238 10937.000000 32737 10911.496106 349.167875
18.000683 10937.000000 32785 10927.757609 349.688243
18.001144 10937.000000 32982 10993.316042 351.786113
21.000248 10937.000000 32321 10773.640279 344.756489
21.000549 10937.000000 32623 10874.303420 347.977709
21.000644 10937.000000 32774 10924.639393 349.588461
21.000686 10937.000000 32627 10875.155427 348.004974
21.001117 10937.000000 32727 10907.174092 349.029571
21.000630 10937.000000 32938 10979.006334 351.328203
21.000846 10937.000000 32876 10958.569656 350.674229
21.001083 10937.000000 32880 10959.976838 350.719259
21.000680 10937.000000 32798 10931.979390 349.823340
21.000839 10937.000000 32884 10960.677795 350.741689
21.000804 10937.000000 33031 11010.204130 352.326532
21.000874 10937.000000 33221 11072.973617 354.335156
21.001162 10937.000000 32959 10985.819212 351.546215
21.000831 10937.000000 32898 10965.740149 350.903685
21.000984 10937.000000 32571 10856.974746 347.423192
21.000773 10937.000000 32671 10889.936945 348.477982
21.001107 10937.000000 32654 10884.630876 348.308188
21.001273 10937.000000 33111 11035.841030 353.146913
21.001398 10937.000000 32957 10985.276316 351.528842
21.001329 10937.000000 32697 10898.920995 348.765472
21.001163 10937.000000 32889 10962.734272 350.807497
21.001406 10937.000000 32746 10915.164788 349.285273
21.001543 10937.000000 32631 10876.709715 348.054711
21.001348 10937.000000 32532 10843.789975 347.001279
21.001774 10937.000000 32714 10904.632167 348.948229
21.001794 10937.000000 32629 10876.333264 348.042664
21.001696 10937.000000 32768 10922.483403 349.519469
21.001399 10937.000000 32714 10903.846434 348.923086
21.001757 10937.000000 32693 10897.439159 348.718053
21.000697 10937.000000 32747 10915.616002 349.299712
21.002306 10937.000000 32942 10980.416057 351.373314
21.001300 10937.000000 32832 10943.430394 350.189773
24.000414 10937.000000 32538 10845.403094 347.052899
24.000622 10937.000000 32593 10864.066588 347.650131
24.000721 10937.000000 32915 10971.516065 351.088514
24.000718 10937.000000 32511 10836.884714 346.780311
24.001132 10937.000000 32850 10948.802029 350.361665
24.001160 10937.000000 33210 11068.787924 354.201214
24.001406 10937.000000 33005 10999.612296 351.987593
24.000847 10937.000000 32764 10921.303288 349.481705
24.001216 10937.000000 33125 11040.409168 353.293093
24.000670 10937.000000 32766 10921.856992 349.499424
24.000646 10937.000000 32932 10977.327213 351.274471
24.001045 10937.000000 32624 10874.444527 347.982225
24.001113 10937.000000 32634 10877.977853 348.095291
24.001409 10937.000000 33211 11069.421861 354.221500
24.001188 10937.000000 32936 10978.407344 351.309035
24.001558 10937.000000 32402 10799.841454 345.594927
24.001241 10937.000000 33031 11010.045857 352.321467
24.001425 10937.000000 32876 10958.597570 350.675122
24.000807 10937.000000 33298 11099.208074 355.174658
24.001448 10937.000000 32962 10985.998221 351.551943
24.001427 10937.000000 32311 10770.228824 344.647322
24.001487 10937.000000 32944 10981.010079 351.392323
24.001819 10937.000000 33204 11067.833009 354.170656
24.001830 10937.000000 32818 10939.199434 350.054382
24.001309 10937.000000 33051 11016.868114 352.539780
24.001389 10937.000000 32528 10842.518600 346.960595
24.001831 10937.000000 32634 10877.508933 348.080286
24.001770 10937.000000 33040 11013.287734 352.425207
24.001547 10937.000000 33028 11009.316685 352.298134
24.002615 10937.000000 32704 10900.212593 348.806803
24.000763 10937.000000 32760 10919.762859 349.432411
24.001337 10937.000000 32574 10857.865141 347.451685
27.001167 10937.000000 32752 10914.590729 349.266903
27.000877 10937.000000 32933 10976.905901 351.260989
27.000693 10937.000000 32638 10879.078045 348.130497
27.000807 10937.000000 32599 10866.022519 347.712721
27.000719 10937.000000 32816 10938.662777 350.037209
27.000764 10937.000000 33264 11087.563906 354.802045
27.001277 10937.000000 32600 10866.445457 347.726255
27.001076 10937.000000 32623 10874.223007 347.975136
27.001210 10937.000000 32731 10910.151246 349.124840
27.001257 10937.000000 33190 11062.801578 354.009651
27.000863 10937.000000 32942 10980.611367 351.379564
27.001252 10937.000000 33030 11009.558635 352.305876
27.001481 10937.000000 32592 10863.880250 347.644168
27.001476 10937.000000 32807 10935.412413 349.933197
27.001224 10937.000000 32923 10974.200787 351.174425
27.001563 10937.000000 33268 11088.763545 354.840433
27.001578 10937.000000 32979 10992.437184 351.757990
27.001517 10937.000000 32936 10977.654804 351.284954
27.001577 10937.000000 33012 11003.890666 352.124501
27.001574 10937.000000 32472 10823.468305 346.350986
27.001846 10937.000000 32946 10981.941041 351.422113
27.001804 10937.000000 32884 10960.433639 350.733876
27.001356 10937.000000 32954 10984.496908 351.503901
27.000978 10937.000000 32770 10922.710192 349.526726
27.001417 10937.000000 32564 10854.565227 347.346087
27.002128 10937.000000 32569 10855.260380 347.368332
27.001828 10937.000000 32907 10968.966525 351.006929
27.002041 10937.000000 32989 10994.301979 351.817663
27.001946 10937.000000 32514 10837.364322 346.795658
27.002625 10937.000000 32910 10969.961760 351.038776
27.000768 10937.000000 32414 10804.646074 345.748674
27.001361 10937.000000 32833 10944.248567 350.215954
#type       avg     std     min     5th    10th    90th    95th    99th
read      732.7   267.4    97.0   342.3   433.3   952.3  1243.5  1385.0
update    733.3   266.2   106.7   342.9   434.4   953.0  1250.3  1384.4
op_q        9.6     5.0     1.0     2.1     3.1    16.4    18.3    22.8

Total QPS = 583028.6 (17490858 / 30.0s)

Misses = 0 (0.0%)
Skipped TXs = 0 (0.0%)

RX 3015651878 bytes :   95.9 MB/s
TX 1934192184 bytes :   61.5 MB/s
