3.000950 1250.000000 3826 1274.929532 40.797745
3.004022 1250.000000 3790 1261.641694 40.372534
3.001136 1250.000000 3796 1264.854369 40.475340
3.000981 1250.000000 3716 1238.261688 39.624374
3.000174 1250.000000 3777 1258.926827 40.285658
3.001205 1250.000000 3765 1254.495985 40.143872
3.000173 1250.000000 3662 1220.596476 39.059087
3.001979 1250.000000 3689 1228.855842 39.323387
3.001118 1250.000000 3640 1212.881134 38.812196
3.000107 1250.000000 3856 1285.287357 41.129195
3.000193 1250.000000 3728 1242.586737 39.762776
3.000236 1250.000000 3776 1258.567559 40.274162
3.003151 1250.000000 3798 1264.671771 40.469497
3.000032 1250.000000 3648 1215.986906 38.911581
3.000393 1250.000000 3685 1228.172486 39.301520
3.000350 1250.000000 3706 1235.189232 39.526055
3.000152 1250.000000 3719 1239.603794 39.667321
3.000648 1250.000000 3697 1232.067041 39.426145
3.000167 1250.000000 3738 1245.930623 39.869780
3.000341 1250.000000 3676 1225.194223 39.206215
3.000040 1250.000000 3805 1268.316393 40.586125
3.001186 1250.000000 3759 1252.504780 40.080153
3.000080 1250.000000 3626 1208.634592 38.676307
3.000042 1250.000000 3733 1244.316095 39.818115
3.001124 1250.000000 3733 1243.867503 39.803760
3.001737 1250.000000 3675 1224.291077 39.177314
3.000459 1250.000000 3795 1264.806586 40.473811
3.000696 1250.000000 3800 1266.372798 40.523930
3.002323 1250.000000 3654 1217.057547 38.945842
3.000717 1250.000000 3779 1259.365732 40.299703
3.001369 1250.000000 3794 1264.089800 40.450874
3.000611 1250.000000 3771 1256.743891 40.215805
6.002940 1250.000000 3751 1249.126024 39.972033
6.001506 1250.000000 3693 1230.426231 39.373639
6.000638 1250.000000 3744 1247.807313 39.929834
6.001573 1250.000000 3836 1278.509944 40.912318
6.000929 1250.000000 3716 1238.316036 39.626113
6.001342 1250.000000 3793 1264.246418 40.455885
6.000619 1250.000000 3773 1257.470940 40.239070
6.002319 1250.000000 3597 1198.140733 38.340503
6.002050 1250.000000 3758 1251.891852 40.060539
6.001106 1250.000000 3857 1285.266953 41.128542
6.000887 1250.000000 3677 1225.317734 39.210167
6.001899 1250.000000 3710 1236.151436 39.556846
6.000373 1250.000000 3628 1209.324024 38.698369
6.001567 1250.000000 3841 1280.083500 40.962672
6.000083 1250.000000 3733 1244.316071 39.818114
6.002427 1250.000000 3810 1269.446299 40.622282
6.005499 1250.000000 3760 1251.864761 40.059672
6.001243 1250.000000 3731 1243.545135 39.793444
6.000442 1250.000000 3582 1193.980620 38.207380
6.000238 1250.000000 3732 1243.999245 39.807976
6.000523 1250.000000 3878 1292.588274 41.362825
6.005041 1250.000000 3862 1285.681139 41.141796
6.001587 1250.000000 3739 1246.140660 39.876501
6.000813 1250.000000 3689 1229.618624 39.347796
6.003953 1250.000000 3719 1239.335382 39.658732
6.001461 1250.000000 3565 1187.936454 38.013967
6.005094 1250.000000 3683 1227.228522 39.271313
6.002426 1250.000000 3889 1296.035708 41.473143
6.002633 1250.000000 3812 1270.535346 40.657131
6.000820 1250.000000 3774 1257.956629 40.254612
6.002124 1250.000000 3720 1239.687945 39.670014
6.000811 1250.000000 3828 1275.915087 40.829283
9.004076 1250.000000 3727 1241.297661 39.721525
9.004178 1250.000000 3858 1284.371174 41.099878
9.001114 1250.000000 3791 1263.465833 40.430907
9.003027 1250.000000 3645 1214.408877 38.861084
9.001403 1250.000000 3807 1268.507526 40.592241
9.001979 1250.000000 3832 1276.754375 40.856140
9.002563 1250.000000 3820 1273.115407 40.739693
9.001509 1250.000000 3786 1261.400532 40.364817
9.001602 1250.000000 3680 1226.560293 39.249929
9.001003 1250.000000 3695 1231.618723 39.411799
9.003444 1250.000000 3647 1215.254639 38.888148
9.000686 1250.000000 3885 1294.894335 41.436619
9.001566 1250.000000 3791 1263.641476 40.436527
9.000803 1250.000000 3627 1208.887008 38.684384
9.004700 1250.000000 3699 1231.581152 39.410597
9.001131 1250.000000 3820 1273.322583 40.746323
9.004786 1250.000000 3553 1182.812667 37.850005
9.004080 1250.000000 3692 1229.944505 39.358224
9.005868 1250.000000 3827 1275.315235 40.810088
9.002271 1250.000000 3725 1241.512587 39.728403
9.000957 1250.000000 3815 1271.605645 40.691381
9.002126 1250.000000 3708 1235.777963 39.544895
9.003382 1250.000000 3900 1299.808414 41.593869
9.001557 1250.000000 3720 1239.960162 39.678725
9.005253 1250.000000 3727 1241.794960 39.737439
9.002549 1250.000000 3747 1248.948976 39.966367
9.001044 1250.000000 3689 1229.574980 39.346399
9.003416 1250.000000 3641 1213.350170 38.827205
9.005397 1250.000000 3630 1209.877416 38.716077
9.006650 1250.000000 3757 1251.853009 40.059296
9.002245 1250.000000 3739 1246.282958 39.881055
9.001471 1250.000000 3802 1267.054472 40.545743
12.001546 1250.000000 3802 1267.317827 40.554170
12.001522 1250.000000 3766 1255.162859 40.165211
12.002176 1250.000000 3821 1273.186045 40.741953
12.001148 1250.000000 3760 1253.253657 40.104117
12.001899 1250.000000 3650 1216.355136 38.923364
12.002824 1250.000000 3757 1251.808632 40.057876
12.000744 1250.000000 3769 1256.309419 40.201901
12.000970 1250.000000 3816 1271.929062 40.701730
12.001144 1250.000000 3749 1249.608172 39.987461
12.002754 1250.000000 3714 1237.800875 39.609628
12.001607 1250.000000 3805 1268.331385 40.586604
12.002042 1250.000000 3781 1260.306961 40.329823
12.002748 1250.000000 3626 1208.592261 38.674952
12.004264 1250.000000 3835 1277.602722 40.883287
12.004102 1250.000000 3860 1286.657322 41.173034
12.001643 1250.000000 3786 1261.898881 40.380764
12.004923 1250.000000 3630 1209.909795 38.717113
12.003545 1250.000000 3761 1253.450325 40.110410
12.001729 1250.000000 3823 1274.260336 40.776331
12.004251 1250.000000 3805 1267.966131 40.574916
12.003515 1250.000000 3791 1263.082102 40.418627
12.003595 1250.000000 3787 1262.270066 40.392642
12.005961 1250.000000 3710 1236.182481 39.557839
12.005864 1250.000000 3743 1247.412721 39.917207
12.004085 1250.000000 3708 1235.996353 39.551883
12.004780 1250.000000 3763 1254.081334 40.130603
12.006372 1250.000000 3654 1217.604472 38.963343
12.008323 1250.000000 3726 1241.307882 39.721852
12.004052 1250.000000 3760 1253.067591 40.098163
12.007930 1250.000000 3653 1216.830202 38.938566
12.003369 1250.000000 3745 1247.865973 39.931711
12.001542 1250.000000 3808 1269.303291 40.617705
15.001600 1250.000000 3658 1219.149542 39.012785
15.002853 1250.000000 3856 1284.799672 41.113590
15.001522 1250.000000 3809 1269.666613 40.629332
15.001883 1250.000000 3614 1204.370107 38.539843
15.002300 1250.000000 3780 1259.831835 40.314619
15.001647 1250.000000 3810 1269.957167 40.638629
15.001209 1250.000000 3687 1228.809289 39.321897
15.001631 1250.000000 3780 1259.722521 40.311121
15.003097 1250.000000 3824 1274.218796 40.775001
15.003089 1250.000000 3724 1241.192297 39.718153
15.004772 1250.000000 3691 1230.119598 39.363827
15.001782 1250.000000 3744 1247.978237 39.935304
15.004012 1250.000000 3727 1241.841194 39.738918
15.004394 1250.000000 3889 1296.199881 41.478396
15.003217 1250.000000 3702 1233.809675 39.481910
15.003570 1250.000000 3797 1265.655978 40.500991
15.003255 1250.000000 3692 1230.005980 39.360191
15.004618 1250.000000 3829 1276.113588 40.835635
15.003909 1250.000000 3936 1311.862568 41.979602
15.003778 1250.000000 3702 1233.891884 39.484540
15.004490 1250.000000 3797 1265.571534 40.498289
15.005084 1250.000000 3721 1239.906723 39.677015
15.004894 1250.000000 3670 1223.287123 39.145188
15.006074 1250.000000 3840 1279.910508 40.957136
15.005686 1250.000000 3872 1290.338430 41.290830
15.006555 1250.000000 3719 1239.590903 39.666909
15.002578 1250.000000 3727 1242.167093 39.749347
15.006044 1250.000000 3816 1271.964998 40.702880
15.008710 1250.000000 3785 1261.503610 40.368116
15.008008 1250.000000 3795 1264.967030 40.478945
15.003440 1250.000000 3778 1259.303427 40.297710
15.001858 1250.000000 3690 1229.870529 39.355857
18.002195 1250.000000 3839 1279.412882 40.941212
18.001960 1250.000000 3713 1237.486176 39.599558
18.001566 1250.000000 3606 1201.856915 38.459421
18.001700 1250.000000 3673 1224.311753 39.177976
18.002070 1250.000000 3608 1202.591566 38.482930
18.003217 1250.000000 3773 1257.612776 40.243609
18.002901 1250.000000 3674 1224.647102 39.188707
18.003352 1250.000000 3854 1284.557257 41.105832
18.005778 1250.000000 3818 1272.079775 40.706553
18.001669 1250.000000 3647 1215.651274 38.900841
18.003882 1250.000000 3838 1279.288881 40.937244
18.002589 1250.000000 3711 1236.880697 39.580182
18.006785 1250.000000 3800 1265.161931 40.485182
18.001909 1250.000000 3724 1241.280586 39.720979
18.005618 1250.000000 3711 1236.701550 39.574450
18.003721 1250.000000 3841 1280.269137 40.968612
18.004810 1250.000000 3805 1267.996184 40.575878
18.010658 1250.000000 3647 1212.938056 38.814018
18.003406 1250.000000 3791 1263.602820 40.435290
18.005214 1250.000000 3798 1265.813549 40.506034
18.004051 1250.000000 3730 1242.723067 39.767138
18.005751 1250.000000 3656 1218.206630 38.982612
18.007066 1250.000000 3761 1253.453438 40.110510
18.006361 1250.000000 3683 1227.390562 39.276498
18.006709 1250.000000 3710 1236.404930 39.564958
18.004859 1250.000000 3817 1272.176749 40.709656
18.006334 1250.000000 3837 1278.876209 40.924039
18.005409 1250.000000 3746 1248.531422 39.953006
18.008767 1250.000000 3824 1274.642749 40.788568
18.009232 1250.000000 3705 1234.496655 39.503893
18.005881 1250.000000 3684 1227.001907 39.264061
18.002332 1250.000000 3875 1291.462697 41.326806
21.002448 1250.000000 3705 1234.798798 39.513562
21.006595 1250.000000 3647 1214.375659 38.860021
21.002615 1250.000000 3785 1261.655796 40.372985
21.011676 1250.000000 3723 1238.805484 39.641775
21.008721 1250.000000 3761 1251.370926 40.043870
21.001740 1250.000000 3707 1235.637392 39.540397
21.002590 1250.000000 3703 1233.967265 39.486952
21.001933 1250.000000 3706 1235.182211 39.525831
21.004224 1250.000000 3763 1254.122791 40.131929
21.002787 1250.000000 3817 1272.029119 40.704932
21.003447 1250.000000 3567 1188.962523 38.046801
21.003223 1250.000000 3728 1242.533331 39.761067
21.004554 1250.000000 3726 1240.905774 39.708985
21.002288 1250.000000 3729 1242.961631 39.774772
21.004970 1250.000000 3651 1216.935202 38.941926
21.004796 1250.000000 3646 1214.963227 38.878823
21.005882 1250.000000 3764 1254.612124 40.147588
21.005247 1250.000000 3711 1236.986461 39.583567
21.006917 1250.000000 3715 1237.863322 39.611626
21.008757 1250.000000 3830 1275.636222 40.820359
21.008981 1250.000000 3682 1225.959103 39.230691
21.004899 1250.000000 3649 1216.317131 38.922148
21.010341 1250.000000 3809 1268.163169 40.581221
21.008680 1250.000000 3865 1287.487461 41.199599
21.007652 1250.000000 3821 1273.417964 40.749375
21.011570 1250.000000 3745 1247.167832 39.909371
21.004344 1250.000000 3770 1256.544092 40.209411
21.006150 1250.000000 3730 1243.026384 39.776844
21.009345 1250.000000 3725 1241.619788 39.731833
21.012910 1250.000000 3709 1235.405773 39.532985
21.006544 1250.000000 3643 1214.064785 38.850073
21.003957 1250.000000 3735 1244.325870 39.818428
24.013465 1250.000000 3693 1229.039491 39.329264
24.002840 1250.000000 3699 1232.907649 39.453045
24.002716 1250.000000 3756 1251.888375 40.060428
24.005123 1250.000000 3925 1307.505404 41.840173
24.003870 1250.000000 3849 1282.818932 41.050206
24.001803 1250.000000 3745 1248.307011 39.945824
24.002340 1250.000000 3725 1241.498430 39.727950
24.007450 1250.000000 3751 1248.990358 39.967691
24.006587 1250.000000 3774 1257.292358 40.233355
24.003131 1250.000000 3740 1246.523931 39.888766
24.002307 1250.000000 3808 1269.325191 40.618406
24.003096 1250.000000 3653 1217.461259 38.958760
24.004982 1250.000000 3763 1254.328209 40.138503
24.005562 1250.000000 3739 1246.202200 39.878470
24.004830 1250.000000 3716 1238.552872 39.633692
24.006071 1250.000000 3783 1260.920325 40.349450
24.007255 1250.000000 3747 1247.977095 39.935267
24.007327 1250.000000 3747 1248.829116 39.962532
24.008021 1250.000000 3766 1255.178953 40.165727
24.008028 1250.000000 3729 1242.406591 39.757011
24.004513 1250.000000 3856 1285.261066 41.128354
24.008837 1250.000000 3733 1244.300448 39.817614
24.009752 1250.000000 3773 1257.234709 40.231511
24.009476 1250.000000 3725 1241.461473 39.726767
24.006462 1250.000000 3759 1252.869512 40.091824
24.011782 1250.000000 3602 1200.582098 38.418627
24.009584 1250.000000 3782 1260.566205 40.338119
24.011815 1250.000000 3793 1263.712479 40.438799
24.012385 1250.000000 3794 1264.367868 40.459772
24.013367 1250.000000 3682 1227.146315 39.268682
24.007016 1250.000000 3694 1231.139654 39.396469
24.004864 1250.000000 3823 1273.948263 40.766344
27.005730 1250.000000 3708 1235.691954 39.542143
27.004669 1250.000000 3839 1278.674032 40.917569
27.007404 1250.000000 3676 1223.576325 39.154442
27.008919 1250.000000 3679 1224.272910 39.176733
27.004159 1250.000000 3772 1256.728955 40.215327
27.005970 1250.000000 3691 1230.166190 39.365318
27.002193 1250.000000 3719 1239.505617 39.664180
27.003162 1250.000000 3835 1277.969055 40.895010
27.003013 1250.000000 3836 1278.592767 40.914969
27.005051 1250.000000 3659 1218.886645 39.004373
27.008731 1250.000000 3786 1261.410062 40.365122
27.006440 1250.000000 3831 1276.439635 40.846068
27.004925 1250.000000 3751 1250.293806 40.009402
27.006321 1250.000000 3815 1271.561005 40.689952
27.008040 1250.000000 3688 1229.328422 39.338510
27.008140 1250.000000 3799 1266.041972 40.513343
27.008433 1250.000000 3775 1256.690897 40.214109
27.008517 1250.000000 3720 1239.795015 39.673440
27.006653 1250.000000 3632 1210.640142 38.740485
27.007261 1250.000000 3770 1256.664051 40.213250
27.006759 1250.000000 3878 1292.538746 41.361240
27.008875 1250.000000 3672 1223.984461 39.167503
27.009772 1250.000000 3756 1251.876760 40.060056
27.010239 1250.000000 3836 1278.458888 40.910684
27.010129 1250.000000 3680 1226.443917 39.246205
27.016194 1250.000000 3755 1249.828291 39.994505
27.013299 1250.000000 3708 1235.623580 39.539955
27.012063 1250.000000 3771 1256.896067 40.220674
27.014156 1250.000000 3733 1244.006442 39.808206
27.014786 1250.000000 3793 1263.777064 40.440866
27.008450 1250.000000 3735 1244.405056 39.820962
27.004986 1250.000000 3774 1257.948723 40.254359
#type       avg     std     min     5th    10th    90th    95th    99th
read       88.3   113.3    45.3    65.1    68.4   107.4   116.8   141.0
update     91.5   106.6    49.8    67.8    71.4   112.0   121.4   145.5
op_q        1.1     0.4     1.0     1.0     1.0     2.0     2.1     2.1

Total QPS = 79952.4 (2398571 / 30.0s)

Misses = 0 (0.0%)
Skipped TXs = 0 (0.0%)

RX  413965766 bytes :   13.2 MB/s
TX  265553335 bytes :    8.4 MB/s
