3.000671 3055.555556 9039 3012.326517 96.394449
3.000189 3055.555556 9073 3024.143301 96.772586
3.000197 3055.555556 9113 3037.467697 97.198966
3.000636 3055.555556 8998 2998.697770 95.958329
3.000064 3055.555556 9187 3062.268282 97.992585
3.000979 3055.555556 9175 3057.335845 97.834747
3.000521 3055.555556 9089 3029.141070 96.932514
3.000727 3055.555556 9093 3030.266165 96.968517
3.000095 3055.555556 9046 3015.237995 96.487616
3.000654 3055.555556 9356 3117.986725 99.775575
3.000197 3055.555556 9192 3063.798666 98.041557
3.000417 3055.555556 9209 3069.240498 98.215696
3.001062 3055.555556 9212 3069.580509 98.226576
3.001150 3055.555556 9277 3091.148174 98.916742
3.000120 3055.555556 9141 3046.878366 97.500108
3.000026 3055.555556 9160 3053.306956 97.705823
3.000452 3055.555556 9040 3012.879883 96.412156
3.000417 3055.555556 9104 3034.244696 97.095830
3.000018 3055.555556 9136 3045.314844 97.450075
3.000587 3055.555556 8832 2943.424474 94.189583
3.001177 3055.555556 8898 2964.837044 94.874785
3.000134 3055.555556 9033 3010.865097 96.347683
3.001141 3055.555556 8940 2978.867110 95.323748
3.000057 3055.555556 9198 3065.942155 98.110149
3.000116 3055.555556 9231 3076.881461 98.460207
3.000570 3055.555556 9268 3088.746117 98.839876
3.000241 3055.555556 9174 3057.754465 97.848143
3.000240 3055.555556 9359 3119.417459 99.821359
3.000374 3055.555556 9225 3074.617062 98.387746
3.000283 3055.555556 9298 3099.041259 99.169320
3.000515 3055.555556 9341 3113.131966 99.620223
3.000059 3055.555556 9214 3071.273243 98.280744
6.000382 3055.555556 9125 3041.478165 97.327301
6.000455 3055.555556 9012 3003.664325 96.117258
6.000463 3055.555556 9193 3063.887095 98.044387
6.000034 3055.555556 9169 3056.316788 97.802137
6.000524 3055.555556 9121 3039.866569 97.275730
6.000808 3055.555556 9264 3087.370891 98.795869
6.000707 3055.555556 9154 3050.710950 97.622750
6.000261 3055.555556 9205 3068.124447 98.179982
6.000781 3055.555556 9146 3048.468774 97.551001
6.000423 3055.555556 9351 3116.993844 99.743803
6.000405 3055.555556 9179 3059.390222 97.900487
6.001300 3055.555556 9426 3141.304343 100.521739
6.001191 3055.555556 9149 3049.120926 97.571870
6.000538 3055.555556 9189 3062.912061 98.013186
6.001332 3055.555556 9194 3063.837808 98.042810
6.000839 3055.555556 9210 3069.259555 98.216306
6.000728 3055.555556 9018 3005.942829 96.190171
6.000527 3055.555556 9062 3020.325640 96.650420
6.001349 3055.555556 9241 3080.129702 98.564150
6.001075 3055.555556 9263 3087.567785 98.802169
6.001073 3055.555556 9390 3129.131668 100.132213
6.000735 3055.555556 9299 3099.496383 99.183884
6.001541 3055.555556 9398 3132.166202 100.229318
6.000846 3055.555556 9003 3000.880677 96.028182
6.004782 3055.555556 9153 3047.337966 97.514815
6.001359 3055.555556 9095 3030.535461 96.977135
6.001932 3055.555556 9184 3059.787485 97.913200
6.000920 3055.555556 9051 3016.450157 96.526405
6.001227 3055.555556 9423 3140.909527 100.509105
6.000528 3055.555556 9107 3035.418062 97.133378
6.000777 3055.555556 9016 3005.071134 96.162276
6.001196 3055.555556 9031 3009.192487 96.294160
9.000262 3055.555556 9082 3027.103692 96.867318
9.001807 3055.555556 9069 3022.489106 96.719651
9.001118 3055.555556 9091 3029.671577 96.949490
9.001378 3055.555556 9008 3002.097152 96.067109
9.000500 3055.555556 9087 3028.922732 96.925527
9.000586 3055.555556 9243 3080.865252 98.587688
9.000822 3055.555556 9260 3086.214455 98.758863
9.000748 3055.555556 9096 3031.787438 97.017198
9.001767 3055.555556 9328 3108.235334 99.463531
9.000483 3055.555556 9204 3067.921149 98.173477
9.001029 3055.555556 9172 3057.080817 97.826586
9.000743 3055.555556 9323 3107.650522 99.444817
9.001367 3055.555556 9145 3048.154405 97.540941
9.000784 3055.555556 9241 3080.069464 98.562223
9.001163 3055.555556 9162 3053.350228 97.707207
9.000314 3055.555556 9195 3064.946146 98.078277
9.001616 3055.555556 9074 3024.407939 96.781054
9.000926 3055.555556 9112 3037.251672 97.192054
9.000832 3055.555556 8989 2996.236753 95.879576
9.001353 3055.555556 8896 2965.329123 94.890532
9.001189 3055.555556 9213 3070.882733 98.268247
9.001232 3055.555556 9113 3037.506117 97.200196
9.001693 3055.555556 9201 3066.844102 98.139011
9.000960 3055.555556 9123 3040.878171 97.308101
9.001393 3055.555556 9024 3007.938982 96.254047
9.000992 3055.555556 9219 3072.926550 98.333650
9.001507 3055.555556 9154 3051.049251 97.633576
9.000579 3055.555556 9166 3055.281927 97.769022
9.002015 3055.555556 9149 3049.582659 97.586645
9.002138 3055.555556 9240 3078.603830 98.515323
9.006048 3055.555556 9178 3058.043110 97.857380
9.001958 3055.555556 9097 3031.562909 97.010013
12.002556 3055.555556 9260 3085.188182 98.726022
12.000883 3055.555556 9251 3083.528295 98.672905
12.001476 3055.555556 9227 3074.666081 98.389315
12.001021 3055.555556 9254 3084.461643 98.702773
12.000418 3055.555556 9224 3074.506375 98.384204
12.002692 3055.555556 9066 3020.325818 96.650426
12.000772 3055.555556 9189 3062.810134 98.009924
12.001467 3055.555556 9042 3012.842094 96.410947
12.001839 3055.555556 9032 3010.634422 96.340302
12.001703 3055.555556 9128 3041.735590 97.335539
12.001443 3055.555556 9093 3030.908715 96.989079
12.001797 3055.555556 9224 3073.587071 98.354786
12.001828 3055.555556 9173 3057.223592 97.831155
12.001724 3055.555556 9385 3127.038940 100.065246
12.000968 3055.555556 9269 3089.658072 98.869058
12.001420 3055.555556 9171 3056.956947 97.822622
12.001492 3055.555556 9037 3012.029937 96.384958
12.000987 3055.555556 9202 3067.271808 98.152698
12.001671 3055.555556 9187 3061.476527 97.967249
12.001318 3055.555556 9053 3017.510387 96.560332
12.001386 3055.555556 9160 3053.313866 97.706044
12.001030 3055.555556 9059 3019.629064 96.628130
12.001929 3055.555556 9368 3122.420965 99.917471
12.000607 3055.555556 9019 3006.305438 96.201774
12.001268 3055.555556 9243 3080.963336 98.590827
12.003529 3055.555556 9317 3103.843421 99.322989
12.001649 3055.555556 9156 3051.967019 97.662945
12.001586 3055.555556 9329 3109.584842 99.506715
12.002262 3055.555556 9238 3079.079922 98.530558
12.002175 3055.555556 8853 2950.963059 94.430818
12.006150 3055.555556 9290 3096.560870 99.089948
12.002593 3055.555556 9162 3053.354564 97.707346
15.001523 3055.555556 9135 3044.237924 97.415614
15.000743 3055.555556 9190 3063.002053 98.016066
15.001569 3055.555556 9424 3140.760338 100.504331
15.001475 3055.555556 9176 3058.149905 97.860797
15.000903 3055.555556 9229 3076.312519 98.442001
15.001583 3055.555556 9162 3053.730037 97.719361
15.001186 3055.555556 9131 3043.464802 97.390874
15.001651 3055.555556 9148 3049.064038 97.570049
15.001498 3055.555556 9166 3055.326799 97.770458
15.001708 3055.555556 9233 3077.395433 98.476654
15.001581 3055.555556 9273 3090.891968 98.908543
15.000859 3055.555556 9105 3034.745213 97.111847
15.003361 3055.555556 9098 3031.990991 97.023712
15.001477 3055.555556 9266 3088.607589 98.835443
15.001867 3055.555556 9107 3035.639091 97.140451
15.002060 3055.555556 9078 3025.735023 96.823521
15.002871 3055.555556 9246 3080.557784 98.577849
15.002326 3055.555556 9165 3054.596533 97.747089
15.001655 3055.555556 9135 3044.364929 97.419678
15.001724 3055.555556 9213 3070.999916 98.271997
15.001912 3055.555556 9203 3067.452897 98.158493
15.002051 3055.555556 9078 3025.594030 96.819009
15.002382 3055.555556 9057 3018.284834 96.585115
15.002373 3055.555556 9088 3028.783254 96.921064
15.001436 3055.555556 9149 3049.495598 97.583859
15.002064 3055.555556 9146 3048.180135 97.541764
15.002796 3055.555556 9156 3051.755470 97.656175
15.002379 3055.555556 9072 3023.881661 96.764213
15.003699 3055.555556 9287 3095.490752 99.055704
15.006428 3055.555556 9290 3096.379626 99.084148
15.002176 3055.555556 9281 3093.666037 98.997313
15.002605 3055.555556 9348 3115.986919 99.711581
18.001135 3055.555556 9053 3017.272025 96.552705
18.001861 3055.555556 9362 3120.506930 99.856222
18.002254 3055.555556 9037 3012.138375 96.388428
18.002161 3055.555556 9236 3077.376341 98.476043
18.002125 3055.555556 9316 3104.918484 99.357391
18.001901 3055.555556 9157 3051.902161 97.660869
18.004479 3055.555556 9264 3085.007358 98.720235
18.001580 3055.555556 9093 3030.916881 96.989340
18.001231 3055.555556 9271 3090.286686 98.889174
18.001978 3055.555556 9106 3034.873616 97.115956
18.003415 3055.555556 9101 3031.815692 97.018102
18.001609 3055.555556 9179 3059.638150 97.908421
18.001954 3055.555556 9365 3121.351279 99.883241
18.001127 3055.555556 9111 3036.728010 97.175296
18.001889 3055.555556 9099 3032.977843 97.055291
18.001486 3055.555556 9054 3017.988432 96.575630
18.001831 3055.555556 9295 3097.924893 99.133597
18.002060 3055.555556 9298 3099.179838 99.173755
18.004910 3055.555556 9613 3202.077227 102.466471
18.003530 3055.555556 9207 3067.501267 98.160041
18.003385 3055.555556 8994 2996.997964 95.903935
18.002800 3055.555556 9297 3098.510353 99.152331
18.002211 3055.555556 9215 3071.503427 98.288110
18.002598 3055.555556 9193 3064.102916 98.051293
18.004633 3055.555556 9290 3095.702763 99.062488
18.001845 3055.555556 9117 3038.808420 97.241869
18.003676 3055.555556 9318 3105.673627 99.381556
18.003448 3055.555556 9144 3047.413647 97.517237
18.002647 3055.555556 9388 3129.053585 100.129715
18.002203 3055.555556 9247 3082.305645 98.633781
18.006937 3055.555556 9133 3043.817177 97.402150
18.002744 3055.555556 9117 3038.859822 97.243514
21.001194 3055.555556 9237 3078.940076 98.526082
21.002167 3055.555556 9147 3048.432802 97.549850
21.001673 3055.555556 9177 3058.905898 97.884989
21.003145 3055.555556 8981 2993.322454 95.786319
21.002041 3055.555556 9047 3015.526444 96.496846
21.001300 3055.555556 9013 3004.264538 96.136465
21.002041 3055.555556 9204 3067.935598 98.173939
21.001985 3055.555556 9271 3090.205744 98.886584
21.002084 3055.555556 9502 3167.196135 101.350276
21.002158 3055.555556 9330 3109.899006 99.516768
21.002438 3055.555556 9077 3025.112556 96.803602
21.001490 3055.555556 9072 3023.996262 96.767880
21.002547 3055.555556 9181 3060.034983 97.921119
21.002218 3055.555556 9239 3079.659465 98.549103
21.003169 3055.555556 8979 2991.994199 95.743814
21.002139 3055.555556 9195 3064.986433 98.079566
21.005983 3055.555556 9091 3028.004575 96.896146
21.001965 3055.555556 9147 3048.864309 97.563658
21.001481 3055.555556 9278 3092.301751 98.953656
21.001892 3055.555556 9293 3097.617453 99.123758
21.003086 3055.555556 9039 3012.509719 96.400311
21.003552 3055.555556 9090 3029.861337 96.955563
21.002873 3055.555556 9185 3061.436100 97.965955
21.003689 3055.555556 9070 3023.027113 96.736868
21.004449 3055.555556 9113 3036.653334 97.172907
21.003695 3055.555556 9098 3032.499769 97.039993
21.004577 3055.555556 9020 3006.568014 96.210176
21.004868 3055.555556 9132 3043.762365 97.400396
21.005104 3055.555556 8960 2986.473013 95.567136
21.002275 3055.555556 9146 3048.593053 97.554978
21.007284 3055.555556 9268 3088.976103 98.847235
21.002748 3055.555556 9252 3083.995914 98.687869
24.001691 3055.555556 9101 3033.270958 97.064671
24.001396 3055.555556 9148 3049.127862 97.572092
24.001804 3055.555556 9254 3084.531904 98.705021
24.003099 3055.555556 9265 3087.764858 98.808475
24.004215 3055.555556 9132 3041.739248 97.335656
24.002180 3055.555556 9294 3097.986546 99.135569
24.002101 3055.555556 9281 3093.603856 98.995323
24.003373 3055.555556 9216 3070.736025 98.263553
24.002262 3055.555556 9396 3131.769072 100.216610
24.002134 3055.555556 9155 3051.616504 97.651728
24.001762 3055.555556 9301 3100.051880 99.201660
24.003005 3055.555556 9045 3014.430577 96.461778
24.002172 3055.555556 9125 3041.457013 97.326624
24.003362 3055.555556 9187 3061.104873 97.955356
24.002135 3055.555556 9168 3055.752441 97.784078
24.001755 3055.555556 9306 3101.716845 99.254939
24.002365 3055.555556 9247 3082.181440 98.629806
24.003416 3055.555556 9058 3019.002113 96.608068
24.003469 3055.555556 9347 3115.330319 99.690570
24.003463 3055.555556 9035 3011.371448 96.363886
24.004348 3055.555556 9358 3118.506002 99.792192
24.002534 3055.555556 9160 3053.070085 97.698243
24.002902 3055.555556 9022 3007.304714 96.233751
24.004798 3055.555556 9165 3054.645465 97.748655
24.004690 3055.555556 9058 3018.326907 96.586461
24.003768 3055.555556 9118 3039.260085 97.256323
24.004583 3055.555556 9248 3082.660595 98.645139
24.005117 3055.555556 9137 3045.654181 97.460934
24.005706 3055.555556 9063 3020.156548 96.645010
24.006793 3055.555556 9192 3063.172816 98.021530
24.007809 3055.555556 9190 3062.797073 98.009506
24.003006 3055.555556 9177 3058.736632 97.879572
27.001438 3055.555556 9194 3064.623172 98.067941
27.002362 3055.555556 9063 3020.737393 96.663597
27.002793 3055.555556 9361 3119.187832 99.814011
27.002426 3055.555556 9089 3029.500818 96.944026
27.001903 3055.555556 8955 2984.901024 95.516833
27.003858 3055.555556 9203 3065.951267 98.110441
27.002546 3055.555556 9029 3009.253534 96.296113
27.002431 3055.555556 9032 3010.406273 96.333001
27.002035 3055.555556 9118 3039.057116 97.249828
27.003431 3055.555556 9016 3005.275210 96.168807
27.006616 3055.555556 9124 3038.146081 97.220675
27.001852 3055.555556 9213 3070.901092 98.268835
27.003022 3055.555556 9018 3005.983196 96.191462
27.002155 3055.555556 8997 2998.979929 95.967358
27.002552 3055.555556 9397 3132.138532 100.228433
27.004449 3055.555556 9074 3023.625395 96.756013
27.003639 3055.555556 9212 3070.383198 98.252262
27.003307 3055.555556 9340 3113.117460 99.619759
27.004038 3055.555556 9026 3008.090009 96.258880
27.003043 3055.555556 9044 3014.524822 96.464794
27.004326 3055.555556 9398 3132.550888 100.241628
27.005373 3055.555556 9302 3100.402271 99.212873
27.003993 3055.555556 9188 3062.436427 97.997966
27.004708 3055.555556 9217 3072.314142 98.314053
27.004621 3055.555556 9075 3024.962065 96.798786
27.004654 3055.555556 9364 3121.014811 99.872474
27.004823 3055.555556 9243 3080.973972 98.591167
27.007034 3055.555556 9097 3032.089770 97.026873
27.005757 3055.555556 9325 3108.279807 99.464954
27.002899 3055.555556 9197 3065.293645 98.089397
27.008257 3055.555556 9198 3065.541984 98.097343
27.004594 3055.555556 9067 3020.733881 96.663484
#type       avg     std     min     5th    10th    90th    95th    99th
read      671.3   258.2    88.2   389.9   429.9   953.4  1093.4  1289.3
update    673.2   256.0   106.7   390.1   430.0   963.8  1101.0  1290.1
op_q        3.4     1.8     1.0     1.0     1.1     5.7     6.9     9.1

Total QPS = 219885.7 (6596571 / 30.0s)

Misses = 0 (0.0%)
Skipped TXs = 0 (0.0%)

RX 1137542993 bytes :   36.2 MB/s
TX  730490124 bytes :   23.2 MB/s
