3.000360 4375.000000 13232 4410.138135 141.124420
3.000212 4375.000000 13285 4428.020487 141.696656
3.000261 4375.000000 12943 4313.958248 138.046664
3.001078 4375.000000 13041 4345.438209 139.054023
3.000236 4375.000000 13207 4401.986837 140.863579
3.000612 4375.000000 12961 4319.451451 138.222446
3.000383 4375.000000 13151 4383.107469 140.259439
3.000360 4375.000000 13364 4454.131476 142.532207
3.000004 4375.000000 13060 4353.327483 139.306479
3.000370 4375.000000 13068 4355.462438 139.374798
3.000103 4375.000000 13061 4353.516684 139.312534
3.000264 4375.000000 13038 4345.617304 139.059754
3.000114 4375.000000 13244 4414.498355 141.263947
3.000075 4375.000000 13174 4391.224152 140.519173
3.000006 4375.000000 13245 4414.990609 141.279699
3.000354 4375.000000 13175 4391.147992 140.516736
3.000051 4375.000000 13277 4425.591782 141.618937
3.000142 4375.000000 12995 4331.462164 138.606789
3.000821 4375.000000 13058 4351.476477 139.247247
3.000080 4375.000000 12874 4291.219568 137.319026
3.000193 4375.000000 13095 4364.718577 139.670994
3.000358 4375.000000 12798 4265.490690 136.495702
3.000016 4375.000000 13049 4349.643848 139.188603
3.000033 4375.000000 13511 4503.616666 144.115733
3.000122 4375.000000 13149 4382.821866 140.250300
3.000024 4375.000000 12885 4294.965645 137.438901
3.000090 4375.000000 12906 4301.871321 137.659882
3.000169 4375.000000 13128 4375.753192 140.024102
3.000041 4375.000000 13125 4374.939917 139.998077
3.000038 4375.000000 13117 4372.278212 139.912903
3.000017 4375.000000 13007 4335.642165 138.740549
3.000561 4375.000000 13030 4342.521828 138.960698
6.000492 4375.000000 12996 4331.349060 138.603170
6.000399 4375.000000 12950 4316.207253 138.118632
6.000284 4375.000000 13108 4369.125309 139.812010
6.000459 4375.000000 13203 4400.845997 140.827072
6.000365 4375.000000 13075 4357.812442 139.449998
6.000232 4375.000000 13112 4370.334353 139.850699
6.000490 4375.000000 13077 4358.438507 139.470032
6.000396 4375.000000 12934 4311.279540 137.960945
6.000235 4375.000000 13248 4415.729035 141.303329
6.000441 4375.000000 13089 4362.467442 139.598958
6.000763 4375.000000 13157 4384.833986 140.314688
6.000651 4375.000000 13178 4391.880457 140.540175
6.000334 4375.000000 13151 4383.560060 140.273922
6.000265 4375.000000 13055 4351.666085 139.253315
6.000411 4375.000000 13170 4389.708868 140.470684
6.000145 4375.000000 13114 4371.299615 139.881588
6.000495 4375.000000 13064 4354.503577 139.344114
6.000290 4375.000000 12965 4321.588908 138.290845
6.000248 4375.000000 13154 4384.353078 140.299298
6.000711 4375.000000 13255 4417.815471 141.370095
6.000190 4375.000000 13132 4377.303088 140.073699
6.000645 4375.000000 13171 4390.285200 140.489126
6.000116 4375.000000 13120 4373.295305 139.945450
6.000722 4375.000000 13258 4418.815775 141.402105
6.000113 4375.000000 13014 4337.859401 138.811501
6.000419 4375.000000 13136 4378.581683 140.114614
6.000105 4375.000000 13179 4392.881410 140.572205
6.002232 4375.000000 13272 4421.919817 141.501434
6.000145 4375.000000 12960 4319.845492 138.235056
6.001121 4375.000000 13057 4352.271494 139.272688
6.000095 4375.000000 13146 4381.885348 140.220331
6.000713 4375.000000 13140 4379.776927 140.152862
9.000303 4375.000000 13190 4396.647944 140.692734
9.000360 4375.000000 13456 4485.146010 143.524672
9.000273 4375.000000 13192 4397.320583 140.714259
9.000396 4375.000000 13102 4367.094219 139.747015
9.000643 4375.000000 13355 4451.298977 142.441567
9.000441 4375.000000 12916 4305.179812 137.765754
9.000718 4375.000000 12933 4310.601999 137.939264
9.000281 4375.000000 13012 4337.136426 138.788366
9.000379 4375.000000 13009 4336.143197 138.756582
9.000426 4375.000000 12858 4285.961030 137.150753
9.000291 4375.000000 13085 4361.657472 139.573039
9.000405 4375.000000 13070 4356.609258 139.411496
9.000505 4375.000000 13033 4344.267037 139.016545
9.000543 4375.000000 13235 4411.588481 141.170831
9.000668 4375.000000 13389 4462.966369 142.814924
9.000419 4375.000000 13133 4377.654765 140.084952
9.000692 4375.000000 13104 4367.941459 139.774127
9.000128 4375.000000 13360 4453.315675 142.506102
9.000813 4375.000000 13167 4388.423706 140.429559
9.001030 4375.000000 13425 4474.198221 143.174343
9.000502 4375.000000 13138 4379.322679 140.138326
9.000146 4375.000000 13076 4358.618458 139.475791
9.001604 4375.000000 12780 4258.733045 136.279457
9.000655 4375.000000 13181 4392.861550 140.571570
9.000244 4375.000000 13306 4435.253880 141.928124
9.001074 4375.000000 13249 4415.875821 141.308026
9.000283 4375.000000 13074 4357.800433 139.449614
9.000765 4375.000000 13335 4444.935233 142.237927
9.001560 4375.000000 13320 4439.350566 142.059218
9.000134 4375.000000 12897 4298.944719 137.566231
9.002256 4375.000000 12977 4325.632135 138.420228
9.000783 4375.000000 12948 4315.899716 138.108791
12.000423 4375.000000 13162 4387.328112 140.394500
12.001087 4375.000000 13014 4337.001865 138.784060
12.000168 4375.000000 13098 4365.941300 139.710122
12.001527 4375.000000 13122 4372.299860 139.913596
12.000774 4375.000000 13340 4446.264455 142.280463
12.000832 4375.000000 13078 4359.305516 139.497777
12.000689 4375.000000 13417 4471.713804 143.094842
12.000314 4375.000000 13407 4468.964983 143.006879
12.000504 4375.000000 12985 4328.042989 138.497376
12.000814 4375.000000 13239 4412.361486 141.195568
12.000918 4375.000000 13209 4402.775807 140.888826
12.000479 4375.000000 12947 4315.382877 138.092252
12.000924 4375.000000 13183 4393.775430 140.600814
12.000205 4375.000000 13102 4367.247495 139.751920
12.000408 4375.000000 13360 4453.146454 142.500687
12.000499 4375.000000 13411 4470.247017 143.047905
12.000829 4375.000000 12861 4286.424673 137.165590
12.000493 4375.000000 12958 4319.206167 138.214597
12.000722 4375.000000 13517 4505.548092 144.177539
12.000722 4375.000000 12817 4272.024762 136.704792
12.001313 4375.000000 12918 4305.074920 137.762397
12.000249 4375.000000 13325 4441.658079 142.133059
12.000730 4375.000000 13147 4382.315034 140.234081
12.001512 4375.000000 13267 4421.125074 141.476002
12.001148 4375.000000 13187 4395.558291 140.657865
12.000692 4375.000000 13329 4442.945581 142.174259
12.001608 4375.000000 13100 4366.597064 139.731106
12.001266 4375.000000 13286 4428.317212 141.706151
12.001705 4375.000000 13316 4438.517185 142.032550
12.002589 4375.000000 13025 4341.184765 138.917912
12.000150 4375.000000 13258 4419.309258 141.417896
12.000819 4375.000000 13222 4407.280356 141.032971
15.001068 4375.000000 13148 4382.174145 140.229573
15.001624 4375.000000 12909 4301.378064 137.644098
15.000935 4375.000000 13343 4447.486448 142.319566
15.000846 4375.000000 13229 4409.646254 141.108680
15.000498 4375.000000 13148 4382.638984 140.244448
15.000836 4375.000000 13143 4380.143513 140.164592
15.000365 4375.000000 13164 4387.926475 140.413647
15.000706 4375.000000 13071 4356.588883 139.410844
15.001045 4375.000000 13081 4359.540196 139.505286
15.001066 4375.000000 13252 4416.903631 141.340916
15.001344 4375.000000 13375 4457.950953 142.654430
15.000512 4375.000000 13216 4405.322066 140.970306
15.000747 4375.000000 13219 4406.295996 141.001472
15.000210 4375.000000 13102 4367.272797 139.752730
15.000959 4375.000000 13247 4415.606232 141.299399
15.000942 4375.000000 13123 4373.963900 139.966845
15.000963 4375.000000 13230 4409.645905 141.108669
15.000520 4375.000000 13052 4350.210205 139.206727
15.001030 4375.000000 13154 4384.511017 140.304353
15.000887 4375.000000 13121 4373.382143 139.948229
15.001562 4375.000000 13279 4425.965320 141.630890
15.000835 4375.000000 13125 4374.990736 139.999704
15.001893 4375.000000 13198 4398.796003 140.761472
15.001346 4375.000000 13087 4362.044850 139.585435
15.000565 4375.000000 13168 4389.103503 140.451312
15.001907 4375.000000 12931 4309.902733 137.916887
15.001933 4375.000000 12955 4317.727182 138.167270
15.001758 4375.000000 13079 4359.589302 139.506858
15.001631 4375.000000 13316 4438.126786 142.020057
15.002591 4375.000000 12965 4321.663353 138.293227
15.000321 4375.000000 12966 4321.753513 138.296112
15.000934 4375.000000 13057 4352.166915 139.269341
18.001711 4375.000000 12848 4282.145803 137.028666
18.001009 4375.000000 13277 4425.410427 141.613134
18.000772 4375.000000 13109 4369.630093 139.828163
18.001075 4375.000000 13069 4355.301647 139.369653
18.001146 4375.000000 13148 4382.549684 140.241590
18.000573 4375.000000 13071 4356.890838 139.420507
18.000926 4375.000000 13214 4404.343859 140.939003
18.000532 4375.000000 13256 4418.191473 141.382127
18.001377 4375.000000 13123 4373.882656 139.964245
18.000546 4375.000000 13122 4373.950633 139.966420
18.001577 4375.000000 13150 4382.992620 140.255764
18.001252 4375.000000 13183 4393.879164 140.604133
18.001163 4375.000000 13003 4334.141643 138.692533
18.000824 4375.000000 13094 4364.224623 139.655188
18.001630 4375.000000 13150 4382.360003 140.235520
18.001098 4375.000000 13031 4343.430583 138.989779
18.001112 4375.000000 13348 4448.938623 142.366036
18.001089 4375.000000 12954 4317.935527 138.173937
18.002432 4375.000000 12971 4322.413557 138.317234
18.001635 4375.000000 13436 4478.650058 143.316802
18.000964 4375.000000 13385 4461.476551 142.767250
18.000996 4375.000000 12987 4328.946377 138.526284
18.002065 4375.000000 13150 4383.081685 140.258614
18.001122 4375.000000 13170 4389.655232 140.468967
18.002149 4375.000000 13110 4369.430246 139.821768
18.001165 4375.000000 13005 4334.133825 138.692282
18.001656 4375.000000 13132 4377.297266 140.073512
18.001951 4375.000000 13336 4445.268103 142.248579
18.001949 4375.000000 13049 4349.642699 139.188566
18.001138 4375.000000 13128 4374.808950 139.993886
18.002725 4375.000000 12952 4317.140463 138.148495
18.001081 4375.000000 13196 4398.451319 140.750442
21.001427 4375.000000 13057 4351.605531 139.251377
21.001117 4375.000000 13198 4398.827349 140.762475
21.001558 4375.000000 13186 4395.067877 140.642172
21.000598 4375.000000 13019 4339.591655 138.866933
21.000597 4375.000000 13456 4485.297119 143.529508
21.001373 4375.000000 13050 4349.695478 139.190255
21.001926 4375.000000 12879 4292.035984 137.345151
21.000670 4375.000000 13068 4355.799603 139.385587
21.001117 4375.000000 13127 4375.606160 140.019397
21.001819 4375.000000 13204 4400.979322 140.831338
21.001380 4375.000000 13053 4350.444195 139.214214
21.001025 4375.000000 13014 4337.911941 138.813182
21.001326 4375.000000 13098 4365.655416 139.700973
21.001022 4375.000000 12970 4323.048117 138.337540
21.001228 4375.000000 13129 4376.212929 140.038814
21.001623 4375.000000 13385 4460.753281 142.744105
21.001187 4375.000000 12993 4330.890965 138.588511
21.001300 4375.000000 13001 4333.375751 138.668024
21.002940 4375.000000 12985 4326.560571 138.449938
21.001854 4375.000000 13167 4388.679447 140.437742
21.002074 4375.000000 12885 4294.364432 137.419662
21.002412 4375.000000 13028 4341.999206 138.943975
21.001966 4375.000000 12963 4320.975457 138.271215
21.001156 4375.000000 13020 4339.951378 138.878444
21.002100 4375.000000 12898 4299.283841 137.577083
21.001220 4375.000000 13111 4370.253961 139.848127
21.002959 4375.000000 13040 4345.493016 139.055777
21.002776 4375.000000 13196 4398.591634 140.754932
21.001664 4375.000000 13037 4345.654658 139.060949
21.002903 4375.000000 13038 4345.317793 139.050169
21.001382 4375.000000 13457 4485.302730 143.529687
21.001149 4375.000000 13245 4414.899690 141.276790
24.001530 4375.000000 13195 4398.103366 140.739308
24.000688 4375.000000 13081 4360.200977 139.526431
24.000777 4375.000000 12970 4323.179949 138.341758
24.001119 4375.000000 13293 4430.230503 141.767376
24.001297 4375.000000 13201 4400.069094 140.802211
24.001613 4375.000000 13107 4368.380947 139.788190
24.001295 4375.000000 13043 4347.570399 139.122253
24.001527 4375.000000 13074 4357.669609 139.445427
24.001160 4375.000000 13080 4359.799251 139.513576
24.001337 4375.000000 12981 4326.984888 138.463516
24.001460 4375.000000 13263 4420.494545 141.455825
24.002087 4375.000000 13084 4359.980089 139.519363
24.001927 4375.000000 13138 4379.175710 140.133623
24.001042 4375.000000 12868 4289.308327 137.257866
24.001666 4375.000000 13233 4410.578855 141.138523
24.001952 4375.000000 13232 4410.628949 141.140126
24.001575 4375.000000 13088 4362.641699 139.604534
24.002546 4375.000000 13338 4445.802392 142.265677
24.001541 4375.000000 13094 4364.500995 139.664032
24.001951 4375.000000 13095 4364.859089 139.675491
24.001940 4375.000000 13057 4351.873369 139.259948
24.002173 4375.000000 13352 4450.360655 142.411541
24.002806 4375.000000 12871 4289.285662 137.257141
24.002111 4375.000000 13039 4346.317526 139.082161
24.001250 4375.000000 13091 4363.622712 139.635927
24.003326 4375.000000 13410 4469.426336 143.021643
24.001718 4375.000000 13413 4470.919692 143.069430
24.002933 4375.000000 12921 4306.774655 137.816789
24.003036 4375.000000 13284 4427.887269 141.692393
24.003052 4375.000000 13285 4428.112708 141.699607
24.002189 4375.000000 13147 4381.154421 140.196941
24.002193 4375.000000 13192 4395.803491 140.665712
27.001707 4375.000000 13036 4344.738940 139.031646
27.001383 4375.000000 13307 4435.535481 141.937135
27.001847 4375.000000 13172 4389.661159 140.469157
27.002134 4375.000000 13066 4355.069514 139.362224
27.000723 4375.000000 13236 4411.948096 141.182339
27.003371 4375.000000 13015 4335.078335 138.722507
27.002109 4375.000000 13217 4404.816456 140.954127
27.000835 4375.000000 13048 4349.249577 139.175986
27.001379 4375.000000 13110 4369.938782 139.838041
27.001479 4375.000000 13156 4384.695606 140.310259
27.001618 4375.000000 13115 4371.604483 139.891343
27.001841 4375.000000 13163 4387.228518 140.391313
27.001501 4375.000000 13194 4397.939914 140.734077
27.002060 4375.000000 13182 4393.805109 140.601763
27.002241 4375.000000 13087 4362.233168 139.591461
27.001966 4375.000000 13290 4429.978354 141.759307
27.001665 4375.000000 13048 4349.257830 139.176251
27.002390 4375.000000 13235 4410.397289 141.132713
27.001783 4375.000000 13415 4471.492751 143.087768
27.002365 4375.000000 13086 4361.629920 139.572157
27.001349 4375.000000 13253 4417.520069 141.360642
27.002041 4375.000000 12907 4301.870163 137.659845
27.002081 4375.000000 13366 4455.124957 142.563999
27.002789 4375.000000 13172 4390.310994 140.489952
27.003433 4375.000000 13103 4367.089122 139.746852
27.003165 4375.000000 13293 4430.470701 141.775062
27.002589 4375.000000 13144 4380.599839 140.179195
27.003038 4375.000000 13016 4338.515843 138.832507
27.004075 4375.000000 13035 4343.519314 138.992618
27.003460 4375.000000 13439 4479.465766 143.342905
27.002283 4375.000000 13261 4420.195230 141.446247
27.002344 4375.000000 13219 4406.112232 140.995591
30.002186 4375.000000 12980 4324.718453 138.390990
#type       avg     std     min     5th    10th    90th    95th    99th
read      582.3   414.9   117.4   325.0   354.5   847.2   920.7  1038.4
update    585.6   423.0   129.1   326.2   355.5   850.8   923.5  1038.5
op_q        4.0     2.6     1.0     1.1     2.0     6.8     7.5    10.2

Total QPS = 280024.2 (8400727 / 30.0s)

Misses = 31908 (0.5%)
Skipped TXs = 0 (0.0%)

RX 1444278488 bytes :   45.9 MB/s
TX  929704406 bytes :   29.6 MB/s
