3.009664 625.000000 1856 616.680136 19.733764
3.000578 625.000000 1856 618.547554 19.793522
3.003799 625.000000 1820 605.899361 19.388780
3.003664 625.000000 1820 605.926712 19.389655
3.004039 625.000000 1921 639.472462 20.463119
3.002603 625.000000 1899 632.451288 20.238441
3.001158 625.000000 1806 601.767798 19.256570
3.000311 625.000000 1826 608.603619 19.475316
3.001966 625.000000 1888 628.921108 20.125475
3.000928 625.000000 1962 653.797731 20.921527
3.000137 625.000000 1903 634.304279 20.297737
3.004038 625.000000 1977 658.114229 21.059655
3.001201 625.000000 1915 638.077972 20.418495
3.002552 625.000000 1816 604.818745 19.354200
3.002976 625.000000 1783 593.744286 18.999817
3.001726 625.000000 1849 615.978926 19.711326
3.002752 625.000000 1860 619.431712 19.821815
3.002080 625.000000 1847 615.240174 19.687686
3.001728 625.000000 1882 626.972152 20.063109
3.001313 625.000000 1934 644.384682 20.620310
3.000834 625.000000 1922 640.488612 20.495636
3.000130 625.000000 1866 621.973122 19.903140
3.000526 625.000000 1887 628.889672 20.124469
3.001358 625.000000 1868 622.384955 19.916319
3.000299 625.000000 1815 604.939752 19.358072
3.001295 625.000000 1763 587.413028 18.797217
3.000518 625.000000 1867 622.225931 19.911230
3.001960 625.000000 1957 651.907389 20.861036
3.002199 625.000000 1885 627.873143 20.091941
3.005808 625.000000 1892 629.448116 20.142340
3.000472 625.000000 1759 586.241187 18.759718
3.000003 625.000000 1921 640.332675 20.490646
6.002984 625.000000 1838 612.578495 19.602512
6.007970 625.000000 1900 632.453969 20.238527
6.000178 625.000000 1852 617.325028 19.754401
6.004064 625.000000 1884 627.725602 20.087219
6.002205 625.000000 1861 620.283889 19.849084
6.002445 625.000000 1880 626.590441 20.050894
6.001361 625.000000 1931 643.485711 20.591543
6.002063 625.000000 1940 646.401864 20.684860
6.002256 625.000000 1883 627.259987 20.072320
6.004091 625.000000 1824 607.989414 19.455661
6.002415 625.000000 2031 676.484631 21.647508
6.000663 625.000000 1888 629.304697 20.137750
6.000682 625.000000 1830 609.957156 19.518629
6.001430 625.000000 1889 629.487854 20.143611
6.001867 625.000000 1820 606.532006 19.409024
6.012462 625.000000 1835 609.738720 19.511639
6.000578 625.000000 1868 622.608785 19.923481
6.007822 625.000000 1744 580.528711 18.576919
6.001939 625.000000 1960 653.287359 20.905195
6.006605 625.000000 1853 616.663769 19.733241
6.002920 625.000000 1814 604.339324 19.338858
6.002612 625.000000 1928 642.355300 20.555370
6.004741 625.000000 1855 617.548395 19.761549
6.004632 625.000000 1902 633.299259 20.265576
6.007580 625.000000 1853 616.938132 19.742020
6.002899 625.000000 1793 597.359703 19.115510
6.005922 625.000000 1827 608.327006 19.466464
6.003293 625.000000 1858 619.058376 19.809868
6.002807 625.000000 1870 623.207005 19.942624
6.008314 625.000000 1889 629.141075 20.132514
6.012484 625.000000 1904 634.070654 20.290261
6.001009 625.000000 1850 616.460001 19.726720
9.010197 625.000000 1788 594.789312 19.033258
9.004865 625.000000 1943 646.911200 20.701158
9.004303 625.000000 1843 613.834752 19.642712
9.000254 625.000000 1848 615.984419 19.711501
9.002445 625.000000 1753 584.296506 18.697488
9.012324 625.000000 1897 631.489139 20.207652
9.001382 625.000000 1849 616.185636 19.717940
9.002775 625.000000 1923 640.847817 20.507130
9.003926 625.000000 1870 622.920879 19.933468
9.003989 625.000000 1849 616.016161 19.712517
9.003138 625.000000 1903 634.300821 20.297626
9.003763 625.000000 1900 632.841164 20.250917
9.003694 625.000000 1881 626.349339 20.043179
9.005547 625.000000 1852 616.689522 19.734065
9.002984 625.000000 1902 633.835512 20.282736
9.002615 625.000000 1862 620.666027 19.861313
9.006528 625.000000 1914 637.476310 20.399242
9.005350 625.000000 1790 596.179773 19.077753
9.004355 625.000000 1901 633.339830 20.266875
9.010266 625.000000 1893 630.435554 20.173938
9.003591 625.000000 1957 652.268564 20.872594
9.008255 625.000000 1847 615.328277 19.690505
9.002924 625.000000 1870 623.332592 19.946643
9.008537 625.000000 1902 633.175892 20.261629
9.007850 625.000000 1875 624.352922 19.979294
9.000984 625.000000 1809 602.939446 19.294062
9.008110 625.000000 1846 615.274285 19.688777
9.009878 625.000000 1899 632.597840 20.243131
9.006883 625.000000 1860 619.801429 19.833646
9.014956 625.000000 1883 627.145242 20.068648
9.018595 625.000000 1870 622.066080 19.906115
9.002274 625.000000 1873 624.070162 19.970245
12.001428 1250.000000 3119 1039.650633 33.268820
12.000589 1250.000000 3243 1080.879163 34.588133
12.002647 1250.000000 3193 1064.261683 34.056374
12.004127 1250.000000 3082 1026.870541 32.859857
12.003607 1250.000000 3200 1066.500072 34.128002
12.006873 1250.000000 3147 1047.913655 33.533237
12.004275 1250.000000 3057 1018.561734 32.593975
12.002733 1250.000000 3039 1012.960124 32.414724
12.005547 1250.000000 3097 1031.775664 33.016821
12.003899 1250.000000 3116 1038.329006 33.226528
12.004313 1250.000000 3132 1043.887424 33.404398
12.004891 1250.000000 3106 1035.130448 33.124174
12.006915 1250.000000 3174 1057.863480 33.851631
12.003789 1250.000000 3181 1060.299728 33.929591
12.006152 1250.000000 3268 1089.113721 34.851639
12.004259 1250.000000 3001 1000.110399 32.003533
12.005728 1250.000000 3123 1040.868702 33.307798
12.004643 1250.000000 3135 1044.899875 33.436796
12.001228 1250.000000 3167 1055.580559 33.778578
12.008579 1250.000000 3142 1047.169629 33.509428
12.008275 1250.000000 3143 1047.518572 33.520594
12.010170 1250.000000 3102 1033.899180 33.084774
12.008573 1250.000000 3076 1025.321055 32.810274
12.004873 1250.000000 3151 1050.330453 33.610575
12.010243 1250.000000 3185 1060.963431 33.950830
12.010419 1250.000000 3150 1049.922303 33.597514
12.010518 1250.000000 3166 1055.244772 33.767833
12.006913 1250.000000 3082 1027.322957 32.874335
12.015038 1250.000000 3099 1032.971841 33.055099
12.012453 1250.000000 3087 1028.955829 32.926587
12.018899 1250.000000 3111 1036.895070 33.180642
12.002697 1250.000000 3070 1023.188961 32.742047
15.001068 1250.000000 3842 1280.462279 40.974793
15.002262 1250.000000 3720 1239.655260 39.668968
15.004068 1250.000000 3801 1266.400226 40.524807
15.003799 1250.000000 3736 1245.253434 39.848110
15.005050 1250.000000 3627 1208.492235 38.671752
15.004469 1250.000000 3971 1323.580880 42.354588
15.003020 1250.000000 3870 1289.876652 41.276053
15.004949 1250.000000 3831 1276.650213 40.852807
15.006809 1250.000000 3703 1233.814249 39.482056
15.005391 1250.000000 3658 1218.895060 39.004642
15.005326 1250.000000 3612 1203.825759 38.522424
15.008925 1250.000000 3704 1233.840091 39.482883
15.008400 1250.000000 3848 1281.706396 41.014605
15.006654 1250.000000 3856 1284.936926 41.117982
15.007887 1250.000000 3606 1201.593873 38.451004
15.007255 1250.000000 3698 1231.289285 39.401257
15.006764 1250.000000 3708 1234.968986 39.519008
15.001262 1250.000000 3854 1284.652069 41.108866
15.005014 1250.000000 3740 1246.512320 39.888394
15.009275 1250.000000 3725 1241.378630 39.724116
15.008367 1250.000000 3725 1241.628385 39.732108
15.004953 1250.000000 3873 1290.965764 41.310904
15.009203 1250.000000 3755 1251.403924 40.044926
15.010216 1250.000000 3632 1210.648177 38.740742
15.011054 1250.000000 3645 1214.782946 38.873054
15.011896 1250.000000 3807 1268.375825 40.588026
15.007102 1250.000000 3618 1205.924136 38.589572
15.010733 1250.000000 3751 1250.129234 40.004135
15.016107 1250.000000 3743 1247.222244 39.911112
15.014147 1250.000000 3753 1250.294113 40.009412
15.018905 1250.000000 3752 1250.664363 40.021260
15.002800 1250.000000 3715 1238.291105 39.625315
18.001512 1250.000000 3703 1234.150560 39.492818
18.004832 1250.000000 3818 1272.228491 40.711312
18.002424 1250.000000 3818 1272.598324 40.723146
18.008154 1250.000000 3805 1266.608183 40.531462
18.006745 1250.000000 3749 1249.075818 39.970426
18.005549 1250.000000 3836 1278.411214 40.909159
18.003188 1250.000000 3772 1257.262765 40.232408
18.010970 1250.000000 3690 1228.737110 39.319588
18.006263 1250.000000 3703 1233.834263 39.482696
18.004622 1250.000000 3805 1268.268983 40.584607
18.010276 1250.000000 3760 1252.885001 40.092320
18.006427 1250.000000 3666 1221.578199 39.090502
18.007752 1250.000000 3804 1267.601755 40.563256
18.007118 1250.000000 3734 1244.473904 39.823165
18.013447 1250.000000 3867 1287.209954 41.190719
18.001496 1250.000000 3752 1250.569377 40.018220
18.005490 1250.000000 3854 1284.463068 41.102818
18.009088 1250.000000 3810 1269.931064 40.637794
18.011004 1250.000000 3879 1292.660334 41.365131
18.007023 1250.000000 3648 1215.894852 38.908635
18.009672 1250.000000 3746 1248.137338 39.940395
18.005546 1250.000000 3620 1206.428113 38.605700
18.011726 1250.000000 3709 1236.056402 39.553805
18.009997 1250.000000 3782 1259.981973 40.319423
18.007457 1250.000000 3760 1253.249313 40.103978
18.011724 1250.000000 3770 1256.251932 40.200062
18.007967 1250.000000 3674 1224.313784 39.178041
18.012567 1250.000000 3809 1269.382735 40.620248
18.016183 1250.000000 3798 1265.968129 40.510980
18.014275 1250.000000 3693 1230.947394 39.390317
18.019024 1250.000000 3682 1227.284291 39.273097
18.003268 1250.000000 3702 1233.807346 39.481835
21.001674 1250.000000 3816 1271.931306 40.701802
21.002711 1250.000000 3710 1236.548206 39.569543
21.005210 1250.000000 3638 1212.428928 38.797726
21.005313 1250.000000 3798 1265.797315 40.505514
21.004092 1250.000000 3856 1284.946333 41.118283
21.002392 1250.000000 3878 1292.280764 41.352984
21.005606 1250.000000 3804 1267.975643 40.575221
21.007487 1250.000000 3817 1272.018625 40.704596
21.008602 1250.000000 3885 1294.806396 41.433805
21.007011 1250.000000 3658 1219.096020 39.011073
21.011943 1250.000000 3824 1274.268085 40.776579
21.010001 1250.000000 3876 1291.606745 41.331416
21.006365 1250.000000 3578 1192.626071 38.164034
21.008317 1250.000000 3687 1228.768372 39.320588
21.009194 1250.000000 3676 1224.486054 39.183554
21.005746 1250.000000 3756 1251.893001 40.060576
21.010218 1250.000000 3748 1249.105842 39.971387
21.008050 1250.000000 3832 1277.080575 40.866578
21.005793 1250.000000 3826 1275.228128 40.807300
21.012171 1250.000000 3569 1189.190917 38.054109
21.007119 1250.000000 3897 1298.958644 41.566677
21.012853 1250.000000 3773 1256.587399 40.210797
21.013349 1250.000000 3743 1246.992114 39.903748
21.012615 1250.000000 3806 1268.646238 40.596680
21.012111 1250.000000 3659 1219.509145 39.024293
21.008277 1250.000000 3612 1203.875607 38.524019
21.010792 1250.000000 3687 1228.674557 39.317586
21.014818 1250.000000 3753 1250.428205 40.013703
21.017713 1250.000000 3765 1254.360309 40.139530
21.014361 1250.000000 3908 1302.629527 41.684145
21.019386 1250.000000 3816 1271.846879 40.699100
21.004627 1250.000000 3827 1275.089247 40.802856
24.003183 1250.000000 3781 1259.699687 40.310390
24.002861 1250.000000 3840 1279.935995 40.957952
24.005849 1250.000000 3813 1270.956418 40.670605
24.004248 1250.000000 3773 1257.601356 40.243243
24.005450 1250.000000 3719 1239.609765 39.667512
24.006335 1250.000000 3739 1246.030633 39.872980
24.005577 1250.000000 3640 1213.184969 38.821919
24.007568 1250.000000 3608 1202.184757 38.469912
24.008844 1250.000000 3730 1242.574457 39.762383
24.010123 1250.000000 3715 1237.246055 39.591874
24.009673 1250.000000 3719 1239.224319 39.655178
24.010324 1250.000000 3738 1245.866128 39.867716
24.008481 1250.000000 3780 1259.931411 40.317805
24.004313 1250.000000 3614 1203.895560 38.524658
24.014300 1250.000000 3745 1247.937974 39.934015
24.011921 1250.000000 3653 1216.976088 38.943235
24.005909 1250.000000 3796 1265.284388 40.489100
24.008941 1250.000000 3897 1298.211280 41.542761
24.012796 1250.000000 3684 1227.743869 39.287804
24.010256 1250.000000 3706 1234.896044 39.516673
24.009070 1250.000000 3655 1217.919301 38.973418
24.012212 1250.000000 3669 1222.890377 39.132492
24.012806 1250.000000 3809 1269.586009 40.626752
24.008325 1250.000000 3748 1249.312946 39.978014
24.013387 1250.000000 3727 1241.805214 39.737767
24.011639 1250.000000 3787 1261.977122 40.383268
24.018452 1250.000000 3836 1278.351414 40.907245
24.016859 1250.000000 3714 1236.348933 39.563166
24.015327 1250.000000 3702 1233.790962 39.481311
24.014582 1250.000000 3771 1256.907353 40.221035
24.020567 1250.000000 3737 1245.176300 39.845642
24.005257 1250.000000 3786 1261.734820 40.375514
27.003602 1250.000000 3873 1290.681246 41.301800
27.003404 1250.000000 3828 1275.905954 40.828991
27.004395 1250.000000 3673 1224.273073 39.176738
27.005455 1250.000000 3564 1187.998071 38.015938
27.007830 1250.000000 3766 1254.708272 40.150665
27.008164 1250.000000 3784 1260.246360 40.327884
27.009273 1250.000000 3740 1246.337564 39.882802
27.010338 1250.000000 3664 1221.062879 39.074012
27.009709 1250.000000 3711 1236.643123 39.572580
27.011946 1250.000000 3818 1272.655851 40.724987
27.007743 1250.000000 3843 1280.925028 40.989601
27.010663 1250.000000 3670 1223.113471 39.139631
27.006951 1250.000000 3683 1227.215733 39.270903
27.011047 1250.000000 3692 1230.342249 39.370952
27.010664 1250.000000 3854 1284.521098 41.104675
27.004533 1250.000000 3803 1267.573649 40.562357
27.006277 1250.000000 3507 1168.856742 37.403416
27.013185 1250.000000 3698 1232.510619 39.440340
27.013610 1250.000000 3807 1268.408559 40.589074
27.008412 1250.000000 3864 1287.962917 41.214813
27.009626 1250.000000 3721 1240.050467 39.681615
27.009675 1250.000000 3620 1206.423332 38.605547
27.017825 1250.000000 3641 1212.656675 38.805014
27.014815 1250.000000 3746 1247.826936 39.930462
27.013612 1250.000000 3649 1215.533804 38.897082
27.013703 1250.000000 3742 1247.201994 39.910464
27.014377 1250.000000 3785 1261.634202 40.372294
27.020840 1250.000000 3768 1254.335481 40.138735
27.019050 1250.000000 3713 1237.420275 39.597449
27.016325 1250.000000 3802 1266.597211 40.531111
27.020967 1250.000000 3856 1285.162198 41.125190
27.005729 1250.000000 3598 1199.144599 38.372627
#type       avg     std     min     5th    10th    90th    95th    99th
read       76.1    64.1    41.1    54.1    56.4   101.5   114.0   145.3
update     79.6    61.8    41.1    56.1    58.6   105.4   117.0   148.7
op_q        1.1     0.3     1.0     1.0     1.0     1.1     2.0     2.1

Total QPS = 66460.0 (1993799 / 30.0s)

Misses = 0 (0.0%)
Skipped TXs = 0 (0.0%)

RX  343015433 bytes :   10.9 MB/s
TX  220648741 bytes :    7.0 MB/s
