Requests      [total, rate, throughput]         12, 10.91, 10.70
Duration      [total, attack, wait]             1.121s, 1.1s, 21.428ms
Latencies     [min, mean, 50, 90, 95, 99, max]  21.086ms, 21.449ms, 21.45ms, 21.839ms, 22.155ms, 22.208ms, 22.208ms
Bytes In      [total, mean]                     24, 2.00
Bytes Out     [total, mean]                     0, 0.00
Success       [ratio]                           100.00%
Status Codes  [code:count]                      200:12  
Error Set:
Requests      [total, rate, throughput]         22, 10.47, 10.37
Duration      [total, attack, wait]             2.122s, 2.1s, 21.056ms
Latencies     [min, mean, 50, 90, 95, 99, max]  20.9ms, 21.393ms, 21.434ms, 21.676ms, 21.892ms, 22.208ms, 22.208ms
Bytes In      [total, mean]                     44, 2.00
Bytes Out     [total, mean]                     0, 0.00
Success       [ratio]                           100.00%
Status Codes  [code:count]                      200:22  
Error Set:
Requests      [total, rate, throughput]         32, 10.32, 10.25
Duration      [total, attack, wait]             3.122s, 3.101s, 21.335ms
Latencies     [min, mean, 50, 90, 95, 99, max]  20.852ms, 21.348ms, 21.382ms, 21.584ms, 21.681ms, 22.208ms, 22.208ms
Bytes In      [total, mean]                     64, 2.00
Bytes Out     [total, mean]                     0, 0.00
Success       [ratio]                           100.00%
Status Codes  [code:count]                      200:32  
Error Set:
Requests      [total, rate, throughput]         42, 10.24, 10.19
Duration      [total, attack, wait]             4.122s, 4.1s, 21.274ms
Latencies     [min, mean, 50, 90, 95, 99, max]  20.852ms, 21.329ms, 21.351ms, 21.566ms, 21.676ms, 22.208ms, 22.208ms
Bytes In      [total, mean]                     84, 2.00
Bytes Out     [total, mean]                     0, 0.00
Success       [ratio]                           100.00%
Status Codes  [code:count]                      200:42  
Error Set:
Requests      [total, rate, throughput]         52, 10.20, 10.15
Duration      [total, attack, wait]             5.122s, 5.1s, 21.454ms
Latencies     [min, mean, 50, 90, 95, 99, max]  20.852ms, 21.319ms, 21.351ms, 21.549ms, 21.664ms, 22.197ms, 22.208ms
Bytes In      [total, mean]                     104, 2.00
Bytes Out     [total, mean]                     0, 0.00
Success       [ratio]                           100.00%
Status Codes  [code:count]                      200:52  
Error Set:
Requests      [total, rate, throughput]         62, 10.16, 10.13
Duration      [total, attack, wait]             6.122s, 6.101s, 21.336ms
Latencies     [min, mean, 50, 90, 95, 99, max]  20.852ms, 21.288ms, 21.272ms, 21.537ms, 21.619ms, 22.145ms, 22.208ms
Bytes In      [total, mean]                     124, 2.00
Bytes Out     [total, mean]                     0, 0.00
Success       [ratio]                           100.00%
Status Codes  [code:count]                      200:62  
Error Set:
Requests      [total, rate, throughput]         72, 10.14, 10.11
Duration      [total, attack, wait]             7.122s, 7.101s, 21.14ms
Latencies     [min, mean, 50, 90, 95, 99, max]  20.852ms, 21.275ms, 21.249ms, 21.53ms, 21.58ms, 22.092ms, 22.208ms
Bytes In      [total, mean]                     144, 2.00
Bytes Out     [total, mean]                     0, 0.00
Success       [ratio]                           100.00%
Status Codes  [code:count]                      200:72  
Error Set:
Requests      [total, rate, throughput]         82, 10.12, 10.10
Duration      [total, attack, wait]             8.122s, 8.1s, 21.437ms
Latencies     [min, mean, 50, 90, 95, 99, max]  20.852ms, 21.278ms, 21.255ms, 21.53ms, 21.568ms, 22.039ms, 22.208ms
Bytes In      [total, mean]                     164, 2.00
Bytes Out     [total, mean]                     0, 0.00
Success       [ratio]                           100.00%
Status Codes  [code:count]                      200:82  
Error Set:
Requests      [total, rate, throughput]         92, 10.11, 10.09
Duration      [total, attack, wait]             9.121s, 9.1s, 21.104ms
Latencies     [min, mean, 50, 90, 95, 99, max]  20.852ms, 21.269ms, 21.227ms, 21.524ms, 21.558ms, 21.987ms, 22.208ms
Bytes In      [total, mean]                     184, 2.00
Bytes Out     [total, mean]                     0, 0.00
Success       [ratio]                           100.00%
Status Codes  [code:count]                      200:92  
Error Set:
Requests      [total, rate, throughput]         102, 10.10, 10.08
Duration      [total, attack, wait]             10.121s, 10.1s, 21.211ms
Latencies     [min, mean, 50, 90, 95, 99, max]  20.808ms, 21.263ms, 21.223ms, 21.515ms, 21.556ms, 21.934ms, 22.208ms
Bytes In      [total, mean]                     204, 2.00
Bytes Out     [total, mean]                     0, 0.00
Success       [ratio]                           100.00%
Status Codes  [code:count]                      200:102  
Error Set:
Requests      [total, rate, throughput]         112, 10.09, 10.07
Duration      [total, attack, wait]             11.122s, 11.1s, 21.383ms
Latencies     [min, mean, 50, 90, 95, 99, max]  20.808ms, 21.285ms, 21.236ms, 21.515ms, 21.558ms, 22.671ms, 23.428ms
Bytes In      [total, mean]                     224, 2.00
Bytes Out     [total, mean]                     0, 0.00
Success       [ratio]                           100.00%
Status Codes  [code:count]                      200:112  
Error Set:
Requests      [total, rate, throughput]         122, 10.08, 10.07
Duration      [total, attack, wait]             12.121s, 12.1s, 21.282ms
Latencies     [min, mean, 50, 90, 95, 99, max]  20.808ms, 21.289ms, 21.27ms, 21.53ms, 21.568ms, 22.549ms, 23.428ms
Bytes In      [total, mean]                     244, 2.00
Bytes Out     [total, mean]                     0, 0.00
Success       [ratio]                           100.00%
Status Codes  [code:count]                      200:122  
Error Set:
Requests      [total, rate, throughput]         132, 10.08, 10.06
Duration      [total, attack, wait]             13.122s, 13.1s, 21.408ms
Latencies     [min, mean, 50, 90, 95, 99, max]  20.808ms, 21.284ms, 21.274ms, 21.524ms, 21.558ms, 22.427ms, 23.428ms
Bytes In      [total, mean]                     264, 2.00
Bytes Out     [total, mean]                     0, 0.00
Success       [ratio]                           100.00%
Status Codes  [code:count]                      200:132  
Error Set:
Requests      [total, rate, throughput]         142, 10.07, 10.06
Duration      [total, attack, wait]             14.121s, 14.1s, 21.183ms
Latencies     [min, mean, 50, 90, 95, 99, max]  20.808ms, 21.281ms, 21.256ms, 21.521ms, 21.556ms, 22.305ms, 23.428ms
Bytes In      [total, mean]                     284, 2.00
Bytes Out     [total, mean]                     0, 0.00
Success       [ratio]                           100.00%
Status Codes  [code:count]                      200:142  
Error Set:
Requests      [total, rate, throughput]         152, 10.07, 10.05
Duration      [total, attack, wait]             15.122s, 15.101s, 21.353ms
Latencies     [min, mean, 50, 90, 95, 99, max]  20.808ms, 21.282ms, 21.277ms, 21.515ms, 21.553ms, 22.197ms, 23.428ms
Bytes In      [total, mean]                     304, 2.00
Bytes Out     [total, mean]                     0, 0.00
Success       [ratio]                           100.00%
Status Codes  [code:count]                      200:152  
Error Set:
Requests      [total, rate, throughput]         162, 10.06, 10.05
Duration      [total, attack, wait]             16.122s, 16.101s, 21.217ms
Latencies     [min, mean, 50, 90, 95, 99, max]  20.808ms, 21.281ms, 21.277ms, 21.515ms, 21.549ms, 22.145ms, 23.428ms
Bytes In      [total, mean]                     324, 2.00
Bytes Out     [total, mean]                     0, 0.00
Success       [ratio]                           100.00%
Status Codes  [code:count]                      200:162  
Error Set:
Requests      [total, rate, throughput]         172, 10.06, 10.05
Duration      [total, attack, wait]             17.121s, 17.1s, 21.306ms
Latencies     [min, mean, 50, 90, 95, 99, max]  20.808ms, 21.283ms, 21.287ms, 21.515ms, 21.553ms, 22.092ms, 23.428ms
Bytes In      [total, mean]                     344, 2.00
Bytes Out     [total, mean]                     0, 0.00
Success       [ratio]                           100.00%
Status Codes  [code:count]                      200:172  
Error Set:
Requests      [total, rate, throughput]         182, 10.06, 10.04
Duration      [total, attack, wait]             18.121s, 18.1s, 21.262ms
Latencies     [min, mean, 50, 90, 95, 99, max]  20.808ms, 21.285ms, 21.287ms, 21.515ms, 21.555ms, 22.039ms, 23.428ms
Bytes In      [total, mean]                     364, 2.00
Bytes Out     [total, mean]                     0, 0.00
Success       [ratio]                           100.00%
Status Codes  [code:count]                      200:182  
Error Set:
Requests      [total, rate, throughput]         192, 10.05, 10.04
Duration      [total, attack, wait]             19.122s, 19.1s, 21.338ms
Latencies     [min, mean, 50, 90, 95, 99, max]  20.808ms, 21.282ms, 21.281ms, 21.51ms, 21.553ms, 21.987ms, 23.428ms
Bytes In      [total, mean]                     384, 2.00
Bytes Out     [total, mean]                     0, 0.00
Success       [ratio]                           100.00%
Status Codes  [code:count]                      200:192  
Error Set:
Requests      [total, rate, throughput]         202, 10.05, 10.04
Duration      [total, attack, wait]             20.121s, 20.1s, 21.11ms
Latencies     [min, mean, 50, 90, 95, 99, max]  20.742ms, 21.275ms, 21.27ms, 21.507ms, 21.549ms, 21.934ms, 23.428ms
Bytes In      [total, mean]                     404, 2.00
Bytes Out     [total, mean]                     0, 0.00
Success       [ratio]                           100.00%
Status Codes  [code:count]                      200:202  
Error Set:
Requests      [total, rate, throughput]         212, 10.05, 10.04
Duration      [total, attack, wait]             21.121s, 21.1s, 21.058ms
Latencies     [min, mean, 50, 90, 95, 99, max]  20.742ms, 21.27ms, 21.259ms, 21.5ms, 21.545ms, 21.881ms, 23.428ms
Bytes In      [total, mean]                     424, 2.00
Bytes Out     [total, mean]                     0, 0.00
Success       [ratio]                           100.00%
Status Codes  [code:count]                      200:212  
Error Set:
Requests      [total, rate, throughput]         222, 10.05, 10.04
Duration      [total, attack, wait]             22.121s, 22.1s, 21.324ms
Latencies     [min, mean, 50, 90, 95, 99, max]  20.742ms, 21.268ms, 21.246ms, 21.492ms, 21.544ms, 21.829ms, 23.428ms
Bytes In      [total, mean]                     444, 2.00
Bytes Out     [total, mean]                     0, 0.00
Success       [ratio]                           100.00%
Status Codes  [code:count]                      200:222  
Error Set:
Requests      [total, rate, throughput]         232, 10.04, 10.03
Duration      [total, attack, wait]             23.121s, 23.1s, 21.064ms
Latencies     [min, mean, 50, 90, 95, 99, max]  20.742ms, 21.263ms, 21.246ms, 21.49ms, 21.543ms, 21.776ms, 23.428ms
Bytes In      [total, mean]                     464, 2.00
Bytes Out     [total, mean]                     0, 0.00
Success       [ratio]                           100.00%
Status Codes  [code:count]                      200:232  
Error Set:
Requests      [total, rate, throughput]         242, 10.04, 10.03
Duration      [total, attack, wait]             24.122s, 24.1s, 21.433ms
Latencies     [min, mean, 50, 90, 95, 99, max]  20.742ms, 21.262ms, 21.256ms, 21.487ms, 21.54ms, 21.724ms, 23.428ms
Bytes In      [total, mean]                     484, 2.00
Bytes Out     [total, mean]                     0, 0.00
Success       [ratio]                           100.00%
Status Codes  [code:count]                      200:242  
Error Set:
Requests      [total, rate, throughput]         252, 10.04, 10.03
Duration      [total, attack, wait]             25.121s, 25.1s, 21.093ms
Latencies     [min, mean, 50, 90, 95, 99, max]  20.742ms, 21.262ms, 21.26ms, 21.485ms, 21.538ms, 21.681ms, 23.428ms
Bytes In      [total, mean]                     504, 2.00
Bytes Out     [total, mean]                     0, 0.00
Success       [ratio]                           100.00%
Status Codes  [code:count]                      200:252  
Error Set:
Requests      [total, rate, throughput]         262, 10.04, 10.03
Duration      [total, attack, wait]             26.121s, 26.1s, 21.387ms
Latencies     [min, mean, 50, 90, 95, 99, max]  20.742ms, 21.262ms, 21.259ms, 21.483ms, 21.536ms, 21.681ms, 23.428ms
Bytes In      [total, mean]                     524, 2.00
Bytes Out     [total, mean]                     0, 0.00
Success       [ratio]                           100.00%
Status Codes  [code:count]                      200:262  
Error Set:
Requests      [total, rate, throughput]         272, 10.04, 10.03
Duration      [total, attack, wait]             27.121s, 27.1s, 21.135ms
Latencies     [min, mean, 50, 90, 95, 99, max]  20.742ms, 21.26ms, 21.259ms, 21.478ms, 21.534ms, 21.68ms, 23.428ms
Bytes In      [total, mean]                     544, 2.00
Bytes Out     [total, mean]                     0, 0.00
Success       [ratio]                           100.00%
Status Codes  [code:count]                      200:272  
Error Set:
Requests      [total, rate, throughput]         282, 10.04, 10.03
Duration      [total, attack, wait]             28.122s, 28.101s, 21.142ms
Latencies     [min, mean, 50, 90, 95, 99, max]  20.742ms, 21.262ms, 21.257ms, 21.478ms, 21.536ms, 22.039ms, 23.428ms
Bytes In      [total, mean]                     564, 2.00
Bytes Out     [total, mean]                     0, 0.00
Success       [ratio]                           100.00%
Status Codes  [code:count]                      200:282  
Error Set:
Requests      [total, rate, throughput]         292, 10.03, 10.03
Duration      [total, attack, wait]             29.121s, 29.1s, 21.259ms
Latencies     [min, mean, 50, 90, 95, 99, max]  20.742ms, 21.26ms, 21.254ms, 21.473ms, 21.535ms, 21.987ms, 23.428ms
Bytes In      [total, mean]                     584, 2.00
Bytes Out     [total, mean]                     0, 0.00
Success       [ratio]                           100.00%
Status Codes  [code:count]                      200:292  
Error Set:
Requests      [total, rate, throughput]         302, 10.03, 10.03
Duration      [total, attack, wait]             30.122s, 30.101s, 21.349ms
Latencies     [min, mean, 50, 90, 95, 99, max]  20.742ms, 21.261ms, 21.256ms, 21.473ms, 21.537ms, 21.934ms, 23.428ms
Bytes In      [total, mean]                     604, 2.00
Bytes Out     [total, mean]                     0, 0.00
Success       [ratio]                           100.00%
Status Codes  [code:count]                      200:302  
Error Set:
Requests      [total, rate, throughput]         312, 10.03, 10.03
Duration      [total, attack, wait]             31.121s, 31.1s, 21.048ms
Latencies     [min, mean, 50, 90, 95, 99, max]  20.742ms, 21.263ms, 21.258ms, 21.477ms, 21.535ms, 21.881ms, 23.428ms
Bytes In      [total, mean]                     624, 2.00
Bytes Out     [total, mean]                     0, 0.00
Success       [ratio]                           100.00%
Status Codes  [code:count]                      200:312  
Error Set:
Requests      [total, rate, throughput]         322, 10.03, 10.02
Duration      [total, attack, wait]             32.121s, 32.1s, 21.298ms
Latencies     [min, mean, 50, 90, 95, 99, max]  20.742ms, 21.263ms, 21.258ms, 21.477ms, 21.537ms, 21.829ms, 23.428ms
Bytes In      [total, mean]                     644, 2.00
Bytes Out     [total, mean]                     0, 0.00
Success       [ratio]                           100.00%
Status Codes  [code:count]                      200:322  
Error Set:
Requests      [total, rate, throughput]         332, 10.03, 10.02
Duration      [total, attack, wait]             33.122s, 33.101s, 21.109ms
Latencies     [min, mean, 50, 90, 95, 99, max]  20.742ms, 21.261ms, 21.253ms, 21.477ms, 21.535ms, 21.776ms, 23.428ms
Bytes In      [total, mean]                     664, 2.00
Bytes Out     [total, mean]                     0, 0.00
Success       [ratio]                           100.00%
Status Codes  [code:count]                      200:332  
Error Set:
Requests      [total, rate, throughput]         342, 10.03, 10.02
Duration      [total, attack, wait]             34.121s, 34.1s, 21.303ms
Latencies     [min, mean, 50, 90, 95, 99, max]  20.742ms, 21.259ms, 21.251ms, 21.473ms, 21.533ms, 21.724ms, 23.428ms
Bytes In      [total, mean]                     684, 2.00
Bytes Out     [total, mean]                     0, 0.00
Success       [ratio]                           100.00%
Status Codes  [code:count]                      200:342  
Error Set:
Requests      [total, rate, throughput]         352, 10.03, 10.02
Duration      [total, attack, wait]             35.121s, 35.1s, 21.532ms
Latencies     [min, mean, 50, 90, 95, 99, max]  20.742ms, 21.259ms, 21.251ms, 21.473ms, 21.533ms, 21.681ms, 23.428ms
Bytes In      [total, mean]                     704, 2.00
Bytes Out     [total, mean]                     0, 0.00
Success       [ratio]                           100.00%
Status Codes  [code:count]                      200:352  
Error Set:
Requests      [total, rate, throughput]         362, 10.03, 10.02
Duration      [total, attack, wait]             36.121s, 36.1s, 21.107ms
Latencies     [min, mean, 50, 90, 95, 99, max]  20.742ms, 21.257ms, 21.252ms, 21.47ms, 21.532ms, 21.681ms, 23.428ms
Bytes In      [total, mean]                     724, 2.00
Bytes Out     [total, mean]                     0, 0.00
Success       [ratio]                           100.00%
Status Codes  [code:count]                      200:362  
Error Set:
Requests      [total, rate, throughput]         372, 10.03, 10.02
Duration      [total, attack, wait]             37.122s, 37.101s, 21.117ms
Latencies     [min, mean, 50, 90, 95, 99, max]  20.742ms, 21.253ms, 21.245ms, 21.467ms, 21.531ms, 21.68ms, 23.428ms
Bytes In      [total, mean]                     744, 2.00
Bytes Out     [total, mean]                     0, 0.00
Success       [ratio]                           100.00%
Status Codes  [code:count]                      200:372  
Error Set:
Requests      [total, rate, throughput]         382, 10.03, 10.02
Duration      [total, attack, wait]             38.121s, 38.1s, 21.345ms
Latencies     [min, mean, 50, 90, 95, 99, max]  20.742ms, 21.253ms, 21.245ms, 21.464ms, 21.529ms, 21.679ms, 23.428ms
Bytes In      [total, mean]                     764, 2.00
Bytes Out     [total, mean]                     0, 0.00
Success       [ratio]                           100.00%
Status Codes  [code:count]                      200:382  
Error Set:
Requests      [total, rate, throughput]         392, 10.03, 10.02
Duration      [total, attack, wait]             39.121s, 39.1s, 21.328ms
Latencies     [min, mean, 50, 90, 95, 99, max]  20.742ms, 21.252ms, 21.247ms, 21.462ms, 21.527ms, 21.678ms, 23.428ms
Bytes In      [total, mean]                     784, 2.00
Bytes Out     [total, mean]                     0, 0.00
Success       [ratio]                           100.00%
Status Codes  [code:count]                      200:392  
Error Set:
Requests      [total, rate, throughput]         402, 10.02, 10.02
Duration      [total, attack, wait]             40.121s, 40.101s, 20.932ms
Latencies     [min, mean, 50, 90, 95, 99, max]  20.742ms, 21.25ms, 21.245ms, 21.461ms, 21.525ms, 21.678ms, 23.428ms
Bytes In      [total, mean]                     804, 2.00
Bytes Out     [total, mean]                     0, 0.00
Success       [ratio]                           100.00%
Status Codes  [code:count]                      200:402  
Error Set:
Requests      [total, rate, throughput]         412, 10.02, 10.02
Duration      [total, attack, wait]             41.122s, 41.101s, 21.15ms
Latencies     [min, mean, 50, 90, 95, 99, max]  20.742ms, 21.251ms, 21.247ms, 21.464ms, 21.522ms, 21.677ms, 23.428ms
Bytes In      [total, mean]                     824, 2.00
Bytes Out     [total, mean]                     0, 0.00
Success       [ratio]                           100.00%
Status Codes  [code:count]                      200:412  
Error Set:
Requests      [total, rate, throughput]         422, 10.02, 10.02
Duration      [total, attack, wait]             42.121s, 42.1s, 21.027ms
Latencies     [min, mean, 50, 90, 95, 99, max]  20.742ms, 21.251ms, 21.25ms, 21.462ms, 21.52ms, 21.676ms, 23.428ms
Bytes In      [total, mean]                     844, 2.00
Bytes Out     [total, mean]                     0, 0.00
Success       [ratio]                           100.00%
Status Codes  [code:count]                      200:422  
Error Set:
Requests      [total, rate, throughput]         432, 10.02, 10.02
Duration      [total, attack, wait]             43.122s, 43.1s, 21.348ms
Latencies     [min, mean, 50, 90, 95, 99, max]  20.742ms, 21.251ms, 21.25ms, 21.461ms, 21.52ms, 21.675ms, 23.428ms
Bytes In      [total, mean]                     864, 2.00
Bytes Out     [total, mean]                     0, 0.00
Success       [ratio]                           100.00%
Status Codes  [code:count]                      200:432  
Error Set:
Requests      [total, rate, throughput]         442, 10.02, 10.02
Duration      [total, attack, wait]             44.121s, 44.1s, 21.107ms
Latencies     [min, mean, 50, 90, 95, 99, max]  20.742ms, 21.249ms, 21.245ms, 21.461ms, 21.518ms, 21.675ms, 23.428ms
Bytes In      [total, mean]                     884, 2.00
Bytes Out     [total, mean]                     0, 0.00
Success       [ratio]                           100.00%
Status Codes  [code:count]                      200:442  
Error Set:
Requests      [total, rate, throughput]         452, 10.02, 10.02
Duration      [total, attack, wait]             45.122s, 45.101s, 21.053ms
Latencies     [min, mean, 50, 90, 95, 99, max]  20.742ms, 21.25ms, 21.245ms, 21.464ms, 21.52ms, 21.674ms, 23.428ms
Bytes In      [total, mean]                     904, 2.00
Bytes Out     [total, mean]                     0, 0.00
Success       [ratio]                           100.00%
Status Codes  [code:count]                      200:452  
Error Set:
Requests      [total, rate, throughput]         462, 10.02, 10.02
Duration      [total, attack, wait]             46.121s, 46.1s, 21.255ms
Latencies     [min, mean, 50, 90, 95, 99, max]  20.742ms, 21.254ms, 21.251ms, 21.471ms, 21.528ms, 21.681ms, 23.428ms
Bytes In      [total, mean]                     924, 2.00
Bytes Out     [total, mean]                     0, 0.00
Success       [ratio]                           100.00%
Status Codes  [code:count]                      200:462  
Error Set:
Requests      [total, rate, throughput]         472, 10.02, 10.02
Duration      [total, attack, wait]             47.122s, 47.101s, 21.258ms
Latencies     [min, mean, 50, 90, 95, 99, max]  20.742ms, 21.254ms, 21.252ms, 21.472ms, 21.529ms, 21.68ms, 23.428ms
Bytes In      [total, mean]                     944, 2.00
Bytes Out     [total, mean]                     0, 0.00
Success       [ratio]                           100.00%
Status Codes  [code:count]                      200:472  
Error Set:
Requests      [total, rate, throughput]         482, 10.02, 10.02
Duration      [total, attack, wait]             48.121s, 48.1s, 21.124ms
Latencies     [min, mean, 50, 90, 95, 99, max]  20.742ms, 21.255ms, 21.253ms, 21.474ms, 21.528ms, 21.679ms, 23.428ms
Bytes In      [total, mean]                     964, 2.00
Bytes Out     [total, mean]                     0, 0.00
Success       [ratio]                           100.00%
Status Codes  [code:count]                      200:482  
Error Set:
Requests      [total, rate, throughput]         492, 10.02, 10.02
Duration      [total, attack, wait]             49.121s, 49.1s, 21.121ms
Latencies     [min, mean, 50, 90, 95, 99, max]  20.742ms, 21.255ms, 21.251ms, 21.476ms, 21.531ms, 21.678ms, 23.428ms
Bytes In      [total, mean]                     984, 2.00
Bytes Out     [total, mean]                     0, 0.00
Success       [ratio]                           100.00%
Status Codes  [code:count]                      200:492  
Error Set:
Requests      [total, rate, throughput]         502, 10.02, 10.02
Duration      [total, attack, wait]             50.121s, 50.1s, 21.11ms
Latencies     [min, mean, 50, 90, 95, 99, max]  20.742ms, 21.256ms, 21.252ms, 21.478ms, 21.532ms, 21.678ms, 23.428ms
Bytes In      [total, mean]                     1004, 2.00
Bytes Out     [total, mean]                     0, 0.00
Success       [ratio]                           100.00%
Status Codes  [code:count]                      200:502  
Error Set:
Requests      [total, rate, throughput]         512, 10.02, 10.02
Duration      [total, attack, wait]             51.122s, 51.1s, 21.521ms
Latencies     [min, mean, 50, 90, 95, 99, max]  20.742ms, 21.257ms, 21.253ms, 21.482ms, 21.533ms, 21.677ms, 23.428ms
Bytes In      [total, mean]                     1024, 2.00
Bytes Out     [total, mean]                     0, 0.00
Success       [ratio]                           100.00%
Status Codes  [code:count]                      200:512  
Error Set:
Requests      [total, rate, throughput]         522, 10.02, 10.02
Duration      [total, attack, wait]             52.121s, 52.1s, 20.929ms
Latencies     [min, mean, 50, 90, 95, 99, max]  20.742ms, 21.254ms, 21.252ms, 21.48ms, 21.532ms, 21.676ms, 23.428ms
Bytes In      [total, mean]                     1044, 2.00
Bytes Out     [total, mean]                     0, 0.00
Success       [ratio]                           100.00%
Status Codes  [code:count]                      200:522  
Error Set:
Requests      [total, rate, throughput]         532, 10.02, 10.01
Duration      [total, attack, wait]             53.121s, 53.1s, 20.993ms
Latencies     [min, mean, 50, 90, 95, 99, max]  20.742ms, 21.251ms, 21.247ms, 21.478ms, 21.531ms, 21.675ms, 23.428ms
Bytes In      [total, mean]                     1064, 2.00
Bytes Out     [total, mean]                     0, 0.00
Success       [ratio]                           100.00%
Status Codes  [code:count]                      200:532  
Error Set:
Requests      [total, rate, throughput]         542, 10.02, 10.01
Duration      [total, attack, wait]             54.121s, 54.1s, 21.232ms
Latencies     [min, mean, 50, 90, 95, 99, max]  20.742ms, 21.251ms, 21.248ms, 21.476ms, 21.53ms, 21.675ms, 23.428ms
Bytes In      [total, mean]                     1084, 2.00
Bytes Out     [total, mean]                     0, 0.00
Success       [ratio]                           100.00%
Status Codes  [code:count]                      200:542  
Error Set:
Requests      [total, rate, throughput]         552, 10.02, 10.01
Duration      [total, attack, wait]             55.121s, 55.1s, 21.256ms
Latencies     [min, mean, 50, 90, 95, 99, max]  20.742ms, 21.249ms, 21.248ms, 21.474ms, 21.53ms, 21.674ms, 23.428ms
Bytes In      [total, mean]                     1104, 2.00
Bytes Out     [total, mean]                     0, 0.00
Success       [ratio]                           100.00%
Status Codes  [code:count]                      200:552  
Error Set:
Requests      [total, rate, throughput]         562, 10.02, 10.01
Duration      [total, attack, wait]             56.121s, 56.1s, 20.885ms
Latencies     [min, mean, 50, 90, 95, 99, max]  20.742ms, 21.247ms, 21.245ms, 21.472ms, 21.529ms, 21.674ms, 23.428ms
Bytes In      [total, mean]                     1124, 2.00
Bytes Out     [total, mean]                     0, 0.00
Success       [ratio]                           100.00%
Status Codes  [code:count]                      200:562  
Error Set:
Requests      [total, rate, throughput]         572, 10.02, 10.01
Duration      [total, attack, wait]             57.121s, 57.1s, 21.162ms
Latencies     [min, mean, 50, 90, 95, 99, max]  20.742ms, 21.246ms, 21.243ms, 21.472ms, 21.528ms, 21.674ms, 23.428ms
Bytes In      [total, mean]                     1144, 2.00
Bytes Out     [total, mean]                     0, 0.00
Success       [ratio]                           100.00%
Status Codes  [code:count]                      200:572  
Error Set:
Requests      [total, rate, throughput]         582, 10.02, 10.01
Duration      [total, attack, wait]             58.122s, 58.1s, 21.352ms
Latencies     [min, mean, 50, 90, 95, 99, max]  20.742ms, 21.246ms, 21.241ms, 21.472ms, 21.529ms, 21.674ms, 23.428ms
Bytes In      [total, mean]                     1164, 2.00
Bytes Out     [total, mean]                     0, 0.00
Success       [ratio]                           100.00%
Status Codes  [code:count]                      200:582  
Error Set:
Requests      [total, rate, throughput]         592, 10.02, 10.01
Duration      [total, attack, wait]             59.122s, 59.101s, 21.23ms
Latencies     [min, mean, 50, 90, 95, 99, max]  20.742ms, 21.245ms, 21.237ms, 21.471ms, 21.528ms, 21.674ms, 23.428ms
Bytes In      [total, mean]                     1184, 2.00
Bytes Out     [total, mean]                     0, 0.00
Success       [ratio]                           100.00%
Status Codes  [code:count]                      200:592  
Error Set:
Requests      [total, rate, throughput]         600, 10.02, 10.01
Duration      [total, attack, wait]             59.921s, 59.9s, 21.201ms
Latencies     [min, mean, 50, 90, 95, 99, max]  20.742ms, 21.244ms, 21.237ms, 21.469ms, 21.527ms, 21.673ms, 23.428ms
Bytes In      [total, mean]                     1200, 2.00
Bytes Out     [total, mean]                     0, 0.00
Success       [ratio]                           100.00%
Status Codes  [code:count]                      200:600  
Error Set:
