3.000417 6250.000000 18658 6218.468434 198.990990
3.000252 6250.000000 18910 6302.803887 201.689724
3.000131 6250.000000 18828 6275.725004 200.823200
3.000217 6250.000000 18834 6277.546748 200.881496
3.000187 6250.000000 18516 6171.616025 197.491713
3.000193 6250.000000 18816 6271.597203 200.691110
3.000132 6250.000000 18909 6302.722287 201.687113
3.000044 6250.000000 18746 6248.575080 199.954403
3.000028 6250.000000 18725 6241.609211 199.731495
3.000375 6250.000000 18366 6121.234733 195.879511
3.000288 6250.000000 18941 6313.061435 202.017966
3.000040 6250.000000 18434 6144.585652 196.626741
3.000196 6250.000000 18816 6271.591186 200.690918
3.000037 6250.000000 18622 6207.257192 198.632230
3.000335 6250.000000 18747 6248.302561 199.945682
3.000034 6250.000000 19143 6380.927938 204.189694
3.000175 6250.000000 18769 6255.968347 200.190987
3.000144 6250.000000 18652 6217.034630 198.945108
3.000646 6250.000000 18747 6247.654502 199.924944
3.000076 6250.000000 18449 6149.511136 196.784356
3.000018 6250.000000 18393 6130.963331 196.190827
3.000028 6250.000000 18859 6286.275539 201.160817
3.000241 6250.000000 19210 6402.818706 204.890199
3.000159 6250.000000 18993 6330.663777 202.581241
3.000271 6250.000000 18669 6222.438726 199.118039
3.000018 6250.000000 18487 6162.296086 197.193475
3.000181 6250.000000 18871 6289.953412 201.278509
3.000237 6250.000000 18448 6148.847248 196.763112
3.000119 6250.000000 18818 6272.418520 200.717393
3.000066 6250.000000 18772 6257.194902 200.230237
3.000045 6250.000000 18691 6230.239913 199.367677
3.000043 6250.000000 18753 6250.911185 200.029158
6.000525 6250.000000 18843 6280.202612 200.966484
6.000087 6250.000000 18780 6259.976735 200.319256
6.000142 6250.000000 18991 6330.117655 202.563765
6.000573 6250.000000 18684 6226.868221 199.259783
6.000163 6250.000000 18469 6156.055408 196.993773
6.000210 6250.000000 18963 6320.634507 202.260304
6.000375 6250.000000 18704 6234.264812 199.496474
6.000792 6250.000000 18495 6163.463712 197.230839
6.000243 6250.000000 18900 6299.880688 201.596182
6.000779 6250.000000 18702 6232.655739 199.444984
6.000283 6250.000000 19000 6333.268265 202.664584
6.000417 6250.000000 18920 6306.244384 201.799820
6.000137 6250.000000 18853 6284.116831 201.091739
6.000359 6250.000000 18847 6281.948781 201.022361
6.000410 6250.000000 18600 6199.189371 198.374060
6.000373 6250.000000 18662 6219.930270 199.037769
6.000434 6250.000000 18335 6111.368074 195.563778
6.001809 6250.000000 18637 6208.726387 198.679244
6.000304 6250.000000 18741 6246.773961 199.896767
6.000509 6250.000000 18758 6252.386598 200.076371
6.000579 6250.000000 18777 6258.193976 200.262207
6.000167 6250.000000 18991 6330.316777 202.570137
6.001629 6250.000000 18625 6206.298986 198.601568
6.000340 6250.000000 18786 6261.989285 200.383657
6.000671 6250.000000 18829 6275.424807 200.813594
6.000433 6250.000000 18739 6245.995761 199.871864
6.000161 6250.000000 18721 6240.272492 199.688720
6.000497 6250.000000 18373 6123.810538 195.961937
6.000310 6250.000000 18837 6278.599365 200.915180
6.000607 6250.000000 18501 6166.610299 197.331530
6.000129 6250.000000 18923 6307.489196 201.839654
6.000090 6250.000000 18903 6300.900935 201.628830
9.000114 6250.000000 18848 6282.611111 201.043556
9.000277 6250.000000 18643 6214.043731 198.849399
9.000658 6250.000000 18704 6234.502002 199.504064
9.000416 6250.000000 18563 6187.580241 198.002568
9.000426 6250.000000 18728 6242.217985 199.750976
9.000579 6250.000000 19074 6357.126899 203.428061
9.000645 6250.000000 18574 6190.898042 198.108737
9.000833 6250.000000 18842 6280.553839 200.977723
9.000653 6250.000000 18781 6260.165936 200.325310
9.001302 6250.000000 18849 6281.679674 201.013750
9.000516 6250.000000 18768 6255.265101 200.168483
9.000440 6250.000000 18647 6215.497988 198.895936
9.000443 6250.000000 18875 6291.074692 201.314390
9.000143 6250.000000 18907 6302.331033 201.674593
9.000489 6250.000000 18773 6257.424477 200.237583
9.000787 6250.000000 18800 6266.087289 200.514793
9.000358 6250.000000 18827 6275.427826 200.813690
9.000462 6250.000000 18939 6312.939238 202.014056
9.000625 6250.000000 18825 6274.790932 200.793310
9.000622 6250.000000 19053 6350.735339 203.223531
9.000378 6250.000000 18667 6222.134998 199.108320
9.000621 6250.000000 18594 6197.565322 198.322090
9.000415 6250.000000 19025 6341.445589 202.926259
9.000447 6250.000000 18617 6205.605264 198.579368
9.001120 6250.000000 18684 6226.934375 199.261900
9.000373 6250.000000 18847 6282.189747 201.030072
9.000351 6250.000000 18717 6238.977849 199.647291
9.000838 6250.000000 19009 6336.236016 202.759553
9.000203 6250.000000 18993 6330.845436 202.587054
9.001655 6250.000000 18865 6288.280501 201.224976
9.001880 6250.000000 18662 6220.519313 199.056618
9.000597 6250.000000 18939 6311.931899 201.981821
12.000867 6250.000000 18903 6300.562727 201.618007
12.000973 6250.000000 18902 6299.546990 201.585504
12.000481 6250.000000 18695 6230.964481 199.390863
12.000385 6250.000000 18573 6190.944188 198.110214
12.000203 6250.000000 18983 6327.477498 202.479280
12.000359 6250.000000 18485 6161.498574 197.167954
12.000383 6250.000000 18445 6148.311441 196.745966
12.000430 6250.000000 18551 6183.658154 197.877061
12.000537 6250.000000 18962 6320.476916 202.255261
12.000464 6250.000000 18724 6241.154529 199.716945
12.001097 6250.000000 18572 6189.750594 198.072019
12.000352 6250.000000 19035 6344.998118 203.039940
12.000656 6250.000000 18585 6194.936699 198.237974
12.000561 6250.000000 18775 6258.087446 200.258798
12.000428 6250.000000 18703 6234.308424 199.497870
12.000694 6250.000000 18909 6302.898302 201.692746
12.000717 6250.000000 18740 6246.246212 199.879879
12.000897 6250.000000 18652 6217.211053 198.950754
12.000883 6250.000000 18630 6209.370702 198.699862
12.000660 6250.000000 18736 6244.920004 199.837440
12.000421 6250.000000 19062 6353.986480 203.327567
12.000866 6250.000000 18595 6198.266164 198.344517
12.000542 6250.000000 18835 6278.223312 200.903146
12.001181 6250.000000 18747 6248.178537 199.941713
12.001293 6250.000000 18641 6213.309279 198.825897
12.000831 6250.000000 18952 6316.889876 202.140476
12.000766 6250.000000 18585 6194.702337 198.230475
12.001314 6250.000000 18921 6306.974919 201.823197
12.000203 6250.000000 18601 6200.332972 198.410655
12.002107 6250.000000 19020 6339.044594 202.849427
12.002599 6250.000000 18721 6238.838773 199.642841
12.000822 6250.000000 18598 6198.869114 198.363812
15.000780 6250.000000 18947 6314.930347 202.077771
15.000560 6250.000000 18597 6198.835831 198.362747
15.000448 6250.000000 18729 6242.490513 199.759696
15.000949 6250.000000 18559 6186.161803 197.957178
15.000801 6250.000000 18753 6250.927079 200.029667
15.000390 6250.000000 18807 6268.985359 200.607531
15.000484 6250.000000 18828 6275.737586 200.823603
15.000861 6250.000000 18455 6151.373136 196.843940
15.000539 6250.000000 18972 6323.997235 202.367912
15.000414 6250.000000 18734 6244.604755 199.827352
15.000699 6250.000000 18862 6286.766574 201.176530
15.000814 6250.000000 18994 6330.358394 202.571469
15.000815 6250.000000 18495 6164.750992 197.272032
15.000618 6250.000000 18664 6221.215372 199.078892
15.001262 6250.000000 18687 6228.242333 199.303755
15.000657 6250.000000 18181 6060.330201 193.930566
15.000911 6250.000000 18819 6272.474833 200.719195
15.000895 6250.000000 18755 6250.769797 200.024633
15.000916 6250.000000 18928 6309.229462 201.895343
15.000958 6250.000000 18692 6230.511188 199.376358
15.000680 6250.000000 18653 6217.379465 198.956143
15.001133 6250.000000 18977 6325.590512 202.418896
15.001079 6250.000000 18719 6239.150894 199.652829
15.000575 6250.000000 18651 6216.681922 198.933822
15.001468 6250.000000 18365 6121.081011 195.874592
15.001309 6250.000000 18628 6208.638226 198.676423
15.001323 6250.000000 18695 6231.603812 199.411322
15.001790 6250.000000 18849 6282.002946 201.024094
15.000328 6250.000000 18822 6273.738638 200.759636
15.002435 6250.000000 19091 6362.970663 203.615061
15.003030 6250.000000 18538 6178.445648 197.710261
15.001211 6250.000000 18697 6231.526248 199.408840
18.000747 6250.000000 18367 6121.606214 195.891399
18.000784 6250.000000 18545 6181.491450 197.807726
18.000623 6250.000000 18656 6218.492608 198.991763
18.000870 6250.000000 18701 6233.480358 199.471371
18.000419 6250.000000 19018 6339.323590 202.858355
18.000635 6250.000000 18704 6234.278739 199.496920
18.000698 6250.000000 19074 6357.913231 203.453223
18.001121 6250.000000 18597 6198.366330 198.347723
18.000979 6250.000000 18773 6257.526063 200.240834
18.001220 6250.000000 18873 6290.247413 201.287917
18.000581 6250.000000 18863 6287.622569 201.203922
18.000537 6250.000000 18821 6273.556372 200.753804
18.000912 6250.000000 19047 6348.964654 203.166869
18.001075 6250.000000 19092 6363.751203 203.640039
18.000848 6250.000000 18814 6271.234948 200.679518
18.000719 6250.000000 18720 6239.700477 199.670415
18.001021 6250.000000 18953 6317.230105 202.151363
18.000710 6250.000000 18729 6242.808073 199.769858
18.001134 6250.000000 18870 6289.999340 201.279979
18.001350 6250.000000 18598 6199.151875 198.372860
18.001092 6250.000000 18653 6217.302593 198.953683
18.001132 6250.000000 18825 6274.616491 200.787728
18.000706 6250.000000 18857 6285.612183 201.139590
18.001390 6250.000000 18947 6315.526277 202.096841
18.001515 6250.000000 18494 6164.569642 197.266229
18.001324 6250.000000 18642 6213.969745 198.847032
18.001428 6250.000000 18905 6300.934573 201.629906
18.001945 6250.000000 18829 6276.010220 200.832327
18.000372 6250.000000 18738 6245.907218 199.869031
18.002990 6250.000000 18978 6324.829553 202.394546
18.003088 6250.000000 18635 6211.545551 198.769458
18.001296 6250.000000 18869 6289.487844 201.263611
21.001945 6250.000000 18841 6277.903038 200.892897
21.000686 6250.000000 18977 6325.103372 202.403308
21.001084 6250.000000 18325 6107.394195 195.436614
21.000788 6250.000000 18649 6216.016708 198.912535
21.000702 6250.000000 18909 6302.992524 201.695761
21.000558 6250.000000 18969 6322.956546 202.334609
21.001298 6250.000000 18816 6271.103862 200.675324
21.001280 6250.000000 18886 6294.215082 201.414883
21.001021 6250.000000 18721 6239.678366 199.669708
21.001158 6250.000000 18935 6311.527636 201.968884
21.000707 6250.000000 18635 6211.405952 198.764990
21.001083 6250.000000 18887 6294.883184 201.436262
21.001411 6250.000000 18674 6224.087281 199.170793
21.001168 6250.000000 18973 6324.235574 202.375538
21.001069 6250.000000 18989 6329.334589 202.538707
21.001551 6250.000000 18971 6322.785734 202.329143
21.001126 6250.000000 18898 6299.227309 201.575274
21.001046 6250.000000 18890 6296.526170 201.488837
21.001053 6250.000000 18841 6279.904833 200.956955
21.001145 6250.000000 18824 6273.775813 200.760826
21.001334 6250.000000 18801 6266.346618 200.523092
21.001411 6250.000000 18983 6327.622426 202.483918
21.001566 6250.000000 18739 6245.612718 199.859607
21.001847 6250.000000 18696 6230.967386 199.390956
21.001578 6250.000000 18864 6287.684938 201.205918
21.001643 6250.000000 18780 6259.333740 200.298680
21.001544 6250.000000 18870 6289.939749 201.278072
21.000570 6250.000000 19023 6340.582688 202.898646
21.002005 6250.000000 18460 6153.208673 196.902678
21.003214 6250.000000 18807 6268.532387 200.593036
21.003138 6250.000000 18558 6185.897934 197.948734
21.001552 6250.000000 18589 6195.804171 198.265733
24.000719 6250.000000 18941 6313.630503 202.036176
24.000828 6250.000000 18774 6257.916381 200.253324
24.000697 6250.000000 18627 6208.976891 198.687261
24.000769 6250.000000 18461 6153.232521 196.903441
24.001007 6250.000000 18676 6224.710864 199.190748
24.001292 6250.000000 18780 6259.501769 200.304057
24.001227 6250.000000 18773 6257.456576 200.238610
24.001198 6250.000000 18522 6173.733915 197.559485
24.001187 6250.000000 19011 6336.958728 202.782679
24.001358 6250.000000 18921 6306.291495 201.801328
24.001194 6250.000000 19073 6357.590102 203.442883
24.001197 6250.000000 18863 6287.428090 201.197699
24.001135 6250.000000 18635 6211.561659 198.769973
24.001160 6250.000000 18559 6186.098083 197.955139
24.001536 6250.000000 18551 6183.176586 197.861651
24.001679 6250.000000 18846 6281.438058 201.006018
24.001275 6250.000000 18950 6316.391813 202.124538
24.002180 6250.000000 18604 6200.645341 198.420651
24.001929 6250.000000 18724 6240.095874 199.683068
24.001612 6250.000000 18858 6285.303933 201.129726
24.001656 6250.000000 18601 6200.117810 198.403770
24.002017 6250.000000 18839 6278.399771 200.908793
24.001628 6250.000000 18831 6276.824316 200.858378
24.002886 6250.000000 18963 6318.245496 202.183856
24.002320 6250.000000 18668 6221.262829 199.080411
24.001788 6250.000000 18651 6216.538619 198.929236
24.002276 6250.000000 18871 6289.765589 201.272499
24.000586 6250.000000 18996 6331.964864 202.622876
24.002019 6250.000000 18626 6208.514382 198.672460
24.003317 6250.000000 18823 6274.117746 200.771768
24.003193 6250.000000 18371 6123.553335 195.953707
24.001671 6250.000000 18878 6292.418387 201.357388
27.001022 6250.000000 18735 6244.323521 199.818353
27.001127 6250.000000 18779 6258.921052 200.285474
27.001205 6250.000000 18752 6250.254035 200.008129
27.001059 6250.000000 18755 6250.957396 200.030637
27.000858 6250.000000 18642 6213.937307 198.845994
27.001264 6250.000000 18523 6174.195978 197.574271
27.001257 6250.000000 18705 6234.744966 199.511839
27.001259 6250.000000 18658 6219.206865 199.014620
27.001264 6250.000000 18703 6234.256317 199.496202
27.001485 6250.000000 18856 6285.068592 201.122195
27.001539 6250.000000 18771 6256.993268 200.223785
27.001280 6250.000000 18637 6212.142406 198.788557
27.001316 6250.000000 18598 6199.080297 198.370569
27.001534 6250.000000 19026 6341.487746 202.927608
27.001675 6250.000000 18465 6154.869795 196.955833
27.001275 6250.000000 18604 6201.095190 198.435046
27.001695 6250.000000 18814 6271.299531 200.681585
27.001772 6250.000000 18557 6185.427671 197.933685
27.001406 6250.000000 18540 6179.729603 197.751347
27.001934 6250.000000 18722 6240.654914 199.700957
27.001912 6250.000000 18731 6243.410160 199.789125
27.002088 6250.000000 18848 6282.521250 201.040680
27.003087 6250.000000 19162 6385.401566 204.332850
27.002211 6250.000000 18861 6285.779015 201.144928
27.000622 6250.000000 18903 6300.926165 201.629637
27.002390 6250.000000 18678 6225.855689 199.227382
27.003745 6250.000000 18990 6329.096068 202.531074
27.002021 6250.000000 18605 6201.658831 198.453083
27.002797 6250.000000 18811 6269.244514 200.615824
27.003029 6250.000000 18704 6234.369601 199.499827
27.003335 6250.000000 18784 6261.038576 200.353234
27.001735 6250.000000 18713 6237.533079 199.601059
#type       avg     std     min     5th    10th    90th    95th    99th
read      806.8   273.7   142.0   511.7   545.4  1026.9  1273.2  1441.0
update    808.9   275.8   304.5   512.0   545.6  1032.3  1283.8  1443.1
op_q        6.8     3.2     1.0     2.1     3.0    11.1    12.5    15.6

Total QPS = 399813.0 (11994390 / 30.0s)

Misses = 0 (0.0%)
Skipped TXs = 0 (0.0%)

RX 2068601334 bytes :   65.8 MB/s
TX 1326933985 bytes :   42.2 MB/s
