3.000452 2187.500000 6460 2153.008772 68.896281
3.000517 2187.500000 6501 2166.626634 69.332052
3.000596 2187.500000 6527 2175.234660 69.607509
3.001770 2187.500000 6578 2191.373419 70.123949
3.001090 2187.500000 6447 2148.219695 68.743030
3.002324 2187.500000 6629 2207.956452 70.654606
3.000149 2187.500000 6398 2132.561055 68.241954
3.000290 2187.500000 6682 2227.117705 71.267767
3.000075 2187.500000 6556 2185.278658 69.928917
3.000321 2187.500000 6540 2179.766408 69.752525
3.000530 2187.500000 6715 2237.938090 71.614019
3.001218 2187.500000 6358 2118.472927 67.791134
3.000139 2187.500000 6543 2180.898591 69.788755
3.000506 2187.500000 6571 2189.964204 70.078855
3.000384 2187.500000 6672 2223.715315 71.158890
3.000704 2187.500000 6582 2193.485509 70.191536
3.000000 2187.500000 6463 2154.333116 68.938660
3.000039 2187.500000 6461 2153.638550 68.916434
3.000413 2187.500000 6572 2190.365060 70.091682
3.001312 2187.500000 6444 2147.060710 68.705943
3.000220 2187.500000 6634 2211.171415 70.757485
3.000002 2187.500000 6619 2206.331588 70.602611
3.000083 2187.500000 6585 2194.939410 70.238061
3.000262 2187.500000 6506 2168.477562 69.391282
3.000017 2187.500000 6560 2186.654040 69.972929
3.000594 2187.500000 6559 2185.900697 69.948822
3.000120 2187.500000 6572 2190.578858 70.098523
3.000096 2187.500000 6425 2141.598270 68.531145
3.000076 2187.500000 6520 2173.277990 69.544896
3.001046 2187.500000 6677 2224.890771 71.196505
3.000530 2187.500000 6563 2187.280212 69.992967
3.000235 2187.500000 6588 2195.827712 70.266487
6.000490 2187.500000 6571 2189.975580 70.079219
6.000656 2187.500000 6618 2205.907024 70.589025
6.000957 2187.500000 6618 2205.733013 70.583456
6.000876 2187.500000 6607 2201.851850 70.459259
6.001021 2187.500000 6617 2205.152209 70.564871
6.001466 2187.500000 6565 2187.319387 69.994220
6.000533 2187.500000 6494 2164.389555 69.260466
6.000609 2187.500000 6430 2142.926011 68.573632
6.000356 2187.500000 6540 2179.952564 69.758482
6.001396 2187.500000 6488 2161.673086 69.173539
6.000869 2187.500000 6612 2203.464546 70.510865
6.001259 2187.500000 6566 2188.078155 70.018501
6.001315 2187.500000 6489 2162.481329 69.199403
6.000557 2187.500000 6618 2205.894105 70.588611
6.000497 2187.500000 6510 2169.700621 69.430420
6.001581 2187.500000 6381 2126.651836 68.052859
6.001162 2187.500000 6496 2164.771752 69.272696
6.000149 2187.500000 6623 2207.558779 70.641881
6.000524 2187.500000 6572 2190.653294 70.100905
6.000306 2187.500000 6468 2155.968148 68.990981
6.001345 2187.500000 6598 2199.240729 70.375703
6.000777 2187.500000 6554 2184.613526 69.907633
6.000316 2187.500000 6547 2182.190814 69.830106
6.001412 2187.500000 6611 2203.593608 70.514995
6.000392 2187.500000 6531 2176.771151 69.656677
6.000136 2187.500000 6544 2181.303903 69.801725
6.001622 2187.500000 6624 2207.187118 70.629988
6.002584 2187.500000 6347 2115.482790 67.695449
6.002009 2187.500000 6757 2252.154463 72.068943
6.001308 2187.500000 6585 2194.808792 70.233881
6.000952 2187.500000 6491 2163.362256 69.227592
6.000497 2187.500000 6840 2279.801122 72.953636
9.003233 2187.500000 6496 2163.839566 69.242866
9.000949 2187.500000 6578 2192.362262 70.155592
9.000681 2187.500000 6441 2146.887323 68.700394
9.003555 2187.500000 6671 2221.677100 71.093667
9.001767 2187.500000 6605 2200.779374 70.424940
9.000310 2187.500000 6519 2172.883408 69.532269
9.000842 2187.500000 6661 2220.160977 71.045151
9.001896 2187.500000 6539 2178.548437 69.713550
9.000891 2187.500000 6586 2194.905001 70.236960
9.001733 2187.500000 6588 2195.211813 70.246778
9.000976 2187.500000 6801 2266.633350 72.532267
9.000199 2187.500000 6657 2218.953393 71.006509
9.001062 2187.500000 6501 2166.591544 69.330929
9.001964 2187.500000 6522 2173.139951 69.540478
9.001184 2187.500000 6581 2193.440914 70.190109
9.000362 2187.500000 6385 2128.300980 68.105631
9.001968 2187.500000 6552 2183.525005 69.872800
9.001385 2187.500000 6463 2154.072122 68.930308
9.001592 2187.500000 6422 2140.576702 68.498454
9.001701 2187.500000 6658 2219.069945 71.010238
9.001485 2187.500000 6470 2156.287061 69.001186
9.001290 2187.500000 6706 2235.310190 71.529926
9.000920 2187.500000 6596 2198.279553 70.344946
9.001458 2187.500000 6614 2204.632872 70.548252
9.002215 2187.500000 6636 2211.331203 70.762598
9.001663 2187.500000 6624 2207.939418 70.654061
9.001998 2187.500000 6550 2182.895482 69.852655
9.002923 2187.500000 6633 2210.750794 70.744025
9.002250 2187.500000 6807 2268.525240 72.592808
9.002015 2187.500000 6603 2200.995758 70.431864
9.001255 2187.500000 6518 2172.447576 69.518322
9.000591 2187.500000 6630 2209.930792 70.717785
12.000908 4375.000000 10955 3651.586530 116.850769
12.001325 4375.000000 10904 3634.210856 116.294747
12.001036 4375.000000 10885 3627.904430 116.092942
12.001300 4375.000000 10906 3635.193209 116.326183
12.000293 4375.000000 10857 3618.887244 115.804392
12.001113 4375.000000 10804 3601.167926 115.237374
12.000381 4375.000000 10902 3633.976792 116.287257
12.001111 4375.000000 10744 3581.274897 114.600797
12.001590 4375.000000 10907 3635.303550 116.329714
12.000663 4375.000000 11108 3702.231068 118.471394
12.002001 4375.000000 11022 3673.585980 117.554751
12.001125 4375.000000 10926 3641.750899 116.536029
12.001593 4375.000000 11067 3688.999145 118.047973
12.002023 4375.000000 11072 3690.635566 118.100338
12.000927 4375.000000 10955 3651.622901 116.851933
12.001817 4375.000000 10813 3604.193249 115.334184
12.001790 4375.000000 10978 3658.839366 117.082860
12.001757 4375.000000 11092 3697.304274 118.313737
12.002353 4375.000000 11104 3700.229299 118.407338
12.002385 4375.000000 10854 3617.409425 115.757102
12.001785 4375.000000 10915 3638.310600 116.425939
12.002006 4375.000000 11038 3679.282130 117.737028
12.002258 4375.000000 10702 3566.988366 114.143628
12.001567 4375.000000 10758 3585.901937 114.748862
12.002745 4375.000000 10905 3634.115355 116.291691
12.002930 4375.000000 10876 3625.324960 116.010399
12.003455 4375.000000 10789 3596.067412 115.074157
12.002293 4375.000000 11029 3676.280381 117.640972
12.003798 4375.000000 10777 3592.042354 114.945355
12.003456 4375.000000 10666 3553.863335 113.723627
12.001670 4375.000000 10956 3651.494537 116.847825
12.004030 4375.000000 10743 3576.899175 114.460774
15.002629 4375.000000 13167 4386.670850 140.373467
15.001010 4375.000000 13372 4456.818031 142.618177
15.000655 4375.000000 13283 4427.131501 141.668208
15.002594 4375.000000 13239 4410.822523 141.146321
15.001034 4375.000000 13022 4340.484276 138.895497
15.001730 4375.000000 12910 4303.136155 137.700357
15.001012 4375.000000 13206 4401.875281 140.860009
15.001461 4375.000000 13051 4349.826450 139.194446
15.001678 4375.000000 13032 4343.489479 138.991663
15.001416 4375.000000 13079 4359.497540 139.503921
15.000550 4375.000000 13138 4379.086727 140.130775
15.001901 4375.000000 13162 4387.123337 140.387947
15.002018 4375.000000 12986 4328.642717 138.516567
15.002312 4375.000000 13091 4362.947596 139.614323
15.002076 4375.000000 13071 4356.577486 139.410480
15.002207 4375.000000 13263 4420.703856 141.462523
15.001849 4375.000000 13135 4378.247627 140.103924
15.002777 4375.000000 13213 4403.570945 140.914270
15.001626 4375.000000 13245 4414.947477 141.278319
15.002411 4375.000000 13268 4422.629395 141.524141
15.002749 4375.000000 13033 4343.760381 139.000332
15.001777 4375.000000 13254 4417.040940 141.345310
15.001811 4375.000000 13208 4402.308488 140.873872
15.003065 4375.000000 13102 4367.136192 139.748358
15.002681 4375.000000 13121 4372.707286 139.926633
15.002350 4375.000000 13183 4394.250114 140.616004
15.003539 4375.000000 13139 4379.544487 140.145424
15.002783 4375.000000 13046 4348.611504 139.155568
15.004049 4375.000000 13073 4357.301860 139.433660
15.003621 4375.000000 13009 4336.094053 138.755010
15.002122 4375.000000 13210 4402.670312 140.885450
15.004246 4375.000000 13336 4445.013347 142.240427
18.002558 4375.000000 13013 4336.969847 138.783035
18.001913 4375.000000 12946 4315.316167 138.090117
18.001092 4375.000000 13039 4346.214273 139.078857
18.001806 4375.000000 13136 4378.098178 140.099142
18.001722 4375.000000 13239 4411.988522 141.183633
18.000596 4375.000000 12962 4320.599945 138.259198
18.001154 4375.000000 13227 4408.791535 141.081329
18.001751 4375.000000 13229 4409.635503 141.108336
18.001928 4375.000000 13106 4368.302855 139.785691
18.001527 4375.000000 13284 4427.902365 141.692876
18.002109 4375.000000 13151 4383.286764 140.265176
18.000775 4375.000000 12835 4278.162851 136.901211
18.002549 4375.000000 13360 4452.545658 142.481461
18.001868 4375.000000 13067 4355.314699 139.370070
18.002320 4375.000000 13106 4368.655263 139.796968
18.002548 4375.000000 13162 4387.132552 140.388242
18.002290 4375.000000 13207 4402.210502 140.870736
18.003121 4375.000000 13372 4456.601843 142.611259
18.003283 4375.000000 13099 4365.556352 139.697803
18.002678 4375.000000 13017 4338.879722 138.844151
18.002933 4375.000000 13066 4355.107218 139.363431
18.004673 4375.000000 13425 4473.308740 143.145880
18.002093 4375.000000 13194 4397.586480 140.722767
18.003119 4375.000000 13057 4352.255387 139.272172
18.002700 4375.000000 13081 4359.824985 139.514400
18.002934 4375.000000 13293 4430.626856 141.780059
18.001940 4375.000000 13379 4459.424418 142.701581
18.004077 4375.000000 13208 4402.626181 140.884038
18.002889 4375.000000 13449 4482.840749 143.450904
18.003715 4375.000000 13442 4480.527333 143.376875
18.002250 4375.000000 13183 4394.145258 140.612648
18.004312 4375.000000 13237 4412.237520 141.191601
21.002319 4375.000000 13231 4409.758911 141.112285
21.000612 4375.000000 13142 4380.644317 140.180618
21.001104 4375.000000 13110 4369.982088 139.839427
21.001886 4375.000000 13303 4434.133697 141.892278
21.003186 4375.000000 13186 4394.963124 140.638820
21.002341 4375.000000 13152 4382.266120 140.232516
21.002000 4375.000000 13165 4387.927157 140.413669
21.002061 4375.000000 13173 4390.626443 140.500046
21.001563 4375.000000 13203 4400.946604 140.830291
21.002268 4375.000000 13009 4335.819280 138.746217
21.001027 4375.000000 13207 4401.963179 140.862822
21.002601 4375.000000 13216 4404.877292 140.956073
21.002363 4375.000000 13272 4423.270850 141.544667
21.002737 4375.000000 13232 4409.743175 141.111782
21.003550 4375.000000 12949 4315.949073 138.110370
21.002366 4375.000000 13035 4344.933060 139.037858
21.002764 4375.000000 13380 4459.680057 142.709762
21.003302 4375.000000 12988 4328.432927 138.509854
21.003596 4375.000000 12952 4316.647294 138.132713
21.002714 4375.000000 12928 4309.094673 137.891030
21.002028 4375.000000 13122 4373.870487 139.963856
21.003223 4375.000000 13044 4347.852719 139.131287
21.002624 4375.000000 13112 4370.570402 139.858253
21.002140 4375.000000 13144 4381.265426 140.200494
21.004133 4375.000000 13057 4352.252023 139.272065
21.002985 4375.000000 13028 4342.528126 138.960900
21.003044 4375.000000 13056 4351.840438 139.258894
21.002720 4375.000000 12949 4316.304321 138.121738
21.004691 4375.000000 13159 4386.307771 140.361849
21.003734 4375.000000 13236 4411.972081 141.183107
21.002294 4375.000000 13283 4427.602309 141.683274
21.004389 4375.000000 13200 4399.887042 140.796385
24.000755 4375.000000 12958 4319.126667 138.212053
24.001185 4375.000000 12967 4322.217502 138.310960
24.002394 4375.000000 13060 4352.597247 139.283112
24.002879 4375.000000 13316 4438.495647 142.031861
24.002069 4375.000000 12939 4312.900105 138.012803
24.002096 4375.000000 13087 4362.282492 139.593040
24.002245 4375.000000 13005 4334.015647 138.688501
24.002920 4375.000000 13144 4380.382017 140.172225
24.001038 4375.000000 13161 4386.984285 140.383497
24.002816 4375.000000 12891 4296.355293 137.483369
24.002881 4375.000000 13071 4356.183830 139.397883
24.002919 4375.000000 13127 4375.367953 140.011774
24.002751 4375.000000 13384 4461.312531 142.762001
24.003006 4375.000000 13091 4363.112146 139.619589
24.002737 4375.000000 13074 4357.801960 139.449663
24.002371 4375.000000 13142 4380.622767 140.179929
24.003275 4375.000000 13324 4441.201523 142.118449
24.002450 4375.000000 13097 4365.539419 139.697261
24.002396 4375.000000 13133 4377.293156 140.073381
24.003465 4375.000000 13281 4426.643661 141.652597
24.003555 4375.000000 13350 4449.991631 142.399732
24.003654 4375.000000 13065 4354.488425 139.343630
24.003695 4375.000000 13079 4359.522214 139.504711
24.002037 4375.000000 13178 4392.654196 140.564934
24.003281 4375.000000 13025 4341.323878 138.922364
24.002988 4375.000000 13247 4415.662145 141.301189
24.004343 4375.000000 13007 4335.362854 138.731611
24.003674 4375.000000 13179 4391.603713 140.531319
24.005215 4375.000000 13325 4440.890494 142.108496
24.003766 4375.000000 13131 4376.952510 140.062480
24.002409 4375.000000 12677 4225.504588 135.216147
24.004542 4375.000000 13030 4343.111012 138.979552
27.000903 4375.000000 12961 4320.121019 138.243873
27.002233 4375.000000 13125 4373.472167 139.951109
27.002398 4375.000000 13206 4401.557780 140.849849
27.002895 4375.000000 12808 4268.408664 136.589077
27.002446 4375.000000 13273 4424.255557 141.576178
27.002591 4375.000000 13151 4382.903823 140.252922
27.001061 4375.000000 13241 4413.633303 141.236266
27.002578 4375.000000 13019 4339.402863 138.860892
27.002880 4375.000000 13238 4412.457239 141.198632
27.003198 4375.000000 13073 4357.204191 139.430534
27.003005 4375.000000 12973 4324.153725 138.372919
27.003509 4375.000000 13117 4371.228968 139.879327
27.002962 4375.000000 13287 4428.784867 141.721116
27.002949 4375.000000 12969 4322.167825 138.309370
27.003341 4375.000000 13251 4416.379345 141.324139
27.002986 4375.000000 13404 4467.899391 142.972780
27.002087 4375.000000 13000 4333.261218 138.664359
27.003607 4375.000000 13015 4338.126578 138.820051
27.003828 4375.000000 12784 4261.144903 136.356637
27.002488 4375.000000 13037 4345.611096 139.059555
27.003328 4375.000000 13213 4404.256021 140.936193
27.003028 4375.000000 13150 4383.301235 140.265640
27.003851 4375.000000 13043 4347.381531 139.116209
27.003820 4375.000000 13045 4347.949226 139.134375
27.003247 4375.000000 12953 4317.294419 138.153421
27.003373 4375.000000 13112 4370.532055 139.857026
27.004960 4375.000000 12928 4308.447382 137.870316
27.004034 4375.000000 13211 4403.137991 140.900416
27.005235 4375.000000 13159 4386.304150 140.361733
27.003970 4375.000000 13149 4382.702395 140.246477
27.002460 4375.000000 13347 4448.923508 142.365552
27.005290 4375.000000 12994 4330.254468 138.568143
#type       avg     std     min     5th    10th    90th    95th    99th
read      553.8   272.1    41.1   108.4   146.3   839.3   881.6  1034.9
update    555.4   267.6    45.3   113.2   151.0   840.8   886.2  1056.1
op_q        3.7     2.2     1.0     1.0     1.1     6.9     7.6    10.3

Total QPS = 233167.6 (6995027 / 30.0s)

Misses = 0 (0.0%)
Skipped TXs = 0 (0.0%)

RX 1209459612 bytes :   38.4 MB/s
TX  774957479 bytes :   24.6 MB/s
