3.001580 4687.500000 14145 4712.518198 150.800582
3.000539 4687.500000 14222 4739.814512 151.674064
3.000277 4687.500000 13924 4640.905200 148.508966
3.000276 4687.500000 13942 4646.906296 148.701001
3.000037 4687.500000 14121 4706.942342 150.622155
3.000093 4687.500000 14011 4670.188974 149.446047
3.000235 4687.500000 14038 4678.967282 149.726953
3.000394 4687.500000 13890 4629.392372 148.140556
3.000078 4687.500000 14071 4690.212057 150.086786
3.000220 4687.500000 14006 4668.324519 149.386385
3.000836 4687.500000 14125 4707.022310 150.624714
3.000096 4687.500000 13853 4617.519461 147.760623
3.000015 4687.500000 13873 4624.310816 147.977946
3.000134 4687.500000 14488 4829.118427 154.531790
3.000067 4687.500000 14427 4808.892041 153.884545
3.000581 4687.500000 13936 4644.433962 148.621887
3.000950 4687.500000 14068 4687.849478 150.011183
3.000190 4687.500000 13890 4629.706497 148.150608
3.000064 4687.500000 14051 4683.566261 149.874120
3.000477 4687.500000 14105 4700.919261 150.429416
3.000086 4687.500000 13979 4659.533062 149.105058
3.000116 4687.500000 13888 4629.153612 148.132916
3.000162 4687.500000 13924 4641.082318 148.514634
3.000022 4687.500000 14288 4762.631733 152.404215
3.000150 4687.500000 14031 4676.765467 149.656495
3.000036 4687.500000 14082 4693.943664 150.206197
3.000306 4687.500000 14007 4668.523178 149.392742
3.000662 4687.500000 14037 4677.967043 149.694945
3.000100 4687.500000 13930 4643.177901 148.581693
3.000146 4687.500000 13864 4621.107989 147.875456
3.000648 4687.500000 14082 4692.986150 150.175557
3.000090 4687.500000 13927 4642.194413 148.550221
6.000517 4687.500000 14017 4671.649548 149.492786
6.000124 4687.500000 14064 4687.863643 150.011637
6.000440 4687.500000 14024 4674.347563 149.579122
6.000350 4687.500000 14100 4699.885208 150.396327
6.000174 4687.500000 14167 4722.166211 151.109319
6.000142 4687.500000 14213 4737.653303 151.604906
6.000073 4687.500000 13866 4621.986781 147.903577
6.000226 4687.500000 14041 4680.161903 149.765181
6.000408 4687.500000 13967 4655.327947 148.970494
6.000271 4687.500000 14125 4708.043316 150.657386
6.000632 4687.500000 14033 4676.915784 149.661305
6.000427 4687.500000 14139 4712.674588 150.805587
6.000358 4687.500000 14235 4744.592202 151.826950
6.001014 4687.500000 14026 4674.367613 149.579764
6.000864 4687.500000 14087 4695.621879 150.259900
6.000357 4687.500000 14054 4684.539643 149.905269
6.000133 4687.500000 13872 4623.850146 147.963205
6.000496 4687.500000 14046 4681.971085 149.823075
6.000308 4687.500000 13961 4653.332893 148.906653
6.000163 4687.500000 13907 4635.640267 148.340489
6.000788 4687.500000 14036 4678.344174 149.707014
6.001514 4687.500000 14057 4683.452701 149.870486
6.000133 4687.500000 13919 4639.484258 148.463496
6.000368 4687.500000 14141 4713.122921 150.819933
6.000761 4687.500000 14166 4721.651330 151.092843
6.000344 4687.500000 14211 4736.940268 151.582089
6.000966 4687.500000 13998 4665.974173 149.311174
6.001257 4687.500000 14024 4673.740357 149.559691
6.000878 4687.500000 14206 4734.203144 151.494501
6.001706 4687.500000 13918 4639.138935 148.452446
6.000709 4687.500000 14032 4677.237621 149.671604
6.000138 4687.500000 13985 4661.591804 149.170938
9.000381 4687.500000 14244 4747.951696 151.934454
9.000315 4687.500000 14256 4751.725748 152.055224
9.000452 4687.500000 13986 4661.410825 149.165146
9.001186 4687.500000 13843 4613.679787 147.637753
9.000657 4687.500000 14062 4686.501042 149.968033
9.000471 4687.500000 14276 4758.407232 152.269031
9.000426 4687.500000 13951 4650.243518 148.807793
9.000452 4687.500000 14224 4741.314215 151.722055
9.000167 4687.500000 14236 4745.278252 151.848904
9.000664 4687.500000 14276 4758.290805 152.265306
9.000445 4687.500000 13784 4594.532693 147.025046
9.000639 4687.500000 13913 4637.028990 148.384928
9.000254 4687.500000 14122 4707.144501 150.628624
9.001239 4687.500000 14132 4709.533034 150.705057
9.001489 4687.500000 14061 4684.945068 149.918242
9.001034 4687.500000 13946 4648.285539 148.745137
9.000832 4687.500000 13987 4661.675956 149.173631
9.000437 4687.500000 14121 4706.875875 150.620028
9.001009 4687.500000 14080 4693.267088 150.184547
9.000186 4687.500000 13788 4595.965877 147.070908
9.000488 4687.500000 13930 4643.110219 148.579527
9.003441 4687.500000 14266 4750.885217 152.028327
9.000353 4687.500000 14004 4667.871479 149.371887
9.000913 4687.500000 13988 4662.590754 149.202904
9.001713 4687.500000 14481 4826.988646 154.463637
9.001613 4687.500000 14323 4774.175642 152.773621
9.001528 4687.500000 13774 4590.918026 146.909377
9.001054 4687.500000 13938 4645.936630 148.669972
9.000781 4687.500000 14351 4783.212159 153.062789
9.001097 4687.500000 14142 4713.656355 150.837003
9.000837 4687.500000 13952 4650.468874 148.815004
9.000150 4687.500000 14026 4675.315049 149.610082
12.000271 4687.500000 14201 4733.502709 151.472087
12.000390 4687.500000 13948 4649.217817 148.774970
12.000690 4687.500000 14098 4698.990715 150.367703
12.000831 4687.500000 13999 4665.632123 149.300228
12.000942 4687.500000 14168 4722.229724 151.111351
12.000567 4687.500000 14080 4693.152831 150.180891
12.000246 4687.500000 14286 4761.904033 152.380929
12.001089 4687.500000 13935 4643.973414 148.607149
12.000419 4687.500000 13924 4641.077810 148.514490
12.000912 4687.500000 14001 4666.602845 149.331291
12.000528 4687.500000 14051 4683.536088 149.873155
12.001356 4687.500000 14036 4677.975556 149.695218
12.001810 4687.500000 14144 4712.533326 150.801066
12.000542 4687.500000 14222 4740.501405 151.696045
12.001095 4687.500000 14164 4721.237285 151.079593
12.001033 4687.500000 14180 4726.627821 151.252090
12.001464 4687.500000 14209 4735.894469 151.548623
12.001286 4687.500000 14311 4769.965732 152.638903
12.000621 4687.500000 13985 4661.250508 149.160016
12.000834 4687.500000 14222 4740.358050 151.691458
12.000555 4687.500000 14157 4718.895101 151.004643
12.001332 4687.500000 14212 4737.186469 151.589967
12.001354 4687.500000 14154 4717.178583 150.949715
12.001749 4687.500000 13970 4655.163353 148.965227
12.001836 4687.500000 14153 4717.472204 150.959111
12.001713 4687.500000 14296 4765.039532 152.481265
12.001632 4687.500000 14209 4736.302443 151.561678
12.001675 4687.500000 14035 4678.044656 149.697429
12.001124 4687.500000 14278 4759.291390 152.297324
12.001222 4687.500000 14150 4716.061953 150.913983
12.003459 4687.500000 13973 4657.638585 149.044435
12.000425 4687.500000 14035 4677.903487 149.692912
15.000309 4687.500000 14133 4710.901279 150.748841
15.000632 4687.500000 13852 4617.233814 147.751482
15.000679 4687.500000 14074 4691.119277 150.115817
15.000704 4687.500000 13700 4566.540211 146.129287
15.000965 4687.500000 14026 4674.905725 149.596983
15.000925 4687.500000 14088 4695.979790 150.271353
15.000457 4687.500000 14066 4688.561365 150.033964
15.001136 4687.500000 13981 4659.389823 149.100474
15.000320 4687.500000 14080 4693.257317 150.184234
15.001358 4687.500000 14169 4722.344004 151.115008
15.001588 4687.500000 14133 4710.128574 150.724114
15.001651 4687.500000 13963 4653.470945 148.911070
15.000848 4687.500000 14073 4690.979025 150.111329
15.001375 4687.500000 14218 4739.264332 151.656459
15.000505 4687.500000 14037 4678.865046 149.723681
15.000883 4687.500000 14065 4688.252710 150.024087
15.001471 4687.500000 13939 4646.046271 148.673481
15.001722 4687.500000 14098 4698.756763 150.360216
15.001800 4687.500000 14161 4719.804654 151.033749
15.002036 4687.500000 14211 4736.684992 151.573920
15.000581 4687.500000 13980 4659.960504 149.118736
15.001797 4687.500000 14273 4757.472232 152.239111
15.001781 4687.500000 14152 4716.665874 150.933308
15.002515 4687.500000 14082 4692.801618 150.169652
15.001665 4687.500000 13929 4642.949361 148.574380
15.001090 4687.500000 13884 4627.998378 148.095948
15.001899 4687.500000 14125 4708.042183 150.657350
15.002059 4687.500000 14047 4681.945717 149.822263
15.001268 4687.500000 14060 4686.440955 149.966111
15.001639 4687.500000 14324 4774.002941 152.768094
15.004068 4687.500000 14112 4703.044926 150.497438
15.000591 4687.500000 14071 4690.073717 150.082359
18.000478 4687.500000 14175 4724.967403 151.198957
18.001068 4687.500000 14338 4778.437133 152.909988
18.000440 4687.500000 14107 4702.128179 150.468102
18.000393 4687.500000 14244 4747.884040 151.932289
18.000758 4687.500000 14006 4668.469835 149.391035
18.001346 4687.500000 14162 4720.004272 151.040137
18.001081 4687.500000 13881 4626.694262 148.054216
18.000731 4687.500000 14120 4706.585170 150.610725
18.001243 4687.500000 14252 4750.496725 152.015895
18.000902 4687.500000 13982 4660.582689 149.138646
18.001255 4687.500000 14013 4670.548362 149.457548
18.001667 4687.500000 14000 4666.187036 149.317985
18.002633 4687.500000 14178 4725.815463 151.226095
18.001663 4687.500000 14148 4715.882206 150.908231
18.002131 4687.500000 14048 4682.553506 149.841712
18.001811 4687.500000 14144 4714.648893 150.868765
18.000830 4687.500000 13847 4615.283277 147.689065
18.001421 4687.500000 14075 4691.595634 150.131060
18.000731 4687.500000 14311 4770.290914 152.649309
18.002380 4687.500000 13631 4543.145132 145.380644
18.001177 4687.500000 13861 4620.199576 147.846386
18.001861 4687.500000 13901 4633.452401 148.270477
18.001908 4687.500000 14031 4676.802300 149.657674
18.003393 4687.500000 14056 4682.333678 149.834678
18.001755 4687.500000 13854 4617.838846 147.770843
18.001695 4687.500000 14132 4710.619481 150.739823
18.001713 4687.500000 13775 4590.985047 146.911522
18.002024 4687.500000 14268 4755.640543 152.180497
18.001905 4687.500000 14074 4691.324212 150.122375
18.001810 4687.500000 13945 4648.067736 148.738168
18.004140 4687.500000 13947 4648.889075 148.764450
18.000759 4687.500000 14005 4668.072398 149.378317
21.000418 4687.500000 14321 4773.627054 152.756066
21.001849 4687.500000 13683 4560.234944 145.927518
21.000983 4687.500000 13899 4632.653198 148.244902
21.001625 4687.500000 13988 4662.072531 149.186321
21.001434 4687.500000 13984 4660.784905 149.145117
21.001103 4687.500000 13924 4640.365685 148.491702
21.001276 4687.500000 14267 4755.632712 152.180247
21.000904 4687.500000 13861 4619.618474 147.827791
21.001733 4687.500000 14178 4725.889629 151.228468
21.001464 4687.500000 14096 4698.599905 150.355197
21.002038 4687.500000 14053 4683.979895 149.887357
21.002220 4687.500000 13817 4605.186557 147.365970
21.001333 4687.500000 14073 4690.584999 150.098720
21.001218 4687.500000 14224 4740.832969 151.706655
21.000756 4687.500000 13971 4656.960768 149.022745
21.002161 4687.500000 14061 4686.600118 149.971204
21.001243 4687.500000 13958 4652.025768 148.864825
21.001202 4687.500000 14065 4688.294738 150.025432
21.002039 4687.500000 14098 4698.795241 150.361448
21.001310 4687.500000 14022 4673.097649 149.539125
21.002121 4687.500000 14277 4758.845657 152.283061
21.001710 4687.500000 14025 4674.932054 149.597826
21.001799 4687.500000 14129 4709.597510 150.707120
21.001864 4687.500000 14042 4680.661185 149.781158
21.002525 4687.500000 14076 4691.384003 150.124288
21.001843 4687.500000 14019 4672.798900 149.529565
21.002809 4687.500000 13813 4603.675077 147.317602
21.002638 4687.500000 14215 4738.324552 151.626386
21.003446 4687.500000 13814 4604.584700 147.346710
21.001877 4687.500000 14279 4759.560287 152.305929
21.004367 4687.500000 14456 4818.301853 154.185659
21.000780 4687.500000 13939 4646.301242 148.681640
24.000870 4687.500000 14065 4687.627519 150.004081
24.001138 4687.500000 13973 4657.612553 149.043602
24.000925 4687.500000 14242 4747.065432 151.906094
24.001119 4687.500000 13879 4626.122658 148.035925
24.001795 4687.500000 14145 4714.866449 150.875726
24.001913 4687.500000 13859 4618.930139 147.805764
24.001013 4687.500000 13997 4665.496541 149.295889
24.001243 4687.500000 14273 4757.627018 152.244065
24.002059 4687.500000 14252 4749.723846 151.991163
24.001715 4687.500000 13979 4659.527703 149.104886
24.001606 4687.500000 13910 4636.157354 148.357035
24.001216 4687.500000 14409 4802.976614 153.695252
24.001339 4687.500000 13890 4629.991245 148.159720
24.002615 4687.500000 13992 4663.859885 149.243516
24.001431 4687.500000 14072 4690.372334 150.091915
24.001983 4687.500000 14013 4670.791674 149.465334
24.002542 4687.500000 14135 4711.006031 150.752193
24.002076 4687.500000 14090 4696.606367 150.291404
24.002043 4687.500000 13808 4602.190920 147.270109
24.002314 4687.500000 14347 4782.089772 153.026873
24.001812 4687.500000 14302 4767.313493 152.554032
24.003038 4687.500000 14161 4719.047697 151.009526
24.001520 4687.500000 14330 4776.333352 152.842667
24.002012 4687.500000 14223 4740.766111 151.704516
24.002161 4687.500000 14021 4673.475747 149.551224
24.003027 4687.500000 14016 4671.660126 149.493124
24.001993 4687.500000 14258 4752.429170 152.077733
24.003055 4687.500000 14115 4704.345819 150.539066
24.003552 4687.500000 13814 4604.504797 147.344154
24.002690 4687.500000 14113 4703.059999 150.497920
24.004429 4687.500000 14127 4708.903030 150.684897
24.000812 4687.500000 14160 4719.948628 151.038356
27.001221 4687.500000 13976 4658.538131 149.073220
27.001129 4687.500000 13962 4653.984723 148.927511
27.001170 4687.500000 14244 4747.752392 151.928077
27.000971 4687.500000 13981 4660.261936 149.128382
27.001111 4687.500000 14019 4672.624005 149.523968
27.002000 4687.500000 14060 4685.916321 149.949322
27.001345 4687.500000 14140 4713.174007 150.821568
27.001803 4687.500000 14106 4701.987798 150.463610
27.001472 4687.500000 14169 4722.790195 151.129286
27.002710 4687.500000 14090 4695.623826 150.259962
27.002055 4687.500000 14145 4714.933263 150.877864
27.001822 4687.500000 14275 4758.316830 152.266139
27.004540 4687.500000 14269 4752.430824 152.077786
27.002746 4687.500000 14143 4713.254846 150.824155
27.001769 4687.500000 14312 4770.580972 152.658591
27.001463 4687.500000 14014 4671.284063 149.481090
27.001639 4687.500000 13920 4639.949102 148.478371
27.002005 4687.500000 14086 4695.189075 150.246050
27.002438 4687.500000 14084 4693.954731 150.206551
27.002071 4687.500000 14191 4728.986996 151.327584
27.002420 4687.500000 14058 4685.833754 149.946680
27.002763 4687.500000 14001 4666.769398 149.336621
27.003966 4687.500000 14222 4738.417255 151.629352
27.002207 4687.500000 14158 4719.260837 151.016347
27.003049 4687.500000 14161 4720.298804 151.049562
27.002497 4687.500000 14119 4705.542069 150.577346
27.003739 4687.500000 14412 4803.700850 153.718427
27.003303 4687.500000 14008 4668.947635 149.406324
27.003320 4687.500000 14005 4667.893638 149.372596
27.004671 4687.500000 14119 4705.952981 150.590495
27.002927 4687.500000 14154 4717.626300 150.964042
27.001032 4687.500000 13838 4612.329511 147.594544
#type       avg     std     min     5th    10th    90th    95th    99th
read     1220.3   299.5   228.8   799.5   836.3  1518.2  1562.7  2077.1
update   1219.3   295.3   228.8   799.6   836.3  1518.1  1562.3  2078.8
op_q        7.6     3.2     1.0     2.9     3.9    12.1    13.0    16.6

Total QPS = 300064.1 (9001925 / 30.0s)

Misses = 0 (0.0%)
Skipped TXs = 0 (0.0%)

RX 1551940578 bytes :   49.3 MB/s
TX  996694011 bytes :   31.7 MB/s
