3.000128 4166.666667 12377 4125.491069 132.015714
3.000505 4166.666667 12280 4092.644111 130.964612
3.000374 4166.666667 12354 4117.487122 131.759588
3.000381 4166.666667 12589 4195.799854 134.265595
3.000854 4166.666667 12488 4161.481429 133.167406
3.000185 4166.666667 12664 4221.072418 135.074317
3.000193 4166.666667 12739 4246.060454 135.873935
3.000268 4166.666667 12598 4198.958030 134.366657
3.000569 4166.666667 12458 4151.878657 132.860117
3.000166 4166.666667 12533 4177.435160 133.677925
3.000051 4166.666667 12794 4264.593643 136.466997
3.000063 4166.666667 12461 4153.579063 132.914530
3.000057 4166.666667 12527 4175.587402 133.618797
3.000583 4166.666667 12602 4199.849997 134.395200
3.000142 4166.666667 12412 4137.137476 132.388399
3.000116 4166.666667 12614 4204.504621 134.544148
3.000022 4166.666667 12312 4103.969908 131.327037
3.000108 4166.666667 12600 4199.848364 134.395148
3.000052 4166.666667 12618 4205.927661 134.589685
3.000429 4166.666667 12362 4120.076903 131.842461
3.000058 4166.666667 12437 4145.586823 132.658778
3.000013 4166.666667 12612 4203.981581 134.527411
3.000168 4166.666667 12634 4211.097181 134.755110
3.000506 4166.666667 12302 4099.975142 131.199205
3.000058 4166.666667 12342 4113.920623 131.645460
3.000373 4166.666667 12129 4042.497402 129.359917
3.000686 4166.666667 12259 4085.399164 130.732773
3.000032 4166.666667 12520 4173.288936 133.545246
3.000262 4166.666667 12420 4139.639146 132.468453
3.000174 4166.666667 12419 4139.426467 132.461647
3.000338 4166.666667 12454 4150.865113 132.827684
3.000066 4166.666667 12347 4115.576589 131.698451
6.000158 4166.666667 12354 4117.870240 131.771848
6.001586 4166.666667 12544 4179.936498 133.757968
6.000394 4166.666667 12341 4113.494647 131.631829
6.000307 4166.666667 12613 4204.055007 134.529760
6.000057 4166.666667 12499 4166.325954 133.322431
6.000606 4166.666667 12272 4089.857760 130.875448
6.000215 4166.666667 12481 4160.211902 133.126781
6.000924 4166.666667 12807 4268.403616 136.588916
6.000547 4166.666667 12449 4149.426530 132.781649
6.000146 4166.666667 12597 4198.876029 134.364033
6.000347 4166.666667 12515 4171.441872 133.486140
6.000924 4166.666667 12133 4043.157330 129.381035
6.000103 4166.666667 12705 4234.936794 135.517977
6.000350 4166.666667 12259 4086.119452 130.755822
6.000499 4166.666667 12681 4226.497258 135.247912
6.000032 4166.666667 12335 4111.653348 131.572907
6.000406 4166.666667 12550 4182.998736 133.855960
6.000545 4166.666667 12496 4165.106811 133.283418
6.000175 4166.666667 12298 4099.252158 131.176069
6.000504 4166.666667 12675 4224.894582 135.196627
6.000591 4166.666667 12502 4167.032070 133.345026
6.000522 4166.666667 12486 4161.355902 133.163389
6.000898 4166.666667 12553 4183.315710 133.866103
6.000807 4166.666667 12492 4163.670891 133.237469
6.000082 4166.666667 12547 4182.262836 133.832411
6.001442 4166.666667 12422 4139.856063 132.475394
6.000269 4166.666667 12767 4255.655433 136.180974
6.001513 4166.666667 12452 4149.274382 132.776780
6.000944 4166.666667 12532 4176.973538 133.663153
6.000755 4166.666667 12530 4175.857982 133.627455
6.000467 4166.666667 12646 4215.152856 134.884891
6.000094 4166.666667 12452 4150.627153 132.820069
9.000560 4166.666667 12569 4189.581351 134.066603
9.001098 4166.666667 12614 4203.955336 134.526571
9.000614 4166.666667 12387 4128.395901 132.108669
9.000149 4166.666667 12536 4178.602222 133.715271
9.000199 4166.666667 12345 4114.804975 131.673759
9.000855 4166.666667 12534 4177.028753 133.664920
9.000837 4166.666667 12429 4142.958345 132.574667
9.000170 4166.666667 12522 4173.966011 133.566912
9.000772 4166.666667 12610 4202.366848 134.475739
9.000743 4166.666667 12674 4223.923740 135.165560
9.000527 4166.666667 12422 4140.483165 132.495461
9.000647 4166.666667 12390 4129.859381 132.155500
9.003694 4166.666667 12557 4181.221118 133.799076
9.000719 4166.666667 12443 4147.156647 132.709013
9.000722 4166.666667 12393 4130.841443 132.186926
9.000369 4166.666667 12210 4069.916015 130.237312
9.000060 4166.666667 12467 4155.627530 132.980081
9.000493 4166.666667 12635 4211.545093 134.769443
9.002177 4166.666667 12486 4161.079087 133.154531
9.000454 4166.666667 12630 4209.850688 134.715222
9.000563 4166.666667 12585 4194.977414 134.239277
9.000291 4166.666667 12275 4091.636894 130.932381
9.000991 4166.666667 12659 4219.573060 135.026338
9.000995 4166.666667 12492 4163.901803 133.244858
9.000661 4166.666667 12555 4184.805739 133.913784
9.001057 4166.666667 12488 4162.446152 133.198277
9.000938 4166.666667 12686 4228.408689 135.309078
9.000839 4166.666667 12578 4192.146867 134.148700
9.002371 4166.666667 12657 4217.896777 134.972697
9.001491 4166.666667 12401 4133.598380 132.275148
9.001176 4166.666667 12545 4181.343729 133.802999
9.000138 4166.666667 12577 4192.272835 134.152731
12.000754 4166.666667 12633 4210.984797 134.751514
12.000432 4166.666667 12616 4205.244815 134.567834
12.000187 4166.666667 12396 4131.947765 132.222328
12.000320 4166.666667 12426 4141.833603 132.538675
12.000586 4166.666667 12693 4230.963805 135.390842
12.000454 4166.666667 12859 4285.928242 137.149704
12.000088 4166.666667 12488 4162.627100 133.204067
12.000626 4166.666667 12556 4185.194616 133.926228
12.001786 4166.666667 12681 4225.501205 135.216039
12.001099 4166.666667 12669 4222.316791 135.114137
12.000640 4166.666667 12596 4198.460722 134.350743
12.001094 4166.666667 12383 4127.531115 132.080996
12.000736 4166.666667 12361 4120.210297 131.846730
12.000804 4166.666667 12512 4170.548458 133.457551
12.000461 4166.666667 12466 4155.323132 132.970340
12.000359 4166.666667 12271 4090.241654 130.887733
12.001669 4166.666667 12749 4248.514342 135.952459
12.000616 4166.666667 12439 4146.259435 132.680302
12.001057 4166.666667 12572 4190.574168 134.098373
12.001334 4166.666667 12756 4251.665361 136.053292
12.001176 4166.666667 12374 4124.200830 131.974427
12.000911 4166.666667 12556 4185.139769 133.924473
12.000754 4166.666667 12766 4255.202610 136.166484
12.001205 4166.666667 12367 4122.129269 131.908137
12.001573 4166.666667 12538 4179.219395 133.735021
12.000941 4166.666667 12764 4254.662509 136.149200
12.001425 4166.666667 12705 4234.648954 135.508767
12.002216 4166.666667 12264 4087.945962 130.814271
12.002961 4166.666667 12516 4171.179591 133.477747
12.000873 4166.666667 12341 4113.619294 131.635817
12.003803 4166.666667 12454 4151.182795 132.837849
12.000180 4166.666667 12547 4182.274351 133.832779
15.000388 4166.666667 12478 4159.237903 133.095613
15.000324 4166.666667 12547 4182.141369 133.828524
15.001251 4166.666667 12205 4067.635241 130.164328
15.000176 4166.666667 12487 4162.211473 133.190767
15.000903 4166.666667 12394 4130.952131 132.190468
15.000861 4166.666667 12322 4106.786247 131.417160
15.000755 4166.666667 12305 4101.509199 131.248294
15.000471 4166.666667 12412 4137.309540 132.393905
15.000439 4166.666667 12562 4187.323700 133.994358
15.000613 4166.666667 12573 4190.961203 134.110758
15.001515 4166.666667 12866 4288.064343 137.218059
15.000785 4166.666667 12662 4220.622159 135.059909
15.000581 4166.666667 12445 4148.025983 132.736831
15.000887 4166.666667 12571 4190.217800 134.086970
15.001204 4166.666667 12639 4212.792548 134.809362
15.001487 4166.666667 12486 4161.462629 133.166804
15.001815 4166.666667 12638 4212.461248 134.798760
15.001097 4166.666667 12504 4167.332198 133.354630
15.001182 4166.666667 12469 4156.324744 133.002392
15.001426 4166.666667 12662 4220.537961 135.057215
15.000996 4166.666667 12272 4090.550736 130.897624
15.001786 4166.666667 12435 4144.197362 132.614316
15.001929 4166.666667 12624 4207.500287 134.640009
15.000790 4166.666667 12275 4091.616951 130.931742
15.002060 4166.666667 12562 4186.447379 133.966316
15.002450 4166.666667 12400 4132.417797 132.237369
15.000951 4166.666667 12410 4136.653537 132.372913
15.002276 4166.666667 12569 4189.583123 134.066660
15.003423 4166.666667 12480 4159.358250 133.099464
15.004062 4166.666667 12415 4137.975054 132.415202
15.002108 4166.666667 12461 4151.957403 132.862637
15.000254 4166.666667 12454 4151.230573 132.839378
18.001511 4166.666667 12608 4202.303337 134.473707
18.001858 4166.666667 12431 4142.764573 132.568466
18.001101 4166.666667 12695 4230.979355 135.391339
18.000737 4166.666667 12528 4175.514567 133.616466
18.000618 4166.666667 12413 4137.262494 132.392400
18.001067 4166.666667 12380 4126.279005 132.040928
18.000562 4166.666667 12744 4247.871077 135.931874
18.000495 4166.666667 12530 4176.222558 133.639122
18.001246 4166.666667 12666 4220.864199 135.067654
18.001063 4166.666667 12503 4167.421434 133.357486
18.001319 4166.666667 12522 4173.421275 133.549481
18.001263 4166.666667 12816 4271.763402 136.696429
18.000945 4166.666667 12733 4244.065397 135.810093
18.000710 4166.666667 12548 4182.486675 133.839574
18.000993 4166.666667 12550 4183.050874 133.857628
18.000863 4166.666667 12522 4173.996081 133.567875
18.001240 4166.666667 12639 4212.917572 134.813362
18.001523 4166.666667 12502 4167.322142 133.354309
18.001534 4166.666667 12400 4133.268241 132.264584
18.001478 4166.666667 12303 4100.928742 131.229720
18.002601 4166.666667 12409 4135.249908 132.327997
18.001354 4166.666667 12555 4184.500939 133.904030
18.001056 4166.666667 12452 4150.520107 132.816643
18.001989 4166.666667 12409 4136.053730 132.353719
18.002082 4166.666667 12383 4127.456792 132.078617
18.002619 4166.666667 12137 4045.438975 129.454047
18.002567 4166.666667 12632 4210.257876 134.728252
18.002190 4166.666667 12641 4213.483221 134.831463
18.003513 4166.666667 12529 4176.208636 133.638676
18.004190 4166.666667 12454 4151.156726 132.837015
18.002147 4166.666667 12275 4091.614486 130.931664
18.000793 4166.666667 12692 4229.906539 135.357009
21.002948 4166.666667 12570 4186.915011 133.981280
21.001261 4166.666667 12244 4080.583041 130.578657
21.000702 4166.666667 12524 4174.471813 133.583098
21.001274 4166.666667 12556 4185.295191 133.929446
21.001132 4166.666667 12625 4208.070969 134.658271
21.001069 4166.666667 12435 4144.715801 132.630906
21.000595 4166.666667 12469 4156.194953 132.998239
21.002962 4166.666667 12413 4134.435066 132.301922
21.001163 4166.666667 12624 4207.865017 134.651681
21.001580 4166.666667 12233 4077.589508 130.482864
21.001106 4166.666667 12484 4161.326514 133.162448
21.001532 4166.666667 12529 4176.036045 133.633153
21.001323 4166.666667 12383 4127.309058 132.073890
21.001546 4166.666667 12366 4121.906708 131.901015
21.001663 4166.666667 12681 4226.785163 135.257125
21.002443 4166.666667 12690 4228.718716 135.318999
21.001176 4166.666667 12499 4166.079063 133.314530
21.002445 4166.666667 12481 4159.519257 133.104616
21.003106 4166.666667 12497 4164.965939 133.278910
21.001340 4166.666667 12682 4227.225007 135.271200
21.001528 4166.666667 12415 4137.937272 132.413993
21.001643 4166.666667 12572 4190.262840 134.088411
21.002210 4166.666667 12567 4188.821088 134.042275
21.001180 4166.666667 12268 4089.164755 130.853272
21.002682 4166.666667 12439 4146.247006 132.679904
21.002022 4166.666667 12343 4114.289097 131.657251
21.002802 4166.666667 12359 4119.345024 131.819041
21.005192 4166.666667 12487 4160.943561 133.150194
21.002604 4166.666667 12461 4153.093502 132.898992
21.003531 4166.666667 12491 4163.641448 133.236526
21.002509 4166.666667 12558 4185.494190 133.935814
21.001179 4166.666667 12592 4196.793908 134.297405
24.000833 4166.666667 12421 4140.152372 132.484876
24.000687 4166.666667 12397 4132.207227 132.230631
24.001254 4166.666667 12506 4168.459860 133.390716
24.001852 4166.666667 12400 4132.958485 132.254672
24.001357 4166.666667 12496 4165.064538 133.282065
24.001324 4166.666667 12635 4211.396359 134.764683
24.001705 4166.666667 12570 4189.940837 134.078107
24.001339 4166.666667 12533 4177.290103 133.673283
24.001379 4166.666667 12351 4116.923733 131.741559
24.001565 4166.666667 12622 4207.287278 134.633193
24.003139 4166.666667 12387 4126.434663 132.045909
24.002200 4166.666667 12541 4179.396443 133.740686
24.001851 4166.666667 12254 4083.747993 130.679936
24.001573 4166.666667 12517 4171.900713 133.500823
24.001656 4166.666667 12561 4186.846223 133.979079
24.004649 4166.666667 12355 4116.216745 131.718936
24.001795 4166.666667 12396 4131.372945 132.203934
24.001743 4166.666667 12454 4150.554523 132.817745
24.002955 4166.666667 12659 4218.619444 134.995822
24.002533 4166.666667 12718 4239.205859 135.654587
24.002668 4166.666667 12536 4178.356185 133.707398
24.003207 4166.666667 12423 4140.641479 132.500527
24.002490 4166.666667 12612 4203.344030 134.507009
24.003062 4166.666667 12706 4235.193396 135.526189
24.001822 4166.666667 12659 4219.415193 135.021286
24.002789 4166.666667 12445 4148.185148 132.741925
24.003257 4166.666667 12493 4163.701529 133.238449
24.003592 4166.666667 12220 4073.251147 130.344037
24.002752 4166.666667 12471 4156.795999 133.017472
24.002668 4166.666667 12552 4183.778407 133.880909
24.005228 4166.666667 12595 4198.283792 134.345081
24.001192 4166.666667 12473 4157.648681 133.044758
27.001305 4166.666667 12530 4176.596223 133.651079
27.001468 4166.666667 12367 4122.181324 131.909802
27.001493 4166.666667 12482 4160.508390 133.136268
27.001052 4166.666667 12547 4182.027970 133.824895
27.001573 4166.666667 12527 4175.655207 133.620967
27.000825 4166.666667 12701 4233.471624 135.471092
27.001644 4166.666667 12559 4185.908966 133.949087
27.001413 4166.666667 12667 4222.207736 135.110648
27.001806 4166.666667 12476 4158.527611 133.072884
27.001739 4166.666667 12617 4205.550615 134.577620
27.001848 4166.666667 12681 4226.612348 135.251595
27.001912 4166.666667 12597 4198.915379 134.365292
27.002758 4166.666667 12598 4199.206435 134.374606
27.001837 4166.666667 12209 4069.539031 130.225249
27.001941 4166.666667 12381 4126.799035 132.057569
27.002570 4166.666667 12310 4102.827086 131.290467
27.002808 4166.666667 12534 4177.973424 133.695150
27.001823 4166.666667 12357 4118.997938 131.807934
27.002883 4166.666667 12645 4214.508972 134.864287
27.003159 4166.666667 12452 4150.638522 132.820433
27.003693 4166.666667 12511 4169.658053 133.429058
27.001853 4166.666667 12500 4166.662754 133.333208
27.003206 4166.666667 12323 4107.322514 131.434320
27.004663 4166.666667 12419 4137.727361 132.407276
27.003393 4166.666667 12662 4220.200001 135.046400
27.003061 4166.666667 12688 4228.528178 135.312902
27.002959 4166.666667 12558 4185.710200 133.942726
27.004055 4166.666667 12681 4226.347909 135.243133
27.002868 4166.666667 12643 4214.053215 134.849703
27.005175 4166.666667 12830 4275.916963 136.829343
27.005516 4166.666667 12492 4163.599515 133.235184
27.001575 4166.666667 12307 4101.809284 131.257897
#type       avg     std     min     5th    10th    90th    95th    99th
read      909.6   489.3   142.0   561.1   601.3  1150.1  1431.8  1657.2
update    912.2   497.2   142.0   561.2   601.3  1154.1  1442.3  1658.3
op_q        5.3     3.1     1.0     2.0     2.1     9.1    10.3    12.8

Total QPS = 300023.6 (9000708 / 30.0s)

Misses = 0 (0.0%)
Skipped TXs = 0 (0.0%)

RX 1555784142 bytes :   49.5 MB/s
TX  996737538 bytes :   31.7 MB/s
