Requests      [total, rate, throughput]         12, 10.91, 10.70
Duration      [total, attack, wait]             1.121s, 1.1s, 20.984ms
Latencies     [min, mean, 50, 90, 95, 99, max]  20.984ms, 21.486ms, 21.355ms, 22.104ms, 22.65ms, 22.741ms, 22.741ms
Bytes In      [total, mean]                     24, 2.00
Bytes Out     [total, mean]                     0, 0.00
Success       [ratio]                           100.00%
Status Codes  [code:count]                      200:12  
Error Set:
Requests      [total, rate, throughput]         22, 10.48, 10.37
Duration      [total, attack, wait]             2.122s, 2.1s, 21.465ms
Latencies     [min, mean, 50, 90, 95, 99, max]  20.984ms, 21.409ms, 21.326ms, 21.691ms, 22.195ms, 22.741ms, 22.741ms
Bytes In      [total, mean]                     44, 2.00
Bytes Out     [total, mean]                     0, 0.00
Success       [ratio]                           100.00%
Status Codes  [code:count]                      200:22  
Error Set:
Requests      [total, rate, throughput]         32, 10.32, 10.25
Duration      [total, attack, wait]             3.121s, 3.1s, 21.184ms
Latencies     [min, mean, 50, 90, 95, 99, max]  20.864ms, 21.353ms, 21.269ms, 21.598ms, 21.811ms, 22.741ms, 22.741ms
Bytes In      [total, mean]                     64, 2.00
Bytes Out     [total, mean]                     0, 0.00
Success       [ratio]                           100.00%
Status Codes  [code:count]                      200:32  
Error Set:
Requests      [total, rate, throughput]         42, 10.24, 10.19
Duration      [total, attack, wait]             4.122s, 4.1s, 21.561ms
Latencies     [min, mean, 50, 90, 95, 99, max]  20.864ms, 21.341ms, 21.269ms, 21.577ms, 21.711ms, 22.741ms, 22.741ms
Bytes In      [total, mean]                     84, 2.00
Bytes Out     [total, mean]                     0, 0.00
Success       [ratio]                           100.00%
Status Codes  [code:count]                      200:42  
Error Set:
Requests      [total, rate, throughput]         52, 10.20, 10.15
Duration      [total, attack, wait]             5.122s, 5.101s, 21.188ms
Latencies     [min, mean, 50, 90, 95, 99, max]  20.864ms, 21.331ms, 21.254ms, 21.573ms, 21.627ms, 22.723ms, 22.741ms
Bytes In      [total, mean]                     104, 2.00
Bytes Out     [total, mean]                     0, 0.00
Success       [ratio]                           100.00%
Status Codes  [code:count]                      200:52  
Error Set:
Requests      [total, rate, throughput]         62, 10.16, 10.13
Duration      [total, attack, wait]             6.121s, 6.1s, 21.166ms
Latencies     [min, mean, 50, 90, 95, 99, max]  20.864ms, 21.315ms, 21.248ms, 21.564ms, 21.603ms, 22.632ms, 22.741ms
Bytes In      [total, mean]                     124, 2.00
Bytes Out     [total, mean]                     0, 0.00
Success       [ratio]                           100.00%
Status Codes  [code:count]                      200:62  
Error Set:
Requests      [total, rate, throughput]         72, 10.14, 10.11
Duration      [total, attack, wait]             7.121s, 7.1s, 21.385ms
Latencies     [min, mean, 50, 90, 95, 99, max]  20.864ms, 21.315ms, 21.255ms, 21.564ms, 21.583ms, 22.541ms, 22.741ms
Bytes In      [total, mean]                     144, 2.00
Bytes Out     [total, mean]                     0, 0.00
Success       [ratio]                           100.00%
Status Codes  [code:count]                      200:72  
Error Set:
Requests      [total, rate, throughput]         82, 10.12, 10.10
Duration      [total, attack, wait]             8.121s, 8.1s, 21.054ms
Latencies     [min, mean, 50, 90, 95, 99, max]  20.864ms, 21.32ms, 21.275ms, 21.572ms, 21.624ms, 22.45ms, 22.741ms
Bytes In      [total, mean]                     164, 2.00
Bytes Out     [total, mean]                     0, 0.00
Success       [ratio]                           100.00%
Status Codes  [code:count]                      200:82  
Error Set:
Requests      [total, rate, throughput]         92, 10.11, 10.09
Duration      [total, attack, wait]             9.122s, 9.101s, 21.256ms
Latencies     [min, mean, 50, 90, 95, 99, max]  20.864ms, 21.318ms, 21.275ms, 21.564ms, 21.616ms, 22.359ms, 22.741ms
Bytes In      [total, mean]                     184, 2.00
Bytes Out     [total, mean]                     0, 0.00
Success       [ratio]                           100.00%
Status Codes  [code:count]                      200:92  
Error Set:
Requests      [total, rate, throughput]         102, 10.10, 10.08
Duration      [total, attack, wait]             10.121s, 10.1s, 21.327ms
Latencies     [min, mean, 50, 90, 95, 99, max]  20.782ms, 21.311ms, 21.293ms, 21.559ms, 21.598ms, 22.268ms, 22.741ms
Bytes In      [total, mean]                     204, 2.00
Bytes Out     [total, mean]                     0, 0.00
Success       [ratio]                           100.00%
Status Codes  [code:count]                      200:102  
Error Set:
Requests      [total, rate, throughput]         112, 10.09, 10.07
Duration      [total, attack, wait]             11.122s, 11.1s, 21.391ms
Latencies     [min, mean, 50, 90, 95, 99, max]  20.782ms, 21.325ms, 21.292ms, 21.562ms, 21.616ms, 23.041ms, 23.532ms
Bytes In      [total, mean]                     224, 2.00
Bytes Out     [total, mean]                     0, 0.00
Success       [ratio]                           100.00%
Status Codes  [code:count]                      200:112  
Error Set:
Requests      [total, rate, throughput]         122, 10.08, 10.07
Duration      [total, attack, wait]             12.121s, 12.1s, 21.091ms
Latencies     [min, mean, 50, 90, 95, 99, max]  20.782ms, 21.315ms, 21.267ms, 21.559ms, 21.598ms, 22.962ms, 23.532ms
Bytes In      [total, mean]                     244, 2.00
Bytes Out     [total, mean]                     0, 0.00
Success       [ratio]                           100.00%
Status Codes  [code:count]                      200:122  
Error Set:
Requests      [total, rate, throughput]         132, 10.08, 10.06
Duration      [total, attack, wait]             13.122s, 13.1s, 21.431ms
Latencies     [min, mean, 50, 90, 95, 99, max]  20.782ms, 21.311ms, 21.276ms, 21.558ms, 21.583ms, 22.883ms, 23.532ms
Bytes In      [total, mean]                     264, 2.00
Bytes Out     [total, mean]                     0, 0.00
Success       [ratio]                           100.00%
Status Codes  [code:count]                      200:132  
Error Set:
Requests      [total, rate, throughput]         142, 10.07, 10.06
Duration      [total, attack, wait]             14.122s, 14.101s, 21.346ms
Latencies     [min, mean, 50, 90, 95, 99, max]  20.782ms, 21.303ms, 21.276ms, 21.55ms, 21.578ms, 22.804ms, 23.532ms
Bytes In      [total, mean]                     284, 2.00
Bytes Out     [total, mean]                     0, 0.00
Success       [ratio]                           100.00%
Status Codes  [code:count]                      200:142  
Error Set:
Requests      [total, rate, throughput]         152, 10.07, 10.05
Duration      [total, attack, wait]             15.121s, 15.1s, 21.248ms
Latencies     [min, mean, 50, 90, 95, 99, max]  20.782ms, 21.292ms, 21.26ms, 21.542ms, 21.574ms, 22.723ms, 23.532ms
Bytes In      [total, mean]                     304, 2.00
Bytes Out     [total, mean]                     0, 0.00
Success       [ratio]                           100.00%
Status Codes  [code:count]                      200:152  
Error Set:
Requests      [total, rate, throughput]         162, 10.06, 10.05
Duration      [total, attack, wait]             16.121s, 16.1s, 21.083ms
Latencies     [min, mean, 50, 90, 95, 99, max]  20.782ms, 21.276ms, 21.248ms, 21.532ms, 21.573ms, 22.632ms, 23.532ms
Bytes In      [total, mean]                     324, 2.00
Bytes Out     [total, mean]                     0, 0.00
Success       [ratio]                           100.00%
Status Codes  [code:count]                      200:162  
Error Set:
Requests      [total, rate, throughput]         172, 10.06, 10.05
Duration      [total, attack, wait]             17.121s, 17.1s, 20.953ms
Latencies     [min, mean, 50, 90, 95, 99, max]  20.782ms, 21.268ms, 21.242ms, 21.522ms, 21.573ms, 22.541ms, 23.532ms
Bytes In      [total, mean]                     344, 2.00
Bytes Out     [total, mean]                     0, 0.00
Success       [ratio]                           100.00%
Status Codes  [code:count]                      200:172  
Error Set:
Requests      [total, rate, throughput]         182, 10.06, 10.04
Duration      [total, attack, wait]             18.121s, 18.1s, 21.018ms
Latencies     [min, mean, 50, 90, 95, 99, max]  20.782ms, 21.261ms, 21.234ms, 21.519ms, 21.572ms, 22.45ms, 23.532ms
Bytes In      [total, mean]                     364, 2.00
Bytes Out     [total, mean]                     0, 0.00
Success       [ratio]                           100.00%
Status Codes  [code:count]                      200:182  
Error Set:
Requests      [total, rate, throughput]         192, 10.05, 10.04
Duration      [total, attack, wait]             19.121s, 19.1s, 21.108ms
Latencies     [min, mean, 50, 90, 95, 99, max]  20.782ms, 21.26ms, 21.236ms, 21.517ms, 21.571ms, 22.359ms, 23.532ms
Bytes In      [total, mean]                     384, 2.00
Bytes Out     [total, mean]                     0, 0.00
Success       [ratio]                           100.00%
Status Codes  [code:count]                      200:192  
Error Set:
Requests      [total, rate, throughput]         202, 10.05, 10.04
Duration      [total, attack, wait]             20.121s, 20.1s, 21.085ms
Latencies     [min, mean, 50, 90, 95, 99, max]  20.782ms, 21.257ms, 21.231ms, 21.517ms, 21.568ms, 22.268ms, 23.532ms
Bytes In      [total, mean]                     404, 2.00
Bytes Out     [total, mean]                     0, 0.00
Success       [ratio]                           100.00%
Status Codes  [code:count]                      200:202  
Error Set:
Requests      [total, rate, throughput]         212, 10.05, 10.04
Duration      [total, attack, wait]             21.122s, 21.101s, 21.409ms
Latencies     [min, mean, 50, 90, 95, 99, max]  20.782ms, 21.253ms, 21.23ms, 21.514ms, 21.564ms, 22.177ms, 23.532ms
Bytes In      [total, mean]                     424, 2.00
Bytes Out     [total, mean]                     0, 0.00
Success       [ratio]                           100.00%
Status Codes  [code:count]                      200:212  
Error Set:
Requests      [total, rate, throughput]         222, 10.05, 10.04
Duration      [total, attack, wait]             22.121s, 22.1s, 21.427ms
Latencies     [min, mean, 50, 90, 95, 99, max]  20.782ms, 21.246ms, 21.225ms, 21.512ms, 21.563ms, 22.086ms, 23.532ms
Bytes In      [total, mean]                     444, 2.00
Bytes Out     [total, mean]                     0, 0.00
Success       [ratio]                           100.00%
Status Codes  [code:count]                      200:222  
Error Set:
Requests      [total, rate, throughput]         232, 10.04, 10.03
Duration      [total, attack, wait]             23.122s, 23.1s, 21.475ms
Latencies     [min, mean, 50, 90, 95, 99, max]  20.782ms, 21.243ms, 21.224ms, 21.508ms, 21.561ms, 21.995ms, 23.532ms
Bytes In      [total, mean]                     464, 2.00
Bytes Out     [total, mean]                     0, 0.00
Success       [ratio]                           100.00%
Status Codes  [code:count]                      200:232  
Error Set:
Requests      [total, rate, throughput]         242, 10.04, 10.03
Duration      [total, attack, wait]             24.121s, 24.101s, 20.91ms
Latencies     [min, mean, 50, 90, 95, 99, max]  20.782ms, 21.238ms, 21.224ms, 21.505ms, 21.56ms, 21.904ms, 23.532ms
Bytes In      [total, mean]                     484, 2.00
Bytes Out     [total, mean]                     0, 0.00
Success       [ratio]                           100.00%
Status Codes  [code:count]                      200:242  
Error Set:
Requests      [total, rate, throughput]         252, 10.04, 10.03
Duration      [total, attack, wait]             25.121s, 25.1s, 21.328ms
Latencies     [min, mean, 50, 90, 95, 99, max]  20.782ms, 21.234ms, 21.222ms, 21.503ms, 21.558ms, 21.827ms, 23.532ms
Bytes In      [total, mean]                     504, 2.00
Bytes Out     [total, mean]                     0, 0.00
Success       [ratio]                           100.00%
Status Codes  [code:count]                      200:252  
Error Set:
Requests      [total, rate, throughput]         262, 10.04, 10.03
Duration      [total, attack, wait]             26.121s, 26.1s, 21.006ms
Latencies     [min, mean, 50, 90, 95, 99, max]  20.782ms, 21.228ms, 21.215ms, 21.501ms, 21.558ms, 21.807ms, 23.532ms
Bytes In      [total, mean]                     524, 2.00
Bytes Out     [total, mean]                     0, 0.00
Success       [ratio]                           100.00%
Status Codes  [code:count]                      200:262  
Error Set:
Requests      [total, rate, throughput]         272, 10.04, 10.03
Duration      [total, attack, wait]             27.121s, 27.101s, 20.933ms
Latencies     [min, mean, 50, 90, 95, 99, max]  20.782ms, 21.226ms, 21.209ms, 21.497ms, 21.556ms, 21.787ms, 23.532ms
Bytes In      [total, mean]                     544, 2.00
Bytes Out     [total, mean]                     0, 0.00
Success       [ratio]                           100.00%
Status Codes  [code:count]                      200:272  
Error Set:
Requests      [total, rate, throughput]         282, 10.04, 10.03
Duration      [total, attack, wait]             28.122s, 28.101s, 21.448ms
Latencies     [min, mean, 50, 90, 95, 99, max]  20.782ms, 21.227ms, 21.209ms, 21.497ms, 21.558ms, 21.795ms, 23.532ms
Bytes In      [total, mean]                     564, 2.00
Bytes Out     [total, mean]                     0, 0.00
Success       [ratio]                           100.00%
Status Codes  [code:count]                      200:282  
Error Set:
Requests      [total, rate, throughput]         292, 10.03, 10.03
Duration      [total, attack, wait]             29.122s, 29.101s, 21.266ms
Latencies     [min, mean, 50, 90, 95, 99, max]  20.782ms, 21.226ms, 21.207ms, 21.497ms, 21.558ms, 21.784ms, 23.532ms
Bytes In      [total, mean]                     584, 2.00
Bytes Out     [total, mean]                     0, 0.00
Success       [ratio]                           100.00%
Status Codes  [code:count]                      200:292  
Error Set:
Requests      [total, rate, throughput]         302, 10.03, 10.03
Duration      [total, attack, wait]             30.121s, 30.1s, 21.187ms
Latencies     [min, mean, 50, 90, 95, 99, max]  20.782ms, 21.228ms, 21.21ms, 21.494ms, 21.556ms, 21.773ms, 23.532ms
Bytes In      [total, mean]                     604, 2.00
Bytes Out     [total, mean]                     0, 0.00
Success       [ratio]                           100.00%
Status Codes  [code:count]                      200:302  
Error Set:
Requests      [total, rate, throughput]         312, 10.03, 10.03
Duration      [total, attack, wait]             31.121s, 31.1s, 21.455ms
Latencies     [min, mean, 50, 90, 95, 99, max]  20.782ms, 21.228ms, 21.211ms, 21.492ms, 21.554ms, 21.762ms, 23.532ms
Bytes In      [total, mean]                     624, 2.00
Bytes Out     [total, mean]                     0, 0.00
Success       [ratio]                           100.00%
Status Codes  [code:count]                      200:312  
Error Set:
Requests      [total, rate, throughput]         322, 10.03, 10.02
Duration      [total, attack, wait]             32.121s, 32.1s, 21.131ms
Latencies     [min, mean, 50, 90, 95, 99, max]  20.782ms, 21.226ms, 21.208ms, 21.485ms, 21.552ms, 21.751ms, 23.532ms
Bytes In      [total, mean]                     644, 2.00
Bytes Out     [total, mean]                     0, 0.00
Success       [ratio]                           100.00%
Status Codes  [code:count]                      200:322  
Error Set:
Requests      [total, rate, throughput]         332, 10.03, 10.02
Duration      [total, attack, wait]             33.122s, 33.1s, 21.156ms
Latencies     [min, mean, 50, 90, 95, 99, max]  20.769ms, 21.224ms, 21.207ms, 21.479ms, 21.548ms, 21.74ms, 23.532ms
Bytes In      [total, mean]                     664, 2.00
Bytes Out     [total, mean]                     0, 0.00
Success       [ratio]                           100.00%
Status Codes  [code:count]                      200:332  
Error Set:
Requests      [total, rate, throughput]         342, 10.03, 10.02
Duration      [total, attack, wait]             34.122s, 34.101s, 20.991ms
Latencies     [min, mean, 50, 90, 95, 99, max]  20.769ms, 21.224ms, 21.207ms, 21.478ms, 21.544ms, 21.729ms, 23.532ms
Bytes In      [total, mean]                     684, 2.00
Bytes Out     [total, mean]                     0, 0.00
Success       [ratio]                           100.00%
Status Codes  [code:count]                      200:342  
Error Set:
Requests      [total, rate, throughput]         352, 10.03, 10.02
Duration      [total, attack, wait]             35.121s, 35.1s, 20.769ms
Latencies     [min, mean, 50, 90, 95, 99, max]  20.769ms, 21.223ms, 21.207ms, 21.479ms, 21.54ms, 21.719ms, 23.532ms
Bytes In      [total, mean]                     704, 2.00
Bytes Out     [total, mean]                     0, 0.00
Success       [ratio]                           100.00%
Status Codes  [code:count]                      200:352  
Error Set:
Requests      [total, rate, throughput]         362, 10.03, 10.02
Duration      [total, attack, wait]             36.121s, 36.1s, 21.051ms
Latencies     [min, mean, 50, 90, 95, 99, max]  20.769ms, 21.222ms, 21.208ms, 21.477ms, 21.537ms, 21.71ms, 23.532ms
Bytes In      [total, mean]                     724, 2.00
Bytes Out     [total, mean]                     0, 0.00
Success       [ratio]                           100.00%
Status Codes  [code:count]                      200:362  
Error Set:
Requests      [total, rate, throughput]         372, 10.03, 10.02
Duration      [total, attack, wait]             37.121s, 37.1s, 21.318ms
Latencies     [min, mean, 50, 90, 95, 99, max]  20.769ms, 21.22ms, 21.207ms, 21.477ms, 21.54ms, 21.701ms, 23.532ms
Bytes In      [total, mean]                     744, 2.00
Bytes Out     [total, mean]                     0, 0.00
Success       [ratio]                           100.00%
Status Codes  [code:count]                      200:372  
Error Set:
Requests      [total, rate, throughput]         382, 10.03, 10.02
Duration      [total, attack, wait]             38.121s, 38.1s, 20.858ms
Latencies     [min, mean, 50, 90, 95, 99, max]  20.769ms, 21.218ms, 21.207ms, 21.476ms, 21.537ms, 21.692ms, 23.532ms
Bytes In      [total, mean]                     764, 2.00
Bytes Out     [total, mean]                     0, 0.00
Success       [ratio]                           100.00%
Status Codes  [code:count]                      200:382  
Error Set:
Requests      [total, rate, throughput]         392, 10.03, 10.02
Duration      [total, attack, wait]             39.121s, 39.1s, 21.07ms
Latencies     [min, mean, 50, 90, 95, 99, max]  20.769ms, 21.216ms, 21.205ms, 21.474ms, 21.533ms, 21.683ms, 23.532ms
Bytes In      [total, mean]                     784, 2.00
Bytes Out     [total, mean]                     0, 0.00
Success       [ratio]                           100.00%
Status Codes  [code:count]                      200:392  
Error Set:
Requests      [total, rate, throughput]         402, 10.02, 10.02
Duration      [total, attack, wait]             40.121s, 40.1s, 21.218ms
Latencies     [min, mean, 50, 90, 95, 99, max]  20.769ms, 21.214ms, 21.207ms, 21.473ms, 21.53ms, 21.674ms, 23.532ms
Bytes In      [total, mean]                     804, 2.00
Bytes Out     [total, mean]                     0, 0.00
Success       [ratio]                           100.00%
Status Codes  [code:count]                      200:402  
Error Set:
Requests      [total, rate, throughput]         412, 10.02, 10.02
Duration      [total, attack, wait]             41.121s, 41.1s, 21.157ms
Latencies     [min, mean, 50, 90, 95, 99, max]  20.731ms, 21.206ms, 21.203ms, 21.472ms, 21.527ms, 21.666ms, 23.532ms
Bytes In      [total, mean]                     824, 2.00
Bytes Out     [total, mean]                     0, 0.00
Success       [ratio]                           100.00%
Status Codes  [code:count]                      200:412  
Error Set:
Requests      [total, rate, throughput]         422, 10.02, 10.02
Duration      [total, attack, wait]             42.121s, 42.1s, 20.955ms
Latencies     [min, mean, 50, 90, 95, 99, max]  20.731ms, 21.205ms, 21.202ms, 21.472ms, 21.524ms, 21.657ms, 23.532ms
Bytes In      [total, mean]                     844, 2.00
Bytes Out     [total, mean]                     0, 0.00
Success       [ratio]                           100.00%
Status Codes  [code:count]                      200:422  
Error Set:
Requests      [total, rate, throughput]         432, 10.02, 10.02
Duration      [total, attack, wait]             43.122s, 43.101s, 21.211ms
Latencies     [min, mean, 50, 90, 95, 99, max]  20.731ms, 21.204ms, 21.202ms, 21.471ms, 21.522ms, 21.648ms, 23.532ms
Bytes In      [total, mean]                     864, 2.00
Bytes Out     [total, mean]                     0, 0.00
Success       [ratio]                           100.00%
Status Codes  [code:count]                      200:432  
Error Set:
Requests      [total, rate, throughput]         442, 10.02, 10.02
Duration      [total, attack, wait]             44.122s, 44.1s, 21.433ms
Latencies     [min, mean, 50, 90, 95, 99, max]  20.731ms, 21.203ms, 21.202ms, 21.469ms, 21.521ms, 21.639ms, 23.532ms
Bytes In      [total, mean]                     884, 2.00
Bytes Out     [total, mean]                     0, 0.00
Success       [ratio]                           100.00%
Status Codes  [code:count]                      200:442  
Error Set:
Requests      [total, rate, throughput]         452, 10.02, 10.02
Duration      [total, attack, wait]             45.121s, 45.1s, 21.228ms
Latencies     [min, mean, 50, 90, 95, 99, max]  20.731ms, 21.203ms, 21.202ms, 21.469ms, 21.522ms, 21.632ms, 23.532ms
Bytes In      [total, mean]                     904, 2.00
Bytes Out     [total, mean]                     0, 0.00
Success       [ratio]                           100.00%
Status Codes  [code:count]                      200:452  
Error Set:
Requests      [total, rate, throughput]         462, 10.02, 10.02
Duration      [total, attack, wait]             46.122s, 46.1s, 21.2ms
Latencies     [min, mean, 50, 90, 95, 99, max]  20.731ms, 21.203ms, 21.2ms, 21.471ms, 21.524ms, 21.632ms, 23.532ms
Bytes In      [total, mean]                     924, 2.00
Bytes Out     [total, mean]                     0, 0.00
Success       [ratio]                           100.00%
Status Codes  [code:count]                      200:462  
Error Set:
Requests      [total, rate, throughput]         472, 10.02, 10.02
Duration      [total, attack, wait]             47.121s, 47.1s, 21.213ms
Latencies     [min, mean, 50, 90, 95, 99, max]  20.731ms, 21.202ms, 21.199ms, 21.469ms, 21.522ms, 21.632ms, 23.532ms
Bytes In      [total, mean]                     944, 2.00
Bytes Out     [total, mean]                     0, 0.00
Success       [ratio]                           100.00%
Status Codes  [code:count]                      200:472  
Error Set:
Requests      [total, rate, throughput]         482, 10.02, 10.02
Duration      [total, attack, wait]             48.121s, 48.1s, 21.199ms
Latencies     [min, mean, 50, 90, 95, 99, max]  20.731ms, 21.204ms, 21.201ms, 21.471ms, 21.524ms, 21.632ms, 23.532ms
Bytes In      [total, mean]                     964, 2.00
Bytes Out     [total, mean]                     0, 0.00
Success       [ratio]                           100.00%
Status Codes  [code:count]                      200:482  
Error Set:
Requests      [total, rate, throughput]         492, 10.02, 10.02
Duration      [total, attack, wait]             49.121s, 49.1s, 21.232ms
Latencies     [min, mean, 50, 90, 95, 99, max]  20.731ms, 21.207ms, 21.204ms, 21.472ms, 21.522ms, 21.632ms, 23.532ms
Bytes In      [total, mean]                     984, 2.00
Bytes Out     [total, mean]                     0, 0.00
Success       [ratio]                           100.00%
Status Codes  [code:count]                      200:492  
Error Set:
Requests      [total, rate, throughput]         502, 10.02, 10.02
Duration      [total, attack, wait]             50.122s, 50.101s, 21.213ms
Latencies     [min, mean, 50, 90, 95, 99, max]  20.731ms, 21.206ms, 21.203ms, 21.471ms, 21.521ms, 21.632ms, 23.532ms
Bytes In      [total, mean]                     1004, 2.00
Bytes Out     [total, mean]                     0, 0.00
Success       [ratio]                           100.00%
Status Codes  [code:count]                      200:502  
Error Set:
Requests      [total, rate, throughput]         512, 10.02, 10.02
Duration      [total, attack, wait]             51.122s, 51.1s, 21.448ms
Latencies     [min, mean, 50, 90, 95, 99, max]  20.731ms, 21.205ms, 21.202ms, 21.471ms, 21.522ms, 21.632ms, 23.532ms
Bytes In      [total, mean]                     1024, 2.00
Bytes Out     [total, mean]                     0, 0.00
Success       [ratio]                           100.00%
Status Codes  [code:count]                      200:512  
Error Set:
Requests      [total, rate, throughput]         522, 10.02, 10.02
Duration      [total, attack, wait]             52.121s, 52.1s, 21.347ms
Latencies     [min, mean, 50, 90, 95, 99, max]  20.731ms, 21.205ms, 21.202ms, 21.469ms, 21.521ms, 21.632ms, 23.532ms
Bytes In      [total, mean]                     1044, 2.00
Bytes Out     [total, mean]                     0, 0.00
Success       [ratio]                           100.00%
Status Codes  [code:count]                      200:522  
Error Set:
Requests      [total, rate, throughput]         532, 10.02, 10.01
Duration      [total, attack, wait]             53.121s, 53.1s, 21.125ms
Latencies     [min, mean, 50, 90, 95, 99, max]  20.731ms, 21.207ms, 21.203ms, 21.471ms, 21.524ms, 21.632ms, 23.532ms
Bytes In      [total, mean]                     1064, 2.00
Bytes Out     [total, mean]                     0, 0.00
Success       [ratio]                           100.00%
Status Codes  [code:count]                      200:532  
Error Set:
Requests      [total, rate, throughput]         542, 10.02, 10.01
Duration      [total, attack, wait]             54.121s, 54.1s, 21.205ms
Latencies     [min, mean, 50, 90, 95, 99, max]  20.731ms, 21.206ms, 21.203ms, 21.472ms, 21.521ms, 21.632ms, 23.532ms
Bytes In      [total, mean]                     1084, 2.00
Bytes Out     [total, mean]                     0, 0.00
Success       [ratio]                           100.00%
Status Codes  [code:count]                      200:542  
Error Set:
Requests      [total, rate, throughput]         552, 10.02, 10.01
Duration      [total, attack, wait]             55.121s, 55.1s, 20.936ms
Latencies     [min, mean, 50, 90, 95, 99, max]  20.731ms, 21.205ms, 21.202ms, 21.471ms, 21.519ms, 21.631ms, 23.532ms
Bytes In      [total, mean]                     1104, 2.00
Bytes Out     [total, mean]                     0, 0.00
Success       [ratio]                           100.00%
Status Codes  [code:count]                      200:552  
Error Set:
Requests      [total, rate, throughput]         562, 10.02, 10.01
Duration      [total, attack, wait]             56.121s, 56.1s, 21.15ms
Latencies     [min, mean, 50, 90, 95, 99, max]  20.731ms, 21.206ms, 21.204ms, 21.469ms, 21.517ms, 21.63ms, 23.532ms
Bytes In      [total, mean]                     1124, 2.00
Bytes Out     [total, mean]                     0, 0.00
Success       [ratio]                           100.00%
Status Codes  [code:count]                      200:562  
Error Set:
Requests      [total, rate, throughput]         572, 10.02, 10.01
Duration      [total, attack, wait]             57.121s, 57.1s, 20.835ms
Latencies     [min, mean, 50, 90, 95, 99, max]  20.731ms, 21.206ms, 21.204ms, 21.469ms, 21.52ms, 21.629ms, 23.532ms
Bytes In      [total, mean]                     1144, 2.00
Bytes Out     [total, mean]                     0, 0.00
Success       [ratio]                           100.00%
Status Codes  [code:count]                      200:572  
Error Set:
Requests      [total, rate, throughput]         582, 10.02, 10.01
Duration      [total, attack, wait]             58.121s, 58.1s, 21.177ms
Latencies     [min, mean, 50, 90, 95, 99, max]  20.731ms, 21.205ms, 21.202ms, 21.471ms, 21.522ms, 21.628ms, 23.532ms
Bytes In      [total, mean]                     1164, 2.00
Bytes Out     [total, mean]                     0, 0.00
Success       [ratio]                           100.00%
Status Codes  [code:count]                      200:582  
Error Set:
Requests      [total, rate, throughput]         592, 10.02, 10.01
Duration      [total, attack, wait]             59.122s, 59.1s, 21.4ms
Latencies     [min, mean, 50, 90, 95, 99, max]  20.731ms, 21.206ms, 21.203ms, 21.469ms, 21.52ms, 21.627ms, 23.532ms
Bytes In      [total, mean]                     1184, 2.00
Bytes Out     [total, mean]                     0, 0.00
Success       [ratio]                           100.00%
Status Codes  [code:count]                      200:592  
Error Set:
Requests      [total, rate, throughput]         600, 10.02, 10.01
Duration      [total, attack, wait]             59.922s, 59.9s, 21.454ms
Latencies     [min, mean, 50, 90, 95, 99, max]  20.731ms, 21.206ms, 21.203ms, 21.468ms, 21.519ms, 21.627ms, 23.532ms
Bytes In      [total, mean]                     1200, 2.00
Bytes Out     [total, mean]                     0, 0.00
Success       [ratio]                           100.00%
Status Codes  [code:count]                      200:600  
Error Set:
