Requests      [total, rate, throughput]         12, 10.91, 10.71
Duration      [total, attack, wait]             1.121s, 1.1s, 21.236ms
Latencies     [min, mean, 50, 90, 95, 99, max]  21.043ms, 21.502ms, 21.593ms, 21.792ms, 21.858ms, 21.869ms, 21.869ms
Bytes In      [total, mean]                     24, 2.00
Bytes Out     [total, mean]                     0, 0.00
Success       [ratio]                           100.00%
Status Codes  [code:count]                      200:12  
Error Set:
Requests      [total, rate, throughput]         22, 10.48, 10.37
Duration      [total, attack, wait]             2.121s, 2.1s, 21.38ms
Latencies     [min, mean, 50, 90, 95, 99, max]  20.944ms, 21.423ms, 21.438ms, 21.753ms, 21.803ms, 21.869ms, 21.869ms
Bytes In      [total, mean]                     44, 2.00
Bytes Out     [total, mean]                     0, 0.00
Success       [ratio]                           100.00%
Status Codes  [code:count]                      200:22  
Error Set:
Requests      [total, rate, throughput]         32, 10.32, 10.25
Duration      [total, attack, wait]             3.121s, 3.1s, 21.052ms
Latencies     [min, mean, 50, 90, 95, 99, max]  20.944ms, 21.417ms, 21.438ms, 21.753ms, 21.858ms, 22.084ms, 22.084ms
Bytes In      [total, mean]                     64, 2.00
Bytes Out     [total, mean]                     0, 0.00
Success       [ratio]                           100.00%
Status Codes  [code:count]                      200:32  
Error Set:
Requests      [total, rate, throughput]         42, 10.24, 10.19
Duration      [total, attack, wait]             4.122s, 4.1s, 21.387ms
Latencies     [min, mean, 50, 90, 95, 99, max]  20.894ms, 21.398ms, 21.391ms, 21.699ms, 21.803ms, 22.084ms, 22.084ms
Bytes In      [total, mean]                     84, 2.00
Bytes Out     [total, mean]                     0, 0.00
Success       [ratio]                           100.00%
Status Codes  [code:count]                      200:42  
Error Set:
Requests      [total, rate, throughput]         52, 10.20, 10.15
Duration      [total, attack, wait]             5.122s, 5.1s, 21.353ms
Latencies     [min, mean, 50, 90, 95, 99, max]  20.894ms, 21.397ms, 21.365ms, 21.699ms, 21.858ms, 22.38ms, 22.386ms
Bytes In      [total, mean]                     104, 2.00
Bytes Out     [total, mean]                     0, 0.00
Success       [ratio]                           100.00%
Status Codes  [code:count]                      200:52  
Error Set:
Requests      [total, rate, throughput]         62, 10.16, 10.13
Duration      [total, attack, wait]             6.122s, 6.1s, 21.217ms
Latencies     [min, mean, 50, 90, 95, 99, max]  20.894ms, 21.382ms, 21.347ms, 21.675ms, 21.803ms, 22.349ms, 22.386ms
Bytes In      [total, mean]                     124, 2.00
Bytes Out     [total, mean]                     0, 0.00
Success       [ratio]                           100.00%
Status Codes  [code:count]                      200:62  
Error Set:
Requests      [total, rate, throughput]         72, 10.14, 10.11
Duration      [total, attack, wait]             7.121s, 7.1s, 21.337ms
Latencies     [min, mean, 50, 90, 95, 99, max]  20.894ms, 21.38ms, 21.347ms, 21.671ms, 21.758ms, 22.319ms, 22.386ms
Bytes In      [total, mean]                     144, 2.00
Bytes Out     [total, mean]                     0, 0.00
Success       [ratio]                           100.00%
Status Codes  [code:count]                      200:72  
Error Set:
Requests      [total, rate, throughput]         82, 10.12, 10.10
Duration      [total, attack, wait]             8.121s, 8.1s, 21.39ms
Latencies     [min, mean, 50, 90, 95, 99, max]  20.894ms, 21.37ms, 21.342ms, 21.665ms, 21.754ms, 22.289ms, 22.386ms
Bytes In      [total, mean]                     164, 2.00
Bytes Out     [total, mean]                     0, 0.00
Success       [ratio]                           100.00%
Status Codes  [code:count]                      200:82  
Error Set:
Requests      [total, rate, throughput]         92, 10.11, 10.09
Duration      [total, attack, wait]             9.121s, 9.1s, 21.01ms
Latencies     [min, mean, 50, 90, 95, 99, max]  20.894ms, 21.357ms, 21.338ms, 21.65ms, 21.744ms, 22.259ms, 22.386ms
Bytes In      [total, mean]                     184, 2.00
Bytes Out     [total, mean]                     0, 0.00
Success       [ratio]                           100.00%
Status Codes  [code:count]                      200:92  
Error Set:
Requests      [total, rate, throughput]         102, 10.10, 10.08
Duration      [total, attack, wait]             10.121s, 10.1s, 21.135ms
Latencies     [min, mean, 50, 90, 95, 99, max]  20.894ms, 21.36ms, 21.346ms, 21.65ms, 21.721ms, 22.229ms, 22.386ms
Bytes In      [total, mean]                     204, 2.00
Bytes Out     [total, mean]                     0, 0.00
Success       [ratio]                           100.00%
Status Codes  [code:count]                      200:102  
Error Set:
Requests      [total, rate, throughput]         112, 10.09, 10.07
Duration      [total, attack, wait]             11.122s, 11.1s, 21.463ms
Latencies     [min, mean, 50, 90, 95, 99, max]  20.894ms, 21.38ms, 21.348ms, 21.654ms, 21.746ms, 22.66ms, 23.109ms
Bytes In      [total, mean]                     224, 2.00
Bytes Out     [total, mean]                     0, 0.00
Success       [ratio]                           100.00%
Status Codes  [code:count]                      200:112  
Error Set:
Requests      [total, rate, throughput]         122, 10.08, 10.07
Duration      [total, attack, wait]             12.121s, 12.1s, 21.087ms
Latencies     [min, mean, 50, 90, 95, 99, max]  20.894ms, 21.372ms, 21.348ms, 21.646ms, 21.721ms, 22.588ms, 23.109ms
Bytes In      [total, mean]                     244, 2.00
Bytes Out     [total, mean]                     0, 0.00
Success       [ratio]                           100.00%
Status Codes  [code:count]                      200:122  
Error Set:
Requests      [total, rate, throughput]         132, 10.08, 10.06
Duration      [total, attack, wait]             13.121s, 13.1s, 21.315ms
Latencies     [min, mean, 50, 90, 95, 99, max]  20.894ms, 21.366ms, 21.342ms, 21.635ms, 21.698ms, 22.516ms, 23.109ms
Bytes In      [total, mean]                     264, 2.00
Bytes Out     [total, mean]                     0, 0.00
Success       [ratio]                           100.00%
Status Codes  [code:count]                      200:132  
Error Set:
Requests      [total, rate, throughput]         142, 10.07, 10.06
Duration      [total, attack, wait]             14.121s, 14.1s, 21.27ms
Latencies     [min, mean, 50, 90, 95, 99, max]  20.894ms, 21.36ms, 21.338ms, 21.628ms, 21.686ms, 22.444ms, 23.109ms
Bytes In      [total, mean]                     284, 2.00
Bytes Out     [total, mean]                     0, 0.00
Success       [ratio]                           100.00%
Status Codes  [code:count]                      200:142  
Error Set:
Requests      [total, rate, throughput]         152, 10.07, 10.05
Duration      [total, attack, wait]             15.121s, 15.1s, 20.822ms
Latencies     [min, mean, 50, 90, 95, 99, max]  20.822ms, 21.349ms, 21.337ms, 21.611ms, 21.677ms, 22.38ms, 23.109ms
Bytes In      [total, mean]                     304, 2.00
Bytes Out     [total, mean]                     0, 0.00
Success       [ratio]                           100.00%
Status Codes  [code:count]                      200:152  
Error Set:
Requests      [total, rate, throughput]         162, 10.06, 10.05
Duration      [total, attack, wait]             16.121s, 16.1s, 21.319ms
Latencies     [min, mean, 50, 90, 95, 99, max]  20.822ms, 21.343ms, 21.333ms, 21.601ms, 21.675ms, 22.349ms, 23.109ms
Bytes In      [total, mean]                     324, 2.00
Bytes Out     [total, mean]                     0, 0.00
Success       [ratio]                           100.00%
Status Codes  [code:count]                      200:162  
Error Set:
Requests      [total, rate, throughput]         172, 10.06, 10.05
Duration      [total, attack, wait]             17.121s, 17.1s, 21.089ms
Latencies     [min, mean, 50, 90, 95, 99, max]  20.822ms, 21.341ms, 21.333ms, 21.594ms, 21.673ms, 22.319ms, 23.109ms
Bytes In      [total, mean]                     344, 2.00
Bytes Out     [total, mean]                     0, 0.00
Success       [ratio]                           100.00%
Status Codes  [code:count]                      200:172  
Error Set:
Requests      [total, rate, throughput]         182, 10.05, 10.04
Duration      [total, attack, wait]             18.122s, 18.1s, 21.61ms
Latencies     [min, mean, 50, 90, 95, 99, max]  20.822ms, 21.335ms, 21.327ms, 21.594ms, 21.671ms, 22.289ms, 23.109ms
Bytes In      [total, mean]                     364, 2.00
Bytes Out     [total, mean]                     0, 0.00
Success       [ratio]                           100.00%
Status Codes  [code:count]                      200:182  
Error Set:
Requests      [total, rate, throughput]         192, 10.05, 10.04
Duration      [total, attack, wait]             19.122s, 19.1s, 21.499ms
Latencies     [min, mean, 50, 90, 95, 99, max]  20.822ms, 21.336ms, 21.329ms, 21.594ms, 21.673ms, 22.259ms, 23.109ms
Bytes In      [total, mean]                     384, 2.00
Bytes Out     [total, mean]                     0, 0.00
Success       [ratio]                           100.00%
Status Codes  [code:count]                      200:192  
Error Set:
Requests      [total, rate, throughput]         202, 10.05, 10.04
Duration      [total, attack, wait]             20.121s, 20.1s, 21.017ms
Latencies     [min, mean, 50, 90, 95, 99, max]  20.822ms, 21.329ms, 21.327ms, 21.581ms, 21.671ms, 22.229ms, 23.109ms
Bytes In      [total, mean]                     404, 2.00
Bytes Out     [total, mean]                     0, 0.00
Success       [ratio]                           100.00%
Status Codes  [code:count]                      200:202  
Error Set:
Requests      [total, rate, throughput]         212, 10.05, 10.04
Duration      [total, attack, wait]             21.121s, 21.1s, 20.89ms
Latencies     [min, mean, 50, 90, 95, 99, max]  20.822ms, 21.318ms, 21.317ms, 21.568ms, 21.669ms, 22.199ms, 23.109ms
Bytes In      [total, mean]                     424, 2.00
Bytes Out     [total, mean]                     0, 0.00
Success       [ratio]                           100.00%
Status Codes  [code:count]                      200:212  
Error Set:
Requests      [total, rate, throughput]         222, 10.05, 10.04
Duration      [total, attack, wait]             22.121s, 22.1s, 20.967ms
Latencies     [min, mean, 50, 90, 95, 99, max]  20.822ms, 21.315ms, 21.318ms, 21.556ms, 21.665ms, 22.168ms, 23.109ms
Bytes In      [total, mean]                     444, 2.00
Bytes Out     [total, mean]                     0, 0.00
Success       [ratio]                           100.00%
Status Codes  [code:count]                      200:222  
Error Set:
Requests      [total, rate, throughput]         232, 10.04, 10.03
Duration      [total, attack, wait]             23.121s, 23.1s, 21.281ms
Latencies     [min, mean, 50, 90, 95, 99, max]  20.822ms, 21.312ms, 21.317ms, 21.551ms, 21.661ms, 22.138ms, 23.109ms
Bytes In      [total, mean]                     464, 2.00
Bytes Out     [total, mean]                     0, 0.00
Success       [ratio]                           100.00%
Status Codes  [code:count]                      200:232  
Error Set:
Requests      [total, rate, throughput]         242, 10.04, 10.03
Duration      [total, attack, wait]             24.121s, 24.1s, 21.168ms
Latencies     [min, mean, 50, 90, 95, 99, max]  20.822ms, 21.312ms, 21.315ms, 21.551ms, 21.655ms, 22.108ms, 23.109ms
Bytes In      [total, mean]                     484, 2.00
Bytes Out     [total, mean]                     0, 0.00
Success       [ratio]                           100.00%
Status Codes  [code:count]                      200:242  
Error Set:
Requests      [total, rate, throughput]         252, 10.04, 10.03
Duration      [total, attack, wait]             25.122s, 25.1s, 21.551ms
Latencies     [min, mean, 50, 90, 95, 99, max]  20.788ms, 21.308ms, 21.31ms, 21.549ms, 21.649ms, 22.08ms, 23.109ms
Bytes In      [total, mean]                     504, 2.00
Bytes Out     [total, mean]                     0, 0.00
Success       [ratio]                           100.00%
Status Codes  [code:count]                      200:252  
Error Set:
Requests      [total, rate, throughput]         262, 10.04, 10.03
Duration      [total, attack, wait]             26.121s, 26.1s, 21.395ms
Latencies     [min, mean, 50, 90, 95, 99, max]  20.788ms, 21.304ms, 21.307ms, 21.546ms, 21.647ms, 22.058ms, 23.109ms
Bytes In      [total, mean]                     524, 2.00
Bytes Out     [total, mean]                     0, 0.00
Success       [ratio]                           100.00%
Status Codes  [code:count]                      200:262  
Error Set:
Requests      [total, rate, throughput]         272, 10.04, 10.03
Duration      [total, attack, wait]             27.121s, 27.1s, 21.008ms
Latencies     [min, mean, 50, 90, 95, 99, max]  20.788ms, 21.304ms, 21.307ms, 21.542ms, 21.644ms, 22.037ms, 23.109ms
Bytes In      [total, mean]                     544, 2.00
Bytes Out     [total, mean]                     0, 0.00
Success       [ratio]                           100.00%
Status Codes  [code:count]                      200:272  
Error Set:
Requests      [total, rate, throughput]         282, 10.04, 10.03
Duration      [total, attack, wait]             28.121s, 28.1s, 21.063ms
Latencies     [min, mean, 50, 90, 95, 99, max]  20.788ms, 21.308ms, 21.309ms, 21.546ms, 21.647ms, 22.289ms, 23.109ms
Bytes In      [total, mean]                     564, 2.00
Bytes Out     [total, mean]                     0, 0.00
Success       [ratio]                           100.00%
Status Codes  [code:count]                      200:282  
Error Set:
Requests      [total, rate, throughput]         292, 10.03, 10.03
Duration      [total, attack, wait]             29.121s, 29.1s, 21.251ms
Latencies     [min, mean, 50, 90, 95, 99, max]  20.788ms, 21.31ms, 21.309ms, 21.542ms, 21.646ms, 22.259ms, 23.109ms
Bytes In      [total, mean]                     584, 2.00
Bytes Out     [total, mean]                     0, 0.00
Success       [ratio]                           100.00%
Status Codes  [code:count]                      200:292  
Error Set:
Requests      [total, rate, throughput]         302, 10.03, 10.03
Duration      [total, attack, wait]             30.121s, 30.1s, 20.902ms
Latencies     [min, mean, 50, 90, 95, 99, max]  20.788ms, 21.307ms, 21.308ms, 21.542ms, 21.644ms, 22.229ms, 23.109ms
Bytes In      [total, mean]                     604, 2.00
Bytes Out     [total, mean]                     0, 0.00
Success       [ratio]                           100.00%
Status Codes  [code:count]                      200:302  
Error Set:
Requests      [total, rate, throughput]         312, 10.03, 10.03
Duration      [total, attack, wait]             31.122s, 31.1s, 21.431ms
Latencies     [min, mean, 50, 90, 95, 99, max]  20.788ms, 21.304ms, 21.307ms, 21.539ms, 21.64ms, 22.199ms, 23.109ms
Bytes In      [total, mean]                     624, 2.00
Bytes Out     [total, mean]                     0, 0.00
Success       [ratio]                           100.00%
Status Codes  [code:count]                      200:312  
Error Set:
Requests      [total, rate, throughput]         322, 10.03, 10.02
Duration      [total, attack, wait]             32.121s, 32.1s, 21.169ms
Latencies     [min, mean, 50, 90, 95, 99, max]  20.788ms, 21.303ms, 21.305ms, 21.539ms, 21.636ms, 22.168ms, 23.109ms
Bytes In      [total, mean]                     644, 2.00
Bytes Out     [total, mean]                     0, 0.00
Success       [ratio]                           100.00%
Status Codes  [code:count]                      200:322  
Error Set:
Requests      [total, rate, throughput]         332, 10.03, 10.02
Duration      [total, attack, wait]             33.122s, 33.1s, 21.596ms
Latencies     [min, mean, 50, 90, 95, 99, max]  20.788ms, 21.302ms, 21.305ms, 21.539ms, 21.632ms, 22.138ms, 23.109ms
Bytes In      [total, mean]                     664, 2.00
Bytes Out     [total, mean]                     0, 0.00
Success       [ratio]                           100.00%
Status Codes  [code:count]                      200:332  
Error Set:
Requests      [total, rate, throughput]         342, 10.03, 10.02
Duration      [total, attack, wait]             34.121s, 34.1s, 21.422ms
Latencies     [min, mean, 50, 90, 95, 99, max]  20.788ms, 21.304ms, 21.304ms, 21.546ms, 21.636ms, 22.108ms, 23.109ms
Bytes In      [total, mean]                     684, 2.00
Bytes Out     [total, mean]                     0, 0.00
Success       [ratio]                           100.00%
Status Codes  [code:count]                      200:342  
Error Set:
Requests      [total, rate, throughput]         352, 10.03, 10.02
Duration      [total, attack, wait]             35.121s, 35.1s, 21.367ms
Latencies     [min, mean, 50, 90, 95, 99, max]  20.788ms, 21.303ms, 21.308ms, 21.542ms, 21.632ms, 22.08ms, 23.109ms
Bytes In      [total, mean]                     704, 2.00
Bytes Out     [total, mean]                     0, 0.00
Success       [ratio]                           100.00%
Status Codes  [code:count]                      200:352  
Error Set:
Requests      [total, rate, throughput]         362, 10.03, 10.02
Duration      [total, attack, wait]             36.122s, 36.1s, 21.337ms
Latencies     [min, mean, 50, 90, 95, 99, max]  20.788ms, 21.305ms, 21.309ms, 21.542ms, 21.628ms, 22.058ms, 23.109ms
Bytes In      [total, mean]                     724, 2.00
Bytes Out     [total, mean]                     0, 0.00
Success       [ratio]                           100.00%
Status Codes  [code:count]                      200:362  
Error Set:
Requests      [total, rate, throughput]         372, 10.03, 10.02
Duration      [total, attack, wait]             37.122s, 37.1s, 21.522ms
Latencies     [min, mean, 50, 90, 95, 99, max]  20.788ms, 21.305ms, 21.31ms, 21.539ms, 21.623ms, 22.037ms, 23.109ms
Bytes In      [total, mean]                     744, 2.00
Bytes Out     [total, mean]                     0, 0.00
Success       [ratio]                           100.00%
Status Codes  [code:count]                      200:372  
Error Set:
Requests      [total, rate, throughput]         382, 10.03, 10.02
Duration      [total, attack, wait]             38.121s, 38.1s, 21.338ms
Latencies     [min, mean, 50, 90, 95, 99, max]  20.788ms, 21.305ms, 21.31ms, 21.537ms, 21.617ms, 22.015ms, 23.109ms
Bytes In      [total, mean]                     764, 2.00
Bytes Out     [total, mean]                     0, 0.00
Success       [ratio]                           100.00%
Status Codes  [code:count]                      200:382  
Error Set:
Requests      [total, rate, throughput]         392, 10.03, 10.02
Duration      [total, attack, wait]             39.121s, 39.1s, 20.91ms
Latencies     [min, mean, 50, 90, 95, 99, max]  20.755ms, 21.302ms, 21.309ms, 21.536ms, 21.612ms, 21.994ms, 23.109ms
Bytes In      [total, mean]                     784, 2.00
Bytes Out     [total, mean]                     0, 0.00
Success       [ratio]                           100.00%
Status Codes  [code:count]                      200:392  
Error Set:
Requests      [total, rate, throughput]         402, 10.03, 10.02
Duration      [total, attack, wait]             40.121s, 40.1s, 21.098ms
Latencies     [min, mean, 50, 90, 95, 99, max]  20.755ms, 21.3ms, 21.308ms, 21.534ms, 21.607ms, 21.972ms, 23.109ms
Bytes In      [total, mean]                     804, 2.00
Bytes Out     [total, mean]                     0, 0.00
Success       [ratio]                           100.00%
Status Codes  [code:count]                      200:402  
Error Set:
Requests      [total, rate, throughput]         412, 10.02, 10.02
Duration      [total, attack, wait]             41.121s, 41.1s, 21.408ms
Latencies     [min, mean, 50, 90, 95, 99, max]  20.755ms, 21.299ms, 21.308ms, 21.533ms, 21.605ms, 21.951ms, 23.109ms
Bytes In      [total, mean]                     824, 2.00
Bytes Out     [total, mean]                     0, 0.00
Success       [ratio]                           100.00%
Status Codes  [code:count]                      200:412  
Error Set:
Requests      [total, rate, throughput]         422, 10.02, 10.02
Duration      [total, attack, wait]             42.121s, 42.1s, 21.14ms
Latencies     [min, mean, 50, 90, 95, 99, max]  20.755ms, 21.298ms, 21.306ms, 21.532ms, 21.603ms, 21.929ms, 23.109ms
Bytes In      [total, mean]                     844, 2.00
Bytes Out     [total, mean]                     0, 0.00
Success       [ratio]                           100.00%
Status Codes  [code:count]                      200:422  
Error Set:
Requests      [total, rate, throughput]         432, 10.02, 10.02
Duration      [total, attack, wait]             43.121s, 43.1s, 20.842ms
Latencies     [min, mean, 50, 90, 95, 99, max]  20.755ms, 21.294ms, 21.301ms, 21.531ms, 21.601ms, 21.908ms, 23.109ms
Bytes In      [total, mean]                     864, 2.00
Bytes Out     [total, mean]                     0, 0.00
Success       [ratio]                           100.00%
Status Codes  [code:count]                      200:432  
Error Set:
Requests      [total, rate, throughput]         442, 10.02, 10.02
Duration      [total, attack, wait]             44.121s, 44.1s, 21.043ms
Latencies     [min, mean, 50, 90, 95, 99, max]  20.755ms, 21.293ms, 21.299ms, 21.53ms, 21.599ms, 21.886ms, 23.109ms
Bytes In      [total, mean]                     884, 2.00
Bytes Out     [total, mean]                     0, 0.00
Success       [ratio]                           100.00%
Status Codes  [code:count]                      200:442  
Error Set:
Requests      [total, rate, throughput]         452, 10.02, 10.02
Duration      [total, attack, wait]             45.121s, 45.1s, 21.266ms
Latencies     [min, mean, 50, 90, 95, 99, max]  20.755ms, 21.29ms, 21.294ms, 21.529ms, 21.597ms, 21.867ms, 23.109ms
Bytes In      [total, mean]                     904, 2.00
Bytes Out     [total, mean]                     0, 0.00
Success       [ratio]                           100.00%
Status Codes  [code:count]                      200:452  
Error Set:
Requests      [total, rate, throughput]         462, 10.02, 10.02
Duration      [total, attack, wait]             46.121s, 46.1s, 21.499ms
Latencies     [min, mean, 50, 90, 95, 99, max]  20.755ms, 21.291ms, 21.294ms, 21.529ms, 21.599ms, 21.856ms, 23.109ms
Bytes In      [total, mean]                     924, 2.00
Bytes Out     [total, mean]                     0, 0.00
Success       [ratio]                           100.00%
Status Codes  [code:count]                      200:462  
Error Set:
Requests      [total, rate, throughput]         472, 10.02, 10.02
Duration      [total, attack, wait]             47.121s, 47.1s, 21.213ms
Latencies     [min, mean, 50, 90, 95, 99, max]  20.755ms, 21.292ms, 21.297ms, 21.529ms, 21.601ms, 21.845ms, 23.109ms
Bytes In      [total, mean]                     944, 2.00
Bytes Out     [total, mean]                     0, 0.00
Success       [ratio]                           100.00%
Status Codes  [code:count]                      200:472  
Error Set:
Requests      [total, rate, throughput]         482, 10.02, 10.02
Duration      [total, attack, wait]             48.122s, 48.1s, 21.387ms
Latencies     [min, mean, 50, 90, 95, 99, max]  20.755ms, 21.293ms, 21.297ms, 21.53ms, 21.604ms, 21.834ms, 23.109ms
Bytes In      [total, mean]                     964, 2.00
Bytes Out     [total, mean]                     0, 0.00
Success       [ratio]                           100.00%
Status Codes  [code:count]                      200:482  
Error Set:
Requests      [total, rate, throughput]         492, 10.02, 10.02
Duration      [total, attack, wait]             49.121s, 49.1s, 21.228ms
Latencies     [min, mean, 50, 90, 95, 99, max]  20.755ms, 21.293ms, 21.296ms, 21.53ms, 21.601ms, 21.823ms, 23.109ms
Bytes In      [total, mean]                     984, 2.00
Bytes Out     [total, mean]                     0, 0.00
Success       [ratio]                           100.00%
Status Codes  [code:count]                      200:492  
Error Set:
Requests      [total, rate, throughput]         502, 10.02, 10.02
Duration      [total, attack, wait]             50.122s, 50.1s, 21.294ms
Latencies     [min, mean, 50, 90, 95, 99, max]  20.755ms, 21.293ms, 21.293ms, 21.53ms, 21.604ms, 21.812ms, 23.109ms
Bytes In      [total, mean]                     1004, 2.00
Bytes Out     [total, mean]                     0, 0.00
Success       [ratio]                           100.00%
Status Codes  [code:count]                      200:502  
Error Set:
Requests      [total, rate, throughput]         512, 10.02, 10.02
Duration      [total, attack, wait]             51.122s, 51.1s, 21.556ms
Latencies     [min, mean, 50, 90, 95, 99, max]  20.755ms, 21.293ms, 21.293ms, 21.531ms, 21.607ms, 21.8ms, 23.109ms
Bytes In      [total, mean]                     1024, 2.00
Bytes Out     [total, mean]                     0, 0.00
Success       [ratio]                           100.00%
Status Codes  [code:count]                      200:512  
Error Set:
Requests      [total, rate, throughput]         522, 10.02, 10.02
Duration      [total, attack, wait]             52.121s, 52.1s, 21.401ms
Latencies     [min, mean, 50, 90, 95, 99, max]  20.755ms, 21.293ms, 21.293ms, 21.531ms, 21.604ms, 21.789ms, 23.109ms
Bytes In      [total, mean]                     1044, 2.00
Bytes Out     [total, mean]                     0, 0.00
Success       [ratio]                           100.00%
Status Codes  [code:count]                      200:522  
Error Set:
Requests      [total, rate, throughput]         532, 10.02, 10.01
Duration      [total, attack, wait]             53.121s, 53.1s, 21.436ms
Latencies     [min, mean, 50, 90, 95, 99, max]  20.755ms, 21.293ms, 21.291ms, 21.53ms, 21.601ms, 21.778ms, 23.109ms
Bytes In      [total, mean]                     1064, 2.00
Bytes Out     [total, mean]                     0, 0.00
Success       [ratio]                           100.00%
Status Codes  [code:count]                      200:532  
Error Set:
Requests      [total, rate, throughput]         542, 10.02, 10.01
Duration      [total, attack, wait]             54.122s, 54.1s, 21.329ms
Latencies     [min, mean, 50, 90, 95, 99, max]  20.755ms, 21.293ms, 21.292ms, 21.529ms, 21.599ms, 21.767ms, 23.109ms
Bytes In      [total, mean]                     1084, 2.00
Bytes Out     [total, mean]                     0, 0.00
Success       [ratio]                           100.00%
Status Codes  [code:count]                      200:542  
Error Set:
Requests      [total, rate, throughput]         552, 10.02, 10.01
Duration      [total, attack, wait]             55.122s, 55.1s, 21.306ms
Latencies     [min, mean, 50, 90, 95, 99, max]  20.755ms, 21.293ms, 21.294ms, 21.528ms, 21.597ms, 21.758ms, 23.109ms
Bytes In      [total, mean]                     1104, 2.00
Bytes Out     [total, mean]                     0, 0.00
Success       [ratio]                           100.00%
Status Codes  [code:count]                      200:552  
Error Set:
Requests      [total, rate, throughput]         562, 10.02, 10.01
Duration      [total, attack, wait]             56.122s, 56.1s, 21.369ms
Latencies     [min, mean, 50, 90, 95, 99, max]  20.755ms, 21.291ms, 21.29ms, 21.528ms, 21.596ms, 21.758ms, 23.109ms
Bytes In      [total, mean]                     1124, 2.00
Bytes Out     [total, mean]                     0, 0.00
Success       [ratio]                           100.00%
Status Codes  [code:count]                      200:562  
Error Set:
Requests      [total, rate, throughput]         572, 10.02, 10.01
Duration      [total, attack, wait]             57.121s, 57.1s, 21.023ms
Latencies     [min, mean, 50, 90, 95, 99, max]  20.755ms, 21.291ms, 21.289ms, 21.528ms, 21.599ms, 21.757ms, 23.109ms
Bytes In      [total, mean]                     1144, 2.00
Bytes Out     [total, mean]                     0, 0.00
Success       [ratio]                           100.00%
Status Codes  [code:count]                      200:572  
Error Set:
Requests      [total, rate, throughput]         582, 10.02, 10.01
Duration      [total, attack, wait]             58.121s, 58.1s, 21.197ms
Latencies     [min, mean, 50, 90, 95, 99, max]  20.755ms, 21.289ms, 21.288ms, 21.528ms, 21.597ms, 21.756ms, 23.109ms
Bytes In      [total, mean]                     1164, 2.00
Bytes Out     [total, mean]                     0, 0.00
Success       [ratio]                           100.00%
Status Codes  [code:count]                      200:582  
Error Set:
Requests      [total, rate, throughput]         592, 10.02, 10.01
Duration      [total, attack, wait]             59.122s, 59.101s, 21.11ms
Latencies     [min, mean, 50, 90, 95, 99, max]  20.755ms, 21.289ms, 21.288ms, 21.527ms, 21.595ms, 21.751ms, 23.109ms
Bytes In      [total, mean]                     1184, 2.00
Bytes Out     [total, mean]                     0, 0.00
Success       [ratio]                           100.00%
Status Codes  [code:count]                      200:592  
Error Set:
Requests      [total, rate, throughput]         600, 10.02, 10.01
Duration      [total, attack, wait]             59.921s, 59.9s, 21.418ms
Latencies     [min, mean, 50, 90, 95, 99, max]  20.755ms, 21.288ms, 21.287ms, 21.527ms, 21.594ms, 21.749ms, 23.109ms
Bytes In      [total, mean]                     1200, 2.00
Bytes Out     [total, mean]                     0, 0.00
Success       [ratio]                           100.00%
Status Codes  [code:count]                      200:600  
Error Set:
