3.017215 62.500000 185 61.314823 1.962074
3.020134 62.500000 167 55.295554 1.769458
3.004422 62.500000 194 64.571485 2.066288
3.001540 62.500000 172 57.303915 1.833725
3.009219 62.500000 169 56.160754 1.797144
3.098447 62.500000 215 69.389608 2.220467
3.019838 62.500000 176 58.281282 1.865001
3.058145 62.500000 177 57.878228 1.852103
3.004609 62.500000 176 58.576673 1.874454
3.002041 62.500000 203 67.620671 2.163861
3.023665 62.500000 186 61.514758 1.968472
3.021684 62.500000 169 55.929070 1.789730
3.015131 62.500000 173 57.377275 1.836073
3.023103 62.500000 188 62.187754 1.990008
3.085362 62.500000 173 56.071218 1.794279
3.011998 62.500000 192 63.745068 2.039842
3.060339 62.500000 211 68.946621 2.206292
3.009939 62.500000 169 56.147317 1.796714
3.005667 62.500000 168 55.894410 1.788621
3.023672 62.500000 199 65.814019 2.106049
3.011847 62.500000 171 56.775792 1.816825
3.026908 62.500000 147 48.564406 1.554061
3.022983 62.500000 164 54.251053 1.736034
3.029998 62.500000 179 59.075940 1.890430
3.049005 62.500000 178 58.379705 1.868151
3.064186 62.500000 199 64.943830 2.078203
3.028272 62.500000 194 64.062942 2.050014
3.005644 62.500000 216 71.864810 2.299674
3.018501 62.500000 179 59.300958 1.897631
3.003213 62.500000 186 61.933674 1.981878
3.006618 62.500000 198 65.854723 2.107351
6.035223 62.500000 208 68.753884 2.200124
6.041873 62.500000 162 53.334192 1.706694
6.015446 62.500000 173 57.400592 1.836819
6.017760 62.500000 184 61.013631 1.952436
6.005388 62.500000 184 61.317405 1.962157
6.132372 62.500000 155 49.723457 1.591151
6.028806 62.500000 188 62.547759 2.001528
6.007837 62.500000 197 65.619208 2.099815
6.023521 62.500000 208 69.248310 2.215946
6.051602 62.500000 208 68.309068 2.185890
6.063199 62.500000 157 51.760501 1.656336
6.027089 62.500000 164 54.393050 1.740578
6.034355 62.500000 214 70.928103 2.269699
6.053691 62.500000 172 56.544644 1.809429
6.065668 62.500000 173 57.564402 1.842061
6.028770 62.500000 152 50.521233 1.616679
6.027423 62.500000 211 70.199043 2.246369
6.029149 62.500000 201 66.950001 2.142400
6.106970 62.500000 190 62.442817 1.998170
6.010389 62.500000 210 69.972697 2.239126
6.065690 62.500000 197 65.501926 2.096062
6.030577 62.500000 171 56.868975 1.819807
6.052185 62.500000 148 48.868862 1.563804
6.006626 62.500000 180 59.931803 1.917818
6.036175 62.500000 165 54.445899 1.742269
6.036650 62.500000 185 61.387010 1.964384
6.052141 62.500000 195 64.486925 2.063582
6.054355 62.500000 182 60.558667 1.937877
6.106970 62.500000 186 61.824344 1.978379
6.085741 62.500000 171 56.992799 1.823770
6.021181 62.500000 180 59.946447 1.918286
9.020615 62.500000 177 58.943902 1.886205
9.030511 62.500000 192 63.963650 2.046837
9.062195 62.500000 198 64.825411 2.074413
9.011397 62.500000 203 67.531412 2.161005
9.053885 62.500000 179 59.428721 1.901719
9.069650 62.500000 160 52.647624 1.684724
9.046477 62.500000 170 56.086536 1.794769
9.075674 62.500000 185 60.717378 1.942956
9.036058 62.500000 197 65.109582 2.083507
9.029330 62.500000 212 70.530099 2.256963
9.075914 62.500000 199 65.860039 2.107521
9.046463 62.500000 209 69.439518 2.222065
9.017642 62.500000 191 63.433757 2.029880
9.140012 62.500000 202 65.042584 2.081363
9.034551 62.500000 214 71.164261 2.277256
9.032870 62.500000 195 64.919473 2.077423
9.036015 62.500000 159 52.986012 1.695552
9.069245 62.500000 201 66.865248 2.139688
9.039973 62.500000 193 64.058231 2.049863
9.122628 62.500000 193 62.857381 2.011436
9.066157 62.500000 206 68.655479 2.196975
9.055223 62.500000 190 63.301007 2.025632
9.106567 62.500000 186 61.166562 1.957330
9.053175 62.500000 194 64.644370 2.068620
9.135205 62.500000 201 64.858999 2.075488
9.087752 62.500000 211 70.286209 2.249159
9.052357 62.500000 200 66.649896 2.132797
9.107654 62.500000 197 65.651708 2.100855
9.167222 62.500000 204 67.219129 2.151012
9.124626 62.500000 180 59.648961 1.908767
9.033749 62.500000 180 59.749696 1.911990
12.083866 125.000000 308 101.186189 3.237958
12.015126 125.000000 309 102.872107 3.291907
12.037311 125.000000 333 110.385690 3.532342
12.032862 125.000000 321 106.916221 3.421319
12.048018 125.000000 342 113.941463 3.646127
12.033756 125.000000 331 110.170793 3.525465
12.043526 125.000000 349 116.042778 3.713369
12.114938 125.000000 330 108.239991 3.463680
12.059462 125.000000 341 113.455739 3.630584
12.039113 125.000000 310 103.176446 3.301646
12.054321 125.000000 307 101.714135 3.254852
12.040249 125.000000 314 104.409864 3.341116
12.064675 125.000000 320 106.331674 3.402614
12.062991 125.000000 286 95.308052 3.049858
12.027393 125.000000 288 95.688952 3.062046
12.053259 125.000000 341 113.409778 3.629113
12.072900 125.000000 320 106.551234 3.409639
12.080307 125.000000 273 90.859685 2.907510
12.082858 125.000000 333 110.498582 3.535955
12.055833 125.000000 338 112.566941 3.602142
12.090915 125.000000 330 109.884160 3.516293
12.096275 125.000000 332 109.920640 3.517460
12.113060 125.000000 341 113.421168 3.629477
12.060343 125.000000 274 91.090841 2.914907
12.119040 125.000000 281 93.312526 2.986001
12.123247 125.000000 326 108.644250 3.476616
12.143782 125.000000 290 96.545366 3.089452
12.128412 125.000000 347 115.520875 3.696668
12.189434 125.000000 302 99.926835 3.197659
12.140293 125.000000 304 101.161758 3.237176
12.036441 125.000000 341 113.564758 3.634072
3.006058 62.500000 194 64.536341 2.065163
15.034515 125.000000 363 120.223036 3.847137
15.037029 125.000000 405 134.852863 4.315292
15.032908 125.000000 379 126.101533 4.035249
15.041159 125.000000 360 119.846262 3.835080
15.050018 125.000000 376 124.620688 3.987862
15.047776 125.000000 400 133.144723 4.260631
15.040255 125.000000 343 114.289802 3.657274
15.050637 125.000000 358 119.229255 3.815336
15.042427 125.000000 370 123.243836 3.943803
15.062200 125.000000 410 136.542042 4.369345
15.056141 125.000000 384 127.922364 4.093516
15.072299 125.000000 387 128.600967 4.115231
15.075841 125.000000 365 121.215469 3.878895
15.086573 125.000000 408 135.382966 4.332255
15.081835 125.000000 372 123.936850 3.965979
15.057128 125.000000 362 120.511238 3.856360
15.061406 125.000000 368 122.439236 3.918056
15.100405 125.000000 413 136.866139 4.379716
15.127460 125.000000 340 112.862237 3.611592
15.113883 125.000000 369 122.282278 3.913033
15.085197 125.000000 342 113.949453 3.646382
15.113450 125.000000 424 141.314982 4.522079
15.094050 125.000000 332 110.551141 3.537636
15.163620 125.000000 357 117.419797 3.757433
15.149841 125.000000 376 125.080682 4.002582
15.069579 125.000000 372 123.619419 3.955821
15.123025 125.000000 410 136.485339 4.367531
15.196804 125.000000 407 135.334158 4.330693
15.133440 125.000000 378 125.789149 4.025253
15.149435 125.000000 375 124.620238 3.987848
15.038727 125.000000 377 125.570985 4.018272
6.026281 62.500000 201 66.551382 2.129644
18.042543 125.000000 427 141.953442 4.542510
18.037345 125.000000 381 126.986618 4.063572
18.055974 125.000000 336 111.416224 3.565319
18.061948 125.000000 399 132.500441 4.240014
18.047280 125.000000 389 129.402653 4.140885
18.052938 125.000000 380 126.543466 4.049391
18.053748 125.000000 393 130.739736 4.183672
18.068737 125.000000 383 127.389084 4.076451
18.110150 125.000000 405 133.737764 4.279608
18.053680 125.000000 359 119.219495 3.815024
18.115026 125.000000 359 119.603822 3.827322
18.058387 125.000000 372 123.907256 3.965032
18.078412 125.000000 347 115.567632 3.698164
18.076866 125.000000 324 107.835840 3.450747
18.146940 125.000000 356 116.325928 3.722430
18.040451 125.000000 403 133.996413 4.287885
18.072798 125.000000 329 109.251778 3.496057
18.057727 125.000000 382 127.307925 4.073854
18.086018 125.000000 346 115.301795 3.689657
18.123481 125.000000 385 127.086552 4.066770
18.108226 125.000000 393 130.659372 4.181100
18.143009 125.000000 414 137.288420 4.393229
18.142293 125.000000 352 116.584574 3.730706
18.070898 125.000000 407 135.607052 4.339426
18.163237 125.000000 358 118.802868 3.801692
18.119433 125.000000 383 127.430910 4.077789
18.165034 125.000000 360 119.943465 3.838191
18.161314 125.000000 370 122.197965 3.910335
18.207604 125.000000 410 136.176438 4.357646
18.150204 125.000000 380 126.634227 4.052295
18.043311 125.000000 376 125.142105 4.004547
9.032983 62.500000 162 53.879637 1.724148
21.046466 125.000000 357 118.639303 3.796458
21.069324 125.000000 375 123.893980 3.964607
21.047895 125.000000 323 107.644608 3.444627
21.057144 125.000000 319 106.213116 3.398820
21.068430 125.000000 379 125.684320 4.021898
21.056170 125.000000 383 127.658340 4.085067
21.062642 125.000000 351 116.972915 3.743133
21.059534 125.000000 427 142.278930 4.552926
21.093567 125.000000 404 133.561240 4.273960
21.056700 125.000000 367 122.210292 3.910729
21.082059 125.000000 394 131.106408 4.195405
21.082040 125.000000 406 135.169885 4.325436
21.058050 125.000000 396 131.985760 4.223544
21.046424 125.000000 341 113.440820 3.630106
21.098433 125.000000 364 120.833258 3.866664
21.111847 125.000000 342 113.935531 3.645937
21.078659 125.000000 382 127.085046 4.066721
21.150461 125.000000 374 123.390490 3.948496
21.111063 125.000000 371 123.549831 3.953595
21.150583 125.000000 343 112.994111 3.615812
21.169038 125.000000 370 123.095282 3.939049
21.079741 125.000000 347 115.326720 3.690455
21.188679 125.000000 388 127.393965 4.076607
21.127992 125.000000 367 122.149665 3.908789
21.150835 125.000000 430 142.926346 4.573643
21.147905 125.000000 400 133.290457 4.265295
21.198877 125.000000 381 125.583305 4.018666
21.214793 125.000000 358 119.048072 3.809538
21.201018 125.000000 333 109.550134 3.505604
21.168924 125.000000 358 118.593283 3.794985
21.046829 125.000000 393 130.846575 4.187090
12.044779 125.000000 319 105.916866 3.389340
24.086930 125.000000 359 118.705644 3.798581
24.088662 125.000000 346 113.733628 3.639476
24.048704 125.000000 367 122.300347 3.913611
24.061614 125.000000 380 126.459519 4.046705
24.086672 125.000000 380 125.901118 4.028836
24.063252 125.000000 377 125.411321 4.013162
24.099083 125.000000 396 130.138430 4.164430
24.072569 125.000000 356 118.538452 3.793230
24.077292 125.000000 360 119.293871 3.817404
24.092927 125.000000 364 120.894601 3.868627
24.057680 125.000000 384 127.521548 4.080690
24.095315 125.000000 405 134.406092 4.300995
24.098938 125.000000 404 134.426024 4.301633
24.075359 125.000000 338 112.020356 3.584651
24.145860 125.000000 379 124.884804 3.996314
24.079186 125.000000 394 131.310271 4.201929
24.112679 125.000000 364 121.299724 3.881591
24.099216 125.000000 347 115.636501 3.700368
24.129612 125.000000 357 118.935807 3.805946
24.080593 125.000000 369 122.965076 3.934882
24.151365 125.000000 432 143.962467 4.606799
24.148735 125.000000 371 123.632476 3.956239
24.163837 125.000000 382 126.768111 4.056580
24.154425 125.000000 365 121.521257 3.888680
24.170497 125.000000 379 126.271936 4.040702
24.068513 125.000000 393 130.059894 4.161917
24.189503 125.000000 372 123.965977 3.966911
24.207981 125.000000 346 114.984408 3.679501
24.220849 125.000000 396 131.734081 4.215491
24.171702 125.000000 374 124.551337 3.985643
24.209777 125.000000 368 122.309564 3.913906
15.056650 125.000000 296 98.277770 3.144889
27.114525 125.000000 368 121.789855 3.897275
27.086327 125.000000 345 114.060422 3.649933
27.050284 125.000000 381 126.933133 4.061860
27.068269 125.000000 410 136.438490 4.366032
27.104768 125.000000 361 119.690779 3.830105
27.072990 125.000000 329 109.651278 3.508841
27.113623 125.000000 332 109.681312 3.509802
27.087184 125.000000 347 115.656859 3.701019
27.106326 125.000000 346 115.055573 3.681778
27.080395 125.000000 351 116.879092 3.740131
27.105668 125.000000 367 122.059478 3.905903
27.101504 125.000000 371 123.412079 3.949187
27.066991 125.000000 401 133.253064 4.264098
27.088009 125.000000 346 114.849070 3.675170
27.129702 125.000000 409 135.564074 4.338050
27.083032 125.000000 399 132.829722 4.250551
27.105088 125.000000 376 125.088468 4.002831
27.155215 125.000000 359 119.513279 3.824425
27.187596 125.000000 386 127.937445 4.093998
27.150592 125.000000 370 123.257004 3.944224
27.134270 125.000000 400 133.126619 4.260052
27.148117 125.000000 389 129.569194 4.146214
27.091104 125.000000 369 122.570548 3.922258
27.157391 125.000000 398 132.535637 4.241140
27.168767 125.000000 367 122.132643 3.908245
27.209158 125.000000 410 135.777073 4.344866
27.226723 125.000000 375 124.755698 3.992182
27.174394 125.000000 349 116.229041 3.719329
27.208879 125.000000 401 133.626677 4.276054
27.102233 125.000000 407 134.158743 4.293080
27.211877 125.000000 404 134.572479 4.306319
18.060130 125.000000 396 131.847053 4.219106
#type       avg     std     min     5th    10th    90th    95th    99th
read       62.7    10.6    41.1    52.1    54.6    73.9    78.8    92.9
update     65.9    14.8    41.1    55.3    56.2    77.7    82.5    96.7
op_q        1.0     0.0     1.0     1.0     1.0     1.1     1.1     1.1

Total QPS = 99554.0 (2986619 / 30.0s)

Misses = 0 (0.0%)
Skipped TXs = 0 (0.0%)

RX  511894004 bytes :   16.3 MB/s
TX  330243335 bytes :   10.5 MB/s
