3.000273 5625.000000 16956 5651.485494 180.847536
3.000015 5625.000000 16757 5585.639088 178.740451
3.000132 5625.000000 16829 5609.419994 179.501440
3.000177 5625.000000 17059 5685.997473 181.951919
3.000096 5625.000000 16552 5517.156068 176.548994
3.000006 5625.000000 17030 5676.655663 181.652981
3.000048 5625.000000 16991 5663.576771 181.234457
3.000393 5625.000000 16876 5624.595941 179.987070
3.000349 5625.000000 16782 5593.349701 178.987190
3.000278 5625.000000 16714 5570.817695 178.266166
3.000011 5625.000000 16786 5595.312534 179.050001
3.000221 5625.000000 17031 5676.582270 181.650633
3.000021 5625.000000 17043 5680.960851 181.790747
3.000100 5625.000000 16806 5601.814160 179.258053
3.000008 5625.000000 16691 5563.651194 178.036838
3.000117 5625.000000 16977 5658.778366 181.080908
3.000150 5625.000000 17031 5676.715737 181.654904
3.000201 5625.000000 16633 5543.961413 177.406765
3.000082 5625.000000 16549 5516.181870 176.517820
3.000124 5625.000000 17032 5677.099405 181.667181
3.000046 5625.000000 16778 5592.581141 178.962597
3.000051 5625.000000 16683 5560.904722 177.948951
3.000169 5625.000000 16767 5588.685420 178.837933
3.000144 5625.000000 16846 5615.063444 179.682030
3.000700 5625.000000 16883 5626.353071 180.043298
3.000025 5625.000000 17039 5679.618883 181.747804
3.000016 5625.000000 16865 5621.636640 179.892372
3.000030 5625.000000 16699 5566.278416 178.120909
3.000128 5625.000000 16957 5652.093016 180.866977
3.000348 5625.000000 16758 5585.351563 178.731250
3.000102 5625.000000 16940 5646.474801 180.687194
3.000474 5625.000000 16999 5665.438685 181.294038
6.000093 5625.000000 16901 5633.530716 180.272983
6.000180 5625.000000 17114 5704.336275 182.538761
6.000066 5625.000000 16751 5583.638909 178.676445
6.001555 5625.000000 17035 5675.613247 181.619624
6.000127 5625.000000 16877 5625.458168 180.014661
6.000377 5625.000000 17001 5666.622015 181.331904
6.000281 5625.000000 16794 5597.985223 179.135527
6.000401 5625.000000 17046 5681.490511 181.807696
6.000267 5625.000000 16662 5553.684506 177.717904
6.000138 5625.000000 16853 5617.436056 179.757954
6.000223 5625.000000 17068 5689.292874 182.057372
6.000380 5625.000000 16596 5531.706319 177.014602
6.001290 5625.000000 17065 5685.904492 181.948944
6.000050 5625.000000 17058 5685.927031 181.949665
6.000160 5625.000000 16884 5627.938494 180.094032
6.000373 5625.000000 16814 5604.156267 179.333001
6.000396 5625.000000 16709 5569.446349 178.222283
6.000368 5625.000000 17011 5670.297734 181.449527
6.000064 5625.000000 16720 5573.262137 178.344388
6.001015 5625.000000 16931 5642.041204 180.545319
6.000173 5625.000000 16873 5624.325731 179.978423
6.000387 5625.000000 16926 5641.505599 180.528179
6.000104 5625.000000 17075 5691.625975 182.132031
6.000285 5625.000000 16876 5625.070234 180.002248
6.000316 5625.000000 17070 5689.457012 182.062624
6.000221 5625.000000 16585 5528.014435 176.896462
6.000394 5625.000000 16883 5627.664957 180.085279
6.000412 5625.000000 16619 5538.991533 177.247729
6.000970 5625.000000 16978 5658.825327 181.082410
6.000557 5625.000000 16549 5515.949335 176.510379
6.000236 5625.000000 16549 5516.086347 176.514763
6.000480 5625.000000 16519 5506.320967 176.202271
9.000273 5625.000000 17213 5737.654621 183.604948
9.000080 5625.000000 16800 5599.942627 179.198164
9.000931 5625.000000 17206 5734.279842 183.496955
9.000073 5625.000000 16912 5637.314738 180.394072
9.000305 5625.000000 16944 5647.955089 180.734563
9.000417 5625.000000 16912 5636.725413 180.375213
9.000363 5625.000000 16853 5617.287464 179.753199
9.000306 5625.000000 17093 5697.413559 182.317234
9.000656 5625.000000 16586 5527.868768 176.891801
9.000090 5625.000000 17003 5667.622021 181.363905
9.000187 5625.000000 16990 5663.220475 181.223055
9.000205 5625.000000 17192 5730.618788 183.379801
9.000870 5625.000000 16676 5557.753885 177.848124
9.000455 5625.000000 17134 5711.250754 182.760024
9.000279 5625.000000 16888 5629.224102 180.135171
9.000491 5625.000000 16918 5639.156205 180.452999
9.000718 5625.000000 16822 5606.740150 179.415685
9.000686 5625.000000 17100 5698.958689 182.366678
9.000801 5625.000000 17202 5733.181396 183.461805
9.000924 5625.000000 16858 5618.194016 179.782209
9.000129 5625.000000 16706 5568.620399 178.195853
9.001391 5625.000000 17007 5668.204124 181.382532
9.000420 5625.000000 16947 5648.901776 180.764857
9.000530 5625.000000 16888 5629.079267 180.130537
9.000569 5625.000000 16829 5609.324586 179.498387
9.000568 5625.000000 16834 5611.313746 179.562040
9.000289 5625.000000 16944 5647.990665 180.735701
9.001030 5625.000000 17029 5676.304990 181.641760
9.001577 5625.000000 16814 5604.625745 179.348024
9.001321 5625.000000 16827 5608.941156 179.486117
9.000274 5625.000000 16740 5579.930063 178.557762
9.000627 5625.000000 16977 5658.723096 181.079139
12.000305 5625.000000 16957 5652.110446 180.867534
12.000200 5625.000000 17017 5672.107055 181.507426
12.000446 5625.000000 17056 5685.006434 181.920206
12.000657 5625.000000 16808 5601.821834 179.258299
12.000513 5625.000000 16799 5599.486770 179.183577
12.000536 5625.000000 16649 5549.582488 177.586640
12.000377 5625.000000 16873 5624.197724 179.974327
12.000688 5625.000000 16772 5590.371718 178.891895
12.000088 5625.000000 16651 5550.305567 177.609778
12.000517 5625.000000 17043 5680.548361 181.777548
12.000690 5625.000000 16998 5665.275038 181.288801
12.000598 5625.000000 16899 5632.557851 180.241851
12.001933 5625.000000 17029 5673.471388 181.551084
12.001240 5625.000000 16894 5630.638479 180.180431
12.000384 5625.000000 16771 5589.785472 178.873135
12.000656 5625.000000 16896 5631.010264 180.192328
12.000803 5625.000000 16681 5560.176017 177.925633
12.000587 5625.000000 17190 5729.962982 183.358815
12.000707 5625.000000 16907 5634.882485 180.316240
12.001083 5625.000000 16895 5630.921052 180.189474
12.000938 5625.000000 16659 5552.987361 177.695596
12.000554 5625.000000 17038 5679.145559 181.732658
12.000888 5625.000000 16656 5551.570322 177.650250
12.000913 5625.000000 16719 5572.362784 178.315609
12.002129 5625.000000 17084 5693.266176 182.184518
12.001105 5625.000000 17030 5676.524388 181.648780
12.001038 5625.000000 16732 5576.892508 178.460560
12.001712 5625.000000 16930 5642.599354 180.563179
12.001086 5625.000000 16923 5640.695990 180.502272
12.001742 5625.000000 16959 5652.689667 180.886069
12.001405 5625.000000 16956 5649.869410 180.795821
12.000674 5625.000000 16825 5608.246332 179.463883
15.000118 5625.000000 17043 5680.943499 181.790192
15.000386 5625.000000 16888 5629.316385 180.138124
15.000465 5625.000000 16811 5603.368596 179.307795
15.000787 5625.000000 16855 5618.148482 179.780751
15.000572 5625.000000 17076 5691.760637 182.136340
15.001542 5625.000000 17072 5690.093776 182.083001
15.001458 5625.000000 16750 5581.904106 178.620931
15.001135 5625.000000 16890 5628.841601 180.122931
15.000996 5625.000000 16632 5543.892998 177.404576
15.001133 5625.000000 16589 5528.681985 176.917824
15.000222 5625.000000 17063 5687.624953 182.003998
15.000804 5625.000000 17031 5676.720506 181.655056
15.000893 5625.000000 16789 5595.667828 179.061370
15.000849 5625.000000 16880 5626.036284 180.033161
15.000465 5625.000000 16796 5598.515762 179.152504
15.000602 5625.000000 16684 5561.244368 177.959820
15.000769 5625.000000 16865 5621.325090 179.882403
15.000695 5625.000000 16928 5642.594742 180.563032
15.000985 5625.000000 17101 5699.988249 182.399624
15.002180 5625.000000 16725 5574.540375 178.385292
15.001767 5625.000000 16795 5598.287169 179.145189
15.001105 5625.000000 16828 5609.293331 179.497387
15.001204 5625.000000 16893 5630.405739 180.172984
15.001249 5625.000000 17033 5677.268574 181.672594
15.000931 5625.000000 16663 5554.299014 177.737568
15.001109 5625.000000 16977 5658.992128 181.087748
15.001272 5625.000000 17032 5676.264417 181.640461
15.001976 5625.000000 16886 5626.997300 180.063914
15.001839 5625.000000 16830 5609.761938 179.512382
15.002198 5625.000000 16527 5508.872562 176.283922
15.001569 5625.000000 16748 5582.361880 178.635580
15.000759 5625.000000 16995 5664.839969 181.274879
18.001132 5625.000000 16850 5616.615448 179.731694
18.000862 5625.000000 16664 5553.785129 177.721124
18.000241 5625.000000 16810 5603.298563 179.305554
18.000855 5625.000000 16920 5639.989529 180.479665
18.001013 5625.000000 16945 5648.300908 180.745629
18.000711 5625.000000 16965 5654.737586 180.951603
18.000506 5625.000000 16754 5584.589145 178.706853
18.000831 5625.000000 17152 5717.074207 182.946375
18.001151 5625.000000 16939 5645.646891 180.660700
18.001014 5625.000000 16757 5585.612649 178.739605
18.001198 5625.000000 16569 5522.879224 176.732135
18.000874 5625.000000 16708 5569.202064 178.214466
18.000194 5625.000000 16816 5605.192275 179.366153
18.000686 5625.000000 17061 5686.580379 181.970572
18.000885 5625.000000 16807 5601.805601 179.257779
18.001225 5625.000000 16981 5660.164078 181.125251
18.001278 5625.000000 16671 5556.863438 177.819630
18.001881 5625.000000 16909 5635.696967 180.342303
18.000909 5625.000000 17095 5698.303280 182.345705
18.001929 5625.000000 17037 5678.829639 181.722548
18.001303 5625.000000 16705 5568.232050 178.183426
18.001828 5625.000000 16992 5663.302287 181.225673
18.001143 5625.000000 16830 5609.603929 179.507326
18.001115 5625.000000 16882 5627.322702 180.074326
18.000844 5625.000000 16729 5576.193956 178.438207
18.001370 5625.000000 16666 5555.152598 177.764883
18.002480 5625.000000 16940 5646.136342 180.676363
18.001788 5625.000000 17117 5705.626423 182.580046
18.002601 5625.000000 16893 5630.210276 180.166729
18.002044 5625.000000 16629 5542.873911 177.371965
18.001608 5625.000000 16824 5607.926795 179.453657
18.000853 5625.000000 17241 5746.818432 183.898190
21.000765 5625.000000 16643 5546.610879 177.491548
21.001497 5625.000000 17006 5666.795880 181.337468
21.001187 5625.000000 16829 5609.060422 179.489934
21.000307 5625.000000 16911 5636.875576 180.380018
21.001186 5625.000000 17205 5734.092706 183.490967
21.002034 5625.000000 16947 5647.077730 180.706487
21.000904 5625.000000 17034 5677.964302 181.694858
21.001448 5625.000000 16977 5658.679686 181.077750
21.000969 5625.000000 17007 5668.886994 181.404384
21.001548 5625.000000 17054 5684.004832 181.888155
21.000754 5625.000000 16752 5583.873044 178.683937
21.000958 5625.000000 17014 5671.138779 181.476441
21.002405 5625.000000 16695 5562.082519 177.986641
21.001182 5625.000000 17300 5766.344282 184.523017
21.001564 5625.000000 17118 5705.630185 182.580166
21.001380 5625.000000 16838 5612.238995 179.591648
21.001274 5625.000000 16892 5629.917122 180.157348
21.001283 5625.000000 16883 5627.350856 180.075227
21.001331 5625.000000 16818 5605.947095 179.390307
21.001993 5625.000000 16973 5657.545606 181.041459
21.000901 5625.000000 16954 5651.226996 180.839264
21.001251 5625.000000 17232 5743.771921 183.800701
21.001536 5625.000000 16678 5558.756923 177.880222
21.001900 5625.000000 16883 5627.531466 180.081007
21.001151 5625.000000 16844 5614.651582 179.668851
21.001836 5625.000000 16940 5646.575814 180.690426
21.001898 5625.000000 16770 5589.967653 178.878965
21.002211 5625.000000 16876 5625.020384 180.000652
21.002759 5625.000000 16766 5588.373682 178.827958
21.002612 5625.000000 17124 5707.749397 182.647981
21.001698 5625.000000 16684 5561.166242 177.957320
21.000924 5625.000000 16951 5650.200261 180.806408
24.001424 5625.000000 17196 5731.669012 183.413408
24.001421 5625.000000 16954 5650.891214 180.828519
24.000423 5625.000000 16759 5586.116879 178.755740
24.001077 5625.000000 16786 5595.009550 179.040306
24.001489 5625.000000 16610 5535.705363 177.142572
24.001194 5625.000000 16902 5633.984023 180.287489
24.000850 5625.000000 17047 5682.151676 181.828854
24.001290 5625.000000 17072 5690.035944 182.081150
24.001200 5625.000000 16890 5629.965465 180.158895
24.001407 5625.000000 16997 5665.524131 181.296772
24.001486 5625.000000 17041 5679.949704 181.758391
24.001381 5625.000000 16814 5604.664226 179.349255
24.001213 5625.000000 17002 5667.216028 181.350913
24.000796 5625.000000 16898 5632.608222 180.243463
24.001570 5625.000000 16881 5626.957805 180.062650
24.002070 5625.000000 17037 5678.677785 181.717689
24.001623 5625.000000 16960 5653.095168 180.899045
24.002042 5625.000000 16911 5636.612310 180.371594
24.001724 5625.000000 16992 5663.644947 181.236638
24.002316 5625.000000 16792 5596.807281 179.097833
24.001921 5625.000000 16642 5547.291130 177.513316
24.002215 5625.000000 16893 5630.583660 180.178677
24.001049 5625.000000 16916 5638.387445 180.428398
24.001514 5625.000000 16677 5558.877669 177.884085
24.002100 5625.000000 17076 5690.432687 182.093846
24.001764 5625.000000 17010 5669.621434 181.427886
24.002573 5625.000000 16842 5613.684735 179.637912
24.003042 5625.000000 16998 5665.187665 181.286005
24.003086 5625.000000 16804 5600.721319 179.223082
24.002444 5625.000000 16807 5601.898380 179.260748
24.001947 5625.000000 17041 5679.861773 181.755577
24.001213 5625.000000 16809 5602.459747 179.278712
27.000473 5625.000000 16612 5537.241539 177.191729
27.001392 5625.000000 16773 5589.991270 178.879721
27.002203 5625.000000 16762 5585.490734 178.735703
27.001605 5625.000000 16875 5623.482614 179.951444
27.001391 5625.000000 16853 5617.477664 179.759285
27.001500 5625.000000 16718 5572.521255 178.320680
27.001778 5625.000000 16889 5628.581770 180.114617
27.001418 5625.000000 16916 5637.972839 180.415131
27.001199 5625.000000 16952 5650.657297 180.821034
27.001636 5625.000000 16833 5610.975925 179.551230
27.001565 5625.000000 16779 5592.858610 178.971476
27.002961 5625.000000 16952 5647.740923 180.727710
27.002305 5625.000000 17083 5693.604900 182.195357
27.001441 5625.000000 16808 5602.556028 179.281793
27.002087 5625.000000 16977 5658.024752 181.056792
27.001528 5625.000000 16902 5633.805286 180.281769
27.001086 5625.000000 16761 5586.983342 178.783467
27.002166 5625.000000 16805 5601.487431 179.247598
27.001790 5625.000000 16757 5585.619432 178.739822
27.001676 5625.000000 16731 5576.645207 178.452647
27.003525 5625.000000 16987 5661.505846 181.168187
27.001667 5625.000000 16846 5615.047808 179.681530
27.002322 5625.000000 16575 5524.989601 176.799667
27.002550 5625.000000 16864 5619.786067 179.833154
27.002208 5625.000000 16824 5607.799051 179.449570
27.002587 5625.000000 16992 5663.975154 181.247205
27.002710 5625.000000 16910 5635.736660 180.343573
27.002599 5625.000000 17175 5723.937942 183.166014
27.003268 5625.000000 16949 5649.240508 180.775696
27.002504 5625.000000 17141 5713.551648 182.833653
27.002348 5625.000000 16957 5651.579464 180.850543
27.001272 5625.000000 16991 5663.555389 181.233772
#type       avg     std     min     5th    10th    90th    95th    99th
read     1441.2   363.4   189.1   934.9   984.1  1811.7  1845.6  2497.6
update   1439.7   363.1   276.8   935.1   984.2  1810.9  1844.6  2487.1
op_q       10.4     4.0     1.0     4.1     5.6    16.0    17.4    20.9

Total QPS = 359920.0 (10797602 / 30.0s)

Misses = 0 (0.0%)
Skipped TXs = 0 (0.0%)

RX 1859412546 bytes :   59.1 MB/s
TX 1194762271 bytes :   38.0 MB/s
