3.015815 62.500000 170 56.369500 1.803824
3.020134 62.500000 167 55.295554 1.769458
3.004422 62.500000 194 64.571485 2.066288
3.001540 62.500000 172 57.303915 1.833725
3.009219 62.500000 169 56.160754 1.797144
3.104096 62.500000 170 54.766351 1.752523
3.013670 62.500000 170 56.409623 1.805108
3.058145 62.500000 177 57.878228 1.852103
3.006009 62.500000 191 63.539405 2.033261
3.002041 62.500000 203 67.620671 2.163861
3.023665 62.500000 186 61.514758 1.968472
3.021684 62.500000 169 55.929070 1.789730
3.015131 62.500000 173 57.377275 1.836073
3.023103 62.500000 188 62.187754 1.990008
3.085362 62.500000 173 56.071218 1.794279
3.011998 62.500000 192 63.745068 2.039842
3.006996 62.500000 171 56.867381 1.819756
3.060339 62.500000 211 68.946621 2.206292
3.005667 62.500000 168 55.894410 1.788621
3.023672 62.500000 199 65.814019 2.106049
3.006198 62.500000 216 71.851557 2.299250
3.026908 62.500000 147 48.564406 1.554061
3.022983 62.500000 164 54.251053 1.736034
3.029998 62.500000 179 59.075940 1.890430
3.049005 62.500000 178 58.379705 1.868151
3.064186 62.500000 199 64.943830 2.078203
3.028272 62.500000 194 64.062942 2.050014
3.005644 62.500000 216 71.864810 2.299674
3.003213 62.500000 186 61.933674 1.981878
3.006618 62.500000 198 65.854723 2.107351
3.021882 62.500000 186 61.551042 1.969633
6.041873 62.500000 162 53.334192 1.706694
6.023271 62.500000 175 58.018593 1.856595
6.015446 62.500000 173 57.400592 1.836819
6.017361 62.500000 162 53.799818 1.721594
6.006788 62.500000 184 61.317405 1.962157
6.132372 62.500000 155 49.723457 1.591151
6.028806 62.500000 188 62.547759 2.001528
6.005613 62.500000 185 61.593326 1.970986
6.007837 62.500000 197 65.619208 2.099815
6.017354 62.500000 208 69.248310 2.215946
6.051602 62.500000 208 68.309068 2.185890
6.063199 62.500000 157 51.760501 1.656336
6.027089 62.500000 164 54.393050 1.740578
6.032955 62.500000 214 70.928103 2.269699
6.052519 62.500000 156 51.504750 1.648152
6.065668 62.500000 173 57.564402 1.842061
6.028770 62.500000 152 50.521233 1.616679
6.027423 62.500000 211 70.199043 2.246369
6.106970 62.500000 190 62.442817 1.998170
6.010389 62.500000 210 69.972697 2.239126
6.065690 62.500000 197 65.501926 2.096062
6.030577 62.500000 171 56.868975 1.819807
6.006626 62.500000 180 59.931803 1.917818
6.036175 62.500000 165 54.445899 1.742269
6.071100 62.500000 199 65.370393 2.091853
6.036650 62.500000 185 61.387010 1.964384
6.052141 62.500000 195 64.486925 2.063582
6.054355 62.500000 182 60.558667 1.937877
6.112619 62.500000 186 61.824344 1.978379
6.085741 62.500000 171 56.992799 1.823770
6.028950 62.500000 211 70.168033 2.245377
9.030511 62.500000 192 63.963650 2.046837
9.028755 62.500000 192 63.757843 2.040251
9.062195 62.500000 198 64.825411 2.074413
9.006354 62.500000 212 70.649202 2.260774
9.012796 62.500000 203 67.531412 2.161005
9.053885 62.500000 179 59.428721 1.901719
9.069650 62.500000 160 52.647624 1.684724
9.030227 62.500000 180 59.861188 1.915558
9.046477 62.500000 170 56.086536 1.794769
9.075674 62.500000 185 60.717378 1.942956
9.036058 62.500000 197 65.109582 2.083507
9.023163 62.500000 212 70.530099 2.256963
9.075914 62.500000 199 65.860039 2.107521
9.039258 62.500000 196 65.196353 2.086283
9.046463 62.500000 209 69.439518 2.222065
9.028205 62.500000 196 65.316310 2.090122
9.132037 62.500000 182 60.276529 1.928849
9.038807 62.500000 198 65.299543 2.089585
9.039973 62.500000 193 64.058231 2.049863
9.066157 62.500000 206 68.655479 2.196975
9.054051 62.500000 190 63.301007 2.025632
9.106567 62.500000 186 61.166562 1.957330
9.077768 62.500000 180 59.866926 1.915742
9.053175 62.500000 194 64.644370 2.068620
9.075064 62.500000 198 65.739999 2.103680
9.135205 62.500000 201 64.858999 2.075488
9.087752 62.500000 211 70.286209 2.249159
9.052357 62.500000 200 66.649896 2.132797
9.111252 62.500000 195 64.907362 2.077036
9.167222 62.500000 204 67.219129 2.151012
9.042553 62.500000 161 53.424408 1.709581
12.091252 62.500000 195 64.185344 2.053931
12.050165 62.500000 181 59.894918 1.916637
12.059837 62.500000 157 51.826719 1.658455
12.014064 62.500000 178 59.308265 1.897864
12.070523 62.500000 178 58.518591 1.872595
12.014296 62.500000 198 65.825741 2.106424
12.071518 62.500000 184 61.295168 1.961445
12.054203 62.500000 195 64.484645 2.063509
12.072451 62.500000 180 59.030169 1.888965
12.040789 62.500000 168 55.984761 1.791512
12.056060 62.500000 179 59.623437 1.907950
12.063443 62.500000 203 67.638519 2.164433
12.070595 62.500000 184 60.699289 1.942377
12.070291 62.500000 216 71.432950 2.285854
12.063437 62.500000 176 58.483680 1.871478
12.043298 62.500000 202 67.171217 2.149479
12.107299 62.500000 198 65.311497 2.089968
12.077218 62.500000 192 63.350551 2.027218
12.124119 62.500000 173 56.573631 1.810356
12.060880 62.500000 188 62.208950 1.990686
12.114920 62.500000 192 63.822297 2.042314
12.075143 62.500000 196 65.331626 2.090612
12.127629 62.500000 167 55.364435 1.771662
12.086234 62.500000 181 60.163559 1.925234
12.080539 62.500000 184 61.238934 1.959646
12.100167 62.500000 186 61.744483 1.975823
12.152109 62.500000 191 63.243518 2.023793
12.061531 62.500000 197 65.466464 2.094927
12.175784 62.500000 208 69.136025 2.212353
12.137669 62.500000 194 64.613600 2.067635
12.045898 62.500000 241 80.243884 2.567804
3.004917 62.500000 192 63.895285 2.044649
15.149628 62.500000 184 59.186077 1.893954
15.062589 62.500000 191 62.658018 2.005057
15.132310 62.500000 205 66.744162 2.135813
15.028660 62.500000 186 61.699821 1.974394
15.067003 62.500000 201 66.715350 2.134891
15.047130 62.500000 177 58.924739 1.885592
15.058933 62.500000 164 54.614360 1.747660
15.064044 62.500000 201 66.986586 2.143571
15.060805 62.500000 215 71.413373 2.285228
15.076525 62.500000 211 70.027836 2.240891
15.069155 62.500000 201 66.792528 2.137361
15.082589 62.500000 184 61.082937 1.954654
15.090995 62.500000 126 41.741979 1.335743
15.071660 62.500000 212 70.641587 2.260531
15.108226 62.500000 193 64.313465 2.058031
15.093803 62.500000 167 55.322547 1.770321
15.138762 62.500000 188 61.292808 1.961370
15.138512 62.500000 193 63.831370 2.042604
15.087914 62.500000 186 61.642664 1.972565
15.082359 62.500000 200 66.626227 2.132039
15.140666 62.500000 235 76.937385 2.461996
15.077601 62.500000 201 66.991452 2.143726
15.105241 62.500000 207 68.883493 2.204272
15.162012 62.500000 229 74.574377 2.386380
15.164047 62.500000 198 65.133108 2.084259
15.093064 62.500000 179 59.046034 1.889473
15.139470 62.500000 191 63.416370 2.029324
15.164331 62.500000 215 71.375881 2.284028
15.237690 62.500000 178 58.133729 1.860279
15.142205 62.500000 199 66.233186 2.119462
15.080533 62.500000 204 67.223896 2.151165
6.016522 62.500000 170 56.448305 1.806346
18.189054 62.500000 178 58.848369 1.883148
18.063380 62.500000 184 61.317174 1.962150
18.048030 62.500000 186 61.602244 1.971272
18.108356 62.500000 151 50.331161 1.610597
18.103397 62.500000 206 67.777582 2.168883
18.076536 62.500000 204 67.889671 2.172469
18.065328 62.500000 179 59.306905 1.897821
18.083804 62.500000 163 53.886604 1.724371
18.114080 62.500000 170 56.500211 1.808007
18.092943 62.500000 216 71.433595 2.285875
18.077868 62.500000 171 56.794316 1.817418
18.076474 62.500000 235 77.926337 2.493643
18.100115 62.500000 181 59.883928 1.916286
18.116466 62.500000 210 69.475162 2.223205
18.140408 62.500000 185 60.380899 1.932189
18.082910 62.500000 190 63.326564 2.026450
18.188083 62.500000 191 61.609548 1.971506
18.150050 62.500000 214 69.956236 2.238600
18.094315 62.500000 175 58.101782 1.859257
18.186461 62.500000 202 66.274060 2.120770
18.173296 62.500000 183 60.522523 1.936721
18.180711 62.500000 202 66.404786 2.124953
18.093693 62.500000 180 59.987420 1.919597
18.145267 62.500000 184 61.239408 1.959661
18.138890 62.500000 192 63.859925 2.043518
18.173887 62.500000 197 65.451987 2.094464
18.212697 62.500000 150 48.852112 1.563268
18.156374 62.500000 193 63.972861 2.047132
18.171287 62.500000 207 68.787330 2.201195
18.298484 62.500000 162 52.927442 1.693678
18.110114 62.500000 188 62.054790 1.985753
9.034805 62.500000 160 53.010257 1.696328
21.084327 62.500000 195 64.549294 2.065577
21.162650 62.500000 215 70.203281 2.246505
21.053552 62.500000 191 63.549707 2.033591
21.095090 62.500000 185 61.314670 1.962069
21.084923 62.500000 224 74.638817 2.388442
21.093723 62.500000 177 58.662695 1.877206
21.100300 62.500000 194 64.293972 2.057407
21.072324 62.500000 184 61.190643 1.958101
21.077531 62.500000 180 59.980093 1.919363
21.104527 62.500000 162 53.979664 1.727349
21.101077 62.500000 216 71.805296 2.297769
21.157266 62.500000 182 59.693456 1.910191
21.175783 62.500000 172 56.845742 1.819064
21.164417 62.500000 182 60.184996 1.925920
21.142076 62.500000 201 65.950064 2.110402
21.116932 62.500000 191 63.606199 2.035398
21.128138 62.500000 178 59.103384 1.891308
21.149645 62.500000 187 61.192068 1.958146
21.148248 62.500000 220 73.260540 2.344337
21.210191 62.500000 157 51.697549 1.654322
21.194138 62.500000 206 68.206252 2.182600
21.205075 62.500000 185 61.339094 1.962851
21.205881 62.500000 181 59.945300 1.918250
21.173265 62.500000 163 54.029135 1.728932
21.189499 62.500000 203 67.469040 2.159009
21.242925 62.500000 186 59.922009 1.917504
21.266833 62.500000 205 66.585454 2.130735
21.199847 62.500000 197 65.047420 2.081517
21.116539 62.500000 193 64.195832 2.054267
21.225487 62.500000 151 50.119646 1.603829
21.301018 62.500000 184 61.281562 1.961010
12.035516 62.500000 203 67.650640 2.164820
24.105750 62.500000 181 60.223926 1.927166
24.056633 62.500000 176 58.606483 1.875407
24.090197 62.500000 178 59.217468 1.894959
24.078052 62.500000 214 71.197395 2.278317
24.078111 62.500000 183 60.988209 1.951623
24.092228 62.500000 171 56.861551 1.819570
24.106111 62.500000 215 71.546616 2.289492
24.143606 62.500000 195 64.666583 2.069331
24.130542 62.500000 200 65.858390 2.107468
24.098004 62.500000 180 59.941777 1.918137
24.114047 62.500000 221 73.433639 2.349876
24.206377 62.500000 194 64.655962 2.068991
24.161002 62.500000 203 67.582505 2.162640
24.131570 62.500000 155 51.415783 1.645305
24.149052 62.500000 181 60.317157 1.930149
24.142987 62.500000 185 61.647936 1.972734
24.179687 62.500000 168 55.927202 1.789670
24.171607 62.500000 185 61.519227 1.968615
24.197874 62.500000 173 57.506122 1.840196
24.170603 62.500000 189 62.833415 2.010669
24.215388 62.500000 196 64.873816 2.075962
24.212994 62.500000 190 63.166587 2.021331
24.182356 62.500000 173 57.492440 1.839758
24.154047 62.500000 160 53.255182 1.704166
24.244995 62.500000 158 52.326407 1.674445
24.199894 62.500000 227 75.665473 2.421295
24.210842 62.500000 188 62.653067 2.004898
24.267707 62.500000 224 74.054922 2.369757
24.139692 62.500000 194 64.171416 2.053485
24.273493 62.500000 208 69.179758 2.213752
24.432128 62.500000 194 61.958862 1.982684
15.042595 62.500000 189 62.851691 2.011254
27.065596 62.500000 189 62.812331 2.009995
27.112898 62.500000 174 57.869077 1.851810
27.091295 62.500000 190 63.056233 2.017799
27.134941 62.500000 159 52.255986 1.672192
27.109590 62.500000 209 68.941890 2.206140
27.110207 62.500000 195 64.736678 2.071574
27.091932 62.500000 178 59.299033 1.897569
27.107566 62.500000 221 73.622096 2.355907
27.149340 62.500000 171 56.337242 1.802792
27.135839 62.500000 187 62.244755 1.991832
27.168033 62.500000 204 67.160701 2.149142
27.282510 62.500000 177 56.896671 1.820693
27.148137 62.500000 197 65.567639 2.098164
27.161280 62.500000 179 59.661145 1.909157
27.213791 62.500000 206 67.216181 2.150918
27.235296 62.500000 195 64.520368 2.064652
27.181377 62.500000 171 56.279814 1.800954
27.233352 62.500000 184 60.616489 1.939728
27.183186 62.500000 192 63.925444 2.045614
27.240730 62.500000 176 58.087942 1.858814
27.214452 62.500000 189 62.830886 2.010588
27.236027 62.500000 182 60.252157 1.928069
27.178209 62.500000 177 58.850796 1.883225
27.176391 62.500000 194 64.188596 2.054035
27.227042 62.500000 172 56.491857 1.807739
27.233312 62.500000 197 64.943252 2.078184
27.280978 62.500000 182 60.515683 1.936502
27.154554 62.500000 181 60.035927 1.921150
27.250347 62.500000 182 60.558635 1.937876
27.268376 62.500000 193 64.318982 2.058207
27.724482 62.500000 180 54.672126 1.749508
18.056834 62.500000 203 67.347008 2.155104
30.261951 62.500000 167 52.670489 1.685456
#type       avg     std     min     5th    10th    90th    95th    99th
read       63.8    13.5    37.4    50.7    52.4    77.4    83.3   102.1
update     67.4    11.8    41.1    53.1    55.5    81.1    87.9   105.0
op_q        1.0     0.0     1.0     1.0     1.0     1.1     1.1     1.1

Total QPS = 279909.4 (8397285 / 30.0s)

Misses = 0 (0.0%)
Skipped TXs = 0 (0.0%)

RX 1441072742 bytes :   45.8 MB/s
TX  927030942 bytes :   29.5 MB/s
