3.000653 2500.000000 7372 2456.798425 78.617550
3.000040 2500.000000 7533 2510.966140 80.350916
3.000855 2500.000000 7537 2511.617870 80.371772
3.000172 2500.000000 7455 2484.857217 79.515431
3.000836 2500.000000 7552 2516.632134 80.532228
3.000043 2500.000000 7580 2526.630277 80.852169
3.000092 2500.000000 7562 2520.589203 80.658855
3.000316 2500.000000 7449 2482.738593 79.447635
3.000301 2500.000000 7401 2466.752170 78.936069
3.000061 2500.000000 7538 2512.615311 80.403690
3.000041 2500.000000 7532 2510.632238 80.340232
3.000307 2500.000000 7426 2475.080248 79.202568
3.000613 2500.000000 7434 2477.493579 79.279795
3.000594 2500.000000 7345 2447.848657 78.331157
3.000036 2500.000000 7290 2429.970773 77.759065
3.000637 2500.000000 7479 2492.470367 79.759052
3.000147 2500.000000 7525 2508.210819 80.262746
3.001256 2500.000000 7573 2523.276867 80.744860
3.000060 2500.000000 7611 2536.949345 81.182379
3.000142 2500.000000 7520 2506.547985 80.209536
3.000398 2500.000000 7645 2547.995410 81.535853
3.000601 2500.000000 7469 2489.167697 79.653366
3.000302 2500.000000 7448 2482.416452 79.437326
3.000271 2500.000000 7521 2506.773588 80.216755
3.000050 2500.000000 7362 2453.959183 78.526694
3.000705 2500.000000 7542 2513.409731 80.429111
3.000221 2500.000000 7407 2468.818428 79.002190
3.000594 2500.000000 7373 2457.180024 78.629761
3.000154 2500.000000 7377 2458.873730 78.683959
3.000279 2500.000000 7590 2529.764692 80.952470
3.000025 2500.000000 7389 2462.979849 78.815355
3.000008 2500.000000 7513 2504.326321 80.138442
6.000668 2500.000000 7451 2483.164177 79.461254
6.001310 2500.000000 7421 2473.291468 79.145327
6.000357 2500.000000 7471 2490.078721 79.682519
6.002828 2500.000000 7690 2561.442644 81.966165
6.000220 2500.000000 7503 2500.846906 80.027101
6.000202 2500.000000 7422 2473.867054 79.163746
6.000166 2500.000000 7408 2469.272644 79.016725
6.001602 2500.000000 7465 2487.041319 79.585322
6.001165 2500.000000 7552 2516.390658 80.524501
6.000340 2500.000000 7585 2528.275426 80.904814
6.000271 2500.000000 7500 2499.917625 79.997364
6.000171 2500.000000 7529 2509.573566 80.306354
6.000648 2500.000000 7421 2473.392953 79.148575
6.000747 2500.000000 7409 2469.589564 79.026866
6.001729 2500.000000 7536 2511.142616 80.356564
6.000463 2500.000000 7560 2519.864411 80.635661
6.000396 2500.000000 7612 2537.254283 81.192137
6.001129 2500.000000 7431 2476.758019 79.256257
6.000623 2500.000000 7506 2501.975533 80.063217
6.000932 2500.000000 7466 2488.148386 79.620748
6.000704 2500.000000 7470 2489.945057 79.678242
6.001167 2500.000000 7443 2480.364025 79.371649
6.000460 2500.000000 7246 2415.077129 77.282468
6.001385 2500.000000 7577 2524.686650 80.789973
6.000389 2500.000000 7583 2527.462074 80.878786
6.000657 2500.000000 7400 2466.620686 78.931862
6.001670 2500.000000 7642 2546.981876 81.503420
6.000287 2500.000000 7507 2502.222196 80.071110
6.000990 2500.000000 7554 2517.668116 80.565380
6.000288 2500.000000 7565 2521.659298 80.693098
6.000450 2500.000000 7450 2482.981197 79.455398
6.000729 2500.000000 7660 2552.720056 81.687042
9.001932 2500.000000 7453 2483.278469 79.464911
9.000671 2500.000000 7649 2549.399448 81.580782
9.002437 2500.000000 7468 2487.696005 79.606272
9.000617 2500.000000 7425 2474.714888 79.190876
9.000532 2500.000000 7531 2510.072479 80.322319
9.000833 2500.000000 7512 2503.443101 80.110179
9.001664 2500.000000 7565 2521.368503 80.683792
9.001263 2500.000000 7685 2561.189346 81.958059
9.000327 2500.000000 7476 2491.896059 79.740674
9.000722 2500.000000 7418 2472.605401 79.123373
9.000213 2500.000000 7506 2501.965456 80.062895
9.000846 2500.000000 7644 2547.811238 81.529960
9.000853 2500.000000 7449 2482.621856 79.443899
9.000769 2500.000000 7552 2517.249152 80.551973
9.001162 2500.000000 7498 2499.306033 79.977793
9.001061 2500.000000 7552 2517.224472 80.551183
9.000936 2500.000000 7629 2542.839793 81.370873
9.000851 2500.000000 7511 2503.340927 80.106910
9.000410 2500.000000 7558 2519.230019 80.615361
9.001807 2500.000000 7401 2466.472298 78.927114
9.002416 2500.000000 7385 2460.642508 78.740560
9.000528 2500.000000 7500 2499.843136 79.994980
9.000716 2500.000000 7402 2467.064634 78.946068
9.001876 2500.000000 7467 2488.829496 79.642544
9.002072 2500.000000 7534 2510.758803 80.344282
9.001912 2500.000000 7543 2514.073643 80.450357
9.000558 2500.000000 7433 2477.443152 79.278181
9.001775 2500.000000 7537 2512.294900 80.393437
9.003016 2500.000000 7462 2487.177106 79.589667
9.003442 2500.000000 7536 2509.948191 80.318342
9.000524 2500.000000 7335 2444.939477 78.238063
9.000736 2500.000000 7552 2517.327839 80.554491
12.003967 2500.000000 7538 2509.792705 80.313367
12.001094 2500.000000 7584 2527.686352 80.885963
12.004924 2500.000000 7380 2456.425725 78.605623
12.000619 2500.000000 7492 2497.090538 79.906897
12.001796 2500.000000 7393 2464.225648 78.855221
12.000907 2500.000000 7447 2482.288676 79.433238
12.000275 2500.000000 7422 2473.948864 79.166364
12.000909 2500.000000 7467 2488.883926 79.644286
12.000971 2500.000000 7445 2481.373560 79.403954
12.000878 2500.000000 7420 2473.296136 79.145476
12.001321 2500.000000 7509 2502.458129 80.078660
12.001442 2500.000000 7647 2548.383058 81.548258
12.002185 2500.000000 7451 2482.633252 79.444264
12.001960 2500.000000 7353 2450.976620 78.431252
12.000974 2500.000000 7548 2515.892037 80.508545
12.002826 2500.000000 7618 2538.529305 81.232938
12.000605 2500.000000 7543 2514.268834 80.456603
12.001664 2500.000000 7668 2555.486785 81.775577
12.001643 2500.000000 7466 2488.267445 79.624558
12.003603 2500.000000 7322 2438.764380 78.040460
12.004071 2500.000000 7606 2533.509586 81.072307
12.001757 2500.000000 7369 2455.591244 78.578920
12.000920 2500.000000 7561 2519.904940 80.636958
12.004066 2500.000000 7572 2522.630605 80.724179
12.001994 2500.000000 7319 2439.514408 78.064461
12.002554 2500.000000 7509 2502.349665 80.075189
12.003116 2500.000000 7519 2505.748655 80.183957
12.003053 2500.000000 7377 2458.969874 78.687036
12.002117 2500.000000 7508 2502.629134 80.084132
12.000588 2500.000000 7508 2502.613819 80.083642
12.005254 2500.000000 7546 2513.815097 80.442083
12.001061 2500.000000 7351 2450.067479 78.402159
15.001779 2500.000000 7461 2486.333484 79.562671
15.000362 2500.000000 7482 2493.927445 79.805678
15.001721 2500.000000 7710 2569.055544 82.209777
15.001370 2500.000000 7662 2553.765442 81.720494
15.006089 2500.000000 7586 2526.572534 80.850321
15.000959 2500.000000 7452 2483.958406 79.486669
15.001357 2500.000000 7350 2449.970744 78.399064
15.000924 2500.000000 7548 2515.962045 80.510785
15.004022 2500.000000 7616 2536.087967 81.154815
15.002584 2500.000000 7550 2516.171979 80.517503
15.001851 2500.000000 7598 2532.587344 81.042795
15.001813 2500.000000 7398 2465.877683 78.908086
15.000973 2500.000000 7519 2506.277881 80.200892
15.001453 2500.000000 7577 2524.953026 80.798497
15.001659 2500.000000 7662 2553.986593 81.727571
15.001967 2500.000000 7414 2471.192504 79.078160
15.002864 2500.000000 7525 2508.074190 80.258374
15.002223 2500.000000 7467 2488.352706 79.627287
15.002307 2500.000000 7487 2495.565141 79.858085
15.004212 2500.000000 7369 2453.641071 78.516514
15.002101 2500.000000 7728 2575.878950 82.428126
15.003299 2500.000000 7423 2473.943440 79.166190
15.003584 2500.000000 7554 2517.554226 80.561735
15.002513 2500.000000 7485 2494.670602 79.829459
15.003239 2500.000000 7640 2546.562185 81.489990
15.004175 2500.000000 7607 2535.574029 81.138369
15.001301 2500.000000 7636 2544.728458 81.431311
15.004414 2500.000000 7377 2458.718908 78.679005
15.004980 2500.000000 7420 2472.498114 79.119940
15.005102 2500.000000 7359 2452.854145 78.491333
15.006398 2500.000000 7602 2533.034272 81.057097
15.001279 2500.000000 7494 2497.818838 79.930203
18.001305 2500.000000 7507 2502.044913 80.065437
18.000493 2500.000000 7474 2491.224222 79.719175
18.001852 2500.000000 7426 2474.936007 79.197952
18.001716 2500.000000 7466 2488.368244 79.627784
18.001080 2500.000000 7506 2501.869970 80.059839
18.002477 2500.000000 7497 2498.370697 79.947862
18.001792 2500.000000 7521 2506.988352 80.223627
18.001018 2500.000000 7595 2531.628791 81.012121
18.001958 2500.000000 7439 2479.419414 79.341421
18.002031 2500.000000 7563 2520.945505 80.670256
18.002088 2500.000000 7400 2466.440487 78.926096
18.002649 2500.000000 7398 2465.550206 78.897607
18.001943 2500.000000 7476 2491.592808 79.730970
18.002416 2500.000000 7392 2463.910330 78.845131
18.002068 2500.000000 7652 2550.482681 81.615446
18.002999 2500.000000 7605 2534.886460 81.116367
18.003253 2500.000000 7573 2523.770746 80.760664
18.002803 2500.000000 7550 2516.179857 80.517755
18.003597 2500.000000 7512 2503.988868 80.127644
18.002615 2500.000000 7528 2509.247908 80.295933
18.003543 2500.000000 7458 2485.797436 79.545518
18.004190 2500.000000 7396 2465.321624 78.890292
18.003250 2500.000000 7572 2523.990901 80.767709
18.005764 2500.000000 7453 2483.215789 79.462905
18.004476 2500.000000 7446 2481.623780 79.411961
18.004759 2500.000000 7442 2480.214802 79.366874
18.001515 2500.000000 7638 2545.818057 81.466178
18.005718 2500.000000 7334 2444.065603 78.210099
18.006238 2500.000000 7457 2485.543560 79.537394
18.005545 2500.000000 7639 2545.957446 81.470638
18.006810 2500.000000 7652 2550.315760 81.610104
18.002056 2500.000000 7581 2526.345460 80.843055
21.002209 2500.000000 7712 2570.360118 82.251524
21.001172 2500.000000 7624 2541.255403 81.320173
21.000707 2500.000000 7584 2527.819593 80.890227
21.001812 2500.000000 7604 2533.996272 81.087881
21.001629 2500.000000 7623 2540.725344 81.303211
21.002507 2500.000000 7305 2434.614251 77.907656
21.001831 2500.000000 7592 2530.634153 80.980293
21.003079 2500.000000 7623 2539.846426 81.275086
21.002548 2500.000000 7527 2508.889088 80.284451
21.002159 2500.000000 7444 2481.167333 79.397355
21.003256 2500.000000 7509 2502.025317 80.064810
21.003253 2500.000000 7611 2536.460462 81.166735
21.003588 2500.000000 7535 2511.383434 80.364270
21.002735 2500.000000 7548 2515.783415 80.505069
21.004335 2500.000000 7481 2492.265824 79.752506
21.002019 2500.000000 7662 2553.935013 81.725920
21.002075 2500.000000 7290 2429.994350 77.759819
21.004451 2500.000000 7419 2472.251690 79.112054
21.003688 2500.000000 7588 2528.752402 80.920077
21.003828 2500.000000 7538 2512.473319 80.399146
21.005427 2500.000000 7526 2507.632305 80.244234
21.003587 2500.000000 7616 2538.383443 81.228270
21.002919 2500.000000 7416 2471.904359 79.100939
21.004798 2500.000000 7706 2568.390963 82.188511
21.005312 2500.000000 7554 2517.535318 80.561130
21.006255 2500.000000 7474 2490.887814 79.708410
21.001642 2500.000000 7460 2486.561161 79.569957
21.006274 2500.000000 7378 2458.915211 78.685287
21.006428 2500.000000 7438 2479.176124 79.333636
21.005812 2500.000000 7640 2546.439817 81.486074
21.006955 2500.000000 7376 2458.548327 78.673546
21.002733 2500.000000 7678 2558.755779 81.880185
24.002182 2500.000000 7562 2520.371923 80.651902
24.000714 2500.000000 7547 2515.661202 80.501158
24.001266 2500.000000 7551 2516.921076 80.541474
24.002222 2500.000000 7669 2555.828501 81.786512
24.002619 2500.000000 7541 2513.280807 80.424986
24.002463 2500.000000 7537 2512.120797 80.387866
24.003213 2500.000000 7340 2446.557401 78.289837
24.002753 2500.000000 7510 2503.127646 80.100085
24.002011 2500.000000 7555 2518.166074 80.581314
24.002764 2500.000000 7639 2546.308586 81.481875
24.002696 2500.000000 7271 2423.547317 77.553514
24.002282 2500.000000 7417 2472.117258 79.107752
24.002501 2500.000000 7572 2523.641273 80.756521
24.003523 2500.000000 7300 2433.117162 77.859749
24.005589 2500.000000 7579 2524.851614 80.795252
24.004020 2500.000000 7631 2543.300029 81.385601
24.004172 2500.000000 7467 2488.598237 79.635144
24.008412 2500.000000 7379 2455.171866 78.565500
24.004597 2500.000000 7502 2500.544897 80.017437
24.003308 2500.000000 7575 2524.953807 80.798522
24.004561 2500.000000 7512 2503.188415 80.102029
24.005142 2500.000000 7476 2491.714921 79.734877
24.004537 2500.000000 7429 2476.166644 79.237333
24.006299 2500.000000 7518 2505.979175 80.191334
24.001772 2500.000000 7457 2485.558912 79.537885
24.005656 2500.000000 7496 2498.476106 79.951235
24.005334 2500.000000 7631 2543.647945 81.396734
24.006472 2500.000000 7713 2570.813772 82.266041
24.007218 2500.000000 7442 2480.013729 79.360439
24.005834 2500.000000 7414 2471.315114 79.082084
24.007063 2500.000000 7481 2493.576872 79.794460
24.003192 2500.000000 7487 2495.285317 79.849130
27.003115 2500.000000 7670 2556.358666 81.803477
27.005159 2500.000000 7497 2498.985337 79.967531
27.003307 2500.000000 7587 2526.815995 80.858112
27.001307 2500.000000 7420 2473.299205 79.145575
27.002512 2500.000000 7462 2487.292863 79.593372
27.002363 2500.000000 7490 2496.549015 79.889568
27.002284 2500.000000 7333 2444.249918 78.215997
27.003057 2500.000000 7566 2521.120746 80.675864
27.003433 2500.000000 7706 2568.478069 82.191298
27.002683 2500.000000 7431 2476.947417 79.262317
27.002805 2500.000000 7525 2508.242527 80.263761
27.003092 2500.000000 7468 2489.061707 79.649975
27.002564 2500.000000 7583 2527.428593 80.877715
27.002511 2500.000000 7682 2560.657895 81.941053
27.004030 2500.000000 7364 2454.251793 78.536057
27.004497 2500.000000 7387 2461.941724 78.782135
27.003500 2500.000000 7360 2453.176452 78.501646
27.004845 2500.000000 7587 2528.432722 80.909847
27.005130 2500.000000 7578 2525.551591 80.817651
27.004760 2500.000000 7484 2494.500563 79.824018
27.004687 2500.000000 7548 2515.873984 80.507967
27.006272 2500.000000 7439 2479.157254 79.333032
27.005808 2500.000000 7361 2453.487467 78.511599
27.001900 2500.000000 7494 2497.893940 79.932606
27.006077 2500.000000 7363 2453.726376 78.519244
27.007291 2500.000000 7605 2534.307841 81.097851
27.006528 2500.000000 7698 2565.804260 82.105736
27.007193 2500.000000 7370 2456.559907 78.609917
27.007301 2500.000000 7649 2549.596392 81.587085
27.007568 2500.000000 7598 2531.203754 80.998520
27.010406 2500.000000 7334 2443.042602 78.177363
27.003502 2500.000000 7414 2471.077943 79.074494
#type       avg     std     min     5th    10th    90th    95th    99th
read      705.3   224.4    72.9   430.3   474.7   947.4  1023.6  1227.8
update    707.6   220.3    97.0   431.1   475.4   951.7  1031.8  1254.7
op_q        3.0     1.6     1.0     1.0     1.1     4.9     5.9     7.5

Total QPS = 159956.9 (4798708 / 30.0s)

Misses = 0 (0.0%)
Skipped TXs = 0 (0.0%)

RX  825933564 bytes :   26.3 MB/s
TX  530926268 bytes :   16.9 MB/s
