NAME   REFERENCE        TARGETS        MINPODS   MAXPODS   REPLICAS   AGE
keda-hpa-webserver-scaledobject   Deployment/webserver-deployment   cpu: 0%/50%   2         10        2          60s
keda-hpa-webserver-scaledobject   Deployment/webserver-deployment   cpu: 0%/50%   2         10        2          61s
keda-hpa-webserver-scaledobject   Deployment/webserver-deployment   cpu: 0%/50%   2         10        2          62s
keda-hpa-webserver-scaledobject   Deployment/webserver-deployment   cpu: 0%/50%   2         10        2          63s
keda-hpa-webserver-scaledobject   Deployment/webserver-deployment   cpu: 0%/50%   2         10        2          64s
keda-hpa-webserver-scaledobject   Deployment/webserver-deployment   cpu: 0%/50%   2         10        2          66s
keda-hpa-webserver-scaledobject   Deployment/webserver-deployment   cpu: 0%/50%   2         10        2          67s
keda-hpa-webserver-scaledobject   Deployment/webserver-deployment   cpu: 0%/50%   2         10        2          68s
keda-hpa-webserver-scaledobject   Deployment/webserver-deployment   cpu: 0%/50%   2         10        2          69s
keda-hpa-webserver-scaledobject   Deployment/webserver-deployment   cpu: 0%/50%   2         10        2          70s
keda-hpa-webserver-scaledobject   Deployment/webserver-deployment   cpu: 0%/50%   2         10        2          71s
keda-hpa-webserver-scaledobject   Deployment/webserver-deployment   cpu: 0%/50%   2         10        2          72s
keda-hpa-webserver-scaledobject   Deployment/webserver-deployment   cpu: 0%/50%   2         10        2          73s
keda-hpa-webserver-scaledobject   Deployment/webserver-deployment   cpu: 0%/50%   2         10        2          74s
keda-hpa-webserver-scaledobject   Deployment/webserver-deployment   cpu: 0%/50%   2         10        2          75s
keda-hpa-webserver-scaledobject   Deployment/webserver-deployment   cpu: 0%/50%   2         10        2          76s
keda-hpa-webserver-scaledobject   Deployment/webserver-deployment   cpu: 0%/50%   2         10        2          77s
keda-hpa-webserver-scaledobject   Deployment/webserver-deployment   cpu: 0%/50%   2         10        2          79s
keda-hpa-webserver-scaledobject   Deployment/webserver-deployment   cpu: 0%/50%   2         10        2          80s
keda-hpa-webserver-scaledobject   Deployment/webserver-deployment   cpu: 0%/50%   2         10        2          81s
keda-hpa-webserver-scaledobject   Deployment/webserver-deployment   cpu: 0%/50%   2         10        2          82s
keda-hpa-webserver-scaledobject   Deployment/webserver-deployment   cpu: 0%/50%   2         10        2          83s
keda-hpa-webserver-scaledobject   Deployment/webserver-deployment   cpu: 0%/50%   2         10        2          84s
keda-hpa-webserver-scaledobject   Deployment/webserver-deployment   cpu: 0%/50%   2         10        2          85s
keda-hpa-webserver-scaledobject   Deployment/webserver-deployment   cpu: 0%/50%   2         10        2          86s
keda-hpa-webserver-scaledobject   Deployment/webserver-deployment   cpu: 0%/50%   2         10        2          87s
keda-hpa-webserver-scaledobject   Deployment/webserver-deployment   cpu: 0%/50%   2         10        2          88s
keda-hpa-webserver-scaledobject   Deployment/webserver-deployment   cpu: 0%/50%   2         10        2          89s
keda-hpa-webserver-scaledobject   Deployment/webserver-deployment   cpu: 45%/50%   2         10        2          91s
keda-hpa-webserver-scaledobject   Deployment/webserver-deployment   cpu: 45%/50%   2         10        2          92s
keda-hpa-webserver-scaledobject   Deployment/webserver-deployment   cpu: 45%/50%   2         10        2          93s
keda-hpa-webserver-scaledobject   Deployment/webserver-deployment   cpu: 45%/50%   2         10        2          94s
keda-hpa-webserver-scaledobject   Deployment/webserver-deployment   cpu: 45%/50%   2         10        2          95s
keda-hpa-webserver-scaledobject   Deployment/webserver-deployment   cpu: 45%/50%   2         10        2          96s
keda-hpa-webserver-scaledobject   Deployment/webserver-deployment   cpu: 45%/50%   2         10        2          97s
keda-hpa-webserver-scaledobject   Deployment/webserver-deployment   cpu: 45%/50%   2         10        2          98s
keda-hpa-webserver-scaledobject   Deployment/webserver-deployment   cpu: 45%/50%   2         10        2          99s
keda-hpa-webserver-scaledobject   Deployment/webserver-deployment   cpu: 45%/50%   2         10        2          100s
keda-hpa-webserver-scaledobject   Deployment/webserver-deployment   cpu: 45%/50%   2         10        2          101s
keda-hpa-webserver-scaledobject   Deployment/webserver-deployment   cpu: 45%/50%   2         10        2          102s
keda-hpa-webserver-scaledobject   Deployment/webserver-deployment   cpu: 45%/50%   2         10        2          104s
keda-hpa-webserver-scaledobject   Deployment/webserver-deployment   cpu: 45%/50%   2         10        2          105s
keda-hpa-webserver-scaledobject   Deployment/webserver-deployment   cpu: 55%/50%   2         10        2          106s
keda-hpa-webserver-scaledobject   Deployment/webserver-deployment   cpu: 55%/50%   2         10        2          107s
keda-hpa-webserver-scaledobject   Deployment/webserver-deployment   cpu: 55%/50%   2         10        2          108s
keda-hpa-webserver-scaledobject   Deployment/webserver-deployment   cpu: 55%/50%   2         10        2          109s
keda-hpa-webserver-scaledobject   Deployment/webserver-deployment   cpu: 55%/50%   2         10        2          110s
keda-hpa-webserver-scaledobject   Deployment/webserver-deployment   cpu: 55%/50%   2         10        2          111s
keda-hpa-webserver-scaledobject   Deployment/webserver-deployment   cpu: 55%/50%   2         10        2          112s
keda-hpa-webserver-scaledobject   Deployment/webserver-deployment   cpu: 55%/50%   2         10        2          113s
keda-hpa-webserver-scaledobject   Deployment/webserver-deployment   cpu: 55%/50%   2         10        2          114s
keda-hpa-webserver-scaledobject   Deployment/webserver-deployment   cpu: 55%/50%   2         10        2          116s
keda-hpa-webserver-scaledobject   Deployment/webserver-deployment   cpu: 55%/50%   2         10        2          117s
keda-hpa-webserver-scaledobject   Deployment/webserver-deployment   cpu: 55%/50%   2         10        2          118s
keda-hpa-webserver-scaledobject   Deployment/webserver-deployment   cpu: 55%/50%   2         10        2          119s
keda-hpa-webserver-scaledobject   Deployment/webserver-deployment   cpu: 55%/50%   2         10        2          2m
keda-hpa-webserver-scaledobject   Deployment/webserver-deployment   cpu: 54%/50%   2         10        2          2m1s
keda-hpa-webserver-scaledobject   Deployment/webserver-deployment   cpu: 54%/50%   2         10        2          2m2s
keda-hpa-webserver-scaledobject   Deployment/webserver-deployment   cpu: 54%/50%   2         10        2          2m3s
keda-hpa-webserver-scaledobject   Deployment/webserver-deployment   cpu: 54%/50%   2         10        2          2m4s
keda-hpa-webserver-scaledobject   Deployment/webserver-deployment   cpu: 54%/50%   2         10        2          2m5s
keda-hpa-webserver-scaledobject   Deployment/webserver-deployment   cpu: 54%/50%   2         10        2          2m6s
keda-hpa-webserver-scaledobject   Deployment/webserver-deployment   cpu: 54%/50%   2         10        2          2m7s
keda-hpa-webserver-scaledobject   Deployment/webserver-deployment   cpu: 54%/50%   2         10        2          2m9s
keda-hpa-webserver-scaledobject   Deployment/webserver-deployment   cpu: 54%/50%   2         10        2          2m10s
keda-hpa-webserver-scaledobject   Deployment/webserver-deployment   cpu: 54%/50%   2         10        2          2m11s
keda-hpa-webserver-scaledobject   Deployment/webserver-deployment   cpu: 54%/50%   2         10        2          2m12s
keda-hpa-webserver-scaledobject   Deployment/webserver-deployment   cpu: 54%/50%   2         10        2          2m13s
keda-hpa-webserver-scaledobject   Deployment/webserver-deployment   cpu: 54%/50%   2         10        2          2m14s
keda-hpa-webserver-scaledobject   Deployment/webserver-deployment   cpu: 54%/50%   2         10        2          2m15s
keda-hpa-webserver-scaledobject   Deployment/webserver-deployment   cpu: 55%/50%   2         10        2          2m16s
keda-hpa-webserver-scaledobject   Deployment/webserver-deployment   cpu: 55%/50%   2         10        2          2m17s
keda-hpa-webserver-scaledobject   Deployment/webserver-deployment   cpu: 55%/50%   2         10        2          2m18s
keda-hpa-webserver-scaledobject   Deployment/webserver-deployment   cpu: 55%/50%   2         10        2          2m19s
keda-hpa-webserver-scaledobject   Deployment/webserver-deployment   cpu: 55%/50%   2         10        2          2m20s
keda-hpa-webserver-scaledobject   Deployment/webserver-deployment   cpu: 55%/50%   2         10        2          2m22s
keda-hpa-webserver-scaledobject   Deployment/webserver-deployment   cpu: 55%/50%   2         10        2          2m23s
keda-hpa-webserver-scaledobject   Deployment/webserver-deployment   cpu: 55%/50%   2         10        2          2m24s
keda-hpa-webserver-scaledobject   Deployment/webserver-deployment   cpu: 55%/50%   2         10        2          2m25s
keda-hpa-webserver-scaledobject   Deployment/webserver-deployment   cpu: 55%/50%   2         10        2          2m26s
keda-hpa-webserver-scaledobject   Deployment/webserver-deployment   cpu: 55%/50%   2         10        2          2m27s
keda-hpa-webserver-scaledobject   Deployment/webserver-deployment   cpu: 55%/50%   2         10        2          2m28s
keda-hpa-webserver-scaledobject   Deployment/webserver-deployment   cpu: 55%/50%   2         10        2          2m29s
keda-hpa-webserver-scaledobject   Deployment/webserver-deployment   cpu: 55%/50%   2         10        2          2m30s
keda-hpa-webserver-scaledobject   Deployment/webserver-deployment   cpu: 196%/50%   2         10        2          2m31s
keda-hpa-webserver-scaledobject   Deployment/webserver-deployment   cpu: 196%/50%   2         10        2          2m32s
keda-hpa-webserver-scaledobject   Deployment/webserver-deployment   cpu: 196%/50%   2         10        2          2m34s
keda-hpa-webserver-scaledobject   Deployment/webserver-deployment   cpu: 196%/50%   2         10        2          2m35s
keda-hpa-webserver-scaledobject   Deployment/webserver-deployment   cpu: 196%/50%   2         10        2          2m36s
keda-hpa-webserver-scaledobject   Deployment/webserver-deployment   cpu: 196%/50%   2         10        2          2m37s
keda-hpa-webserver-scaledobject   Deployment/webserver-deployment   cpu: 196%/50%   2         10        2          2m38s
keda-hpa-webserver-scaledobject   Deployment/webserver-deployment   cpu: 196%/50%   2         10        2          2m39s
keda-hpa-webserver-scaledobject   Deployment/webserver-deployment   cpu: 196%/50%   2         10        2          2m40s
keda-hpa-webserver-scaledobject   Deployment/webserver-deployment   cpu: 196%/50%   2         10        2          2m41s
keda-hpa-webserver-scaledobject   Deployment/webserver-deployment   cpu: 196%/50%   2         10        2          2m42s
keda-hpa-webserver-scaledobject   Deployment/webserver-deployment   cpu: 196%/50%   2         10        2          2m43s
keda-hpa-webserver-scaledobject   Deployment/webserver-deployment   cpu: 196%/50%   2         10        2          2m44s
keda-hpa-webserver-scaledobject   Deployment/webserver-deployment   cpu: 196%/50%   2         10        2          2m45s
keda-hpa-webserver-scaledobject   Deployment/webserver-deployment   cpu: 250%/50%   2         10        4          2m47s
keda-hpa-webserver-scaledobject   Deployment/webserver-deployment   cpu: 250%/50%   2         10        4          2m48s
keda-hpa-webserver-scaledobject   Deployment/webserver-deployment   cpu: 250%/50%   2         10        4          2m49s
keda-hpa-webserver-scaledobject   Deployment/webserver-deployment   cpu: 250%/50%   2         10        4          2m50s
keda-hpa-webserver-scaledobject   Deployment/webserver-deployment   cpu: 250%/50%   2         10        4          2m51s
keda-hpa-webserver-scaledobject   Deployment/webserver-deployment   cpu: 250%/50%   2         10        4          2m52s
keda-hpa-webserver-scaledobject   Deployment/webserver-deployment   cpu: 250%/50%   2         10        4          2m53s
keda-hpa-webserver-scaledobject   Deployment/webserver-deployment   cpu: 250%/50%   2         10        4          2m54s
keda-hpa-webserver-scaledobject   Deployment/webserver-deployment   cpu: 250%/50%   2         10        4          2m55s
keda-hpa-webserver-scaledobject   Deployment/webserver-deployment   cpu: 250%/50%   2         10        4          2m56s
keda-hpa-webserver-scaledobject   Deployment/webserver-deployment   cpu: 250%/50%   2         10        4          2m57s
keda-hpa-webserver-scaledobject   Deployment/webserver-deployment   cpu: 250%/50%   2         10        4          2m58s
keda-hpa-webserver-scaledobject   Deployment/webserver-deployment   cpu: 250%/50%   2         10        4          3m
keda-hpa-webserver-scaledobject   Deployment/webserver-deployment   cpu: 250%/50%   2         10        8          3m1s
keda-hpa-webserver-scaledobject   Deployment/webserver-deployment   cpu: 250%/50%   2         10        8          3m2s
keda-hpa-webserver-scaledobject   Deployment/webserver-deployment   cpu: 250%/50%   2         10        8          3m3s
keda-hpa-webserver-scaledobject   Deployment/webserver-deployment   cpu: 250%/50%   2         10        8          3m4s
keda-hpa-webserver-scaledobject   Deployment/webserver-deployment   cpu: 250%/50%   2         10        8          3m5s
keda-hpa-webserver-scaledobject   Deployment/webserver-deployment   cpu: 250%/50%   2         10        8          3m6s
keda-hpa-webserver-scaledobject   Deployment/webserver-deployment   cpu: 250%/50%   2         10        8          3m7s
keda-hpa-webserver-scaledobject   Deployment/webserver-deployment   cpu: 250%/50%   2         10        8          3m8s
keda-hpa-webserver-scaledobject   Deployment/webserver-deployment   cpu: 250%/50%   2         10        8          3m9s
keda-hpa-webserver-scaledobject   Deployment/webserver-deployment   cpu: 250%/50%   2         10        8          3m10s
keda-hpa-webserver-scaledobject   Deployment/webserver-deployment   cpu: 250%/50%   2         10        8          3m12s
keda-hpa-webserver-scaledobject   Deployment/webserver-deployment   cpu: 250%/50%   2         10        8          3m13s
keda-hpa-webserver-scaledobject   Deployment/webserver-deployment   cpu: 250%/50%   2         10        8          3m14s
keda-hpa-webserver-scaledobject   Deployment/webserver-deployment   cpu: 250%/50%   2         10        8          3m15s
keda-hpa-webserver-scaledobject   Deployment/webserver-deployment   cpu: 83%/50%   2         10        10         3m16s
keda-hpa-webserver-scaledobject   Deployment/webserver-deployment   cpu: 83%/50%   2         10        10         3m17s
keda-hpa-webserver-scaledobject   Deployment/webserver-deployment   cpu: 83%/50%   2         10        10         3m18s
keda-hpa-webserver-scaledobject   Deployment/webserver-deployment   cpu: 83%/50%   2         10        10         3m19s
keda-hpa-webserver-scaledobject   Deployment/webserver-deployment   cpu: 83%/50%   2         10        10         3m20s
keda-hpa-webserver-scaledobject   Deployment/webserver-deployment   cpu: 83%/50%   2         10        10         3m21s
keda-hpa-webserver-scaledobject   Deployment/webserver-deployment   cpu: 83%/50%   2         10        10         3m22s
keda-hpa-webserver-scaledobject   Deployment/webserver-deployment   cpu: 83%/50%   2         10        10         3m23s
keda-hpa-webserver-scaledobject   Deployment/webserver-deployment   cpu: 83%/50%   2         10        10         3m25s
keda-hpa-webserver-scaledobject   Deployment/webserver-deployment   cpu: 83%/50%   2         10        10         3m26s
keda-hpa-webserver-scaledobject   Deployment/webserver-deployment   cpu: 83%/50%   2         10        10         3m27s
keda-hpa-webserver-scaledobject   Deployment/webserver-deployment   cpu: 83%/50%   2         10        10         3m28s
keda-hpa-webserver-scaledobject   Deployment/webserver-deployment   cpu: 83%/50%   2         10        10         3m29s
keda-hpa-webserver-scaledobject   Deployment/webserver-deployment   cpu: 83%/50%   2         10        10         3m30s
keda-hpa-webserver-scaledobject   Deployment/webserver-deployment   cpu: 50%/50%   2         10        10         3m31s
keda-hpa-webserver-scaledobject   Deployment/webserver-deployment   cpu: 50%/50%   2         10        10         3m32s
keda-hpa-webserver-scaledobject   Deployment/webserver-deployment   cpu: 50%/50%   2         10        10         3m33s
keda-hpa-webserver-scaledobject   Deployment/webserver-deployment   cpu: 50%/50%   2         10        10         3m34s
keda-hpa-webserver-scaledobject   Deployment/webserver-deployment   cpu: 50%/50%   2         10        10         3m35s
keda-hpa-webserver-scaledobject   Deployment/webserver-deployment   cpu: 50%/50%   2         10        10         3m36s
keda-hpa-webserver-scaledobject   Deployment/webserver-deployment   cpu: 50%/50%   2         10        10         3m38s
keda-hpa-webserver-scaledobject   Deployment/webserver-deployment   cpu: 50%/50%   2         10        10         3m39s
keda-hpa-webserver-scaledobject   Deployment/webserver-deployment   cpu: 50%/50%   2         10        10         3m40s
keda-hpa-webserver-scaledobject   Deployment/webserver-deployment   cpu: 50%/50%   2         10        10         3m41s
keda-hpa-webserver-scaledobject   Deployment/webserver-deployment   cpu: 50%/50%   2         10        10         3m42s
keda-hpa-webserver-scaledobject   Deployment/webserver-deployment   cpu: 50%/50%   2         10        10         3m43s
keda-hpa-webserver-scaledobject   Deployment/webserver-deployment   cpu: 50%/50%   2         10        10         3m44s
keda-hpa-webserver-scaledobject   Deployment/webserver-deployment   cpu: 50%/50%   2         10        10         3m45s
keda-hpa-webserver-scaledobject   Deployment/webserver-deployment   cpu: 55%/50%   2         10        10         3m46s
keda-hpa-webserver-scaledobject   Deployment/webserver-deployment   cpu: 55%/50%   2         10        10         3m47s
keda-hpa-webserver-scaledobject   Deployment/webserver-deployment   cpu: 55%/50%   2         10        10         3m48s
keda-hpa-webserver-scaledobject   Deployment/webserver-deployment   cpu: 55%/50%   2         10        10         3m49s
keda-hpa-webserver-scaledobject   Deployment/webserver-deployment   cpu: 55%/50%   2         10        10         3m51s
keda-hpa-webserver-scaledobject   Deployment/webserver-deployment   cpu: 55%/50%   2         10        10         3m52s
keda-hpa-webserver-scaledobject   Deployment/webserver-deployment   cpu: 55%/50%   2         10        10         3m53s
keda-hpa-webserver-scaledobject   Deployment/webserver-deployment   cpu: 55%/50%   2         10        10         3m54s
keda-hpa-webserver-scaledobject   Deployment/webserver-deployment   cpu: 55%/50%   2         10        10         3m55s
keda-hpa-webserver-scaledobject   Deployment/webserver-deployment   cpu: 55%/50%   2         10        10         3m56s
keda-hpa-webserver-scaledobject   Deployment/webserver-deployment   cpu: 55%/50%   2         10        10         3m57s
keda-hpa-webserver-scaledobject   Deployment/webserver-deployment   cpu: 55%/50%   2         10        10         3m58s
keda-hpa-webserver-scaledobject   Deployment/webserver-deployment   cpu: 55%/50%   2         10        10         3m59s
keda-hpa-webserver-scaledobject   Deployment/webserver-deployment   cpu: 55%/50%   2         10        10         4m
keda-hpa-webserver-scaledobject   Deployment/webserver-deployment   cpu: 55%/50%   2         10        10         4m1s
keda-hpa-webserver-scaledobject   Deployment/webserver-deployment   cpu: 55%/50%   2         10        10         4m2s
keda-hpa-webserver-scaledobject   Deployment/webserver-deployment   cpu: 55%/50%   2         10        10         4m4s
keda-hpa-webserver-scaledobject   Deployment/webserver-deployment   cpu: 55%/50%   2         10        10         4m5s
keda-hpa-webserver-scaledobject   Deployment/webserver-deployment   cpu: 55%/50%   2         10        10         4m6s
keda-hpa-webserver-scaledobject   Deployment/webserver-deployment   cpu: 55%/50%   2         10        10         4m7s
keda-hpa-webserver-scaledobject   Deployment/webserver-deployment   cpu: 55%/50%   2         10        10         4m8s
keda-hpa-webserver-scaledobject   Deployment/webserver-deployment   cpu: 55%/50%   2         10        10         4m9s
keda-hpa-webserver-scaledobject   Deployment/webserver-deployment   cpu: 55%/50%   2         10        10         4m10s
keda-hpa-webserver-scaledobject   Deployment/webserver-deployment   cpu: 55%/50%   2         10        10         4m11s
keda-hpa-webserver-scaledobject   Deployment/webserver-deployment   cpu: 55%/50%   2         10        10         4m12s
keda-hpa-webserver-scaledobject   Deployment/webserver-deployment   cpu: 55%/50%   2         10        10         4m13s
keda-hpa-webserver-scaledobject   Deployment/webserver-deployment   cpu: 55%/50%   2         10        10         4m14s
keda-hpa-webserver-scaledobject   Deployment/webserver-deployment   cpu: 55%/50%   2         10        10         4m16s
keda-hpa-webserver-scaledobject   Deployment/webserver-deployment   cpu: 60%/50%   2         10        10         4m17s
keda-hpa-webserver-scaledobject   Deployment/webserver-deployment   cpu: 60%/50%   2         10        10         4m18s
keda-hpa-webserver-scaledobject   Deployment/webserver-deployment   cpu: 60%/50%   2         10        10         4m19s
keda-hpa-webserver-scaledobject   Deployment/webserver-deployment   cpu: 60%/50%   2         10        10         4m20s
keda-hpa-webserver-scaledobject   Deployment/webserver-deployment   cpu: 60%/50%   2         10        10         4m21s
keda-hpa-webserver-scaledobject   Deployment/webserver-deployment   cpu: 60%/50%   2         10        10         4m22s
keda-hpa-webserver-scaledobject   Deployment/webserver-deployment   cpu: 60%/50%   2         10        10         4m23s
keda-hpa-webserver-scaledobject   Deployment/webserver-deployment   cpu: 60%/50%   2         10        10         4m24s
keda-hpa-webserver-scaledobject   Deployment/webserver-deployment   cpu: 60%/50%   2         10        10         4m25s
keda-hpa-webserver-scaledobject   Deployment/webserver-deployment   cpu: 60%/50%   2         10        10         4m26s
keda-hpa-webserver-scaledobject   Deployment/webserver-deployment   cpu: 60%/50%   2         10        10         4m27s
keda-hpa-webserver-scaledobject   Deployment/webserver-deployment   cpu: 60%/50%   2         10        10         4m29s
keda-hpa-webserver-scaledobject   Deployment/webserver-deployment   cpu: 60%/50%   2         10        10         4m30s
keda-hpa-webserver-scaledobject   Deployment/webserver-deployment   cpu: 60%/50%   2         10        10         4m31s
keda-hpa-webserver-scaledobject   Deployment/webserver-deployment   cpu: 46%/50%   2         10        10         4m32s
keda-hpa-webserver-scaledobject   Deployment/webserver-deployment   cpu: 46%/50%   2         10        10         4m33s
keda-hpa-webserver-scaledobject   Deployment/webserver-deployment   cpu: 46%/50%   2         10        10         4m34s
keda-hpa-webserver-scaledobject   Deployment/webserver-deployment   cpu: 46%/50%   2         10        10         4m35s
keda-hpa-webserver-scaledobject   Deployment/webserver-deployment   cpu: 46%/50%   2         10        10         4m36s
keda-hpa-webserver-scaledobject   Deployment/webserver-deployment   cpu: 46%/50%   2         10        10         4m37s
keda-hpa-webserver-scaledobject   Deployment/webserver-deployment   cpu: 46%/50%   2         10        10         4m38s
keda-hpa-webserver-scaledobject   Deployment/webserver-deployment   cpu: 46%/50%   2         10        10         4m39s
keda-hpa-webserver-scaledobject   Deployment/webserver-deployment   cpu: 46%/50%   2         10        10         4m40s
keda-hpa-webserver-scaledobject   Deployment/webserver-deployment   cpu: 46%/50%   2         10        10         4m42s
keda-hpa-webserver-scaledobject   Deployment/webserver-deployment   cpu: 46%/50%   2         10        10         4m43s
keda-hpa-webserver-scaledobject   Deployment/webserver-deployment   cpu: 46%/50%   2         10        10         4m44s
keda-hpa-webserver-scaledobject   Deployment/webserver-deployment   cpu: 46%/50%   2         10        10         4m45s
keda-hpa-webserver-scaledobject   Deployment/webserver-deployment   cpu: 50%/50%   2         10        10         4m46s
keda-hpa-webserver-scaledobject   Deployment/webserver-deployment   cpu: 50%/50%   2         10        10         4m47s
keda-hpa-webserver-scaledobject   Deployment/webserver-deployment   cpu: 50%/50%   2         10        10         4m48s
keda-hpa-webserver-scaledobject   Deployment/webserver-deployment   cpu: 50%/50%   2         10        10         4m49s
keda-hpa-webserver-scaledobject   Deployment/webserver-deployment   cpu: 50%/50%   2         10        10         4m50s
keda-hpa-webserver-scaledobject   Deployment/webserver-deployment   cpu: 50%/50%   2         10        10         4m51s
keda-hpa-webserver-scaledobject   Deployment/webserver-deployment   cpu: 50%/50%   2         10        10         4m52s
keda-hpa-webserver-scaledobject   Deployment/webserver-deployment   cpu: 50%/50%   2         10        10         4m54s
keda-hpa-webserver-scaledobject   Deployment/webserver-deployment   cpu: 50%/50%   2         10        10         4m55s
keda-hpa-webserver-scaledobject   Deployment/webserver-deployment   cpu: 50%/50%   2         10        10         4m56s
keda-hpa-webserver-scaledobject   Deployment/webserver-deployment   cpu: 50%/50%   2         10        10         4m57s
keda-hpa-webserver-scaledobject   Deployment/webserver-deployment   cpu: 50%/50%   2         10        10         4m58s
keda-hpa-webserver-scaledobject   Deployment/webserver-deployment   cpu: 50%/50%   2         10        10         4m59s
keda-hpa-webserver-scaledobject   Deployment/webserver-deployment   cpu: 50%/50%   2         10        10         5m
keda-hpa-webserver-scaledobject   Deployment/webserver-deployment   cpu: 50%/50%   2         10        10         5m1s
keda-hpa-webserver-scaledobject   Deployment/webserver-deployment   cpu: 50%/50%   2         10        10         5m2s
keda-hpa-webserver-scaledobject   Deployment/webserver-deployment   cpu: 50%/50%   2         10        10         5m3s
keda-hpa-webserver-scaledobject   Deployment/webserver-deployment   cpu: 50%/50%   2         10        10         5m4s
keda-hpa-webserver-scaledobject   Deployment/webserver-deployment   cpu: 50%/50%   2         10        10         5m5s
keda-hpa-webserver-scaledobject   Deployment/webserver-deployment   cpu: 50%/50%   2         10        10         5m7s
keda-hpa-webserver-scaledobject   Deployment/webserver-deployment   cpu: 50%/50%   2         10        10         5m8s
keda-hpa-webserver-scaledobject   Deployment/webserver-deployment   cpu: 50%/50%   2         10        10         5m9s
keda-hpa-webserver-scaledobject   Deployment/webserver-deployment   cpu: 50%/50%   2         10        10         5m10s
keda-hpa-webserver-scaledobject   Deployment/webserver-deployment   cpu: 50%/50%   2         10        10         5m11s
keda-hpa-webserver-scaledobject   Deployment/webserver-deployment   cpu: 50%/50%   2         10        10         5m12s
keda-hpa-webserver-scaledobject   Deployment/webserver-deployment   cpu: 50%/50%   2         10        10         5m13s
keda-hpa-webserver-scaledobject   Deployment/webserver-deployment   cpu: 50%/50%   2         10        10         5m14s
keda-hpa-webserver-scaledobject   Deployment/webserver-deployment   cpu: 50%/50%   2         10        10         5m15s
keda-hpa-webserver-scaledobject   Deployment/webserver-deployment   cpu: 54%/50%   2         10        10         5m16s
keda-hpa-webserver-scaledobject   Deployment/webserver-deployment   cpu: 54%/50%   2         10        10         5m17s
keda-hpa-webserver-scaledobject   Deployment/webserver-deployment   cpu: 54%/50%   2         10        10         5m18s
keda-hpa-webserver-scaledobject   Deployment/webserver-deployment   cpu: 54%/50%   2         10        10         5m20s
keda-hpa-webserver-scaledobject   Deployment/webserver-deployment   cpu: 54%/50%   2         10        10         5m21s
keda-hpa-webserver-scaledobject   Deployment/webserver-deployment   cpu: 54%/50%   2         10        10         5m22s
keda-hpa-webserver-scaledobject   Deployment/webserver-deployment   cpu: 54%/50%   2         10        10         5m23s
keda-hpa-webserver-scaledobject   Deployment/webserver-deployment   cpu: 54%/50%   2         10        10         5m24s
keda-hpa-webserver-scaledobject   Deployment/webserver-deployment   cpu: 54%/50%   2         10        10         5m25s
keda-hpa-webserver-scaledobject   Deployment/webserver-deployment   cpu: 54%/50%   2         10        10         5m26s
keda-hpa-webserver-scaledobject   Deployment/webserver-deployment   cpu: 54%/50%   2         10        10         5m27s
keda-hpa-webserver-scaledobject   Deployment/webserver-deployment   cpu: 54%/50%   2         10        10         5m28s
keda-hpa-webserver-scaledobject   Deployment/webserver-deployment   cpu: 54%/50%   2         10        10         5m29s
keda-hpa-webserver-scaledobject   Deployment/webserver-deployment   cpu: 54%/50%   2         10        10         5m30s
keda-hpa-webserver-scaledobject   Deployment/webserver-deployment   cpu: 20%/50%   2         10        10         5m32s
keda-hpa-webserver-scaledobject   Deployment/webserver-deployment   cpu: 20%/50%   2         10        10         5m33s
keda-hpa-webserver-scaledobject   Deployment/webserver-deployment   cpu: 20%/50%   2         10        10         5m34s
keda-hpa-webserver-scaledobject   Deployment/webserver-deployment   cpu: 20%/50%   2         10        10         5m35s
keda-hpa-webserver-scaledobject   Deployment/webserver-deployment   cpu: 20%/50%   2         10        10         5m36s
keda-hpa-webserver-scaledobject   Deployment/webserver-deployment   cpu: 20%/50%   2         10        10         5m37s
keda-hpa-webserver-scaledobject   Deployment/webserver-deployment   cpu: 20%/50%   2         10        10         5m38s
keda-hpa-webserver-scaledobject   Deployment/webserver-deployment   cpu: 20%/50%   2         10        10         5m39s
keda-hpa-webserver-scaledobject   Deployment/webserver-deployment   cpu: 20%/50%   2         10        10         5m40s
keda-hpa-webserver-scaledobject   Deployment/webserver-deployment   cpu: 20%/50%   2         10        10         5m41s
keda-hpa-webserver-scaledobject   Deployment/webserver-deployment   cpu: 20%/50%   2         10        10         5m42s
keda-hpa-webserver-scaledobject   Deployment/webserver-deployment   cpu: 20%/50%   2         10        10         5m43s
keda-hpa-webserver-scaledobject   Deployment/webserver-deployment   cpu: 20%/50%   2         10        10         5m45s
keda-hpa-webserver-scaledobject   Deployment/webserver-deployment   cpu: 20%/50%   2         10        10         5m46s
keda-hpa-webserver-scaledobject   Deployment/webserver-deployment   cpu: 11%/50%   2         10        10         5m47s
keda-hpa-webserver-scaledobject   Deployment/webserver-deployment   cpu: 11%/50%   2         10        10         5m48s
keda-hpa-webserver-scaledobject   Deployment/webserver-deployment   cpu: 11%/50%   2         10        10         5m49s
keda-hpa-webserver-scaledobject   Deployment/webserver-deployment   cpu: 11%/50%   2         10        10         5m50s
keda-hpa-webserver-scaledobject   Deployment/webserver-deployment   cpu: 11%/50%   2         10        10         5m51s
keda-hpa-webserver-scaledobject   Deployment/webserver-deployment   cpu: 11%/50%   2         10        10         5m52s
keda-hpa-webserver-scaledobject   Deployment/webserver-deployment   cpu: 11%/50%   2         10        10         5m53s
keda-hpa-webserver-scaledobject   Deployment/webserver-deployment   cpu: 11%/50%   2         10        10         5m54s
keda-hpa-webserver-scaledobject   Deployment/webserver-deployment   cpu: 11%/50%   2         10        10         5m55s
keda-hpa-webserver-scaledobject   Deployment/webserver-deployment   cpu: 11%/50%   2         10        10         5m56s
keda-hpa-webserver-scaledobject   Deployment/webserver-deployment   cpu: 11%/50%   2         10        10         5m58s
keda-hpa-webserver-scaledobject   Deployment/webserver-deployment   cpu: 11%/50%   2         10        10         5m59s
keda-hpa-webserver-scaledobject   Deployment/webserver-deployment   cpu: 11%/50%   2         10        10         6m
keda-hpa-webserver-scaledobject   Deployment/webserver-deployment   cpu: 11%/50%   2         10        10         6m1s
keda-hpa-webserver-scaledobject   Deployment/webserver-deployment   cpu: 11%/50%   2         10        10         6m2s
keda-hpa-webserver-scaledobject   Deployment/webserver-deployment   cpu: 11%/50%   2         10        10         6m3s
keda-hpa-webserver-scaledobject   Deployment/webserver-deployment   cpu: 11%/50%   2         10        10         6m4s
keda-hpa-webserver-scaledobject   Deployment/webserver-deployment   cpu: 11%/50%   2         10        10         6m5s
keda-hpa-webserver-scaledobject   Deployment/webserver-deployment   cpu: 11%/50%   2         10        10         6m6s
keda-hpa-webserver-scaledobject   Deployment/webserver-deployment   cpu: 11%/50%   2         10        10         6m7s
keda-hpa-webserver-scaledobject   Deployment/webserver-deployment   cpu: 11%/50%   2         10        10         6m8s
keda-hpa-webserver-scaledobject   Deployment/webserver-deployment   cpu: 11%/50%   2         10        10         6m9s
keda-hpa-webserver-scaledobject   Deployment/webserver-deployment   cpu: 11%/50%   2         10        10         6m11s
keda-hpa-webserver-scaledobject   Deployment/webserver-deployment   cpu: 11%/50%   2         10        10         6m12s
keda-hpa-webserver-scaledobject   Deployment/webserver-deployment   cpu: 11%/50%   2         10        10         6m13s
keda-hpa-webserver-scaledobject   Deployment/webserver-deployment   cpu: 11%/50%   2         10        10         6m14s
keda-hpa-webserver-scaledobject   Deployment/webserver-deployment   cpu: 11%/50%   2         10        10         6m15s
keda-hpa-webserver-scaledobject   Deployment/webserver-deployment   cpu: 11%/50%   2         10        10         6m16s
keda-hpa-webserver-scaledobject   Deployment/webserver-deployment   cpu: 11%/50%   2         10        10         6m17s
keda-hpa-webserver-scaledobject   Deployment/webserver-deployment   cpu: 11%/50%   2         10        10         6m18s
keda-hpa-webserver-scaledobject   Deployment/webserver-deployment   cpu: 11%/50%   2         10        10         6m19s
keda-hpa-webserver-scaledobject   Deployment/webserver-deployment   cpu: 11%/50%   2         10        10         6m20s
keda-hpa-webserver-scaledobject   Deployment/webserver-deployment   cpu: 11%/50%   2         10        10         6m21s
keda-hpa-webserver-scaledobject   Deployment/webserver-deployment   cpu: 11%/50%   2         10        10         6m22s
keda-hpa-webserver-scaledobject   Deployment/webserver-deployment   cpu: 11%/50%   2         10        10         6m24s
keda-hpa-webserver-scaledobject   Deployment/webserver-deployment   cpu: 11%/50%   2         10        10         6m25s
keda-hpa-webserver-scaledobject   Deployment/webserver-deployment   cpu: 11%/50%   2         10        10         6m26s
keda-hpa-webserver-scaledobject   Deployment/webserver-deployment   cpu: 11%/50%   2         10        10         6m27s
keda-hpa-webserver-scaledobject   Deployment/webserver-deployment   cpu: 11%/50%   2         10        10         6m28s
keda-hpa-webserver-scaledobject   Deployment/webserver-deployment   cpu: 11%/50%   2         10        10         6m29s
keda-hpa-webserver-scaledobject   Deployment/webserver-deployment   cpu: 11%/50%   2         10        10         6m30s
keda-hpa-webserver-scaledobject   Deployment/webserver-deployment   cpu: 2%/50%   2         10        10         6m31s
keda-hpa-webserver-scaledobject   Deployment/webserver-deployment   cpu: 2%/50%   2         10        10         6m32s
keda-hpa-webserver-scaledobject   Deployment/webserver-deployment   cpu: 2%/50%   2         10        10         6m33s
keda-hpa-webserver-scaledobject   Deployment/webserver-deployment   cpu: 2%/50%   2         10        10         6m34s
keda-hpa-webserver-scaledobject   Deployment/webserver-deployment   cpu: 2%/50%   2         10        10         6m36s
keda-hpa-webserver-scaledobject   Deployment/webserver-deployment   cpu: 2%/50%   2         10        10         6m37s
keda-hpa-webserver-scaledobject   Deployment/webserver-deployment   cpu: 2%/50%   2         10        10         6m38s
keda-hpa-webserver-scaledobject   Deployment/webserver-deployment   cpu: 2%/50%   2         10        10         6m39s
keda-hpa-webserver-scaledobject   Deployment/webserver-deployment   cpu: 2%/50%   2         10        10         6m40s
keda-hpa-webserver-scaledobject   Deployment/webserver-deployment   cpu: 2%/50%   2         10        10         6m41s
keda-hpa-webserver-scaledobject   Deployment/webserver-deployment   cpu: 2%/50%   2         10        10         6m42s
keda-hpa-webserver-scaledobject   Deployment/webserver-deployment   cpu: 2%/50%   2         10        10         6m43s
keda-hpa-webserver-scaledobject   Deployment/webserver-deployment   cpu: 2%/50%   2         10        10         6m44s
keda-hpa-webserver-scaledobject   Deployment/webserver-deployment   cpu: 2%/50%   2         10        10         6m45s
keda-hpa-webserver-scaledobject   Deployment/webserver-deployment   cpu: 0%/50%   2         10        10         6m46s
keda-hpa-webserver-scaledobject   Deployment/webserver-deployment   cpu: 0%/50%   2         10        10         6m47s
keda-hpa-webserver-scaledobject   Deployment/webserver-deployment   cpu: 0%/50%   2         10        10         6m49s
keda-hpa-webserver-scaledobject   Deployment/webserver-deployment   cpu: 0%/50%   2         10        10         6m50s
keda-hpa-webserver-scaledobject   Deployment/webserver-deployment   cpu: 0%/50%   2         10        10         6m51s
keda-hpa-webserver-scaledobject   Deployment/webserver-deployment   cpu: 0%/50%   2         10        10         6m52s
keda-hpa-webserver-scaledobject   Deployment/webserver-deployment   cpu: 0%/50%   2         10        10         6m53s
keda-hpa-webserver-scaledobject   Deployment/webserver-deployment   cpu: 0%/50%   2         10        10         6m54s
keda-hpa-webserver-scaledobject   Deployment/webserver-deployment   cpu: 0%/50%   2         10        10         6m55s
keda-hpa-webserver-scaledobject   Deployment/webserver-deployment   cpu: 0%/50%   2         10        10         6m56s
keda-hpa-webserver-scaledobject   Deployment/webserver-deployment   cpu: 0%/50%   2         10        10         6m57s
keda-hpa-webserver-scaledobject   Deployment/webserver-deployment   cpu: 0%/50%   2         10        10         6m58s
keda-hpa-webserver-scaledobject   Deployment/webserver-deployment   cpu: 0%/50%   2         10        10         6m59s
keda-hpa-webserver-scaledobject   Deployment/webserver-deployment   cpu: 0%/50%   2         10        10         7m
keda-hpa-webserver-scaledobject   Deployment/webserver-deployment   cpu: 0%/50%   2         10        10         7m2s
keda-hpa-webserver-scaledobject   Deployment/webserver-deployment   cpu: 0%/50%   2         10        10         7m3s
keda-hpa-webserver-scaledobject   Deployment/webserver-deployment   cpu: 0%/50%   2         10        10         7m4s
keda-hpa-webserver-scaledobject   Deployment/webserver-deployment   cpu: 0%/50%   2         10        10         7m5s
keda-hpa-webserver-scaledobject   Deployment/webserver-deployment   cpu: 0%/50%   2         10        10         7m6s
keda-hpa-webserver-scaledobject   Deployment/webserver-deployment   cpu: 0%/50%   2         10        10         7m7s
keda-hpa-webserver-scaledobject   Deployment/webserver-deployment   cpu: 0%/50%   2         10        10         7m8s
keda-hpa-webserver-scaledobject   Deployment/webserver-deployment   cpu: 0%/50%   2         10        10         7m9s
keda-hpa-webserver-scaledobject   Deployment/webserver-deployment   cpu: 0%/50%   2         10        10         7m10s
keda-hpa-webserver-scaledobject   Deployment/webserver-deployment   cpu: 0%/50%   2         10        10         7m11s
keda-hpa-webserver-scaledobject   Deployment/webserver-deployment   cpu: 0%/50%   2         10        10         7m12s
keda-hpa-webserver-scaledobject   Deployment/webserver-deployment   cpu: 0%/50%   2         10        10         7m13s
keda-hpa-webserver-scaledobject   Deployment/webserver-deployment   cpu: 0%/50%   2         10        10         7m15s
keda-hpa-webserver-scaledobject   Deployment/webserver-deployment   cpu: 0%/50%   2         10        10         7m16s
keda-hpa-webserver-scaledobject   Deployment/webserver-deployment   cpu: 0%/50%   2         10        10         7m17s
keda-hpa-webserver-scaledobject   Deployment/webserver-deployment   cpu: 0%/50%   2         10        10         7m18s
keda-hpa-webserver-scaledobject   Deployment/webserver-deployment   cpu: 0%/50%   2         10        10         7m19s
keda-hpa-webserver-scaledobject   Deployment/webserver-deployment   cpu: 0%/50%   2         10        10         7m20s
keda-hpa-webserver-scaledobject   Deployment/webserver-deployment   cpu: 0%/50%   2         10        10         7m21s
keda-hpa-webserver-scaledobject   Deployment/webserver-deployment   cpu: 0%/50%   2         10        10         7m22s
keda-hpa-webserver-scaledobject   Deployment/webserver-deployment   cpu: 0%/50%   2         10        10         7m23s
keda-hpa-webserver-scaledobject   Deployment/webserver-deployment   cpu: 0%/50%   2         10        10         7m24s
keda-hpa-webserver-scaledobject   Deployment/webserver-deployment   cpu: 0%/50%   2         10        10         7m25s
keda-hpa-webserver-scaledobject   Deployment/webserver-deployment   cpu: 0%/50%   2         10        10         7m26s
keda-hpa-webserver-scaledobject   Deployment/webserver-deployment   cpu: 0%/50%   2         10        10         7m28s
keda-hpa-webserver-scaledobject   Deployment/webserver-deployment   cpu: 0%/50%   2         10        10         7m29s
keda-hpa-webserver-scaledobject   Deployment/webserver-deployment   cpu: 0%/50%   2         10        10         7m30s
keda-hpa-webserver-scaledobject   Deployment/webserver-deployment   cpu: 0%/50%   2         10        10         7m31s
keda-hpa-webserver-scaledobject   Deployment/webserver-deployment   cpu: 0%/50%   2         10        10         7m32s
keda-hpa-webserver-scaledobject   Deployment/webserver-deployment   cpu: 0%/50%   2         10        10         7m33s
keda-hpa-webserver-scaledobject   Deployment/webserver-deployment   cpu: 0%/50%   2         10        10         7m34s
keda-hpa-webserver-scaledobject   Deployment/webserver-deployment   cpu: 0%/50%   2         10        10         7m35s
keda-hpa-webserver-scaledobject   Deployment/webserver-deployment   cpu: 0%/50%   2         10        10         7m36s
keda-hpa-webserver-scaledobject   Deployment/webserver-deployment   cpu: 0%/50%   2         10        10         7m37s
keda-hpa-webserver-scaledobject   Deployment/webserver-deployment   cpu: 0%/50%   2         10        10         7m38s
keda-hpa-webserver-scaledobject   Deployment/webserver-deployment   cpu: 0%/50%   2         10        10         7m39s
keda-hpa-webserver-scaledobject   Deployment/webserver-deployment   cpu: 0%/50%   2         10        10         7m41s
keda-hpa-webserver-scaledobject   Deployment/webserver-deployment   cpu: 0%/50%   2         10        10         7m42s
keda-hpa-webserver-scaledobject   Deployment/webserver-deployment   cpu: 0%/50%   2         10        10         7m43s
keda-hpa-webserver-scaledobject   Deployment/webserver-deployment   cpu: 0%/50%   2         10        10         7m44s
keda-hpa-webserver-scaledobject   Deployment/webserver-deployment   cpu: 0%/50%   2         10        10         7m45s
keda-hpa-webserver-scaledobject   Deployment/webserver-deployment   cpu: 0%/50%   2         10        10         7m46s
keda-hpa-webserver-scaledobject   Deployment/webserver-deployment   cpu: 0%/50%   2         10        10         7m47s
keda-hpa-webserver-scaledobject   Deployment/webserver-deployment   cpu: 0%/50%   2         10        10         7m48s
keda-hpa-webserver-scaledobject   Deployment/webserver-deployment   cpu: 0%/50%   2         10        10         7m49s
keda-hpa-webserver-scaledobject   Deployment/webserver-deployment   cpu: 0%/50%   2         10        10         7m50s
keda-hpa-webserver-scaledobject   Deployment/webserver-deployment   cpu: 0%/50%   2         10        10         7m51s
keda-hpa-webserver-scaledobject   Deployment/webserver-deployment   cpu: 0%/50%   2         10        10         7m53s
keda-hpa-webserver-scaledobject   Deployment/webserver-deployment   cpu: 0%/50%   2         10        10         7m54s
keda-hpa-webserver-scaledobject   Deployment/webserver-deployment   cpu: 0%/50%   2         10        10         7m55s
keda-hpa-webserver-scaledobject   Deployment/webserver-deployment   cpu: 0%/50%   2         10        10         7m56s
keda-hpa-webserver-scaledobject   Deployment/webserver-deployment   cpu: 0%/50%   2         10        10         7m57s
keda-hpa-webserver-scaledobject   Deployment/webserver-deployment   cpu: 0%/50%   2         10        10         7m58s
keda-hpa-webserver-scaledobject   Deployment/webserver-deployment   cpu: 0%/50%   2         10        10         7m59s
keda-hpa-webserver-scaledobject   Deployment/webserver-deployment   cpu: 0%/50%   2         10        10         8m
keda-hpa-webserver-scaledobject   Deployment/webserver-deployment   cpu: 0%/50%   2         10        10         8m1s
keda-hpa-webserver-scaledobject   Deployment/webserver-deployment   cpu: 0%/50%   2         10        10         8m2s
keda-hpa-webserver-scaledobject   Deployment/webserver-deployment   cpu: 0%/50%   2         10        10         8m3s
keda-hpa-webserver-scaledobject   Deployment/webserver-deployment   cpu: 0%/50%   2         10        10         8m4s
keda-hpa-webserver-scaledobject   Deployment/webserver-deployment   cpu: 0%/50%   2         10        10         8m5s
keda-hpa-webserver-scaledobject   Deployment/webserver-deployment   cpu: 0%/50%   2         10        10         8m7s
keda-hpa-webserver-scaledobject   Deployment/webserver-deployment   cpu: 0%/50%   2         10        10         8m8s
keda-hpa-webserver-scaledobject   Deployment/webserver-deployment   cpu: 0%/50%   2         10        10         8m9s
keda-hpa-webserver-scaledobject   Deployment/webserver-deployment   cpu: 0%/50%   2         10        10         8m10s
keda-hpa-webserver-scaledobject   Deployment/webserver-deployment   cpu: 0%/50%   2         10        10         8m11s
keda-hpa-webserver-scaledobject   Deployment/webserver-deployment   cpu: 0%/50%   2         10        10         8m12s
keda-hpa-webserver-scaledobject   Deployment/webserver-deployment   cpu: 0%/50%   2         10        10         8m13s
keda-hpa-webserver-scaledobject   Deployment/webserver-deployment   cpu: 0%/50%   2         10        10         8m14s
keda-hpa-webserver-scaledobject   Deployment/webserver-deployment   cpu: 0%/50%   2         10        10         8m15s
keda-hpa-webserver-scaledobject   Deployment/webserver-deployment   cpu: 0%/50%   2         10        10         8m16s
keda-hpa-webserver-scaledobject   Deployment/webserver-deployment   cpu: 0%/50%   2         10        10         8m17s
keda-hpa-webserver-scaledobject   Deployment/webserver-deployment   cpu: 0%/50%   2         10        10         8m19s
keda-hpa-webserver-scaledobject   Deployment/webserver-deployment   cpu: 0%/50%   2         10        10         8m20s
keda-hpa-webserver-scaledobject   Deployment/webserver-deployment   cpu: 0%/50%   2         10        10         8m21s
keda-hpa-webserver-scaledobject   Deployment/webserver-deployment   cpu: 0%/50%   2         10        10         8m22s
keda-hpa-webserver-scaledobject   Deployment/webserver-deployment   cpu: 0%/50%   2         10        10         8m23s
keda-hpa-webserver-scaledobject   Deployment/webserver-deployment   cpu: 0%/50%   2         10        10         8m24s
keda-hpa-webserver-scaledobject   Deployment/webserver-deployment   cpu: 0%/50%   2         10        10         8m25s
keda-hpa-webserver-scaledobject   Deployment/webserver-deployment   cpu: 0%/50%   2         10        10         8m26s
keda-hpa-webserver-scaledobject   Deployment/webserver-deployment   cpu: 0%/50%   2         10        10         8m27s
keda-hpa-webserver-scaledobject   Deployment/webserver-deployment   cpu: 0%/50%   2         10        10         8m28s
keda-hpa-webserver-scaledobject   Deployment/webserver-deployment   cpu: 0%/50%   2         10        10         8m29s
keda-hpa-webserver-scaledobject   Deployment/webserver-deployment   cpu: 0%/50%   2         10        10         8m30s
keda-hpa-webserver-scaledobject   Deployment/webserver-deployment   cpu: 0%/50%   2         10        10         8m32s
keda-hpa-webserver-scaledobject   Deployment/webserver-deployment   cpu: 0%/50%   2         10        10         8m33s
keda-hpa-webserver-scaledobject   Deployment/webserver-deployment   cpu: 0%/50%   2         10        10         8m34s
keda-hpa-webserver-scaledobject   Deployment/webserver-deployment   cpu: 0%/50%   2         10        10         8m35s
keda-hpa-webserver-scaledobject   Deployment/webserver-deployment   cpu: 0%/50%   2         10        10         8m36s
keda-hpa-webserver-scaledobject   Deployment/webserver-deployment   cpu: 0%/50%   2         10        10         8m37s
keda-hpa-webserver-scaledobject   Deployment/webserver-deployment   cpu: 0%/50%   2         10        10         8m38s
keda-hpa-webserver-scaledobject   Deployment/webserver-deployment   cpu: 0%/50%   2         10        10         8m39s
keda-hpa-webserver-scaledobject   Deployment/webserver-deployment   cpu: 0%/50%   2         10        10         8m40s
keda-hpa-webserver-scaledobject   Deployment/webserver-deployment   cpu: 0%/50%   2         10        10         8m41s
keda-hpa-webserver-scaledobject   Deployment/webserver-deployment   cpu: 0%/50%   2         10        10         8m42s
keda-hpa-webserver-scaledobject   Deployment/webserver-deployment   cpu: 0%/50%   2         10        10         8m43s
keda-hpa-webserver-scaledobject   Deployment/webserver-deployment   cpu: 0%/50%   2         10        10         8m45s
keda-hpa-webserver-scaledobject   Deployment/webserver-deployment   cpu: 0%/50%   2         10        10         8m46s
keda-hpa-webserver-scaledobject   Deployment/webserver-deployment   cpu: 0%/50%   2         10        10         8m47s
keda-hpa-webserver-scaledobject   Deployment/webserver-deployment   cpu: 0%/50%   2         10        10         8m48s
keda-hpa-webserver-scaledobject   Deployment/webserver-deployment   cpu: 0%/50%   2         10        10         8m49s
keda-hpa-webserver-scaledobject   Deployment/webserver-deployment   cpu: 0%/50%   2         10        10         8m50s
keda-hpa-webserver-scaledobject   Deployment/webserver-deployment   cpu: 0%/50%   2         10        10         8m51s
keda-hpa-webserver-scaledobject   Deployment/webserver-deployment   cpu: 0%/50%   2         10        10         8m52s
keda-hpa-webserver-scaledobject   Deployment/webserver-deployment   cpu: 0%/50%   2         10        10         8m53s
keda-hpa-webserver-scaledobject   Deployment/webserver-deployment   cpu: 0%/50%   2         10        10         8m54s
keda-hpa-webserver-scaledobject   Deployment/webserver-deployment   cpu: 0%/50%   2         10        10         8m55s
keda-hpa-webserver-scaledobject   Deployment/webserver-deployment   cpu: 0%/50%   2         10        10         8m56s
keda-hpa-webserver-scaledobject   Deployment/webserver-deployment   cpu: 0%/50%   2         10        10         8m58s
keda-hpa-webserver-scaledobject   Deployment/webserver-deployment   cpu: 0%/50%   2         10        10         8m59s
keda-hpa-webserver-scaledobject   Deployment/webserver-deployment   cpu: 0%/50%   2         10        10         9m
keda-hpa-webserver-scaledobject   Deployment/webserver-deployment   cpu: 0%/50%   2         10        10         9m1s
keda-hpa-webserver-scaledobject   Deployment/webserver-deployment   cpu: 0%/50%   2         10        10         9m2s
keda-hpa-webserver-scaledobject   Deployment/webserver-deployment   cpu: 0%/50%   2         10        10         9m3s
keda-hpa-webserver-scaledobject   Deployment/webserver-deployment   cpu: 0%/50%   2         10        10         9m4s
keda-hpa-webserver-scaledobject   Deployment/webserver-deployment   cpu: 0%/50%   2         10        10         9m5s
keda-hpa-webserver-scaledobject   Deployment/webserver-deployment   cpu: 0%/50%   2         10        10         9m6s
keda-hpa-webserver-scaledobject   Deployment/webserver-deployment   cpu: 0%/50%   2         10        10         9m7s
keda-hpa-webserver-scaledobject   Deployment/webserver-deployment   cpu: 0%/50%   2         10        10         9m8s
keda-hpa-webserver-scaledobject   Deployment/webserver-deployment   cpu: 0%/50%   2         10        10         9m10s
keda-hpa-webserver-scaledobject   Deployment/webserver-deployment   cpu: 0%/50%   2         10        10         9m11s
keda-hpa-webserver-scaledobject   Deployment/webserver-deployment   cpu: 0%/50%   2         10        10         9m12s
keda-hpa-webserver-scaledobject   Deployment/webserver-deployment   cpu: 0%/50%   2         10        10         9m13s
keda-hpa-webserver-scaledobject   Deployment/webserver-deployment   cpu: 0%/50%   2         10        10         9m14s
keda-hpa-webserver-scaledobject   Deployment/webserver-deployment   cpu: 0%/50%   2         10        10         9m15s
keda-hpa-webserver-scaledobject   Deployment/webserver-deployment   cpu: 0%/50%   2         10        10         9m16s
keda-hpa-webserver-scaledobject   Deployment/webserver-deployment   cpu: 0%/50%   2         10        10         9m17s
keda-hpa-webserver-scaledobject   Deployment/webserver-deployment   cpu: 0%/50%   2         10        10         9m18s
keda-hpa-webserver-scaledobject   Deployment/webserver-deployment   cpu: 0%/50%   2         10        10         9m19s
keda-hpa-webserver-scaledobject   Deployment/webserver-deployment   cpu: 0%/50%   2         10        10         9m20s
keda-hpa-webserver-scaledobject   Deployment/webserver-deployment   cpu: 0%/50%   2         10        10         9m21s
keda-hpa-webserver-scaledobject   Deployment/webserver-deployment   cpu: 0%/50%   2         10        10         9m23s
keda-hpa-webserver-scaledobject   Deployment/webserver-deployment   cpu: 0%/50%   2         10        10         9m24s
keda-hpa-webserver-scaledobject   Deployment/webserver-deployment   cpu: 0%/50%   2         10        10         9m25s
keda-hpa-webserver-scaledobject   Deployment/webserver-deployment   cpu: 0%/50%   2         10        10         9m26s
keda-hpa-webserver-scaledobject   Deployment/webserver-deployment   cpu: 0%/50%   2         10        10         9m27s
keda-hpa-webserver-scaledobject   Deployment/webserver-deployment   cpu: 0%/50%   2         10        10         9m28s
keda-hpa-webserver-scaledobject   Deployment/webserver-deployment   cpu: 0%/50%   2         10        10         9m29s
keda-hpa-webserver-scaledobject   Deployment/webserver-deployment   cpu: 0%/50%   2         10        10         9m30s
keda-hpa-webserver-scaledobject   Deployment/webserver-deployment   cpu: 0%/50%   2         10        10         9m31s
keda-hpa-webserver-scaledobject   Deployment/webserver-deployment   cpu: 0%/50%   2         10        10         9m32s
keda-hpa-webserver-scaledobject   Deployment/webserver-deployment   cpu: 0%/50%   2         10        10         9m33s
keda-hpa-webserver-scaledobject   Deployment/webserver-deployment   cpu: 0%/50%   2         10        10         9m34s
keda-hpa-webserver-scaledobject   Deployment/webserver-deployment   cpu: 0%/50%   2         10        10         9m36s
keda-hpa-webserver-scaledobject   Deployment/webserver-deployment   cpu: 0%/50%   2         10        10         9m37s
keda-hpa-webserver-scaledobject   Deployment/webserver-deployment   cpu: 0%/50%   2         10        10         9m38s
keda-hpa-webserver-scaledobject   Deployment/webserver-deployment   cpu: 0%/50%   2         10        10         9m39s
keda-hpa-webserver-scaledobject   Deployment/webserver-deployment   cpu: 0%/50%   2         10        10         9m40s
keda-hpa-webserver-scaledobject   Deployment/webserver-deployment   cpu: 0%/50%   2         10        10         9m41s
keda-hpa-webserver-scaledobject   Deployment/webserver-deployment   cpu: 0%/50%   2         10        10         9m42s
keda-hpa-webserver-scaledobject   Deployment/webserver-deployment   cpu: 0%/50%   2         10        10         9m43s
keda-hpa-webserver-scaledobject   Deployment/webserver-deployment   cpu: 0%/50%   2         10        10         9m44s
keda-hpa-webserver-scaledobject   Deployment/webserver-deployment   cpu: 0%/50%   2         10        10         9m45s
keda-hpa-webserver-scaledobject   Deployment/webserver-deployment   cpu: 0%/50%   2         10        10         9m46s
keda-hpa-webserver-scaledobject   Deployment/webserver-deployment   cpu: 0%/50%   2         10        10         9m48s
keda-hpa-webserver-scaledobject   Deployment/webserver-deployment   cpu: 0%/50%   2         10        10         9m49s
keda-hpa-webserver-scaledobject   Deployment/webserver-deployment   cpu: 0%/50%   2         10        10         9m50s
keda-hpa-webserver-scaledobject   Deployment/webserver-deployment   cpu: 0%/50%   2         10        10         9m51s
keda-hpa-webserver-scaledobject   Deployment/webserver-deployment   cpu: 0%/50%   2         10        10         9m52s
keda-hpa-webserver-scaledobject   Deployment/webserver-deployment   cpu: 0%/50%   2         10        10         9m53s
keda-hpa-webserver-scaledobject   Deployment/webserver-deployment   cpu: 0%/50%   2         10        10         9m54s
keda-hpa-webserver-scaledobject   Deployment/webserver-deployment   cpu: 0%/50%   2         10        10         9m55s
keda-hpa-webserver-scaledobject   Deployment/webserver-deployment   cpu: 0%/50%   2         10        10         9m56s
keda-hpa-webserver-scaledobject   Deployment/webserver-deployment   cpu: 0%/50%   2         10        10         9m57s
keda-hpa-webserver-scaledobject   Deployment/webserver-deployment   cpu: 0%/50%   2         10        10         9m58s
keda-hpa-webserver-scaledobject   Deployment/webserver-deployment   cpu: 0%/50%   2         10        10         9m59s
keda-hpa-webserver-scaledobject   Deployment/webserver-deployment   cpu: 0%/50%   2         10        10         10m
keda-hpa-webserver-scaledobject   Deployment/webserver-deployment   cpu: 0%/50%   2         10        10         10m
keda-hpa-webserver-scaledobject   Deployment/webserver-deployment   cpu: 0%/50%   2         10        10         10m
keda-hpa-webserver-scaledobject   Deployment/webserver-deployment   cpu: 0%/50%   2         10        10         10m
keda-hpa-webserver-scaledobject   Deployment/webserver-deployment   cpu: 0%/50%   2         10        10         10m
keda-hpa-webserver-scaledobject   Deployment/webserver-deployment   cpu: 0%/50%   2         10        10         10m
keda-hpa-webserver-scaledobject   Deployment/webserver-deployment   cpu: 0%/50%   2         10        10         10m
keda-hpa-webserver-scaledobject   Deployment/webserver-deployment   cpu: 0%/50%   2         10        10         10m
keda-hpa-webserver-scaledobject   Deployment/webserver-deployment   cpu: 0%/50%   2         10        10         10m
keda-hpa-webserver-scaledobject   Deployment/webserver-deployment   cpu: 0%/50%   2         10        10         10m
keda-hpa-webserver-scaledobject   Deployment/webserver-deployment   cpu: 0%/50%   2         10        10         10m
keda-hpa-webserver-scaledobject   Deployment/webserver-deployment   cpu: 0%/50%   2         10        10         10m
keda-hpa-webserver-scaledobject   Deployment/webserver-deployment   cpu: 0%/50%   2         10        10         10m
keda-hpa-webserver-scaledobject   Deployment/webserver-deployment   cpu: 0%/50%   2         10        10         10m
keda-hpa-webserver-scaledobject   Deployment/webserver-deployment   cpu: 0%/50%   2         10        10         10m
keda-hpa-webserver-scaledobject   Deployment/webserver-deployment   cpu: 0%/50%   2         10        10         10m
keda-hpa-webserver-scaledobject   Deployment/webserver-deployment   cpu: 0%/50%   2         10        10         10m
keda-hpa-webserver-scaledobject   Deployment/webserver-deployment   cpu: 0%/50%   2         10        10         10m
keda-hpa-webserver-scaledobject   Deployment/webserver-deployment   cpu: 0%/50%   2         10        10         10m
keda-hpa-webserver-scaledobject   Deployment/webserver-deployment   cpu: 0%/50%   2         10        10         10m
keda-hpa-webserver-scaledobject   Deployment/webserver-deployment   cpu: 0%/50%   2         10        10         10m
keda-hpa-webserver-scaledobject   Deployment/webserver-deployment   cpu: 0%/50%   2         10        10         10m
keda-hpa-webserver-scaledobject   Deployment/webserver-deployment   cpu: 0%/50%   2         10        10         10m
keda-hpa-webserver-scaledobject   Deployment/webserver-deployment   cpu: 0%/50%   2         10        10         10m
keda-hpa-webserver-scaledobject   Deployment/webserver-deployment   cpu: 0%/50%   2         10        10         10m
keda-hpa-webserver-scaledobject   Deployment/webserver-deployment   cpu: 0%/50%   2         10        10         10m
keda-hpa-webserver-scaledobject   Deployment/webserver-deployment   cpu: 0%/50%   2         10        10         10m
keda-hpa-webserver-scaledobject   Deployment/webserver-deployment   cpu: 0%/50%   2         10        10         10m
keda-hpa-webserver-scaledobject   Deployment/webserver-deployment   cpu: 0%/50%   2         10        10         10m
keda-hpa-webserver-scaledobject   Deployment/webserver-deployment   cpu: 0%/50%   2         10        4          10m
keda-hpa-webserver-scaledobject   Deployment/webserver-deployment   cpu: 0%/50%   2         10        4          10m
keda-hpa-webserver-scaledobject   Deployment/webserver-deployment   cpu: 0%/50%   2         10        4          10m
keda-hpa-webserver-scaledobject   Deployment/webserver-deployment   cpu: 0%/50%   2         10        4          10m
keda-hpa-webserver-scaledobject   Deployment/webserver-deployment   cpu: 0%/50%   2         10        4          10m
keda-hpa-webserver-scaledobject   Deployment/webserver-deployment   cpu: 0%/50%   2         10        4          10m
keda-hpa-webserver-scaledobject   Deployment/webserver-deployment   cpu: 0%/50%   2         10        4          10m
keda-hpa-webserver-scaledobject   Deployment/webserver-deployment   cpu: 0%/50%   2         10        4          10m
keda-hpa-webserver-scaledobject   Deployment/webserver-deployment   cpu: 0%/50%   2         10        4          10m
keda-hpa-webserver-scaledobject   Deployment/webserver-deployment   cpu: 0%/50%   2         10        4          10m
keda-hpa-webserver-scaledobject   Deployment/webserver-deployment   cpu: 0%/50%   2         10        4          10m
keda-hpa-webserver-scaledobject   Deployment/webserver-deployment   cpu: 0%/50%   2         10        4          10m
keda-hpa-webserver-scaledobject   Deployment/webserver-deployment   cpu: 0%/50%   2         10        4          10m
keda-hpa-webserver-scaledobject   Deployment/webserver-deployment   cpu: 0%/50%   2         10        4          10m
keda-hpa-webserver-scaledobject   Deployment/webserver-deployment   cpu: 0%/50%   2         10        3          10m
keda-hpa-webserver-scaledobject   Deployment/webserver-deployment   cpu: 0%/50%   2         10        3          10m
keda-hpa-webserver-scaledobject   Deployment/webserver-deployment   cpu: 0%/50%   2         10        3          10m
keda-hpa-webserver-scaledobject   Deployment/webserver-deployment   cpu: 0%/50%   2         10        3          10m
keda-hpa-webserver-scaledobject   Deployment/webserver-deployment   cpu: 0%/50%   2         10        3          10m
keda-hpa-webserver-scaledobject   Deployment/webserver-deployment   cpu: 0%/50%   2         10        3          10m
keda-hpa-webserver-scaledobject   Deployment/webserver-deployment   cpu: 0%/50%   2         10        3          10m
keda-hpa-webserver-scaledobject   Deployment/webserver-deployment   cpu: 0%/50%   2         10        3          10m
keda-hpa-webserver-scaledobject   Deployment/webserver-deployment   cpu: 0%/50%   2         10        3          10m
keda-hpa-webserver-scaledobject   Deployment/webserver-deployment   cpu: 0%/50%   2         10        3          10m
keda-hpa-webserver-scaledobject   Deployment/webserver-deployment   cpu: 0%/50%   2         10        3          10m
keda-hpa-webserver-scaledobject   Deployment/webserver-deployment   cpu: 0%/50%   2         10        3          10m
