Requests      [total, rate, throughput]         12, 10.91, 10.70
Duration      [total, attack, wait]             1.121s, 1.1s, 21.322ms
Latencies     [min, mean, 50, 90, 95, 99, max]  21.322ms, 21.504ms, 21.46ms, 21.775ms, 21.898ms, 21.919ms, 21.919ms
Bytes In      [total, mean]                     24, 2.00
Bytes Out     [total, mean]                     0, 0.00
Success       [ratio]                           100.00%
Status Codes  [code:count]                      200:12  
Error Set:
Requests      [total, rate, throughput]         22, 10.48, 10.37
Duration      [total, attack, wait]             2.121s, 2.1s, 21.419ms
Latencies     [min, mean, 50, 90, 95, 99, max]  21.322ms, 21.468ms, 21.432ms, 21.591ms, 21.795ms, 21.919ms, 21.919ms
Bytes In      [total, mean]                     44, 2.00
Bytes Out     [total, mean]                     0, 0.00
Success       [ratio]                           100.00%
Status Codes  [code:count]                      200:22  
Error Set:
Requests      [total, rate, throughput]         32, 10.32, 10.25
Duration      [total, attack, wait]             3.121s, 3.1s, 21.302ms
Latencies     [min, mean, 50, 90, 95, 99, max]  21.207ms, 21.441ms, 21.432ms, 21.524ms, 21.696ms, 21.919ms, 21.919ms
Bytes In      [total, mean]                     64, 2.00
Bytes Out     [total, mean]                     0, 0.00
Success       [ratio]                           100.00%
Status Codes  [code:count]                      200:32  
Error Set:
Requests      [total, rate, throughput]         42, 10.24, 10.19
Duration      [total, attack, wait]             4.121s, 4.1s, 21.292ms
Latencies     [min, mean, 50, 90, 95, 99, max]  21.207ms, 21.426ms, 21.43ms, 21.508ms, 21.608ms, 21.919ms, 21.919ms
Bytes In      [total, mean]                     84, 2.00
Bytes Out     [total, mean]                     0, 0.00
Success       [ratio]                           100.00%
Status Codes  [code:count]                      200:42  
Error Set:
Requests      [total, rate, throughput]         52, 10.20, 10.15
Duration      [total, attack, wait]             5.122s, 5.1s, 21.321ms
Latencies     [min, mean, 50, 90, 95, 99, max]  21.207ms, 21.413ms, 21.419ms, 21.502ms, 21.536ms, 21.915ms, 21.919ms
Bytes In      [total, mean]                     104, 2.00
Bytes Out     [total, mean]                     0, 0.00
Success       [ratio]                           100.00%
Status Codes  [code:count]                      200:52  
Error Set:
Requests      [total, rate, throughput]         62, 10.16, 10.13
Duration      [total, attack, wait]             6.122s, 6.101s, 21.412ms
Latencies     [min, mean, 50, 90, 95, 99, max]  21.063ms, 21.404ms, 21.419ms, 21.502ms, 21.545ms, 21.894ms, 21.919ms
Bytes In      [total, mean]                     124, 2.00
Bytes Out     [total, mean]                     0, 0.00
Success       [ratio]                           100.00%
Status Codes  [code:count]                      200:62  
Error Set:
Requests      [total, rate, throughput]         72, 10.14, 10.11
Duration      [total, attack, wait]             7.122s, 7.1s, 21.291ms
Latencies     [min, mean, 50, 90, 95, 99, max]  21.063ms, 21.395ms, 21.401ms, 21.491ms, 21.536ms, 21.873ms, 21.919ms
Bytes In      [total, mean]                     144, 2.00
Bytes Out     [total, mean]                     0, 0.00
Success       [ratio]                           100.00%
Status Codes  [code:count]                      200:72  
Error Set:
Requests      [total, rate, throughput]         82, 10.12, 10.10
Duration      [total, attack, wait]             8.122s, 8.1s, 21.39ms
Latencies     [min, mean, 50, 90, 95, 99, max]  21.063ms, 21.388ms, 21.389ms, 21.486ms, 21.526ms, 21.853ms, 21.919ms
Bytes In      [total, mean]                     164, 2.00
Bytes Out     [total, mean]                     0, 0.00
Success       [ratio]                           100.00%
Status Codes  [code:count]                      200:82  
Error Set:
Requests      [total, rate, throughput]         92, 10.11, 10.09
Duration      [total, attack, wait]             9.121s, 9.1s, 21.283ms
Latencies     [min, mean, 50, 90, 95, 99, max]  21.063ms, 21.377ms, 21.384ms, 21.484ms, 21.516ms, 21.832ms, 21.919ms
Bytes In      [total, mean]                     184, 2.00
Bytes Out     [total, mean]                     0, 0.00
Success       [ratio]                           100.00%
Status Codes  [code:count]                      200:92  
Error Set:
Requests      [total, rate, throughput]         102, 10.10, 10.08
Duration      [total, attack, wait]             10.122s, 10.1s, 21.436ms
Latencies     [min, mean, 50, 90, 95, 99, max]  21.063ms, 21.374ms, 21.38ms, 21.484ms, 21.522ms, 21.812ms, 21.919ms
Bytes In      [total, mean]                     204, 2.00
Bytes Out     [total, mean]                     0, 0.00
Success       [ratio]                           100.00%
Status Codes  [code:count]                      200:102  
Error Set:
Requests      [total, rate, throughput]         112, 10.09, 10.07
Duration      [total, attack, wait]             11.121s, 11.1s, 21.277ms
Latencies     [min, mean, 50, 90, 95, 99, max]  21.063ms, 21.368ms, 21.365ms, 21.483ms, 21.516ms, 21.791ms, 21.919ms
Bytes In      [total, mean]                     224, 2.00
Bytes Out     [total, mean]                     0, 0.00
Success       [ratio]                           100.00%
Status Codes  [code:count]                      200:112  
Error Set:
Requests      [total, rate, throughput]         122, 10.08, 10.07
Duration      [total, attack, wait]             12.121s, 12.1s, 21.344ms
Latencies     [min, mean, 50, 90, 95, 99, max]  21.063ms, 21.363ms, 21.355ms, 21.482ms, 21.509ms, 21.771ms, 21.919ms
Bytes In      [total, mean]                     244, 2.00
Bytes Out     [total, mean]                     0, 0.00
Success       [ratio]                           100.00%
Status Codes  [code:count]                      200:122  
Error Set:
Requests      [total, rate, throughput]         132, 10.08, 10.06
Duration      [total, attack, wait]             13.122s, 13.101s, 21.365ms
Latencies     [min, mean, 50, 90, 95, 99, max]  21.063ms, 21.389ms, 21.357ms, 21.484ms, 21.516ms, 22.394ms, 24.557ms
Bytes In      [total, mean]                     264, 2.00
Bytes Out     [total, mean]                     0, 0.00
Success       [ratio]                           100.00%
Status Codes  [code:count]                      200:132  
Error Set:
Requests      [total, rate, throughput]         142, 10.07, 10.06
Duration      [total, attack, wait]             14.122s, 14.1s, 21.489ms
Latencies     [min, mean, 50, 90, 95, 99, max]  21.063ms, 21.389ms, 21.359ms, 21.486ms, 21.522ms, 22.13ms, 24.557ms
Bytes In      [total, mean]                     284, 2.00
Bytes Out     [total, mean]                     0, 0.00
Success       [ratio]                           100.00%
Status Codes  [code:count]                      200:142  
Error Set:
Requests      [total, rate, throughput]         152, 10.07, 10.05
Duration      [total, attack, wait]             15.122s, 15.101s, 21.384ms
Latencies     [min, mean, 50, 90, 95, 99, max]  21.063ms, 21.385ms, 21.357ms, 21.484ms, 21.516ms, 21.915ms, 24.557ms
Bytes In      [total, mean]                     304, 2.00
Bytes Out     [total, mean]                     0, 0.00
Success       [ratio]                           100.00%
Status Codes  [code:count]                      200:152  
Error Set:
Requests      [total, rate, throughput]         162, 10.06, 10.05
Duration      [total, attack, wait]             16.121s, 16.1s, 21.259ms
Latencies     [min, mean, 50, 90, 95, 99, max]  21.063ms, 21.381ms, 21.353ms, 21.484ms, 21.509ms, 21.894ms, 24.557ms
Bytes In      [total, mean]                     324, 2.00
Bytes Out     [total, mean]                     0, 0.00
Success       [ratio]                           100.00%
Status Codes  [code:count]                      200:162  
Error Set:
Requests      [total, rate, throughput]         172, 10.06, 10.05
Duration      [total, attack, wait]             17.121s, 17.1s, 21.412ms
Latencies     [min, mean, 50, 90, 95, 99, max]  21.063ms, 21.379ms, 21.353ms, 21.484ms, 21.516ms, 21.873ms, 24.557ms
Bytes In      [total, mean]                     344, 2.00
Bytes Out     [total, mean]                     0, 0.00
Success       [ratio]                           100.00%
Status Codes  [code:count]                      200:172  
Error Set:
Requests      [total, rate, throughput]         182, 10.06, 10.04
Duration      [total, attack, wait]             18.121s, 18.1s, 21.361ms
Latencies     [min, mean, 50, 90, 95, 99, max]  21.063ms, 21.378ms, 21.353ms, 21.484ms, 21.509ms, 21.853ms, 24.557ms
Bytes In      [total, mean]                     364, 2.00
Bytes Out     [total, mean]                     0, 0.00
Success       [ratio]                           100.00%
Status Codes  [code:count]                      200:182  
Error Set:
Requests      [total, rate, throughput]         192, 10.05, 10.04
Duration      [total, attack, wait]             19.122s, 19.101s, 21.419ms
Latencies     [min, mean, 50, 90, 95, 99, max]  21.063ms, 21.375ms, 21.35ms, 21.484ms, 21.503ms, 21.832ms, 24.557ms
Bytes In      [total, mean]                     384, 2.00
Bytes Out     [total, mean]                     0, 0.00
Success       [ratio]                           100.00%
Status Codes  [code:count]                      200:192  
Error Set:
Requests      [total, rate, throughput]         202, 10.05, 10.04
Duration      [total, attack, wait]             20.122s, 20.1s, 21.767ms
Latencies     [min, mean, 50, 90, 95, 99, max]  21.063ms, 21.376ms, 21.35ms, 21.484ms, 21.509ms, 21.84ms, 24.557ms
Bytes In      [total, mean]                     404, 2.00
Bytes Out     [total, mean]                     0, 0.00
Success       [ratio]                           100.00%
Status Codes  [code:count]                      200:202  
Error Set:
Requests      [total, rate, throughput]         212, 10.05, 10.04
Duration      [total, attack, wait]             21.122s, 21.101s, 21.386ms
Latencies     [min, mean, 50, 90, 95, 99, max]  21.063ms, 21.373ms, 21.349ms, 21.483ms, 21.503ms, 21.825ms, 24.557ms
Bytes In      [total, mean]                     424, 2.00
Bytes Out     [total, mean]                     0, 0.00
Success       [ratio]                           100.00%
Status Codes  [code:count]                      200:212  
Error Set:
Requests      [total, rate, throughput]         222, 10.05, 10.04
Duration      [total, attack, wait]             22.121s, 22.1s, 21.203ms
Latencies     [min, mean, 50, 90, 95, 99, max]  21.063ms, 21.37ms, 21.349ms, 21.483ms, 21.502ms, 21.809ms, 24.557ms
Bytes In      [total, mean]                     444, 2.00
Bytes Out     [total, mean]                     0, 0.00
Success       [ratio]                           100.00%
Status Codes  [code:count]                      200:222  
Error Set:
Requests      [total, rate, throughput]         232, 10.04, 10.03
Duration      [total, attack, wait]             23.122s, 23.101s, 21.421ms
Latencies     [min, mean, 50, 90, 95, 99, max]  21.063ms, 21.371ms, 21.349ms, 21.483ms, 21.516ms, 21.794ms, 24.557ms
Bytes In      [total, mean]                     464, 2.00
Bytes Out     [total, mean]                     0, 0.00
Success       [ratio]                           100.00%
Status Codes  [code:count]                      200:232  
Error Set:
Requests      [total, rate, throughput]         242, 10.04, 10.03
Duration      [total, attack, wait]             24.121s, 24.1s, 21.44ms
Latencies     [min, mean, 50, 90, 95, 99, max]  21.063ms, 21.368ms, 21.348ms, 21.483ms, 21.509ms, 21.779ms, 24.557ms
Bytes In      [total, mean]                     484, 2.00
Bytes Out     [total, mean]                     0, 0.00
Success       [ratio]                           100.00%
Status Codes  [code:count]                      200:242  
Error Set:
Requests      [total, rate, throughput]         252, 10.04, 10.03
Duration      [total, attack, wait]             25.121s, 25.1s, 21.252ms
Latencies     [min, mean, 50, 90, 95, 99, max]  21.063ms, 21.366ms, 21.345ms, 21.483ms, 21.516ms, 21.766ms, 24.557ms
Bytes In      [total, mean]                     504, 2.00
Bytes Out     [total, mean]                     0, 0.00
Success       [ratio]                           100.00%
Status Codes  [code:count]                      200:252  
Error Set:
Requests      [total, rate, throughput]         262, 10.04, 10.03
Duration      [total, attack, wait]             26.122s, 26.1s, 21.36ms
Latencies     [min, mean, 50, 90, 95, 99, max]  21.063ms, 21.366ms, 21.345ms, 21.483ms, 21.518ms, 21.76ms, 24.557ms
Bytes In      [total, mean]                     524, 2.00
Bytes Out     [total, mean]                     0, 0.00
Success       [ratio]                           100.00%
Status Codes  [code:count]                      200:262  
Error Set:
Requests      [total, rate, throughput]         272, 10.04, 10.03
Duration      [total, attack, wait]             27.121s, 27.1s, 21.358ms
Latencies     [min, mean, 50, 90, 95, 99, max]  21.063ms, 21.366ms, 21.346ms, 21.483ms, 21.518ms, 21.755ms, 24.557ms
Bytes In      [total, mean]                     544, 2.00
Bytes Out     [total, mean]                     0, 0.00
Success       [ratio]                           100.00%
Status Codes  [code:count]                      200:272  
Error Set:
Requests      [total, rate, throughput]         282, 10.04, 10.03
Duration      [total, attack, wait]             28.122s, 28.1s, 21.491ms
Latencies     [min, mean, 50, 90, 95, 99, max]  21.063ms, 21.366ms, 21.344ms, 21.484ms, 21.532ms, 21.75ms, 24.557ms
Bytes In      [total, mean]                     564, 2.00
Bytes Out     [total, mean]                     0, 0.00
Success       [ratio]                           100.00%
Status Codes  [code:count]                      200:282  
Error Set:
Requests      [total, rate, throughput]         292, 10.03, 10.03
Duration      [total, attack, wait]             29.121s, 29.1s, 21.259ms
Latencies     [min, mean, 50, 90, 95, 99, max]  21.063ms, 21.365ms, 21.345ms, 21.484ms, 21.529ms, 21.744ms, 24.557ms
Bytes In      [total, mean]                     584, 2.00
Bytes Out     [total, mean]                     0, 0.00
Success       [ratio]                           100.00%
Status Codes  [code:count]                      200:292  
Error Set:
Requests      [total, rate, throughput]         302, 10.03, 10.03
Duration      [total, attack, wait]             30.122s, 30.1s, 21.294ms
Latencies     [min, mean, 50, 90, 95, 99, max]  21.063ms, 21.371ms, 21.347ms, 21.486ms, 21.531ms, 21.84ms, 24.557ms
Bytes In      [total, mean]                     604, 2.00
Bytes Out     [total, mean]                     0, 0.00
Success       [ratio]                           100.00%
Status Codes  [code:count]                      200:302  
Error Set:
Requests      [total, rate, throughput]         312, 10.03, 10.03
Duration      [total, attack, wait]             31.122s, 31.1s, 21.456ms
Latencies     [min, mean, 50, 90, 95, 99, max]  21.063ms, 21.37ms, 21.345ms, 21.485ms, 21.527ms, 21.825ms, 24.557ms
Bytes In      [total, mean]                     624, 2.00
Bytes Out     [total, mean]                     0, 0.00
Success       [ratio]                           100.00%
Status Codes  [code:count]                      200:312  
Error Set:
Requests      [total, rate, throughput]         322, 10.03, 10.02
Duration      [total, attack, wait]             32.122s, 32.1s, 21.424ms
Latencies     [min, mean, 50, 90, 95, 99, max]  21.063ms, 21.368ms, 21.344ms, 21.484ms, 21.524ms, 21.809ms, 24.557ms
Bytes In      [total, mean]                     644, 2.00
Bytes Out     [total, mean]                     0, 0.00
Success       [ratio]                           100.00%
Status Codes  [code:count]                      200:322  
Error Set:
Requests      [total, rate, throughput]         332, 10.03, 10.02
Duration      [total, attack, wait]             33.122s, 33.1s, 21.4ms
Latencies     [min, mean, 50, 90, 95, 99, max]  21.063ms, 21.368ms, 21.344ms, 21.484ms, 21.527ms, 21.794ms, 24.557ms
Bytes In      [total, mean]                     664, 2.00
Bytes Out     [total, mean]                     0, 0.00
Success       [ratio]                           100.00%
Status Codes  [code:count]                      200:332  
Error Set:
Requests      [total, rate, throughput]         342, 10.03, 10.02
Duration      [total, attack, wait]             34.121s, 34.1s, 21.268ms
Latencies     [min, mean, 50, 90, 95, 99, max]  21.063ms, 21.367ms, 21.344ms, 21.484ms, 21.524ms, 21.779ms, 24.557ms
Bytes In      [total, mean]                     684, 2.00
Bytes Out     [total, mean]                     0, 0.00
Success       [ratio]                           100.00%
Status Codes  [code:count]                      200:342  
Error Set:
Requests      [total, rate, throughput]         352, 10.03, 10.02
Duration      [total, attack, wait]             35.122s, 35.1s, 21.293ms
Latencies     [min, mean, 50, 90, 95, 99, max]  21.063ms, 21.366ms, 21.344ms, 21.484ms, 21.522ms, 21.766ms, 24.557ms
Bytes In      [total, mean]                     704, 2.00
Bytes Out     [total, mean]                     0, 0.00
Success       [ratio]                           100.00%
Status Codes  [code:count]                      200:352  
Error Set:
Requests      [total, rate, throughput]         362, 10.03, 10.02
Duration      [total, attack, wait]             36.121s, 36.1s, 21.271ms
Latencies     [min, mean, 50, 90, 95, 99, max]  21.063ms, 21.365ms, 21.343ms, 21.484ms, 21.524ms, 21.76ms, 24.557ms
Bytes In      [total, mean]                     724, 2.00
Bytes Out     [total, mean]                     0, 0.00
Success       [ratio]                           100.00%
Status Codes  [code:count]                      200:362  
Error Set:
Requests      [total, rate, throughput]         372, 10.03, 10.02
Duration      [total, attack, wait]             37.122s, 37.1s, 21.306ms
Latencies     [min, mean, 50, 90, 95, 99, max]  21.063ms, 21.365ms, 21.343ms, 21.483ms, 21.522ms, 21.755ms, 24.557ms
Bytes In      [total, mean]                     744, 2.00
Bytes Out     [total, mean]                     0, 0.00
Success       [ratio]                           100.00%
Status Codes  [code:count]                      200:372  
Error Set:
Requests      [total, rate, throughput]         382, 10.03, 10.02
Duration      [total, attack, wait]             38.121s, 38.1s, 21.363ms
Latencies     [min, mean, 50, 90, 95, 99, max]  21.063ms, 21.365ms, 21.344ms, 21.483ms, 21.524ms, 21.75ms, 24.557ms
Bytes In      [total, mean]                     764, 2.00
Bytes Out     [total, mean]                     0, 0.00
Success       [ratio]                           100.00%
Status Codes  [code:count]                      200:382  
Error Set:
Requests      [total, rate, throughput]         392, 10.03, 10.02
Duration      [total, attack, wait]             39.122s, 39.1s, 21.246ms
Latencies     [min, mean, 50, 90, 95, 99, max]  21.063ms, 21.364ms, 21.343ms, 21.483ms, 21.527ms, 21.744ms, 24.557ms
Bytes In      [total, mean]                     784, 2.00
Bytes Out     [total, mean]                     0, 0.00
Success       [ratio]                           100.00%
Status Codes  [code:count]                      200:392  
Error Set:
Requests      [total, rate, throughput]         402, 10.02, 10.02
Duration      [total, attack, wait]             40.122s, 40.101s, 21.332ms
Latencies     [min, mean, 50, 90, 95, 99, max]  21.063ms, 21.364ms, 21.342ms, 21.483ms, 21.524ms, 21.739ms, 24.557ms
Bytes In      [total, mean]                     804, 2.00
Bytes Out     [total, mean]                     0, 0.00
Success       [ratio]                           100.00%
Status Codes  [code:count]                      200:402  
Error Set:
Requests      [total, rate, throughput]         412, 10.02, 10.02
Duration      [total, attack, wait]             41.121s, 41.1s, 21.219ms
Latencies     [min, mean, 50, 90, 95, 99, max]  21.063ms, 21.362ms, 21.342ms, 21.483ms, 21.522ms, 21.734ms, 24.557ms
Bytes In      [total, mean]                     824, 2.00
Bytes Out     [total, mean]                     0, 0.00
Success       [ratio]                           100.00%
Status Codes  [code:count]                      200:412  
Error Set:
Requests      [total, rate, throughput]         422, 10.02, 10.02
Duration      [total, attack, wait]             42.122s, 42.1s, 21.406ms
Latencies     [min, mean, 50, 90, 95, 99, max]  21.063ms, 21.362ms, 21.342ms, 21.484ms, 21.521ms, 21.728ms, 24.557ms
Bytes In      [total, mean]                     844, 2.00
Bytes Out     [total, mean]                     0, 0.00
Success       [ratio]                           100.00%
Status Codes  [code:count]                      200:422  
Error Set:
Requests      [total, rate, throughput]         432, 10.02, 10.02
Duration      [total, attack, wait]             43.122s, 43.101s, 21.38ms
Latencies     [min, mean, 50, 90, 95, 99, max]  21.063ms, 21.362ms, 21.342ms, 21.484ms, 21.522ms, 21.723ms, 24.557ms
Bytes In      [total, mean]                     864, 2.00
Bytes Out     [total, mean]                     0, 0.00
Success       [ratio]                           100.00%
Status Codes  [code:count]                      200:432  
Error Set:
Requests      [total, rate, throughput]         442, 10.02, 10.02
Duration      [total, attack, wait]             44.121s, 44.1s, 21.511ms
Latencies     [min, mean, 50, 90, 95, 99, max]  21.063ms, 21.361ms, 21.341ms, 21.484ms, 21.52ms, 21.717ms, 24.557ms
Bytes In      [total, mean]                     884, 2.00
Bytes Out     [total, mean]                     0, 0.00
Success       [ratio]                           100.00%
Status Codes  [code:count]                      200:442  
Error Set:
Requests      [total, rate, throughput]         452, 10.02, 10.02
Duration      [total, attack, wait]             45.122s, 45.101s, 21.328ms
Latencies     [min, mean, 50, 90, 95, 99, max]  21.063ms, 21.362ms, 21.342ms, 21.484ms, 21.519ms, 21.711ms, 24.557ms
Bytes In      [total, mean]                     904, 2.00
Bytes Out     [total, mean]                     0, 0.00
Success       [ratio]                           100.00%
Status Codes  [code:count]                      200:452  
Error Set:
Requests      [total, rate, throughput]         462, 10.02, 10.02
Duration      [total, attack, wait]             46.122s, 46.1s, 21.441ms
Latencies     [min, mean, 50, 90, 95, 99, max]  21.063ms, 21.363ms, 21.344ms, 21.483ms, 21.517ms, 21.702ms, 24.557ms
Bytes In      [total, mean]                     924, 2.00
Bytes Out     [total, mean]                     0, 0.00
Success       [ratio]                           100.00%
Status Codes  [code:count]                      200:462  
Error Set:
Requests      [total, rate, throughput]         472, 10.02, 10.02
Duration      [total, attack, wait]             47.122s, 47.101s, 21.286ms
Latencies     [min, mean, 50, 90, 95, 99, max]  21.063ms, 21.365ms, 21.343ms, 21.483ms, 21.519ms, 21.755ms, 24.557ms
Bytes In      [total, mean]                     944, 2.00
Bytes Out     [total, mean]                     0, 0.00
Success       [ratio]                           100.00%
Status Codes  [code:count]                      200:472  
Error Set:
Requests      [total, rate, throughput]         482, 10.02, 10.02
Duration      [total, attack, wait]             48.121s, 48.1s, 21.166ms
Latencies     [min, mean, 50, 90, 95, 99, max]  21.063ms, 21.363ms, 21.341ms, 21.483ms, 21.517ms, 21.75ms, 24.557ms
Bytes In      [total, mean]                     964, 2.00
Bytes Out     [total, mean]                     0, 0.00
Success       [ratio]                           100.00%
Status Codes  [code:count]                      200:482  
Error Set:
Requests      [total, rate, throughput]         492, 10.02, 10.02
Duration      [total, attack, wait]             49.122s, 49.101s, 21.231ms
Latencies     [min, mean, 50, 90, 95, 99, max]  21.063ms, 21.363ms, 21.341ms, 21.483ms, 21.516ms, 21.744ms, 24.557ms
Bytes In      [total, mean]                     984, 2.00
Bytes Out     [total, mean]                     0, 0.00
Success       [ratio]                           100.00%
Status Codes  [code:count]                      200:492  
Error Set:
Requests      [total, rate, throughput]         502, 10.02, 10.02
Duration      [total, attack, wait]             50.122s, 50.101s, 21.469ms
Latencies     [min, mean, 50, 90, 95, 99, max]  21.063ms, 21.362ms, 21.34ms, 21.482ms, 21.514ms, 21.739ms, 24.557ms
Bytes In      [total, mean]                     1004, 2.00
Bytes Out     [total, mean]                     0, 0.00
Success       [ratio]                           100.00%
Status Codes  [code:count]                      200:502  
Error Set:
Requests      [total, rate, throughput]         512, 10.02, 10.02
Duration      [total, attack, wait]             51.121s, 51.1s, 21.324ms
Latencies     [min, mean, 50, 90, 95, 99, max]  21.063ms, 21.362ms, 21.34ms, 21.482ms, 21.516ms, 21.734ms, 24.557ms
Bytes In      [total, mean]                     1024, 2.00
Bytes Out     [total, mean]                     0, 0.00
Success       [ratio]                           100.00%
Status Codes  [code:count]                      200:512  
Error Set:
Requests      [total, rate, throughput]         522, 10.02, 10.02
Duration      [total, attack, wait]             52.122s, 52.1s, 21.384ms
Latencies     [min, mean, 50, 90, 95, 99, max]  21.063ms, 21.361ms, 21.34ms, 21.481ms, 21.514ms, 21.728ms, 24.557ms
Bytes In      [total, mean]                     1044, 2.00
Bytes Out     [total, mean]                     0, 0.00
Success       [ratio]                           100.00%
Status Codes  [code:count]                      200:522  
Error Set:
Requests      [total, rate, throughput]         532, 10.02, 10.01
Duration      [total, attack, wait]             53.121s, 53.1s, 21.262ms
Latencies     [min, mean, 50, 90, 95, 99, max]  21.063ms, 21.361ms, 21.341ms, 21.479ms, 21.513ms, 21.723ms, 24.557ms
Bytes In      [total, mean]                     1064, 2.00
Bytes Out     [total, mean]                     0, 0.00
Success       [ratio]                           100.00%
Status Codes  [code:count]                      200:532  
Error Set:
Requests      [total, rate, throughput]         542, 10.02, 10.01
Duration      [total, attack, wait]             54.121s, 54.1s, 21.315ms
Latencies     [min, mean, 50, 90, 95, 99, max]  21.063ms, 21.36ms, 21.34ms, 21.478ms, 21.512ms, 21.717ms, 24.557ms
Bytes In      [total, mean]                     1084, 2.00
Bytes Out     [total, mean]                     0, 0.00
Success       [ratio]                           100.00%
Status Codes  [code:count]                      200:542  
Error Set:
Requests      [total, rate, throughput]         552, 10.02, 10.01
Duration      [total, attack, wait]             55.122s, 55.1s, 21.408ms
Latencies     [min, mean, 50, 90, 95, 99, max]  21.063ms, 21.36ms, 21.34ms, 21.477ms, 21.511ms, 21.711ms, 24.557ms
Bytes In      [total, mean]                     1104, 2.00
Bytes Out     [total, mean]                     0, 0.00
Success       [ratio]                           100.00%
Status Codes  [code:count]                      200:552  
Error Set:
Requests      [total, rate, throughput]         562, 10.02, 10.01
Duration      [total, attack, wait]             56.122s, 56.1s, 21.268ms
Latencies     [min, mean, 50, 90, 95, 99, max]  21.063ms, 21.359ms, 21.34ms, 21.476ms, 21.51ms, 21.702ms, 24.557ms
Bytes In      [total, mean]                     1124, 2.00
Bytes Out     [total, mean]                     0, 0.00
Success       [ratio]                           100.00%
Status Codes  [code:count]                      200:562  
Error Set:
Requests      [total, rate, throughput]         572, 10.02, 10.01
Duration      [total, attack, wait]             57.121s, 57.1s, 21.392ms
Latencies     [min, mean, 50, 90, 95, 99, max]  21.063ms, 21.359ms, 21.341ms, 21.476ms, 21.509ms, 21.693ms, 24.557ms
Bytes In      [total, mean]                     1144, 2.00
Bytes Out     [total, mean]                     0, 0.00
Success       [ratio]                           100.00%
Status Codes  [code:count]                      200:572  
Error Set:
Requests      [total, rate, throughput]         582, 10.02, 10.01
Duration      [total, attack, wait]             58.122s, 58.1s, 21.25ms
Latencies     [min, mean, 50, 90, 95, 99, max]  21.063ms, 21.358ms, 21.341ms, 21.475ms, 21.508ms, 21.683ms, 24.557ms
Bytes In      [total, mean]                     1164, 2.00
Bytes Out     [total, mean]                     0, 0.00
Success       [ratio]                           100.00%
Status Codes  [code:count]                      200:582  
Error Set:
Requests      [total, rate, throughput]         592, 10.02, 10.01
Duration      [total, attack, wait]             59.122s, 59.1s, 21.343ms
Latencies     [min, mean, 50, 90, 95, 99, max]  21.063ms, 21.358ms, 21.34ms, 21.474ms, 21.507ms, 21.683ms, 24.557ms
Bytes In      [total, mean]                     1184, 2.00
Bytes Out     [total, mean]                     0, 0.00
Success       [ratio]                           100.00%
Status Codes  [code:count]                      200:592  
Error Set:
Requests      [total, rate, throughput]         600, 10.02, 10.01
Duration      [total, attack, wait]             59.922s, 59.9s, 21.239ms
Latencies     [min, mean, 50, 90, 95, 99, max]  21.063ms, 21.356ms, 21.34ms, 21.473ms, 21.507ms, 21.678ms, 24.557ms
Bytes In      [total, mean]                     1200, 2.00
Bytes Out     [total, mean]                     0, 0.00
Success       [ratio]                           100.00%
Status Codes  [code:count]                      200:600  
Error Set:
