Requests      [total, rate, throughput]         12, 10.90, 10.69
Duration      [total, attack, wait]             1.122s, 1.1s, 21.539ms
Latencies     [min, mean, 50, 90, 95, 99, max]  21.262ms, 21.528ms, 21.436ms, 22.045ms, 22.448ms, 22.516ms, 22.516ms
Bytes In      [total, mean]                     24, 2.00
Bytes Out     [total, mean]                     0, 0.00
Success       [ratio]                           100.00%
Status Codes  [code:count]                      200:12  
Error Set:
Requests      [total, rate, throughput]         22, 10.48, 10.37
Duration      [total, attack, wait]             2.121s, 2.1s, 21.268ms
Latencies     [min, mean, 50, 90, 95, 99, max]  21.231ms, 21.484ms, 21.453ms, 21.653ms, 22.112ms, 22.516ms, 22.516ms
Bytes In      [total, mean]                     44, 2.00
Bytes Out     [total, mean]                     0, 0.00
Success       [ratio]                           100.00%
Status Codes  [code:count]                      200:22  
Error Set:
Requests      [total, rate, throughput]         32, 10.32, 10.25
Duration      [total, attack, wait]             3.121s, 3.1s, 21.366ms
Latencies     [min, mean, 50, 90, 95, 99, max]  21.231ms, 21.45ms, 21.422ms, 21.557ms, 21.816ms, 22.516ms, 22.516ms
Bytes In      [total, mean]                     64, 2.00
Bytes Out     [total, mean]                     0, 0.00
Success       [ratio]                           100.00%
Status Codes  [code:count]                      200:32  
Error Set:
Requests      [total, rate, throughput]         42, 10.24, 10.19
Duration      [total, attack, wait]             4.121s, 4.1s, 21.409ms
Latencies     [min, mean, 50, 90, 95, 99, max]  21.166ms, 21.434ms, 21.413ms, 21.579ms, 21.701ms, 22.516ms, 22.516ms
Bytes In      [total, mean]                     84, 2.00
Bytes Out     [total, mean]                     0, 0.00
Success       [ratio]                           100.00%
Status Codes  [code:count]                      200:42  
Error Set:
Requests      [total, rate, throughput]         52, 10.20, 10.15
Duration      [total, attack, wait]             5.121s, 5.1s, 21.219ms
Latencies     [min, mean, 50, 90, 95, 99, max]  21.166ms, 21.434ms, 21.413ms, 21.596ms, 21.667ms, 22.502ms, 22.516ms
Bytes In      [total, mean]                     104, 2.00
Bytes Out     [total, mean]                     0, 0.00
Success       [ratio]                           100.00%
Status Codes  [code:count]                      200:52  
Error Set:
Requests      [total, rate, throughput]         62, 10.16, 10.13
Duration      [total, attack, wait]             6.122s, 6.1s, 21.498ms
Latencies     [min, mean, 50, 90, 95, 99, max]  21.166ms, 21.425ms, 21.399ms, 21.579ms, 21.634ms, 22.435ms, 22.516ms
Bytes In      [total, mean]                     124, 2.00
Bytes Out     [total, mean]                     0, 0.00
Success       [ratio]                           100.00%
Status Codes  [code:count]                      200:62  
Error Set:
Requests      [total, rate, throughput]         72, 10.14, 10.11
Duration      [total, attack, wait]             7.122s, 7.1s, 21.419ms
Latencies     [min, mean, 50, 90, 95, 99, max]  21.166ms, 21.42ms, 21.386ms, 21.572ms, 21.606ms, 22.368ms, 22.516ms
Bytes In      [total, mean]                     144, 2.00
Bytes Out     [total, mean]                     0, 0.00
Success       [ratio]                           100.00%
Status Codes  [code:count]                      200:72  
Error Set:
Requests      [total, rate, throughput]         82, 10.12, 10.10
Duration      [total, attack, wait]             8.122s, 8.101s, 21.39ms
Latencies     [min, mean, 50, 90, 95, 99, max]  21.166ms, 21.41ms, 21.377ms, 21.557ms, 21.603ms, 22.3ms, 22.516ms
Bytes In      [total, mean]                     164, 2.00
Bytes Out     [total, mean]                     0, 0.00
Success       [ratio]                           100.00%
Status Codes  [code:count]                      200:82  
Error Set:
Requests      [total, rate, throughput]         92, 10.11, 10.09
Duration      [total, attack, wait]             9.121s, 9.1s, 21.417ms
Latencies     [min, mean, 50, 90, 95, 99, max]  21.134ms, 21.405ms, 21.382ms, 21.549ms, 21.599ms, 22.233ms, 22.516ms
Bytes In      [total, mean]                     184, 2.00
Bytes Out     [total, mean]                     0, 0.00
Success       [ratio]                           100.00%
Status Codes  [code:count]                      200:92  
Error Set:
Requests      [total, rate, throughput]         102, 10.10, 10.08
Duration      [total, attack, wait]             10.122s, 10.1s, 21.225ms
Latencies     [min, mean, 50, 90, 95, 99, max]  21.134ms, 21.401ms, 21.382ms, 21.542ms, 21.596ms, 22.166ms, 22.516ms
Bytes In      [total, mean]                     204, 2.00
Bytes Out     [total, mean]                     0, 0.00
Success       [ratio]                           100.00%
Status Codes  [code:count]                      200:102  
Error Set:
Requests      [total, rate, throughput]         112, 10.09, 10.07
Duration      [total, attack, wait]             11.122s, 11.1s, 21.517ms
Latencies     [min, mean, 50, 90, 95, 99, max]  21.134ms, 21.398ms, 21.372ms, 21.538ms, 21.592ms, 22.099ms, 22.516ms
Bytes In      [total, mean]                     224, 2.00
Bytes Out     [total, mean]                     0, 0.00
Success       [ratio]                           100.00%
Status Codes  [code:count]                      200:112  
Error Set:
Requests      [total, rate, throughput]         122, 10.08, 10.06
Duration      [total, attack, wait]             12.122s, 12.101s, 21.492ms
Latencies     [min, mean, 50, 90, 95, 99, max]  21.134ms, 21.394ms, 21.372ms, 21.53ms, 21.582ms, 22.031ms, 22.516ms
Bytes In      [total, mean]                     244, 2.00
Bytes Out     [total, mean]                     0, 0.00
Success       [ratio]                           100.00%
Status Codes  [code:count]                      200:122  
Error Set:
Requests      [total, rate, throughput]         132, 10.08, 10.06
Duration      [total, attack, wait]             13.121s, 13.1s, 21.324ms
Latencies     [min, mean, 50, 90, 95, 99, max]  21.103ms, 21.388ms, 21.367ms, 21.521ms, 21.573ms, 21.964ms, 22.516ms
Bytes In      [total, mean]                     264, 2.00
Bytes Out     [total, mean]                     0, 0.00
Success       [ratio]                           100.00%
Status Codes  [code:count]                      200:132  
Error Set:
Requests      [total, rate, throughput]         142, 10.07, 10.06
Duration      [total, attack, wait]             14.121s, 14.1s, 21.331ms
Latencies     [min, mean, 50, 90, 95, 99, max]  21.103ms, 21.384ms, 21.367ms, 21.518ms, 21.573ms, 21.897ms, 22.516ms
Bytes In      [total, mean]                     284, 2.00
Bytes Out     [total, mean]                     0, 0.00
Success       [ratio]                           100.00%
Status Codes  [code:count]                      200:142  
Error Set:
Requests      [total, rate, throughput]         152, 10.07, 10.05
Duration      [total, attack, wait]             15.121s, 15.1s, 21.344ms
Latencies     [min, mean, 50, 90, 95, 99, max]  21.103ms, 21.381ms, 21.365ms, 21.517ms, 21.57ms, 21.839ms, 22.516ms
Bytes In      [total, mean]                     304, 2.00
Bytes Out     [total, mean]                     0, 0.00
Success       [ratio]                           100.00%
Status Codes  [code:count]                      200:152  
Error Set:
Requests      [total, rate, throughput]         162, 10.06, 10.05
Duration      [total, attack, wait]             16.121s, 16.1s, 21.437ms
Latencies     [min, mean, 50, 90, 95, 99, max]  21.103ms, 21.402ms, 21.366ms, 21.518ms, 21.582ms, 22.967ms, 23.295ms
Bytes In      [total, mean]                     324, 2.00
Bytes Out     [total, mean]                     0, 0.00
Success       [ratio]                           100.00%
Status Codes  [code:count]                      200:162  
Error Set:
Requests      [total, rate, throughput]         172, 10.06, 10.05
Duration      [total, attack, wait]             17.121s, 17.1s, 21.366ms
Latencies     [min, mean, 50, 90, 95, 99, max]  21.103ms, 21.397ms, 21.366ms, 21.517ms, 21.573ms, 22.916ms, 23.295ms
Bytes In      [total, mean]                     344, 2.00
Bytes Out     [total, mean]                     0, 0.00
Success       [ratio]                           100.00%
Status Codes  [code:count]                      200:172  
Error Set:
Requests      [total, rate, throughput]         182, 10.06, 10.04
Duration      [total, attack, wait]             18.121s, 18.1s, 21.281ms
Latencies     [min, mean, 50, 90, 95, 99, max]  21.103ms, 21.392ms, 21.361ms, 21.517ms, 21.573ms, 22.865ms, 23.295ms
Bytes In      [total, mean]                     364, 2.00
Bytes Out     [total, mean]                     0, 0.00
Success       [ratio]                           100.00%
Status Codes  [code:count]                      200:182  
Error Set:
Requests      [total, rate, throughput]         192, 10.05, 10.04
Duration      [total, attack, wait]             19.121s, 19.1s, 21.285ms
Latencies     [min, mean, 50, 90, 95, 99, max]  21.103ms, 21.386ms, 21.357ms, 21.511ms, 21.57ms, 22.813ms, 23.295ms
Bytes In      [total, mean]                     384, 2.00
Bytes Out     [total, mean]                     0, 0.00
Success       [ratio]                           100.00%
Status Codes  [code:count]                      200:192  
Error Set:
Requests      [total, rate, throughput]         202, 10.05, 10.04
Duration      [total, attack, wait]             20.121s, 20.1s, 21.386ms
Latencies     [min, mean, 50, 90, 95, 99, max]  21.103ms, 21.383ms, 21.354ms, 21.506ms, 21.56ms, 22.762ms, 23.295ms
Bytes In      [total, mean]                     404, 2.00
Bytes Out     [total, mean]                     0, 0.00
Success       [ratio]                           100.00%
Status Codes  [code:count]                      200:202  
Error Set:
Requests      [total, rate, throughput]         212, 10.05, 10.04
Duration      [total, attack, wait]             21.122s, 21.1s, 21.241ms
Latencies     [min, mean, 50, 90, 95, 99, max]  21.103ms, 21.378ms, 21.35ms, 21.501ms, 21.552ms, 22.711ms, 23.295ms
Bytes In      [total, mean]                     424, 2.00
Bytes Out     [total, mean]                     0, 0.00
Success       [ratio]                           100.00%
Status Codes  [code:count]                      200:212  
Error Set:
Requests      [total, rate, throughput]         222, 10.05, 10.04
Duration      [total, attack, wait]             22.122s, 22.1s, 21.315ms
Latencies     [min, mean, 50, 90, 95, 99, max]  21.103ms, 21.375ms, 21.349ms, 21.494ms, 21.551ms, 22.659ms, 23.295ms
Bytes In      [total, mean]                     444, 2.00
Bytes Out     [total, mean]                     0, 0.00
Success       [ratio]                           100.00%
Status Codes  [code:count]                      200:222  
Error Set:
Requests      [total, rate, throughput]         232, 10.04, 10.03
Duration      [total, attack, wait]             23.121s, 23.1s, 21.268ms
Latencies     [min, mean, 50, 90, 95, 99, max]  21.103ms, 21.37ms, 21.345ms, 21.488ms, 21.551ms, 22.608ms, 23.295ms
Bytes In      [total, mean]                     464, 2.00
Bytes Out     [total, mean]                     0, 0.00
Success       [ratio]                           100.00%
Status Codes  [code:count]                      200:232  
Error Set:
Requests      [total, rate, throughput]         242, 10.04, 10.03
Duration      [total, attack, wait]             24.122s, 24.101s, 21.572ms
Latencies     [min, mean, 50, 90, 95, 99, max]  21.103ms, 21.368ms, 21.344ms, 21.488ms, 21.551ms, 22.557ms, 23.295ms
Bytes In      [total, mean]                     484, 2.00
Bytes Out     [total, mean]                     0, 0.00
Success       [ratio]                           100.00%
Status Codes  [code:count]                      200:242  
Error Set:
Requests      [total, rate, throughput]         252, 10.04, 10.03
Duration      [total, attack, wait]             25.121s, 25.1s, 21.19ms
Latencies     [min, mean, 50, 90, 95, 99, max]  21.103ms, 21.363ms, 21.341ms, 21.482ms, 21.551ms, 22.502ms, 23.295ms
Bytes In      [total, mean]                     504, 2.00
Bytes Out     [total, mean]                     0, 0.00
Success       [ratio]                           100.00%
Status Codes  [code:count]                      200:252  
Error Set:
Requests      [total, rate, throughput]         262, 10.04, 10.03
Duration      [total, attack, wait]             26.121s, 26.1s, 21.23ms
Latencies     [min, mean, 50, 90, 95, 99, max]  21.103ms, 21.36ms, 21.337ms, 21.482ms, 21.549ms, 22.435ms, 23.295ms
Bytes In      [total, mean]                     524, 2.00
Bytes Out     [total, mean]                     0, 0.00
Success       [ratio]                           100.00%
Status Codes  [code:count]                      200:262  
Error Set:
Requests      [total, rate, throughput]         272, 10.04, 10.03
Duration      [total, attack, wait]             27.121s, 27.1s, 21.271ms
Latencies     [min, mean, 50, 90, 95, 99, max]  21.103ms, 21.358ms, 21.334ms, 21.478ms, 21.547ms, 22.368ms, 23.295ms
Bytes In      [total, mean]                     544, 2.00
Bytes Out     [total, mean]                     0, 0.00
Success       [ratio]                           100.00%
Status Codes  [code:count]                      200:272  
Error Set:
Requests      [total, rate, throughput]         282, 10.04, 10.03
Duration      [total, attack, wait]             28.122s, 28.1s, 21.358ms
Latencies     [min, mean, 50, 90, 95, 99, max]  21.103ms, 21.357ms, 21.335ms, 21.474ms, 21.543ms, 22.3ms, 23.295ms
Bytes In      [total, mean]                     564, 2.00
Bytes Out     [total, mean]                     0, 0.00
Success       [ratio]                           100.00%
Status Codes  [code:count]                      200:282  
Error Set:
Requests      [total, rate, throughput]         292, 10.03, 10.03
Duration      [total, attack, wait]             29.122s, 29.1s, 21.389ms
Latencies     [min, mean, 50, 90, 95, 99, max]  21.103ms, 21.363ms, 21.335ms, 21.478ms, 21.55ms, 22.801ms, 23.295ms
Bytes In      [total, mean]                     584, 2.00
Bytes Out     [total, mean]                     0, 0.00
Success       [ratio]                           100.00%
Status Codes  [code:count]                      200:292  
Error Set:
Requests      [total, rate, throughput]         302, 10.03, 10.03
Duration      [total, attack, wait]             30.121s, 30.1s, 21.498ms
Latencies     [min, mean, 50, 90, 95, 99, max]  21.103ms, 21.364ms, 21.336ms, 21.482ms, 21.548ms, 22.751ms, 23.295ms
Bytes In      [total, mean]                     604, 2.00
Bytes Out     [total, mean]                     0, 0.00
Success       [ratio]                           100.00%
Status Codes  [code:count]                      200:302  
Error Set:
Requests      [total, rate, throughput]         312, 10.03, 10.03
Duration      [total, attack, wait]             31.121s, 31.1s, 21.399ms
Latencies     [min, mean, 50, 90, 95, 99, max]  21.103ms, 21.363ms, 21.339ms, 21.478ms, 21.545ms, 22.702ms, 23.295ms
Bytes In      [total, mean]                     624, 2.00
Bytes Out     [total, mean]                     0, 0.00
Success       [ratio]                           100.00%
Status Codes  [code:count]                      200:312  
Error Set:
Requests      [total, rate, throughput]         322, 10.03, 10.02
Duration      [total, attack, wait]             32.121s, 32.1s, 21.49ms
Latencies     [min, mean, 50, 90, 95, 99, max]  21.103ms, 21.363ms, 21.339ms, 21.481ms, 21.547ms, 22.653ms, 23.295ms
Bytes In      [total, mean]                     644, 2.00
Bytes Out     [total, mean]                     0, 0.00
Success       [ratio]                           100.00%
Status Codes  [code:count]                      200:322  
Error Set:
Requests      [total, rate, throughput]         332, 10.03, 10.02
Duration      [total, attack, wait]             33.122s, 33.1s, 21.327ms
Latencies     [min, mean, 50, 90, 95, 99, max]  21.103ms, 21.363ms, 21.339ms, 21.484ms, 21.545ms, 22.604ms, 23.295ms
Bytes In      [total, mean]                     664, 2.00
Bytes Out     [total, mean]                     0, 0.00
Success       [ratio]                           100.00%
Status Codes  [code:count]                      200:332  
Error Set:
Requests      [total, rate, throughput]         342, 10.03, 10.02
Duration      [total, attack, wait]             34.122s, 34.1s, 21.316ms
Latencies     [min, mean, 50, 90, 95, 99, max]  21.103ms, 21.362ms, 21.337ms, 21.484ms, 21.547ms, 22.555ms, 23.295ms
Bytes In      [total, mean]                     684, 2.00
Bytes Out     [total, mean]                     0, 0.00
Success       [ratio]                           100.00%
Status Codes  [code:count]                      200:342  
Error Set:
Requests      [total, rate, throughput]         352, 10.03, 10.02
Duration      [total, attack, wait]             35.122s, 35.101s, 21.457ms
Latencies     [min, mean, 50, 90, 95, 99, max]  21.103ms, 21.361ms, 21.337ms, 21.481ms, 21.545ms, 22.502ms, 23.295ms
Bytes In      [total, mean]                     704, 2.00
Bytes Out     [total, mean]                     0, 0.00
Success       [ratio]                           100.00%
Status Codes  [code:count]                      200:352  
Error Set:
Requests      [total, rate, throughput]         362, 10.03, 10.02
Duration      [total, attack, wait]             36.121s, 36.1s, 21.264ms
Latencies     [min, mean, 50, 90, 95, 99, max]  21.103ms, 21.361ms, 21.338ms, 21.477ms, 21.543ms, 22.435ms, 23.295ms
Bytes In      [total, mean]                     724, 2.00
Bytes Out     [total, mean]                     0, 0.00
Success       [ratio]                           100.00%
Status Codes  [code:count]                      200:362  
Error Set:
Requests      [total, rate, throughput]         372, 10.03, 10.02
Duration      [total, attack, wait]             37.121s, 37.1s, 21.244ms
Latencies     [min, mean, 50, 90, 95, 99, max]  21.103ms, 21.36ms, 21.338ms, 21.474ms, 21.54ms, 22.368ms, 23.295ms
Bytes In      [total, mean]                     744, 2.00
Bytes Out     [total, mean]                     0, 0.00
Success       [ratio]                           100.00%
Status Codes  [code:count]                      200:372  
Error Set:
Requests      [total, rate, throughput]         382, 10.03, 10.02
Duration      [total, attack, wait]             38.121s, 38.1s, 21.453ms
Latencies     [min, mean, 50, 90, 95, 99, max]  21.103ms, 21.359ms, 21.338ms, 21.474ms, 21.537ms, 22.3ms, 23.295ms
Bytes In      [total, mean]                     764, 2.00
Bytes Out     [total, mean]                     0, 0.00
Success       [ratio]                           100.00%
Status Codes  [code:count]                      200:382  
Error Set:
Requests      [total, rate, throughput]         392, 10.03, 10.02
Duration      [total, attack, wait]             39.121s, 39.1s, 21.222ms
Latencies     [min, mean, 50, 90, 95, 99, max]  21.103ms, 21.357ms, 21.336ms, 21.473ms, 21.534ms, 22.233ms, 23.295ms
Bytes In      [total, mean]                     784, 2.00
Bytes Out     [total, mean]                     0, 0.00
Success       [ratio]                           100.00%
Status Codes  [code:count]                      200:392  
Error Set:
Requests      [total, rate, throughput]         402, 10.02, 10.02
Duration      [total, attack, wait]             40.122s, 40.101s, 21.288ms
Latencies     [min, mean, 50, 90, 95, 99, max]  21.103ms, 21.356ms, 21.335ms, 21.471ms, 21.531ms, 22.166ms, 23.295ms
Bytes In      [total, mean]                     804, 2.00
Bytes Out     [total, mean]                     0, 0.00
Success       [ratio]                           100.00%
Status Codes  [code:count]                      200:402  
Error Set:
Requests      [total, rate, throughput]         412, 10.02, 10.02
Duration      [total, attack, wait]             41.121s, 41.1s, 21.284ms
Latencies     [min, mean, 50, 90, 95, 99, max]  21.103ms, 21.354ms, 21.334ms, 21.469ms, 21.528ms, 22.099ms, 23.295ms
Bytes In      [total, mean]                     824, 2.00
Bytes Out     [total, mean]                     0, 0.00
Success       [ratio]                           100.00%
Status Codes  [code:count]                      200:412  
Error Set:
Requests      [total, rate, throughput]         422, 10.02, 10.02
Duration      [total, attack, wait]             42.121s, 42.1s, 21.267ms
Latencies     [min, mean, 50, 90, 95, 99, max]  21.103ms, 21.353ms, 21.333ms, 21.469ms, 21.524ms, 22.031ms, 23.295ms
Bytes In      [total, mean]                     844, 2.00
Bytes Out     [total, mean]                     0, 0.00
Success       [ratio]                           100.00%
Status Codes  [code:count]                      200:422  
Error Set:
Requests      [total, rate, throughput]         432, 10.02, 10.02
Duration      [total, attack, wait]             43.121s, 43.1s, 21.27ms
Latencies     [min, mean, 50, 90, 95, 99, max]  21.103ms, 21.352ms, 21.331ms, 21.467ms, 21.524ms, 21.964ms, 23.295ms
Bytes In      [total, mean]                     864, 2.00
Bytes Out     [total, mean]                     0, 0.00
Success       [ratio]                           100.00%
Status Codes  [code:count]                      200:432  
Error Set:
Requests      [total, rate, throughput]         442, 10.02, 10.02
Duration      [total, attack, wait]             44.121s, 44.1s, 21.242ms
Latencies     [min, mean, 50, 90, 95, 99, max]  21.103ms, 21.351ms, 21.33ms, 21.467ms, 21.527ms, 21.897ms, 23.295ms
Bytes In      [total, mean]                     884, 2.00
Bytes Out     [total, mean]                     0, 0.00
Success       [ratio]                           100.00%
Status Codes  [code:count]                      200:442  
Error Set:
Requests      [total, rate, throughput]         452, 10.02, 10.02
Duration      [total, attack, wait]             45.121s, 45.1s, 21.48ms
Latencies     [min, mean, 50, 90, 95, 99, max]  21.103ms, 21.351ms, 21.33ms, 21.469ms, 21.529ms, 21.841ms, 23.295ms
Bytes In      [total, mean]                     904, 2.00
Bytes Out     [total, mean]                     0, 0.00
Success       [ratio]                           100.00%
Status Codes  [code:count]                      200:452  
Error Set:
Requests      [total, rate, throughput]         462, 10.02, 10.02
Duration      [total, attack, wait]             46.121s, 46.1s, 21.342ms
Latencies     [min, mean, 50, 90, 95, 99, max]  21.103ms, 21.351ms, 21.33ms, 21.467ms, 21.527ms, 21.83ms, 23.295ms
Bytes In      [total, mean]                     924, 2.00
Bytes Out     [total, mean]                     0, 0.00
Success       [ratio]                           100.00%
Status Codes  [code:count]                      200:462  
Error Set:
Requests      [total, rate, throughput]         472, 10.02, 10.02
Duration      [total, attack, wait]             47.122s, 47.101s, 21.225ms
Latencies     [min, mean, 50, 90, 95, 99, max]  21.103ms, 21.349ms, 21.328ms, 21.465ms, 21.524ms, 21.819ms, 23.295ms
Bytes In      [total, mean]                     944, 2.00
Bytes Out     [total, mean]                     0, 0.00
Success       [ratio]                           100.00%
Status Codes  [code:count]                      200:472  
Error Set:
Requests      [total, rate, throughput]         482, 10.02, 10.02
Duration      [total, attack, wait]             48.122s, 48.101s, 21.237ms
Latencies     [min, mean, 50, 90, 95, 99, max]  21.103ms, 21.349ms, 21.328ms, 21.464ms, 21.522ms, 21.808ms, 23.295ms
Bytes In      [total, mean]                     964, 2.00
Bytes Out     [total, mean]                     0, 0.00
Success       [ratio]                           100.00%
Status Codes  [code:count]                      200:482  
Error Set:
Requests      [total, rate, throughput]         492, 10.02, 10.02
Duration      [total, attack, wait]             49.122s, 49.101s, 21.418ms
Latencies     [min, mean, 50, 90, 95, 99, max]  21.103ms, 21.349ms, 21.33ms, 21.462ms, 21.52ms, 21.797ms, 23.295ms
Bytes In      [total, mean]                     984, 2.00
Bytes Out     [total, mean]                     0, 0.00
Success       [ratio]                           100.00%
Status Codes  [code:count]                      200:492  
Error Set:
Requests      [total, rate, throughput]         502, 10.02, 10.02
Duration      [total, attack, wait]             50.121s, 50.1s, 21.319ms
Latencies     [min, mean, 50, 90, 95, 99, max]  21.103ms, 21.348ms, 21.328ms, 21.461ms, 21.519ms, 21.786ms, 23.295ms
Bytes In      [total, mean]                     1004, 2.00
Bytes Out     [total, mean]                     0, 0.00
Success       [ratio]                           100.00%
Status Codes  [code:count]                      200:502  
Error Set:
Requests      [total, rate, throughput]         512, 10.02, 10.02
Duration      [total, attack, wait]             51.122s, 51.101s, 21.202ms
Latencies     [min, mean, 50, 90, 95, 99, max]  21.103ms, 21.347ms, 21.328ms, 21.461ms, 21.519ms, 21.775ms, 23.295ms
Bytes In      [total, mean]                     1024, 2.00
Bytes Out     [total, mean]                     0, 0.00
Success       [ratio]                           100.00%
Status Codes  [code:count]                      200:512  
Error Set:
Requests      [total, rate, throughput]         522, 10.02, 10.02
Duration      [total, attack, wait]             52.121s, 52.1s, 21.246ms
Latencies     [min, mean, 50, 90, 95, 99, max]  21.103ms, 21.345ms, 21.326ms, 21.459ms, 21.518ms, 21.764ms, 23.295ms
Bytes In      [total, mean]                     1044, 2.00
Bytes Out     [total, mean]                     0, 0.00
Success       [ratio]                           100.00%
Status Codes  [code:count]                      200:522  
Error Set:
Requests      [total, rate, throughput]         532, 10.02, 10.01
Duration      [total, attack, wait]             53.122s, 53.101s, 21.259ms
Latencies     [min, mean, 50, 90, 95, 99, max]  21.103ms, 21.344ms, 21.326ms, 21.458ms, 21.517ms, 21.753ms, 23.295ms
Bytes In      [total, mean]                     1064, 2.00
Bytes Out     [total, mean]                     0, 0.00
Success       [ratio]                           100.00%
Status Codes  [code:count]                      200:532  
Error Set:
Requests      [total, rate, throughput]         542, 10.02, 10.01
Duration      [total, attack, wait]             54.122s, 54.1s, 21.253ms
Latencies     [min, mean, 50, 90, 95, 99, max]  21.103ms, 21.343ms, 21.325ms, 21.456ms, 21.517ms, 21.742ms, 23.295ms
Bytes In      [total, mean]                     1084, 2.00
Bytes Out     [total, mean]                     0, 0.00
Success       [ratio]                           100.00%
Status Codes  [code:count]                      200:542  
Error Set:
Requests      [total, rate, throughput]         552, 10.02, 10.01
Duration      [total, attack, wait]             55.121s, 55.1s, 21.436ms
Latencies     [min, mean, 50, 90, 95, 99, max]  21.103ms, 21.342ms, 21.324ms, 21.455ms, 21.516ms, 21.732ms, 23.295ms
Bytes In      [total, mean]                     1104, 2.00
Bytes Out     [total, mean]                     0, 0.00
Success       [ratio]                           100.00%
Status Codes  [code:count]                      200:552  
Error Set:
Requests      [total, rate, throughput]         562, 10.02, 10.01
Duration      [total, attack, wait]             56.121s, 56.1s, 21.517ms
Latencies     [min, mean, 50, 90, 95, 99, max]  21.103ms, 21.341ms, 21.324ms, 21.455ms, 21.516ms, 21.726ms, 23.295ms
Bytes In      [total, mean]                     1124, 2.00
Bytes Out     [total, mean]                     0, 0.00
Success       [ratio]                           100.00%
Status Codes  [code:count]                      200:562  
Error Set:
Requests      [total, rate, throughput]         572, 10.02, 10.01
Duration      [total, attack, wait]             57.122s, 57.1s, 21.237ms
Latencies     [min, mean, 50, 90, 95, 99, max]  21.103ms, 21.34ms, 21.322ms, 21.454ms, 21.516ms, 21.72ms, 23.295ms
Bytes In      [total, mean]                     1144, 2.00
Bytes Out     [total, mean]                     0, 0.00
Success       [ratio]                           100.00%
Status Codes  [code:count]                      200:572  
Error Set:
Requests      [total, rate, throughput]         582, 10.02, 10.01
Duration      [total, attack, wait]             58.121s, 58.1s, 21.401ms
Latencies     [min, mean, 50, 90, 95, 99, max]  21.103ms, 21.339ms, 21.321ms, 21.453ms, 21.514ms, 21.714ms, 23.295ms
Bytes In      [total, mean]                     1164, 2.00
Bytes Out     [total, mean]                     0, 0.00
Success       [ratio]                           100.00%
Status Codes  [code:count]                      200:582  
Error Set:
Requests      [total, rate, throughput]         592, 10.02, 10.01
Duration      [total, attack, wait]             59.121s, 59.1s, 21.293ms
Latencies     [min, mean, 50, 90, 95, 99, max]  21.103ms, 21.338ms, 21.321ms, 21.452ms, 21.512ms, 21.707ms, 23.295ms
Bytes In      [total, mean]                     1184, 2.00
Bytes Out     [total, mean]                     0, 0.00
Success       [ratio]                           100.00%
Status Codes  [code:count]                      200:592  
Error Set:
Requests      [total, rate, throughput]         600, 10.02, 10.01
Duration      [total, attack, wait]             59.922s, 59.901s, 21.229ms
Latencies     [min, mean, 50, 90, 95, 99, max]  21.103ms, 21.337ms, 21.32ms, 21.451ms, 21.51ms, 21.702ms, 23.295ms
Bytes In      [total, mean]                     1200, 2.00
Bytes Out     [total, mean]                     0, 0.00
Success       [ratio]                           100.00%
Status Codes  [code:count]                      200:600  
Error Set:
