3.000309 312.500000 906 301.968847 9.663003
3.001890 312.500000 924 307.806055 9.849794
3.033187 312.500000 913 301.003499 9.632112
3.002204 312.500000 927 308.773132 9.880740
3.003289 312.500000 958 318.983602 10.207475
3.013384 312.500000 911 302.317913 9.674173
3.000273 312.500000 919 306.305439 9.801774
3.010578 312.500000 940 312.232416 9.991437
3.001576 312.500000 1001 333.491425 10.671726
3.002204 312.500000 1001 333.421759 10.669496
3.001565 312.500000 890 296.511981 9.488383
3.000645 312.500000 961 320.264483 10.248463
3.000419 312.500000 936 311.956460 9.982607
3.001985 312.500000 1007 335.444738 10.734232
3.000016 312.500000 884 294.665048 9.429282
3.000491 312.500000 899 299.617643 9.587765
3.000453 312.500000 940 313.285985 10.025152
3.000267 312.500000 926 308.639184 9.876454
3.032281 312.500000 950 313.295501 10.025456
3.001428 312.500000 954 317.848678 10.171158
3.003222 312.500000 1003 333.974650 10.687189
3.001500 312.500000 887 295.518953 9.456606
3.000849 312.500000 864 287.918506 9.213392
3.003724 312.500000 881 293.302597 9.385683
3.001352 312.500000 915 304.862568 9.755602
3.001950 312.500000 944 314.462313 10.062794
3.004794 312.500000 898 298.855765 9.563384
3.001484 312.500000 952 317.176442 10.149646
3.000461 312.500000 954 317.951155 10.174437
3.002411 312.500000 973 324.072838 10.370331
3.000216 312.500000 969 322.976714 10.335255
3.002668 312.500000 970 323.046052 10.337474
6.038072 312.500000 1013 333.700029 10.678401
6.007762 312.500000 887 295.119827 9.443834
6.004950 312.500000 976 324.951844 10.398459
6.008404 312.500000 907 301.537950 9.649214
6.006883 312.500000 909 302.502502 9.680080
6.003361 312.500000 958 318.977693 10.207286
6.006702 312.500000 902 300.027379 9.600876
6.006692 312.500000 930 309.536932 9.905182
6.001439 312.500000 917 305.566309 9.778122
6.002294 312.500000 892 297.132546 9.508241
6.002165 312.500000 904 301.180764 9.637784
6.004122 312.500000 967 321.920295 10.301449
6.005300 312.500000 936 311.613255 9.971624
6.002057 312.500000 903 300.992718 9.631767
6.002383 312.500000 928 309.227082 9.895267
6.002861 312.500000 954 317.741369 10.167724
6.004354 312.500000 929 309.379100 9.900131
6.003192 312.500000 1022 340.518866 10.896604
6.004130 312.500000 989 329.574332 10.546379
6.004024 312.500000 873 290.922260 9.309512
6.001914 312.500000 898 299.227143 9.575269
6.005836 312.500000 951 316.542485 10.129360
6.001718 312.500000 937 312.202495 9.990480
6.007042 312.500000 978 325.397154 10.412709
6.011657 312.500000 935 311.554559 9.969746
6.005567 312.500000 979 326.249290 10.439977
6.004437 312.500000 904 301.261762 9.640376
6.014077 312.500000 878 292.599116 9.363172
6.033863 312.500000 963 320.927747 10.269688
6.002467 312.500000 923 307.435978 9.837951
6.039807 312.500000 897 298.251809 9.544058
6.003981 312.500000 949 316.194968 10.118239
9.003056 312.500000 912 303.909680 9.725110
9.012263 312.500000 903 300.059526 9.601905
9.011082 312.500000 980 325.910600 10.429139
9.015182 312.500000 947 314.227108 10.055267
9.003338 312.500000 961 320.221925 10.247102
9.013003 312.500000 945 314.450747 10.062424
9.007012 312.500000 981 326.460873 10.446748
9.010440 312.500000 980 325.897679 10.428726
9.008339 312.500000 978 325.670060 10.421442
9.007718 312.500000 918 305.895381 9.788652
9.003857 312.500000 857 285.603373 9.139308
9.015149 312.500000 901 299.234225 9.575495
9.011416 312.500000 920 305.946433 9.790286
9.007360 312.500000 923 307.617807 9.843770
9.003444 312.500000 943 314.173053 10.053538
9.011332 312.500000 905 301.201806 9.638458
9.005644 312.500000 901 300.263849 9.608443
9.020015 312.500000 920 305.484340 9.775499
9.006159 312.500000 923 307.211883 9.830780
9.005363 312.500000 965 321.347453 10.283118
9.004442 312.500000 999 332.953596 10.654515
9.006166 312.500000 895 298.161433 9.541166
9.018402 312.500000 849 282.592615 9.042964
9.013696 312.500000 944 314.453026 10.062497
9.007234 312.500000 954 317.851856 10.171259
9.011742 312.500000 933 310.361155 9.931557
9.013063 312.500000 928 308.713701 9.878838
9.005041 312.500000 958 319.059599 10.209907
9.047017 312.500000 929 308.314817 9.866074
9.040951 312.500000 937 312.214277 9.990857
9.038426 312.500000 868 289.299145 9.257573
9.004483 312.500000 874 291.284542 9.321105
12.003354 625.000000 1559 519.663860 16.629244
12.005641 625.000000 1453 484.045522 15.489457
12.010999 625.000000 1622 539.703408 17.270509
12.009511 625.000000 1568 522.462533 16.718801
12.007817 625.000000 1517 505.530934 16.176990
12.003907 625.000000 1582 527.183793 16.869881
12.012764 625.000000 1589 529.414012 16.941248
12.004624 625.000000 1623 540.967082 17.310947
12.009147 625.000000 1570 523.084257 16.738696
12.004478 625.000000 1489 496.162449 15.877198
12.006625 625.000000 1610 536.440981 17.166111
12.014608 625.000000 1687 562.162442 17.989198
12.012083 625.000000 1550 516.551868 16.529660
12.011390 625.000000 1479 492.843954 15.771007
12.026671 625.000000 1618 536.887126 17.180388
12.011255 625.000000 1528 509.303967 16.297727
12.008937 625.000000 1523 507.399969 16.236799
12.014740 625.000000 1453 483.933917 15.485885
12.010225 625.000000 1612 536.607280 17.171433
12.007723 625.000000 1592 530.580095 16.978563
12.006917 625.000000 1631 543.529431 17.392942
12.016957 625.000000 1587 528.687243 16.917992
12.017237 625.000000 1605 534.627854 17.108091
12.025674 625.000000 1653 549.667546 17.589361
12.013066 625.000000 1570 523.102455 16.739279
12.022588 625.000000 1603 533.875530 17.084017
12.013218 625.000000 1586 528.639339 16.916459
12.006119 625.000000 1553 517.480748 16.559384
12.041153 625.000000 1585 528.297754 16.905528
12.048558 625.000000 1576 525.063591 16.802035
12.038786 625.000000 1543 514.271678 16.456694
12.006786 625.000000 1521 506.611201 16.211558
15.005072 625.000000 1901 633.304018 20.265729
15.006656 625.000000 1839 612.792653 19.609365
15.006153 625.000000 1908 635.675987 20.341632
15.009864 625.000000 1880 626.516905 20.048541
15.004478 625.000000 1866 621.881692 19.900214
15.009340 625.000000 1890 629.680421 20.149773
15.005162 625.000000 1978 659.182923 21.093854
15.014299 625.000000 1880 625.668070 20.021378
15.013269 625.000000 1786 595.232973 19.047455
15.014015 625.000000 1898 631.868431 20.219790
15.006784 625.000000 1809 602.968195 19.294982
15.016328 625.000000 1779 592.686245 18.965960
15.021568 625.000000 1845 613.061674 19.617974
15.015903 625.000000 1865 620.704993 19.862560
15.011634 625.000000 1857 618.949615 19.806388
15.009610 625.000000 1837 612.195960 19.590271
15.012556 625.000000 1814 604.352946 19.339294
15.015920 625.000000 1895 631.390529 20.204497
15.012657 625.000000 1809 602.009880 19.264316
15.018210 625.000000 1865 621.407197 19.885030
15.016819 625.000000 1923 640.199063 20.486370
15.018691 625.000000 1930 643.021615 20.576692
15.007692 625.000000 1901 633.502920 20.272093
15.016479 625.000000 1912 636.641291 20.372521
15.023101 625.000000 1820 606.562883 19.410012
15.027032 625.000000 1962 653.921477 20.925487
15.026826 625.000000 1923 640.753870 20.504124
15.008360 625.000000 1827 608.545382 19.473452
15.042017 625.000000 1853 617.488775 19.759641
15.049047 625.000000 1893 630.897207 20.188711
15.039385 625.000000 1895 631.540510 20.209296
15.009030 625.000000 1766 588.226648 18.823253
18.005182 625.000000 1898 632.643547 20.244593
18.024798 625.000000 1931 641.202576 20.518482
18.007294 625.000000 1878 625.866876 20.027740
18.005261 625.000000 1853 617.646205 19.764679
18.010058 625.000000 1839 612.853277 19.611305
18.006976 625.000000 1916 638.135291 20.420329
18.006420 625.000000 1949 649.608912 20.787485
18.013344 625.000000 1866 621.279268 19.880937
18.014054 625.000000 1819 606.030839 19.392987
18.041720 625.000000 1783 589.440869 18.862108
18.009602 625.000000 1841 613.090739 19.618904
18.016361 625.000000 1897 632.326335 20.234443
18.020602 625.000000 1848 614.164068 19.653250
18.018157 625.000000 1865 621.199983 19.878399
18.019388 625.000000 1908 635.750299 20.344010
18.016260 625.000000 1923 640.927345 20.509675
18.015030 625.000000 1794 597.854428 19.131342
18.012232 625.000000 1960 652.762773 20.888409
18.012954 625.000000 1889 629.604484 20.147343
18.010994 625.000000 1918 638.630368 20.436172
18.018703 625.000000 1995 664.997509 21.279920
18.028046 625.000000 1876 625.121962 20.003903
18.022149 625.000000 1845 614.880963 19.676191
18.023452 625.000000 1884 627.926614 20.093652
18.014034 625.000000 1876 625.329369 20.010540
18.022294 625.000000 1890 628.781261 20.121000
18.028167 625.000000 1839 612.726122 19.607236
18.009153 625.000000 1831 610.172106 19.525507
18.042559 625.000000 1814 604.557394 19.345837
18.049732 625.000000 1826 608.527563 19.472882
18.041574 625.000000 1934 644.196655 20.614293
18.016395 625.000000 1856 617.151520 19.748849
21.007295 625.000000 1924 640.881875 20.508220
21.010210 625.000000 1931 643.634109 20.596291
21.012040 625.000000 1858 618.355113 19.787364
21.008865 625.000000 1911 636.235708 20.359543
21.007868 625.000000 1818 605.707658 19.382645
21.007509 625.000000 1815 604.892466 19.356559
21.025778 625.000000 1798 598.868919 19.163805
21.010133 625.000000 1972 657.217049 21.030946
21.016589 625.000000 1832 610.006914 19.520221
21.019553 625.000000 1795 598.300505 19.145616
21.017650 625.000000 1916 638.370784 20.427865
21.014328 625.000000 1890 629.942388 20.158156
21.016163 625.000000 1862 620.432354 19.853835
21.022142 625.000000 1888 628.498458 20.111951
21.012827 625.000000 1886 628.282920 20.105053
21.017193 625.000000 1893 630.825039 20.186401
21.014040 625.000000 1792 596.973551 19.103154
21.019836 625.000000 1859 619.432601 19.821843
21.014845 625.000000 1886 628.270642 20.104661
21.022848 625.000000 1908 635.524149 20.336773
21.022921 625.000000 1933 644.167435 20.613358
21.014473 625.000000 1817 605.578050 19.378498
21.028627 625.000000 1889 628.864151 20.123653
21.031767 625.000000 1900 632.548689 20.241558
21.029272 625.000000 1768 589.116454 18.851727
21.022505 625.000000 1854 617.956675 19.774614
21.013186 625.000000 1864 620.499202 19.855974
21.042979 625.000000 1840 613.247498 19.623920
21.043325 625.000000 1909 635.993048 20.351778
21.050376 625.000000 1878 625.865836 20.027707
21.044291 625.000000 1871 623.102482 19.939279
21.018752 625.000000 1902 633.502210 20.272071
24.008631 625.000000 1969 656.041265 20.993320
24.010510 625.000000 1806 601.939750 19.262072
24.011207 625.000000 1881 626.228191 20.039302
24.008494 625.000000 1836 611.872245 19.579912
24.014163 625.000000 1929 641.866495 20.539728
24.014447 625.000000 1845 614.506960 19.664223
24.011386 625.000000 1851 616.742425 19.735758
24.023847 625.000000 1958 651.733690 20.855478
24.016202 625.000000 1888 629.325130 20.138404
24.014753 625.000000 1826 608.580385 19.474572
24.019472 625.000000 1844 614.293615 19.657396
24.025115 625.000000 1786 593.646153 18.996677
24.024970 625.000000 1914 636.350457 20.363215
24.014368 625.000000 1873 624.265014 19.976480
24.025616 625.000000 1915 637.760472 20.408335
24.014936 625.000000 1888 629.314139 20.138052
24.030622 625.000000 1851 614.789734 19.673271
24.022171 625.000000 1862 620.660515 19.861136
24.026404 625.000000 1876 625.202979 20.006495
24.013693 625.000000 1894 631.151068 20.196834
24.015202 625.000000 1910 636.512020 20.368385
24.023673 625.000000 1914 637.824788 20.410393
24.029289 625.000000 1875 624.862054 19.995586
24.031537 625.000000 1821 606.541925 19.409342
24.022926 625.000000 1892 630.578061 20.178498
24.032029 625.000000 1950 649.943360 20.798188
24.013860 625.000000 1952 650.520575 20.816658
24.044226 625.000000 1841 613.411776 19.629177
24.046449 625.000000 1938 645.327956 20.650495
24.050519 625.000000 1893 630.969846 20.191035
24.052207 625.000000 1807 600.747989 19.223936
24.019996 625.000000 1987 662.058830 21.185883
27.009435 625.000000 1953 650.825599 20.826419
27.011817 625.000000 1764 587.743898 18.807805
27.010153 625.000000 1849 615.992807 19.711770
27.014868 625.000000 1787 595.583029 19.058657
27.012268 625.000000 1842 613.819417 19.642221
27.011254 625.000000 1947 648.989750 20.767672
27.017376 625.000000 1867 622.089853 19.906875
27.020968 625.000000 1860 618.718268 19.798985
27.021757 625.000000 1845 614.532030 19.665025
27.016261 625.000000 1844 614.237192 19.655590
27.014333 625.000000 1967 655.526782 20.976857
27.016293 625.000000 1901 633.260464 20.264335
27.016062 625.000000 1937 645.424425 20.653582
27.017852 625.000000 1842 613.458167 19.630661
27.030618 625.000000 1861 618.591762 19.794936
27.029501 625.000000 1801 600.290786 19.209305
27.032805 625.000000 1880 626.402023 20.044865
27.028810 625.000000 1887 628.226263 20.103240
27.025835 625.000000 1875 624.954347 19.998539
27.025953 625.000000 1816 604.908700 19.357078
27.024657 625.000000 1925 641.456163 20.526597
27.030324 625.000000 1868 621.854088 19.899331
27.027032 625.000000 1982 660.212871 21.126812
27.024486 625.000000 1856 618.345212 19.787047
27.033978 625.000000 1837 611.648955 19.572767
27.032388 625.000000 1853 617.592758 19.762968
27.015423 625.000000 1925 641.332447 20.522638
27.044858 625.000000 1901 633.533114 20.273060
27.054093 625.000000 1987 661.545204 21.169447
27.047032 625.000000 1822 607.215369 19.430892
27.052786 625.000000 1910 636.543819 20.369402
27.021003 625.000000 1813 604.130557 19.332178
#type       avg     std     min     5th    10th    90th    95th    99th
read       78.9    76.0    37.4    52.1    54.8   117.5   138.8   171.6
update     82.5    72.5    41.1    55.1    56.8   122.3   142.4   177.5
op_q        1.0     0.2     1.0     1.0     1.0     1.1     1.1     2.1

Total QPS = 33144.3 (994329 / 30.0s)

Misses = 0 (0.0%)
Skipped TXs = 0 (0.0%)

RX  172044129 bytes :    5.5 MB/s
TX  110098302 bytes :    3.5 MB/s
