3.014687 62.500000 167 55.395475 1.772655
3.020134 62.500000 167 55.295554 1.769458
3.004422 62.500000 194 64.571485 2.066288
3.001540 62.500000 172 57.303915 1.833725
3.009219 62.500000 169 56.160754 1.797144
3.103766 62.500000 211 67.981919 2.175421
3.001895 62.500000 189 62.960224 2.014727
3.060673 62.500000 195 63.711478 2.038767
3.015981 62.500000 165 54.708569 1.750674
3.004609 62.500000 176 58.576673 1.874454
3.002041 62.500000 203 67.620671 2.163861
3.018345 62.500000 190 62.948407 2.014349
3.021684 62.500000 169 55.929070 1.789730
3.015131 62.500000 173 57.377275 1.836073
3.023103 62.500000 188 62.187754 1.990008
3.078043 62.500000 170 55.229897 1.767357
3.000829 62.500000 165 54.984808 1.759514
3.060339 62.500000 211 68.946621 2.206292
3.005667 62.500000 168 55.894410 1.788621
3.023672 62.500000 199 65.814019 2.106049
3.011847 62.500000 171 56.775792 1.816825
3.026908 62.500000 147 48.564406 1.554061
3.022983 62.500000 164 54.251053 1.736034
3.000661 62.500000 175 58.320479 1.866255
3.056324 62.500000 181 59.221477 1.895087
3.064186 62.500000 199 64.943830 2.078203
3.016835 62.500000 209 69.277899 2.216893
3.005644 62.500000 216 71.864810 2.299674
3.003213 62.500000 186 61.933674 1.981878
3.006618 62.500000 198 65.854723 2.107351
3.021882 62.500000 186 61.551042 1.969633
6.041152 62.500000 160 52.691497 1.686128
6.017103 62.500000 175 58.018593 1.856595
6.023010 62.500000 162 53.799818 1.721594
6.041591 62.500000 180 59.209537 1.894705
6.016788 62.500000 162 53.778332 1.720907
6.132372 62.500000 155 49.723457 1.591151
6.019964 62.500000 194 64.253240 2.056104
6.028806 62.500000 188 62.547759 2.001528
6.005613 62.500000 185 61.593326 1.970986
6.005579 62.500000 208 69.248310 2.215946
6.022160 62.500000 176 58.345908 1.867069
6.051602 62.500000 208 68.309068 2.185890
6.081141 62.500000 158 51.547055 1.649506
6.020136 62.500000 153 50.999970 1.631999
6.031826 62.500000 214 70.928103 2.269699
6.018060 62.500000 161 53.445470 1.710255
6.027423 62.500000 211 70.199043 2.246369
6.029034 62.500000 170 56.465480 1.806895
6.106970 62.500000 190 62.442817 1.998170
6.010389 62.500000 210 69.972697 2.239126
6.034074 62.500000 182 60.457040 1.934625
6.207328 62.500000 201 64.764301 2.072458
6.006626 62.500000 180 59.931803 1.917818
6.083783 62.500000 177 58.542497 1.873360
6.071100 62.500000 199 65.370393 2.091853
6.073110 62.500000 220 73.030580 2.336979
6.030741 62.500000 165 54.746230 1.751879
6.036650 62.500000 185 61.387010 1.964384
6.077711 62.500000 188 62.223062 1.991138
6.078422 62.500000 171 56.992799 1.823770
6.058472 62.500000 191 62.899507 2.012784
9.043303 62.500000 192 63.692227 2.038151
9.067605 62.500000 197 64.643802 2.068602
9.021799 62.500000 173 57.576553 1.842450
9.053164 62.500000 179 59.428721 1.901719
9.010725 62.500000 193 64.223887 2.055164
9.033366 62.500000 168 55.919245 1.789416
9.057818 62.500000 194 63.559902 2.033917
9.036058 62.500000 197 65.109582 2.083507
9.039991 62.500000 188 62.185693 1.989942
9.083146 62.500000 202 66.249673 2.119990
9.033488 62.500000 184 61.102605 1.955283
9.059863 62.500000 195 64.606499 2.067408
9.017642 62.500000 191 63.433757 2.029880
9.137484 62.500000 202 65.042584 2.081363
9.026018 62.500000 193 64.268892 2.056605
9.034551 62.500000 214 71.164261 2.277256
9.035236 62.500000 196 65.002427 2.080078
9.018549 62.500000 206 68.655479 2.196975
9.107417 62.500000 205 67.740035 2.167681
9.076095 62.500000 160 53.280306 1.704970
9.036914 62.500000 193 64.201232 2.054439
9.054340 62.500000 228 75.554477 2.417743
9.182813 62.500000 201 64.858999 2.075488
9.076870 62.500000 170 56.557878 1.809852
9.136613 62.500000 209 69.568312 2.226186
9.107825 62.500000 182 60.063746 1.922040
9.080434 62.500000 211 70.286209 2.249159
9.052357 62.500000 200 66.649896 2.132797
9.119576 62.500000 168 55.765678 1.784502
9.233853 62.500000 193 63.769497 2.040624
9.070343 62.500000 198 65.739871 2.103676
12.108342 62.500000 171 56.408252 1.805064
12.053513 62.500000 185 60.799501 1.945584
12.050938 62.500000 156 51.571612 1.650292
12.040873 62.500000 219 72.978541 2.335313
12.085071 62.500000 178 58.518591 1.872595
12.078069 62.500000 178 59.127109 1.892068
12.031016 62.500000 209 69.453273 2.222505
12.055339 62.500000 179 59.623437 1.907950
12.064825 62.500000 184 60.699289 1.942377
12.057181 62.500000 216 71.432950 2.285854
12.035602 62.500000 197 65.643668 2.100597
12.043298 62.500000 202 67.171217 2.149479
12.032020 62.500000 199 66.016917 2.112541
12.087040 62.500000 183 60.920926 1.949470
12.061892 62.500000 170 56.628363 1.812108
12.056314 62.500000 203 67.194557 2.150226
12.061047 62.500000 185 61.529107 1.968931
12.089443 62.500000 198 65.311497 2.089968
12.076510 62.500000 173 56.573631 1.810356
12.087144 62.500000 244 81.034901 2.593117
12.040595 62.500000 169 56.264299 1.800458
12.115770 62.500000 192 63.822297 2.042314
12.158350 62.500000 191 63.208689 2.022678
12.109472 62.500000 186 61.405618 1.964980
12.157556 62.500000 191 63.243518 2.023793
12.069338 62.500000 181 59.993744 1.919800
12.130383 62.500000 191 63.191515 2.022128
12.124156 62.500000 180 59.908533 1.917073
12.185277 62.500000 194 64.613600 2.067635
12.275862 62.500000 173 56.870323 1.819850
12.077670 62.500000 190 63.179020 2.021729
3.007873 62.500000 177 58.845565 1.883058
15.157388 62.500000 198 63.581980 2.034623
15.059240 62.500000 189 62.507470 2.000239
15.038542 62.500000 155 51.537379 1.649196
15.156617 62.500000 200 66.088751 2.114840
15.044196 62.500000 180 59.933613 1.917876
15.078464 62.500000 223 74.323548 2.378354
15.051635 62.500000 199 66.317921 2.122173
15.105819 62.500000 159 52.122938 1.667934
15.088498 62.500000 189 62.446189 1.998278
15.065358 62.500000 189 62.988821 2.015642
15.058171 62.500000 175 58.242908 1.863773
15.065495 62.500000 194 64.134360 2.052300
15.059441 62.500000 198 65.950321 2.110410
15.090370 62.500000 193 64.313465 2.058031
15.063365 62.500000 168 55.420947 1.773470
15.065676 62.500000 212 70.557798 2.257850
15.116416 62.500000 215 70.259108 2.248291
15.102462 62.500000 186 61.642664 1.972565
15.112995 62.500000 204 67.416722 2.157335
15.088228 62.500000 196 65.309719 2.089911
15.125173 62.500000 222 73.768790 2.360601
15.140370 62.500000 167 55.078646 1.762517
15.116439 62.500000 198 65.133108 2.084259
15.077621 62.500000 188 62.494123 1.999812
15.156612 62.500000 195 63.994451 2.047822
15.167310 62.500000 205 68.129852 2.180155
15.133597 62.500000 168 55.824332 1.786379
15.164694 62.500000 207 68.836233 2.202759
15.197340 62.500000 203 67.395683 2.156662
15.124974 62.500000 201 65.959953 2.110719
15.285125 62.500000 215 71.446072 2.286274
6.039305 62.500000 216 71.253467 2.280111
18.196350 62.500000 182 57.738296 1.847625
18.082006 62.500000 180 59.929237 1.917736
18.060031 62.500000 184 61.317174 1.962150
18.042419 62.500000 204 67.912226 2.173191
18.102948 62.500000 162 53.331744 1.706616
18.127319 62.500000 203 66.142141 2.116549
18.074174 62.500000 182 60.491664 1.935733
18.056287 62.500000 179 59.574288 1.906377
18.126202 62.500000 196 63.911075 2.045154
18.129935 62.500000 161 52.968100 1.694979
18.105881 62.500000 193 63.962707 2.046807
18.202631 62.500000 191 61.609548 1.971506
18.089795 62.500000 197 65.632402 2.100237
18.066175 62.500000 204 67.988696 2.175638
18.146315 62.500000 185 61.406345 1.965003
18.110170 62.500000 200 66.570124 2.130244
18.066193 62.500000 207 68.935017 2.205921
18.133914 62.500000 234 77.773390 2.488748
18.083996 62.500000 191 63.531665 2.033013
18.121567 62.500000 194 64.482417 2.063437
18.119657 62.500000 161 53.608742 1.715480
18.185634 62.500000 173 56.809527 1.817905
18.166642 62.500000 152 50.633777 1.620281
18.156820 62.500000 206 68.662016 2.197185
18.140025 62.500000 196 64.823685 2.074358
18.224022 62.500000 175 57.251050 1.832034
18.173372 62.500000 192 63.660825 2.037146
18.176975 62.500000 194 64.230679 2.055382
18.207648 62.500000 180 59.794535 1.913425
18.136071 62.500000 165 54.797294 1.753513
18.286431 62.500000 191 63.638949 2.036446
9.078906 62.500000 185 60.863243 1.947624
21.080978 62.500000 195 64.549294 2.065577
21.162651 62.500000 191 61.683010 1.973856
21.094638 62.500000 154 50.455102 1.614563
21.069487 62.500000 209 69.361480 2.219567
21.102176 62.500000 158 52.314937 1.674078
21.094992 62.500000 204 67.751667 2.168053
21.129395 62.500000 198 65.929828 2.109755
21.090399 62.500000 182 60.654446 1.940942
21.178514 62.500000 201 65.353825 2.091322
21.075528 62.500000 219 72.967058 2.334946
21.109034 62.500000 189 62.933854 2.013883
21.133425 62.500000 178 58.876932 1.884062
21.095725 62.500000 197 65.026561 2.080850
21.135644 62.500000 193 64.155288 2.052969
21.132965 62.500000 170 56.452190 1.806470
21.147244 62.500000 187 62.057596 1.985843
21.220094 62.500000 149 48.797240 1.561512
21.159813 62.500000 186 61.181072 1.957794
21.142476 62.500000 186 61.741895 1.975741
21.214169 62.500000 232 77.165608 2.469299
21.173942 62.500000 165 54.687870 1.750012
21.147539 62.500000 206 68.495105 2.191843
21.213975 62.500000 209 69.404221 2.220935
21.158733 62.500000 195 64.732048 2.071426
21.193146 62.500000 179 59.275948 1.896830
21.187377 62.500000 186 61.963983 1.982847
21.201252 62.500000 171 56.907023 1.821025
21.189641 62.500000 182 60.411617 1.933172
21.226046 62.500000 167 55.629136 1.780132
21.293356 62.500000 161 53.543072 1.713378
21.146869 62.500000 216 71.741793 2.295737
12.086849 62.500000 169 56.184578 1.797906
24.098056 62.500000 238 79.131364 2.532204
24.086848 62.500000 178 59.217468 1.894959
24.086921 62.500000 190 62.967402 2.014957
24.100965 62.500000 227 75.507416 2.416237
24.113173 62.500000 204 67.606787 2.163417
24.138995 62.500000 200 65.858390 2.107468
24.098174 62.500000 178 58.888795 1.884441
24.110650 62.500000 194 64.631853 2.068219
24.141423 62.500000 182 59.742030 1.911745
24.129970 62.500000 199 66.320625 2.122260
24.133986 62.500000 176 58.655706 1.876983
24.145141 62.500000 162 53.781710 1.721015
24.160136 62.500000 179 59.183501 1.893872
24.155542 62.500000 199 66.150344 2.116811
24.160480 62.500000 180 59.642069 1.908546
24.215459 62.500000 211 69.477721 2.223287
24.161051 62.500000 157 52.311754 1.673976
24.182683 62.500000 203 67.470089 2.159043
24.202705 62.500000 160 53.062225 1.697991
24.160430 62.500000 231 76.956470 2.462607
24.171782 62.500000 198 65.799735 2.105592
24.224247 62.500000 188 62.189987 1.990080
24.152984 62.500000 185 61.554951 1.969758
24.226081 62.500000 166 55.110943 1.763550
24.233221 62.500000 186 61.852075 1.979266
24.197867 62.500000 221 73.550936 2.353630
24.190701 62.500000 179 59.645589 1.908659
24.224496 62.500000 160 53.255182 1.704166
24.244422 62.500000 182 60.060990 1.921952
24.313676 62.500000 174 57.609798 1.843514
24.149357 62.500000 203 67.610599 2.163539
15.087076 62.500000 191 63.661854 2.037179
27.121791 62.500000 177 58.322105 1.866307
27.092662 62.500000 177 58.885883 1.884348
27.112446 62.500000 177 58.718344 1.878987
27.116159 62.500000 190 63.014201 2.016454
27.119072 62.500000 195 64.818040 2.074177
27.176485 62.500000 204 67.160701 2.149142
27.098777 62.500000 200 66.653274 2.132905
27.136456 62.500000 190 63.281232 2.024999
27.130301 62.500000 177 58.993491 1.887792
27.148707 62.500000 185 61.593466 1.970991
27.180875 62.500000 169 55.861621 1.787572
27.131134 62.500000 182 60.305619 1.929780
27.209524 62.500000 184 60.339975 1.930879
27.161758 62.500000 203 67.211100 2.150755
27.236103 62.500000 186 61.576273 1.970441
27.171410 62.500000 190 63.103432 2.019310
27.185392 62.500000 182 60.611933 1.939582
27.175280 62.500000 189 62.926633 2.013652
27.170433 62.500000 195 64.797356 2.073515
27.264675 62.500000 172 56.570967 1.810271
27.178073 62.500000 185 61.306121 1.961796
27.199762 62.500000 186 61.048108 1.953539
27.199149 62.500000 192 63.972662 2.047125
27.231975 62.500000 187 62.211107 1.990755
27.266009 62.500000 195 64.112840 2.051611
27.216684 62.500000 183 60.717089 1.942947
27.211038 62.500000 187 61.913614 1.981236
27.271009 62.500000 192 63.203884 2.022524
27.249586 62.500000 208 69.214197 2.214854
27.340230 62.500000 204 67.403387 2.156908
27.153140 62.500000 164 54.597814 1.747130
18.100349 62.500000 190 63.054346 2.017739
30.254195 62.500000 173 55.707822 1.782650
#type       avg     std     min     5th    10th    90th    95th    99th
read       60.9    10.6    41.1    51.4    53.1    70.8    75.9    90.3
update     64.6    11.3    49.8    55.2    56.0    75.4    79.5    94.0
op_q        1.0     0.0     1.0     1.0     1.0     1.1     1.1     1.1

Total QPS = 79810.2 (2394305 / 30.0s)

Misses = 0 (0.0%)
Skipped TXs = 0 (0.0%)

RX  412003333 bytes :   13.1 MB/s
TX  265079603 bytes :    8.4 MB/s
