Requests      [total, rate, throughput]         12, 10.91, 10.70
Duration      [total, attack, wait]             1.121s, 1.1s, 21.462ms
Latencies     [min, mean, 50, 90, 95, 99, max]  21.303ms, 21.54ms, 21.444ms, 21.953ms, 22.463ms, 22.548ms, 22.548ms
Bytes In      [total, mean]                     24, 2.00
Bytes Out     [total, mean]                     0, 0.00
Success       [ratio]                           100.00%
Status Codes  [code:count]                      200:12  
Error Set:
Requests      [total, rate, throughput]         22, 10.47, 10.37
Duration      [total, attack, wait]             2.122s, 2.101s, 21.292ms
Latencies     [min, mean, 50, 90, 95, 99, max]  21.292ms, 21.47ms, 21.402ms, 21.623ms, 22.038ms, 22.548ms, 22.548ms
Bytes In      [total, mean]                     44, 2.00
Bytes Out     [total, mean]                     0, 0.00
Success       [ratio]                           100.00%
Status Codes  [code:count]                      200:22  
Error Set:
Requests      [total, rate, throughput]         32, 10.32, 10.25
Duration      [total, attack, wait]             3.122s, 3.1s, 21.454ms
Latencies     [min, mean, 50, 90, 95, 99, max]  21.187ms, 21.44ms, 21.394ms, 21.576ms, 21.687ms, 22.548ms, 22.548ms
Bytes In      [total, mean]                     64, 2.00
Bytes Out     [total, mean]                     0, 0.00
Success       [ratio]                           100.00%
Status Codes  [code:count]                      200:32  
Error Set:
Requests      [total, rate, throughput]         42, 10.24, 10.19
Duration      [total, attack, wait]             4.121s, 4.1s, 21.288ms
Latencies     [min, mean, 50, 90, 95, 99, max]  21.187ms, 21.424ms, 21.392ms, 21.576ms, 21.636ms, 22.548ms, 22.548ms
Bytes In      [total, mean]                     84, 2.00
Bytes Out     [total, mean]                     0, 0.00
Success       [ratio]                           100.00%
Status Codes  [code:count]                      200:42  
Error Set:
Requests      [total, rate, throughput]         52, 10.20, 10.15
Duration      [total, attack, wait]             5.122s, 5.1s, 21.317ms
Latencies     [min, mean, 50, 90, 95, 99, max]  21.144ms, 21.408ms, 21.385ms, 21.535ms, 21.594ms, 22.531ms, 22.548ms
Bytes In      [total, mean]                     104, 2.00
Bytes Out     [total, mean]                     0, 0.00
Success       [ratio]                           100.00%
Status Codes  [code:count]                      200:52  
Error Set:
Requests      [total, rate, throughput]         62, 10.16, 10.13
Duration      [total, attack, wait]             6.122s, 6.1s, 21.783ms
Latencies     [min, mean, 50, 90, 95, 99, max]  21.144ms, 21.407ms, 21.381ms, 21.535ms, 21.636ms, 22.456ms, 22.548ms
Bytes In      [total, mean]                     124, 2.00
Bytes Out     [total, mean]                     0, 0.00
Success       [ratio]                           100.00%
Status Codes  [code:count]                      200:62  
Error Set:
Requests      [total, rate, throughput]         72, 10.14, 10.11
Duration      [total, attack, wait]             7.121s, 7.1s, 21.251ms
Latencies     [min, mean, 50, 90, 95, 99, max]  21.144ms, 21.401ms, 21.38ms, 21.513ms, 21.594ms, 22.38ms, 22.548ms
Bytes In      [total, mean]                     144, 2.00
Bytes Out     [total, mean]                     0, 0.00
Success       [ratio]                           100.00%
Status Codes  [code:count]                      200:72  
Error Set:
Requests      [total, rate, throughput]         82, 10.12, 10.10
Duration      [total, attack, wait]             8.121s, 8.1s, 21.153ms
Latencies     [min, mean, 50, 90, 95, 99, max]  21.144ms, 21.388ms, 21.37ms, 21.513ms, 21.592ms, 22.303ms, 22.548ms
Bytes In      [total, mean]                     164, 2.00
Bytes Out     [total, mean]                     0, 0.00
Success       [ratio]                           100.00%
Status Codes  [code:count]                      200:82  
Error Set:
Requests      [total, rate, throughput]         92, 10.11, 10.09
Duration      [total, attack, wait]             9.121s, 9.1s, 21.35ms
Latencies     [min, mean, 50, 90, 95, 99, max]  21.144ms, 21.381ms, 21.356ms, 21.492ms, 21.59ms, 22.227ms, 22.548ms
Bytes In      [total, mean]                     184, 2.00
Bytes Out     [total, mean]                     0, 0.00
Success       [ratio]                           100.00%
Status Codes  [code:count]                      200:92  
Error Set:
Requests      [total, rate, throughput]         102, 10.10, 10.08
Duration      [total, attack, wait]             10.122s, 10.1s, 21.399ms
Latencies     [min, mean, 50, 90, 95, 99, max]  21.144ms, 21.378ms, 21.356ms, 21.491ms, 21.59ms, 22.15ms, 22.548ms
Bytes In      [total, mean]                     204, 2.00
Bytes Out     [total, mean]                     0, 0.00
Success       [ratio]                           100.00%
Status Codes  [code:count]                      200:102  
Error Set:
Requests      [total, rate, throughput]         112, 10.09, 10.07
Duration      [total, attack, wait]             11.124s, 11.1s, 24.257ms
Latencies     [min, mean, 50, 90, 95, 99, max]  21.124ms, 21.394ms, 21.353ms, 21.491ms, 21.59ms, 23.197ms, 24.257ms
Bytes In      [total, mean]                     224, 2.00
Bytes Out     [total, mean]                     0, 0.00
Success       [ratio]                           100.00%
Status Codes  [code:count]                      200:112  
Error Set:
Requests      [total, rate, throughput]         122, 10.08, 10.06
Duration      [total, attack, wait]             12.122s, 12.101s, 21.168ms
Latencies     [min, mean, 50, 90, 95, 99, max]  21.124ms, 21.394ms, 21.354ms, 21.506ms, 21.59ms, 23.026ms, 24.257ms
Bytes In      [total, mean]                     244, 2.00
Bytes Out     [total, mean]                     0, 0.00
Success       [ratio]                           100.00%
Status Codes  [code:count]                      200:122  
Error Set:
Requests      [total, rate, throughput]         132, 10.08, 10.06
Duration      [total, attack, wait]             13.121s, 13.1s, 21.279ms
Latencies     [min, mean, 50, 90, 95, 99, max]  21.124ms, 21.393ms, 21.355ms, 21.513ms, 21.588ms, 22.856ms, 24.257ms
Bytes In      [total, mean]                     264, 2.00
Bytes Out     [total, mean]                     0, 0.00
Success       [ratio]                           100.00%
Status Codes  [code:count]                      200:132  
Error Set:
Requests      [total, rate, throughput]         142, 10.07, 10.06
Duration      [total, attack, wait]             14.122s, 14.1s, 21.345ms
Latencies     [min, mean, 50, 90, 95, 99, max]  21.124ms, 21.392ms, 21.357ms, 21.506ms, 21.578ms, 22.685ms, 24.257ms
Bytes In      [total, mean]                     284, 2.00
Bytes Out     [total, mean]                     0, 0.00
Success       [ratio]                           100.00%
Status Codes  [code:count]                      200:142  
Error Set:
Requests      [total, rate, throughput]         152, 10.07, 10.05
Duration      [total, attack, wait]             15.121s, 15.1s, 21.401ms
Latencies     [min, mean, 50, 90, 95, 99, max]  21.124ms, 21.391ms, 21.357ms, 21.508ms, 21.569ms, 22.533ms, 24.257ms
Bytes In      [total, mean]                     304, 2.00
Bytes Out     [total, mean]                     0, 0.00
Success       [ratio]                           100.00%
Status Codes  [code:count]                      200:152  
Error Set:
Requests      [total, rate, throughput]         162, 10.06, 10.05
Duration      [total, attack, wait]             16.122s, 16.1s, 21.533ms
Latencies     [min, mean, 50, 90, 95, 99, max]  21.124ms, 21.39ms, 21.357ms, 21.508ms, 21.564ms, 22.456ms, 24.257ms
Bytes In      [total, mean]                     324, 2.00
Bytes Out     [total, mean]                     0, 0.00
Success       [ratio]                           100.00%
Status Codes  [code:count]                      200:162  
Error Set:
Requests      [total, rate, throughput]         172, 10.06, 10.05
Duration      [total, attack, wait]             17.121s, 17.1s, 21.389ms
Latencies     [min, mean, 50, 90, 95, 99, max]  21.124ms, 21.389ms, 21.357ms, 21.506ms, 21.558ms, 22.38ms, 24.257ms
Bytes In      [total, mean]                     344, 2.00
Bytes Out     [total, mean]                     0, 0.00
Success       [ratio]                           100.00%
Status Codes  [code:count]                      200:172  
Error Set:
Requests      [total, rate, throughput]         182, 10.06, 10.04
Duration      [total, attack, wait]             18.121s, 18.1s, 21.253ms
Latencies     [min, mean, 50, 90, 95, 99, max]  21.124ms, 21.386ms, 21.357ms, 21.506ms, 21.548ms, 22.303ms, 24.257ms
Bytes In      [total, mean]                     364, 2.00
Bytes Out     [total, mean]                     0, 0.00
Success       [ratio]                           100.00%
Status Codes  [code:count]                      200:182  
Error Set:
Requests      [total, rate, throughput]         192, 10.05, 10.04
Duration      [total, attack, wait]             19.121s, 19.1s, 21.345ms
Latencies     [min, mean, 50, 90, 95, 99, max]  21.124ms, 21.382ms, 21.356ms, 21.498ms, 21.54ms, 22.227ms, 24.257ms
Bytes In      [total, mean]                     384, 2.00
Bytes Out     [total, mean]                     0, 0.00
Success       [ratio]                           100.00%
Status Codes  [code:count]                      200:192  
Error Set:
Requests      [total, rate, throughput]         202, 10.05, 10.04
Duration      [total, attack, wait]             20.122s, 20.1s, 21.575ms
Latencies     [min, mean, 50, 90, 95, 99, max]  21.124ms, 21.383ms, 21.356ms, 21.508ms, 21.56ms, 22.15ms, 24.257ms
Bytes In      [total, mean]                     404, 2.00
Bytes Out     [total, mean]                     0, 0.00
Success       [ratio]                           100.00%
Status Codes  [code:count]                      200:202  
Error Set:
Requests      [total, rate, throughput]         212, 10.05, 10.04
Duration      [total, attack, wait]             21.121s, 21.1s, 21.33ms
Latencies     [min, mean, 50, 90, 95, 99, max]  21.124ms, 21.383ms, 21.356ms, 21.503ms, 21.559ms, 22.074ms, 24.257ms
Bytes In      [total, mean]                     424, 2.00
Bytes Out     [total, mean]                     0, 0.00
Success       [ratio]                           100.00%
Status Codes  [code:count]                      200:212  
Error Set:
Requests      [total, rate, throughput]         222, 10.05, 10.04
Duration      [total, attack, wait]             22.121s, 22.1s, 21.381ms
Latencies     [min, mean, 50, 90, 95, 99, max]  21.124ms, 21.379ms, 21.354ms, 21.498ms, 21.555ms, 21.997ms, 24.257ms
Bytes In      [total, mean]                     444, 2.00
Bytes Out     [total, mean]                     0, 0.00
Success       [ratio]                           100.00%
Status Codes  [code:count]                      200:222  
Error Set:
Requests      [total, rate, throughput]         232, 10.04, 10.03
Duration      [total, attack, wait]             23.121s, 23.1s, 21.207ms
Latencies     [min, mean, 50, 90, 95, 99, max]  21.124ms, 21.375ms, 21.35ms, 21.493ms, 21.551ms, 21.921ms, 24.257ms
Bytes In      [total, mean]                     464, 2.00
Bytes Out     [total, mean]                     0, 0.00
Success       [ratio]                           100.00%
Status Codes  [code:count]                      200:232  
Error Set:
Requests      [total, rate, throughput]         242, 10.04, 10.03
Duration      [total, attack, wait]             24.121s, 24.1s, 21.24ms
Latencies     [min, mean, 50, 90, 95, 99, max]  21.124ms, 21.372ms, 21.349ms, 21.489ms, 21.545ms, 21.844ms, 24.257ms
Bytes In      [total, mean]                     484, 2.00
Bytes Out     [total, mean]                     0, 0.00
Success       [ratio]                           100.00%
Status Codes  [code:count]                      200:242  
Error Set:
Requests      [total, rate, throughput]         252, 10.04, 10.03
Duration      [total, attack, wait]             25.122s, 25.1s, 21.583ms
Latencies     [min, mean, 50, 90, 95, 99, max]  21.124ms, 21.369ms, 21.347ms, 21.489ms, 21.551ms, 21.781ms, 24.257ms
Bytes In      [total, mean]                     504, 2.00
Bytes Out     [total, mean]                     0, 0.00
Success       [ratio]                           100.00%
Status Codes  [code:count]                      200:252  
Error Set:
Requests      [total, rate, throughput]         262, 10.04, 10.03
Duration      [total, attack, wait]             26.121s, 26.1s, 21.481ms
Latencies     [min, mean, 50, 90, 95, 99, max]  21.124ms, 21.369ms, 21.346ms, 21.485ms, 21.545ms, 21.773ms, 24.257ms
Bytes In      [total, mean]                     524, 2.00
Bytes Out     [total, mean]                     0, 0.00
Success       [ratio]                           100.00%
Status Codes  [code:count]                      200:262  
Error Set:
Requests      [total, rate, throughput]         272, 10.04, 10.03
Duration      [total, attack, wait]             27.121s, 27.1s, 21.287ms
Latencies     [min, mean, 50, 90, 95, 99, max]  21.124ms, 21.366ms, 21.343ms, 21.482ms, 21.54ms, 21.764ms, 24.257ms
Bytes In      [total, mean]                     544, 2.00
Bytes Out     [total, mean]                     0, 0.00
Success       [ratio]                           100.00%
Status Codes  [code:count]                      200:272  
Error Set:
Requests      [total, rate, throughput]         282, 10.04, 10.03
Duration      [total, attack, wait]             28.121s, 28.1s, 21.45ms
Latencies     [min, mean, 50, 90, 95, 99, max]  21.124ms, 21.371ms, 21.342ms, 21.485ms, 21.545ms, 22.303ms, 24.257ms
Bytes In      [total, mean]                     564, 2.00
Bytes Out     [total, mean]                     0, 0.00
Success       [ratio]                           100.00%
Status Codes  [code:count]                      200:282  
Error Set:
Requests      [total, rate, throughput]         292, 10.03, 10.03
Duration      [total, attack, wait]             29.122s, 29.101s, 21.215ms
Latencies     [min, mean, 50, 90, 95, 99, max]  21.124ms, 21.37ms, 21.342ms, 21.485ms, 21.54ms, 22.227ms, 24.257ms
Bytes In      [total, mean]                     584, 2.00
Bytes Out     [total, mean]                     0, 0.00
Success       [ratio]                           100.00%
Status Codes  [code:count]                      200:292  
Error Set:
Requests      [total, rate, throughput]         302, 10.03, 10.03
Duration      [total, attack, wait]             30.121s, 30.1s, 21.211ms
Latencies     [min, mean, 50, 90, 95, 99, max]  21.124ms, 21.37ms, 21.343ms, 21.489ms, 21.538ms, 22.15ms, 24.257ms
Bytes In      [total, mean]                     604, 2.00
Bytes Out     [total, mean]                     0, 0.00
Success       [ratio]                           100.00%
Status Codes  [code:count]                      200:302  
Error Set:
Requests      [total, rate, throughput]         312, 10.03, 10.03
Duration      [total, attack, wait]             31.122s, 31.1s, 21.361ms
Latencies     [min, mean, 50, 90, 95, 99, max]  21.104ms, 21.369ms, 21.344ms, 21.489ms, 21.535ms, 22.074ms, 24.257ms
Bytes In      [total, mean]                     624, 2.00
Bytes Out     [total, mean]                     0, 0.00
Success       [ratio]                           100.00%
Status Codes  [code:count]                      200:312  
Error Set:
Requests      [total, rate, throughput]         322, 10.03, 10.02
Duration      [total, attack, wait]             32.122s, 32.101s, 21.487ms
Latencies     [min, mean, 50, 90, 95, 99, max]  21.104ms, 21.368ms, 21.344ms, 21.487ms, 21.533ms, 21.997ms, 24.257ms
Bytes In      [total, mean]                     644, 2.00
Bytes Out     [total, mean]                     0, 0.00
Success       [ratio]                           100.00%
Status Codes  [code:count]                      200:322  
Error Set:
Requests      [total, rate, throughput]         332, 10.03, 10.02
Duration      [total, attack, wait]             33.122s, 33.101s, 21.43ms
Latencies     [min, mean, 50, 90, 95, 99, max]  21.104ms, 21.366ms, 21.343ms, 21.484ms, 21.53ms, 21.921ms, 24.257ms
Bytes In      [total, mean]                     664, 2.00
Bytes Out     [total, mean]                     0, 0.00
Success       [ratio]                           100.00%
Status Codes  [code:count]                      200:332  
Error Set:
Requests      [total, rate, throughput]         342, 10.03, 10.02
Duration      [total, attack, wait]             34.121s, 34.099s, 21.248ms
Latencies     [min, mean, 50, 90, 95, 99, max]  21.104ms, 21.364ms, 21.34ms, 21.483ms, 21.528ms, 21.844ms, 24.257ms
Bytes In      [total, mean]                     684, 2.00
Bytes Out     [total, mean]                     0, 0.00
Success       [ratio]                           100.00%
Status Codes  [code:count]                      200:342  
Error Set:
Requests      [total, rate, throughput]         352, 10.03, 10.02
Duration      [total, attack, wait]             35.121s, 35.1s, 21.236ms
Latencies     [min, mean, 50, 90, 95, 99, max]  21.104ms, 21.361ms, 21.338ms, 21.481ms, 21.526ms, 21.781ms, 24.257ms
Bytes In      [total, mean]                     704, 2.00
Bytes Out     [total, mean]                     0, 0.00
Success       [ratio]                           100.00%
Status Codes  [code:count]                      200:352  
Error Set:
Requests      [total, rate, throughput]         362, 10.03, 10.02
Duration      [total, attack, wait]             36.121s, 36.1s, 21.279ms
Latencies     [min, mean, 50, 90, 95, 99, max]  21.104ms, 21.36ms, 21.339ms, 21.479ms, 21.524ms, 21.773ms, 24.257ms
Bytes In      [total, mean]                     724, 2.00
Bytes Out     [total, mean]                     0, 0.00
Success       [ratio]                           100.00%
Status Codes  [code:count]                      200:362  
Error Set:
Requests      [total, rate, throughput]         372, 10.03, 10.02
Duration      [total, attack, wait]             37.121s, 37.1s, 21.317ms
Latencies     [min, mean, 50, 90, 95, 99, max]  21.104ms, 21.359ms, 21.337ms, 21.479ms, 21.525ms, 21.764ms, 24.257ms
Bytes In      [total, mean]                     744, 2.00
Bytes Out     [total, mean]                     0, 0.00
Success       [ratio]                           100.00%
Status Codes  [code:count]                      200:372  
Error Set:
Requests      [total, rate, throughput]         382, 10.03, 10.02
Duration      [total, attack, wait]             38.122s, 38.1s, 21.352ms
Latencies     [min, mean, 50, 90, 95, 99, max]  21.104ms, 21.358ms, 21.338ms, 21.478ms, 21.524ms, 21.756ms, 24.257ms
Bytes In      [total, mean]                     764, 2.00
Bytes Out     [total, mean]                     0, 0.00
Success       [ratio]                           100.00%
Status Codes  [code:count]                      200:382  
Error Set:
Requests      [total, rate, throughput]         392, 10.03, 10.02
Duration      [total, attack, wait]             39.121s, 39.1s, 21.598ms
Latencies     [min, mean, 50, 90, 95, 99, max]  21.104ms, 21.358ms, 21.337ms, 21.481ms, 21.527ms, 21.747ms, 24.257ms
Bytes In      [total, mean]                     784, 2.00
Bytes Out     [total, mean]                     0, 0.00
Success       [ratio]                           100.00%
Status Codes  [code:count]                      200:392  
Error Set:
Requests      [total, rate, throughput]         402, 10.02, 10.02
Duration      [total, attack, wait]             40.122s, 40.1s, 21.392ms
Latencies     [min, mean, 50, 90, 95, 99, max]  21.104ms, 21.359ms, 21.337ms, 21.481ms, 21.528ms, 21.739ms, 24.257ms
Bytes In      [total, mean]                     804, 2.00
Bytes Out     [total, mean]                     0, 0.00
Success       [ratio]                           100.00%
Status Codes  [code:count]                      200:402  
Error Set:
Requests      [total, rate, throughput]         412, 10.02, 10.02
Duration      [total, attack, wait]             41.121s, 41.1s, 21.33ms
Latencies     [min, mean, 50, 90, 95, 99, max]  21.104ms, 21.357ms, 21.336ms, 21.48ms, 21.527ms, 21.73ms, 24.257ms
Bytes In      [total, mean]                     824, 2.00
Bytes Out     [total, mean]                     0, 0.00
Success       [ratio]                           100.00%
Status Codes  [code:count]                      200:412  
Error Set:
Requests      [total, rate, throughput]         422, 10.02, 10.02
Duration      [total, attack, wait]             42.122s, 42.1s, 21.202ms
Latencies     [min, mean, 50, 90, 95, 99, max]  21.049ms, 21.353ms, 21.334ms, 21.479ms, 21.526ms, 21.722ms, 24.257ms
Bytes In      [total, mean]                     844, 2.00
Bytes Out     [total, mean]                     0, 0.00
Success       [ratio]                           100.00%
Status Codes  [code:count]                      200:422  
Error Set:
Requests      [total, rate, throughput]         432, 10.02, 10.02
Duration      [total, attack, wait]             43.121s, 43.1s, 21.285ms
Latencies     [min, mean, 50, 90, 95, 99, max]  21.049ms, 21.351ms, 21.332ms, 21.478ms, 21.525ms, 21.713ms, 24.257ms
Bytes In      [total, mean]                     864, 2.00
Bytes Out     [total, mean]                     0, 0.00
Success       [ratio]                           100.00%
Status Codes  [code:count]                      200:432  
Error Set:
Requests      [total, rate, throughput]         442, 10.02, 10.02
Duration      [total, attack, wait]             44.121s, 44.1s, 21.298ms
Latencies     [min, mean, 50, 90, 95, 99, max]  21.049ms, 21.349ms, 21.329ms, 21.476ms, 21.523ms, 21.705ms, 24.257ms
Bytes In      [total, mean]                     884, 2.00
Bytes Out     [total, mean]                     0, 0.00
Success       [ratio]                           100.00%
Status Codes  [code:count]                      200:442  
Error Set:
Requests      [total, rate, throughput]         452, 10.02, 10.02
Duration      [total, attack, wait]             45.121s, 45.1s, 21.525ms
Latencies     [min, mean, 50, 90, 95, 99, max]  21.049ms, 21.35ms, 21.328ms, 21.478ms, 21.525ms, 21.781ms, 24.257ms
Bytes In      [total, mean]                     904, 2.00
Bytes Out     [total, mean]                     0, 0.00
Success       [ratio]                           100.00%
Status Codes  [code:count]                      200:452  
Error Set:
Requests      [total, rate, throughput]         462, 10.02, 10.02
Duration      [total, attack, wait]             46.122s, 46.1s, 21.241ms
Latencies     [min, mean, 50, 90, 95, 99, max]  21.038ms, 21.348ms, 21.327ms, 21.476ms, 21.525ms, 21.773ms, 24.257ms
Bytes In      [total, mean]                     924, 2.00
Bytes Out     [total, mean]                     0, 0.00
Success       [ratio]                           100.00%
Status Codes  [code:count]                      200:462  
Error Set:
Requests      [total, rate, throughput]         472, 10.02, 10.02
Duration      [total, attack, wait]             47.121s, 47.1s, 21.208ms
Latencies     [min, mean, 50, 90, 95, 99, max]  21.038ms, 21.346ms, 21.325ms, 21.475ms, 21.524ms, 21.764ms, 24.257ms
Bytes In      [total, mean]                     944, 2.00
Bytes Out     [total, mean]                     0, 0.00
Success       [ratio]                           100.00%
Status Codes  [code:count]                      200:472  
Error Set:
Requests      [total, rate, throughput]         482, 10.02, 10.02
Duration      [total, attack, wait]             48.122s, 48.1s, 21.251ms
Latencies     [min, mean, 50, 90, 95, 99, max]  21.038ms, 21.345ms, 21.323ms, 21.473ms, 21.523ms, 21.756ms, 24.257ms
Bytes In      [total, mean]                     964, 2.00
Bytes Out     [total, mean]                     0, 0.00
Success       [ratio]                           100.00%
Status Codes  [code:count]                      200:482  
Error Set:
Requests      [total, rate, throughput]         492, 10.02, 10.02
Duration      [total, attack, wait]             49.122s, 49.1s, 21.348ms
Latencies     [min, mean, 50, 90, 95, 99, max]  21.038ms, 21.344ms, 21.323ms, 21.471ms, 21.522ms, 21.747ms, 24.257ms
Bytes In      [total, mean]                     984, 2.00
Bytes Out     [total, mean]                     0, 0.00
Success       [ratio]                           100.00%
Status Codes  [code:count]                      200:492  
Error Set:
Requests      [total, rate, throughput]         502, 10.02, 10.02
Duration      [total, attack, wait]             50.121s, 50.1s, 21.231ms
Latencies     [min, mean, 50, 90, 95, 99, max]  21.038ms, 21.342ms, 21.322ms, 21.469ms, 21.522ms, 21.739ms, 24.257ms
Bytes In      [total, mean]                     1004, 2.00
Bytes Out     [total, mean]                     0, 0.00
Success       [ratio]                           100.00%
Status Codes  [code:count]                      200:502  
Error Set:
Requests      [total, rate, throughput]         512, 10.02, 10.02
Duration      [total, attack, wait]             51.122s, 51.101s, 21.247ms
Latencies     [min, mean, 50, 90, 95, 99, max]  21.038ms, 21.341ms, 21.321ms, 21.468ms, 21.521ms, 21.73ms, 24.257ms
Bytes In      [total, mean]                     1024, 2.00
Bytes Out     [total, mean]                     0, 0.00
Success       [ratio]                           100.00%
Status Codes  [code:count]                      200:512  
Error Set:
Requests      [total, rate, throughput]         522, 10.02, 10.02
Duration      [total, attack, wait]             52.122s, 52.1s, 21.321ms
Latencies     [min, mean, 50, 90, 95, 99, max]  21.038ms, 21.34ms, 21.32ms, 21.466ms, 21.52ms, 21.722ms, 24.257ms
Bytes In      [total, mean]                     1044, 2.00
Bytes Out     [total, mean]                     0, 0.00
Success       [ratio]                           100.00%
Status Codes  [code:count]                      200:522  
Error Set:
Requests      [total, rate, throughput]         532, 10.02, 10.01
Duration      [total, attack, wait]             53.122s, 53.1s, 21.522ms
Latencies     [min, mean, 50, 90, 95, 99, max]  21.038ms, 21.338ms, 21.319ms, 21.466ms, 21.521ms, 21.713ms, 24.257ms
Bytes In      [total, mean]                     1064, 2.00
Bytes Out     [total, mean]                     0, 0.00
Success       [ratio]                           100.00%
Status Codes  [code:count]                      200:532  
Error Set:
Requests      [total, rate, throughput]         542, 10.02, 10.01
Duration      [total, attack, wait]             54.121s, 54.1s, 21.279ms
Latencies     [min, mean, 50, 90, 95, 99, max]  21.038ms, 21.337ms, 21.319ms, 21.465ms, 21.52ms, 21.705ms, 24.257ms
Bytes In      [total, mean]                     1084, 2.00
Bytes Out     [total, mean]                     0, 0.00
Success       [ratio]                           100.00%
Status Codes  [code:count]                      200:542  
Error Set:
Requests      [total, rate, throughput]         552, 10.02, 10.01
Duration      [total, attack, wait]             55.122s, 55.1s, 21.299ms
Latencies     [min, mean, 50, 90, 95, 99, max]  21.038ms, 21.337ms, 21.319ms, 21.466ms, 21.521ms, 21.697ms, 24.257ms
Bytes In      [total, mean]                     1104, 2.00
Bytes Out     [total, mean]                     0, 0.00
Success       [ratio]                           100.00%
Status Codes  [code:count]                      200:552  
Error Set:
Requests      [total, rate, throughput]         562, 10.02, 10.01
Duration      [total, attack, wait]             56.122s, 56.1s, 21.319ms
Latencies     [min, mean, 50, 90, 95, 99, max]  21.038ms, 21.336ms, 21.318ms, 21.465ms, 21.52ms, 21.691ms, 24.257ms
Bytes In      [total, mean]                     1124, 2.00
Bytes Out     [total, mean]                     0, 0.00
Success       [ratio]                           100.00%
Status Codes  [code:count]                      200:562  
Error Set:
Requests      [total, rate, throughput]         572, 10.02, 10.01
Duration      [total, attack, wait]             57.122s, 57.1s, 21.323ms
Latencies     [min, mean, 50, 90, 95, 99, max]  21.038ms, 21.336ms, 21.318ms, 21.463ms, 21.52ms, 21.685ms, 24.257ms
Bytes In      [total, mean]                     1144, 2.00
Bytes Out     [total, mean]                     0, 0.00
Success       [ratio]                           100.00%
Status Codes  [code:count]                      200:572  
Error Set:
Requests      [total, rate, throughput]         582, 10.02, 10.01
Duration      [total, attack, wait]             58.122s, 58.1s, 21.314ms
Latencies     [min, mean, 50, 90, 95, 99, max]  21.038ms, 21.334ms, 21.317ms, 21.462ms, 21.518ms, 21.679ms, 24.257ms
Bytes In      [total, mean]                     1164, 2.00
Bytes Out     [total, mean]                     0, 0.00
Success       [ratio]                           100.00%
Status Codes  [code:count]                      200:582  
Error Set:
Requests      [total, rate, throughput]         592, 10.02, 10.01
Duration      [total, attack, wait]             59.122s, 59.1s, 21.225ms
Latencies     [min, mean, 50, 90, 95, 99, max]  21.038ms, 21.333ms, 21.317ms, 21.462ms, 21.52ms, 21.713ms, 24.257ms
Bytes In      [total, mean]                     1184, 2.00
Bytes Out     [total, mean]                     0, 0.00
Success       [ratio]                           100.00%
Status Codes  [code:count]                      200:592  
Error Set:
Requests      [total, rate, throughput]         600, 10.02, 10.01
Duration      [total, attack, wait]             59.922s, 59.9s, 21.27ms
Latencies     [min, mean, 50, 90, 95, 99, max]  21.038ms, 21.332ms, 21.316ms, 21.461ms, 21.518ms, 21.709ms, 24.257ms
Bytes In      [total, mean]                     1200, 2.00
Bytes Out     [total, mean]                     0, 0.00
Success       [ratio]                           100.00%
Status Codes  [code:count]                      200:600  
Error Set:
