3.000823 5312.500000 15860 5285.216001 169.126912
3.000024 5312.500000 15705 5234.958090 167.518659
3.000416 5312.500000 15710 5235.940114 167.550084
3.000065 5312.500000 15732 5243.885998 167.804352
3.000044 5312.500000 16060 5353.254157 171.304133
3.000316 5312.500000 15989 5329.105677 170.531382
3.000127 5312.500000 16009 5336.108169 170.755461
3.000057 5312.500000 16049 5349.565236 171.186088
3.000149 5312.500000 15816 5271.738491 168.695632
3.000137 5312.500000 15644 5214.427731 166.861687
3.000025 5312.500000 16066 5355.289278 171.369257
3.000426 5312.500000 16096 5364.571313 171.666282
3.000566 5312.500000 16005 5333.994477 170.687823
3.000018 5312.500000 16092 5363.967246 171.646952
3.000123 5312.500000 16029 5342.780201 170.968966
3.000041 5312.500000 15659 5219.595478 167.027055
3.000360 5312.500000 16021 5339.692469 170.870159
3.000658 5312.500000 15971 5322.498761 170.319960
3.000174 5312.500000 15994 5331.024127 170.592772
3.000030 5312.500000 16173 5390.946884 172.510300
3.000543 5312.500000 15947 5314.704005 170.070528
3.000035 5312.500000 15898 5299.271098 169.576675
3.000060 5312.500000 15862 5287.227658 169.191285
3.000218 5312.500000 15883 5293.948789 169.406361
3.000586 5312.500000 16020 5338.957727 170.846647
3.000018 5312.500000 15827 5275.635037 168.820321
3.000277 5312.500000 15608 5202.187135 166.469988
3.000114 5312.500000 16024 5341.129540 170.916145
3.000480 5312.500000 15848 5281.820744 169.018264
3.000018 5312.500000 15867 5288.967417 169.246957
3.000106 5312.500000 16022 5340.478068 170.895298
3.000807 5312.500000 15846 5280.578650 168.978517
6.000290 5312.500000 16103 5367.264916 171.752477
6.000112 5312.500000 15888 5295.880569 169.468178
6.000191 5312.500000 15880 5293.220289 169.383049
6.000300 5312.500000 15787 5261.878876 168.380124
6.000620 5312.500000 15694 5230.351400 167.371245
6.000267 5312.500000 15671 5223.416020 167.149313
6.000393 5312.500000 15954 5317.346442 170.155086
6.000623 5312.500000 16112 5369.594580 171.827027
6.000339 5312.500000 15863 5287.331835 169.194619
6.000222 5312.500000 15780 5259.642329 168.308555
6.000159 5312.500000 15860 5286.629564 169.172146
6.000167 5312.500000 16024 5341.068823 170.914202
6.000289 5312.500000 16170 5389.588726 172.466839
6.000247 5312.500000 16008 5335.870744 170.747864
6.000165 5312.500000 15843 5280.911925 168.989182
6.000331 5312.500000 15963 5320.475408 170.255213
6.000618 5312.500000 15971 5323.534367 170.353100
6.000671 5312.500000 15850 5282.535591 169.041139
6.000268 5312.500000 16001 5333.243569 170.663794
6.000468 5312.500000 15947 5315.592175 170.098950
6.000727 5312.500000 16054 5351.210998 171.238752
6.000231 5312.500000 15842 5280.446929 168.974302
6.000696 5312.500000 15968 5322.284430 170.313102
6.000611 5312.500000 16031 5343.220465 170.983055
6.000027 5312.500000 15823 5274.317192 168.778150
6.000533 5312.500000 15801 5266.549751 168.529592
6.000618 5312.500000 16061 5353.126940 171.300062
6.000716 5312.500000 15885 5294.470370 169.423052
6.000650 5312.500000 15965 5321.516388 170.288524
6.000899 5312.500000 15987 5328.444285 170.510217
6.000916 5312.500000 15919 5306.169211 169.797415
6.000921 5312.500000 15864 5287.799468 169.209583
9.000333 5312.500000 16016 5338.513858 170.832443
9.000373 5312.500000 15936 5311.813657 169.978037
9.000299 5312.500000 15894 5297.766566 169.528530
9.000319 5312.500000 15778 5259.164735 168.293272
9.000156 5312.500000 15843 5280.922274 168.989513
9.000431 5312.500000 15814 5271.103771 168.675321
9.000795 5312.500000 15756 5251.677071 168.053666
9.000326 5312.500000 16113 5370.935376 171.869932
9.000339 5312.500000 16011 5336.679008 170.773728
9.000836 5312.500000 16051 5349.678109 171.189699
9.000247 5312.500000 15978 5325.971957 170.431103
9.000708 5312.500000 16129 5375.582756 172.018648
9.000403 5312.500000 16071 5356.886222 171.420359
9.000415 5312.500000 15886 5294.936680 169.437974
9.000706 5312.500000 15925 5308.178449 169.861710
9.000805 5312.500000 16079 5359.342304 171.498954
9.000676 5312.500000 16059 5352.900447 171.292814
9.000514 5312.500000 15668 5222.457430 167.118638
9.000868 5312.500000 15925 5307.890598 169.852499
9.000991 5312.500000 16067 5355.094984 171.363039
9.000346 5312.500000 16020 5339.973949 170.879166
9.000241 5312.500000 16035 5344.863207 171.035623
9.000914 5312.500000 15939 5312.614195 170.003654
9.000716 5312.500000 15988 5329.008721 170.528279
9.000037 5312.500000 16160 5386.649605 172.372787
9.001162 5312.500000 16196 5398.192999 172.742176
9.001159 5312.500000 15956 5317.881706 170.172215
9.000655 5312.500000 15955 5317.646130 170.164676
9.000682 5312.500000 15959 5319.611140 170.227556
9.000742 5312.500000 16117 5372.305490 171.913776
9.001147 5312.500000 16102 5366.919666 171.741429
9.001880 5312.500000 15697 5230.662103 167.381187
12.000582 5312.500000 16053 5350.626561 171.220050
12.000636 5312.500000 16030 5342.804279 170.969737
12.000176 5312.500000 16040 5346.632111 171.092228
12.001631 5312.500000 16026 5339.812983 170.874015
12.000921 5312.500000 15962 5319.598849 170.227163
12.000443 5312.500000 16329 5442.787179 174.169190
12.000453 5312.500000 15810 5269.730641 168.631380
12.000759 5312.500000 15810 5269.423606 168.621555
12.000616 5312.500000 15848 5282.167767 169.029369
12.000297 5312.500000 16214 5404.576554 172.946450
12.000568 5312.500000 16023 5340.604777 170.899353
12.000711 5312.500000 15944 5314.657968 170.069055
12.000733 5312.500000 15943 5314.242837 170.055771
12.001087 5312.500000 15806 5268.225661 168.583221
12.000973 5312.500000 15649 5215.534903 166.897117
12.000986 5312.500000 15930 5309.507952 169.904254
12.000973 5312.500000 15892 5296.809462 169.497903
12.000816 5312.500000 15873 5290.963245 169.310824
12.000958 5312.500000 16089 5362.920221 171.613447
12.000718 5312.500000 15856 5285.329181 169.130534
12.001177 5312.500000 16078 5358.668034 171.477377
12.000714 5312.500000 16295 5430.810027 173.785921
12.000795 5312.500000 15858 5285.331927 169.130622
12.000692 5312.500000 16098 5364.827293 171.674473
12.000926 5312.500000 15683 5227.565475 167.282095
12.000993 5312.500000 16144 5381.330740 172.202584
12.001452 5312.500000 15855 5284.484062 169.103490
12.000681 5312.500000 15649 5216.288412 166.921229
12.000743 5312.500000 15865 5288.331866 169.226620
12.001858 5312.500000 15670 5222.121208 167.107879
12.001149 5312.500000 16037 5345.663804 171.061242
12.002073 5312.500000 16055 5351.321597 171.242291
15.000190 5312.500000 15895 5298.307571 169.545842
15.000825 5312.500000 16226 5408.649912 173.076797
15.000978 5312.500000 16204 5401.324736 172.842392
15.000576 5312.500000 15621 5206.986398 166.623565
15.000827 5312.500000 15890 5296.328959 169.482527
15.000732 5312.500000 16197 5398.961643 172.766773
15.001084 5312.500000 15907 5301.821413 169.658285
15.000857 5312.500000 15924 5307.285425 169.833134
15.001715 5312.500000 16088 5361.256747 171.560216
15.000846 5312.500000 15971 5323.464680 170.350870
15.001044 5312.500000 15970 5323.242559 170.343762
15.000343 5312.500000 16017 5338.917174 170.845350
15.001523 5312.500000 15889 5296.207612 169.478644
15.001861 5312.500000 15852 5281.749295 169.015977
15.000967 5312.500000 15880 5293.251768 169.384057
15.000839 5312.500000 15930 5309.299014 169.897568
15.000993 5312.500000 15742 5246.923857 167.901563
15.001351 5312.500000 16090 5362.679740 171.605752
15.001210 5312.500000 15789 5261.957779 168.382649
15.000857 5312.500000 15702 5233.802344 167.481675
15.001066 5312.500000 15969 5322.336683 170.314774
15.001410 5312.500000 15817 5271.565464 168.690095
15.001306 5312.500000 16033 5344.104389 171.011340
15.000963 5312.500000 16051 5349.890268 171.196489
15.001706 5312.500000 15948 5315.868082 170.107779
15.001232 5312.500000 15839 5278.762331 168.920395
15.000936 5312.500000 15989 5329.214378 170.534860
15.001931 5312.500000 15649 5216.205745 166.918584
15.001298 5312.500000 15930 5309.626200 169.908038
15.001139 5312.500000 16099 5366.010918 171.712349
15.001464 5312.500000 16031 5343.106347 170.979403
15.002227 5312.500000 16234 5411.055118 173.153764
18.000513 5312.500000 16009 5335.759092 170.744291
18.001701 5312.500000 15981 5326.378686 170.444118
18.001589 5312.500000 15866 5287.325094 169.194403
18.000635 5312.500000 16037 5345.560862 171.057948
18.000997 5312.500000 16042 5347.326099 171.114435
18.001022 5312.500000 15807 5268.654328 168.596938
18.001428 5312.500000 15913 5303.518812 169.712602
18.001199 5312.500000 15869 5289.032813 169.249050
18.000825 5312.500000 15581 5193.505700 166.192182
18.000867 5312.500000 16026 5341.982039 170.943425
18.001116 5312.500000 16013 5337.610082 170.803523
18.000454 5312.500000 15910 5303.137868 169.700412
18.001283 5312.500000 15867 5288.870661 169.243861
18.001084 5312.500000 15945 5314.811848 170.073979
18.001005 5312.500000 15846 5281.720922 169.015070
18.001354 5312.500000 15997 5332.234482 170.631503
18.000961 5312.500000 16349 5449.476620 174.383252
18.001103 5312.500000 15927 5308.752638 169.880084
18.001971 5312.500000 15827 5274.202958 168.774495
18.001726 5312.500000 15629 5209.117495 166.691760
18.001020 5312.500000 15997 5332.182578 170.629843
18.001127 5312.500000 16030 5343.184503 170.981904
18.001554 5312.500000 15924 5307.561042 169.841953
18.001664 5312.500000 15932 5310.417234 169.933351
18.001075 5312.500000 15875 5291.651062 169.332834
18.001915 5312.500000 15710 5236.571095 167.570275
18.002052 5312.500000 16156 5384.711160 172.310757
18.002004 5312.500000 15936 5310.633460 169.940271
18.001774 5312.500000 15761 5253.563789 168.114041
18.002003 5312.500000 15753 5250.875578 168.028018
18.001557 5312.500000 15998 5332.501430 170.640046
18.002410 5312.500000 15667 5222.014965 167.104479
21.000845 5312.500000 15718 5239.299242 167.657576
21.001448 5312.500000 15980 5325.007780 170.400249
21.000640 5312.500000 15918 5305.669704 169.781431
21.001133 5312.500000 15931 5310.134351 169.924299
21.001383 5312.500000 15986 5328.212772 170.502809
21.001512 5312.500000 16231 5409.769201 173.112614
21.001250 5312.500000 16072 5356.880812 171.420186
21.000962 5312.500000 15990 5329.419003 170.541408
21.001121 5312.500000 15812 5270.462770 168.654809
21.000913 5312.500000 15911 5303.585507 169.714736
21.001188 5312.500000 15759 5252.710122 168.086724
21.001312 5312.500000 16121 5373.257804 171.944250
21.002039 5312.500000 15837 5277.671540 168.885489
21.001998 5312.500000 16350 5448.116474 174.339727
21.001253 5312.500000 16170 5389.754283 172.472137
21.001129 5312.500000 16167 5388.903128 172.444900
21.002186 5312.500000 16378 5458.451057 174.670434
21.001696 5312.500000 15785 5261.416678 168.365334
21.001495 5312.500000 15835 5278.215557 168.902898
21.001851 5312.500000 15844 5281.113466 168.995631
21.001540 5312.500000 15915 5304.670840 169.749467
21.002125 5312.500000 15945 5314.871835 170.075899
21.001715 5312.500000 15885 5294.910452 169.437134
21.002066 5312.500000 16090 5362.480144 171.599365
21.002020 5312.500000 15876 5291.815743 169.338104
21.001199 5312.500000 15832 5277.163294 168.869225
21.002687 5312.500000 15812 5269.467281 168.622953
21.002080 5312.500000 16229 5409.471305 173.103082
21.001846 5312.500000 15877 5292.206309 169.350602
21.002432 5312.500000 15935 5310.905936 169.948990
21.001621 5312.500000 15970 5323.218931 170.343006
21.002413 5312.500000 16012 5337.328683 170.794518
24.000882 5312.500000 16062 5353.933076 171.325858
24.002763 5312.500000 15891 5295.768939 169.464606
24.001476 5312.500000 16006 5334.702714 170.710487
24.001735 5312.500000 15960 5319.963631 170.238836
24.001327 5312.500000 15777 5258.973575 168.287154
24.000874 5312.500000 15879 5292.587230 169.362791
24.002644 5312.500000 16236 5410.560037 173.137921
24.001356 5312.500000 15884 5294.389422 169.420462
24.001131 5312.500000 15882 5293.614378 169.395660
24.001275 5312.500000 15868 5289.178711 169.253719
24.001565 5312.500000 16155 5384.873328 172.315947
24.001153 5312.500000 16094 5364.630221 171.668167
24.001867 5312.500000 16020 5338.907342 170.845035
24.001844 5312.500000 15961 5319.744857 170.231835
24.001547 5312.500000 16084 5361.155865 171.556988
24.001686 5312.500000 15910 5303.075342 169.698411
24.001290 5312.500000 15789 5262.930540 168.413777
24.001387 5312.500000 16119 5372.993193 171.935782
24.000995 5312.500000 15767 5255.609466 168.179503
24.001360 5312.500000 15984 5327.590336 170.482891
24.002011 5312.500000 16049 5349.380433 171.180174
24.001811 5312.500000 15847 5282.130393 169.028173
24.002865 5312.500000 15793 5263.033652 168.417077
24.002182 5312.500000 16082 5360.377051 171.532066
24.002935 5312.500000 16054 5349.735212 171.191527
24.002212 5312.500000 16434 5477.610085 175.283523
24.002902 5312.500000 16123 5372.860898 171.931549
24.002624 5312.500000 16045 5347.552893 171.121693
24.002673 5312.500000 16000 5332.905910 170.652989
24.002723 5312.500000 15943 5314.269239 170.056616
24.001631 5312.500000 15730 5243.315451 167.786094
24.003371 5312.500000 15884 5292.976854 169.375259
27.001032 5312.500000 15915 5304.734692 169.751510
27.002091 5312.500000 15778 5257.650705 168.244823
27.001034 5312.500000 15819 5272.718912 168.727005
27.001829 5312.500000 16005 5334.371294 170.699881
27.001881 5312.500000 15767 5254.630715 168.148183
27.001419 5312.500000 15970 5323.078697 170.338518
27.001427 5312.500000 16081 5359.561445 171.505966
27.001387 5312.500000 15960 5319.998761 170.239960
27.002309 5312.500000 15846 5281.180317 168.997770
27.001603 5312.500000 16355 5451.564287 174.450057
27.001984 5312.500000 16027 5342.026020 170.944833
27.001579 5312.500000 15982 5326.886390 170.460364
27.001957 5312.500000 15842 5280.508129 168.976260
27.001801 5312.500000 15862 5286.917128 169.181348
27.001535 5312.500000 16257 5418.677059 173.397666
27.002124 5312.500000 16073 5357.465482 171.438895
27.003239 5312.500000 15842 5278.806145 168.921797
27.001418 5312.500000 15753 5250.898181 168.028742
27.001293 5312.500000 16017 5338.751912 170.840061
27.003394 5312.500000 16059 5352.122057 171.267906
27.001865 5312.500000 15787 5262.105828 168.387386
27.001780 5312.500000 16547 5515.494103 176.495811
27.002253 5312.500000 15831 5276.927219 168.861671
27.002971 5312.500000 15869 5289.480387 169.263372
27.002644 5312.500000 15918 5305.964820 169.790874
27.002644 5312.500000 15930 5309.999949 169.919998
27.002790 5312.500000 15851 5283.549007 169.073568
27.003064 5312.500000 16062 5353.769917 171.320637
27.002975 5312.500000 16249 5415.950283 173.310409
27.002683 5312.500000 16010 5336.647629 170.772724
27.001867 5312.500000 16123 5373.911357 171.965163
27.003572 5312.500000 16039 5345.974310 171.071178
#type       avg     std     min     5th    10th    90th    95th    99th
read     1337.4   326.4   276.8   876.4   914.5  1662.8  1687.2  2301.4
update   1336.1   322.8   304.5   876.6   914.6  1662.5  1686.8  2289.9
op_q        9.2     3.7     1.0     3.9     4.7    13.8    16.0    18.9

Total QPS = 340085.3 (10202560 / 30.0s)

Misses = 0 (0.0%)
Skipped TXs = 0 (0.0%)

RX 1764106643 bytes :   56.1 MB/s
TX 1129752910 bytes :   35.9 MB/s
