3.000587 3437.500000 10146 3381.338928 108.202846
3.001484 3437.500000 10482 3492.272939 111.752734
3.000507 3437.500000 10124 3374.096198 107.971078
3.000112 3437.500000 10541 3513.534966 112.433119
3.000108 3437.500000 10232 3410.544226 109.137415
3.000282 3437.500000 10250 3416.345225 109.323047
3.000056 3437.500000 10264 3421.269880 109.480636
3.000127 3437.500000 10331 3443.520616 110.192660
3.000364 3437.500000 10284 3427.584515 109.682704
3.000314 3437.500000 10309 3435.973745 109.951160
3.001226 3437.500000 10119 3371.621678 107.891894
3.000373 3437.500000 10170 3389.578274 108.466505
3.000367 3437.500000 10363 3453.911110 110.525156
3.000001 3437.500000 10354 3451.332122 110.442628
3.000630 3437.500000 10295 3430.945737 109.790264
3.000575 3437.500000 10229 3409.013381 109.088428
3.000220 3437.500000 10292 3430.415400 109.773293
3.000802 3437.500000 10069 3355.436139 107.373956
3.000263 3437.500000 10377 3458.696908 110.678301
3.000147 3437.500000 10328 3442.498303 110.159946
3.000067 3437.500000 10362 3453.922386 110.525516
3.000516 3437.500000 10375 3457.738891 110.647645
3.000218 3437.500000 10217 3405.419687 108.973430
3.000240 3437.500000 10301 3433.392268 109.868553
3.000354 3437.500000 10092 3363.603090 107.635299
3.002380 3437.500000 10178 3389.976846 108.479259
3.000017 3437.500000 10330 3443.314234 110.186055
3.000011 3437.500000 10461 3486.986780 111.583577
3.000064 3437.500000 10329 3442.926547 110.173649
3.000112 3437.500000 10200 3399.873631 108.795956
3.000970 3437.500000 10324 3440.221225 110.087079
3.000206 3437.500000 10350 3449.762729 110.392407
6.000297 3437.500000 10329 3442.804940 110.169758
6.000195 3437.500000 10167 3388.901387 108.444844
6.000287 3437.500000 10313 3437.401521 109.996849
6.000312 3437.500000 10462 3487.298494 111.593552
6.000058 3437.500000 10252 3417.286483 109.353167
6.000684 3437.500000 10403 3466.877991 110.940096
6.000448 3437.500000 10502 3500.510774 112.016345
6.000641 3437.500000 10257 3418.519585 109.392627
6.000418 3437.500000 10354 3450.930519 110.429777
6.000589 3437.500000 10321 3439.906916 110.077021
6.001086 3437.500000 10377 3458.051742 110.657656
6.001746 3437.500000 10323 3439.656733 110.069015
6.000422 3437.500000 10395 3464.932236 110.877832
6.000656 3437.500000 10255 3418.003794 109.376121
6.001069 3437.500000 10438 3478.773999 111.320768
6.000333 3437.500000 10169 3389.456404 108.462605
6.000279 3437.500000 10146 3381.811759 108.217976
6.000642 3437.500000 10315 3437.671274 110.005481
6.000775 3437.500000 10486 3494.864971 111.835679
6.001303 3437.500000 10392 3463.091254 110.818920
6.001937 3437.500000 10390 3461.506532 110.768209
6.000991 3437.500000 10243 3413.218496 109.222992
6.001046 3437.500000 10516 3504.848007 112.155136
6.000533 3437.500000 10477 3492.303037 111.753697
6.000164 3437.500000 10337 3445.606591 110.259411
6.000869 3437.500000 10240 3413.257257 109.224232
6.000442 3437.500000 9970 3323.109248 106.339496
6.001451 3437.500000 10297 3432.076531 109.826449
6.001486 3437.500000 10570 3523.331075 112.746594
6.002860 3437.500000 10439 3479.110176 111.331526
6.001044 3437.500000 10373 3457.581645 110.642613
6.000247 3437.500000 10317 3438.953186 110.046502
9.001328 3437.500000 10192 3396.155423 108.676974
9.000342 3437.500000 10476 3491.988837 111.743643
9.000750 3437.500000 10163 3387.591565 108.402930
9.000288 3437.500000 10453 3484.224830 111.495195
9.000559 3437.500000 10197 3398.840104 108.762883
9.000648 3437.500000 10260 3419.869130 109.435812
9.002154 3437.500000 10444 3479.324675 111.338390
9.000600 3437.500000 10304 3434.320164 109.898245
9.000631 3437.500000 10308 3435.635469 109.940335
9.000561 3437.500000 10240 3413.204634 109.222548
9.002320 3437.500000 10395 3463.001956 110.816063
9.000580 3437.500000 10041 3346.665222 107.093287
9.001103 3437.500000 10241 3413.140862 109.220508
9.000718 3437.500000 10321 3440.262367 110.088396
9.000107 3437.500000 10289 3429.610490 109.747536
9.000884 3437.500000 10201 3400.209853 108.806715
9.000710 3437.500000 10222 3407.028575 109.024914
9.001629 3437.500000 10268 3422.294634 109.513428
9.002011 3437.500000 10377 3457.913670 110.653237
9.001055 3437.500000 10176 3391.989117 108.543652
9.000479 3437.500000 10208 3402.309383 108.873900
9.001343 3437.500000 10220 3406.374595 109.003987
9.001163 3437.500000 10474 3490.991098 111.711715
9.001350 3437.500000 10298 3432.256124 109.832196
9.000777 3437.500000 10406 3468.510883 110.992348
9.002950 3437.500000 10291 3428.619608 109.715827
9.001946 3437.500000 10232 3410.440136 109.134084
9.001640 3437.500000 10073 3357.493672 107.439798
9.001984 3437.500000 10232 3410.613831 109.139643
9.002927 3437.500000 10473 3490.922650 111.709525
9.001062 3437.500000 10306 3435.311954 109.929983
9.000293 3437.500000 10412 3470.613648 111.059637
12.002424 3437.500000 10204 3401.215817 108.838906
12.000393 3437.500000 10350 3449.670986 110.389472
12.001358 3437.500000 10423 3474.297999 111.177536
12.000583 3437.500000 10104 3367.729779 107.767353
12.000487 3437.500000 10190 3396.442384 108.686156
12.000840 3437.500000 10152 3383.729580 108.279347
12.000585 3437.500000 10401 3466.971586 110.943091
12.000735 3437.500000 10373 3457.546424 110.641486
12.001397 3437.500000 10332 3443.221056 110.183074
12.000962 3437.500000 10538 3512.449649 112.398389
12.001317 3437.500000 10383 3460.345634 110.731060
12.000866 3437.500000 10256 3418.316633 109.386132
12.002320 3437.500000 10249 3415.906895 109.309021
12.000894 3437.500000 10437 3478.988152 111.327621
12.001468 3437.500000 10329 3442.526028 110.160833
12.000586 3437.500000 10354 3451.326250 110.442440
12.000934 3437.500000 10189 3396.009166 108.672293
12.002941 3437.500000 10222 3406.439730 109.006071
12.000760 3437.500000 10276 3425.276850 109.608859
12.001441 3437.500000 10201 3400.221926 108.807102
12.001203 3437.500000 10479 3492.953848 111.774523
12.001576 3437.500000 10691 3563.105833 114.019387
12.001707 3437.500000 10291 3430.257225 109.768231
12.001650 3437.500000 10337 3445.322633 110.250324
12.001709 3437.500000 10374 3457.908369 110.653068
12.002055 3437.500000 10629 3542.947949 113.374334
12.000789 3437.500000 10406 3468.307708 110.985847
12.003046 3437.500000 10336 3444.114195 110.211654
12.003080 3437.500000 10380 3459.850419 110.715213
12.003248 3437.500000 10355 3451.296732 110.441495
12.001334 3437.500000 10402 3467.019576 110.944626
12.000354 3437.500000 10173 3390.931553 108.509810
15.003260 3437.500000 10406 3465.979590 110.911347
15.002696 3437.500000 10385 3460.525898 110.736829
15.000596 3437.500000 10241 3413.542229 109.233351
15.000819 3437.500000 10502 3500.169382 112.005420
15.000659 3437.500000 10200 3399.916431 108.797326
15.001185 3437.500000 10128 3375.611809 108.019578
15.000967 3437.500000 10327 3441.893085 110.140579
15.000975 3437.500000 10382 3460.217092 110.726947
15.000877 3437.500000 10211 3403.505658 108.912181
15.001296 3437.500000 10498 3498.943168 111.966181
15.001362 3437.500000 10298 3432.662134 109.845188
15.001428 3437.500000 10442 3480.047264 111.361512
15.000924 3437.500000 10293 3430.933491 109.789872
15.001625 3437.500000 10275 3424.739099 109.591651
15.001471 3437.500000 10432 3477.330877 111.274588
15.002639 3437.500000 10348 3447.813866 110.330044
15.001511 3437.500000 10367 3455.585901 110.578749
15.001882 3437.500000 10404 3467.645658 110.964661
15.003624 3437.500000 10297 3430.142854 109.764571
15.000913 3437.500000 9989 3329.497148 106.543909
15.003068 3437.500000 10446 3481.852466 111.419279
15.002903 3437.500000 10591 3529.769555 112.952626
15.001283 3437.500000 10401 3466.907775 110.941049
15.000844 3437.500000 10345 3448.270498 110.344656
15.002084 3437.500000 10270 3423.300318 109.545610
15.001957 3437.500000 10509 3502.641170 112.084517
15.004104 3437.500000 10408 3467.271454 110.952687
15.003117 3437.500000 10403 3467.624220 110.963975
15.003339 3437.500000 10287 3428.896028 109.724673
15.003891 3437.500000 10142 3379.713996 108.150848
15.001439 3437.500000 10414 3471.210992 111.078752
15.000688 3437.500000 10398 3465.613517 110.899633
18.001596 3437.500000 10241 3412.961044 109.214753
18.001531 3437.500000 10472 3490.470625 111.695060
18.000860 3437.500000 10481 3493.432478 111.789839
18.001831 3437.500000 10429 3475.268887 111.208604
18.001011 3437.500000 10266 3421.526620 109.488852
18.001191 3437.500000 10373 3457.659641 110.645109
18.001462 3437.500000 10349 3449.048155 110.369541
18.000951 3437.500000 10167 3388.916679 108.445334
18.001753 3437.500000 10354 3451.008556 110.432274
18.001181 3437.500000 10206 3401.757393 108.856237
18.001536 3437.500000 10277 3425.638507 109.620432
18.001524 3437.500000 10199 3399.558630 108.785876
18.001104 3437.500000 10314 3437.673151 110.005541
18.001815 3437.500000 10196 3398.451664 108.750453
18.003777 3437.500000 10270 3422.035799 109.505146
18.000863 3437.500000 10101 3366.978724 107.743319
18.001860 3437.500000 10571 3522.988081 112.735619
18.005737 3437.500000 10267 3418.867079 109.403747
18.002095 3437.500000 10053 3350.988085 107.231619
18.002057 3437.500000 10219 3406.134532 108.996305
18.001441 3437.500000 10413 3470.832946 111.066654
18.002233 3437.500000 10291 3430.018111 109.760580
18.003205 3437.500000 10152 3383.846096 108.283075
18.003012 3437.500000 10390 3463.207403 110.822637
18.003507 3437.500000 10414 3471.139735 111.076472
18.003580 3437.500000 10242 3413.473257 109.231144
18.001453 3437.500000 10325 3441.650917 110.132829
18.003310 3437.500000 10264 3421.276498 109.480848
18.004492 3437.500000 10136 3377.689688 108.086070
18.004513 3437.500000 10553 3516.937755 112.542008
18.004152 3437.500000 10328 3442.611681 110.163574
18.000774 3437.500000 10479 3492.900189 111.772806
21.004822 3437.500000 10200 3396.195783 108.678265
21.000958 3437.500000 10422 3473.886502 111.164368
21.001571 3437.500000 10287 3428.359515 109.707504
21.000995 3437.500000 10258 3419.282349 109.417035
21.002038 3437.500000 10329 3442.672617 110.165524
21.001446 3437.500000 10405 3468.026312 110.976842
21.002015 3437.500000 10247 3415.107368 109.283436
21.001992 3437.500000 10256 3418.215414 109.382893
21.001679 3437.500000 10592 3530.091564 112.962930
21.002261 3437.500000 10352 3450.153918 110.404925
21.001829 3437.500000 10470 3489.652879 111.668892
21.001642 3437.500000 10426 3475.210919 111.206749
21.001356 3437.500000 10330 3443.044864 110.177436
21.000876 3437.500000 10406 3468.652005 110.996864
21.003445 3437.500000 10300 3431.746181 109.815878
21.002516 3437.500000 10335 3444.516768 110.224537
21.002258 3437.500000 10556 3518.636978 112.596383
21.002377 3437.500000 10211 3403.080715 108.898583
21.001609 3437.500000 10218 3405.809471 108.985903
21.001846 3437.500000 10279 3426.316280 109.642121
21.003471 3437.500000 10178 3392.365132 108.555684
21.004130 3437.500000 10361 3453.033758 110.497080
21.003112 3437.500000 10368 3455.885512 110.588336
21.004328 3437.500000 10317 3437.833898 110.010685
21.004131 3437.500000 10312 3436.927362 109.981676
21.003823 3437.500000 10373 3457.301741 110.633656
21.004269 3437.500000 10422 3473.864430 111.163662
21.004636 3437.500000 10160 3386.504262 108.368136
21.003056 3437.500000 10283 3425.835789 109.626745
21.004714 3437.500000 10428 3475.767464 111.224559
21.005778 3437.500000 10280 3426.620397 109.651853
21.000954 3437.500000 10414 3471.124714 111.075991
24.002046 3437.500000 10284 3427.314582 109.674067
24.001024 3437.500000 10308 3435.967476 109.950959
24.001058 3437.500000 10325 3441.551828 110.129659
24.001648 3437.500000 10330 3443.245614 110.183860
24.002633 3437.500000 10391 3462.738431 110.807630
24.002132 3437.500000 10160 3386.156073 108.356994
24.001964 3437.500000 10362 3453.300308 110.505610
24.001738 3437.500000 10711 3570.217929 114.246974
24.002531 3437.500000 10310 3436.076080 109.954435
24.002124 3437.500000 10170 3389.902747 108.476888
24.001840 3437.500000 10554 3517.728724 112.567319
24.000888 3437.500000 10392 3463.985609 110.847539
24.002321 3437.500000 10471 3490.263115 111.688420
24.002260 3437.500000 10490 3496.353566 111.883314
24.002808 3437.500000 10282 3426.704786 109.654553
24.002683 3437.500000 10132 3377.145434 108.068654
24.005406 3437.500000 10436 3477.417263 111.277352
24.001851 3437.500000 10331 3443.661311 110.197162
24.002639 3437.500000 10166 3388.370392 108.427853
24.004824 3437.500000 10185 3393.469633 108.591028
24.003276 3437.500000 10389 3462.810691 110.809942
24.003751 3437.500000 10211 3403.319470 108.906223
24.004359 3437.500000 10129 3376.075228 108.034407
24.004277 3437.500000 10161 3386.836082 108.378755
24.004434 3437.500000 10305 3434.811266 109.913961
24.004200 3437.500000 10433 3477.230453 111.271374
24.005177 3437.500000 10169 3389.266659 108.456533
24.005265 3437.500000 10228 3408.618314 109.075786
24.004870 3437.500000 10394 3464.486324 110.863562
24.006267 3437.500000 10207 3401.778110 108.856900
24.003475 3437.500000 10115 3371.196544 107.878289
24.001607 3437.500000 10157 3384.930554 108.317778
27.001018 3437.500000 10143 3380.853423 108.187310
27.001389 3437.500000 10317 3438.620740 110.035864
27.001360 3437.500000 10216 3404.952085 108.958467
27.001925 3437.500000 10130 3376.354619 108.043348
27.003050 3437.500000 10387 3461.175323 110.757610
27.003260 3437.500000 10484 3493.013049 111.776418
27.001948 3437.500000 10310 3436.426954 109.965663
27.002838 3437.500000 10351 3449.520936 110.384670
27.003045 3437.500000 10249 3414.974583 109.279187
27.002148 3437.500000 10539 3512.971719 112.415095
27.002354 3437.500000 10282 3427.295439 109.673454
27.002829 3437.500000 10370 3456.011325 110.592362
27.002275 3437.500000 10359 3452.641363 110.484524
27.003213 3437.500000 10248 3415.339719 109.290871
27.002886 3437.500000 10130 3376.438234 108.046023
27.002731 3437.500000 10120 3373.108687 107.939478
27.003475 3437.500000 10321 3439.375442 110.060014
27.003423 3437.500000 10325 3441.497943 110.127934
27.003481 3437.500000 10080 3359.246209 107.495879
27.005312 3437.500000 10372 3457.176806 110.629658
27.003758 3437.500000 10470 3489.992195 111.679750
27.004443 3437.500000 10467 3488.902063 111.644866
27.004336 3437.500000 10082 3360.599499 107.539184
27.005014 3437.500000 10286 3428.501833 109.712059
27.004405 3437.500000 10166 3388.434977 108.429919
27.004726 3437.500000 10256 3418.333533 109.386673
27.004919 3437.500000 10340 3446.558138 110.289860
27.005522 3437.500000 10210 3403.042679 108.897366
27.005424 3437.500000 10275 3424.979195 109.599334
27.004232 3437.500000 10375 3457.460465 110.638735
27.007145 3437.500000 10381 3459.321466 110.698287
27.002629 3437.500000 10282 3426.165100 109.637283
#type       avg     std     min     5th    10th    90th    95th    99th
read      439.1   146.7    80.2   231.3   259.3   640.1   698.8   805.0
update    442.4   146.9    80.2   232.7   261.3   642.2   700.6   805.1
op_q        2.8     1.5     1.0     1.0     1.0     4.7     5.6     7.2

Total QPS = 220032.0 (6600959 / 30.0s)

Misses = 0 (0.0%)
Skipped TXs = 0 (0.0%)

RX 1139574632 bytes :   36.2 MB/s
TX  730664001 bytes :   23.2 MB/s
