3.000604 3125.000000 9224 3074.048266 98.369545
3.000319 3125.000000 9272 3090.338280 98.890825
3.000225 3125.000000 9438 3145.764029 100.664449
3.000118 3125.000000 9393 3130.876974 100.188063
3.000116 3125.000000 9265 3088.214168 98.822853
3.000188 3125.000000 9314 3104.472149 99.343109
3.000624 3125.000000 9156 3051.365768 97.643705
3.002543 3125.000000 9267 3086.384164 98.764293
3.000055 3125.000000 9357 3118.943307 99.806186
3.000535 3125.000000 9308 3102.113375 99.267628
3.000106 3125.000000 9433 3144.222613 100.615124
3.000463 3125.000000 9276 3091.523257 98.928744
3.000159 3125.000000 9207 3068.837115 98.202788
3.000705 3125.000000 9397 3131.596970 100.211103
3.000022 3125.000000 9455 3151.643276 100.852585
3.000394 3125.000000 9383 3127.256427 100.072206
3.000066 3125.000000 9288 3095.931388 99.069804
3.000428 3125.000000 9403 3133.886139 100.284356
3.000266 3125.000000 9411 3136.722307 100.375114
3.000057 3125.000000 9486 3161.940225 101.182087
3.000081 3125.000000 9426 3141.914725 100.541271
3.000100 3125.000000 9441 3146.894875 100.700636
3.000093 3125.000000 9492 3163.901466 101.244847
3.000199 3125.000000 9355 3118.126430 99.780046
3.000827 3125.000000 9271 3089.481906 98.863421
3.000026 3125.000000 9430 3143.306101 100.585795
3.000868 3125.000000 9662 3219.734775 103.031513
3.000823 3125.000000 9228 3075.156260 98.405000
3.000079 3125.000000 9348 3115.918306 99.709386
3.000428 3125.000000 9351 3116.555516 99.729776
3.000010 3125.000000 9316 3105.323224 99.370343
3.000260 3125.000000 9340 3113.063606 99.618035
6.000229 3125.000000 9349 3116.290826 99.721306
6.000360 3125.000000 9577 3192.073294 102.146345
6.000466 3125.000000 9287 3095.254760 99.048152
6.001141 3125.000000 9281 3092.586905 98.962781
6.000187 3125.000000 9388 3129.261448 100.136366
6.000333 3125.000000 9374 3124.485818 99.983546
6.000228 3125.000000 9283 3094.303371 99.017708
6.000192 3125.000000 9477 3158.884009 101.084288
6.000689 3125.000000 9283 3093.681505 98.997808
6.000362 3125.000000 9550 3183.006963 101.856223
6.000312 3125.000000 9303 3100.951582 99.230451
6.000084 3125.000000 9376 3125.269487 100.008624
6.000615 3125.000000 9362 3120.108419 99.843469
6.000440 3125.000000 9298 3098.982198 99.167430
6.000530 3125.000000 9291 3096.859049 99.099490
6.000909 3125.000000 9674 3224.187069 103.173986
6.000893 3125.000000 9573 3190.389264 102.092456
6.000856 3125.000000 9443 3147.329690 100.714550
6.000323 3125.000000 9478 3159.104309 101.091338
6.000733 3125.000000 9376 3124.804504 99.993744
6.000490 3125.000000 9332 3110.602183 99.539270
6.000493 3125.000000 9338 3112.182391 99.589837
6.000859 3125.000000 9533 3177.628410 101.684109
6.001221 3125.000000 9226 3074.805135 98.393764
6.001499 3125.000000 9201 3066.084412 98.114701
6.000704 3125.000000 9414 3137.916208 100.413319
6.000695 3125.000000 9347 3115.388753 99.692440
6.001192 3125.000000 9466 3154.993080 100.959779
6.000884 3125.000000 9330 3109.940481 99.518095
6.002686 3125.000000 9306 3101.852215 99.259271
6.001042 3125.000000 9437 3144.584533 100.626705
6.000735 3125.000000 9441 3146.502151 100.688069
9.000406 3125.000000 9108 3035.905534 97.148977
9.000402 3125.000000 9343 3114.289944 99.657278
9.000237 3125.000000 9342 3113.953294 99.646505
9.000242 3125.000000 9301 3100.276497 99.208848
9.000355 3125.000000 9459 3152.866857 100.891739
9.000701 3125.000000 9265 3087.847560 98.811122
9.000440 3125.000000 9558 3185.886384 101.948364
9.000442 3125.000000 9225 3074.632247 98.388232
9.000545 3125.000000 9323 3107.557997 99.441856
9.000506 3125.000000 9247 3082.185511 98.629936
9.000929 3125.000000 9505 3167.912060 101.373186
9.000701 3125.000000 9418 3139.087445 100.450798
9.000610 3125.000000 9200 3066.544054 98.129410
9.000842 3125.000000 9452 3150.551656 100.817653
9.000695 3125.000000 9381 3126.993891 100.063805
9.001231 3125.000000 9436 3144.940606 100.638099
9.001160 3125.000000 9347 3115.406017 99.692993
9.002984 3125.000000 9519 3171.430494 101.485776
9.000588 3125.000000 9497 3165.387056 101.292386
9.001119 3125.000000 9448 3149.095969 100.771071
9.000988 3125.000000 9230 3076.374784 98.443993
9.000555 3125.000000 9445 3148.267593 100.744563
9.001464 3125.000000 9459 3152.660269 100.885129
9.001353 3125.000000 9384 3127.862172 100.091589
9.000894 3125.000000 9397 3132.042056 100.225346
9.001624 3125.000000 9297 3098.553378 99.153708
9.000725 3125.000000 9392 3130.635827 100.180346
9.002082 3125.000000 9362 3119.395278 99.820649
9.000929 3125.000000 9311 3103.620416 99.315853
9.002784 3125.000000 9186 3061.899544 97.980785
9.001133 3125.000000 9334 3111.239492 99.559664
9.000949 3125.000000 9176 3058.448032 97.870337
12.000556 3125.000000 9361 3120.173049 99.845538
12.001231 3125.000000 9284 3094.265313 99.016490
12.000494 3125.000000 9627 3208.942503 102.686160
12.001055 3125.000000 9493 3163.864224 101.243655
12.000498 3125.000000 9279 3092.730077 98.967362
12.000256 3125.000000 9309 3102.985537 99.295537
12.001254 3125.000000 9312 3103.427399 99.309677
12.000749 3125.000000 9570 3189.948449 102.078350
12.001388 3125.000000 9318 3105.087326 99.362794
12.000427 3125.000000 9491 3163.644213 101.236615
12.004064 3125.000000 9422 3138.592946 100.434974
12.000606 3125.000000 9512 3170.602081 101.459267
12.000431 3125.000000 9541 3180.252345 101.768075
12.001266 3125.000000 9431 3143.313549 100.586034
12.000477 3125.000000 9220 3073.297868 98.345532
12.000825 3125.000000 9396 3131.864406 100.219661
12.001478 3125.000000 9458 3152.535610 100.881140
12.001323 3125.000000 9275 3091.456301 98.926602
12.001499 3125.000000 9404 3134.629912 100.308157
12.001274 3125.000000 9389 3128.951006 100.126432
12.001454 3125.000000 9377 3125.360475 100.011535
12.000868 3125.000000 9435 3144.672901 100.629533
12.001428 3125.000000 9393 3130.794726 100.185431
12.001777 3125.000000 9460 3152.504610 100.880148
12.001546 3125.000000 9362 3120.024501 99.840784
12.000920 3125.000000 9481 3160.306629 101.129812
12.000742 3125.000000 9437 3145.648433 100.660750
12.001976 3125.000000 9052 3016.979296 96.543337
12.002908 3125.000000 9327 3108.871610 99.483892
12.003334 3125.000000 9442 3146.966041 100.702913
12.001263 3125.000000 9233 3077.532611 98.481044
12.001633 3125.000000 9490 3162.612655 101.203605
15.001644 3125.000000 9297 3098.828538 99.162513
15.000770 3125.000000 9362 3120.310027 99.849921
15.000545 3125.000000 9478 3159.279148 101.096933
15.000675 3125.000000 9589 3196.259968 102.280319
15.001674 3125.000000 9317 3105.231778 99.367417
15.000470 3125.000000 9491 3163.440875 101.230108
15.001931 3125.000000 9302 3099.621587 99.187891
15.001426 3125.000000 9125 3040.980333 97.311371
15.000865 3125.000000 9484 3161.008134 101.152260
15.000763 3125.000000 9304 3101.059543 99.233905
15.000472 3125.000000 9555 3184.957022 101.918625
15.000987 3125.000000 9276 3091.474807 98.927194
15.001500 3125.000000 9520 3173.049215 101.537575
15.001424 3125.000000 9371 3123.502559 99.952082
15.001117 3125.000000 9463 3154.025428 100.928814
15.001743 3125.000000 9690 3229.660137 103.349124
15.001455 3125.000000 9214 3071.331985 98.282624
15.001480 3125.000000 9398 3132.223439 100.231150
15.001900 3125.000000 9409 3135.914744 100.349272
15.001803 3125.000000 9265 3087.839967 98.810879
15.003233 3125.000000 9366 3119.962776 99.838809
15.001442 3125.000000 9380 3126.609758 100.051512
15.000997 3125.000000 9378 3125.865073 100.027682
15.001058 3125.000000 9377 3125.338347 100.010827
15.002257 3125.000000 9271 3089.839107 98.874851
15.001921 3125.000000 9385 3127.942439 100.094158
15.002054 3125.000000 9582 3193.917585 102.205363
15.003215 3125.000000 9554 3184.340349 101.898891
15.003806 3125.000000 9343 3113.844067 99.643010
15.001388 3125.000000 9428 3142.536167 100.561157
15.004118 3125.000000 9421 3140.276478 100.488847
15.001854 3125.000000 9280 3093.105292 98.979369
18.000876 3125.000000 9248 3082.249531 98.631985
18.001099 3125.000000 9620 3206.213648 102.598837
18.000573 3125.000000 9586 3195.303667 102.249717
18.000871 3125.000000 9594 3197.892076 102.332546
18.000681 3125.000000 9413 3137.448053 100.398338
18.001162 3125.000000 9361 3119.918719 99.837399
18.001389 3125.000000 9425 3141.118017 100.515777
18.002695 3125.000000 9481 3158.994182 101.087814
18.001957 3125.000000 9223 3074.275187 98.376806
18.001815 3125.000000 9444 3147.609341 100.723499
18.001580 3125.000000 9189 3062.872763 98.011928
18.001698 3125.000000 9459 3152.389540 100.876465
18.001947 3125.000000 9274 3090.796708 98.905495
18.001270 3125.000000 9268 3089.051982 98.849663
18.001538 3125.000000 9502 3166.750948 101.336030
18.001967 3125.000000 9363 3120.663958 99.861247
18.001777 3125.000000 9293 3097.632162 99.124229
18.001846 3125.000000 9425 3141.304373 100.521740
18.001497 3125.000000 9534 3177.981599 101.695411
18.002197 3125.000000 9366 3121.850400 99.899213
18.001687 3125.000000 9469 3156.319937 101.002238
18.001965 3125.000000 9442 3147.162750 100.709208
18.002007 3125.000000 9463 3154.243451 100.935790
18.001124 3125.000000 9519 3172.929767 101.533753
18.002085 3125.000000 9458 3152.505384 100.880172
18.002766 3125.000000 9173 3057.147459 97.828719
18.003305 3125.000000 9417 3138.906301 100.445002
18.003234 3125.000000 9365 3121.665721 99.893303
18.003924 3125.000000 9417 3138.876262 100.444040
18.002376 3125.000000 9660 3218.940059 103.006082
18.004277 3125.000000 9253 3084.170377 98.693452
18.001980 3125.000000 9309 3102.869160 99.291813
21.001110 3125.000000 9434 3144.103619 100.611316
21.001450 3125.000000 9391 3129.531145 100.144997
21.001082 3125.000000 9373 3124.113977 99.971647
21.001320 3125.000000 9323 3107.502769 99.440089
21.000959 3125.000000 9497 3165.579173 101.298534
21.001698 3125.000000 9351 3116.377492 99.724080
21.001727 3125.000000 9334 3111.180768 99.557785
21.001764 3125.000000 9216 3071.616019 98.291713
21.001694 3125.000000 9247 3082.130486 98.628176
21.001707 3125.000000 9237 3078.991606 98.527731
21.001953 3125.000000 9331 3110.189947 99.526078
21.001540 3125.000000 9329 3109.387274 99.500393
21.002277 3125.000000 9445 3147.808353 100.729867
21.002034 3125.000000 9283 3093.975999 99.007232
21.003063 3125.000000 9461 3153.280350 100.904971
21.001762 3125.000000 9221 3073.437704 98.350007
21.002266 3125.000000 9369 3122.668354 99.925387
21.002375 3125.000000 9497 3165.234455 101.287503
21.002237 3125.000000 9480 3159.704668 101.110549
21.002796 3125.000000 9534 3177.122044 101.667905
21.002800 3125.000000 9332 3109.678196 99.509702
21.002200 3125.000000 9568 3189.210730 102.054743
21.001148 3125.000000 9175 3058.309217 97.865895
21.002687 3125.000000 9399 3132.489189 100.239654
21.002064 3125.000000 9384 3127.940722 100.094103
21.003428 3125.000000 9271 3090.133927 98.884286
21.003373 3125.000000 9362 3120.595899 99.859069
21.002788 3125.000000 9480 3159.976697 101.119254
21.004012 3125.000000 9484 3161.240896 101.159709
21.004423 3125.000000 9417 3138.847258 100.443112
21.002433 3125.000000 9269 3089.607890 98.867452
21.002026 3125.000000 9458 3152.619061 100.883810
24.001865 3125.000000 9360 3119.057660 99.809845
24.002216 3125.000000 9492 3163.462906 101.230813
24.001326 3125.000000 9471 3156.772812 101.016730
24.001787 3125.000000 9480 3159.508077 101.104258
24.001356 3125.000000 9292 3097.050610 99.105620
24.002195 3125.000000 9188 3062.501686 98.000054
24.001882 3125.000000 9187 3061.892040 97.980545
24.002093 3125.000000 9326 3108.287386 99.465196
24.001708 3125.000000 9577 3192.154132 102.148932
24.001797 3125.000000 9415 3138.229755 100.423352
24.001796 3125.000000 9605 3201.632168 102.452229
24.003523 3125.000000 9375 3124.843826 99.995002
24.002070 3125.000000 9380 3126.275734 100.040823
24.002051 3125.000000 9211 3070.233443 98.247470
24.002336 3125.000000 9210 3069.413055 98.221218
24.002444 3125.000000 9402 3133.928315 100.285706
24.002456 3125.000000 9371 3123.480585 99.951379
24.002460 3125.000000 9353 3117.434795 99.757913
24.002839 3125.000000 9419 3139.621753 100.467896
24.002471 3125.000000 9496 3165.047386 101.281516
24.001214 3125.000000 9352 3117.264097 99.752451
24.003372 3125.000000 9444 3146.839271 100.698857
24.003344 3125.000000 9156 3051.713853 97.654843
24.002796 3125.000000 9093 3030.890040 96.988481
24.002259 3125.000000 9243 3080.799773 98.585593
24.003084 3125.000000 9336 3111.693755 99.574200
24.004617 3125.000000 9472 3156.695949 101.014270
24.003029 3125.000000 9251 3083.430701 98.669782
24.003433 3125.000000 9544 3181.327175 101.802470
24.004556 3125.000000 9433 3144.193749 100.614200
24.002654 3125.000000 9646 3215.095816 102.883066
24.002561 3125.000000 9260 3086.116304 98.755722
27.002211 3125.000000 9492 3163.983636 101.247476
27.002017 3125.000000 9344 3113.980514 99.647376
27.001874 3125.000000 9289 3096.254542 99.080145
27.002322 3125.000000 9373 3123.785574 99.961138
27.001379 3125.000000 9403 3134.278129 100.296900
27.002274 3125.000000 9352 3116.827979 99.738495
27.004115 3125.000000 9340 3111.000578 99.552018
27.001924 3125.000000 9429 3142.956339 100.574603
27.002244 3125.000000 9303 3100.446399 99.214285
27.002324 3125.000000 9512 3170.422257 101.453512
27.002667 3125.000000 9484 3161.097841 101.155131
27.002375 3125.000000 9446 3148.326060 100.746434
27.002549 3125.000000 9338 3112.574027 99.602369
27.003461 3125.000000 9309 3101.960813 99.262746
27.001265 3125.000000 9296 3098.614305 99.155658
27.002532 3125.000000 9283 3094.007389 99.008236
27.002931 3125.000000 9375 3124.102636 99.971284
27.002340 3125.000000 9497 3165.661575 101.301170
27.002932 3125.000000 9257 3085.570372 98.738252
27.004165 3125.000000 9316 3104.513174 99.344422
27.003353 3125.000000 9352 3117.324419 99.754381
27.002637 3125.000000 9232 3076.945467 98.462255
27.004870 3125.000000 9537 3178.667652 101.717365
27.003692 3125.000000 9300 3099.825414 99.194413
27.004560 3125.000000 9514 3170.143365 101.444588
27.003042 3125.000000 9330 3109.986882 99.519580
27.003193 3125.000000 9319 3105.921738 99.389496
27.002591 3125.000000 9243 3080.877189 98.588070
27.003668 3125.000000 9312 3103.395394 99.308653
27.004979 3125.000000 9294 3097.626507 99.124048
27.003048 3125.000000 9470 3156.252463 101.000079
27.003002 3125.000000 9321 3106.542646 99.409365
#type       avg     std     min     5th    10th    90th    95th    99th
read      348.0   209.0    54.8   177.6   202.2   507.1   556.4   649.5
update    350.8   208.9    60.2   178.7   203.7   509.9   558.8   650.0
op_q        2.3     1.4     1.0     1.0     1.0     4.0     4.7     5.9

Total QPS = 199864.1 (5995922 / 30.0s)

Misses = 0 (0.0%)
Skipped TXs = 0 (0.0%)

RX 1030487751 bytes :   32.8 MB/s
TX  663708936 bytes :   21.1 MB/s
