3.017215 62.500000 185 61.314823 1.962074
3.001540 62.500000 172 57.303915 1.833725
3.009219 62.500000 169 56.160754 1.797144
3.098447 62.500000 215 69.389608 2.220467
3.001895 62.500000 189 62.960224 2.014727
3.022638 62.500000 192 63.520672 2.032661
3.015981 62.500000 165 54.708569 1.750674
3.004609 62.500000 176 58.576673 1.874454
3.002041 62.500000 203 67.620671 2.163861
3.023665 62.500000 186 61.514758 1.968472
3.010949 62.500000 174 57.789084 1.849251
3.021684 62.500000 169 55.929070 1.789730
3.014279 62.500000 180 59.715768 1.910905
3.023103 62.500000 188 62.187754 1.990008
3.109350 62.500000 171 54.995410 1.759853
3.011998 62.500000 192 63.745068 2.039842
3.000398 62.500000 173 57.659024 1.845089
3.008846 62.500000 191 63.479481 2.031343
3.060339 62.500000 211 68.946621 2.206292
3.009939 62.500000 169 56.147317 1.796714
3.005667 62.500000 168 55.894410 1.788621
3.023672 62.500000 199 65.814019 2.106049
3.026908 62.500000 147 48.564406 1.554061
3.022983 62.500000 164 54.251053 1.736034
3.049005 62.500000 178 58.379705 1.868151
3.010705 62.500000 170 56.465175 1.806886
3.064186 62.500000 199 64.943830 2.078203
3.009647 62.500000 183 60.804475 1.945743
3.005644 62.500000 216 71.864810 2.299674
3.006618 62.500000 198 65.854723 2.107351
3.002535 62.500000 183 60.948506 1.950352
6.035223 62.500000 208 68.753884 2.200124
6.012179 62.500000 196 65.191828 2.086139
6.025121 62.500000 175 58.018593 1.856595
6.015446 62.500000 173 57.400592 1.836819
6.017760 62.500000 184 61.013631 1.952436
6.024486 62.500000 190 63.294338 2.025419
6.005388 62.500000 184 61.317405 1.962157
6.131520 62.500000 155 49.723457 1.591151
6.042056 62.500000 196 64.662850 2.069211
6.028806 62.500000 188 62.547759 2.001528
6.011345 62.500000 180 59.781847 1.913019
6.005579 62.500000 208 69.248310 2.215946
6.051602 62.500000 208 68.309068 2.185890
6.081141 62.500000 158 51.547055 1.649506
6.027089 62.500000 164 54.393050 1.740578
6.018222 62.500000 181 60.313079 1.930019
6.011607 62.500000 170 56.629674 1.812150
6.065668 62.500000 173 57.564402 1.842061
6.027423 62.500000 211 70.199043 2.246369
6.022708 62.500000 153 50.796769 1.625497
6.029149 62.500000 201 66.950001 2.142400
6.010389 62.500000 210 69.972697 2.239126
6.030577 62.500000 171 56.868975 1.819807
6.052185 62.500000 148 48.868862 1.563804
6.036175 62.500000 165 54.445899 1.742269
6.036650 62.500000 185 61.387010 1.964384
6.070393 62.500000 188 62.223062 1.991138
6.116140 62.500000 228 74.706241 2.390600
6.106970 62.500000 186 61.824344 1.978379
6.109729 62.500000 171 56.992799 1.823770
6.015179 62.500000 159 52.777553 1.688882
9.020615 62.500000 177 58.943902 1.886205
9.030511 62.500000 192 63.963650 2.046837
9.043617 62.500000 196 64.881135 2.076196
9.029816 62.500000 173 57.576553 1.842450
9.014450 62.500000 187 62.286182 1.993158
9.008414 62.500000 157 52.283917 1.673085
9.011397 62.500000 203 67.531412 2.161005
9.069650 62.500000 160 52.647624 1.684724
9.022801 62.500000 189 62.904000 2.012928
9.046477 62.500000 170 56.086536 1.794769
9.039609 62.500000 206 68.598987 2.195168
9.036058 62.500000 197 65.109582 2.083507
9.038023 62.500000 203 67.070242 2.146248
9.028205 62.500000 196 65.316310 2.090122
9.126388 62.500000 182 60.276529 1.928849
9.062207 62.500000 194 64.090188 2.050886
9.039973 62.500000 193 64.058231 2.049863
9.057328 62.500000 196 65.002427 2.080078
9.031754 62.500000 214 71.271447 2.280686
9.122630 62.500000 213 69.371067 2.219874
9.066157 62.500000 206 68.655479 2.196975
9.047515 62.500000 203 67.151191 2.148838
9.013139 62.500000 190 63.301007 2.025632
9.093006 62.500000 198 65.739999 2.103680
9.135205 62.500000 201 64.858999 2.075488
9.135762 62.500000 209 69.568312 2.226186
9.100507 62.500000 182 60.063746 1.922040
9.111741 62.500000 211 70.286209 2.249159
9.061507 62.500000 198 65.782807 2.105050
9.124625 62.500000 196 65.149082 2.084771
9.030044 62.500000 180 59.704174 1.910534
12.088666 125.000000 262 85.828250 2.746504
12.015548 125.000000 315 104.854911 3.355357
12.015809 125.000000 331 110.283363 3.529068
12.020435 125.000000 350 116.201056 3.718434
12.064242 125.000000 282 92.719212 2.967015
12.021808 125.000000 299 99.627043 3.188065
12.033126 125.000000 322 107.215056 3.430882
12.033159 125.000000 252 83.925942 2.685630
12.038865 125.000000 346 115.060569 3.681938
12.030467 125.000000 331 110.250227 3.528007
12.079971 125.000000 318 104.592823 3.346970
12.059049 125.000000 357 118.503399 3.792109
12.045478 125.000000 334 111.057333 3.553835
12.062805 125.000000 315 104.808652 3.353877
12.045632 125.000000 327 108.794754 3.481432
12.024286 125.000000 352 116.898973 3.740767
12.063428 125.000000 290 96.627327 3.092074
12.044334 125.000000 322 107.307674 3.433846
12.068739 125.000000 318 105.908845 3.389083
12.071354 125.000000 267 88.949488 2.846384
12.048646 125.000000 324 107.959331 3.454699
12.099640 125.000000 354 117.739640 3.767668
12.114177 125.000000 341 113.574431 3.634382
12.073094 125.000000 298 98.951130 3.166436
12.131218 125.000000 323 107.359301 3.435498
12.103096 125.000000 325 108.239910 3.463677
12.157832 125.000000 330 109.196660 3.494293
12.130293 125.000000 312 103.864789 3.323673
12.131333 125.000000 342 113.745657 3.639861
12.141705 125.000000 328 109.096940 3.491102
12.046081 125.000000 299 99.136695 3.172374
3.013449 62.500000 168 55.750080 1.784003
15.020603 125.000000 372 123.802188 3.961670
15.026199 125.000000 329 109.506417 3.504205
15.016238 125.000000 363 120.972189 3.871110
15.138635 125.000000 365 120.242235 3.847752
15.055174 125.000000 373 123.939150 3.966053
15.036814 125.000000 345 114.860052 3.675522
15.052922 125.000000 354 117.226432 3.751246
15.034643 125.000000 370 122.751999 3.928064
15.032538 125.000000 365 121.582725 3.890647
15.096248 125.000000 354 116.554733 3.729751
15.055657 125.000000 398 131.928236 4.221704
15.056452 125.000000 407 135.172243 4.325512
15.098399 125.000000 399 131.440528 4.206097
15.088452 125.000000 398 131.604591 4.211347
15.051773 125.000000 389 129.531650 4.145013
15.068894 125.000000 399 132.993119 4.255780
15.056265 125.000000 367 121.848733 3.899159
15.035307 125.000000 340 112.918481 3.613391
15.064275 125.000000 391 130.296565 4.169490
15.072106 125.000000 309 102.974190 3.295174
15.131562 125.000000 366 120.715525 3.862897
15.093967 125.000000 362 120.453815 3.854522
15.122904 125.000000 422 140.258663 4.488277
15.080694 125.000000 443 147.631084 4.724195
15.149460 125.000000 335 110.991765 3.551736
15.130412 125.000000 403 134.328025 4.298497
15.074833 125.000000 369 122.928776 3.933721
15.162389 125.000000 404 134.462427 4.302798
15.136332 125.000000 408 135.773750 4.344760
15.147511 125.000000 429 142.723798 4.567162
15.055901 125.000000 360 119.608503 3.827472
6.015723 62.500000 207 68.947717 2.206327
18.028832 125.000000 358 119.228682 3.815318
18.017265 125.000000 376 125.290435 4.009294
18.038953 125.000000 362 119.933073 3.837858
18.114872 125.000000 291 96.153223 3.076903
18.043147 125.000000 366 121.655117 3.892964
18.037280 125.000000 392 130.646383 4.180684
18.035497 125.000000 400 133.201965 4.262463
18.059095 125.000000 389 129.400414 4.140813
18.066725 125.000000 407 135.555952 4.337790
18.061946 125.000000 399 132.756859 4.248219
18.065092 125.000000 411 136.598091 4.371139
18.057309 125.000000 409 136.236355 4.359563
18.072704 125.000000 377 125.507304 4.016234
18.037640 125.000000 374 124.569820 3.986234
18.066624 125.000000 380 126.205323 4.038570
18.060470 125.000000 385 127.962364 4.094796
18.072160 125.000000 357 118.997850 3.807931
18.101065 125.000000 364 121.138827 3.876442
18.108502 125.000000 373 123.916017 3.965313
18.096187 125.000000 340 113.249513 3.623984
18.086751 125.000000 342 113.770306 3.640650
18.130780 125.000000 377 125.337599 4.010803
18.141658 125.000000 359 119.265300 3.816490
18.148764 125.000000 401 133.216869 4.262940
18.139625 125.000000 344 114.315583 3.658099
18.076752 125.000000 403 134.247440 4.295918
18.170946 125.000000 373 123.979708 3.967351
18.151462 125.000000 415 138.241102 4.423715
18.152556 125.000000 426 141.236217 4.519559
18.187755 125.000000 351 115.451275 3.694441
18.064910 125.000000 351 116.649678 3.732790
9.019621 62.500000 163 54.262831 1.736411
21.018690 125.000000 383 127.606034 4.083393
21.044054 125.000000 401 132.991838 4.255739
21.061586 125.000000 378 125.056519 4.001809
21.042797 125.000000 383 127.432299 4.077834
21.048831 125.000000 350 116.150387 3.716812
21.067257 125.000000 429 142.612025 4.563585
21.043363 125.000000 352 117.324881 3.754396
21.063531 125.000000 399 132.929760 4.253752
21.085548 125.000000 325 107.871492 3.451888
21.067865 125.000000 371 123.619690 3.955830
21.122522 125.000000 366 121.133634 3.876276
21.072350 125.000000 395 131.658301 4.213066
21.061812 125.000000 368 122.482825 3.919450
21.067128 125.000000 360 119.918621 3.837396
21.070184 125.000000 351 116.861321 3.739562
21.044494 125.000000 380 126.377924 4.044094
21.062033 125.000000 384 127.933337 4.093867
21.142023 125.000000 350 115.620250 3.699848
21.091128 125.000000 369 122.820787 3.930265
21.115541 125.000000 358 119.053971 3.809727
21.180898 125.000000 357 118.606536 3.795409
21.101782 125.000000 395 131.421599 4.205491
21.133967 125.000000 410 136.521654 4.368693
21.165594 125.000000 329 108.798606 3.481555
21.139791 125.000000 375 124.993099 3.999779
21.078420 125.000000 350 116.601841 3.731259
21.188583 125.000000 410 134.996282 4.319881
21.158287 125.000000 313 104.003190 3.328102
21.156529 125.000000 393 130.826707 4.186455
21.068982 125.000000 397 132.153973 4.228927
21.204075 125.000000 382 126.644382 4.052620
12.041541 125.000000 259 85.707114 2.742628
24.034657 125.000000 403 133.622142 4.275909
24.085673 125.000000 390 129.206846 4.134619
24.055226 125.000000 365 121.187484 3.877999
24.083883 125.000000 381 126.325514 4.042416
24.059179 125.000000 390 129.293967 4.137407
24.053984 125.000000 337 112.140722 3.588503
24.052880 125.000000 386 128.289260 4.105256
24.074750 125.000000 355 117.892446 3.772558
24.081606 125.000000 349 115.774616 3.704788
24.062766 125.000000 343 114.288381 3.657228
24.074709 125.000000 402 133.894737 4.284632
24.062838 125.000000 368 122.624742 3.923992
24.070439 125.000000 393 130.988868 4.191644
24.090342 125.000000 386 128.461388 4.110764
24.073213 125.000000 351 116.565586 3.730099
24.048924 125.000000 364 121.154419 3.876941
24.110324 125.000000 372 123.647932 3.956734
24.136127 125.000000 353 117.582012 3.762624
24.132084 125.000000 428 141.884300 4.540298
24.122748 125.000000 343 114.324729 3.658391
24.095918 125.000000 366 121.805527 3.897777
24.139803 125.000000 371 123.666149 3.957317
24.145833 125.000000 384 127.837650 4.090805
24.079357 125.000000 338 112.631497 3.604208
24.181033 125.000000 377 125.023245 4.000744
24.157812 125.000000 381 126.945708 4.062263
24.185478 125.000000 347 115.490331 3.695691
24.177858 125.000000 414 137.105582 4.387379
24.196744 125.000000 378 125.658166 4.021061
24.078214 125.000000 393 130.598121 4.179140
24.211671 125.000000 363 120.694397 3.862221
15.045363 125.000000 377 125.506759 4.016216
27.120750 125.000000 364 119.931037 3.837793
27.063669 125.000000 358 118.949310 3.806378
27.035472 125.000000 386 128.631732 4.116215
27.098173 125.000000 383 126.177480 4.037679
27.055289 125.000000 425 141.553023 4.529697
27.059545 125.000000 462 153.981247 4.927400
27.055418 125.000000 396 131.991543 4.223729
27.096190 125.000000 335 110.872783 3.547929
27.075077 125.000000 367 121.836248 3.898760
27.051347 125.000000 383 127.563648 4.082037
27.089794 125.000000 368 121.880330 3.900171
27.106628 125.000000 403 132.920950 4.253470
27.092457 125.000000 376 124.976136 3.999236
27.092123 125.000000 373 124.259557 3.976306
27.073856 125.000000 328 109.309925 3.497918
27.086333 125.000000 325 108.162904 3.461213
27.136451 125.000000 322 106.845296 3.419049
27.113149 125.000000 425 141.533375 4.529068
27.152454 125.000000 383 126.975629 4.063220
27.103998 125.000000 358 119.012784 3.808409
27.157629 125.000000 405 133.860186 4.283526
27.151760 125.000000 332 110.448481 3.534351
27.151854 125.000000 376 124.831879 3.994620
27.102340 125.000000 348 115.118071 3.683778
27.186350 125.000000 391 130.295470 4.169455
27.181157 125.000000 368 122.661592 3.925171
27.197178 125.000000 396 131.980877 4.223388
27.158812 125.000000 394 131.289572 4.201266
27.191536 125.000000 368 122.109952 3.907518
27.078709 125.000000 371 123.646266 3.956681
27.228090 125.000000 329 109.069739 3.490232
18.057900 125.000000 357 118.504759 3.792152
#type       avg     std     min     5th    10th    90th    95th    99th
read       93.4    58.2    37.4    53.3    56.2   151.9   198.2   331.8
update     98.5    60.9    41.1    56.2    59.2   158.5   207.1   342.8
op_q        1.0     0.0     1.0     1.0     1.0     1.1     1.1     1.1

Total QPS = 499639.4 (14989184 / 30.0s)

Misses = 0 (0.0%)
Skipped TXs = 0 (0.0%)

RX 2574477991 bytes :   81.8 MB/s
TX 1654224176 bytes :   52.6 MB/s
