3.014687 62.500000 167 55.395475 1.772655
3.020134 62.500000 167 55.295554 1.769458
3.004422 62.500000 194 64.571485 2.066288
3.001540 62.500000 172 57.303915 1.833725
3.009219 62.500000 169 56.160754 1.797144
3.103766 62.500000 211 67.981919 2.175421
3.001895 62.500000 189 62.960224 2.014727
3.060673 62.500000 195 63.711478 2.038767
3.015981 62.500000 165 54.708569 1.750674
3.004609 62.500000 176 58.576673 1.874454
3.002041 62.500000 203 67.620671 2.163861
3.018345 62.500000 190 62.948407 2.014349
3.021684 62.500000 169 55.929070 1.789730
3.015131 62.500000 173 57.377275 1.836073
3.023103 62.500000 188 62.187754 1.990008
3.078043 62.500000 170 55.229897 1.767357
3.000829 62.500000 165 54.984808 1.759514
3.060339 62.500000 211 68.946621 2.206292
3.005667 62.500000 168 55.894410 1.788621
3.023672 62.500000 199 65.814019 2.106049
3.011847 62.500000 171 56.775792 1.816825
3.026908 62.500000 147 48.564406 1.554061
3.022983 62.500000 164 54.251053 1.736034
3.000661 62.500000 175 58.320479 1.866255
3.056324 62.500000 181 59.221477 1.895087
3.064186 62.500000 199 64.943830 2.078203
3.016835 62.500000 209 69.277899 2.216893
3.005644 62.500000 216 71.864810 2.299674
3.003213 62.500000 186 61.933674 1.981878
3.006618 62.500000 198 65.854723 2.107351
3.021882 62.500000 186 61.551042 1.969633
6.041152 62.500000 160 52.691497 1.686128
6.012179 62.500000 196 65.191828 2.086139
6.017103 62.500000 175 58.018593 1.856595
6.017760 62.500000 184 61.013631 1.952436
6.030307 62.500000 153 50.563718 1.618039
6.041591 62.500000 180 59.209537 1.894705
6.132372 62.500000 155 49.723457 1.591151
6.019964 62.500000 192 63.590849 2.034907
6.028806 62.500000 188 62.547759 2.001528
6.005579 62.500000 208 69.248310 2.215946
6.051602 62.500000 208 68.309068 2.185890
6.081141 62.500000 158 51.547055 1.649506
6.013917 62.500000 162 53.962759 1.726808
6.031826 62.500000 214 70.928103 2.269699
6.059910 62.500000 163 53.622378 1.715916
6.018060 62.500000 161 53.445470 1.710255
6.027423 62.500000 211 70.199043 2.246369
6.029149 62.500000 201 66.950001 2.142400
6.029034 62.500000 170 56.465480 1.806895
6.106970 62.500000 190 62.442817 1.998170
6.010389 62.500000 210 69.972697 2.239126
6.034074 62.500000 182 60.457040 1.934625
6.006626 62.500000 180 59.931803 1.917818
6.083784 62.500000 179 59.203982 1.894527
6.073110 62.500000 220 73.030580 2.336979
6.030741 62.500000 165 54.746230 1.751879
6.036650 62.500000 185 61.387010 1.964384
6.077711 62.500000 188 62.223062 1.991138
6.123129 62.500000 185 61.271202 1.960678
6.078422 62.500000 171 56.992799 1.823770
6.058472 62.500000 191 62.899507 2.012784
9.020615 62.500000 177 58.943902 1.886205
9.043303 62.500000 192 63.692227 2.038151
9.061387 62.500000 197 64.643802 2.068602
9.021799 62.500000 173 57.576553 1.842450
9.053164 62.500000 179 59.428721 1.901719
9.033366 62.500000 168 55.919245 1.789416
9.057818 62.500000 194 63.559902 2.033917
9.036058 62.500000 197 65.109582 2.083507
9.101816 62.500000 186 60.201255 1.926440
9.083146 62.500000 202 66.249673 2.119990
9.059863 62.500000 195 64.606499 2.067408
9.017642 62.500000 191 63.433757 2.029880
9.028205 62.500000 196 65.316310 2.090122
9.137484 62.500000 202 65.042584 2.081363
9.033315 62.500000 193 64.268892 2.056605
9.035236 62.500000 196 65.002427 2.080078
9.031754 62.500000 214 71.271447 2.280686
9.018549 62.500000 206 68.655479 2.196975
9.061442 62.500000 190 63.301007 2.025632
9.107417 62.500000 205 67.740035 2.167681
9.076095 62.500000 160 53.280306 1.704970
9.036914 62.500000 193 64.201232 2.054439
9.054340 62.500000 228 75.554477 2.417743
9.182814 62.500000 201 64.858999 2.075488
9.136613 62.500000 209 69.568312 2.226186
9.107825 62.500000 182 60.063746 1.922040
9.080434 62.500000 211 70.286209 2.249159
9.052357 62.500000 200 66.649896 2.132797
9.124105 62.500000 183 60.980180 1.951366
9.115830 62.500000 159 52.843934 1.691006
9.070343 62.500000 198 65.739871 2.103676
12.023145 125.000000 312 103.912374 3.325196
12.041162 125.000000 310 103.063761 3.298040
12.023111 125.000000 329 109.618729 3.507799
12.033203 125.000000 315 104.825357 3.354411
12.043493 125.000000 280 93.327432 2.986478
12.112577 125.000000 344 114.256833 3.656219
12.050185 125.000000 343 113.766428 3.640526
12.041518 125.000000 321 106.710057 3.414722
12.032674 125.000000 296 98.636411 3.156365
12.074669 125.000000 328 108.853392 3.483309
12.058810 125.000000 322 107.131714 3.428215
12.036160 125.000000 310 103.329819 3.306554
12.075229 125.000000 300 99.490424 3.183694
12.023410 125.000000 349 116.145137 3.716644
12.024453 125.000000 287 95.449945 3.054398
12.063507 125.000000 299 99.596284 3.187081
12.077481 125.000000 346 115.280073 3.688962
12.092248 125.000000 302 100.362144 3.211589
12.050031 125.000000 327 108.525490 3.472816
12.077403 125.000000 328 108.624167 3.475973
12.065747 125.000000 300 99.621206 3.187879
12.108684 125.000000 326 108.620783 3.475865
12.092564 125.000000 345 114.536882 3.665180
12.122304 125.000000 315 104.495701 3.343862
12.056377 125.000000 305 101.530612 3.248980
12.132087 125.000000 321 106.716034 3.414913
12.171389 125.000000 270 88.968686 2.846998
12.126293 125.000000 333 110.614211 3.539655
12.143396 125.000000 310 103.130095 3.300163
12.186829 125.000000 339 112.848989 3.611168
12.081786 125.000000 327 108.585820 3.474746
3.007044 62.500000 191 63.517521 2.032561
15.029401 125.000000 378 125.737788 4.023609
15.025283 125.000000 387 128.906663 4.125013
15.172073 125.000000 367 119.801960 3.833663
15.049115 125.000000 360 119.682718 3.829847
15.053386 125.000000 402 133.559572 4.273906
15.045674 125.000000 415 137.760702 4.408342
15.057646 125.000000 373 123.306911 3.945821
15.078018 125.000000 422 140.637858 4.500411
15.041146 125.000000 401 133.444865 4.270236
15.068420 125.000000 390 129.584886 4.146716
15.082483 125.000000 360 119.800264 3.833608
15.045026 125.000000 382 127.184593 4.069907
15.048538 125.000000 349 115.367014 3.691744
15.055355 125.000000 393 130.774635 4.184788
15.070107 125.000000 387 128.716795 4.118937
15.033838 125.000000 367 121.951824 3.902458
15.078880 125.000000 350 116.524833 3.728795
15.107297 125.000000 334 110.135510 3.524336
15.052083 125.000000 415 138.238765 4.423640
15.100609 125.000000 375 124.652599 3.988883
15.070627 125.000000 381 126.793760 4.057400
15.060515 125.000000 384 127.823698 4.090358
15.103345 125.000000 363 120.566730 3.858135
15.122128 125.000000 371 123.274193 3.944774
15.134885 125.000000 362 120.554259 3.857736
15.135003 125.000000 355 117.834530 3.770705
15.145351 125.000000 388 129.249136 4.135972
15.136613 125.000000 383 127.229027 4.071329
15.172433 125.000000 378 125.956169 4.030597
15.206768 125.000000 355 117.552034 3.761665
15.108518 125.000000 380 125.547962 4.017535
6.008895 62.500000 170 56.631735 1.812216
18.042404 125.000000 314 104.072731 3.330327
18.036089 125.000000 418 139.023407 4.448749
18.050817 125.000000 350 116.441884 3.726140
18.057990 125.000000 364 121.147391 3.876717
18.055396 125.000000 383 127.399948 4.076798
18.047532 125.000000 387 128.920155 4.125445
18.101587 125.000000 385 128.291540 4.105329
18.059833 125.000000 418 138.470821 4.431066
18.100303 125.000000 427 140.836541 4.506769
18.075271 125.000000 384 127.780078 4.088963
18.092026 125.000000 395 131.092250 4.194952
18.061005 125.000000 402 133.850131 4.283204
18.083710 125.000000 367 122.283342 3.913067
18.116033 125.000000 418 136.425231 4.365607
18.064722 125.000000 362 120.291046 3.849313
18.046176 125.000000 356 118.180653 3.781781
18.071269 125.000000 357 118.974535 3.807185
18.050168 125.000000 413 137.591910 4.402941
18.080714 125.000000 338 112.565489 3.602096
18.131715 125.000000 389 129.253596 4.136115
18.117243 125.000000 373 123.922477 3.965519
18.139940 125.000000 374 124.456944 3.982622
18.061217 125.000000 395 131.635832 4.212347
18.106679 125.000000 327 108.878979 3.484127
18.156173 125.000000 370 122.890022 3.932481
18.146101 125.000000 402 133.577548 4.274482
18.175309 125.000000 332 110.560663 3.537941
18.137834 125.000000 341 113.559479 3.633903
18.174036 125.000000 346 115.257910 3.688253
18.115737 125.000000 399 132.680713 4.245783
18.208100 125.000000 394 131.275055 4.200802
9.027443 62.500000 187 61.950301 1.982410
21.048074 125.000000 342 113.927897 3.645693
21.046242 125.000000 366 121.588520 3.890833
21.049735 125.000000 338 112.391990 3.596544
21.063572 125.000000 386 128.427699 4.109686
21.050337 125.000000 351 116.890678 3.740502
21.066224 125.000000 387 128.536043 4.113153
21.063512 125.000000 373 124.229531 3.975345
21.051020 125.000000 361 120.325212 3.850407
21.064295 125.000000 386 128.475588 4.111219
21.085989 125.000000 372 123.558532 3.953873
21.124697 125.000000 372 122.328698 3.914518
21.098165 125.000000 368 122.416136 3.917316
21.102261 125.000000 402 133.912601 4.285203
21.068415 125.000000 361 120.185390 3.845932
21.072408 125.000000 379 126.285387 4.041132
21.087493 125.000000 345 114.740753 3.671704
21.104190 125.000000 344 114.567232 3.666151
21.062107 125.000000 379 125.832542 4.026641
21.069715 125.000000 386 128.303226 4.105703
21.151067 125.000000 382 125.913719 4.029239
21.160620 125.000000 382 126.461570 4.046770
21.108759 125.000000 398 132.574741 4.242392
21.132850 125.000000 379 126.285576 4.041138
21.160768 125.000000 359 119.483625 3.823476
21.117011 125.000000 373 124.292810 3.977370
21.149064 125.000000 362 120.216689 3.846934
21.199562 125.000000 352 116.392406 3.724557
21.176298 125.000000 403 134.232115 4.295428
21.149596 125.000000 388 129.182820 4.133850
21.230595 125.000000 358 118.445168 3.790245
21.120216 125.000000 377 125.479321 4.015338
12.027458 125.000000 265 88.332911 2.826653
24.068755 125.000000 390 129.985277 4.159529
24.054975 125.000000 354 117.657486 3.765040
24.053546 125.000000 403 134.162913 4.293213
24.051261 125.000000 373 124.295051 3.977442
24.067555 125.000000 393 130.941922 4.190142
24.071840 125.000000 388 128.441935 4.110142
24.068244 125.000000 349 116.152447 3.716878
24.089384 125.000000 358 119.258129 3.816260
24.081245 125.000000 403 133.578573 4.274514
24.064387 125.000000 390 129.962106 4.158787
24.098283 125.000000 415 138.327882 4.426492
24.145870 125.000000 343 112.095866 3.587068
24.050042 125.000000 363 120.920680 3.869462
24.248680 125.000000 360 114.485990 3.663552
24.105335 125.000000 346 115.215299 3.686890
24.075449 125.000000 391 130.201344 4.166443
24.069290 125.000000 365 121.376080 3.884035
24.139555 125.000000 348 115.428323 3.693706
24.070082 125.000000 370 123.318239 3.946184
24.143768 125.000000 392 130.192842 4.166171
24.139716 125.000000 390 128.672251 4.117512
24.151839 125.000000 400 133.299034 4.265569
24.118715 125.000000 379 126.261616 4.040372
24.177003 125.000000 360 119.348244 3.819144
24.190487 125.000000 373 123.113767 3.939641
24.158690 125.000000 312 103.667336 3.317355
24.181090 125.000000 343 114.151023 3.652833
24.171086 125.000000 395 130.730211 4.183367
24.207715 125.000000 350 116.350447 3.723214
24.259003 125.000000 382 126.138889 4.036444
24.121542 125.000000 358 119.280594 3.816979
15.050876 125.000000 432 142.884615 4.572308
27.051594 125.000000 344 114.653960 3.668927
27.062310 125.000000 384 127.627147 4.084069
27.070095 125.000000 339 112.433339 3.597867
27.073028 125.000000 365 121.472950 3.887134
27.081118 125.000000 386 128.087603 4.098803
27.081286 125.000000 378 125.294207 4.009415
27.079706 125.000000 374 124.340668 3.978901
27.104125 125.000000 360 119.766789 3.832537
27.051929 125.000000 354 117.925842 3.773627
27.071695 125.000000 410 136.532874 4.369052
27.085293 125.000000 372 123.832925 3.962654
27.110528 125.000000 358 119.127131 3.812068
27.097136 125.000000 374 124.345387 3.979052
27.080917 125.000000 383 127.434381 4.077900
27.079464 125.000000 395 131.221640 4.199092
27.145065 125.000000 335 111.461947 3.566782
27.073178 125.000000 331 110.219595 3.527027
27.129788 125.000000 431 143.138362 4.580428
27.157060 125.000000 401 133.077055 4.258466
27.152174 125.000000 368 122.652936 3.924894
27.155818 125.000000 417 138.540603 4.433299
27.180423 125.000000 367 122.194028 3.910209
27.145324 125.000000 391 130.090155 4.162885
27.187024 125.000000 357 118.765068 3.800482
27.165906 125.000000 407 135.341150 4.330917
27.199027 125.000000 352 117.000261 3.744008
27.236386 125.000000 357 117.873501 3.771952
27.184764 125.000000 356 118.128081 3.780099
27.259028 125.000000 404 134.203727 4.294519
27.261823 125.000000 409 136.205320 4.358570
27.124331 125.000000 356 118.556451 3.793806
18.059534 125.000000 379 125.969787 4.031033
#type       avg     std     min     5th    10th    90th    95th    99th
read       66.2    13.9    41.1    51.9    54.6    79.9    87.5   109.6
update     69.7    15.8    41.1    55.1    56.6    84.7    92.4   113.3
op_q        1.0     0.0     1.0     1.0     1.0     1.1     1.1     1.1

Total QPS = 266212.8 (7986385 / 30.0s)

Misses = 0 (0.0%)
Skipped TXs = 0 (0.0%)

RX 1369695254 bytes :   43.5 MB/s
TX  881971969 bytes :   28.0 MB/s
