Requests      [total, rate, throughput]         12, 10.90, 10.70
Duration      [total, attack, wait]             1.122s, 1.101s, 21.122ms
Latencies     [min, mean, 50, 90, 95, 99, max]  21.122ms, 21.637ms, 21.684ms, 21.984ms, 22.008ms, 22.012ms, 22.012ms
Bytes In      [total, mean]                     24, 2.00
Bytes Out     [total, mean]                     0, 0.00
Success       [ratio]                           100.00%
Status Codes  [code:count]                      200:12  
Error Set:
Requests      [total, rate, throughput]         22, 10.47, 10.37
Duration      [total, attack, wait]             2.122s, 2.101s, 21.711ms
Latencies     [min, mean, 50, 90, 95, 99, max]  21.122ms, 21.636ms, 21.693ms, 21.964ms, 21.988ms, 22.012ms, 22.012ms
Bytes In      [total, mean]                     44, 2.00
Bytes Out     [total, mean]                     0, 0.00
Success       [ratio]                           100.00%
Status Codes  [code:count]                      200:22  
Error Set:
Requests      [total, rate, throughput]         32, 10.32, 10.25
Duration      [total, attack, wait]             3.122s, 3.101s, 21.268ms
Latencies     [min, mean, 50, 90, 95, 99, max]  21.122ms, 21.614ms, 21.663ms, 21.9ms, 21.971ms, 22.012ms, 22.012ms
Bytes In      [total, mean]                     64, 2.00
Bytes Out     [total, mean]                     0, 0.00
Success       [ratio]                           100.00%
Status Codes  [code:count]                      200:32  
Error Set:
Requests      [total, rate, throughput]         42, 10.24, 10.19
Duration      [total, attack, wait]             4.122s, 4.1s, 21.407ms
Latencies     [min, mean, 50, 90, 95, 99, max]  21.122ms, 21.6ms, 21.635ms, 21.861ms, 21.965ms, 22.012ms, 22.012ms
Bytes In      [total, mean]                     84, 2.00
Bytes Out     [total, mean]                     0, 0.00
Success       [ratio]                           100.00%
Status Codes  [code:count]                      200:42  
Error Set:
Requests      [total, rate, throughput]         52, 10.20, 10.15
Duration      [total, attack, wait]             5.122s, 5.1s, 21.924ms
Latencies     [min, mean, 50, 90, 95, 99, max]  21.122ms, 21.602ms, 21.635ms, 21.861ms, 21.956ms, 22.011ms, 22.012ms
Bytes In      [total, mean]                     104, 2.00
Bytes Out     [total, mean]                     0, 0.00
Success       [ratio]                           100.00%
Status Codes  [code:count]                      200:52  
Error Set:
Requests      [total, rate, throughput]         62, 10.16, 10.13
Duration      [total, attack, wait]             6.122s, 6.1s, 21.527ms
Latencies     [min, mean, 50, 90, 95, 99, max]  21.122ms, 21.607ms, 21.642ms, 21.855ms, 21.938ms, 22.007ms, 22.012ms
Bytes In      [total, mean]                     124, 2.00
Bytes Out     [total, mean]                     0, 0.00
Success       [ratio]                           100.00%
Status Codes  [code:count]                      200:62  
Error Set:
Requests      [total, rate, throughput]         72, 10.14, 10.11
Duration      [total, attack, wait]             7.122s, 7.101s, 21.516ms
Latencies     [min, mean, 50, 90, 95, 99, max]  21.122ms, 21.613ms, 21.652ms, 21.855ms, 21.921ms, 22.003ms, 22.012ms
Bytes In      [total, mean]                     144, 2.00
Bytes Out     [total, mean]                     0, 0.00
Success       [ratio]                           100.00%
Status Codes  [code:count]                      200:72  
Error Set:
Requests      [total, rate, throughput]         82, 10.12, 10.10
Duration      [total, attack, wait]             8.122s, 8.1s, 21.734ms
Latencies     [min, mean, 50, 90, 95, 99, max]  21.122ms, 21.608ms, 21.635ms, 21.855ms, 21.914ms, 21.999ms, 22.012ms
Bytes In      [total, mean]                     164, 2.00
Bytes Out     [total, mean]                     0, 0.00
Success       [ratio]                           100.00%
Status Codes  [code:count]                      200:82  
Error Set:
Requests      [total, rate, throughput]         92, 10.11, 10.09
Duration      [total, attack, wait]             9.122s, 9.101s, 21.341ms
Latencies     [min, mean, 50, 90, 95, 99, max]  21.122ms, 21.596ms, 21.634ms, 21.855ms, 21.922ms, 22.02ms, 22.025ms
Bytes In      [total, mean]                     184, 2.00
Bytes Out     [total, mean]                     0, 0.00
Success       [ratio]                           100.00%
Status Codes  [code:count]                      200:92  
Error Set:
Requests      [total, rate, throughput]         102, 10.10, 10.08
Duration      [total, attack, wait]             10.122s, 10.1s, 21.678ms
Latencies     [min, mean, 50, 90, 95, 99, max]  21.122ms, 21.585ms, 21.611ms, 21.855ms, 21.922ms, 22.018ms, 22.025ms
Bytes In      [total, mean]                     204, 2.00
Bytes Out     [total, mean]                     0, 0.00
Success       [ratio]                           100.00%
Status Codes  [code:count]                      200:102  
Error Set:
Requests      [total, rate, throughput]         112, 10.09, 10.07
Duration      [total, attack, wait]             11.122s, 11.101s, 21.211ms
Latencies     [min, mean, 50, 90, 95, 99, max]  21.069ms, 21.587ms, 21.619ms, 21.858ms, 21.923ms, 22.098ms, 22.215ms
Bytes In      [total, mean]                     224, 2.00
Bytes Out     [total, mean]                     0, 0.00
Success       [ratio]                           100.00%
Status Codes  [code:count]                      200:112  
Error Set:
Requests      [total, rate, throughput]         122, 10.08, 10.06
Duration      [total, attack, wait]             12.122s, 12.1s, 21.771ms
Latencies     [min, mean, 50, 90, 95, 99, max]  21.069ms, 21.606ms, 21.619ms, 21.867ms, 21.938ms, 22.691ms, 23.916ms
Bytes In      [total, mean]                     244, 2.00
Bytes Out     [total, mean]                     0, 0.00
Success       [ratio]                           100.00%
Status Codes  [code:count]                      200:122  
Error Set:
Requests      [total, rate, throughput]         132, 10.08, 10.06
Duration      [total, attack, wait]             13.122s, 13.1s, 21.774ms
Latencies     [min, mean, 50, 90, 95, 99, max]  21.069ms, 21.607ms, 21.613ms, 21.878ms, 21.956ms, 22.521ms, 23.916ms
Bytes In      [total, mean]                     264, 2.00
Bytes Out     [total, mean]                     0, 0.00
Success       [ratio]                           100.00%
Status Codes  [code:count]                      200:132  
Error Set:
Requests      [total, rate, throughput]         142, 10.07, 10.06
Duration      [total, attack, wait]             14.121s, 14.1s, 21.002ms
Latencies     [min, mean, 50, 90, 95, 99, max]  21.002ms, 21.594ms, 21.604ms, 21.867ms, 21.938ms, 22.351ms, 23.916ms
Bytes In      [total, mean]                     284, 2.00
Bytes Out     [total, mean]                     0, 0.00
Success       [ratio]                           100.00%
Status Codes  [code:count]                      200:142  
Error Set:
Requests      [total, rate, throughput]         152, 10.07, 10.05
Duration      [total, attack, wait]             15.122s, 15.1s, 21.468ms
Latencies     [min, mean, 50, 90, 95, 99, max]  21.002ms, 21.584ms, 21.595ms, 21.858ms, 21.923ms, 22.211ms, 23.916ms
Bytes In      [total, mean]                     304, 2.00
Bytes Out     [total, mean]                     0, 0.00
Success       [ratio]                           100.00%
Status Codes  [code:count]                      200:152  
Error Set:
Requests      [total, rate, throughput]         162, 10.06, 10.05
Duration      [total, attack, wait]             16.121s, 16.1s, 21.221ms
Latencies     [min, mean, 50, 90, 95, 99, max]  20.919ms, 21.57ms, 21.58ms, 21.855ms, 21.922ms, 22.192ms, 23.916ms
Bytes In      [total, mean]                     324, 2.00
Bytes Out     [total, mean]                     0, 0.00
Success       [ratio]                           100.00%
Status Codes  [code:count]                      200:162  
Error Set:
Requests      [total, rate, throughput]         172, 10.06, 10.05
Duration      [total, attack, wait]             17.122s, 17.1s, 21.57ms
Latencies     [min, mean, 50, 90, 95, 99, max]  20.919ms, 21.564ms, 21.577ms, 21.855ms, 21.923ms, 22.183ms, 23.916ms
Bytes In      [total, mean]                     344, 2.00
Bytes Out     [total, mean]                     0, 0.00
Success       [ratio]                           100.00%
Status Codes  [code:count]                      200:172  
Error Set:
Requests      [total, rate, throughput]         181, 10.06, 10.04
Duration      [total, attack, wait]             18.022s, 18.001s, 21.895ms
Latencies     [min, mean, 50, 90, 95, 99, max]  20.919ms, 21.556ms, 21.573ms, 21.855ms, 21.922ms, 22.17ms, 23.916ms
Bytes In      [total, mean]                     362, 2.00
Bytes Out     [total, mean]                     0, 0.00
Success       [ratio]                           100.00%
Status Codes  [code:count]                      200:181  
Error Set:
Requests      [total, rate, throughput]         192, 10.05, 10.04
Duration      [total, attack, wait]             19.122s, 19.1s, 21.721ms
Latencies     [min, mean, 50, 90, 95, 99, max]  20.919ms, 21.556ms, 21.573ms, 21.858ms, 21.934ms, 22.154ms, 23.916ms
Bytes In      [total, mean]                     384, 2.00
Bytes Out     [total, mean]                     0, 0.00
Success       [ratio]                           100.00%
Status Codes  [code:count]                      200:192  
Error Set:
Requests      [total, rate, throughput]         202, 10.05, 10.04
Duration      [total, attack, wait]             20.122s, 20.1s, 21.792ms
Latencies     [min, mean, 50, 90, 95, 99, max]  20.919ms, 21.556ms, 21.575ms, 21.858ms, 21.937ms, 22.139ms, 23.916ms
Bytes In      [total, mean]                     404, 2.00
Bytes Out     [total, mean]                     0, 0.00
Success       [ratio]                           100.00%
Status Codes  [code:count]                      200:202  
Error Set:
Requests      [total, rate, throughput]         212, 10.05, 10.04
Duration      [total, attack, wait]             21.122s, 21.1s, 22.252ms
Latencies     [min, mean, 50, 90, 95, 99, max]  20.919ms, 21.561ms, 21.579ms, 21.858ms, 21.938ms, 22.229ms, 23.916ms
Bytes In      [total, mean]                     424, 2.00
Bytes Out     [total, mean]                     0, 0.00
Success       [ratio]                           100.00%
Status Codes  [code:count]                      200:212  
Error Set:
Requests      [total, rate, throughput]         222, 10.05, 10.04
Duration      [total, attack, wait]             22.121s, 22.1s, 20.878ms
Latencies     [min, mean, 50, 90, 95, 99, max]  20.878ms, 21.553ms, 21.575ms, 21.852ms, 21.937ms, 22.225ms, 23.916ms
Bytes In      [total, mean]                     444, 2.00
Bytes Out     [total, mean]                     0, 0.00
Success       [ratio]                           100.00%
Status Codes  [code:count]                      200:222  
Error Set:
Requests      [total, rate, throughput]         232, 10.04, 10.03
Duration      [total, attack, wait]             23.122s, 23.101s, 21.288ms
Latencies     [min, mean, 50, 90, 95, 99, max]  20.878ms, 21.549ms, 21.572ms, 21.846ms, 21.934ms, 22.222ms, 23.916ms
Bytes In      [total, mean]                     464, 2.00
Bytes Out     [total, mean]                     0, 0.00
Success       [ratio]                           100.00%
Status Codes  [code:count]                      200:232  
Error Set:
Requests      [total, rate, throughput]         242, 10.04, 10.03
Duration      [total, attack, wait]             24.121s, 24.1s, 21.289ms
Latencies     [min, mean, 50, 90, 95, 99, max]  20.878ms, 21.543ms, 21.566ms, 21.841ms, 21.929ms, 22.218ms, 23.916ms
Bytes In      [total, mean]                     484, 2.00
Bytes Out     [total, mean]                     0, 0.00
Success       [ratio]                           100.00%
Status Codes  [code:count]                      200:242  
Error Set:
Requests      [total, rate, throughput]         252, 10.04, 10.03
Duration      [total, attack, wait]             25.121s, 25.1s, 21.06ms
Latencies     [min, mean, 50, 90, 95, 99, max]  20.878ms, 21.533ms, 21.555ms, 21.837ms, 21.923ms, 22.212ms, 23.916ms
Bytes In      [total, mean]                     504, 2.00
Bytes Out     [total, mean]                     0, 0.00
Success       [ratio]                           100.00%
Status Codes  [code:count]                      200:252  
Error Set:
Requests      [total, rate, throughput]         262, 10.04, 10.03
Duration      [total, attack, wait]             26.122s, 26.1s, 21.717ms
Latencies     [min, mean, 50, 90, 95, 99, max]  20.878ms, 21.534ms, 21.562ms, 21.835ms, 21.922ms, 22.198ms, 23.916ms
Bytes In      [total, mean]                     524, 2.00
Bytes Out     [total, mean]                     0, 0.00
Success       [ratio]                           100.00%
Status Codes  [code:count]                      200:262  
Error Set:
Requests      [total, rate, throughput]         272, 10.04, 10.03
Duration      [total, attack, wait]             27.122s, 27.101s, 21.527ms
Latencies     [min, mean, 50, 90, 95, 99, max]  20.878ms, 21.531ms, 21.551ms, 21.835ms, 21.92ms, 22.183ms, 23.916ms
Bytes In      [total, mean]                     544, 2.00
Bytes Out     [total, mean]                     0, 0.00
Success       [ratio]                           100.00%
Status Codes  [code:count]                      200:272  
Error Set:
Requests      [total, rate, throughput]         282, 10.04, 10.03
Duration      [total, attack, wait]             28.121s, 28.1s, 21.18ms
Latencies     [min, mean, 50, 90, 95, 99, max]  20.878ms, 21.53ms, 21.551ms, 21.833ms, 21.917ms, 22.168ms, 23.916ms
Bytes In      [total, mean]                     564, 2.00
Bytes Out     [total, mean]                     0, 0.00
Success       [ratio]                           100.00%
Status Codes  [code:count]                      200:282  
Error Set:
Requests      [total, rate, throughput]         292, 10.03, 10.03
Duration      [total, attack, wait]             29.122s, 29.1s, 21.804ms
Latencies     [min, mean, 50, 90, 95, 99, max]  20.878ms, 21.53ms, 21.551ms, 21.833ms, 21.919ms, 22.218ms, 23.916ms
Bytes In      [total, mean]                     584, 2.00
Bytes Out     [total, mean]                     0, 0.00
Success       [ratio]                           100.00%
Status Codes  [code:count]                      200:292  
Error Set:
Requests      [total, rate, throughput]         301, 10.03, 10.03
Duration      [total, attack, wait]             30.022s, 30.001s, 21.716ms
Latencies     [min, mean, 50, 90, 95, 99, max]  20.878ms, 21.536ms, 21.557ms, 21.835ms, 21.921ms, 22.236ms, 23.916ms
Bytes In      [total, mean]                     602, 2.00
Bytes Out     [total, mean]                     0, 0.00
Success       [ratio]                           100.00%
Status Codes  [code:count]                      200:301  
Error Set:
Requests      [total, rate, throughput]         311, 10.03, 10.03
Duration      [total, attack, wait]             31.022s, 31s, 21.929ms
Latencies     [min, mean, 50, 90, 95, 99, max]  20.878ms, 21.538ms, 21.557ms, 21.835ms, 21.924ms, 22.233ms, 23.916ms
Bytes In      [total, mean]                     622, 2.00
Bytes Out     [total, mean]                     0, 0.00
Success       [ratio]                           100.00%
Status Codes  [code:count]                      200:311  
Error Set:
Requests      [total, rate, throughput]         321, 10.03, 10.02
Duration      [total, attack, wait]             32.022s, 32s, 21.786ms
Latencies     [min, mean, 50, 90, 95, 99, max]  20.878ms, 21.54ms, 21.557ms, 21.835ms, 21.926ms, 22.229ms, 23.916ms
Bytes In      [total, mean]                     642, 2.00
Bytes Out     [total, mean]                     0, 0.00
Success       [ratio]                           100.00%
Status Codes  [code:count]                      200:321  
Error Set:
Requests      [total, rate, throughput]         332, 10.03, 10.02
Duration      [total, attack, wait]             33.122s, 33.1s, 21.634ms
Latencies     [min, mean, 50, 90, 95, 99, max]  20.878ms, 21.541ms, 21.556ms, 21.835ms, 21.929ms, 22.226ms, 23.916ms
Bytes In      [total, mean]                     664, 2.00
Bytes Out     [total, mean]                     0, 0.00
Success       [ratio]                           100.00%
Status Codes  [code:count]                      200:332  
Error Set:
Requests      [total, rate, throughput]         342, 10.03, 10.02
Duration      [total, attack, wait]             34.122s, 34.1s, 21.921ms
Latencies     [min, mean, 50, 90, 95, 99, max]  20.878ms, 21.543ms, 21.56ms, 21.835ms, 21.926ms, 22.223ms, 23.916ms
Bytes In      [total, mean]                     684, 2.00
Bytes Out     [total, mean]                     0, 0.00
Success       [ratio]                           100.00%
Status Codes  [code:count]                      200:342  
Error Set:
Requests      [total, rate, throughput]         351, 10.03, 10.02
Duration      [total, attack, wait]             35.022s, 35.001s, 21.553ms
Latencies     [min, mean, 50, 90, 95, 99, max]  20.878ms, 21.546ms, 21.558ms, 21.837ms, 21.934ms, 22.22ms, 23.916ms
Bytes In      [total, mean]                     702, 2.00
Bytes Out     [total, mean]                     0, 0.00
Success       [ratio]                           100.00%
Status Codes  [code:count]                      200:351  
Error Set:
Requests      [total, rate, throughput]         361, 10.03, 10.02
Duration      [total, attack, wait]             36.022s, 36.001s, 21.645ms
Latencies     [min, mean, 50, 90, 95, 99, max]  20.878ms, 21.552ms, 21.569ms, 21.852ms, 21.946ms, 22.22ms, 23.916ms
Bytes In      [total, mean]                     722, 2.00
Bytes Out     [total, mean]                     0, 0.00
Success       [ratio]                           100.00%
Status Codes  [code:count]                      200:361  
Error Set:
Requests      [total, rate, throughput]         372, 10.03, 10.02
Duration      [total, attack, wait]             37.121s, 37.1s, 21.356ms
Latencies     [min, mean, 50, 90, 95, 99, max]  20.878ms, 21.554ms, 21.57ms, 21.857ms, 21.941ms, 22.219ms, 23.916ms
Bytes In      [total, mean]                     744, 2.00
Bytes Out     [total, mean]                     0, 0.00
Success       [ratio]                           100.00%
Status Codes  [code:count]                      200:372  
Error Set:
Requests      [total, rate, throughput]         382, 10.03, 10.02
Duration      [total, attack, wait]             38.122s, 38.1s, 21.235ms
Latencies     [min, mean, 50, 90, 95, 99, max]  20.878ms, 21.551ms, 21.565ms, 21.857ms, 21.937ms, 22.219ms, 23.916ms
Bytes In      [total, mean]                     764, 2.00
Bytes Out     [total, mean]                     0, 0.00
Success       [ratio]                           100.00%
Status Codes  [code:count]                      200:382  
Error Set:
Requests      [total, rate, throughput]         392, 10.03, 10.02
Duration      [total, attack, wait]             39.121s, 39.1s, 21.272ms
Latencies     [min, mean, 50, 90, 95, 99, max]  20.878ms, 21.551ms, 21.565ms, 21.862ms, 21.934ms, 22.218ms, 23.916ms
Bytes In      [total, mean]                     784, 2.00
Bytes Out     [total, mean]                     0, 0.00
Success       [ratio]                           100.00%
Status Codes  [code:count]                      200:392  
Error Set:
Requests      [total, rate, throughput]         402, 10.02, 10.02
Duration      [total, attack, wait]             40.122s, 40.101s, 21.668ms
Latencies     [min, mean, 50, 90, 95, 99, max]  20.878ms, 21.555ms, 21.57ms, 21.867ms, 21.937ms, 22.235ms, 23.916ms
Bytes In      [total, mean]                     804, 2.00
Bytes Out     [total, mean]                     0, 0.00
Success       [ratio]                           100.00%
Status Codes  [code:count]                      200:402  
Error Set:
Requests      [total, rate, throughput]         412, 10.02, 10.02
Duration      [total, attack, wait]             41.122s, 41.1s, 21.402ms
Latencies     [min, mean, 50, 90, 95, 99, max]  20.878ms, 21.556ms, 21.573ms, 21.862ms, 21.934ms, 22.232ms, 23.916ms
Bytes In      [total, mean]                     824, 2.00
Bytes Out     [total, mean]                     0, 0.00
Success       [ratio]                           100.00%
Status Codes  [code:count]                      200:412  
Error Set:
Requests      [total, rate, throughput]         422, 10.02, 10.02
Duration      [total, attack, wait]             42.122s, 42.1s, 21.682ms
Latencies     [min, mean, 50, 90, 95, 99, max]  20.878ms, 21.555ms, 21.572ms, 21.862ms, 21.931ms, 22.229ms, 23.916ms
Bytes In      [total, mean]                     844, 2.00
Bytes Out     [total, mean]                     0, 0.00
Success       [ratio]                           100.00%
Status Codes  [code:count]                      200:422  
Error Set:
Requests      [total, rate, throughput]         432, 10.02, 10.02
Duration      [total, attack, wait]             43.122s, 43.1s, 21.624ms
Latencies     [min, mean, 50, 90, 95, 99, max]  20.878ms, 21.555ms, 21.573ms, 21.862ms, 21.934ms, 22.226ms, 23.916ms
Bytes In      [total, mean]                     864, 2.00
Bytes Out     [total, mean]                     0, 0.00
Success       [ratio]                           100.00%
Status Codes  [code:count]                      200:432  
Error Set:
Requests      [total, rate, throughput]         442, 10.02, 10.02
Duration      [total, attack, wait]             44.121s, 44.1s, 21.353ms
Latencies     [min, mean, 50, 90, 95, 99, max]  20.878ms, 21.55ms, 21.568ms, 21.857ms, 21.932ms, 22.223ms, 23.916ms
Bytes In      [total, mean]                     884, 2.00
Bytes Out     [total, mean]                     0, 0.00
Success       [ratio]                           100.00%
Status Codes  [code:count]                      200:442  
Error Set:
Requests      [total, rate, throughput]         451, 10.02, 10.02
Duration      [total, attack, wait]             45.023s, 45s, 22.22ms
Latencies     [min, mean, 50, 90, 95, 99, max]  20.878ms, 21.552ms, 21.57ms, 21.857ms, 21.933ms, 22.22ms, 23.916ms
Bytes In      [total, mean]                     902, 2.00
Bytes Out     [total, mean]                     0, 0.00
Success       [ratio]                           100.00%
Status Codes  [code:count]                      200:451  
Error Set:
Requests      [total, rate, throughput]         461, 10.02, 10.02
Duration      [total, attack, wait]             46.022s, 46.001s, 21.697ms
Latencies     [min, mean, 50, 90, 95, 99, max]  20.878ms, 21.552ms, 21.57ms, 21.852ms, 21.931ms, 22.22ms, 23.916ms
Bytes In      [total, mean]                     922, 2.00
Bytes Out     [total, mean]                     0, 0.00
Success       [ratio]                           100.00%
Status Codes  [code:count]                      200:461  
Error Set:
Requests      [total, rate, throughput]         472, 10.02, 10.02
Duration      [total, attack, wait]             47.121s, 47.1s, 21.654ms
Latencies     [min, mean, 50, 90, 95, 99, max]  20.878ms, 21.558ms, 21.573ms, 21.857ms, 21.937ms, 22.319ms, 23.916ms
Bytes In      [total, mean]                     944, 2.00
Bytes Out     [total, mean]                     0, 0.00
Success       [ratio]                           100.00%
Status Codes  [code:count]                      200:472  
Error Set:
Requests      [total, rate, throughput]         482, 10.02, 10.02
Duration      [total, attack, wait]             48.122s, 48.101s, 21.425ms
Latencies     [min, mean, 50, 90, 95, 99, max]  20.878ms, 21.557ms, 21.574ms, 21.857ms, 21.935ms, 22.311ms, 23.916ms
Bytes In      [total, mean]                     964, 2.00
Bytes Out     [total, mean]                     0, 0.00
Success       [ratio]                           100.00%
Status Codes  [code:count]                      200:482  
Error Set:
Requests      [total, rate, throughput]         492, 10.02, 10.02
Duration      [total, attack, wait]             49.122s, 49.101s, 21.77ms
Latencies     [min, mean, 50, 90, 95, 99, max]  20.878ms, 21.556ms, 21.574ms, 21.851ms, 21.933ms, 22.302ms, 23.916ms
Bytes In      [total, mean]                     984, 2.00
Bytes Out     [total, mean]                     0, 0.00
Success       [ratio]                           100.00%
Status Codes  [code:count]                      200:492  
Error Set:
Requests      [total, rate, throughput]         502, 10.02, 10.02
Duration      [total, attack, wait]             50.122s, 50.1s, 21.378ms
Latencies     [min, mean, 50, 90, 95, 99, max]  20.878ms, 21.557ms, 21.574ms, 21.851ms, 21.935ms, 22.293ms, 23.916ms
Bytes In      [total, mean]                     1004, 2.00
Bytes Out     [total, mean]                     0, 0.00
Success       [ratio]                           100.00%
Status Codes  [code:count]                      200:502  
Error Set:
Requests      [total, rate, throughput]         512, 10.02, 10.02
Duration      [total, attack, wait]             51.122s, 51.1s, 21.201ms
Latencies     [min, mean, 50, 90, 95, 99, max]  20.878ms, 21.556ms, 21.573ms, 21.851ms, 21.937ms, 22.285ms, 23.916ms
Bytes In      [total, mean]                     1024, 2.00
Bytes Out     [total, mean]                     0, 0.00
Success       [ratio]                           100.00%
Status Codes  [code:count]                      200:512  
Error Set:
Requests      [total, rate, throughput]         521, 10.02, 10.01
Duration      [total, attack, wait]             52.023s, 52.001s, 21.836ms
Latencies     [min, mean, 50, 90, 95, 99, max]  20.878ms, 21.556ms, 21.573ms, 21.847ms, 21.935ms, 22.277ms, 23.916ms
Bytes In      [total, mean]                     1042, 2.00
Bytes Out     [total, mean]                     0, 0.00
Success       [ratio]                           100.00%
Status Codes  [code:count]                      200:521  
Error Set:
Requests      [total, rate, throughput]         532, 10.02, 10.01
Duration      [total, attack, wait]             53.122s, 53.1s, 21.609ms
Latencies     [min, mean, 50, 90, 95, 99, max]  20.878ms, 21.554ms, 21.573ms, 21.841ms, 21.933ms, 22.267ms, 23.916ms
Bytes In      [total, mean]                     1064, 2.00
Bytes Out     [total, mean]                     0, 0.00
Success       [ratio]                           100.00%
Status Codes  [code:count]                      200:532  
Error Set:
Requests      [total, rate, throughput]         542, 10.02, 10.01
Duration      [total, attack, wait]             54.122s, 54.1s, 21.507ms
Latencies     [min, mean, 50, 90, 95, 99, max]  20.878ms, 21.553ms, 21.572ms, 21.839ms, 21.931ms, 22.259ms, 23.916ms
Bytes In      [total, mean]                     1084, 2.00
Bytes Out     [total, mean]                     0, 0.00
Success       [ratio]                           100.00%
Status Codes  [code:count]                      200:542  
Error Set:
Requests      [total, rate, throughput]         552, 10.02, 10.01
Duration      [total, attack, wait]             55.122s, 55.1s, 21.807ms
Latencies     [min, mean, 50, 90, 95, 99, max]  20.878ms, 21.555ms, 21.574ms, 21.839ms, 21.928ms, 22.251ms, 23.916ms
Bytes In      [total, mean]                     1104, 2.00
Bytes Out     [total, mean]                     0, 0.00
Success       [ratio]                           100.00%
Status Codes  [code:count]                      200:552  
Error Set:
Requests      [total, rate, throughput]         562, 10.02, 10.01
Duration      [total, attack, wait]             56.122s, 56.1s, 21.451ms
Latencies     [min, mean, 50, 90, 95, 99, max]  20.878ms, 21.554ms, 21.573ms, 21.837ms, 21.926ms, 22.249ms, 23.916ms
Bytes In      [total, mean]                     1124, 2.00
Bytes Out     [total, mean]                     0, 0.00
Success       [ratio]                           100.00%
Status Codes  [code:count]                      200:562  
Error Set:
Requests      [total, rate, throughput]         572, 10.02, 10.01
Duration      [total, attack, wait]             57.122s, 57.1s, 21.678ms
Latencies     [min, mean, 50, 90, 95, 99, max]  20.878ms, 21.556ms, 21.574ms, 21.837ms, 21.925ms, 22.246ms, 23.916ms
Bytes In      [total, mean]                     1144, 2.00
Bytes Out     [total, mean]                     0, 0.00
Success       [ratio]                           100.00%
Status Codes  [code:count]                      200:572  
Error Set:
Requests      [total, rate, throughput]         582, 10.02, 10.01
Duration      [total, attack, wait]             58.122s, 58.101s, 21.16ms
Latencies     [min, mean, 50, 90, 95, 99, max]  20.878ms, 21.555ms, 21.575ms, 21.835ms, 21.924ms, 22.244ms, 23.916ms
Bytes In      [total, mean]                     1164, 2.00
Bytes Out     [total, mean]                     0, 0.00
Success       [ratio]                           100.00%
Status Codes  [code:count]                      200:582  
Error Set:
Requests      [total, rate, throughput]         592, 10.02, 10.01
Duration      [total, attack, wait]             59.121s, 59.1s, 21.319ms
Latencies     [min, mean, 50, 90, 95, 99, max]  20.878ms, 21.553ms, 21.573ms, 21.832ms, 21.923ms, 22.241ms, 23.916ms
Bytes In      [total, mean]                     1184, 2.00
Bytes Out     [total, mean]                     0, 0.00
Success       [ratio]                           100.00%
Status Codes  [code:count]                      200:592  
Error Set:
Requests      [total, rate, throughput]         600, 10.02, 10.01
Duration      [total, attack, wait]             59.922s, 59.9s, 21.516ms
Latencies     [min, mean, 50, 90, 95, 99, max]  20.878ms, 21.552ms, 21.572ms, 21.833ms, 21.922ms, 22.239ms, 23.916ms
Bytes In      [total, mean]                     1200, 2.00
Bytes Out     [total, mean]                     0, 0.00
Success       [ratio]                           100.00%
Status Codes  [code:count]                      200:600  
Error Set:
