Requests      [total, rate, throughput]         12, 10.90, 10.69
Duration      [total, attack, wait]             1.122s, 1.101s, 21.738ms
Latencies     [min, mean, 50, 90, 95, 99, max]  21.032ms, 21.598ms, 21.533ms, 22.056ms, 22.117ms, 22.127ms, 22.127ms
Bytes In      [total, mean]                     24, 2.00
Bytes Out     [total, mean]                     0, 0.00
Success       [ratio]                           100.00%
Status Codes  [code:count]                      200:12  
Error Set:
Requests      [total, rate, throughput]         22, 10.48, 10.37
Duration      [total, attack, wait]             2.121s, 2.1s, 20.979ms
Latencies     [min, mean, 50, 90, 95, 99, max]  20.979ms, 21.52ms, 21.475ms, 22.007ms, 22.066ms, 22.127ms, 22.127ms
Bytes In      [total, mean]                     44, 2.00
Bytes Out     [total, mean]                     0, 0.00
Success       [ratio]                           100.00%
Status Codes  [code:count]                      200:22  
Error Set:
Requests      [total, rate, throughput]         32, 10.32, 10.25
Duration      [total, attack, wait]             3.122s, 3.101s, 21.347ms
Latencies     [min, mean, 50, 90, 95, 99, max]  20.979ms, 21.52ms, 21.498ms, 21.847ms, 22.023ms, 22.127ms, 22.127ms
Bytes In      [total, mean]                     64, 2.00
Bytes Out     [total, mean]                     0, 0.00
Success       [ratio]                           100.00%
Status Codes  [code:count]                      200:32  
Error Set:
Requests      [total, rate, throughput]         42, 10.24, 10.19
Duration      [total, attack, wait]             4.121s, 4.1s, 21.2ms
Latencies     [min, mean, 50, 90, 95, 99, max]  20.979ms, 21.493ms, 21.496ms, 21.829ms, 22.01ms, 22.127ms, 22.127ms
Bytes In      [total, mean]                     84, 2.00
Bytes Out     [total, mean]                     0, 0.00
Success       [ratio]                           100.00%
Status Codes  [code:count]                      200:42  
Error Set:
Requests      [total, rate, throughput]         52, 10.19, 10.15
Duration      [total, attack, wait]             5.122s, 5.101s, 21.68ms
Latencies     [min, mean, 50, 90, 95, 99, max]  20.979ms, 21.496ms, 21.496ms, 21.757ms, 21.993ms, 22.125ms, 22.127ms
Bytes In      [total, mean]                     104, 2.00
Bytes Out     [total, mean]                     0, 0.00
Success       [ratio]                           100.00%
Status Codes  [code:count]                      200:52  
Error Set:
Requests      [total, rate, throughput]         62, 10.16, 10.13
Duration      [total, attack, wait]             6.122s, 6.1s, 21.385ms
Latencies     [min, mean, 50, 90, 95, 99, max]  20.979ms, 21.502ms, 21.509ms, 21.758ms, 22.01ms, 22.115ms, 22.127ms
Bytes In      [total, mean]                     124, 2.00
Bytes Out     [total, mean]                     0, 0.00
Success       [ratio]                           100.00%
Status Codes  [code:count]                      200:62  
Error Set:
Requests      [total, rate, throughput]         72, 10.14, 10.11
Duration      [total, attack, wait]             7.121s, 7.1s, 21.642ms
Latencies     [min, mean, 50, 90, 95, 99, max]  20.979ms, 21.495ms, 21.513ms, 21.747ms, 21.993ms, 22.106ms, 22.127ms
Bytes In      [total, mean]                     144, 2.00
Bytes Out     [total, mean]                     0, 0.00
Success       [ratio]                           100.00%
Status Codes  [code:count]                      200:72  
Error Set:
Requests      [total, rate, throughput]         82, 10.12, 10.10
Duration      [total, attack, wait]             8.122s, 8.101s, 21.122ms
Latencies     [min, mean, 50, 90, 95, 99, max]  20.979ms, 21.496ms, 21.513ms, 21.747ms, 21.99ms, 22.096ms, 22.127ms
Bytes In      [total, mean]                     164, 2.00
Bytes Out     [total, mean]                     0, 0.00
Success       [ratio]                           100.00%
Status Codes  [code:count]                      200:82  
Error Set:
Requests      [total, rate, throughput]         92, 10.11, 10.09
Duration      [total, attack, wait]             9.122s, 9.1s, 21.915ms
Latencies     [min, mean, 50, 90, 95, 99, max]  20.979ms, 21.499ms, 21.519ms, 21.757ms, 21.978ms, 22.087ms, 22.127ms
Bytes In      [total, mean]                     184, 2.00
Bytes Out     [total, mean]                     0, 0.00
Success       [ratio]                           100.00%
Status Codes  [code:count]                      200:92  
Error Set:
Requests      [total, rate, throughput]         102, 10.10, 10.08
Duration      [total, attack, wait]             10.122s, 10.1s, 21.328ms
Latencies     [min, mean, 50, 90, 95, 99, max]  20.979ms, 21.49ms, 21.496ms, 21.757ms, 21.956ms, 22.077ms, 22.127ms
Bytes In      [total, mean]                     204, 2.00
Bytes Out     [total, mean]                     0, 0.00
Success       [ratio]                           100.00%
Status Codes  [code:count]                      200:102  
Error Set:
Requests      [total, rate, throughput]         112, 10.09, 10.07
Duration      [total, attack, wait]             11.121s, 11.1s, 21.462ms
Latencies     [min, mean, 50, 90, 95, 99, max]  20.979ms, 21.469ms, 21.465ms, 21.747ms, 21.936ms, 22.068ms, 22.127ms
Bytes In      [total, mean]                     224, 2.00
Bytes Out     [total, mean]                     0, 0.00
Success       [ratio]                           100.00%
Status Codes  [code:count]                      200:112  
Error Set:
Requests      [total, rate, throughput]         122, 10.08, 10.06
Duration      [total, attack, wait]             12.122s, 12.1s, 21.481ms
Latencies     [min, mean, 50, 90, 95, 99, max]  20.979ms, 21.487ms, 21.468ms, 21.757ms, 21.956ms, 22.534ms, 23.58ms
Bytes In      [total, mean]                     244, 2.00
Bytes Out     [total, mean]                     0, 0.00
Success       [ratio]                           100.00%
Status Codes  [code:count]                      200:122  
Error Set:
Requests      [total, rate, throughput]         132, 10.08, 10.06
Duration      [total, attack, wait]             13.122s, 13.1s, 21.984ms
Latencies     [min, mean, 50, 90, 95, 99, max]  20.979ms, 21.491ms, 21.471ms, 21.78ms, 21.978ms, 22.388ms, 23.58ms
Bytes In      [total, mean]                     264, 2.00
Bytes Out     [total, mean]                     0, 0.00
Success       [ratio]                           100.00%
Status Codes  [code:count]                      200:132  
Error Set:
Requests      [total, rate, throughput]         142, 10.07, 10.06
Duration      [total, attack, wait]             14.121s, 14.1s, 21.592ms
Latencies     [min, mean, 50, 90, 95, 99, max]  20.979ms, 21.497ms, 21.481ms, 21.78ms, 21.956ms, 22.243ms, 23.58ms
Bytes In      [total, mean]                     284, 2.00
Bytes Out     [total, mean]                     0, 0.00
Success       [ratio]                           100.00%
Status Codes  [code:count]                      200:142  
Error Set:
Requests      [total, rate, throughput]         152, 10.07, 10.05
Duration      [total, attack, wait]             15.122s, 15.1s, 21.228ms
Latencies     [min, mean, 50, 90, 95, 99, max]  20.979ms, 21.503ms, 21.493ms, 21.802ms, 21.937ms, 22.125ms, 23.58ms
Bytes In      [total, mean]                     304, 2.00
Bytes Out     [total, mean]                     0, 0.00
Success       [ratio]                           100.00%
Status Codes  [code:count]                      200:152  
Error Set:
Requests      [total, rate, throughput]         162, 10.06, 10.05
Duration      [total, attack, wait]             16.122s, 16.1s, 21.412ms
Latencies     [min, mean, 50, 90, 95, 99, max]  20.979ms, 21.499ms, 21.488ms, 21.782ms, 21.93ms, 22.115ms, 23.58ms
Bytes In      [total, mean]                     324, 2.00
Bytes Out     [total, mean]                     0, 0.00
Success       [ratio]                           100.00%
Status Codes  [code:count]                      200:162  
Error Set:
Requests      [total, rate, throughput]         172, 10.06, 10.05
Duration      [total, attack, wait]             17.122s, 17.1s, 21.157ms
Latencies     [min, mean, 50, 90, 95, 99, max]  20.979ms, 21.494ms, 21.481ms, 21.78ms, 21.924ms, 22.106ms, 23.58ms
Bytes In      [total, mean]                     344, 2.00
Bytes Out     [total, mean]                     0, 0.00
Success       [ratio]                           100.00%
Status Codes  [code:count]                      200:172  
Error Set:
Requests      [total, rate, throughput]         182, 10.05, 10.04
Duration      [total, attack, wait]             18.122s, 18.101s, 21.675ms
Latencies     [min, mean, 50, 90, 95, 99, max]  20.979ms, 21.492ms, 21.481ms, 21.78ms, 21.93ms, 22.096ms, 23.58ms
Bytes In      [total, mean]                     364, 2.00
Bytes Out     [total, mean]                     0, 0.00
Success       [ratio]                           100.00%
Status Codes  [code:count]                      200:182  
Error Set:
Requests      [total, rate, throughput]         192, 10.05, 10.04
Duration      [total, attack, wait]             19.121s, 19.1s, 21.259ms
Latencies     [min, mean, 50, 90, 95, 99, max]  20.979ms, 21.491ms, 21.479ms, 21.782ms, 21.937ms, 22.087ms, 23.58ms
Bytes In      [total, mean]                     384, 2.00
Bytes Out     [total, mean]                     0, 0.00
Success       [ratio]                           100.00%
Status Codes  [code:count]                      200:192  
Error Set:
Requests      [total, rate, throughput]         202, 10.05, 10.04
Duration      [total, attack, wait]             20.121s, 20.1s, 21.279ms
Latencies     [min, mean, 50, 90, 95, 99, max]  20.979ms, 21.494ms, 21.479ms, 21.782ms, 21.941ms, 22.077ms, 23.58ms
Bytes In      [total, mean]                     404, 2.00
Bytes Out     [total, mean]                     0, 0.00
Success       [ratio]                           100.00%
Status Codes  [code:count]                      200:202  
Error Set:
Requests      [total, rate, throughput]         212, 10.05, 10.04
Duration      [total, attack, wait]             21.122s, 21.1s, 21.495ms
Latencies     [min, mean, 50, 90, 95, 99, max]  20.979ms, 21.493ms, 21.479ms, 21.773ms, 21.937ms, 22.068ms, 23.58ms
Bytes In      [total, mean]                     424, 2.00
Bytes Out     [total, mean]                     0, 0.00
Success       [ratio]                           100.00%
Status Codes  [code:count]                      200:212  
Error Set:
Requests      [total, rate, throughput]         222, 10.05, 10.04
Duration      [total, attack, wait]             22.121s, 22.1s, 21.303ms
Latencies     [min, mean, 50, 90, 95, 99, max]  20.936ms, 21.486ms, 21.468ms, 21.771ms, 21.93ms, 22.058ms, 23.58ms
Bytes In      [total, mean]                     444, 2.00
Bytes Out     [total, mean]                     0, 0.00
Success       [ratio]                           100.00%
Status Codes  [code:count]                      200:222  
Error Set:
Requests      [total, rate, throughput]         232, 10.04, 10.03
Duration      [total, attack, wait]             23.122s, 23.101s, 21.035ms
Latencies     [min, mean, 50, 90, 95, 99, max]  20.936ms, 21.486ms, 21.468ms, 21.78ms, 21.937ms, 22.049ms, 23.58ms
Bytes In      [total, mean]                     464, 2.00
Bytes Out     [total, mean]                     0, 0.00
Success       [ratio]                           100.00%
Status Codes  [code:count]                      200:232  
Error Set:
Requests      [total, rate, throughput]         242, 10.04, 10.03
Duration      [total, attack, wait]             24.121s, 24.1s, 21.047ms
Latencies     [min, mean, 50, 90, 95, 99, max]  20.936ms, 21.48ms, 21.465ms, 21.771ms, 21.93ms, 22.039ms, 23.58ms
Bytes In      [total, mean]                     484, 2.00
Bytes Out     [total, mean]                     0, 0.00
Success       [ratio]                           100.00%
Status Codes  [code:count]                      200:242  
Error Set:
Requests      [total, rate, throughput]         252, 10.04, 10.03
Duration      [total, attack, wait]             25.121s, 25.1s, 21.291ms
Latencies     [min, mean, 50, 90, 95, 99, max]  20.936ms, 21.482ms, 21.466ms, 21.771ms, 21.924ms, 22.031ms, 23.58ms
Bytes In      [total, mean]                     504, 2.00
Bytes Out     [total, mean]                     0, 0.00
Success       [ratio]                           100.00%
Status Codes  [code:count]                      200:252  
Error Set:
Requests      [total, rate, throughput]         262, 10.04, 10.03
Duration      [total, attack, wait]             26.121s, 26.1s, 21.285ms
Latencies     [min, mean, 50, 90, 95, 99, max]  20.936ms, 21.482ms, 21.468ms, 21.773ms, 21.919ms, 22.031ms, 23.58ms
Bytes In      [total, mean]                     524, 2.00
Bytes Out     [total, mean]                     0, 0.00
Success       [ratio]                           100.00%
Status Codes  [code:count]                      200:262  
Error Set:
Requests      [total, rate, throughput]         272, 10.04, 10.03
Duration      [total, attack, wait]             27.122s, 27.1s, 21.413ms
Latencies     [min, mean, 50, 90, 95, 99, max]  20.936ms, 21.482ms, 21.468ms, 21.78ms, 21.913ms, 22.03ms, 23.58ms
Bytes In      [total, mean]                     544, 2.00
Bytes Out     [total, mean]                     0, 0.00
Success       [ratio]                           100.00%
Status Codes  [code:count]                      200:272  
Error Set:
Requests      [total, rate, throughput]         282, 10.04, 10.03
Duration      [total, attack, wait]             28.121s, 28.1s, 21.002ms
Latencies     [min, mean, 50, 90, 95, 99, max]  20.936ms, 21.486ms, 21.471ms, 21.802ms, 21.919ms, 22.055ms, 23.58ms
Bytes In      [total, mean]                     564, 2.00
Bytes Out     [total, mean]                     0, 0.00
Success       [ratio]                           100.00%
Status Codes  [code:count]                      200:282  
Error Set:
Requests      [total, rate, throughput]         292, 10.03, 10.03
Duration      [total, attack, wait]             29.122s, 29.101s, 21.344ms
Latencies     [min, mean, 50, 90, 95, 99, max]  20.936ms, 21.488ms, 21.471ms, 21.809ms, 21.925ms, 22.101ms, 23.58ms
Bytes In      [total, mean]                     584, 2.00
Bytes Out     [total, mean]                     0, 0.00
Success       [ratio]                           100.00%
Status Codes  [code:count]                      200:292  
Error Set:
Requests      [total, rate, throughput]         302, 10.03, 10.03
Duration      [total, attack, wait]             30.122s, 30.1s, 21.322ms
Latencies     [min, mean, 50, 90, 95, 99, max]  20.936ms, 21.487ms, 21.471ms, 21.802ms, 21.918ms, 22.095ms, 23.58ms
Bytes In      [total, mean]                     604, 2.00
Bytes Out     [total, mean]                     0, 0.00
Success       [ratio]                           100.00%
Status Codes  [code:count]                      200:302  
Error Set:
Requests      [total, rate, throughput]         312, 10.03, 10.03
Duration      [total, attack, wait]             31.121s, 31.1s, 21.244ms
Latencies     [min, mean, 50, 90, 95, 99, max]  20.936ms, 21.486ms, 21.471ms, 21.801ms, 21.923ms, 22.089ms, 23.58ms
Bytes In      [total, mean]                     624, 2.00
Bytes Out     [total, mean]                     0, 0.00
Success       [ratio]                           100.00%
Status Codes  [code:count]                      200:312  
Error Set:
Requests      [total, rate, throughput]         322, 10.03, 10.02
Duration      [total, attack, wait]             32.122s, 32.1s, 21.719ms
Latencies     [min, mean, 50, 90, 95, 99, max]  20.936ms, 21.484ms, 21.47ms, 21.795ms, 21.918ms, 22.083ms, 23.58ms
Bytes In      [total, mean]                     644, 2.00
Bytes Out     [total, mean]                     0, 0.00
Success       [ratio]                           100.00%
Status Codes  [code:count]                      200:322  
Error Set:
Requests      [total, rate, throughput]         332, 10.03, 10.02
Duration      [total, attack, wait]             33.122s, 33.1s, 21.568ms
Latencies     [min, mean, 50, 90, 95, 99, max]  20.936ms, 21.481ms, 21.466ms, 21.789ms, 21.912ms, 22.077ms, 23.58ms
Bytes In      [total, mean]                     664, 2.00
Bytes Out     [total, mean]                     0, 0.00
Success       [ratio]                           100.00%
Status Codes  [code:count]                      200:332  
Error Set:
Requests      [total, rate, throughput]         342, 10.03, 10.02
Duration      [total, attack, wait]             34.122s, 34.1s, 21.554ms
Latencies     [min, mean, 50, 90, 95, 99, max]  20.936ms, 21.477ms, 21.463ms, 21.78ms, 21.906ms, 22.071ms, 23.58ms
Bytes In      [total, mean]                     684, 2.00
Bytes Out     [total, mean]                     0, 0.00
Success       [ratio]                           100.00%
Status Codes  [code:count]                      200:342  
Error Set:
Requests      [total, rate, throughput]         352, 10.03, 10.02
Duration      [total, attack, wait]             35.121s, 35.1s, 21.329ms
Latencies     [min, mean, 50, 90, 95, 99, max]  20.936ms, 21.478ms, 21.463ms, 21.769ms, 21.899ms, 22.065ms, 23.58ms
Bytes In      [total, mean]                     704, 2.00
Bytes Out     [total, mean]                     0, 0.00
Success       [ratio]                           100.00%
Status Codes  [code:count]                      200:352  
Error Set:
Requests      [total, rate, throughput]         362, 10.03, 10.02
Duration      [total, attack, wait]             36.121s, 36.1s, 20.966ms
Latencies     [min, mean, 50, 90, 95, 99, max]  20.936ms, 21.475ms, 21.459ms, 21.766ms, 21.893ms, 22.062ms, 23.58ms
Bytes In      [total, mean]                     724, 2.00
Bytes Out     [total, mean]                     0, 0.00
Success       [ratio]                           100.00%
Status Codes  [code:count]                      200:362  
Error Set:
Requests      [total, rate, throughput]         372, 10.03, 10.02
Duration      [total, attack, wait]             37.121s, 37.1s, 21.17ms
Latencies     [min, mean, 50, 90, 95, 99, max]  20.936ms, 21.47ms, 21.45ms, 21.766ms, 21.888ms, 22.058ms, 23.58ms
Bytes In      [total, mean]                     744, 2.00
Bytes Out     [total, mean]                     0, 0.00
Success       [ratio]                           100.00%
Status Codes  [code:count]                      200:372  
Error Set:
Requests      [total, rate, throughput]         382, 10.03, 10.02
Duration      [total, attack, wait]             38.122s, 38.1s, 21.624ms
Latencies     [min, mean, 50, 90, 95, 99, max]  20.936ms, 21.47ms, 21.451ms, 21.766ms, 21.883ms, 22.055ms, 23.58ms
Bytes In      [total, mean]                     764, 2.00
Bytes Out     [total, mean]                     0, 0.00
Success       [ratio]                           100.00%
Status Codes  [code:count]                      200:382  
Error Set:
Requests      [total, rate, throughput]         392, 10.03, 10.02
Duration      [total, attack, wait]             39.122s, 39.1s, 21.787ms
Latencies     [min, mean, 50, 90, 95, 99, max]  20.936ms, 21.469ms, 21.451ms, 21.767ms, 21.878ms, 22.051ms, 23.58ms
Bytes In      [total, mean]                     784, 2.00
Bytes Out     [total, mean]                     0, 0.00
Success       [ratio]                           100.00%
Status Codes  [code:count]                      200:392  
Error Set:
Requests      [total, rate, throughput]         402, 10.02, 10.02
Duration      [total, attack, wait]             40.121s, 40.1s, 21.265ms
Latencies     [min, mean, 50, 90, 95, 99, max]  20.893ms, 21.468ms, 21.451ms, 21.761ms, 21.874ms, 22.048ms, 23.58ms
Bytes In      [total, mean]                     804, 2.00
Bytes Out     [total, mean]                     0, 0.00
Success       [ratio]                           100.00%
Status Codes  [code:count]                      200:402  
Error Set:
Requests      [total, rate, throughput]         412, 10.02, 10.02
Duration      [total, attack, wait]             41.122s, 41.1s, 21.528ms
Latencies     [min, mean, 50, 90, 95, 99, max]  20.893ms, 21.469ms, 21.455ms, 21.761ms, 21.87ms, 22.044ms, 23.58ms
Bytes In      [total, mean]                     824, 2.00
Bytes Out     [total, mean]                     0, 0.00
Success       [ratio]                           100.00%
Status Codes  [code:count]                      200:412  
Error Set:
Requests      [total, rate, throughput]         422, 10.02, 10.02
Duration      [total, attack, wait]             42.122s, 42.101s, 21.359ms
Latencies     [min, mean, 50, 90, 95, 99, max]  20.893ms, 21.467ms, 21.453ms, 21.758ms, 21.867ms, 22.041ms, 23.58ms
Bytes In      [total, mean]                     844, 2.00
Bytes Out     [total, mean]                     0, 0.00
Success       [ratio]                           100.00%
Status Codes  [code:count]                      200:422  
Error Set:
Requests      [total, rate, throughput]         432, 10.02, 10.02
Duration      [total, attack, wait]             43.121s, 43.1s, 21.085ms
Latencies     [min, mean, 50, 90, 95, 99, max]  20.893ms, 21.463ms, 21.451ms, 21.754ms, 21.865ms, 22.038ms, 23.58ms
Bytes In      [total, mean]                     864, 2.00
Bytes Out     [total, mean]                     0, 0.00
Success       [ratio]                           100.00%
Status Codes  [code:count]                      200:432  
Error Set:
Requests      [total, rate, throughput]         442, 10.02, 10.02
Duration      [total, attack, wait]             44.122s, 44.1s, 21.449ms
Latencies     [min, mean, 50, 90, 95, 99, max]  20.893ms, 21.465ms, 21.456ms, 21.758ms, 21.862ms, 22.034ms, 23.58ms
Bytes In      [total, mean]                     884, 2.00
Bytes Out     [total, mean]                     0, 0.00
Success       [ratio]                           100.00%
Status Codes  [code:count]                      200:442  
Error Set:
Requests      [total, rate, throughput]         452, 10.02, 10.02
Duration      [total, attack, wait]             45.121s, 45.1s, 21.347ms
Latencies     [min, mean, 50, 90, 95, 99, max]  20.893ms, 21.463ms, 21.454ms, 21.758ms, 21.865ms, 22.031ms, 23.58ms
Bytes In      [total, mean]                     904, 2.00
Bytes Out     [total, mean]                     0, 0.00
Success       [ratio]                           100.00%
Status Codes  [code:count]                      200:452  
Error Set:
Requests      [total, rate, throughput]         462, 10.02, 10.02
Duration      [total, attack, wait]             46.122s, 46.1s, 21.667ms
Latencies     [min, mean, 50, 90, 95, 99, max]  20.893ms, 21.465ms, 21.456ms, 21.758ms, 21.868ms, 22.031ms, 23.58ms
Bytes In      [total, mean]                     924, 2.00
Bytes Out     [total, mean]                     0, 0.00
Success       [ratio]                           100.00%
Status Codes  [code:count]                      200:462  
Error Set:
Requests      [total, rate, throughput]         472, 10.02, 10.02
Duration      [total, attack, wait]             47.122s, 47.1s, 21.598ms
Latencies     [min, mean, 50, 90, 95, 99, max]  20.893ms, 21.464ms, 21.455ms, 21.754ms, 21.865ms, 22.03ms, 23.58ms
Bytes In      [total, mean]                     944, 2.00
Bytes Out     [total, mean]                     0, 0.00
Success       [ratio]                           100.00%
Status Codes  [code:count]                      200:472  
Error Set:
Requests      [total, rate, throughput]         482, 10.02, 10.02
Duration      [total, attack, wait]             48.121s, 48.1s, 21.305ms
Latencies     [min, mean, 50, 90, 95, 99, max]  20.893ms, 21.462ms, 21.452ms, 21.75ms, 21.862ms, 22.029ms, 23.58ms
Bytes In      [total, mean]                     964, 2.00
Bytes Out     [total, mean]                     0, 0.00
Success       [ratio]                           100.00%
Status Codes  [code:count]                      200:482  
Error Set:
Requests      [total, rate, throughput]         492, 10.02, 10.02
Duration      [total, attack, wait]             49.122s, 49.101s, 21.345ms
Latencies     [min, mean, 50, 90, 95, 99, max]  20.893ms, 21.462ms, 21.452ms, 21.748ms, 21.859ms, 22.029ms, 23.58ms
Bytes In      [total, mean]                     984, 2.00
Bytes Out     [total, mean]                     0, 0.00
Success       [ratio]                           100.00%
Status Codes  [code:count]                      200:492  
Error Set:
Requests      [total, rate, throughput]         502, 10.02, 10.02
Duration      [total, attack, wait]             50.121s, 50.1s, 21.087ms
Latencies     [min, mean, 50, 90, 95, 99, max]  20.893ms, 21.459ms, 21.451ms, 21.748ms, 21.856ms, 22.028ms, 23.58ms
Bytes In      [total, mean]                     1004, 2.00
Bytes Out     [total, mean]                     0, 0.00
Success       [ratio]                           100.00%
Status Codes  [code:count]                      200:502  
Error Set:
Requests      [total, rate, throughput]         512, 10.02, 10.02
Duration      [total, attack, wait]             51.122s, 51.101s, 21.372ms
Latencies     [min, mean, 50, 90, 95, 99, max]  20.893ms, 21.458ms, 21.451ms, 21.747ms, 21.853ms, 22.028ms, 23.58ms
Bytes In      [total, mean]                     1024, 2.00
Bytes Out     [total, mean]                     0, 0.00
Success       [ratio]                           100.00%
Status Codes  [code:count]                      200:512  
Error Set:
Requests      [total, rate, throughput]         522, 10.02, 10.01
Duration      [total, attack, wait]             52.122s, 52.1s, 21.899ms
Latencies     [min, mean, 50, 90, 95, 99, max]  20.893ms, 21.458ms, 21.451ms, 21.748ms, 21.856ms, 22.027ms, 23.58ms
Bytes In      [total, mean]                     1044, 2.00
Bytes Out     [total, mean]                     0, 0.00
Success       [ratio]                           100.00%
Status Codes  [code:count]                      200:522  
Error Set:
Requests      [total, rate, throughput]         532, 10.02, 10.01
Duration      [total, attack, wait]             53.122s, 53.1s, 21.754ms
Latencies     [min, mean, 50, 90, 95, 99, max]  20.893ms, 21.457ms, 21.45ms, 21.748ms, 21.853ms, 22.026ms, 23.58ms
Bytes In      [total, mean]                     1064, 2.00
Bytes Out     [total, mean]                     0, 0.00
Success       [ratio]                           100.00%
Status Codes  [code:count]                      200:532  
Error Set:
Requests      [total, rate, throughput]         542, 10.02, 10.01
Duration      [total, attack, wait]             54.122s, 54.101s, 21.446ms
Latencies     [min, mean, 50, 90, 95, 99, max]  20.893ms, 21.457ms, 21.449ms, 21.747ms, 21.85ms, 22.026ms, 23.58ms
Bytes In      [total, mean]                     1084, 2.00
Bytes Out     [total, mean]                     0, 0.00
Success       [ratio]                           100.00%
Status Codes  [code:count]                      200:542  
Error Set:
Requests      [total, rate, throughput]         552, 10.02, 10.01
Duration      [total, attack, wait]             55.121s, 55.1s, 21.355ms
Latencies     [min, mean, 50, 90, 95, 99, max]  20.893ms, 21.455ms, 21.448ms, 21.746ms, 21.847ms, 22.025ms, 23.58ms
Bytes In      [total, mean]                     1104, 2.00
Bytes Out     [total, mean]                     0, 0.00
Success       [ratio]                           100.00%
Status Codes  [code:count]                      200:552  
Error Set:
Requests      [total, rate, throughput]         562, 10.02, 10.01
Duration      [total, attack, wait]             56.121s, 56.1s, 21.592ms
Latencies     [min, mean, 50, 90, 95, 99, max]  20.893ms, 21.456ms, 21.449ms, 21.747ms, 21.845ms, 22.024ms, 23.58ms
Bytes In      [total, mean]                     1124, 2.00
Bytes Out     [total, mean]                     0, 0.00
Success       [ratio]                           100.00%
Status Codes  [code:count]                      200:562  
Error Set:
Requests      [total, rate, throughput]         572, 10.02, 10.01
Duration      [total, attack, wait]             57.122s, 57.101s, 21.526ms
Latencies     [min, mean, 50, 90, 95, 99, max]  20.893ms, 21.456ms, 21.45ms, 21.746ms, 21.843ms, 22.023ms, 23.58ms
Bytes In      [total, mean]                     1144, 2.00
Bytes Out     [total, mean]                     0, 0.00
Success       [ratio]                           100.00%
Status Codes  [code:count]                      200:572  
Error Set:
Requests      [total, rate, throughput]         582, 10.02, 10.01
Duration      [total, attack, wait]             58.122s, 58.101s, 21.108ms
Latencies     [min, mean, 50, 90, 95, 99, max]  20.893ms, 21.456ms, 21.449ms, 21.746ms, 21.84ms, 22.021ms, 23.58ms
Bytes In      [total, mean]                     1164, 2.00
Bytes Out     [total, mean]                     0, 0.00
Success       [ratio]                           100.00%
Status Codes  [code:count]                      200:582  
Error Set:
Requests      [total, rate, throughput]         592, 10.02, 10.01
Duration      [total, attack, wait]             59.122s, 59.1s, 21.253ms
Latencies     [min, mean, 50, 90, 95, 99, max]  20.893ms, 21.456ms, 21.448ms, 21.747ms, 21.848ms, 22.029ms, 23.58ms
Bytes In      [total, mean]                     1184, 2.00
Bytes Out     [total, mean]                     0, 0.00
Success       [ratio]                           100.00%
Status Codes  [code:count]                      200:592  
Error Set:
Requests      [total, rate, throughput]         600, 10.02, 10.01
Duration      [total, attack, wait]             59.922s, 59.901s, 21.64ms
Latencies     [min, mean, 50, 90, 95, 99, max]  20.893ms, 21.456ms, 21.449ms, 21.746ms, 21.846ms, 22.028ms, 23.58ms
Bytes In      [total, mean]                     1200, 2.00
Bytes Out     [total, mean]                     0, 0.00
Success       [ratio]                           100.00%
Status Codes  [code:count]                      200:600  
Error Set:
