3.000992 1250.000000 3681 1226.594425 39.251022
3.000044 1250.000000 3699 1232.981895 39.455421
3.002832 1250.000000 3760 1252.151146 40.068837
3.000155 1250.000000 3890 1296.599671 41.491189
3.001152 1250.000000 3763 1253.851931 40.123262
3.000199 1250.000000 3848 1282.581771 41.042617
3.000256 1250.000000 3749 1249.560067 39.985922
3.000901 1250.000000 3611 1203.305251 38.505768
3.000227 1250.000000 3701 1233.573349 39.474347
3.000359 1250.000000 3904 1301.177737 41.637688
3.001059 1250.000000 3826 1274.883144 40.796261
3.000061 1250.000000 3765 1254.974643 40.159189
3.000138 1250.000000 3715 1238.276369 39.624844
3.000699 1250.000000 3713 1237.378308 39.596106
3.001935 1250.000000 3737 1244.863842 39.835643
3.001073 1250.000000 3670 1222.895934 39.132670
3.000381 1250.000000 3658 1219.178413 39.013709
3.001089 1250.000000 3711 1236.551281 39.569641
3.000115 1250.000000 3729 1242.952159 39.774469
3.000306 1250.000000 3774 1257.871788 40.251897
3.000614 1250.000000 3810 1269.740324 40.631690
3.000454 1250.000000 3791 1263.475658 40.431221
3.000829 1250.000000 3752 1250.321080 40.010275
3.000627 1250.000000 3788 1262.402671 40.396885
3.000334 1250.000000 3790 1263.192544 40.422161
3.000329 1250.000000 3663 1220.866161 39.067717
3.003145 1250.000000 3566 1187.421751 37.997496
3.001121 1250.000000 3909 1302.513305 41.680426
3.001703 1250.000000 3634 1210.646055 38.740674
3.000271 1250.000000 3673 1224.222803 39.175130
3.005267 1250.000000 3709 1234.166662 39.493333
3.000502 1250.000000 3647 1215.463131 38.894820
6.001637 1250.000000 3707 1235.127993 39.524096
6.003187 1250.000000 3627 1207.763628 38.648436
6.001122 1250.000000 3752 1250.454662 40.014549
6.000463 1250.000000 3761 1253.556124 40.113796
6.001024 1250.000000 3663 1220.687509 39.062000
6.000816 1250.000000 3795 1264.807405 40.473837
6.001566 1250.000000 3692 1230.394105 39.372611
6.001674 1250.000000 3900 1299.301288 41.577641
6.001704 1250.000000 3680 1226.125896 39.236029
6.002350 1250.000000 3838 1278.685071 40.917922
6.000823 1250.000000 3767 1255.417292 40.173353
6.001438 1250.000000 3804 1267.411076 40.557154
6.000170 1250.000000 3791 1263.653179 40.436902
6.001627 1250.000000 3804 1267.577479 40.562479
6.000750 1250.000000 3663 1220.979306 39.071338
6.001335 1250.000000 3689 1229.565696 39.346102
6.001643 1250.000000 3685 1228.132303 39.300234
6.002034 1250.000000 3639 1212.301496 38.793648
6.000772 1250.000000 3699 1232.746550 39.447890
6.001449 1250.000000 3752 1250.476054 40.015234
6.001319 1250.000000 3796 1265.223923 40.487166
6.002031 1250.000000 3813 1270.959282 40.670697
6.000559 1250.000000 3727 1242.289533 39.753265
6.001220 1250.000000 3785 1261.604891 40.371356
6.001632 1250.000000 3784 1260.761236 40.344360
6.003321 1250.000000 3772 1257.259674 40.232310
6.004066 1250.000000 3831 1276.475042 40.847201
6.002765 1250.000000 3765 1254.556045 40.145793
6.000876 1250.000000 3806 1268.437598 40.590003
6.001802 1250.000000 3649 1216.057328 38.913834
6.008952 1250.000000 3715 1236.814107 39.578051
6.001409 1250.000000 3701 1233.293991 39.465408
9.003625 1250.000000 3624 1206.869807 38.619834
9.004455 1250.000000 3781 1259.165972 40.293311
9.001735 1250.000000 3692 1230.415374 39.373292
9.000425 1250.000000 3721 1240.227838 39.687291
9.001087 1250.000000 3788 1262.640205 40.404487
9.003058 1250.000000 3701 1232.600569 39.443218
9.002827 1250.000000 3783 1260.502646 40.336085
9.002072 1250.000000 3765 1254.788294 40.153225
9.002192 1250.000000 3673 1224.134428 39.172302
9.002947 1250.000000 3765 1254.617063 40.147746
9.001534 1250.000000 3805 1268.249140 40.583972
9.001100 1250.000000 3773 1257.519945 40.240638
9.001875 1250.000000 3704 1234.564849 39.506075
9.000596 1250.000000 3779 1259.651277 40.308841
9.004869 1250.000000 3744 1246.953125 39.902500
9.001113 1250.000000 3728 1242.525357 39.760811
9.005524 1250.000000 3655 1217.384656 38.956309
9.001921 1250.000000 3641 1213.552086 38.833667
9.001366 1250.000000 3755 1251.647098 40.052707
9.002081 1250.000000 3752 1250.398766 40.012761
9.001558 1250.000000 3841 1280.287127 40.969188
9.001525 1250.000000 3759 1252.706661 40.086613
9.006234 1250.000000 3727 1240.596536 39.699089
9.006931 1250.000000 3697 1229.991872 39.359740
9.001333 1250.000000 3622 1207.149323 38.628778
9.002377 1250.000000 3637 1212.100874 38.787228
9.002370 1250.000000 3766 1255.024822 40.160794
9.005106 1250.000000 3819 1272.007243 40.704232
9.004542 1250.000000 3774 1257.488213 40.239623
9.005495 1250.000000 3913 1303.712271 41.718793
9.009904 1250.000000 3813 1270.596692 40.659094
9.004072 1250.000000 3795 1263.878195 40.444102
12.005327 1250.000000 3787 1260.668817 40.341402
12.002608 1250.000000 3750 1249.776515 39.992848
12.001433 1250.000000 3695 1231.530124 39.408964
12.001898 1250.000000 3760 1252.718194 40.086982
12.001098 1250.000000 3801 1266.995102 40.543843
12.002319 1250.000000 3734 1244.350943 39.819230
12.001479 1250.000000 3739 1245.966637 39.870932
12.003043 1250.000000 3798 1265.908630 40.509076
12.003902 1250.000000 3787 1261.337594 40.362803
12.003502 1250.000000 3742 1247.102265 39.907272
12.001251 1250.000000 3579 1192.945070 38.174242
12.002484 1250.000000 3752 1250.431917 40.013821
12.001760 1250.000000 3842 1280.655738 40.980984
12.002712 1250.000000 3710 1236.452422 39.566478
12.004687 1250.000000 3836 1277.972589 40.895123
12.001996 1250.000000 3726 1241.949839 39.742395
12.002299 1250.000000 3850 1283.240014 41.063680
12.002865 1250.000000 3718 1239.128891 39.652125
12.001628 1250.000000 3770 1256.623690 40.211958
12.003936 1250.000000 3723 1240.871405 39.707885
12.004814 1250.000000 3681 1226.888942 39.260446
12.001499 1250.000000 3801 1266.930212 40.541767
12.008115 1250.000000 3818 1271.290986 40.681312
12.004891 1250.000000 3766 1255.150890 40.164828
12.002435 1250.000000 3742 1247.309328 39.913898
12.005818 1250.000000 3819 1272.875463 40.732015
12.007198 1250.000000 3650 1215.976610 38.911252
12.006468 1250.000000 3767 1255.568853 40.178203
12.005412 1250.000000 3765 1254.871993 40.155904
12.008221 1250.000000 3733 1243.798473 39.801551
12.011631 1250.000000 3753 1250.280180 40.008966
12.005811 1250.000000 3785 1260.935411 40.349933
15.001196 1250.000000 3889 1296.291326 41.481322
15.002033 1250.000000 3680 1226.421143 39.245477
15.002179 1250.000000 3739 1246.216877 39.878940
15.002360 1250.000000 3823 1274.307454 40.777839
15.001986 1250.000000 3736 1245.239646 39.847669
15.002854 1250.000000 3637 1212.234179 38.791494
15.002502 1250.000000 3814 1270.803493 40.665712
15.002854 1250.000000 3654 1217.782696 38.969046
15.003041 1250.000000 3886 1294.659340 41.429099
15.003010 1250.000000 3779 1259.240929 40.295710
15.003303 1250.000000 3621 1206.326545 38.602449
15.002902 1250.000000 3869 1289.584895 41.266717
15.004252 1250.000000 3810 1269.682553 40.629842
15.003707 1250.000000 3838 1279.050470 40.929615
15.003163 1250.000000 3750 1249.717004 39.990944
15.003958 1250.000000 3877 1292.323987 41.354368
15.004406 1250.000000 3750 1249.790183 39.993286
15.002461 1250.000000 3755 1251.265119 40.040484
15.006502 1250.000000 3835 1277.560521 40.881937
15.005191 1250.000000 3688 1229.210491 39.334736
15.002514 1250.000000 3843 1280.966154 40.990917
15.004946 1250.000000 3712 1236.475437 39.567214
15.005708 1250.000000 3750 1249.841145 39.994917
15.006474 1250.000000 3794 1264.389960 40.460479
15.004897 1250.000000 3782 1260.631516 40.340209
15.005557 1250.000000 3886 1295.270616 41.448660
15.006564 1250.000000 3805 1268.292710 40.585367
15.008243 1250.000000 3559 1186.282763 37.961048
15.007598 1250.000000 3703 1234.168822 39.493402
15.009539 1250.000000 3700 1232.791880 39.449340
15.012317 1250.000000 3796 1265.044201 40.481414
15.006568 1250.000000 3723 1240.687257 39.701992
18.004900 1250.000000 3629 1208.842023 38.682945
18.001239 1250.000000 3622 1207.315741 38.634104
18.002845 1250.000000 3811 1269.989493 40.639664
18.002086 1250.000000 3681 1226.959289 39.262697
18.002878 1250.000000 3795 1264.781595 40.473011
18.002948 1250.000000 3912 1303.959319 41.726698
18.002334 1250.000000 3854 1284.600210 41.107207
18.005397 1250.000000 3761 1253.580412 40.114573
18.003755 1250.000000 3738 1245.979695 39.871350
18.005741 1250.000000 3779 1259.106370 40.291404
18.003794 1250.000000 3804 1267.623027 40.563937
18.005926 1250.000000 3828 1275.562484 40.817999
18.003076 1250.000000 3781 1260.092395 40.322957
18.004426 1250.000000 3758 1252.075786 40.066425
18.004571 1250.000000 3858 1285.737093 41.143587
18.003152 1250.000000 3754 1251.286911 40.041181
18.003386 1250.000000 3704 1234.575036 39.506401
18.005089 1250.000000 3713 1237.321685 39.594294
18.002687 1250.000000 3755 1251.594526 40.051025
18.007564 1250.000000 3679 1225.924785 39.229593
18.004514 1250.000000 3759 1252.494380 40.079820
18.006642 1250.000000 3704 1234.282535 39.497041
18.006681 1250.000000 3718 1239.248041 39.655937
18.002602 1250.000000 3705 1234.942202 39.518150
18.007492 1250.000000 3705 1234.592726 39.506967
18.008967 1250.000000 3794 1264.361648 40.459573
18.005716 1250.000000 3742 1247.267253 39.912552
18.008170 1250.000000 3701 1232.342315 39.434954
18.009373 1250.000000 3672 1223.275988 39.144832
18.010269 1250.000000 3710 1236.365754 39.563704
18.012929 1250.000000 3731 1243.412987 39.789216
18.008063 1250.000000 3664 1220.725032 39.063201
21.008185 1250.000000 3666 1220.865618 39.067700
21.002344 1250.000000 3594 1197.995862 38.335868
21.001652 1250.000000 3655 1218.165823 38.981306
21.009010 1250.000000 3751 1248.147361 39.940716
21.002610 1250.000000 3858 1285.775358 41.144811
21.004026 1250.000000 3754 1251.066136 40.034116
21.003231 1250.000000 3786 1261.851334 40.379243
21.003098 1250.000000 3615 1204.939576 38.558066
21.004053 1250.000000 3722 1240.167587 39.685363
21.006351 1250.000000 3642 1212.706806 38.806618
21.004907 1250.000000 3638 1212.216877 38.790940
21.005479 1250.000000 3827 1275.500795 40.816025
21.005806 1250.000000 3693 1230.493299 39.375786
21.003310 1250.000000 3722 1240.569596 39.698227
21.006616 1250.000000 3673 1223.633500 39.156272
21.003835 1250.000000 3839 1279.177414 40.933677
21.010520 1250.000000 3747 1247.403795 39.916921
21.004527 1250.000000 3744 1247.957940 39.934654
21.004793 1250.000000 3828 1275.881060 40.828194
21.007609 1250.000000 3635 1210.912583 38.749203
21.003083 1250.000000 3703 1234.135436 39.492334
21.009040 1250.000000 3804 1266.685104 40.533923
21.006748 1250.000000 3722 1240.622569 39.699922
21.011639 1250.000000 3685 1226.637455 39.252399
21.006106 1250.000000 3695 1231.506540 39.408209
21.007568 1250.000000 3745 1248.331616 39.946612
21.010642 1250.000000 3807 1267.955310 40.574570
21.012737 1250.000000 3693 1229.454919 39.342557
21.010086 1250.000000 3794 1264.366406 40.459725
21.011385 1250.000000 3757 1251.867585 40.059763
21.013742 1250.000000 3785 1261.324984 40.362399
21.008124 1250.000000 3751 1250.307800 40.009850
24.011405 1250.000000 3853 1284.324818 41.098394
24.001768 1250.000000 3743 1247.618461 39.923791
24.004070 1250.000000 3727 1241.985972 39.743551
24.003633 1250.000000 3833 1277.438799 40.878042
24.003713 1250.000000 3858 1285.413450 41.133230
24.005029 1250.000000 3739 1245.837308 39.866794
24.003093 1250.000000 3813 1270.795438 40.665454
24.007791 1250.000000 3822 1272.414585 40.717267
24.004505 1250.000000 3757 1251.740036 40.055681
24.005920 1250.000000 3738 1245.816903 39.866141
24.004696 1250.000000 3823 1273.744908 40.759837
24.004958 1250.000000 3677 1225.646009 39.220672
24.004598 1250.000000 3743 1247.637361 39.924396
24.007793 1250.000000 3880 1293.254193 41.384134
24.004451 1250.000000 3701 1233.492114 39.471748
24.004828 1250.000000 3735 1244.985591 39.839539
24.006060 1250.000000 3686 1228.562827 39.314010
24.008664 1250.000000 3824 1273.853099 40.763299
24.007128 1250.000000 3688 1229.123621 39.331956
24.012864 1250.000000 3837 1278.001434 40.896046
24.007400 1250.000000 3749 1249.229931 39.975358
24.006214 1250.000000 3627 1208.956775 38.686617
24.007706 1250.000000 3712 1237.276447 39.592846
24.008874 1250.000000 3758 1252.378909 40.076125
24.011327 1250.000000 3708 1235.046052 39.521474
24.009173 1250.000000 3691 1230.278770 39.368921
24.013001 1250.000000 3846 1281.418523 41.005393
24.010317 1250.000000 3748 1249.237069 39.975586
24.012999 1250.000000 3757 1252.224071 40.071170
24.010996 1250.000000 3638 1212.523628 38.800756
24.013748 1250.000000 3617 1205.664119 38.581252
24.008686 1250.000000 3727 1242.100531 39.747217
27.001909 1250.000000 3839 1279.606392 40.947405
27.007995 1250.000000 3792 1262.164837 40.389275
27.003778 1250.000000 3725 1241.639893 39.732477
27.004578 1250.000000 3863 1287.448865 41.198364
27.005224 1250.000000 3730 1242.450726 39.758423
27.005354 1250.000000 3790 1263.015058 40.416482
27.006045 1250.000000 3783 1260.433143 40.333861
27.007491 1250.000000 3794 1263.599473 40.435183
27.005316 1250.000000 3649 1215.982783 38.911449
27.008819 1250.000000 3665 1220.487049 39.055586
27.006133 1250.000000 3753 1250.969343 40.031019
27.009667 1250.000000 3863 1286.862708 41.179607
27.007613 1250.000000 3690 1229.801215 39.353639
27.005096 1250.000000 3628 1209.306153 38.697797
27.004965 1250.000000 3583 1194.278720 38.216919
27.011999 1250.000000 3742 1246.035470 39.873135
27.008389 1250.000000 3931 1309.901517 41.916849
27.008038 1250.000000 3699 1232.898458 39.452751
27.007035 1250.000000 3762 1253.656738 40.117016
27.004804 1250.000000 3734 1244.542621 39.825364
27.008104 1250.000000 3629 1209.506224 38.704199
27.008672 1250.000000 3843 1280.996772 40.991897
27.009495 1250.000000 3898 1299.194042 41.574209
27.011369 1250.000000 3745 1248.315559 39.946098
27.011184 1250.000000 3797 1265.300808 40.489626
27.018238 1250.000000 3663 1218.871955 39.003903
27.011027 1250.000000 3799 1266.320095 40.522243
27.015900 1250.000000 3744 1246.132842 39.876251
27.014386 1250.000000 3647 1215.050199 38.881606
27.014466 1250.000000 3774 1257.385067 40.236322
27.014182 1250.000000 3652 1217.157174 38.949030
27.009213 1250.000000 3898 1299.105183 41.571366
#type       avg     std     min     5th    10th    90th    95th    99th
read       88.7   179.9    45.3    64.3    67.7   105.9   115.4   139.8
update     92.4   176.4    49.8    67.5    70.9   110.7   119.6   143.8
op_q        1.1     0.4     1.0     1.0     1.0     2.0     2.1     2.1

Total QPS = 79915.5 (2397466 / 30.0s)

Misses = 0 (0.0%)
Skipped TXs = 0 (0.0%)

RX  416546511 bytes :   13.2 MB/s
TX  266160352 bytes :    8.5 MB/s
