3.001445 2500.000000 7451 2482.471179 79.439078
3.001593 2500.000000 7416 2470.688284 79.062025
3.000100 2500.000000 7478 2492.583468 79.762671
3.000777 2500.000000 7685 2561.003592 81.952115
3.000233 2500.000000 7425 2474.808159 79.193861
3.000253 2500.000000 7383 2460.792480 78.745359
3.000789 2500.000000 7561 2519.670798 80.629466
3.000134 2500.000000 7507 2502.221218 80.071079
3.000114 2500.000000 7481 2493.571731 79.794295
3.000387 2500.000000 7500 2499.677183 79.989670
3.000179 2500.000000 7480 2493.184162 79.781893
3.000628 2500.000000 7436 2478.147765 79.300728
3.000111 2500.000000 7414 2471.241802 79.079738
3.000763 2500.000000 7507 2501.697209 80.054311
3.000236 2500.000000 7375 2458.140364 78.660492
3.000010 2500.000000 7451 2483.658431 79.477070
3.001151 2500.000000 7521 2506.038711 80.193239
3.000175 2500.000000 7462 2487.187902 79.590013
3.000885 2500.000000 7495 2497.596645 79.923093
3.000001 2500.000000 7673 2557.666098 81.845315
3.000047 2500.000000 7510 2503.294324 80.105418
3.000484 2500.000000 7470 2489.598287 79.667145
3.000307 2500.000000 7535 2511.409750 80.365112
3.001505 2500.000000 7494 2496.747746 79.895928
3.000129 2500.000000 7503 2500.892232 80.028551
3.000143 2500.000000 7468 2489.214801 79.654874
3.000243 2500.000000 7288 2429.136528 77.732369
3.001607 2500.000000 7494 2496.662882 79.893212
3.000205 2500.000000 7334 2444.500020 78.224001
3.000017 2500.000000 7628 2542.652609 81.364883
3.000029 2500.000000 7438 2479.309023 79.337889
3.000917 2500.000000 7504 2500.569258 80.018216
6.000286 2500.000000 7548 2515.844476 80.507023
6.000311 2500.000000 7374 2457.836192 78.650758
6.002826 2500.000000 7398 2463.996978 78.847903
6.000427 2500.000000 7593 2530.838053 80.986818
6.000166 2500.000000 7399 2466.307687 78.921846
6.000866 2500.000000 7529 2508.942690 80.286166
6.001016 2500.000000 7359 2452.359536 78.475505
6.001182 2500.000000 7640 2546.322384 81.482316
6.000683 2500.000000 7783 2593.898098 83.004739
6.000759 2500.000000 7381 2459.962265 78.718792
6.000518 2500.000000 7543 2513.994650 80.447829
6.000377 2500.000000 7481 2493.563697 79.794038
6.000562 2500.000000 7626 2541.672439 81.333518
6.000132 2500.000000 7607 2535.563830 81.138043
6.001121 2500.000000 7392 2463.727216 78.839271
6.001626 2500.000000 7449 2482.972855 79.455131
6.000780 2500.000000 7379 2459.132966 78.692255
6.001406 2500.000000 7473 2490.567093 79.698147
6.000153 2500.000000 7519 2506.244228 80.199815
6.001467 2500.000000 7608 2535.169719 81.125431
6.000942 2500.000000 7437 2478.851664 79.323253
6.000688 2500.000000 7396 2465.284020 78.889089
6.000398 2500.000000 7299 2432.874067 77.851970
6.000377 2500.000000 7682 2560.466584 81.934931
6.000383 2500.000000 7295 2431.522200 77.808710
6.001453 2500.000000 7562 2520.660029 80.661121
6.001310 2500.000000 7542 2513.866587 80.443731
6.000422 2500.000000 7585 2527.991677 80.895734
6.001551 2500.000000 7569 2522.960892 80.734749
6.002771 2500.000000 7443 2480.037288 79.361193
6.000983 2500.000000 7478 2491.874967 79.739999
6.000946 2500.000000 7604 2534.642186 81.108550
9.002418 2500.000000 7420 2471.597473 79.091119
9.000542 2500.000000 7477 2492.120439 79.747854
9.000260 2500.000000 7583 2527.576648 80.882453
9.000238 2500.000000 7505 2501.578054 80.050498
9.001401 2500.000000 7530 2509.148732 80.292759
9.000896 2500.000000 7460 2486.278601 79.560915
9.000506 2500.000000 7491 2496.717008 79.894944
9.001507 2500.000000 7427 2475.398889 79.212764
9.000739 2500.000000 7481 2493.483293 79.791465
9.000908 2500.000000 7657 2551.881456 81.660207
9.000860 2500.000000 7520 2506.417400 80.205357
9.001324 2500.000000 7686 2561.987800 81.983610
9.000883 2500.000000 7420 2473.168745 79.141400
9.001250 2500.000000 7443 2480.535383 79.377132
9.001095 2500.000000 7440 2479.810590 79.353939
9.001000 2500.000000 7426 2475.151761 79.204856
9.001280 2500.000000 7566 2521.777813 80.696890
9.000515 2500.000000 7526 2508.551295 80.273641
9.001043 2500.000000 7533 2510.460682 80.334742
9.001339 2500.000000 7533 2510.668175 80.341382
9.000894 2500.000000 7403 2467.556259 78.961800
9.001608 2500.000000 7641 2546.868094 81.499779
9.001195 2500.000000 7468 2489.272218 79.656711
9.002881 2500.000000 7762 2587.285820 82.793146
9.001426 2500.000000 7705 2568.316438 82.186126
9.002061 2500.000000 7410 2469.641612 79.028532
9.002187 2500.000000 7499 2499.066379 79.970124
9.000440 2500.000000 7467 2488.985453 79.647534
9.003472 2500.000000 7451 2482.077095 79.426467
9.002841 2500.000000 7478 2492.608801 79.763482
9.001605 2500.000000 7474 2490.816218 79.706119
9.003006 2500.000000 7400 2464.973581 78.879155
12.004101 2500.000000 7343 2446.294228 78.281415
12.006333 2500.000000 7571 2518.549734 80.593591
12.001021 2500.000000 7590 2529.894695 80.956630
12.001499 2500.000000 7499 2499.033408 79.969069
12.001211 2500.000000 7426 2475.062360 79.201996
12.000846 2500.000000 7399 2466.083337 78.914667
12.001128 2500.000000 7433 2477.485079 79.279523
12.001032 2500.000000 7514 2504.523374 80.144748
12.001694 2500.000000 7624 2540.957601 81.310643
12.001959 2500.000000 7571 2522.444844 80.718235
12.002168 2500.000000 7349 2449.127330 78.372075
12.000953 2500.000000 7507 2501.905165 80.060965
12.002123 2500.000000 7648 2548.666804 81.557338
12.001884 2500.000000 7264 2420.620787 77.459865
12.000528 2500.000000 7353 2450.781076 78.424994
12.002604 2500.000000 7473 2490.173407 79.685549
12.001191 2500.000000 7393 2464.089107 78.850851
12.001049 2500.000000 7314 2437.566717 78.002135
12.001570 2500.000000 7350 2449.693150 78.390181
12.001318 2500.000000 7472 2490.635648 79.700341
12.004171 2500.000000 7681 2557.905714 81.852983
12.004031 2500.000000 7633 2542.663679 81.365238
12.001605 2500.000000 7355 2451.520191 78.448646
12.001754 2500.000000 7542 2513.404307 80.428938
12.001134 2500.000000 7375 2458.301683 78.665654
12.001800 2500.000000 7591 2529.996668 80.959893
12.002299 2500.000000 7440 2479.907689 79.357046
12.003105 2500.000000 7556 2518.478643 80.591317
12.003294 2500.000000 7367 2455.295875 78.569468
12.003587 2500.000000 7618 2539.236018 81.255553
12.002144 2500.000000 7581 2526.546189 80.849478
12.003924 2500.000000 7562 2519.895387 80.636652
15.001574 2500.000000 7458 2485.630745 79.540184
15.005604 2500.000000 7481 2490.003719 79.680119
15.001798 2500.000000 7591 2529.530562 80.944978
15.001235 2500.000000 7464 2487.822589 79.610323
15.004336 2500.000000 7439 2478.650113 79.316804
15.002604 2500.000000 7573 2523.251704 80.744055
15.001122 2500.000000 7644 2547.923402 81.533549
15.001920 2500.000000 7546 2514.602791 80.467289
15.001380 2500.000000 7412 2469.965062 79.038882
15.001294 2500.000000 7546 2515.263795 80.488441
15.001666 2500.000000 7715 2571.523979 82.288767
15.002402 2500.000000 7546 2514.961703 80.478774
15.001832 2500.000000 7614 2537.778970 81.208927
15.002013 2500.000000 7703 2567.317822 82.154170
15.001770 2500.000000 7444 2481.270609 79.400659
15.001948 2500.000000 7652 2550.612203 81.619591
15.003014 2500.000000 7528 2508.990394 80.287693
15.002197 2500.000000 7353 2450.939994 78.430080
15.002146 2500.000000 7417 2472.047853 79.105531
15.001593 2500.000000 7444 2480.953436 79.390510
15.001464 2500.000000 7516 2504.906811 80.157018
15.002918 2500.000000 7492 2496.708523 79.894673
15.002066 2500.000000 7499 2499.406973 79.981023
15.002402 2500.000000 7473 2490.914046 79.709249
15.004237 2500.000000 7505 2501.553001 80.049696
15.003313 2500.000000 7504 2501.317704 80.042167
15.005214 2500.000000 7401 2466.027821 78.912890
15.007588 2500.000000 7776 2589.051767 82.849657
15.003604 2500.000000 7407 2468.986691 79.007574
15.002404 2500.000000 7535 2511.448972 80.366367
15.006337 2500.000000 7537 2512.329889 80.394556
15.004534 2500.000000 7514 2504.158202 80.133062
18.001866 2500.000000 7386 2461.389355 78.764459
18.001541 2500.000000 7529 2509.410378 80.301132
18.002185 2500.000000 7386 2461.710403 78.774733
18.002345 2500.000000 7691 2563.428079 82.029699
18.003316 2500.000000 7379 2458.239059 78.663650
18.001499 2500.000000 7548 2515.828079 80.506499
18.001968 2500.000000 7614 2537.744246 81.207816
18.002092 2500.000000 7536 2511.730118 80.375364
18.002360 2500.000000 7468 2488.866945 79.643742
18.001595 2500.000000 7432 2477.155780 79.268985
18.003317 2500.000000 7570 2522.563826 80.722042
18.002245 2500.000000 7759 2585.772188 82.744710
18.002531 2500.000000 7402 2467.058894 78.945885
18.001962 2500.000000 7478 2492.654313 79.764938
18.002042 2500.000000 7386 2461.976456 78.783247
18.002017 2500.000000 7416 2471.919799 79.101434
18.003979 2500.000000 7537 2511.445158 80.366245
18.003326 2500.000000 7544 2514.404798 80.460954
18.002558 2500.000000 7424 2474.538139 79.185220
18.002467 2500.000000 7606 2535.062195 81.121990
18.002771 2500.000000 7634 2544.524915 81.424797
18.001736 2500.000000 7510 2503.106612 80.099412
18.004428 2500.000000 7496 2498.508165 79.952261
18.004686 2500.000000 7518 2505.706988 80.182624
18.003343 2500.000000 7576 2525.307512 80.809840
18.003970 2500.000000 7379 2459.366260 78.699720
18.005819 2500.000000 7462 2487.155622 79.588980
18.005365 2500.000000 7630 2543.205336 81.382571
18.008790 2500.000000 7457 2484.670741 79.509464
18.006679 2500.000000 7508 2502.381558 80.076210
18.002448 2500.000000 7353 2450.964653 78.430869
18.004681 2500.000000 7523 2507.543776 80.241401
21.002541 2500.000000 7625 2540.819426 81.306222
21.002178 2500.000000 7577 2525.490014 80.815680
21.002187 2500.000000 7545 2514.423136 80.461540
21.002349 2500.000000 7473 2490.744924 79.703838
21.002811 2500.000000 7490 2495.880599 79.868179
21.002442 2500.000000 7481 2493.313982 79.786047
21.002522 2500.000000 7517 2505.384625 80.172308
21.002210 2500.000000 7601 2533.457510 81.070640
21.002566 2500.000000 7522 2506.937049 80.221986
21.002837 2500.000000 7569 2522.742290 80.727753
21.001764 2500.000000 7526 2508.525657 80.272821
21.003489 2500.000000 7352 2449.745189 78.391846
21.003244 2500.000000 7454 2484.098637 79.491156
21.004283 2500.000000 7526 2507.859644 80.251509
21.003679 2500.000000 7591 2530.026875 80.960860
21.004091 2500.000000 7534 2511.239797 80.359674
21.002780 2500.000000 7528 2509.325911 80.298429
21.002295 2500.000000 7520 2506.624223 80.211975
21.002523 2500.000000 7562 2520.517259 80.656552
21.004523 2500.000000 7527 2508.920175 80.285446
21.003540 2500.000000 7254 2417.827606 77.370483
21.002507 2500.000000 7707 2568.966217 82.206919
21.001906 2500.000000 7776 2591.852638 82.939284
21.003622 2500.000000 7591 2530.098652 80.963157
21.005702 2500.000000 7515 2504.718604 80.150995
21.005444 2500.000000 7609 2535.692733 81.142167
21.004203 2500.000000 7657 2552.135355 81.668331
21.002732 2500.000000 7596 2531.760266 81.016329
21.007052 2500.000000 7389 2461.987594 78.783603
21.007227 2500.000000 7617 2538.536332 81.233163
21.009175 2500.000000 7440 2479.681521 79.349809
21.005436 2500.000000 7370 2456.048054 78.593538
24.002705 2500.000000 7401 2466.707434 78.934638
24.002663 2500.000000 7509 2502.882737 80.092248
24.002009 2500.000000 7474 2491.129552 79.716146
24.003712 2500.000000 7463 2486.941631 79.582132
24.004039 2500.000000 7473 2489.777935 79.672894
24.002650 2500.000000 7410 2469.910151 79.037125
24.003086 2500.000000 7582 2526.568383 80.850188
24.002749 2500.000000 7410 2469.537782 79.025209
24.002730 2500.000000 7461 2486.569340 79.570219
24.002858 2500.000000 7670 2556.627275 81.812073
24.003278 2500.000000 7542 2513.582369 80.434636
24.002319 2500.000000 7516 2505.313936 80.170046
24.002469 2500.000000 7449 2482.977354 79.455275
24.002626 2500.000000 7393 2464.248406 78.855949
24.003683 2500.000000 7839 2612.830941 83.610590
24.004325 2500.000000 7570 2521.804959 80.697759
24.001981 2500.000000 7491 2496.937819 79.902010
24.003546 2500.000000 7614 2537.995475 81.215855
24.005566 2500.000000 7553 2516.084260 80.514696
24.004565 2500.000000 7497 2497.900437 79.932814
24.004835 2500.000000 7394 2464.410645 78.861141
24.004394 2500.000000 7646 2548.409176 81.549094
24.004284 2500.000000 7481 2493.665252 79.797288
24.004049 2500.000000 7441 2479.980237 79.359368
24.006610 2500.000000 7785 2594.214726 83.014871
24.004508 2500.000000 7420 2473.081880 79.138620
24.006309 2500.000000 7584 2527.271821 80.872698
24.002745 2500.000000 7440 2479.988899 79.359645
24.007119 2500.000000 7409 2469.611524 79.027569
24.009164 2500.000000 7560 2518.373644 80.587957
24.009433 2500.000000 7365 2454.789219 78.553255
24.005591 2500.000000 7398 2465.873056 78.907938
27.003001 2500.000000 7636 2544.492551 81.423762
27.002727 2500.000000 7501 2500.269774 80.008633
27.003085 2500.000000 7509 2502.719559 80.087026
27.004593 2500.000000 7547 2514.083895 80.450685
27.002671 2500.000000 7477 2492.326382 79.754444
27.003270 2500.000000 7464 2487.211220 79.590759
27.003353 2500.000000 7436 2478.446480 79.310287
27.004378 2500.000000 7647 2547.512467 81.520399
27.003072 2500.000000 7496 2498.487962 79.951615
27.003785 2500.000000 7371 2456.803512 78.617712
27.002471 2500.000000 7657 2552.331748 81.674616
27.002814 2500.000000 7419 2472.930144 79.133765
27.004090 2500.000000 7419 2472.664460 79.125263
27.003480 2500.000000 7301 2433.502693 77.872086
27.002387 2500.000000 7414 2470.998553 79.071954
27.004220 2500.000000 7584 2527.847438 80.891118
27.004755 2500.000000 7730 2576.262122 82.440388
27.004781 2500.000000 7540 2512.437948 80.398014
27.004709 2500.000000 7626 2541.732847 81.335451
27.004844 2500.000000 7737 2578.991986 82.527744
27.007251 2500.000000 7597 2532.221745 81.031096
27.006020 2500.000000 7646 2548.280900 81.544989
27.005626 2500.000000 7439 2478.591192 79.314918
27.004532 2500.000000 7340 2446.272842 78.280731
27.004665 2500.000000 7423 2474.251003 79.176032
27.004529 2500.000000 7528 2509.315503 80.298096
27.006492 2500.000000 7604 2534.511456 81.104367
27.006902 2500.000000 7407 2468.759522 79.000305
27.002766 2500.000000 7469 2489.649495 79.668784
27.010759 2500.000000 7467 2487.677231 79.605671
27.009604 2500.000000 7318 2439.194342 78.054219
27.005685 2500.000000 7396 2465.255737 78.888184
#type       avg     std     min     5th    10th    90th    95th    99th
read      696.9   198.1    88.2   420.5   464.7   947.3  1036.0  1282.7
update    700.7   202.0    88.2   421.3   465.5   954.2  1047.9  1307.7
op_q        3.0     1.6     1.0     1.0     1.1     4.9     5.9     7.5

Total QPS = 159920.2 (4797607 / 30.0s)

Misses = 0 (0.0%)
Skipped TXs = 0 (0.0%)

RX  825841787 bytes :   26.3 MB/s
TX  530879699 bytes :   16.9 MB/s
