3.014687 62.500000 167 55.395475 1.772655
3.020134 62.500000 167 55.295554 1.769458
3.004422 62.500000 194 64.571485 2.066288
3.001540 62.500000 172 57.303915 1.833725
3.009219 62.500000 169 56.160754 1.797144
3.103766 62.500000 211 67.981919 2.175421
3.001895 62.500000 189 62.960224 2.014727
3.060673 62.500000 195 63.711478 2.038767
3.015981 62.500000 165 54.708569 1.750674
3.004609 62.500000 176 58.576673 1.874454
3.002041 62.500000 203 67.620671 2.163861
3.018345 62.500000 190 62.948407 2.014349
3.021684 62.500000 169 55.929070 1.789730
3.015131 62.500000 173 57.377275 1.836073
3.023103 62.500000 188 62.187754 1.990008
3.078043 62.500000 170 55.229897 1.767357
3.011998 62.500000 192 63.745068 2.039842
3.000829 62.500000 165 54.984808 1.759514
3.060339 62.500000 211 68.946621 2.206292
3.005667 62.500000 168 55.894410 1.788621
3.023672 62.500000 199 65.814019 2.106049
3.011847 62.500000 171 56.775792 1.816825
3.026908 62.500000 147 48.564406 1.554061
3.022983 62.500000 164 54.251053 1.736034
3.056324 62.500000 181 59.221477 1.895087
3.064186 62.500000 199 64.943830 2.078203
3.028272 62.500000 194 64.062942 2.050014
3.005644 62.500000 216 71.864810 2.299674
3.003213 62.500000 186 61.933674 1.981878
3.006618 62.500000 198 65.854723 2.107351
3.021882 62.500000 186 61.551042 1.969633
6.041873 62.500000 162 53.334192 1.706694
6.017103 62.500000 175 58.018593 1.856595
6.004806 62.500000 145 48.280769 1.544985
6.031141 62.500000 207 68.633716 2.196279
6.034940 62.500000 181 59.750309 1.912010
6.005388 62.500000 184 61.317405 1.962157
6.028806 62.500000 188 62.547759 2.001528
6.006581 62.500000 181 60.242162 1.927749
6.005579 62.500000 208 69.248310 2.215946
6.021362 62.500000 169 56.155222 1.796967
6.081141 62.500000 158 51.547055 1.649506
6.027089 62.500000 164 54.393050 1.740578
6.021040 62.500000 149 49.651669 1.588853
6.031826 62.500000 214 70.928103 2.269699
6.018060 62.500000 161 53.445470 1.710255
6.027423 62.500000 211 70.199043 2.246369
6.029144 62.500000 197 65.617773 2.099769
6.106970 62.500000 190 62.442817 1.998170
6.010389 62.500000 210 69.972697 2.239126
6.024159 62.500000 149 49.658600 1.589075
6.019091 62.500000 170 56.652573 1.812882
6.006626 62.500000 180 59.931803 1.917818
6.019070 62.500000 212 70.374568 2.251986
6.073110 62.500000 220 73.030580 2.336979
6.036650 62.500000 185 61.387010 1.964384
6.078724 62.500000 160 53.008476 1.696271
6.052140 62.500000 193 63.825534 2.042417
6.077711 62.500000 188 62.223062 1.991138
6.112258 62.500000 205 68.140463 2.180495
6.078422 62.500000 171 56.992799 1.823770
6.058472 62.500000 191 62.899507 2.012784
9.043411 62.500000 184 60.554108 1.937731
9.011397 62.500000 203 67.531412 2.161005
9.024060 62.500000 180 59.861188 1.915558
9.076764 62.500000 201 66.229737 2.119352
9.053842 62.500000 187 61.817453 1.978158
9.050457 62.500000 196 64.391590 2.060531
9.023804 62.500000 200 66.369898 2.123837
9.029779 62.500000 198 65.986023 2.111553
9.022580 62.500000 177 58.969747 1.887032
9.035204 62.500000 205 68.082691 2.178646
9.027033 62.500000 174 57.846870 1.851100
9.064671 62.500000 197 64.398182 2.060742
9.053213 62.500000 195 64.606499 2.067408
9.059726 62.500000 196 64.508408 2.064269
9.137486 62.500000 189 60.856638 1.947412
9.034778 62.500000 204 67.917661 2.173365
9.034551 62.500000 214 71.164261 2.277256
9.045421 62.500000 221 73.219249 2.343016
9.131777 62.500000 188 61.464677 1.966870
9.034048 62.500000 181 59.786849 1.913179
9.080996 62.500000 192 63.951567 2.046450
9.018549 62.500000 206 68.655479 2.196975
9.107417 62.500000 205 67.740035 2.167681
9.038261 62.500000 174 57.968861 1.855004
9.151561 62.500000 191 61.624413 1.971981
9.024840 62.500000 170 56.557878 1.809852
9.151101 62.500000 198 64.438885 2.062044
9.107825 62.500000 182 60.063746 1.922040
9.119531 62.500000 198 65.840375 2.106892
9.119576 62.500000 168 55.765678 1.784502
9.065590 62.500000 194 64.513604 2.064435
12.120143 62.500000 198 64.182787 2.053849
12.012665 62.500000 178 59.308265 1.897864
12.080748 62.500000 192 63.431101 2.029795
12.043105 62.500000 201 66.814550 2.138066
12.025955 62.500000 189 62.929198 2.013734
12.048036 62.500000 195 64.484645 2.063509
12.064894 62.500000 169 55.932792 1.789849
12.058370 62.500000 184 60.699289 1.942377
12.063548 62.500000 190 63.252755 2.024088
12.028152 62.500000 190 63.241661 2.023733
12.063953 62.500000 195 64.708881 2.070684
12.035602 62.500000 197 65.643668 2.100597
12.030851 62.500000 182 60.644990 1.940640
12.074246 62.500000 186 61.409958 1.965119
12.053941 62.500000 186 61.984950 1.983518
12.095426 62.500000 192 63.350551 2.027218
12.040328 62.500000 240 79.944935 2.558238
12.076510 62.500000 173 56.573631 1.810356
12.086465 62.500000 195 64.790483 2.073295
12.104141 62.500000 176 58.217516 1.862961
12.057678 62.500000 218 72.098779 2.307161
12.115770 62.500000 192 63.822297 2.042314
12.160819 62.500000 187 61.487106 1.967587
12.142860 62.500000 187 61.853266 1.979305
12.055433 62.500000 189 62.364043 1.995649
12.139788 62.500000 186 61.952471 1.982479
12.136249 62.500000 177 58.912189 1.885190
12.110252 62.500000 184 61.283766 1.961080
12.151194 62.500000 179 59.664823 1.909274
12.154025 62.500000 194 64.613600 2.067635
12.067781 62.500000 187 62.287841 1.993211
3.020188 62.500000 171 56.618988 1.811808
15.172579 62.500000 212 69.353363 2.219308
15.048459 62.500000 211 69.504049 2.224130
15.059240 62.500000 189 62.507470 2.000239
15.180602 62.500000 183 58.009664 1.856309
15.036900 62.500000 204 67.863172 2.171622
15.048598 62.500000 195 64.881198 2.076198
15.035658 62.500000 203 67.497791 2.159929
15.051754 62.500000 193 64.253705 2.056119
15.065335 62.500000 209 69.634586 2.228307
15.070353 62.500000 194 64.409390 2.061100
15.065360 62.500000 211 70.066628 2.242132
15.076460 62.500000 195 64.750364 2.072012
15.090865 62.500000 158 52.191431 1.670126
15.076245 62.500000 180 59.630939 1.908190
15.041548 62.500000 173 57.643219 1.844583
15.074547 62.500000 158 52.661368 1.685164
15.092605 62.500000 202 67.068265 2.146184
15.100247 62.500000 181 60.236536 1.927569
15.087550 62.500000 196 65.309719 2.089911
15.110979 62.500000 214 71.171098 2.277475
15.167253 62.500000 186 61.365795 1.963705
15.062189 62.500000 208 69.177556 2.213682
15.190903 62.500000 229 74.574377 2.386380
15.150302 62.500000 185 61.451287 1.966441
15.116439 62.500000 198 65.133108 2.084259
15.172660 62.500000 191 63.416370 2.029324
15.110929 62.500000 188 62.652528 2.004881
15.168392 62.500000 184 60.983727 1.951479
15.145497 62.500000 172 57.282994 1.833056
15.158561 62.500000 199 66.233186 2.119462
15.146225 62.500000 219 71.139839 2.276475
6.121880 62.500000 187 60.289674 1.929270
18.146976 62.500000 178 57.966650 1.854933
18.060031 62.500000 184 61.317174 1.962150
18.048818 62.500000 156 51.996187 1.663878
18.056094 62.500000 192 63.593121 2.034980
18.050307 62.500000 180 59.963077 1.918818
18.093259 62.500000 190 62.140233 1.988487
18.096349 62.500000 201 65.798071 2.105538
18.070854 62.500000 160 53.324419 1.706381
18.104374 62.500000 205 67.155413 2.148973
18.069325 62.500000 161 53.595395 1.715053
18.113600 62.500000 166 54.656689 1.749014
18.079511 62.500000 208 69.007825 2.208250
18.116469 62.500000 188 62.329629 1.994548
18.098245 62.500000 186 61.883653 1.980277
18.091415 62.500000 200 66.654433 2.132942
18.199942 62.500000 189 62.596450 2.003086
18.089116 62.500000 197 65.632402 2.100237
18.133274 62.500000 176 57.540278 1.841289
18.128267 62.500000 194 64.296158 2.057477
18.155105 62.500000 181 59.457797 1.902650
18.106292 62.500000 204 67.014794 2.144473
18.196247 62.500000 183 60.522523 1.936721
18.170056 62.500000 182 60.633027 1.940257
18.154263 62.500000 195 64.914298 2.077258
18.140025 62.500000 196 64.823685 2.074358
18.223848 62.500000 186 60.852035 1.947265
18.189564 62.500000 193 63.972861 2.047132
18.154469 62.500000 195 64.806179 2.073798
18.200900 62.500000 222 73.754222 2.360135
18.161207 62.500000 171 56.949763 1.822392
18.150860 62.500000 211 70.224822 2.247194
9.190607 62.500000 167 54.419964 1.741439
21.080978 62.500000 195 64.549294 2.065577
21.052057 62.500000 188 62.630126 2.004164
21.054823 62.500000 194 64.537488 2.065200
21.083140 62.500000 217 72.038313 2.305226
21.064650 62.500000 226 75.119111 2.403812
21.096761 62.500000 177 58.662695 1.877206
21.082330 62.500000 172 57.085870 1.826748
21.092516 62.500000 190 63.261647 2.024373
21.105810 62.500000 198 65.834001 2.106688
21.123806 62.500000 202 66.614107 2.131651
21.183155 62.500000 189 62.399047 1.996770
21.175788 62.500000 199 64.791018 2.073313
21.099459 62.500000 178 59.210953 1.894751
21.114291 62.500000 168 55.987101 1.791587
21.135868 62.500000 182 60.513337 1.936427
21.134343 62.500000 212 69.782894 2.233053
21.128141 62.500000 178 59.103384 1.891308
21.172564 62.500000 181 59.823091 1.914339
21.154891 62.500000 179 59.239803 1.895674
21.158192 62.500000 143 47.607583 1.523443
21.193631 62.500000 163 54.259776 1.736313
21.233141 62.500000 157 51.697549 1.654322
21.179434 62.500000 198 65.469059 2.095010
21.106644 62.500000 192 63.992494 2.047760
21.143400 62.500000 205 68.256552 2.184210
21.170283 62.500000 163 54.169458 1.733423
21.237882 62.500000 193 64.033770 2.049081
21.204767 62.500000 198 65.894032 2.108609
21.183346 62.500000 179 59.403525 1.900913
21.213565 62.500000 182 60.411617 1.933172
21.157521 62.500000 216 71.840501 2.298896
12.199155 62.500000 176 58.499988 1.872000
24.091162 62.500000 205 68.151102 2.180835
24.092819 62.500000 165 54.808373 1.753868
24.122120 62.500000 195 63.778216 2.040903
24.062674 62.500000 192 63.832943 2.042654
24.065181 62.500000 209 69.363228 2.219623
24.086848 62.500000 178 59.217468 1.894959
24.099371 62.500000 178 59.198050 1.894338
24.186260 62.500000 206 66.873336 2.139947
24.122360 62.500000 163 53.921723 1.725495
24.146453 62.500000 195 63.940888 2.046108
24.118343 62.500000 158 52.595631 1.683060
24.206427 62.500000 221 71.692247 2.294152
24.197393 62.500000 175 57.017150 1.824549
24.160208 62.500000 189 62.492987 1.999776
24.155480 62.500000 189 62.987651 2.015605
24.136581 62.500000 219 72.945559 2.334258
24.196224 62.500000 186 61.731093 1.975395
24.108502 62.500000 191 63.627266 2.036073
24.214318 62.500000 204 67.534304 2.161098
24.235461 62.500000 201 66.948242 2.142344
24.179693 62.500000 168 55.927202 1.789670
24.152595 62.500000 180 59.816650 1.914133
24.217631 62.500000 183 60.917438 1.949358
24.206665 62.500000 188 62.627031 2.004065
24.185611 62.500000 160 53.062225 1.697991
24.199179 62.500000 184 60.932310 1.949834
24.183662 62.500000 195 64.452801 2.062490
24.199977 62.500000 184 60.995199 1.951846
24.173717 62.500000 228 75.970789 2.431065
24.245757 62.500000 203 67.489516 2.159665
24.184285 62.500000 185 61.121380 1.955884
15.209685 62.500000 193 64.108305 2.051466
27.076642 62.500000 182 60.435779 1.933945
27.063676 62.500000 207 68.976964 2.207263
27.104446 62.500000 184 60.975657 1.951221
27.121988 62.500000 159 52.460947 1.678750
27.133661 62.500000 193 64.006525 2.048209
27.129411 62.500000 205 67.655890 2.164988
27.100140 62.500000 187 62.181585 1.989811
27.198265 62.500000 174 57.643134 1.844580
27.166829 62.500000 187 61.912812 1.981210
27.140602 62.500000 213 70.565270 2.258089
27.161385 62.500000 181 59.558572 1.905874
27.279637 62.500000 215 68.755081 2.200163
27.289128 62.500000 171 55.287836 1.769211
27.166357 62.500000 173 57.548701 1.841558
27.149708 62.500000 191 63.389303 2.028458
27.210204 62.500000 192 63.782550 2.041042
27.166409 62.500000 190 63.103432 2.019310
27.116049 62.500000 197 65.501896 2.096061
27.211690 62.500000 201 66.882651 2.140245
27.192159 62.500000 194 64.539760 2.065272
27.247202 62.500000 174 57.433876 1.837884
27.239608 62.500000 172 56.570967 1.810271
27.214271 62.500000 177 58.850796 1.883225
27.222740 62.500000 192 63.820845 2.042267
27.243609 62.500000 174 57.842887 1.850972
27.213041 62.500000 193 63.999506 2.047984
27.192575 62.500000 185 61.483998 1.967488
27.195532 62.500000 177 58.805531 1.881777
27.194055 62.500000 187 61.913614 1.981236
27.250935 62.500000 179 59.563867 1.906044
27.185909 62.500000 185 61.633301 1.972266
18.282028 62.500000 174 56.634300 1.812298
30.255507 62.500000 173 56.586957 1.810783
#type       avg     std     min     5th    10th    90th    95th    99th
read       64.3    13.2    41.1    51.2    53.1    77.7    83.7   101.5
update     68.1    18.6    41.1    54.7    56.0    81.7    87.9   105.6
op_q        1.0     0.0     1.0     1.0     1.0     1.1     1.1     1.1

Total QPS = 259817.6 (7794527 / 30.0s)

Misses = 0 (0.0%)
Skipped TXs = 0 (0.0%)

RX 1343138377 bytes :   42.7 MB/s
TX  861340733 bytes :   27.4 MB/s
