Requests      [total, rate, throughput]         12, 10.90, 10.70
Duration      [total, attack, wait]             1.122s, 1.101s, 21.174ms
Latencies     [min, mean, 50, 90, 95, 99, max]  21.174ms, 21.572ms, 21.542ms, 22.031ms, 22.527ms, 22.609ms, 22.609ms
Bytes In      [total, mean]                     24, 2.00
Bytes Out     [total, mean]                     0, 0.00
Success       [ratio]                           100.00%
Status Codes  [code:count]                      200:12  
Error Set:
Requests      [total, rate, throughput]         22, 10.48, 10.37
Duration      [total, attack, wait]             2.121s, 2.1s, 21.422ms
Latencies     [min, mean, 50, 90, 95, 99, max]  21.174ms, 21.61ms, 21.575ms, 21.885ms, 22.202ms, 22.609ms, 22.609ms
Bytes In      [total, mean]                     44, 2.00
Bytes Out     [total, mean]                     0, 0.00
Success       [ratio]                           100.00%
Status Codes  [code:count]                      200:22  
Error Set:
Requests      [total, rate, throughput]         32, 10.32, 10.25
Duration      [total, attack, wait]             3.122s, 3.1s, 21.721ms
Latencies     [min, mean, 50, 90, 95, 99, max]  21.174ms, 21.629ms, 21.621ms, 21.878ms, 21.929ms, 22.609ms, 22.609ms
Bytes In      [total, mean]                     64, 2.00
Bytes Out     [total, mean]                     0, 0.00
Success       [ratio]                           100.00%
Status Codes  [code:count]                      200:32  
Error Set:
Requests      [total, rate, throughput]         42, 10.24, 10.19
Duration      [total, attack, wait]             4.122s, 4.1s, 21.647ms
Latencies     [min, mean, 50, 90, 95, 99, max]  21.102ms, 21.627ms, 21.643ms, 21.867ms, 21.917ms, 22.609ms, 22.609ms
Bytes In      [total, mean]                     84, 2.00
Bytes Out     [total, mean]                     0, 0.00
Success       [ratio]                           100.00%
Status Codes  [code:count]                      200:42  
Error Set:
Requests      [total, rate, throughput]         52, 10.20, 10.15
Duration      [total, attack, wait]             5.122s, 5.1s, 21.732ms
Latencies     [min, mean, 50, 90, 95, 99, max]  21.102ms, 21.627ms, 21.645ms, 21.867ms, 21.929ms, 22.6ms, 22.609ms
Bytes In      [total, mean]                     104, 2.00
Bytes Out     [total, mean]                     0, 0.00
Success       [ratio]                           100.00%
Status Codes  [code:count]                      200:52  
Error Set:
Requests      [total, rate, throughput]         62, 10.16, 10.13
Duration      [total, attack, wait]             6.123s, 6.101s, 22.022ms
Latencies     [min, mean, 50, 90, 95, 99, max]  21.102ms, 21.632ms, 21.642ms, 21.881ms, 22.043ms, 22.551ms, 22.609ms
Bytes In      [total, mean]                     124, 2.00
Bytes Out     [total, mean]                     0, 0.00
Success       [ratio]                           100.00%
Status Codes  [code:count]                      200:62  
Error Set:
Requests      [total, rate, throughput]         72, 10.14, 10.11
Duration      [total, attack, wait]             7.122s, 7.1s, 21.616ms
Latencies     [min, mean, 50, 90, 95, 99, max]  21.102ms, 21.628ms, 21.633ms, 21.914ms, 22.07ms, 22.502ms, 22.609ms
Bytes In      [total, mean]                     144, 2.00
Bytes Out     [total, mean]                     0, 0.00
Success       [ratio]                           100.00%
Status Codes  [code:count]                      200:72  
Error Set:
Requests      [total, rate, throughput]         82, 10.12, 10.10
Duration      [total, attack, wait]             8.121s, 8.1s, 21.726ms
Latencies     [min, mean, 50, 90, 95, 99, max]  21.102ms, 21.632ms, 21.633ms, 21.914ms, 22.09ms, 22.47ms, 22.609ms
Bytes In      [total, mean]                     164, 2.00
Bytes Out     [total, mean]                     0, 0.00
Success       [ratio]                           100.00%
Status Codes  [code:count]                      200:82  
Error Set:
Requests      [total, rate, throughput]         92, 10.11, 10.09
Duration      [total, attack, wait]             9.122s, 9.1s, 21.686ms
Latencies     [min, mean, 50, 90, 95, 99, max]  21.102ms, 21.63ms, 21.632ms, 21.914ms, 22.07ms, 22.427ms, 22.609ms
Bytes In      [total, mean]                     184, 2.00
Bytes Out     [total, mean]                     0, 0.00
Success       [ratio]                           100.00%
Status Codes  [code:count]                      200:92  
Error Set:
Requests      [total, rate, throughput]         102, 10.10, 10.08
Duration      [total, attack, wait]             10.122s, 10.1s, 21.883ms
Latencies     [min, mean, 50, 90, 95, 99, max]  21.102ms, 21.623ms, 21.631ms, 21.891ms, 22.043ms, 22.383ms, 22.609ms
Bytes In      [total, mean]                     204, 2.00
Bytes Out     [total, mean]                     0, 0.00
Success       [ratio]                           100.00%
Status Codes  [code:count]                      200:102  
Error Set:
Requests      [total, rate, throughput]         112, 10.09, 10.07
Duration      [total, attack, wait]             11.122s, 11.1s, 21.444ms
Latencies     [min, mean, 50, 90, 95, 99, max]  21.102ms, 21.619ms, 21.624ms, 21.883ms, 22.014ms, 22.34ms, 22.609ms
Bytes In      [total, mean]                     224, 2.00
Bytes Out     [total, mean]                     0, 0.00
Success       [ratio]                           100.00%
Status Codes  [code:count]                      200:112  
Error Set:
Requests      [total, rate, throughput]         122, 10.08, 10.06
Duration      [total, attack, wait]             12.121s, 12.1s, 21.206ms
Latencies     [min, mean, 50, 90, 95, 99, max]  21.102ms, 21.634ms, 21.619ms, 21.891ms, 22.043ms, 23.043ms, 24.159ms
Bytes In      [total, mean]                     244, 2.00
Bytes Out     [total, mean]                     0, 0.00
Success       [ratio]                           100.00%
Status Codes  [code:count]                      200:122  
Error Set:
Requests      [total, rate, throughput]         132, 10.08, 10.06
Duration      [total, attack, wait]             13.122s, 13.1s, 21.542ms
Latencies     [min, mean, 50, 90, 95, 99, max]  21.102ms, 21.626ms, 21.606ms, 21.891ms, 22.016ms, 22.888ms, 24.159ms
Bytes In      [total, mean]                     264, 2.00
Bytes Out     [total, mean]                     0, 0.00
Success       [ratio]                           100.00%
Status Codes  [code:count]                      200:132  
Error Set:
Requests      [total, rate, throughput]         142, 10.07, 10.06
Duration      [total, attack, wait]             14.122s, 14.1s, 21.72ms
Latencies     [min, mean, 50, 90, 95, 99, max]  21.102ms, 21.624ms, 21.606ms, 21.909ms, 21.988ms, 22.733ms, 24.159ms
Bytes In      [total, mean]                     284, 2.00
Bytes Out     [total, mean]                     0, 0.00
Success       [ratio]                           100.00%
Status Codes  [code:count]                      200:142  
Error Set:
Requests      [total, rate, throughput]         152, 10.07, 10.05
Duration      [total, attack, wait]             15.121s, 15.1s, 21.745ms
Latencies     [min, mean, 50, 90, 95, 99, max]  21.102ms, 21.624ms, 21.61ms, 21.909ms, 21.971ms, 22.601ms, 24.159ms
Bytes In      [total, mean]                     304, 2.00
Bytes Out     [total, mean]                     0, 0.00
Success       [ratio]                           100.00%
Status Codes  [code:count]                      200:152  
Error Set:
Requests      [total, rate, throughput]         162, 10.06, 10.05
Duration      [total, attack, wait]             16.121s, 16.1s, 21.188ms
Latencies     [min, mean, 50, 90, 95, 99, max]  21.102ms, 21.615ms, 21.6ms, 21.909ms, 21.992ms, 22.557ms, 24.159ms
Bytes In      [total, mean]                     324, 2.00
Bytes Out     [total, mean]                     0, 0.00
Success       [ratio]                           100.00%
Status Codes  [code:count]                      200:162  
Error Set:
Requests      [total, rate, throughput]         172, 10.06, 10.05
Duration      [total, attack, wait]             17.122s, 17.1s, 21.679ms
Latencies     [min, mean, 50, 90, 95, 99, max]  21.102ms, 21.613ms, 21.6ms, 21.909ms, 21.971ms, 22.514ms, 24.159ms
Bytes In      [total, mean]                     344, 2.00
Bytes Out     [total, mean]                     0, 0.00
Success       [ratio]                           100.00%
Status Codes  [code:count]                      200:172  
Error Set:
Requests      [total, rate, throughput]         182, 10.06, 10.04
Duration      [total, attack, wait]             18.121s, 18.1s, 21.168ms
Latencies     [min, mean, 50, 90, 95, 99, max]  21.081ms, 21.605ms, 21.593ms, 21.891ms, 21.968ms, 22.47ms, 24.159ms
Bytes In      [total, mean]                     364, 2.00
Bytes Out     [total, mean]                     0, 0.00
Success       [ratio]                           100.00%
Status Codes  [code:count]                      200:182  
Error Set:
Requests      [total, rate, throughput]         192, 10.05, 10.04
Duration      [total, attack, wait]             19.121s, 19.1s, 21.448ms
Latencies     [min, mean, 50, 90, 95, 99, max]  21.081ms, 21.603ms, 21.591ms, 21.883ms, 21.964ms, 22.427ms, 24.159ms
Bytes In      [total, mean]                     384, 2.00
Bytes Out     [total, mean]                     0, 0.00
Success       [ratio]                           100.00%
Status Codes  [code:count]                      200:192  
Error Set:
Requests      [total, rate, throughput]         202, 10.05, 10.04
Duration      [total, attack, wait]             20.122s, 20.1s, 21.683ms
Latencies     [min, mean, 50, 90, 95, 99, max]  21.036ms, 21.606ms, 21.598ms, 21.891ms, 21.992ms, 22.396ms, 24.159ms
Bytes In      [total, mean]                     404, 2.00
Bytes Out     [total, mean]                     0, 0.00
Success       [ratio]                           100.00%
Status Codes  [code:count]                      200:202  
Error Set:
Requests      [total, rate, throughput]         212, 10.05, 10.04
Duration      [total, attack, wait]             21.121s, 21.1s, 21.364ms
Latencies     [min, mean, 50, 90, 95, 99, max]  21.036ms, 21.603ms, 21.598ms, 21.882ms, 21.971ms, 22.354ms, 24.159ms
Bytes In      [total, mean]                     424, 2.00
Bytes Out     [total, mean]                     0, 0.00
Success       [ratio]                           100.00%
Status Codes  [code:count]                      200:212  
Error Set:
Requests      [total, rate, throughput]         222, 10.05, 10.04
Duration      [total, attack, wait]             22.121s, 22.1s, 21.425ms
Latencies     [min, mean, 50, 90, 95, 99, max]  21.036ms, 21.608ms, 21.602ms, 21.894ms, 21.992ms, 22.348ms, 24.159ms
Bytes In      [total, mean]                     444, 2.00
Bytes Out     [total, mean]                     0, 0.00
Success       [ratio]                           100.00%
Status Codes  [code:count]                      200:222  
Error Set:
Requests      [total, rate, throughput]         232, 10.04, 10.03
Duration      [total, attack, wait]             23.121s, 23.1s, 21.171ms
Latencies     [min, mean, 50, 90, 95, 99, max]  21.036ms, 21.607ms, 21.605ms, 21.892ms, 21.971ms, 22.312ms, 24.159ms
Bytes In      [total, mean]                     464, 2.00
Bytes Out     [total, mean]                     0, 0.00
Success       [ratio]                           100.00%
Status Codes  [code:count]                      200:232  
Error Set:
Requests      [total, rate, throughput]         242, 10.04, 10.03
Duration      [total, attack, wait]             24.121s, 24.1s, 21.222ms
Latencies     [min, mean, 50, 90, 95, 99, max]  21.036ms, 21.602ms, 21.603ms, 21.886ms, 21.968ms, 22.276ms, 24.159ms
Bytes In      [total, mean]                     484, 2.00
Bytes Out     [total, mean]                     0, 0.00
Success       [ratio]                           100.00%
Status Codes  [code:count]                      200:242  
Error Set:
Requests      [total, rate, throughput]         252, 10.04, 10.03
Duration      [total, attack, wait]             25.121s, 25.1s, 21.269ms
Latencies     [min, mean, 50, 90, 95, 99, max]  21.036ms, 21.597ms, 21.6ms, 21.883ms, 21.964ms, 22.246ms, 24.159ms
Bytes In      [total, mean]                     504, 2.00
Bytes Out     [total, mean]                     0, 0.00
Success       [ratio]                           100.00%
Status Codes  [code:count]                      200:252  
Error Set:
Requests      [total, rate, throughput]         262, 10.04, 10.03
Duration      [total, attack, wait]             26.122s, 26.1s, 21.552ms
Latencies     [min, mean, 50, 90, 95, 99, max]  21.036ms, 21.602ms, 21.6ms, 21.883ms, 21.968ms, 22.243ms, 24.159ms
Bytes In      [total, mean]                     524, 2.00
Bytes Out     [total, mean]                     0, 0.00
Success       [ratio]                           100.00%
Status Codes  [code:count]                      200:262  
Error Set:
Requests      [total, rate, throughput]         272, 10.04, 10.03
Duration      [total, attack, wait]             27.121s, 27.1s, 21.372ms
Latencies     [min, mean, 50, 90, 95, 99, max]  21.036ms, 21.602ms, 21.6ms, 21.888ms, 21.971ms, 22.24ms, 24.159ms
Bytes In      [total, mean]                     544, 2.00
Bytes Out     [total, mean]                     0, 0.00
Success       [ratio]                           100.00%
Status Codes  [code:count]                      200:272  
Error Set:
Requests      [total, rate, throughput]         282, 10.04, 10.03
Duration      [total, attack, wait]             28.122s, 28.1s, 21.487ms
Latencies     [min, mean, 50, 90, 95, 99, max]  21.036ms, 21.599ms, 21.598ms, 21.883ms, 21.968ms, 22.237ms, 24.159ms
Bytes In      [total, mean]                     564, 2.00
Bytes Out     [total, mean]                     0, 0.00
Success       [ratio]                           100.00%
Status Codes  [code:count]                      200:282  
Error Set:
Requests      [total, rate, throughput]         292, 10.03, 10.03
Duration      [total, attack, wait]             29.122s, 29.1s, 21.346ms
Latencies     [min, mean, 50, 90, 95, 99, max]  21.036ms, 21.601ms, 21.595ms, 21.883ms, 21.983ms, 22.457ms, 24.159ms
Bytes In      [total, mean]                     584, 2.00
Bytes Out     [total, mean]                     0, 0.00
Success       [ratio]                           100.00%
Status Codes  [code:count]                      200:292  
Error Set:
Requests      [total, rate, throughput]         302, 10.03, 10.03
Duration      [total, attack, wait]             30.122s, 30.1s, 21.688ms
Latencies     [min, mean, 50, 90, 95, 99, max]  21.036ms, 21.602ms, 21.595ms, 21.886ms, 21.985ms, 22.421ms, 24.159ms
Bytes In      [total, mean]                     604, 2.00
Bytes Out     [total, mean]                     0, 0.00
Success       [ratio]                           100.00%
Status Codes  [code:count]                      200:302  
Error Set:
Requests      [total, rate, throughput]         312, 10.03, 10.03
Duration      [total, attack, wait]             31.122s, 31.1s, 21.694ms
Latencies     [min, mean, 50, 90, 95, 99, max]  21.036ms, 21.599ms, 21.592ms, 21.884ms, 21.977ms, 22.384ms, 24.159ms
Bytes In      [total, mean]                     624, 2.00
Bytes Out     [total, mean]                     0, 0.00
Success       [ratio]                           100.00%
Status Codes  [code:count]                      200:312  
Error Set:
Requests      [total, rate, throughput]         322, 10.03, 10.02
Duration      [total, attack, wait]             32.122s, 32.101s, 21.51ms
Latencies     [min, mean, 50, 90, 95, 99, max]  21.036ms, 21.598ms, 21.589ms, 21.884ms, 21.968ms, 22.348ms, 24.159ms
Bytes In      [total, mean]                     644, 2.00
Bytes Out     [total, mean]                     0, 0.00
Success       [ratio]                           100.00%
Status Codes  [code:count]                      200:322  
Error Set:
Requests      [total, rate, throughput]         332, 10.03, 10.02
Duration      [total, attack, wait]             33.122s, 33.101s, 21.482ms
Latencies     [min, mean, 50, 90, 95, 99, max]  21.036ms, 21.597ms, 21.589ms, 21.884ms, 21.962ms, 22.312ms, 24.159ms
Bytes In      [total, mean]                     664, 2.00
Bytes Out     [total, mean]                     0, 0.00
Success       [ratio]                           100.00%
Status Codes  [code:count]                      200:332  
Error Set:
Requests      [total, rate, throughput]         342, 10.03, 10.02
Duration      [total, attack, wait]             34.122s, 34.1s, 21.364ms
Latencies     [min, mean, 50, 90, 95, 99, max]  21.036ms, 21.596ms, 21.589ms, 21.884ms, 21.968ms, 22.276ms, 24.159ms
Bytes In      [total, mean]                     684, 2.00
Bytes Out     [total, mean]                     0, 0.00
Success       [ratio]                           100.00%
Status Codes  [code:count]                      200:342  
Error Set:
Requests      [total, rate, throughput]         352, 10.03, 10.02
Duration      [total, attack, wait]             35.122s, 35.1s, 21.552ms
Latencies     [min, mean, 50, 90, 95, 99, max]  21.013ms, 21.591ms, 21.581ms, 21.881ms, 21.962ms, 22.246ms, 24.159ms
Bytes In      [total, mean]                     704, 2.00
Bytes Out     [total, mean]                     0, 0.00
Success       [ratio]                           100.00%
Status Codes  [code:count]                      200:352  
Error Set:
Requests      [total, rate, throughput]         362, 10.03, 10.02
Duration      [total, attack, wait]             36.122s, 36.101s, 21.797ms
Latencies     [min, mean, 50, 90, 95, 99, max]  21.013ms, 21.59ms, 21.578ms, 21.881ms, 21.957ms, 22.243ms, 24.159ms
Bytes In      [total, mean]                     724, 2.00
Bytes Out     [total, mean]                     0, 0.00
Success       [ratio]                           100.00%
Status Codes  [code:count]                      200:362  
Error Set:
Requests      [total, rate, throughput]         372, 10.03, 10.02
Duration      [total, attack, wait]             37.122s, 37.1s, 21.574ms
Latencies     [min, mean, 50, 90, 95, 99, max]  21.013ms, 21.591ms, 21.579ms, 21.881ms, 21.962ms, 22.24ms, 24.159ms
Bytes In      [total, mean]                     744, 2.00
Bytes Out     [total, mean]                     0, 0.00
Success       [ratio]                           100.00%
Status Codes  [code:count]                      200:372  
Error Set:
Requests      [total, rate, throughput]         382, 10.03, 10.02
Duration      [total, attack, wait]             38.121s, 38.1s, 21.404ms
Latencies     [min, mean, 50, 90, 95, 99, max]  21.013ms, 21.589ms, 21.577ms, 21.881ms, 21.957ms, 22.237ms, 24.159ms
Bytes In      [total, mean]                     764, 2.00
Bytes Out     [total, mean]                     0, 0.00
Success       [ratio]                           100.00%
Status Codes  [code:count]                      200:382  
Error Set:
Requests      [total, rate, throughput]         392, 10.03, 10.02
Duration      [total, attack, wait]             39.121s, 39.1s, 21.233ms
Latencies     [min, mean, 50, 90, 95, 99, max]  21.013ms, 21.589ms, 21.58ms, 21.881ms, 21.951ms, 22.233ms, 24.159ms
Bytes In      [total, mean]                     784, 2.00
Bytes Out     [total, mean]                     0, 0.00
Success       [ratio]                           100.00%
Status Codes  [code:count]                      200:392  
Error Set:
Requests      [total, rate, throughput]         402, 10.03, 10.02
Duration      [total, attack, wait]             40.121s, 40.1s, 21.598ms
Latencies     [min, mean, 50, 90, 95, 99, max]  21.013ms, 21.587ms, 21.578ms, 21.879ms, 21.947ms, 22.23ms, 24.159ms
Bytes In      [total, mean]                     804, 2.00
Bytes Out     [total, mean]                     0, 0.00
Success       [ratio]                           100.00%
Status Codes  [code:count]                      200:402  
Error Set:
Requests      [total, rate, throughput]         412, 10.02, 10.02
Duration      [total, attack, wait]             41.122s, 41.101s, 21.533ms
Latencies     [min, mean, 50, 90, 95, 99, max]  21.013ms, 21.589ms, 21.581ms, 21.879ms, 21.947ms, 22.227ms, 24.159ms
Bytes In      [total, mean]                     824, 2.00
Bytes Out     [total, mean]                     0, 0.00
Success       [ratio]                           100.00%
Status Codes  [code:count]                      200:412  
Error Set:
Requests      [total, rate, throughput]         422, 10.02, 10.02
Duration      [total, attack, wait]             42.121s, 42.1s, 21.43ms
Latencies     [min, mean, 50, 90, 95, 99, max]  21.013ms, 21.586ms, 21.58ms, 21.876ms, 21.946ms, 22.224ms, 24.159ms
Bytes In      [total, mean]                     844, 2.00
Bytes Out     [total, mean]                     0, 0.00
Success       [ratio]                           100.00%
Status Codes  [code:count]                      200:422  
Error Set:
Requests      [total, rate, throughput]         432, 10.02, 10.02
Duration      [total, attack, wait]             43.122s, 43.1s, 21.702ms
Latencies     [min, mean, 50, 90, 95, 99, max]  21.013ms, 21.585ms, 21.581ms, 21.873ms, 21.945ms, 22.221ms, 24.159ms
Bytes In      [total, mean]                     864, 2.00
Bytes Out     [total, mean]                     0, 0.00
Success       [ratio]                           100.00%
Status Codes  [code:count]                      200:432  
Error Set:
Requests      [total, rate, throughput]         442, 10.02, 10.02
Duration      [total, attack, wait]             44.121s, 44.1s, 21.759ms
Latencies     [min, mean, 50, 90, 95, 99, max]  21.013ms, 21.584ms, 21.58ms, 21.869ms, 21.944ms, 22.218ms, 24.159ms
Bytes In      [total, mean]                     884, 2.00
Bytes Out     [total, mean]                     0, 0.00
Success       [ratio]                           100.00%
Status Codes  [code:count]                      200:442  
Error Set:
Requests      [total, rate, throughput]         452, 10.02, 10.02
Duration      [total, attack, wait]             45.122s, 45.1s, 21.321ms
Latencies     [min, mean, 50, 90, 95, 99, max]  21.013ms, 21.58ms, 21.573ms, 21.865ms, 21.944ms, 22.215ms, 24.159ms
Bytes In      [total, mean]                     904, 2.00
Bytes Out     [total, mean]                     0, 0.00
Success       [ratio]                           100.00%
Status Codes  [code:count]                      200:452  
Error Set:
Requests      [total, rate, throughput]         462, 10.02, 10.02
Duration      [total, attack, wait]             46.121s, 46.1s, 21.697ms
Latencies     [min, mean, 50, 90, 95, 99, max]  21.013ms, 21.579ms, 21.573ms, 21.861ms, 21.942ms, 22.213ms, 24.159ms
Bytes In      [total, mean]                     924, 2.00
Bytes Out     [total, mean]                     0, 0.00
Success       [ratio]                           100.00%
Status Codes  [code:count]                      200:462  
Error Set:
Requests      [total, rate, throughput]         472, 10.02, 10.02
Duration      [total, attack, wait]             47.122s, 47.1s, 21.713ms
Latencies     [min, mean, 50, 90, 95, 99, max]  21.013ms, 21.579ms, 21.574ms, 21.858ms, 21.94ms, 22.211ms, 24.159ms
Bytes In      [total, mean]                     944, 2.00
Bytes Out     [total, mean]                     0, 0.00
Success       [ratio]                           100.00%
Status Codes  [code:count]                      200:472  
Error Set:
Requests      [total, rate, throughput]         482, 10.02, 10.02
Duration      [total, attack, wait]             48.122s, 48.1s, 21.567ms
Latencies     [min, mean, 50, 90, 95, 99, max]  21.013ms, 21.579ms, 21.577ms, 21.856ms, 21.938ms, 22.21ms, 24.159ms
Bytes In      [total, mean]                     964, 2.00
Bytes Out     [total, mean]                     0, 0.00
Success       [ratio]                           100.00%
Status Codes  [code:count]                      200:482  
Error Set:
Requests      [total, rate, throughput]         492, 10.02, 10.02
Duration      [total, attack, wait]             49.122s, 49.1s, 21.188ms
Latencies     [min, mean, 50, 90, 95, 99, max]  21.013ms, 21.577ms, 21.574ms, 21.853ms, 21.936ms, 22.208ms, 24.159ms
Bytes In      [total, mean]                     984, 2.00
Bytes Out     [total, mean]                     0, 0.00
Success       [ratio]                           100.00%
Status Codes  [code:count]                      200:492  
Error Set:
Requests      [total, rate, throughput]         502, 10.02, 10.02
Duration      [total, attack, wait]             50.121s, 50.1s, 21.512ms
Latencies     [min, mean, 50, 90, 95, 99, max]  21.013ms, 21.576ms, 21.574ms, 21.85ms, 21.934ms, 22.206ms, 24.159ms
Bytes In      [total, mean]                     1004, 2.00
Bytes Out     [total, mean]                     0, 0.00
Success       [ratio]                           100.00%
Status Codes  [code:count]                      200:502  
Error Set:
Requests      [total, rate, throughput]         512, 10.02, 10.02
Duration      [total, attack, wait]             51.122s, 51.1s, 21.648ms
Latencies     [min, mean, 50, 90, 95, 99, max]  21.013ms, 21.576ms, 21.574ms, 21.85ms, 21.932ms, 22.205ms, 24.159ms
Bytes In      [total, mean]                     1024, 2.00
Bytes Out     [total, mean]                     0, 0.00
Success       [ratio]                           100.00%
Status Codes  [code:count]                      200:512  
Error Set:
Requests      [total, rate, throughput]         522, 10.02, 10.01
Duration      [total, attack, wait]             52.122s, 52.1s, 21.73ms
Latencies     [min, mean, 50, 90, 95, 99, max]  21.013ms, 21.575ms, 21.575ms, 21.849ms, 21.931ms, 22.203ms, 24.159ms
Bytes In      [total, mean]                     1044, 2.00
Bytes Out     [total, mean]                     0, 0.00
Success       [ratio]                           100.00%
Status Codes  [code:count]                      200:522  
Error Set:
Requests      [total, rate, throughput]         532, 10.02, 10.01
Duration      [total, attack, wait]             53.122s, 53.1s, 21.828ms
Latencies     [min, mean, 50, 90, 95, 99, max]  21.013ms, 21.573ms, 21.572ms, 21.849ms, 21.932ms, 22.201ms, 24.159ms
Bytes In      [total, mean]                     1064, 2.00
Bytes Out     [total, mean]                     0, 0.00
Success       [ratio]                           100.00%
Status Codes  [code:count]                      200:532  
Error Set:
Requests      [total, rate, throughput]         542, 10.02, 10.01
Duration      [total, attack, wait]             54.122s, 54.101s, 21.283ms
Latencies     [min, mean, 50, 90, 95, 99, max]  21.013ms, 21.572ms, 21.571ms, 21.849ms, 21.931ms, 22.199ms, 24.159ms
Bytes In      [total, mean]                     1084, 2.00
Bytes Out     [total, mean]                     0, 0.00
Success       [ratio]                           100.00%
Status Codes  [code:count]                      200:542  
Error Set:
Requests      [total, rate, throughput]         552, 10.02, 10.01
Duration      [total, attack, wait]             55.121s, 55.1s, 21.705ms
Latencies     [min, mean, 50, 90, 95, 99, max]  21.013ms, 21.572ms, 21.571ms, 21.849ms, 21.929ms, 22.198ms, 24.159ms
Bytes In      [total, mean]                     1104, 2.00
Bytes Out     [total, mean]                     0, 0.00
Success       [ratio]                           100.00%
Status Codes  [code:count]                      200:552  
Error Set:
Requests      [total, rate, throughput]         562, 10.02, 10.01
Duration      [total, attack, wait]             56.121s, 56.1s, 21.493ms
Latencies     [min, mean, 50, 90, 95, 99, max]  21.013ms, 21.57ms, 21.569ms, 21.847ms, 21.927ms, 22.198ms, 24.159ms
Bytes In      [total, mean]                     1124, 2.00
Bytes Out     [total, mean]                     0, 0.00
Success       [ratio]                           100.00%
Status Codes  [code:count]                      200:562  
Error Set:
Requests      [total, rate, throughput]         572, 10.02, 10.01
Duration      [total, attack, wait]             57.122s, 57.101s, 21.084ms
Latencies     [min, mean, 50, 90, 95, 99, max]  21.013ms, 21.568ms, 21.567ms, 21.845ms, 21.926ms, 22.197ms, 24.159ms
Bytes In      [total, mean]                     1144, 2.00
Bytes Out     [total, mean]                     0, 0.00
Success       [ratio]                           100.00%
Status Codes  [code:count]                      200:572  
Error Set:
Requests      [total, rate, throughput]         582, 10.02, 10.01
Duration      [total, attack, wait]             58.121s, 58.1s, 21.138ms
Latencies     [min, mean, 50, 90, 95, 99, max]  21.013ms, 21.565ms, 21.564ms, 21.844ms, 21.924ms, 22.197ms, 24.159ms
Bytes In      [total, mean]                     1164, 2.00
Bytes Out     [total, mean]                     0, 0.00
Success       [ratio]                           100.00%
Status Codes  [code:count]                      200:582  
Error Set:
Requests      [total, rate, throughput]         592, 10.02, 10.01
Duration      [total, attack, wait]             59.122s, 59.1s, 21.624ms
Latencies     [min, mean, 50, 90, 95, 99, max]  20.991ms, 21.565ms, 21.564ms, 21.846ms, 21.922ms, 22.194ms, 24.159ms
Bytes In      [total, mean]                     1184, 2.00
Bytes Out     [total, mean]                     0, 0.00
Success       [ratio]                           100.00%
Status Codes  [code:count]                      200:592  
Error Set:
Requests      [total, rate, throughput]         600, 10.02, 10.01
Duration      [total, attack, wait]             59.922s, 59.9s, 22.178ms
Latencies     [min, mean, 50, 90, 95, 99, max]  20.991ms, 21.565ms, 21.566ms, 21.846ms, 21.924ms, 22.194ms, 24.159ms
Bytes In      [total, mean]                     1200, 2.00
Bytes Out     [total, mean]                     0, 0.00
Success       [ratio]                           100.00%
Status Codes  [code:count]                      200:600  
Error Set:
