3.000405 14062.500000 42469 14154.422176 452.941510
3.000015 14062.500000 42119 14039.594159 449.267013
3.000072 14062.500000 42316 14104.993406 451.359789
3.000016 14062.500000 41548 13849.257550 443.176242
3.000006 14062.500000 42578 14192.639814 454.164474
3.000063 14062.500000 42184 14061.037285 449.953193
3.000047 14062.500000 42017 14005.446612 448.174292
3.000061 14062.500000 42239 14079.380832 450.540187
3.000010 14062.500000 42012 14003.952944 448.126494
3.000017 14062.500000 42296 14098.586210 451.154759
3.000093 14062.500000 42314 14104.228800 451.335322
3.000026 14062.500000 41944 13981.213937 447.398846
3.000046 14062.500000 42011 14003.453183 448.110502
3.000138 14062.500000 42346 14114.685234 451.669927
3.000075 14062.500000 42166 14054.981899 449.759421
3.000045 14062.500000 42980 14326.452514 458.446480
3.000055 14062.500000 42295 14098.075583 451.138419
3.000066 14062.500000 41713 13904.025955 444.928831
3.000248 14062.500000 42088 14028.175970 448.901631
3.000071 14062.500000 41717 13905.338166 444.970821
3.000119 14062.500000 41917 13971.778378 447.096908
3.000037 14062.500000 42328 14109.160810 451.493146
3.000195 14062.500000 42207 14068.084103 450.178691
3.000050 14062.500000 42658 14219.096393 455.011085
3.000027 14062.500000 42013 14004.209163 448.134693
3.000124 14062.500000 41927 13975.087142 447.202789
3.000005 14062.500000 42159 14052.975728 449.695223
3.000913 14062.500000 41992 13993.073739 447.778360
3.000015 14062.500000 41593 13864.263873 443.656444
3.000094 14062.500000 42181 14059.891297 449.916522
3.000012 14062.500000 42261 14086.943927 450.782206
3.000080 14062.500000 42439 14145.954850 452.670555
6.000088 14062.500000 42170 14056.324622 449.802388
6.000030 14062.500000 42015 14004.983828 448.159482
6.000012 14062.500000 42071 14023.656386 448.757004
6.000072 14062.500000 42142 14047.116732 449.507735
6.000011 14062.500000 42070 14023.306940 448.745822
6.000074 14062.500000 42415 14138.200332 452.422411
6.000091 14062.500000 42216 14071.860584 450.299539
6.000226 14062.500000 42078 14025.017839 448.800571
6.000204 14062.500000 42045 14014.487849 448.463611
6.000088 14062.500000 42497 14165.473509 453.295152
6.000176 14062.500000 42467 14154.919075 452.957410
6.000045 14062.500000 42028 14009.201761 448.294456
6.000095 14062.500000 41962 13987.197960 447.590335
6.000068 14062.500000 42290 14096.371688 451.083894
6.000310 14062.500000 42369 14121.883064 451.900258
6.000103 14062.500000 42118 14039.107897 449.251453
6.000426 14062.500000 42399 14131.913942 452.221246
6.000254 14062.500000 42319 14105.312165 451.369989
6.000146 14062.500000 42036 14011.753422 448.376109
6.000253 14062.500000 42160 14052.443660 449.678197
6.000056 14062.500000 42382 14127.281986 452.073024
6.000377 14062.500000 42309 14101.876098 451.260035
6.000133 14062.500000 42344 14114.601174 451.667238
6.000095 14062.500000 42193 14064.219701 450.055030
6.000243 14062.500000 42386 14127.758582 452.088275
6.000057 14062.500000 41852 13950.457406 446.414637
6.000596 14062.500000 42360 14117.546449 451.761486
6.000302 14062.500000 42424 14141.076308 452.514442
6.000471 14062.500000 41873 13957.357903 446.635453
6.000135 14062.500000 42574 14191.281103 454.120995
6.001098 14062.500000 42557 14184.791422 453.913326
6.000381 14062.500000 42161 14052.260113 449.672324
9.000066 14062.500000 41990 13996.617561 447.891762
9.000076 14062.500000 42273 14090.694582 450.902227
9.000379 14062.500000 42587 14194.326112 454.218436
9.000128 14062.500000 42334 14111.217326 451.558954
9.000073 14062.500000 42102 14033.717800 449.078970
9.000126 14062.500000 42131 14043.424798 449.389594
9.000113 14062.500000 42292 14097.012379 451.104396
9.000315 14062.500000 41947 13982.271707 447.432695
9.000102 14062.500000 42306 14101.944521 451.262225
9.000161 14062.500000 42524 14174.227876 453.575292
9.000427 14062.500000 41837 13945.660866 446.261148
9.000249 14062.500000 42384 14127.655013 452.084960
9.000103 14062.500000 42653 14217.520337 454.960651
9.000231 14062.500000 42390 14129.976239 452.159240
9.000377 14062.500000 42208 14068.523368 450.192748
9.000140 14062.500000 42179 14059.425088 449.901603
9.000270 14062.500000 42611 14203.540041 454.513281
9.000118 14062.500000 42483 14160.892039 453.148545
9.000324 14062.500000 42417 14138.669949 452.437438
9.000344 14062.500000 42232 14077.171458 450.469487
9.000184 14062.500000 42150 14049.549828 449.585595
9.000436 14062.500000 42541 14180.052995 453.761696
9.000133 14062.500000 41937 13978.518211 447.312583
9.000142 14062.500000 42497 14165.634851 453.300315
9.000236 14062.500000 42267 14088.515215 450.832487
9.000277 14062.500000 41765 13921.554754 445.489752
9.000527 14062.500000 42247 14082.073389 450.626348
9.000117 14062.500000 42170 14056.386393 449.804365
9.000163 14062.500000 42221 14073.584886 450.354716
9.000619 14062.500000 42288 14095.896038 451.068673
9.001125 14062.500000 42302 14100.543423 451.217390
9.000478 14062.500000 41783 13927.215591 445.670899
12.000075 28125.000000 69280 23093.266643 738.984533
12.000552 28125.000000 70474 23490.429481 751.693743
12.000337 28125.000000 69880 23292.812048 745.369986
12.000267 28125.000000 70037 23345.424270 747.053577
12.000165 28125.000000 70414 23471.023445 751.072750
12.001165 28125.000000 69675 23224.690651 743.190101
12.000187 28125.000000 70255 23418.132734 749.380247
12.000188 28125.000000 69838 23279.300585 744.937619
12.000150 28125.000000 69985 23328.156593 746.501011
12.000582 28125.000000 69899 23299.238382 745.575628
12.000410 28125.000000 70291 23429.819021 749.754209
12.000402 28125.000000 69934 23311.137788 745.956409
12.000336 28125.000000 70201 23400.241085 748.807715
12.000309 28125.000000 69939 23312.751016 746.008033
12.000488 28125.000000 70720 23572.853998 754.331328
12.000245 28125.000000 70200 23399.884829 748.796315
12.000325 28125.000000 70037 23345.592739 747.058968
12.000253 28125.000000 70558 23518.443937 752.590206
12.000274 28125.000000 70175 23391.471291 748.527081
12.000151 28125.000000 70582 23527.197689 752.870326
12.000143 28125.000000 70119 23372.992700 747.935766
12.000512 28125.000000 70518 23505.733396 752.183469
12.000082 28125.000000 69946 23315.258377 746.088268
12.000191 28125.000000 70017 23338.783789 746.841081
12.000619 28125.000000 70355 23451.663292 750.453225
12.000425 28125.000000 70661 23553.306388 753.705804
12.000103 28125.000000 70079 23359.455839 747.502587
12.000262 28125.000000 70276 23424.170437 749.573454
12.000113 28125.000000 70804 23601.250332 755.240011
12.000165 28125.000000 70024 23340.965927 746.910910
12.000177 28125.000000 70787 23595.082583 755.042643
12.000144 28125.000000 70349 23449.456507 750.382608
15.000275 28125.000000 84741 28246.930115 903.901764
15.000226 28125.000000 84024 28007.632077 896.244226
15.000576 28125.000000 84201 28066.773364 898.136748
15.001213 28125.000000 84379 28125.881439 900.028206
15.000215 28125.000000 84327 28108.533111 899.473060
15.000434 28125.000000 84348 28115.700739 899.702424
15.000603 28125.000000 84388 28129.137307 900.132394
15.000387 28125.000000 84636 28211.531109 902.768995
15.000497 28125.000000 84239 28078.852560 898.523282
15.000345 28125.000000 84611 28203.471867 902.511100
15.000220 28125.000000 84018 28005.726120 896.183236
15.000203 28125.000000 84850 28282.833879 905.050684
15.000156 28125.000000 84523 28173.570851 901.554267
15.000113 28125.000000 84426 28141.709145 900.534693
15.000150 28125.000000 84443 28147.597733 900.723127
15.000310 28125.000000 84765 28254.989945 904.159678
15.000172 28125.000000 83733 27910.806168 893.145797
15.000529 28125.000000 84047 28015.507528 896.496241
15.000505 28125.000000 84395 28131.511888 900.208380
15.000296 28125.000000 84405 28134.793774 900.313401
15.000223 28125.000000 84236 28077.552102 898.481667
15.000469 28125.000000 84539 28179.246397 901.735885
15.000270 28125.000000 84222 28073.927718 898.365687
15.000212 28125.000000 83926 27975.110682 895.203542
15.000657 28125.000000 84920 28306.312384 905.801996
15.000261 28125.000000 83578 27859.256405 891.496205
15.000256 28125.000000 84962 28320.565324 906.258090
15.000209 28125.000000 84136 28044.718479 897.430991
15.000218 28125.000000 84359 28119.176317 899.813642
15.000298 28125.000000 84386 28127.526507 900.080848
15.000372 28125.000000 84325 28107.991006 899.455712
15.000115 28125.000000 85103 28367.654351 907.764939
18.000229 28125.000000 83976 27991.972214 895.743111
18.000315 28125.000000 84057 28017.464217 896.558855
18.000291 28125.000000 84169 28056.184255 897.797896
18.000256 28125.000000 84318 28105.612240 899.379592
18.000391 28125.000000 84459 28152.956847 900.894619
18.000578 28125.000000 84668 28222.646753 903.124696
18.000282 28125.000000 84529 28175.298637 901.609556
18.000562 28125.000000 84734 28244.057808 903.809850
18.000223 28125.000000 84013 28004.153180 896.132902
18.000184 28125.000000 84335 28111.401049 899.564834
18.000697 28125.000000 84696 28231.117227 903.395751
18.001213 28125.000000 84361 28120.329833 899.850555
18.000314 28125.000000 84201 28066.510949 898.128350
18.000532 28125.000000 84308 28101.748434 899.255950
18.000239 28125.000000 84105 28034.826653 897.114453
18.000313 28125.000000 84534 28177.972096 901.695107
18.000569 28125.000000 84783 28260.624966 904.339999
18.000301 28125.000000 84908 28301.827704 905.658487
18.000280 28125.000000 84254 28084.565535 898.706097
18.000661 28125.000000 84791 28262.195086 904.390243
18.000388 28125.000000 84306 28101.853138 899.259300
18.000228 28125.000000 84367 28122.232862 899.911452
18.000296 28125.000000 84399 28132.999405 900.255981
18.000130 28125.000000 84380 28126.509568 900.048306
18.000370 28125.000000 84439 28146.106765 900.675416
18.000695 28125.000000 84477 28158.636507 901.076368
18.000258 28125.000000 83796 27931.981983 893.823423
18.000399 28125.000000 84862 28286.383252 905.164264
18.000216 28125.000000 84519 28172.051676 901.505654
18.000341 28125.000000 84234 28076.763986 898.456448
18.000489 28125.000000 84377 28125.482554 900.015442
18.000326 28125.000000 84996 28331.019001 906.592608
21.000267 28125.000000 84052 28016.974825 896.543194
21.000581 28125.000000 84088 28029.304600 896.937747
21.000718 28125.000000 84442 28147.133097 900.708259
21.000276 28125.000000 83660 27886.486962 892.367583
21.000605 28125.000000 83539 27845.930161 891.069765
21.000593 28125.000000 84680 28226.094533 903.235025
21.000340 28125.000000 84131 28043.429993 897.389760
21.000227 28125.000000 83900 27966.621911 894.931901
21.000668 28125.000000 83479 27826.269259 890.440616
21.001221 28125.000000 84641 28213.594726 902.835031
21.000481 28125.000000 84784 28260.488245 904.335624
21.000363 28125.000000 84788 28261.991341 904.383723
21.000399 28125.000000 83803 27934.233021 893.895457
21.000258 28125.000000 84451 28149.644553 900.788626
21.000464 28125.000000 84124 28039.920891 897.277469
21.000318 28125.000000 83902 27967.294000 894.953408
21.000303 28125.000000 84213 28070.931397 898.269805
21.000616 28125.000000 84355 28117.889656 899.772469
21.000396 28125.000000 84148 28048.047634 897.537524
21.000326 28125.000000 84484 28160.901526 901.148849
21.000375 28125.000000 84441 28146.123819 900.675962
21.000409 28125.000000 84136 28045.236591 897.447571
21.000321 28125.000000 84587 28194.792279 902.233353
21.000244 28125.000000 84696 28231.954446 903.422542
21.000534 28125.000000 84391 28129.909342 900.157099
21.000772 28125.000000 84135 28044.277809 897.416890
21.000504 28125.000000 84154 28049.433244 897.581864
21.000357 28125.000000 84285 28094.716578 899.030930
21.000131 28125.000000 84284 28094.653959 899.028927
21.000370 28125.000000 84961 28320.330616 906.250580
21.000216 28125.000000 84675 28224.999248 903.199976
21.000365 28125.000000 84287 28095.445491 899.054256
24.000644 28125.000000 83884 27960.744127 894.743812
24.000364 28125.000000 84382 28126.426263 900.045640
24.000276 28125.000000 84048 28015.994030 896.511809
24.000370 28125.000000 83993 27997.594382 895.923020
24.000643 28125.000000 84277 28091.865749 898.939704
24.000696 28125.000000 84716 28238.399046 903.628769
24.000682 28125.000000 83933 27976.945391 895.262252
24.000272 28125.000000 84519 28172.586467 901.522767
24.000406 28125.000000 84378 28124.607777 899.987449
24.000729 28125.000000 84228 28075.896837 898.428699
24.001317 28125.000000 83951 27982.769363 895.448620
24.000430 28125.000000 83859 27952.806604 894.489811
24.000456 28125.000000 84106 28034.796828 897.113498
24.000663 28125.000000 84325 28107.893100 899.452579
24.000479 28125.000000 84281 28093.527670 898.992885
24.000346 28125.000000 84639 28212.946514 902.814288
24.000338 28125.000000 84505 28168.227542 901.383281
24.000606 28125.000000 84002 27999.995540 895.999857
24.000515 28125.000000 84262 28087.012846 898.784411
24.000353 28125.000000 84468 28155.699992 900.982400
24.000358 28125.000000 83946 27981.989031 895.423649
24.000443 28125.000000 83662 27886.703860 892.374524
24.000327 28125.000000 84512 28170.578554 901.458514
24.000355 28125.000000 84725 28241.182526 903.717841
24.000378 28125.000000 83859 27952.929323 894.493738
24.000350 28125.000000 84245 28080.669640 898.581428
24.000416 28125.000000 85134 28377.809074 908.089890
24.000519 28125.000000 84917 28305.527012 905.776864
24.000394 28125.000000 83996 27998.400799 895.948826
24.000184 28125.000000 84509 28169.168919 901.413405
24.000847 28125.000000 84662 28219.962162 903.038789
24.000242 28125.000000 84325 28108.084692 899.458710
#type       avg     std     min     5th    10th    90th    95th    99th
read     4591.2  2323.9   334.9   723.3   921.3  7149.3  7644.2  9293.6
update   4550.2  2304.6   334.9   722.2   916.6  7082.3  7609.5  9235.5
op_q      101.4    47.5     1.0    12.1    15.1   127.6   128.4   129.0

Total QPS = 1377416.9 (41322522 / 30.0s)

Misses = 0 (0.0%)
Skipped TXs = 0 (0.0%)

RX 7109369357 bytes :  226.0 MB/s
TX 4567278012 bytes :  145.2 MB/s
