Running 5m test @ http://frontend.default.svc.cluster.local:5000
  32 threads and 32 connections
  Thread calibration: mean lat.: 4.459ms, rate sampling interval: 18ms
  Thread calibration: mean lat.: 4.577ms, rate sampling interval: 20ms
  Thread calibration: mean lat.: 4.585ms, rate sampling interval: 20ms
  Thread calibration: mean lat.: 4.739ms, rate sampling interval: 20ms
  Thread calibration: mean lat.: 4.321ms, rate sampling interval: 18ms
  Thread calibration: mean lat.: 4.614ms, rate sampling interval: 18ms
  Thread calibration: mean lat.: 4.573ms, rate sampling interval: 18ms
  Thread calibration: mean lat.: 4.520ms, rate sampling interval: 18ms
  Thread calibration: mean lat.: 4.032ms, rate sampling interval: 16ms
  Thread calibration: mean lat.: 5.087ms, rate sampling interval: 21ms
  Thread calibration: mean lat.: 4.691ms, rate sampling interval: 20ms
  Thread calibration: mean lat.: 4.234ms, rate sampling interval: 17ms
  Thread calibration: mean lat.: 4.620ms, rate sampling interval: 21ms
  Thread calibration: mean lat.: 4.998ms, rate sampling interval: 20ms
  Thread calibration: mean lat.: 4.550ms, rate sampling interval: 18ms
  Thread calibration: mean lat.: 4.795ms, rate sampling interval: 20ms
  Thread calibration: mean lat.: 4.791ms, rate sampling interval: 20ms
  Thread calibration: mean lat.: 4.972ms, rate sampling interval: 22ms
  Thread calibration: mean lat.: 4.880ms, rate sampling interval: 20ms
  Thread calibration: mean lat.: 5.015ms, rate sampling interval: 20ms
  Thread calibration: mean lat.: 5.120ms, rate sampling interval: 22ms
  Thread calibration: mean lat.: 5.177ms, rate sampling interval: 20ms
  Thread calibration: mean lat.: 4.639ms, rate sampling interval: 20ms
  Thread calibration: mean lat.: 4.720ms, rate sampling interval: 19ms
  Thread calibration: mean lat.: 4.706ms, rate sampling interval: 18ms
  Thread calibration: mean lat.: 4.362ms, rate sampling interval: 16ms
  Thread calibration: mean lat.: 4.843ms, rate sampling interval: 20ms
  Thread calibration: mean lat.: 4.635ms, rate sampling interval: 18ms
  Thread calibration: mean lat.: 4.776ms, rate sampling interval: 20ms
  Thread calibration: mean lat.: 4.885ms, rate sampling interval: 20ms
  Thread calibration: mean lat.: 4.979ms, rate sampling interval: 21ms
  Thread calibration: mean lat.: 4.925ms, rate sampling interval: 21ms
  Thread Stats   Avg      Stdev     99%   +/- Stdev
    Latency     4.66ms    3.74ms  16.61ms   84.06%
    Req/Sec    18.42     31.22   117.00     80.87%
  173179 requests in 5.00m, 71.85MB read
Requests/sec:    577.23
Transfer/sec:    245.25KB
