Running 5m test @ http://frontend.default.svc.cluster.local:5000
  32 threads and 32 connections
  Thread calibration: mean lat.: 4.590ms, rate sampling interval: 19ms
  Thread calibration: mean lat.: 4.304ms, rate sampling interval: 16ms
  Thread calibration: mean lat.: 5.132ms, rate sampling interval: 21ms
  Thread calibration: mean lat.: 4.968ms, rate sampling interval: 19ms
  Thread calibration: mean lat.: 5.215ms, rate sampling interval: 20ms
  Thread calibration: mean lat.: 4.748ms, rate sampling interval: 19ms
  Thread calibration: mean lat.: 4.842ms, rate sampling interval: 18ms
  Thread calibration: mean lat.: 5.194ms, rate sampling interval: 20ms
  Thread calibration: mean lat.: 4.931ms, rate sampling interval: 22ms
  Thread calibration: mean lat.: 5.435ms, rate sampling interval: 22ms
  Thread calibration: mean lat.: 4.506ms, rate sampling interval: 19ms
  Thread calibration: mean lat.: 4.411ms, rate sampling interval: 16ms
  Thread calibration: mean lat.: 5.487ms, rate sampling interval: 22ms
  Thread calibration: mean lat.: 5.134ms, rate sampling interval: 20ms
  Thread calibration: mean lat.: 5.047ms, rate sampling interval: 20ms
  Thread calibration: mean lat.: 5.544ms, rate sampling interval: 21ms
  Thread calibration: mean lat.: 5.007ms, rate sampling interval: 19ms
  Thread calibration: mean lat.: 5.271ms, rate sampling interval: 19ms
  Thread calibration: mean lat.: 5.505ms, rate sampling interval: 23ms
  Thread calibration: mean lat.: 5.202ms, rate sampling interval: 20ms
  Thread calibration: mean lat.: 5.243ms, rate sampling interval: 19ms
  Thread calibration: mean lat.: 5.213ms, rate sampling interval: 19ms
  Thread calibration: mean lat.: 5.033ms, rate sampling interval: 20ms
  Thread calibration: mean lat.: 4.868ms, rate sampling interval: 18ms
  Thread calibration: mean lat.: 4.714ms, rate sampling interval: 19ms
  Thread calibration: mean lat.: 5.092ms, rate sampling interval: 21ms
  Thread calibration: mean lat.: 4.257ms, rate sampling interval: 19ms
  Thread calibration: mean lat.: 5.195ms, rate sampling interval: 22ms
  Thread calibration: mean lat.: 5.296ms, rate sampling interval: 20ms
  Thread calibration: mean lat.: 5.831ms, rate sampling interval: 24ms
  Thread calibration: mean lat.: 4.598ms, rate sampling interval: 20ms
  Thread calibration: mean lat.: 5.371ms, rate sampling interval: 23ms
  Thread Stats   Avg      Stdev     99%   +/- Stdev
    Latency     4.97ms    3.68ms  16.28ms   81.22%
    Req/Sec     6.09     17.72    62.00     88.79%
  57425 requests in 5.00m, 23.76MB read
  Socket errors: connect 0, read 0, write 0, timeout 1
Requests/sec:    191.41
Transfer/sec:     81.11KB
