Running 5m test @ http://frontend.default.svc.cluster.local:5000
  32 threads and 32 connections
  Thread calibration: mean lat.: 7.232ms, rate sampling interval: 28ms
  Thread calibration: mean lat.: 6.000ms, rate sampling interval: 25ms
  Thread calibration: mean lat.: 5.117ms, rate sampling interval: 24ms
  Thread calibration: mean lat.: 6.416ms, rate sampling interval: 23ms
  Thread calibration: mean lat.: 6.176ms, rate sampling interval: 22ms
  Thread calibration: mean lat.: 7.244ms, rate sampling interval: 29ms
  Thread calibration: mean lat.: 4.871ms, rate sampling interval: 19ms
  Thread calibration: mean lat.: 5.464ms, rate sampling interval: 23ms
  Thread calibration: mean lat.: 6.603ms, rate sampling interval: 23ms
  Thread calibration: mean lat.: 6.223ms, rate sampling interval: 23ms
  Thread calibration: mean lat.: 6.369ms, rate sampling interval: 25ms
  Thread calibration: mean lat.: 7.163ms, rate sampling interval: 28ms
  Thread calibration: mean lat.: 5.957ms, rate sampling interval: 21ms
  Thread calibration: mean lat.: 5.258ms, rate sampling interval: 25ms
  Thread calibration: mean lat.: 5.788ms, rate sampling interval: 24ms
  Thread calibration: mean lat.: 6.118ms, rate sampling interval: 20ms
  Thread calibration: mean lat.: 6.733ms, rate sampling interval: 24ms
  Thread calibration: mean lat.: 6.121ms, rate sampling interval: 27ms
  Thread calibration: mean lat.: 7.311ms, rate sampling interval: 25ms
  Thread calibration: mean lat.: 5.862ms, rate sampling interval: 21ms
  Thread calibration: mean lat.: 7.850ms, rate sampling interval: 29ms
  Thread calibration: mean lat.: 6.020ms, rate sampling interval: 23ms
  Thread calibration: mean lat.: 4.637ms, rate sampling interval: 19ms
  Thread calibration: mean lat.: 4.852ms, rate sampling interval: 19ms
  Thread calibration: mean lat.: 5.284ms, rate sampling interval: 23ms
  Thread calibration: mean lat.: 6.074ms, rate sampling interval: 22ms
  Thread calibration: mean lat.: 5.627ms, rate sampling interval: 25ms
  Thread calibration: mean lat.: 5.560ms, rate sampling interval: 22ms
  Thread calibration: mean lat.: 6.081ms, rate sampling interval: 19ms
  Thread calibration: mean lat.: 5.901ms, rate sampling interval: 30ms
  Thread calibration: mean lat.: 6.933ms, rate sampling interval: 24ms
  Thread calibration: mean lat.: 5.777ms, rate sampling interval: 23ms
  Thread Stats   Avg      Stdev     99%   +/- Stdev
    Latency     6.14ms    4.30ms  19.17ms   80.42%
    Req/Sec     3.03     11.55    52.00     93.26%
  28713 requests in 5.00m, 11.81MB read
  Socket errors: connect 0, read 0, write 0, timeout 10
Requests/sec:     95.70
Transfer/sec:     40.31KB
