Running 5m test @ http://frontend.default.svc.cluster.local:5000
  32 threads and 32 connections
  Thread calibration: mean lat.: 5.451ms, rate sampling interval: 25ms
  Thread calibration: mean lat.: 5.784ms, rate sampling interval: 23ms
  Thread calibration: mean lat.: 6.638ms, rate sampling interval: 28ms
  Thread calibration: mean lat.: 4.955ms, rate sampling interval: 25ms
  Thread calibration: mean lat.: 4.752ms, rate sampling interval: 19ms
  Thread calibration: mean lat.: 7.949ms, rate sampling interval: 28ms
  Thread calibration: mean lat.: 6.284ms, rate sampling interval: 24ms
  Thread calibration: mean lat.: 7.033ms, rate sampling interval: 28ms
  Thread calibration: mean lat.: 6.409ms, rate sampling interval: 26ms
  Thread calibration: mean lat.: 6.589ms, rate sampling interval: 21ms
  Thread calibration: mean lat.: 6.765ms, rate sampling interval: 24ms
  Thread calibration: mean lat.: 5.449ms, rate sampling interval: 21ms
  Thread calibration: mean lat.: 5.290ms, rate sampling interval: 21ms
  Thread calibration: mean lat.: 7.047ms, rate sampling interval: 27ms
  Thread calibration: mean lat.: 6.249ms, rate sampling interval: 26ms
  Thread calibration: mean lat.: 6.944ms, rate sampling interval: 24ms
  Thread calibration: mean lat.: 5.142ms, rate sampling interval: 19ms
  Thread calibration: mean lat.: 5.826ms, rate sampling interval: 26ms
  Thread calibration: mean lat.: 6.894ms, rate sampling interval: 31ms
  Thread calibration: mean lat.: 5.643ms, rate sampling interval: 23ms
  Thread calibration: mean lat.: 8.326ms, rate sampling interval: 30ms
  Thread calibration: mean lat.: 6.341ms, rate sampling interval: 25ms
  Thread calibration: mean lat.: 5.933ms, rate sampling interval: 24ms
  Thread calibration: mean lat.: 7.369ms, rate sampling interval: 27ms
  Thread calibration: mean lat.: 7.621ms, rate sampling interval: 35ms
  Thread calibration: mean lat.: 6.199ms, rate sampling interval: 25ms
  Thread calibration: mean lat.: 6.969ms, rate sampling interval: 28ms
  Thread calibration: mean lat.: 6.204ms, rate sampling interval: 29ms
  Thread calibration: mean lat.: 5.757ms, rate sampling interval: 26ms
  Thread calibration: mean lat.: 6.847ms, rate sampling interval: 30ms
  Thread calibration: mean lat.: 5.899ms, rate sampling interval: 25ms
  Thread calibration: mean lat.: 7.004ms, rate sampling interval: 34ms
  Thread Stats   Avg      Stdev     99%   +/- Stdev
    Latency     6.10ms    4.26ms  18.99ms   80.09%
    Req/Sec     3.02     11.10    50.00     92.71%
  28712 requests in 5.00m, 11.86MB read
  Socket errors: connect 0, read 0, write 0, timeout 9
Requests/sec:     95.70
Transfer/sec:     40.49KB
