3.041866 243.059160
3.048535 263.213054
3.134097 8105.505855
3.017827 283.998329
3.049098 285.935940
3.009017 268.371627
3.008409 346.317417
3.073264 380.949158
3.038560 256.922111
3.108789 10767.721137
3.104433 238.140786
3.012050 269.629816
3.086560 12903.664282
3.045262 248.663818
3.115003 270.594427
3.014003 247.062487
3.019018 236.768217
3.089284 256.922111
3.073785 248.389304
3.008071 250.265149
3.003498 248.389304
3.025379 249.578865
3.008886 247.520011
3.013797 272.607529
3.006459 259.186850
3.062655 267.616714
3.101719 260.193401
3.037985 247.062487
3.052496 257.425386
3.063575 258.683575
3.067252 258.935212
6.207533 248.957940
6.121346 250.379530
6.009218 260.319220
6.030222 260.822495
6.043369 261.451590
6.156086 250.905682
6.120677 272.272012
6.011335 276.046577
6.062128 243.745445
6.053816 270.258910
6.053307 247.605796
6.055270 246.474243
6.094026 292.025572
6.071636 250.875180
6.112647 245.506909
6.141494 235.166886
6.020667 245.964432
6.079866 258.180299
6.103463 250.322340
6.129294 269.755634
6.195360 265.226155
6.011287 249.836221
6.354660 246.757472
6.130045 250.671836
6.038053 250.930637
6.062876 260.319220
6.138380 258.683575
6.162128 251.180196
6.136021 250.087224
6.098000 249.807626
6.095106 250.745549
9.118866 274.033476
9.092349 241.938228
9.041663 253.147545
9.078814 248.536729
9.192713 278.462299
9.091625 246.467707
9.171955 267.792860
9.059317 260.361160
9.187169 252.266813
9.049327 249.092746
9.075939 251.506998
9.084087 251.588698
9.079953 256.418835
9.143730 269.818544
9.114018 250.265149
9.131933 249.614059
9.037802 248.767801
9.107533 247.245497
9.225846 251.356166
9.132297 251.103942
9.184911 249.418731
9.121447 243.783572
9.184559 254.405734
9.336943 228.454566
9.156206 248.435057
9.393205 249.426357
9.358929 249.819666
9.174302 251.763537
9.212742 251.477586
9.432097 249.670369
9.155406 251.889356
12.230665 256.838231
12.235443 245.440360
12.046565 250.570165
12.297268 248.694320
12.416931 273.257593
12.087795 250.379530
12.108431 250.608292
12.146219 248.784927
12.094198 251.626825
12.096197 243.631064
12.060196 248.046162
12.112122 246.049400
12.147925 247.931781
12.118053 250.905682
12.172357 266.106887
12.227392 250.466998
12.080150 247.707179
12.123348 247.725896
12.181404 263.414364
12.201916 263.632450
12.217920 250.863449
12.222828 254.909009
12.417018 250.493911
12.190758 251.050895
12.276032 250.295651
12.285166 249.750436
12.351392 235.624409
12.526357 249.350103
12.501312 248.962968
12.429603 249.546184
12.165541 250.444890
15.114185 246.967170
15.110826 249.244521
15.181171 243.957866
15.138135 250.913307
15.082594 249.278615
15.110628 246.078813
15.202581 247.005297
15.096822 250.805858
15.181439 249.887693
15.165794 248.358803
15.186629 262.206503
15.142704 246.871853
15.248826 250.940541
15.213202 257.257628
15.303320 251.143594
15.163165 251.309496
15.219041 250.241069
15.190923 259.992091
15.269075 245.179604
15.312130 253.399183
15.221032 250.628012
15.247921 251.429754
15.382417 247.863153
15.449087 249.525038
15.361578 244.393602
15.437077 248.925260
15.427573 271.517098
15.290542 250.789955
15.419527 249.578865
15.503751 248.389304
15.555589 249.681807
18.145046 249.938347
18.166466 246.742221
18.141846 246.358606
18.262196 249.475922
18.168214 248.426584
18.236337 250.466459
18.099135 250.235311
18.204601 257.991571
18.121268 250.214313
18.196410 248.498602
18.191653 243.681900
18.220440 247.138741
18.202190 249.693245
18.240139 257.236658
18.255996 256.318180
18.222511 256.469163
18.248936 250.255999
18.352136 244.627811
18.300366 250.772403
18.233371 249.996946
18.355538 251.227854
18.327628 251.505741
18.385978 244.876544
18.411261 247.237423
18.310406 249.744081
18.459702 270.070182
18.478672 248.556166
18.484530 248.271656
18.513024 249.458464
18.579972 248.957940
18.433871 250.308042
21.138702 249.862844
21.159983 249.590905
21.210476 248.009087
21.169452 248.953583
21.142166 245.428476
21.246171 244.241095
21.276518 249.953202
21.169308 246.047358
21.279804 252.958817
21.272405 257.073093
21.278739 246.112247
21.268860 249.892353
21.264430 249.841517
21.265918 252.996562
21.241098 249.487360
21.332822 250.315191
21.287385 253.449510
21.341884 250.951434
21.212983 247.965494
21.338671 250.093578
21.499614 246.322376
21.355584 243.951330
21.399721 248.249188
21.326826 249.025021
21.468959 250.661083
21.510014 248.170175
21.473697 269.271716
21.538160 248.975766
21.487014 247.910812
21.590766 248.476650
21.434809 249.905667
3.005367 246.986234
24.153928 246.099281
24.276603 251.389349
24.164537 249.674182
24.211461 249.493079
24.281992 247.874222
24.189159 249.230749
24.175715 245.326591
24.306581 251.351767
24.292174 246.376203
24.279504 249.678948
24.292038 245.393874
24.273640 249.343375
24.336642 253.952786
24.273628 249.372979
24.332357 250.467515
24.249061 248.446495
24.294290 257.677024
24.375017 244.406311
24.388505 250.324458
24.340798 249.596462
24.371754 250.036388
24.553992 268.032884
24.420058 247.466184
24.348114 248.435057
24.580043 247.618051
24.597310 248.725408
24.511301 249.840306
24.740932 247.335242
24.471386 250.225708
24.660146 248.057103
24.450909 249.308510
6.040376 244.317349
27.185776 246.448443
27.174196 249.216659
27.195453 245.689918
27.237291 248.904620
27.194210 248.828527
27.284278 250.080869
27.319274 249.115476
27.350689 251.454709
27.282019 247.431458
27.355398 249.793762
27.577622 244.972439
27.313067 246.561391
27.325117 245.461156
27.329668 250.960405
27.319414 251.002270
27.435933 247.508572
27.334392 249.904410
27.269193 248.462508
27.303949 257.708479
27.418813 249.203042
27.406521 249.933839
27.402174 249.857842
27.383706 248.443855
27.518231 251.232987
27.485956 249.693245
27.613606 248.153504
27.782166 247.490172
27.560774 266.406917
27.699478 247.231572
27.497397 249.255443
27.755856 247.714111
9.053542 242.212742
#type       avg     std     min     5th    10th    90th    95th    99th
read      182.5   129.2    54.8   119.5   136.3   221.6   229.7   249.2
update    185.3    32.6    66.3   123.7   141.5   224.6   235.7   252.8
op_q        1.0     0.1     1.0     1.0     1.0     1.1     1.1     1.1

Total QPS = 1917.0 (57509 / 30.0s)

Misses = 0 (0.0%)
Skipped TXs = 0 (0.0%)

RX   10229365 bytes :    0.3 MB/s
TX    6337329 bytes :    0.2 MB/s
