Requests      [total, rate, throughput]         12, 10.91, 10.70
Duration      [total, attack, wait]             1.121s, 1.1s, 21.691ms
Latencies     [min, mean, 50, 90, 95, 99, max]  21.222ms, 21.636ms, 21.68ms, 21.839ms, 21.858ms, 21.861ms, 21.861ms
Bytes In      [total, mean]                     24, 2.00
Bytes Out     [total, mean]                     0, 0.00
Success       [ratio]                           100.00%
Status Codes  [code:count]                      200:12  
Error Set:
Requests      [total, rate, throughput]         22, 10.48, 10.37
Duration      [total, attack, wait]             2.122s, 2.1s, 21.571ms
Latencies     [min, mean, 50, 90, 95, 99, max]  21.1ms, 21.59ms, 21.614ms, 21.839ms, 21.861ms, 21.861ms, 21.861ms
Bytes In      [total, mean]                     44, 2.00
Bytes Out     [total, mean]                     0, 0.00
Success       [ratio]                           100.00%
Status Codes  [code:count]                      200:22  
Error Set:
Requests      [total, rate, throughput]         32, 10.32, 10.25
Duration      [total, attack, wait]             3.122s, 3.1s, 21.757ms
Latencies     [min, mean, 50, 90, 95, 99, max]  21.1ms, 21.609ms, 21.678ms, 21.839ms, 21.861ms, 21.864ms, 21.864ms
Bytes In      [total, mean]                     64, 2.00
Bytes Out     [total, mean]                     0, 0.00
Success       [ratio]                           100.00%
Status Codes  [code:count]                      200:32  
Error Set:
Requests      [total, rate, throughput]         42, 10.24, 10.19
Duration      [total, attack, wait]             4.122s, 4.1s, 22.032ms
Latencies     [min, mean, 50, 90, 95, 99, max]  21.1ms, 21.657ms, 21.725ms, 21.858ms, 21.862ms, 22.032ms, 22.032ms
Bytes In      [total, mean]                     84, 2.00
Bytes Out     [total, mean]                     0, 0.00
Success       [ratio]                           100.00%
Status Codes  [code:count]                      200:42  
Error Set:
Requests      [total, rate, throughput]         52, 10.20, 10.15
Duration      [total, attack, wait]             5.122s, 5.1s, 21.805ms
Latencies     [min, mean, 50, 90, 95, 99, max]  21.1ms, 21.636ms, 21.689ms, 21.854ms, 21.861ms, 22.028ms, 22.032ms
Bytes In      [total, mean]                     104, 2.00
Bytes Out     [total, mean]                     0, 0.00
Success       [ratio]                           100.00%
Status Codes  [code:count]                      200:52  
Error Set:
Requests      [total, rate, throughput]         62, 10.16, 10.13
Duration      [total, attack, wait]             6.122s, 6.1s, 21.666ms
Latencies     [min, mean, 50, 90, 95, 99, max]  21.1ms, 21.632ms, 21.667ms, 21.858ms, 21.868ms, 22.022ms, 22.032ms
Bytes In      [total, mean]                     124, 2.00
Bytes Out     [total, mean]                     0, 0.00
Success       [ratio]                           100.00%
Status Codes  [code:count]                      200:62  
Error Set:
Requests      [total, rate, throughput]         72, 10.14, 10.11
Duration      [total, attack, wait]             7.122s, 7.1s, 21.566ms
Latencies     [min, mean, 50, 90, 95, 99, max]  21.1ms, 21.626ms, 21.637ms, 21.858ms, 21.873ms, 22.014ms, 22.032ms
Bytes In      [total, mean]                     144, 2.00
Bytes Out     [total, mean]                     0, 0.00
Success       [ratio]                           100.00%
Status Codes  [code:count]                      200:72  
Error Set:
Requests      [total, rate, throughput]         82, 10.12, 10.10
Duration      [total, attack, wait]             8.122s, 8.1s, 22.019ms
Latencies     [min, mean, 50, 90, 95, 99, max]  21.1ms, 21.613ms, 21.609ms, 21.86ms, 21.91ms, 22.028ms, 22.032ms
Bytes In      [total, mean]                     164, 2.00
Bytes Out     [total, mean]                     0, 0.00
Success       [ratio]                           100.00%
Status Codes  [code:count]                      200:82  
Error Set:
Requests      [total, rate, throughput]         92, 10.11, 10.09
Duration      [total, attack, wait]             9.122s, 9.1s, 21.543ms
Latencies     [min, mean, 50, 90, 95, 99, max]  21.1ms, 21.606ms, 21.609ms, 21.858ms, 21.88ms, 22.026ms, 22.032ms
Bytes In      [total, mean]                     184, 2.00
Bytes Out     [total, mean]                     0, 0.00
Success       [ratio]                           100.00%
Status Codes  [code:count]                      200:92  
Error Set:
Requests      [total, rate, throughput]         102, 10.10, 10.08
Duration      [total, attack, wait]             10.121s, 10.1s, 21.178ms
Latencies     [min, mean, 50, 90, 95, 99, max]  21.1ms, 21.607ms, 21.609ms, 21.86ms, 21.95ms, 22.025ms, 22.032ms
Bytes In      [total, mean]                     204, 2.00
Bytes Out     [total, mean]                     0, 0.00
Success       [ratio]                           100.00%
Status Codes  [code:count]                      200:102  
Error Set:
Requests      [total, rate, throughput]         112, 10.09, 10.07
Duration      [total, attack, wait]             11.121s, 11.1s, 21.164ms
Latencies     [min, mean, 50, 90, 95, 99, max]  21.1ms, 21.594ms, 21.599ms, 21.86ms, 21.942ms, 22.024ms, 22.032ms
Bytes In      [total, mean]                     224, 2.00
Bytes Out     [total, mean]                     0, 0.00
Success       [ratio]                           100.00%
Status Codes  [code:count]                      200:112  
Error Set:
Requests      [total, rate, throughput]         122, 10.08, 10.07
Duration      [total, attack, wait]             12.121s, 12.099s, 21.524ms
Latencies     [min, mean, 50, 90, 95, 99, max]  21.1ms, 21.599ms, 21.595ms, 21.86ms, 21.95ms, 22.42ms, 23.419ms
Bytes In      [total, mean]                     244, 2.00
Bytes Out     [total, mean]                     0, 0.00
Success       [ratio]                           100.00%
Status Codes  [code:count]                      200:122  
Error Set:
Requests      [total, rate, throughput]         132, 10.08, 10.06
Duration      [total, attack, wait]             13.121s, 13.099s, 21.363ms
Latencies     [min, mean, 50, 90, 95, 99, max]  21.1ms, 21.598ms, 21.591ms, 21.86ms, 21.953ms, 22.297ms, 23.419ms
Bytes In      [total, mean]                     264, 2.00
Bytes Out     [total, mean]                     0, 0.00
Success       [ratio]                           100.00%
Status Codes  [code:count]                      200:132  
Error Set:
Requests      [total, rate, throughput]         142, 10.07, 10.06
Duration      [total, attack, wait]             14.122s, 14.1s, 21.797ms
Latencies     [min, mean, 50, 90, 95, 99, max]  21.1ms, 21.598ms, 21.588ms, 21.86ms, 21.95ms, 22.16ms, 23.419ms
Bytes In      [total, mean]                     284, 2.00
Bytes Out     [total, mean]                     0, 0.00
Success       [ratio]                           100.00%
Status Codes  [code:count]                      200:142  
Error Set:
Requests      [total, rate, throughput]         152, 10.07, 10.05
Duration      [total, attack, wait]             15.122s, 15.1s, 21.68ms
Latencies     [min, mean, 50, 90, 95, 99, max]  21.004ms, 21.593ms, 21.587ms, 21.86ms, 21.953ms, 22.12ms, 23.419ms
Bytes In      [total, mean]                     304, 2.00
Bytes Out     [total, mean]                     0, 0.00
Success       [ratio]                           100.00%
Status Codes  [code:count]                      200:152  
Error Set:
Requests      [total, rate, throughput]         162, 10.06, 10.05
Duration      [total, attack, wait]             16.122s, 16.1s, 21.741ms
Latencies     [min, mean, 50, 90, 95, 99, max]  21.004ms, 21.591ms, 21.587ms, 21.858ms, 21.95ms, 22.113ms, 23.419ms
Bytes In      [total, mean]                     324, 2.00
Bytes Out     [total, mean]                     0, 0.00
Success       [ratio]                           100.00%
Status Codes  [code:count]                      200:162  
Error Set:
Requests      [total, rate, throughput]         172, 10.06, 10.05
Duration      [total, attack, wait]             17.121s, 17.1s, 21.148ms
Latencies     [min, mean, 50, 90, 95, 99, max]  21.004ms, 21.581ms, 21.58ms, 21.854ms, 21.942ms, 22.106ms, 23.419ms
Bytes In      [total, mean]                     344, 2.00
Bytes Out     [total, mean]                     0, 0.00
Success       [ratio]                           100.00%
Status Codes  [code:count]                      200:172  
Error Set:
Requests      [total, rate, throughput]         182, 10.06, 10.04
Duration      [total, attack, wait]             18.122s, 18.1s, 21.913ms
Latencies     [min, mean, 50, 90, 95, 99, max]  20.896ms, 21.579ms, 21.58ms, 21.858ms, 21.95ms, 22.216ms, 23.419ms
Bytes In      [total, mean]                     364, 2.00
Bytes Out     [total, mean]                     0, 0.00
Success       [ratio]                           100.00%
Status Codes  [code:count]                      200:182  
Error Set:
Requests      [total, rate, throughput]         192, 10.05, 10.04
Duration      [total, attack, wait]             19.122s, 19.1s, 21.766ms
Latencies     [min, mean, 50, 90, 95, 99, max]  20.896ms, 21.57ms, 21.57ms, 21.854ms, 21.945ms, 22.202ms, 23.419ms
Bytes In      [total, mean]                     384, 2.00
Bytes Out     [total, mean]                     0, 0.00
Success       [ratio]                           100.00%
Status Codes  [code:count]                      200:192  
Error Set:
Requests      [total, rate, throughput]         202, 10.05, 10.04
Duration      [total, attack, wait]             20.121s, 20.1s, 21.09ms
Latencies     [min, mean, 50, 90, 95, 99, max]  20.896ms, 21.563ms, 21.566ms, 21.845ms, 21.927ms, 22.188ms, 23.419ms
Bytes In      [total, mean]                     404, 2.00
Bytes Out     [total, mean]                     0, 0.00
Success       [ratio]                           100.00%
Status Codes  [code:count]                      200:202  
Error Set:
Requests      [total, rate, throughput]         212, 10.05, 10.04
Duration      [total, attack, wait]             21.122s, 21.1s, 21.599ms
Latencies     [min, mean, 50, 90, 95, 99, max]  20.896ms, 21.557ms, 21.557ms, 21.835ms, 21.909ms, 22.174ms, 23.419ms
Bytes In      [total, mean]                     424, 2.00
Bytes Out     [total, mean]                     0, 0.00
Success       [ratio]                           100.00%
Status Codes  [code:count]                      200:212  
Error Set:
Requests      [total, rate, throughput]         222, 10.05, 10.04
Duration      [total, attack, wait]             22.122s, 22.1s, 21.655ms
Latencies     [min, mean, 50, 90, 95, 99, max]  20.896ms, 21.554ms, 21.552ms, 21.836ms, 21.927ms, 22.16ms, 23.419ms
Bytes In      [total, mean]                     444, 2.00
Bytes Out     [total, mean]                     0, 0.00
Success       [ratio]                           100.00%
Status Codes  [code:count]                      200:222  
Error Set:
Requests      [total, rate, throughput]         232, 10.04, 10.03
Duration      [total, attack, wait]             23.121s, 23.1s, 21.397ms
Latencies     [min, mean, 50, 90, 95, 99, max]  20.896ms, 21.548ms, 21.542ms, 21.829ms, 21.909ms, 22.147ms, 23.419ms
Bytes In      [total, mean]                     464, 2.00
Bytes Out     [total, mean]                     0, 0.00
Success       [ratio]                           100.00%
Status Codes  [code:count]                      200:232  
Error Set:
Requests      [total, rate, throughput]         242, 10.04, 10.03
Duration      [total, attack, wait]             24.121s, 24.1s, 21.235ms
Latencies     [min, mean, 50, 90, 95, 99, max]  20.896ms, 21.545ms, 21.536ms, 21.821ms, 21.893ms, 22.133ms, 23.419ms
Bytes In      [total, mean]                     484, 2.00
Bytes Out     [total, mean]                     0, 0.00
Success       [ratio]                           100.00%
Status Codes  [code:count]                      200:242  
Error Set:
Requests      [total, rate, throughput]         252, 10.04, 10.03
Duration      [total, attack, wait]             25.122s, 25.1s, 21.619ms
Latencies     [min, mean, 50, 90, 95, 99, max]  20.896ms, 21.541ms, 21.533ms, 21.813ms, 21.88ms, 22.12ms, 23.419ms
Bytes In      [total, mean]                     504, 2.00
Bytes Out     [total, mean]                     0, 0.00
Success       [ratio]                           100.00%
Status Codes  [code:count]                      200:252  
Error Set:
Requests      [total, rate, throughput]         262, 10.04, 10.03
Duration      [total, attack, wait]             26.121s, 26.099s, 21.605ms
Latencies     [min, mean, 50, 90, 95, 99, max]  20.896ms, 21.539ms, 21.533ms, 21.813ms, 21.893ms, 22.113ms, 23.419ms
Bytes In      [total, mean]                     524, 2.00
Bytes Out     [total, mean]                     0, 0.00
Success       [ratio]                           100.00%
Status Codes  [code:count]                      200:262  
Error Set:
Requests      [total, rate, throughput]         272, 10.04, 10.03
Duration      [total, attack, wait]             27.121s, 27.1s, 21.469ms
Latencies     [min, mean, 50, 90, 95, 99, max]  20.896ms, 21.541ms, 21.533ms, 21.821ms, 21.917ms, 22.106ms, 23.419ms
Bytes In      [total, mean]                     544, 2.00
Bytes Out     [total, mean]                     0, 0.00
Success       [ratio]                           100.00%
Status Codes  [code:count]                      200:272  
Error Set:
Requests      [total, rate, throughput]         282, 10.04, 10.03
Duration      [total, attack, wait]             28.121s, 28.1s, 21.129ms
Latencies     [min, mean, 50, 90, 95, 99, max]  20.896ms, 21.54ms, 21.533ms, 21.821ms, 21.915ms, 22.099ms, 23.419ms
Bytes In      [total, mean]                     564, 2.00
Bytes Out     [total, mean]                     0, 0.00
Success       [ratio]                           100.00%
Status Codes  [code:count]                      200:282  
Error Set:
Requests      [total, rate, throughput]         292, 10.03, 10.03
Duration      [total, attack, wait]             29.121s, 29.1s, 21.142ms
Latencies     [min, mean, 50, 90, 95, 99, max]  20.896ms, 21.54ms, 21.532ms, 21.828ms, 21.915ms, 22.092ms, 23.419ms
Bytes In      [total, mean]                     584, 2.00
Bytes Out     [total, mean]                     0, 0.00
Success       [ratio]                           100.00%
Status Codes  [code:count]                      200:292  
Error Set:
Requests      [total, rate, throughput]         302, 10.03, 10.03
Duration      [total, attack, wait]             30.121s, 30.1s, 21.292ms
Latencies     [min, mean, 50, 90, 95, 99, max]  20.896ms, 21.537ms, 21.531ms, 21.821ms, 21.908ms, 22.085ms, 23.419ms
Bytes In      [total, mean]                     604, 2.00
Bytes Out     [total, mean]                     0, 0.00
Success       [ratio]                           100.00%
Status Codes  [code:count]                      200:302  
Error Set:
Requests      [total, rate, throughput]         312, 10.03, 10.02
Duration      [total, attack, wait]             31.122s, 31.1s, 21.778ms
Latencies     [min, mean, 50, 90, 95, 99, max]  20.896ms, 21.54ms, 21.531ms, 21.828ms, 21.911ms, 22.107ms, 23.419ms
Bytes In      [total, mean]                     624, 2.00
Bytes Out     [total, mean]                     0, 0.00
Success       [ratio]                           100.00%
Status Codes  [code:count]                      200:312  
Error Set:
Requests      [total, rate, throughput]         322, 10.03, 10.02
Duration      [total, attack, wait]             32.121s, 32.099s, 21.558ms
Latencies     [min, mean, 50, 90, 95, 99, max]  20.896ms, 21.537ms, 21.527ms, 21.821ms, 21.906ms, 22.104ms, 23.419ms
Bytes In      [total, mean]                     644, 2.00
Bytes Out     [total, mean]                     0, 0.00
Success       [ratio]                           100.00%
Status Codes  [code:count]                      200:322  
Error Set:
Requests      [total, rate, throughput]         332, 10.03, 10.02
Duration      [total, attack, wait]             33.121s, 33.1s, 21.287ms
Latencies     [min, mean, 50, 90, 95, 99, max]  20.896ms, 21.537ms, 21.529ms, 21.821ms, 21.901ms, 22.102ms, 23.419ms
Bytes In      [total, mean]                     664, 2.00
Bytes Out     [total, mean]                     0, 0.00
Success       [ratio]                           100.00%
Status Codes  [code:count]                      200:332  
Error Set:
Requests      [total, rate, throughput]         342, 10.03, 10.02
Duration      [total, attack, wait]             34.121s, 34.1s, 21.518ms
Latencies     [min, mean, 50, 90, 95, 99, max]  20.896ms, 21.537ms, 21.531ms, 21.816ms, 21.896ms, 22.099ms, 23.419ms
Bytes In      [total, mean]                     684, 2.00
Bytes Out     [total, mean]                     0, 0.00
Success       [ratio]                           100.00%
Status Codes  [code:count]                      200:342  
Error Set:
Requests      [total, rate, throughput]         352, 10.03, 10.02
Duration      [total, attack, wait]             35.122s, 35.1s, 21.842ms
Latencies     [min, mean, 50, 90, 95, 99, max]  20.896ms, 21.538ms, 21.532ms, 21.816ms, 21.893ms, 22.096ms, 23.419ms
Bytes In      [total, mean]                     704, 2.00
Bytes Out     [total, mean]                     0, 0.00
Success       [ratio]                           100.00%
Status Codes  [code:count]                      200:352  
Error Set:
Requests      [total, rate, throughput]         362, 10.03, 10.02
Duration      [total, attack, wait]             36.122s, 36.1s, 21.774ms
Latencies     [min, mean, 50, 90, 95, 99, max]  20.896ms, 21.539ms, 21.537ms, 21.812ms, 21.889ms, 22.092ms, 23.419ms
Bytes In      [total, mean]                     724, 2.00
Bytes Out     [total, mean]                     0, 0.00
Success       [ratio]                           100.00%
Status Codes  [code:count]                      200:362  
Error Set:
Requests      [total, rate, throughput]         372, 10.03, 10.02
Duration      [total, attack, wait]             37.121s, 37.1s, 21.351ms
Latencies     [min, mean, 50, 90, 95, 99, max]  20.896ms, 21.54ms, 21.537ms, 21.812ms, 21.893ms, 22.087ms, 23.419ms
Bytes In      [total, mean]                     744, 2.00
Bytes Out     [total, mean]                     0, 0.00
Success       [ratio]                           100.00%
Status Codes  [code:count]                      200:372  
Error Set:
Requests      [total, rate, throughput]         382, 10.03, 10.02
Duration      [total, attack, wait]             38.121s, 38.1s, 21.416ms
Latencies     [min, mean, 50, 90, 95, 99, max]  20.896ms, 21.537ms, 21.532ms, 21.812ms, 21.889ms, 22.082ms, 23.419ms
Bytes In      [total, mean]                     764, 2.00
Bytes Out     [total, mean]                     0, 0.00
Success       [ratio]                           100.00%
Status Codes  [code:count]                      200:382  
Error Set:
Requests      [total, rate, throughput]         392, 10.03, 10.02
Duration      [total, attack, wait]             39.122s, 39.1s, 21.298ms
Latencies     [min, mean, 50, 90, 95, 99, max]  20.896ms, 21.536ms, 21.532ms, 21.812ms, 21.886ms, 22.078ms, 23.419ms
Bytes In      [total, mean]                     784, 2.00
Bytes Out     [total, mean]                     0, 0.00
Success       [ratio]                           100.00%
Status Codes  [code:count]                      200:392  
Error Set:
Requests      [total, rate, throughput]         402, 10.02, 10.02
Duration      [total, attack, wait]             40.121s, 40.1s, 21.337ms
Latencies     [min, mean, 50, 90, 95, 99, max]  20.896ms, 21.534ms, 21.529ms, 21.809ms, 21.883ms, 22.073ms, 23.419ms
Bytes In      [total, mean]                     804, 2.00
Bytes Out     [total, mean]                     0, 0.00
Success       [ratio]                           100.00%
Status Codes  [code:count]                      200:402  
Error Set:
Requests      [total, rate, throughput]         412, 10.02, 10.02
Duration      [total, attack, wait]             41.121s, 41.1s, 21.017ms
Latencies     [min, mean, 50, 90, 95, 99, max]  20.896ms, 21.534ms, 21.532ms, 21.809ms, 21.88ms, 22.068ms, 23.419ms
Bytes In      [total, mean]                     824, 2.00
Bytes Out     [total, mean]                     0, 0.00
Success       [ratio]                           100.00%
Status Codes  [code:count]                      200:412  
Error Set:
Requests      [total, rate, throughput]         422, 10.02, 10.02
Duration      [total, attack, wait]             42.121s, 42.099s, 21.44ms
Latencies     [min, mean, 50, 90, 95, 99, max]  20.896ms, 21.532ms, 21.531ms, 21.807ms, 21.878ms, 22.064ms, 23.419ms
Bytes In      [total, mean]                     844, 2.00
Bytes Out     [total, mean]                     0, 0.00
Success       [ratio]                           100.00%
Status Codes  [code:count]                      200:422  
Error Set:
Requests      [total, rate, throughput]         432, 10.02, 10.02
Duration      [total, attack, wait]             43.121s, 43.1s, 21.453ms
Latencies     [min, mean, 50, 90, 95, 99, max]  20.896ms, 21.533ms, 21.531ms, 21.807ms, 21.877ms, 22.059ms, 23.419ms
Bytes In      [total, mean]                     864, 2.00
Bytes Out     [total, mean]                     0, 0.00
Success       [ratio]                           100.00%
Status Codes  [code:count]                      200:432  
Error Set:
Requests      [total, rate, throughput]         442, 10.02, 10.02
Duration      [total, attack, wait]             44.122s, 44.1s, 21.716ms
Latencies     [min, mean, 50, 90, 95, 99, max]  20.896ms, 21.532ms, 21.531ms, 21.809ms, 21.879ms, 22.054ms, 23.419ms
Bytes In      [total, mean]                     884, 2.00
Bytes Out     [total, mean]                     0, 0.00
Success       [ratio]                           100.00%
Status Codes  [code:count]                      200:442  
Error Set:
Requests      [total, rate, throughput]         452, 10.02, 10.02
Duration      [total, attack, wait]             45.122s, 45.1s, 21.444ms
Latencies     [min, mean, 50, 90, 95, 99, max]  20.896ms, 21.53ms, 21.53ms, 21.807ms, 21.877ms, 22.05ms, 23.419ms
Bytes In      [total, mean]                     904, 2.00
Bytes Out     [total, mean]                     0, 0.00
Success       [ratio]                           100.00%
Status Codes  [code:count]                      200:452  
Error Set:
Requests      [total, rate, throughput]         462, 10.02, 10.02
Duration      [total, attack, wait]             46.121s, 46.1s, 21.383ms
Latencies     [min, mean, 50, 90, 95, 99, max]  20.896ms, 21.532ms, 21.532ms, 21.807ms, 21.875ms, 22.049ms, 23.419ms
Bytes In      [total, mean]                     924, 2.00
Bytes Out     [total, mean]                     0, 0.00
Success       [ratio]                           100.00%
Status Codes  [code:count]                      200:462  
Error Set:
Requests      [total, rate, throughput]         472, 10.02, 10.02
Duration      [total, attack, wait]             47.121s, 47.1s, 21.653ms
Latencies     [min, mean, 50, 90, 95, 99, max]  20.896ms, 21.534ms, 21.537ms, 21.812ms, 21.885ms, 22.087ms, 23.419ms
Bytes In      [total, mean]                     944, 2.00
Bytes Out     [total, mean]                     0, 0.00
Success       [ratio]                           100.00%
Status Codes  [code:count]                      200:472  
Error Set:
Requests      [total, rate, throughput]         482, 10.02, 10.02
Duration      [total, attack, wait]             48.122s, 48.1s, 21.533ms
Latencies     [min, mean, 50, 90, 95, 99, max]  20.896ms, 21.534ms, 21.537ms, 21.812ms, 21.888ms, 22.082ms, 23.419ms
Bytes In      [total, mean]                     964, 2.00
Bytes Out     [total, mean]                     0, 0.00
Success       [ratio]                           100.00%
Status Codes  [code:count]                      200:482  
Error Set:
Requests      [total, rate, throughput]         492, 10.02, 10.02
Duration      [total, attack, wait]             49.122s, 49.1s, 21.841ms
Latencies     [min, mean, 50, 90, 95, 99, max]  20.896ms, 21.534ms, 21.537ms, 21.815ms, 21.885ms, 22.078ms, 23.419ms
Bytes In      [total, mean]                     984, 2.00
Bytes Out     [total, mean]                     0, 0.00
Success       [ratio]                           100.00%
Status Codes  [code:count]                      200:492  
Error Set:
Requests      [total, rate, throughput]         502, 10.02, 10.02
Duration      [total, attack, wait]             50.121s, 50.1s, 21.336ms
Latencies     [min, mean, 50, 90, 95, 99, max]  20.896ms, 21.533ms, 21.535ms, 21.812ms, 21.883ms, 22.073ms, 23.419ms
Bytes In      [total, mean]                     1004, 2.00
Bytes Out     [total, mean]                     0, 0.00
Success       [ratio]                           100.00%
Status Codes  [code:count]                      200:502  
Error Set:
Requests      [total, rate, throughput]         512, 10.02, 10.02
Duration      [total, attack, wait]             51.121s, 51.1s, 21.375ms
Latencies     [min, mean, 50, 90, 95, 99, max]  20.896ms, 21.53ms, 21.533ms, 21.809ms, 21.881ms, 22.068ms, 23.419ms
Bytes In      [total, mean]                     1024, 2.00
Bytes Out     [total, mean]                     0, 0.00
Success       [ratio]                           100.00%
Status Codes  [code:count]                      200:512  
Error Set:
Requests      [total, rate, throughput]         522, 10.02, 10.02
Duration      [total, attack, wait]             52.121s, 52.1s, 21.325ms
Latencies     [min, mean, 50, 90, 95, 99, max]  20.896ms, 21.53ms, 21.534ms, 21.811ms, 21.883ms, 22.064ms, 23.419ms
Bytes In      [total, mean]                     1044, 2.00
Bytes Out     [total, mean]                     0, 0.00
Success       [ratio]                           100.00%
Status Codes  [code:count]                      200:522  
Error Set:
Requests      [total, rate, throughput]         532, 10.02, 10.01
Duration      [total, attack, wait]             53.121s, 53.1s, 21.287ms
Latencies     [min, mean, 50, 90, 95, 99, max]  20.896ms, 21.53ms, 21.533ms, 21.811ms, 21.881ms, 22.059ms, 23.419ms
Bytes In      [total, mean]                     1064, 2.00
Bytes Out     [total, mean]                     0, 0.00
Success       [ratio]                           100.00%
Status Codes  [code:count]                      200:532  
Error Set:
Requests      [total, rate, throughput]         542, 10.02, 10.01
Duration      [total, attack, wait]             54.121s, 54.1s, 21.642ms
Latencies     [min, mean, 50, 90, 95, 99, max]  20.896ms, 21.531ms, 21.533ms, 21.815ms, 21.888ms, 22.099ms, 23.419ms
Bytes In      [total, mean]                     1084, 2.00
Bytes Out     [total, mean]                     0, 0.00
Success       [ratio]                           100.00%
Status Codes  [code:count]                      200:542  
Error Set:
Requests      [total, rate, throughput]         552, 10.02, 10.01
Duration      [total, attack, wait]             55.121s, 55.1s, 21.355ms
Latencies     [min, mean, 50, 90, 95, 99, max]  20.896ms, 21.531ms, 21.534ms, 21.815ms, 21.885ms, 22.096ms, 23.419ms
Bytes In      [total, mean]                     1104, 2.00
Bytes Out     [total, mean]                     0, 0.00
Success       [ratio]                           100.00%
Status Codes  [code:count]                      200:552  
Error Set:
Requests      [total, rate, throughput]         562, 10.02, 10.01
Duration      [total, attack, wait]             56.121s, 56.1s, 21.353ms
Latencies     [min, mean, 50, 90, 95, 99, max]  20.896ms, 21.528ms, 21.531ms, 21.813ms, 21.883ms, 22.092ms, 23.419ms
Bytes In      [total, mean]                     1124, 2.00
Bytes Out     [total, mean]                     0, 0.00
Success       [ratio]                           100.00%
Status Codes  [code:count]                      200:562  
Error Set:
Requests      [total, rate, throughput]         572, 10.02, 10.01
Duration      [total, attack, wait]             57.122s, 57.1s, 21.732ms
Latencies     [min, mean, 50, 90, 95, 99, max]  20.896ms, 21.53ms, 21.534ms, 21.813ms, 21.885ms, 22.087ms, 23.419ms
Bytes In      [total, mean]                     1144, 2.00
Bytes Out     [total, mean]                     0, 0.00
Success       [ratio]                           100.00%
Status Codes  [code:count]                      200:572  
Error Set:
Requests      [total, rate, throughput]         582, 10.02, 10.01
Duration      [total, attack, wait]             58.122s, 58.1s, 21.54ms
Latencies     [min, mean, 50, 90, 95, 99, max]  20.896ms, 21.531ms, 21.537ms, 21.817ms, 21.888ms, 22.082ms, 23.419ms
Bytes In      [total, mean]                     1164, 2.00
Bytes Out     [total, mean]                     0, 0.00
Success       [ratio]                           100.00%
Status Codes  [code:count]                      200:582  
Error Set:
Requests      [total, rate, throughput]         592, 10.02, 10.01
Duration      [total, attack, wait]             59.121s, 59.1s, 21.52ms
Latencies     [min, mean, 50, 90, 95, 99, max]  20.896ms, 21.531ms, 21.535ms, 21.815ms, 21.885ms, 22.078ms, 23.419ms
Bytes In      [total, mean]                     1184, 2.00
Bytes Out     [total, mean]                     0, 0.00
Success       [ratio]                           100.00%
Status Codes  [code:count]                      200:592  
Error Set:
Requests      [total, rate, throughput]         600, 10.02, 10.01
Duration      [total, attack, wait]             59.922s, 59.9s, 21.689ms
Latencies     [min, mean, 50, 90, 95, 99, max]  20.896ms, 21.533ms, 21.538ms, 21.817ms, 21.894ms, 22.12ms, 23.419ms
Bytes In      [total, mean]                     1200, 2.00
Bytes Out     [total, mean]                     0, 0.00
Success       [ratio]                           100.00%
Status Codes  [code:count]                      200:600  
Error Set:
