3.000636 1944.444444 5871 1956.584901 62.610717
3.000183 1944.444444 5832 1943.881118 62.204196
3.001222 1944.444444 5912 1969.864403 63.035661
3.001234 1944.444444 5917 1971.522293 63.088713
3.000282 1944.444444 5716 1905.154101 60.964931
3.000485 1944.444444 5641 1880.029287 60.160937
3.000512 1944.444444 5702 1900.342070 60.810946
3.000203 1944.444444 6004 2001.198082 64.038339
3.000331 1944.444444 6011 2003.445416 64.110253
3.000275 1944.444444 5763 1920.824221 61.466375
3.000466 1944.444444 5744 1914.369290 61.259817
3.000048 1944.444444 5786 1928.635722 61.716343
3.000115 1944.444444 5698 1899.260281 60.776329
3.000307 1944.444444 5784 1927.802564 61.689682
3.000472 1944.444444 5806 1935.028836 61.920923
3.000481 1944.444444 5996 1998.346242 63.947080
3.000025 1944.444444 5916 1971.983630 63.103476
3.000235 1944.444444 5829 1942.847681 62.171126
3.000107 1944.444444 5770 1923.264978 61.544479
3.000172 1944.444444 5811 1936.889096 61.980451
3.000305 1944.444444 5860 1953.135025 62.500321
3.000897 1944.444444 5783 1927.090196 61.666886
3.000644 1944.444444 5870 1956.246995 62.599904
3.000513 1944.444444 5689 1896.009240 60.672296
3.001312 1944.444444 5935 1977.468616 63.278996
3.000101 1944.444444 5727 1908.935995 61.085952
3.000517 1944.444444 5814 1937.666253 62.005320
3.000926 1944.444444 5731 1909.744137 61.111812
3.000096 1944.444444 5689 1896.272355 60.680715
3.001144 1944.444444 5884 1960.585895 62.738749
3.000908 1944.444444 5724 1907.422543 61.037521
3.001272 1944.444444 5862 1953.171951 62.501502
6.005039 1944.444444 5895 1961.736089 62.775555
6.000129 1944.444444 5728 1909.324611 61.098388
6.001289 1944.444444 5797 1931.716694 61.814934
6.000423 1944.444444 5799 1932.923699 61.853558
6.000690 1944.444444 5845 1948.217698 62.342966
6.001188 1944.444444 5760 1919.357152 61.419429
6.000280 1944.444444 5893 1964.215786 62.854905
6.001206 1944.444444 5684 1894.203535 60.614513
6.002037 1944.444444 5766 1920.712042 61.462785
6.000510 1944.444444 5905 1968.131510 62.980208
6.001387 1944.444444 5684 1893.984927 60.607518
6.000713 1944.444444 5843 1947.506391 62.320205
6.000643 1944.444444 5789 1929.363612 61.739636
6.000411 1944.444444 5760 1919.917874 61.437372
6.001311 1944.444444 5761 1919.562880 61.426012
6.004055 1944.444444 5742 1911.565816 61.170106
6.000543 1944.444444 5962 1987.294806 63.593434
6.000906 1944.444444 5889 1962.823608 62.810355
6.000353 1944.444444 6018 2005.947356 64.190315
6.001390 1944.444444 5866 1955.223541 62.567153
6.002018 1944.444444 5732 1909.688190 61.110022
6.001429 1944.444444 5921 1973.317185 63.146150
6.002094 1944.444444 5976 1990.950332 63.710411
6.001482 1944.444444 5851 1950.172414 62.405517
6.001564 1944.444444 5832 1943.049675 62.177590
6.001829 1944.444444 5991 1996.655923 63.892990
6.001262 1944.444444 5804 1934.267800 61.896570
6.001171 1944.444444 5736 1911.583377 61.170668
6.002111 1944.444444 5801 1932.902917 61.852893
6.001806 1944.444444 5862 1953.568707 62.514199
6.000963 1944.444444 5878 1959.297756 62.697528
6.001349 1944.444444 5785 1928.283552 61.705074
9.001935 1944.444444 5884 1961.037289 62.753193
9.001505 1944.444444 5855 1951.020088 62.432643
9.001351 1944.444444 5754 1917.577643 61.362485
9.001629 1944.444444 5857 1951.357797 62.443449
9.001268 1944.444444 5730 1909.462145 61.102789
9.000421 1944.444444 5736 1911.956545 61.182609
9.000653 1944.444444 5740 1913.263592 61.224435
9.000869 1944.444444 5950 1983.230182 63.463366
9.000848 1944.444444 5733 1910.721639 61.143092
9.001447 1944.444444 5760 1919.961595 61.438771
9.000746 1944.444444 5912 1970.599003 63.059168
9.001515 1944.444444 5910 1969.851852 63.035259
9.001406 1944.444444 5931 1976.856313 63.259402
9.001851 1944.444444 5869 1955.717356 62.582955
9.001832 1944.444444 5647 1882.055931 60.225790
9.000640 1944.444444 5889 1962.764787 62.808473
9.002587 1944.444444 5795 1931.178901 61.797725
9.001374 1944.444444 5869 1956.223431 62.599150
9.002134 1944.444444 5911 1969.792730 63.033367
9.001730 1944.444444 6053 2017.463768 64.558841
9.002250 1944.444444 5680 1892.900455 60.572815
9.002474 1944.444444 5894 1963.813613 62.842036
9.004795 1944.444444 5879 1957.854672 62.651350
9.002203 1944.444444 5982 1993.889214 63.804455
9.002882 1944.444444 5833 1943.284302 62.185098
9.003733 1944.444444 5707 1901.294575 60.841426
9.002001 1944.444444 5988 1995.870512 63.867856
9.006842 1944.444444 5888 1959.576275 62.706441
9.004326 1944.444444 5728 1909.161402 61.093165
9.005504 1944.444444 5990 1996.357545 63.883441
9.001597 1944.444444 5805 1934.591111 61.906916
9.001422 1944.444444 5814 1937.952819 62.014490
12.003244 1944.444444 5963 1985.798647 63.545557
12.001820 1944.444444 5702 1900.316994 60.810144
12.002521 1944.444444 5786 1927.591196 61.682918
12.002257 1944.444444 5911 1969.845535 63.035057
12.002487 1944.444444 5807 1935.032748 61.921048
12.001027 1944.444444 5839 1946.231059 62.279394
12.002521 1944.444444 5812 1936.900513 61.980816
12.001867 1944.444444 5697 1898.290377 60.745292
12.000935 1944.444444 5784 1927.818477 61.690191
12.001370 1944.444444 5835 1944.988062 62.239618
12.001065 1944.444444 5894 1964.387868 62.860412
12.001455 1944.444444 6053 2017.661360 64.565164
12.001770 1944.444444 5726 1908.435588 61.069939
12.003977 1944.444444 5887 1960.798842 62.745563
12.001650 1944.444444 5905 1968.152294 62.980873
12.006217 1944.444444 5878 1956.670583 62.613459
12.002999 1944.444444 5970 1989.472581 63.663123
12.002375 1944.444444 5738 1912.320874 61.194268
12.002814 1944.444444 5803 1933.635036 61.876321
12.001972 1944.444444 5991 1996.975276 63.903209
12.002841 1944.444444 5859 1952.760819 62.488346
12.003201 1944.444444 5680 1892.945547 60.574257
12.002916 1944.444444 5844 1947.977870 62.335292
12.002597 1944.444444 5757 1918.778188 61.400902
12.002223 1944.444444 5942 1980.519923 63.376638
12.003998 1944.444444 5757 1918.830805 61.402586
12.004922 1944.444444 5865 1954.611327 62.547562
12.005580 1944.444444 5948 1982.616503 63.443728
12.005033 1944.444444 5896 1965.177319 62.885674
12.001790 1944.444444 5857 1952.207529 62.470641
12.008000 1944.444444 5728 1908.596513 61.075088
12.001509 1944.444444 5782 1927.277648 61.672885
15.001654 1944.444444 5801 1933.538304 61.873226
15.002056 1944.444444 5795 1931.482532 61.807441
15.001607 1944.444444 5781 1926.847851 61.659131
15.001626 1944.444444 5689 1895.978837 60.671323
15.003441 1944.444444 5785 1927.720319 61.687050
15.001534 1944.444444 5731 1910.010423 61.120334
15.001115 1944.444444 5952 1983.880936 63.484190
15.002530 1944.444444 5740 1913.234152 61.223493
15.002335 1944.444444 5842 1947.283266 62.313065
15.001981 1944.444444 5853 1950.994234 62.431815
15.002460 1944.444444 5778 1925.589495 61.618864
15.003264 1944.444444 5798 1932.188231 61.830023
15.002331 1944.444444 5623 1873.907907 59.965053
15.002902 1944.444444 5915 1970.987019 63.071585
15.006934 1944.444444 5882 1958.098177 62.659142
15.003732 1944.444444 6100 2032.311343 65.033963
15.003888 1944.444444 5831 1942.781923 62.169022
15.003183 1944.444444 5883 1960.758439 62.744270
15.005765 1944.444444 5896 1963.259841 62.824315
15.002926 1944.444444 5768 1922.660034 61.525121
15.006056 1944.444444 5886 1960.641249 62.740520
15.003265 1944.444444 5693 1897.653107 60.724899
15.003799 1944.444444 5825 1941.280110 62.120964
15.003512 1944.444444 5857 1951.896629 62.460692
15.004357 1944.444444 5727 1908.771805 61.080698
15.005008 1944.444444 5749 1916.278464 61.320911
15.006257 1944.444444 5839 1945.894161 62.268613
15.006341 1944.444444 5878 1959.251804 62.696058
15.005406 1944.444444 5765 1921.427493 61.485680
15.002277 1944.444444 5809 1936.019183 61.952614
15.008122 1944.444444 5777 1925.588423 61.618830
15.001923 1944.444444 5835 1944.731910 62.231421
18.001956 1944.444444 5896 1965.104574 62.883346
18.002973 1944.444444 5706 1901.955139 60.862564
18.001504 1944.444444 5817 1938.748710 62.039959
18.001786 1944.444444 6004 2001.165421 64.037293
18.002889 1944.444444 5846 1947.864618 62.331668
18.002686 1944.444444 5943 1980.583921 63.378685
18.003990 1944.444444 5860 1952.641148 62.484517
18.003023 1944.444444 5835 1944.680473 62.229775
18.002354 1944.444444 5854 1951.090368 62.434892
18.002462 1944.444444 5818 1939.331703 62.058615
18.003023 1944.444444 6068 2022.202736 64.710488
18.001649 1944.444444 5867 1955.652133 62.580868
18.003074 1944.444444 5982 1993.506652 63.792213
18.006230 1944.444444 5870 1954.734145 62.551493
18.004968 1944.444444 5915 1970.547763 63.057528
18.003918 1944.444444 5795 1931.359847 61.803515
18.003967 1944.444444 5737 1912.225968 61.191231
18.004578 1944.444444 5748 1915.558939 61.297886
18.003388 1944.444444 5750 1916.536218 61.329159
18.004041 1944.444444 5874 1957.654783 62.644953
18.004532 1944.444444 5818 1939.219793 62.055033
18.004505 1944.444444 5833 1943.832013 62.202624
18.005123 1944.444444 5786 1928.592859 61.714972
18.006289 1944.444444 5799 1932.849544 61.851185
18.006482 1944.444444 5852 1950.520263 62.416648
18.007333 1944.444444 5764 1921.077691 61.474486
18.007186 1944.444444 5953 1983.774688 63.480790
18.005857 1944.444444 5808 1935.709367 61.942700
18.006346 1944.444444 5863 1953.954946 62.526558
18.002413 1944.444444 5710 1903.247111 60.903908
18.009512 1944.444444 5764 1920.443768 61.454201
18.002326 1944.444444 5714 1904.410744 60.941144
21.001901 1944.444444 5660 1886.507675 60.368246
21.002187 1944.444444 5844 1947.739165 62.327653
21.001566 1944.444444 5724 1907.960355 61.054731
21.002688 1944.444444 5819 1939.451089 62.062435
21.002152 1944.444444 5882 1960.538220 62.737223
21.003661 1944.444444 5958 1985.577458 63.538479
21.002710 1944.444444 5871 1956.984158 62.623493
21.003046 1944.444444 5867 1955.286314 62.569162
21.003186 1944.444444 5965 1988.225587 63.623219
21.003934 1944.444444 5817 1938.325269 62.026409
21.003048 1944.444444 5900 1966.617566 62.931762
21.003397 1944.444444 5602 1867.327227 59.754471
21.003410 1944.444444 5826 1941.782219 62.137031
21.004076 1944.444444 5833 1944.262516 62.216401
21.004372 1944.444444 5814 1937.786551 62.009170
21.005077 1944.444444 5822 1939.917231 62.077351
21.004184 1944.444444 5859 1952.873354 62.491947
21.006608 1944.444444 5823 1940.793630 62.105396
21.005501 1944.444444 5940 1979.750194 63.352006
21.005975 1944.444444 5881 1959.421405 62.701485
21.004662 1944.444444 6025 2008.246820 64.263898
21.005474 1944.444444 5820 1939.673293 62.069545
21.006626 1944.444444 5769 1922.746377 61.527884
21.007234 1944.444444 5856 1951.511135 62.448356
21.006101 1944.444444 5844 1946.964669 62.302869
21.006170 1944.444444 5810 1936.464594 61.966867
21.005209 1944.444444 5857 1950.515517 62.416497
21.009064 1944.444444 5655 1883.820893 60.282269
21.007717 1944.444444 5937 1978.746795 63.319897
21.006741 1944.444444 5867 1955.409412 62.573101
21.011040 1944.444444 6081 2025.968066 64.830978
21.002878 1944.444444 5811 1936.643807 61.972602
24.004627 1944.444444 5891 1962.870508 62.811856
24.003606 1944.444444 6013 2004.052779 64.129689
24.003587 1944.444444 5721 1906.442811 61.006170
24.004831 1944.444444 5935 1978.221349 63.303083
24.004011 1944.444444 5637 1877.470232 60.079047
24.002844 1944.444444 5735 1911.226135 61.159236
24.003959 1944.444444 5851 1950.316999 62.410144
24.002256 1944.444444 5740 1913.107366 61.219436
24.002254 1944.444444 5763 1920.957323 61.470634
24.002840 1944.444444 5870 1956.567602 62.610163
24.003172 1944.444444 5851 1950.251183 62.408038
24.005462 1944.444444 5966 1987.748466 63.607951
24.004498 1944.444444 5876 1957.720469 62.647055
24.004014 1944.444444 5717 1905.274882 60.968796
24.004000 1944.444444 5803 1934.114763 61.891672
24.005232 1944.444444 5862 1953.898714 62.524759
24.004572 1944.444444 5906 1968.412182 62.989190
24.004816 1944.444444 5897 1965.375683 62.892022
24.005926 1944.444444 5885 1961.370674 62.763862
24.007085 1944.444444 5834 1943.946932 62.206302
24.005652 1944.444444 5947 1982.233806 63.431482
24.006709 1944.444444 5861 1953.601074 62.515234
24.007584 1944.444444 5869 1955.708811 62.582682
24.007170 1944.444444 5910 1969.343412 63.018989
24.008285 1944.444444 5992 1996.633405 63.892269
24.009376 1944.444444 5863 1952.201906 62.470461
24.008346 1944.444444 5857 1951.923696 62.461558
24.006850 1944.444444 6033 2010.927036 64.349665
24.010318 1944.444444 5802 1933.191838 61.862139
24.006479 1944.444444 5832 1943.177148 62.181669
24.011307 1944.444444 5857 1952.159422 62.469102
24.003277 1944.444444 5822 1940.408496 62.093072
27.002618 1944.444444 5899 1966.094956 62.915039
27.002891 1944.444444 5753 1917.636360 61.364364
27.003480 1944.444444 5746 1914.552289 61.265673
27.004753 1944.444444 5843 1947.151401 62.308845
27.004508 1944.444444 5836 1944.251702 62.216054
27.005560 1944.444444 5987 1994.354867 63.819356
27.003763 1944.444444 5687 1895.293629 60.649396
27.004386 1944.444444 5896 1965.090026 62.882881
27.003625 1944.444444 5909 1969.653997 63.028928
27.004056 1944.444444 5855 1951.630240 62.452168
27.004852 1944.444444 5928 1975.815486 63.226096
27.004125 1944.444444 5962 1987.257970 63.592255
27.005279 1944.444444 5633 1877.177929 60.069694
27.005091 1944.444444 5962 1987.026188 63.584838
27.005496 1944.444444 5953 1984.159119 63.493092
27.005591 1944.444444 5806 1934.843299 61.914986
27.006065 1944.444444 5838 1945.732147 62.263429
27.004919 1944.444444 5809 1936.266708 61.960535
27.005534 1944.444444 5722 1907.287661 61.033205
27.006471 1944.444444 5730 1909.653141 61.108901
27.007016 1944.444444 5951 1983.463637 63.470836
27.007772 1944.444444 5868 1955.552237 62.577672
27.007716 1944.444444 5742 1913.915679 61.245302
27.007746 1944.444444 5920 1972.954224 63.134535
27.008533 1944.444444 5717 1905.509058 60.976290
27.006936 1944.444444 5905 1968.276595 62.984851
27.008480 1944.444444 5908 1969.245445 63.015854
27.010328 1944.444444 5834 1944.660406 62.229133
27.009612 1944.444444 5872 1957.179461 62.629743
27.006485 1944.444444 5865 1954.995832 62.559867
27.011324 1944.444444 5881 1960.322643 62.730325
27.007351 1944.444444 5955 1982.308080 63.433859
#type       avg     std     min     5th    10th    90th    95th    99th
read      239.8   376.3    60.2   108.0   122.4   358.7   411.0   536.0
update    243.9   374.4    60.2   111.6   126.4   362.3   415.8   539.8
op_q        1.6     1.1     1.0     1.0     1.0     2.9     3.1     4.1

Total QPS = 139978.2 (4199347 / 30.0s)

Misses = 0 (0.0%)
Skipped TXs = 0 (0.0%)

RX  722579057 bytes :   23.0 MB/s
TX  465300652 bytes :   14.8 MB/s
