Requests      [total, rate, throughput]         12, 10.90, 10.69
Duration      [total, attack, wait]             1.123s, 1.101s, 21.979ms
Latencies     [min, mean, 50, 90, 95, 99, max]  21.222ms, 21.599ms, 21.574ms, 22.046ms, 22.179ms, 22.201ms, 22.201ms
Bytes In      [total, mean]                     24, 2.00
Bytes Out     [total, mean]                     0, 0.00
Success       [ratio]                           100.00%
Status Codes  [code:count]                      200:12  
Error Set:
Requests      [total, rate, throughput]         22, 10.47, 10.36
Duration      [total, attack, wait]             2.123s, 2.101s, 21.988ms
Latencies     [min, mean, 50, 90, 95, 99, max]  21.046ms, 21.54ms, 21.54ms, 21.982ms, 22.074ms, 22.201ms, 22.201ms
Bytes In      [total, mean]                     44, 2.00
Bytes Out     [total, mean]                     0, 0.00
Success       [ratio]                           100.00%
Status Codes  [code:count]                      200:22  
Error Set:
Requests      [total, rate, throughput]         32, 10.32, 10.25
Duration      [total, attack, wait]             3.122s, 3.101s, 21.635ms
Latencies     [min, mean, 50, 90, 95, 99, max]  21.046ms, 21.503ms, 21.528ms, 21.935ms, 21.988ms, 22.201ms, 22.201ms
Bytes In      [total, mean]                     64, 2.00
Bytes Out     [total, mean]                     0, 0.00
Success       [ratio]                           100.00%
Status Codes  [code:count]                      200:32  
Error Set:
Requests      [total, rate, throughput]         42, 10.24, 10.19
Duration      [total, attack, wait]             4.122s, 4.1s, 21.855ms
Latencies     [min, mean, 50, 90, 95, 99, max]  21.028ms, 21.496ms, 21.528ms, 21.873ms, 21.983ms, 22.201ms, 22.201ms
Bytes In      [total, mean]                     84, 2.00
Bytes Out     [total, mean]                     0, 0.00
Success       [ratio]                           100.00%
Status Codes  [code:count]                      200:42  
Error Set:
Requests      [total, rate, throughput]         52, 10.19, 10.15
Duration      [total, attack, wait]             5.122s, 5.101s, 21.167ms
Latencies     [min, mean, 50, 90, 95, 99, max]  21.028ms, 21.488ms, 21.528ms, 21.828ms, 21.973ms, 22.197ms, 22.201ms
Bytes In      [total, mean]                     104, 2.00
Bytes Out     [total, mean]                     0, 0.00
Success       [ratio]                           100.00%
Status Codes  [code:count]                      200:52  
Error Set:
Requests      [total, rate, throughput]         62, 10.16, 10.13
Duration      [total, attack, wait]             6.122s, 6.101s, 21.65ms
Latencies     [min, mean, 50, 90, 95, 99, max]  21.028ms, 21.496ms, 21.528ms, 21.828ms, 21.983ms, 22.189ms, 22.201ms
Bytes In      [total, mean]                     124, 2.00
Bytes Out     [total, mean]                     0, 0.00
Success       [ratio]                           100.00%
Status Codes  [code:count]                      200:62  
Error Set:
Requests      [total, rate, throughput]         72, 10.14, 10.11
Duration      [total, attack, wait]             7.121s, 7.1s, 21.14ms
Latencies     [min, mean, 50, 90, 95, 99, max]  21.028ms, 21.499ms, 21.552ms, 21.807ms, 21.973ms, 22.179ms, 22.201ms
Bytes In      [total, mean]                     144, 2.00
Bytes Out     [total, mean]                     0, 0.00
Success       [ratio]                           100.00%
Status Codes  [code:count]                      200:72  
Error Set:
Requests      [total, rate, throughput]         82, 10.12, 10.10
Duration      [total, attack, wait]             8.122s, 8.1s, 21.462ms
Latencies     [min, mean, 50, 90, 95, 99, max]  21.028ms, 21.519ms, 21.552ms, 21.871ms, 22.004ms, 22.188ms, 22.201ms
Bytes In      [total, mean]                     164, 2.00
Bytes Out     [total, mean]                     0, 0.00
Success       [ratio]                           100.00%
Status Codes  [code:count]                      200:82  
Error Set:
Requests      [total, rate, throughput]         92, 10.11, 10.09
Duration      [total, attack, wait]             9.122s, 9.1s, 21.5ms
Latencies     [min, mean, 50, 90, 95, 99, max]  21.028ms, 21.523ms, 21.548ms, 21.871ms, 21.988ms, 22.184ms, 22.201ms
Bytes In      [total, mean]                     184, 2.00
Bytes Out     [total, mean]                     0, 0.00
Success       [ratio]                           100.00%
Status Codes  [code:count]                      200:92  
Error Set:
Requests      [total, rate, throughput]         102, 10.10, 10.08
Duration      [total, attack, wait]             10.122s, 10.101s, 21.33ms
Latencies     [min, mean, 50, 90, 95, 99, max]  21.028ms, 21.524ms, 21.544ms, 21.871ms, 22.004ms, 22.179ms, 22.201ms
Bytes In      [total, mean]                     204, 2.00
Bytes Out     [total, mean]                     0, 0.00
Success       [ratio]                           100.00%
Status Codes  [code:count]                      200:102  
Error Set:
Requests      [total, rate, throughput]         112, 10.09, 10.07
Duration      [total, attack, wait]             11.122s, 11.101s, 21.725ms
Latencies     [min, mean, 50, 90, 95, 99, max]  21.028ms, 21.518ms, 21.539ms, 21.828ms, 21.988ms, 22.175ms, 22.201ms
Bytes In      [total, mean]                     224, 2.00
Bytes Out     [total, mean]                     0, 0.00
Success       [ratio]                           100.00%
Status Codes  [code:count]                      200:112  
Error Set:
Requests      [total, rate, throughput]         122, 10.08, 10.06
Duration      [total, attack, wait]             12.121s, 12.1s, 21.552ms
Latencies     [min, mean, 50, 90, 95, 99, max]  21.028ms, 21.541ms, 21.551ms, 21.911ms, 22.041ms, 22.227ms, 22.293ms
Bytes In      [total, mean]                     244, 2.00
Bytes Out     [total, mean]                     0, 0.00
Success       [ratio]                           100.00%
Status Codes  [code:count]                      200:122  
Error Set:
Requests      [total, rate, throughput]         132, 10.08, 10.06
Duration      [total, attack, wait]             13.121s, 13.1s, 21.726ms
Latencies     [min, mean, 50, 90, 95, 99, max]  21.028ms, 21.547ms, 21.558ms, 21.889ms, 22.024ms, 22.218ms, 22.293ms
Bytes In      [total, mean]                     264, 2.00
Bytes Out     [total, mean]                     0, 0.00
Success       [ratio]                           100.00%
Status Codes  [code:count]                      200:132  
Error Set:
Requests      [total, rate, throughput]         142, 10.07, 10.06
Duration      [total, attack, wait]             14.121s, 14.1s, 21.194ms
Latencies     [min, mean, 50, 90, 95, 99, max]  21.028ms, 21.555ms, 21.562ms, 21.91ms, 22.041ms, 22.209ms, 22.293ms
Bytes In      [total, mean]                     284, 2.00
Bytes Out     [total, mean]                     0, 0.00
Success       [ratio]                           100.00%
Status Codes  [code:count]                      200:142  
Error Set:
Requests      [total, rate, throughput]         152, 10.07, 10.05
Duration      [total, attack, wait]             15.122s, 15.1s, 21.417ms
Latencies     [min, mean, 50, 90, 95, 99, max]  21.028ms, 21.547ms, 21.558ms, 21.889ms, 22.024ms, 22.201ms, 22.293ms
Bytes In      [total, mean]                     304, 2.00
Bytes Out     [total, mean]                     0, 0.00
Success       [ratio]                           100.00%
Status Codes  [code:count]                      200:152  
Error Set:
Requests      [total, rate, throughput]         162, 10.06, 10.05
Duration      [total, attack, wait]             16.122s, 16.1s, 21.392ms
Latencies     [min, mean, 50, 90, 95, 99, max]  21.028ms, 21.543ms, 21.551ms, 21.87ms, 22.004ms, 22.196ms, 22.293ms
Bytes In      [total, mean]                     324, 2.00
Bytes Out     [total, mean]                     0, 0.00
Success       [ratio]                           100.00%
Status Codes  [code:count]                      200:162  
Error Set:
Requests      [total, rate, throughput]         172, 10.06, 10.05
Duration      [total, attack, wait]             17.122s, 17.1s, 21.642ms
Latencies     [min, mean, 50, 90, 95, 99, max]  21.028ms, 21.546ms, 21.559ms, 21.865ms, 21.988ms, 22.192ms, 22.293ms
Bytes In      [total, mean]                     344, 2.00
Bytes Out     [total, mean]                     0, 0.00
Success       [ratio]                           100.00%
Status Codes  [code:count]                      200:172  
Error Set:
Requests      [total, rate, throughput]         182, 10.06, 10.04
Duration      [total, attack, wait]             18.122s, 18.1s, 21.633ms
Latencies     [min, mean, 50, 90, 95, 99, max]  21.028ms, 21.548ms, 21.561ms, 21.857ms, 21.983ms, 22.188ms, 22.293ms
Bytes In      [total, mean]                     364, 2.00
Bytes Out     [total, mean]                     0, 0.00
Success       [ratio]                           100.00%
Status Codes  [code:count]                      200:182  
Error Set:
Requests      [total, rate, throughput]         192, 10.05, 10.04
Duration      [total, attack, wait]             19.122s, 19.1s, 21.733ms
Latencies     [min, mean, 50, 90, 95, 99, max]  21.028ms, 21.549ms, 21.562ms, 21.857ms, 21.977ms, 22.184ms, 22.293ms
Bytes In      [total, mean]                     384, 2.00
Bytes Out     [total, mean]                     0, 0.00
Success       [ratio]                           100.00%
Status Codes  [code:count]                      200:192  
Error Set:
Requests      [total, rate, throughput]         202, 10.05, 10.04
Duration      [total, attack, wait]             20.122s, 20.1s, 21.859ms
Latencies     [min, mean, 50, 90, 95, 99, max]  21.028ms, 21.551ms, 21.562ms, 21.86ms, 21.983ms, 22.245ms, 22.313ms
Bytes In      [total, mean]                     404, 2.00
Bytes Out     [total, mean]                     0, 0.00
Success       [ratio]                           100.00%
Status Codes  [code:count]                      200:202  
Error Set:
Requests      [total, rate, throughput]         212, 10.05, 10.04
Duration      [total, attack, wait]             21.122s, 21.1s, 21.76ms
Latencies     [min, mean, 50, 90, 95, 99, max]  21.028ms, 21.552ms, 21.564ms, 21.856ms, 21.977ms, 22.236ms, 22.313ms
Bytes In      [total, mean]                     424, 2.00
Bytes Out     [total, mean]                     0, 0.00
Success       [ratio]                           100.00%
Status Codes  [code:count]                      200:212  
Error Set:
Requests      [total, rate, throughput]         222, 10.04, 10.04
Duration      [total, attack, wait]             22.122s, 22.101s, 21.646ms
Latencies     [min, mean, 50, 90, 95, 99, max]  21.028ms, 21.551ms, 21.564ms, 21.853ms, 21.969ms, 22.227ms, 22.313ms
Bytes In      [total, mean]                     444, 2.00
Bytes Out     [total, mean]                     0, 0.00
Success       [ratio]                           100.00%
Status Codes  [code:count]                      200:222  
Error Set:
Requests      [total, rate, throughput]         232, 10.04, 10.03
Duration      [total, attack, wait]             23.122s, 23.1s, 21.568ms
Latencies     [min, mean, 50, 90, 95, 99, max]  21.028ms, 21.545ms, 21.563ms, 21.847ms, 21.961ms, 22.218ms, 22.313ms
Bytes In      [total, mean]                     464, 2.00
Bytes Out     [total, mean]                     0, 0.00
Success       [ratio]                           100.00%
Status Codes  [code:count]                      200:232  
Error Set:
Requests      [total, rate, throughput]         242, 10.04, 10.03
Duration      [total, attack, wait]             24.122s, 24.1s, 21.565ms
Latencies     [min, mean, 50, 90, 95, 99, max]  21.028ms, 21.542ms, 21.562ms, 21.832ms, 21.952ms, 22.209ms, 22.313ms
Bytes In      [total, mean]                     484, 2.00
Bytes Out     [total, mean]                     0, 0.00
Success       [ratio]                           100.00%
Status Codes  [code:count]                      200:242  
Error Set:
Requests      [total, rate, throughput]         252, 10.04, 10.03
Duration      [total, attack, wait]             25.122s, 25.1s, 21.423ms
Latencies     [min, mean, 50, 90, 95, 99, max]  21.028ms, 21.538ms, 21.558ms, 21.822ms, 21.942ms, 22.201ms, 22.313ms
Bytes In      [total, mean]                     504, 2.00
Bytes Out     [total, mean]                     0, 0.00
Success       [ratio]                           100.00%
Status Codes  [code:count]                      200:252  
Error Set:
Requests      [total, rate, throughput]         262, 10.04, 10.03
Duration      [total, attack, wait]             26.122s, 26.1s, 21.724ms
Latencies     [min, mean, 50, 90, 95, 99, max]  21.028ms, 21.537ms, 21.559ms, 21.819ms, 21.927ms, 22.196ms, 22.313ms
Bytes In      [total, mean]                     524, 2.00
Bytes Out     [total, mean]                     0, 0.00
Success       [ratio]                           100.00%
Status Codes  [code:count]                      200:262  
Error Set:
Requests      [total, rate, throughput]         272, 10.04, 10.03
Duration      [total, attack, wait]             27.121s, 27.1s, 21.141ms
Latencies     [min, mean, 50, 90, 95, 99, max]  21.028ms, 21.536ms, 21.558ms, 21.817ms, 21.915ms, 22.192ms, 22.313ms
Bytes In      [total, mean]                     544, 2.00
Bytes Out     [total, mean]                     0, 0.00
Success       [ratio]                           100.00%
Status Codes  [code:count]                      200:272  
Error Set:
Requests      [total, rate, throughput]         282, 10.04, 10.03
Duration      [total, attack, wait]             28.122s, 28.1s, 21.76ms
Latencies     [min, mean, 50, 90, 95, 99, max]  21.028ms, 21.536ms, 21.559ms, 21.814ms, 21.913ms, 22.188ms, 22.313ms
Bytes In      [total, mean]                     564, 2.00
Bytes Out     [total, mean]                     0, 0.00
Success       [ratio]                           100.00%
Status Codes  [code:count]                      200:282  
Error Set:
Requests      [total, rate, throughput]         292, 10.03, 10.03
Duration      [total, attack, wait]             29.121s, 29.1s, 21.158ms
Latencies     [min, mean, 50, 90, 95, 99, max]  21.028ms, 21.54ms, 21.562ms, 21.817ms, 21.915ms, 22.254ms, 22.408ms
Bytes In      [total, mean]                     584, 2.00
Bytes Out     [total, mean]                     0, 0.00
Success       [ratio]                           100.00%
Status Codes  [code:count]                      200:292  
Error Set:
Requests      [total, rate, throughput]         302, 10.03, 10.03
Duration      [total, attack, wait]             30.122s, 30.1s, 21.772ms
Latencies     [min, mean, 50, 90, 95, 99, max]  21.028ms, 21.54ms, 21.563ms, 21.814ms, 21.913ms, 22.245ms, 22.408ms
Bytes In      [total, mean]                     604, 2.00
Bytes Out     [total, mean]                     0, 0.00
Success       [ratio]                           100.00%
Status Codes  [code:count]                      200:302  
Error Set:
Requests      [total, rate, throughput]         312, 10.03, 10.03
Duration      [total, attack, wait]             31.122s, 31.101s, 21.169ms
Latencies     [min, mean, 50, 90, 95, 99, max]  21.028ms, 21.541ms, 21.564ms, 21.814ms, 21.914ms, 22.236ms, 22.408ms
Bytes In      [total, mean]                     624, 2.00
Bytes Out     [total, mean]                     0, 0.00
Success       [ratio]                           100.00%
Status Codes  [code:count]                      200:312  
Error Set:
Requests      [total, rate, throughput]         322, 10.03, 10.02
Duration      [total, attack, wait]             32.122s, 32.1s, 21.631ms
Latencies     [min, mean, 50, 90, 95, 99, max]  21.028ms, 21.54ms, 21.565ms, 21.81ms, 21.909ms, 22.227ms, 22.408ms
Bytes In      [total, mean]                     644, 2.00
Bytes Out     [total, mean]                     0, 0.00
Success       [ratio]                           100.00%
Status Codes  [code:count]                      200:322  
Error Set:
Requests      [total, rate, throughput]         332, 10.03, 10.02
Duration      [total, attack, wait]             33.122s, 33.1s, 21.612ms
Latencies     [min, mean, 50, 90, 95, 99, max]  20.942ms, 21.535ms, 21.565ms, 21.807ms, 21.9ms, 22.218ms, 22.408ms
Bytes In      [total, mean]                     664, 2.00
Bytes Out     [total, mean]                     0, 0.00
Success       [ratio]                           100.00%
Status Codes  [code:count]                      200:332  
Error Set:
Requests      [total, rate, throughput]         342, 10.03, 10.02
Duration      [total, attack, wait]             34.121s, 34.1s, 21.369ms
Latencies     [min, mean, 50, 90, 95, 99, max]  20.928ms, 21.531ms, 21.564ms, 21.807ms, 21.909ms, 22.209ms, 22.408ms
Bytes In      [total, mean]                     684, 2.00
Bytes Out     [total, mean]                     0, 0.00
Success       [ratio]                           100.00%
Status Codes  [code:count]                      200:342  
Error Set:
Requests      [total, rate, throughput]         352, 10.03, 10.02
Duration      [total, attack, wait]             35.122s, 35.1s, 21.317ms
Latencies     [min, mean, 50, 90, 95, 99, max]  20.928ms, 21.534ms, 21.564ms, 21.809ms, 21.914ms, 22.201ms, 22.408ms
Bytes In      [total, mean]                     704, 2.00
Bytes Out     [total, mean]                     0, 0.00
Success       [ratio]                           100.00%
Status Codes  [code:count]                      200:352  
Error Set:
Requests      [total, rate, throughput]         362, 10.03, 10.02
Duration      [total, attack, wait]             36.122s, 36.1s, 21.599ms
Latencies     [min, mean, 50, 90, 95, 99, max]  20.928ms, 21.536ms, 21.565ms, 21.809ms, 21.919ms, 22.196ms, 22.408ms
Bytes In      [total, mean]                     724, 2.00
Bytes Out     [total, mean]                     0, 0.00
Success       [ratio]                           100.00%
Status Codes  [code:count]                      200:362  
Error Set:
Requests      [total, rate, throughput]         372, 10.03, 10.02
Duration      [total, attack, wait]             37.122s, 37.101s, 21.551ms
Latencies     [min, mean, 50, 90, 95, 99, max]  20.923ms, 21.535ms, 21.565ms, 21.812ms, 21.913ms, 22.192ms, 22.408ms
Bytes In      [total, mean]                     744, 2.00
Bytes Out     [total, mean]                     0, 0.00
Success       [ratio]                           100.00%
Status Codes  [code:count]                      200:372  
Error Set:
Requests      [total, rate, throughput]         382, 10.03, 10.02
Duration      [total, attack, wait]             38.122s, 38.1s, 21.489ms
Latencies     [min, mean, 50, 90, 95, 99, max]  20.923ms, 21.535ms, 21.564ms, 21.812ms, 21.912ms, 22.188ms, 22.408ms
Bytes In      [total, mean]                     764, 2.00
Bytes Out     [total, mean]                     0, 0.00
Success       [ratio]                           100.00%
Status Codes  [code:count]                      200:382  
Error Set:
Requests      [total, rate, throughput]         392, 10.03, 10.02
Duration      [total, attack, wait]             39.122s, 39.101s, 21.344ms
Latencies     [min, mean, 50, 90, 95, 99, max]  20.923ms, 21.536ms, 21.564ms, 21.817ms, 21.913ms, 22.184ms, 22.408ms
Bytes In      [total, mean]                     784, 2.00
Bytes Out     [total, mean]                     0, 0.00
Success       [ratio]                           100.00%
Status Codes  [code:count]                      200:392  
Error Set:
Requests      [total, rate, throughput]         402, 10.02, 10.02
Duration      [total, attack, wait]             40.123s, 40.101s, 22.208ms
Latencies     [min, mean, 50, 90, 95, 99, max]  20.923ms, 21.536ms, 21.565ms, 21.817ms, 21.918ms, 22.205ms, 22.408ms
Bytes In      [total, mean]                     804, 2.00
Bytes Out     [total, mean]                     0, 0.00
Success       [ratio]                           100.00%
Status Codes  [code:count]                      200:402  
Error Set:
Requests      [total, rate, throughput]         412, 10.02, 10.02
Duration      [total, attack, wait]             41.121s, 41.1s, 21.153ms
Latencies     [min, mean, 50, 90, 95, 99, max]  20.923ms, 21.534ms, 21.564ms, 21.817ms, 21.913ms, 22.204ms, 22.408ms
Bytes In      [total, mean]                     824, 2.00
Bytes Out     [total, mean]                     0, 0.00
Success       [ratio]                           100.00%
Status Codes  [code:count]                      200:412  
Error Set:
Requests      [total, rate, throughput]         422, 10.02, 10.02
Duration      [total, attack, wait]             42.121s, 42.1s, 21.061ms
Latencies     [min, mean, 50, 90, 95, 99, max]  20.923ms, 21.535ms, 21.565ms, 21.817ms, 21.918ms, 22.203ms, 22.408ms
Bytes In      [total, mean]                     844, 2.00
Bytes Out     [total, mean]                     0, 0.00
Success       [ratio]                           100.00%
Status Codes  [code:count]                      200:422  
Error Set:
Requests      [total, rate, throughput]         432, 10.02, 10.02
Duration      [total, attack, wait]             43.122s, 43.101s, 21.445ms
Latencies     [min, mean, 50, 90, 95, 99, max]  20.923ms, 21.535ms, 21.564ms, 21.817ms, 21.918ms, 22.203ms, 22.408ms
Bytes In      [total, mean]                     864, 2.00
Bytes Out     [total, mean]                     0, 0.00
Success       [ratio]                           100.00%
Status Codes  [code:count]                      200:432  
Error Set:
Requests      [total, rate, throughput]         442, 10.02, 10.02
Duration      [total, attack, wait]             44.121s, 44.1s, 21.022ms
Latencies     [min, mean, 50, 90, 95, 99, max]  20.923ms, 21.532ms, 21.561ms, 21.814ms, 21.914ms, 22.202ms, 22.408ms
Bytes In      [total, mean]                     884, 2.00
Bytes Out     [total, mean]                     0, 0.00
Success       [ratio]                           100.00%
Status Codes  [code:count]                      200:442  
Error Set:
Requests      [total, rate, throughput]         452, 10.02, 10.02
Duration      [total, attack, wait]             45.122s, 45.1s, 21.705ms
Latencies     [min, mean, 50, 90, 95, 99, max]  20.923ms, 21.531ms, 21.559ms, 21.812ms, 21.91ms, 22.201ms, 22.408ms
Bytes In      [total, mean]                     904, 2.00
Bytes Out     [total, mean]                     0, 0.00
Success       [ratio]                           100.00%
Status Codes  [code:count]                      200:452  
Error Set:
Requests      [total, rate, throughput]         462, 10.02, 10.02
Duration      [total, attack, wait]             46.122s, 46.101s, 21.742ms
Latencies     [min, mean, 50, 90, 95, 99, max]  20.923ms, 21.534ms, 21.561ms, 21.814ms, 21.914ms, 22.208ms, 22.483ms
Bytes In      [total, mean]                     924, 2.00
Bytes Out     [total, mean]                     0, 0.00
Success       [ratio]                           100.00%
Status Codes  [code:count]                      200:462  
Error Set:
Requests      [total, rate, throughput]         472, 10.02, 10.02
Duration      [total, attack, wait]             47.121s, 47.1s, 21.048ms
Latencies     [min, mean, 50, 90, 95, 99, max]  20.923ms, 21.533ms, 21.562ms, 21.812ms, 21.91ms, 22.207ms, 22.483ms
Bytes In      [total, mean]                     944, 2.00
Bytes Out     [total, mean]                     0, 0.00
Success       [ratio]                           100.00%
Status Codes  [code:count]                      200:472  
Error Set:
Requests      [total, rate, throughput]         482, 10.02, 10.02
Duration      [total, attack, wait]             48.122s, 48.1s, 21.619ms
Latencies     [min, mean, 50, 90, 95, 99, max]  20.923ms, 21.535ms, 21.563ms, 21.814ms, 21.914ms, 22.207ms, 22.483ms
Bytes In      [total, mean]                     964, 2.00
Bytes Out     [total, mean]                     0, 0.00
Success       [ratio]                           100.00%
Status Codes  [code:count]                      200:482  
Error Set:
Requests      [total, rate, throughput]         492, 10.02, 10.02
Duration      [total, attack, wait]             49.121s, 49.1s, 21.468ms
Latencies     [min, mean, 50, 90, 95, 99, max]  20.923ms, 21.535ms, 21.564ms, 21.814ms, 21.91ms, 22.207ms, 22.483ms
Bytes In      [total, mean]                     984, 2.00
Bytes Out     [total, mean]                     0, 0.00
Success       [ratio]                           100.00%
Status Codes  [code:count]                      200:492  
Error Set:
Requests      [total, rate, throughput]         502, 10.02, 10.02
Duration      [total, attack, wait]             50.122s, 50.1s, 21.795ms
Latencies     [min, mean, 50, 90, 95, 99, max]  20.923ms, 21.536ms, 21.565ms, 21.814ms, 21.903ms, 22.206ms, 22.483ms
Bytes In      [total, mean]                     1004, 2.00
Bytes Out     [total, mean]                     0, 0.00
Success       [ratio]                           100.00%
Status Codes  [code:count]                      200:502  
Error Set:
Requests      [total, rate, throughput]         512, 10.02, 10.02
Duration      [total, attack, wait]             51.122s, 51.101s, 21.52ms
Latencies     [min, mean, 50, 90, 95, 99, max]  20.923ms, 21.537ms, 21.565ms, 21.814ms, 21.91ms, 22.206ms, 22.483ms
Bytes In      [total, mean]                     1024, 2.00
Bytes Out     [total, mean]                     0, 0.00
Success       [ratio]                           100.00%
Status Codes  [code:count]                      200:512  
Error Set:
Requests      [total, rate, throughput]         522, 10.02, 10.02
Duration      [total, attack, wait]             52.122s, 52.1s, 21.475ms
Latencies     [min, mean, 50, 90, 95, 99, max]  20.923ms, 21.539ms, 21.566ms, 21.819ms, 21.914ms, 22.205ms, 22.483ms
Bytes In      [total, mean]                     1044, 2.00
Bytes Out     [total, mean]                     0, 0.00
Success       [ratio]                           100.00%
Status Codes  [code:count]                      200:522  
Error Set:
Requests      [total, rate, throughput]         532, 10.02, 10.01
Duration      [total, attack, wait]             53.122s, 53.101s, 21.016ms
Latencies     [min, mean, 50, 90, 95, 99, max]  20.923ms, 21.538ms, 21.566ms, 21.819ms, 21.917ms, 22.205ms, 22.483ms
Bytes In      [total, mean]                     1064, 2.00
Bytes Out     [total, mean]                     0, 0.00
Success       [ratio]                           100.00%
Status Codes  [code:count]                      200:532  
Error Set:
Requests      [total, rate, throughput]         542, 10.02, 10.01
Duration      [total, attack, wait]             54.121s, 54.1s, 21.665ms
Latencies     [min, mean, 50, 90, 95, 99, max]  20.923ms, 21.537ms, 21.566ms, 21.819ms, 21.914ms, 22.205ms, 22.483ms
Bytes In      [total, mean]                     1084, 2.00
Bytes Out     [total, mean]                     0, 0.00
Success       [ratio]                           100.00%
Status Codes  [code:count]                      200:542  
Error Set:
Requests      [total, rate, throughput]         552, 10.02, 10.01
Duration      [total, attack, wait]             55.121s, 55.1s, 21.683ms
Latencies     [min, mean, 50, 90, 95, 99, max]  20.923ms, 21.54ms, 21.567ms, 21.824ms, 21.922ms, 22.204ms, 22.483ms
Bytes In      [total, mean]                     1104, 2.00
Bytes Out     [total, mean]                     0, 0.00
Success       [ratio]                           100.00%
Status Codes  [code:count]                      200:552  
Error Set:
Requests      [total, rate, throughput]         562, 10.02, 10.01
Duration      [total, attack, wait]             56.122s, 56.101s, 21.253ms
Latencies     [min, mean, 50, 90, 95, 99, max]  20.923ms, 21.54ms, 21.568ms, 21.824ms, 21.919ms, 22.204ms, 22.483ms
Bytes In      [total, mean]                     1124, 2.00
Bytes Out     [total, mean]                     0, 0.00
Success       [ratio]                           100.00%
Status Codes  [code:count]                      200:562  
Error Set:
Requests      [total, rate, throughput]         572, 10.02, 10.01
Duration      [total, attack, wait]             57.121s, 57.1s, 21.782ms
Latencies     [min, mean, 50, 90, 95, 99, max]  20.923ms, 21.54ms, 21.569ms, 21.824ms, 21.917ms, 22.204ms, 22.483ms
Bytes In      [total, mean]                     1144, 2.00
Bytes Out     [total, mean]                     0, 0.00
Success       [ratio]                           100.00%
Status Codes  [code:count]                      200:572  
Error Set:
Requests      [total, rate, throughput]         582, 10.02, 10.01
Duration      [total, attack, wait]             58.122s, 58.1s, 21.392ms
Latencies     [min, mean, 50, 90, 95, 99, max]  20.923ms, 21.539ms, 21.567ms, 21.822ms, 21.914ms, 22.203ms, 22.483ms
Bytes In      [total, mean]                     1164, 2.00
Bytes Out     [total, mean]                     0, 0.00
Success       [ratio]                           100.00%
Status Codes  [code:count]                      200:582  
Error Set:
Requests      [total, rate, throughput]         592, 10.02, 10.01
Duration      [total, attack, wait]             59.122s, 59.1s, 21.343ms
Latencies     [min, mean, 50, 90, 95, 99, max]  20.923ms, 21.537ms, 21.566ms, 21.822ms, 21.917ms, 22.198ms, 22.483ms
Bytes In      [total, mean]                     1184, 2.00
Bytes Out     [total, mean]                     0, 0.00
Success       [ratio]                           100.00%
Status Codes  [code:count]                      200:592  
Error Set:
Requests      [total, rate, throughput]         600, 10.02, 10.01
Duration      [total, attack, wait]             59.921s, 59.9s, 21.239ms
Latencies     [min, mean, 50, 90, 95, 99, max]  20.923ms, 21.535ms, 21.564ms, 21.82ms, 21.914ms, 22.196ms, 22.483ms
Bytes In      [total, mean]                     1200, 2.00
Bytes Out     [total, mean]                     0, 0.00
Success       [ratio]                           100.00%
Status Codes  [code:count]                      200:600  
Error Set:
