3.000286 1562.500000 4650 1549.852288 49.595273
3.000263 1562.500000 4727 1575.528317 50.416906
3.002613 1562.500000 4569 1521.674570 48.693586
3.000610 1562.500000 4619 1539.353577 49.259314
3.000203 1562.500000 4617 1538.895757 49.244664
3.000222 1562.500000 4806 1601.881576 51.260210
3.000005 1562.500000 4763 1587.664278 50.805257
3.000151 1562.500000 4617 1538.922695 49.245526
3.001347 1562.500000 4520 1505.990245 48.191688
3.000632 1562.500000 4718 1572.335577 50.314738
3.001210 1562.500000 4759 1585.693987 50.742208
3.000002 1562.500000 4604 1534.665779 49.109305
3.000945 1562.500000 4621 1539.848394 49.275149
3.000416 1562.500000 4667 1555.450861 49.774428
3.000693 1562.500000 4686 1561.639353 49.972459
3.001236 1562.500000 4676 1558.024530 49.856785
3.000287 1562.500000 4712 1570.516211 50.256519
3.000136 1562.500000 4893 1630.926113 52.189636
3.000218 1562.500000 4857 1618.882522 51.804241
3.000108 1562.500000 4472 1490.612983 47.699615
3.001148 1562.500000 4742 1580.062160 50.561989
3.000476 1562.500000 4494 1497.762472 47.928399
3.000027 1562.500000 4632 1543.986230 49.407559
3.000002 1562.500000 4599 1532.999067 49.055970
3.001148 1562.500000 4865 1621.046430 51.873486
3.000280 1562.500000 4701 1566.853965 50.139327
3.000207 1562.500000 4697 1565.558600 50.097875
3.000051 1562.500000 4732 1577.306774 50.473817
3.001727 1562.500000 4599 1532.117808 49.027770
3.000211 1562.500000 4609 1536.225520 49.159217
3.001620 1562.500000 4642 1546.498051 49.487938
3.000286 1562.500000 4778 1592.514847 50.960475
6.002239 1562.500000 4643 1546.727045 49.495265
6.000958 1562.500000 4758 1585.859999 50.747520
6.000773 1562.500000 4633 1543.936205 49.405959
6.002737 1562.500000 4671 1555.695482 49.782255
6.000086 1562.500000 4591 1530.290493 48.969296
6.004383 1562.500000 4735 1576.280291 50.440969
6.000975 1562.500000 4585 1527.839282 48.890857
6.000424 1562.500000 4682 1560.551627 49.937652
6.000280 1562.500000 4609 1536.333119 49.162660
6.001453 1562.500000 4739 1578.958573 50.526674
6.000626 1562.500000 4659 1552.991631 49.695732
6.000871 1562.500000 4651 1550.031954 49.601023
6.001201 1562.500000 4713 1570.450274 50.254409
6.000264 1562.500000 4831 1610.332807 51.530650
6.001315 1562.500000 4695 1564.945190 50.078246
6.000668 1562.500000 4742 1580.429352 50.573739
6.001441 1562.500000 4657 1551.602071 49.651266
6.007419 1562.500000 4696 1561.800068 49.977602
6.002230 1562.500000 4763 1587.093864 50.787004
6.001906 1562.500000 4682 1560.376170 49.932037
6.001003 1562.500000 4781 1593.635595 50.996339
6.000496 1562.500000 4546 1515.227067 48.487266
6.002075 1562.500000 4667 1555.231733 49.767415
6.000181 1562.500000 4745 1581.643154 50.612581
6.001077 1562.500000 4659 1552.468818 49.679002
6.001083 1562.500000 4754 1584.204264 50.694536
6.001794 1562.500000 4649 1549.333058 49.578658
6.003090 1562.500000 4720 1573.083308 50.338666
6.000394 1562.500000 4705 1568.237554 50.183602
6.001994 1562.500000 4543 1514.198800 48.454362
6.001803 1562.500000 4578 1525.906871 48.829020
6.001985 1562.500000 4785 1594.097324 51.011114
9.005039 1562.500000 4895 1629.964598 52.158867
9.001548 1562.500000 4672 1557.284077 49.833090
9.001981 1562.500000 4758 1585.587395 50.738797
9.001685 1562.500000 4776 1591.638391 50.932429
9.001870 1562.500000 4760 1586.031069 50.752994
9.000589 1562.500000 4605 1534.899948 49.116798
9.001622 1562.500000 4645 1547.945548 49.534258
9.000672 1562.500000 4612 1537.206445 49.190606
9.000361 1562.500000 4590 1529.950522 48.958417
9.000978 1562.500000 4648 1548.872928 49.563934
9.001568 1562.500000 4835 1611.338814 51.562842
9.000940 1562.500000 4658 1552.580387 49.682572
9.002189 1562.500000 4693 1563.519101 50.032611
9.000522 1562.500000 4588 1529.209966 48.934719
9.001262 1562.500000 4635 1544.443487 49.422192
9.001634 1562.500000 4594 1531.170568 48.997458
9.000601 1562.500000 4724 1574.611514 50.387568
9.002511 1562.500000 4672 1557.191985 49.830144
9.001996 1562.500000 4712 1570.375753 50.252024
9.001766 1562.500000 4763 1587.302288 50.793673
9.002306 1562.500000 4656 1551.880708 49.660183
9.002776 1562.500000 4765 1587.380216 50.796167
9.002124 1562.500000 4705 1568.160864 50.181148
9.002799 1562.500000 4759 1586.300892 50.761629
9.001127 1562.500000 4540 1513.311180 48.425958
9.002007 1562.500000 4551 1516.993351 48.543787
9.002579 1562.500000 4820 1606.480244 51.407368
9.003156 1562.500000 4652 1550.632666 49.620245
9.005025 1562.500000 4562 1520.341386 48.650924
9.002267 1562.500000 4697 1565.424997 50.093600
9.008010 1562.500000 4716 1571.690061 50.294082
9.002091 1562.500000 4749 1582.943982 50.654207
12.001013 3125.000000 7641 2546.938122 81.502020
12.000917 3125.000000 7723 2573.856806 82.363418
12.001375 3125.000000 7844 2614.054493 83.649744
12.001555 3125.000000 7983 2660.487701 85.135606
12.000705 3125.000000 8111 2703.502179 86.512070
12.000740 3125.000000 7761 2586.870125 82.779844
12.000668 3125.000000 7797 2598.942277 83.166153
12.002963 3125.000000 7921 2639.164004 84.453248
12.001656 3125.000000 7632 2543.971697 81.407094
12.002011 3125.000000 7788 2595.974873 83.071196
12.002921 3125.000000 7753 2583.151328 82.660842
12.002901 3125.000000 7704 2567.225743 82.151224
12.001846 3125.000000 7660 2553.196567 81.702290
12.001784 3125.000000 7822 2607.145350 83.428651
12.002134 3125.000000 7830 2609.770663 83.512661
12.002469 3125.000000 7748 2582.526753 82.640856
12.002604 3125.000000 7880 2626.585208 84.050727
12.002543 3125.000000 7869 2622.690011 83.926080
12.002693 3125.000000 7748 2582.567919 82.642173
12.003706 3125.000000 7823 2606.878149 83.420101
12.002025 3125.000000 7862 2620.000187 83.840006
12.002198 3125.000000 7779 2592.935712 82.973943
12.001169 3125.000000 7969 2656.295475 85.001455
12.002067 3125.000000 7908 2635.947519 84.350321
12.004479 3125.000000 7862 2619.179539 83.813745
12.003348 3125.000000 7960 2653.163652 84.901237
12.001939 3125.000000 7754 2584.517595 82.704563
12.005073 3125.000000 7605 2534.970811 81.119066
12.005396 3125.000000 7806 2601.678633 83.253716
12.008402 3125.000000 7798 2598.993866 83.167804
12.002328 3125.000000 7926 2641.945484 84.542255
12.002840 3125.000000 7966 2654.670654 84.949461
15.001341 3125.000000 9447 3148.293652 100.745397
15.000944 3125.000000 9252 3083.754137 98.680132
15.002028 3125.000000 9243 3079.957504 98.558640
15.001073 3125.000000 9354 3117.837310 99.770794
15.001399 3125.000000 9584 3194.640173 102.228486
15.001710 3125.000000 9248 3082.611088 98.643555
15.003983 3125.000000 9218 3071.622160 98.291909
15.001857 3125.000000 9559 3186.321612 101.962292
15.001610 3125.000000 9351 3116.942876 99.742172
15.002188 3125.000000 9531 3176.942778 101.662169
15.001915 3125.000000 9605 3201.527038 102.448865
15.002463 3125.000000 9335 3111.197531 99.558321
15.002860 3125.000000 9231 3076.598571 98.451154
15.002677 3125.000000 9065 3021.593511 96.690992
15.002725 3125.000000 9487 3162.141489 101.188528
15.003057 3125.000000 9464 3154.523894 100.944765
15.004212 3125.000000 9262 3086.813280 98.778025
15.001240 3125.000000 9363 3120.926903 99.869661
15.003285 3125.000000 9298 3098.937093 99.165987
15.007006 3125.000000 9335 3109.662740 99.509208
15.002039 3125.000000 9538 3179.318415 101.738189
15.004364 3125.000000 9358 3117.597650 99.763125
15.002147 3125.000000 9334 3111.250349 99.560011
15.004853 3125.000000 9525 3173.407509 101.549040
15.002007 3125.000000 9397 3132.262354 100.232395
15.001035 3125.000000 9229 3076.031185 98.432998
15.002382 3125.000000 9252 3083.810966 98.681951
15.004708 3125.000000 9224 3074.432283 98.381833
15.006636 3125.000000 9348 3114.711669 99.670773
15.008639 3125.000000 9399 3132.752582 100.248083
15.002368 3125.000000 9363 3120.958852 99.870683
15.003081 3125.000000 9264 3087.751570 98.808050
18.001446 3125.000000 9350 3116.617880 99.731772
18.002499 3125.000000 9623 3207.290195 102.633286
18.001340 3125.000000 9340 3113.057027 99.617825
18.000946 3125.000000 9461 3153.664806 100.917274
18.002264 3125.000000 9492 3163.415108 101.229283
18.002092 3125.000000 9496 3165.266525 101.288529
18.003070 3125.000000 9330 3109.085748 99.490744
18.002872 3125.000000 9266 3088.245095 98.823843
18.004396 3125.000000 9421 3137.420187 100.397446
18.002113 3125.000000 9460 3153.064317 100.898058
18.002067 3125.000000 9375 3124.841464 99.994927
18.001359 3125.000000 9358 3119.314833 99.818075
18.002955 3125.000000 9238 3079.235840 98.535547
18.005153 3125.000000 9372 3123.687827 99.958010
18.003370 3125.000000 9433 3143.607059 100.595426
18.002365 3125.000000 9308 3102.328784 99.274521
18.003224 3125.000000 9267 3088.486894 98.831581
18.003839 3125.000000 9467 3154.843790 100.955001
18.001425 3125.000000 9333 3110.807330 99.545835
18.003337 3125.000000 9299 3099.613062 99.187618
18.001343 3125.000000 9338 3112.346604 99.595091
18.005256 3125.000000 9494 3163.565125 101.234084
18.002893 3125.000000 9639 3212.452805 102.798490
18.002225 3125.000000 9441 3146.770614 100.696660
18.004080 3125.000000 9530 3176.563516 101.650033
18.004721 3125.000000 9139 3046.320235 97.482248
18.004676 3125.000000 9373 3124.008275 99.968265
18.006680 3125.000000 9233 3077.621692 98.483894
18.007497 3125.000000 9542 3180.146930 101.764702
18.009573 3125.000000 9413 3136.690291 100.374089
18.002620 3125.000000 9397 3132.070182 100.226246
18.003214 3125.000000 9376 3125.194712 100.006231
21.005847 3125.000000 9358 3115.408537 99.693073
21.001460 3125.000000 9261 3086.985544 98.783537
21.002914 3125.000000 9269 3089.102114 98.851268
21.001884 3125.000000 9553 3183.337941 101.866814
21.002681 3125.000000 9290 3096.058355 99.073867
21.002214 3125.000000 9479 3159.559940 101.105918
21.002471 3125.000000 9513 3170.781769 101.465017
21.002564 3125.000000 9509 3169.597848 101.427131
21.001375 3125.000000 9462 3153.983395 100.927469
21.001534 3125.000000 9445 3148.129087 100.740131
21.003264 3125.000000 9314 3104.261343 99.336363
21.003869 3125.000000 9472 3156.371785 101.003897
21.003772 3125.000000 9315 3104.583271 99.346665
21.003783 3125.000000 9490 3162.582476 101.202639
21.003252 3125.000000 9740 3246.635906 103.892349
21.003632 3125.000000 9471 3156.689175 101.014054
21.001583 3125.000000 9386 3128.502808 100.112090
21.003989 3125.000000 9462 3153.842171 100.922949
21.001587 3125.000000 9428 3142.410909 100.557149
21.005043 3125.000000 9490 3162.318298 101.194186
21.002557 3125.000000 9221 3073.326684 98.346454
21.003138 3125.000000 9418 3139.076641 100.450453
21.006379 3125.000000 9500 3164.574853 101.266395
21.005328 3125.000000 9089 3029.594102 96.947011
21.004736 3125.000000 9534 3177.984006 101.695488
21.005287 3125.000000 9454 3151.192041 100.838145
21.004676 3125.000000 9392 3130.666596 100.181331
21.007904 3125.000000 9477 3158.571096 101.074275
21.007444 3125.000000 9369 3122.205387 99.910572
21.002800 3125.000000 9469 3156.143793 100.996601
21.010010 3125.000000 9419 3139.208846 100.454683
21.003321 3125.000000 9328 3109.223232 99.495143
24.001984 3125.000000 9354 3117.455997 99.758592
24.001956 3125.000000 9400 3132.892818 100.252570
24.002863 3125.000000 9212 3070.002550 98.240082
24.001513 3125.000000 9328 3109.190384 99.494092
24.002721 3125.000000 9227 3075.626339 98.420043
24.003372 3125.000000 9421 3140.207364 100.486636
24.002571 3125.000000 9448 3149.228396 100.775309
24.002131 3125.000000 9425 3141.407871 100.525052
24.003374 3125.000000 9274 3091.220506 98.919056
24.003701 3125.000000 9369 3122.928007 99.933696
24.003821 3125.000000 9361 3120.283162 99.849061
24.002593 3125.000000 9247 3082.297001 98.633504
24.002421 3125.000000 9543 3180.111000 101.763552
24.003845 3125.000000 9326 3108.601628 99.475252
24.004856 3125.000000 9519 3171.956101 101.502595
24.004132 3125.000000 9574 3191.181892 102.117821
24.002655 3125.000000 9334 3111.239273 99.559657
24.001720 3125.000000 9586 3195.192507 102.246160
24.003410 3125.000000 9262 3086.822365 98.778316
24.003247 3125.000000 9280 3093.221556 98.983090
24.006585 3125.000000 9422 3139.308661 100.457877
24.005651 3125.000000 9467 3155.027497 100.960880
24.005869 3125.000000 9299 3099.107794 99.171449
24.004943 3125.000000 9528 3175.717099 101.622947
24.005892 3125.000000 9378 3125.953098 100.030499
24.005562 3125.000000 9464 3153.798098 100.921539
24.006548 3125.000000 9434 3144.489479 100.623663
24.008240 3125.000000 9472 3156.979912 101.023357
24.007579 3125.000000 9351 3116.859311 99.739498
24.010098 3125.000000 9269 3089.575968 98.866431
24.002879 3125.000000 9349 3116.251817 99.720058
24.003565 3125.000000 9384 3127.744604 100.087827
27.002108 3125.000000 9345 3114.871535 99.675889
27.001620 3125.000000 9405 3134.887276 100.316393
27.002068 3125.000000 9357 3118.883281 99.804265
27.002894 3125.000000 9404 3134.633763 100.308280
27.002797 3125.000000 9023 3007.439536 96.238065
27.002898 3125.000000 9405 3134.814558 100.314066
27.008028 3125.000000 9441 3142.618538 100.563793
27.002389 3125.000000 9351 3116.732059 99.735426
27.004812 3125.000000 9283 3093.187665 98.982005
27.004506 3125.000000 9320 3105.957106 99.390627
27.003571 3125.000000 9584 3194.455327 102.222570
27.002680 3125.000000 9119 3039.641457 97.268527
27.003880 3125.000000 9270 3089.478535 98.863313
27.001748 3125.000000 9572 3190.636040 102.100353
27.005759 3125.000000 9405 3133.300766 100.265625
27.002544 3125.000000 9137 3045.541610 97.457332
27.002800 3125.000000 9421 3140.116321 100.483722
27.003726 3125.000000 9527 3175.159866 101.605116
27.005120 3125.000000 9315 3104.726526 99.351249
27.003473 3125.000000 9225 3074.935984 98.397951
27.006123 3125.000000 9568 3189.063029 102.050017
27.005963 3125.000000 9362 3120.342626 99.850964
27.006106 3125.000000 9425 3141.442731 100.526167
27.006159 3125.000000 9369 3122.379089 99.916131
27.004994 3125.000000 9442 3147.280314 100.712970
27.007527 3125.000000 9432 3142.974138 100.575172
27.006595 3125.000000 9620 3206.655824 102.612986
27.008423 3125.000000 9201 3066.813357 98.138027
27.009297 3125.000000 9369 3121.212645 99.878805
27.003092 3125.000000 9524 3174.440624 101.582100
27.010162 3125.000000 9376 3125.267563 100.008562
27.003696 3125.000000 9372 3123.863570 99.963634
#type       avg     std     min     5th    10th    90th    95th    99th
read      161.2   133.5    37.4    58.0    64.0   247.6   275.5   329.3
update    161.0   125.9    37.4    60.5    67.2   245.0   272.6   328.0
op_q        1.5     0.8     1.0     1.0     1.0     2.9     3.1     4.1

Total QPS = 166488.9 (4994668 / 30.0s)

Misses = 0 (0.0%)
Skipped TXs = 0 (0.0%)

RX  862327413 bytes :   27.4 MB/s
TX  553524155 bytes :   17.6 MB/s
