3.001573 4687.500000 13832 4608.250505 147.464016
3.000388 4687.500000 13953 4650.399274 148.812777
3.000285 4687.500000 14212 4736.883191 151.580262
3.000345 4687.500000 14080 4692.793114 150.169380
3.000216 4687.500000 13971 4656.664225 149.013255
3.000211 4687.500000 14047 4682.004523 149.824145
3.000555 4687.500000 14069 4688.798888 150.041564
3.000142 4687.500000 14280 4759.774421 152.312781
3.000012 4687.500000 14197 4732.314620 151.434068
3.000066 4687.500000 14155 4718.228912 150.983325
3.000032 4687.500000 13909 4636.283674 148.361078
3.000133 4687.500000 14102 4700.458963 150.414687
3.000881 4687.500000 14273 4756.269811 152.200634
3.000079 4687.500000 14017 4672.209991 149.510720
3.000015 4687.500000 14091 4696.977255 150.303272
3.000067 4687.500000 13851 4616.897601 147.740723
3.000393 4687.500000 14121 4706.383442 150.604270
3.000048 4687.500000 13715 4571.593260 146.290984
3.000199 4687.500000 14000 4666.356396 149.323405
3.000013 4687.500000 14163 4720.979175 151.071334
3.000424 4687.500000 14073 4690.336329 150.090763
3.000007 4687.500000 13890 4629.989395 148.159661
3.000117 4687.500000 13987 4662.150819 149.188826
3.000132 4687.500000 14231 4743.457194 151.790630
3.000007 4687.500000 14144 4714.655644 150.868981
3.000256 4687.500000 14010 4669.602116 149.427268
3.000514 4687.500000 14047 4681.530990 149.808992
3.000466 4687.500000 13910 4635.945863 148.350268
3.000161 4687.500000 13998 4665.749365 149.303980
3.000222 4687.500000 14006 4668.321470 149.386287
3.000091 4687.500000 14048 4682.525368 149.840812
3.000004 4687.500000 13936 4645.326619 148.650452
6.000463 4687.500000 13993 4664.273329 149.256747
6.000352 4687.500000 14044 4680.802544 149.785681
6.000110 4687.500000 14048 4682.618691 149.843798
6.000088 4687.500000 14196 4731.872703 151.419927
6.000357 4687.500000 14218 4738.820569 151.642258
6.000138 4687.500000 13983 4660.888543 149.148433
6.000561 4687.500000 14250 4749.321162 151.978277
6.000425 4687.500000 14086 4694.997834 150.239931
6.000369 4687.500000 14101 4699.962248 150.398792
6.000550 4687.500000 14547 4848.340362 155.146892
6.000501 4687.500000 14069 4689.497989 150.063936
6.000850 4687.500000 14348 4781.766561 153.016530
6.000199 4687.500000 13763 4587.435974 146.797951
6.000275 4687.500000 13877 4625.575618 148.018420
6.000374 4687.500000 14153 4717.621646 150.963893
6.000124 4687.500000 13940 4646.656210 148.692999
6.000028 4687.500000 13920 4639.979685 148.479350
6.000245 4687.500000 13997 4665.596242 149.299080
6.000125 4687.500000 13779 4592.818772 146.970201
6.000449 4687.500000 14100 4699.903757 150.396920
6.000334 4687.500000 14091 4696.581272 150.290601
6.000017 4687.500000 13824 4607.994400 147.455821
6.001751 4687.500000 13794 4596.104556 147.075346
6.001276 4687.500000 14234 4743.527669 151.792885
6.000164 4687.500000 14072 4690.662992 150.101216
6.000513 4687.500000 14275 4757.924412 152.253581
6.000905 4687.500000 14150 4716.628895 150.932125
6.000722 4687.500000 14035 4677.935343 149.693931
6.000403 4687.500000 13911 4636.720728 148.375063
6.001576 4687.500000 13978 4659.328070 149.098498
6.000096 4687.500000 13729 4576.324272 146.442377
6.000333 4687.500000 14187 4728.481272 151.311401
9.000982 4687.500000 14160 4719.124407 151.011981
9.000620 4687.500000 14265 4754.213809 152.134842
9.000090 4687.500000 14260 4753.329387 152.106540
9.000930 4687.500000 13960 4652.199126 148.870372
9.000396 4687.500000 14070 4689.810664 150.073941
9.000597 4687.500000 14260 4752.774603 152.088787
9.000619 4687.500000 14048 4682.576949 149.842462
9.000439 4687.500000 14161 4719.815908 151.034109
9.000292 4687.500000 13840 4613.077621 147.618484
9.000153 4687.500000 14114 4704.644293 150.548617
9.000447 4687.500000 14149 4716.184470 150.917903
9.000077 4687.500000 13894 4631.240730 148.199703
9.000135 4687.500000 13975 4658.167270 149.061353
9.000562 4687.500000 14067 4688.698945 150.038366
9.000363 4687.500000 13950 4649.991045 148.799713
9.000512 4687.500000 13804 4601.316672 147.242133
9.000496 4687.500000 14063 4687.476496 149.999248
9.000601 4687.500000 14065 4688.253456 150.024111
9.000576 4687.500000 13935 4644.824441 148.634382
9.000599 4687.500000 14111 4703.431434 150.509806
9.000349 4687.500000 13984 4661.309224 149.161895
9.000296 4687.500000 14203 4734.123838 151.491963
9.000748 4687.500000 14104 4700.965247 150.430888
9.000748 4687.500000 14093 4697.126300 150.308042
9.000966 4687.500000 14137 4712.237586 150.791603
9.000968 4687.500000 14107 4702.148255 150.468744
9.001488 4687.500000 14225 4741.330806 151.722586
9.000749 4687.500000 14019 4672.957280 149.534633
9.002918 4687.500000 14203 4732.492971 151.439775
9.001579 4687.500000 14108 4702.663098 150.485219
9.000408 4687.500000 13998 4665.515139 149.296484
9.000527 4687.500000 14104 4701.029268 150.432937
12.000445 4687.500000 14030 4676.657271 149.653033
12.000415 4687.500000 14326 4775.303111 152.809700
12.000100 4687.500000 14168 4722.651371 151.124844
12.000543 4687.500000 14121 4706.388237 150.604424
12.000262 4687.500000 14236 4745.131490 151.844208
12.000668 4687.500000 14169 4722.889546 151.132465
12.000577 4687.500000 14078 4692.643189 150.164582
12.000430 4687.500000 14113 4704.116719 150.531735
12.000569 4687.500000 14173 4724.008551 151.168274
12.000770 4687.500000 14144 4714.234856 150.855515
12.000764 4687.500000 14083 4694.108745 150.211480
12.000655 4687.500000 14183 4727.579013 151.282528
12.001654 4687.500000 14010 4669.742266 149.431753
12.000841 4687.500000 14217 4738.376950 151.628062
12.000645 4687.500000 14349 4782.890167 153.052485
12.000921 4687.500000 14334 4777.491499 152.879728
12.001867 4687.500000 13956 4650.603337 148.819307
12.000566 4687.500000 14122 4707.248364 150.631948
12.000523 4687.500000 14141 4713.394023 150.828609
12.001078 4687.500000 14044 4681.103595 149.795315
12.000113 4687.500000 14005 4668.277547 149.384881
12.000736 4687.500000 14004 4667.816865 149.370140
12.000836 4687.500000 14083 4694.197717 150.214327
12.000441 4687.500000 14187 4728.771406 151.320685
12.001090 4687.500000 14243 4747.494666 151.919829
12.001153 4687.500000 14150 4716.376369 150.924044
12.000881 4687.500000 14002 4667.126499 149.348048
12.000998 4687.500000 13974 4657.611049 149.043554
12.001740 4687.500000 14052 4683.747355 149.879915
12.000435 4687.500000 13891 4630.291584 148.169331
12.003229 4687.500000 14235 4744.508389 151.824268
12.000854 4687.500000 13977 4658.493274 149.071785
15.001111 4687.500000 13952 4650.614984 148.819679
15.000457 4687.500000 13945 4647.779435 148.728942
15.001016 4687.500000 14040 4679.727772 149.751289
15.000600 4687.500000 14165 4721.375690 151.084022
15.000681 4687.500000 14046 4681.979687 149.823350
15.000859 4687.500000 14074 4690.837732 150.106807
15.000514 4687.500000 14038 4678.940568 149.726098
15.000477 4687.500000 14154 4717.949118 150.974372
15.000564 4687.500000 14041 4680.124342 149.763979
15.001267 4687.500000 14276 4757.680728 152.245783
15.001082 4687.500000 14060 4685.877394 149.948077
15.000260 4687.500000 14037 4678.770715 149.720663
15.000933 4687.500000 14107 4702.313402 150.474029
15.000683 4687.500000 13947 4648.955474 148.766575
15.001063 4687.500000 13989 4662.491993 149.199744
15.000584 4687.500000 13993 4664.305723 149.257783
15.001388 4687.500000 13897 4631.379343 148.204139
15.000623 4687.500000 14006 4668.581818 149.394618
15.001313 4687.500000 14298 4765.242339 152.487755
15.001056 4687.500000 14193 4730.538714 151.377239
15.000472 4687.500000 14092 4697.285758 150.313144
15.000996 4687.500000 14289 4762.248348 152.391947
15.001212 4687.500000 14084 4694.475848 150.223227
15.001217 4687.500000 14068 4689.232400 150.055437
15.000966 4687.500000 14063 4687.534569 150.001106
15.001877 4687.500000 13829 4609.323898 147.498365
15.001979 4687.500000 14042 4680.294069 149.769410
15.001097 4687.500000 13973 4657.512836 149.040411
15.001965 4687.500000 14117 4705.512208 150.576391
15.000556 4687.500000 14216 4738.475896 151.631229
15.003232 4687.500000 14141 4713.661674 150.837174
15.001393 4687.500000 13886 4627.834289 148.090697
18.000529 4687.500000 14080 4693.252744 150.184088
18.001403 4687.500000 14287 4762.038028 152.385217
18.001171 4687.500000 14048 4681.776205 149.816839
18.001315 4687.500000 14119 4705.734487 150.583504
18.000414 4687.500000 13847 4615.429951 147.693758
18.001126 4687.500000 13827 4608.830919 147.482589
18.001194 4687.500000 14191 4729.171719 151.333495
18.000720 4687.500000 13859 4619.517347 147.824555
18.000709 4687.500000 14295 4764.690785 152.470105
18.000588 4687.500000 14272 4757.325964 152.234431
18.000826 4687.500000 13891 4630.113403 148.163629
18.001020 4687.500000 13973 4657.417129 149.037348
18.000750 4687.500000 14114 4704.558120 150.545860
18.000967 4687.500000 13859 4619.664681 147.829270
18.001102 4687.500000 14070 4689.968929 150.079006
18.000709 4687.500000 14002 4667.107184 149.347430
18.001088 4687.500000 13969 4656.294385 149.001420
18.001246 4687.500000 13838 4612.615470 147.603695
18.000486 4687.500000 14021 4673.644265 149.556616
18.001277 4687.500000 14029 4675.990074 149.631682
18.001317 4687.500000 13887 4628.922615 148.125524
18.001335 4687.500000 14186 4728.313965 151.306047
18.001420 4687.500000 14028 4675.950851 149.630427
18.002771 4687.500000 14291 4760.849856 152.347195
18.001454 4687.500000 14059 4686.113031 149.955617
18.002258 4687.500000 14136 4711.540708 150.769303
18.001315 4687.500000 13941 4646.662429 148.693198
18.002193 4687.500000 13887 4628.670040 148.117441
18.001881 4687.500000 13949 4649.659976 148.789119
18.000642 4687.500000 14217 4738.863655 151.643637
18.003573 4687.500000 14178 4725.462731 151.214807
18.001663 4687.500000 14091 4696.578461 150.290511
21.001235 4687.500000 13957 4652.233966 148.871487
21.000979 4687.500000 14200 4732.622672 151.443925
21.000756 4687.500000 13733 4577.411368 146.477164
21.001332 4687.500000 14123 4707.343435 150.634990
21.000777 4687.500000 14053 4684.244145 149.895813
21.001119 4687.500000 14058 4685.846124 149.947076
21.001295 4687.500000 14312 4769.735190 152.631526
21.000996 4687.500000 14168 4722.279105 151.112931
21.000444 4687.500000 14015 4671.619395 149.491821
21.001622 4687.500000 14123 4707.322618 150.634324
21.001085 4687.500000 13844 4614.485858 147.663547
21.000740 4687.500000 13921 4640.285111 148.489124
21.001147 4687.500000 14208 4735.929349 151.549739
21.000912 4687.500000 14209 4736.197043 151.558305
21.001837 4687.500000 14038 4678.550429 149.713614
21.001527 4687.500000 14259 4752.665125 152.085284
21.001432 4687.500000 13968 4655.631018 148.980193
21.000615 4687.500000 14088 4695.797573 150.265522
21.001639 4687.500000 14097 4698.383188 150.348262
21.001431 4687.500000 13978 4659.156429 149.093006
21.001341 4687.500000 13865 4621.278329 147.880907
21.001350 4687.500000 14070 4689.885547 150.076338
21.001554 4687.500000 14267 4755.454861 152.174556
21.001486 4687.500000 14037 4678.949622 149.726388
21.002166 4687.500000 14051 4683.222474 149.863119
21.002578 4687.500000 13848 4615.507292 147.696233
21.001365 4687.500000 14047 4682.254961 149.832159
21.002197 4687.500000 14010 4669.994720 149.439831
21.000705 4687.500000 13867 4622.236853 147.911579
21.002994 4687.500000 14010 4669.653618 149.428916
21.003587 4687.500000 14111 4703.645280 150.516649
21.001715 4687.500000 14185 4728.250622 151.304020
24.001196 4687.500000 14185 4727.614349 151.283659
24.001006 4687.500000 14326 4775.290452 152.809294
24.001357 4687.500000 14138 4711.721513 150.775088
24.001051 4687.500000 14187 4728.780782 151.320985
24.001485 4687.500000 14076 4691.914990 150.141280
24.001342 4687.500000 14092 4697.027472 150.304879
24.000800 4687.500000 14066 4688.630675 150.036182
24.001556 4687.500000 14204 4734.160624 151.493140
24.001308 4687.500000 14189 4729.367731 151.339767
24.001486 4687.500000 13865 4621.429139 147.885732
24.001388 4687.500000 14280 4759.377717 152.300087
24.000620 4687.500000 13995 4664.726609 149.271251
24.002180 4687.500000 14091 4696.462282 150.286793
24.001380 4687.500000 14152 4717.271715 150.952695
24.001656 4687.500000 13908 4635.841894 148.346941
24.001656 4687.500000 14081 4693.101232 150.179239
24.000724 4687.500000 14102 4700.496347 150.415883
24.001100 4687.500000 13787 4595.643648 147.060597
24.001529 4687.500000 14178 4725.996764 151.231896
24.001601 4687.500000 14006 4668.276225 149.384839
24.001928 4687.500000 14076 4691.225254 150.119208
24.001679 4687.500000 14057 4685.579035 149.938529
24.001711 4687.500000 14128 4709.221740 150.695096
24.001577 4687.500000 14388 4795.854283 153.467337
24.002204 4687.500000 13800 4599.940908 147.198109
24.001487 4687.500000 14081 4693.476894 150.191261
24.002671 4687.500000 13939 4646.190198 148.678086
24.002202 4687.500000 13894 4631.325188 148.202406
24.001657 4687.500000 14046 4680.515352 149.776491
24.003755 4687.500000 14334 4776.787667 152.857205
24.003894 4687.500000 14251 4749.847194 151.995110
24.002003 4687.500000 14086 4694.882103 150.236227
27.001590 4687.500000 13945 4647.973475 148.735151
27.000944 4687.500000 14197 4732.106618 151.427412
27.001611 4687.500000 14036 4677.724144 149.687173
27.000718 4687.500000 13943 4647.515045 148.720481
27.001234 4687.500000 14136 4711.712344 150.774795
27.002387 4687.500000 14164 4720.096141 151.043077
27.001352 4687.500000 14185 4728.318213 151.306183
27.001600 4687.500000 14119 4706.001232 150.592039
27.000981 4687.500000 13922 4640.269477 148.488623
27.001427 4687.500000 13972 4657.148603 149.028755
27.002195 4687.500000 13973 4656.632542 149.012241
27.002029 4687.500000 14399 4798.797208 153.561511
27.001832 4687.500000 14178 4724.997965 151.199935
27.001952 4687.500000 14034 4677.382114 149.676228
27.002260 4687.500000 14384 4794.574381 153.426380
27.001491 4687.500000 14261 4753.659352 152.117099
27.001215 4687.500000 14245 4748.150897 151.940829
27.001543 4687.500000 13973 4657.412791 149.037209
27.003955 4687.500000 14011 4670.023067 149.440738
27.001995 4687.500000 13920 4639.511145 148.464357
27.001836 4687.500000 14004 4667.456532 149.358609
27.002112 4687.500000 14116 4704.617524 150.547761
27.002083 4687.500000 14392 4797.084911 153.506717
27.001732 4687.500000 14028 4675.882553 149.628242
27.001813 4687.500000 14098 4699.172307 150.373514
27.002503 4687.500000 13939 4645.871226 148.667879
27.001708 4687.500000 13997 4665.463224 149.294823
27.002243 4687.500000 13999 4666.236298 149.319562
27.002902 4687.500000 14226 4741.633837 151.732283
27.002117 4687.500000 14416 4804.596146 153.747077
27.004475 4687.500000 13960 4652.432178 148.877830
27.002916 4687.500000 14249 4748.221663 151.943093
#type       avg     std     min     5th    10th    90th    95th    99th
read      639.4   205.6   156.2   373.6   404.9   949.0  1027.9  1145.8
update    642.1   205.9   171.9   373.9   405.5   953.0  1029.8  1145.3
op_q        4.5     2.2     1.0     1.1     2.0     7.4     9.0    11.3

Total QPS = 300028.2 (9000847 / 30.0s)

Misses = 0 (0.0%)
Skipped TXs = 0 (0.0%)

RX 1550345111 bytes :   49.3 MB/s
TX  996349429 bytes :   31.7 MB/s
