3.000314 8593.750000 25684 8560.437993 273.934016
3.000013 8593.750000 25701 8566.962154 274.142789
3.000144 8593.750000 25653 8550.590238 273.618888
3.000198 8593.750000 26048 8682.094844 277.827035
3.000028 8593.750000 25725 8574.920383 274.397452
3.000275 8593.750000 25591 8529.550477 272.945615
3.000037 8593.750000 25533 8510.894018 272.348609
3.001138 8593.750000 25861 8617.065106 275.746083
3.000129 8593.750000 25649 8549.298081 273.577539
3.001283 8593.750000 26155 8714.606071 278.867394
3.000164 8593.750000 25829 8609.196984 275.494303
3.000216 8593.750000 25859 8619.047111 275.809508
3.000016 8593.750000 25972 8657.288245 277.033224
3.000035 8593.750000 25540 8513.234973 272.423519
3.000065 8593.750000 25533 8510.816918 272.346141
3.000006 8593.750000 25520 8506.649780 272.212793
3.000342 8593.750000 25653 8550.026329 273.600843
3.000160 8593.750000 26071 8689.870729 278.075863
3.000208 8593.750000 25613 8537.075237 273.186408
3.000012 8593.750000 25827 8608.965511 275.486896
3.000028 8593.750000 25659 8552.919866 273.693436
3.000180 8593.750000 25653 8550.486773 273.615577
3.000207 8593.750000 25572 8523.412666 272.749205
3.000233 8593.750000 25742 8580.001504 274.560048
3.000343 8593.750000 26080 8692.339439 278.154862
3.000019 8593.750000 26021 8673.611397 277.555565
3.000059 8593.750000 25497 8498.833932 271.962686
3.000136 8593.750000 25388 8462.281948 270.793022
3.000017 8593.750000 25669 8556.284457 273.801103
3.000026 8593.750000 25662 8553.927217 273.725671
3.000018 8593.750000 25850 8616.615920 275.731709
3.000068 8593.750000 25918 8639.137815 276.452410
6.000171 8593.750000 25858 8619.214519 275.814865
6.000042 8593.750000 25857 8618.895912 275.804669
6.000188 8593.750000 25948 8648.891690 276.764534
6.000034 8593.750000 25834 8611.317630 275.562164
6.001565 8593.750000 25916 8634.348172 276.299141
6.000082 8593.750000 25838 8612.511113 275.600356
6.001098 8593.750000 25887 8626.826023 276.058433
6.000291 8593.750000 25770 8589.635154 274.868325
6.000092 8593.750000 25992 8663.768473 277.240591
6.000429 8593.750000 25652 8550.057446 273.601838
6.000330 8593.750000 25506 8501.652857 272.052891
6.000316 8593.750000 26101 8699.525766 278.384825
6.000105 8593.750000 25794 8597.868023 275.131777
6.000086 8593.750000 25951 8650.131638 276.804212
6.000271 8593.750000 25374 8457.890992 270.652512
6.000418 8593.750000 25829 8609.059334 275.489899
6.000065 8593.750000 26207 8735.550663 279.537621
6.000255 8593.750000 25758 8585.306942 274.729822
6.000165 8593.750000 25914 8637.939375 276.414060
6.000237 8593.750000 25688 8562.553746 274.001720
6.000342 8593.750000 26074 8691.251308 278.120042
6.000406 8593.750000 25756 8584.960083 274.718723
6.000389 8593.750000 25607 8534.609698 273.107510
6.000067 8593.750000 25882 8627.194393 276.070221
6.000387 8593.750000 25926 8641.403906 276.524925
6.000360 8593.750000 26076 8691.420740 278.125464
6.000155 8593.750000 26121 8706.945060 278.622242
6.000352 8593.750000 25863 8620.973204 275.871143
6.001302 8593.750000 25707 8568.947310 274.206314
6.001202 8593.750000 25683 8560.816529 273.946129
6.000252 8593.750000 25717 8571.664142 274.293253
6.001208 8593.750000 25811 8600.399313 275.212778
9.000305 8593.750000 25964 8653.883753 276.924280
9.000262 8593.750000 25888 8628.844318 276.123018
9.000346 8593.750000 25570 8523.322970 272.746335
9.000075 8593.750000 25846 8615.237710 275.687607
9.000120 8593.750000 25821 8606.844293 275.419017
9.000087 8593.750000 25948 8649.318487 276.778192
9.000243 8593.750000 25482 8493.844018 271.803009
9.000360 8593.750000 25642 8547.249788 273.511993
9.000219 8593.750000 25818 8605.843733 275.386999
9.000302 8593.750000 25439 8479.483937 271.343486
9.000392 8593.750000 25717 8572.115321 274.307690
9.000142 8593.750000 25813 8604.170674 275.333462
9.000233 8593.750000 25721 8573.194248 274.342216
9.000482 8593.750000 25457 8485.397594 271.532723
9.000161 8593.750000 25688 8562.651702 274.004854
9.000295 8593.750000 25847 8615.598556 275.699154
9.000457 8593.750000 26192 8730.184940 279.365918
9.000471 8593.750000 26035 8678.143485 277.700592
9.000348 8593.750000 25909 8636.065525 276.354097
9.000387 8593.750000 25770 8589.901231 274.876839
9.000119 8593.750000 25738 8579.292955 274.537375
9.000245 8593.750000 25828 8609.120679 275.491862
9.000389 8593.750000 25757 8585.581614 274.738612
9.000456 8593.750000 25632 8543.923176 273.405542
9.000841 8593.750000 26180 8725.436476 279.213967
9.000450 8593.750000 25857 8618.824547 275.802385
9.001180 8593.750000 25749 8582.763849 274.648443
9.001286 8593.750000 25869 8622.759502 275.928304
9.001457 8593.750000 26042 8680.216940 277.766942
9.000322 8593.750000 25605 8534.801242 273.113640
9.001837 8593.750000 25892 8629.884459 276.156303
9.001283 8593.750000 25786 8595.117714 275.043767
12.000086 17187.000000 43020 14339.949154 458.878373
12.000341 17187.000000 42830 14275.721616 456.823092
12.000103 17187.000000 42910 14303.257869 457.704252
12.000137 17187.000000 42947 14315.583312 458.098666
12.000296 17187.000000 42906 14301.634464 457.652303
12.000319 17187.000000 43068 14355.885887 459.388348
12.000258 17187.000000 42957 14318.929771 458.205753
12.000631 17187.000000 43133 14376.833199 460.058662
12.000366 17187.000000 42754 14251.042237 456.033352
12.000393 17187.000000 42797 14264.962160 456.478789
12.000225 17187.000000 42840 14279.492164 456.943749
12.000234 17187.000000 43390 14462.980673 462.815382
12.000461 17187.000000 42990 14329.239490 458.535664
12.000522 17187.000000 43026 14341.758132 458.936260
12.000237 17187.000000 42905 14301.646187 457.652678
12.000395 17187.000000 43055 14351.637856 459.252411
12.000576 17187.000000 43435 14477.222122 463.271108
12.000968 17187.000000 43075 14356.006327 459.392202
12.000446 17187.000000 42897 14298.716519 457.558929
12.000875 17187.000000 42852 14283.837820 457.082810
12.000423 17187.000000 43139 14379.520671 460.144661
12.000490 17187.000000 42901 14299.713534 457.590833
12.000369 17187.000000 42751 14250.235931 456.007550
12.000269 17187.000000 42630 14209.966512 454.718928
12.000469 17187.000000 42875 14291.607577 457.331442
12.000505 17187.000000 42931 14310.071684 457.922294
12.001248 17187.000000 42975 14324.677597 458.389683
12.001480 17187.000000 42875 14291.555226 457.329767
12.000363 17187.000000 43013 14337.469804 458.799034
12.001286 17187.000000 42945 14314.999523 458.079985
12.001893 17187.000000 42888 14295.731494 457.463408
12.001283 17187.000000 43372 14457.331648 462.634613
15.000097 17187.000000 51645 17214.937376 550.877996
15.000446 17187.000000 51741 17246.865194 551.899686
15.000383 17187.000000 51444 17146.595738 548.691064
15.000514 17187.000000 51884 17293.967402 553.406957
15.000377 17187.000000 51628 17209.269768 550.696633
15.000240 17187.000000 51911 17302.878714 553.692119
15.000635 17187.000000 51884 17293.830454 553.402575
15.000354 17187.000000 51963 17320.259745 554.248312
15.000454 17187.000000 51587 17195.181754 550.245816
15.000312 17187.000000 51392 17130.574835 548.178395
15.000495 17187.000000 51441 17146.804680 548.697750
15.000237 17187.000000 51562 17187.312070 549.993986
15.000378 17187.000000 51249 17082.787876 546.649212
15.000789 17187.000000 51357 17118.098251 547.779144
15.000578 17187.000000 51767 17255.039884 552.161276
15.000689 17187.000000 51726 17241.039284 551.713257
15.000686 17187.000000 51713 17237.034222 551.585095
15.000259 17187.000000 51799 17266.326755 552.522456
15.000327 17187.000000 51242 17080.617686 546.579766
15.000471 17187.000000 51184 17061.191391 545.958125
15.000292 17187.000000 51582 17193.684284 550.197897
15.000527 17187.000000 51747 17248.242781 551.943769
15.000279 17187.000000 51739 17246.279164 551.880933
15.000598 17187.000000 51737 17245.129368 551.844140
15.000996 17187.000000 51600 17199.309308 550.377898
15.001360 17187.000000 51518 17172.021732 549.504695
15.001489 17187.000000 51488 17162.614652 549.203669
15.001289 17187.000000 51600 17199.982485 550.399440
15.001021 17187.000000 51578 17192.362799 550.155610
15.000380 17187.000000 51446 17148.571962 548.754303
15.001913 17187.000000 51318 17105.887324 547.388394
15.001363 17187.000000 51601 17199.873757 550.395960
18.000110 17187.000000 51405 17134.926121 548.317636
18.000472 17187.000000 51615 17204.460118 550.542724
18.000277 17187.000000 51978 17325.770480 554.424655
18.000392 17187.000000 50995 16997.965408 543.934893
18.000278 17187.000000 51481 17160.225623 549.127220
18.000294 17187.000000 51440 17146.578405 548.690509
18.000376 17187.000000 51708 17235.871855 551.547899
18.000300 17187.000000 51618 17205.952265 550.590472
18.000727 17187.000000 52049 17348.437554 555.150002
18.000718 17187.000000 51928 17307.369426 553.835822
18.000610 17187.000000 51518 17171.872250 549.499912
18.000690 17187.000000 51574 17190.687435 550.101998
18.000320 17187.000000 51933 17310.955518 553.950577
18.000551 17187.000000 51188 17062.069187 545.986214
18.000810 17187.000000 51420 17139.876561 548.476050
18.000531 17187.000000 51716 17237.814228 551.610055
18.000767 17187.000000 51814 17270.887995 552.668416
18.000545 17187.000000 51313 17102.595042 547.283041
18.001010 17187.000000 51287 17095.583970 547.058687
18.000700 17187.000000 51241 17080.252398 546.568077
18.000713 17187.000000 51514 17170.884686 549.468310
18.000530 17187.000000 51378 17125.981577 548.031410
18.000465 17187.000000 51453 17150.933405 548.829869
18.000580 17187.000000 51860 17286.178924 553.157726
18.000613 17187.000000 51405 17134.914177 548.317254
18.001411 17187.000000 51935 17311.376045 553.964033
18.001301 17187.000000 51433 17144.262772 548.616409
18.000381 17187.000000 51801 17266.988779 552.543641
18.001074 17187.000000 51288 17095.699985 547.062400
18.001525 17187.000000 51613 17204.130218 550.532167
18.001975 17187.000000 52107 17368.639265 555.796456
18.001365 17187.000000 51496 17165.325360 549.290412
21.000292 17187.000000 51833 17277.586178 552.882758
21.000112 17187.000000 51573 17190.986286 550.111561
21.000427 17187.000000 51468 17155.799153 548.985573
21.000501 17187.000000 51863 17287.463249 553.198824
21.000353 17187.000000 51457 17152.144611 548.868628
21.000782 17187.000000 51591 17196.477721 550.287287
21.000499 17187.000000 51772 17257.179035 552.229729
21.000382 17187.000000 51736 17244.828027 551.834497
21.000582 17187.000000 51521 17173.652675 549.556886
21.000990 17187.000000 51898 17297.660681 553.525142
21.000297 17187.000000 51429 17142.888118 548.572420
21.000357 17187.000000 51632 17210.340236 550.730888
21.000793 17187.000000 51197 17065.292282 546.089353
21.000753 17187.000000 51797 17265.466313 552.494922
21.000636 17187.000000 51325 17107.809306 547.449898
21.000816 17187.000000 51268 17089.053484 546.849711
21.000543 17187.000000 51657 17218.933076 551.005858
21.000553 17187.000000 51526 17174.319462 549.578223
21.000567 17187.000000 51384 17127.906422 548.093006
21.000615 17187.000000 51224 17074.641082 546.388515
21.000588 17187.000000 51938 17312.331820 553.994618
21.000862 17187.000000 51465 17154.704223 548.950535
21.001053 17187.000000 51713 17237.423117 551.597540
21.000672 17187.000000 51622 17206.997255 550.623912
21.001203 17187.000000 51323 17106.930550 547.421778
21.001317 17187.000000 51493 17164.244995 549.255840
21.000803 17187.000000 51666 17221.484339 551.087499
21.001582 17187.000000 51852 17283.668719 553.077399
21.000401 17187.000000 50844 16947.890892 542.332509
21.001526 17187.000000 51173 17057.011607 545.824371
21.001998 17187.000000 51816 17271.870105 552.699843
21.001376 17187.000000 51174 17057.936168 545.853957
24.000115 17187.000000 52169 17389.652305 556.468874
24.000507 17187.000000 51726 17241.953254 551.742504
24.000326 17187.000000 51377 17125.472558 548.015122
24.000372 17187.000000 51456 17151.887349 548.860395
24.000750 17187.000000 51412 17136.374159 548.363973
24.000876 17187.000000 51601 17199.790621 550.393300
24.000755 17187.000000 51679 17225.652070 551.220866
24.000569 17187.000000 51726 17240.433992 551.693888
24.000544 17187.000000 51324 17107.994454 547.455823
24.000717 17187.000000 51182 17060.082253 545.922632
24.000731 17187.000000 51753 17250.177211 552.005671
24.000841 17187.000000 51960 17319.718792 554.231001
24.000526 17187.000000 51580 17193.186490 550.181968
24.000954 17187.000000 51972 17323.467004 554.350944
24.001076 17187.000000 51844 17279.761785 552.952377
24.000416 17187.000000 51579 17192.806622 550.169812
24.000622 17187.000000 51476 17158.355494 549.067376
24.000444 17187.000000 51442 17146.840826 548.698906
24.000931 17187.000000 51760 17252.672045 552.085505
24.000489 17187.000000 51948 17315.643978 554.100607
24.000589 17187.000000 51269 17089.461714 546.862775
24.000803 17187.000000 51693 17230.711589 551.382771
24.001105 17187.000000 51358 17118.681132 547.797796
24.001166 17187.000000 51847 17281.683310 553.013866
24.000722 17187.000000 51820 17273.045027 552.737441
24.001467 17187.000000 51427 17141.477323 548.527274
24.001544 17187.000000 51685 17228.232166 551.303429
24.000512 17187.000000 51903 17300.360531 553.611537
24.001239 17187.000000 51606 17201.796613 550.457492
24.001648 17187.000000 51708 17235.622403 551.539917
24.001999 17187.000000 51532 17177.324358 549.674379
24.001380 17187.000000 51700 17233.308665 551.465877
27.000346 17187.000000 51480 17159.884985 549.116320
27.000262 17187.000000 51472 17156.490982 549.007711
27.000438 17187.000000 51788 17262.290625 552.393300
27.000792 17187.000000 51570 17188.478252 550.031304
27.000821 17187.000000 51404 17134.563451 548.306030
27.000581 17187.000000 51362 17120.452492 547.854480
27.000536 17187.000000 51458 17152.401458 548.876847
27.000664 17187.000000 51943 17314.090010 554.050880
27.000559 17187.000000 51285 17094.705349 547.030571
27.000977 17187.000000 51590 17196.089586 550.274867
27.000765 17187.000000 50913 16970.941966 543.070143
27.000870 17187.000000 51276 17091.838705 546.938839
27.000453 17187.000000 51536 17178.614350 549.715659
27.000980 17187.000000 51410 17135.352415 548.331277
27.000422 17187.000000 51432 17143.963113 548.606820
27.000799 17187.000000 51499 17165.893252 549.308584
27.001756 17187.000000 51560 17185.006034 549.920193
27.001119 17187.000000 51680 17226.585635 551.250740
27.001208 17187.000000 51171 17056.246184 545.799878
27.000983 17187.000000 51698 17231.219211 551.399015
27.001168 17187.000000 51275 17091.651789 546.932857
27.000719 17187.000000 51706 17235.321299 551.530282
27.001095 17187.000000 51536 17177.723761 549.687160
27.000613 17187.000000 51698 17232.415980 551.437311
27.000628 17187.000000 51379 17126.112660 548.035605
27.000982 17187.000000 51709 17236.172747 551.557528
27.001312 17187.000000 51290 17096.249127 547.079972
27.001656 17187.000000 51644 17214.623676 550.867958
27.001562 17187.000000 51507 17168.893925 549.404606
27.000548 17187.000000 51603 17200.792319 550.425354
27.002067 17187.000000 51844 17280.942939 552.990174
27.001443 17187.000000 51601 17199.971864 550.399100
#type       avg     std     min     5th    10th    90th    95th    99th
read     1177.8   580.3   228.8   532.1   691.5  1530.6  1934.0  2494.9
update   1172.2   573.4   228.8   531.7   691.7  1526.7  1905.8  2420.6
op_q       22.9    11.7     1.0     5.0     7.3    36.0    40.5    53.5

Total QPS = 916347.0 (27490414 / 30.0s)

Misses = 0 (0.0%)
Skipped TXs = 0 (0.0%)

RX 4732260864 bytes :  150.4 MB/s
TX 3039492165 bytes :   96.6 MB/s
