3.000012 11960.074575
3.000009 11904.078582
3.000017 12294.501214
3.000053 12483.880966
3.000111 12000.341846
3.000187 12395.361221
3.000037 11776.911933
3.000012 12305.854660
3.000047 11906.722133
3.000034 12185.255929
3.000004 12442.192234
3.000005 11916.963872
3.000009 11953.626940
3.000040 11817.525547
3.000001 11890.513291
3.000004 11605.928865
3.000007 12525.472614
3.000028 11970.324853
3.000027 12473.786559
3.000005 12260.161899
3.000079 12357.408879
3.000072 12189.214881
3.000014 12328.458606
3.000039 12360.555512
3.000123 12101.637416
3.000016 12577.026458
3.000054 12629.427640
3.000011 13056.096196
3.000147 12423.529805
3.000010 12304.712555
3.000020 12098.921325
3.000005 12716.643821
6.000112 12191.674816
6.000029 11881.815743
6.000113 12113.188042
6.000072 12625.891438
6.000058 12220.774758
6.000047 12060.121255
6.000056 12474.907986
6.000074 12287.969339
6.000063 12196.638528
6.000020 12144.653359
6.000094 12053.390937
6.000076 11763.397886
6.000049 11774.254094
6.000019 12613.996422
6.000087 11933.017058
6.000122 12075.623746
6.000075 12131.193594
6.000053 11899.484212
6.000041 12053.347973
6.000162 12436.803838
6.000015 12131.918347
6.000032 12106.997829
6.000039 11976.911758
6.000048 12141.238301
6.000190 12428.744070
6.000250 12472.270521
6.000073 12493.722181
6.000129 12227.421242
6.000043 12238.315115
6.000023 12106.781815
6.000081 12454.265504
6.000018 12446.578554
9.000144 12164.964372
9.000120 12312.561215
9.000078 12411.551752
9.000111 11929.189568
9.000169 12014.214132
9.000081 12165.000908
9.000168 12136.492208
9.000082 11848.648241
9.000047 11953.214764
9.000078 12020.442360
9.000211 12296.278446
9.000095 11978.550738
9.000054 11873.436996
9.000161 12026.099842
9.000063 11920.392682
9.000127 12327.401538
9.000128 11890.571598
9.000278 12328.258593
9.000181 12420.941950
9.000019 12328.961393
9.000163 11810.985803
9.000055 12198.763880
9.000269 12260.116258
9.000066 12267.234753
9.000092 12422.148002
9.000086 12168.997183
9.000067 12087.976315
9.000130 12375.232723
9.000149 11885.061470
9.000099 12544.897017
9.000060 12527.583529
9.000137 12457.224435
12.000150 11995.383813
12.000148 12108.800490
12.000112 12049.767789
12.000182 12379.670697
12.000128 12031.432804
12.000074 11929.637696
12.000190 12116.222906
12.000210 11857.460727
12.000138 12324.436206
12.000119 12119.526587
12.000086 12388.915373
12.000150 11999.551801
12.000199 12104.409137
12.000172 12277.268012
12.000184 12040.475266
12.000094 12235.707290
12.000278 12128.493756
12.000035 12291.775778
12.000165 12166.859785
12.000109 12059.024019
12.000250 12467.909764
12.000131 12387.114320
12.000173 12063.146641
12.000173 11984.917248
12.000093 12220.937971
12.000090 12053.986631
12.000169 12387.841583
12.000283 12328.915678
12.000088 12229.399699
12.000076 12393.615442
12.000179 12383.842573
12.000187 12526.633188
15.000186 12329.827145
15.000174 12077.748945
15.000083 11928.562750
15.000155 11987.216652
15.000267 12101.235335
15.000251 12362.857315
15.000182 12178.535660
15.000177 12156.104810
15.000242 12014.792835
15.000124 12007.774731
15.000185 12190.450075
15.000314 12210.149779
15.000223 12190.633538
15.000126 12396.399591
15.000156 12031.006488
15.000193 11998.867737
15.000102 12172.607118
15.000064 12286.382853
15.000141 12309.158610
15.000175 12340.365082
15.000337 12041.795725
15.000198 12080.140478
15.000228 12080.678524
15.000171 12331.123896
15.000125 12056.144948
15.000128 12220.520135
15.000201 12372.592484
15.000078 12372.182427
15.000107 12134.977219
15.000136 12243.230815
15.000190 12407.430853
15.000221 12464.703887
#type       avg     std     min     5th    10th    90th    95th    99th
read     7357.5  1663.9  1051.2  5238.2  5466.1  9534.3 10249.1 12198.9
update   7292.7  1654.8  1156.3  5171.7  5442.1  9437.3 10198.0 12118.4
op_q      128.0     1.2     1.0   118.0   118.6   128.0   128.5   129.0

Total QPS = 1657838.9 (49735214 / 30.0s)

Misses = 0 (0.0%)
Skipped TXs = 0 (0.0%)

RX 8532586808 bytes :  271.2 MB/s
TX 5487596806 bytes :  174.4 MB/s
