3.000904 2500.000000 7432 2476.587139 79.250788
3.001461 2500.000000 7510 2502.114477 80.067663
3.000662 2500.000000 7525 2507.779535 80.248945
3.000175 2500.000000 7621 2540.184907 81.285917
3.000044 2500.000000 7400 2466.630216 78.932167
3.000258 2500.000000 7432 2477.120602 79.267859
3.000838 2500.000000 7517 2504.966805 80.158938
3.000020 2500.000000 7542 2513.983219 80.447463
3.000231 2500.000000 7406 2468.476371 78.991244
3.000332 2500.000000 7440 2479.725926 79.351230
3.000393 2500.000000 7457 2485.340885 79.530908
3.000721 2500.000000 7482 2493.400477 79.788815
3.000660 2500.000000 7337 2445.128512 78.244112
3.000600 2500.000000 7534 2510.831179 80.346598
3.000461 2500.000000 7601 2533.276969 81.064863
3.000024 2500.000000 7400 2466.646687 78.932694
3.001168 2500.000000 7585 2527.349662 80.875189
3.000258 2500.000000 7486 2495.118905 79.843805
3.000674 2500.000000 7437 2478.443538 79.310193
3.000293 2500.000000 7418 2472.425187 79.117606
3.000028 2500.000000 7547 2515.643066 80.500578
3.000378 2500.000000 7708 2569.009216 82.208295
3.000066 2500.000000 7330 2443.279425 78.184942
3.000427 2500.000000 7564 2520.974387 80.671180
3.000086 2500.000000 7471 2490.261961 79.688383
3.000009 2500.000000 7474 2491.325880 79.722428
3.000063 2500.000000 7540 2513.280615 80.424980
3.000225 2500.000000 7569 2522.810719 80.729943
3.000197 2500.000000 7507 2502.169166 80.069413
3.000319 2500.000000 7438 2479.069350 79.330219
3.000549 2500.000000 7362 2453.551024 78.513633
3.000192 2500.000000 7335 2444.843731 78.234999
6.000569 2500.000000 7557 2518.669607 80.597427
6.000388 2500.000000 7450 2483.225522 79.463217
6.000776 2500.000000 7542 2513.565453 80.434094
6.002816 2500.000000 7487 2493.824805 79.802394
6.000343 2500.000000 7400 2466.657020 78.933025
6.001512 2500.000000 7622 2539.403522 81.260913
6.000623 2500.000000 7432 2476.839247 79.258856
6.000943 2500.000000 7444 2481.110820 79.395546
6.000259 2500.000000 7584 2527.819136 80.890212
6.000503 2500.000000 7362 2453.777872 78.520892
6.000638 2500.000000 7536 2511.489623 80.367668
6.000603 2500.000000 7478 2492.492471 79.759759
6.001399 2500.000000 7632 2542.887332 81.372395
6.000572 2500.000000 7595 2531.430947 81.005790
6.000934 2500.000000 7569 2522.769455 80.728623
6.001662 2500.000000 7578 2525.306727 80.809815
6.000253 2500.000000 7486 2495.130354 79.844171
6.001045 2500.000000 7510 2502.517075 80.080546
6.001695 2500.000000 7498 2498.522754 79.952728
6.000827 2500.000000 7540 2513.195941 80.422270
6.001557 2500.000000 7479 2492.676776 79.765657
6.000728 2500.000000 7540 2513.040409 80.417293
6.000851 2500.000000 7330 2442.800560 78.169618
6.000163 2500.000000 7443 2480.916928 79.389342
6.001331 2500.000000 7376 2457.760706 78.648343
6.000531 2500.000000 7528 2509.275318 80.296810
6.000744 2500.000000 7526 2508.401882 80.268860
6.001016 2500.000000 7472 2490.573707 79.698359
6.000382 2500.000000 7396 2465.281996 78.889024
6.001521 2500.000000 7473 2490.950218 79.710407
6.001318 2500.000000 7450 2482.697271 79.446313
6.000292 2500.000000 7674 2557.914391 81.853261
9.002254 2500.000000 7341 2445.930545 78.269777
9.000827 2500.000000 7460 2486.397711 79.564727
9.001817 2500.000000 7510 2502.425313 80.077610
9.000958 2500.000000 7712 2570.067989 82.242176
9.000491 2500.000000 7518 2505.876363 80.188044
9.001227 2500.000000 7501 2499.957696 79.998646
9.000751 2500.000000 7417 2472.239912 79.111677
9.000922 2500.000000 7723 2574.033358 82.369067
9.001094 2500.000000 7535 2511.226950 80.359262
9.000622 2500.000000 7523 2507.651030 80.244833
9.000951 2500.000000 7464 2487.897069 79.612706
9.000759 2500.000000 7542 2513.885753 80.444344
9.001542 2500.000000 7548 2515.879466 80.508143
9.001489 2500.000000 7437 2478.208586 79.302675
9.000580 2500.000000 7609 2536.171220 81.157479
9.001207 2500.000000 7432 2477.108087 79.267459
9.001417 2500.000000 7489 2495.999749 79.871992
9.000640 2500.000000 7443 2480.606058 79.379394
9.002818 2500.000000 7425 2474.046145 79.169477
9.001897 2500.000000 7498 2499.049709 79.969591
9.002897 2500.000000 7505 2500.664613 80.021268
9.001759 2500.000000 7544 2514.467828 80.462971
9.001081 2500.000000 7684 2561.302694 81.961686
9.001115 2500.000000 7528 2509.023016 80.288737
9.001942 2500.000000 7447 2481.977526 79.423281
9.000372 2500.000000 7594 2531.233136 80.999460
9.000517 2500.000000 7746 2581.883506 82.620272
9.001180 2500.000000 7401 2466.729736 78.935352
9.001431 2500.000000 7350 2449.917905 78.397373
9.003537 2500.000000 7386 2461.408125 78.765060
9.002595 2500.000000 7490 2495.604391 79.859341
9.000366 2500.000000 7524 2507.937906 80.254013
12.003496 2500.000000 7485 2493.603938 79.795326
12.001745 2500.000000 7562 2519.895675 80.636662
12.006781 2500.000000 7650 2546.636391 81.492364
12.000880 2500.000000 7327 2442.122749 78.147928
12.001260 2500.000000 7551 2516.573448 80.530350
12.000743 2500.000000 7428 2475.792572 79.225362
12.001221 2500.000000 7439 2479.443016 79.342177
12.001097 2500.000000 7399 2466.331343 78.922603
12.001211 2500.000000 7486 2495.122829 79.843931
12.001222 2500.000000 7327 2442.089109 78.146851
12.001527 2500.000000 7490 2496.027846 79.872891
12.002341 2500.000000 7612 2536.840972 81.178911
12.002337 2500.000000 7702 2567.262818 82.152410
12.001575 2500.000000 7364 2454.640259 78.548488
12.001947 2500.000000 7460 2485.949123 79.550372
12.001984 2500.000000 7280 2425.963690 77.630838
12.001061 2500.000000 7556 2518.312714 80.586007
12.001804 2500.000000 7563 2520.674411 80.661581
12.000622 2500.000000 7409 2469.460498 79.022736
12.000964 2500.000000 7496 2498.347099 79.947107
12.001338 2500.000000 7501 2500.240941 80.007710
12.004255 2500.000000 7427 2475.074160 79.202373
12.001209 2500.000000 7346 2448.665338 78.357291
12.001517 2500.000000 7516 2505.310231 80.169927
12.002033 2500.000000 7651 2550.218169 81.606981
12.001405 2500.000000 7584 2527.810084 80.889923
12.002644 2500.000000 7361 2453.092666 78.498965
12.001101 2500.000000 7428 2475.518622 79.216596
12.002743 2500.000000 7327 2441.265728 78.120503
12.003292 2500.000000 7617 2538.665287 81.237289
12.003826 2500.000000 7457 2484.646488 79.508688
12.001354 2500.000000 7476 2491.180264 79.717768
15.001369 2500.000000 7519 2506.307417 80.201837
15.001453 2500.000000 7434 2477.705603 79.286579
15.001297 2500.000000 7477 2492.261753 79.752376
15.000907 2500.000000 7472 2490.529836 79.696955
15.001088 2500.000000 7463 2487.494267 79.599817
15.003751 2500.000000 7596 2530.164294 80.965257
15.002663 2500.000000 7565 2520.455647 80.654581
15.001846 2500.000000 7668 2555.468511 81.774992
15.001836 2500.000000 7660 2552.843127 81.690980
15.001991 2500.000000 7424 2474.512726 79.184407
15.000810 2500.000000 7596 2531.841377 81.018924
15.001217 2500.000000 7625 2541.660161 81.333125
15.001787 2500.000000 7404 2467.785673 78.969142
15.000991 2500.000000 7470 2489.977244 79.679272
15.001840 2500.000000 7559 2519.587394 80.626797
15.002038 2500.000000 7318 2439.258964 78.056287
15.002106 2500.000000 7545 2514.124603 80.451987
15.001572 2500.000000 7528 2509.286749 80.297176
15.001434 2500.000000 7418 2472.642694 79.124566
15.002309 2500.000000 7506 2501.769243 80.056616
15.003010 2500.000000 7681 2559.758882 81.912284
15.002407 2500.000000 7687 2562.276819 81.992858
15.001480 2500.000000 7495 2498.017280 79.936553
15.002782 2500.000000 7597 2531.659650 81.013109
15.002938 2500.000000 7411 2470.091677 79.042934
15.003638 2500.000000 7609 2536.040871 81.153308
15.006913 2500.000000 7485 2492.161478 79.749167
15.002994 2500.000000 7627 2542.120650 81.347861
15.004587 2500.000000 7466 2488.391890 79.628540
15.004104 2500.000000 7543 2514.100353 80.451211
15.006950 2500.000000 7311 2436.862406 77.979597
15.002212 2500.000000 7623 2540.273466 81.288751
18.001156 2500.000000 7391 2463.611414 78.835565
18.000921 2500.000000 7733 2577.654785 82.484953
18.001531 2500.000000 7320 2439.809867 78.073916
18.001510 2500.000000 7678 2559.082630 81.890644
18.003159 2500.000000 7448 2481.700623 79.414420
18.001710 2500.000000 7695 2564.708235 82.070664
18.001031 2500.000000 7395 2464.967154 78.878949
18.001633 2500.000000 7445 2480.986069 79.391554
18.001837 2500.000000 7509 2502.679902 80.085757
18.001660 2500.000000 7506 2501.926852 80.061659
18.001914 2500.000000 7461 2486.938399 79.582029
18.002048 2500.000000 7480 2493.117158 79.779749
18.002340 2500.000000 7534 2511.307992 80.361856
18.002873 2500.000000 7480 2493.158401 79.781069
18.002260 2500.000000 7491 2496.655472 79.892975
18.002139 2500.000000 7428 2475.749642 79.223989
18.002501 2500.000000 7511 2503.280040 80.104961
18.001443 2500.000000 7460 2486.659101 79.573091
18.002589 2500.000000 7395 2464.850302 78.875210
18.002217 2500.000000 7579 2526.240093 80.839683
18.003219 2500.000000 7441 2480.160471 79.365135
18.001875 2500.000000 7635 2544.664822 81.429274
18.003707 2500.000000 7586 2528.018658 80.896597
18.003384 2500.000000 7278 2425.684838 77.621915
18.002902 2500.000000 7809 2602.896076 83.292674
18.004502 2500.000000 7522 2506.611252 80.211560
18.004056 2500.000000 7500 2499.746370 79.991884
18.004972 2500.000000 7531 2510.011078 80.320354
18.008021 2500.000000 7437 2478.115122 79.299684
18.006918 2500.000000 7433 2477.662810 79.285210
18.004916 2500.000000 7481 2492.992240 79.775752
18.002667 2500.000000 7570 2522.950573 80.734418
21.001172 2500.000000 7504 2501.124083 80.035971
21.002933 2500.000000 7618 2538.661898 81.237181
21.001983 2500.000000 7402 2466.961312 78.942762
21.001525 2500.000000 7527 2508.691287 80.278121
21.002624 2500.000000 7631 2543.064700 81.378070
21.001932 2500.000000 7726 2575.099714 82.403191
21.001974 2500.000000 7629 2542.776203 81.368838
21.001959 2500.000000 7493 2497.293141 79.913381
21.001860 2500.000000 7490 2495.976955 79.871263
21.002107 2500.000000 7450 2483.109259 79.459496
21.002770 2500.000000 7426 2474.737593 79.191603
21.001832 2500.000000 7517 2505.500590 80.176019
21.001744 2500.000000 7565 2521.413633 80.685236
21.003539 2500.000000 7505 2500.666469 80.021327
21.002323 2500.000000 7567 2522.280608 80.712979
21.004524 2500.000000 7488 2494.391379 79.820524
21.004295 2500.000000 7362 2453.071085 78.498275
21.002649 2500.000000 7671 2556.874007 81.819968
21.002834 2500.000000 7526 2508.150760 80.260824
21.003058 2500.000000 7548 2515.845170 80.507045
21.002926 2500.000000 7490 2496.647244 79.892712
21.005109 2500.000000 7680 2558.388380 81.868428
21.002096 2500.000000 7507 2502.149220 80.068775
21.005158 2500.000000 7455 2483.798456 79.481551
21.004238 2500.000000 7515 2504.848045 80.155137
21.004990 2500.000000 7517 2505.259584 80.168307
21.003963 2500.000000 7575 2524.513204 80.784423
21.006264 2500.000000 7358 2451.610377 78.451532
21.008429 2500.000000 7619 2539.321634 81.258292
21.008109 2500.000000 7520 2505.671669 80.181493
21.004991 2500.000000 7540 2513.270441 80.424654
21.002707 2500.000000 7648 2549.299039 81.577569
24.001537 2500.000000 7400 2466.656576 78.933010
24.002194 2500.000000 7567 2522.260611 80.712340
24.001647 2500.000000 7345 2447.946130 78.334276
24.002749 2500.000000 7381 2459.698203 78.710342
24.002563 2500.000000 7628 2542.175270 81.349609
24.002376 2500.000000 7590 2529.954888 80.958556
24.002219 2500.000000 7465 2488.095702 79.619062
24.004206 2500.000000 7465 2487.021702 79.584694
24.002017 2500.000000 7547 2515.617912 80.499773
24.003118 2500.000000 7565 2521.374329 80.683979
24.002970 2500.000000 7556 2518.397009 80.588704
24.002114 2500.000000 7612 2537.118283 81.187785
24.003182 2500.000000 7397 2465.461655 78.894773
24.001936 2500.000000 7444 2481.174864 79.397596
24.001987 2500.000000 7598 2532.536028 81.041153
24.004488 2500.000000 7671 2555.781825 81.785018
24.003690 2500.000000 7489 2496.208353 79.878667
24.003164 2500.000000 7497 2498.801408 79.961645
24.003905 2500.000000 7499 2498.774455 79.960783
24.002448 2500.000000 7481 2493.374009 79.787968
24.004484 2500.000000 7503 2500.842187 80.026950
24.005246 2500.000000 7575 2524.926412 80.797645
24.004248 2500.000000 7595 2531.425590 81.005619
24.004855 2500.000000 7407 2468.492387 78.991756
24.006663 2500.000000 7671 2556.660451 81.813134
24.004555 2500.000000 7429 2476.307925 79.241854
24.005212 2500.000000 7577 2525.579610 80.818548
24.008094 2500.000000 7512 2501.412083 80.045187
24.010142 2500.000000 7317 2437.348177 77.995142
24.005163 2500.000000 7461 2486.857221 79.579431
24.008490 2500.000000 7430 2476.615985 79.251712
24.005339 2500.000000 7513 2502.138295 80.068425
27.005197 2500.000000 7522 2506.074603 80.194387
27.003630 2500.000000 7389 2461.372607 78.763923
27.002164 2500.000000 7565 2521.543672 80.689398
27.001598 2500.000000 7482 2493.949025 79.806369
27.003508 2500.000000 7690 2562.210984 81.990751
27.002745 2500.000000 7521 2506.691707 80.214135
27.002931 2500.000000 7522 2506.738180 80.215622
27.002999 2500.000000 7608 2535.789008 81.145248
27.003576 2500.000000 7489 2495.491021 79.855713
27.002336 2500.000000 7586 2528.479691 80.911350
27.003014 2500.000000 7407 2468.534385 78.993100
27.002078 2500.000000 7519 2506.214751 80.198872
27.003057 2500.000000 7430 2476.594828 79.251034
27.003142 2500.000000 7290 2429.980414 77.759373
27.003224 2500.000000 7495 2498.298082 79.945539
27.002688 2500.000000 7637 2545.071667 81.442293
27.005301 2500.000000 7544 2513.985458 80.447535
27.004105 2500.000000 7608 2535.204548 81.126546
27.005296 2500.000000 7290 2429.117352 77.731755
27.004332 2500.000000 7627 2541.971635 81.343092
27.004599 2500.000000 7361 2453.630695 78.516182
27.004725 2500.000000 7550 2516.464396 80.526861
27.007321 2500.000000 7598 2530.915628 80.989300
27.005455 2500.000000 7536 2511.796495 80.377488
27.004511 2500.000000 7286 2428.454181 77.710534
27.005148 2500.000000 7441 2480.090516 79.362897
27.006766 2500.000000 7591 2530.245958 80.967871
27.008218 2500.000000 7372 2457.231812 78.631418
27.008527 2500.000000 7464 2487.970073 79.615042
27.010904 2500.000000 7503 2500.365149 80.011685
27.005731 2500.000000 7614 2537.519444 81.200622
27.005903 2500.000000 7597 2531.857213 81.019431
30.002651 2500.000000 7515 2504.593100 80.146979
#type       avg     std     min     5th    10th    90th    95th    99th
read      204.0   183.9    49.8    97.0   111.1   303.3   341.0   421.3
update    206.3   179.1    54.8    99.9   114.5   304.2   342.9   424.0
op_q        1.6     0.9     1.0     1.0     1.0     2.9     3.1     4.1

Total QPS = 159889.8 (4796695 / 30.0s)

Misses = 0 (0.0%)
Skipped TXs = 0 (0.0%)

RX  830905387 bytes :   26.4 MB/s
TX  531071546 bytes :   16.9 MB/s
