3.015815 62.500000 170 56.369500 1.803824
3.020134 62.500000 167 55.295554 1.769458
3.004422 62.500000 194 64.571485 2.066288
3.001540 62.500000 172 57.303915 1.833725
3.009219 62.500000 169 56.160754 1.797144
3.104096 62.500000 170 54.766351 1.752523
3.001895 62.500000 189 62.960224 2.014727
3.058145 62.500000 177 57.878228 1.852103
3.015981 62.500000 165 54.708569 1.750674
3.006009 62.500000 191 63.539405 2.033261
3.023665 62.500000 186 61.514758 1.968472
3.021684 62.500000 169 55.929070 1.789730
3.015131 62.500000 173 57.377275 1.836073
3.023103 62.500000 188 62.187754 1.990008
3.085362 62.500000 173 56.071218 1.794279
3.011998 62.500000 192 63.745068 2.039842
3.000829 62.500000 165 54.984808 1.759514
3.060339 62.500000 211 68.946621 2.206292
3.000684 62.500000 228 75.982676 2.431446
3.005667 62.500000 168 55.894410 1.788621
3.023672 62.500000 199 65.814019 2.106049
3.006198 62.500000 216 71.851557 2.299250
3.026908 62.500000 147 48.564406 1.554061
3.022983 62.500000 164 54.251053 1.736034
3.049005 62.500000 178 58.379705 1.868151
3.064186 62.500000 199 64.943830 2.078203
3.028272 62.500000 194 64.062942 2.050014
3.003213 62.500000 186 61.933674 1.981878
3.007290 62.500000 192 63.844862 2.043036
3.006618 62.500000 198 65.854723 2.107351
3.021882 62.500000 186 61.551042 1.969633
6.041873 62.500000 162 53.334192 1.706694
6.017103 62.500000 175 58.018593 1.856595
6.015446 62.500000 173 57.400592 1.836819
6.009312 62.500000 163 54.177515 1.733680
6.033800 62.500000 175 58.136917 1.860381
6.006788 62.500000 184 61.317405 1.962157
6.132372 62.500000 155 49.723457 1.591151
6.028806 62.500000 188 62.547759 2.001528
6.005579 62.500000 208 69.248310 2.215946
6.022160 62.500000 176 58.345908 1.867069
6.051602 62.500000 208 68.309068 2.185890
6.081141 62.500000 158 51.547055 1.649506
6.027089 62.500000 164 54.393050 1.740578
6.016823 62.500000 181 60.313079 1.930019
6.058840 62.500000 188 61.586001 1.970752
6.028770 62.500000 152 50.521233 1.616679
6.027423 62.500000 211 70.199043 2.246369
6.010389 62.500000 210 69.972697 2.239126
6.065690 62.500000 197 65.501926 2.096062
6.052185 62.500000 148 48.868862 1.563804
6.006626 62.500000 180 59.931803 1.917818
6.071100 62.500000 199 65.370393 2.091853
6.009500 62.500000 184 61.288188 1.961222
6.036650 62.500000 185 61.387010 1.964384
6.047492 62.500000 175 57.961985 1.854784
6.083379 62.500000 178 58.881119 1.884196
6.054355 62.500000 182 60.558667 1.937877
6.116140 62.500000 228 74.706241 2.390600
6.085741 62.500000 171 56.992799 1.823770
6.119280 62.500000 206 68.320856 2.186267
6.028950 62.500000 211 70.168033 2.245377
9.030511 62.500000 192 63.963650 2.046837
9.014960 62.500000 195 64.881896 2.076221
9.067064 62.500000 205 67.042731 2.145367
9.012796 62.500000 203 67.531412 2.161005
9.053885 62.500000 179 59.428721 1.901719
9.070790 62.500000 161 52.810601 1.689939
9.021401 62.500000 189 62.904000 2.012928
9.024060 62.500000 180 59.861188 1.915558
9.046477 62.500000 170 56.086536 1.794769
9.057818 62.500000 194 63.559902 2.033917
9.036058 62.500000 197 65.109582 2.083507
9.075914 62.500000 199 65.860039 2.107521
9.082528 62.500000 188 61.563502 1.970032
9.034548 62.500000 220 73.159595 2.341107
9.038640 62.500000 184 61.234544 1.959505
9.038807 62.500000 198 65.299543 2.089585
9.039973 62.500000 193 64.058231 2.049863
9.122628 62.500000 193 62.857381 2.011436
9.059329 62.500000 206 68.655479 2.196975
9.106567 62.500000 186 61.166562 1.957330
9.077768 62.500000 180 59.866926 1.915742
9.054340 62.500000 228 75.554477 2.417743
9.057634 62.500000 192 63.784373 2.041100
9.093006 62.500000 198 65.739999 2.103680
9.098726 62.500000 192 63.674264 2.037576
9.087752 62.500000 211 70.286209 2.249159
9.136311 62.500000 192 63.638725 2.036439
9.052357 62.500000 200 66.649896 2.132797
9.167222 62.500000 204 67.219129 2.151012
9.117638 62.500000 193 64.301222 2.057639
9.042553 62.500000 161 53.424408 1.709581
12.099418 125.000000 270 89.979241 2.879336
12.024649 125.000000 307 101.930627 3.261780
12.028930 125.000000 325 108.157755 3.461048
12.025410 125.000000 323 107.522991 3.440736
12.033090 125.000000 333 110.904679 3.548950
12.060588 125.000000 319 106.096282 3.395081
12.052386 125.000000 303 100.801457 3.225647
12.057275 125.000000 317 104.924590 3.357587
12.042968 125.000000 321 106.700524 3.414417
12.039947 125.000000 328 109.285731 3.497143
12.039999 125.000000 313 104.332429 3.338638
12.051379 125.000000 329 108.351349 3.467243
12.074437 125.000000 324 107.458812 3.438682
12.078925 125.000000 289 96.072820 3.074330
12.071173 125.000000 312 103.857735 3.323448
12.090709 125.000000 335 110.455637 3.534580
12.091100 125.000000 291 96.723621 3.095156
12.093866 125.000000 307 102.304010 3.273728
12.039526 125.000000 333 110.973404 3.551149
12.055332 125.000000 293 97.634369 3.124300
12.075087 125.000000 326 108.038139 3.457220
12.108655 125.000000 346 115.253114 3.688100
12.082828 125.000000 316 105.155984 3.364991
12.096501 125.000000 324 107.685963 3.445951
12.089603 125.000000 354 117.463997 3.758848
12.057497 125.000000 295 98.165129 3.141284
12.129157 125.000000 315 104.771974 3.352703
12.147551 125.000000 340 112.910308 3.613130
12.128483 125.000000 297 98.643403 3.156589
12.168085 125.000000 350 116.633127 3.732260
12.055006 125.000000 315 104.565944 3.346110
3.017766 62.500000 181 59.978140 1.919300
15.030564 125.000000 401 133.437400 4.269997
15.024815 125.000000 407 135.659171 4.341093
15.099490 125.000000 369 121.302060 3.881666
15.079467 125.000000 378 124.872768 3.995929
15.046257 125.000000 380 126.113151 4.035621
15.029722 125.000000 395 131.631944 4.212222
15.072610 125.000000 371 122.336786 3.914777
15.041410 125.000000 357 118.941973 3.806143
15.046421 125.000000 393 130.849383 4.187180
15.068663 125.000000 377 125.329293 4.010537
15.071303 125.000000 409 136.327441 4.362478
15.057461 125.000000 379 126.325522 4.042417
15.093606 125.000000 336 111.288898 3.561245
15.071396 125.000000 351 116.376857 3.724059
15.081403 125.000000 350 116.570401 3.730253
15.092031 125.000000 343 114.297865 3.657532
15.099959 125.000000 414 137.720315 4.407050
15.043354 125.000000 373 124.174883 3.973596
15.100876 125.000000 375 124.532071 3.985026
15.109482 125.000000 430 142.854099 4.571331
15.053611 125.000000 367 122.242385 3.911756
15.093265 125.000000 407 135.551193 4.337638
15.083205 125.000000 366 121.984678 3.903510
15.106768 125.000000 373 123.909297 3.965097
15.091994 125.000000 338 112.035276 3.585129
15.112475 125.000000 346 115.186667 3.685973
15.136509 125.000000 404 134.337479 4.298799
15.180258 125.000000 370 122.003228 3.904103
15.130540 125.000000 346 115.254328 3.688139
15.168331 125.000000 378 125.989672 4.031669
15.074342 125.000000 403 133.473076 4.271138
6.054899 62.500000 206 67.827138 2.170468
18.046517 125.000000 413 136.677902 4.373693
18.094717 125.000000 356 118.213034 3.782817
18.032747 125.000000 437 145.560782 4.657945
18.032532 125.000000 380 126.548124 4.049540
18.050877 125.000000 370 123.143692 3.940598
18.041650 125.000000 392 130.656227 4.180999
18.058466 125.000000 402 133.955099 4.286563
18.062117 125.000000 355 117.717447 3.766958
18.081706 125.000000 383 127.114018 4.067649
18.119538 125.000000 372 123.233405 3.943469
18.087499 125.000000 415 137.963950 4.414846
18.081047 125.000000 378 125.592068 4.018946
18.090048 125.000000 386 128.296928 4.105502
18.103441 125.000000 338 112.239790 3.591673
18.058206 125.000000 385 127.701122 4.086436
18.076434 125.000000 351 116.851072 3.739234
18.118450 125.000000 340 112.639039 3.604449
18.057324 125.000000 378 125.844237 4.027016
18.127347 125.000000 357 117.663278 3.765225
18.094674 125.000000 375 124.955537 3.998577
18.116646 125.000000 352 117.170427 3.749454
18.073993 125.000000 399 132.884977 4.252319
18.113525 125.000000 350 116.509671 3.728309
18.103342 125.000000 391 129.842158 4.154949
18.107496 125.000000 365 121.637131 3.892388
18.146469 125.000000 390 129.569818 4.146234
18.117994 125.000000 350 115.951468 3.710447
18.178002 125.000000 385 127.920942 4.093470
18.134619 125.000000 401 133.485177 4.271526
18.197448 125.000000 383 126.939279 4.062057
18.076171 125.000000 350 116.595591 3.731059
9.065218 62.500000 179 59.462135 1.902788
21.040762 125.000000 389 129.321145 4.138277
21.033720 125.000000 336 111.955674 3.582582
21.051863 125.000000 360 119.592870 3.826972
21.061849 125.000000 401 132.987021 4.255585
21.059138 125.000000 376 124.989159 3.999653
21.071910 125.000000 403 133.896228 4.284679
21.060599 125.000000 392 130.573824 4.178362
21.083030 125.000000 365 121.613015 3.891616
21.101273 125.000000 342 113.478965 3.631327
21.083657 125.000000 388 129.220890 4.135068
21.094412 125.000000 338 112.503008 3.600096
21.106769 125.000000 340 113.207730 3.622647
21.115583 125.000000 371 123.334183 3.946694
21.098066 125.000000 356 117.817120 3.770148
21.061439 125.000000 405 134.854667 4.315349
21.102533 125.000000 350 115.567228 3.698151
21.095279 125.000000 384 127.974165 4.095173
21.159851 125.000000 364 118.754993 3.800160
21.126485 125.000000 338 110.127826 3.524090
21.116109 125.000000 370 123.227157 3.943269
21.116816 125.000000 371 123.659670 3.957109
21.118911 125.000000 391 130.313341 4.170027
21.130459 125.000000 348 115.879782 3.708153
21.154803 125.000000 377 123.547400 3.953517
21.170279 125.000000 372 123.023618 3.936756
21.125224 125.000000 384 127.757851 4.088251
21.135862 125.000000 378 125.947794 4.030329
21.185628 125.000000 346 115.040912 3.681309
21.124861 125.000000 414 137.684839 4.405915
21.246887 125.000000 352 115.431093 3.693795
21.090295 125.000000 424 140.671029 4.501473
12.073687 125.000000 292 97.059333 3.105899
24.080828 125.000000 387 128.617685 4.115766
24.088622 125.000000 382 126.094083 4.035011
24.058668 125.000000 350 115.974450 3.711182
24.034387 125.000000 381 126.971750 4.063096
24.051997 125.000000 362 120.661277 3.861161
24.067299 125.000000 362 120.447874 3.854332
24.092198 125.000000 382 126.971862 4.063100
24.090977 125.000000 417 138.632739 4.436248
24.064623 125.000000 383 127.495692 4.079862
24.246329 125.000000 352 114.432460 3.661839
24.094422 125.000000 403 134.332903 4.298653
24.105490 125.000000 366 121.828760 3.898520
24.103727 125.000000 383 127.308192 4.073862
24.112856 125.000000 367 122.085614 3.906740
24.098819 125.000000 385 128.301125 4.105636
24.132561 125.000000 395 131.345422 4.203054
24.064530 125.000000 377 125.537339 4.017195
24.119531 125.000000 347 115.642762 3.700568
24.124400 125.000000 388 129.007177 4.128230
24.128816 125.000000 328 108.853190 3.483302
24.127194 125.000000 329 109.262959 3.496415
24.113113 125.000000 384 127.550169 4.081605
24.131639 125.000000 383 127.616481 4.083727
24.161078 125.000000 410 136.610814 4.371546
24.176982 125.000000 331 108.841483 3.482927
24.133420 125.000000 376 125.044246 4.001416
24.192007 125.000000 373 124.069546 3.970225
24.156849 125.000000 399 132.909354 4.253099
24.133404 125.000000 339 112.679135 3.605732
24.248162 125.000000 365 121.614956 3.891679
24.101602 125.000000 396 131.504373 4.208140
15.088724 125.000000 328 108.788024 3.481217
27.069925 125.000000 367 122.117489 3.907760
27.045709 125.000000 369 122.537552 3.921202
27.060982 125.000000 344 114.578303 3.666506
27.062734 125.000000 359 119.239919 3.815677
27.073590 125.000000 363 120.746783 3.863897
27.100095 125.000000 379 125.950562 4.030418
27.133354 125.000000 348 115.212814 3.686810
27.096847 125.000000 382 127.230496 4.071376
27.100564 125.000000 397 131.808615 4.217876
27.089431 125.000000 327 108.688324 3.478026
27.092615 125.000000 353 117.650313 3.764810
27.108363 125.000000 381 126.878485 4.060112
27.127148 125.000000 422 140.310398 4.489933
27.105613 125.000000 353 117.592742 3.762968
27.071205 125.000000 413 137.361046 4.395553
27.103159 125.000000 393 130.810770 4.185945
27.132162 125.000000 411 136.646480 4.372687
27.148300 125.000000 365 120.816684 3.866134
27.121785 125.000000 308 102.370755 3.275864
27.142270 125.000000 368 122.233522 3.911473
27.133503 125.000000 324 107.831544 3.450609
27.135307 125.000000 361 120.223316 3.847146
27.164261 125.000000 390 129.862195 4.155590
27.143047 125.000000 413 137.226320 4.391242
27.201245 125.000000 362 120.296215 3.849479
27.165641 125.000000 410 136.267285 4.360553
27.135302 125.000000 401 133.582143 4.274629
27.177780 125.000000 371 123.633791 3.956281
27.258275 125.000000 432 143.516233 4.592519
27.249577 125.000000 409 136.185897 4.357949
27.102736 125.000000 383 127.618427 4.083790
18.094445 125.000000 380 126.425595 4.045619
#type       avg     std     min     5th    10th    90th    95th    99th
read       62.8    10.1    41.1    51.8    54.0    74.0    78.9    93.4
update     66.6    11.3    45.3    55.3    56.4    78.7    84.3    99.6
op_q        1.0     0.0     1.0     1.0     1.0     1.1     1.1     1.1

Total QPS = 132886.0 (3986579 / 30.0s)

Misses = 0 (0.0%)
Skipped TXs = 0 (0.0%)

RX  686947796 bytes :   21.8 MB/s
TX  440761417 bytes :   14.0 MB/s
