3.017215 62.500000 185 61.314823 1.962074
3.012748 62.500000 168 55.763051 1.784418
3.019224 62.500000 196 64.917338 2.077355
3.103766 62.500000 211 67.981919 2.175421
3.013541 62.500000 192 63.712417 2.038797
3.058145 62.500000 177 57.878228 1.852103
3.004257 62.500000 174 57.917811 1.853370
3.018345 62.500000 190 62.948407 2.014349
3.001244 62.500000 188 62.640684 2.004502
3.021684 62.500000 169 55.929070 1.789730
3.006680 62.500000 209 69.511877 2.224380
3.015131 62.500000 173 57.377275 1.836073
3.104310 62.500000 183 58.950294 1.886409
3.035222 62.500000 175 57.656416 1.845005
3.007688 62.500000 188 62.506489 2.000208
3.001694 62.500000 194 64.630162 2.068165
3.002003 62.500000 177 58.960640 1.886740
3.009126 62.500000 166 55.165512 1.765296
3.030994 62.500000 162 53.447804 1.710330
3.022912 62.500000 192 63.514919 2.032477
3.023077 62.500000 192 63.511444 2.032366
3.022983 62.500000 164 54.251053 1.736034
3.016550 62.500000 184 60.996838 1.951899
3.006559 62.500000 152 50.556134 1.617796
3.001749 62.500000 178 59.298770 1.897561
3.028272 62.500000 194 64.062942 2.050014
3.055270 62.500000 178 58.259983 1.864319
3.009980 62.500000 188 62.458890 1.998684
3.010845 62.500000 207 68.751453 2.200047
3.025775 62.500000 190 62.793840 2.009403
3.021882 62.500000 186 61.551042 1.969633
6.040875 62.500000 159 52.316741 1.674136
6.005728 62.500000 222 73.889576 2.364466
6.036768 62.500000 183 60.296147 1.929477
6.018390 62.500000 156 51.797819 1.657530
6.014422 62.500000 195 64.780507 2.072976
6.132198 62.500000 145 46.549208 1.489575
6.009421 62.500000 205 68.293876 2.185404
6.028058 62.500000 202 67.044428 2.145422
6.006267 62.500000 211 70.233507 2.247472
6.050313 62.500000 164 54.393050 1.740578
6.014939 62.500000 170 56.557089 1.809827
6.026481 62.500000 188 62.566635 2.002132
6.021384 62.500000 152 50.521233 1.616679
6.029654 62.500000 206 68.299833 2.185595
6.036467 62.500000 196 64.941051 2.078114
6.110425 62.500000 177 57.427382 1.837676
6.020395 62.500000 210 69.972697 2.239126
6.014264 62.500000 163 54.194137 1.734212
6.093038 62.500000 176 57.326639 1.834452
6.075186 62.500000 199 65.370393 2.091853
6.070581 62.500000 220 73.030580 2.336979
6.025080 62.500000 174 57.961308 1.854762
6.043408 62.500000 191 63.101730 2.019255
6.013844 62.500000 184 61.254441 1.960142
6.036650 62.500000 185 61.387010 1.964384
6.046110 62.500000 179 58.973436 1.887150
6.089944 62.500000 174 57.337310 1.834794
6.111278 62.500000 185 61.512646 1.968405
6.039937 62.500000 141 46.779160 1.496933
6.104770 62.500000 167 55.658145 1.781061
6.025560 62.500000 186 61.924087 1.981571
9.019305 62.500000 195 64.881896 2.076221
9.065938 62.500000 192 63.235192 2.023526
9.054048 62.500000 187 61.345256 1.963048
9.032075 62.500000 180 59.919779 1.917433
9.039149 62.500000 169 55.882368 1.788236
9.076760 62.500000 195 63.573017 2.034337
9.046063 62.500000 197 65.109582 2.083507
9.035786 62.500000 202 67.125141 2.148005
9.050143 62.500000 196 64.391590 2.060531
9.018916 62.500000 202 67.232619 2.151444
9.041594 62.500000 188 62.185693 1.989942
9.083232 62.500000 202 66.306394 2.121805
9.059230 62.500000 200 66.316911 2.122141
9.029777 62.500000 213 70.634761 2.260312
9.075141 62.500000 188 61.563502 1.970032
9.115386 62.500000 184 59.541018 1.905313
9.040188 62.500000 195 64.919473 2.077423
9.045272 62.500000 192 63.906320 2.045002
9.063196 62.500000 193 64.058231 2.049863
9.124982 62.500000 189 62.578376 2.002508
9.073567 62.500000 160 53.280306 1.704970
9.054340 62.500000 228 75.554477 2.417743
9.065572 62.500000 220 72.860680 2.331542
9.142007 62.500000 194 63.628050 2.036098
9.080957 62.500000 170 56.557878 1.809852
9.056902 62.500000 196 64.965964 2.078911
9.135982 62.500000 204 67.444627 2.158228
9.111256 62.500000 199 65.865421 2.107693
9.167048 62.500000 204 67.219129 2.151012
9.123031 62.500000 168 55.765678 1.784502
9.061522 62.500000 183 60.277435 1.928878
12.068987 62.500000 193 63.629135 2.036132
12.068037 62.500000 178 58.377475 1.868079
12.042476 62.500000 219 72.978541 2.335313
12.056051 62.500000 195 64.484645 2.063509
12.064013 62.500000 168 55.984761 1.791512
12.056223 62.500000 179 59.623437 1.907950
12.063443 62.500000 183 60.730746 1.943384
12.070319 62.500000 183 60.494935 1.935838
12.033586 62.500000 196 65.250487 2.088016
12.062963 62.500000 216 71.432950 2.285854
12.047791 62.500000 175 58.299748 1.865592
12.022525 62.500000 176 58.603765 1.875320
12.050111 62.500000 203 67.443579 2.158195
12.063124 62.500000 183 60.920926 1.949470
12.090896 62.500000 204 67.438964 2.158047
12.108386 62.500000 198 65.311497 2.089968
12.105896 62.500000 192 63.350551 2.027218
12.084615 62.500000 244 81.034901 2.593117
12.069297 62.500000 170 56.385550 1.804338
12.094421 62.500000 180 59.731915 1.911421
12.111376 62.500000 197 64.495539 2.063857
12.084898 62.500000 178 59.300400 1.897613
12.078502 62.500000 196 65.052948 2.081694
12.135459 62.500000 191 63.243518 2.023793
12.129454 62.500000 177 58.912189 1.885190
12.166348 62.500000 194 64.018657 2.048597
12.143321 62.500000 195 64.312594 2.058003
12.127611 62.500000 180 59.908533 1.917073
12.183647 62.500000 201 66.631343 2.132203
12.144673 62.500000 154 51.287772 1.641209
12.071557 62.500000 186 61.793300 1.977386
3.021810 62.500000 177 58.574159 1.874373
15.172852 62.500000 184 59.186077 1.893954
15.168740 62.500000 209 67.016641 2.144533
15.045799 62.500000 180 59.933613 1.917876
15.050286 62.500000 189 62.947652 2.014325
15.059079 62.500000 166 55.280713 1.768983
15.068395 62.500000 176 58.560637 1.873940
15.086275 62.500000 179 58.636833 1.876379
15.072370 62.500000 211 69.952810 2.238490
15.070772 62.500000 193 64.274748 2.056792
15.070936 62.500000 204 67.955856 2.174587
15.101849 62.500000 219 72.240759 2.311704
15.079217 62.500000 184 61.012527 1.952401
15.023013 62.500000 209 69.655329 2.228971
15.064137 62.500000 219 72.975368 2.335212
15.089154 62.500000 204 67.897273 2.172713
15.087066 62.500000 200 66.618529 2.131793
15.084341 62.500000 209 69.319047 2.218210
15.103635 62.500000 161 53.439743 1.710072
15.117094 62.500000 187 62.152917 1.988893
15.160458 62.500000 186 61.365795 1.963705
15.140577 62.500000 209 68.870504 2.203856
15.102955 62.500000 206 68.471884 2.191100
15.191745 62.500000 228 75.362026 2.411585
15.087705 62.500000 189 62.807332 2.009835
15.130697 62.500000 163 54.277513 1.736880
15.193877 62.500000 185 61.457092 1.966627
15.142596 62.500000 207 68.836233 2.202759
15.160447 62.500000 198 65.654778 2.100953
15.114013 62.500000 172 57.282994 1.833056
15.145324 62.500000 186 61.958630 1.982676
15.073055 62.500000 189 62.968551 2.014994
6.036817 62.500000 196 65.008143 2.080261
18.102169 62.500000 197 64.736834 2.071579
18.049497 62.500000 194 64.587039 2.066785
18.075755 62.500000 193 63.791772 2.041337
18.072382 62.500000 162 53.928328 1.725707
18.084658 62.500000 160 53.115776 1.699705
18.089774 62.500000 196 63.911075 2.045154
18.112362 62.500000 167 54.905481 1.756975
18.104869 62.500000 204 67.089095 2.146851
18.090726 62.500000 195 64.751595 2.072051
18.077699 62.500000 177 58.867297 1.883754
18.201026 62.500000 180 58.367053 1.867746
18.103945 62.500000 198 65.676195 2.101638
18.186160 62.500000 197 63.871633 2.043892
18.097333 62.500000 187 62.104405 1.987341
18.105116 62.500000 184 60.979420 1.951341
18.123530 62.500000 186 61.591541 1.970929
18.109305 62.500000 189 62.536419 2.001165
18.090988 62.500000 169 56.208789 1.798681
18.163996 62.500000 183 59.783592 1.913075
18.196520 62.500000 183 60.522523 1.936721
18.140992 62.500000 168 55.808475 1.785871
18.144545 62.500000 152 50.633777 1.620281
18.145190 62.500000 182 60.573524 1.938353
18.121456 62.500000 201 66.834184 2.138694
18.171203 62.500000 191 63.614436 2.035662
18.217053 62.500000 186 60.852035 1.947265
18.148741 62.500000 210 69.920369 2.237452
18.165363 62.500000 201 66.890384 2.140492
18.201742 62.500000 222 73.754222 2.360135
18.194045 62.500000 201 66.996245 2.143880
18.104042 62.500000 193 63.675627 2.037620
9.046891 62.500000 197 65.446905 2.094301
21.079843 62.500000 188 62.581379 2.002604
21.066613 62.500000 173 57.339524 1.834865
21.074623 62.500000 197 65.617661 2.099765
21.180858 62.500000 188 62.344667 1.995029
21.095311 62.500000 163 54.250425 1.736014
21.096943 62.500000 217 72.038313 2.305226
21.080903 62.500000 198 65.929590 2.109747
21.092967 62.500000 198 65.929828 2.109755
21.158513 62.500000 155 50.714189 1.622854
21.124139 62.500000 183 60.592145 1.938949
21.164739 62.500000 192 62.593605 2.002995
21.132664 62.500000 212 70.191661 2.246133
21.096189 62.500000 178 59.230655 1.895381
21.125446 62.500000 185 61.627296 1.972073
21.125486 62.500000 166 55.036478 1.761167
21.197996 62.500000 149 48.797240 1.561512
21.114864 62.500000 198 65.780853 2.104987
21.152951 62.500000 185 61.507553 1.968242
21.219565 62.500000 216 71.451142 2.286437
21.120161 62.500000 195 64.675665 2.069621
21.153054 62.500000 176 58.431740 1.869816
21.188325 62.500000 198 65.469059 2.095010
21.213088 62.500000 187 61.778799 1.976922
21.197810 62.500000 198 65.917285 2.109353
21.189477 62.500000 161 53.341744 1.706936
21.137032 62.500000 216 71.628099 2.292099
21.201332 62.500000 193 64.326757 2.058456
21.126307 62.500000 184 60.881502 1.948208
21.185953 62.500000 182 59.923382 1.917548
21.337756 62.500000 168 53.834019 1.722689
21.214407 62.500000 182 60.411617 1.933172
12.076582 62.500000 213 70.304197 2.249734
24.104965 62.500000 205 68.151102 2.180835
24.111280 62.500000 204 67.002422 2.144077
24.084709 62.500000 212 70.577126 2.258468
24.100231 62.500000 195 64.561246 2.065960
24.080734 62.500000 182 60.543325 1.937386
24.101638 62.500000 227 75.507416 2.416237
24.102922 62.500000 196 65.187034 2.085985
24.134174 62.500000 172 57.167022 1.829345
24.134455 62.500000 179 59.631075 1.908194
24.153116 62.500000 199 65.698756 2.102360
24.093542 62.500000 199 66.320625 2.122260
24.124257 62.500000 165 54.828327 1.754506
24.151980 62.500000 218 72.030535 2.304977
24.171304 62.500000 187 62.068685 1.986198
24.129930 62.500000 178 59.140747 1.892504
24.160850 62.500000 182 60.507343 1.936235
24.177805 62.500000 191 63.390579 2.028499
24.206322 62.500000 184 61.231497 1.959408
24.158941 62.500000 188 62.543918 2.001405
24.191358 62.500000 179 59.629267 1.908137
24.206798 62.500000 176 58.307636 1.865844
24.201929 62.500000 184 61.249234 1.959976
24.140033 62.500000 200 66.600058 2.131202
24.189988 62.500000 198 65.799735 2.105592
24.214156 62.500000 172 57.312927 1.834014
24.215468 62.500000 179 59.645589 1.908659
24.202399 62.500000 160 53.255182 1.704166
24.228527 62.500000 185 61.482997 1.967456
24.187505 62.500000 215 71.629609 2.292147
24.142178 62.500000 183 60.678983 1.941727
24.352214 62.500000 163 54.072744 1.730328
15.090374 62.500000 212 70.343277 2.250985
27.134222 62.500000 173 57.229008 1.831328
27.103420 62.500000 195 64.930975 2.077791
27.160068 62.500000 184 59.753189 1.912102
27.135791 62.500000 159 52.460947 1.678750
27.106883 62.500000 184 60.883310 1.948266
27.103192 62.500000 184 61.301589 1.961651
27.206110 62.500000 172 57.253534 1.832113
27.137568 62.500000 186 61.935725 1.981943
27.177730 62.500000 178 59.206516 1.894609
27.135955 62.500000 173 57.632449 1.844238
27.097122 62.500000 177 58.929675 1.885750
27.112337 62.500000 223 74.100763 2.371224
27.331514 62.500000 209 65.756392 2.104205
27.290256 62.500000 178 58.137085 1.860387
27.128005 62.500000 187 62.255560 1.992178
27.173400 62.500000 168 55.766700 1.784534
27.158484 62.500000 176 58.539755 1.873272
27.214710 62.500000 199 66.321093 2.122275
27.203620 62.500000 174 57.148897 1.828765
27.156729 62.500000 183 60.459912 1.934717
27.193486 62.500000 189 62.926633 2.013652
27.216138 62.500000 213 70.768428 2.264590
27.179846 62.500000 184 61.291633 1.961332
27.179514 62.500000 188 61.852652 1.979285
27.213581 62.500000 193 63.860279 2.043529
27.210102 62.500000 199 66.163428 2.117230
27.216719 62.500000 177 58.805531 1.881777
27.235805 62.500000 187 61.913614 1.981236
27.187770 62.500000 191 63.661048 2.037154
27.150955 62.500000 212 70.460527 2.254737
27.352669 62.500000 201 66.989839 2.143675
18.100339 62.500000 195 64.784797 2.073114
30.263352 62.500000 173 56.586957 1.810783
#type       avg     std     min     5th    10th    90th    95th    99th
read       62.9    13.3    37.4    50.8    52.4    75.7    80.1    96.4
update     66.1    10.5    41.1    53.2    55.4    79.0    85.2    99.4
op_q        1.0     0.0     1.0     1.0     1.0     1.1     1.1     1.1

Total QPS = 219905.7 (6597171 / 30.0s)

Misses = 0 (0.0%)
Skipped TXs = 0 (0.0%)

RX 1140452131 bytes :   36.3 MB/s
TX  729826849 bytes :   23.2 MB/s
