3.000682 1944.444444 5705 1901.234556 60.839506
3.000197 1944.444444 5932 1977.203761 63.270520
3.000764 1944.444444 5862 1953.502459 62.512079
3.001251 1944.444444 5669 1888.879048 60.444130
3.001094 1944.444444 5711 1902.972711 60.895127
3.000242 1944.444444 5622 1873.848877 59.963164
3.000063 1944.444444 5641 1880.293840 60.169403
3.000511 1944.444444 5695 1898.009993 60.736320
3.000013 1944.444444 5810 1936.658219 61.973063
3.000134 1944.444444 5854 1951.245915 62.439869
3.000102 1944.444444 5897 1965.600000 62.899200
3.000126 1944.444444 5841 1946.918244 62.301384
3.000733 1944.444444 5922 1973.517609 63.152563
3.000397 1944.444444 5870 1956.407531 62.605041
3.000250 1944.444444 5721 1906.841298 61.018922
3.000057 1944.444444 5770 1923.296993 61.545504
3.000021 1944.444444 5868 1955.986295 62.591561
3.000271 1944.444444 5861 1953.490220 62.511687
3.000092 1944.444444 5882 1960.606626 62.739412
3.001444 1944.444444 5851 1949.395044 62.380641
3.000098 1944.444444 5865 1954.936307 62.557962
3.000506 1944.444444 5768 1922.342294 61.514953
3.000379 1944.444444 5862 1953.752987 62.520096
3.001218 1944.444444 5794 1930.549458 61.777583
3.000185 1944.444444 5823 1940.880188 62.108166
3.000126 1944.444444 5784 1927.919176 61.693414
3.000520 1944.444444 5873 1957.327512 62.634480
3.001499 1944.444444 5972 1989.672265 63.669512
3.000137 1944.444444 5905 1968.243432 62.983790
3.000039 1944.444444 5983 1994.307235 63.817832
3.000216 1944.444444 5860 1953.192691 62.502166
3.000877 1944.444444 5601 1866.454279 59.726537
6.000977 1944.444444 5805 1934.699394 61.910381
6.004466 1944.444444 5878 1956.759625 62.616308
6.000134 1944.444444 5778 1925.973111 61.631140
6.000526 1944.444444 5882 1960.336677 62.730774
6.000574 1944.444444 5826 1941.669494 62.133424
6.000357 1944.444444 5820 1939.930740 62.077784
6.001084 1944.444444 5775 1924.559615 61.585908
6.000563 1944.444444 5839 1946.144157 62.276613
6.001423 1944.444444 5743 1913.433773 61.229881
6.000390 1944.444444 5937 1978.831223 63.322599
6.000174 1944.444444 5585 1861.621566 59.571890
6.000267 1944.444444 5842 1947.316869 62.314140
6.001222 1944.444444 5904 1967.281088 62.952995
6.000142 1944.444444 5914 1971.303950 63.081726
6.000585 1944.444444 5719 1906.086360 60.994764
6.000358 1944.444444 5818 1939.138392 62.052429
6.000641 1944.444444 5915 1971.328201 63.082502
6.003965 1944.444444 5860 1951.251412 62.440045
6.000894 1944.444444 5907 1968.894346 63.004619
6.000890 1944.444444 5921 1973.529974 63.152959
6.002077 1944.444444 5924 1973.633224 63.156263
6.001125 1944.444444 5856 1951.979618 62.463348
6.002154 1944.444444 5843 1947.205885 62.310588
6.001585 1944.444444 5772 1923.945325 61.566250
6.000853 1944.444444 5905 1967.895157 62.972645
6.001839 1944.444444 5777 1925.289524 61.609265
6.001060 1944.444444 5868 1955.398467 62.572751
6.000546 1944.444444 5863 1954.224748 62.535192
6.003374 1944.444444 5771 1921.530545 61.488977
6.001245 1944.444444 5785 1928.316315 61.706122
6.000462 1944.444444 5709 1902.844179 60.891014
6.001045 1944.444444 5759 1919.559033 61.425889
9.000139 1944.444444 5674 1891.330279 60.522569
9.002245 1944.444444 5853 1949.921258 62.397480
9.000486 1944.444444 5709 1902.802578 60.889682
9.001096 1944.444444 5740 1912.862874 61.211612
9.000665 1944.444444 5898 1965.657521 62.901041
9.000275 1944.444444 6029 2009.661474 64.309167
9.001289 1944.444444 6028 2009.069165 64.290213
9.000785 1944.444444 5850 1949.855426 62.395374
9.000898 1944.444444 6003 2000.783409 64.025069
9.000998 1944.444444 5652 1883.932199 60.285830
9.000479 1944.444444 5795 1931.609801 61.811514
9.000671 1944.444444 5958 1985.903774 63.548921
9.001074 1944.444444 5902 1967.049278 62.945577
9.001726 1944.444444 5872 1956.844956 62.619039
9.001159 1944.444444 5959 1986.283587 63.561075
9.002345 1944.444444 5868 1955.205424 62.566574
9.000682 1944.444444 5784 1927.912556 61.693202
9.002172 1944.444444 5736 1911.522926 61.168734
9.002058 1944.444444 5901 1966.856465 62.939407
9.000413 1944.444444 5799 1932.963842 61.854843
9.002085 1944.444444 5898 1965.672102 62.901507
9.000899 1944.444444 5791 1930.303973 61.769727
9.001641 1944.444444 5879 1959.407747 62.701048
9.002938 1944.444444 5922 1973.484027 63.151489
9.003085 1944.444444 5972 1989.997898 63.679933
9.003725 1944.444444 5700 1898.415962 60.749311
9.002116 1944.444444 5794 1930.653566 61.780914
9.008405 1944.444444 5821 1937.789114 62.009252
9.004353 1944.444444 5834 1944.415498 62.221296
9.004182 1944.444444 5820 1939.477522 62.063281
9.000850 1944.444444 5845 1948.081460 62.338607
9.004672 1944.444444 5758 1917.016010 61.344512
12.001992 1944.444444 5910 1969.282373 63.017036
12.000762 1944.444444 5942 1980.606617 63.379412
12.001411 1944.444444 5786 1928.504380 61.712140
12.000569 1944.444444 5905 1968.050775 62.977625
12.000517 1944.444444 5931 1976.974593 63.263187
12.000452 1944.444444 6015 2004.881545 64.156209
12.000936 1944.444444 5930 1976.488247 63.247624
12.001396 1944.444444 5990 1996.060806 63.873946
12.000918 1944.444444 5730 1909.915406 61.117293
12.002252 1944.444444 5810 1936.615325 61.971690
12.001784 1944.444444 5817 1938.114000 62.019648
12.001286 1944.444444 5763 1920.815491 61.466096
12.001326 1944.444444 5708 1902.520662 60.880661
12.002491 1944.444444 5768 1922.176617 61.509652
12.001689 1944.444444 5752 1917.077345 61.346475
12.001564 1944.444444 5761 1920.019625 61.440628
12.002243 1944.444444 5823 1940.879695 62.108150
12.002094 1944.444444 5788 1928.425913 61.709629
12.002300 1944.444444 5749 1916.298244 61.321544
12.002093 1944.444444 5800 1932.564149 61.842053
12.001712 1944.444444 5869 1956.287122 62.601188
12.002750 1944.444444 5747 1915.407562 61.293042
12.002219 1944.444444 5780 1926.600380 61.651212
12.004139 1944.444444 5858 1951.885488 62.460336
12.002667 1944.444444 5778 1925.626309 61.620042
12.003099 1944.444444 5848 1949.324188 62.378374
12.003917 1944.444444 5894 1964.540924 62.865310
12.004722 1944.444444 5976 1991.754501 63.736144
12.000893 1944.444444 5902 1967.304872 62.953756
12.004201 1944.444444 5811 1936.987918 61.983613
12.008684 1944.444444 5754 1917.821428 61.370286
12.006843 1944.444444 5904 1966.576524 62.930449
15.000764 1944.444444 5809 1936.207850 61.958651
15.001300 1944.444444 5895 1964.487366 62.863596
15.000897 1944.444444 5951 1983.372648 63.467925
15.001190 1944.444444 5672 1890.397382 60.492716
15.001846 1944.444444 5852 1950.564621 62.418068
15.001130 1944.444444 5827 1942.196259 62.150280
15.001424 1944.444444 5782 1927.325352 61.674411
15.001826 1944.444444 5861 1953.315219 62.506087
15.001673 1944.444444 5870 1956.186172 62.597957
15.001439 1944.444444 5700 1899.928751 60.797720
15.002217 1944.444444 5916 1971.852035 63.099265
15.004248 1944.444444 5728 1908.380787 61.068185
15.001776 1944.444444 5911 1970.084157 63.042693
15.003359 1944.444444 5655 1884.334970 60.298719
15.002459 1944.444444 5911 1970.197177 63.046310
15.002126 1944.444444 5809 1935.971088 61.951075
15.002794 1944.444444 5768 1921.973168 61.503141
15.003568 1944.444444 5771 1922.817576 61.530162
15.002097 1944.444444 5921 1973.664768 63.157273
15.002057 1944.444444 5751 1916.825926 61.338430
15.002578 1944.444444 5758 1919.277316 61.416874
15.003079 1944.444444 5856 1951.358277 62.443465
15.002394 1944.444444 5920 1973.218519 63.142993
15.003366 1944.444444 5686 1895.164857 60.645275
15.004469 1944.444444 5869 1956.117796 62.595769
15.005480 1944.444444 5903 1965.823721 62.906359
15.003965 1944.444444 5607 1868.970282 59.807049
15.006301 1944.444444 5846 1947.641909 62.324541
15.001306 1944.444444 5826 1941.732678 62.135446
15.004827 1944.444444 5874 1957.591860 62.642940
15.008931 1944.444444 5857 1952.172507 62.469520
15.007986 1944.444444 5834 1943.926459 62.205647
18.000868 1944.444444 5848 1949.265497 62.376496
18.001159 1944.444444 5817 1938.830668 62.042581
18.002023 1944.444444 5821 1939.955425 62.078574
18.002779 1944.444444 5815 1937.618934 62.003806
18.001552 1944.444444 5984 1994.426127 63.821636
18.004415 1944.444444 5832 1942.690958 62.166111
18.001202 1944.444444 5999 1999.618284 63.987785
18.001411 1944.444444 5776 1925.262397 61.608397
18.001591 1944.444444 5930 1976.556755 63.249816
18.002624 1944.444444 5779 1925.833888 61.626684
18.002508 1944.444444 5847 1948.810809 62.361946
18.004756 1944.444444 5855 1949.729759 62.391352
18.002516 1944.444444 5749 1915.892695 61.308566
18.003001 1944.444444 5897 1965.311615 62.889972
18.003503 1944.444444 5762 1920.075022 61.442401
18.004258 1944.444444 5897 1965.077405 62.882477
18.002321 1944.444444 5782 1927.189243 61.670056
18.002917 1944.444444 5841 1946.486918 62.287581
18.004388 1944.444444 5757 1917.509892 61.360317
18.003170 1944.444444 5870 1956.607743 62.611448
18.004505 1944.444444 5797 1931.730175 61.815366
18.003266 1944.444444 5885 1961.358489 62.763472
18.003817 1944.444444 5914 1971.036963 63.073183
18.005543 1944.444444 6041 2012.797303 64.409514
18.005494 1944.444444 5793 1930.340578 61.770898
18.004148 1944.444444 5696 1898.550865 60.753628
18.005005 1944.444444 5779 1926.218811 61.639002
18.001950 1944.444444 5867 1955.247201 62.567910
18.007548 1944.444444 5795 1930.863823 61.787642
18.005721 1944.444444 5819 1939.510342 62.064331
18.009809 1944.444444 5826 1941.431576 62.125810
18.008058 1944.444444 5732 1910.620717 61.139863
21.000956 1944.444444 5865 1954.942592 62.558163
21.002193 1944.444444 5984 1994.553934 63.825726
21.001322 1944.444444 5807 1935.561346 61.937963
21.002721 1944.444444 5911 1969.472994 63.023136
21.001413 1944.444444 5920 1973.194468 63.142223
21.001916 1944.444444 5920 1973.093499 63.138992
21.002729 1944.444444 5860 1953.189715 62.502071
21.001769 1944.444444 5957 1985.548493 63.537552
21.003180 1944.444444 5687 1895.315720 60.650103
21.003188 1944.444444 5772 1923.568836 61.554203
21.003126 1944.444444 6066 2021.858674 64.699478
21.003172 1944.444444 6036 2011.885682 64.380342
21.003681 1944.444444 5893 1964.216346 62.854923
21.002864 1944.444444 5960 1986.610085 63.571523
21.003181 1944.444444 5741 1913.118374 61.219788
21.005064 1944.444444 5857 1951.163910 62.437245
21.003954 1944.444444 5927 1975.576842 63.218459
21.005088 1944.444444 5779 1925.800928 61.625630
21.005021 1944.444444 5714 1904.112300 60.931594
21.003622 1944.444444 5796 1931.708924 61.814686
21.005797 1944.444444 5743 1914.171386 61.253484
21.004975 1944.444444 5896 1965.025457 62.880815
21.007393 1944.444444 5805 1933.300318 61.865610
21.005496 1944.444444 5796 1931.286856 61.801179
21.005553 1944.444444 5707 1902.296401 60.873485
21.004541 1944.444444 5858 1952.584852 62.482715
21.006080 1944.444444 5797 1932.102610 61.827284
21.007477 1944.444444 5879 1958.053026 62.657697
21.002003 1944.444444 5714 1904.633033 60.948257
21.008286 1944.444444 5702 1900.199595 60.806387
21.010894 1944.444444 5831 1942.963921 62.174845
21.008072 1944.444444 5841 1946.990570 62.303698
24.001047 1944.444444 5738 1912.608516 61.203473
24.001862 1944.444444 5972 1990.604805 63.699354
24.001978 1944.444444 5846 1948.240798 62.343706
24.001894 1944.444444 5904 1967.684457 62.965903
24.005054 1944.444444 5794 1930.093132 61.762980
24.001955 1944.444444 5837 1945.641723 62.260535
24.003154 1944.444444 5692 1896.725917 60.695229
24.002931 1944.444444 5899 1966.200694 62.918422
24.002966 1944.444444 5859 1952.934075 62.493890
24.003959 1944.444444 5714 1904.177134 60.933668
24.002769 1944.444444 5843 1947.635398 62.324333
24.003384 1944.444444 5888 1962.527808 62.800890
24.004317 1944.444444 5883 1960.256839 62.728219
24.006971 1944.444444 5668 1888.132857 60.420251
24.006887 1944.444444 5782 1926.440103 61.646083
24.005883 1944.444444 5794 1929.595452 61.747054
24.003946 1944.444444 5938 1979.158841 63.333083
24.005107 1944.444444 5870 1956.654037 62.612929
24.004180 1944.444444 5836 1945.186407 62.245965
24.003765 1944.444444 5915 1971.572244 63.090312
24.005027 1944.444444 5965 1988.329305 63.626538
24.005083 1944.444444 5879 1959.596356 62.707083
24.006990 1944.444444 5862 1953.223188 62.503142
24.005682 1944.444444 5829 1942.916342 62.173323
24.004742 1944.444444 5785 1928.203985 61.702528
24.002132 1944.444444 5781 1926.916955 61.661343
24.008288 1944.444444 5908 1969.331949 63.018622
24.008088 1944.444444 6078 2025.531025 64.816993
24.006974 1944.444444 5992 1996.737846 63.895611
24.007771 1944.444444 5921 1973.473186 63.151142
24.012324 1944.444444 5933 1976.724829 63.255195
24.011103 1944.444444 5826 1940.039848 62.081275
27.004070 1944.444444 5951 1981.669991 63.413440
27.003084 1944.444444 5818 1938.618460 62.035791
27.001935 1944.444444 5975 1991.639796 63.732473
27.002197 1944.444444 5694 1897.788502 60.729232
27.003711 1944.444444 5861 1952.523410 62.480749
27.003726 1944.444444 5920 1973.107980 63.139455
27.002852 1944.444444 5824 1941.279760 62.120952
27.003323 1944.444444 5811 1936.747208 61.975911
27.004086 1944.444444 6014 2004.043700 64.129398
27.002980 1944.444444 5780 1926.657552 61.653042
27.004752 1944.444444 5866 1954.816529 62.554129
27.005662 1944.444444 5719 1905.243259 60.967784
27.004434 1944.444444 5665 1888.173641 60.421557
27.005414 1944.444444 5908 1969.097266 63.011113
27.004588 1944.444444 5800 1933.158993 61.861088
27.006902 1944.444444 5836 1944.542473 62.225359
27.005477 1944.444444 5949 1982.739591 63.447667
27.003896 1944.444444 5805 1934.915968 61.917311
27.005269 1944.444444 5817 1938.895566 62.044658
27.008329 1944.444444 5802 1931.873866 61.819964
27.004778 1944.444444 6138 2045.975780 65.471225
27.006264 1944.444444 5830 1943.086573 62.178770
27.002687 1944.444444 5930 1976.300702 63.241622
27.007107 1944.444444 5857 1952.257528 62.472241
27.007469 1944.444444 5902 1967.007175 62.944230
27.007188 1944.444444 5799 1932.806320 61.849802
27.009181 1944.444444 5780 1925.250811 61.608026
27.008343 1944.444444 5854 1951.167653 62.437365
27.008404 1944.444444 5895 1964.923694 62.877558
27.007813 1944.444444 5796 1931.973399 61.823149
27.012861 1944.444444 5743 1913.990538 61.247697
27.011913 1944.444444 5831 1943.142100 62.180547
30.004953 1944.444444 5906 1968.097979 62.979135
30.003825 1944.444444 5834 1944.186431 62.213966
#type       avg     std     min     5th    10th    90th    95th    99th
read      258.2   187.1    60.2   117.5   134.9   400.9   461.5   588.0
update    262.6   186.5    66.3   121.1   139.1   404.5   465.6   591.7
op_q        1.6     0.9     1.0     1.0     1.0     2.9     3.1     4.1

Total QPS = 139909.7 (4197292 / 30.0s)

Misses = 0 (0.0%)
Skipped TXs = 0 (0.0%)

RX  720120561 bytes :   22.9 MB/s
TX  464200907 bytes :   14.8 MB/s
