3.001264 2500.000000 7445 2480.621411 79.379885
3.001395 2500.000000 7416 2470.850842 79.067227
3.000266 2500.000000 7639 2546.107600 81.475443
3.000012 2500.000000 7509 2502.990110 80.095684
3.000194 2500.000000 7512 2503.838123 80.122820
3.000874 2500.000000 7609 2535.594738 81.139032
3.000049 2500.000000 7464 2487.959519 79.614705
3.000808 2500.000000 7504 2500.659990 80.021120
3.000242 2500.000000 7426 2475.133870 79.204284
3.000344 2500.000000 7579 2526.044041 80.833409
3.000338 2500.000000 7543 2514.050235 80.449608
3.000004 2500.000000 7682 2560.663374 81.941228
3.000038 2500.000000 7445 2481.635641 79.412340
3.001030 2500.000000 7199 2398.843276 76.762985
3.000229 2500.000000 7472 2490.476301 79.695242
3.000795 2500.000000 7519 2505.669223 80.181415
3.000298 2500.000000 7496 2498.418343 79.949387
3.001102 2500.000000 7416 2471.092491 79.074960
3.001017 2500.000000 7553 2516.813544 80.538033
3.000410 2500.000000 7441 2479.994094 79.359811
3.000096 2500.000000 7342 2447.254973 78.312159
3.000491 2500.000000 7394 2464.263352 78.856427
3.000083 2500.000000 7447 2482.264294 79.432457
3.001605 2500.000000 7407 2467.680120 78.965764
3.000170 2500.000000 7484 2494.524930 79.824798
3.000616 2500.000000 7541 2513.150760 80.420824
3.000078 2500.000000 7276 2425.270189 77.608646
3.000646 2500.000000 7406 2468.135228 78.980327
3.001190 2500.000000 7520 2505.672547 80.181522
3.000142 2500.000000 7441 2480.215770 79.366905
3.000499 2500.000000 7706 2568.239582 82.183667
3.000345 2500.000000 7618 2539.041665 81.249333
6.001109 2500.000000 7286 2427.799883 77.689596
6.000197 2500.000000 7401 2466.877865 78.940092
6.000317 2500.000000 7549 2516.147864 80.516732
6.002280 2500.000000 7431 2475.187687 79.206006
6.000389 2500.000000 7421 2473.624580 79.155987
6.001555 2500.000000 7454 2483.719217 79.479015
6.001303 2500.000000 7547 2514.736906 80.471581
6.000333 2500.000000 7394 2464.592006 78.866944
6.000714 2500.000000 7428 2475.656487 79.221008
6.000317 2500.000000 7539 2512.926819 80.413658
6.000354 2500.000000 7526 2508.657634 80.277044
6.000557 2500.000000 7645 2547.870687 81.531862
6.000131 2500.000000 7511 2503.560164 80.113925
6.001098 2500.000000 7503 2500.757748 80.024248
6.001535 2500.000000 7398 2464.956944 78.878622
6.001485 2500.000000 7392 2463.615282 78.835689
6.000147 2500.000000 7435 2478.329727 79.306551
6.000720 2500.000000 7601 2533.124969 81.059999
6.002128 2500.000000 7357 2451.435914 78.445949
6.000191 2500.000000 7482 2493.983176 79.807462
6.001016 2500.000000 7527 2508.881296 80.284201
6.000872 2500.000000 7389 2462.686928 78.805982
6.001009 2500.000000 7560 2519.820506 80.634256
6.001157 2500.000000 7709 2569.618917 82.227805
6.001394 2500.000000 7771 2590.220850 82.887067
6.000628 2500.000000 7533 2510.989844 80.351675
6.001880 2500.000000 7622 2540.256169 81.288197
6.001045 2500.000000 7576 2524.997838 80.799931
6.002770 2500.000000 7523 2506.692761 80.214168
6.002845 2500.000000 7600 2531.936585 81.021971
6.000986 2500.000000 7307 2435.271397 77.928685
6.000554 2500.000000 7477 2492.159586 79.749107
9.002243 2500.000000 7537 2510.621316 80.339882
9.000517 2500.000000 7533 2510.846035 80.347073
9.002310 2500.000000 7558 2518.564635 80.594068
9.000426 2500.000000 7709 2569.605173 82.227366
9.000929 2500.000000 7483 2494.285895 79.817149
9.001020 2500.000000 7638 2545.403200 81.452902
9.000188 2500.000000 7457 2485.619510 79.539824
9.000594 2500.000000 7577 2525.494108 80.815811
9.000629 2500.000000 7502 2500.606362 80.019404
9.001006 2500.000000 7508 2502.092032 80.066945
9.001036 2500.000000 7577 2525.649267 80.820777
9.000904 2500.000000 7234 2411.180631 77.157780
9.002056 2500.000000 7389 2462.588676 78.802838
9.001209 2500.000000 7559 2519.623757 80.627960
9.001625 2500.000000 7597 2531.888685 81.020438
9.001120 2500.000000 7495 2498.323689 79.946358
9.001533 2500.000000 7448 2482.476473 79.439247
9.001204 2500.000000 7567 2521.481678 80.687414
9.001403 2500.000000 7555 2518.002093 80.576067
9.000628 2500.000000 7296 2431.999926 77.823998
9.001565 2500.000000 7565 2521.641756 80.692536
9.002326 2500.000000 7539 2511.927124 80.381668
9.000530 2500.000000 7475 2491.348555 79.723154
9.002794 2500.000000 7283 2426.608025 77.651457
9.001426 2500.000000 7780 2592.723225 82.967143
9.002072 2500.000000 7534 2511.172407 80.357517
9.002633 2500.000000 7338 2445.588420 78.258829
9.001397 2500.000000 7593 2530.652940 80.980894
9.002499 2500.000000 7502 2500.484432 80.015502
9.002865 2500.000000 7567 2522.253894 80.712125
9.002880 2500.000000 7511 2503.637560 80.116402
9.000808 2500.000000 7439 2479.456511 79.342608
12.003980 2500.000000 7356 2449.235269 78.375529
12.006584 2500.000000 7462 2482.633222 79.444263
12.000284 2500.000000 7515 2504.920183 80.157446
12.000988 2500.000000 7399 2465.946121 78.910276
12.000742 2500.000000 7470 2489.737980 79.671615
12.000937 2500.000000 7303 2434.083089 77.890659
12.002201 2500.000000 7605 2534.002491 81.088080
12.002309 2500.000000 7377 2458.026097 78.656835
12.001232 2500.000000 7453 2483.833002 79.482656
12.001001 2500.000000 7436 2478.277605 79.304883
12.001151 2500.000000 7291 2430.240781 77.767705
12.001500 2500.000000 7470 2489.919888 79.677436
12.001595 2500.000000 7453 2483.845859 79.483067
12.001183 2500.000000 7437 2478.790271 79.321289
12.002552 2500.000000 7371 2456.815221 78.618087
12.004290 2500.000000 7623 2539.324235 81.258376
12.002507 2500.000000 7582 2526.513231 80.848423
12.001570 2500.000000 7523 2507.364287 80.235657
12.003100 2500.000000 7541 2512.078683 80.386518
12.002353 2500.000000 7597 2532.096268 81.027081
12.001742 2500.000000 7383 2460.903955 78.748927
12.002159 2500.000000 7414 2470.844061 79.067010
12.002077 2500.000000 7493 2497.649153 79.924773
12.002706 2500.000000 7592 2530.604842 80.979355
12.002332 2500.000000 7453 2484.259282 79.496297
12.002760 2500.000000 7381 2459.239561 78.695666
12.002955 2500.000000 7686 2561.862875 81.979612
12.003009 2500.000000 7580 2526.236511 80.839568
12.003042 2500.000000 7587 2528.850128 80.923204
12.004382 2500.000000 7748 2581.374265 82.603976
12.002548 2500.000000 7423 2473.384621 79.148308
12.001742 2500.000000 7369 2455.568568 78.578194
15.001905 2500.000000 7637 2544.292269 81.417353
15.005818 2500.000000 7231 2407.552538 77.041681
15.001341 2500.000000 7527 2508.498683 80.271958
15.001114 2500.000000 7459 2486.229018 79.559329
15.004178 2500.000000 7659 2550.245371 81.607852
15.002677 2500.000000 7373 2456.443503 78.606192
15.001641 2500.000000 7502 2500.257685 80.008246
15.002441 2500.000000 7570 2522.542337 80.721355
15.001962 2500.000000 7647 2548.688160 81.558021
15.002030 2500.000000 7503 2500.760335 80.024331
15.001589 2500.000000 7597 2532.317959 81.034175
15.001540 2500.000000 7387 2462.080514 78.786576
15.001217 2500.000000 7534 2511.151797 80.356858
15.002239 2500.000000 7540 2513.301609 80.425651
15.004762 2500.000000 7429 2474.887533 79.196401
15.002975 2500.000000 7482 2493.253534 79.784113
15.002859 2500.000000 7623 2540.553855 81.297723
15.002690 2500.000000 7503 2500.847419 80.027117
15.002405 2500.000000 7518 2505.795006 80.185440
15.002377 2500.000000 7524 2507.942774 80.254169
15.004805 2500.000000 7411 2468.606152 78.995397
15.003467 2500.000000 7690 2562.895811 82.012666
15.006212 2500.000000 7433 2474.647410 79.188717
15.002862 2500.000000 7407 2468.916095 79.005315
15.004052 2500.000000 7553 2517.606522 80.563409
15.004375 2500.000000 7685 2560.529721 81.936951
15.003221 2500.000000 7672 2557.230847 81.831387
15.004564 2500.000000 7660 2553.099943 81.699198
15.004503 2500.000000 7556 2518.564760 80.594072
15.006933 2500.000000 7446 2481.711668 79.414773
15.002761 2500.000000 7461 2486.823735 79.578360
15.003789 2500.000000 7569 2521.280201 80.680966
18.001119 2500.000000 7550 2516.661724 80.533175
18.001859 2500.000000 7520 2506.234062 80.199490
18.003052 2500.000000 7473 2490.095217 79.683047
18.002062 2500.000000 7413 2470.610071 79.059522
18.001242 2500.000000 7656 2551.979334 81.663339
18.001980 2500.000000 7543 2514.049643 80.449589
18.002117 2500.000000 7547 2515.488173 80.495622
18.003110 2500.000000 7523 2507.456749 80.238616
18.002311 2500.000000 7327 2442.104763 78.147352
18.002442 2500.000000 7471 2490.164342 79.685259
18.002412 2500.000000 7496 2498.660802 79.957146
18.002398 2500.000000 7512 2503.982454 80.127439
18.002161 2500.000000 7452 2483.485884 79.471548
18.002936 2500.000000 7309 2436.133576 77.956274
18.003096 2500.000000 7437 2478.899885 79.324796
18.002662 2500.000000 7536 2511.814863 80.378076
18.003536 2500.000000 7502 2500.609187 80.019494
18.003098 2500.000000 7565 2521.312734 80.682007
18.002975 2500.000000 7417 2472.240276 79.111689
18.004239 2500.000000 7623 2540.841586 81.306931
18.004525 2500.000000 7569 2522.707808 80.726650
18.003437 2500.000000 7496 2498.486497 79.951568
18.005374 2500.000000 7500 2499.526406 79.984845
18.004846 2500.000000 7478 2492.432118 79.757828
18.005424 2500.000000 7513 2503.780957 80.120991
18.004670 2500.000000 7534 2511.086009 80.354752
18.006054 2500.000000 7551 2516.802492 80.537680
18.004620 2500.000000 7493 2497.569347 79.922219
18.002787 2500.000000 7544 2514.644805 80.468634
18.006944 2500.000000 7501 2500.323556 80.010354
18.006367 2500.000000 7598 2532.535406 81.041133
18.003880 2500.000000 7456 2485.258102 79.528259
21.003127 2500.000000 7657 2552.170396 81.669453
21.002543 2500.000000 7421 2473.583872 79.154684
21.002312 2500.000000 7637 2545.282411 81.449037
21.002146 2500.000000 7440 2479.151778 79.332857
21.002475 2500.000000 7561 2520.033266 80.641065
21.002335 2500.000000 7511 2503.438954 80.110047
21.002195 2500.000000 7474 2491.154726 79.716951
21.002311 2500.000000 7455 2484.999774 79.519993
21.003306 2500.000000 7521 2506.836842 80.218779
21.003258 2500.000000 7541 2513.167331 80.421355
21.003223 2500.000000 7457 2484.787745 79.513208
21.001987 2500.000000 7555 2517.707668 80.566645
21.003983 2500.000000 7265 2420.950804 77.470426
21.002568 2500.000000 7779 2592.853241 82.971304
21.002515 2500.000000 7418 2472.581609 79.122612
21.004235 2500.000000 7529 2508.677447 80.277678
21.004327 2500.000000 7687 2561.657616 81.973044
21.005336 2500.000000 7533 2510.082178 80.322630
21.003217 2500.000000 7463 2487.568524 79.602193
21.003233 2500.000000 7471 2490.118587 79.683795
21.003706 2500.000000 7599 2532.772713 81.048727
21.007049 2500.000000 7470 2487.906744 79.613016
21.004957 2500.000000 7642 2547.239176 81.511654
21.005815 2500.000000 7509 2502.631981 80.084223
21.005833 2500.000000 7587 2528.655492 80.916976
21.004809 2500.000000 7487 2495.551143 79.857637
21.004674 2500.000000 7593 2530.955061 80.990562
21.006069 2500.000000 7496 2498.654024 79.956929
21.003185 2500.000000 7694 2564.326056 82.058434
21.008265 2500.000000 7617 2537.882510 81.212240
21.006374 2500.000000 7562 2520.660706 80.661143
21.004166 2500.000000 7438 2479.096498 79.331088
24.002915 2500.000000 7681 2559.817581 81.914163
24.003410 2500.000000 7617 2538.760933 81.240350
24.003553 2500.000000 7465 2487.166524 79.589329
24.002693 2500.000000 7527 2508.584026 80.274689
24.002618 2500.000000 7532 2510.624490 80.339984
24.004129 2500.000000 7410 2468.638908 78.996445
24.003248 2500.000000 7559 2518.880708 80.604183
24.002505 2500.000000 7501 2500.191786 80.006137
24.002654 2500.000000 7410 2469.885332 79.036331
24.002765 2500.000000 7354 2451.152230 78.436871
24.003553 2500.000000 7555 2518.055737 80.577784
24.003579 2500.000000 7636 2545.101427 81.443246
24.004587 2500.000000 7427 2474.939915 79.198077
24.003234 2500.000000 7401 2466.985389 78.943532
24.003319 2500.000000 7592 2530.615156 80.979685
24.003790 2500.000000 7372 2456.877792 78.620089
24.002701 2500.000000 7459 2485.741991 79.543744
24.009293 2500.000000 7524 2503.568539 80.114193
24.005268 2500.000000 7579 2526.071883 80.834300
24.005046 2500.000000 7528 2508.655467 80.276975
24.004784 2500.000000 7342 2446.960600 78.302739
24.005501 2500.000000 7576 2525.194264 80.806216
24.007003 2500.000000 7696 2563.458532 82.030673
24.006735 2500.000000 7471 2489.569938 79.666238
24.004696 2500.000000 7312 2437.315182 77.994086
24.006375 2500.000000 7550 2516.409999 80.525120
24.006289 2500.000000 7535 2511.284603 80.361107
24.008059 2500.000000 7448 2481.831684 79.418614
24.003967 2500.000000 7534 2510.679061 80.341730
24.006677 2500.000000 7495 2498.081591 79.938611
24.009878 2500.000000 7747 2580.945716 82.590263
24.004343 2500.000000 7428 2475.853674 79.227318
27.002691 2500.000000 7331 2443.515101 78.192483
27.003567 2500.000000 7481 2493.125289 79.780009
27.002783 2500.000000 7468 2489.196789 79.654297
27.003559 2500.000000 7651 2550.328590 81.610515
27.002895 2500.000000 7547 2515.496939 80.495902
27.002982 2500.000000 7309 2436.157081 77.957027
27.004831 2500.000000 7467 2487.687236 79.605992
27.003339 2500.000000 7477 2491.764249 79.736456
27.004742 2500.000000 7502 2499.480772 79.983385
27.003027 2500.000000 7465 2488.062796 79.618009
27.003823 2500.000000 7507 2501.988803 80.063642
27.003259 2500.000000 7421 2473.646725 79.156695
27.004058 2500.000000 7505 2501.267076 80.040546
27.004265 2500.000000 7578 2525.599937 80.819198
27.004575 2500.000000 7482 2493.628933 79.796126
27.006045 2500.000000 7460 2484.603034 79.507297
27.006493 2500.000000 7530 2508.406075 80.268994
27.007328 2500.000000 7508 2500.948894 80.030365
27.004908 2500.000000 7477 2492.230549 79.751378
27.006146 2500.000000 7492 2496.796255 79.897480
27.005147 2500.000000 7552 2517.247970 80.551935
27.004854 2500.000000 7353 2450.870491 78.427856
27.006518 2500.000000 7377 2458.812600 78.682003
27.007249 2500.000000 7496 2498.237924 79.943614
27.007895 2500.000000 7510 2502.065557 80.066098
27.008380 2500.000000 7398 2465.736055 78.903554
27.005574 2500.000000 7499 2498.328507 79.946512
27.007421 2500.000000 7609 2535.979963 81.151359
27.006796 2500.000000 7619 2539.565335 81.266091
27.010809 2500.000000 7780 2592.528583 82.960915
27.009857 2500.000000 7557 2518.526878 80.592860
27.004485 2500.000000 7677 2558.879392 81.884141
#type       avg     std     min     5th    10th    90th    95th    99th
read      217.1    79.1    54.8   109.5   124.9   318.8   355.7   434.6
update    219.8    78.7    60.2   112.9   128.8   320.9   358.0   437.3
op_q        1.6     0.8     1.0     1.0     1.0     3.0     3.1     4.1

Total QPS = 159885.4 (4796563 / 30.0s)

Misses = 0 (0.0%)
Skipped TXs = 0 (0.0%)

RX  824971861 bytes :   26.2 MB/s
TX  530422387 bytes :   16.9 MB/s
