3.000181 1250.000000 3748 1249.257898 39.976253
3.000320 1250.000000 3754 1251.199722 40.038391
3.000987 1250.000000 3731 1243.257546 39.784241
3.000010 1250.000000 3802 1267.328973 40.554527
3.000306 1250.000000 3750 1249.872642 39.995925
3.000505 1250.000000 3792 1263.787084 40.441187
3.000193 1250.000000 3779 1259.585833 40.306747
3.000276 1250.000000 3600 1199.889697 38.396470
3.000532 1250.000000 3711 1236.780872 39.576988
3.000756 1250.000000 3546 1181.702336 37.814475
3.001875 1250.000000 3889 1295.523643 41.456757
3.001298 1250.000000 3782 1260.121433 40.323886
3.000312 1250.000000 3821 1273.534430 40.753102
3.000660 1250.000000 3659 1219.398396 39.020749
3.000592 1250.000000 3798 1265.750404 40.504013
3.000174 1250.000000 3720 1239.928105 39.677699
3.000887 1250.000000 3643 1213.974506 38.847184
3.001755 1250.000000 3761 1252.933642 40.093877
3.000156 1250.000000 3785 1261.601239 40.371240
3.000002 1250.000000 3813 1270.999265 40.671976
3.000368 1250.000000 3833 1277.509951 40.880318
3.000768 1250.000000 3745 1248.013654 39.936437
3.001490 1250.000000 3697 1231.721707 39.415095
3.000869 1250.000000 3734 1244.306184 39.817798
3.000383 1250.000000 3797 1265.505073 40.496162
3.001259 1250.000000 3628 1208.826223 38.682439
3.000379 1250.000000 3661 1220.179241 39.045736
3.002764 1250.000000 3568 1188.238576 38.023634
3.001928 1250.000000 3894 1297.166567 41.509330
3.000687 1250.000000 3662 1220.387021 39.052385
3.000377 1250.000000 3801 1266.840837 40.538907
3.000226 1250.000000 3799 1266.237992 40.519616
6.000810 1250.000000 3647 1215.416446 38.893326
6.002592 1250.000000 3875 1290.925506 41.309616
6.000634 1250.000000 3714 1237.742719 39.607767
6.000649 1250.000000 3821 1273.547484 40.753519
6.000801 1250.000000 3821 1273.456416 40.750605
6.000785 1250.000000 3643 1214.282883 38.857052
6.000506 1250.000000 3862 1287.278588 41.192915
6.000328 1250.000000 3745 1248.269115 39.944612
6.000936 1250.000000 3708 1235.678662 39.541717
6.001012 1250.000000 3669 1222.743483 39.127791
6.002318 1250.000000 3764 1253.827889 40.122492
6.001221 1250.000000 3696 1231.630227 39.412167
6.001855 1250.000000 3764 1254.261820 40.136378
6.000540 1250.000000 3721 1240.329778 39.690553
6.001230 1250.000000 3770 1256.152189 40.196870
6.000337 1250.000000 3749 1249.641159 39.988517
6.001107 1250.000000 3687 1228.788788 39.321241
6.000830 1250.000000 3916 1305.300981 41.769631
6.000554 1250.000000 3619 1206.313880 38.602044
6.000362 1250.000000 3817 1272.256452 40.712206
6.001926 1250.000000 3666 1221.617919 39.091773
6.005132 1250.000000 3699 1231.209390 39.398700
6.002558 1250.000000 3949 1316.033522 42.113073
6.002775 1250.000000 3806 1268.235672 40.583541
6.001488 1250.000000 3769 1256.253923 40.200126
6.002074 1250.000000 3651 1216.669362 38.933420
6.002064 1250.000000 3687 1228.943953 39.326207
6.001646 1250.000000 3604 1200.949475 38.430383
6.002078 1250.000000 3788 1262.419240 40.397416
6.003249 1250.000000 3664 1221.135964 39.076351
6.000843 1250.000000 3796 1265.136816 40.484378
6.000514 1250.000000 3655 1218.216484 38.982927
9.003691 1250.000000 3801 1265.909633 40.509108
9.001519 1250.000000 3665 1221.195908 39.078269
9.000856 1250.000000 3784 1261.111479 40.355567
9.000865 1250.000000 3813 1270.908187 40.669062
9.001301 1250.000000 3719 1239.352338 39.659275
9.002730 1250.000000 3728 1241.765707 39.736503
9.003043 1250.000000 3832 1276.391673 40.844534
9.001189 1250.000000 3742 1247.227862 39.911292
9.002443 1250.000000 3663 1220.949274 39.070377
9.001408 1250.000000 3795 1264.921274 40.477481
9.001421 1250.000000 3675 1224.678499 39.189712
9.000872 1250.000000 3935 1311.432716 41.965847
9.001141 1250.000000 3640 1213.195857 38.822267
9.002513 1250.000000 3789 1262.723109 40.407139
9.000980 1250.000000 3787 1262.251070 40.392034
9.002271 1250.000000 3807 1268.912585 40.605203
9.001790 1250.000000 3680 1226.142067 39.236546
9.002103 1250.000000 3633 1210.928210 38.749703
9.002652 1250.000000 3738 1245.961122 39.870756
9.004177 1250.000000 3677 1224.464015 39.182848
9.001203 1250.000000 3770 1256.586669 40.210773
9.002492 1250.000000 3610 1202.930509 38.493776
9.001133 1250.000000 3703 1234.200520 39.494417
9.002921 1250.000000 3711 1236.939570 39.582066
9.003302 1250.000000 3736 1245.038637 39.841236
9.002588 1250.000000 3850 1283.113507 41.059632
9.002377 1250.000000 3699 1232.877037 39.452065
9.002372 1250.000000 3701 1233.368350 39.467787
9.003698 1250.000000 3834 1277.808582 40.889875
9.005304 1250.000000 3801 1266.927073 40.541666
9.000850 1250.000000 3717 1238.997101 39.647907
9.001030 1250.000000 3789 1262.782446 40.409038
12.001022 1250.000000 3783 1260.934238 40.349896
12.002116 1250.000000 3871 1289.798647 41.273557
12.003135 1250.000000 3729 1242.773354 39.768747
12.003648 1250.000000 3815 1270.604911 40.659357
12.001127 1250.000000 3681 1226.939750 39.262072
12.001294 1250.000000 3723 1240.818984 39.706207
12.002082 1250.000000 3646 1215.215042 38.886881
12.002768 1250.000000 3866 1288.616721 41.235735
12.001585 1250.000000 3652 1217.267042 38.952545
12.001438 1250.000000 3703 1234.276983 39.496863
12.003571 1250.000000 3806 1268.189662 40.582069
12.001706 1250.000000 3787 1262.207960 40.390655
12.002520 1250.000000 3864 1287.434999 41.197920
12.003801 1250.000000 3722 1239.587648 39.666805
12.003006 1250.000000 3758 1252.289735 40.073272
12.003118 1250.000000 3769 1256.079872 40.194556
12.004241 1250.000000 3820 1273.102953 40.739295
12.001793 1250.000000 3737 1245.392634 39.852564
12.002937 1250.000000 3714 1237.993676 39.615798
12.002752 1250.000000 3820 1273.324253 40.746376
12.002116 1250.000000 3836 1278.412296 40.909193
12.003802 1250.000000 3785 1261.023086 40.352739
12.004418 1250.000000 3699 1232.435072 39.437922
12.003360 1250.000000 3740 1246.256312 39.880202
12.003305 1250.000000 3719 1239.665240 39.669288
12.006050 1250.000000 3794 1263.673188 40.437542
12.004839 1250.000000 3750 1249.724425 39.991182
12.002695 1250.000000 3717 1238.916155 39.645317
12.002587 1250.000000 3738 1245.912538 39.869201
12.007847 1250.000000 3754 1250.273744 40.008760
12.001634 1250.000000 3630 1209.683853 38.709883
12.001369 1250.000000 3703 1234.194232 39.494215
15.003595 1250.000000 3803 1267.317554 40.554162
15.003688 1250.000000 3858 1285.598862 41.139164
15.001832 1250.000000 3698 1232.564930 39.442078
15.002112 1250.000000 3891 1296.528770 41.488921
15.002180 1250.000000 3590 1196.370625 38.283860
15.001371 1250.000000 3669 1222.968429 39.134990
15.001873 1250.000000 3673 1224.029060 39.168930
15.002842 1250.000000 3784 1260.855985 40.347392
15.003479 1250.000000 3797 1265.514389 40.496460
15.003412 1250.000000 3724 1240.783066 39.705058
15.002677 1250.000000 3841 1280.093709 40.962999
15.002665 1250.000000 3828 1275.629045 40.820129
15.003244 1250.000000 3616 1205.112848 38.563611
15.004001 1250.000000 3720 1239.560310 39.665930
15.004826 1250.000000 3699 1232.578980 39.442527
15.002997 1250.000000 3943 1313.947415 42.046317
15.003470 1250.000000 3635 1211.479376 38.767340
15.004798 1250.000000 3805 1267.847308 40.571114
15.003010 1250.000000 3836 1278.457819 40.910650
15.003756 1250.000000 3930 1309.919401 41.917421
15.003337 1250.000000 3767 1255.653149 40.180901
15.005231 1250.000000 3793 1263.990876 40.447708
15.002930 1250.000000 3852 1283.853267 41.083305
15.005850 1250.000000 3704 1233.824518 39.482385
15.003491 1250.000000 3775 1258.184155 40.261893
15.004354 1250.000000 3674 1224.620543 39.187857
15.005518 1250.000000 3721 1240.052271 39.681673
15.006690 1250.000000 3723 1240.735081 39.703523
15.004195 1250.000000 3784 1260.982349 40.351435
15.002487 1250.000000 3758 1252.310500 40.073936
15.008154 1250.000000 3699 1232.873856 39.451963
15.001388 1250.000000 3844 1281.324922 41.002398
18.002658 1250.000000 3740 1246.340480 39.882895
18.001949 1250.000000 3662 1220.619411 39.059821
18.001566 1250.000000 3775 1258.251466 40.264047
18.003757 1250.000000 3767 1255.491034 40.175713
18.002403 1250.000000 3808 1269.238970 40.615647
18.002906 1250.000000 3773 1257.639548 40.244466
18.003849 1250.000000 3746 1248.512935 39.952414
18.002527 1250.000000 3695 1231.496597 39.407891
18.005422 1250.000000 3889 1295.614038 41.459649
18.005806 1250.000000 3739 1245.415449 39.853294
18.002707 1250.000000 3849 1282.987320 41.055594
18.005207 1250.000000 3721 1239.283629 39.657076
18.004979 1250.000000 3664 1220.532207 39.057031
18.004989 1250.000000 3724 1240.705343 39.702571
18.004594 1250.000000 3676 1224.963519 39.198833
18.004136 1250.000000 3927 1308.940851 41.886107
18.003866 1250.000000 3789 1262.809275 40.409897
18.003786 1250.000000 3695 1231.342850 39.402971
18.004194 1250.000000 3725 1241.273878 39.720764
18.005780 1250.000000 3776 1258.254872 40.264156
18.007384 1250.000000 3698 1230.839422 39.386861
18.008009 1250.000000 3778 1257.998397 40.255949
18.007658 1250.000000 3752 1249.655760 39.988984
18.004085 1250.000000 3648 1215.759173 38.904294
18.005357 1250.000000 3830 1276.240232 40.839687
18.006117 1250.000000 3709 1236.086845 39.554779
18.006964 1250.000000 3656 1217.542751 38.961368
18.006129 1250.000000 3806 1268.548462 40.593551
18.007095 1250.000000 3712 1237.166620 39.589332
18.009108 1250.000000 3777 1258.599787 40.275193
18.011605 1250.000000 3697 1228.599224 39.315175
18.006940 1250.000000 3832 1274.973990 40.799168
21.004597 1250.000000 3707 1235.358410 39.531469
21.008198 1250.000000 3714 1237.777086 39.608867
21.003267 1250.000000 3719 1239.309761 39.657912
21.002091 1250.000000 3676 1225.119081 39.203811
21.011782 1250.000000 3626 1205.001819 38.560058
21.008618 1250.000000 3755 1249.989937 39.999678
21.003266 1250.000000 3892 1297.013637 41.504436
21.001971 1250.000000 3736 1245.324148 39.850373
21.004006 1250.000000 3683 1227.564604 39.282067
21.002928 1250.000000 3638 1212.658013 38.805056
21.003593 1250.000000 3743 1247.298373 39.913548
21.006961 1250.000000 3686 1228.320839 39.306267
21.003964 1250.000000 3754 1251.259108 40.040291
21.004961 1250.000000 3701 1233.216240 39.462920
21.005098 1250.000000 3800 1266.260872 40.520348
21.004483 1250.000000 3781 1260.211855 40.326779
21.009663 1250.000000 3527 1173.834134 37.562692
21.005389 1250.000000 3626 1208.505346 38.672171
21.005907 1250.000000 3802 1267.290483 40.553295
21.006370 1250.000000 3813 1270.598434 40.659150
21.005982 1250.000000 3737 1245.407072 39.853026
21.006829 1250.000000 3684 1227.570640 39.282260
21.004640 1250.000000 3683 1227.439694 39.278070
21.005446 1250.000000 3790 1263.232513 40.423440
21.007533 1250.000000 3764 1254.604513 40.147344
21.006330 1250.000000 3704 1234.584203 39.506695
21.007215 1250.000000 3781 1260.282724 40.329047
21.009397 1250.000000 3760 1253.212615 40.102804
21.009447 1250.000000 3651 1216.416941 38.925342
21.008108 1250.000000 3775 1257.853795 40.251321
21.011640 1250.000000 3723 1240.985666 39.711541
21.007093 1250.000000 3791 1263.602346 40.435275
24.012967 1250.000000 3811 1268.823142 40.602341
24.002666 1250.000000 3692 1230.381722 39.372215
24.004963 1250.000000 3773 1257.513527 40.240433
24.002271 1250.000000 3683 1227.593064 39.282978
24.004008 1250.000000 3746 1248.217179 39.942950
24.005563 1250.000000 3624 1207.812700 38.650006
24.007118 1250.000000 3759 1251.529587 40.048947
24.008317 1250.000000 3710 1235.864403 39.547661
24.003521 1250.000000 3753 1250.894088 40.028611
24.006086 1250.000000 3880 1293.288434 41.385230
24.004621 1250.000000 3924 1307.409348 41.837099
24.004969 1250.000000 3691 1229.938715 39.358039
24.003977 1250.000000 3717 1238.994546 39.647825
24.005590 1250.000000 3752 1250.582936 40.018654
24.005198 1250.000000 3843 1280.898999 40.988768
24.006114 1250.000000 3807 1268.912328 40.605194
24.004873 1250.000000 3644 1214.508774 38.864281
24.004777 1250.000000 3812 1270.608488 40.659472
24.007328 1250.000000 3646 1215.131226 38.884199
24.005632 1250.000000 3821 1273.587632 40.754804
24.009316 1250.000000 3620 1206.181052 38.597794
24.008232 1250.000000 3704 1234.248242 39.495944
24.006975 1250.000000 3864 1287.994232 41.215815
24.006358 1250.000000 3796 1265.321307 40.490282
24.008528 1250.000000 3669 1222.865458 39.131695
24.009359 1250.000000 3726 1241.693269 39.734185
24.010519 1250.000000 3754 1250.886251 40.028360
24.010557 1250.000000 3719 1239.297094 39.657507
24.007649 1250.000000 3889 1296.283111 41.481060
24.012497 1250.000000 3691 1230.040173 39.361286
24.011825 1250.000000 3737 1245.589708 39.858871
24.007572 1250.000000 3803 1267.464183 40.558854
27.006531 1250.000000 3603 1200.640473 38.420495
27.008997 1250.000000 3585 1192.326682 38.154454
27.003410 1250.000000 3761 1253.355817 40.107386
27.007375 1250.000000 3668 1221.684192 39.093894
27.004713 1250.000000 3824 1274.627545 40.788081
27.003877 1250.000000 3802 1267.183281 40.549865
27.007630 1250.000000 3831 1276.721252 40.855080
27.004363 1250.000000 3744 1247.852266 39.931273
27.005207 1250.000000 3652 1217.236805 38.951578
27.005573 1250.000000 3800 1266.508391 40.528269
27.005941 1250.000000 3665 1221.523819 39.088762
27.004300 1250.000000 3752 1250.532203 40.017030
27.005967 1250.000000 3767 1255.497406 40.175917
27.006388 1250.000000 3716 1238.553754 39.633720
27.005790 1250.000000 3742 1246.952187 39.902470
27.004842 1250.000000 3846 1281.972220 41.023111
27.008518 1250.000000 3780 1259.500503 40.304016
27.006385 1250.000000 3724 1241.209810 39.718714
27.009954 1250.000000 3794 1264.065800 40.450106
27.007133 1250.000000 3835 1278.326742 40.906456
27.006979 1250.000000 3673 1224.079995 39.170560
27.009127 1250.000000 3698 1232.334141 39.434693
27.008238 1250.000000 3906 1301.997616 41.663924
27.009969 1250.000000 3786 1261.743369 40.375788
27.007846 1250.000000 3735 1244.918056 39.837378
27.010635 1250.000000 3758 1252.634104 40.084291
27.010923 1250.000000 3816 1271.828888 40.698524
27.012782 1250.000000 3731 1243.548865 39.793564
27.011028 1250.000000 3744 1247.287839 39.913211
27.013990 1250.000000 3842 1280.230281 40.967369
27.011869 1250.000000 3757 1252.315111 40.074084
27.008128 1250.000000 3776 1258.433342 40.269867
#type       avg     std     min     5th    10th    90th    95th    99th
read      154.7    55.8    60.2    90.1    98.1   228.6   263.9   339.4
update    160.2    56.6    66.3    94.5   102.3   235.3   269.2   346.0
op_q        1.2     0.5     1.0     1.0     1.0     2.1     2.1     3.1

Total QPS = 79916.1 (2397482 / 30.0s)

Misses = 0 (0.0%)
Skipped TXs = 0 (0.0%)

RX  412921631 bytes :   13.1 MB/s
TX  265435310 bytes :    8.4 MB/s
