3.014687 62.500000 167 55.395475 1.772655
3.020134 62.500000 167 55.295554 1.769458
3.004422 62.500000 194 64.571485 2.066288
3.001540 62.500000 172 57.303915 1.833725
3.009219 62.500000 169 56.160754 1.797144
3.103766 62.500000 211 67.981919 2.175421
3.001895 62.500000 189 62.960224 2.014727
3.060673 62.500000 195 63.711478 2.038767
3.015981 62.500000 165 54.708569 1.750674
3.004609 62.500000 176 58.576673 1.874454
3.002041 62.500000 203 67.620671 2.163861
3.018345 62.500000 190 62.948407 2.014349
3.021684 62.500000 169 55.929070 1.789730
3.015131 62.500000 173 57.377275 1.836073
3.023103 62.500000 188 62.187754 1.990008
3.078043 62.500000 170 55.229897 1.767357
3.000829 62.500000 165 54.984808 1.759514
3.060339 62.500000 211 68.946621 2.206292
3.005667 62.500000 168 55.894410 1.788621
3.023672 62.500000 199 65.814019 2.106049
3.011847 62.500000 171 56.775792 1.816825
3.026908 62.500000 147 48.564406 1.554061
3.022983 62.500000 164 54.251053 1.736034
3.000661 62.500000 175 58.320479 1.866255
3.056324 62.500000 181 59.221477 1.895087
3.064186 62.500000 199 64.943830 2.078203
3.016835 62.500000 209 69.277899 2.216893
3.005644 62.500000 216 71.864810 2.299674
3.003213 62.500000 186 61.933674 1.981878
3.006618 62.500000 198 65.854723 2.107351
3.021882 62.500000 186 61.551042 1.969633
6.041873 62.500000 162 53.334192 1.706694
6.012179 62.500000 196 65.191828 2.086139
6.017103 62.500000 175 58.018593 1.856595
6.004806 62.500000 145 48.280769 1.544985
6.042279 62.500000 189 62.435013 1.997920
6.005388 62.500000 184 61.317405 1.962157
6.019964 62.500000 194 64.253240 2.056104
6.028806 62.500000 188 62.547759 2.001528
6.005613 62.500000 185 61.593326 1.970986
6.005579 62.500000 208 69.248310 2.215946
6.051602 62.500000 208 68.309068 2.185890
6.081141 62.500000 158 51.547055 1.649506
6.020136 62.500000 153 50.999970 1.631999
6.031826 62.500000 214 70.928103 2.269699
6.053691 62.500000 172 56.544644 1.809429
6.018060 62.500000 161 53.445470 1.710255
6.027423 62.500000 211 70.199043 2.246369
6.029034 62.500000 170 56.465480 1.806895
6.106970 62.500000 190 62.442817 1.998170
6.010389 62.500000 210 69.972697 2.239126
6.052185 62.500000 148 48.868862 1.563804
6.006626 62.500000 180 59.931803 1.917818
6.083783 62.500000 177 58.542497 1.873360
6.071100 62.500000 199 65.370393 2.091853
6.073110 62.500000 220 73.030580 2.336979
6.030741 62.500000 165 54.746230 1.751879
6.036650 62.500000 185 61.387010 1.964384
6.077711 62.500000 188 62.223062 1.991138
6.123129 62.500000 185 61.271202 1.960678
6.078422 62.500000 171 56.992799 1.823770
6.058472 62.500000 191 62.899507 2.012784
9.043303 62.500000 192 63.692227 2.038151
9.067605 62.500000 197 64.643802 2.068602
9.021799 62.500000 173 57.576553 1.842450
9.014450 62.500000 187 62.286182 1.993158
9.011397 62.500000 203 67.531412 2.161005
9.053885 62.500000 179 59.428721 1.901719
9.031392 62.500000 203 67.072275 2.146313
9.010725 62.500000 193 64.223887 2.055164
9.033366 62.500000 168 55.919245 1.789416
9.057818 62.500000 194 63.559902 2.033917
9.036058 62.500000 197 65.109582 2.083507
9.034143 62.500000 194 64.522137 2.064708
9.038130 62.500000 192 63.865805 2.043706
9.017642 62.500000 191 63.433757 2.029880
9.140183 62.500000 189 61.008991 1.952288
9.020135 62.500000 215 71.662585 2.293203
9.078646 62.500000 194 64.101279 2.051241
9.018549 62.500000 206 68.655479 2.196975
9.055223 62.500000 190 63.301007 2.025632
9.107417 62.500000 205 67.740035 2.167681
9.076095 62.500000 160 53.280306 1.704970
9.036914 62.500000 193 64.201232 2.054439
9.054340 62.500000 228 75.554477 2.417743
9.182813 62.500000 201 64.858999 2.075488
9.076870 62.500000 170 56.557878 1.809852
9.107825 62.500000 182 60.063746 1.922040
9.080434 62.500000 211 70.286209 2.249159
9.052357 62.500000 200 66.649896 2.132797
9.144442 62.500000 199 65.865421 2.107693
9.119576 62.500000 168 55.765678 1.784502
9.075483 62.500000 194 64.302058 2.057666
12.108342 62.500000 171 56.408252 1.805064
12.042341 62.500000 194 64.191530 2.054129
12.053513 62.500000 185 60.799501 1.945584
12.012665 62.500000 178 59.308265 1.897864
12.032344 62.500000 202 66.934103 2.141891
12.085071 62.500000 178 58.518591 1.872595
12.031016 62.500000 209 69.453273 2.222505
12.056060 62.500000 179 59.623437 1.907950
12.032182 62.500000 192 63.983144 2.047461
12.069467 62.500000 184 60.699289 1.942377
12.050233 62.500000 211 69.958143 2.238661
12.054979 62.500000 212 70.161211 2.245159
12.062833 62.500000 221 73.480274 2.351369
12.037786 62.500000 175 58.299748 1.865592
12.031443 62.500000 190 63.043315 2.017386
12.061324 62.500000 190 63.259403 2.024301
12.096146 62.500000 184 60.755327 1.944170
12.076510 62.500000 173 56.573631 1.810356
12.081011 62.500000 155 51.625973 1.652031
12.087144 62.500000 244 81.034901 2.593117
12.040595 62.500000 169 56.264299 1.800458
12.115770 62.500000 192 63.822297 2.042314
12.067895 62.500000 177 58.734623 1.879508
12.105341 62.500000 187 61.820069 1.978242
12.184528 62.500000 182 59.782975 1.913055
12.069338 62.500000 181 59.993744 1.919800
12.130383 62.500000 191 63.191515 2.022128
12.147831 62.500000 183 60.931159 1.949797
12.120786 62.500000 197 65.640204 2.100487
12.185277 62.500000 194 64.613600 2.067635
12.098144 62.500000 188 62.196849 1.990299
3.013795 62.500000 206 68.352356 2.187275
15.173742 62.500000 212 67.482409 2.159437
15.156617 62.500000 200 66.088751 2.114840
15.065976 62.500000 181 60.083730 1.922679
15.015431 62.500000 183 60.943808 1.950202
15.040581 62.500000 179 59.477044 1.903265
15.056822 62.500000 179 59.183757 1.893880
15.040281 62.500000 189 62.947652 2.014325
15.076094 62.500000 170 56.290766 1.801305
15.061981 62.500000 193 64.082370 2.050636
15.064093 62.500000 186 61.812207 1.977991
15.084805 62.500000 198 65.916633 2.109332
15.054064 62.500000 194 64.414951 2.061278
15.076246 62.500000 190 62.401397 1.996845
15.103533 62.500000 211 69.951178 2.238438
15.065745 62.500000 190 63.271923 2.024702
15.044743 62.500000 187 62.247269 1.991913
15.070532 62.500000 212 70.641587 2.260531
15.088143 62.500000 189 62.935559 2.013938
15.079522 62.500000 195 64.608071 2.067458
15.114002 62.500000 186 61.821535 1.978289
15.113672 62.500000 194 64.291077 2.057314
15.069340 62.500000 126 41.979773 1.343353
15.118146 62.500000 189 62.950142 2.014405
15.179101 62.500000 229 74.574377 2.386380
15.116439 62.500000 198 65.133108 2.084259
15.077622 62.500000 192 63.823768 2.042361
15.130810 62.500000 214 71.095776 2.275065
15.160429 62.500000 193 64.064304 2.050058
15.202789 62.500000 182 60.299617 1.929588
15.189656 62.500000 190 63.241034 2.023713
15.103809 62.500000 214 71.198872 2.278364
6.022214 62.500000 192 63.820897 2.042269
18.146977 62.500000 178 57.966650 1.854933
18.015884 62.500000 174 57.991240 1.855720
18.040801 62.500000 156 51.996187 1.663878
18.065749 62.500000 193 63.791772 2.041337
18.074269 62.500000 160 53.115776 1.699705
18.112212 62.500000 182 60.491664 1.935733
18.084852 62.500000 187 61.756324 1.976202
18.065500 62.500000 185 61.637763 1.972408
18.094637 62.500000 170 56.214983 1.798879
18.072132 62.500000 184 61.203037 1.958497
18.048645 62.500000 234 77.898675 2.492758
18.128799 62.500000 202 66.360171 2.123525
18.129225 62.500000 211 68.881125 2.204196
18.091622 62.500000 198 65.660128 2.101124
18.063669 62.500000 191 63.463478 2.030831
18.100299 62.500000 201 66.729622 2.135348
18.194913 62.500000 188 62.557030 2.001825
18.120067 62.500000 213 69.819418 2.234221
18.080202 62.500000 191 63.652252 2.036872
18.119714 62.500000 162 53.891462 1.724527
18.155305 62.500000 192 63.216977 2.022943
18.126451 62.500000 185 61.461547 1.966769
18.197410 62.500000 183 60.522523 1.936721
18.155951 62.500000 202 66.404786 2.124953
18.130149 62.500000 171 56.019157 1.792613
18.163197 62.500000 192 63.859925 2.043518
18.207878 62.500000 196 64.316096 2.058115
18.150249 62.500000 178 58.951348 1.886443
18.188377 62.500000 207 68.787330 2.201195
18.205423 62.500000 184 61.279530 1.960945
18.130660 62.500000 204 67.396783 2.156697
9.030901 62.500000 193 64.147596 2.052723
21.022352 62.500000 198 65.858009 2.107456
21.109267 62.500000 181 59.980562 1.919378
21.043961 62.500000 186 61.934763 1.981912
21.162438 62.500000 189 60.697670 1.942325
21.072145 62.500000 174 57.836582 1.850771
21.122416 62.500000 146 48.220165 1.543045
21.090725 62.500000 163 53.884730 1.724311
21.082764 62.500000 207 68.756310 2.200202
21.070432 62.500000 189 62.896591 2.012691
21.078339 62.500000 194 64.579061 2.066530
21.124353 62.500000 201 66.467061 2.126946
21.141271 62.500000 192 63.543399 2.033389
21.125650 62.500000 216 71.033992 2.273088
21.173845 62.500000 187 60.446531 1.934289
21.114507 62.500000 190 63.284927 2.025118
21.172624 62.500000 208 68.935357 2.205931
21.140896 62.500000 178 59.103384 1.891308
21.143117 62.500000 157 52.084764 1.666712
21.136732 62.500000 163 54.033180 1.729062
21.141068 62.500000 188 62.362821 1.995610
21.163685 62.500000 186 61.723554 1.975154
21.162998 62.500000 185 61.339094 1.962851
21.203214 62.500000 205 68.144782 2.180633
21.188196 62.500000 229 75.521597 2.416691
21.267232 62.500000 186 59.922009 1.917504
21.279948 62.500000 228 73.965022 2.366881
21.132302 62.500000 200 66.618842 2.131803
21.216706 62.500000 176 58.446854 1.870299
21.198383 62.500000 178 59.136081 1.892355
21.218335 62.500000 172 57.134187 1.828294
21.142123 62.500000 169 56.118908 1.795805
12.043061 62.500000 174 57.765848 1.848507
24.080167 62.500000 205 68.151102 2.180835
24.030391 62.500000 180 59.839661 1.914869
24.141314 62.500000 194 64.665751 2.069304
24.053705 62.500000 192 63.792790 2.041369
24.098777 62.500000 232 76.609511 2.451504
24.139173 62.500000 177 57.911109 1.853156
24.090032 62.500000 157 52.130147 1.668165
24.100464 62.500000 185 61.467132 1.966948
24.109465 62.500000 174 57.996170 1.855877
24.154542 62.500000 186 61.382309 1.964234
24.155928 62.500000 192 63.128384 2.020108
24.132881 62.500000 198 65.841302 2.106922
24.164993 62.500000 209 68.691764 2.198136
24.210148 62.500000 175 57.017150 1.824549
24.150168 62.500000 176 58.529093 1.872931
24.216074 62.500000 195 64.618944 2.067806
24.141001 62.500000 208 69.234826 2.215514
24.197272 62.500000 196 64.800945 2.073630
24.134023 62.500000 179 59.632458 1.908239
24.150585 62.500000 185 61.471661 1.967093
24.170392 62.500000 189 62.833415 2.010669
24.182306 62.500000 171 56.839692 1.818870
24.183429 62.500000 184 60.932310 1.949834
24.207935 62.500000 221 73.550936 2.353630
24.165778 62.500000 169 56.281193 1.800998
24.227039 62.500000 196 65.144323 2.084618
24.199275 62.500000 191 63.432410 2.029837
24.227193 62.500000 162 53.811879 1.721980
24.290769 62.500000 189 62.509581 2.000307
24.286364 62.500000 211 70.183232 2.245863
24.143218 62.500000 218 72.640154 2.324485
15.068308 62.500000 153 50.574380 1.618380
27.030610 62.500000 170 56.662529 1.813201
27.070204 62.500000 169 56.025214 1.792807
27.167924 62.500000 180 59.761037 1.912353
27.104690 62.500000 182 60.174773 1.925593
27.116456 62.500000 196 64.950586 2.078419
27.096599 62.500000 190 63.194991 2.022240
27.109682 62.500000 197 65.661909 2.101181
27.103473 62.500000 182 60.605863 1.939388
27.186487 62.500000 172 57.253534 1.832113
27.159796 62.500000 213 70.565270 2.258089
27.150714 62.500000 198 65.609978 2.099519
27.188596 62.500000 152 50.025864 1.600828
27.180416 62.500000 210 69.641962 2.228543
27.326063 62.500000 210 65.894958 2.108639
27.292580 62.500000 179 57.042019 1.825345
27.227946 62.500000 203 67.218295 2.150985
27.150189 62.500000 198 65.646270 2.100681
27.188866 62.500000 196 64.510159 2.064325
27.150451 62.500000 194 64.463602 2.062835
27.191607 62.500000 183 60.479283 1.935337
27.254680 62.500000 195 63.779498 2.040944
27.210992 62.500000 174 57.471975 1.839103
27.177998 62.500000 177 58.850796 1.883225
27.234897 62.500000 199 66.163428 2.117230
27.225797 62.500000 193 63.999506 2.047984
27.239530 62.500000 197 64.797208 2.073511
27.255084 62.500000 182 60.104780 1.923353
27.231602 62.500000 207 68.644691 2.196630
27.299220 62.500000 191 63.394996 2.028640
27.154057 62.500000 142 47.162932 1.509214
27.304729 62.500000 184 61.049233 1.953575
18.069669 62.500000 170 56.640966 1.812511
30.243729 62.500000 173 56.586957 1.810783
#type       avg     std     min     5th    10th    90th    95th    99th
read       66.9    20.8    37.4    50.9    53.0    82.6    92.1   121.3
update     70.6    20.9    41.1    53.8    56.0    87.2    97.1   125.5
op_q        1.0     0.0     1.0     1.0     1.0     1.1     1.1     1.1

Total QPS = 359770.8 (10793123 / 30.0s)

Misses = 0 (0.0%)
Skipped TXs = 0 (0.0%)

RX 1857360942 bytes :   59.0 MB/s
TX 1193329734 bytes :   37.9 MB/s
