3.000631 3055.555556 9060 3019.365371 96.619692
3.000088 3055.555556 9103 3034.244582 97.095827
3.000334 3055.555556 8981 2993.333847 95.786683
3.000185 3055.555556 9060 3019.813838 96.634043
3.000407 3055.555556 9286 3094.913171 99.037221
3.000113 3055.555556 9183 3060.884210 97.948295
3.000545 3055.555556 9223 3073.775388 98.360812
3.000006 3055.555556 9124 3041.327085 97.322467
3.000303 3055.555556 9251 3083.355219 98.667367
3.000175 3055.555556 8894 2964.494211 94.863815
3.000060 3055.555556 9288 3095.937814 99.070010
3.000350 3055.555556 9268 3088.972764 98.847128
3.000719 3055.555556 8983 2993.615753 95.795704
3.000917 3055.555556 9265 3087.389238 98.796456
3.000054 3055.555556 9118 3039.278758 97.256920
3.000390 3055.555556 9212 3070.267207 98.248551
3.000002 3055.555556 9215 3071.664682 98.293270
3.000230 3055.555556 9099 3032.767303 97.048554
3.000007 3055.555556 9013 3004.326407 96.138445
3.000303 3055.555556 9189 3062.690215 98.006087
3.000416 3055.555556 9237 3078.573305 98.514346
3.000372 3055.555556 9260 3086.283823 98.761082
3.000118 3055.555556 9109 3036.213554 97.158834
3.000033 3055.555556 9173 3057.632739 97.844248
3.000309 3055.555556 9262 3087.015170 98.784485
3.000060 3055.555556 9170 3056.606016 97.811393
3.000252 3055.555556 9043 3014.080150 96.450565
3.000048 3055.555556 9051 3016.951286 96.542441
3.000060 3055.555556 9077 3025.605729 96.819383
3.000337 3055.555556 9223 3073.988360 98.367628
3.000047 3055.555556 8967 2988.953331 95.646507
3.000238 3055.555556 9302 3100.420257 99.213448
6.000245 3055.555556 9205 3068.090332 98.178891
6.000365 3055.555556 9066 3021.692581 96.694163
6.000120 3055.555556 9109 3036.326476 97.162447
6.000206 3055.555556 8968 2989.215322 95.654890
6.001070 3055.555556 9264 3086.900711 98.780823
6.000040 3055.555556 9201 3066.965417 98.142893
6.000432 3055.555556 9224 3074.534418 98.385101
6.000193 3055.555556 9166 3055.191359 97.766123
6.000160 3055.555556 9219 3072.957108 98.334627
6.000335 3055.555556 9009 3002.724399 96.087181
6.000233 3055.555556 9376 3125.330442 100.010574
6.000733 3055.555556 8931 2976.685525 95.253937
6.000456 3055.555556 9071 3023.543653 96.753397
6.000263 3055.555556 9450 3149.918492 100.797392
6.000980 3055.555556 9237 3078.411877 98.509180
6.000133 3055.555556 9131 3043.565177 97.394086
6.000643 3055.555556 9166 3054.987302 97.759594
6.000456 3055.555556 9295 3098.224009 99.143168
6.000847 3055.555556 9425 3141.103526 100.515313
6.000972 3055.555556 9231 3076.261837 98.440379
6.000481 3055.555556 9240 3079.907364 98.557036
6.000548 3055.555556 9228 3075.996205 98.431879
6.000955 3055.555556 9012 3003.675252 96.117608
6.000209 3055.555556 9105 3034.837109 97.114787
6.000627 3055.555556 9191 3063.204649 98.022549
6.000811 3055.555556 9149 3049.220382 97.575052
6.000946 3055.555556 9114 3037.971036 97.215073
6.000377 3055.555556 9001 3000.292670 96.009365
6.000087 3055.555556 9373 3124.305439 99.977774
6.000814 3055.555556 9263 3087.568987 98.802208
6.000337 3055.555556 9124 3041.039582 97.313267
6.000644 3055.555556 9209 3069.251575 98.216050
9.001066 3055.555556 8944 2980.535549 95.377138
9.000094 3055.555556 9087 3028.945905 96.926269
9.000254 3055.555556 9117 3038.831333 97.242603
9.000606 3055.555556 9084 3027.872983 96.891935
9.000905 3055.555556 9137 3045.119512 97.443824
9.000268 3055.555556 9020 3006.605066 96.211362
9.000258 3055.555556 9257 3085.652892 98.740893
9.000358 3055.555556 9172 3057.131660 97.828213
9.000405 3055.555556 9204 3067.722074 98.167106
9.001187 3055.555556 8987 2995.123719 95.843959
9.000401 3055.555556 9330 3109.826123 99.514436
9.000230 3055.555556 9183 3060.962835 97.950811
9.001107 3055.555556 9239 3079.365886 98.539708
9.000532 3055.555556 9251 3083.243444 98.663790
9.000680 3055.555556 9164 3054.438939 97.742046
9.001794 3055.555556 8874 2956.681134 94.613796
9.000360 3055.555556 9320 3106.511244 99.408360
9.001919 3055.555556 9161 3052.153833 97.668923
9.000514 3055.555556 9064 3021.152741 96.676888
9.001188 3055.555556 9235 3077.866222 98.491719
9.000916 3055.555556 9066 3021.894521 96.700625
9.001014 3055.555556 9141 3046.965401 97.502893
9.001157 3055.555556 9054 3017.796892 96.569501
9.001150 3055.555556 8950 2982.564713 95.442071
9.000636 3055.555556 9354 3117.909022 99.773089
9.001070 3055.555556 9096 3031.775128 97.016804
9.001278 3055.555556 8977 2992.001719 95.744055
9.000682 3055.555556 9253 3084.276761 98.696856
9.001148 3055.555556 9171 3056.920598 97.821459
9.001553 3055.555556 9262 3086.735648 98.775541
9.000346 3055.555556 9034 3011.324173 96.362374
9.001291 3055.555556 9428 3141.989299 100.543658
12.000657 3055.555556 9263 3087.538420 98.801229
12.002101 3055.555556 9321 3106.432678 99.405846
12.000417 3055.555556 9223 3074.316611 98.378132
12.000465 3055.555556 9281 3093.556520 98.993809
12.000820 3055.555556 9062 3019.935099 96.637923
12.000702 3055.555556 9223 3074.309990 98.377920
12.000283 3055.555556 9289 3096.317060 99.082146
12.001575 3055.555556 9072 3023.609733 96.755511
12.001654 3055.555556 9124 3040.829633 97.306548
12.001574 3055.555556 9157 3051.255548 97.640178
12.000460 3055.555556 9135 3044.795096 97.433443
12.000627 3055.555556 9081 3026.598929 96.851166
12.000456 3055.555556 9157 3052.281102 97.672995
12.001023 3055.555556 9211 3070.324315 98.250378
12.001375 3055.555556 9056 3018.358902 96.587485
12.000962 3055.555556 9242 3080.607673 98.579446
12.000808 3055.555556 9372 3123.789581 99.961267
12.001220 3055.555556 9248 3082.593268 98.642985
12.001462 3055.555556 8992 2997.058248 95.905864
12.000685 3055.555556 9202 3067.282744 98.153048
12.001694 3055.555556 9079 3025.914038 96.829249
12.001268 3055.555556 9138 3045.794147 97.465413
12.000569 3055.555556 9036 3011.683304 96.373866
12.000738 3055.555556 9184 3060.947058 97.950306
12.001028 3055.555556 9209 3069.551685 98.225654
12.000695 3055.555556 9185 3061.652987 97.972896
12.001815 3055.555556 9315 3104.978127 99.359300
12.001368 3055.555556 9170 3056.400599 97.804819
12.001218 3055.555556 9141 3046.931391 97.501805
12.002011 3055.555556 9087 3028.907547 96.925042
12.000553 3055.555556 9180 3059.788979 97.913247
12.002251 3055.555556 9275 3090.677123 98.901668
15.001151 3055.555556 9284 3094.534715 99.025111
15.001117 3055.555556 9271 3089.828876 98.874524
15.000938 3055.555556 9440 3146.371190 100.683878
15.000443 3055.555556 9113 3037.640494 97.204496
15.000516 3055.555556 9104 3034.610109 97.107523
15.000392 3055.555556 9294 3097.888162 99.132421
15.000884 3055.555556 9063 3020.578429 96.658510
15.001133 3055.555556 9296 3098.221558 99.143090
15.000506 3055.555556 9057 3018.950069 96.606402
15.001544 3055.555556 8988 2995.419104 95.853411
15.000936 3055.555556 9095 3031.549960 97.009599
15.001343 3055.555556 9336 3111.673677 99.573558
15.001250 3055.555556 9219 3072.421139 98.317476
15.002107 3055.555556 9222 3073.535308 98.353130
15.001817 3055.555556 9277 3091.717266 98.934953
15.001465 3055.555556 9191 3062.995996 98.015872
15.001690 3055.555556 9315 3104.880978 99.356191
15.001364 3055.555556 9084 3027.902959 96.892895
15.000767 3055.555556 9052 3017.261445 96.552366
15.001965 3055.555556 9079 3025.825586 96.826419
15.002157 3055.555556 9070 3022.866486 96.731728
15.002074 3055.555556 9272 3089.785361 98.873132
15.002084 3055.555556 9279 3092.269552 98.952626
15.001055 3055.555556 9303 3100.672873 99.221532
15.000726 3055.555556 9263 3087.504965 98.800159
15.001585 3055.555556 9198 3065.989053 98.111650
15.002519 3055.555556 9203 3066.946573 98.142290
15.001461 3055.555556 9014 3004.573264 96.146344
15.002931 3055.555556 9086 3027.738220 96.887623
15.002105 3055.555556 9231 3076.995079 98.463843
15.000556 3055.555556 9019 3006.330156 96.202565
15.002639 3055.555556 9135 3044.607098 97.427427
18.001055 3055.555556 9180 3059.376016 97.900033
18.001229 3055.555556 9215 3071.368651 98.283797
18.001124 3055.555556 9208 3069.087572 98.210802
18.000959 3055.555556 8943 2980.559909 95.377917
18.000459 3055.555556 9068 3022.598778 96.723161
18.001514 3055.555556 9231 3076.609401 98.451501
18.001221 3055.555556 9327 3108.927753 99.485688
18.001715 3055.555556 9273 3090.974709 98.911191
18.001430 3055.555556 9124 3041.151265 97.316840
18.000563 3055.555556 9378 3125.940465 100.030095
18.001022 3055.555556 9286 3095.244540 99.047825
18.001871 3055.555556 9228 3075.583725 98.418679
18.001089 3055.555556 9292 3097.000351 99.104011
18.001753 3055.555556 9330 3109.597230 99.507111
18.003423 3055.555556 9305 3100.272406 99.208717
18.001561 3055.555556 9159 3052.982943 97.695454
18.001317 3055.555556 9315 3104.793105 99.353379
18.003209 3055.555556 9250 3081.416547 98.605330
18.001115 3055.555556 9252 3083.938037 98.686017
18.001786 3055.555556 9151 3050.002973 97.600095
18.002185 3055.555556 8955 2984.403046 95.500897
18.002269 3055.555556 9231 3075.418458 98.413391
18.002211 3055.555556 9262 3087.202641 98.790485
18.002421 3055.555556 9186 3061.384048 97.964290
18.002438 3055.555556 9164 3054.185416 97.733933
18.003766 3055.555556 9170 3054.975951 97.759230
18.002168 3055.555556 9144 3047.989117 97.535652
18.002142 3055.555556 8930 2976.632209 95.252231
18.003164 3055.555556 9150 3049.763040 97.592417
18.002555 3055.555556 9097 3032.297334 97.033515
18.000827 3055.555556 9424 3141.049285 100.513577
18.003518 3055.555556 9330 3109.088094 99.490819
21.001892 3055.555556 9164 3054.525454 97.744815
21.001186 3055.555556 9147 3048.866670 97.563733
21.001290 3055.555556 9219 3072.928748 98.333720
21.001865 3055.555556 9284 3093.217143 98.982949
21.002182 3055.555556 8945 2980.615075 95.379682
21.001804 3055.555556 9410 3136.412320 100.365194
21.001715 3055.555556 9097 3031.568652 97.010197
21.001472 3055.555556 9274 3090.869522 98.907825
21.000730 3055.555556 9234 3077.829092 98.490531
21.001585 3055.555556 9113 3037.165176 97.189286
21.001231 3055.555556 9247 3082.331337 98.634603
21.001642 3055.555556 8948 2982.539542 95.441265
21.001394 3055.555556 9174 3057.921611 97.853492
21.002927 3055.555556 9183 3060.501037 97.936033
21.001128 3055.555556 9161 3053.652967 97.716895
21.001966 3055.555556 9159 3052.744479 97.687823
21.001894 3055.555556 8884 2960.875031 94.748001
21.002187 3055.555556 9256 3085.286653 98.729173
21.003573 3055.555556 9379 3125.272396 100.008717
21.002163 3055.555556 9239 3079.279960 98.536959
21.002598 3055.555556 9278 3092.484741 98.959512
21.002479 3055.555556 8955 2984.690343 95.510091
21.003046 3055.555556 9192 3063.120438 98.019854
21.002478 3055.555556 9084 3027.387399 96.876397
21.003322 3055.555556 9052 3017.219524 96.551025
21.002431 3055.555556 9091 3030.111185 96.963558
21.003227 3055.555556 9146 3048.603111 97.555300
21.003692 3055.555556 9123 3040.727497 97.303280
21.002411 3055.555556 9019 3006.190844 96.198107
21.003813 3055.555556 8998 2999.285852 95.977147
21.001491 3055.555556 9069 3022.331145 96.714597
21.003549 3055.555556 9355 3118.301469 99.785647
24.001642 3055.555556 9152 3050.493807 97.615802
24.002089 3055.555556 9083 3026.965281 96.862889
24.001650 3055.555556 9394 3130.896144 100.188677
24.002058 3055.555556 9324 3107.644709 99.444631
24.001347 3055.555556 9340 3112.693158 99.606181
24.001438 3055.555556 9125 3041.517064 97.328546
24.002376 3055.555556 9159 3051.789379 97.657260
24.002268 3055.555556 9187 3062.245943 97.991870
24.001644 3055.555556 9112 3037.331087 97.194595
24.002742 3055.555556 9194 3064.348819 98.059162
24.004014 3055.555556 9071 3022.240026 96.711681
24.002096 3055.555556 8992 2997.041473 95.905327
24.002056 3055.555556 9286 3095.239941 99.047678
24.001232 3055.555556 9093 3030.894857 96.988635
24.002194 3055.555556 9074 3024.334499 96.778704
24.001952 3055.555556 9263 3087.604922 98.803358
24.002645 3055.555556 8904 2967.835705 94.970743
24.001923 3055.555556 9196 3064.987669 98.079605
24.002632 3055.555556 9393 3130.840447 100.186894
24.002651 3055.555556 9044 3014.200730 96.454423
24.002370 3055.555556 8987 2995.191473 95.846127
24.002377 3055.555556 9195 3064.781464 98.073007
24.002937 3055.555556 9161 3053.656363 97.717004
24.002941 3055.555556 9280 3092.787425 98.969198
24.003359 3055.555556 9232 3077.012295 98.464393
24.003242 3055.555556 9316 3105.317382 99.370156
24.004139 3055.555556 9218 3072.087787 98.306809
24.003766 3055.555556 9113 3037.590968 97.202911
24.003567 3055.555556 9175 3058.083864 97.858684
24.003835 3055.555556 9292 3097.310402 99.113933
24.001764 3055.555556 9273 3090.719186 98.903014
24.003566 3055.555556 9255 3084.982149 98.719429
27.002085 3055.555556 9235 3077.879210 98.492135
27.001590 3055.555556 9087 3028.846684 96.923094
27.001876 3055.555556 9257 3085.434277 98.733897
27.002170 3055.555556 9093 3030.468662 96.974997
27.002074 3055.555556 9131 3042.928827 97.373722
27.003668 3055.555556 9347 3114.705294 99.670569
27.002898 3055.555556 9196 3064.514514 98.064464
27.003051 3055.555556 9222 3072.983517 98.335473
27.002083 3055.555556 9278 3092.531855 98.961019
27.002258 3055.555556 9032 3010.602519 96.339281
27.001902 3055.555556 9140 3045.987301 97.471594
27.002699 3055.555556 9362 3120.616969 99.859743
27.003771 3055.555556 9240 3079.144345 98.532619
27.002371 3055.555556 9290 3096.375525 99.084017
27.003075 3055.555556 9063 3020.186987 96.645984
27.002174 3055.555556 9155 3051.547325 97.649514
27.005905 3055.555556 9116 3034.638652 97.108437
27.002617 3055.555556 9241 3080.086399 98.562765
27.003363 3055.555556 9174 3057.255236 97.832168
27.004127 3055.555556 9102 3032.224489 97.031184
27.003094 3055.555556 9042 3013.279699 96.424950
27.004265 3055.555556 9259 3086.203351 98.758507
27.002687 3055.555556 9213 3070.956466 98.270607
27.003731 3055.555556 9039 3012.509306 96.400298
27.003792 3055.555556 9041 3013.440509 96.430096
27.003887 3055.555556 9185 3061.128405 97.956109
27.004021 3055.555556 9061 3020.146157 96.644677
27.003829 3055.555556 9047 3014.774431 96.472782
27.004018 3055.555556 9149 3049.661874 97.589180
27.004196 3055.555556 9104 3034.232453 97.095438
27.001884 3055.555556 9086 3028.544691 96.913430
27.003697 3055.555556 9265 3088.199270 98.822377
30.002348 3055.555556 9186 3061.226736 97.959256
#type       avg     std     min     5th    10th    90th    95th    99th
read      680.2  1451.2    88.2   388.1   427.9   941.7  1079.5  1269.6
update    681.3  1325.3   117.4   388.6   428.3   951.3  1090.4  1270.7
op_q        3.4     2.7     1.0     1.0     1.1     5.7     6.8     9.1

Total QPS = 219858.3 (6595749 / 30.0s)

Misses = 0 (0.0%)
Skipped TXs = 0 (0.0%)

RX 1138869559 bytes :   36.2 MB/s
TX  730414226 bytes :   23.2 MB/s
