3.014687 62.500000 167 55.395475 1.772655
3.020134 62.500000 167 55.295554 1.769458
3.004422 62.500000 194 64.571485 2.066288
3.001540 62.500000 172 57.303915 1.833725
3.009219 62.500000 169 56.160754 1.797144
3.103766 62.500000 211 67.981919 2.175421
3.001895 62.500000 189 62.960224 2.014727
3.060673 62.500000 195 63.711478 2.038767
3.015981 62.500000 165 54.708569 1.750674
3.004609 62.500000 176 58.576673 1.874454
3.018345 62.500000 190 62.948407 2.014349
3.021684 62.500000 169 55.929070 1.789730
3.015131 62.500000 173 57.377275 1.836073
3.023103 62.500000 188 62.187754 1.990008
3.078043 62.500000 170 55.229897 1.767357
3.000829 62.500000 165 54.984808 1.759514
3.060339 62.500000 211 68.946621 2.206292
3.010929 62.500000 215 71.406528 2.285009
3.005667 62.500000 168 55.894410 1.788621
3.023672 62.500000 199 65.814019 2.106049
3.011847 62.500000 171 56.775792 1.816825
3.026908 62.500000 147 48.564406 1.554061
3.022983 62.500000 164 54.251053 1.736034
3.000661 62.500000 175 58.320479 1.866255
3.056324 62.500000 181 59.221477 1.895087
3.064186 62.500000 199 64.943830 2.078203
3.001894 62.500000 213 70.955199 2.270566
3.005644 62.500000 216 71.864810 2.299674
3.003213 62.500000 186 61.933674 1.981878
3.006618 62.500000 198 65.854723 2.107351
3.020016 62.500000 175 57.946716 1.854295
6.041873 62.500000 162 53.334192 1.706694
6.012179 62.500000 196 65.191828 2.086139
6.017103 62.500000 175 58.018593 1.856595
6.004806 62.500000 145 48.280769 1.544985
6.055664 62.500000 179 58.790022 1.881281
6.042279 62.500000 189 62.435013 1.997920
6.005388 62.500000 184 61.317405 1.962157
6.019964 62.500000 194 64.253240 2.056104
6.028806 62.500000 188 62.547759 2.001528
6.005579 62.500000 208 69.248310 2.215946
6.116275 62.500000 195 64.730100 2.071363
6.081141 62.500000 158 51.547055 1.649506
6.013917 62.500000 162 53.962759 1.726808
6.031826 62.500000 214 70.928103 2.269699
6.059910 62.500000 163 53.622378 1.715916
6.018060 62.500000 161 53.445470 1.710255
6.027423 62.500000 211 70.199043 2.246369
6.029034 62.500000 170 56.465480 1.806895
6.106970 62.500000 190 62.442817 1.998170
6.010389 62.500000 210 69.972697 2.239126
6.052185 62.500000 148 48.868862 1.563804
6.008385 62.500000 166 55.213864 1.766844
6.006626 62.500000 180 59.931803 1.917818
6.083783 62.500000 177 58.542497 1.873360
6.071100 62.500000 199 65.370393 2.091853
6.073110 62.500000 220 73.030580 2.336979
6.036650 62.500000 185 61.387010 1.964384
6.038672 62.500000 218 71.898456 2.300751
6.077711 62.500000 188 62.223062 1.991138
6.078422 62.500000 171 56.992799 1.823770
6.030738 62.500000 163 54.139841 1.732475
9.061387 62.500000 197 64.643802 2.068602
9.021799 62.500000 173 57.576553 1.842450
9.014450 62.500000 187 62.286182 1.993158
9.011397 62.500000 203 67.531412 2.161005
9.016528 62.500000 195 64.824055 2.074370
9.031392 62.500000 203 67.072275 2.146313
9.033366 62.500000 168 55.919245 1.789416
9.057818 62.500000 194 63.559902 2.033917
9.036058 62.500000 197 65.109582 2.083507
9.102127 62.500000 202 66.306394 2.121805
9.041581 62.500000 191 63.396721 2.028695
9.060551 62.500000 215 71.232792 2.279449
9.017642 62.500000 191 63.433757 2.029880
9.137485 62.500000 198 63.754603 2.040147
9.034551 62.500000 214 71.164261 2.277256
9.047213 62.500000 171 56.898724 1.820759
9.035236 62.500000 196 65.002427 2.080078
9.078646 62.500000 194 64.101279 2.051241
9.018549 62.500000 206 68.655479 2.196975
9.061442 62.500000 190 63.301007 2.025632
9.107417 62.500000 205 67.740035 2.167681
9.038261 62.500000 174 57.968861 1.855004
9.092173 62.500000 194 64.258349 2.056267
9.182813 62.500000 201 64.858999 2.075488
9.076870 62.500000 170 56.557878 1.809852
9.107825 62.500000 182 60.063746 1.922040
9.080434 62.500000 211 70.286209 2.249159
9.039455 62.500000 197 65.649542 2.100785
9.117030 62.500000 200 66.649896 2.132797
9.119576 62.500000 168 55.765678 1.784502
9.037891 62.500000 197 65.510467 2.096335
12.085298 125.000000 305 101.381874 3.244220
12.012843 125.000000 302 100.618163 3.219781
12.026402 125.000000 317 105.247360 3.367916
12.018212 125.000000 294 97.981372 3.135404
12.024396 125.000000 336 111.903125 3.580900
12.042767 125.000000 302 100.286415 3.209165
12.061335 125.000000 338 111.929640 3.581748
12.043684 125.000000 377 125.285238 4.009128
12.065753 125.000000 300 99.854678 3.195350
12.052883 125.000000 326 108.461674 3.470774
12.075556 125.000000 293 97.180605 3.109779
12.035563 125.000000 350 116.581298 3.730602
12.044525 125.000000 275 91.383713 2.924279
12.057772 125.000000 301 99.612318 3.187594
12.021247 125.000000 289 96.182053 3.077826
12.089499 125.000000 348 114.925162 3.677605
12.021990 125.000000 309 102.881972 3.292223
12.058048 125.000000 325 107.623483 3.443951
12.067915 125.000000 326 108.302146 3.465669
12.095303 125.000000 318 105.889508 3.388464
12.082652 125.000000 308 102.529764 3.280952
12.129958 125.000000 322 106.532887 3.409052
12.102353 125.000000 340 113.324813 3.626394
12.082062 125.000000 338 112.605548 3.603378
12.043215 125.000000 316 105.201448 3.366446
12.119566 125.000000 296 98.583352 3.154667
12.143700 125.000000 358 119.086615 3.810772
12.109204 125.000000 317 105.618117 3.379780
12.131969 125.000000 326 108.219612 3.463028
12.190308 125.000000 302 100.415816 3.213306
12.044287 125.000000 268 89.143282 2.852585
3.024294 62.500000 186 61.501954 1.968063
15.027071 125.000000 370 122.751160 3.928037
15.118221 125.000000 358 115.624471 3.699983
15.030019 125.000000 367 122.186024 3.909953
15.024570 125.000000 379 126.326009 4.042432
15.035576 125.000000 354 117.999509 3.775984
15.054047 125.000000 390 129.513054 4.144418
15.044464 125.000000 394 131.299216 4.201575
15.054875 125.000000 367 122.252160 3.912069
15.028671 125.000000 363 120.701289 3.862441
15.018377 125.000000 342 113.993718 3.647799
15.081484 125.000000 364 121.094084 3.875011
15.094121 125.000000 392 129.442628 4.142164
15.045030 125.000000 391 130.311418 4.169965
15.062332 125.000000 392 130.623259 4.179944
15.097073 125.000000 372 123.406789 3.949017
15.069113 125.000000 342 113.570694 3.634262
15.106663 125.000000 406 134.563485 4.306032
15.068588 125.000000 368 122.639136 3.924452
15.063670 125.000000 375 124.766182 3.992518
15.107505 125.000000 419 139.100914 4.451229
15.087502 125.000000 355 118.246459 3.783887
15.133728 125.000000 416 138.492621 4.431764
15.125648 125.000000 390 128.998297 4.127946
15.097399 125.000000 398 131.991867 4.223740
15.055228 125.000000 374 124.169468 3.973423
15.124444 125.000000 380 126.461008 4.046752
15.112740 125.000000 402 133.842259 4.282952
15.144367 125.000000 337 112.308373 3.593868
15.141290 125.000000 409 135.911044 4.349153
15.197201 125.000000 368 122.385469 3.916335
15.054105 125.000000 374 124.259970 3.976319
6.038786 62.500000 202 67.009630 2.144308
18.102088 125.000000 372 121.310464 3.881935
18.029163 125.000000 408 135.792081 4.345347
18.043272 125.000000 342 113.387685 3.628406
18.034965 125.000000 336 111.815638 3.578100
18.040621 125.000000 379 125.832101 4.026627
18.044795 125.000000 398 132.652025 4.244865
18.108085 125.000000 389 127.406889 4.077020
18.061387 125.000000 367 122.034757 3.905112
18.021552 125.000000 348 115.877376 3.708076
18.064910 125.000000 399 132.885799 4.252346
18.080337 125.000000 354 117.560170 3.761925
18.106350 125.000000 369 122.500671 3.920021
18.051307 125.000000 392 130.393825 4.172602
18.091138 125.000000 368 122.273187 3.912742
18.070592 125.000000 432 143.903901 4.604925
18.064538 125.000000 386 128.629471 4.116143
18.115627 125.000000 355 118.013832 3.776443
18.115855 125.000000 381 126.612052 4.051586
18.098353 125.000000 370 123.280717 3.944983
18.104719 125.000000 392 129.921024 4.157473
18.074772 125.000000 351 116.242724 3.719767
18.136840 125.000000 378 125.869417 4.027821
18.148519 125.000000 364 120.367408 3.851757
18.112331 125.000000 429 142.291788 4.553337
18.130048 125.000000 363 120.822821 3.866330
18.115241 125.000000 389 129.558646 4.145877
18.177455 125.000000 394 129.900614 4.156820
18.127591 125.000000 353 117.300292 3.753609
18.141770 125.000000 398 132.645459 4.244655
18.199237 125.000000 384 127.913191 4.093222
18.060309 125.000000 327 108.775076 3.480802
9.050665 62.500000 197 65.407680 2.093046
21.080999 125.000000 356 116.873316 3.739946
21.067845 125.000000 379 126.061958 4.033983
21.043216 125.000000 385 127.735006 4.087520
21.050785 125.000000 326 108.395199 3.468646
21.048389 125.000000 367 122.186946 3.909982
21.083130 125.000000 393 130.209199 4.166694
21.056651 125.000000 311 103.482322 3.311434
21.023981 125.000000 372 123.899692 3.964790
21.109005 125.000000 370 123.049599 3.937587
21.040697 125.000000 354 117.996992 3.775904
21.082449 125.000000 388 128.824155 4.122373
21.092706 125.000000 374 124.601546 3.987249
21.086073 125.000000 348 115.778610 3.704916
21.068583 125.000000 393 130.823585 4.186355
21.107735 125.000000 403 134.271324 4.296682
21.108253 125.000000 422 140.203974 4.486527
21.117390 125.000000 393 130.594956 4.179039
21.135129 125.000000 362 119.887314 3.836394
21.117854 125.000000 417 138.907427 4.445038
21.118887 125.000000 442 146.640809 4.692506
21.124601 125.000000 360 119.626780 3.828057
21.186257 125.000000 353 115.502548 3.696082
21.137697 125.000000 368 122.631639 3.924212
21.085083 125.000000 368 122.246521 3.911889
21.146629 125.000000 360 118.643574 3.796594
21.155811 125.000000 347 115.127832 3.684091
21.152917 125.000000 353 117.494400 3.759821
21.135950 125.000000 398 132.298016 4.233537
21.186184 125.000000 385 127.960980 4.094751
21.248337 125.000000 317 103.965103 3.326883
21.066663 125.000000 373 124.070529 3.970257
12.063490 125.000000 289 95.923249 3.069544
24.041250 125.000000 381 126.273123 4.040740
24.069107 125.000000 395 131.611278 4.211561
24.051790 125.000000 351 116.960816 3.742746
24.044576 125.000000 372 123.943809 3.966202
24.072091 125.000000 356 117.736487 3.767568
24.042496 125.000000 396 131.920927 4.221470
24.090063 125.000000 371 123.502417 3.952077
24.100242 125.000000 391 129.594132 4.147012
24.057246 125.000000 354 117.976619 3.775252
24.083897 125.000000 359 119.551162 3.825637
24.098189 125.000000 345 114.790169 3.673285
24.083720 125.000000 364 121.281944 3.881022
24.253232 125.000000 349 113.790196 3.641286
24.085880 125.000000 416 137.871765 4.411896
24.110229 125.000000 346 115.237550 3.687602
24.152266 125.000000 334 109.750706 3.512023
24.118118 125.000000 404 134.654830 4.308955
24.128327 125.000000 394 130.460384 4.174732
24.119397 125.000000 378 125.915742 4.029304
24.136339 125.000000 334 111.288453 3.561230
24.138196 125.000000 385 128.312004 4.105984
24.149759 125.000000 373 123.066913 3.938141
24.127908 125.000000 355 118.203027 3.782497
24.160123 125.000000 369 122.705288 3.926569
24.092869 125.000000 356 118.359462 3.787503
24.157554 125.000000 356 118.236104 3.783555
24.178411 125.000000 386 126.871001 4.059872
24.196036 125.000000 381 126.587361 4.050796
24.156677 125.000000 405 134.961049 4.318754
24.072244 125.000000 355 118.113608 3.779635
24.250817 125.000000 404 134.555409 4.305773
15.065041 125.000000 371 123.602762 3.955288
27.053344 125.000000 386 128.600047 4.115202
27.044624 125.000000 378 125.997965 4.031935
27.078010 125.000000 339 112.665666 3.605301
27.061242 125.000000 363 120.248601 3.847955
27.103161 125.000000 381 126.189677 4.038070
27.050088 125.000000 383 127.291644 4.073333
27.069661 125.000000 399 132.451860 4.238460
27.087831 125.000000 375 124.347589 3.979123
27.102734 125.000000 381 126.807914 4.057853
27.108776 125.000000 392 130.295991 4.169472
27.085503 125.000000 356 118.596186 3.795078
27.101445 125.000000 382 126.852051 4.059266
27.131111 125.000000 389 129.162321 4.133194
27.125583 125.000000 347 115.077673 3.682486
27.121150 125.000000 370 123.208817 3.942682
27.098709 125.000000 380 126.127287 4.036073
27.138846 125.000000 367 122.231191 3.911398
27.132232 125.000000 342 113.851807 3.643258
27.139490 125.000000 368 122.613769 3.923641
27.176916 125.000000 391 129.607825 4.147450
27.194058 125.000000 364 119.874699 3.835990
27.133768 125.000000 387 128.748526 4.119953
27.158994 125.000000 420 139.686734 4.469975
27.095087 125.000000 396 131.902471 4.220879
27.158744 125.000000 383 127.285437 4.073134
27.162852 125.000000 384 127.737084 4.087587
27.196385 125.000000 351 116.986400 3.743565
27.256797 125.000000 334 111.111862 3.555580
27.178454 125.000000 408 135.998037 4.351937
27.094747 125.000000 346 114.474666 3.663189
27.287527 125.000000 380 125.235019 4.007521
18.069570 125.000000 373 124.145928 3.972670
#type       avg     std     min     5th    10th    90th    95th    99th
read       66.0    14.2    37.4    51.1    53.2    80.6    89.3   114.8
update     69.5    15.7    41.1    54.3    56.1    85.6    94.5   119.1
op_q        1.0     0.0     1.0     1.0     1.0     1.1     1.1     1.1

Total QPS = 299647.1 (8989413 / 30.0s)

Misses = 0 (0.0%)
Skipped TXs = 0 (0.0%)

RX 1545255105 bytes :   49.1 MB/s
TX  992791435 bytes :   31.6 MB/s
