3.000921 3125.000000 9236 3077.721950 98.487102
3.000433 3125.000000 9320 3106.218013 99.398976
3.000567 3125.000000 9563 3187.063833 101.986043
3.000122 3125.000000 9306 3101.873909 99.259965
3.000236 3125.000000 9290 3096.422590 99.085523
3.000025 3125.000000 9346 3115.307814 99.689850
3.000314 3125.000000 9376 3125.006212 100.000199
3.002147 3125.000000 9307 3100.114765 99.203672
3.000538 3125.000000 9397 3131.772149 100.216709
3.000065 3125.000000 9476 3158.598581 101.075155
3.000305 3125.000000 9248 3082.352886 98.635292
3.000022 3125.000000 9251 3083.644386 98.676620
3.000018 3125.000000 9429 3142.980817 100.575386
3.000261 3125.000000 9332 3110.396153 99.532677
3.000224 3125.000000 9161 3053.438918 97.710045
3.000130 3125.000000 9472 3157.196959 101.030303
3.001138 3125.000000 9344 3113.485108 99.631523
3.000720 3125.000000 9207 3068.264061 98.184450
3.000096 3125.000000 9282 3093.900934 99.004830
3.000123 3125.000000 9403 3134.204627 100.294548
3.003387 3125.000000 9147 3045.561440 97.457966
3.000082 3125.000000 9589 3196.245901 102.279869
3.000140 3125.000000 9541 3180.185320 101.765930
3.000143 3125.000000 9203 3067.520539 98.160657
3.000056 3125.000000 9462 3153.941395 100.926125
3.000113 3125.000000 9352 3117.215833 99.750907
3.000929 3125.000000 9467 3154.690055 100.950082
3.000131 3125.000000 9351 3116.864273 99.739657
3.000020 3125.000000 9284 3094.645751 99.028664
3.000331 3125.000000 9189 3062.661975 98.005183
3.000125 3125.000000 9398 3132.536547 100.241170
3.001333 3125.000000 9627 3207.574446 102.642382
6.000674 3125.000000 9459 3152.410526 100.877137
6.000148 3125.000000 9426 3141.912744 100.541208
6.000340 3125.000000 9263 3087.442360 98.798156
6.000066 3125.000000 9245 3081.620730 98.611863
6.000372 3125.000000 9484 3161.028175 101.152902
6.000522 3125.000000 9374 3124.368940 99.979806
6.000200 3125.000000 9449 3149.586004 100.786752
6.000277 3125.000000 9494 3164.610334 101.267531
6.000386 3125.000000 9219 3072.872320 98.331914
6.000743 3125.000000 9523 3173.649141 101.556773
6.000178 3125.000000 9607 3202.281636 102.473012
6.000183 3125.000000 9322 3107.162872 99.429212
6.000038 3125.000000 9375 3124.985987 99.999552
6.000191 3125.000000 9332 3110.526235 99.536840
6.000777 3125.000000 9439 3146.272601 100.680723
6.000507 3125.000000 9488 3162.589339 101.202859
6.000739 3125.000000 9155 3051.492040 97.647745
6.000447 3125.000000 9519 3172.850557 101.531218
6.001136 3125.000000 9158 3052.447914 97.678333
6.000413 3125.000000 9363 3120.719413 99.863021
6.000307 3125.000000 9289 3096.160645 99.077141
6.001430 3125.000000 9403 3133.401677 100.268854
6.000539 3125.000000 9245 3081.247372 98.599916
6.000799 3125.000000 9347 3114.858459 99.675471
6.000777 3125.000000 9594 3197.506670 102.320213
6.001062 3125.000000 9413 3137.527468 100.400879
6.001284 3125.000000 9262 3087.183923 98.789886
6.000757 3125.000000 9573 3190.546680 102.097494
6.002413 3125.000000 9559 3186.050553 101.953618
6.000271 3125.000000 9349 3116.181440 99.717806
6.003786 3125.000000 9331 3109.919714 99.517431
6.001699 3125.000000 9264 3087.623699 98.803958
9.000578 3125.000000 9229 3075.927735 98.429688
9.000438 3125.000000 9338 3112.598098 99.603139
9.000207 3125.000000 9443 3147.636250 100.724360
9.000138 3125.000000 9451 3150.258441 100.808270
9.000171 3125.000000 9215 3071.530491 98.288976
9.000385 3125.000000 9311 3103.620017 99.315841
9.000223 3125.000000 9381 3126.921792 100.061497
9.000724 3125.000000 9373 3124.044363 99.969420
9.000596 3125.000000 9298 3099.240606 99.175699
9.000662 3125.000000 9094 3031.081102 96.994595
9.000431 3125.000000 9564 3187.951584 102.014451
9.000371 3125.000000 9349 3116.155871 99.716988
9.001015 3125.000000 9514 3171.041353 101.473323
9.000301 3125.000000 9224 3074.554506 98.385744
9.000759 3125.000000 9154 3051.092234 97.634951
9.000831 3125.000000 9401 3133.574677 100.274390
9.000331 3125.000000 9354 3117.944415 99.774221
9.000580 3125.000000 9599 3199.622529 102.387921
9.000846 3125.000000 9406 3135.261762 100.328376
9.000311 3125.000000 9193 3064.328810 98.058522
9.001462 3125.000000 9114 3037.819488 97.210224
9.000866 3125.000000 9150 3049.805027 97.593761
9.001607 3125.000000 9298 3099.149715 99.172791
9.001179 3125.000000 9500 3166.621013 101.331872
9.001197 3125.000000 9598 3198.885262 102.364328
9.001129 3125.000000 9407 3135.321188 100.330278
9.001105 3125.000000 9316 3105.289137 99.369252
9.000925 3125.000000 9294 3097.826914 99.130461
9.002567 3125.000000 9603 3200.835885 102.426748
9.000397 3125.000000 9290 3096.536662 99.089173
9.003898 3125.000000 9417 3138.882861 100.444252
9.001825 3125.000000 9517 3172.199987 101.510400
12.001540 3125.000000 9428 3142.289069 100.553250
12.000250 3125.000000 9362 3120.638485 99.860432
12.000636 3125.000000 9489 3162.677600 101.205683
12.001301 3125.000000 9475 3157.853970 101.051327
12.000721 3125.000000 9477 3158.421310 101.069482
12.000719 3125.000000 9278 3092.369733 98.955831
12.000388 3125.000000 9301 3100.315291 99.210089
12.000328 3125.000000 9499 3166.316269 101.322121
12.000211 3125.000000 9495 3164.923002 101.277536
12.000830 3125.000000 9416 3138.200873 100.422428
12.000337 3125.000000 9306 3101.962668 99.262805
12.001178 3125.000000 9458 3152.226648 100.871253
12.000603 3125.000000 9451 3149.917828 100.797370
12.000650 3125.000000 9429 3142.925249 100.573608
12.005011 3125.000000 9641 3209.194623 102.694228
12.000758 3125.000000 9240 3079.670817 98.549466
12.000801 3125.000000 9729 3242.917302 103.773354
12.000715 3125.000000 9184 3061.212628 97.958804
12.000693 3125.000000 9359 3119.634577 99.828306
12.001504 3125.000000 9322 3106.826782 99.418457
12.000728 3125.000000 9504 3167.843942 101.371006
12.001183 3125.000000 9566 3188.582795 102.034649
12.000955 3125.000000 9128 3042.635711 97.364343
12.000918 3125.000000 9281 3093.613278 98.995625
12.001763 3125.000000 9249 3082.690319 98.646090
12.001491 3125.000000 9133 3044.035293 97.409129
12.001846 3125.000000 9201 3066.755852 98.136187
12.001597 3125.000000 9515 3171.172305 101.477514
12.002593 3125.000000 9412 3137.305876 100.393788
12.000517 3125.000000 9429 3142.873649 100.571957
12.004464 3125.000000 9410 3136.074696 100.354390
12.001883 3125.000000 9374 3124.606331 99.987403
15.001249 3125.000000 9330 3109.054474 99.489743
15.000365 3125.000000 9501 3166.878433 101.340110
15.000980 3125.000000 9227 3075.407955 98.413055
15.000361 3125.000000 9551 3183.506651 101.872213
15.002679 3125.000000 9418 3138.462336 100.430795
15.000466 3125.000000 9278 3092.586831 98.962779
15.000804 3125.000000 9332 3110.619601 99.539827
15.001709 3125.000000 9322 3106.304227 99.401735
15.001133 3125.000000 9496 3164.896294 101.276681
15.000784 3125.000000 9378 3125.860430 100.027534
15.000999 3125.000000 9409 3136.126513 100.356048
15.000612 3125.000000 9654 3217.989890 102.975676
15.001593 3125.000000 9493 3163.528955 101.232927
15.001566 3125.000000 9354 3117.596576 99.763090
15.000738 3125.000000 9378 3125.981535 100.031409
15.001550 3125.000000 9494 3164.619025 101.267809
15.001511 3125.000000 9430 3143.114085 100.579651
15.001567 3125.000000 9389 3128.696705 100.118295
15.001759 3125.000000 9212 3070.441747 98.254136
15.000859 3125.000000 9443 3147.492952 100.719774
15.000441 3125.000000 9219 3072.884193 98.332294
15.001939 3125.000000 9287 3095.484929 99.055518
15.001258 3125.000000 9344 3114.588993 99.666848
15.001083 3125.000000 9449 3149.493514 100.783792
15.001149 3125.000000 9455 3151.463797 100.846841
15.002017 3125.000000 9355 3117.896241 99.772680
15.001504 3125.000000 9499 3166.318982 101.322207
15.002680 3125.000000 9179 3059.578310 97.906506
15.000768 3125.000000 9578 3192.399601 102.156787
15.004478 3125.000000 9480 3159.986059 101.119554
15.005033 3125.000000 9418 3139.310897 100.457949
15.002069 3125.000000 9447 3148.804709 100.761751
18.000839 3125.000000 9337 3112.275988 99.592832
18.001134 3125.000000 9369 3122.304458 99.913743
18.001364 3125.000000 9571 3189.945054 102.078242
18.000443 3125.000000 9358 3119.248258 99.815944
18.000779 3125.000000 9229 3076.291570 98.441330
18.000691 3125.000000 9309 3102.662988 99.285216
18.001316 3125.000000 9365 3121.133349 99.876267
18.002112 3125.000000 9539 3178.752067 101.720066
18.001097 3125.000000 9431 3143.416755 100.589336
18.002121 3125.000000 9342 3113.811944 99.641982
18.003111 3125.000000 9492 3162.574927 101.202398
18.000650 3125.000000 9354 3117.960625 99.774740
18.000841 3125.000000 9625 3207.905148 102.652965
18.001160 3125.000000 9328 3109.147286 99.492713
18.001905 3125.000000 9337 3111.532845 99.569051
18.001883 3125.000000 9417 3138.668613 100.437396
18.001597 3125.000000 9368 3122.634992 99.924320
18.001738 3125.000000 9450 3149.848230 100.795143
18.001946 3125.000000 9397 3131.615882 100.211708
18.001735 3125.000000 9316 3105.306152 99.369797
18.002359 3125.000000 9454 3150.435863 100.813948
18.001554 3125.000000 9629 3209.661923 102.709182
18.001558 3125.000000 9410 3136.616894 100.371741
18.001189 3125.000000 9449 3149.555115 100.785764
18.003205 3125.000000 9357 3118.453375 99.790508
18.001580 3125.000000 9540 3179.542842 101.745371
18.002732 3125.000000 9322 3107.279142 99.432933
18.002138 3125.000000 9339 3112.874582 99.611987
18.000815 3125.000000 9501 3166.950993 101.342432
18.006067 3125.000000 9320 3105.595753 99.379064
18.005135 3125.000000 9382 3126.647752 100.052728
18.002767 3125.000000 9273 3090.280786 98.888985
21.002063 3125.000000 9293 3096.895579 99.100659
21.000786 3125.000000 9386 3128.567952 100.114174
21.001923 3125.000000 9620 3205.085875 102.562748
21.000827 3125.000000 9335 3111.483337 99.567467
21.001213 3125.000000 9181 3060.252874 97.928092
21.001729 3125.000000 9297 3098.819412 99.162221
21.000818 3125.000000 9520 3173.292527 101.545361
21.001334 3125.000000 9295 3097.822433 99.130318
21.002215 3125.000000 9337 3111.450615 99.566420
21.000889 3125.000000 9545 3181.615886 101.811708
21.001398 3125.000000 9350 3116.449460 99.726383
21.001841 3125.000000 9513 3170.742094 101.463747
21.001986 3125.000000 9283 3093.892310 99.004554
21.002378 3125.000000 9437 3145.396486 100.652688
21.001283 3125.000000 9457 3152.137738 100.868408
21.002771 3125.000000 9445 3147.669504 100.725424
21.002276 3125.000000 9567 3188.424648 102.029589
21.002409 3125.000000 9248 3081.977106 98.623267
21.001364 3125.000000 9368 3122.453822 99.918522
21.002467 3125.000000 9437 3145.078026 100.642497
21.001924 3125.000000 9462 3153.956658 100.926613
21.002237 3125.000000 9322 3107.031705 99.425015
21.002664 3125.000000 9342 3113.427785 99.629689
21.003141 3125.000000 9206 3068.636519 98.196369
21.002252 3125.000000 9270 3089.308205 98.857863
21.002603 3125.000000 9221 3073.416317 98.349322
21.002891 3125.000000 9135 3044.839130 97.434852
21.003630 3125.000000 9522 3173.550415 101.553613
21.001545 3125.000000 9433 3143.568199 100.594182
21.005265 3125.000000 9224 3074.533533 98.385073
21.007270 3125.000000 9574 3190.054369 102.081740
21.003043 3125.000000 9378 3125.712647 100.022805
24.001952 3125.000000 9158 3052.637216 97.684391
24.001380 3125.000000 9438 3145.377181 100.652070
24.000947 3125.000000 9355 3118.199138 99.782372
24.000964 3125.000000 9313 3104.191780 99.334137
24.001321 3125.000000 9657 3218.883705 103.004279
24.001675 3125.000000 9454 3150.975388 100.831212
24.002230 3125.000000 9342 3113.480432 99.631374
24.001571 3125.000000 9302 3100.368933 99.211806
24.001167 3125.000000 9440 3146.374658 100.683989
24.001559 3125.000000 9386 3128.464188 100.110854
24.002188 3125.000000 9242 3080.538598 98.577235
24.002173 3125.000000 9244 3080.992684 98.591766
24.002437 3125.000000 9480 3158.905998 101.084992
24.002018 3125.000000 9306 3101.966813 99.262938
24.002221 3125.000000 9096 3031.993671 97.023797
24.002532 3125.000000 9254 3084.404178 98.700934
24.002913 3125.000000 9420 3139.532700 100.465046
24.003032 3125.000000 9548 3181.492187 101.807750
24.002503 3125.000000 9371 3123.569045 99.954209
24.002730 3125.000000 9310 3102.969835 99.295035
24.002677 3125.000000 9415 3137.872990 100.411936
24.002623 3125.000000 9492 3163.978968 101.247327
24.003697 3125.000000 9304 3101.263163 99.240421
24.002820 3125.000000 9531 3176.834938 101.658718
24.003262 3125.000000 9302 3100.541451 99.217326
24.002915 3125.000000 9316 3105.184360 99.365900
24.003234 3125.000000 9474 3157.638448 101.044430
24.002689 3125.000000 9244 3080.884139 98.588292
24.001859 3125.000000 9437 3145.337324 100.650794
24.005404 3125.000000 9392 3130.522364 100.176716
24.007478 3125.000000 9356 3118.450283 99.790409
24.003449 3125.000000 9519 3172.570401 101.522253
27.001968 3125.000000 9413 3136.990367 100.383692
27.001679 3125.000000 9409 3136.329115 100.362532
27.002025 3125.000000 9323 3106.998161 99.423941
27.002170 3125.000000 9252 3083.775720 98.680823
27.001234 3125.000000 9264 3087.721919 98.807101
27.001217 3125.000000 9483 3160.715597 101.142899
27.001181 3125.000000 9466 3155.318862 100.970204
27.004178 3125.000000 9389 3128.348124 100.107140
27.002181 3125.000000 9328 3108.688621 99.478036
27.002197 3125.000000 9395 3131.641057 100.212514
27.002190 3125.000000 9584 3194.483846 102.223483
27.004977 3125.000000 9394 3128.467932 100.110974
27.002914 3125.000000 9410 3135.264056 100.328450
27.002291 3125.000000 9339 3112.892820 99.612570
27.002569 3125.000000 9445 3148.263832 100.744443
27.002335 3125.000000 9441 3146.880362 100.700172
27.003270 3125.000000 9301 3099.570189 99.186246
27.003042 3125.000000 9601 3200.322982 102.410335
27.002811 3125.000000 9269 3089.528857 98.864923
27.002704 3125.000000 9283 3094.058137 99.009860
27.002945 3125.000000 9455 3151.534737 100.849112
27.003716 3125.000000 9264 3087.532742 98.801048
27.003101 3125.000000 9343 3113.948308 99.646346
27.003272 3125.000000 9364 3121.293991 99.881408
27.003798 3125.000000 9172 3057.230476 97.831375
27.002654 3125.000000 9280 3093.302220 98.985671
27.003214 3125.000000 9168 3055.695481 97.782255
27.005497 3125.000000 9330 3109.902940 99.516894
27.002837 3125.000000 9506 3168.510768 101.392345
27.002394 3125.000000 9392 3130.108870 100.163484
27.007739 3125.000000 9113 3037.402317 97.196874
27.003783 3125.000000 9475 3157.981919 101.055421
#type       avg     std     min     5th    10th    90th    95th    99th
read      958.5   236.2   156.2   617.9   662.7  1240.6  1309.3  1646.3
update    959.9   237.4   171.9   617.9   662.7  1242.9  1318.1  1664.5
op_q        4.4     2.1     1.0     1.1     2.0     7.3     8.0    10.8

Total QPS = 200049.0 (6001469 / 30.0s)

Misses = 0 (0.0%)
Skipped TXs = 0 (0.0%)

RX 1034448089 bytes :   32.9 MB/s
TX  664360546 bytes :   21.1 MB/s
