3.020134 62.500000 167 55.295554 1.769458
3.004422 62.500000 194 64.571485 2.066288
3.009219 62.500000 169 56.160754 1.797144
3.103766 62.500000 211 67.981919 2.175421
3.001895 62.500000 189 62.960224 2.014727
3.060673 62.500000 195 63.711478 2.038767
3.015981 62.500000 165 54.708569 1.750674
3.004609 62.500000 176 58.576673 1.874454
3.002041 62.500000 203 67.620671 2.163861
3.018345 62.500000 190 62.948407 2.014349
3.021684 62.500000 169 55.929070 1.789730
3.015131 62.500000 173 57.377275 1.836073
3.023103 62.500000 188 62.187754 1.990008
3.110596 62.500000 162 52.080044 1.666561
3.000829 62.500000 165 54.984808 1.759514
3.002108 62.500000 186 61.956455 1.982607
3.060339 62.500000 211 68.946621 2.206292
3.005667 62.500000 168 55.894410 1.788621
3.023672 62.500000 199 65.814019 2.106049
3.011847 62.500000 171 56.775792 1.816825
3.026908 62.500000 147 48.564406 1.554061
3.022983 62.500000 164 54.251053 1.736034
3.000661 62.500000 175 58.320479 1.866255
3.056324 62.500000 181 59.221477 1.895087
3.064186 62.500000 199 64.943830 2.078203
3.005253 62.500000 183 60.893373 1.948588
3.016835 62.500000 209 69.277899 2.216893
3.005644 62.500000 216 71.864810 2.299674
3.003213 62.500000 186 61.933674 1.981878
3.051958 62.500000 177 57.995551 1.855858
3.021882 62.500000 186 61.551042 1.969633
6.012179 62.500000 196 65.191828 2.086139
6.017103 62.500000 175 58.018593 1.856595
6.025544 62.500000 175 58.285907 1.865149
6.042279 62.500000 189 62.435013 1.997920
6.014772 62.500000 173 57.471972 1.839103
6.006067 62.500000 211 70.240659 2.247701
6.006109 62.500000 186 61.965148 1.982885
6.099131 62.500000 143 46.220313 1.479050
6.019964 62.500000 194 64.253240 2.056104
6.005613 62.500000 185 61.593326 1.970986
6.005579 62.500000 208 69.248310 2.215946
6.081141 62.500000 158 51.547055 1.649506
6.013917 62.500000 162 53.962759 1.726808
6.059910 62.500000 163 53.622378 1.715916
6.018060 62.500000 161 53.445470 1.710255
6.027423 62.500000 211 70.199043 2.246369
6.029034 62.500000 170 56.465480 1.806895
6.106970 62.500000 190 62.442817 1.998170
6.010389 62.500000 210 69.972697 2.239126
6.033286 62.500000 211 70.184134 2.245892
6.052185 62.500000 148 48.868862 1.563804
6.006626 62.500000 180 59.931803 1.917818
6.073110 62.500000 220 73.030580 2.336979
6.030741 62.500000 165 54.746230 1.751879
6.036650 62.500000 185 61.387010 1.964384
6.086179 62.500000 160 52.877876 1.692092
6.077711 62.500000 188 62.223062 1.991138
6.084657 62.500000 218 71.883161 2.300261
6.123129 62.500000 185 61.271202 1.960678
6.110976 62.500000 171 56.992799 1.823770
6.058472 62.500000 191 62.899507 2.012784
9.061387 62.500000 197 64.643802 2.068602
9.067060 62.500000 210 68.595013 2.195040
9.014450 62.500000 187 62.286182 1.993158
9.007765 62.500000 196 65.296378 2.089484
9.012118 62.500000 203 67.531412 2.161005
9.078884 62.500000 168 55.021715 1.760695
9.021417 62.500000 209 69.512704 2.224407
9.024060 62.500000 180 59.861188 1.915558
9.033366 62.500000 168 55.919245 1.789416
9.036058 62.500000 197 65.109582 2.083507
9.011392 62.500000 200 66.537729 2.129207
9.026087 62.500000 192 63.869639 2.043828
9.017642 62.500000 191 63.433757 2.029880
9.028205 62.500000 196 65.316310 2.090122
9.140183 62.500000 185 59.717787 1.910969
9.034466 62.500000 188 62.325820 1.994426
9.123470 62.500000 185 61.659659 1.973109
9.034560 62.500000 198 65.971966 2.111103
9.082873 62.500000 219 71.892297 2.300553
9.078646 62.500000 194 64.101279 2.051241
9.066138 62.500000 230 76.507845 2.448251
9.107417 62.500000 205 67.740035 2.167681
9.076095 62.500000 160 53.280306 1.704970
9.036914 62.500000 193 64.201232 2.054439
9.087214 62.500000 179 59.646085 1.908675
9.078047 62.500000 184 61.326472 1.962447
9.127328 62.500000 187 61.995407 1.983853
9.133981 62.500000 204 67.219129 2.151012
9.119576 62.500000 168 55.765678 1.784502
9.105620 62.500000 218 72.162423 2.309198
9.075483 62.500000 194 64.302058 2.057666
12.100234 125.000000 348 114.517110 3.664548
12.021855 125.000000 311 103.182045 3.301825
12.017804 125.000000 293 97.481914 3.119421
12.027244 125.000000 310 102.894527 3.292625
12.022515 125.000000 321 106.960843 3.422747
12.047139 125.000000 280 92.234303 2.951498
12.030895 125.000000 302 100.437854 3.214011
12.028673 125.000000 316 105.316921 3.370141
12.113560 125.000000 320 105.738073 3.383618
12.035511 125.000000 328 108.990977 3.487711
12.038086 125.000000 323 107.593924 3.443006
12.040027 125.000000 317 105.432581 3.373843
12.035604 125.000000 320 106.629586 3.412147
12.023169 125.000000 313 104.141455 3.332527
12.066843 125.000000 320 106.641589 3.412531
12.038779 125.000000 292 97.272860 3.112732
12.101008 125.000000 343 113.054008 3.617728
12.078643 125.000000 359 119.565133 3.826084
12.098472 125.000000 317 104.981215 3.359399
12.085607 125.000000 311 103.426693 3.309654
12.035648 125.000000 297 98.961002 3.166752
12.078833 125.000000 319 106.305493 3.401776
12.127110 125.000000 309 102.328271 3.274505
12.132567 125.000000 326 108.477237 3.471272
12.140958 125.000000 319 106.305876 3.401788
12.091520 125.000000 298 99.047863 3.169532
12.123771 125.000000 335 111.655492 3.572976
12.151404 125.000000 328 108.702025 3.478465
12.120127 125.000000 340 113.312510 3.626000
12.112717 125.000000 318 105.749827 3.383994
12.087394 125.000000 327 108.568938 3.474206
3.025883 62.500000 181 59.817248 1.914152
15.027874 125.000000 399 132.972087 4.255107
15.022310 125.000000 408 135.979374 4.351340
15.023012 125.000000 416 138.426341 4.429643
15.050116 125.000000 388 128.154252 4.100936
15.163843 125.000000 372 118.653851 3.796923
15.039830 125.000000 345 114.658507 3.669072
15.084058 125.000000 348 114.322086 3.658307
15.039893 125.000000 414 137.916943 4.413342
15.036803 125.000000 377 125.616460 4.019727
15.043190 125.000000 374 124.348381 3.979148
15.102956 125.000000 360 119.035308 3.809130
15.070958 125.000000 384 126.991733 4.063735
15.070138 125.000000 387 128.858474 4.123471
15.023351 125.000000 359 119.659390 3.829100
15.110384 125.000000 394 130.813919 4.186045
15.040970 125.000000 401 133.569135 4.274212
15.056600 125.000000 377 124.795097 3.993443
15.102093 125.000000 355 117.686610 3.765972
15.113818 125.000000 379 125.796183 4.025478
15.127048 125.000000 398 132.072850 4.226331
15.146633 125.000000 337 112.121223 3.587879
15.088953 125.000000 413 137.203836 4.390523
15.114259 125.000000 366 121.432288 3.885833
15.127317 125.000000 347 115.658705 3.701079
15.146484 125.000000 394 130.346472 4.171087
15.094606 125.000000 347 115.547796 3.697529
15.136706 125.000000 385 128.156517 4.101009
15.153300 125.000000 354 116.425050 3.725602
15.133460 125.000000 376 124.778781 3.992921
15.152161 125.000000 387 128.967469 4.126959
15.121632 125.000000 346 114.031928 3.649022
6.060683 62.500000 179 58.982468 1.887439
18.042077 125.000000 394 130.503994 4.176128
18.023213 125.000000 376 125.295626 4.009460
18.079535 125.000000 371 122.097082 3.907107
18.028417 125.000000 384 127.976808 4.095258
18.064619 125.000000 365 120.672092 3.861507
18.041469 125.000000 332 110.494787 3.535833
18.044119 125.000000 367 122.158663 3.909077
18.059589 125.000000 354 117.628573 3.764114
18.051843 125.000000 377 125.305228 4.009767
18.066743 125.000000 376 123.546364 3.953484
18.137111 125.000000 378 123.248541 3.943953
18.086612 125.000000 397 132.220773 4.231065
18.072759 125.000000 375 124.924986 3.997600
18.103331 125.000000 402 133.983256 4.287464
18.067691 125.000000 359 119.225880 3.815228
18.091216 125.000000 378 125.905010 4.028960
18.114470 125.000000 365 121.658137 3.893060
18.150412 125.000000 367 120.722580 3.863123
18.115722 125.000000 402 133.393973 4.268607
18.127646 125.000000 341 113.654179 3.636934
18.116847 125.000000 394 131.200848 4.198427
18.128390 125.000000 370 123.278197 3.944902
18.178724 125.000000 391 128.947555 4.126322
18.148977 125.000000 385 128.233161 4.103461
18.142631 125.000000 391 130.076405 4.162445
18.115022 125.000000 394 130.445615 4.174260
18.177551 125.000000 400 132.726860 4.247260
18.151550 125.000000 406 134.522189 4.304710
18.157916 125.000000 397 132.079965 4.226559
18.157822 125.000000 353 117.489563 3.759666
18.136722 125.000000 359 119.067762 3.810168
9.070909 62.500000 191 63.450392 2.030413
21.087558 125.000000 356 116.174893 3.717597
21.030582 125.000000 326 108.588326 3.474826
21.059998 125.000000 399 132.210229 4.230727
21.045108 125.000000 367 122.293010 3.913376
21.061992 125.000000 358 119.237814 3.815610
21.051270 125.000000 330 109.641809 3.508538
21.057103 125.000000 379 126.112205 4.035591
21.079000 125.000000 408 135.351149 4.331237
21.074428 125.000000 329 109.605713 3.507383
21.091259 125.000000 387 128.800482 4.121615
21.116354 125.000000 374 124.127820 3.972090
21.079585 125.000000 389 129.664511 4.149264
21.130740 125.000000 384 127.409999 4.077120
21.118894 125.000000 380 126.480132 4.047364
21.068482 125.000000 372 123.928195 3.965702
21.181325 125.000000 400 131.396820 4.204698
21.094874 125.000000 362 120.519720 3.856631
21.068349 125.000000 375 124.972618 3.999124
21.153036 125.000000 371 122.628829 3.924123
21.121569 125.000000 373 124.091461 3.970927
21.136953 125.000000 372 123.647057 3.956706
21.159575 125.000000 350 116.311408 3.721965
21.145811 125.000000 396 131.860247 4.219528
21.158418 125.000000 363 120.620400 3.859853
21.127826 125.000000 396 131.439016 4.206049
21.197366 125.000000 367 121.530607 3.888979
21.185023 125.000000 377 125.403370 4.012908
21.164712 125.000000 387 128.708430 4.118670
21.157484 125.000000 383 127.414647 4.077269
21.157956 125.000000 375 124.994451 3.999822
21.150241 125.000000 348 115.479604 3.695347
12.073767 125.000000 321 106.898159 3.420741
24.035034 125.000000 382 127.144651 4.068629
24.070856 125.000000 366 121.560013 3.889920
24.065486 125.000000 341 113.534468 3.633103
24.046377 125.000000 354 117.950123 3.774404
24.084565 125.000000 365 121.256948 3.880222
24.051662 125.000000 388 129.316441 4.138126
24.061658 125.000000 372 123.812031 3.961985
24.093673 125.000000 376 125.232574 4.007442
24.093088 125.000000 371 123.439120 3.950052
24.081759 125.000000 358 119.223683 3.815158
24.203266 125.000000 366 116.749481 3.735983
24.165214 125.000000 363 120.726535 3.863249
24.076614 125.000000 388 128.983693 4.127478
24.116544 125.000000 345 114.992708 3.679767
24.099432 125.000000 382 126.496507 4.047888
24.127384 125.000000 398 132.410049 4.237122
24.125791 125.000000 384 127.706384 4.086604
24.096455 125.000000 391 130.264679 4.168470
24.152684 125.000000 343 114.072010 3.650304
24.144851 125.000000 361 120.017391 3.840557
24.147845 125.000000 391 129.594401 4.147021
24.161295 125.000000 362 120.597519 3.859121
24.191180 125.000000 357 117.505949 3.760190
24.130904 125.000000 365 121.541938 3.889342
24.182334 125.000000 377 124.932834 3.997851
24.212365 125.000000 364 120.237513 3.847600
24.186867 125.000000 353 117.449687 3.758390
24.213396 125.000000 377 124.998758 3.999960
24.188890 125.000000 366 120.736020 3.863553
24.167135 125.000000 389 129.271125 4.136676
24.151554 125.000000 378 125.944856 4.030235
15.075171 125.000000 411 136.935902 4.381949
27.087287 125.000000 375 124.319110 3.978212
27.037281 125.000000 371 123.574109 3.954371
27.055827 125.000000 405 134.576099 4.306435
27.057058 125.000000 381 126.771975 4.056703
27.095180 125.000000 376 124.104917 3.971357
27.086093 125.000000 394 131.143877 4.196604
27.062712 125.000000 385 128.288249 4.105224
27.117684 125.000000 372 122.646003 3.924672
27.103673 125.000000 367 121.903247 3.900904
27.082990 125.000000 360 119.745489 3.831856
27.098146 125.000000 386 128.475118 4.111204
27.120220 125.000000 372 123.848253 3.963144
27.101872 125.000000 385 128.102013 4.099264
27.135629 125.000000 398 132.233042 4.231457
27.148140 125.000000 364 120.499610 3.855988
27.102248 125.000000 360 119.887431 3.836398
27.167642 125.000000 380 125.836277 4.026761
27.152752 125.000000 337 112.330768 3.594585
27.146976 125.000000 367 122.246730 3.911895
27.178640 125.000000 370 122.624344 3.923979
27.152098 125.000000 396 131.074019 4.194369
27.184998 125.000000 373 123.518736 3.952600
27.193681 125.000000 395 131.368304 4.203786
27.194154 125.000000 360 119.881155 3.836197
27.215163 125.000000 384 127.924683 4.093590
27.193346 125.000000 371 123.483287 3.951465
27.184654 125.000000 369 122.904925 3.932958
27.213173 125.000000 354 117.968205 3.774983
27.177382 125.000000 372 123.577887 3.954492
27.209428 125.000000 408 135.721253 4.343080
27.154392 125.000000 359 119.553599 3.825715
18.091987 125.000000 345 114.358979 3.659487
#type       avg     std     min     5th    10th    90th    95th    99th
read       66.9    17.7    41.1    51.4    53.1    90.0   103.9   132.2
update     69.9    17.7    45.3    55.0    55.9    93.8   107.4   137.2
op_q        1.0     0.0     1.0     1.0     1.0     1.1     1.1     1.1

Total QPS = 33019.7 (990590 / 30.0s)

Misses = 0 (0.0%)
Skipped TXs = 0 (0.0%)

RX  172229321 bytes :    5.5 MB/s
TX  110019935 bytes :    3.5 MB/s
