Running 5m test @ http://frontend.default.svc.cluster.local:5000
  32 threads and 32 connections
  Thread calibration: mean lat.: 5.465ms, rate sampling interval: 21ms
  Thread calibration: mean lat.: 5.660ms, rate sampling interval: 24ms
  Thread calibration: mean lat.: 6.922ms, rate sampling interval: 37ms
  Thread calibration: mean lat.: 6.475ms, rate sampling interval: 27ms
  Thread calibration: mean lat.: 6.273ms, rate sampling interval: 24ms
  Thread calibration: mean lat.: 5.949ms, rate sampling interval: 22ms
  Thread calibration: mean lat.: 6.105ms, rate sampling interval: 23ms
  Thread calibration: mean lat.: 7.535ms, rate sampling interval: 30ms
  Thread calibration: mean lat.: 5.435ms, rate sampling interval: 22ms
  Thread calibration: mean lat.: 5.854ms, rate sampling interval: 21ms
  Thread calibration: mean lat.: 6.054ms, rate sampling interval: 24ms
  Thread calibration: mean lat.: 6.983ms, rate sampling interval: 28ms
  Thread calibration: mean lat.: 6.983ms, rate sampling interval: 26ms
  Thread calibration: mean lat.: 5.776ms, rate sampling interval: 20ms
  Thread calibration: mean lat.: 4.549ms, rate sampling interval: 18ms
  Thread calibration: mean lat.: 6.026ms, rate sampling interval: 25ms
  Thread calibration: mean lat.: 5.612ms, rate sampling interval: 21ms
  Thread calibration: mean lat.: 6.316ms, rate sampling interval: 27ms
  Thread calibration: mean lat.: 5.752ms, rate sampling interval: 24ms
  Thread calibration: mean lat.: 7.472ms, rate sampling interval: 30ms
  Thread calibration: mean lat.: 5.333ms, rate sampling interval: 20ms
  Thread calibration: mean lat.: 5.752ms, rate sampling interval: 24ms
  Thread calibration: mean lat.: 5.058ms, rate sampling interval: 20ms
  Thread calibration: mean lat.: 7.546ms, rate sampling interval: 29ms
  Thread calibration: mean lat.: 7.679ms, rate sampling interval: 29ms
  Thread calibration: mean lat.: 6.604ms, rate sampling interval: 25ms
  Thread calibration: mean lat.: 6.169ms, rate sampling interval: 19ms
  Thread calibration: mean lat.: 5.717ms, rate sampling interval: 20ms
  Thread calibration: mean lat.: 6.796ms, rate sampling interval: 27ms
  Thread calibration: mean lat.: 5.938ms, rate sampling interval: 21ms
  Thread calibration: mean lat.: 7.107ms, rate sampling interval: 25ms
  Thread calibration: mean lat.: 6.131ms, rate sampling interval: 24ms
  Thread Stats   Avg      Stdev     99%   +/- Stdev
    Latency     6.12ms    4.31ms  19.30ms   80.64%
    Req/Sec     3.03     11.50    52.00     93.15%
  28712 completed requests in 5.00m, 11.86MB read
  Socket errors: connect 0, read 0, write 0, timeout 10
Completed Requests/sec (Throughput):     95.70
Sent Requests/sec (Load):    107.88
Transfer/sec:     40.47KB
