Running 5m test @ http://frontend.default.svc.cluster.local:5000
  32 threads and 32 connections
  Thread calibration: mean lat.: 5.751ms, rate sampling interval: 21ms
  Thread calibration: mean lat.: 6.312ms, rate sampling interval: 23ms
  Thread calibration: mean lat.: 6.616ms, rate sampling interval: 26ms
  Thread calibration: mean lat.: 8.481ms, rate sampling interval: 31ms
  Thread calibration: mean lat.: 8.267ms, rate sampling interval: 38ms
  Thread calibration: mean lat.: 6.153ms, rate sampling interval: 22ms
  Thread calibration: mean lat.: 7.393ms, rate sampling interval: 25ms
  Thread calibration: mean lat.: 7.566ms, rate sampling interval: 32ms
  Thread calibration: mean lat.: 5.334ms, rate sampling interval: 22ms
  Thread calibration: mean lat.: 5.934ms, rate sampling interval: 19ms
  Thread calibration: mean lat.: 6.507ms, rate sampling interval: 24ms
  Thread calibration: mean lat.: 6.708ms, rate sampling interval: 23ms
  Thread calibration: mean lat.: 5.852ms, rate sampling interval: 22ms
  Thread calibration: mean lat.: 5.973ms, rate sampling interval: 25ms
  Thread calibration: mean lat.: 5.030ms, rate sampling interval: 19ms
  Thread calibration: mean lat.: 5.944ms, rate sampling interval: 23ms
  Thread calibration: mean lat.: 5.908ms, rate sampling interval: 22ms
  Thread calibration: mean lat.: 5.202ms, rate sampling interval: 19ms
  Thread calibration: mean lat.: 6.658ms, rate sampling interval: 29ms
  Thread calibration: mean lat.: 5.214ms, rate sampling interval: 21ms
  Thread calibration: mean lat.: 5.521ms, rate sampling interval: 21ms
  Thread calibration: mean lat.: 7.082ms, rate sampling interval: 30ms
  Thread calibration: mean lat.: 6.591ms, rate sampling interval: 26ms
  Thread calibration: mean lat.: 5.961ms, rate sampling interval: 19ms
  Thread calibration: mean lat.: 5.809ms, rate sampling interval: 21ms
  Thread calibration: mean lat.: 6.530ms, rate sampling interval: 28ms
  Thread calibration: mean lat.: 6.712ms, rate sampling interval: 25ms
  Thread calibration: mean lat.: 5.254ms, rate sampling interval: 24ms
  Thread calibration: mean lat.: 6.265ms, rate sampling interval: 27ms
  Thread calibration: mean lat.: 5.950ms, rate sampling interval: 23ms
  Thread calibration: mean lat.: 5.250ms, rate sampling interval: 21ms
  Thread calibration: mean lat.: 5.215ms, rate sampling interval: 21ms
  Thread Stats   Avg      Stdev     99%   +/- Stdev
    Latency     6.12ms    4.25ms  18.98ms   80.13%
    Req/Sec     3.03     11.56    52.00     93.21%
  28713 completed requests in 5.00m, 11.85MB read
  Socket errors: connect 0, read 0, write 0, timeout 10
Completed Requests/sec (Throughput):     95.70
Sent Requests/sec (Load):    108.13
Transfer/sec:     40.44KB
