Running 5m test @ http://frontend.default.svc.cluster.local:5000
  32 threads and 32 connections
  Thread calibration: mean lat.: 4.810ms, rate sampling interval: 22ms
  Thread calibration: mean lat.: 4.188ms, rate sampling interval: 18ms
  Thread calibration: mean lat.: 4.952ms, rate sampling interval: 21ms
  Thread calibration: mean lat.: 5.013ms, rate sampling interval: 20ms
  Thread calibration: mean lat.: 5.162ms, rate sampling interval: 21ms
  Thread calibration: mean lat.: 4.478ms, rate sampling interval: 18ms
  Thread calibration: mean lat.: 4.838ms, rate sampling interval: 18ms
  Thread calibration: mean lat.: 4.612ms, rate sampling interval: 18ms
  Thread calibration: mean lat.: 4.766ms, rate sampling interval: 20ms
  Thread calibration: mean lat.: 4.981ms, rate sampling interval: 21ms
  Thread calibration: mean lat.: 4.690ms, rate sampling interval: 21ms
  Thread calibration: mean lat.: 4.903ms, rate sampling interval: 19ms
  Thread calibration: mean lat.: 4.585ms, rate sampling interval: 18ms
  Thread calibration: mean lat.: 4.567ms, rate sampling interval: 21ms
  Thread calibration: mean lat.: 5.121ms, rate sampling interval: 22ms
  Thread calibration: mean lat.: 5.034ms, rate sampling interval: 21ms
  Thread calibration: mean lat.: 4.087ms, rate sampling interval: 18ms
  Thread calibration: mean lat.: 4.136ms, rate sampling interval: 19ms
  Thread calibration: mean lat.: 4.908ms, rate sampling interval: 22ms
  Thread calibration: mean lat.: 5.343ms, rate sampling interval: 22ms
  Thread calibration: mean lat.: 4.286ms, rate sampling interval: 17ms
  Thread calibration: mean lat.: 4.953ms, rate sampling interval: 20ms
  Thread calibration: mean lat.: 4.512ms, rate sampling interval: 18ms
  Thread calibration: mean lat.: 4.732ms, rate sampling interval: 20ms
  Thread calibration: mean lat.: 4.596ms, rate sampling interval: 19ms
  Thread calibration: mean lat.: 4.630ms, rate sampling interval: 19ms
  Thread calibration: mean lat.: 4.721ms, rate sampling interval: 20ms
  Thread calibration: mean lat.: 5.120ms, rate sampling interval: 22ms
  Thread calibration: mean lat.: 4.757ms, rate sampling interval: 19ms
  Thread calibration: mean lat.: 5.458ms, rate sampling interval: 25ms
  Thread calibration: mean lat.: 4.266ms, rate sampling interval: 18ms
  Thread calibration: mean lat.: 4.319ms, rate sampling interval: 17ms
  Thread Stats   Avg      Stdev     99%   +/- Stdev
    Latency     4.66ms    3.60ms  16.13ms   82.92%
    Req/Sec    15.30     28.18   111.00     74.96%
  144206 completed requests in 5.00m, 59.55MB read
Completed Requests/sec (Throughput):    480.66
Sent Requests/sec (Load):    537.15
Transfer/sec:    203.25KB
