3.000059 2047.555070
3.000090 2032.649541
3.000153 2038.462609
3.000005 1862.581868
3.000006 1851.022945
3.000132 2659.288509
3.000030 1884.549602
3.000054 1909.231825
3.000044 1860.073883
3.000081 2000.881320
3.000117 1922.011664
3.000004 1903.885089
3.000027 1814.287256
3.000001 1838.467601
3.000240 2095.308579
3.000051 1933.378691
3.000019 1855.450630
3.000064 1822.762648
3.000211 1844.377783
3.000311 2009.646995
3.000022 1866.762709
3.000067 1882.242792
3.000014 1831.229870
3.000114 1910.668453
3.000119 1880.283054
3.000096 1820.571479
3.000286 2159.974014
3.000139 1823.991735
3.000053 1850.102792
3.000181 1920.802351
3.000033 1840.290161
3.000094 1812.523826
6.000153 1918.269734
6.000107 1854.525029
6.000136 1929.436556
6.000167 1922.796384
6.000453 1892.975262
6.000049 1881.724913
6.000353 1854.798953
6.000209 1876.687852
6.000098 1919.091357
6.000146 1944.554755
6.000061 1894.197806
6.000185 1901.855735
6.000116 1859.949146
6.000070 1849.751286
6.000324 1896.748138
6.000074 1850.284956
6.000139 1861.537574
6.000185 1962.310108
6.000391 1946.674780
6.000190 1833.460549
6.000126 1851.665627
6.000443 1917.606175
6.000006 1905.807859
6.000264 1882.787462
6.000363 1955.570117
6.000290 1848.264443
6.000090 1850.256999
6.000149 1818.401550
6.000170 2024.160551
6.000084 1786.293994
6.000053 1879.217792
6.000204 1805.031373
9.000108 1887.589924
9.000135 1858.092900
9.000087 1815.114957
9.000251 1873.184654
9.000194 1926.785962
9.000072 1852.062277
9.000210 1927.104606
9.000324 1840.861825
9.000172 1874.338719
9.000203 1936.357694
9.000456 1857.256138
9.000363 1838.977860
9.000190 1880.773959
9.000241 1845.489543
9.000217 1861.543887
9.000588 1843.849431
9.000484 1847.144272
9.000125 1853.028563
9.000518 1845.618998
9.000535 1931.308924
9.000214 1932.199292
9.000488 1848.874800
9.000230 1972.547051
9.000209 1868.071164
9.000633 1818.085608
9.000426 1948.928362
9.000482 1877.140400
9.000296 1859.064803
9.000393 1848.472619
9.000491 1877.932645
9.000253 1861.101614
9.000363 1826.929256
12.000419 1924.691402
12.000245 1897.164823
12.000251 1854.739614
12.000191 1878.240265
12.000210 1907.606840
12.000359 1850.741251
12.000458 1871.026568
12.000474 1842.731308
12.000256 1902.442937
12.000223 1854.367203
12.000224 1849.707951
12.000178 1846.606486
12.000405 1859.838917
12.000671 1869.936897
12.000249 1933.323395
12.000500 1842.201068
12.000155 1863.009016
12.000372 1846.309245
12.000300 1853.977792
12.000317 1796.519631
12.000504 1833.203054
12.000478 1848.828262
12.000596 1871.639387
12.000492 1900.956430
12.000549 1898.303328
12.000494 1861.383541
12.000446 1845.445460
12.000752 1845.499494
12.000715 1818.356850
12.000520 1838.943213
12.000354 1881.728633
12.000375 1833.828081
15.000166 1866.507660
15.000418 1850.220798
15.000291 1922.924077
15.000368 1932.020537
15.000301 1870.731636
15.000224 1886.992323
15.000332 1917.966722
15.000340 1858.595067
15.000541 1845.658315
15.000345 1902.327490
15.000527 1799.398496
15.000608 1826.073486
15.000533 1895.443209
15.000320 1874.234919
15.000482 1941.511808
15.000720 1884.638413
15.000589 1832.340209
15.000449 1839.657361
15.000281 1876.298732
15.000901 1834.462653
15.000603 1851.278950
15.000671 1885.628231
15.000722 1860.732054
15.000583 1899.053217
15.000463 1857.630395
15.001544 1818.640402
15.000769 1840.462089
15.000589 1851.506404
15.000595 1840.545647
15.000462 1877.805357
15.000688 1884.481148
15.000568 1823.118725
18.000212 1865.501472
18.000559 1902.595006
18.000609 1856.315114
18.000522 1856.741342
18.000310 1859.773576
18.000388 1914.740774
18.000488 1847.830003
18.000724 1889.891702
18.000642 1856.666759
18.000363 1904.987751
18.000627 1861.078090
18.000914 1832.223140
18.000414 1895.230977
18.000230 1868.974949
18.000542 1848.814993
18.000606 1849.243761
18.000778 1873.670839
18.000803 1793.566135
18.000633 1881.649924
18.000770 1835.177128
18.000626 1946.723312
18.000959 1840.304102
18.000548 1842.483708
18.000680 1879.870415
18.001081 1828.027231
18.000742 1859.230707
18.000595 1843.802535
18.000771 1838.304424
18.001464 1863.280059
18.001047 1866.851470
18.001642 1813.905348
18.000718 1828.114267
21.000635 1856.628947
21.000429 1874.373517
21.000311 1861.803069
21.001150 1884.829999
21.000252 1866.139648
21.000651 1941.958011
21.000561 1845.554193
21.000805 1856.923163
21.000346 1855.955112
21.000427 1882.443526
21.000998 1848.940365
21.000682 1855.024684
21.000963 1811.863096
21.000567 1834.421589
21.000789 1875.367353
21.000943 1843.509111
21.000676 1846.674945
21.000794 1833.197191
21.000765 1858.916378
21.000878 1866.732360
21.001118 1838.008714
21.000600 1898.124905
21.000904 1850.921584
21.000686 1857.433958
21.000834 1886.249497
21.000938 1855.298800
21.000987 1835.518761
21.000777 1839.670317
21.001751 1819.159068
21.001596 1858.540960
21.001111 1882.950595
21.000722 1822.416574
24.000275 1878.189709
24.000683 1892.245334
24.000520 1887.726696
24.000764 1855.116340
24.000656 1930.541022
24.000416 1863.392663
24.000684 1835.511575
24.001753 1908.778855
24.000898 1863.519581
24.000351 1857.853358
24.000688 1855.547105
24.000926 1851.393186
24.000780 1858.238897
24.000619 1919.621237
24.001109 1868.897307
24.000651 1845.493923
24.001151 1850.416373
24.000947 1854.186664
24.000866 1847.914050
24.000690 1870.355751
24.000905 1861.869085
24.001257 1844.630385
24.001550 1852.205062
24.000915 1827.896343
24.001116 1840.633475
24.000972 1815.104670
24.001185 1843.222659
24.001725 1865.538391
24.001178 1884.570044
24.001783 1829.846616
24.001136 1881.327523
24.000815 1840.376969
27.000718 1873.956916
27.000670 1927.519998
27.000664 1883.095007
27.000388 1864.771420
27.000565 1860.183439
27.000357 1868.392537
27.001048 1886.132042
27.001065 1841.381180
27.000887 1869.387246
27.001039 1861.745568
27.000633 1916.682489
27.000709 1860.591243
27.001146 1860.225194
27.000786 1854.369414
27.000913 1865.786628
27.001257 1848.382950
27.001208 1849.087153
27.001302 1845.184489
27.001032 1847.438191
27.001129 1838.018605
27.000691 1840.549765
27.001018 1849.083748
27.002477 1859.413811
27.000945 1819.172317
27.001194 1874.927726
27.001028 1821.914729
27.001280 1840.453957
27.001689 1851.424587
27.001820 1834.278818
27.001928 1891.838459
27.001344 1878.424225
27.000973 1839.265103
#type       avg     std     min     5th    10th    90th    95th    99th
read     1069.2   314.5   251.6   690.8   732.8  1324.3  1383.5  1857.1
update   1068.4   310.9   251.6   691.0   732.9  1324.1  1383.0  1853.4
op_q       12.5     4.9     1.0     5.6     7.0    18.5    20.4    25.4

Total QPS = 600016.5 (18000495 / 30.0s)

Misses = 0 (0.0%)
Skipped TXs = 0 (0.0%)

RX 3103632013 bytes :   98.7 MB/s
TX 1990567292 bytes :   63.3 MB/s
