3.000104 1111.111111 3220 1073.295993 34.345472
3.003253 1111.111111 3356 1117.455122 35.758564
3.001184 1111.111111 3303 1100.565529 35.218097
3.002837 1111.111111 3248 1081.643846 34.612603
3.000082 1111.111111 3131 1043.637994 33.396416
3.001099 1111.111111 3258 1085.602218 34.739271
3.000545 1111.111111 3128 1042.477310 33.359274
3.000853 1111.111111 3470 1156.337976 37.002815
3.000051 1111.111111 3383 1127.647656 36.084725
3.000521 1111.111111 3312 1103.808215 35.321863
3.000380 1111.111111 3377 1125.524278 36.016777
3.000852 1111.111111 3329 1109.351607 35.499251
3.000575 1111.111111 3349 1116.119404 35.715821
3.000157 1111.111111 3263 1087.609618 34.803508
3.000092 1111.111111 3316 1105.299396 35.369581
3.000998 1111.111111 3409 1135.955515 36.350576
3.000038 1111.111111 3377 1125.652532 36.020881
3.000487 1111.111111 3282 1093.822464 35.002319
3.000232 1111.111111 3218 1072.583726 34.322679
3.000390 1111.111111 3257 1085.525412 34.736813
3.000097 1111.111111 3204 1067.965555 34.174898
3.000042 1111.111111 3339 1112.984521 35.615505
3.000343 1111.111111 3476 1158.534091 37.073091
3.000221 1111.111111 3274 1091.253107 34.920099
3.000255 1111.111111 3332 1110.572216 35.538311
3.000894 1111.111111 3372 1123.665227 35.957287
3.000822 1111.111111 3465 1154.683604 36.949875
3.001374 1111.111111 3299 1099.163312 35.173226
3.000259 1111.111111 3395 1131.569049 36.210210
3.000131 1111.111111 3306 1101.951855 35.262459
3.000019 1111.111111 3312 1103.993095 35.327779
3.000002 1111.111111 3372 1123.999278 35.967977
6.000678 1111.111111 3336 1111.762524 35.576401
6.001399 1111.111111 3326 1108.231298 35.463402
6.004647 1111.111111 3449 1147.907996 36.733056
6.001799 1111.111111 3276 1091.554675 34.929750
6.000485 1111.111111 3335 1111.525789 35.568825
6.000516 1111.111111 3385 1128.173921 36.101565
6.003441 1111.111111 3225 1074.932506 34.397840
6.000156 1111.111111 3370 1123.305785 35.945785
6.000955 1111.111111 3348 1115.950673 35.710422
6.000226 1111.111111 3355 1118.307844 35.785851
6.002060 1111.111111 3430 1142.873050 36.571938
6.000236 1111.111111 3367 1122.331982 35.914623
6.003555 1111.111111 3353 1116.537435 35.729198
6.001058 1111.111111 3278 1092.423604 34.957555
6.000397 1111.111111 3437 1145.659893 36.661117
6.001208 1111.111111 3238 1079.205529 34.534577
6.000798 1111.111111 3306 1101.906952 35.261022
6.000168 1111.111111 3251 1083.621084 34.675875
6.004438 1111.111111 3298 1098.142158 35.140549
6.000812 1111.111111 3348 1115.878982 35.708127
6.001240 1111.111111 3354 1117.909836 35.773115
6.004250 1111.111111 3336 1110.553678 35.537718
6.002908 1111.111111 3308 1101.693792 35.254201
6.000583 1111.111111 3320 1106.487247 35.407592
6.002185 1111.111111 3271 1089.632402 34.868237
6.001608 1111.111111 3432 1143.805982 36.601791
6.007121 1111.111111 3360 1118.402988 35.788896
6.002268 1111.111111 3323 1107.159380 35.429100
6.000198 1111.111111 3292 1097.308783 35.113881
6.001575 1111.111111 3375 1124.924711 35.997591
6.000063 1111.111111 3280 1093.317327 34.986154
6.000622 1111.111111 3371 1123.434527 35.949905
9.001710 1111.111111 3340 1112.995162 35.615845
9.000243 1111.111111 3345 1114.993558 35.679794
9.000939 1111.111111 3350 1116.509139 35.728292
9.000753 1111.111111 3308 1102.639245 35.284456
9.002322 1111.111111 3397 1131.640191 36.212486
9.000171 1111.111111 3213 1070.994476 34.271823
9.000317 1111.111111 3335 1111.636507 35.572368
9.000569 1111.111111 3362 1120.602614 35.859284
9.001833 1111.111111 3308 1102.436835 35.277979
9.002393 1111.111111 3267 1088.702970 34.838495
9.001487 1111.111111 3318 1105.908863 35.389084
9.000456 1111.111111 3309 1102.894033 35.292609
9.002165 1111.111111 3202 1066.939433 34.142062
9.002277 1111.111111 3310 1103.157362 35.301036
9.002498 1111.111111 3367 1122.169765 35.909432
9.001269 1111.111111 3392 1130.494653 36.175829
9.003732 1111.111111 3410 1136.599620 36.371188
9.002576 1111.111111 3177 1058.658601 33.877075
9.003561 1111.111111 3466 1154.187682 36.934006
9.001478 1111.111111 3338 1112.637542 35.604401
9.001590 1111.111111 3367 1122.095692 35.907062
9.003977 1111.111111 3374 1124.465575 35.982898
9.002260 1111.111111 3342 1113.972201 35.647110
9.002631 1111.111111 3315 1104.866360 35.355724
9.000528 1111.111111 3339 1112.877549 35.612082
9.008046 1111.111111 3312 1103.659547 35.317106
9.005010 1111.111111 3391 1130.118179 36.163782
9.003983 1111.111111 3329 1109.269046 35.496609
9.005306 1111.111111 3265 1088.094296 34.819017
9.005821 1111.111111 3131 1043.120679 33.379862
9.003047 1111.111111 3322 1106.233030 35.399457
9.001102 1111.111111 3351 1116.821354 35.738283
12.001680 1111.111111 3322 1106.830373 35.418572
12.005539 1111.111111 3356 1116.695338 35.734251
12.001651 1111.111111 3328 1108.786409 35.481165
12.000798 1111.111111 3377 1125.649918 36.020797
12.000922 1111.111111 3358 1119.201718 35.814455
12.003958 1111.111111 3414 1136.856048 36.379394
12.003002 1111.111111 3372 1123.432604 35.949843
12.000544 1111.111111 3324 1107.967595 35.454963
12.002543 1111.111111 3431 1143.349076 36.587170
12.004941 1111.111111 3364 1120.173130 35.845540
12.002782 1111.111111 3259 1086.230270 34.759369
12.001632 1111.111111 3329 1109.609614 35.507508
12.002553 1111.111111 3327 1108.898140 35.484740
12.000561 1111.111111 3216 1071.988472 34.303631
12.002644 1111.111111 3283 1094.215995 35.014912
12.002473 1111.111111 3420 1139.882967 36.476255
12.002119 1111.111111 3276 1091.690629 34.934100
12.003947 1111.111111 3434 1144.143592 36.612595
12.001788 1111.111111 3266 1088.594812 34.835034
12.004676 1111.111111 3271 1090.079575 34.882546
12.003446 1111.111111 3298 1099.034841 35.169115
12.003648 1111.111111 3272 1090.162166 34.885189
12.004005 1111.111111 3406 1135.230132 36.327364
12.004011 1111.111111 3272 1090.502987 34.896096
12.002697 1111.111111 3268 1089.223172 34.855142
12.005587 1111.111111 3396 1131.782231 36.217031
12.006436 1111.111111 3463 1153.898711 36.924759
12.008427 1111.111111 3291 1096.860737 35.099544
12.004432 1111.111111 3299 1099.502358 35.184075
12.006111 1111.111111 3353 1117.558416 35.761869
12.003691 1111.111111 3430 1143.087945 36.578814
12.001935 1111.111111 3457 1152.013161 36.864421
15.003634 1111.111111 3226 1074.942354 34.398155
15.002988 1111.111111 3274 1091.258472 34.920271
15.005776 1111.111111 3395 1130.788414 36.185229
15.002469 1111.111111 3470 1156.022801 36.992730
15.005607 1111.111111 3285 1093.568732 34.994199
15.002940 1111.111111 3330 1109.523245 35.504744
15.001323 1111.111111 3293 1097.381807 35.116218
15.001097 1111.111111 3263 1087.603040 34.803297
15.002762 1111.111111 3337 1111.972435 35.583118
15.003593 1111.111111 3399 1132.641630 36.244532
15.000726 1111.111111 3273 1090.939696 34.910070
15.003263 1111.111111 3333 1110.903469 35.548911
15.002985 1111.111111 3273 1090.813941 34.906046
15.003168 1111.111111 3430 1143.099070 36.579170
15.003788 1111.111111 3364 1120.528058 35.856898
15.004554 1111.111111 3231 1076.805163 34.457765
15.004456 1111.111111 3275 1090.816866 34.906140
15.006750 1111.111111 3416 1137.880113 36.412164
15.005969 1111.111111 3443 1146.897935 36.700734
15.006664 1111.111111 3288 1095.029402 35.040941
15.005344 1111.111111 3382 1126.808487 36.057872
15.005411 1111.111111 3346 1115.158679 35.685078
15.009013 1111.111111 3395 1130.695146 36.182245
15.006179 1111.111111 3343 1114.095555 35.651058
15.003019 1111.111111 3333 1110.880438 35.548174
15.004131 1111.111111 3395 1131.484632 36.207508
15.005826 1111.111111 3352 1117.244275 35.751817
15.008079 1111.111111 3462 1152.598724 36.883159
15.007052 1111.111111 3287 1095.323210 35.050343
15.009759 1111.111111 3225 1074.522949 34.384734
15.004395 1111.111111 3357 1118.737503 35.799600
15.002212 1111.111111 3458 1152.560490 36.881936
18.008191 1111.111111 3308 1101.645725 35.252663
18.015109 1111.111111 3353 1114.271886 35.656700
18.003424 1111.111111 3273 1090.236510 34.887568
18.001537 1111.111111 3281 1093.506404 34.992205
18.002106 1111.111111 3444 1147.472377 36.719116
18.002486 1111.111111 3332 1110.660311 35.541130
18.007384 1111.111111 3512 1169.060796 37.409945
18.004420 1111.111111 3361 1119.865752 35.835704
18.004458 1111.111111 3294 1097.444763 35.118232
18.003132 1111.111111 3342 1113.946705 35.646295
18.004067 1111.111111 3287 1095.493422 35.055789
18.003387 1111.111111 3410 1136.514274 36.368457
18.004470 1111.111111 3380 1126.352889 36.043292
18.005831 1111.111111 3362 1120.664788 35.861273
18.004340 1111.111111 3364 1121.126814 35.876058
18.009336 1111.111111 3382 1126.148523 36.036753
18.003106 1111.111111 3259 1086.208778 34.758681
18.003846 1111.111111 3340 1113.026828 35.616858
18.007668 1111.111111 3322 1106.476348 35.407243
18.005924 1111.111111 3385 1128.213858 36.102843
18.007244 1111.111111 3351 1116.815964 35.738111
18.004917 1111.111111 3319 1106.163545 35.397233
18.007573 1111.111111 3268 1089.003568 34.848114
18.004416 1111.111111 3388 1129.225977 36.135231
18.004612 1111.111111 3322 1107.311817 35.433978
18.006103 1111.111111 3348 1115.878327 35.708106
18.015612 1111.111111 3335 1109.226735 35.495256
18.007267 1111.111111 3280 1093.254822 34.984154
18.012721 1111.111111 3358 1118.229395 35.783341
18.010601 1111.111111 3388 1128.384657 36.108309
18.004429 1111.111111 3338 1112.653962 35.604927
18.003344 1111.111111 3342 1113.579628 35.634548
21.005722 1111.111111 3377 1125.148456 36.004751
21.002748 1111.111111 3336 1111.902999 35.580896
21.001562 1111.111111 3352 1117.324009 35.754368
21.006912 1111.111111 3413 1136.736728 36.375575
21.003344 1111.111111 3333 1110.921326 35.549482
21.007382 1111.111111 3241 1078.436676 34.509974
21.004253 1111.111111 3432 1143.929147 36.605733
21.005288 1111.111111 3386 1127.951943 36.094462
21.005500 1111.111111 3234 1077.790286 34.489289
21.004145 1111.111111 3368 1122.396603 35.916691
21.005669 1111.111111 3344 1114.201121 35.654436
21.006237 1111.111111 3237 1078.346965 34.507103
21.003261 1111.111111 3408 1135.941008 36.350112
21.005018 1111.111111 3286 1095.133153 35.044261
21.006696 1111.111111 3384 1127.709798 36.086714
21.007421 1111.111111 3345 1114.934188 35.677894
21.005897 1111.111111 3345 1114.975333 35.679211
21.005387 1111.111111 3253 1084.053568 34.689714
21.004942 1111.111111 3323 1107.261859 35.432379
21.009015 1111.111111 3383 1127.009943 36.064318
21.007850 1111.111111 3247 1082.233197 34.631462
21.007692 1111.111111 3236 1078.658031 34.517057
21.008274 1111.111111 3299 1099.340501 35.178896
21.009029 1111.111111 3330 1109.689996 35.510080
21.006980 1111.111111 3475 1157.994860 37.055836
21.010930 1111.111111 3198 1065.433843 34.093883
21.012871 1111.111111 3233 1077.612584 34.483603
21.005690 1111.111111 3373 1123.860720 35.963543
21.010612 1111.111111 3303 1100.995970 35.231871
21.015394 1111.111111 3342 1113.894026 35.644609
21.016344 1111.111111 3306 1101.731188 35.255398
21.004439 1111.111111 3317 1105.263278 35.368425
24.004574 1111.111111 3264 1087.338061 34.794818
24.010222 1111.111111 3317 1104.793356 35.353387
24.001810 1111.111111 3197 1065.578335 34.098507
24.007481 1111.111111 3276 1090.496079 34.895875
24.008563 1111.111111 3441 1146.111369 36.675564
24.005789 1111.111111 3344 1114.056252 35.649800
24.004850 1111.111111 3325 1108.112831 35.459611
24.006151 1111.111111 3255 1084.688260 34.710024
24.007282 1111.111111 3198 1065.791923 34.105342
24.004409 1111.111111 3336 1111.574939 35.570398
24.005275 1111.111111 3230 1076.574541 34.450385
24.007275 1111.111111 3248 1082.169583 34.629427
24.005439 1111.111111 3321 1106.816702 35.418134
24.005585 1111.111111 3409 1136.301291 36.361641
24.009036 1111.111111 3287 1095.664220 35.061255
24.008890 1111.111111 3337 1111.159932 35.557118
24.007926 1111.111111 3377 1125.477287 36.015273
24.015948 1111.111111 3303 1097.693736 35.126200
24.005939 1111.111111 3373 1124.232436 35.975438
24.005608 1111.111111 3334 1111.251416 35.560045
24.009780 1111.111111 3324 1107.444098 35.438211
24.011954 1111.111111 3451 1149.940778 36.798105
24.007897 1111.111111 3367 1122.256719 35.912215
24.007097 1111.111111 3339 1112.956460 35.614607
24.009040 1111.111111 3347 1115.657443 35.701038
24.013036 1111.111111 3249 1082.940327 34.654090
24.007749 1111.111111 3364 1121.196277 35.878281
24.012074 1111.111111 3289 1095.799389 35.065580
24.009968 1111.111111 3253 1082.789284 34.649257
24.016332 1111.111111 3256 1084.994152 34.719813
24.016389 1111.111111 3204 1067.984267 34.175497
24.005346 1111.111111 3414 1137.656158 36.404997
27.007873 1111.111111 3292 1096.571725 35.090295
27.003196 1111.111111 3333 1110.486996 35.535584
27.004890 1111.111111 3374 1124.548327 35.985546
27.008789 1111.111111 3279 1092.674981 34.965599
27.006634 1111.111111 3418 1138.656192 36.436998
27.006229 1111.111111 3314 1103.996715 35.327895
27.005744 1111.111111 3351 1116.825300 35.738410
27.008566 1111.111111 3298 1099.098873 35.171164
27.006505 1111.111111 3415 1138.198951 36.422366
27.005803 1111.111111 3336 1111.919236 35.581416
27.009793 1111.111111 3260 1085.755613 34.744180
27.005816 1111.111111 3369 1122.922068 35.933506
27.008503 1111.111111 3209 1069.302324 34.217674
27.008273 1111.111111 3326 1108.300576 35.465618
27.006368 1111.111111 3308 1102.508823 35.280282
27.006448 1111.111111 3398 1132.285750 36.233144
27.010551 1111.111111 3478 1158.565637 37.074100
27.011825 1111.111111 3248 1081.660745 34.613144
27.009241 1111.111111 3352 1117.202785 35.750489
27.007408 1111.111111 3379 1126.216877 36.038940
27.009958 1111.111111 3397 1131.987068 36.223586
27.009816 1111.111111 3249 1082.986929 34.655582
27.011676 1111.111111 3299 1099.133663 35.172277
27.012441 1111.111111 3454 1151.146242 36.836680
27.013728 1111.111111 3376 1125.073809 36.002362
27.009564 1111.111111 3368 1121.987712 35.903607
27.017203 1111.111111 3420 1139.690631 36.470100
27.013011 1111.111111 3150 1049.672261 33.589512
27.017295 1111.111111 3302 1100.172835 35.205531
27.017821 1111.111111 3257 1085.127917 34.724093
27.010420 1111.111111 3327 1108.832919 35.482653
27.005385 1111.111111 3261 1086.986034 34.783553
#type       avg     std     min     5th    10th    90th    95th    99th
read      112.3   149.0    54.8    80.2    83.2   140.3   155.0   196.8
update    117.0   155.2    60.2    82.9    87.2   145.7   160.7   201.7
op_q        1.1     0.4     1.0     1.0     1.0     2.0     2.1     2.9

Total QPS = 79898.8 (2396963 / 30.0s)

Misses = 0 (0.0%)
Skipped TXs = 0 (0.0%)

RX  413024117 bytes :   13.1 MB/s
TX  265190051 bytes :    8.4 MB/s
