3.086682 277.777778 780 252.698506 8.086352
3.001081 277.777778 805 268.236693 8.583574
3.009709 277.777778 817 271.454776 8.686553
3.002657 277.777778 794 264.432502 8.461840
3.006740 277.777778 826 274.716111 8.790916
3.001138 277.777778 897 298.886604 9.564371
3.007702 277.777778 784 260.664159 8.341253
3.001020 277.777778 843 280.904533 8.988945
3.001904 277.777778 812 270.494959 8.655839
3.005756 277.777778 880 292.771569 9.368690
3.008517 277.777778 853 283.528358 9.072907
3.005255 277.777778 842 280.175891 8.965629
3.000185 277.777778 796 265.317005 8.490144
3.001167 277.777778 782 260.565302 8.338090
3.006484 277.777778 797 265.093738 8.483000
3.001367 277.777778 867 288.868336 9.243787
3.004867 277.777778 782 260.244433 8.327822
3.002369 277.777778 766 255.131886 8.164220
3.001532 277.777778 847 282.189209 9.030055
3.000112 277.777778 937 312.321716 9.994295
3.002449 277.777778 833 277.440152 8.878085
3.000700 277.777778 881 293.598150 9.395141
3.001194 277.777778 793 264.228141 8.455301
3.000528 277.777778 812 270.619071 8.659810
3.001067 277.777778 880 293.229056 9.383330
3.000204 277.777778 778 259.315670 8.298101
3.019749 277.777778 794 262.935772 8.413945
3.000939 277.777778 793 264.250627 8.456020
3.000778 277.777778 880 293.257255 9.384232
3.008570 277.777778 865 287.512043 9.200385
3.004156 277.777778 821 273.288053 8.745218
3.000686 277.777778 865 288.267449 9.224558
6.001085 277.777778 795 264.999669 8.479989
6.002394 277.777778 825 274.884956 8.796319
6.007846 277.777778 804 267.404648 8.556949
6.004385 277.777778 885 294.703559 9.430514
6.009872 277.777778 800 265.882131 8.508228
6.008873 277.777778 860 285.838834 9.146843
6.003677 277.777778 826 275.239686 8.807670
6.003900 277.777778 865 288.141694 9.220534
6.013590 277.777778 825 274.238101 8.775619
6.006738 277.777778 797 265.287416 8.489197
6.035551 277.777778 851 281.057580 8.993843
6.004377 277.777778 860 286.474903 9.167197
6.019660 277.777778 817 271.433036 8.685857
6.010541 277.777778 824 274.481527 8.783409
6.001708 277.777778 825 274.853724 8.795319
6.005065 277.777778 846 281.981458 9.023407
6.002498 277.777778 871 290.239853 9.287675
6.012637 277.777778 864 287.435021 9.197921
6.002989 277.777778 746 248.517983 7.952575
6.002582 277.777778 837 278.809033 8.921889
6.002487 277.777778 893 297.489522 9.519665
6.001258 277.777778 816 271.904512 8.700944
6.006822 277.777778 861 286.967665 9.182965
6.009153 277.777778 841 280.016276 8.960521
6.001331 277.777778 865 288.307909 9.225853
6.007932 277.777778 867 288.327895 9.226493
6.001045 277.777778 863 287.641066 9.204514
6.012099 277.777778 814 271.014488 8.672464
6.020186 277.777778 821 273.626805 8.756058
6.004718 277.777778 808 269.282881 8.617052
6.094793 277.777778 827 274.923406 8.797549
6.002862 277.777778 793 264.141682 8.452534
9.009477 277.777778 833 277.022219 8.864711
9.001905 277.777778 916 305.274972 9.768799
9.011236 277.777778 843 280.314491 8.970064
9.003776 277.777778 759 252.991719 8.095735
9.002996 277.777778 884 294.479027 9.423329
9.011113 277.777778 830 276.365735 8.843704
9.014296 277.777778 737 244.695858 7.830267
9.008990 277.777778 883 293.620657 9.395861
9.007253 277.777778 824 274.466484 8.782927
9.004794 277.777778 775 258.298144 8.265541
9.002887 277.777778 840 279.848021 8.955137
9.008308 277.777778 869 289.105661 9.251381
9.005085 277.777778 767 255.606300 8.179402
9.011585 277.777778 764 254.262942 8.136414
9.003121 277.777778 834 277.950070 8.894402
9.008105 277.777778 835 278.206583 8.902611
9.006431 277.777778 793 263.859610 8.443508
9.010824 277.777778 801 266.826525 8.538449
9.007268 277.777778 829 275.939805 8.830074
9.011451 277.777778 827 275.583053 8.818658
9.020629 277.777778 786 261.063839 8.354043
9.011905 277.777778 861 286.736953 9.175583
9.013703 277.777778 779 259.656890 8.309020
9.015259 277.777778 822 273.760726 8.760343
9.013611 277.777778 857 285.522806 9.136730
9.008265 277.777778 870 289.967860 9.278972
9.020638 277.777778 801 266.913005 8.541216
9.021932 277.777778 832 277.172008 8.869504
9.039695 277.777778 856 284.939739 9.118072
9.011354 277.777778 859 285.701392 9.142445
9.096178 277.777778 840 279.870820 8.955866
9.003570 277.777778 860 286.599069 9.171170
12.012686 277.777778 849 282.568480 9.042191
12.007668 277.777778 866 288.292636 9.225364
12.008970 277.777778 832 276.782217 8.857031
12.014932 277.777778 814 270.731686 8.663414
12.007566 277.777778 856 285.069860 9.122236
12.008446 277.777778 834 277.889490 8.892464
12.012617 277.777778 844 281.192390 8.998156
12.004019 277.777778 805 268.253052 8.584098
12.027912 277.777778 895 296.080476 9.474575
12.014267 277.777778 820 273.281903 8.745021
12.012705 277.777778 843 280.823849 8.986363
12.009987 277.777778 819 272.909315 8.733098
12.004883 277.777778 822 273.817825 8.762170
12.015273 277.777778 869 289.298086 9.257539
12.011278 277.777778 813 270.996227 8.671879
12.004708 277.777778 874 291.061426 9.313966
12.010267 277.777778 811 270.156907 8.645021
12.007671 277.777778 825 274.963021 8.798817
12.009886 277.777778 851 283.628060 9.076098
12.012334 277.777778 822 273.931585 8.765811
12.017587 277.777778 905 301.336047 9.642754
12.015856 277.777778 737 245.343579 7.850995
12.006608 277.777778 856 285.316509 9.130128
12.015574 277.777778 832 277.304224 8.873735
12.020985 277.777778 807 268.968108 8.606979
12.021130 277.777778 815 271.622136 8.691908
12.013906 277.777778 813 270.973295 8.671145
12.029757 277.777778 801 266.305415 8.521773
12.042234 277.777778 848 282.427672 9.037686
12.015576 277.777778 800 266.291914 8.521341
12.097491 277.777778 797 265.550396 8.497613
12.012235 277.777778 818 271.881357 8.700203
15.019661 277.777778 850 282.824836 9.050395
15.009970 277.777778 820 273.242233 8.743751
15.008903 277.777778 860 286.548676 9.169558
15.018718 277.777778 925 307.979688 9.855350
15.010231 277.777778 780 259.845344 8.315051
15.023600 277.777778 824 274.427464 8.781679
15.014643 277.777778 865 287.654791 9.204953
15.011031 277.777778 809 269.037892 8.609213
15.017527 277.777778 834 277.519635 8.880628
15.013902 277.777778 812 270.558771 8.657881
15.020158 277.777778 844 280.503043 8.976097
15.017442 277.777778 854 283.642365 9.076556
15.014044 277.777778 827 274.811412 8.793965
15.010688 277.777778 874 291.292423 9.321358
15.013851 277.777778 786 261.892250 8.380552
15.007447 277.777778 831 276.763501 8.856432
15.010434 277.777778 867 288.956902 9.246621
15.010730 277.777778 892 297.249649 9.511989
15.019508 277.777778 862 286.984000 9.183488
15.020490 277.777778 791 262.982554 8.415442
15.007783 277.777778 820 273.323162 8.746341
15.020257 277.777778 874 291.074370 9.314380
15.022283 277.777778 852 283.305720 9.065783
15.018631 277.777778 886 295.032695 9.441046
15.026205 277.777778 793 263.886873 8.444380
15.016386 277.777778 794 264.448100 8.462339
15.035822 277.777778 899 298.878646 9.564117
15.034775 277.777778 794 264.224703 8.455190
15.043132 277.777778 842 280.582663 8.978645
15.019150 277.777778 858 285.659628 9.141108
15.102564 277.777778 854 284.186152 9.093957
15.022307 277.777778 835 277.402045 8.876865
18.010955 277.777778 806 268.578494 8.594512
18.017843 277.777778 886 294.945854 9.438267
18.012241 277.777778 820 273.150390 8.740812
18.009519 277.777778 841 280.275779 8.968825
18.017203 277.777778 820 272.477728 8.719287
18.017263 277.777778 848 282.420047 9.037442
18.011981 277.777778 825 274.881591 8.796211
18.014743 277.777778 811 269.972241 8.639112
18.014745 277.777778 824 274.584793 8.786713
18.025052 277.777778 851 282.956920 9.054621
18.029059 277.777778 755 250.802172 8.025670
18.012654 277.777778 853 284.123137 9.091940
18.040806 277.777778 807 266.356378 8.523404
18.011314 277.777778 763 254.005919 8.128189
18.020464 277.777778 778 259.263946 8.296446
18.020100 277.777778 824 274.612480 8.787599
18.036605 277.777778 924 306.320665 9.802261
18.021479 277.777778 834 277.908386 8.893068
18.021781 277.777778 812 270.529227 8.656935
18.020269 277.777778 863 287.071026 9.186273
18.021199 277.777778 838 278.983909 8.927485
18.019131 277.777778 854 284.619191 9.107814
18.028025 277.777778 796 264.942584 8.478163
18.038588 277.777778 843 279.844867 8.955036
18.037579 277.777778 823 272.941729 8.734135
18.016678 277.777778 841 280.306018 8.969793
18.036218 277.777778 809 269.631033 8.628193
18.044423 277.777778 822 273.882072 8.764226
18.038727 277.777778 882 293.613201 9.395622
18.027914 277.777778 835 277.522644 8.880725
18.107997 277.777778 832 276.831935 8.858622
18.026892 277.777778 821 273.249063 8.743970
21.012647 277.777778 893 297.498891 9.519965
21.021262 277.777778 797 265.313016 8.490017
21.015262 277.777778 823 274.033620 8.769076
21.009609 277.777778 836 278.658357 8.917067
21.027711 277.777778 872 290.093247 9.282984
21.012537 277.777778 850 283.305375 9.065772
21.018672 277.777778 791 263.322042 8.426305
21.025420 277.777778 842 280.203732 8.966519
21.012908 277.777778 843 280.976194 8.991238
21.016071 277.777778 859 286.206640 9.158612
21.022084 277.777778 853 283.931980 9.085823
21.012778 277.777778 843 280.862908 8.987613
21.036085 277.777778 869 288.890477 9.244495
21.030344 277.777778 797 265.552898 8.497693
21.030499 277.777778 836 277.704057 8.886530
21.024015 277.777778 857 285.425382 9.133612
21.019572 277.777778 821 273.626477 8.756047
21.027309 277.777778 833 276.734464 8.855503
21.025649 277.777778 804 267.946710 8.574295
21.021506 277.777778 765 254.973916 8.159165
21.021440 277.777778 867 288.887198 9.244390
21.016991 277.777778 847 282.303918 9.033725
21.044998 277.777778 812 270.614795 8.659673
21.038388 277.777778 883 294.158457 9.413071
21.037145 277.777778 817 272.249214 8.711975
21.041863 277.777778 792 263.907016 8.445025
21.044822 277.777778 861 286.404855 9.164955
21.072732 277.777778 771 254.119575 8.131826
21.040303 277.777778 839 279.412985 8.941216
21.039945 277.777778 849 281.869573 9.019826
21.108672 277.777778 793 264.273890 8.456764
21.034088 277.777778 828 275.339532 8.810865
24.012684 277.777778 801 266.996657 8.543893
24.013851 277.777778 851 283.266048 9.064514
24.019963 277.777778 891 296.266629 9.480532
24.023184 277.777778 809 269.515969 8.624511
24.016182 277.777778 821 273.368314 8.747786
24.020269 277.777778 806 268.604273 8.595337
24.024773 277.777778 795 263.944694 8.446230
24.029247 277.777778 806 267.953452 8.574510
24.018850 277.777778 863 287.649600 9.204787
24.018255 277.777778 870 289.789034 9.273249
24.047334 277.777778 864 285.911590 9.149171
24.015343 277.777778 805 268.326058 8.586434
24.034886 277.777778 859 285.454427 9.134542
24.034825 277.777778 841 279.929629 8.957748
24.022815 277.777778 910 303.259352 9.704299
24.024099 277.777778 819 272.992361 8.735756
24.033330 277.777778 802 266.833521 8.538673
24.038177 277.777778 812 269.961770 8.638777
24.038506 277.777778 824 274.655875 8.788988
24.017249 277.777778 745 248.311962 7.945983
24.027037 277.777778 836 278.147783 8.900729
24.027625 277.777778 860 286.636446 9.172366
24.036533 277.777778 815 271.626070 8.692034
24.039511 277.777778 798 265.790433 8.505294
24.041990 277.777778 856 285.321241 9.130280
24.048827 277.777778 887 295.289849 9.449275
24.042232 277.777778 861 286.815581 9.178099
24.059859 277.777778 823 272.965143 8.734885
24.044620 277.777778 870 289.548855 9.265563
24.074256 277.777778 857 285.521612 9.136692
24.108991 277.777778 847 282.303339 9.033707
24.040840 277.777778 875 291.011675 9.312374
27.012696 277.777778 805 268.332296 8.586633
27.022931 277.777778 795 264.989812 8.479674
27.027071 277.777778 827 274.669698 8.789430
27.013945 277.777778 809 269.658245 8.629064
27.021176 277.777778 822 273.889187 8.764454
27.044845 277.777778 830 276.175635 8.837620
27.020930 277.777778 814 271.145345 8.676651
27.019173 277.777778 895 297.952934 9.534494
27.021254 277.777778 817 272.061315 8.705962
27.029457 277.777778 823 274.314099 8.778051
27.020819 277.777778 825 274.949603 8.798387
27.029624 277.777778 828 275.492657 8.815765
27.042164 277.777778 843 280.175007 8.965600
27.026240 277.777778 829 276.052121 8.833668
27.047302 277.777778 825 273.866513 8.763728
27.028897 277.777778 818 272.292274 8.713353
27.036088 277.777778 824 273.840455 8.762895
27.024198 277.777778 835 277.690070 8.886082
27.028114 277.777778 862 287.286465 9.193167
27.049889 277.777778 758 251.546822 8.049498
27.043760 277.777778 907 302.155044 9.668961
27.041532 277.777778 832 277.023534 8.864753
27.051887 277.777778 814 269.798954 8.633567
27.040902 277.777778 835 278.111200 8.899558
27.043727 277.777778 857 285.524315 9.136778
27.049392 277.777778 850 283.279914 9.064957
27.049984 277.777778 852 283.749265 9.079976
27.062462 277.777778 789 262.772028 8.408705
27.074796 277.777778 885 294.946841 9.438299
27.047767 277.777778 815 271.381923 8.684222
27.112351 277.777778 822 273.693400 8.758189
27.045126 277.777778 842 280.266220 8.968519
#type       avg     std     min     5th    10th    90th    95th    99th
read      124.5    43.0    60.2    79.4    82.8   183.2   204.3   249.0
update    129.5    42.4    66.3    83.1    87.5   187.5   208.6   255.6
op_q        1.0     0.2     1.0     1.0     1.0     1.1     1.1     2.1

Total QPS = 19878.7 (596361 / 30.0s)

Misses = 0 (0.0%)
Skipped TXs = 0 (0.0%)

RX  103316013 bytes :    3.3 MB/s
TX   66097726 bytes :    2.1 MB/s
