3.000131 5625.000000 16950 5649.753305 180.792106
3.000260 5625.000000 16884 5627.511937 180.080382
3.000182 5625.000000 16803 5600.659367 179.221100
3.000018 5625.000000 16643 5547.633954 177.524287
3.000044 5625.000000 16562 5520.586347 176.658763
3.000064 5625.000000 16827 5608.880512 179.484176
3.000419 5625.000000 16859 5618.881591 179.804211
3.000047 5625.000000 16870 5623.245984 179.943871
3.000108 5625.000000 17032 5677.129112 181.668132
3.000033 5625.000000 17067 5688.936598 182.045971
3.000021 5625.000000 16920 5639.960191 180.478726
3.000276 5625.000000 16958 5652.146186 180.868678
3.000071 5625.000000 16805 5601.533312 179.249066
3.000308 5625.000000 16993 5663.752101 181.240067
3.000019 5625.000000 16758 5585.963889 178.750844
3.000014 5625.000000 16750 5583.306350 178.665803
3.000155 5625.000000 17133 5710.704240 182.742536
3.000287 5625.000000 16889 5629.129004 180.132128
3.000114 5625.000000 16691 5563.454816 178.030554
3.000086 5625.000000 16876 5625.172172 180.005510
3.000173 5625.000000 16754 5584.345314 178.699050
3.000146 5625.000000 16776 5591.727085 178.935267
3.000153 5625.000000 16751 5583.381059 178.668194
3.000157 5625.000000 16957 5652.037530 180.865201
3.000417 5625.000000 16735 5577.557959 178.481855
3.000109 5625.000000 16878 5625.795148 180.025445
3.000046 5625.000000 16744 5581.248537 178.599953
3.000115 5625.000000 16821 5606.784631 179.417108
3.000063 5625.000000 16701 5566.883476 178.140271
3.000125 5625.000000 17153 5717.427746 182.957688
3.000018 5625.000000 16858 5619.298800 179.817562
3.000417 5625.000000 17036 5677.877751 181.692088
6.000960 5625.000000 16714 5569.871205 178.235879
6.000066 5625.000000 16942 5647.245338 180.711851
6.000027 5625.000000 17173 5724.315096 183.178083
6.000529 5625.000000 16633 5543.440153 177.390085
6.000602 5625.000000 16772 5589.788902 178.873245
6.000126 5625.000000 16683 5560.828506 177.946512
6.000274 5625.000000 16653 5550.764769 177.624473
6.000087 5625.000000 16754 5584.544013 178.705408
6.000311 5625.000000 16597 5532.269725 177.032631
6.000229 5625.000000 16845 5614.772541 179.672721
6.000133 5625.000000 16895 5631.551506 180.209648
6.000160 5625.000000 16890 5629.782454 180.153039
6.000174 5625.000000 16633 5544.302274 177.417673
6.000496 5625.000000 16751 5582.903093 178.652899
6.000322 5625.000000 17013 5670.882916 181.468253
6.000146 5625.000000 16928 5642.479392 180.559341
6.000477 5625.000000 17044 5681.224408 181.799181
6.000034 5625.000000 16861 5620.296077 179.849474
6.000203 5625.000000 17080 5693.238970 182.183647
6.000208 5625.000000 16973 5657.619389 181.043820
6.000114 5625.000000 17077 5692.238360 182.151628
6.000695 5625.000000 16575 5523.932115 176.765828
6.000250 5625.000000 17107 5702.075794 182.466425
6.000317 5625.000000 16952 5650.649548 180.820786
6.000491 5625.000000 16580 5526.048607 176.833555
6.001503 5625.000000 16917 5636.714927 180.374878
6.000164 5625.000000 16747 5582.231946 178.631422
6.000150 5625.000000 16871 5623.503761 179.952120
6.001275 5625.000000 16915 5636.720904 180.375069
6.000452 5625.000000 17003 5667.049975 181.345599
6.000317 5625.000000 16830 5609.442526 179.502161
6.000432 5625.000000 17067 5688.971121 182.047076
9.000335 5625.000000 17016 5671.431842 181.485819
9.000401 5625.000000 17021 5673.185441 181.541934
9.000824 5625.000000 16994 5664.247165 181.255909
9.000387 5625.000000 16959 5652.434656 180.877909
9.000043 5625.000000 17050 5683.303552 181.865714
9.000244 5625.000000 16863 5620.755491 179.864176
9.000147 5625.000000 17016 5671.973033 181.503137
9.000622 5625.000000 16806 5601.431279 179.245801
9.000394 5625.000000 16851 5616.865902 179.739709
9.000839 5625.000000 16671 5555.569566 177.778226
9.000286 5625.000000 17036 5678.559148 181.713893
9.000976 5625.000000 17040 5679.469310 181.743018
9.000292 5625.000000 16999 5666.173239 181.317544
9.000315 5625.000000 16738 5579.256814 178.536218
9.000180 5625.000000 16999 5666.322021 181.322305
9.000190 5625.000000 17032 5677.212402 181.670797
9.001258 5625.000000 16694 5563.314228 178.026055
9.000426 5625.000000 16882 5626.815750 180.058104
9.000530 5625.000000 17080 5692.917815 182.173370
9.000181 5625.000000 17147 5715.633617 182.900276
9.000409 5625.000000 17032 5676.943125 181.662180
9.000772 5625.000000 16993 5663.347488 181.227120
9.000520 5625.000000 17074 5691.288379 182.121228
9.000329 5625.000000 16837 5612.016477 179.584527
9.000542 5625.000000 17032 5677.210377 181.670732
9.000646 5625.000000 16792 5597.043746 179.105400
9.001079 5625.000000 16932 5643.776292 180.600841
9.000537 5625.000000 16889 5629.507208 180.144231
9.001982 5625.000000 16808 5601.347426 179.243118
9.001510 5625.000000 16726 5575.320611 178.410260
9.000999 5625.000000 17038 5678.041952 181.697342
9.000454 5625.000000 16741 5580.292975 178.569375
12.000096 11250.000000 28117 9372.168628 299.909396
12.000409 11250.000000 28034 9344.620345 299.027851
12.000571 11250.000000 28172 9390.507510 300.496240
12.000198 11250.000000 28024 9341.307296 298.921833
12.000308 11250.000000 28074 9357.949560 299.454386
12.000586 11250.000000 27984 9327.862065 298.491586
12.000354 11250.000000 27931 9310.123683 297.923958
12.000401 11250.000000 27860 9286.664239 297.173256
12.000158 11250.000000 27752 9250.631701 296.020214
12.000345 11250.000000 28475 9491.634862 303.732316
12.000205 11250.000000 27967 9322.256122 298.312196
12.000488 11250.000000 28249 9415.790818 301.305306
12.000330 11250.000000 28183 9394.329642 300.618549
12.000826 11250.000000 27536 9178.042446 293.697358
12.000265 11250.000000 27895 9298.269452 297.544622
12.000580 11250.000000 27975 9324.844015 298.395008
12.000219 11250.000000 28566 9521.880042 304.700161
12.000649 11250.000000 28430 9475.909709 303.229111
12.000691 11250.000000 28007 9335.527485 298.736880
12.000986 11250.000000 28254 9417.966007 301.374912
12.000578 11250.000000 28345 9447.731506 302.327408
12.000460 11250.000000 28162 9387.224684 300.391190
12.001365 11250.000000 27995 9331.333819 298.602682
12.000898 11250.000000 28144 9381.148127 300.196740
12.000829 11250.000000 27948 9315.821817 298.106298
12.000726 11250.000000 28254 9417.404542 301.356945
12.001704 11250.000000 28260 9418.039596 301.377267
12.000846 11250.000000 28149 9382.932097 300.253827
12.001698 11250.000000 28325 9441.074367 302.114380
12.002044 11250.000000 28496 9498.468208 303.950983
12.001204 11250.000000 28411 9469.686561 303.029970
12.000526 11250.000000 28216 9405.107060 300.963426
15.000461 11250.000000 33715 11237.900457 359.612815
15.000609 11250.000000 34106 11367.608489 363.763472
15.000246 11250.000000 33809 11269.565621 360.626100
15.000609 11250.000000 33655 11218.247721 358.983927
15.000267 11250.000000 33917 11305.658382 361.781068
15.000642 11250.000000 33673 11224.100060 359.171202
15.001364 11250.000000 33457 11150.930532 356.829777
15.000871 11250.000000 33758 11252.496970 360.079903
15.000595 11250.000000 33966 11321.936764 362.301976
15.000210 11250.000000 33711 11236.954310 359.582538
15.000306 11250.000000 33816 11271.619303 360.691818
15.000331 11250.000000 33497 11165.583950 357.298686
15.000617 11250.000000 33428 11142.185407 356.549933
15.000535 11250.000000 33558 11185.722141 357.943109
15.000466 11250.000000 33625 11208.091450 358.658926
15.000425 11250.000000 33722 11240.605652 359.699381
15.000100 11250.000000 34277 11425.650312 365.620810
15.000835 11250.000000 33730 11242.794277 359.769417
15.000208 11250.000000 33498 11165.815282 357.306089
15.000416 11250.000000 34171 11390.098925 364.483166
15.000914 11250.000000 33776 11258.606926 360.275422
15.000651 11250.000000 33528 11175.991712 357.631735
15.000951 11250.000000 33924 11307.604299 361.843338
15.000874 11250.000000 33493 11164.166846 357.253339
15.000792 11250.000000 33838 11279.086228 360.930759
15.000742 11250.000000 33947 11315.021262 362.080680
15.001403 11250.000000 33917 11305.524920 361.776797
15.001718 11250.000000 33917 11305.610687 361.779542
15.001720 11250.000000 33408 11135.918885 356.349404
15.002059 11250.000000 33637 11212.278403 358.792909
15.001264 11250.000000 33928 11309.106287 361.891401
15.000534 11250.000000 33392 11130.636948 356.180382
18.000212 11250.000000 33716 11238.652515 359.636880
18.000187 11250.000000 34270 11423.003269 365.536105
18.000225 11250.000000 33664 11221.279713 359.080951
18.000912 11250.000000 33926 11306.987164 361.823589
18.000430 11250.000000 33569 11189.614399 358.067661
18.000732 11250.000000 34042 11346.814148 363.098053
18.000701 11250.000000 33766 11255.113615 360.163636
18.000339 11250.000000 33676 11225.208720 359.206679
18.000294 11250.000000 33667 11222.234724 359.111511
18.000770 11250.000000 33511 11169.763624 357.432436
18.000663 11250.000000 33848 11282.461694 361.038774
18.000469 11250.000000 33707 11235.635711 359.540343
18.000661 11250.000000 33596 11198.474001 358.351168
18.000695 11250.000000 33753 11249.985526 359.999537
18.000980 11250.000000 33716 11238.556863 359.633820
18.000425 11250.000000 33656 11218.312610 358.986004
18.000898 11250.000000 33588 11195.898649 358.268757
18.000939 11250.000000 34056 11351.604936 363.251358
18.000983 11250.000000 33903 11300.590813 361.618906
18.000845 11250.000000 34093 11363.597787 363.635129
18.000344 11250.000000 33469 11155.969382 356.991020
18.001634 11250.000000 33930 11306.638263 361.812424
18.000592 11250.000000 34275 11424.782198 365.593030
18.000919 11250.000000 33783 11260.981821 360.351418
18.001369 11250.000000 34100 11366.645995 363.732672
18.001450 11250.000000 33632 11210.489845 358.735675
18.000813 11250.000000 33772 11257.257086 360.232227
18.001815 11250.000000 33717 11238.638094 359.636419
18.001729 11250.000000 33825 11274.966334 360.798923
18.002138 11250.000000 34218 11405.700187 364.982406
18.001287 11250.000000 33996 11331.913386 362.621228
18.000599 11250.000000 33782 11260.421779 360.333497
21.000267 11250.000000 33648 11215.792156 358.905349
21.000229 11250.000000 33883 11294.316368 361.418124
21.000340 11250.000000 34038 11345.997555 363.071922
21.000230 11250.000000 33903 11300.835371 361.626732
21.000551 11250.000000 33533 11177.213293 357.670825
21.000497 11250.000000 33777 11258.895208 360.284647
21.000813 11250.000000 33871 11290.029098 361.280931
21.000940 11250.000000 33803 11265.732900 360.503453
21.000809 11250.000000 33479 11159.264996 357.096480
21.000647 11250.000000 33625 11207.200959 358.630431
21.000776 11250.000000 33469 11155.905513 356.988976
21.001026 11250.000000 33686 11228.494063 359.311810
21.000893 11250.000000 33442 11147.154880 356.708956
21.000735 11250.000000 33576 11191.853701 358.139318
21.000946 11250.000000 33704 11234.539291 359.505257
21.000321 11250.000000 33852 11283.898547 361.084754
21.000883 11250.000000 33872 11290.243225 361.287783
21.001493 11250.000000 34149 11382.529053 364.240930
21.001575 11250.000000 33764 11252.444055 360.078210
21.000603 11250.000000 33839 11279.627056 360.948066
21.000751 11250.000000 33759 11252.671063 360.085474
21.001771 11250.000000 34307 11432.341284 365.834921
21.000945 11250.000000 33470 11156.644548 357.012626
21.000992 11250.000000 33966 11321.722146 362.295109
21.001451 11250.000000 33748 11249.332143 359.978629
21.000953 11250.000000 33722 11240.141419 359.684525
21.001665 11250.000000 33758 11252.550810 360.081626
21.001862 11250.000000 33431 11143.492157 356.591749
21.001808 11250.000000 33670 11223.034522 359.137105
21.002151 11250.000000 33827 11275.617737 360.819768
21.001412 11250.000000 33623 11207.200994 358.630432
21.000644 11250.000000 33602 11200.498555 358.415954
24.000364 11250.000000 33971 11323.161580 362.341171
24.000297 11250.000000 33556 11185.221634 357.927092
24.000388 11250.000000 33325 11108.084774 355.458713
24.000557 11250.000000 33779 11259.440771 360.302105
24.000275 11250.000000 33738 11245.828839 359.866523
24.000655 11250.000000 33705 11233.818807 359.482202
24.001023 11250.000000 33489 11162.478751 357.199320
24.000851 11250.000000 33519 11171.881876 357.500220
24.000774 11250.000000 33516 11171.855251 357.499368
24.001166 11250.000000 33956 11318.140812 362.180506
24.000984 11250.000000 33790 11263.170944 360.421470
24.000712 11250.000000 33585 11194.592108 358.226947
24.000969 11250.000000 33686 11228.066031 359.298113
24.001011 11250.000000 33742 11247.263367 359.912428
24.000866 11250.000000 33866 11288.234461 361.223503
24.000970 11250.000000 33926 11308.572612 361.874324
24.000796 11250.000000 33619 11206.260337 358.600331
24.000981 11250.000000 33720 11239.869886 359.675836
24.000734 11250.000000 33688 11229.006396 359.328205
24.000818 11250.000000 33964 11321.314224 362.282055
24.001748 11250.000000 33737 11245.355987 359.851392
24.000964 11250.000000 33834 11277.959186 360.894694
24.000916 11250.000000 33867 11288.913880 361.245244
24.001609 11250.000000 33958 11319.206747 362.214616
24.001482 11250.000000 33945 11314.880514 362.076176
24.002175 11250.000000 34192 11396.145372 364.676652
24.001528 11250.000000 33703 11234.201824 359.494458
24.001827 11250.000000 34060 11353.119134 363.299812
24.001931 11250.000000 33859 11285.872481 361.147919
24.002180 11250.000000 33726 11241.893313 359.740586
24.001914 11250.000000 34139 11377.762983 364.088415
24.000674 11250.000000 33482 11160.556195 357.137798
27.000337 11250.000000 33437 11145.519230 356.656615
27.000674 11250.000000 33839 11279.228049 360.935298
27.000993 11250.000000 33642 11213.955170 358.846565
27.000572 11250.000000 33679 11225.222875 359.207132
27.001045 11250.000000 33556 11185.248685 357.927958
27.000475 11250.000000 34262 11420.335309 365.450730
27.000839 11250.000000 33946 11315.085954 362.082751
27.000414 11250.000000 33632 11210.479478 358.735343
27.001281 11250.000000 33740 11244.534829 359.825115
27.000738 11250.000000 33919 11306.021914 361.792701
27.000988 11250.000000 33818 11272.649622 360.724788
27.001041 11250.000000 33696 11231.888354 359.420427
27.000872 11250.000000 33817 11272.309594 360.713907
27.000772 11250.000000 33745 11248.192232 359.942151
27.001300 11250.000000 33862 11286.829509 361.178544
27.001002 11250.000000 34049 11349.341917 363.178941
27.000898 11250.000000 33984 11327.824342 362.490379
27.001295 11250.000000 33588 11194.221959 358.215103
27.000912 11250.000000 33343 11113.903813 355.644922
27.001041 11250.000000 33938 11312.399607 361.996787
27.001046 11250.000000 33671 11223.378664 359.148117
27.002019 11250.000000 33956 11317.942656 362.174165
27.001780 11250.000000 33839 11279.545896 360.945469
27.000975 11250.000000 33768 11255.955989 360.190592
27.001730 11250.000000 33349 11115.415270 355.693289
27.001749 11250.000000 33499 11165.513352 357.296427
27.001936 11250.000000 33519 11172.981550 357.535410
27.002396 11250.000000 33394 11130.529609 356.176947
27.001650 11250.000000 33447 11148.848659 356.763157
27.002414 11250.000000 33528 11175.110258 357.603528
27.001955 11250.000000 34553 11517.505985 368.560192
27.000682 11250.000000 33404 11134.636243 356.308360
#type       avg     std     min     5th    10th    90th    95th    99th
read     1188.8   395.8   208.0   646.5   772.3  1586.1  1659.9  2177.4
update   1185.2   390.6   276.8   646.5   771.9  1581.8  1655.2  2132.5
op_q       15.4     7.3     1.0     4.0     5.7    24.4    27.2    33.3

Total QPS = 599974.6 (17999239 / 30.0s)

Misses = 0 (0.0%)
Skipped TXs = 0 (0.0%)

RX 3096638776 bytes :   98.4 MB/s
TX 1990610252 bytes :   63.3 MB/s
