3.000372 4375.000000 13268 4422.117599 141.507763
3.000108 4375.000000 13068 4355.843039 139.386977
3.000548 4375.000000 13014 4337.207747 138.790648
3.001066 4375.000000 13355 4450.085109 142.402723
3.000046 4375.000000 12997 4332.266936 138.632542
3.000154 4375.000000 13097 4365.442051 139.694146
3.000000 4375.000000 12880 4293.333046 137.386657
3.000189 4375.000000 13274 4424.387482 141.580399
3.000092 4375.000000 13040 4346.532955 139.089055
3.000716 4375.000000 13040 4345.629751 139.060152
3.000005 4375.000000 13275 4424.992547 141.599762
3.000479 4375.000000 12807 4268.318173 136.586182
3.000065 4375.000000 12833 4277.573940 136.882366
3.000187 4375.000000 12842 4280.400205 136.972807
3.000041 4375.000000 13280 4426.606489 141.651408
3.000207 4375.000000 13045 4348.032816 139.137050
3.000281 4375.000000 13156 4384.922425 140.317518
3.000070 4375.000000 13154 4384.564014 140.306048
3.000144 4375.000000 13212 4403.788491 140.921232
3.000138 4375.000000 13294 4431.128837 141.796123
3.000216 4375.000000 13125 4374.684511 139.989904
3.000050 4375.000000 13155 4384.926560 140.317650
3.000091 4375.000000 13113 4370.867350 139.867755
3.000321 4375.000000 12708 4235.546331 135.537483
3.000261 4375.000000 13169 4389.285105 140.457123
3.000537 4375.000000 13410 4469.199511 143.014384
3.000102 4375.000000 13274 4424.516970 141.584543
3.000125 4375.000000 13248 4415.815470 141.306095
3.000010 4375.000000 13142 4380.651675 140.180854
3.000027 4375.000000 13057 4352.294658 139.273429
3.000358 4375.000000 12916 4304.819938 137.754238
3.000068 4375.000000 12949 4316.235714 138.119543
6.000544 4375.000000 13261 4419.667237 141.429352
6.000248 4375.000000 13158 4385.653083 140.340899
6.000045 4375.000000 13143 4380.934284 140.189897
6.000439 4375.000000 13102 4367.235860 139.751548
6.000093 4375.000000 13419 4472.936863 143.133980
6.000327 4375.000000 12928 4308.870389 137.883852
6.000153 4375.000000 13278 4425.933642 141.629877
6.001452 4375.000000 13350 4447.886059 142.332354
6.000572 4375.000000 12988 4328.602125 138.515268
6.000856 4375.000000 13240 4412.487288 141.199593
6.000190 4375.000000 12929 4309.666169 137.909317
6.000271 4375.000000 12999 4332.709845 138.646715
6.001247 4375.000000 13014 4337.739204 138.807655
6.001003 4375.000000 13162 4386.667392 140.373357
6.000296 4375.000000 13123 4374.034718 139.969111
6.000340 4375.000000 13028 4342.234067 138.951490
6.000231 4375.000000 12986 4328.480493 138.511376
6.000590 4375.000000 13390 4462.524328 142.800778
6.000353 4375.000000 13167 4388.709215 140.438695
6.000323 4375.000000 13147 4382.330699 140.234582
6.000257 4375.000000 13007 4335.476176 138.735238
6.000460 4375.000000 13021 4339.967964 138.878975
6.000390 4375.000000 13004 4334.373583 138.699955
6.000580 4375.000000 13018 4338.808105 138.841859
6.000204 4375.000000 13185 4394.904485 140.636944
6.000572 4375.000000 12873 4290.867104 137.307747
6.000514 4375.000000 12897 4298.637049 137.556386
6.000863 4375.000000 13146 4381.784504 140.217104
6.000695 4375.000000 12963 4320.206314 138.246602
6.000547 4375.000000 13353 4450.986183 142.431558
6.001638 4375.000000 13273 4422.445872 141.518268
6.000232 4375.000000 13054 4351.094678 139.235030
9.000903 4375.000000 13555 4517.833874 144.570684
9.000410 4375.000000 12815 4271.549387 136.689580
9.000785 4375.000000 13074 4357.716080 139.446915
9.000265 4375.000000 13092 4363.910857 139.645147
9.000191 4375.000000 13114 4371.278612 139.880916
9.000520 4375.000000 13070 4355.977870 139.391292
9.000124 4375.000000 13043 4347.620495 139.123856
9.000802 4375.000000 13176 4391.673976 140.533567
9.000459 4375.000000 12996 4331.611336 138.611563
9.000394 4375.000000 13133 4377.428020 140.077697
9.000371 4375.000000 13002 4333.974058 138.687170
9.000408 4375.000000 13381 4460.231192 142.727398
9.000592 4375.000000 13067 4355.598097 139.379139
9.000372 4375.000000 13056 4351.888824 139.260442
9.000671 4375.000000 13007 4335.524166 138.736773
9.000541 4375.000000 13094 4364.548203 139.665543
9.000325 4375.000000 13387 4462.252666 142.792085
9.000296 4375.000000 13365 4454.941849 142.558139
9.000461 4375.000000 13157 4385.464965 140.334879
9.001490 4375.000000 13123 4373.623851 139.955963
9.001115 4375.000000 13065 4354.634537 139.348305
9.000479 4375.000000 13133 4377.608871 140.083484
9.000728 4375.000000 12891 4296.515025 137.488481
9.000884 4375.000000 13205 4401.626240 140.852040
9.001217 4375.000000 13077 4358.025941 139.456830
9.000838 4375.000000 13142 4380.458470 140.174671
9.000587 4375.000000 13301 4433.164628 141.861268
9.002086 4375.000000 13088 4361.445668 139.566261
9.000579 4375.000000 13364 4454.570716 142.546263
9.001521 4375.000000 13245 4414.898420 141.276749
9.002899 4375.000000 13171 4388.488985 140.431648
9.000329 4375.000000 12865 4288.195916 137.222269
12.000364 4375.000000 13261 4420.186695 141.445974
12.001142 4375.000000 13042 4346.272659 139.080725
12.001969 4375.000000 13017 4336.744167 138.775813
12.000264 4375.000000 13188 4395.891804 140.668538
12.000855 4375.000000 13090 4362.629101 139.604131
12.000423 4375.000000 13193 4397.623780 140.723961
12.000559 4375.000000 13354 4450.943754 142.430200
12.001111 4375.000000 13116 4371.049719 139.873591
12.000992 4375.000000 13284 4426.720067 141.655042
12.000796 4375.000000 13233 4410.533610 141.137076
12.000713 4375.000000 13200 4399.748288 140.791945
12.000995 4375.000000 13362 4453.834967 142.522719
12.000743 4375.000000 13130 4376.445573 140.046258
12.000544 4375.000000 13145 4381.347909 140.203133
12.000553 4375.000000 12944 4314.618135 138.067780
12.001265 4375.000000 13048 4348.662023 139.157185
12.000715 4375.000000 13177 4391.831934 140.538622
12.000490 4375.000000 13172 4390.624325 140.499978
12.001010 4375.000000 13246 4414.833540 141.274673
12.001365 4375.000000 13269 4422.146047 141.508674
12.001398 4375.000000 13386 4461.579014 142.770528
12.000919 4375.000000 13051 4350.310202 139.209926
12.001433 4375.000000 13274 4423.789006 141.561248
12.000820 4375.000000 13197 4398.646902 140.756701
12.000738 4375.000000 13155 4384.779669 140.312949
12.001613 4375.000000 13461 4486.816776 143.578137
12.001158 4375.000000 13181 4393.038011 140.577216
12.001516 4375.000000 12911 4303.238202 137.703622
12.002672 4375.000000 13340 4445.799193 142.265574
12.001562 4375.000000 13076 4358.607991 139.475456
12.003206 4375.000000 13101 4366.553758 139.729720
12.000482 4375.000000 13058 4352.444472 139.278223
15.001183 4375.000000 13094 4364.561903 139.665981
15.000464 4375.000000 12938 4312.607618 138.003444
15.000613 4375.000000 13250 4416.578559 141.330514
15.001051 4375.000000 13148 4382.216759 140.230936
15.000270 4375.000000 13294 4431.324772 141.802393
15.000735 4375.000000 13054 4351.301729 139.241655
15.000522 4375.000000 13024 4341.105078 138.915363
15.000894 4375.000000 13171 4389.820846 140.474267
15.001070 4375.000000 13286 4428.443904 141.710205
15.001165 4375.000000 12919 4306.111845 137.795579
15.000704 4375.000000 13186 4395.020507 140.640656
15.001111 4375.000000 13120 4373.164410 139.941261
15.000675 4375.000000 13055 4351.497914 139.247933
15.001265 4375.000000 13064 4354.488343 139.343627
15.000932 4375.000000 13137 4378.888855 140.124443
15.000799 4375.000000 13143 4380.995395 140.191853
15.001820 4375.000000 13089 4362.698570 139.606354
15.001504 4375.000000 13349 4448.906454 142.365007
15.001964 4375.000000 12832 4275.553346 136.817707
15.001773 4375.000000 13397 4465.059442 142.881902
15.000889 4375.000000 13296 4431.776538 141.816849
15.001849 4375.000000 12968 4321.670949 138.293470
15.001763 4375.000000 13420 4472.591692 143.122934
15.002012 4375.000000 12837 4278.938287 136.926025
15.001482 4375.000000 13322 4440.543360 142.097388
15.001412 4375.000000 13054 4350.474131 139.215172
15.001729 4375.000000 13292 4430.351526 141.771249
15.001434 4375.000000 13158 4385.998122 140.351940
15.004020 4375.000000 13040 4344.713779 139.030841
15.002342 4375.000000 13187 4394.523458 140.624751
15.003756 4375.000000 13267 4421.521584 141.488691
15.001061 4375.000000 13049 4348.826626 139.162452
18.001674 4375.000000 12996 4331.101312 138.595242
18.001262 4375.000000 13113 4370.187212 139.845991
18.000377 4375.000000 13042 4347.178663 139.109717
18.000527 4375.000000 13175 4391.575748 140.530424
18.000543 4375.000000 13054 4351.303816 139.241722
18.000911 4375.000000 13007 4335.505427 138.736174
18.000935 4375.000000 12934 4311.327762 137.962488
18.000864 4375.000000 12831 4276.642734 136.852567
18.001511 4375.000000 13275 4424.637312 141.588394
18.001655 4375.000000 13340 4445.303157 142.249701
18.001154 4375.000000 13464 4487.875460 143.612015
18.001285 4375.000000 12998 4332.095257 138.627048
18.001251 4375.000000 13393 4464.232751 142.855448
18.001162 4375.000000 13093 4364.258914 139.656285
18.000728 4375.000000 12982 4327.257382 138.472236
18.001280 4375.000000 13319 4439.495820 142.063866
18.001725 4375.000000 13112 4369.456448 139.822606
18.001979 4375.000000 13356 4451.764585 142.456467
18.001835 4375.000000 12956 4318.577568 138.194482
18.001699 4375.000000 13182 4393.681131 140.597796
18.001923 4375.000000 13203 4400.386183 140.812358
18.001560 4375.000000 13026 4341.786329 138.937163
18.003380 4375.000000 13168 4387.815588 140.410099
18.002662 4375.000000 13044 4346.988068 139.103618
18.001760 4375.000000 13086 4361.955827 139.582586
18.002006 4375.000000 13135 4377.978626 140.095316
18.002365 4375.000000 13348 4448.809587 142.361907
18.001898 4375.000000 13197 4398.928315 140.765706
18.001628 4375.000000 13185 4394.715538 140.630897
18.004058 4375.000000 13172 4390.610909 140.499549
18.004017 4375.000000 12882 4293.627091 137.396067
18.001230 4375.000000 13097 4365.421143 139.693477
21.000620 4375.000000 13237 4411.976128 141.183236
21.000598 4375.000000 13095 4364.918901 139.677405
21.001316 4375.000000 12971 4323.015088 138.336483
21.001013 4375.000000 12958 4318.633736 138.196280
21.000968 4375.000000 13106 4368.618679 139.795798
21.002287 4375.000000 13388 4460.993773 142.751801
21.001625 4375.000000 13146 4380.956963 140.190623
21.001303 4375.000000 13207 4402.113828 140.867643
21.001258 4375.000000 12823 4274.322628 136.778324
21.001700 4375.000000 12900 4299.962518 137.598801
21.000747 4375.000000 13043 4347.638881 139.124444
21.001837 4375.000000 12867 4288.995882 137.247868
21.002253 4375.000000 13010 4335.865802 138.747706
21.002270 4375.000000 13161 4385.890547 140.348498
21.003435 4375.000000 13045 4346.223264 139.079144
21.002001 4375.000000 12986 4328.167292 138.501353
21.001572 4375.000000 13182 4393.572740 140.594328
21.001479 4375.000000 13240 4413.014087 141.216451
21.002586 4375.000000 13010 4335.472835 138.735131
21.001748 4375.000000 12974 4324.633239 138.388264
21.002310 4375.000000 12905 4300.689836 137.622075
21.002173 4375.000000 13078 4358.933716 139.485879
21.002102 4375.000000 13198 4399.070084 140.770243
21.001762 4375.000000 13277 4425.367599 141.611763
21.002981 4375.000000 13200 4399.097737 140.771128
21.001425 4375.000000 12760 4253.134607 136.100307
21.002116 4375.000000 13121 4373.505877 139.952188
21.003002 4375.000000 13131 4376.504882 140.048156
21.004182 4375.000000 13159 4386.151971 140.356863
21.003520 4375.000000 13203 4400.794794 140.825433
21.004074 4375.000000 13331 4443.582290 142.194633
21.001354 4375.000000 13244 4414.484064 141.263490
24.001129 4375.000000 13022 4339.929499 138.877744
24.001014 4375.000000 13046 4348.664301 139.157258
24.000650 4375.000000 13218 4405.924252 140.989576
24.001574 4375.000000 13074 4357.625516 139.444017
24.001074 4375.000000 13015 4338.179877 138.821756
24.000961 4375.000000 13199 4399.352903 140.779293
24.001757 4375.000000 13080 4359.339839 139.498875
24.003286 4375.000000 13219 4403.356965 140.907423
24.003006 4375.000000 13310 4434.735522 141.911537
24.001829 4375.000000 13145 4381.291436 140.201326
24.002956 4375.000000 13017 4337.382494 138.796240
24.002302 4375.000000 13230 4409.928816 141.117722
24.001687 4375.000000 13062 4353.910407 139.325133
24.001792 4375.000000 13211 4403.128472 140.900111
24.001688 4375.000000 12973 4324.032124 138.369028
24.002317 4375.000000 13056 4351.957292 139.262633
24.002694 4375.000000 13246 4414.313451 141.258030
24.002390 4375.000000 13045 4348.158138 139.141060
24.001893 4375.000000 13054 4351.143356 139.236587
24.002721 4375.000000 13356 4451.102062 142.435266
24.002314 4375.000000 13107 4368.692182 139.798150
24.001750 4375.000000 13151 4383.663003 140.277216
24.002414 4375.000000 13210 4403.179788 140.901753
24.002413 4375.000000 13319 4439.311654 142.057973
24.002910 4375.000000 13151 4383.192974 140.262175
24.003249 4375.000000 13165 4387.940316 140.414090
24.003479 4375.000000 13050 4349.307540 139.177841
24.004587 4375.000000 13131 4375.320456 140.010255
24.004190 4375.000000 13141 4380.321621 140.170292
24.004269 4375.000000 13289 4428.561446 141.713966
24.004144 4375.000000 13359 4452.895481 142.492655
24.001700 4375.000000 12918 4305.503282 137.776105
27.001701 4375.000000 13203 4400.161463 140.805167
27.001461 4375.000000 12991 4329.688076 138.550018
27.000703 4375.000000 13215 4404.922294 140.957513
27.001863 4375.000000 13198 4399.075588 140.770419
27.001182 4375.000000 13128 4375.843544 140.026993
27.001002 4375.000000 13230 4409.940158 141.118085
27.003196 4375.000000 12936 4310.035532 137.921137
27.001863 4375.000000 13161 4386.577155 140.370469
27.002018 4375.000000 13283 4427.282389 141.673036
27.002772 4375.000000 13198 4397.743231 140.727783
27.002499 4375.000000 13138 4379.066361 140.130124
27.001956 4375.000000 13058 4352.368597 139.275795
27.002570 4375.000000 13288 4428.955060 141.726562
27.002344 4375.000000 13337 4445.604771 142.259353
27.002526 4375.000000 13377 4458.799148 142.681573
27.001864 4375.000000 13193 4397.561103 140.721955
27.002028 4375.000000 13234 4411.135386 141.156332
27.002549 4375.000000 13301 4433.467848 141.870971
27.003159 4375.000000 13238 4411.983418 141.183469
27.002591 4375.000000 13025 4341.408239 138.925064
27.003461 4375.000000 13185 4394.743539 140.631793
27.003304 4375.000000 13056 4351.568089 139.250179
27.002759 4375.000000 13306 4435.277865 141.928892
27.003217 4375.000000 13028 4342.288991 138.953248
27.004134 4375.000000 13159 4385.040409 140.321293
27.003072 4375.000000 12879 4292.768196 137.368582
27.003610 4375.000000 13414 4471.139078 143.076451
27.004476 4375.000000 13068 4355.585174 139.378726
27.004626 4375.000000 13158 4385.942547 140.350162
27.004380 4375.000000 13218 4405.836813 140.986778
27.004246 4375.000000 13029 4342.853004 138.971296
27.001935 4375.000000 13260 4419.654334 141.428939
30.002022 4375.000000 13214 4403.168742 140.901400
#type       avg     std     min     5th    10th    90th    95th    99th
read     1160.1   281.1   129.1   754.9   800.3  1471.2  1515.3  1970.7
update   1159.7   280.5   228.8   754.8   800.3  1471.5  1515.6  1978.0
op_q        6.8     3.0     1.0     2.9     3.1    11.1    12.4    15.1

Total QPS = 280089.1 (8402674 / 30.0s)

Misses = 0 (0.0%)
Skipped TXs = 0 (0.0%)

RX 1447893651 bytes :   46.0 MB/s
TX  929183458 bytes :   29.5 MB/s
