3.002134 2812.500000 8385 2793.013200 89.376422
3.000191 2812.500000 8315 2771.489814 88.687674
3.000967 2812.500000 8547 2848.081885 91.138620
3.000170 2812.500000 8500 2833.172355 90.661515
3.000004 2812.500000 8534 2844.662454 91.029199
3.000194 2812.500000 8360 2786.486676 89.167574
3.000735 2812.500000 8379 2792.315776 89.354105
3.000389 2812.500000 8301 2766.641339 88.532523
3.000459 2812.500000 8470 2822.901053 90.332834
3.000566 2812.500000 8487 2828.466336 90.510923
3.000233 2812.500000 8339 2779.450926 88.942430
3.000094 2812.500000 8536 2845.244363 91.047820
3.000043 2812.500000 8467 2822.292978 90.313375
3.000250 2812.500000 8562 2853.761935 91.320382
3.001384 2812.500000 8449 2815.034632 90.081108
3.000101 2812.500000 8071 2690.243177 86.087782
3.000416 2812.500000 8534 2844.272459 91.016719
3.001035 2812.500000 8473 2823.359609 90.347507
3.000223 2812.500000 8355 2784.792740 89.113368
3.000519 2812.500000 8425 2807.848024 89.851137
3.000064 2812.500000 8312 2770.607536 88.659441
3.000427 2812.500000 8421 2806.600673 89.811222
3.001999 2812.500000 8332 2775.484396 88.815501
3.000290 2812.500000 8378 2792.396633 89.356692
3.000672 2812.500000 8373 2790.374517 89.291985
3.000312 2812.500000 8346 2781.711037 89.014753
3.000199 2812.500000 8512 2837.145122 90.788644
3.000230 2812.500000 8637 2878.779260 92.120936
3.000240 2812.500000 8492 2830.439891 90.574077
3.000376 2812.500000 8137 2711.993054 86.783778
3.000375 2812.500000 8441 2813.315070 90.026082
3.000269 2812.500000 8361 2786.750517 89.176017
6.000268 2812.500000 8380 2793.242088 89.383747
6.000978 2812.500000 8462 2820.234532 90.247505
6.001203 2812.500000 8564 2854.441727 91.342135
6.000259 2812.500000 8235 2744.766769 87.832537
6.000216 2812.500000 8635 2878.311824 92.105978
6.000338 2812.500000 8282 2760.531853 88.337019
6.000578 2812.500000 8400 2799.554635 89.585748
6.000188 2812.500000 8426 2808.550698 89.873622
6.000525 2812.500000 8357 2785.411556 89.133170
6.000624 2812.500000 8480 2826.289111 90.441252
6.000934 2812.500000 8523 2840.204570 90.886546
6.000210 2812.500000 8407 2802.177370 89.669676
6.000821 2812.500000 8334 2777.920248 88.893448
6.000540 2812.500000 8292 2763.925413 88.445613
6.000302 2812.500000 8497 2832.267744 90.632568
6.000297 2812.500000 8759 2919.571645 93.426293
6.000907 2812.500000 8325 2774.520961 88.784671
6.001658 2812.500000 8530 2842.742813 90.967770
6.000551 2812.500000 8378 2792.423801 89.357562
6.001109 2812.500000 8496 2831.355729 90.603383
6.000524 2812.500000 8359 2786.136551 89.156370
6.000345 2812.500000 8408 2802.569078 89.682210
6.000916 2812.500000 8405 2801.339488 89.642864
6.001403 2812.500000 8390 2795.746444 89.463886
6.000544 2812.500000 8369 2789.375205 89.260007
6.000869 2812.500000 8524 2841.147553 90.916722
6.002809 2812.500000 8497 2830.988184 90.591622
6.000470 2812.500000 8518 2839.244536 90.855825
6.002694 2812.500000 8471 2823.012550 90.336402
6.002206 2812.500000 8407 2802.266385 89.672524
6.000528 2812.500000 8580 2859.853656 91.515317
6.000813 2812.500000 8689 2895.807832 92.665851
9.001828 2812.500000 8447 2814.230509 90.055376
9.001427 2812.500000 8582 2859.628230 91.508103
9.000431 2812.500000 8559 2852.837032 91.290785
9.000542 2812.500000 8358 2785.746229 89.143879
9.000856 2812.500000 8566 2855.043409 91.361389
9.001587 2812.500000 8279 2758.406575 88.269010
9.001563 2812.500000 8337 2778.401551 88.908850
9.001924 2812.500000 8488 2828.014809 90.496474
9.000938 2812.500000 8338 2779.225380 88.935212
9.000659 2812.500000 8255 2751.634264 88.052296
9.000246 2812.500000 8476 2825.299725 90.409591
9.001235 2812.500000 8409 2802.693006 89.686176
9.000270 2812.500000 8519 2839.588997 90.866848
9.005570 2812.500000 8381 2791.098294 89.315145
9.001030 2812.500000 8312 2770.577987 88.658496
9.002099 2812.500000 8447 2814.826478 90.074447
9.000544 2812.500000 8190 2729.818613 87.354196
9.000814 2812.500000 8495 2831.183892 90.597885
9.000785 2812.500000 8487 2828.804990 90.521760
9.000990 2812.500000 8582 2860.221894 91.527101
9.001786 2812.500000 8513 2836.902399 90.780877
9.000562 2812.500000 8276 2758.646824 88.276698
9.001128 2812.500000 8337 2778.760121 88.920324
9.003573 2812.500000 8358 2783.713979 89.078847
9.000562 2812.500000 8527 2842.315884 90.954108
9.002169 2812.500000 8539 2845.848800 91.067162
9.000720 2812.500000 8495 2831.431168 90.605797
9.002692 2812.500000 8460 2819.542863 90.225372
9.001504 2812.500000 8249 2749.574028 87.986369
9.002846 2812.500000 8385 2794.858389 89.435468
9.001122 2812.500000 8493 2830.440363 90.574092
9.001081 2812.500000 8530 2843.079626 90.978548
12.002535 2812.500000 8255 2750.089230 88.002855
12.000887 2812.500000 8412 2803.696047 89.718274
12.001520 2812.500000 8415 2804.104910 89.731357
12.001115 2812.500000 8384 2794.501366 89.424044
12.000596 2812.500000 8500 2833.025653 90.656821
12.000425 2812.500000 8393 2797.499370 89.519980
12.003668 2812.500000 8548 2847.677866 91.125692
12.001831 2812.500000 8334 2777.448865 88.878364
12.000591 2812.500000 8346 2781.954695 89.022550
12.000714 2812.500000 8514 2837.732003 90.807424
12.000748 2812.500000 8329 2776.145043 88.836641
12.001393 2812.500000 8557 2851.987948 91.263614
12.000921 2812.500000 8442 2813.754918 90.040157
12.001172 2812.500000 8529 2842.633351 90.964267
12.002884 2812.500000 8457 2818.964413 90.206861
12.001426 2812.500000 8557 2852.049981 91.265599
12.002999 2812.500000 8492 2829.311907 90.537981
12.001612 2812.500000 8362 2786.630477 89.172175
12.002060 2812.500000 8577 2858.397384 91.468716
12.001021 2812.500000 8376 2791.971592 89.343091
12.002423 2812.500000 8501 2832.877333 90.652075
12.002946 2812.500000 8477 2824.309790 90.377913
12.002253 2812.500000 8383 2794.189641 89.414069
12.001899 2812.500000 8353 2784.228857 89.095323
12.001081 2812.500000 8461 2819.993644 90.239797
12.002943 2812.500000 8450 2815.939858 90.110075
12.002970 2812.500000 8328 2774.943302 88.798186
12.002968 2812.500000 8289 2762.745680 88.407862
12.003582 2812.500000 8427 2808.991886 89.887740
12.001521 2812.500000 8329 2775.964086 88.830851
12.005769 2812.500000 8408 2802.481079 89.679395
12.001169 2812.500000 8614 2871.248820 91.879962
15.000642 2812.500000 8569 2856.284544 91.401105
15.001087 2812.500000 8477 2825.478442 90.415310
15.001290 2812.500000 8407 2801.988184 89.663622
15.001604 2812.500000 8496 2830.887833 90.588411
15.001242 2812.500000 8384 2794.548448 89.425550
15.001256 2812.500000 8341 2779.831229 88.954599
15.002184 2812.500000 8365 2787.801780 89.209657
15.000624 2812.500000 8349 2782.973802 89.055162
15.001434 2812.500000 8340 2779.962519 88.958801
15.001536 2812.500000 8402 2799.930563 89.597778
15.002002 2812.500000 8475 2824.838758 90.394840
15.001197 2812.500000 8494 2831.309725 90.601911
15.001082 2812.500000 8549 2849.665869 91.189308
15.003026 2812.500000 8442 2813.093933 90.019006
15.003099 2812.500000 8514 2837.875868 90.812028
15.005074 2812.500000 8425 2806.341971 89.802943
15.001469 2812.500000 8383 2794.292546 89.417361
15.001043 2812.500000 8427 2808.978613 89.887316
15.002005 2812.500000 8412 2803.900554 89.724818
15.002411 2812.500000 8450 2816.518971 90.128607
15.003193 2812.500000 8489 2828.940173 90.526086
15.002393 2812.500000 8464 2820.512101 90.256387
15.003167 2812.500000 8782 2926.716581 93.654931
15.003399 2812.500000 8618 2872.283574 91.913074
15.004252 2812.500000 8385 2793.725740 89.399224
15.003660 2812.500000 8487 2828.323841 90.506363
15.003676 2812.500000 8475 2824.992656 90.399765
15.003261 2812.500000 8282 2760.399224 88.332775
15.004724 2812.500000 8573 2856.579366 91.410540
15.001558 2812.500000 8383 2794.298922 89.417566
15.005915 2812.500000 8552 2850.527751 91.216888
15.002082 2812.500000 8313 2770.157072 88.645026
18.002378 2812.500000 8465 2821.313256 90.282024
18.000989 2812.500000 8614 2871.000673 91.872022
18.001015 2812.500000 8443 2813.966518 90.046929
18.001380 2812.500000 8670 2889.867377 92.475756
18.002029 2812.500000 8497 2832.311464 90.633967
18.001327 2812.500000 8449 2816.298695 90.121558
18.001838 2812.500000 8463 2820.452894 90.254493
18.002318 2812.500000 8543 2846.828048 91.098498
18.001763 2812.500000 8641 2880.180500 92.165776
18.001459 2812.500000 8418 2805.651969 89.780863
18.001228 2812.500000 8408 2802.637635 89.684404
18.001141 2812.500000 8380 2793.242233 89.383751
18.001717 2812.500000 8578 2859.097887 91.491132
18.001726 2812.500000 8691 2896.816590 92.698131
18.003447 2812.500000 8515 2837.353521 90.795313
18.004922 2812.500000 8470 2821.706863 90.294620
18.002397 2812.500000 8636 2878.462610 92.110804
18.003377 2812.500000 8817 2938.794648 94.041429
18.001197 2812.500000 8411 2803.559233 89.713895
18.003752 2812.500000 8365 2787.658892 89.205085
18.003815 2812.500000 8516 2838.520335 90.832651
18.003643 2812.500000 8440 2812.823516 90.010353
18.003684 2812.500000 8465 2821.658255 90.293064
18.002487 2812.500000 8492 2830.577910 90.578493
18.003567 2812.500000 8412 2803.843241 89.722984
18.003479 2812.500000 8403 2800.796291 89.625481
18.005417 2812.500000 8426 2808.017414 89.856557
18.001654 2812.500000 8387 2795.576723 89.458455
18.004519 2812.500000 8255 2751.421813 88.045498
18.005332 2812.500000 8421 2806.759064 89.816290
18.006000 2812.500000 8289 2762.921580 88.413491
18.002331 2812.500000 8384 2794.435061 89.421922
21.001034 2812.500000 8346 2781.958636 89.022676
21.001023 2812.500000 8440 2813.326060 90.026434
21.001529 2812.500000 8394 2797.811651 89.529973
21.001340 2812.500000 8415 2804.895027 89.756641
21.001587 2812.500000 8558 2852.242616 91.271764
21.001746 2812.500000 8306 2768.328970 88.586527
21.001868 2812.500000 8363 2787.568937 89.202206
21.001822 2812.500000 8512 2836.989969 90.783679
21.002072 2812.500000 8362 2787.293199 89.193382
21.001855 2812.500000 8424 2807.984086 89.855491
21.004393 2812.500000 8242 2745.488989 87.855648
21.002372 2812.500000 8414 2804.615440 89.747694
21.001889 2812.500000 8541 2846.845486 91.099056
21.006183 2812.500000 8422 2805.118643 89.763797
21.002228 2812.500000 8574 2857.512725 91.440407
21.001300 2812.500000 8640 2879.900827 92.156826
21.003759 2812.500000 8470 2823.152527 90.340881
21.003500 2812.500000 8380 2793.283156 89.385061
21.002695 2812.500000 8599 2866.134533 91.716305
21.002975 2812.500000 8601 2866.448053 91.726338
21.003779 2812.500000 8676 2891.908933 92.541086
21.003727 2812.500000 8525 2841.334445 90.922702
21.004224 2812.500000 8517 2838.552949 90.833694
21.003832 2812.500000 8388 2795.671288 89.461481
21.004253 2812.500000 8429 2809.095684 89.891062
21.004980 2812.500000 8295 2764.946654 88.478293
21.001693 2812.500000 8180 2726.631630 87.252212
21.006575 2812.500000 8656 2884.220348 92.295051
21.006143 2812.500000 8354 2784.534355 89.105099
21.005353 2812.500000 8314 2771.314266 88.682057
21.004701 2812.500000 8544 2847.827398 91.130477
21.002442 2812.500000 8338 2779.229719 88.935351
24.001929 2812.500000 8386 2795.275985 89.448832
24.001185 2812.500000 8579 2859.522812 91.504730
24.001746 2812.500000 8332 2777.132522 88.868241
24.001505 2812.500000 8395 2798.179161 89.541733
24.001253 2812.500000 8505 2834.782208 90.713031
24.002123 2812.500000 8439 2812.748739 90.007960
24.002289 2812.500000 8487 2828.488299 90.511626
24.002218 2812.500000 8330 2776.530920 88.848989
24.001840 2812.500000 8323 2774.317180 88.778150
24.001590 2812.500000 8395 2798.331028 89.546593
24.003445 2812.500000 8511 2835.529424 90.736942
24.004242 2812.500000 8459 2819.231763 90.215416
24.002579 2812.500000 8293 2764.142836 88.452571
24.003534 2812.500000 8471 2823.634600 90.356307
24.004144 2812.500000 8433 2809.206118 89.894596
24.003001 2812.500000 8466 2821.974859 90.303195
24.001314 2812.500000 8614 2871.320454 91.882255
24.004818 2812.500000 8518 2838.771471 90.840687
24.004395 2812.500000 8441 2813.070083 90.018243
24.002945 2812.500000 8413 2804.099481 89.731183
24.004588 2812.500000 8190 2729.217375 87.334956
24.004630 2812.500000 8461 2820.110740 90.243544
24.005650 2812.500000 8360 2786.390365 89.164492
24.006716 2812.500000 8453 2817.166661 90.149333
24.003886 2812.500000 8343 2780.949451 88.990382
24.005072 2812.500000 8473 2824.247185 90.375910
24.004724 2812.500000 8747 2915.209426 93.286702
24.002401 2812.500000 8481 2826.332482 90.442639
24.005801 2812.500000 8438 2811.635558 89.972338
24.006167 2812.500000 8241 2746.977907 87.903293
24.006922 2812.500000 8499 2832.671954 90.645503
24.003447 2812.500000 8604 2867.040320 91.745290
27.002967 2812.500000 8387 2795.304762 89.449752
27.001201 2812.500000 8577 2858.984345 91.487499
27.002127 2812.500000 8532 2843.172414 90.981517
27.001957 2812.500000 8512 2837.134034 90.788289
27.001665 2812.500000 8657 2885.513375 92.336428
27.002273 2812.500000 8525 2841.524388 90.928780
27.002426 2812.500000 8430 2809.805494 89.913776
27.002230 2812.500000 8329 2775.972343 88.831115
27.002084 2812.500000 8519 2839.520009 90.864640
27.002102 2812.500000 8359 2785.857893 89.147453
27.003181 2812.500000 8512 2836.489768 90.767673
27.001402 2812.500000 8649 2882.915013 92.253280
27.003796 2812.500000 8689 2896.081085 92.674595
27.003367 2812.500000 8349 2782.608942 89.043486
27.005887 2812.500000 8182 2725.977476 87.231279
27.003451 2812.500000 8461 2820.327273 90.250473
27.003315 2812.500000 8468 2822.371589 90.315891
27.004388 2812.500000 8475 2824.527270 90.384873
27.004835 2812.500000 8490 2829.806766 90.553817
27.004484 2812.500000 8504 2834.437373 90.701996
27.006324 2812.500000 8475 2823.365446 90.347694
27.004225 2812.500000 8490 2829.923583 90.557555
27.005530 2812.500000 8316 2771.342692 88.682966
27.005098 2812.500000 8264 2754.642284 88.148553
27.005567 2812.500000 8365 2787.550011 89.201600
27.006169 2812.500000 8444 2814.664778 90.069273
27.002429 2812.500000 8387 2795.640684 89.460502
27.005775 2812.500000 8456 2818.549558 90.193586
27.005828 2812.500000 8367 2788.974949 89.247198
27.006979 2812.500000 8307 2768.756809 88.600218
27.007547 2812.500000 8280 2759.425067 88.301602
27.003522 2812.500000 8507 2835.595561 90.739058
#type       avg     std     min     5th    10th    90th    95th    99th
read      829.1   238.4   106.7   524.9   566.8  1095.0  1155.6  1468.2
update    832.0   238.7   142.0   525.9   567.6  1101.7  1178.2  1490.6
op_q        3.7     1.9     1.0     1.0     1.1     6.0     7.2     9.5

Total QPS = 179875.1 (5396254 / 30.0s)

Misses = 0 (0.0%)
Skipped TXs = 0 (0.0%)

RX  933755900 bytes :   29.7 MB/s
TX  597435560 bytes :   19.0 MB/s
