Requests      [total, rate, throughput]         62, 61.01, 59.75
Duration      [total, attack, wait]             1.038s, 1.016s, 21.286ms
Latencies     [min, mean, 50, 90, 95, 99, max]  21.034ms, 23.251ms, 21.241ms, 24.665ms, 34.924ms, 60.824ms, 61.864ms
Bytes In      [total, mean]                     124, 2.00
Bytes Out     [total, mean]                     0, 0.00
Success       [ratio]                           100.00%
Status Codes  [code:count]                      200:62  
Error Set:
Requests      [total, rate, throughput]         122, 60.50, 59.87
Duration      [total, attack, wait]             2.038s, 2.017s, 21.176ms
Latencies     [min, mean, 50, 90, 95, 99, max]  21.022ms, 22.454ms, 21.225ms, 24.597ms, 25.201ms, 55.625ms, 61.864ms
Bytes In      [total, mean]                     244, 2.00
Bytes Out     [total, mean]                     0, 0.00
Success       [ratio]                           100.00%
Status Codes  [code:count]                      200:122  
Error Set:
Requests      [total, rate, throughput]         181, 60.34, 59.86
Duration      [total, attack, wait]             3.024s, 3s, 24.344ms
Latencies     [min, mean, 50, 90, 95, 99, max]  20.985ms, 22.172ms, 21.207ms, 24.569ms, 25.113ms, 52.011ms, 61.864ms
Bytes In      [total, mean]                     362, 2.00
Bytes Out     [total, mean]                     0, 0.00
Success       [ratio]                           100.00%
Status Codes  [code:count]                      200:181  
Error Set:
Requests      [total, rate, throughput]         242, 60.25, 59.94
Duration      [total, attack, wait]             4.037s, 4.016s, 21.122ms
Latencies     [min, mean, 50, 90, 95, 99, max]  20.969ms, 21.96ms, 21.195ms, 24.227ms, 25.058ms, 49.673ms, 61.864ms
Bytes In      [total, mean]                     484, 2.00
Bytes Out     [total, mean]                     0, 0.00
Success       [ratio]                           100.00%
Status Codes  [code:count]                      200:242  
Error Set:
Requests      [total, rate, throughput]         302, 60.21, 59.95
Duration      [total, attack, wait]             5.037s, 5.016s, 21.225ms
Latencies     [min, mean, 50, 90, 95, 99, max]  20.965ms, 22.087ms, 21.194ms, 24.305ms, 25.115ms, 51.206ms, 61.864ms
Bytes In      [total, mean]                     604, 2.00
Bytes Out     [total, mean]                     0, 0.00
Success       [ratio]                           100.00%
Status Codes  [code:count]                      200:302  
Error Set:
Requests      [total, rate, throughput]         362, 60.17, 59.96
Duration      [total, attack, wait]             6.037s, 6.016s, 21.2ms
Latencies     [min, mean, 50, 90, 95, 99, max]  20.951ms, 22.023ms, 21.193ms, 24.227ms, 25.043ms, 48.403ms, 61.864ms
Bytes In      [total, mean]                     724, 2.00
Bytes Out     [total, mean]                     0, 0.00
Success       [ratio]                           100.00%
Status Codes  [code:count]                      200:362  
Error Set:
Requests      [total, rate, throughput]         421, 60.14, 59.93
Duration      [total, attack, wait]             7.025s, 7s, 24.83ms
Latencies     [min, mean, 50, 90, 95, 99, max]  20.951ms, 21.97ms, 21.189ms, 24.159ms, 25.011ms, 43.665ms, 61.864ms
Bytes In      [total, mean]                     842, 2.00
Bytes Out     [total, mean]                     0, 0.00
Success       [ratio]                           100.00%
Status Codes  [code:count]                      200:421  
Error Set:
Requests      [total, rate, throughput]         482, 60.12, 59.97
Duration      [total, attack, wait]             8.038s, 8.017s, 21.012ms
Latencies     [min, mean, 50, 90, 95, 99, max]  20.793ms, 21.96ms, 21.183ms, 24.16ms, 24.964ms, 40.399ms, 61.864ms
Bytes In      [total, mean]                     964, 2.00
Bytes Out     [total, mean]                     0, 0.00
Success       [ratio]                           100.00%
Status Codes  [code:count]                      200:482  
Error Set:
Requests      [total, rate, throughput]         542, 60.12, 59.98
Duration      [total, attack, wait]             9.037s, 9.016s, 21.1ms
Latencies     [min, mean, 50, 90, 95, 99, max]  20.793ms, 22.008ms, 21.182ms, 24.353ms, 25.064ms, 41.51ms, 61.864ms
Bytes In      [total, mean]                     1084, 2.00
Bytes Out     [total, mean]                     0, 0.00
Success       [ratio]                           100.00%
Status Codes  [code:count]                      200:542  
Error Set:
Requests      [total, rate, throughput]         602, 60.10, 59.97
Duration      [total, attack, wait]             10.038s, 10.017s, 21.097ms
Latencies     [min, mean, 50, 90, 95, 99, max]  20.793ms, 22.005ms, 21.176ms, 24.256ms, 25.012ms, 42.248ms, 61.864ms
Bytes In      [total, mean]                     1204, 2.00
Bytes Out     [total, mean]                     0, 0.00
Success       [ratio]                           100.00%
Status Codes  [code:count]                      200:602  
Error Set:
Requests      [total, rate, throughput]         662, 60.09, 59.98
Duration      [total, attack, wait]             11.038s, 11.016s, 21.052ms
Latencies     [min, mean, 50, 90, 95, 99, max]  20.793ms, 21.988ms, 21.177ms, 24.337ms, 25.033ms, 40.793ms, 61.864ms
Bytes In      [total, mean]                     1324, 2.00
Bytes Out     [total, mean]                     0, 0.00
Success       [ratio]                           100.00%
Status Codes  [code:count]                      200:662  
Error Set:
Requests      [total, rate, throughput]         722, 60.09, 59.98
Duration      [total, attack, wait]             12.037s, 12.016s, 21.041ms
Latencies     [min, mean, 50, 90, 95, 99, max]  20.793ms, 21.962ms, 21.177ms, 24.271ms, 25.014ms, 39.414ms, 61.864ms
Bytes In      [total, mean]                     1444, 2.00
Bytes Out     [total, mean]                     0, 0.00
Success       [ratio]                           100.00%
Status Codes  [code:count]                      200:722  
Error Set:
Requests      [total, rate, throughput]         782, 60.08, 59.98
Duration      [total, attack, wait]             13.038s, 13.017s, 21.203ms
Latencies     [min, mean, 50, 90, 95, 99, max]  20.793ms, 21.989ms, 21.177ms, 24.23ms, 24.996ms, 40.463ms, 63.164ms
Bytes In      [total, mean]                     1564, 2.00
Bytes Out     [total, mean]                     0, 0.00
Success       [ratio]                           100.00%
Status Codes  [code:count]                      200:782  
Error Set:
Requests      [total, rate, throughput]         841, 60.07, 59.97
Duration      [total, attack, wait]             14.024s, 13.999s, 24.769ms
Latencies     [min, mean, 50, 90, 95, 99, max]  20.793ms, 22.014ms, 21.175ms, 24.315ms, 25.032ms, 39.592ms, 63.164ms
Bytes In      [total, mean]                     1682, 2.00
Bytes Out     [total, mean]                     0, 0.00
Success       [ratio]                           100.00%
Status Codes  [code:count]                      200:841  
Error Set:
Requests      [total, rate, throughput]         902, 60.07, 59.97
Duration      [total, attack, wait]             15.041s, 15.016s, 24.452ms
Latencies     [min, mean, 50, 90, 95, 99, max]  20.793ms, 21.974ms, 21.173ms, 24.262ms, 24.996ms, 38.6ms, 63.164ms
Bytes In      [total, mean]                     1804, 2.00
Bytes Out     [total, mean]                     0, 0.00
Success       [ratio]                           100.00%
Status Codes  [code:count]                      200:902  
Error Set:
Requests      [total, rate, throughput]         962, 60.06, 59.98
Duration      [total, attack, wait]             16.038s, 16.017s, 21.159ms
Latencies     [min, mean, 50, 90, 95, 99, max]  20.793ms, 21.945ms, 21.171ms, 24.209ms, 24.991ms, 37.852ms, 63.164ms
Bytes In      [total, mean]                     1924, 2.00
Bytes Out     [total, mean]                     0, 0.00
Success       [ratio]                           100.00%
Status Codes  [code:count]                      200:962  
Error Set:
Requests      [total, rate, throughput]         1021, 60.06, 59.97
Duration      [total, attack, wait]             17.024s, 17s, 24.481ms
Latencies     [min, mean, 50, 90, 95, 99, max]  20.781ms, 22.028ms, 21.171ms, 24.264ms, 25.008ms, 42.465ms, 63.164ms
Bytes In      [total, mean]                     2042, 2.00
Bytes Out     [total, mean]                     0, 0.00
Success       [ratio]                           100.00%
Status Codes  [code:count]                      200:1021  
Error Set:
Requests      [total, rate, throughput]         1082, 60.06, 59.98
Duration      [total, attack, wait]             18.041s, 18.017s, 23.823ms
Latencies     [min, mean, 50, 90, 95, 99, max]  20.781ms, 21.99ms, 21.168ms, 24.17ms, 24.975ms, 40.463ms, 63.164ms
Bytes In      [total, mean]                     2164, 2.00
Bytes Out     [total, mean]                     0, 0.00
Success       [ratio]                           100.00%
Status Codes  [code:count]                      200:1082  
Error Set:
Requests      [total, rate, throughput]         1142, 60.05, 59.99
Duration      [total, attack, wait]             19.037s, 19.016s, 21.177ms
Latencies     [min, mean, 50, 90, 95, 99, max]  20.781ms, 21.976ms, 21.168ms, 24.079ms, 24.942ms, 40.781ms, 63.164ms
Bytes In      [total, mean]                     2284, 2.00
Bytes Out     [total, mean]                     0, 0.00
Success       [ratio]                           100.00%
Status Codes  [code:count]                      200:1142  
Error Set:
Requests      [total, rate, throughput]         1202, 60.05, 59.99
Duration      [total, attack, wait]             20.037s, 20.016s, 21.142ms
Latencies     [min, mean, 50, 90, 95, 99, max]  20.781ms, 21.95ms, 21.17ms, 24.011ms, 24.914ms, 39.929ms, 63.164ms
Bytes In      [total, mean]                     2404, 2.00
Bytes Out     [total, mean]                     0, 0.00
Success       [ratio]                           100.00%
Status Codes  [code:count]                      200:1202  
Error Set:
Requests      [total, rate, throughput]         1262, 60.05, 59.99
Duration      [total, attack, wait]             21.038s, 21.017s, 21.144ms
Latencies     [min, mean, 50, 90, 95, 99, max]  20.781ms, 21.954ms, 21.17ms, 24.026ms, 24.939ms, 40.47ms, 63.164ms
Bytes In      [total, mean]                     2524, 2.00
Bytes Out     [total, mean]                     0, 0.00
Success       [ratio]                           100.00%
Status Codes  [code:count]                      200:1262  
Error Set:
Requests      [total, rate, throughput]         1322, 60.05, 59.99
Duration      [total, attack, wait]             22.038s, 22.017s, 21.209ms
Latencies     [min, mean, 50, 90, 95, 99, max]  20.781ms, 21.974ms, 21.169ms, 24.042ms, 24.982ms, 41.252ms, 63.164ms
Bytes In      [total, mean]                     2644, 2.00
Bytes Out     [total, mean]                     0, 0.00
Success       [ratio]                           100.00%
Status Codes  [code:count]                      200:1322  
Error Set:
Requests      [total, rate, throughput]         1381, 60.04, 59.98
Duration      [total, attack, wait]             23.024s, 23s, 24.234ms
Latencies     [min, mean, 50, 90, 95, 99, max]  20.781ms, 21.981ms, 21.169ms, 24.084ms, 25.006ms, 41.748ms, 63.164ms
Bytes In      [total, mean]                     2762, 2.00
Bytes Out     [total, mean]                     0, 0.00
Success       [ratio]                           100.00%
Status Codes  [code:count]                      200:1381  
Error Set:
Requests      [total, rate, throughput]         1442, 60.04, 59.99
Duration      [total, attack, wait]             24.038s, 24.017s, 21.194ms
Latencies     [min, mean, 50, 90, 95, 99, max]  20.781ms, 21.971ms, 21.168ms, 24.1ms, 25.017ms, 41.01ms, 63.164ms
Bytes In      [total, mean]                     2884, 2.00
Bytes Out     [total, mean]                     0, 0.00
Success       [ratio]                           100.00%
Status Codes  [code:count]                      200:1442  
Error Set:
Requests      [total, rate, throughput]         1501, 60.04, 59.98
Duration      [total, attack, wait]             25.024s, 24.999s, 24.566ms
Latencies     [min, mean, 50, 90, 95, 99, max]  20.781ms, 21.961ms, 21.168ms, 24.135ms, 25.04ms, 40.3ms, 63.164ms
Bytes In      [total, mean]                     3002, 2.00
Bytes Out     [total, mean]                     0, 0.00
Success       [ratio]                           100.00%
Status Codes  [code:count]                      200:1501  
Error Set:
Requests      [total, rate, throughput]         1562, 60.04, 59.99
Duration      [total, attack, wait]             26.037s, 26.016s, 21.093ms
Latencies     [min, mean, 50, 90, 95, 99, max]  20.781ms, 22.017ms, 21.168ms, 24.121ms, 25.051ms, 43.034ms, 69.11ms
Bytes In      [total, mean]                     3124, 2.00
Bytes Out     [total, mean]                     0, 0.00
Success       [ratio]                           100.00%
Status Codes  [code:count]                      200:1562  
Error Set:
Requests      [total, rate, throughput]         1622, 60.04, 59.98
Duration      [total, attack, wait]             27.042s, 27.017s, 24.937ms
Latencies     [min, mean, 50, 90, 95, 99, max]  20.781ms, 21.997ms, 21.167ms, 24.082ms, 25.028ms, 42.277ms, 69.11ms
Bytes In      [total, mean]                     3244, 2.00
Bytes Out     [total, mean]                     0, 0.00
Success       [ratio]                           100.00%
Status Codes  [code:count]                      200:1622  
Error Set:
Requests      [total, rate, throughput]         1682, 60.04, 59.99
Duration      [total, attack, wait]             28.037s, 28.016s, 21.165ms
Latencies     [min, mean, 50, 90, 95, 99, max]  20.781ms, 21.972ms, 21.166ms, 24.035ms, 25.017ms, 41.52ms, 69.11ms
Bytes In      [total, mean]                     3364, 2.00
Bytes Out     [total, mean]                     0, 0.00
Success       [ratio]                           100.00%
Status Codes  [code:count]                      200:1682  
Error Set:
Requests      [total, rate, throughput]         1742, 60.04, 59.99
Duration      [total, attack, wait]             29.038s, 29.016s, 21.207ms
Latencies     [min, mean, 50, 90, 95, 99, max]  20.781ms, 21.991ms, 21.166ms, 24.063ms, 25.055ms, 41.927ms, 69.11ms
Bytes In      [total, mean]                     3484, 2.00
Bytes Out     [total, mean]                     0, 0.00
Success       [ratio]                           100.00%
Status Codes  [code:count]                      200:1742  
Error Set:
Requests      [total, rate, throughput]         1802, 60.03, 59.98
Duration      [total, attack, wait]             30.042s, 30.017s, 24.955ms
Latencies     [min, mean, 50, 90, 95, 99, max]  20.781ms, 21.993ms, 21.165ms, 24.066ms, 25.044ms, 41.604ms, 69.11ms
Bytes In      [total, mean]                     3604, 2.00
Bytes Out     [total, mean]                     0, 0.00
Success       [ratio]                           100.00%
Status Codes  [code:count]                      200:1802  
Error Set:
Requests      [total, rate, throughput]         1862, 60.03, 59.99
Duration      [total, attack, wait]             31.038s, 31.017s, 21.081ms
Latencies     [min, mean, 50, 90, 95, 99, max]  20.781ms, 22.019ms, 21.164ms, 24.075ms, 25.069ms, 43.421ms, 69.11ms
Bytes In      [total, mean]                     3724, 2.00
Bytes Out     [total, mean]                     0, 0.00
Success       [ratio]                           100.00%
Status Codes  [code:count]                      200:1862  
Error Set:
Requests      [total, rate, throughput]         1922, 60.03, 59.99
Duration      [total, attack, wait]             32.038s, 32.017s, 20.999ms
Latencies     [min, mean, 50, 90, 95, 99, max]  20.781ms, 22.023ms, 21.164ms, 24.108ms, 25.079ms, 43.007ms, 69.11ms
Bytes In      [total, mean]                     3844, 2.00
Bytes Out     [total, mean]                     0, 0.00
Success       [ratio]                           100.00%
Status Codes  [code:count]                      200:1922  
Error Set:
Requests      [total, rate, throughput]         1982, 60.03, 59.99
Duration      [total, attack, wait]             33.037s, 33.016s, 21.139ms
Latencies     [min, mean, 50, 90, 95, 99, max]  20.781ms, 22.007ms, 21.164ms, 24.092ms, 25.078ms, 42.759ms, 69.11ms
Bytes In      [total, mean]                     3964, 2.00
Bytes Out     [total, mean]                     0, 0.00
Success       [ratio]                           100.00%
Status Codes  [code:count]                      200:1982  
Error Set:
Requests      [total, rate, throughput]         2042, 60.03, 59.99
Duration      [total, attack, wait]             34.038s, 34.017s, 21.05ms
Latencies     [min, mean, 50, 90, 95, 99, max]  20.781ms, 22.026ms, 21.164ms, 24.12ms, 25.096ms, 43.295ms, 69.11ms
Bytes In      [total, mean]                     4084, 2.00
Bytes Out     [total, mean]                     0, 0.00
Success       [ratio]                           100.00%
Status Codes  [code:count]                      200:2042  
Error Set:
Requests      [total, rate, throughput]         2102, 60.03, 59.99
Duration      [total, attack, wait]             35.037s, 35.016s, 21.125ms
Latencies     [min, mean, 50, 90, 95, 99, max]  20.781ms, 22.027ms, 21.163ms, 24.148ms, 25.091ms, 43.529ms, 69.11ms
Bytes In      [total, mean]                     4204, 2.00
Bytes Out     [total, mean]                     0, 0.00
Success       [ratio]                           100.00%
Status Codes  [code:count]                      200:2102  
Error Set:
Requests      [total, rate, throughput]         2162, 60.03, 59.99
Duration      [total, attack, wait]             36.038s, 36.017s, 21.208ms
Latencies     [min, mean, 50, 90, 95, 99, max]  20.781ms, 22.008ms, 21.162ms, 24.119ms, 25.083ms, 43.283ms, 69.11ms
Bytes In      [total, mean]                     4324, 2.00
Bytes Out     [total, mean]                     0, 0.00
Success       [ratio]                           100.00%
Status Codes  [code:count]                      200:2162  
Error Set:
Requests      [total, rate, throughput]         2222, 60.03, 59.99
Duration      [total, attack, wait]             37.038s, 37.017s, 21.17ms
Latencies     [min, mean, 50, 90, 95, 99, max]  20.781ms, 22.004ms, 21.161ms, 24.127ms, 25.09ms, 43.037ms, 69.11ms
Bytes In      [total, mean]                     4444, 2.00
Bytes Out     [total, mean]                     0, 0.00
Success       [ratio]                           100.00%
Status Codes  [code:count]                      200:2222  
Error Set:
Requests      [total, rate, throughput]         2282, 60.03, 59.99
Duration      [total, attack, wait]             38.037s, 38.016s, 21.106ms
Latencies     [min, mean, 50, 90, 95, 99, max]  20.781ms, 21.988ms, 21.161ms, 24.107ms, 25.076ms, 42.791ms, 69.11ms
Bytes In      [total, mean]                     4564, 2.00
Bytes Out     [total, mean]                     0, 0.00
Success       [ratio]                           100.00%
Status Codes  [code:count]                      200:2282  
Error Set:
Requests      [total, rate, throughput]         2342, 60.03, 59.99
Duration      [total, attack, wait]             39.041s, 39.016s, 25.161ms
Latencies     [min, mean, 50, 90, 95, 99, max]  20.781ms, 21.984ms, 21.161ms, 24.133ms, 25.089ms, 42.545ms, 69.11ms
Bytes In      [total, mean]                     4684, 2.00
Bytes Out     [total, mean]                     0, 0.00
Success       [ratio]                           100.00%
Status Codes  [code:count]                      200:2342  
Error Set:
Requests      [total, rate, throughput]         2402, 60.02, 59.99
Duration      [total, attack, wait]             40.038s, 40.017s, 21.125ms
Latencies     [min, mean, 50, 90, 95, 99, max]  20.781ms, 21.998ms, 21.163ms, 24.156ms, 25.096ms, 43.185ms, 69.11ms
Bytes In      [total, mean]                     4804, 2.00
Bytes Out     [total, mean]                     0, 0.00
Success       [ratio]                           100.00%
Status Codes  [code:count]                      200:2402  
Error Set:
Requests      [total, rate, throughput]         2462, 60.02, 59.99
Duration      [total, attack, wait]             41.038s, 41.017s, 21.069ms
Latencies     [min, mean, 50, 90, 95, 99, max]  20.781ms, 22.006ms, 21.163ms, 24.16ms, 25.112ms, 43.355ms, 69.11ms
Bytes In      [total, mean]                     4924, 2.00
Bytes Out     [total, mean]                     0, 0.00
Success       [ratio]                           100.00%
Status Codes  [code:count]                      200:2462  
Error Set:
Requests      [total, rate, throughput]         2522, 60.02, 59.99
Duration      [total, attack, wait]             42.038s, 42.017s, 21.176ms
Latencies     [min, mean, 50, 90, 95, 99, max]  20.781ms, 21.994ms, 21.163ms, 24.152ms, 25.101ms, 43.1ms, 69.11ms
Bytes In      [total, mean]                     5044, 2.00
Bytes Out     [total, mean]                     0, 0.00
Success       [ratio]                           100.00%
Status Codes  [code:count]                      200:2522  
Error Set:
Requests      [total, rate, throughput]         2582, 60.02, 59.99
Duration      [total, attack, wait]             43.037s, 43.016s, 21.121ms
Latencies     [min, mean, 50, 90, 95, 99, max]  20.781ms, 21.977ms, 21.164ms, 24.114ms, 25.088ms, 42.846ms, 69.11ms
Bytes In      [total, mean]                     5164, 2.00
Bytes Out     [total, mean]                     0, 0.00
Success       [ratio]                           100.00%
Status Codes  [code:count]                      200:2582  
Error Set:
Requests      [total, rate, throughput]         2642, 60.02, 59.99
Duration      [total, attack, wait]             44.037s, 44.016s, 21.043ms
Latencies     [min, mean, 50, 90, 95, 99, max]  20.781ms, 21.966ms, 21.164ms, 24.109ms, 25.082ms, 42.591ms, 69.11ms
Bytes In      [total, mean]                     5284, 2.00
Bytes Out     [total, mean]                     0, 0.00
Success       [ratio]                           100.00%
Status Codes  [code:count]                      200:2642  
Error Set:
Requests      [total, rate, throughput]         2701, 60.00, 59.97
Duration      [total, attack, wait]             45.037s, 45.016s, 21.213ms
Latencies     [min, mean, 50, 90, 95, 99, max]  20.781ms, 21.969ms, 21.164ms, 24.149ms, 25.094ms, 42.34ms, 69.11ms
Bytes In      [total, mean]                     5402, 2.00
Bytes Out     [total, mean]                     0, 0.00
Success       [ratio]                           100.00%
Status Codes  [code:count]                      200:2701  
Error Set:
Requests      [total, rate, throughput]         2762, 60.02, 59.99
Duration      [total, attack, wait]             46.037s, 46.016s, 21.168ms
Latencies     [min, mean, 50, 90, 95, 99, max]  20.781ms, 21.99ms, 21.165ms, 24.181ms, 25.113ms, 42.931ms, 69.11ms
Bytes In      [total, mean]                     5524, 2.00
Bytes Out     [total, mean]                     0, 0.00
Success       [ratio]                           100.00%
Status Codes  [code:count]                      200:2762  
Error Set:
Requests      [total, rate, throughput]         2822, 60.02, 59.99
Duration      [total, attack, wait]             47.037s, 47.016s, 21.073ms
Latencies     [min, mean, 50, 90, 95, 99, max]  20.781ms, 21.976ms, 21.165ms, 24.161ms, 25.1ms, 42.676ms, 69.11ms
Bytes In      [total, mean]                     5644, 2.00
Bytes Out     [total, mean]                     0, 0.00
Success       [ratio]                           100.00%
Status Codes  [code:count]                      200:2822  
Error Set:
Requests      [total, rate, throughput]         2882, 60.02, 60.00
Duration      [total, attack, wait]             48.037s, 48.016s, 21.195ms
Latencies     [min, mean, 50, 90, 95, 99, max]  20.781ms, 21.988ms, 21.165ms, 24.172ms, 25.117ms, 42.846ms, 74.823ms
Bytes In      [total, mean]                     5764, 2.00
Bytes Out     [total, mean]                     0, 0.00
Success       [ratio]                           100.00%
Status Codes  [code:count]                      200:2882  
Error Set:
Requests      [total, rate, throughput]         2942, 60.02, 59.99
Duration      [total, attack, wait]             49.041s, 49.016s, 25.229ms
Latencies     [min, mean, 50, 90, 95, 99, max]  20.781ms, 21.981ms, 21.165ms, 24.172ms, 25.125ms, 42.591ms, 74.823ms
Bytes In      [total, mean]                     5884, 2.00
Bytes Out     [total, mean]                     0, 0.00
Success       [ratio]                           100.00%
Status Codes  [code:count]                      200:2942  
Error Set:
Requests      [total, rate, throughput]         3002, 60.02, 59.99
Duration      [total, attack, wait]             50.038s, 50.016s, 21.068ms
Latencies     [min, mean, 50, 90, 95, 99, max]  20.781ms, 21.984ms, 21.165ms, 24.183ms, 25.141ms, 42.732ms, 74.823ms
Bytes In      [total, mean]                     6004, 2.00
Bytes Out     [total, mean]                     0, 0.00
Success       [ratio]                           100.00%
Status Codes  [code:count]                      200:3002  
Error Set:
Requests      [total, rate, throughput]         3062, 60.02, 60.00
Duration      [total, attack, wait]             51.037s, 51.016s, 21.165ms
Latencies     [min, mean, 50, 90, 95, 99, max]  20.781ms, 21.996ms, 21.165ms, 24.179ms, 25.136ms, 43.276ms, 74.823ms
Bytes In      [total, mean]                     6124, 2.00
Bytes Out     [total, mean]                     0, 0.00
Success       [ratio]                           100.00%
Status Codes  [code:count]                      200:3062  
Error Set:
Requests      [total, rate, throughput]         3122, 60.02, 59.99
Duration      [total, attack, wait]             52.041s, 52.017s, 24.405ms
Latencies     [min, mean, 50, 90, 95, 99, max]  20.781ms, 21.987ms, 21.164ms, 24.186ms, 25.124ms, 43.031ms, 74.823ms
Bytes In      [total, mean]                     6244, 2.00
Bytes Out     [total, mean]                     0, 0.00
Success       [ratio]                           100.00%
Status Codes  [code:count]                      200:3122  
Error Set:
Requests      [total, rate, throughput]         3182, 60.02, 60.00
Duration      [total, attack, wait]             53.037s, 53.016s, 21.162ms
Latencies     [min, mean, 50, 90, 95, 99, max]  20.781ms, 21.987ms, 21.164ms, 24.17ms, 25.119ms, 43.294ms, 74.823ms
Bytes In      [total, mean]                     6364, 2.00
Bytes Out     [total, mean]                     0, 0.00
Success       [ratio]                           100.00%
Status Codes  [code:count]                      200:3182  
Error Set:
Requests      [total, rate, throughput]         3242, 60.02, 60.00
Duration      [total, attack, wait]             54.038s, 54.017s, 21.096ms
Latencies     [min, mean, 50, 90, 95, 99, max]  20.781ms, 21.997ms, 21.165ms, 24.184ms, 25.124ms, 43.445ms, 74.823ms
Bytes In      [total, mean]                     6484, 2.00
Bytes Out     [total, mean]                     0, 0.00
Success       [ratio]                           100.00%
Status Codes  [code:count]                      200:3242  
Error Set:
Requests      [total, rate, throughput]         3302, 60.02, 60.00
Duration      [total, attack, wait]             55.037s, 55.016s, 21.103ms
Latencies     [min, mean, 50, 90, 95, 99, max]  20.781ms, 21.998ms, 21.165ms, 24.191ms, 25.13ms, 43.297ms, 74.823ms
Bytes In      [total, mean]                     6604, 2.00
Bytes Out     [total, mean]                     0, 0.00
Success       [ratio]                           100.00%
Status Codes  [code:count]                      200:3302  
Error Set:
Requests      [total, rate, throughput]         3361, 60.02, 59.99
Duration      [total, attack, wait]             56.024s, 55.999s, 24.944ms
Latencies     [min, mean, 50, 90, 95, 99, max]  20.781ms, 21.996ms, 21.165ms, 24.216ms, 25.135ms, 43.088ms, 74.823ms
Bytes In      [total, mean]                     6722, 2.00
Bytes Out     [total, mean]                     0, 0.00
Success       [ratio]                           100.00%
Status Codes  [code:count]                      200:3361  
Error Set:
Requests      [total, rate, throughput]         3422, 60.02, 60.00
Duration      [total, attack, wait]             57.038s, 57.017s, 21.168ms
Latencies     [min, mean, 50, 90, 95, 99, max]  20.781ms, 22.015ms, 21.165ms, 24.258ms, 25.159ms, 43.347ms, 74.823ms
Bytes In      [total, mean]                     6844, 2.00
Bytes Out     [total, mean]                     0, 0.00
Success       [ratio]                           100.00%
Status Codes  [code:count]                      200:3422  
Error Set:
Requests      [total, rate, throughput]         3481, 60.00, 59.98
Duration      [total, attack, wait]             58.038s, 58.017s, 21.179ms
Latencies     [min, mean, 50, 90, 95, 99, max]  20.781ms, 22.017ms, 21.166ms, 24.279ms, 25.174ms, 43.156ms, 74.823ms
Bytes In      [total, mean]                     6962, 2.00
Bytes Out     [total, mean]                     0, 0.00
Success       [ratio]                           100.00%
Status Codes  [code:count]                      200:3481  
Error Set:
Requests      [total, rate, throughput]         3542, 60.02, 60.00
Duration      [total, attack, wait]             59.038s, 59.016s, 21.24ms
Latencies     [min, mean, 50, 90, 95, 99, max]  20.781ms, 22.015ms, 21.167ms, 24.265ms, 25.163ms, 43.282ms, 74.823ms
Bytes In      [total, mean]                     7084, 2.00
Bytes Out     [total, mean]                     0, 0.00
Success       [ratio]                           100.00%
Status Codes  [code:count]                      200:3542  
Error Set:
Requests      [total, rate, throughput]         3601, 60.02, 59.99
Duration      [total, attack, wait]             1m0s, 1m0s, 23.793ms
Latencies     [min, mean, 50, 90, 95, 99, max]  20.781ms, 22.017ms, 21.167ms, 24.266ms, 25.163ms, 43.421ms, 74.823ms
Bytes In      [total, mean]                     7202, 2.00
Bytes Out     [total, mean]                     0, 0.00
Success       [ratio]                           100.00%
Status Codes  [code:count]                      200:3601  
Error Set:
Requests      [total, rate, throughput]         3662, 60.02, 60.00
Duration      [total, attack, wait]             1m1s, 1m1s, 21.243ms
Latencies     [min, mean, 50, 90, 95, 99, max]  20.781ms, 22.016ms, 21.167ms, 24.269ms, 25.168ms, 43.223ms, 74.823ms
Bytes In      [total, mean]                     7324, 2.00
Bytes Out     [total, mean]                     0, 0.00
Success       [ratio]                           100.00%
Status Codes  [code:count]                      200:3662  
Error Set:
Requests      [total, rate, throughput]         3722, 60.02, 60.00
Duration      [total, attack, wait]             1m2s, 1m2s, 21.12ms
Latencies     [min, mean, 50, 90, 95, 99, max]  20.781ms, 22.045ms, 21.166ms, 24.253ms, 25.178ms, 43.677ms, 78.367ms
Bytes In      [total, mean]                     7444, 2.00
Bytes Out     [total, mean]                     0, 0.00
Success       [ratio]                           100.00%
Status Codes  [code:count]                      200:3722  
Error Set:
Requests      [total, rate, throughput]         3782, 60.02, 60.00
Duration      [total, attack, wait]             1m3s, 1m3s, 21.276ms
Latencies     [min, mean, 50, 90, 95, 99, max]  20.781ms, 22.071ms, 21.166ms, 24.262ms, 25.189ms, 44.471ms, 78.367ms
Bytes In      [total, mean]                     7564, 2.00
Bytes Out     [total, mean]                     0, 0.00
Success       [ratio]                           100.00%
Status Codes  [code:count]                      200:3782  
Error Set:
Requests      [total, rate, throughput]         3842, 60.02, 60.00
Duration      [total, attack, wait]             1m4s, 1m4s, 21.187ms
Latencies     [min, mean, 50, 90, 95, 99, max]  20.781ms, 22.082ms, 21.167ms, 24.265ms, 25.191ms, 44.605ms, 78.367ms
Bytes In      [total, mean]                     7684, 2.00
Bytes Out     [total, mean]                     0, 0.00
Success       [ratio]                           100.00%
Status Codes  [code:count]                      200:3842  
Error Set:
Requests      [total, rate, throughput]         3902, 60.02, 60.00
Duration      [total, attack, wait]             1m5s, 1m5s, 21.174ms
Latencies     [min, mean, 50, 90, 95, 99, max]  20.781ms, 22.074ms, 21.166ms, 24.261ms, 25.186ms, 44.439ms, 78.367ms
Bytes In      [total, mean]                     7804, 2.00
Bytes Out     [total, mean]                     0, 0.00
Success       [ratio]                           100.00%
Status Codes  [code:count]                      200:3902  
Error Set:
Requests      [total, rate, throughput]         3962, 60.02, 60.00
Duration      [total, attack, wait]             1m6s, 1m6s, 21.11ms
Latencies     [min, mean, 50, 90, 95, 99, max]  20.781ms, 22.07ms, 21.166ms, 24.259ms, 25.189ms, 44.272ms, 78.367ms
Bytes In      [total, mean]                     7924, 2.00
Bytes Out     [total, mean]                     0, 0.00
Success       [ratio]                           100.00%
Status Codes  [code:count]                      200:3962  
Error Set:
Requests      [total, rate, throughput]         4022, 60.02, 60.00
Duration      [total, attack, wait]             1m7s, 1m7s, 21.089ms
Latencies     [min, mean, 50, 90, 95, 99, max]  20.781ms, 22.064ms, 21.166ms, 24.247ms, 25.179ms, 44.105ms, 78.367ms
Bytes In      [total, mean]                     8044, 2.00
Bytes Out     [total, mean]                     0, 0.00
Success       [ratio]                           100.00%
Status Codes  [code:count]                      200:4022  
Error Set:
Requests      [total, rate, throughput]         4082, 60.02, 60.00
Duration      [total, attack, wait]             1m8s, 1m8s, 21.047ms
Latencies     [min, mean, 50, 90, 95, 99, max]  20.781ms, 22.06ms, 21.166ms, 24.245ms, 25.186ms, 43.939ms, 78.367ms
Bytes In      [total, mean]                     8164, 2.00
Bytes Out     [total, mean]                     0, 0.00
Success       [ratio]                           100.00%
Status Codes  [code:count]                      200:4082  
Error Set:
Requests      [total, rate, throughput]         4142, 60.01, 60.00
Duration      [total, attack, wait]             1m9s, 1m9s, 21.053ms
Latencies     [min, mean, 50, 90, 95, 99, max]  20.781ms, 22.067ms, 21.166ms, 24.263ms, 25.196ms, 44.006ms, 78.367ms
Bytes In      [total, mean]                     8284, 2.00
Bytes Out     [total, mean]                     0, 0.00
Success       [ratio]                           100.00%
Status Codes  [code:count]                      200:4142  
Error Set:
Requests      [total, rate, throughput]         4202, 60.01, 59.99
Duration      [total, attack, wait]             1m10s, 1m10s, 25.226ms
Latencies     [min, mean, 50, 90, 95, 99, max]  20.781ms, 22.061ms, 21.166ms, 24.265ms, 25.192ms, 43.851ms, 78.367ms
Bytes In      [total, mean]                     8404, 2.00
Bytes Out     [total, mean]                     0, 0.00
Success       [ratio]                           100.00%
Status Codes  [code:count]                      200:4202  
Error Set:
Requests      [total, rate, throughput]         4262, 60.01, 60.00
Duration      [total, attack, wait]             1m11s, 1m11s, 21.252ms
Latencies     [min, mean, 50, 90, 95, 99, max]  20.781ms, 22.063ms, 21.166ms, 24.257ms, 25.192ms, 43.954ms, 78.367ms
Bytes In      [total, mean]                     8524, 2.00
Bytes Out     [total, mean]                     0, 0.00
Success       [ratio]                           100.00%
Status Codes  [code:count]                      200:4262  
Error Set:
Requests      [total, rate, throughput]         4322, 60.01, 60.00
Duration      [total, attack, wait]             1m12s, 1m12s, 21.057ms
Latencies     [min, mean, 50, 90, 95, 99, max]  20.781ms, 22.065ms, 21.166ms, 24.254ms, 25.188ms, 44.057ms, 78.367ms
Bytes In      [total, mean]                     8644, 2.00
Bytes Out     [total, mean]                     0, 0.00
Success       [ratio]                           100.00%
Status Codes  [code:count]                      200:4322  
Error Set:
Requests      [total, rate, throughput]         4382, 60.01, 60.00
Duration      [total, attack, wait]             1m13s, 1m13s, 21.019ms
Latencies     [min, mean, 50, 90, 95, 99, max]  20.781ms, 22.066ms, 21.167ms, 24.258ms, 25.187ms, 44.118ms, 78.367ms
Bytes In      [total, mean]                     8764, 2.00
Bytes Out     [total, mean]                     0, 0.00
Success       [ratio]                           100.00%
Status Codes  [code:count]                      200:4382  
Error Set:
Requests      [total, rate, throughput]         4442, 60.01, 60.00
Duration      [total, attack, wait]             1m14s, 1m14s, 21.211ms
Latencies     [min, mean, 50, 90, 95, 99, max]  20.781ms, 22.061ms, 21.167ms, 24.265ms, 25.187ms, 43.966ms, 78.367ms
Bytes In      [total, mean]                     8884, 2.00
Bytes Out     [total, mean]                     0, 0.00
Success       [ratio]                           100.00%
Status Codes  [code:count]                      200:4442  
Error Set:
Requests      [total, rate, throughput]         4501, 60.00, 59.98
Duration      [total, attack, wait]             1m15s, 1m15s, 21.318ms
Latencies     [min, mean, 50, 90, 95, 99, max]  20.781ms, 22.056ms, 21.166ms, 24.258ms, 25.171ms, 43.816ms, 78.367ms
Bytes In      [total, mean]                     9002, 2.00
Bytes Out     [total, mean]                     0, 0.00
Success       [ratio]                           100.00%
Status Codes  [code:count]                      200:4501  
Error Set:
Requests      [total, rate, throughput]         4562, 60.01, 59.99
Duration      [total, attack, wait]             1m16s, 1m16s, 24.283ms
Latencies     [min, mean, 50, 90, 95, 99, max]  20.781ms, 22.053ms, 21.166ms, 24.251ms, 25.182ms, 43.849ms, 78.367ms
Bytes In      [total, mean]                     9124, 2.00
Bytes Out     [total, mean]                     0, 0.00
Success       [ratio]                           100.00%
Status Codes  [code:count]                      200:4562  
Error Set:
Requests      [total, rate, throughput]         4622, 60.01, 60.00
Duration      [total, attack, wait]             1m17s, 1m17s, 21.078ms
Latencies     [min, mean, 50, 90, 95, 99, max]  20.781ms, 22.054ms, 21.166ms, 24.244ms, 25.178ms, 44.016ms, 78.367ms
Bytes In      [total, mean]                     9244, 2.00
Bytes Out     [total, mean]                     0, 0.00
Success       [ratio]                           100.00%
Status Codes  [code:count]                      200:4622  
Error Set:
Requests      [total, rate, throughput]         4682, 60.01, 60.00
Duration      [total, attack, wait]             1m18s, 1m18s, 21.084ms
Latencies     [min, mean, 50, 90, 95, 99, max]  20.781ms, 22.058ms, 21.166ms, 24.252ms, 25.18ms, 44.107ms, 78.367ms
Bytes In      [total, mean]                     9364, 2.00
Bytes Out     [total, mean]                     0, 0.00
Success       [ratio]                           100.00%
Status Codes  [code:count]                      200:4682  
Error Set:
Requests      [total, rate, throughput]         4742, 60.01, 60.00
Duration      [total, attack, wait]             1m19s, 1m19s, 20.918ms
Latencies     [min, mean, 50, 90, 95, 99, max]  20.781ms, 22.062ms, 21.167ms, 24.247ms, 25.174ms, 44.199ms, 78.367ms
Bytes In      [total, mean]                     9484, 2.00
Bytes Out     [total, mean]                     0, 0.00
Success       [ratio]                           100.00%
Status Codes  [code:count]                      200:4742  
Error Set:
Requests      [total, rate, throughput]         4802, 60.01, 60.00
Duration      [total, attack, wait]             1m20s, 1m20s, 21.19ms
Latencies     [min, mean, 50, 90, 95, 99, max]  20.781ms, 22.065ms, 21.167ms, 24.247ms, 25.17ms, 44.29ms, 78.367ms
Bytes In      [total, mean]                     9604, 2.00
Bytes Out     [total, mean]                     0, 0.00
Success       [ratio]                           100.00%
Status Codes  [code:count]                      200:4802  
Error Set:
Requests      [total, rate, throughput]         4862, 60.01, 60.00
Duration      [total, attack, wait]             1m21s, 1m21s, 21.094ms
Latencies     [min, mean, 50, 90, 95, 99, max]  20.781ms, 22.077ms, 21.167ms, 24.26ms, 25.19ms, 44.529ms, 78.367ms
Bytes In      [total, mean]                     9724, 2.00
Bytes Out     [total, mean]                     0, 0.00
Success       [ratio]                           100.00%
Status Codes  [code:count]                      200:4862  
Error Set:
Requests      [total, rate, throughput]         4922, 60.01, 60.00
Duration      [total, attack, wait]             1m22s, 1m22s, 21.166ms
Latencies     [min, mean, 50, 90, 95, 99, max]  20.781ms, 22.086ms, 21.167ms, 24.278ms, 25.198ms, 44.617ms, 78.367ms
Bytes In      [total, mean]                     9844, 2.00
Bytes Out     [total, mean]                     0, 0.00
Success       [ratio]                           100.00%
Status Codes  [code:count]                      200:4922  
Error Set:
Requests      [total, rate, throughput]         4982, 60.01, 60.00
Duration      [total, attack, wait]             1m23s, 1m23s, 21.206ms
Latencies     [min, mean, 50, 90, 95, 99, max]  20.781ms, 22.083ms, 21.168ms, 24.285ms, 25.199ms, 44.484ms, 78.367ms
Bytes In      [total, mean]                     9964, 2.00
Bytes Out     [total, mean]                     0, 0.00
Success       [ratio]                           100.00%
Status Codes  [code:count]                      200:4982  
Error Set:
Requests      [total, rate, throughput]         5042, 60.01, 60.00
Duration      [total, attack, wait]             1m24s, 1m24s, 21.207ms
Latencies     [min, mean, 50, 90, 95, 99, max]  20.781ms, 22.078ms, 21.168ms, 24.278ms, 25.199ms, 44.351ms, 78.367ms
Bytes In      [total, mean]                     10084, 2.00
Bytes Out     [total, mean]                     0, 0.00
Success       [ratio]                           100.00%
Status Codes  [code:count]                      200:5042  
Error Set:
Requests      [total, rate, throughput]         5102, 60.01, 60.00
Duration      [total, attack, wait]             1m25s, 1m25s, 21.187ms
Latencies     [min, mean, 50, 90, 95, 99, max]  20.781ms, 22.076ms, 21.168ms, 24.28ms, 25.199ms, 44.218ms, 78.367ms
Bytes In      [total, mean]                     10204, 2.00
Bytes Out     [total, mean]                     0, 0.00
Success       [ratio]                           100.00%
Status Codes  [code:count]                      200:5102  
Error Set:
Requests      [total, rate, throughput]         5162, 60.01, 59.99
Duration      [total, attack, wait]             1m26s, 1m26s, 24.115ms
Latencies     [min, mean, 50, 90, 95, 99, max]  20.781ms, 22.077ms, 21.168ms, 24.278ms, 25.197ms, 44.307ms, 78.367ms
Bytes In      [total, mean]                     10324, 2.00
Bytes Out     [total, mean]                     0, 0.00
Success       [ratio]                           100.00%
Status Codes  [code:count]                      200:5162  
Error Set:
Requests      [total, rate, throughput]         5222, 60.01, 59.99
Duration      [total, attack, wait]             1m27s, 1m27s, 25.226ms
Latencies     [min, mean, 50, 90, 95, 99, max]  20.781ms, 22.08ms, 21.168ms, 24.281ms, 25.196ms, 44.395ms, 78.367ms
Bytes In      [total, mean]                     10444, 2.00
Bytes Out     [total, mean]                     0, 0.00
Success       [ratio]                           100.00%
Status Codes  [code:count]                      200:5222  
Error Set:
Requests      [total, rate, throughput]         5282, 60.01, 60.00
Duration      [total, attack, wait]             1m28s, 1m28s, 21.102ms
Latencies     [min, mean, 50, 90, 95, 99, max]  20.781ms, 22.079ms, 21.168ms, 24.269ms, 25.193ms, 44.484ms, 78.367ms
Bytes In      [total, mean]                     10564, 2.00
Bytes Out     [total, mean]                     0, 0.00
Success       [ratio]                           100.00%
Status Codes  [code:count]                      200:5282  
Error Set:
Requests      [total, rate, throughput]         5342, 60.01, 60.00
Duration      [total, attack, wait]             1m29s, 1m29s, 21.163ms
Latencies     [min, mean, 50, 90, 95, 99, max]  20.781ms, 22.077ms, 21.168ms, 24.266ms, 25.188ms, 44.652ms, 78.367ms
Bytes In      [total, mean]                     10684, 2.00
Bytes Out     [total, mean]                     0, 0.00
Success       [ratio]                           100.00%
Status Codes  [code:count]                      200:5342  
Error Set:
Requests      [total, rate, throughput]         5402, 60.01, 60.00
Duration      [total, attack, wait]             1m30s, 1m30s, 21.255ms
Latencies     [min, mean, 50, 90, 95, 99, max]  20.781ms, 22.083ms, 21.168ms, 24.27ms, 25.191ms, 44.744ms, 78.367ms
Bytes In      [total, mean]                     10804, 2.00
Bytes Out     [total, mean]                     0, 0.00
Success       [ratio]                           100.00%
Status Codes  [code:count]                      200:5402  
Error Set:
Requests      [total, rate, throughput]         5461, 60.01, 59.99
Duration      [total, attack, wait]             1m31s, 1m31s, 24.332ms
Latencies     [min, mean, 50, 90, 95, 99, max]  20.781ms, 22.077ms, 21.168ms, 24.264ms, 25.188ms, 44.609ms, 78.367ms
Bytes In      [total, mean]                     10922, 2.00
Bytes Out     [total, mean]                     0, 0.00
Success       [ratio]                           100.00%
Status Codes  [code:count]                      200:5461  
Error Set:
Requests      [total, rate, throughput]         5522, 60.01, 60.00
Duration      [total, attack, wait]             1m32s, 1m32s, 21.116ms
Latencies     [min, mean, 50, 90, 95, 99, max]  20.781ms, 22.068ms, 21.167ms, 24.252ms, 25.179ms, 44.47ms, 78.367ms
Bytes In      [total, mean]                     11044, 2.00
Bytes Out     [total, mean]                     0, 0.00
Success       [ratio]                           100.00%
Status Codes  [code:count]                      200:5522  
Error Set:
Requests      [total, rate, throughput]         5582, 60.01, 60.00
Duration      [total, attack, wait]             1m33s, 1m33s, 21.043ms
Latencies     [min, mean, 50, 90, 95, 99, max]  20.781ms, 22.071ms, 21.167ms, 24.249ms, 25.177ms, 44.581ms, 78.367ms
Bytes In      [total, mean]                     11164, 2.00
Bytes Out     [total, mean]                     0, 0.00
Success       [ratio]                           100.00%
Status Codes  [code:count]                      200:5582  
Error Set:
Requests      [total, rate, throughput]         5642, 60.01, 60.00
Duration      [total, attack, wait]             1m34s, 1m34s, 21.126ms
Latencies     [min, mean, 50, 90, 95, 99, max]  20.781ms, 22.063ms, 21.167ms, 24.24ms, 25.17ms, 44.449ms, 78.367ms
Bytes In      [total, mean]                     11284, 2.00
Bytes Out     [total, mean]                     0, 0.00
Success       [ratio]                           100.00%
Status Codes  [code:count]                      200:5642  
Error Set:
Requests      [total, rate, throughput]         5702, 60.01, 60.00
Duration      [total, attack, wait]             1m35s, 1m35s, 21.122ms
Latencies     [min, mean, 50, 90, 95, 99, max]  20.781ms, 22.059ms, 21.166ms, 24.232ms, 25.165ms, 44.317ms, 78.367ms
Bytes In      [total, mean]                     11404, 2.00
Bytes Out     [total, mean]                     0, 0.00
Success       [ratio]                           100.00%
Status Codes  [code:count]                      200:5702  
Error Set:
Requests      [total, rate, throughput]         5762, 60.01, 60.00
Duration      [total, attack, wait]             1m36s, 1m36s, 24.088ms
Latencies     [min, mean, 50, 90, 95, 99, max]  20.781ms, 22.071ms, 21.166ms, 24.235ms, 25.17ms, 44.625ms, 78.367ms
Bytes In      [total, mean]                     11524, 2.00
Bytes Out     [total, mean]                     0, 0.00
Success       [ratio]                           100.00%
Status Codes  [code:count]                      200:5762  
Error Set:
Requests      [total, rate, throughput]         5822, 60.01, 60.00
Duration      [total, attack, wait]             1m37s, 1m37s, 21.076ms
Latencies     [min, mean, 50, 90, 95, 99, max]  20.781ms, 22.07ms, 21.166ms, 24.234ms, 25.17ms, 44.493ms, 78.367ms
Bytes In      [total, mean]                     11644, 2.00
Bytes Out     [total, mean]                     0, 0.00
Success       [ratio]                           100.00%
Status Codes  [code:count]                      200:5822  
Error Set:
Requests      [total, rate, throughput]         5882, 60.01, 60.00
Duration      [total, attack, wait]             1m38s, 1m38s, 20.947ms
Latencies     [min, mean, 50, 90, 95, 99, max]  20.781ms, 22.075ms, 21.166ms, 24.238ms, 25.175ms, 44.735ms, 78.367ms
Bytes In      [total, mean]                     11764, 2.00
Bytes Out     [total, mean]                     0, 0.00
Success       [ratio]                           100.00%
Status Codes  [code:count]                      200:5882  
Error Set:
Requests      [total, rate, throughput]         5942, 60.01, 60.00
Duration      [total, attack, wait]             1m39s, 1m39s, 21.158ms
Latencies     [min, mean, 50, 90, 95, 99, max]  20.781ms, 22.068ms, 21.165ms, 24.23ms, 25.175ms, 44.606ms, 78.367ms
Bytes In      [total, mean]                     11884, 2.00
Bytes Out     [total, mean]                     0, 0.00
Success       [ratio]                           100.00%
Status Codes  [code:count]                      200:5942  
Error Set:
Requests      [total, rate, throughput]         6002, 60.01, 60.00
Duration      [total, attack, wait]             1m40s, 1m40s, 21.167ms
Latencies     [min, mean, 50, 90, 95, 99, max]  20.781ms, 22.064ms, 21.165ms, 24.224ms, 25.172ms, 44.477ms, 78.367ms
Bytes In      [total, mean]                     12004, 2.00
Bytes Out     [total, mean]                     0, 0.00
Success       [ratio]                           100.00%
Status Codes  [code:count]                      200:6002  
Error Set:
Requests      [total, rate, throughput]         6062, 60.01, 60.00
Duration      [total, attack, wait]             1m41s, 1m41s, 21.063ms
Latencies     [min, mean, 50, 90, 95, 99, max]  20.781ms, 22.058ms, 21.165ms, 24.219ms, 25.17ms, 44.348ms, 78.367ms
Bytes In      [total, mean]                     12124, 2.00
Bytes Out     [total, mean]                     0, 0.00
Success       [ratio]                           100.00%
Status Codes  [code:count]                      200:6062  
Error Set:
Requests      [total, rate, throughput]         6122, 60.01, 60.00
Duration      [total, attack, wait]             1m42s, 1m42s, 21.149ms
Latencies     [min, mean, 50, 90, 95, 99, max]  20.781ms, 22.051ms, 21.165ms, 24.213ms, 25.167ms, 44.219ms, 78.367ms
Bytes In      [total, mean]                     12244, 2.00
Bytes Out     [total, mean]                     0, 0.00
Success       [ratio]                           100.00%
Status Codes  [code:count]                      200:6122  
Error Set:
Requests      [total, rate, throughput]         6182, 60.01, 60.00
Duration      [total, attack, wait]             1m43s, 1m43s, 21.162ms
Latencies     [min, mean, 50, 90, 95, 99, max]  20.781ms, 22.045ms, 21.164ms, 24.202ms, 25.164ms, 44.09ms, 78.367ms
Bytes In      [total, mean]                     12364, 2.00
Bytes Out     [total, mean]                     0, 0.00
Success       [ratio]                           100.00%
Status Codes  [code:count]                      200:6182  
Error Set:
Requests      [total, rate, throughput]         6242, 60.01, 60.00
Duration      [total, attack, wait]             1m44s, 1m44s, 21.047ms
Latencies     [min, mean, 50, 90, 95, 99, max]  20.781ms, 22.044ms, 21.164ms, 24.205ms, 25.17ms, 43.961ms, 78.367ms
Bytes In      [total, mean]                     12484, 2.00
Bytes Out     [total, mean]                     0, 0.00
Success       [ratio]                           100.00%
Status Codes  [code:count]                      200:6242  
Error Set:
Requests      [total, rate, throughput]         6302, 60.01, 60.00
Duration      [total, attack, wait]             1m45s, 1m45s, 21.211ms
Latencies     [min, mean, 50, 90, 95, 99, max]  20.781ms, 22.036ms, 21.164ms, 24.192ms, 25.162ms, 43.832ms, 78.367ms
Bytes In      [total, mean]                     12604, 2.00
Bytes Out     [total, mean]                     0, 0.00
Success       [ratio]                           100.00%
Status Codes  [code:count]                      200:6302  
Error Set:
Requests      [total, rate, throughput]         6362, 60.01, 60.00
Duration      [total, attack, wait]             1m46s, 1m46s, 21.21ms
Latencies     [min, mean, 50, 90, 95, 99, max]  20.781ms, 22.029ms, 21.163ms, 24.183ms, 25.154ms, 43.703ms, 78.367ms
Bytes In      [total, mean]                     12724, 2.00
Bytes Out     [total, mean]                     0, 0.00
Success       [ratio]                           100.00%
Status Codes  [code:count]                      200:6362  
Error Set:
Requests      [total, rate, throughput]         6422, 60.01, 60.00
Duration      [total, attack, wait]             1m47s, 1m47s, 21.217ms
Latencies     [min, mean, 50, 90, 95, 99, max]  20.781ms, 22.023ms, 21.163ms, 24.172ms, 25.148ms, 43.574ms, 78.367ms
Bytes In      [total, mean]                     12844, 2.00
Bytes Out     [total, mean]                     0, 0.00
Success       [ratio]                           100.00%
Status Codes  [code:count]                      200:6422  
Error Set:
Requests      [total, rate, throughput]         6482, 60.01, 60.00
Duration      [total, attack, wait]             1m48s, 1m48s, 21.199ms
Latencies     [min, mean, 50, 90, 95, 99, max]  20.781ms, 22.021ms, 21.163ms, 24.17ms, 25.148ms, 43.445ms, 78.367ms
Bytes In      [total, mean]                     12964, 2.00
Bytes Out     [total, mean]                     0, 0.00
Success       [ratio]                           100.00%
Status Codes  [code:count]                      200:6482  
Error Set:
Requests      [total, rate, throughput]         6542, 60.01, 60.00
Duration      [total, attack, wait]             1m49s, 1m49s, 21.156ms
Latencies     [min, mean, 50, 90, 95, 99, max]  20.781ms, 22.018ms, 21.163ms, 24.167ms, 25.146ms, 43.316ms, 78.367ms
Bytes In      [total, mean]                     13084, 2.00
Bytes Out     [total, mean]                     0, 0.00
Success       [ratio]                           100.00%
Status Codes  [code:count]                      200:6542  
Error Set:
Requests      [total, rate, throughput]         6602, 60.01, 60.00
Duration      [total, attack, wait]             1m50s, 1m50s, 21.116ms
Latencies     [min, mean, 50, 90, 95, 99, max]  20.781ms, 22.015ms, 21.163ms, 24.17ms, 25.144ms, 43.187ms, 78.367ms
Bytes In      [total, mean]                     13204, 2.00
Bytes Out     [total, mean]                     0, 0.00
Success       [ratio]                           100.00%
Status Codes  [code:count]                      200:6602  
Error Set:
Requests      [total, rate, throughput]         6662, 60.01, 60.00
Duration      [total, attack, wait]             1m51s, 1m51s, 21.157ms
Latencies     [min, mean, 50, 90, 95, 99, max]  20.781ms, 22.017ms, 21.163ms, 24.173ms, 25.144ms, 43.058ms, 78.367ms
Bytes In      [total, mean]                     13324, 2.00
Bytes Out     [total, mean]                     0, 0.00
Success       [ratio]                           100.00%
Status Codes  [code:count]                      200:6662  
Error Set:
Requests      [total, rate, throughput]         6722, 60.01, 60.00
Duration      [total, attack, wait]             1m52s, 1m52s, 21.13ms
Latencies     [min, mean, 50, 90, 95, 99, max]  20.781ms, 22.014ms, 21.163ms, 24.168ms, 25.144ms, 42.929ms, 78.367ms
Bytes In      [total, mean]                     13444, 2.00
Bytes Out     [total, mean]                     0, 0.00
Success       [ratio]                           100.00%
Status Codes  [code:count]                      200:6722  
Error Set:
Requests      [total, rate, throughput]         6782, 60.01, 60.00
Duration      [total, attack, wait]             1m53s, 1m53s, 24.154ms
Latencies     [min, mean, 50, 90, 95, 99, max]  20.781ms, 22.013ms, 21.163ms, 24.167ms, 25.147ms, 42.8ms, 78.367ms
Bytes In      [total, mean]                     13564, 2.00
Bytes Out     [total, mean]                     0, 0.00
Success       [ratio]                           100.00%
Status Codes  [code:count]                      200:6782  
Error Set:
Requests      [total, rate, throughput]         6842, 60.01, 60.00
Duration      [total, attack, wait]             1m54s, 1m54s, 24.835ms
Latencies     [min, mean, 50, 90, 95, 99, max]  20.781ms, 22.017ms, 21.163ms, 24.172ms, 25.152ms, 43.085ms, 78.367ms
Bytes In      [total, mean]                     13684, 2.00
Bytes Out     [total, mean]                     0, 0.00
Success       [ratio]                           100.00%
Status Codes  [code:count]                      200:6842  
Error Set:
Requests      [total, rate, throughput]         6902, 60.01, 60.00
Duration      [total, attack, wait]             1m55s, 1m55s, 21.19ms
Latencies     [min, mean, 50, 90, 95, 99, max]  20.781ms, 22.014ms, 21.162ms, 24.172ms, 25.147ms, 42.965ms, 78.367ms
Bytes In      [total, mean]                     13804, 2.00
Bytes Out     [total, mean]                     0, 0.00
Success       [ratio]                           100.00%
Status Codes  [code:count]                      200:6902  
Error Set:
Requests      [total, rate, throughput]         6961, 60.01, 59.99
Duration      [total, attack, wait]             1m56s, 1m56s, 28.155ms
Latencies     [min, mean, 50, 90, 95, 99, max]  20.781ms, 22.011ms, 21.162ms, 24.172ms, 25.147ms, 42.846ms, 78.367ms
Bytes In      [total, mean]                     13922, 2.00
Bytes Out     [total, mean]                     0, 0.00
Success       [ratio]                           100.00%
Status Codes  [code:count]                      200:6961  
Error Set:
Requests      [total, rate, throughput]         7022, 60.01, 60.00
Duration      [total, attack, wait]             1m57s, 1m57s, 21.105ms
Latencies     [min, mean, 50, 90, 95, 99, max]  20.781ms, 22.008ms, 21.162ms, 24.172ms, 25.145ms, 42.723ms, 78.367ms
Bytes In      [total, mean]                     14044, 2.00
Bytes Out     [total, mean]                     0, 0.00
Success       [ratio]                           100.00%
Status Codes  [code:count]                      200:7022  
Error Set:
Requests      [total, rate, throughput]         7082, 60.01, 60.00
Duration      [total, attack, wait]             1m58s, 1m58s, 21.185ms
Latencies     [min, mean, 50, 90, 95, 99, max]  20.781ms, 22.006ms, 21.162ms, 24.174ms, 25.142ms, 42.602ms, 78.367ms
Bytes In      [total, mean]                     14164, 2.00
Bytes Out     [total, mean]                     0, 0.00
Success       [ratio]                           100.00%
Status Codes  [code:count]                      200:7082  
Error Set:
Requests      [total, rate, throughput]         7142, 60.01, 60.00
Duration      [total, attack, wait]             1m59s, 1m59s, 21.295ms
Latencies     [min, mean, 50, 90, 95, 99, max]  20.781ms, 22.002ms, 21.162ms, 24.169ms, 25.137ms, 42.481ms, 78.367ms
Bytes In      [total, mean]                     14284, 2.00
Bytes Out     [total, mean]                     0, 0.00
Success       [ratio]                           100.00%
Status Codes  [code:count]                      200:7142  
Error Set:
Requests      [total, rate, throughput]         7202, 60.01, 60.00
Duration      [total, attack, wait]             2m0s, 2m0s, 21.08ms
Latencies     [min, mean, 50, 90, 95, 99, max]  20.781ms, 22.002ms, 21.162ms, 24.175ms, 25.139ms, 42.361ms, 78.367ms
Bytes In      [total, mean]                     14404, 2.00
Bytes Out     [total, mean]                     0, 0.00
Success       [ratio]                           100.00%
Status Codes  [code:count]                      200:7202  
Error Set:
Requests      [total, rate, throughput]         7262, 60.01, 60.00
Duration      [total, attack, wait]             2m1s, 2m1s, 24.925ms
Latencies     [min, mean, 50, 90, 95, 99, max]  20.781ms, 22.006ms, 21.162ms, 24.184ms, 25.146ms, 42.461ms, 78.367ms
Bytes In      [total, mean]                     14524, 2.00
Bytes Out     [total, mean]                     0, 0.00
Success       [ratio]                           100.00%
Status Codes  [code:count]                      200:7262  
Error Set:
Requests      [total, rate, throughput]         7322, 60.01, 60.00
Duration      [total, attack, wait]             2m2s, 2m2s, 21.06ms
Latencies     [min, mean, 50, 90, 95, 99, max]  20.781ms, 22.002ms, 21.162ms, 24.18ms, 25.143ms, 42.349ms, 78.367ms
Bytes In      [total, mean]                     14644, 2.00
Bytes Out     [total, mean]                     0, 0.00
Success       [ratio]                           100.00%
Status Codes  [code:count]                      200:7322  
Error Set:
Requests      [total, rate, throughput]         7382, 60.01, 60.00
Duration      [total, attack, wait]             2m3s, 2m3s, 21.132ms
Latencies     [min, mean, 50, 90, 95, 99, max]  20.781ms, 22.013ms, 21.162ms, 24.191ms, 25.156ms, 42.594ms, 78.367ms
Bytes In      [total, mean]                     14764, 2.00
Bytes Out     [total, mean]                     0, 0.00
Success       [ratio]                           100.00%
Status Codes  [code:count]                      200:7382  
Error Set:
Requests      [total, rate, throughput]         7442, 60.01, 60.00
Duration      [total, attack, wait]             2m4s, 2m4s, 21.135ms
Latencies     [min, mean, 50, 90, 95, 99, max]  20.781ms, 22.008ms, 21.162ms, 24.187ms, 25.151ms, 42.486ms, 78.367ms
Bytes In      [total, mean]                     14884, 2.00
Bytes Out     [total, mean]                     0, 0.00
Success       [ratio]                           100.00%
Status Codes  [code:count]                      200:7442  
Error Set:
Requests      [total, rate, throughput]         7502, 60.01, 60.00
Duration      [total, attack, wait]             2m5s, 2m5s, 21.178ms
Latencies     [min, mean, 50, 90, 95, 99, max]  20.781ms, 22.012ms, 21.162ms, 24.194ms, 25.153ms, 42.558ms, 78.367ms
Bytes In      [total, mean]                     15004, 2.00
Bytes Out     [total, mean]                     0, 0.00
Success       [ratio]                           100.00%
Status Codes  [code:count]                      200:7502  
Error Set:
Requests      [total, rate, throughput]         7562, 60.01, 60.00
Duration      [total, attack, wait]             2m6s, 2m6s, 25.167ms
Latencies     [min, mean, 50, 90, 95, 99, max]  20.781ms, 22.013ms, 21.162ms, 24.204ms, 25.154ms, 42.449ms, 78.367ms
Bytes In      [total, mean]                     15124, 2.00
Bytes Out     [total, mean]                     0, 0.00
Success       [ratio]                           100.00%
Status Codes  [code:count]                      200:7562  
Error Set:
Requests      [total, rate, throughput]         7622, 60.01, 60.00
Duration      [total, attack, wait]             2m7s, 2m7s, 21.119ms
Latencies     [min, mean, 50, 90, 95, 99, max]  20.781ms, 22.019ms, 21.162ms, 24.21ms, 25.159ms, 42.53ms, 78.367ms
Bytes In      [total, mean]                     15244, 2.00
Bytes Out     [total, mean]                     0, 0.00
Success       [ratio]                           100.00%
Status Codes  [code:count]                      200:7622  
Error Set:
Requests      [total, rate, throughput]         7682, 60.01, 60.00
Duration      [total, attack, wait]             2m8s, 2m8s, 21.089ms
Latencies     [min, mean, 50, 90, 95, 99, max]  20.781ms, 22.021ms, 21.161ms, 24.212ms, 25.164ms, 42.604ms, 78.367ms
Bytes In      [total, mean]                     15364, 2.00
Bytes Out     [total, mean]                     0, 0.00
Success       [ratio]                           100.00%
Status Codes  [code:count]                      200:7682  
Error Set:
Requests      [total, rate, throughput]         7742, 60.01, 60.00
Duration      [total, attack, wait]             2m9s, 2m9s, 25.291ms
Latencies     [min, mean, 50, 90, 95, 99, max]  20.781ms, 22.017ms, 21.161ms, 24.212ms, 25.164ms, 42.493ms, 78.367ms
Bytes In      [total, mean]                     15484, 2.00
Bytes Out     [total, mean]                     0, 0.00
Success       [ratio]                           100.00%
Status Codes  [code:count]                      200:7742  
Error Set:
Requests      [total, rate, throughput]         7802, 60.01, 60.00
Duration      [total, attack, wait]             2m10s, 2m10s, 25.033ms
Latencies     [min, mean, 50, 90, 95, 99, max]  20.781ms, 22.016ms, 21.161ms, 24.211ms, 25.164ms, 42.382ms, 78.367ms
Bytes In      [total, mean]                     15604, 2.00
Bytes Out     [total, mean]                     0, 0.00
Success       [ratio]                           100.00%
Status Codes  [code:count]                      200:7802  
Error Set:
Requests      [total, rate, throughput]         7862, 60.01, 60.00
Duration      [total, attack, wait]             2m11s, 2m11s, 21.189ms
Latencies     [min, mean, 50, 90, 95, 99, max]  20.781ms, 22.016ms, 21.161ms, 24.216ms, 25.162ms, 42.507ms, 78.367ms
Bytes In      [total, mean]                     15724, 2.00
Bytes Out     [total, mean]                     0, 0.00
Success       [ratio]                           100.00%
Status Codes  [code:count]                      200:7862  
Error Set:
Requests      [total, rate, throughput]         7922, 60.01, 60.00
Duration      [total, attack, wait]             2m12s, 2m12s, 21.242ms
Latencies     [min, mean, 50, 90, 95, 99, max]  20.781ms, 22.01ms, 21.161ms, 24.205ms, 25.155ms, 42.405ms, 78.367ms
Bytes In      [total, mean]                     15844, 2.00
Bytes Out     [total, mean]                     0, 0.00
Success       [ratio]                           100.00%
Status Codes  [code:count]                      200:7922  
Error Set:
Requests      [total, rate, throughput]         7982, 60.01, 60.00
Duration      [total, attack, wait]             2m13s, 2m13s, 21.075ms
Latencies     [min, mean, 50, 90, 95, 99, max]  20.781ms, 22.006ms, 21.161ms, 24.203ms, 25.151ms, 42.302ms, 78.367ms
Bytes In      [total, mean]                     15964, 2.00
Bytes Out     [total, mean]                     0, 0.00
Success       [ratio]                           100.00%
Status Codes  [code:count]                      200:7982  
Error Set:
Requests      [total, rate, throughput]         8042, 60.01, 60.00
Duration      [total, attack, wait]             2m14s, 2m14s, 20.997ms
Latencies     [min, mean, 50, 90, 95, 99, max]  20.781ms, 22.002ms, 21.16ms, 24.197ms, 25.144ms, 42.2ms, 78.367ms
Bytes In      [total, mean]                     16084, 2.00
Bytes Out     [total, mean]                     0, 0.00
Success       [ratio]                           100.00%
Status Codes  [code:count]                      200:8042  
Error Set:
Requests      [total, rate, throughput]         8101, 60.01, 60.00
Duration      [total, attack, wait]             2m15s, 2m15s, 25.194ms
Latencies     [min, mean, 50, 90, 95, 99, max]  20.781ms, 22ms, 21.16ms, 24.198ms, 25.144ms, 42.113ms, 78.367ms
Bytes In      [total, mean]                     16202, 2.00
Bytes Out     [total, mean]                     0, 0.00
Success       [ratio]                           100.00%
Status Codes  [code:count]                      200:8101  
Error Set:
Requests      [total, rate, throughput]         8162, 60.01, 60.00
Duration      [total, attack, wait]             2m16s, 2m16s, 24.914ms
Latencies     [min, mean, 50, 90, 95, 99, max]  20.781ms, 21.997ms, 21.16ms, 24.198ms, 25.14ms, 42.026ms, 78.367ms
Bytes In      [total, mean]                     16324, 2.00
Bytes Out     [total, mean]                     0, 0.00
Success       [ratio]                           100.00%
Status Codes  [code:count]                      200:8162  
Error Set:
Requests      [total, rate, throughput]         8222, 60.01, 60.00
Duration      [total, attack, wait]             2m17s, 2m17s, 21.166ms
Latencies     [min, mean, 50, 90, 95, 99, max]  20.781ms, 21.992ms, 21.16ms, 24.19ms, 25.137ms, 41.94ms, 78.367ms
Bytes In      [total, mean]                     16444, 2.00
Bytes Out     [total, mean]                     0, 0.00
Success       [ratio]                           100.00%
Status Codes  [code:count]                      200:8222  
Error Set:
Requests      [total, rate, throughput]         8282, 60.01, 60.00
Duration      [total, attack, wait]             2m18s, 2m18s, 21.19ms
Latencies     [min, mean, 50, 90, 95, 99, max]  20.781ms, 21.991ms, 21.16ms, 24.189ms, 25.137ms, 41.997ms, 78.367ms
Bytes In      [total, mean]                     16564, 2.00
Bytes Out     [total, mean]                     0, 0.00
Success       [ratio]                           100.00%
Status Codes  [code:count]                      200:8282  
Error Set:
Requests      [total, rate, throughput]         8342, 60.01, 60.00
Duration      [total, attack, wait]             2m19s, 2m19s, 21.189ms
Latencies     [min, mean, 50, 90, 95, 99, max]  20.781ms, 21.988ms, 21.16ms, 24.188ms, 25.138ms, 41.911ms, 78.367ms
Bytes In      [total, mean]                     16684, 2.00
Bytes Out     [total, mean]                     0, 0.00
Success       [ratio]                           100.00%
Status Codes  [code:count]                      200:8342  
Error Set:
Requests      [total, rate, throughput]         8402, 60.01, 60.00
Duration      [total, attack, wait]             2m20s, 2m20s, 21.27ms
Latencies     [min, mean, 50, 90, 95, 99, max]  20.781ms, 21.985ms, 21.16ms, 24.187ms, 25.136ms, 41.825ms, 78.367ms
Bytes In      [total, mean]                     16804, 2.00
Bytes Out     [total, mean]                     0, 0.00
Success       [ratio]                           100.00%
Status Codes  [code:count]                      200:8402  
Error Set:
Requests      [total, rate, throughput]         8462, 60.01, 60.00
Duration      [total, attack, wait]             2m21s, 2m21s, 21.183ms
Latencies     [min, mean, 50, 90, 95, 99, max]  20.781ms, 21.981ms, 21.16ms, 24.183ms, 25.133ms, 41.739ms, 78.367ms
Bytes In      [total, mean]                     16924, 2.00
Bytes Out     [total, mean]                     0, 0.00
Success       [ratio]                           100.00%
Status Codes  [code:count]                      200:8462  
Error Set:
Requests      [total, rate, throughput]         8522, 60.01, 60.00
Duration      [total, attack, wait]             2m22s, 2m22s, 21.089ms
Latencies     [min, mean, 50, 90, 95, 99, max]  20.781ms, 21.978ms, 21.16ms, 24.182ms, 25.128ms, 41.654ms, 78.367ms
Bytes In      [total, mean]                     17044, 2.00
Bytes Out     [total, mean]                     0, 0.00
Success       [ratio]                           100.00%
Status Codes  [code:count]                      200:8522  
Error Set:
Requests      [total, rate, throughput]         8582, 60.01, 60.00
Duration      [total, attack, wait]             2m23s, 2m23s, 21.222ms
Latencies     [min, mean, 50, 90, 95, 99, max]  20.781ms, 21.98ms, 21.159ms, 24.181ms, 25.127ms, 41.739ms, 78.367ms
Bytes In      [total, mean]                     17164, 2.00
Bytes Out     [total, mean]                     0, 0.00
Success       [ratio]                           100.00%
Status Codes  [code:count]                      200:8582  
Error Set:
Requests      [total, rate, throughput]         8642, 60.01, 60.00
Duration      [total, attack, wait]             2m24s, 2m24s, 21.085ms
Latencies     [min, mean, 50, 90, 95, 99, max]  20.781ms, 21.975ms, 21.159ms, 24.175ms, 25.124ms, 41.658ms, 78.367ms
Bytes In      [total, mean]                     17284, 2.00
Bytes Out     [total, mean]                     0, 0.00
Success       [ratio]                           100.00%
Status Codes  [code:count]                      200:8642  
Error Set:
Requests      [total, rate, throughput]         8701, 60.01, 60.00
Duration      [total, attack, wait]             2m25s, 2m25s, 25.121ms
Latencies     [min, mean, 50, 90, 95, 99, max]  20.781ms, 21.972ms, 21.159ms, 24.173ms, 25.12ms, 41.579ms, 78.367ms
Bytes In      [total, mean]                     17402, 2.00
Bytes Out     [total, mean]                     0, 0.00
Success       [ratio]                           100.00%
Status Codes  [code:count]                      200:8701  
Error Set:
Requests      [total, rate, throughput]         8762, 60.01, 60.00
Duration      [total, attack, wait]             2m26s, 2m26s, 28.352ms
Latencies     [min, mean, 50, 90, 95, 99, max]  20.781ms, 21.98ms, 21.159ms, 24.179ms, 25.125ms, 41.766ms, 78.367ms
Bytes In      [total, mean]                     17524, 2.00
Bytes Out     [total, mean]                     0, 0.00
Success       [ratio]                           100.00%
Status Codes  [code:count]                      200:8762  
Error Set:
Requests      [total, rate, throughput]         8822, 60.00, 59.99
Duration      [total, attack, wait]             2m27s, 2m27s, 21.216ms
Latencies     [min, mean, 50, 90, 95, 99, max]  20.781ms, 21.981ms, 21.159ms, 24.181ms, 25.125ms, 41.82ms, 78.367ms
Bytes In      [total, mean]                     17644, 2.00
Bytes Out     [total, mean]                     0, 0.00
Success       [ratio]                           100.00%
Status Codes  [code:count]                      200:8822  
Error Set:
Requests      [total, rate, throughput]         8882, 60.01, 60.00
Duration      [total, attack, wait]             2m28s, 2m28s, 21.147ms
Latencies     [min, mean, 50, 90, 95, 99, max]  20.781ms, 21.995ms, 21.159ms, 24.189ms, 25.131ms, 42.653ms, 78.367ms
Bytes In      [total, mean]                     17764, 2.00
Bytes Out     [total, mean]                     0, 0.00
Success       [ratio]                           100.00%
Status Codes  [code:count]                      200:8882  
Error Set:
Requests      [total, rate, throughput]         8942, 60.01, 60.00
Duration      [total, attack, wait]             2m29s, 2m29s, 21.078ms
Latencies     [min, mean, 50, 90, 95, 99, max]  20.781ms, 21.994ms, 21.159ms, 24.186ms, 25.131ms, 42.567ms, 78.367ms
Bytes In      [total, mean]                     17884, 2.00
Bytes Out     [total, mean]                     0, 0.00
Success       [ratio]                           100.00%
Status Codes  [code:count]                      200:8942  
Error Set:
Requests      [total, rate, throughput]         9000, 59.99, 59.98
Duration      [total, attack, wait]             2m30s, 2m30s, 21.323ms
Latencies     [min, mean, 50, 90, 95, 99, max]  20.781ms, 21.993ms, 21.159ms, 24.185ms, 25.131ms, 42.483ms, 78.367ms
Bytes In      [total, mean]                     18000, 2.00
Bytes Out     [total, mean]                     0, 0.00
Success       [ratio]                           100.00%
Status Codes  [code:count]                      200:9000  
Error Set:
Requests      [total, rate, throughput]         9062, 60.01, 60.00
Duration      [total, attack, wait]             2m31s, 2m31s, 21.205ms
Latencies     [min, mean, 50, 90, 95, 99, max]  20.781ms, 22ms, 21.159ms, 24.194ms, 25.132ms, 42.682ms, 78.367ms
Bytes In      [total, mean]                     18124, 2.00
Bytes Out     [total, mean]                     0, 0.00
Success       [ratio]                           100.00%
Status Codes  [code:count]                      200:9062  
Error Set:
Requests      [total, rate, throughput]         9121, 60.01, 60.00
Duration      [total, attack, wait]             2m32s, 2m32s, 24.975ms
Latencies     [min, mean, 50, 90, 95, 99, max]  20.781ms, 22.003ms, 21.159ms, 24.197ms, 25.135ms, 42.597ms, 78.367ms
Bytes In      [total, mean]                     18242, 2.00
Bytes Out     [total, mean]                     0, 0.00
Success       [ratio]                           100.00%
Status Codes  [code:count]                      200:9121  
Error Set:
Requests      [total, rate, throughput]         9182, 60.01, 60.00
Duration      [total, attack, wait]             2m33s, 2m33s, 21.215ms
Latencies     [min, mean, 50, 90, 95, 99, max]  20.781ms, 22.002ms, 21.159ms, 24.197ms, 25.137ms, 42.509ms, 78.367ms
Bytes In      [total, mean]                     18364, 2.00
Bytes Out     [total, mean]                     0, 0.00
Success       [ratio]                           100.00%
Status Codes  [code:count]                      200:9182  
Error Set:
Requests      [total, rate, throughput]         9242, 60.01, 60.00
Duration      [total, attack, wait]             2m34s, 2m34s, 21.181ms
Latencies     [min, mean, 50, 90, 95, 99, max]  20.781ms, 21.999ms, 21.159ms, 24.192ms, 25.134ms, 42.422ms, 78.367ms
Bytes In      [total, mean]                     18484, 2.00
Bytes Out     [total, mean]                     0, 0.00
Success       [ratio]                           100.00%
Status Codes  [code:count]                      200:9242  
Error Set:
Requests      [total, rate, throughput]         9302, 60.01, 60.00
Duration      [total, attack, wait]             2m35s, 2m35s, 21.139ms
Latencies     [min, mean, 50, 90, 95, 99, max]  20.781ms, 21.994ms, 21.159ms, 24.187ms, 25.131ms, 42.347ms, 78.367ms
Bytes In      [total, mean]                     18604, 2.00
Bytes Out     [total, mean]                     0, 0.00
Success       [ratio]                           100.00%
Status Codes  [code:count]                      200:9302  
Error Set:
Requests      [total, rate, throughput]         9361, 60.01, 60.00
Duration      [total, attack, wait]             2m36s, 2m36s, 23.887ms
Latencies     [min, mean, 50, 90, 95, 99, max]  20.781ms, 21.994ms, 21.159ms, 24.185ms, 25.131ms, 42.397ms, 78.367ms
Bytes In      [total, mean]                     18722, 2.00
Bytes Out     [total, mean]                     0, 0.00
Success       [ratio]                           100.00%
Status Codes  [code:count]                      200:9361  
Error Set:
Requests      [total, rate, throughput]         9422, 60.01, 60.00
Duration      [total, attack, wait]             2m37s, 2m37s, 20.969ms
Latencies     [min, mean, 50, 90, 95, 99, max]  20.781ms, 21.991ms, 21.159ms, 24.184ms, 25.13ms, 42.322ms, 78.367ms
Bytes In      [total, mean]                     18844, 2.00
Bytes Out     [total, mean]                     0, 0.00
Success       [ratio]                           100.00%
Status Codes  [code:count]                      200:9422  
Error Set:
Requests      [total, rate, throughput]         9482, 60.01, 60.00
Duration      [total, attack, wait]             2m38s, 2m38s, 21.131ms
Latencies     [min, mean, 50, 90, 95, 99, max]  20.781ms, 21.99ms, 21.158ms, 24.181ms, 25.128ms, 42.248ms, 78.367ms
Bytes In      [total, mean]                     18964, 2.00
Bytes Out     [total, mean]                     0, 0.00
Success       [ratio]                           100.00%
Status Codes  [code:count]                      200:9482  
Error Set:
Requests      [total, rate, throughput]         9542, 60.01, 60.00
Duration      [total, attack, wait]             2m39s, 2m39s, 21.176ms
Latencies     [min, mean, 50, 90, 95, 99, max]  20.781ms, 21.987ms, 21.159ms, 24.179ms, 25.128ms, 42.175ms, 78.367ms
Bytes In      [total, mean]                     19084, 2.00
Bytes Out     [total, mean]                     0, 0.00
Success       [ratio]                           100.00%
Status Codes  [code:count]                      200:9542  
Error Set:
Requests      [total, rate, throughput]         9602, 60.01, 60.00
Duration      [total, attack, wait]             2m40s, 2m40s, 21.064ms
Latencies     [min, mean, 50, 90, 95, 99, max]  20.781ms, 21.985ms, 21.158ms, 24.175ms, 25.127ms, 42.114ms, 78.367ms
Bytes In      [total, mean]                     19204, 2.00
Bytes Out     [total, mean]                     0, 0.00
Success       [ratio]                           100.00%
Status Codes  [code:count]                      200:9602  
Error Set:
Requests      [total, rate, throughput]         9662, 60.01, 60.00
Duration      [total, attack, wait]             2m41s, 2m41s, 21.103ms
Latencies     [min, mean, 50, 90, 95, 99, max]  20.781ms, 21.982ms, 21.159ms, 24.171ms, 25.125ms, 42.044ms, 78.367ms
Bytes In      [total, mean]                     19324, 2.00
Bytes Out     [total, mean]                     0, 0.00
Success       [ratio]                           100.00%
Status Codes  [code:count]                      200:9662  
Error Set:
Requests      [total, rate, throughput]         9722, 60.01, 60.00
Duration      [total, attack, wait]             2m42s, 2m42s, 25.68ms
Latencies     [min, mean, 50, 90, 95, 99, max]  20.781ms, 21.985ms, 21.159ms, 24.173ms, 25.125ms, 42.091ms, 78.367ms
Bytes In      [total, mean]                     19444, 2.00
Bytes Out     [total, mean]                     0, 0.00
Success       [ratio]                           100.00%
Status Codes  [code:count]                      200:9722  
Error Set:
Requests      [total, rate, throughput]         9782, 60.01, 60.00
Duration      [total, attack, wait]             2m43s, 2m43s, 21.163ms
Latencies     [min, mean, 50, 90, 95, 99, max]  20.781ms, 21.982ms, 21.159ms, 24.17ms, 25.122ms, 42.038ms, 78.367ms
Bytes In      [total, mean]                     19564, 2.00
Bytes Out     [total, mean]                     0, 0.00
Success       [ratio]                           100.00%
Status Codes  [code:count]                      200:9782  
Error Set:
Requests      [total, rate, throughput]         9841, 60.01, 60.00
Duration      [total, attack, wait]             2m44s, 2m44s, 25.524ms
Latencies     [min, mean, 50, 90, 95, 99, max]  20.781ms, 21.985ms, 21.159ms, 24.176ms, 25.126ms, 42.084ms, 78.367ms
Bytes In      [total, mean]                     19682, 2.00
Bytes Out     [total, mean]                     0, 0.00
Success       [ratio]                           100.00%
Status Codes  [code:count]                      200:9841  
Error Set:
Requests      [total, rate, throughput]         9902, 60.01, 60.00
Duration      [total, attack, wait]             2m45s, 2m45s, 25.216ms
Latencies     [min, mean, 50, 90, 95, 99, max]  20.781ms, 21.986ms, 21.158ms, 24.179ms, 25.128ms, 42.128ms, 78.367ms
Bytes In      [total, mean]                     19804, 2.00
Bytes Out     [total, mean]                     0, 0.00
Success       [ratio]                           100.00%
Status Codes  [code:count]                      200:9902  
Error Set:
Requests      [total, rate, throughput]         9962, 60.01, 60.00
Duration      [total, attack, wait]             2m46s, 2m46s, 21.209ms
Latencies     [min, mean, 50, 90, 95, 99, max]  20.781ms, 21.986ms, 21.158ms, 24.172ms, 25.125ms, 42.172ms, 78.367ms
Bytes In      [total, mean]                     19924, 2.00
Bytes Out     [total, mean]                     0, 0.00
Success       [ratio]                           100.00%
Status Codes  [code:count]                      200:9962  
Error Set:
Requests      [total, rate, throughput]         10022, 60.01, 60.00
Duration      [total, attack, wait]             2m47s, 2m47s, 24.718ms
Latencies     [min, mean, 50, 90, 95, 99, max]  20.781ms, 21.99ms, 21.158ms, 24.181ms, 25.129ms, 42.119ms, 78.367ms
Bytes In      [total, mean]                     20044, 2.00
Bytes Out     [total, mean]                     0, 0.00
Success       [ratio]                           100.00%
Status Codes  [code:count]                      200:10022  
Error Set:
Requests      [total, rate, throughput]         10082, 60.00, 59.99
Duration      [total, attack, wait]             2m48s, 2m48s, 21.128ms
Latencies     [min, mean, 50, 90, 95, 99, max]  20.781ms, 21.989ms, 21.158ms, 24.179ms, 25.127ms, 42.162ms, 78.367ms
Bytes In      [total, mean]                     20164, 2.00
Bytes Out     [total, mean]                     0, 0.00
Success       [ratio]                           100.00%
Status Codes  [code:count]                      200:10082  
Error Set:
Requests      [total, rate, throughput]         10142, 60.01, 60.00
Duration      [total, attack, wait]             2m49s, 2m49s, 21.001ms
Latencies     [min, mean, 50, 90, 95, 99, max]  20.781ms, 21.99ms, 21.158ms, 24.181ms, 25.126ms, 42.205ms, 78.367ms
Bytes In      [total, mean]                     20284, 2.00
Bytes Out     [total, mean]                     0, 0.00
Success       [ratio]                           100.00%
Status Codes  [code:count]                      200:10142  
Error Set:
Requests      [total, rate, throughput]         10202, 60.01, 60.00
Duration      [total, attack, wait]             2m50s, 2m50s, 21.143ms
Latencies     [min, mean, 50, 90, 95, 99, max]  20.781ms, 21.986ms, 21.158ms, 24.174ms, 25.122ms, 42.141ms, 78.367ms
Bytes In      [total, mean]                     20404, 2.00
Bytes Out     [total, mean]                     0, 0.00
Success       [ratio]                           100.00%
Status Codes  [code:count]                      200:10202  
Error Set:
Requests      [total, rate, throughput]         10261, 60.01, 60.00
Duration      [total, attack, wait]             2m51s, 2m51s, 25.099ms
Latencies     [min, mean, 50, 90, 95, 99, max]  20.781ms, 21.986ms, 21.158ms, 24.176ms, 25.121ms, 42.184ms, 78.367ms
Bytes In      [total, mean]                     20522, 2.00
Bytes Out     [total, mean]                     0, 0.00
Success       [ratio]                           100.00%
Status Codes  [code:count]                      200:10261  
Error Set:
Requests      [total, rate, throughput]         10320, 60.01, 59.99
Duration      [total, attack, wait]             2m52s, 2m52s, 42.588ms
Latencies     [min, mean, 50, 90, 95, 99, max]  20.781ms, 21.995ms, 21.158ms, 24.179ms, 25.127ms, 42.455ms, 78.367ms
Bytes In      [total, mean]                     20640, 2.00
Bytes Out     [total, mean]                     0, 0.00
Success       [ratio]                           100.00%
Status Codes  [code:count]                      200:10320  
Error Set:
Requests      [total, rate, throughput]         10382, 60.01, 60.00
Duration      [total, attack, wait]             2m53s, 2m53s, 24.263ms
Latencies     [min, mean, 50, 90, 95, 99, max]  20.781ms, 21.999ms, 21.158ms, 24.18ms, 25.129ms, 42.653ms, 78.367ms
Bytes In      [total, mean]                     20764, 2.00
Bytes Out     [total, mean]                     0, 0.00
Success       [ratio]                           100.00%
Status Codes  [code:count]                      200:10382  
Error Set:
Requests      [total, rate, throughput]         10442, 60.01, 60.00
Duration      [total, attack, wait]             2m54s, 2m54s, 21.242ms
Latencies     [min, mean, 50, 90, 95, 99, max]  20.781ms, 22ms, 21.158ms, 24.182ms, 25.129ms, 42.711ms, 78.367ms
Bytes In      [total, mean]                     20884, 2.00
Bytes Out     [total, mean]                     0, 0.00
Success       [ratio]                           100.00%
Status Codes  [code:count]                      200:10442  
Error Set:
Requests      [total, rate, throughput]         10502, 60.01, 60.00
Duration      [total, attack, wait]             2m55s, 2m55s, 21.253ms
Latencies     [min, mean, 50, 90, 95, 99, max]  20.781ms, 22.001ms, 21.158ms, 24.187ms, 25.131ms, 42.624ms, 78.367ms
Bytes In      [total, mean]                     21004, 2.00
Bytes Out     [total, mean]                     0, 0.00
Success       [ratio]                           100.00%
Status Codes  [code:count]                      200:10502  
Error Set:
Requests      [total, rate, throughput]         10561, 60.01, 59.99
Duration      [total, attack, wait]             2m56s, 2m56s, 45.57ms
Latencies     [min, mean, 50, 90, 95, 99, max]  20.781ms, 22ms, 21.158ms, 24.187ms, 25.134ms, 42.742ms, 78.367ms
Bytes In      [total, mean]                     21122, 2.00
Bytes Out     [total, mean]                     0, 0.00
Success       [ratio]                           100.00%
Status Codes  [code:count]                      200:10561  
Error Set:
Requests      [total, rate, throughput]         10622, 60.01, 60.00
Duration      [total, attack, wait]             2m57s, 2m57s, 21.139ms
Latencies     [min, mean, 50, 90, 95, 99, max]  20.781ms, 22.004ms, 21.158ms, 24.19ms, 25.137ms, 42.935ms, 78.367ms
Bytes In      [total, mean]                     21244, 2.00
Bytes Out     [total, mean]                     0, 0.00
Success       [ratio]                           100.00%
Status Codes  [code:count]                      200:10622  
Error Set:
Requests      [total, rate, throughput]         10682, 60.01, 60.00
Duration      [total, attack, wait]             2m58s, 2m58s, 21.264ms
Latencies     [min, mean, 50, 90, 95, 99, max]  20.781ms, 22ms, 21.158ms, 24.184ms, 25.133ms, 42.853ms, 78.367ms
Bytes In      [total, mean]                     21364, 2.00
Bytes Out     [total, mean]                     0, 0.00
Success       [ratio]                           100.00%
Status Codes  [code:count]                      200:10682  
Error Set:
Requests      [total, rate, throughput]         10742, 60.01, 60.00
Duration      [total, attack, wait]             2m59s, 2m59s, 21.145ms
Latencies     [min, mean, 50, 90, 95, 99, max]  20.781ms, 21.997ms, 21.158ms, 24.179ms, 25.129ms, 42.771ms, 78.367ms
Bytes In      [total, mean]                     21484, 2.00
Bytes Out     [total, mean]                     0, 0.00
Success       [ratio]                           100.00%
Status Codes  [code:count]                      200:10742  
Error Set:
Requests      [total, rate, throughput]         10800, 60.01, 60.00
Duration      [total, attack, wait]             3m0s, 3m0s, 21.073ms
Latencies     [min, mean, 50, 90, 95, 99, max]  20.781ms, 22.003ms, 21.158ms, 24.181ms, 25.131ms, 42.966ms, 78.367ms
Bytes In      [total, mean]                     21600, 2.00
Bytes Out     [total, mean]                     0, 0.00
Success       [ratio]                           100.00%
Status Codes  [code:count]                      200:10800  
Error Set:
