Requests      [total, rate, throughput]         12, 10.91, 10.70
Duration      [total, attack, wait]             1.121s, 1.1s, 21.362ms
Latencies     [min, mean, 50, 90, 95, 99, max]  21.346ms, 21.6ms, 21.476ms, 22.106ms, 22.354ms, 22.395ms, 22.395ms
Bytes In      [total, mean]                     24, 2.00
Bytes Out     [total, mean]                     0, 0.00
Success       [ratio]                           100.00%
Status Codes  [code:count]                      200:12  
Error Set:
Requests      [total, rate, throughput]         22, 10.47, 10.37
Duration      [total, attack, wait]             2.122s, 2.1s, 21.155ms
Latencies     [min, mean, 50, 90, 95, 99, max]  21.155ms, 21.488ms, 21.431ms, 21.764ms, 22.148ms, 22.395ms, 22.395ms
Bytes In      [total, mean]                     44, 2.00
Bytes Out     [total, mean]                     0, 0.00
Success       [ratio]                           100.00%
Status Codes  [code:count]                      200:22  
Error Set:
Requests      [total, rate, throughput]         32, 10.32, 10.25
Duration      [total, attack, wait]             3.121s, 3.099s, 21.545ms
Latencies     [min, mean, 50, 90, 95, 99, max]  21.155ms, 21.47ms, 21.438ms, 21.637ms, 21.952ms, 22.395ms, 22.395ms
Bytes In      [total, mean]                     64, 2.00
Bytes Out     [total, mean]                     0, 0.00
Success       [ratio]                           100.00%
Status Codes  [code:count]                      200:32  
Error Set:
Requests      [total, rate, throughput]         42, 10.25, 10.19
Duration      [total, attack, wait]             4.121s, 4.099s, 21.324ms
Latencies     [min, mean, 50, 90, 95, 99, max]  21.155ms, 21.455ms, 21.426ms, 21.637ms, 21.797ms, 22.395ms, 22.395ms
Bytes In      [total, mean]                     84, 2.00
Bytes Out     [total, mean]                     0, 0.00
Success       [ratio]                           100.00%
Status Codes  [code:count]                      200:42  
Error Set:
Requests      [total, rate, throughput]         52, 10.20, 10.15
Duration      [total, attack, wait]             5.121s, 5.1s, 21.116ms
Latencies     [min, mean, 50, 90, 95, 99, max]  21.116ms, 21.438ms, 21.418ms, 21.606ms, 21.673ms, 22.387ms, 22.395ms
Bytes In      [total, mean]                     104, 2.00
Bytes Out     [total, mean]                     0, 0.00
Success       [ratio]                           100.00%
Status Codes  [code:count]                      200:52  
Error Set:
Requests      [total, rate, throughput]         62, 10.16, 10.13
Duration      [total, attack, wait]             6.121s, 6.099s, 21.5ms
Latencies     [min, mean, 50, 90, 95, 99, max]  21.116ms, 21.428ms, 21.415ms, 21.562ms, 21.671ms, 22.346ms, 22.395ms
Bytes In      [total, mean]                     124, 2.00
Bytes Out     [total, mean]                     0, 0.00
Success       [ratio]                           100.00%
Status Codes  [code:count]                      200:62  
Error Set:
Requests      [total, rate, throughput]         72, 10.14, 10.11
Duration      [total, attack, wait]             7.122s, 7.1s, 21.373ms
Latencies     [min, mean, 50, 90, 95, 99, max]  21.116ms, 21.423ms, 21.415ms, 21.531ms, 21.666ms, 22.304ms, 22.395ms
Bytes In      [total, mean]                     144, 2.00
Bytes Out     [total, mean]                     0, 0.00
Success       [ratio]                           100.00%
Status Codes  [code:count]                      200:72  
Error Set:
Requests      [total, rate, throughput]         82, 10.12, 10.10
Duration      [total, attack, wait]             8.121s, 8.1s, 21.398ms
Latencies     [min, mean, 50, 90, 95, 99, max]  21.116ms, 21.415ms, 21.413ms, 21.529ms, 21.641ms, 22.263ms, 22.395ms
Bytes In      [total, mean]                     164, 2.00
Bytes Out     [total, mean]                     0, 0.00
Success       [ratio]                           100.00%
Status Codes  [code:count]                      200:82  
Error Set:
Requests      [total, rate, throughput]         92, 10.11, 10.09
Duration      [total, attack, wait]             9.122s, 9.1s, 21.362ms
Latencies     [min, mean, 50, 90, 95, 99, max]  21.116ms, 21.411ms, 21.406ms, 21.529ms, 21.62ms, 22.222ms, 22.395ms
Bytes In      [total, mean]                     184, 2.00
Bytes Out     [total, mean]                     0, 0.00
Success       [ratio]                           100.00%
Status Codes  [code:count]                      200:92  
Error Set:
Requests      [total, rate, throughput]         102, 10.10, 10.08
Duration      [total, attack, wait]             10.121s, 10.1s, 21.501ms
Latencies     [min, mean, 50, 90, 95, 99, max]  21.092ms, 21.407ms, 21.392ms, 21.529ms, 21.641ms, 22.181ms, 22.395ms
Bytes In      [total, mean]                     204, 2.00
Bytes Out     [total, mean]                     0, 0.00
Success       [ratio]                           100.00%
Status Codes  [code:count]                      200:102  
Error Set:
Requests      [total, rate, throughput]         111, 10.09, 10.07
Duration      [total, attack, wait]             11.024s, 11s, 23.775ms
Latencies     [min, mean, 50, 90, 95, 99, max]  21.092ms, 21.425ms, 21.387ms, 21.53ms, 21.668ms, 22.933ms, 23.775ms
Bytes In      [total, mean]                     222, 2.00
Bytes Out     [total, mean]                     0, 0.00
Success       [ratio]                           100.00%
Status Codes  [code:count]                      200:111  
Error Set:
Requests      [total, rate, throughput]         122, 10.08, 10.06
Duration      [total, attack, wait]             12.122s, 12.1s, 21.374ms
Latencies     [min, mean, 50, 90, 95, 99, max]  21.092ms, 21.42ms, 21.387ms, 21.52ms, 21.641ms, 22.781ms, 23.775ms
Bytes In      [total, mean]                     244, 2.00
Bytes Out     [total, mean]                     0, 0.00
Success       [ratio]                           100.00%
Status Codes  [code:count]                      200:122  
Error Set:
Requests      [total, rate, throughput]         132, 10.08, 10.06
Duration      [total, attack, wait]             13.122s, 13.1s, 21.539ms
Latencies     [min, mean, 50, 90, 95, 99, max]  21.092ms, 21.414ms, 21.383ms, 21.52ms, 21.62ms, 22.643ms, 23.775ms
Bytes In      [total, mean]                     264, 2.00
Bytes Out     [total, mean]                     0, 0.00
Success       [ratio]                           100.00%
Status Codes  [code:count]                      200:132  
Error Set:
Requests      [total, rate, throughput]         142, 10.07, 10.06
Duration      [total, attack, wait]             14.121s, 14.1s, 21.413ms
Latencies     [min, mean, 50, 90, 95, 99, max]  21.092ms, 21.409ms, 21.382ms, 21.514ms, 21.609ms, 22.505ms, 23.775ms
Bytes In      [total, mean]                     284, 2.00
Bytes Out     [total, mean]                     0, 0.00
Success       [ratio]                           100.00%
Status Codes  [code:count]                      200:142  
Error Set:
Requests      [total, rate, throughput]         152, 10.07, 10.05
Duration      [total, attack, wait]             15.122s, 15.1s, 21.389ms
Latencies     [min, mean, 50, 90, 95, 99, max]  21.092ms, 21.407ms, 21.38ms, 21.519ms, 21.62ms, 22.387ms, 23.775ms
Bytes In      [total, mean]                     304, 2.00
Bytes Out     [total, mean]                     0, 0.00
Success       [ratio]                           100.00%
Status Codes  [code:count]                      200:152  
Error Set:
Requests      [total, rate, throughput]         162, 10.06, 10.05
Duration      [total, attack, wait]             16.121s, 16.099s, 21.197ms
Latencies     [min, mean, 50, 90, 95, 99, max]  21.092ms, 21.399ms, 21.374ms, 21.514ms, 21.609ms, 22.346ms, 23.775ms
Bytes In      [total, mean]                     324, 2.00
Bytes Out     [total, mean]                     0, 0.00
Success       [ratio]                           100.00%
Status Codes  [code:count]                      200:162  
Error Set:
Requests      [total, rate, throughput]         172, 10.06, 10.05
Duration      [total, attack, wait]             17.121s, 17.1s, 21.383ms
Latencies     [min, mean, 50, 90, 95, 99, max]  21.092ms, 21.393ms, 21.371ms, 21.512ms, 21.598ms, 22.304ms, 23.775ms
Bytes In      [total, mean]                     344, 2.00
Bytes Out     [total, mean]                     0, 0.00
Success       [ratio]                           100.00%
Status Codes  [code:count]                      200:172  
Error Set:
Requests      [total, rate, throughput]         182, 10.06, 10.04
Duration      [total, attack, wait]             18.122s, 18.1s, 21.298ms
Latencies     [min, mean, 50, 90, 95, 99, max]  21.009ms, 21.386ms, 21.362ms, 21.511ms, 21.589ms, 22.263ms, 23.775ms
Bytes In      [total, mean]                     364, 2.00
Bytes Out     [total, mean]                     0, 0.00
Success       [ratio]                           100.00%
Status Codes  [code:count]                      200:182  
Error Set:
Requests      [total, rate, throughput]         192, 10.05, 10.04
Duration      [total, attack, wait]             19.121s, 19.1s, 21.224ms
Latencies     [min, mean, 50, 90, 95, 99, max]  21.009ms, 21.381ms, 21.356ms, 21.505ms, 21.579ms, 22.222ms, 23.775ms
Bytes In      [total, mean]                     384, 2.00
Bytes Out     [total, mean]                     0, 0.00
Success       [ratio]                           100.00%
Status Codes  [code:count]                      200:192  
Error Set:
Requests      [total, rate, throughput]         202, 10.05, 10.04
Duration      [total, attack, wait]             20.121s, 20.1s, 21.322ms
Latencies     [min, mean, 50, 90, 95, 99, max]  21.009ms, 21.377ms, 21.352ms, 21.502ms, 21.56ms, 22.181ms, 23.775ms
Bytes In      [total, mean]                     404, 2.00
Bytes Out     [total, mean]                     0, 0.00
Success       [ratio]                           100.00%
Status Codes  [code:count]                      200:202  
Error Set:
Requests      [total, rate, throughput]         212, 10.05, 10.04
Duration      [total, attack, wait]             21.122s, 21.1s, 21.523ms
Latencies     [min, mean, 50, 90, 95, 99, max]  21.009ms, 21.373ms, 21.35ms, 21.502ms, 21.545ms, 22.139ms, 23.775ms
Bytes In      [total, mean]                     424, 2.00
Bytes Out     [total, mean]                     0, 0.00
Success       [ratio]                           100.00%
Status Codes  [code:count]                      200:212  
Error Set:
Requests      [total, rate, throughput]         222, 10.05, 10.04
Duration      [total, attack, wait]             22.122s, 22.1s, 21.392ms
Latencies     [min, mean, 50, 90, 95, 99, max]  21.009ms, 21.37ms, 21.345ms, 21.501ms, 21.542ms, 22.098ms, 23.775ms
Bytes In      [total, mean]                     444, 2.00
Bytes Out     [total, mean]                     0, 0.00
Success       [ratio]                           100.00%
Status Codes  [code:count]                      200:222  
Error Set:
Requests      [total, rate, throughput]         232, 10.04, 10.03
Duration      [total, attack, wait]             23.122s, 23.1s, 21.3ms
Latencies     [min, mean, 50, 90, 95, 99, max]  21.009ms, 21.368ms, 21.343ms, 21.499ms, 21.539ms, 22.057ms, 23.775ms
Bytes In      [total, mean]                     464, 2.00
Bytes Out     [total, mean]                     0, 0.00
Success       [ratio]                           100.00%
Status Codes  [code:count]                      200:232  
Error Set:
Requests      [total, rate, throughput]         242, 10.04, 10.03
Duration      [total, attack, wait]             24.121s, 24.1s, 21.364ms
Latencies     [min, mean, 50, 90, 95, 99, max]  21.009ms, 21.365ms, 21.341ms, 21.495ms, 21.539ms, 22.016ms, 23.775ms
Bytes In      [total, mean]                     484, 2.00
Bytes Out     [total, mean]                     0, 0.00
Success       [ratio]                           100.00%
Status Codes  [code:count]                      200:242  
Error Set:
Requests      [total, rate, throughput]         252, 10.04, 10.03
Duration      [total, attack, wait]             25.121s, 25.1s, 21.253ms
Latencies     [min, mean, 50, 90, 95, 99, max]  21.009ms, 21.362ms, 21.338ms, 21.491ms, 21.537ms, 21.977ms, 23.775ms
Bytes In      [total, mean]                     504, 2.00
Bytes Out     [total, mean]                     0, 0.00
Success       [ratio]                           100.00%
Status Codes  [code:count]                      200:252  
Error Set:
Requests      [total, rate, throughput]         262, 10.04, 10.03
Duration      [total, attack, wait]             26.121s, 26.1s, 21.306ms
Latencies     [min, mean, 50, 90, 95, 99, max]  21.009ms, 21.36ms, 21.337ms, 21.491ms, 21.53ms, 21.949ms, 23.775ms
Bytes In      [total, mean]                     524, 2.00
Bytes Out     [total, mean]                     0, 0.00
Success       [ratio]                           100.00%
Status Codes  [code:count]                      200:262  
Error Set:
Requests      [total, rate, throughput]         272, 10.04, 10.03
Duration      [total, attack, wait]             27.122s, 27.1s, 21.38ms
Latencies     [min, mean, 50, 90, 95, 99, max]  21.009ms, 21.357ms, 21.334ms, 21.489ms, 21.525ms, 21.92ms, 23.775ms
Bytes In      [total, mean]                     544, 2.00
Bytes Out     [total, mean]                     0, 0.00
Success       [ratio]                           100.00%
Status Codes  [code:count]                      200:272  
Error Set:
Requests      [total, rate, throughput]         282, 10.04, 10.03
Duration      [total, attack, wait]             28.121s, 28.1s, 21.387ms
Latencies     [min, mean, 50, 90, 95, 99, max]  21.009ms, 21.356ms, 21.332ms, 21.485ms, 21.524ms, 21.891ms, 23.775ms
Bytes In      [total, mean]                     564, 2.00
Bytes Out     [total, mean]                     0, 0.00
Success       [ratio]                           100.00%
Status Codes  [code:count]                      200:282  
Error Set:
Requests      [total, rate, throughput]         292, 10.03, 10.03
Duration      [total, attack, wait]             29.121s, 29.1s, 21.345ms
Latencies     [min, mean, 50, 90, 95, 99, max]  21.009ms, 21.354ms, 21.332ms, 21.48ms, 21.523ms, 21.863ms, 23.775ms
Bytes In      [total, mean]                     584, 2.00
Bytes Out     [total, mean]                     0, 0.00
Success       [ratio]                           100.00%
Status Codes  [code:count]                      200:292  
Error Set:
Requests      [total, rate, throughput]         302, 10.03, 10.03
Duration      [total, attack, wait]             30.122s, 30.1s, 21.258ms
Latencies     [min, mean, 50, 90, 95, 99, max]  21.009ms, 21.351ms, 21.33ms, 21.475ms, 21.522ms, 21.834ms, 23.775ms
Bytes In      [total, mean]                     604, 2.00
Bytes Out     [total, mean]                     0, 0.00
Success       [ratio]                           100.00%
Status Codes  [code:count]                      200:302  
Error Set:
Requests      [total, rate, throughput]         312, 10.03, 10.03
Duration      [total, attack, wait]             31.121s, 31.1s, 21.343ms
Latencies     [min, mean, 50, 90, 95, 99, max]  21.009ms, 21.35ms, 21.33ms, 21.474ms, 21.52ms, 21.806ms, 23.775ms
Bytes In      [total, mean]                     624, 2.00
Bytes Out     [total, mean]                     0, 0.00
Success       [ratio]                           100.00%
Status Codes  [code:count]                      200:312  
Error Set:
Requests      [total, rate, throughput]         322, 10.03, 10.02
Duration      [total, attack, wait]             32.121s, 32.1s, 21.304ms
Latencies     [min, mean, 50, 90, 95, 99, max]  21.009ms, 21.348ms, 21.329ms, 21.472ms, 21.518ms, 21.777ms, 23.775ms
Bytes In      [total, mean]                     644, 2.00
Bytes Out     [total, mean]                     0, 0.00
Success       [ratio]                           100.00%
Status Codes  [code:count]                      200:322  
Error Set:
Requests      [total, rate, throughput]         332, 10.03, 10.02
Duration      [total, attack, wait]             33.121s, 33.1s, 21.306ms
Latencies     [min, mean, 50, 90, 95, 99, max]  21.009ms, 21.35ms, 21.33ms, 21.474ms, 21.524ms, 21.749ms, 23.775ms
Bytes In      [total, mean]                     664, 2.00
Bytes Out     [total, mean]                     0, 0.00
Success       [ratio]                           100.00%
Status Codes  [code:count]                      200:332  
Error Set:
Requests      [total, rate, throughput]         342, 10.03, 10.02
Duration      [total, attack, wait]             34.122s, 34.1s, 21.378ms
Latencies     [min, mean, 50, 90, 95, 99, max]  21.009ms, 21.35ms, 21.33ms, 21.472ms, 21.522ms, 21.72ms, 23.775ms
Bytes In      [total, mean]                     684, 2.00
Bytes Out     [total, mean]                     0, 0.00
Success       [ratio]                           100.00%
Status Codes  [code:count]                      200:342  
Error Set:
Requests      [total, rate, throughput]         352, 10.03, 10.02
Duration      [total, attack, wait]             35.121s, 35.1s, 21.262ms
Latencies     [min, mean, 50, 90, 95, 99, max]  21.009ms, 21.348ms, 21.329ms, 21.466ms, 21.52ms, 21.697ms, 23.775ms
Bytes In      [total, mean]                     704, 2.00
Bytes Out     [total, mean]                     0, 0.00
Success       [ratio]                           100.00%
Status Codes  [code:count]                      200:352  
Error Set:
Requests      [total, rate, throughput]         362, 10.03, 10.02
Duration      [total, attack, wait]             36.122s, 36.1s, 21.11ms
Latencies     [min, mean, 50, 90, 95, 99, max]  21.009ms, 21.348ms, 21.33ms, 21.461ms, 21.518ms, 21.694ms, 23.775ms
Bytes In      [total, mean]                     724, 2.00
Bytes Out     [total, mean]                     0, 0.00
Success       [ratio]                           100.00%
Status Codes  [code:count]                      200:362  
Error Set:
Requests      [total, rate, throughput]         372, 10.03, 10.02
Duration      [total, attack, wait]             37.121s, 37.1s, 21.358ms
Latencies     [min, mean, 50, 90, 95, 99, max]  21.009ms, 21.347ms, 21.33ms, 21.458ms, 21.517ms, 21.692ms, 23.775ms
Bytes In      [total, mean]                     744, 2.00
Bytes Out     [total, mean]                     0, 0.00
Success       [ratio]                           100.00%
Status Codes  [code:count]                      200:372  
Error Set:
Requests      [total, rate, throughput]         382, 10.03, 10.02
Duration      [total, attack, wait]             38.122s, 38.1s, 21.405ms
Latencies     [min, mean, 50, 90, 95, 99, max]  21.009ms, 21.346ms, 21.33ms, 21.456ms, 21.515ms, 21.689ms, 23.775ms
Bytes In      [total, mean]                     764, 2.00
Bytes Out     [total, mean]                     0, 0.00
Success       [ratio]                           100.00%
Status Codes  [code:count]                      200:382  
Error Set:
Requests      [total, rate, throughput]         392, 10.03, 10.02
Duration      [total, attack, wait]             39.122s, 39.1s, 21.324ms
Latencies     [min, mean, 50, 90, 95, 99, max]  21.009ms, 21.346ms, 21.33ms, 21.456ms, 21.514ms, 21.687ms, 23.775ms
Bytes In      [total, mean]                     784, 2.00
Bytes Out     [total, mean]                     0, 0.00
Success       [ratio]                           100.00%
Status Codes  [code:count]                      200:392  
Error Set:
Requests      [total, rate, throughput]         402, 10.02, 10.02
Duration      [total, attack, wait]             40.121s, 40.1s, 21.291ms
Latencies     [min, mean, 50, 90, 95, 99, max]  21.009ms, 21.344ms, 21.327ms, 21.455ms, 21.513ms, 21.684ms, 23.775ms
Bytes In      [total, mean]                     804, 2.00
Bytes Out     [total, mean]                     0, 0.00
Success       [ratio]                           100.00%
Status Codes  [code:count]                      200:402  
Error Set:
Requests      [total, rate, throughput]         412, 10.02, 10.02
Duration      [total, attack, wait]             41.122s, 41.1s, 21.201ms
Latencies     [min, mean, 50, 90, 95, 99, max]  21.009ms, 21.342ms, 21.324ms, 21.453ms, 21.512ms, 21.682ms, 23.775ms
Bytes In      [total, mean]                     824, 2.00
Bytes Out     [total, mean]                     0, 0.00
Success       [ratio]                           100.00%
Status Codes  [code:count]                      200:412  
Error Set:
Requests      [total, rate, throughput]         422, 10.02, 10.02
Duration      [total, attack, wait]             42.121s, 42.1s, 21.239ms
Latencies     [min, mean, 50, 90, 95, 99, max]  21.009ms, 21.34ms, 21.323ms, 21.451ms, 21.511ms, 21.68ms, 23.775ms
Bytes In      [total, mean]                     844, 2.00
Bytes Out     [total, mean]                     0, 0.00
Success       [ratio]                           100.00%
Status Codes  [code:count]                      200:422  
Error Set:
Requests      [total, rate, throughput]         432, 10.02, 10.02
Duration      [total, attack, wait]             43.121s, 43.1s, 21.361ms
Latencies     [min, mean, 50, 90, 95, 99, max]  21.009ms, 21.339ms, 21.323ms, 21.449ms, 21.508ms, 21.677ms, 23.775ms
Bytes In      [total, mean]                     864, 2.00
Bytes Out     [total, mean]                     0, 0.00
Success       [ratio]                           100.00%
Status Codes  [code:count]                      200:432  
Error Set:
Requests      [total, rate, throughput]         442, 10.02, 10.02
Duration      [total, attack, wait]             44.121s, 44.1s, 21.446ms
Latencies     [min, mean, 50, 90, 95, 99, max]  21.009ms, 21.339ms, 21.323ms, 21.449ms, 21.511ms, 21.675ms, 23.775ms
Bytes In      [total, mean]                     884, 2.00
Bytes Out     [total, mean]                     0, 0.00
Success       [ratio]                           100.00%
Status Codes  [code:count]                      200:442  
Error Set:
Requests      [total, rate, throughput]         452, 10.02, 10.02
Duration      [total, attack, wait]             45.121s, 45.1s, 21.317ms
Latencies     [min, mean, 50, 90, 95, 99, max]  21.009ms, 21.339ms, 21.323ms, 21.448ms, 21.508ms, 21.673ms, 23.775ms
Bytes In      [total, mean]                     904, 2.00
Bytes Out     [total, mean]                     0, 0.00
Success       [ratio]                           100.00%
Status Codes  [code:count]                      200:452  
Error Set:
Requests      [total, rate, throughput]         462, 10.02, 10.02
Duration      [total, attack, wait]             46.122s, 46.1s, 21.414ms
Latencies     [min, mean, 50, 90, 95, 99, max]  21.009ms, 21.342ms, 21.325ms, 21.451ms, 21.513ms, 21.694ms, 23.775ms
Bytes In      [total, mean]                     924, 2.00
Bytes Out     [total, mean]                     0, 0.00
Success       [ratio]                           100.00%
Status Codes  [code:count]                      200:462  
Error Set:
Requests      [total, rate, throughput]         472, 10.02, 10.02
Duration      [total, attack, wait]             47.121s, 47.1s, 21.184ms
Latencies     [min, mean, 50, 90, 95, 99, max]  21.009ms, 21.342ms, 21.326ms, 21.453ms, 21.511ms, 21.692ms, 23.775ms
Bytes In      [total, mean]                     944, 2.00
Bytes Out     [total, mean]                     0, 0.00
Success       [ratio]                           100.00%
Status Codes  [code:count]                      200:472  
Error Set:
Requests      [total, rate, throughput]         482, 10.02, 10.02
Duration      [total, attack, wait]             48.121s, 48.099s, 21.276ms
Latencies     [min, mean, 50, 90, 95, 99, max]  21.009ms, 21.341ms, 21.325ms, 21.451ms, 21.509ms, 21.689ms, 23.775ms
Bytes In      [total, mean]                     964, 2.00
Bytes Out     [total, mean]                     0, 0.00
Success       [ratio]                           100.00%
Status Codes  [code:count]                      200:482  
Error Set:
Requests      [total, rate, throughput]         492, 10.02, 10.02
Duration      [total, attack, wait]             49.122s, 49.1s, 21.286ms
Latencies     [min, mean, 50, 90, 95, 99, max]  21.009ms, 21.34ms, 21.324ms, 21.449ms, 21.508ms, 21.687ms, 23.775ms
Bytes In      [total, mean]                     984, 2.00
Bytes Out     [total, mean]                     0, 0.00
Success       [ratio]                           100.00%
Status Codes  [code:count]                      200:492  
Error Set:
Requests      [total, rate, throughput]         502, 10.02, 10.02
Duration      [total, attack, wait]             50.121s, 50.1s, 21.244ms
Latencies     [min, mean, 50, 90, 95, 99, max]  21.009ms, 21.339ms, 21.323ms, 21.448ms, 21.507ms, 21.684ms, 23.775ms
Bytes In      [total, mean]                     1004, 2.00
Bytes Out     [total, mean]                     0, 0.00
Success       [ratio]                           100.00%
Status Codes  [code:count]                      200:502  
Error Set:
Requests      [total, rate, throughput]         512, 10.02, 10.02
Duration      [total, attack, wait]             51.121s, 51.1s, 21.344ms
Latencies     [min, mean, 50, 90, 95, 99, max]  21.009ms, 21.337ms, 21.321ms, 21.448ms, 21.506ms, 21.682ms, 23.775ms
Bytes In      [total, mean]                     1024, 2.00
Bytes Out     [total, mean]                     0, 0.00
Success       [ratio]                           100.00%
Status Codes  [code:count]                      200:512  
Error Set:
Requests      [total, rate, throughput]         522, 10.02, 10.02
Duration      [total, attack, wait]             52.121s, 52.099s, 21.258ms
Latencies     [min, mean, 50, 90, 95, 99, max]  21.009ms, 21.335ms, 21.32ms, 21.447ms, 21.505ms, 21.68ms, 23.775ms
Bytes In      [total, mean]                     1044, 2.00
Bytes Out     [total, mean]                     0, 0.00
Success       [ratio]                           100.00%
Status Codes  [code:count]                      200:522  
Error Set:
Requests      [total, rate, throughput]         532, 10.02, 10.01
Duration      [total, attack, wait]             53.121s, 53.1s, 21.358ms
Latencies     [min, mean, 50, 90, 95, 99, max]  21.009ms, 21.335ms, 21.319ms, 21.447ms, 21.504ms, 21.677ms, 23.775ms
Bytes In      [total, mean]                     1064, 2.00
Bytes Out     [total, mean]                     0, 0.00
Success       [ratio]                           100.00%
Status Codes  [code:count]                      200:532  
Error Set:
Requests      [total, rate, throughput]         542, 10.02, 10.01
Duration      [total, attack, wait]             54.121s, 54.1s, 21.297ms
Latencies     [min, mean, 50, 90, 95, 99, max]  21.009ms, 21.334ms, 21.318ms, 21.447ms, 21.503ms, 21.675ms, 23.775ms
Bytes In      [total, mean]                     1084, 2.00
Bytes Out     [total, mean]                     0, 0.00
Success       [ratio]                           100.00%
Status Codes  [code:count]                      200:542  
Error Set:
Requests      [total, rate, throughput]         552, 10.02, 10.01
Duration      [total, attack, wait]             55.121s, 55.099s, 21.24ms
Latencies     [min, mean, 50, 90, 95, 99, max]  21.009ms, 21.332ms, 21.316ms, 21.446ms, 21.502ms, 21.673ms, 23.775ms
Bytes In      [total, mean]                     1104, 2.00
Bytes Out     [total, mean]                     0, 0.00
Success       [ratio]                           100.00%
Status Codes  [code:count]                      200:552  
Error Set:
Requests      [total, rate, throughput]         562, 10.02, 10.01
Duration      [total, attack, wait]             56.121s, 56.1s, 21.231ms
Latencies     [min, mean, 50, 90, 95, 99, max]  21.009ms, 21.331ms, 21.315ms, 21.445ms, 21.501ms, 21.672ms, 23.775ms
Bytes In      [total, mean]                     1124, 2.00
Bytes Out     [total, mean]                     0, 0.00
Success       [ratio]                           100.00%
Status Codes  [code:count]                      200:562  
Error Set:
Requests      [total, rate, throughput]         572, 10.02, 10.01
Duration      [total, attack, wait]             57.121s, 57.1s, 21.396ms
Latencies     [min, mean, 50, 90, 95, 99, max]  21.009ms, 21.33ms, 21.315ms, 21.444ms, 21.501ms, 21.672ms, 23.775ms
Bytes In      [total, mean]                     1144, 2.00
Bytes Out     [total, mean]                     0, 0.00
Success       [ratio]                           100.00%
Status Codes  [code:count]                      200:572  
Error Set:
Requests      [total, rate, throughput]         582, 10.02, 10.01
Duration      [total, attack, wait]             58.122s, 58.1s, 21.264ms
Latencies     [min, mean, 50, 90, 95, 99, max]  21.009ms, 21.329ms, 21.314ms, 21.444ms, 21.5ms, 21.672ms, 23.775ms
Bytes In      [total, mean]                     1164, 2.00
Bytes Out     [total, mean]                     0, 0.00
Success       [ratio]                           100.00%
Status Codes  [code:count]                      200:582  
Error Set:
Requests      [total, rate, throughput]         592, 10.02, 10.01
Duration      [total, attack, wait]             59.121s, 59.1s, 21.22ms
Latencies     [min, mean, 50, 90, 95, 99, max]  21.009ms, 21.329ms, 21.313ms, 21.443ms, 21.5ms, 21.668ms, 23.775ms
Bytes In      [total, mean]                     1184, 2.00
Bytes Out     [total, mean]                     0, 0.00
Success       [ratio]                           100.00%
Status Codes  [code:count]                      200:592  
Error Set:
Requests      [total, rate, throughput]         600, 10.02, 10.01
Duration      [total, attack, wait]             59.922s, 59.901s, 21.199ms
Latencies     [min, mean, 50, 90, 95, 99, max]  21.009ms, 21.328ms, 21.311ms, 21.442ms, 21.5ms, 21.667ms, 23.775ms
Bytes In      [total, mean]                     1200, 2.00
Bytes Out     [total, mean]                     0, 0.00
Success       [ratio]                           100.00%
Status Codes  [code:count]                      200:600  
Error Set:
