3.002653 555.555556 1631 543.186368 17.381964
3.000212 555.555556 1652 550.627716 17.620087
3.000901 555.555556 1620 539.837819 17.274810
3.001516 555.555556 1699 566.047325 18.113514
3.001292 555.555556 1696 565.090057 18.082882
3.001060 555.555556 1683 560.801869 17.945660
3.001841 555.555556 1577 525.344236 16.811016
3.003164 555.555556 1622 540.097082 17.283107
3.000874 555.555556 1700 566.501556 18.128050
3.000386 555.555556 1648 549.262645 17.576405
3.004436 555.555556 1637 544.860991 17.435552
3.001868 555.555556 1611 536.665818 17.173306
3.000025 555.555556 1692 563.995376 18.047852
3.000725 555.555556 1639 546.201418 17.478445
3.003152 555.555556 1734 577.393416 18.476589
3.000231 555.555556 1709 569.622823 18.227930
3.001675 555.555556 1605 534.701442 17.110446
3.004732 555.555556 1621 539.482355 17.263435
3.000873 555.555556 1666 555.171701 17.765494
3.004276 555.555556 1588 528.579880 16.914556
3.005216 555.555556 1626 541.059359 17.313899
3.001358 555.555556 1734 577.738388 18.487628
3.000169 555.555556 1655 551.635673 17.652342
3.015626 555.555556 1620 537.201849 17.190459
3.001171 555.555556 1676 558.448621 17.870356
3.001321 555.555556 1704 567.749918 18.167997
3.000110 555.555556 1617 538.980260 17.247368
3.000071 555.555556 1757 585.652800 18.740890
3.001181 555.555556 1638 545.785198 17.465126
3.000582 555.555556 1677 558.891642 17.884533
3.000769 555.555556 1701 566.854747 18.139352
3.000294 555.555556 1764 587.942333 18.814155
6.002177 555.555556 1648 548.948054 17.566338
6.002881 555.555556 1644 547.504955 17.520159
6.003842 555.555556 1695 564.320755 18.058264
6.000994 555.555556 1664 554.487565 17.743602
6.001908 555.555556 1667 555.552579 17.777683
6.007329 555.555556 1627 541.049901 17.313597
6.005182 555.555556 1730 575.811127 18.425956
6.001934 555.555556 1679 559.524343 17.904779
6.003138 555.555556 1577 525.270325 16.808650
6.001875 555.555556 1633 544.185539 17.413937
6.003467 555.555556 1539 512.666607 16.405331
6.003460 555.555556 1718 572.265839 18.312507
6.004486 555.555556 1679 559.178682 17.893718
6.001076 555.555556 1605 534.968854 17.119003
6.003322 555.555556 1658 552.543463 17.681391
6.004294 555.555556 1702 567.117405 18.147757
6.003069 555.555556 1658 552.410004 17.677120
6.002651 555.555556 1665 554.754177 17.752134
6.001931 555.555556 1680 559.983253 17.919464
6.003951 555.555556 1611 536.449618 17.166388
6.005112 555.555556 1716 571.840782 18.298905
6.006345 555.555556 1626 541.655290 17.332969
6.000706 555.555556 1760 586.604179 18.771334
6.003872 555.555556 1729 576.197299 18.438314
6.004886 555.555556 1691 563.637838 18.036411
6.001082 555.555556 1592 530.494695 16.975830
6.003662 555.555556 1627 541.885123 17.340324
6.007105 555.555556 1680 559.647476 17.908719
6.001860 555.555556 1578 525.776040 16.824833
6.018852 555.555556 1608 535.424308 17.133578
6.001523 555.555556 1660 553.194169 17.702213
6.000617 555.555556 1625 541.608328 17.331466
9.001542 555.555556 1736 578.576725 18.514455
9.006376 555.555556 1716 571.149379 18.276780
9.003468 555.555556 1666 554.875582 17.756019
9.005178 555.555556 1688 562.058395 17.985869
9.005095 555.555556 1647 548.411258 17.549160
9.005997 555.555556 1681 560.015426 17.920494
9.008652 555.555556 1597 531.718342 17.014987
9.006659 555.555556 1632 543.606202 17.395398
9.007821 555.555556 1639 545.515201 17.456486
9.005218 555.555556 1589 529.356451 16.939406
9.003362 555.555556 1633 544.246029 17.415873
9.003845 555.555556 1626 541.872234 17.339911
9.002998 555.555556 1743 580.794138 18.585412
9.004411 555.555556 1741 580.244378 18.567820
9.005493 555.555556 1655 551.368680 17.643798
9.003433 555.555556 1685 561.598578 17.971154
9.004121 555.555556 1595 531.617136 17.011748
9.004895 555.555556 1659 552.736830 17.687579
9.001207 555.555556 1590 529.911404 16.957165
9.003537 555.555556 1784 594.397026 19.020705
9.005548 555.555556 1741 580.205313 18.566570
9.008451 555.555556 1718 572.029870 18.304956
9.009372 555.555556 1713 570.611267 18.259561
9.006495 555.555556 1660 553.305736 17.705784
9.006414 555.555556 1610 535.714517 17.142865
9.003764 555.555556 1617 538.800015 17.241600
9.004381 555.555556 1632 543.869758 17.403832
9.003442 555.555556 1679 559.371666 17.899893
9.012526 555.555556 1702 566.310066 18.121922
9.002558 555.555556 1718 572.469175 18.319014
9.019032 555.555556 1707 568.965929 18.206910
9.012164 555.555556 1600 531.288416 17.001229
12.009440 555.555556 1623 540.181726 17.285815
12.003995 555.555556 1670 556.549244 17.809576
12.005452 555.555556 1717 572.280901 18.312989
12.005391 555.555556 1651 549.974278 17.599177
12.003317 555.555556 1588 529.020378 16.928652
12.003273 555.555556 1733 577.269211 18.472615
12.009068 555.555556 1712 569.997840 18.239931
12.007024 555.555556 1655 551.026263 17.632840
12.006223 555.555556 1745 581.259466 18.600303
12.011856 555.555556 1643 547.082297 17.506634
12.003920 555.555556 1684 561.319337 17.962219
12.003941 555.555556 1649 549.580131 17.586564
12.010653 555.555556 1772 590.414532 18.893265
12.016338 555.555556 1631 541.867229 17.339751
12.005327 555.555556 1636 545.291264 17.449320
12.013201 555.555556 1732 575.376356 18.412043
12.007410 555.555556 1633 543.985872 17.407548
12.006957 555.555556 1735 578.275927 18.504830
12.008200 555.555556 1660 553.263441 17.704430
12.010138 555.555556 1609 535.682763 17.141848
12.008588 555.555556 1656 551.523641 17.648757
12.004904 555.555556 1667 555.575398 17.778413
12.003766 555.555556 1664 554.666279 17.749321
12.008594 555.555556 1597 531.734946 17.015518
12.005590 555.555556 1707 568.770764 18.200664
12.009333 555.555556 1593 530.844050 16.987010
12.008401 555.555556 1736 578.283650 18.505077
12.003694 555.555556 1658 552.620183 17.683846
12.015470 555.555556 1619 539.137521 17.252401
12.003537 555.555556 1670 556.485179 17.807526
12.019454 555.555556 1665 554.921925 17.757502
12.012462 555.555556 1684 561.277675 17.960886
15.006576 555.555556 1638 545.772780 17.464729
15.004565 555.555556 1708 569.096645 18.211093
15.008949 555.555556 1719 572.041030 18.305313
15.010582 555.555556 1681 559.095619 17.891060
15.006650 555.555556 1662 553.767677 17.720566
15.013302 555.555556 1671 556.508609 17.808275
15.012679 555.555556 1733 577.508217 18.480263
15.005841 555.555556 1655 551.595176 17.651046
15.006564 555.555556 1592 530.606410 16.979405
15.012264 555.555556 1654 550.359840 17.611515
15.004733 555.555556 1583 527.536937 16.881182
15.011939 555.555556 1636 544.879322 17.436138
15.013650 555.555556 1729 575.362562 18.411602
15.004818 555.555556 1713 570.705998 18.262592
15.016170 555.555556 1561 519.289342 16.617259
15.009263 555.555556 1678 559.135139 17.892324
15.007093 555.555556 1698 565.373067 18.091938
15.009970 555.555556 1671 556.832490 17.818640
15.009978 555.555556 1600 532.877046 17.052065
15.013297 555.555556 1594 529.850985 16.955232
15.007292 555.555556 1687 561.659708 17.973111
15.007375 555.555556 1675 558.267977 17.864575
15.006966 555.555556 1725 574.736287 18.391561
15.018452 555.555556 1630 542.384058 17.356290
15.011366 555.555556 1654 550.789104 17.625251
15.011171 555.555556 1646 548.330558 17.546578
15.009463 555.555556 1685 561.504031 17.968129
15.017450 555.555556 1659 552.635318 17.684330
15.016703 555.555556 1694 564.597927 18.067134
15.006728 555.555556 1667 555.076226 17.762439
15.019638 555.555556 1672 557.298994 17.833568
15.013396 555.555556 1671 556.826599 17.818451
18.007439 555.555556 1713 570.835773 18.266745
18.004944 555.555556 1642 547.264095 17.512451
18.005855 555.555556 1658 552.460127 17.678724
18.011123 555.555556 1634 544.329282 17.418537
18.012395 555.555556 1634 544.228316 17.415306
18.006865 555.555556 1655 551.627171 17.652069
18.010259 555.555556 1606 534.674807 17.109594
18.006808 555.555556 1643 547.490316 17.519690
18.009179 555.555556 1603 534.012305 17.088394
18.009250 555.555556 1588 529.280232 16.936967
18.005005 555.555556 1668 555.965303 17.790890
18.013798 555.555556 1685 561.379575 17.964146
18.012654 555.555556 1747 581.812817 18.618010
18.007298 555.555556 1630 543.296157 17.385477
18.012070 555.555556 1663 554.309170 17.737893
18.020268 555.555556 1628 541.472221 17.327111
18.010825 555.555556 1701 566.742720 18.135767
18.010738 555.555556 1674 557.970963 17.855071
18.011488 555.555556 1681 559.490051 17.903682
18.014370 555.555556 1598 532.366594 17.035731
18.012700 555.555556 1756 585.035220 18.721127
18.014578 555.555556 1645 548.100355 17.539211
18.007336 555.555556 1735 578.324905 18.506397
18.016750 555.555556 1712 570.556263 18.257800
18.014034 555.555556 1707 568.860262 18.203528
18.019386 555.555556 1637 545.496887 17.455900
18.012044 555.555556 1619 539.544590 17.265427
18.023861 555.555556 1644 546.831491 17.498608
18.016953 555.555556 1665 554.953760 17.758520
18.020203 555.555556 1665 554.895619 17.756660
18.006984 555.555556 1583 527.621608 16.883891
18.014808 555.555556 1732 577.061676 18.465974
21.018549 555.555556 1660 552.458335 17.678667
21.006710 555.555556 1682 560.336800 17.930778
21.010277 555.555556 1679 559.020169 17.888645
21.007452 555.555556 1632 543.997643 17.407925
21.008624 555.555556 1660 553.008993 17.696288
21.015564 555.555556 1671 555.469499 17.775024
21.008849 555.555556 1668 555.288540 17.769233
21.006076 555.555556 1652 550.625968 17.620031
21.011650 555.555556 1573 524.241206 16.775719
21.015572 555.555556 1739 579.474596 18.543187
21.012719 555.555556 1669 555.877529 17.788081
21.009367 555.555556 1724 574.644258 18.388616
21.012792 555.555556 1708 568.943811 18.206202
21.012617 555.555556 1669 556.231994 17.799424
21.011748 555.555556 1649 549.497473 17.583919
21.013910 555.555556 1638 545.660605 17.461139
21.013339 555.555556 1604 534.498441 17.103950
21.013888 555.555556 1577 525.450474 16.814415
21.009557 555.555556 1690 563.262248 18.024392
21.014746 555.555556 1691 563.596097 18.035075
21.013780 555.555556 1710 569.794863 18.233436
21.024112 555.555556 1654 549.983677 17.599478
21.007437 555.555556 1667 555.647826 17.780730
21.018023 555.555556 1730 575.900932 18.428830
21.018238 555.555556 1681 560.093452 17.922990
21.013362 555.555556 1638 545.659131 17.461092
21.021265 555.555556 1702 567.144691 18.148630
21.025136 555.555556 1691 562.741341 18.007723
21.019634 555.555556 1652 550.621137 17.619876
21.026296 555.555556 1707 568.538494 18.193232
21.007806 555.555556 1663 554.181469 17.733807
21.016695 555.555556 1719 572.639938 18.324478
24.007868 555.555556 1702 567.114453 18.147663
24.010934 555.555556 1629 542.881076 17.372194
24.006982 555.555556 1676 558.498147 17.871941
24.011586 555.555556 1743 580.200485 18.566416
24.009591 555.555556 1671 556.993754 17.823800
24.014119 555.555556 1552 516.387586 16.524403
24.010084 555.555556 1676 558.533324 17.873066
24.014022 555.555556 1677 558.770888 17.880668
24.013517 555.555556 1694 564.516384 18.064524
24.014819 555.555556 1671 556.412261 17.805192
24.012797 555.555556 1657 552.300139 17.673604
24.015278 555.555556 1622 540.416380 17.293324
24.010636 555.555556 1712 570.327034 18.250465
24.012163 555.555556 1707 568.921318 18.205482
24.019105 555.555556 1699 565.246934 18.087902
24.019413 555.555556 1666 554.623247 17.747944
24.018059 555.555556 1655 551.058020 17.633857
24.008304 555.555556 1728 575.833737 18.426680
24.013874 555.555556 1615 538.316423 17.226126
24.019653 555.555556 1711 570.123514 18.243952
24.013368 555.555556 1664 554.665627 17.749300
24.017630 555.555556 1685 560.971126 17.951076
24.020160 555.555556 1635 544.651106 17.428835
24.015920 555.555556 1715 571.598968 18.291167
24.022781 555.555556 1711 569.430247 18.221768
24.020549 555.555556 1661 553.497730 17.711927
24.023409 555.555556 1725 574.589462 18.386863
24.024439 555.555556 1616 538.607989 17.235456
24.028417 555.555556 1660 552.942399 17.694157
24.026670 555.555556 1612 537.058592 17.185875
24.014235 555.555556 1630 542.171493 17.349488
24.018932 555.555556 1769 589.227285 18.855273
27.008640 555.555556 1628 542.527084 17.360867
27.011408 555.555556 1676 558.578421 17.874509
27.015809 555.555556 1616 538.488909 17.231645
27.014382 555.555556 1616 538.619399 17.235821
27.007871 555.555556 1718 572.496887 18.319900
27.017016 555.555556 1712 569.635501 18.228336
27.010457 555.555556 1670 556.597446 17.811118
27.013061 555.555556 1757 584.990071 18.719682
27.009149 555.555556 1680 559.842320 17.914954
27.018520 555.555556 1687 561.397172 17.964710
27.012356 555.555556 1673 557.346978 17.835103
27.018252 555.555556 1687 561.312623 17.962004
27.012416 555.555556 1742 580.617849 18.579771
27.015566 555.555556 1630 543.281163 17.384997
27.014169 555.555556 1650 549.946014 17.598272
27.014228 555.555556 1632 543.962696 17.406806
27.025542 555.555556 1649 548.299103 17.545571
27.026115 555.555556 1582 526.200017 16.838401
27.016798 555.555556 1675 557.695569 17.846258
27.025028 555.555556 1580 526.563229 16.850023
27.019291 555.555556 1732 577.013847 18.464443
27.019709 555.555556 1682 560.611250 17.939560
27.022033 555.555556 1582 527.004187 16.864134
27.019682 555.555556 1626 541.321153 17.322277
27.020720 555.555556 1642 547.038750 17.505240
27.021291 555.555556 1697 565.526920 18.096861
27.038760 555.555556 1581 524.317113 16.778148
27.024471 555.555556 1751 583.337977 18.666815
27.016375 555.555556 1633 543.945392 17.406253
27.028369 555.555556 1663 554.019697 17.728630
27.031554 555.555556 1740 579.394197 18.540614
27.019481 555.555556 1695 564.896604 18.076691
#type       avg     std     min     5th    10th    90th    95th    99th
read      103.4    34.3    60.2    76.5    80.3   138.7   156.3   198.9
update    107.7    35.6    60.2    80.7    82.9   143.3   163.6   204.5
op_q        1.1     0.3     1.0     1.0     1.0     1.1     2.0     2.1

Total QPS = 39934.9 (1198048 / 30.0s)

Misses = 0 (0.0%)
Skipped TXs = 0 (0.0%)

RX  207461153 bytes :    6.6 MB/s
TX  132464142 bytes :    4.2 MB/s
