3.000027 11305.573504
3.000121 11138.092341
3.000008 11231.078066
3.000037 11589.562105
3.000037 11756.643469
3.000016 11802.209015
3.000023 12201.869142
3.000012 11351.553238
3.000123 11969.867857
3.000068 11884.127315
3.000014 12062.211740
3.000154 11815.080540
3.000042 11776.939477
3.000006 11789.020176
3.000004 11862.985681
3.000000 11853.425341
3.000012 12648.368427
3.000026 11739.307477
3.000003 11748.992121
3.000026 11613.837011
3.000013 11785.980940
3.000065 12697.769915
3.000216 12011.667604
3.000023 11979.571672
3.000017 11994.990947
3.000002 12220.302964
3.000043 12312.589642
3.000053 11873.188175
3.000051 12667.669681
3.000017 12226.604354
3.000037 12414.444814
3.000023 12102.300215
6.000055 11599.567416
6.000027 11712.252631
6.000040 11606.749216
6.000146 11526.794238
6.000047 11826.564760
6.000092 11874.568324
6.000072 11991.665982
6.000044 11718.410401
6.000045 11659.003332
6.000185 11993.980066
6.000034 12221.440395
6.000030 11955.406275
6.000281 11496.264355
6.000019 11919.050786
6.000045 12080.840639
6.000071 11911.721514
6.000018 11895.936829
6.000101 12117.923930
6.000440 12008.699708
6.000101 12223.855925
6.000053 11584.566152
6.000049 12189.328829
6.000014 12144.662988
6.000090 12540.235468
6.000062 12358.153559
6.000066 11941.242566
6.000030 12316.482311
6.000098 12061.948027
6.000021 12308.716398
6.000065 12010.643527
6.000062 12149.838836
6.000259 12288.612842
9.000042 11761.532570
9.000152 11477.730454
9.000057 11733.865246
9.000059 11533.778626
9.000130 12065.890188
9.000093 11742.281514
9.000080 11967.982932
9.000051 11924.624265
9.000219 11978.491022
9.000060 11930.443274
9.000364 11768.033313
9.000047 11852.224386
9.000062 12124.635562
9.000023 11928.000905
9.000074 12123.111422
9.000440 12147.841856
9.000124 12025.546685
9.000092 11935.810665
9.000104 12084.594326
9.000212 12098.068411
9.000063 12057.663775
9.000046 11911.342465
9.000060 12077.928185
9.000070 12060.918229
9.000041 12172.982272
9.000089 11897.301453
9.000108 12363.058106
9.000098 11834.582958
9.000033 12188.959071
9.000076 11922.516279
9.000072 12062.220827
9.000269 12010.945903
12.000232 11652.777921
12.000051 11865.686242
12.000220 11849.428300
12.000105 11860.106850
12.000064 11849.543768
12.000132 11975.567937
12.000087 11962.189756
12.000067 11932.390331
12.000120 11916.719867
12.000084 11941.224876
12.000136 12103.349283
12.000254 11997.333009
12.000063 11989.229771
12.000161 12047.610211
12.000394 11990.729799
12.000108 12028.955418
12.000088 11932.043106
12.000125 12029.901145
12.000109 12019.526628
12.000063 11950.515489
12.000101 11848.727390
12.000093 11963.588980
12.000038 12058.769426
12.000339 11926.252962
12.000445 12054.467336
12.000222 12302.830147
12.000110 11971.043064
12.000117 12097.461324
12.000112 12006.642557
12.000064 12112.499131
12.000133 12271.025012
12.000094 12028.802835
#type       avg     std     min     5th    10th    90th    95th    99th
read     7189.7  1610.8  1271.9  5018.2  5352.0  9194.4 10090.0 11952.8
update   7125.4  1606.9  1271.9  4985.0  5322.1  9109.1 10016.3 11865.8
op_q      128.0     1.1     1.0   118.0   118.6   128.0   128.5   129.0

Total QPS = 1770752.1 (53122580 / 30.0s)

Misses = 0 (0.0%)
Skipped TXs = 0 (0.0%)

RX 9091297070 bytes :  289.0 MB/s
TX 5855575440 bytes :  186.1 MB/s
