timestamp,cache_misses,cpu_cycles,instructions,ref_cpu_cycles,rx_bytes,rx_packets
0.0,6618655723.714046,29883267875037.047,8430249035911.185,42859139529615.7,222109827.0,1504091.0
0.9996538162231445,6621159236.566882,29889246581606.453,8434117122379.629,42864954444845.266,222427434.0,1506379.0
1.9999713897705078,6623359281.809482,29894235239348.89,8436862944189.86,42870201749398.55,222750894.0,1508651.0
3.000011682510376,6625267719.766834,29898617634428.684,8438911735413.919,42875047893142.61,223075652.0,1510892.0
4.000155925750732,6627050270.199339,29902615538800.906,8440745751736.708,42879499815980.62,223359798.0,1512796.0
5.000625133514404,6628449993.622959,29906281089205.297,8442240733608.204,42883842667930.52,223613577.0,1514563.0
6.000866889953613,6629626242.676623,29910225500926.777,8443595322057.524,42888437859613.73,223881997.0,1516424.0
7.000711441040039,6630750647.776684,29914169451606.65,8444919530567.144,42893151311340.93,224146806.0,1518294.0
8.000664234161377,6631846532.969077,29918365171576.387,8446422085149.191,42897939407215.6,224445669.0,1520398.0
9.001351833343506,6633350451.573757,29922857518709.094,8448228434961.432,42902963972257.82,224871234.0,1523308.0
10.000789642333984,6635297778.213273,29927878565966.39,8450625585185.249,42908433942894.555,225316379.0,1526426.0
11.000945568084717,6638101614.363134,29933575884774.406,8453883665882.024,42914419792093.84,225824676.0,1529915.0
12.000919580459595,6641051401.858051,29940140057045.375,8457854415209.126,42920966366322.47,226309991.0,1533309.0
13.001036167144775,6643051976.367951,29945966511942.766,8460967867682.505,42926911410327.03,226890449.0,1537296.0
14.001278400421143,6644307818.584316,29951319429908.215,8463669389924.353,42932593030247.85,227493117.0,1541485.0
15.001310110092163,6645159455.841979,29956185890428.79,8466088451479.439,42937994526649.84,228138141.0,1545952.0
16.00134015083313,6646301597.068698,29961238391304.246,8468751050554.574,42943689007812.59,228820052.0,1550728.0
17.00132465362549,6648585316.015556,29966733628410.832,8471489471313.785,42949441863442.85,229556494.0,1555860.0
18.00147795677185,6650701946.960859,29972328907361.273,8474416122345.8,42955352623421.055,230311232.0,1561078.0
19.0015971660614,6653185661.235328,29978257432063.05,8477415620822.84,42961608344343.74,231064876.0,1566257.0
20.001811504364014,6655621707.435656,29984057572750.242,8480365353253.779,42967772977237.42,231820812.0,1571486.0
21.00172448158264,6657824313.886203,29989796849191.16,8483224981301.291,42973767471250.15,232537333.0,1576314.0
22.002176761627197,6661613419.948963,29997132401997.523,8487532276909.646,42980890200665.38,233275491.0,1581505.0
23.002094268798828,6664710401.1088915,30003683421889.652,8491121774123.982,42987435555570.414,233966779.0,1586396.0
24.00203537940979,6667345957.090736,30009302526553.137,8493971222808.277,42993425788305.92,234732613.0,1591659.0
25.002118587493896,6670137661.758796,30015026389753.13,8496967501754.179,42999645986648.87,235487231.0,1596849.0
26.0022931098938,6672747374.543171,30020924288298.1,8499850524780.877,43005639502678.07,236234043.0,1602021.0
27.002387046813965,6675182241.408416,30026423193822.617,8502607873414.724,43011523700823.15,237010307.0,1607415.0
28.002450942993164,6676935094.621043,30032199293308.875,8505473601887.092,43017525210290.61,237805867.0,1612935.0
29.002472162246704,6679241802.796548,30038105324046.64,8508485877017.073,43023847388009.62,238617817.0,1618586.0
30.00307273864746,6681989206.147815,30044197208672.137,8511590306191.488,43030210724778.555,239471112.0,1624422.0
31.002767324447632,6685061428.463245,30050324442573.574,8514830410220.626,43036739262778.53,240326802.0,1630514.0
32.00288653373718,6687695095.224643,30057020912761.375,8518250294529.5625,43043456326961.86,241291657.0,1637159.0
33.00285005569458,6693013374.712523,30065873950743.816,8523562188503.86,43052024661095.695,242309822.0,1644084.0
34.00302982330322,6697679434.768911,30073616480751.535,8528137269151.367,43060045633044.12,243300990.0,1650985.0
35.00304198265076,6700526895.81332,30081390665116.832,8533695191683.732,43067633710481.41,244290156.0,1657845.0
36.00324511528015,6703184655.830431,30088373941658.688,8537337058984.915,43074603779089.81,245307271.0,1664843.0
37.003368616104126,6706254458.283437,30095146906085.797,8540937716028.999,43081509828388.445,246310942.0,1671757.0
38.00336265563965,6708970926.656839,30102100079482.89,8544555161443.533,43088552782868.03,247288424.0,1678330.0
39.0041286945343,6712829185.290043,30109510112083.355,8548414193274.165,43095972689691.945,248243355.0,1684871.0
40.00353741645813,6715864300.832105,30116228343088.008,8551951751438.075,43102977353096.445,249074846.0,1690614.0
41.00417232513428,6718255143.813069,30122353209166.81,8555128049230.595,43109219265641.29,249839357.0,1695920.0
42.00379276275635,6720442381.320323,30128053213371.305,8557994386373.549,43115097333285.5,250501218.0,1700403.0
43.00392150878906,6723771822.077562,30134883578501.082,8561972126550.508,43121859684907.23,251069078.0,1704269.0
44.00417447090149,6726071703.079189,30140525848781.83,8564897240966.394,43127547626494.984,251544797.0,1707615.0
45.004181146621704,6728063732.9659195,30145240978113.66,8567150163331.895,43132628969182.84,251946222.0,1710433.0
46.00470685958862,6729637586.041673,30149566578385.5,8569112009389.646,43137403979280.42,252338913.0,1713129.0
47.00446581840515,6730962357.731545,30153384539202.406,8570746091720.986,43141903745108.664,252660454.0,1715385.0
48.00441527366638,6732174770.441033,30157263461360.918,8572355579086.24,43146352846087.234,252960924.0,1717480.0
49.00453996658325,6733523533.203445,30160887334494.258,8573884319248.593,43150723825913.46,253212797.0,1719319.0
50.004833936691284,6734770671.389543,30164446786205.062,8575270300640.836,43155089902900.62,253495300.0,1721278.0
51.00491976737976,6736344776.914741,30168076909698.973,8576688688818.878,43159511796792.13,253809138.0,1723388.0
52.005321741104126,6737774794.02938,30172141440067.31,8578336655620.694,43164335237345.695,254245259.0,1726290.0
53.005433320999146,6740220633.659127,30177753167776.152,8581098612630.494,43170050920148.96,254675816.0,1729250.0
54.005109786987305,6742170217.5060215,30183038161234.48,8583833722250.862,43175474285276.64,255127461.0,1732293.0
55.005162477493286,6743743317.157889,30187505344794.777,8586058031448.978,43180400766960.02,255627325.0,1735765.0
56.00542187690735,6745298298.116686,30192213504202.117,8588349445199.244,43185695195276.805,256206913.0,1739670.0
57.0059552192688,6747207690.471327,30197075418280.94,8590538600703.915,43190930947334.98,256814424.0,1743882.0
58.00581645965576,6748828215.277239,30201932146254.285,8592812737420.227,43196180281113.26,257471749.0,1748391.0
59.00570583343506,6751170681.608918,30206990512547.543,8595321116087.293,43201926571349.35,258159748.0,1753197.0
60.005619049072266,6753376506.768049,30212658149308.52,8598180913776.227,43207953753199.53,258883415.0,1758268.0
61.00568246841431,6755950141.801404,30218480293023.68,8601157791063.561,43214072316044.43,259639357.0,1763566.0
62.006014823913574,6758671642.205931,30224474890549.707,8604216171940.031,43220364104211.07,260396975.0,1768747.0
63.006030559539795,6761265312.485952,30229887173476.855,8606980451539.591,43226230782432.0,261154889.0,1773925.0
64.00609540939331,6765895796.369668,30237232602048.637,8611203103730.852,43233469637878.19,261931510.0,1779238.0
65.00640106201172,6768837678.349627,30243929685107.46,8615049968819.339,43240263433450.21,262702912.0,1784710.0
66.00639247894287,6771927318.864443,30249775391005.65,8618146383008.123,43246558040442.65,263527948.0,1790403.0
67.00655388832092,6774423304.681141,30255728179280.18,8621237115005.839,43252856824681.05,264330107.0,1796020.0
68.00648260116577,6776773294.027652,30261675673240.785,8624366182362.797,43259210024269.12,265138677.0,1801714.0
69.00661373138428,6780370325.000144,30269268404459.78,8628867831510.095,43266589943566.04,265915820.0,1807090.0
70.00682663917542,6783073188.616486,30276275006944.977,8632868590830.111,43273568645128.484,266709876.0,1812636.0
71.00677132606506,6785138998.508307,30282304906267.613,8635972397359.413,43279783562834.664,267536681.0,1818358.0
72.0070104598999,6788826915.274882,30288242082760.766,8639183039058.662,43286261232075.53,268376772.0,1824187.0
73.00695562362671,6791697434.714347,30294390278789.297,8642389763345.75,43292742348817.164,269289266.0,1830452.0
74.00772380828857,6795259562.28206,30301456662770.332,8646362812001.045,43299871094354.45,270345402.0,1837747.0
75.00742626190186,6799949772.298934,30310486088431.098,8652519334056.861,43308741281360.23,271481246.0,1845442.0
76.0073492527008,6803599792.238259,30318226054654.406,8656866386060.68,43316465271320.19,272408008.0,1851528.0
77.0074553489685,6808255518.368165,30325117450903.707,8660305611958.668,43323635079634.94,273166791.0,1856147.0
78.00786018371582,6813074737.796212,30331795355234.95,8663554184739.005,43330776701456.375,273963941.0,1860819.0
79.00803732872009,6818090318.073776,30338530919168.71,8666613393741.536,43337707559890.055,274710103.0,1865242.0
80.0080726146698,6822945108.241729,30345220030728.695,8669649096221.079,43345030861274.99,275461248.0,1869686.0
81.00822687149048,6828358477.446509,30352221744819.008,8672980997435.805,43352844094829.19,276168534.0,1873903.0
82.00812077522278,6832957625.705669,30358996560480.816,8675851836891.244,43359846915594.15,276844961.0,1877881.0
83.0086305141449,6837963732.957537,30365971367796.254,8678787671096.655,43367042892668.56,277556748.0,1882085.0
84.00835227966309,6842901914.0671,30373117979617.168,8681944024867.971,43374614988623.14,278336336.0,1886879.0
85.00827598571777,6850157432.896083,30382122746034.004,8687696051748.208,43383353995939.92,279201241.0,1892093.0
86.00860047340393,6856527588.565212,30389579835459.1,8691828490742.712,43391333350427.82,279906888.0,1896500.0
87.00898766517639,6861500225.811123,30396352086967.773,8694862136404.603,43398379462570.98,280513650.0,1900241.0
88.00901055335999,6865780955.910548,30403231433716.215,8697592283032.695,43405736386452.56,281028347.0,1903627.0
89.00874090194702,6869389617.475845,30409381140483.96,8700167495404.719,43412814498409.266,281407589.0,1906354.0
90.00884747505188,6870561395.010011,30413309893556.645,8701861001862.588,43417560538947.55,281737314.0,1908634.0
91.0089156627655,6872358125.033704,30417235963314.953,8703586827057.171,43421992022047.26,282059472.0,1910877.0
92.00904512405396,6873512270.911323,30421006033072.48,8705242581373.856,43426514424073.61,282354781.0,1913028.0
93.00930690765381,6874827416.969646,30424741066808.83,8706884928492.706,43430914638246.375,282700730.0,1915390.0
94.00928211212158,6877161045.199998,30429356982400.52,8709179715612.047,43436000943869.33,283086640.0,1918082.0
95.00971961021423,6879840365.0781765,30435108002094.88,8712397268624.404,43441846937398.38,283528199.0,1921105.0
96.00991225242615,6881747290.906684,30439867514369.965,8714891929039.475,43447073959584.05,283966528.0,1924159.0
97.0095465183258,6883761717.638863,30444607365901.93,8716979957571.408,43452078558969.47,284406156.0,1927206.0
98.00947690010071,6885236627.155585,30449051634557.074,8718797820819.167,43456936282026.31,284913353.0,1930639.0
99.0095944404602,6887241792.464297,30453977098571.164,8721038668703.836,43462340893979.05,285546574.0,1935008.0
100.00992774963379,6889095544.150053,30459004057773.715,8723435785809.495,43467825762410.59,286288460.0,1940090.0
101.009925365448,6890730283.525336,30464228588718.55,8726086526898.577,43473462935873.14,286981181.0,1944849.0
102.00988149642944,6892219167.972502,30469500500892.656,8728690321340.211,43478985768758.65,287660663.0,1949587.0
103.00999212265015,6893812388.215988,30474948841083.453,8731451346446.109,43484819507265.88,288492012.0,1955299.0
104.01011991500854,6897191617.873573,30480777724915.37,8734560026061.8545,43491251799322.18,289353395.0,1961207.0
105.01022458076477,6900551687.354522,30488451777304.562,8739192590847.213,43498781720383.23,290113478.0,1966542.0
106.01024603843689,6904059739.09178,30495377394883.445,8743014792238.231,43505604579486.39,290884064.0,1971800.0
107.01079106330872,6907911856.396932,30502802956605.57,8747501672657.062,43513047958538.38,291640289.0,1977083.0
108.01040625572205,6911244535.498407,30509443075283.113,8751123734001.8955,43519671640133.98,292325565.0,1981833.0
109.01084637641907,6913521078.618791,30515085577911.152,8753931955938.275,43525648882092.2,293044338.0,1986900.0
110.01059675216675,6915751682.731237,30520523218844.887,8756571017353.902,43531404078907.07,293740595.0,1991704.0
111.01064991950989,6918126293.844454,30526406152217.46,8759486329401.686,43537494960653.2,294492558.0,1997004.0
112.01074433326721,6919767729.259586,30532047175571.816,8762376119489.127,43543374493587.15,295254719.0,2002251.0
113.01143598556519,6922118967.403876,30537845133311.586,8765245081447.954,43549341977229.13,296053991.0,2007895.0
114.01098084449768,6925072010.198092,30544058959198.594,8768421206386.442,43555634571758.05,296926041.0,2013919.0
115.01115322113037,6929655567.417589,30552285707800.293,8773854186824.417,43563622972731.4,297808322.0,2020174.0
116.01119637489319,6934165276.845093,30559971056457.242,8778176708920.97,43571137542993.27,298716976.0,2026579.0
117.0116457939148,6937132844.362358,30566760174107.188,8781850377589.385,43578036156600.9,299724201.0,2033412.0
118.01196789741516,6940157504.560086,30573422941828.047,8785383177486.411,43584964907687.31,300814388.0,2040945.0
119.01140975952148,6943709592.639931,30580891296129.42,8789489906582.519,43592470510707.125,301875010.0,2048064.0
120.01154041290283,6947587431.191922,30588344441462.35,8793455220271.635,43599965627404.29,302688397.0,2052992.0
121.0118761062622,6952913180.839061,30595336477615.984,8796869059792.553,43607324802538.83,303513591.0,2057947.0
122.0120460987091,6957975628.130962,30601901575754.984,8800105899504.506,43614414248621.69,304257944.0,2062318.0
123.01201462745667,6962899094.760324,30608635327396.11,8803217201868.246,43621594652589.54,305073510.0,2067089.0
124.01226305961609,6968514501.476902,30616024947801.594,8806730870848.627,43629067505550.28,305815335.0,2071404.0
125.0120484828949,6973484679.84784,30623082413439.098,8809881636982.553,43636474945851.51,306611553.0,2076159.0
126.01215481758118,6980287171.097744,30631697324165.957,8814892794063.35,43645138477118.66,307332050.0,2080533.0
127.01221942901611,6986232713.076354,30638873693813.81,8818675303855.885,43652522336428.016,308057443.0,2084927.0
128.01234197616577,6991342397.932481,30645519831181.14,8821871954668.225,43659526464537.98,308792940.0,2089423.0
129.0125765800476,6996506660.650785,30652094027790.43,8825264465065.93,43666745108372.86,309463282.0,2093621.0
130.01286125183105,7001153968.643949,30658927008537.492,8828365166380.107,43673899865032.33,310070134.0,2097455.0
131.01291680335999,7005843032.525019,30665653234786.133,8831361381574.945,43680951214625.27,310659724.0,2101262.0
132.01255464553833,7010265121.750805,30672182107717.406,8834194597309.066,43688038736125.14,311183354.0,2104820.0
133.01275444030762,7012739015.580806,30677202367142.99,8836482964641.887,43693602342795.92,311494302.0,2107042.0
134.01274728775024,7014624761.9109745,30680831739313.594,8838073521321.316,43698025902764.77,311812795.0,2109266.0
135.01293230056763,7017260491.725303,30686531279402.496,8841890387909.617,43703632697879.484,312126497.0,2111483.0
136.0130648612976,7019208325.89354,30690827556752.605,8844381741006.584,43708584416324.336,312438775.0,2113682.0
137.01326704025269,7022069708.79085,30696283558518.125,8847555235689.697,43714205428679.055,312761940.0,2115879.0
138.0139639377594,7023773603.371869,30700703781084.09,8849822366102.99,43719035503768.38,313194801.0,2118903.0
139.01340651512146,7024558161.648396,30704689616237.324,8851539747841.395,43723635046212.51,313656346.0,2122072.0
140.01343894004822,7025354509.560597,30708931981804.984,8853466403767.973,43728394258172.266,314162562.0,2125575.0
141.01362538337708,7026780120.761284,30713662761375.81,8855692662811.924,43733464678784.36,314662847.0,2129105.0
142.01357698440552,7028183544.610394,30718223996060.17,8857810679408.002,43738507261290.83,315189674.0,2132705.0
143.0139319896698,7029608122.904865,30722975082283.21,8859986259457.674,43743710143393.55,315680188.0,2136194.0
144.0140528678894,7031614314.998017,30728054073994.777,8862349540289.89,43749126518397.57,316270298.0,2140252.0
145.0141797065735,7033607759.390381,30733147196724.6,8864866297156.379,43754761728764.57,316891283.0,2144635.0
146.0141041278839,7036032637.671358,30738457177750.51,8867712421094.512,43760557007623.66,317570544.0,2149335.0
147.0146927833557,7039245946.204886,30745238205908.88,8871596487761.727,43767282404075.086,318393595.0,2155130.0
148.01439571380615,7041488001.274795,30751812246086.426,8875193484173.701,43774018897591.56,319200238.0,2160753.0
149.0145354270935,7044347585.014025,30758096609070.19,8878360089451.926,43780407777775.05,319960599.0,2165938.0
150.01455974578857,7046293146.851625,30763622194357.07,8881141699324.787,43786244756104.6,320707353.0,2171133.0
151.01447129249573,7048011249.059003,30769055343599.676,8883838836657.885,43791935128955.28,321402775.0,2175969.0
152.01467061042786,7049932333.118797,30774506484615.543,8886596496504.973,43797774277831.0,322150245.0,2181098.0
153.01481866836548,7052079885.765882,30779921674897.832,8889263246431.254,43803510900824.44,322824265.0,2185769.0
154.01488161087036,7055074131.200992,30785379143931.99,8892107217206.775,43809372155115.375,323504391.0,2190525.0
155.0149703025818,7057553507.098382,30790981968152.137,8895645139980.262,43815381801086.45,324197396.0,2195328.0
156.01508259773254,7060274973.346366,30796599608969.77,8898411593475.463,43821362604158.06,324965939.0,2200527.0
157.01517701148987,7063618626.781466,30802888536984.273,8901849480015.416,43827902720550.46,325759471.0,2206050.0
158.01596021652222,7067549736.904885,30810445245378.48,8905985414511.342,43835074735044.03,326576068.0,2211748.0
159.01609230041504,7070563543.749168,30816774268879.438,8909440638277.28,43841543985567.73,327465249.0,2217937.0
160.0154206752777,7073203081.648427,30823349574204.14,8912877883456.824,43848311773335.02,328339792.0,2224085.0
161.01542711257935,7076020928.485038,30829944459152.742,8916281754988.406,43854947018472.51,329308961.0,2230571.0
162.01565861701965,7078536909.741916,30836448555343.625,8919969071452.629,43861706657024.67,330299109.0,2237447.0
163.01606488227844,7083023757.633312,30845086292574.18,8925069796218.068,43869869266283.56,331326149.0,2244550.0
164.0163700580597,7087454395.612448,30852844018310.93,8929503112977.479,43877800091206.586,332364130.0,2251865.0
165.01625657081604,7090713983.29649,30860339561663.36,8933595267167.191,43885264511675.73,333431055.0,2259280.0
166.01616215705872,7093696850.22375,30867276912734.543,8937508055771.855,43892699819267.43,334559885.0,2267066.0
167.0162181854248,7097658151.45069,30874595502203.156,8941570154593.766,43900284935122.93,335594661.0,2274136.0
168.01614952087402,7103064411.024162,30883764823818.754,8946813258097.32,43908782529567.234,336429953.0,2278946.0
169.0163857936859,7109934035.973836,30891520780144.586,8951051169501.584,43916719603964.07,337222280.0,2283627.0
170.01631259918213,7116763111.398205,30899842931421.516,8955870316100.527,43925141986329.62,338070360.0,2288664.0
171.01631689071655,7123444522.096131,30907601990816.746,8960003825445.062,43932828323425.2,338911252.0,2293652.0
172.0168423652649,7129506865.220659,30915235967374.406,8963769251886.11,43940305855314.47,339693698.0,2298425.0
173.0168285369873,7134504095.088173,30922074905957.086,8967036182604.836,43947454996849.35,340402879.0,2302949.0
174.0174524784088,7139878522.383549,30928594235644.543,8970395582740.826,43954684947220.69,341058842.0,2307318.0
175.01679015159607,7143052099.138871,30934358668758.414,8973253143076.336,43960893224864.695,341456475.0,2310150.0
176.0169816017151,7144859694.212696,30938677141719.867,8975245250466.146,43965738845808.78,341836633.0,2312757.0
177.0170078277588,7146344924.354505,30942564490647.26,8976858556003.867,43970199460952.58,342163344.0,2314991.0
178.01714897155762,7147562852.010151,30946303675275.21,8978365712714.648,43974472305359.945,342482093.0,2317219.0
179.01717233657837,7150230967.976295,30951748443998.13,8981227080461.143,43979767595974.37,342811770.0,2319436.0
180.0173032283783,7152698136.466633,30956629744537.793,8983711084844.018,43984942623853.734,343188442.0,2322094.0
181.0186789035797,7155110571.312988,30961106456807.688,8985743463202.28,43989742061993.5,343615276.0,2325057.0
182.01767754554749,7156446261.101495,30965269689158.934,8987316661767.186,43994280450244.625,344061491.0,2328070.0
183.01769304275513,7157975508.721677,30969642739063.14,8989136564169.746,43999184048445.6,344572697.0,2331589.0
184.01788306236267,7160676117.359099,30974478629498.176,8991517040770.008,44004536484684.914,345053606.0,2335011.0
185.01791262626648,7162794184.234142,30979508520626.37,8994563222052.107,44009904832150.4,345552944.0,2338513.0
186.01791977882385,7164488963.179447,30984166620729.586,8996704338556.14,44015032123180.875,346063428.0,2342019.0
187.018128156662,7166777806.825644,30988871970732.367,8998889713104.81,44020399896608.734,346616388.0,2345835.0
188.01831817626953,7168377922.837949,30993666834153.01,9001096255808.518,44025557734579.62,347232548.0,2350093.0
189.0182704925537,7170296049.304363,30998694878409.332,9003635495150.031,44031033883415.516,347873740.0,2354539.0
190.0188226699829,7173706006.178996,31005933194509.484,9007846920587.709,44038082815533.96,348668824.0,2360144.0
191.01842164993286,7177041148.644896,31012598988540.02,9011409130449.822,44044841266186.22,349481930.0,2365927.0
192.01853966712952,7180253643.821664,31019229536669.25,9014895730303.738,44051735040915.74,350234900.0,2371131.0
193.01882314682007,7182960398.593388,31024965224616.145,9017742862596.916,44057801393553.34,350991402.0,2376373.0
194.01864624023438,7185554069.916226,31030803720347.8,9020621662604.893,44063821452583.36,351771406.0,2381639.0
195.01870274543762,7188619642.196746,31037018278629.625,9024527442484.166,44070215923890.64,352511286.0,2386842.0
196.0189950466156,7192292613.47075,31044118737529.145,9028456957369.137,44077086578607.55,353263065.0,2392071.0
197.01910734176636,7195524861.80853,31050842806488.586,9032272745106.176,44083930012954.54,353993317.0,2397186.0
198.01926040649414,7198035782.916354,31056603395504.15,9035278487051.78,44090050316334.98,354761994.0,2402420.0
199.0193908214569,7200425604.83103,31062293947285.273,9038200062323.174,44096268639255.82,355527051.0,2407611.0
200.01945161819458,7203751628.279876,31069718830545.24,9042488938306.84,44103487943285.31,356340097.0,2413206.0
201.02001476287842,7206715285.187613,31076514157919.867,9046135660603.955,44110317792747.83,357172037.0,2418931.0
202.01965641975403,7209254874.5194235,31082728805787.004,9049308426054.643,44116586804654.63,358020174.0,2425064.0
203.019611120224,7212193233.629313,31089247998395.234,9052785299071.105,44123513168465.89,358960378.0,2431540.0
204.01983642578125,7215176110.446286,31095990272238.39,9056267921782.328,44130256907102.086,359988780.0,2438526.0
205.02000403404236,7218009807.244136,31102901542425.36,9059905465415.99,44137170057082.0,361062261.0,2445966.0
206.01996088027954,7220158179.088133,31110040725428.555,9063805317295.123,44144302098391.07,362119510.0,2453324.0
207.0201873779297,7222946359.225015,31117125312891.8,9067627157048.48,44151377940822.305,363183556.0,2460656.0
208.02048301696777,7224906883.340434,31124161748961.344,9071420532961.678,44158372687623.79,364241665.0,2468104.0
209.02034091949463,7228285189.047232,31131532601514.29,9075389455981.023,44165757704896.42,365398282.0,2475881.0
210.02035117149353,7231897476.228103,31139149432727.65,9079699930189.732,44173321536134.164,366552046.0,2483759.0
211.02031135559082,7236500852.962957,31148687450174.02,9085524856424.97,44182426934595.51,367325076.0,2488321.0
212.02063870429993,7242944987.066981,31155655996377.977,9089264496100.617,44190061781269.05,368174903.0,2493284.0
213.02086758613586,7248293045.757305,31162537496987.555,9092612557097.484,44197181773200.19,369017771.0,2498215.0
214.02076053619385,7254215876.866037,31169482676567.58,9096253445536.793,44204602292097.85,369714807.0,2502522.0
215.0212390422821,7259161415.8652525,31176356396008.324,9099441295678.152,44211762436956.8,370409766.0,2506857.0
216.02138304710388,7264125797.227215,31183013476450.78,9102512578708.297,44219262215673.48,371009096.0,2510698.0
217.02166557312012,7268200137.630015,31189832876026.605,9105200988192.543,44226623994430.96,371569387.0,2514260.0
218.0210554599762,7272045251.234765,31196358370647.188,9107798719663.857,44233811127530.13,372002618.0,2517273.0
219.02128720283508,7273837068.454762,31200808659339.125,9109798542697.506,44238801071507.4,372371189.0,2519802.0
220.0212686061859,7275228617.588907,31204605309245.31,9111443940348.293,44243225500005.23,372746871.0,2522390.0
221.0213098526001,7277994008.9046545,31210332213414.145,9114733153099.125,44248941748562.37,373060346.0,2524609.0
222.02139616012573,7279987103.034493,31214855488821.56,9116993917696.479,44253691224682.77,373387333.0,2526878.0
223.0214283466339,7281634588.105391,31218764676661.414,9118642925052.93,44258127396207.33,373730977.0,2529181.0
224.02228665351868,7283287591.8264,31223053400596.336,9120451903527.604,44262741190564.79,374167088.0,2532173.0
225.0218312740326,7285048633.790769,31227068753117.32,9122312367533.11,44267552760817.766,374618094.0,2535224.0
226.0217559337616,7286860828.708669,31231199944420.61,9124275172305.238,44272460267863.98,375114282.0,2538662.0
227.02192068099976,7289045364.11608,31235812509909.18,9126464899575.646,44277606893705.42,375611855.0,2542138.0
228.02216506004333,7290655241.523451,31240441294553.32,9128578823913.092,44282587764439.71,376113062.0,2545532.0
229.02208018302917,7292361213.277591,31244788055668.676,9130609804027.521,44287497290244.78,376620794.0,2549003.0
230.02221608161926,7294088496.667844,31249662923620.023,9132836893931.92,44292661618905.26,377189452.0,2552915.0
231.02234077453613,7298338958.266432,31256564918393.312,9136857643985.588,44299494838351.34,377798081.0,2557094.0
232.0223913192749,7301767161.158815,31262243271754.453,9139958802115.434,44305570082014.04,378451641.0,2561613.0
233.02285718917847,7304408922.472473,31267432092204.242,9142495534609.574,44311078228637.1,379213857.0,2566870.0
234.0228533744812,7307032214.234459,31273297194431.87,9145446051324.94,44317178579518.56,380044286.0,2572670.0
235.02281665802002,7310487546.34508,31279927048886.215,9150083100410.86,44324085640967.016,380940444.0,2578899.0
236.02304363250732,7313165997.934894,31286528292579.43,9153577757349.604,44330903568562.836,382144276.0,2587062.0
237.02271246910095,7316715923.952103,31294161329309.543,9157758054733.885,44338548090708.85,383193697.0,2593663.0
238.02312922477722,7321506043.022483,31301513296772.523,9161601336320.535,44346110733805.61,384027095.0,2598569.0
239.0230209827423,7326735147.29651,31308290899363.348,9164946390513.193,44353336247194.34,384866821.0,2603421.0
240.02323126792908,7331818338.332552,31314823767231.145,9168260427456.951,44360558503559.21,385661065.0,2608104.0
241.023291349411,7337380531.7981615,31321911988859.6,9171916060477.531,44368109676534.99,386463718.0,2612855.0
242.02344751358032,7344514842.631139,31330191279846.902,9176804160254.51,44376617322182.195,387283316.0,2617711.0
243.02337908744812,7350621869.75641,31337480036927.297,9180676618569.244,44384328712149.87,388105919.0,2622480.0
244.0234820842743,7356824143.394273,31344187441132.38,9184316828738.328,44392005652013.57,388912369.0,2627077.0
245.0237352848053,7361927468.261295,31351105620678.207,9187622834599.572,44399271487955.18,389813280.0,2632282.0
246.02377247810364,7366960818.5931835,31357933189382.25,9190917140815.822,44406544052141.54,390590626.0,2636853.0
247.02382683753967,7372058486.938759,31364190774572.383,9194126589084.361,44413718974668.84,391417413.0,2641836.0
248.02398252487183,7377547809.314251,31370911574986.863,9197561816031.857,44420949328488.0,392255899.0,2646749.0
249.02408075332642,7383030683.435794,31377737318177.28,9201125249298.22,44428404717475.27,393069231.0,2651661.0
250.02423572540283,7388272370.51612,31384648508257.66,9204477711829.998,44435556408487.32,393885997.0,2656624.0
251.0243263244629,7393882691.951768,31391702313100.547,9207924224288.277,44442903991204.336,394687087.0,2661366.0
252.02438282966614,7400921324.730944,31400005325828.223,9212560818132.568,44451135975658.44,395458400.0,2666128.0
253.02453517913818,7407488979.792216,31407690475199.76,9216873273144.893,44459210412632.234,396237386.0,2670738.0
254.02470326423645,7412667007.183144,31414676800940.3,9220131039634.11,44466242711557.66,397022252.0,2675326.0
255.02465105056763,7418469632.703926,31421542366348.254,9223393526375.3,44473388059457.195,397767080.0,2679873.0
256.02488565444946,7423716621.941908,31427901487538.766,9226550278259.826,44480636468861.62,398569150.0,2684712.0
257.0250108242035,7429040025.908336,31434471950119.043,9229832364388.477,44487762411446.984,399340226.0,2689440.0
258.0250606536865,7434050278.96941,31440846875647.92,9233072229424.332,44494994261270.58,400056762.0,2693968.0
259.025146484375,7440298290.585426,31448766512685.977,9237213023576.38,44502800999661.03,400758989.0,2698331.0
260.0253236293793,7447128023.755745,31456501964614.086,9241426104896.16,44510596556357.766,401482887.0,2702941.0
261.0254602432251,7453316150.971291,31463596773791.17,9245095186173.182,44518045970524.99,402186197.0,2707426.0
262.0253698825836,7460051970.72022,31471666429893.562,9249738704323.115,44526248942040.79,402872844.0,2711801.0
263.02556562423706,7466628204.233095,31479309666315.926,9253781138989.734,44534007840904.29,403583240.0,2716237.0
264.02553820610046,7471623572.9523535,31486053061879.65,9256977286811.293,44540927786119.445,404326283.0,2721037.0
265.02571296691895,7477183694.113439,31493270117427.754,9261179935707.447,44548370851860.34,404854792.0,2724701.0
266.0259358882904,7480625734.85623,31498612333620.82,9263816192029.342,44554210209407.32,405286556.0,2727722.0
267.02595019340515,7482396714.592886,31502883230918.54,9265711959111.818,44558994132196.62,405871184.0,2731895.0
268.0260992050171,7484194314.444847,31507841787636.41,9268017974651.459,44564466917202.875,406517428.0,2736335.0
269.0263774394989,7486399106.308411,31513264842988.316,9270613804870.492,44570109485159.336,407337826.0,2741989.0
270.026136636734,7488766794.97619,31519478586960.535,9273887138803.521,44576579037716.016,408442607.0,2749372.0
271.02645444869995,7493482268.077842,31526892861330.5,9277862791977.963,44584316708669.57,409220191.0,2753847.0
272.0264217853546,7498501345.4278145,31533477025393.113,9280981435924.82,44591572589939.43,410014782.0,2758635.0
273.02630138397217,7504642332.665199,31542257974983.0,9285797755376.643,44599806219139.56,410718272.0,2763093.0
274.02645683288574,7511775937.309705,31550070638624.996,9290122537317.33,44607549070968.945,411357113.0,2767336.0
275.0268692970276,7515941662.507538,31556307213607.355,9293895846276.11,44614132798563.836,411978482.0,2771501.0
276.0266568660736,7518277034.460776,31561182435042.9,9296264343244.332,44619579412482.13,412708552.0,2776624.0
277.02683568000793,7520905473.223089,31567246257045.65,9299252954732.314,44625770288927.875,413755269.0,2783727.0
278.027099609375,7525083304.004339,31574255258727.4,9303051594485.982,44633181391803.44,414576347.0,2788436.0
279.02734375,7530137640.916086,31581178102851.27,9306421102908.566,44640328803384.46,415405580.0,2793367.0
280.0273497104645,7535321809.3483515,31588115147457.703,9309725110234.527,44647453186103.91,416176245.0,2797970.0
281.0272870063782,7540562116.2437105,31594891076499.906,9312961433688.16,44654501043816.15,416901000.0,2802397.0
282.02740931510925,7545551401.877102,31601342701774.477,9316211982348.71,44661543979813.82,417648038.0,2806885.0
283.0276563167572,7551516608.782838,31609470484860.82,9320714750872.992,44669633661437.27,418438418.0,2811684.0
284.027628660202,7557921441.851749,31617130492283.43,9324902603541.018,44677403513768.37,419156226.0,2816365.0
285.0278670787811,7562419533.877529,31623748293287.66,9328286382953.238,44684152419888.98,419859015.0,2821288.0
286.0277760028839,7565326924.551079,31629831140771.363,9331372978717.896,44690452845003.43,420603890.0,2826451.0
287.0282139778137,7567611797.440479,31635504219700.1,9334219634224.469,44696467667227.63,421404166.0,2832046.0
288.02839493751526,7569645595.932102,31641500610606.043,9337171427036.047,44702482484459.87,422268679.0,2838068.0
289.0282247066498,7572504775.4624,31647928717192.17,9340467867805.88,44709000632540.375,423132308.0,2844013.0
290.0283079147339,7575632175.376675,31654102687551.84,9343733987248.793,44715697210594.58,424080004.0,2850458.0
291.0284368991852,7578661068.981667,31660793671598.453,9347309226016.807,44722603954744.234,425046558.0,2857182.0
292.0286319255829,7581582950.528151,31667513964002.723,9350859159686.432,44729482760399.445,426030586.0,2863890.0
293.0283796787262,7586358462.943454,31676086091974.918,9355650329457.322,44737473143002.445,426883807.0,2869199.0
294.0285978317261,7592323450.433631,31684126853421.598,9359998433198.666,44745448649982.36,427682247.0,2873883.0
295.0287046432495,7600297383.208535,31693030085368.016,9365757661927.873,44754235515285.65,428281600.0,2877570.0
296.02908849716187,7605541733.361942,31699670090244.844,9369250518761.693,44761046906849.45,428282376.0,2877573.0
297.0287663936615,7606004386.471985,31702114124191.42,9369829110092.535,44764449884773.06,428282376.0,2877573.0
298.0289840698242,7606225550.504839,31704241145228.555,9370244794818.232,44767766626875.945,428282442.0,2877574.0
299.0289673805237,7606371099.811063,31706338779332.695,9370644985622.607,44771067267845.195,428282574.0,2877576.0
