3.001047 1250.000000 3853 1283.885053 41.084322
3.000016 1250.000000 3710 1236.660042 39.573121
3.003691 1250.000000 3748 1247.798210 39.929543
3.000982 1250.000000 3807 1268.584642 40.594709
3.000860 1250.000000 3706 1234.979147 39.519333
3.000140 1250.000000 3643 1214.276717 38.856855
3.000726 1250.000000 3697 1232.035370 39.425132
3.001435 1250.000000 3755 1251.068123 40.034180
3.000771 1250.000000 3715 1238.015359 39.616491
3.000808 1250.000000 3789 1262.660056 40.405122
3.001878 1250.000000 3675 1224.233572 39.175474
3.000451 1250.000000 3752 1250.478624 40.015316
3.000720 1250.000000 3793 1264.029967 40.448959
3.000533 1250.000000 3796 1265.108584 40.483475
3.000360 1250.000000 3822 1273.847317 40.763114
3.000139 1250.000000 3753 1250.942101 40.030147
3.000813 1250.000000 3647 1215.337158 38.890789
3.000209 1250.000000 3788 1262.578868 40.402524
3.000355 1250.000000 3719 1239.519978 39.664639
3.000277 1250.000000 3765 1254.884202 40.156294
3.000124 1250.000000 3746 1248.615132 39.955684
3.002087 1250.000000 3697 1231.476433 39.407246
3.000235 1250.000000 3741 1246.902154 39.900869
3.000009 1250.000000 3754 1251.329580 40.042547
3.000341 1250.000000 3650 1216.528445 38.928910
3.000334 1250.000000 3805 1268.192205 40.582151
3.001233 1250.000000 3773 1257.150102 40.228803
3.001224 1250.000000 3686 1228.165548 39.301298
3.000260 1250.000000 3683 1227.560335 39.281931
3.000719 1250.000000 3748 1249.033890 39.969084
3.000355 1250.000000 3714 1237.853659 39.611317
3.000725 1250.000000 3771 1256.696223 40.214279
6.002238 1250.000000 3726 1241.077774 39.714489
6.000304 1250.000000 3750 1249.988666 39.999637
6.000190 1250.000000 3734 1244.645707 39.828663
6.001743 1250.000000 3730 1242.617977 39.763775
6.000281 1250.000000 3855 1284.969163 41.119013
6.001011 1250.000000 3748 1249.233191 39.975462
6.001092 1250.000000 3806 1268.511528 40.592369
6.000547 1250.000000 3788 1262.579951 40.402558
6.001419 1250.000000 3705 1234.750581 39.512019
6.000328 1250.000000 3643 1214.256695 38.856214
6.001226 1250.000000 3681 1226.900195 39.260806
6.001205 1250.000000 3780 1259.717741 40.310968
6.002708 1250.000000 3720 1239.236835 39.655579
6.001474 1250.000000 3681 1226.533875 39.249084
6.000798 1250.000000 3730 1243.054189 39.777734
6.001564 1250.000000 3783 1260.494083 40.335811
6.001894 1250.000000 3784 1260.977439 40.351278
6.000951 1250.000000 3669 1222.941417 39.134125
6.003961 1250.000000 3758 1251.112961 40.035615
6.001039 1250.000000 3674 1224.536641 39.185173
6.000913 1250.000000 3824 1274.429845 40.781755
6.005078 1250.000000 3638 1211.374733 38.763991
6.002400 1250.000000 3814 1270.924565 40.669586
6.001905 1250.000000 3704 1233.989965 39.487679
6.000763 1250.000000 3775 1258.202579 40.262483
6.002632 1250.000000 3699 1232.776050 39.448834
6.001330 1250.000000 3771 1256.955784 40.222585
6.001457 1250.000000 3822 1273.904585 40.764947
6.004240 1250.000000 3691 1230.108168 39.363461
6.001841 1250.000000 3773 1257.196586 40.230291
6.002416 1250.000000 3679 1225.491138 39.215716
6.001977 1250.000000 3817 1271.802455 40.697679
9.001937 1250.000000 3797 1265.410615 40.493140
9.004476 1250.000000 3691 1228.634790 39.316313
9.001296 1250.000000 3815 1271.520539 40.688657
9.000319 1250.000000 3709 1236.280287 39.560969
9.000858 1250.000000 3908 1302.640336 41.684491
9.002670 1250.000000 3693 1230.030064 39.360962
9.002718 1250.000000 3792 1262.973748 40.415160
9.001535 1250.000000 3792 1263.779303 40.440938
9.002559 1250.000000 3670 1222.927646 39.133685
9.001212 1250.000000 3847 1282.282217 41.033031
9.001254 1250.000000 3854 1284.574472 41.106383
9.001033 1250.000000 3772 1257.129440 40.228142
9.003003 1250.000000 3669 1222.486578 39.119571
9.003111 1250.000000 3651 1216.235803 38.919546
9.001228 1250.000000 3801 1266.803683 40.537718
9.004033 1250.000000 3649 1215.296520 38.889489
9.005274 1250.000000 3604 1199.791769 38.393337
9.002139 1250.000000 3756 1251.610479 40.051535
9.001998 1250.000000 3800 1266.208404 40.518669
9.006677 1250.000000 3624 1206.077177 38.594470
9.002743 1250.000000 3637 1212.319010 38.794208
9.002448 1250.000000 3756 1251.773462 40.056751
9.006521 1250.000000 3701 1231.587927 39.410814
9.003754 1250.000000 3772 1256.766342 40.216523
9.002317 1250.000000 3731 1243.633992 39.796288
9.003187 1250.000000 3677 1225.440081 39.214083
9.004273 1250.000000 3793 1264.319604 40.458227
9.004448 1250.000000 3806 1268.460630 40.590740
9.005127 1250.000000 3785 1261.645943 40.372670
9.002907 1250.000000 3814 1270.881884 40.668220
9.004014 1250.000000 3758 1252.000107 40.064003
9.002147 1250.000000 3764 1254.595680 40.147062
12.005802 1250.000000 3685 1227.082201 39.266630
12.003191 1250.000000 3719 1239.451170 39.662437
12.002174 1250.000000 3709 1235.954098 39.550531
12.002130 1250.000000 3653 1217.294174 38.953414
12.001024 1250.000000 3781 1260.037428 40.321198
12.002864 1250.000000 3735 1244.640674 39.828502
12.001860 1250.000000 3828 1275.573898 40.818365
12.002152 1250.000000 3767 1255.408467 40.173071
12.002747 1250.000000 3669 1222.923337 39.133547
12.001489 1250.000000 3862 1287.250653 41.192021
12.001512 1250.000000 3816 1271.796988 40.697504
12.004327 1250.000000 3660 1219.977823 39.039290
12.003172 1250.000000 3757 1252.262893 40.072413
12.003219 1250.000000 3554 1184.624161 37.907973
12.002226 1250.000000 3754 1251.296932 40.041502
12.002913 1250.000000 3790 1263.251385 40.424044
12.002586 1250.000000 3822 1273.885644 40.764341
12.004903 1250.000000 3841 1279.842805 40.954970
12.005452 1250.000000 3786 1261.577950 40.370494
12.002727 1250.000000 3796 1265.215475 40.486895
12.001339 1250.000000 3768 1255.953592 40.190515
12.001942 1250.000000 3661 1220.331165 39.050597
12.005393 1250.000000 3821 1273.089751 40.738872
12.005504 1250.000000 3799 1265.356128 40.491396
12.004925 1250.000000 3762 1253.812220 40.121991
12.005697 1250.000000 3845 1281.423121 41.005540
12.006084 1250.000000 3740 1246.330324 39.882570
12.006835 1250.000000 3759 1252.933916 40.093885
12.003625 1250.000000 3808 1269.029580 40.608947
12.007165 1250.000000 3769 1256.063804 40.194042
12.004439 1250.000000 3712 1237.157704 39.589047
12.002565 1250.000000 3707 1235.494754 39.535832
15.003039 1250.000000 3716 1238.479777 39.631353
15.001382 1250.000000 3876 1291.845651 41.339061
15.001572 1250.000000 3684 1227.965812 39.294906
15.002207 1250.000000 3836 1278.643353 40.916587
15.002549 1250.000000 3762 1253.843492 40.122992
15.002662 1250.000000 3636 1211.676354 38.773643
15.003389 1250.000000 3788 1262.595249 40.403048
15.004057 1250.000000 3812 1270.112044 40.643585
15.003343 1250.000000 3713 1237.595844 39.603067
15.002710 1250.000000 3739 1246.092556 39.874962
15.001914 1250.000000 3820 1273.162828 40.741210
15.002617 1250.000000 3809 1269.380837 40.620187
15.002426 1250.000000 3733 1243.882326 39.804234
15.003985 1250.000000 3692 1230.227079 39.367267
15.002593 1250.000000 3687 1228.849816 39.323194
15.003661 1250.000000 3777 1258.802819 40.281690
15.003087 1250.000000 3868 1289.237821 41.255610
15.004792 1250.000000 3775 1258.138392 40.260429
15.006050 1250.000000 3932 1310.175109 41.925603
15.002862 1250.000000 3762 1253.943551 40.126194
15.007181 1250.000000 3681 1226.551313 39.249642
15.007262 1250.000000 3747 1248.822285 39.962313
15.005099 1250.000000 3853 1284.249425 41.095982
15.006493 1250.000000 3844 1280.993349 40.991787
15.006488 1250.000000 3673 1224.053337 39.169707
15.006187 1250.000000 3687 1228.674796 39.317593
15.006311 1250.000000 3747 1248.642479 39.956559
15.005054 1250.000000 3818 1272.060652 40.705941
15.006407 1250.000000 3706 1234.961797 39.518778
15.008304 1250.000000 3785 1261.187514 40.358000
15.006317 1250.000000 3707 1234.893609 39.516595
15.002660 1250.000000 3809 1269.626375 40.628044
18.004534 1250.000000 3758 1252.437614 40.078004
18.004636 1250.000000 3723 1239.733939 39.671486
18.002237 1250.000000 3772 1256.975135 40.223204
18.003997 1250.000000 3757 1252.193250 40.070184
18.004071 1250.000000 3636 1211.247223 38.759911
18.002413 1250.000000 3772 1257.124345 40.227979
18.003300 1250.000000 3864 1287.746697 41.207894
18.002583 1250.000000 3682 1227.319532 39.274225
18.005391 1250.000000 3591 1196.467900 38.286973
18.003397 1250.000000 3801 1266.660439 40.533134
18.003042 1250.000000 3732 1243.842291 39.802953
18.003393 1250.000000 3738 1245.998217 39.871943
18.002687 1250.000000 3816 1271.970652 40.703061
18.004837 1250.000000 3765 1254.375510 40.140016
18.003293 1250.000000 3741 1246.894665 39.900629
18.003759 1250.000000 3965 1321.370660 42.283861
18.009868 1250.000000 3782 1259.121563 40.291890
18.005362 1250.000000 3770 1256.427736 40.205688
18.002940 1250.000000 3724 1241.301097 39.721635
18.003051 1250.000000 3739 1246.073766 39.874361
18.005495 1250.000000 3750 1249.835344 39.994731
18.006092 1250.000000 3697 1232.316133 39.434116
18.007418 1250.000000 3708 1235.619209 39.539815
18.006789 1250.000000 3856 1285.204481 41.126543
18.007894 1250.000000 3729 1242.704687 39.766550
18.007279 1250.000000 3821 1273.255897 40.744189
18.008498 1250.000000 3646 1214.832892 38.874653
18.007071 1250.000000 3709 1236.059711 39.553911
18.005315 1250.000000 3595 1198.229011 38.343328
18.009276 1250.000000 3694 1230.934522 39.389905
18.007637 1250.000000 3737 1245.118974 39.843807
18.004984 1250.000000 3803 1266.685449 40.533934
21.008212 1250.000000 3889 1294.790126 41.433284
21.002907 1250.000000 3758 1252.531175 40.080998
21.012232 1250.000000 3627 1206.027008 38.592864
21.008058 1250.000000 3738 1243.659821 39.797114
21.002509 1250.000000 3696 1231.888410 39.420429
21.004363 1250.000000 3750 1249.595781 39.987065
21.003459 1250.000000 3734 1244.600789 39.827225
21.006126 1250.000000 3694 1230.027010 39.360864
21.003540 1250.000000 3734 1244.460043 39.822721
21.005579 1250.000000 3758 1251.906961 40.061023
21.005120 1250.000000 3677 1224.920426 39.197454
21.003494 1250.000000 3801 1266.959039 40.542689
21.004413 1250.000000 3629 1209.528619 38.704916
21.005755 1250.000000 3688 1228.613109 39.315620
21.004817 1250.000000 3796 1265.213889 40.486844
21.003053 1250.000000 3737 1245.514512 39.856464
21.005498 1250.000000 3711 1236.944163 39.582213
21.004820 1250.000000 3674 1223.945008 39.166240
21.006384 1250.000000 3632 1210.266072 38.728514
21.009579 1250.000000 3675 1223.861680 39.163574
21.006158 1250.000000 3704 1234.639690 39.508470
21.006068 1250.000000 3887 1295.419255 41.453416
21.008694 1250.000000 3779 1259.131185 40.292198
21.007974 1250.000000 3822 1273.965912 40.766909
21.008599 1250.000000 3732 1243.958155 39.806661
21.008316 1250.000000 3660 1219.578295 39.026505
21.008923 1250.000000 3726 1241.233795 39.719481
21.010112 1250.000000 3719 1237.687607 39.606003
21.011629 1250.000000 3753 1250.266075 40.008514
21.009798 1250.000000 3763 1254.115221 40.131687
21.008024 1250.000000 3651 1216.843000 38.938976
21.005785 1250.000000 3688 1229.004969 39.328159
24.007958 1250.000000 3597 1196.825981 38.298431
24.004981 1250.000000 3683 1227.434518 39.277905
24.003533 1250.000000 3891 1296.983222 41.503463
24.004496 1250.000000 3805 1267.661850 40.565179
24.005825 1250.000000 3690 1229.030568 39.328978
24.006880 1250.000000 3807 1268.656600 40.597011
24.008220 1250.000000 3771 1255.968022 40.190977
24.007825 1250.000000 3717 1237.572012 39.602304
24.004952 1250.000000 3768 1255.943345 40.190187
24.007130 1250.000000 3784 1260.488898 40.335645
24.004466 1250.000000 3790 1262.943732 40.414199
24.003346 1250.000000 3761 1253.544484 40.113423
24.005709 1250.000000 3791 1263.577886 40.434492
24.006397 1250.000000 3712 1237.234611 39.591508
24.005824 1250.000000 3742 1247.231494 39.911408
24.007239 1250.000000 3678 1225.650773 39.220825
24.010262 1250.000000 3816 1269.696676 40.630294
24.006475 1250.000000 3831 1276.851481 40.859247
24.009653 1250.000000 3655 1217.944067 38.974210
24.009369 1250.000000 3713 1237.189294 39.590057
24.008436 1250.000000 3723 1240.808964 39.705887
24.008607 1250.000000 3816 1271.767225 40.696551
24.012278 1250.000000 3765 1253.462695 40.110806
24.009862 1250.000000 3699 1232.883730 39.452279
24.009530 1250.000000 3629 1209.421728 38.701495
24.010579 1250.000000 3701 1232.736644 39.447573
24.012366 1250.000000 3829 1276.276334 40.840843
24.014781 1250.000000 3670 1222.049399 39.105581
24.011284 1250.000000 3911 1303.157593 41.701043
24.009811 1250.000000 3724 1241.328223 39.722503
24.009834 1250.000000 3795 1264.237165 40.455589
24.006322 1250.000000 3826 1275.105048 40.803362
27.008135 1250.000000 3761 1251.746476 40.055887
27.004534 1250.000000 3708 1235.984437 39.551502
27.006287 1250.000000 3795 1264.805349 40.473771
27.005159 1250.000000 3810 1269.232676 40.615446
27.005576 1250.000000 3807 1268.530287 40.592969
27.006022 1250.000000 3721 1239.903104 39.676899
27.007488 1250.000000 3756 1250.942406 40.030157
27.007762 1250.000000 3706 1235.073145 39.522341
27.007167 1250.000000 3767 1255.056584 40.161811
27.006849 1250.000000 3767 1255.477584 40.175283
27.007484 1250.000000 3850 1283.228673 41.063318
27.006890 1250.000000 3832 1276.879608 40.860147
27.006647 1250.000000 3716 1238.596015 39.635072
27.008408 1250.000000 3767 1255.478475 40.175311
27.011108 1250.000000 3836 1277.601426 40.883246
27.009971 1250.000000 3805 1268.079115 40.578532
27.008973 1250.000000 3793 1263.849569 40.443186
27.008644 1250.000000 3683 1227.493145 39.279781
27.006912 1250.000000 3797 1265.653179 40.500902
27.010591 1250.000000 3704 1234.280705 39.496983
27.008655 1250.000000 3632 1210.578197 38.738502
27.010914 1250.000000 3792 1263.557263 40.433832
27.010495 1250.000000 3776 1258.379410 40.268141
27.010955 1250.000000 3741 1246.843965 39.899007
27.011287 1250.000000 3744 1247.269422 39.912621
27.013086 1250.000000 3713 1237.333573 39.594674
27.018366 1250.000000 3735 1242.515285 39.760489
27.010293 1250.000000 3765 1254.987230 40.159591
27.015729 1250.000000 3756 1250.147806 40.004730
27.015117 1250.000000 3789 1262.858716 40.411479
27.012597 1250.000000 3653 1216.546279 38.929481
27.007426 1250.000000 3615 1204.556722 38.545815
#type       avg     std     min     5th    10th    90th    95th    99th
read       97.1    20.4    54.8    74.7    77.7   119.6   128.9   155.2
update    102.1    22.7    60.2    78.5    81.9   125.8   136.6   162.7
op_q        1.1     0.4     1.0     1.0     1.0     2.0     2.1     2.1

Total QPS = 79973.0 (2399189 / 30.0s)

Misses = 0 (0.0%)
Skipped TXs = 0 (0.0%)

RX  416580416 bytes :   13.2 MB/s
TX  266123195 bytes :    8.5 MB/s
