4.287156 334.016359
3.009849 250.722672
4.032107 303.097632
3.071575 249.807626
3.271149 276.046577
4.146901 275.543302
3.424415 334.625322
3.190286 274.033476
3.112117 250.951434
3.469987 251.180196
4.031350 251.317452
3.687907 12436.717913
3.039937 276.298215
3.203942 275.291664
3.050067 333.711877
3.517063 301.160022
3.022358 301.713625
3.211016 274.536751
3.332733 251.103942
3.017211 301.160022
4.326528 274.536751
3.198841 251.180196
5.088717 301.990426
3.401438 275.669121
4.071458 275.794940
3.201552 250.036388
3.264844 251.027688
3.161281 228.345632
3.423021 251.256449
3.597494 275.543302
8.361403 250.646419
6.177535 329.753616
6.095543 249.807626
7.967034 333.711877
6.280901 301.436823
6.445452 251.008624
6.968759 12356.995363
6.664205 250.722672
6.342269 299.776014
6.623902 271.265461
6.050858 275.669121
6.853916 250.722672
6.133103 298.945610
6.637492 274.662570
7.135592 275.543302
3.356102 250.493911
7.039889 301.436823
6.780424 248.206295
6.925190 274.914208
6.489619 275.669121
6.677914 298.392007
7.390401 274.536751
7.760864 302.682430
6.354427 274.914208
6.340173 275.543302
7.447802 300.052816
7.251522 275.165845
7.667942 440.928388
6.440897 272.272012
12.451814 298.392007
7.211189 275.732030
9.770765 301.160022
8.765046 298.945610
10.046226 296.177595
9.433023 301.852025
12.453391 275.480392
9.714383 250.493911
10.128459 325.795354
9.132183 275.669121
10.101834 270.258910
7.606668 249.121341
9.514547 250.951434
10.044015 250.646419
10.472827 273.656019
10.791636 297.838404
9.935823 274.033476
10.203118 12277.272812
10.772954 247.520011
10.280555 299.776014
9.579116 270.007272
9.763591 274.788389
10.409912 275.165845
10.672483 436.470472
10.405118 297.284801
10.549209 273.656019
11.299398 301.713625
10.563678 271.517098
10.063523 275.291664
10.370128 275.442647
11.103065 332.493950
12.291807 274.159294
11.809910 296.177595
12.246964 275.249725
12.861215 250.532038
12.783598 251.042939
12.470943 301.298422
13.167233 273.404381
13.252839 300.329617
16.221825 250.493911
12.940647 273.949596
13.211671 12231.717069
13.632139 293.963183
13.163638 322.750538
13.677972 297.838404
14.441005 295.070389
13.136065 268.245808
13.149428 250.227022
14.145928 433.228352
12.658226 268.497446
13.491658 294.793587
13.975135 273.152744
14.611373 329.753616
14.107286 274.599660
14.020099 275.501362
10.924002 248.778199
14.731519 272.649468
14.004813 249.502611
14.483259 300.883220
13.560329 275.471405
14.100161 269.252359
16.188364 300.468018
16.381015 250.199789
15.360908 273.781838
16.476066 321.228130
15.620154 274.788389
15.452786 296.731198
16.423941 250.868248
15.693970 275.255716
14.876868 294.516786
16.217840 272.775287
16.241045 12129.216646
16.371702 266.232706
16.610848 292.855977
16.695892 299.499213
15.988899 273.697959
16.801234 296.454396
16.561023 275.749187
15.819165 266.987619
17.274195 291.471969
17.164073 273.697959
17.633621 293.409580
18.147318 271.517098
17.273611 428.365171
17.625099 299.637613
13.960183 248.892580
17.881588 274.222204
17.714554 327.013281
17.298082 249.121341
17.358236 275.333604
19.500813 264.974518
19.508353 291.471969
19.437966 275.004078
17.511373 266.484344
18.514733 274.201234
19.265475 293.409580
18.837791 273.844747
19.099319 263.967967
19.543866 11992.549416
19.489931 250.522506
19.770947 299.914415
20.724631 294.516786
21.066381 424.717785
20.121393 250.179364
19.491244 319.401240
19.532606 250.798926
20.291214 291.471969
19.304327 273.110804
19.502250 271.642917
20.171092 298.392007
17.217896 249.521674
20.608238 288.980756
19.714567 275.878819
21.056408 273.970566
20.321729 274.486423
22.747165 270.762185
21.840972 298.392007
20.873922 322.750538
21.036116 288.703955
21.034599 248.740072
22.505966 292.579175
23.510858 273.404381
20.419378 275.004078
21.707840 273.781838
20.630331 263.967967
23.724549 289.534359
23.800721 318.183313
22.660638 250.608292
22.620513 11912.826866
22.522098 262.709778
22.634257 274.788389
23.637832 250.112642
25.181967 273.530200
22.627216 272.104253
22.867626 288.703955
22.663655 250.589228
23.046502 275.928160
23.520661 298.668808
22.721149 273.593110
22.796481 270.636366
23.314578 289.534359
26.335838 273.656019
23.223792 297.976805
24.115003 321.532611
24.096400 285.105535
20.336357 249.441608
23.979392 295.485591
23.985706 274.335441
25.680994 274.680544
23.732208 291.471969
24.094007 421.880930
25.030286 297.423202
24.129994 249.121341
24.301588 262.206503
25.576863 289.534359
25.683564 250.608292
25.999549 11821.715379
25.677972 250.577097
25.864712 271.349340
26.975685 288.427153
27.206309 294.516786
26.040780 269.000721
26.174855 288.150352
26.414386 269.252359
26.730838 273.089834
27.305411 418.638809
26.036050 287.319947
26.375357 297.561602
25.677840 271.181581
26.623836 297.146400
26.872756 315.442979
23.996838 249.807626
26.785695 250.036388
29.153841 287.596749
26.074337 275.971086
29.737873 11730.603893
27.127388 319.401240
27.278981 281.783917
27.856655 274.536751
27.127539 287.319947
27.283250 248.663818
28.051127 296.039194
29.259465 268.371627
27.332583 260.193401
28.830526 286.766344
28.434564 273.278562
28.699692 250.526591
28.846564 250.532038
28.799309 274.956147
30.252535 273.026925
28.997195 270.594427
28.747360 284.551932
29.774215 294.378385
29.493558 296.869599
29.397535 275.832685
29.694367 267.994170
30.732645 314.834015
30.385601 256.922111
31.087886 316.660905
29.721500 296.454396
29.859105 271.957464
30.190184 286.489543
29.528655 287.043146
31.510207 279.569505
#type       avg     std     min     5th    10th    90th    95th    99th
read      220.4   255.2    66.3   173.0   179.8   250.2   264.1   285.0
update    221.3    28.1   106.7   176.8   184.9   261.0   271.3   292.7
op_q        1.0     0.0     1.0     1.0     1.0     1.1     1.1     1.1

Total QPS = 184.6 (5537 / 30.0s)

Misses = 0 (0.0%)
Skipped TXs = 0 (0.0%)

RX    1028875 bytes :    0.0 MB/s
TX     614428 bytes :    0.0 MB/s
