3.000282 5000.000000 14947 4981.865570 159.419698
3.000266 5000.000000 14970 4989.557973 159.665855
3.000065 5000.000000 14909 4969.558979 159.025887
3.000065 5000.000000 15006 5001.892206 160.060551
3.000032 5000.000000 14787 4928.947152 157.726309
3.000046 5000.000000 15040 5013.256882 160.424220
3.000089 5000.000000 15036 5011.850503 160.379216
3.000516 5000.000000 15047 5014.804770 160.473753
3.000134 5000.000000 14896 4965.112265 158.883592
3.000576 5000.000000 14834 4943.718027 158.198977
3.000094 5000.000000 14892 4963.845240 158.843048
3.000008 5000.000000 14947 4982.319977 159.434239
3.000086 5000.000000 14972 4990.524032 159.696769
3.000348 5000.000000 14984 4994.088114 159.810820
3.000457 5000.000000 15017 5004.904407 160.156941
3.000250 5000.000000 14723 4907.257236 157.032232
3.000079 5000.000000 14950 4983.202775 159.462489
3.000181 5000.000000 15095 5031.363324 161.003626
3.000026 5000.000000 14914 4971.289980 159.081279
3.000276 5000.000000 15055 5017.871348 160.571883
3.000193 5000.000000 15368 5122.336477 163.914767
3.000001 5000.000000 14918 4972.664554 159.125266
3.000221 5000.000000 15043 5013.964359 160.446859
3.000336 5000.000000 14920 4972.776634 159.128852
3.000029 5000.000000 14813 4937.618978 158.003807
3.000180 5000.000000 14995 4998.033271 159.937065
3.000047 5000.000000 14929 4976.255443 159.240174
3.000209 5000.000000 14824 4940.989353 158.111659
3.000286 5000.000000 14979 4992.524318 159.760778
3.000052 5000.000000 15104 5034.579712 161.106551
3.000299 5000.000000 15146 5048.162801 161.541210
3.000087 5000.000000 15028 5009.187767 160.294009
6.001295 5000.000000 15136 5043.507226 161.392231
6.000781 5000.000000 14946 4981.118405 159.395789
6.000370 5000.000000 14844 4947.518830 158.320603
6.000242 5000.000000 15103 5033.975974 161.087231
6.000086 5000.000000 14868 4955.965525 158.590897
6.000281 5000.000000 15036 5011.991772 160.383737
6.000324 5000.000000 14873 4957.570708 158.642263
6.000262 5000.000000 14988 4995.617861 159.859772
6.003575 5000.000000 14967 4983.211052 159.462754
6.000355 5000.000000 15111 5036.706993 161.174624
6.000254 5000.000000 14857 4952.211846 158.470779
6.000002 5000.000000 15165 5054.999021 161.759969
6.000097 5000.000000 15229 5076.212641 162.438805
6.000553 5000.000000 15211 5069.874166 162.235973
6.000313 5000.000000 14910 4969.588977 159.026847
6.000101 5000.000000 15248 5082.508546 162.640273
6.000491 5000.000000 14915 4971.173207 159.077543
6.000156 5000.000000 14892 4963.962769 158.846809
6.000156 5000.000000 15249 5082.893464 162.652591
6.000229 5000.000000 14652 4883.701604 156.278451
6.000681 5000.000000 14937 4978.237033 159.303585
6.000319 5000.000000 14632 4876.954950 156.062558
6.000375 5000.000000 15051 5016.850422 160.539214
6.000800 5000.000000 14949 4982.248733 159.431959
6.000743 5000.000000 15073 5024.052830 160.769691
6.001202 5000.000000 14866 4953.434436 158.509902
6.000058 5000.000000 14914 4971.314983 159.082079
6.000509 5000.000000 14966 4988.580776 159.634585
6.000551 5000.000000 15196 5065.273129 162.088740
6.000500 5000.000000 14788 4929.063880 157.730044
6.000384 5000.000000 15115 5038.191590 161.222131
6.000710 5000.000000 14958 4984.964436 159.518862
9.000521 5000.000000 14866 4954.905015 158.556960
9.000189 5000.000000 14883 4960.855406 158.747373
9.000199 5000.000000 15147 5048.668917 161.557405
9.000451 5000.000000 14973 4990.411158 159.693157
9.000544 5000.000000 15331 5109.796221 163.513479
9.000768 5000.000000 14940 4979.640296 159.348489
9.000133 5000.000000 15121 5040.253913 161.288125
9.000294 5000.000000 14908 4969.106146 159.011397
9.000549 5000.000000 15088 5029.251299 160.936042
9.000416 5000.000000 15110 5036.503725 161.168119
9.000428 5000.000000 14917 4971.882328 159.100235
9.000389 5000.000000 15264 5087.770998 162.808672
9.000434 5000.000000 14746 4915.083277 157.282665
9.000439 5000.000000 14820 4939.791557 158.073330
9.000328 5000.000000 14918 4972.660288 159.125129
9.000409 5000.000000 15000 4999.936349 159.997963
9.000436 5000.000000 15092 5030.340705 160.970903
9.000382 5000.000000 14988 4995.955617 159.870580
9.001512 5000.000000 15027 5007.400022 160.236801
9.000654 5000.000000 15038 5012.394121 160.396612
9.000237 5000.000000 15111 5036.700057 161.174402
9.001211 5000.000000 15132 5043.213064 161.382818
9.000530 5000.000000 14897 4965.410079 158.893123
9.000906 5000.000000 14979 4992.824185 159.770374
9.000529 5000.000000 14824 4941.299129 158.121572
9.001138 5000.000000 15192 5063.397925 162.028734
9.000822 5000.000000 15033 5010.763623 160.344436
9.001757 5000.000000 14732 4909.911085 157.117155
9.001318 5000.000000 14975 4991.473010 159.727136
9.000504 5000.000000 15225 5074.797039 162.393505
9.004594 5000.000000 15178 5057.614696 161.843670
9.000908 5000.000000 15357 5118.662993 163.797216
12.000830 5000.000000 15251 5083.158052 162.661058
12.000246 5000.000000 14894 4964.572251 158.866312
12.000953 5000.000000 14940 4979.096289 159.331081
12.000599 5000.000000 14884 4960.884316 158.748298
12.000452 5000.000000 14953 4984.332017 159.498625
12.000784 5000.000000 15179 5059.066140 161.890116
12.000225 5000.000000 15008 5002.622347 160.083915
12.000503 5000.000000 15204 5067.645904 162.164669
12.000561 5000.000000 14897 4965.600599 158.899219
12.000836 5000.000000 15033 5010.241268 160.327721
12.000362 5000.000000 15188 5062.280337 161.992971
12.000467 5000.000000 15400 5133.245871 164.263868
12.000531 5000.000000 14982 4993.996878 159.807900
12.000483 5000.000000 15281 5093.593194 162.994982
12.000915 5000.000000 14885 4961.422909 158.765533
12.000591 5000.000000 15018 5005.736992 160.183584
12.000705 5000.000000 15115 5038.063233 161.218023
12.000668 5000.000000 14819 4939.284916 158.057117
12.000698 5000.000000 15071 5023.416455 160.749327
12.000267 5000.000000 14818 4939.283126 158.057060
12.000701 5000.000000 15128 5042.587711 161.362807
12.001812 5000.000000 14736 4911.017359 157.152556
12.000632 5000.000000 15029 5009.259967 160.296319
12.001060 5000.000000 15090 5029.741837 160.951739
12.001522 5000.000000 15039 5012.982789 160.415449
12.000991 5000.000000 15210 5069.714643 162.230869
12.001264 5000.000000 14838 4945.791507 158.265328
12.001391 5000.000000 15242 5080.543954 162.577407
12.001762 5000.000000 15150 5049.991427 161.599726
12.000784 5000.000000 15194 5064.194501 162.054224
12.005276 5000.000000 15026 5007.528707 160.240919
12.000915 5000.000000 14785 4928.322449 157.706318
15.001372 5000.000000 15049 5015.028085 160.480899
15.001198 5000.000000 14981 4992.557198 159.761830
15.001056 5000.000000 15140 5045.703024 161.462497
15.000415 5000.000000 15061 5020.016482 160.640527
15.000715 5000.000000 14722 4906.755916 157.016189
15.000999 5000.000000 15050 5016.527512 160.528880
15.000513 5000.000000 15015 5004.898585 160.156755
15.001342 5000.000000 15064 5020.025810 160.640826
15.000251 5000.000000 15083 5027.657522 160.885041
15.000842 5000.000000 15217 5071.922923 162.301534
15.000590 5000.000000 14771 4923.464752 157.550872
15.000706 5000.000000 15089 5029.653595 160.948915
15.001274 5000.000000 14915 4970.663265 159.061224
15.000514 5000.000000 15308 5102.246721 163.271895
15.000717 5000.000000 14912 4970.313233 159.050023
15.000783 5000.000000 14972 4990.531257 159.697000
15.000845 5000.000000 15013 5004.099518 160.131185
15.001036 5000.000000 14864 4954.529456 158.544943
15.001186 5000.000000 14877 4958.677071 158.677666
15.001163 5000.000000 15134 5044.493489 161.423792
15.001016 5000.000000 14736 4911.706232 157.174599
15.001620 5000.000000 15116 5038.501841 161.232059
15.000636 5000.000000 14903 4967.659731 158.965111
15.001100 5000.000000 15159 5052.467810 161.678970
15.001496 5000.000000 15180 5059.608985 161.907488
15.000889 5000.000000 14840 4946.569713 158.290231
15.001849 5000.000000 14916 4971.938436 159.102030
15.001427 5000.000000 15238 5079.272243 162.536712
15.001768 5000.000000 15064 5021.323800 160.682362
15.000925 5000.000000 15005 5001.431488 160.045808
15.005475 5000.000000 14974 4991.001524 159.712049
15.000936 5000.000000 14821 4940.298106 158.089539
18.001153 5000.000000 14908 4969.139992 159.012480
18.001000 5000.000000 14907 4968.192880 158.982172
18.000540 5000.000000 14794 4930.858289 157.787465
18.001424 5000.000000 14920 4972.373992 159.115968
18.000723 5000.000000 14974 4990.820901 159.706269
18.000865 5000.000000 14888 4962.211734 158.790775
18.001296 5000.000000 15186 5061.499018 161.967969
18.000738 5000.000000 15047 5015.630606 160.500179
18.000617 5000.000000 14998 4999.162018 159.973185
18.000661 5000.000000 14957 4985.625866 159.540028
18.000851 5000.000000 14998 4999.319053 159.978210
18.000805 5000.000000 15177 5058.847788 161.883129
18.000992 5000.000000 14999 4999.317670 159.978165
18.001222 5000.000000 15265 5087.982810 162.815450
18.001369 5000.000000 15032 5010.622053 160.339906
18.001215 5000.000000 14979 4992.912821 159.773210
18.001332 5000.000000 14950 4982.949327 159.454378
18.000767 5000.000000 15185 5061.563268 161.970025
18.001471 5000.000000 15344 5114.201864 163.654460
18.001956 5000.000000 14863 4953.779037 158.520929
18.001075 5000.000000 14906 4968.359711 158.987511
18.001305 5000.000000 14987 4995.251778 159.848057
18.001420 5000.000000 14806 4935.254088 157.928131
18.002042 5000.000000 14873 4956.764538 158.616465
18.001339 5000.000000 15239 5079.556948 162.545822
18.001932 5000.000000 14751 4916.863758 157.339640
18.001217 5000.000000 14785 4928.283287 157.705065
18.002249 5000.000000 14842 4946.539915 158.289277
18.001545 5000.000000 14967 4988.803368 159.641708
18.001248 5000.000000 15018 5005.460746 160.174744
18.005646 5000.000000 14992 4997.048808 159.905562
18.001002 5000.000000 14781 4926.891212 157.660519
21.000921 5000.000000 15052 5017.140570 160.548498
21.000804 5000.000000 15247 5081.886535 162.620369
21.001158 5000.000000 14943 4980.303051 159.369698
21.000847 5000.000000 14801 4933.462157 157.870789
21.000703 5000.000000 14733 4910.858835 157.147483
21.001190 5000.000000 14842 4946.773730 158.296759
21.001112 5000.000000 15023 5006.913721 160.221239
21.001385 5000.000000 15053 5017.278259 160.552904
21.001132 5000.000000 15352 5117.108843 163.747483
21.001466 5000.000000 14845 4947.919802 158.333434
21.001033 5000.000000 14887 4962.266345 158.792523
21.002682 5000.000000 14863 4953.277593 158.504883
21.001588 5000.000000 14967 4988.727667 159.639285
21.001232 5000.000000 15095 5031.650076 161.012802
21.001106 5000.000000 15119 5039.260819 161.256346
21.001746 5000.000000 15093 5029.358995 160.939488
21.001714 5000.000000 14966 4987.986579 159.615571
21.001186 5000.000000 15155 5051.479128 161.647332
21.001456 5000.000000 15130 5043.063758 161.378040
21.001292 5000.000000 15041 5013.540212 160.433287
21.001434 5000.000000 14918 4972.507874 159.120252
21.002165 5000.000000 14951 4983.320214 159.466247
21.001571 5000.000000 15129 5042.659842 161.365115
21.001484 5000.000000 15143 5047.560199 161.521926
21.001444 5000.000000 15096 5031.811888 161.017980
21.001693 5000.000000 14939 4979.297998 159.337536
21.002235 5000.000000 14809 4935.833787 157.946681
21.001697 5000.000000 15178 5059.077091 161.890467
21.002397 5000.000000 15054 5017.751448 160.568046
21.002070 5000.000000 15124 5039.952722 161.278487
21.005682 5000.000000 14879 4959.607280 158.707433
21.001209 5000.000000 14996 4998.321832 159.946299
24.000952 5000.000000 14732 4910.423790 157.133561
24.001666 5000.000000 15092 5030.294564 160.969426
24.000951 5000.000000 15058 5019.282145 160.617029
24.001359 5000.000000 15185 5060.802716 161.945687
24.001172 5000.000000 15064 5021.267268 160.680553
24.001389 5000.000000 15091 5029.999005 160.959968
24.001319 5000.000000 15051 5016.955545 160.542577
24.001049 5000.000000 15000 4999.972078 159.999106
24.001889 5000.000000 15323 5106.977117 163.423268
24.000732 5000.000000 15182 5060.617283 161.939753
24.002061 5000.000000 14889 4962.015006 158.784480
24.001474 5000.000000 14806 4935.186643 157.925973
24.001309 5000.000000 15393 5130.664048 164.181250
24.002336 5000.000000 15054 5017.831700 160.570614
24.001522 5000.000000 15022 5007.186798 160.229978
24.001354 5000.000000 14906 4968.465417 158.990893
24.001820 5000.000000 14999 4999.060582 159.969939
24.001857 5000.000000 14864 4954.222078 158.535106
24.001828 5000.000000 15072 5023.773504 160.760752
24.001771 5000.000000 15054 5017.875973 160.572031
24.002339 5000.000000 14714 4904.381429 156.940206
24.001403 5000.000000 14961 4986.593422 159.570989
24.001146 5000.000000 15161 5053.599504 161.715184
24.001275 5000.000000 15490 5163.180194 165.221766
24.002160 5000.000000 14958 4985.259037 159.528289
24.001578 5000.000000 15040 5013.321784 160.426297
24.002109 5000.000000 15014 5004.061730 160.129975
24.002723 5000.000000 14924 4974.126600 159.172051
24.002718 5000.000000 14943 4980.939265 159.390056
24.002105 5000.000000 15158 5052.606432 161.683406
24.005990 5000.000000 15165 5054.481785 161.743417
24.001435 5000.000000 14966 4988.291843 159.625339
27.001012 5000.000000 15148 5049.233562 161.575474
27.001300 5000.000000 14708 4902.456170 156.878597
27.000982 5000.000000 14929 4976.282388 159.241036
27.001437 5000.000000 14870 4956.538042 158.609217
27.001533 5000.000000 15260 5086.446085 162.766275
27.001620 5000.000000 15208 5069.262727 162.216407
27.001643 5000.000000 14969 4989.386700 159.660374
27.001470 5000.000000 15138 5045.863470 161.467631
27.001642 5000.000000 14841 4946.524199 158.288774
27.001550 5000.000000 14966 4988.265831 159.624507
27.001623 5000.000000 15119 5038.865756 161.243704
27.001244 5000.000000 14714 4904.349256 156.939176
27.001758 5000.000000 15040 5013.179268 160.421737
27.000960 5000.000000 14905 4967.957107 158.974627
27.002114 5000.000000 15105 5034.569726 161.106231
27.002062 5000.000000 15297 5098.705515 163.158576
27.001631 5000.000000 14974 4990.740663 159.703701
27.002084 5000.000000 15103 5034.294429 161.097422
27.001482 5000.000000 15202 5067.058788 162.145881
27.002285 5000.000000 15022 5006.556297 160.209801
27.001701 5000.000000 15000 4999.702658 159.990485
27.002931 5000.000000 15204 5067.640999 162.164512
27.001846 5000.000000 15088 5029.303100 160.937699
27.001793 5000.000000 15001 5000.296322 160.009482
27.002411 5000.000000 15199 5066.211902 162.118781
27.002263 5000.000000 14951 4983.495297 159.471850
27.002514 5000.000000 15014 5004.370457 160.139855
27.002121 5000.000000 15033 5010.978962 160.351327
27.002972 5000.000000 14962 4986.919018 159.581409
27.002228 5000.000000 15144 5047.793580 161.529395
27.006267 5000.000000 14922 4973.539834 159.153275
27.001773 5000.000000 15044 5014.101269 160.451241
#type       avg     std     min     5th    10th    90th    95th    99th
read     1272.8   317.8   142.0   826.4   874.0  1603.1  1659.8  2169.6
update   1272.0   317.5   251.6   826.5   874.1  1603.1  1659.4  2169.4
op_q        8.3     3.4     1.0     3.1     4.1    12.8    14.2    17.5

Total QPS = 320049.8 (9601494 / 30.0s)

Misses = 0 (0.0%)
Skipped TXs = 0 (0.0%)

RX 1653075676 bytes :   52.5 MB/s
TX 1061975642 bytes :   33.8 MB/s
