3.002020 937.500000 2749 915.716884 29.302940
3.001142 937.500000 2751 916.651139 29.332836
3.000735 937.500000 2748 915.775617 29.304820
3.001343 937.500000 2967 988.557551 31.633842
3.002319 937.500000 2799 932.279274 29.832937
3.000463 937.500000 2819 939.521533 30.064689
3.004244 937.500000 2741 912.375889 29.196028
3.001637 937.500000 2785 927.827029 29.690465
3.001152 937.500000 2907 968.627955 30.996095
3.002750 937.500000 2795 930.813417 29.786029
3.000563 937.500000 2817 938.823922 30.042365
3.002012 937.500000 2963 987.004567 31.584146
3.005106 937.500000 2785 926.756040 29.656193
3.000067 937.500000 2747 915.646175 29.300678
3.000180 937.500000 2791 930.277505 29.768880
3.000678 937.500000 2679 892.798279 28.569545
3.000316 937.500000 2764 921.236348 29.479563
3.001079 937.500000 2823 940.661734 30.101175
3.000502 937.500000 2762 920.512683 29.456406
3.001931 937.500000 2816 938.062732 30.018007
3.001598 937.500000 2827 941.831698 30.138614
3.000755 937.500000 2772 923.767534 29.560561
3.000276 937.500000 2791 930.247855 29.767931
3.000078 937.500000 2875 958.308409 30.665869
3.003006 937.500000 2762 919.745228 29.431847
3.000201 937.500000 2747 915.605351 29.299371
3.000019 937.500000 2840 946.660669 30.293141
3.000040 937.500000 2822 940.654188 30.100934
3.001295 937.500000 2785 927.932744 29.693848
3.000510 937.500000 2758 919.176975 29.413663
3.000255 937.500000 2710 903.256447 28.904206
3.001417 937.500000 2927 975.206149 31.206597
6.006911 937.500000 2897 963.548335 30.833547
6.003154 937.500000 2890 962.502094 30.800067
6.005974 937.500000 2796 930.171806 29.765498
6.000895 937.500000 2793 930.866038 29.787713
6.001232 937.500000 2794 931.106588 29.795411
6.001171 937.500000 2769 922.651958 29.524863
6.001628 937.500000 2827 942.034817 30.145114
6.011385 937.500000 2872 953.946994 30.526304
6.000134 937.500000 2902 967.311784 30.953977
6.000426 937.500000 2848 949.255385 30.376172
6.001179 937.500000 2679 892.731124 28.567396
6.001699 937.500000 2779 926.141938 29.636542
6.002256 937.500000 2813 937.473344 29.999147
6.004708 937.500000 2862 953.143669 30.500597
6.001946 937.500000 2841 946.749449 30.295982
6.003569 937.500000 2882 959.890126 30.716484
6.003169 937.500000 2757 918.518952 29.392606
6.003699 937.500000 2832 943.074472 30.178383
6.002607 937.500000 2771 923.277446 29.544878
6.002026 937.500000 2657 885.664721 28.341271
6.000510 937.500000 2808 935.903678 29.948918
6.002949 937.500000 2833 944.135035 30.212321
6.000388 937.500000 2758 919.220124 29.415044
6.003501 937.500000 2816 938.431666 30.029813
6.002125 937.500000 2848 949.271955 30.376703
6.004696 937.500000 2783 927.526863 29.680860
6.005883 937.500000 2742 913.763182 29.240422
6.001501 937.500000 2840 946.354187 30.283334
6.003253 937.500000 2743 913.737102 29.239587
6.005903 937.500000 2870 955.743606 30.583795
6.003656 937.500000 2746 914.296851 29.257499
6.001739 937.500000 2856 951.897855 30.460731
9.006573 937.500000 2873 956.290419 30.601293
9.005755 937.500000 2818 938.348732 30.027159
9.004282 937.500000 2774 923.727822 29.559290
9.000838 937.500000 2776 925.116194 29.603718
9.004276 937.500000 2809 935.919397 29.949421
9.002355 937.500000 2791 929.880708 29.756183
9.003621 937.500000 2789 929.071244 29.730280
9.002572 937.500000 2857 951.652739 30.452888
9.004395 937.500000 2727 908.749764 29.079992
9.009493 937.500000 2821 937.998557 30.015954
9.001826 937.500000 2763 920.801517 29.465649
9.002163 937.500000 2876 958.597444 30.675118
9.003887 937.500000 2823 940.774852 30.104795
9.001966 937.500000 2830 943.227095 30.183267
9.000746 937.500000 2737 912.261420 29.192365
9.006359 937.500000 2899 966.209395 30.918701
9.007045 937.500000 2864 953.603075 30.515298
9.004253 937.500000 2762 920.329377 29.450540
9.001344 937.500000 2810 936.612772 29.971609
9.000758 937.500000 2784 927.885640 29.692340
9.005393 937.500000 2786 928.454720 29.710551
9.004923 937.500000 2853 950.549604 30.417587
9.008147 937.500000 2624 874.007175 27.968230
9.002316 937.500000 2816 938.607123 30.035428
9.005487 937.500000 2750 916.425291 29.325609
9.002797 937.500000 2902 966.915707 30.941303
9.003479 937.500000 2830 943.262181 30.184390
9.007352 937.500000 2826 941.861486 30.139568
9.007822 937.500000 2913 970.379403 31.052141
9.011543 937.500000 2766 921.951196 29.502438
9.004946 937.500000 2828 942.261652 30.152373
9.001970 937.500000 2892 963.925636 30.845620
12.003288 937.500000 2821 939.541120 30.065316
12.003176 937.500000 2863 953.590234 30.514887
12.002026 937.500000 2752 917.315046 29.354081
12.003830 937.500000 2849 949.200140 30.374404
12.004155 937.500000 2780 926.177875 29.637692
12.003498 937.500000 2715 904.170757 28.933464
12.002675 937.500000 2687 895.513855 28.656443
12.006064 937.500000 2760 919.905358 29.436971
12.004216 937.500000 2801 933.481683 29.871414
12.006445 937.500000 2695 898.018169 28.736581
12.001836 937.500000 2835 944.996665 30.239893
12.003448 937.500000 3008 1002.288254 32.073224
12.008142 937.500000 2897 965.161896 30.885181
12.001910 937.500000 2809 936.156682 29.957014
12.004292 937.500000 2636 878.661952 28.117182
12.005230 937.500000 2707 902.048216 28.865543
12.008388 937.500000 2811 935.469180 29.935014
12.004589 937.500000 2875 958.225918 30.663229
12.004598 937.500000 2790 929.779684 29.752950
12.007244 937.500000 2780 925.787308 29.625194
12.002890 937.500000 2858 952.637105 30.484387
12.005745 937.500000 2826 941.918882 30.141404
12.005232 937.500000 2797 932.237125 29.831588
12.006579 937.500000 2773 924.265717 29.576503
12.008236 937.500000 2863 954.201621 30.534452
12.007594 937.500000 2827 942.257495 30.152240
12.010498 937.500000 2882 959.914453 30.717262
12.011422 937.500000 2868 955.385896 30.572349
12.007243 937.500000 2939 979.602214 31.347271
12.011594 937.500000 2737 912.317982 29.194175
12.005048 937.500000 2787 928.968243 29.726984
12.003364 937.500000 2850 949.558724 30.385879
15.005816 937.500000 2829 941.810306 30.137930
15.004379 937.500000 2904 967.822889 30.970332
15.005194 937.500000 2750 916.349258 29.323176
15.006168 937.500000 2769 921.926568 29.501650
15.006050 937.500000 2860 952.775215 30.488807
15.002112 937.500000 2861 953.578990 30.514528
15.009286 937.500000 2934 977.627189 31.284070
15.006472 937.500000 2829 942.066111 30.146116
15.004616 937.500000 2795 931.219553 29.799026
15.004184 937.500000 2762 919.969263 29.439016
15.006145 937.500000 2810 936.541904 29.969341
15.006219 937.500000 2881 960.016614 30.720532
15.005123 937.500000 2847 948.713215 30.358823
15.007008 937.500000 2763 920.258187 29.448262
15.004855 937.500000 2788 929.253640 29.736116
15.003602 937.500000 2840 946.618202 30.291782
15.007941 937.500000 2736 911.787729 29.177207
15.008153 937.500000 2920 972.386812 31.116378
15.004210 937.500000 2843 947.375442 30.316014
15.007201 937.500000 2943 980.796587 31.385491
15.010754 937.500000 2745 914.037259 29.249192
15.007282 937.500000 2858 952.280129 30.472964
15.007024 937.500000 2832 943.818084 30.202179
15.004075 937.500000 2739 912.639554 29.204466
15.008598 937.500000 2739 912.588280 29.202825
15.008976 937.500000 2854 951.098556 30.435154
15.012733 937.500000 2829 942.588145 30.162821
15.010941 937.500000 2750 916.531423 29.329006
15.008526 937.500000 2761 920.291197 29.449318
15.012485 937.500000 2794 931.056842 29.793819
15.005184 937.500000 2818 939.290786 30.057305
15.004221 937.500000 2783 927.401683 29.676854
18.004425 937.500000 2839 946.318765 30.282200
18.005960 937.500000 2659 886.290862 28.361308
18.002981 937.500000 2877 958.722251 30.679112
18.007257 937.500000 2800 933.255668 29.864181
18.007348 937.500000 2906 968.247756 30.983928
18.008065 937.500000 2787 928.412856 29.709211
18.005075 937.500000 2841 946.930537 30.301777
18.004817 937.500000 2866 955.269573 30.568626
18.005560 937.500000 2847 948.884343 30.364299
18.011584 937.500000 2834 944.463990 30.222848
18.006070 937.500000 2895 964.393784 30.860601
18.006091 937.500000 2888 962.356064 30.795394
18.006438 937.500000 2835 944.907569 30.237042
18.011722 937.500000 2818 939.030396 30.048973
18.006426 937.500000 2820 939.935252 30.077928
18.005140 937.500000 2836 944.848796 30.235161
18.008480 937.500000 2859 952.593807 30.483002
18.007676 937.500000 2961 986.785585 31.577139
18.004689 937.500000 2847 948.848468 30.363151
18.006887 937.500000 2807 934.790310 29.913290
18.007337 937.500000 2809 936.063207 29.954023
18.007988 937.500000 2812 937.112713 29.987607
18.010305 937.500000 2832 943.323049 30.186338
18.008977 937.500000 2803 934.333056 29.898658
18.009500 937.500000 2824 941.050331 30.113611
18.009651 937.500000 2676 891.891443 28.540526
18.008264 937.500000 2780 926.566880 29.650140
18.008898 937.500000 2831 943.549596 30.193587
18.013140 937.500000 2838 945.871617 30.267892
18.012699 937.500000 2744 914.601193 29.267238
18.005871 937.500000 2713 904.126383 28.932044
18.006008 937.500000 2778 925.448916 29.614365
21.007100 937.500000 2774 924.462757 29.582808
21.008205 937.500000 2862 953.328336 30.506507
21.009955 937.500000 2755 916.643548 29.332594
21.003581 937.500000 2844 947.810651 30.329941
21.011564 937.500000 2902 965.162428 30.885198
21.008686 937.500000 2813 936.960796 29.982745
21.007214 937.500000 2762 920.281884 29.449020
21.005097 937.500000 2919 972.992792 31.135769
21.005812 937.500000 2780 926.588935 29.650846
21.008149 937.500000 2836 945.184145 30.245893
21.007395 937.500000 2886 961.955680 30.782582
21.008539 937.500000 2808 935.628454 29.940111
21.004851 937.500000 2769 922.950165 29.534405
21.010756 937.500000 2763 919.279268 29.416937
21.006077 937.500000 2779 926.331146 29.642597
21.008162 937.500000 2867 955.635810 30.580346
21.013178 937.500000 2844 947.539934 30.321278
21.009720 937.500000 2777 925.284342 29.609099
21.008938 937.500000 2747 915.178320 29.285706
21.008075 937.500000 2974 991.304452 31.721742
21.010163 937.500000 2817 938.840011 30.042880
21.010828 937.500000 2740 913.174170 29.221573
21.008732 937.500000 2730 909.858133 29.115460
21.009969 937.500000 2884 961.183028 30.757857
21.010015 937.500000 2902 966.998737 30.943960
21.012717 937.500000 2956 985.327476 31.530479
21.007002 937.500000 2829 942.963767 30.174841
21.013155 937.500000 2827 941.840181 30.138886
21.008900 937.500000 2856 951.999279 30.463977
21.022148 937.500000 2855 948.817637 30.362164
21.007363 937.500000 2748 915.544646 29.297429
21.006312 937.500000 2789 929.572473 29.746319
24.003912 937.500000 2813 937.563061 30.002018
24.009441 937.500000 2742 912.895729 29.212663
24.005720 937.500000 2689 896.147378 28.676716
24.012249 937.500000 2809 935.032499 29.921040
24.009712 937.500000 2784 927.516708 29.680535
24.007636 937.500000 2831 943.533821 30.193082
24.008457 937.500000 2760 919.909610 29.437108
24.007444 937.500000 2846 948.651214 30.356839
24.006750 937.500000 2767 921.749903 29.495997
24.008962 937.500000 2872 956.739554 30.615666
24.008163 937.500000 2843 947.008138 30.304260
24.008243 937.500000 2743 914.321777 29.258297
24.010084 937.500000 2763 920.525890 29.456828
24.009787 937.500000 2816 938.322464 30.026319
24.010250 937.500000 2753 917.253900 29.352125
24.012541 937.500000 2825 940.781809 30.105018
24.011484 937.500000 2764 920.927775 29.469689
24.009020 937.500000 2757 918.974828 29.407194
24.010292 937.500000 2792 930.562191 29.777990
24.010204 937.500000 2836 945.259286 30.248297
24.011864 937.500000 2813 937.572993 30.002336
24.007319 937.500000 2911 970.230977 31.047391
24.013067 937.500000 2827 941.607960 30.131455
24.008873 937.500000 2805 934.955849 29.918587
24.010559 937.500000 2828 942.495867 30.159868
24.015014 937.500000 2909 969.066121 31.010116
24.011640 937.500000 2730 909.753998 29.112128
24.013198 937.500000 2828 942.660532 30.165137
24.014164 937.500000 2783 927.219597 29.671027
24.007866 937.500000 2799 932.843700 29.850998
24.023240 937.500000 2848 948.987947 30.367614
24.007439 937.500000 2766 921.653683 29.492918
27.014067 937.500000 2879 957.331622 30.634612
27.004085 937.500000 2808 935.946067 29.950274
27.007145 937.500000 2783 927.226256 29.671240
27.008023 937.500000 2830 943.211620 30.182772
27.009191 937.500000 2776 925.040967 29.601311
27.012224 937.500000 2847 947.987598 30.335603
27.007536 937.500000 2842 947.304341 30.313739
27.010229 937.500000 2794 931.196059 29.798274
27.009214 937.500000 2875 958.252820 30.664090
27.011198 937.500000 2907 968.115345 30.979691
27.010838 937.500000 2803 934.098635 29.891156
27.009571 937.500000 2786 928.626226 29.716039
27.014425 937.500000 2690 896.103903 28.675325
27.010815 937.500000 2777 925.505269 29.616169
27.010178 937.500000 2801 933.521696 29.872694
27.008910 937.500000 2762 920.437486 29.454000
27.011263 937.500000 2796 931.671283 29.813481
27.009496 937.500000 2793 930.806977 29.785823
27.007382 937.500000 2862 953.980035 30.527361
27.011547 937.500000 2735 911.366334 29.163723
27.014002 937.500000 2872 956.530499 30.608976
27.014012 937.500000 2857 952.074757 30.466392
27.013214 937.500000 2745 914.588583 29.266835
27.018079 937.500000 2767 921.392192 29.484550
27.011694 937.500000 2723 907.650186 29.044806
27.013069 937.500000 2876 958.404592 30.668947
27.010355 937.500000 2785 928.300723 29.705623
27.014769 937.500000 2659 886.154560 28.356946
27.013070 937.500000 2733 910.999052 29.151970
27.008797 937.500000 2849 949.371776 30.379897
27.024283 937.500000 2816 938.340301 30.026890
27.007719 937.500000 2910 969.909335 31.037099
#type       avg     std     min     5th    10th    90th    95th    99th
read       82.7   205.9    45.3    62.0    64.8    97.8   106.6   135.8
update     86.4   195.5    49.8    64.9    67.9   103.0   112.2   139.9
op_q        1.1     0.3     1.0     1.0     1.0     1.1     2.0     2.1

Total QPS = 59912.3 (1797370 / 30.0s)

Misses = 0 (0.0%)
Skipped TXs = 0 (0.0%)

RX  307852239 bytes :    9.8 MB/s
TX  198885302 bytes :    6.3 MB/s
