3.026421 625.000000 1855 612.935140 19.613924
3.001201 625.000000 1784 594.428774 19.021721
3.003987 625.000000 1843 613.517920 19.632573
3.003001 625.000000 1881 626.373357 20.043947
3.006586 625.000000 1879 624.961308 19.998762
3.000745 625.000000 1917 638.841319 20.442922
3.001910 625.000000 1855 617.939811 19.774074
3.002736 625.000000 1884 627.427845 20.077691
3.003228 625.000000 1950 649.301373 20.777644
3.004038 625.000000 1910 635.810842 20.345947
3.001261 625.000000 1881 626.736603 20.055571
3.001113 625.000000 1929 642.761602 20.568371
3.001358 625.000000 1900 633.046742 20.257496
3.000997 625.000000 1838 612.463137 19.598820
3.001960 625.000000 1824 607.603102 19.443299
3.002128 625.000000 1895 631.219020 20.199009
3.000126 625.000000 1818 605.974500 19.391184
3.000251 625.000000 1885 628.280776 20.104985
3.001810 625.000000 1899 632.618311 20.243786
3.002371 625.000000 1870 622.841092 19.930915
3.000347 625.000000 1792 597.264294 19.112457
3.000944 625.000000 1806 601.810631 19.257940
3.000145 625.000000 1880 626.636417 20.052365
3.002777 625.000000 1835 611.100963 19.555231
3.001468 625.000000 1877 625.360612 20.011540
3.000894 625.000000 1919 639.476088 20.463235
3.002192 625.000000 1815 604.558358 19.345867
3.000378 625.000000 1829 609.589946 19.506878
3.000142 625.000000 1920 639.969625 20.479028
3.000249 625.000000 1889 629.614403 20.147661
3.001238 625.000000 1854 617.744996 19.767840
3.000751 625.000000 1864 621.177743 19.877688
6.007326 625.000000 1788 595.017179 19.040550
6.001006 625.000000 1904 634.506901 20.304221
6.004051 625.000000 1932 643.823301 20.602346
6.002094 625.000000 1806 601.769223 19.256615
6.005644 625.000000 1912 636.209892 20.358717
6.001733 625.000000 1842 613.891037 19.644513
6.002306 625.000000 1943 647.384112 20.716292
6.004245 625.000000 1928 642.622388 20.563916
6.002446 625.000000 1888 629.266621 20.136532
6.004670 625.000000 1922 639.697886 20.470332
6.000684 625.000000 1903 634.219386 20.295020
6.002383 625.000000 1895 631.567106 20.210147
6.004600 625.000000 1831 609.654677 19.508950
6.004841 625.000000 1765 588.165915 18.821309
6.011741 625.000000 1972 655.197191 20.966310
6.007419 625.000000 1981 658.948081 21.086339
6.002565 625.000000 1846 614.858741 19.675480
6.005530 625.000000 1820 605.700588 19.382419
6.002469 625.000000 1891 629.844923 20.155038
6.002433 625.000000 1923 640.866991 20.507744
6.002621 625.000000 1811 603.412566 19.309202
6.003444 625.000000 1864 621.186673 19.877974
6.005763 625.000000 1888 628.754580 20.120147
6.004986 625.000000 1835 611.216722 19.558935
6.001323 625.000000 1846 615.245415 19.687853
6.002991 625.000000 1865 621.351259 19.883240
6.002588 625.000000 1838 612.585797 19.602746
6.007676 625.000000 1894 631.104050 20.195330
6.002184 625.000000 1894 630.953356 20.190507
6.004724 625.000000 1800 599.303711 19.177719
6.030438 625.000000 1854 617.173738 19.749560
6.001373 625.000000 1867 622.204403 19.910541
9.009185 625.000000 1895 630.237887 20.167612
9.001399 625.000000 1964 654.581041 20.946593
9.006630 625.000000 1893 630.091937 20.162942
9.003685 625.000000 1915 638.069783 20.418233
9.016075 625.000000 1816 602.630799 19.284186
9.005285 625.000000 1850 615.937414 19.709997
9.007713 625.000000 1861 619.577135 19.826468
9.005881 625.000000 1838 611.963324 19.582826
9.002473 625.000000 1819 606.256822 19.400218
9.006733 625.000000 1864 620.475947 19.855230
9.005287 625.000000 1828 609.121683 19.491894
9.003571 625.000000 1986 661.972083 21.183107
9.001444 625.000000 1859 619.509627 19.824308
9.010312 625.000000 1904 633.511286 20.272361
9.005870 625.000000 1839 612.953879 19.614524
9.009990 625.000000 1893 629.868373 20.155788
9.002771 625.000000 1863 620.700432 19.862414
9.008449 625.000000 1854 617.447197 19.758310
9.006262 625.000000 1872 623.320322 19.946250
9.009372 625.000000 1790 596.329546 19.082545
9.004942 625.000000 1825 608.278084 19.464899
9.003026 625.000000 1855 618.159934 19.781118
9.006585 625.000000 1834 611.118431 19.555790
9.003040 625.000000 1858 619.215474 19.814895
9.005706 625.000000 1958 652.509868 20.880316
9.009459 625.000000 1818 605.569524 19.378225
9.004981 625.000000 1962 653.473556 20.911154
9.013260 625.000000 1856 617.464624 19.758868
9.011852 625.000000 1855 618.310368 19.785932
9.006514 625.000000 1912 636.953269 20.382505
9.031770 625.000000 1839 612.727882 19.607292
9.001619 625.000000 1861 620.282419 19.849037
12.004690 625.000000 1836 611.329344 19.562539
12.002978 625.000000 1858 619.016908 19.808541
12.011086 625.000000 1865 621.311795 19.881977
12.002610 625.000000 1867 622.304986 19.913760
12.009419 625.000000 1875 623.807569 19.961842
12.006637 625.000000 1854 617.722064 19.767106
12.004539 625.000000 1904 634.461807 20.302778
12.012304 625.000000 1937 645.169010 20.645408
12.007753 625.000000 1863 620.576613 19.858452
12.005710 625.000000 1848 615.912752 19.709208
12.006092 625.000000 1876 625.287123 20.009188
12.008987 625.000000 1956 650.710053 20.822722
12.002949 625.000000 1947 648.961467 20.766767
12.006967 625.000000 1958 652.583639 20.882676
12.009170 625.000000 1880 626.136541 20.036369
12.009783 625.000000 1908 635.931285 20.349801
12.006143 625.000000 1876 625.278603 20.008915
12.007386 625.000000 1776 591.518205 18.928583
12.008979 625.000000 1937 645.394284 20.652617
12.011285 625.000000 1852 616.750193 19.736006
12.007327 625.000000 1924 641.206352 20.518603
12.009261 625.000000 1840 613.317746 19.626168
12.009988 625.000000 1824 607.245764 19.431864
12.005816 625.000000 1829 609.497216 19.503911
12.011309 625.000000 1873 624.126113 19.972036
12.003250 625.000000 1824 607.954633 19.454548
12.012743 625.000000 1880 626.480606 20.047379
12.014284 625.000000 1889 629.451779 20.142457
12.016682 625.000000 1845 614.875643 19.676021
12.008122 625.000000 1887 628.663120 20.117220
12.032472 625.000000 1864 621.187997 19.878016
12.002660 625.000000 1798 599.125430 19.172014
15.004215 625.000000 1850 616.412423 19.725198
15.018567 625.000000 1843 612.539754 19.601272
15.002830 625.000000 1805 601.622566 19.251922
15.006354 625.000000 1842 613.956816 19.646618
15.004733 625.000000 1953 650.990686 20.831702
15.006332 625.000000 1889 629.616221 20.147719
15.004558 625.000000 1922 640.662664 20.501205
15.021124 625.000000 1843 611.381026 19.564193
15.006121 625.000000 1939 646.244736 20.679832
15.007304 625.000000 1841 613.597788 19.635129
15.004485 625.000000 1868 622.348026 19.915137
15.011422 625.000000 1943 647.139566 20.708466
15.015749 625.000000 1921 639.598950 20.467166
15.011320 625.000000 1859 619.274394 19.816781
15.011633 625.000000 1894 630.815298 20.186090
15.007646 625.000000 1841 613.613480 19.635631
15.011437 625.000000 1850 616.635424 19.732334
15.008688 625.000000 1926 641.799982 20.537599
15.014059 625.000000 1855 617.721002 19.767072
15.009752 625.000000 1918 639.228622 20.455316
15.009221 625.000000 1776 591.953745 18.942520
15.004492 625.000000 1844 614.412241 19.661192
15.007739 625.000000 1905 634.912806 20.317210
15.012200 625.000000 1909 636.144221 20.356615
15.007575 625.000000 1807 601.980295 19.263369
15.013666 625.000000 1950 649.800016 20.793601
15.010125 625.000000 1818 605.972358 19.391115
15.014761 625.000000 1853 617.568418 19.762189
15.017193 625.000000 1932 643.890214 20.604487
15.008614 625.000000 1888 629.229989 20.135360
15.040069 625.000000 1908 634.393593 20.300595
15.002889 625.000000 1942 647.284060 20.713090
18.007906 625.000000 1900 632.627267 20.244073
18.006326 625.000000 1890 629.957009 20.158624
18.007087 625.000000 1876 625.175940 20.005630
18.004897 625.000000 1847 615.242742 19.687768
18.005266 625.000000 1913 637.553278 20.401705
18.004829 625.000000 1833 610.875060 19.548002
18.008134 625.000000 1941 646.820997 20.698272
18.006637 625.000000 1834 611.275621 19.560820
18.023407 625.000000 1795 595.994403 19.071821
18.004602 625.000000 1862 620.643932 19.860606
18.004513 625.000000 1876 625.327529 20.010481
18.008448 625.000000 1868 622.519567 19.920626
18.011930 625.000000 1759 585.908031 18.749057
18.013330 625.000000 1879 625.935238 20.029928
18.010712 625.000000 1802 600.039215 19.201255
18.011444 625.000000 1977 658.998464 21.087951
18.009249 625.000000 1899 632.661851 20.245179
18.008801 625.000000 1835 611.643592 19.572595
18.012469 625.000000 1834 611.278513 19.560912
18.010521 625.000000 1841 613.400999 19.628832
18.011325 625.000000 1894 631.332192 20.202630
18.015921 625.000000 1960 653.295876 20.905468
18.016336 625.000000 1883 627.190640 20.070100
18.024407 625.000000 1807 600.402802 19.212890
18.011097 625.000000 1997 665.451221 21.294439
18.015101 625.000000 1980 659.684447 21.109902
18.018140 625.000000 1852 617.138674 19.748438
18.026576 625.000000 1823 606.048698 19.393558
18.022192 625.000000 1815 604.784727 19.353111
18.014417 625.000000 1845 613.812790 19.642009
18.047024 625.000000 1831 608.921615 19.485492
18.004690 625.000000 1839 612.632084 19.604227
21.006980 625.000000 1933 644.192861 20.614172
21.012912 625.000000 1921 639.266700 20.456534
21.008443 625.000000 1888 628.667671 20.117365
21.005199 625.000000 1952 650.517877 20.816572
21.005081 625.000000 1885 628.294753 20.105432
21.008830 625.000000 1994 664.280741 21.256984
21.006811 625.000000 1876 624.920405 19.997453
21.008660 625.000000 1749 582.607314 18.643434
21.008478 625.000000 1922 640.660363 20.501132
21.006471 625.000000 1809 602.624541 19.283985
21.012522 625.000000 1945 647.626851 20.724059
21.011557 625.000000 1939 646.308917 20.681885
21.010905 625.000000 1928 642.073620 20.546356
21.010995 625.000000 1827 608.554922 19.473757
21.012039 625.000000 1951 650.178507 20.805712
21.012167 625.000000 1844 614.618153 19.667781
21.013021 625.000000 1791 596.890306 19.100490
21.015825 625.000000 1805 601.521622 19.248692
21.014643 625.000000 1844 614.397896 19.660733
21.010884 625.000000 1767 588.928657 18.845717
21.019291 625.000000 1828 608.733712 19.479479
21.011678 625.000000 1822 607.215733 19.430903
21.016395 625.000000 1932 643.898179 20.604742
21.010960 625.000000 1904 634.614215 20.307655
21.022870 625.000000 1924 641.188367 20.518028
21.020117 625.000000 1908 635.581080 20.338595
21.033507 625.000000 1869 621.116049 19.875714
21.024672 625.000000 1936 645.061361 20.641964
21.022132 625.000000 1784 593.141324 18.980522
21.031540 625.000000 1880 625.631494 20.020208
21.049092 625.000000 1980 659.545241 21.105448
21.004823 625.000000 1845 614.972887 19.679132
24.008211 625.000000 1925 641.403617 20.524916
24.012004 625.000000 1802 599.954461 19.198543
24.005628 625.000000 1960 653.214265 20.902856
24.006958 625.000000 1853 617.566317 19.762122
24.009463 625.000000 1842 613.457626 19.630644
24.012930 625.000000 1903 634.172003 20.293504
24.010110 625.000000 1869 622.734360 19.927500
24.009458 625.000000 1829 609.467448 19.502958
24.008005 625.000000 1872 623.416822 19.949338
24.009124 625.000000 1873 624.236735 19.975576
24.015407 625.000000 1802 600.189352 19.206059
24.012193 625.000000 1924 641.058047 20.513858
24.012669 625.000000 1969 656.090206 20.994887
24.013506 625.000000 1922 640.539746 20.497272
24.012282 625.000000 1890 629.949140 20.158372
24.017413 625.000000 1920 639.409511 20.461104
24.011398 625.000000 1858 619.250225 19.816007
24.016093 625.000000 1836 610.939139 19.550052
24.022150 625.000000 1904 632.636288 20.244361
24.020334 625.000000 1881 626.177833 20.037691
24.011693 625.000000 1864 621.330178 19.882566
24.012504 625.000000 1874 624.345391 19.979053
24.018065 625.000000 1793 597.220721 19.111063
24.019631 625.000000 1943 647.593433 20.722990
24.020773 625.000000 1923 640.859902 20.507517
24.026854 625.000000 1943 646.807753 20.697848
24.024793 625.000000 1811 603.642296 19.316553
24.037410 625.000000 1833 609.806827 19.513818
24.041694 625.000000 1836 610.334349 19.530699
24.023381 625.000000 1817 605.414512 19.373264
24.049516 625.000000 1883 627.578018 20.082497
24.004912 625.000000 1849 616.314919 19.722077
27.007520 625.000000 1802 600.287969 19.209215
27.008606 625.000000 1927 642.248704 20.551959
27.016157 625.000000 1846 613.894199 19.644614
27.014659 625.000000 1814 604.232591 19.335443
27.011325 625.000000 1944 647.283681 20.713078
27.015969 625.000000 1872 623.883007 19.964256
27.011517 625.000000 1879 626.039799 20.033274
27.012818 625.000000 1846 615.223333 19.687147
27.015872 625.000000 1940 645.976979 20.671263
27.012367 625.000000 1876 624.728779 19.991321
27.012620 625.000000 1836 611.874410 19.579981
27.009515 625.000000 1943 647.654358 20.724939
27.017360 625.000000 1964 653.368189 20.907782
27.014292 625.000000 1843 614.172414 19.653517
27.017374 625.000000 1946 647.707127 20.726628
27.015445 625.000000 1870 622.658298 19.925066
27.009716 625.000000 1832 610.105848 19.523387
27.013259 625.000000 1890 629.671361 20.149484
27.020169 625.000000 1809 602.446684 19.278294
27.018521 625.000000 1884 627.904513 20.092944
27.021019 625.000000 2016 671.689209 21.494055
27.018915 625.000000 1823 607.095654 19.427061
27.023675 625.000000 1859 619.067813 19.810170
27.021720 625.000000 1906 635.039943 20.321278
27.023787 625.000000 1916 638.318303 20.426186
27.025455 625.000000 1887 628.861107 20.123555
27.029674 625.000000 1961 653.052633 20.897684
27.042274 625.000000 1897 631.309718 20.201911
27.041816 625.000000 1834 611.308457 19.561871
27.025201 625.000000 1933 643.942702 20.606166
27.052370 625.000000 1883 627.070187 20.066246
27.006829 625.000000 1881 626.599569 20.051186
#type       avg     std     min     5th    10th    90th    95th    99th
read       76.7   127.6    37.4    51.9    54.3   111.5   127.3   165.6
update     80.4   116.2    41.1    55.3    56.9   115.0   131.0   169.8
op_q        1.1     0.2     1.0     1.0     1.0     1.1     1.9     2.1

Total QPS = 39913.7 (1197411 / 30.0s)

Misses = 0 (0.0%)
Skipped TXs = 0 (0.0%)

RX  205102581 bytes :    6.5 MB/s
TX  132626942 bytes :    4.2 MB/s
