3.000472 2777.777778 8405 2801.225593 89.639219
3.000272 2777.777778 8272 2757.082962 88.226655
3.000808 2777.777778 8133 2710.270321 86.728650
3.000872 2777.777778 8358 2785.190069 89.126082
3.000899 2777.777778 8388 2795.162544 89.445201
3.000275 2777.777778 8444 2814.408598 90.061075
3.000619 2777.777778 8312 2770.095490 88.643056
3.000513 2777.777778 8198 2732.199489 87.430384
3.000136 2777.777778 8311 2770.207671 88.646645
3.000638 2777.777778 8235 2744.416591 87.821331
3.001112 2777.777778 8408 2801.628446 89.652110
3.000533 2777.777778 8253 2750.511348 88.016363
3.000689 2777.777778 8386 2794.691447 89.430126
3.000076 2777.777778 8298 2765.929713 88.509751
3.000175 2777.777778 8080 2693.176126 86.181636
3.000550 2777.777778 8308 2768.825642 88.602421
3.000024 2777.777778 8418 2805.977971 89.791295
3.000413 2777.777778 8322 2773.618007 88.755776
3.000064 2777.777778 8222 2740.608030 87.699457
3.000540 2777.777778 8440 2812.826783 90.010457
3.000179 2777.777778 8309 2769.501410 88.624045
3.000673 2777.777778 8532 2843.362266 90.987593
3.000096 2777.777778 8172 2723.912772 87.165209
3.000182 2777.777778 8391 2796.829992 89.498560
3.000070 2777.777778 8429 2809.600817 89.907226
3.000395 2777.777778 8394 2797.631344 89.524203
3.000171 2777.777778 8142 2713.845534 86.843057
3.000276 2777.777778 8296 2765.079280 88.482537
3.000036 2777.777778 8117 2705.633912 86.580285
3.000547 2777.777778 8303 2767.161864 88.549180
3.000573 2777.777778 8293 2763.804996 88.441760
3.000288 2777.777778 8476 2825.061796 90.401977
6.001409 2777.777778 8216 2737.849199 87.611174
6.000491 2777.777778 8077 2691.978568 86.143314
6.000791 2777.777778 8339 2779.557368 88.945836
6.000758 2777.777778 8296 2764.699551 88.470386
6.003110 2777.777778 8423 2805.013334 89.760427
6.000645 2777.777778 8272 2757.246413 88.231885
6.000187 2777.777778 8387 2795.513909 89.456445
6.002246 2777.777778 8461 2819.067093 90.210147
6.000349 2777.777778 8332 2777.081189 88.866598
6.000523 2777.777778 8346 2781.684421 89.013901
6.000511 2777.777778 8365 2787.985233 89.215527
6.000428 2777.777778 8164 2721.103530 87.075313
6.000667 2777.777778 8311 2769.971590 88.639091
6.000174 2777.777778 8486 2828.562935 90.514014
6.000809 2777.777778 8360 2786.410231 89.165127
6.001346 2777.777778 8272 2756.682435 88.213838
6.000431 2777.777778 8510 2836.650195 90.772806
6.000689 2777.777778 8408 2802.666597 89.685331
6.000801 2777.777778 8178 2725.701162 87.222437
6.002288 2777.777778 8306 2766.721432 88.535086
6.001597 2777.777778 8434 2810.343120 89.930980
6.000954 2777.777778 8553 2850.681087 91.221795
6.001859 2777.777778 8322 2773.088449 88.738830
6.000501 2777.777778 8421 2806.900696 89.820822
6.000490 2777.777778 8322 2773.704447 88.758542
6.001134 2777.777778 8332 2777.313090 88.874019
6.000399 2777.777778 8415 2804.884339 89.756299
6.000948 2777.777778 8396 2798.536164 89.553157
6.000117 2777.777778 8219 2739.593352 87.666987
6.001427 2777.777778 8411 2802.844935 89.691038
6.001229 2777.777778 8225 2741.067492 87.714160
6.001202 2777.777778 8267 2754.827597 88.154483
9.001195 2777.777778 8321 2772.722837 88.727131
9.002222 2777.777778 8478 2824.662385 90.389196
9.000608 2777.777778 8311 2770.243633 88.647796
9.000607 2777.777778 8413 2804.091871 89.730940
9.001425 2777.777778 8350 2783.318025 89.066177
9.000218 2777.777778 8344 2781.304836 89.001755
9.000838 2777.777778 8103 2700.631485 86.420208
9.000770 2777.777778 8422 2807.215690 89.830902
9.000875 2777.777778 8318 2772.495300 88.719850
9.000492 2777.777778 8223 2740.998644 87.711957
9.001002 2777.777778 8335 2778.282847 88.905051
9.000836 2777.777778 8320 2773.292000 88.745344
9.000751 2777.777778 8248 2749.256163 87.976197
9.001112 2777.777778 8240 2746.522148 87.888709
9.001425 2777.777778 8245 2747.769593 87.928627
9.000722 2777.777778 8215 2738.151436 87.620846
9.001139 2777.777778 8329 2775.743674 88.823798
9.001130 2777.777778 8435 2811.068182 89.954182
9.000941 2777.777778 8210 2736.172479 87.557519
9.001136 2777.777778 8494 2831.330858 90.602587
9.001431 2777.777778 8289 2762.921555 88.413490
9.000476 2777.777778 8336 2778.333583 88.906675
9.001472 2777.777778 8269 2755.376440 88.172046
9.001898 2777.777778 8338 2778.277876 88.904892
9.002425 2777.777778 8097 2698.255768 86.344185
9.002051 2777.777778 8414 2804.486701 89.743574
9.003662 2777.777778 8302 2766.824040 88.538369
9.002484 2777.777778 8344 2781.112814 88.995610
9.001526 2777.777778 8626 2875.238447 92.007630
9.002670 2777.777778 8366 2788.311480 89.225967
9.001261 2777.777778 8458 2819.303626 90.217716
9.001365 2777.777778 8335 2778.182646 88.901845
12.000377 2777.777778 8335 2778.186191 88.901958
12.000973 2777.777778 8403 2800.908277 89.629065
12.001473 2777.777778 8396 2798.011140 89.536356
12.001822 2777.777778 8212 2736.433845 87.565883
12.001241 2777.777778 8272 2756.963030 88.222817
12.002416 2777.777778 8442 2813.076498 90.018448
12.000633 2777.777778 8454 2817.976578 90.175251
12.000833 2777.777778 8321 2773.564105 88.754051
12.001224 2777.777778 8281 2759.898310 88.316746
12.001412 2777.777778 8468 2822.407676 90.317046
12.000637 2777.777778 8412 2803.971667 89.727093
12.002400 2777.777778 8183 2726.495859 87.247867
12.000573 2777.777778 8141 2713.578966 86.834527
12.000498 2777.777778 8383 2794.327313 89.418474
12.001306 2777.777778 8401 2800.230200 89.607366
12.002519 2777.777778 8241 2745.999259 87.871976
12.001010 2777.777778 8440 2813.325799 90.026426
12.001298 2777.777778 8394 2797.851596 89.531251
12.001503 2777.777778 8294 2764.594410 88.467021
12.001261 2777.777778 8462 2820.543179 90.257382
12.002239 2777.777778 8412 2803.984137 89.727492
12.002715 2777.777778 8304 2767.732044 88.567425
12.002350 2777.777778 8226 2741.726399 87.735245
12.001018 2777.777778 8215 2738.263505 87.624432
12.001945 2777.777778 8337 2778.562750 88.914008
12.002755 2777.777778 8397 2798.747303 89.559914
12.002275 2777.777778 8082 2693.661471 86.197167
12.002796 2777.777778 8391 2796.882481 89.500239
12.002019 2777.777778 8242 2746.882194 87.900230
12.003781 2777.777778 8246 2748.557684 87.953846
12.001533 2777.777778 8452 2817.077970 90.146495
12.001493 2777.777778 8350 2783.214565 89.062866
15.003815 2777.777778 8424 2805.653497 89.780912
15.000478 2777.777778 8297 2765.573795 88.498361
15.002285 2777.777778 8527 2841.344439 90.923022
15.000535 2777.777778 8256 2751.966318 88.062922
15.001667 2777.777778 8257 2751.926938 88.061662
15.000659 2777.777778 8343 2780.975217 88.991207
15.001478 2777.777778 8394 2797.529075 89.520930
15.000732 2777.777778 8296 2765.246164 88.487877
15.001511 2777.777778 8468 2822.630849 90.324187
15.003161 2777.777778 8339 2777.271393 88.872685
15.002208 2777.777778 8353 2783.058000 89.057856
15.001554 2777.777778 8293 2764.286264 88.457160
15.001808 2777.777778 8371 2789.964980 89.278879
15.001064 2777.777778 8397 2798.949941 89.566398
15.001941 2777.777778 8427 2808.888323 89.884426
15.003529 2777.777778 8311 2769.400898 88.620829
15.001959 2777.777778 8417 2805.014585 89.760467
15.002084 2777.777778 8432 2809.930771 89.917785
15.003455 2777.777778 8366 2787.640034 89.204481
15.001506 2777.777778 8262 2753.551770 88.113657
15.002456 2777.777778 8283 2760.948971 88.350367
15.002522 2777.777778 8355 2784.737442 89.111598
15.002710 2777.777778 8245 2748.063856 87.938043
15.002930 2777.777778 8151 2716.879055 86.940130
15.003053 2777.777778 8401 2800.055562 89.601778
15.002094 2777.777778 8242 2747.196655 87.910293
15.003281 2777.777778 8466 2821.468063 90.286978
15.002913 2777.777778 8272 2756.747031 88.215905
15.002215 2777.777778 8509 2836.147340 90.756715
15.003785 2777.777778 8526 2841.996895 90.943901
15.001787 2777.777778 8401 2800.095871 89.603068
15.002011 2777.777778 8214 2737.527433 87.600878
18.001644 2777.777778 8499 2832.843485 90.650992
18.000840 2777.777778 8412 2803.661574 89.717170
18.001176 2777.777778 8324 2774.256252 88.776200
18.000815 2777.777778 8346 2781.855896 89.019389
18.001676 2777.777778 8265 2754.437856 88.142011
18.001999 2777.777778 8503 2834.152663 90.692885
18.002964 2777.777778 8432 2810.252628 89.928084
18.001993 2777.777778 8329 2776.031893 88.833021
18.000578 2777.777778 8442 2813.959673 90.046710
18.001617 2777.777778 8410 2803.234492 89.703504
18.001713 2777.777778 8340 2779.852439 88.955278
18.003240 2777.777778 8308 2769.160429 88.613134
18.003563 2777.777778 8289 2761.522968 88.368735
18.002443 2777.777778 8501 2833.336633 90.666772
18.002333 2777.777778 8486 2828.621375 90.515884
18.003485 2777.777778 8360 2785.947062 89.150306
18.001958 2777.777778 8411 2803.650865 89.716828
18.002569 2777.777778 8398 2799.227906 89.575293
18.004056 2777.777778 8369 2789.442644 89.262165
18.001591 2777.777778 8320 2773.254920 88.744157
18.003244 2777.777778 8298 2765.694684 88.502230
18.002829 2777.777778 8505 2834.295559 90.697458
18.002558 2777.777778 8421 2806.672562 89.813522
18.003672 2777.777778 8291 2763.466773 88.430937
18.003839 2777.777778 8118 2705.950805 86.590426
18.003516 2777.777778 8411 2803.118840 89.699803
18.003734 2777.777778 8274 2757.811460 88.249967
18.002242 2777.777778 8282 2760.641716 88.340535
18.004308 2777.777778 8285 2760.721547 88.343090
18.004549 2777.777778 8381 2792.374801 89.355994
18.001872 2777.777778 8435 2811.587167 89.970789
18.002720 2777.777778 8337 2778.343388 88.906988
21.003619 2777.777778 8480 2824.027270 90.368873
21.000985 2777.777778 8431 2810.197058 89.926306
21.002031 2777.777778 8187 2728.970806 87.327066
21.002636 2777.777778 8405 2801.486852 89.647579
21.001236 2777.777778 8307 2768.392526 88.588561
21.001196 2777.777778 8390 2796.647381 89.492716
21.002611 2777.777778 8414 2804.089217 89.730855
21.001632 2777.777778 8409 2802.986320 89.695562
21.001812 2777.777778 8227 2742.179198 87.749734
21.003185 2777.777778 8354 2783.876210 89.084039
21.001887 2777.777778 8319 2772.839117 88.730852
21.002772 2777.777778 8335 2777.579089 88.882531
21.001722 2777.777778 8362 2787.290392 89.193293
21.002647 2777.777778 8337 2778.916807 88.925338
21.003676 2777.777778 8386 2794.301830 89.417659
21.001686 2777.777778 8320 2773.245270 88.743849
21.003909 2777.777778 8168 2722.507253 87.120232
21.004057 2777.777778 8336 2777.910524 88.893137
21.003984 2777.777778 8385 2794.049416 89.409581
21.004678 2777.777778 8272 2756.015475 88.192495
21.004036 2777.777778 8406 2801.485352 89.647531
21.002934 2777.777778 8387 2795.022752 89.440728
21.003854 2777.777778 8375 2791.652466 89.332879
21.003687 2777.777778 8300 2766.653240 88.532904
21.003032 2777.777778 8401 2800.144130 89.604612
21.003706 2777.777778 8496 2831.821065 90.618274
21.004443 2777.777778 8183 2727.314571 87.274066
21.003859 2777.777778 8123 2707.400295 86.636809
21.004692 2777.777778 8398 2798.974783 89.567193
21.002178 2777.777778 8337 2778.716370 88.918924
21.004570 2777.777778 8388 2795.980245 89.471368
21.002770 2777.777778 8427 2808.952507 89.886480
24.002146 2777.777778 8193 2730.695724 87.382263
24.001039 2777.777778 8403 2800.949774 89.630393
24.002462 2777.777778 8391 2795.820908 89.466269
24.002153 2777.777778 8392 2797.085356 89.506731
24.002266 2777.777778 8225 2741.087369 87.714796
24.002278 2777.777778 8348 2782.437324 89.037994
24.001243 2777.777778 8405 2801.660385 89.653132
24.002045 2777.777778 8298 2765.702811 88.502490
24.002175 2777.777778 8440 2812.875054 90.012002
24.003495 2777.777778 8419 2805.900212 89.788807
24.002726 2777.777778 8318 2772.560283 88.721929
24.004936 2777.777778 8419 2804.311014 89.737952
24.003995 2777.777778 8218 2739.051993 87.649664
24.002747 2777.777778 8526 2841.894183 90.940614
24.003417 2777.777778 8345 2781.451750 89.006456
24.003008 2777.777778 8360 2786.332047 89.162625
24.004328 2777.777778 8288 2762.417109 88.397347
24.004245 2777.777778 8357 2785.138192 89.124422
24.004606 2777.777778 8126 2708.519713 86.672631
24.004362 2777.777778 8543 2846.961526 91.102769
24.004743 2777.777778 8037 2678.368711 85.707799
24.003952 2777.777778 8375 2791.576095 89.330435
24.004411 2777.777778 8139 2712.614137 86.803652
24.004527 2777.777778 8532 2843.221439 90.983086
24.004010 2777.777778 8322 2773.907287 88.765033
24.004244 2777.777778 8225 2741.314397 87.722061
24.006500 2777.777778 8353 2782.656814 89.045018
24.002937 2777.777778 8281 2760.330214 88.330567
24.002213 2777.777778 8337 2778.968161 88.926981
24.004824 2777.777778 8321 2773.531934 88.753022
24.004684 2777.777778 8399 2799.560371 89.585932
24.002947 2777.777778 8445 2814.834084 90.074691
27.001400 2777.777778 8531 2843.324841 90.986395
27.002784 2777.777778 8285 2761.080119 88.354564
27.002262 2777.777778 8280 2759.062603 88.290003
27.003844 2777.777778 8124 2707.614085 86.643651
27.002259 2777.777778 8290 2763.236206 88.423559
27.002386 2777.777778 8375 2791.555101 89.329763
27.002397 2777.777778 8318 2772.556477 88.721807
27.002655 2777.777778 8320 2772.768855 88.728603
27.002752 2777.777778 8365 2788.063066 89.218018
27.003005 2777.777778 8211 2736.744756 87.575832
27.003129 2777.777778 8343 2780.888009 88.988416
27.004331 2777.777778 8306 2768.356321 88.587402
27.002274 2777.777778 8311 2770.241585 88.647731
27.003810 2777.777778 8295 2764.709313 88.470698
27.002763 2777.777778 8314 2771.318769 88.682201
27.004367 2777.777778 8371 2790.296829 89.289499
27.004608 2777.777778 8320 2773.106129 88.739396
27.004275 2777.777778 8234 2744.424200 87.821574
27.004526 2777.777778 8581 2860.065453 91.522094
27.004294 2777.777778 8470 2823.011009 90.336352
27.004714 2777.777778 8374 2791.232493 89.319440
27.002985 2777.777778 8235 2744.956208 87.838599
27.004719 2777.777778 8475 2824.710018 90.390721
27.005820 2777.777778 8141 2712.241845 86.791739
27.004969 2777.777778 8214 2737.794229 87.609415
27.004973 2777.777778 8453 2817.527260 90.160872
27.004698 2777.777778 8227 2742.177614 87.749684
27.003970 2777.777778 8312 2769.044920 88.609437
27.005108 2777.777778 8199 2732.842923 87.450974
27.006138 2777.777778 8394 2796.644500 89.492624
27.006666 2777.777778 8462 2820.510596 90.256339
27.004136 2777.777778 8311 2769.236474 88.615567
#type       avg     std     min     5th    10th    90th    95th    99th
read      537.4   328.6    72.9   280.1   317.2   788.6   893.1  1077.6
update    541.1   337.3    80.2   280.8   318.2   796.9   900.7  1082.2
op_q        2.7     1.7     1.0     1.0     1.0     4.7     5.6     7.3

Total QPS = 199943.8 (5998314 / 30.0s)

Misses = 0 (0.0%)
Skipped TXs = 0 (0.0%)

RX 1036671738 bytes :   33.0 MB/s
TX  664499175 bytes :   21.1 MB/s
