3.000333 3437.500000 10384 3460.949687 110.750390
3.001248 3437.500000 10201 3398.919365 108.765420
3.000733 3437.500000 10448 3481.815616 111.418100
3.000123 3437.500000 10228 3409.193843 109.094203
3.000123 3437.500000 10227 3408.860597 109.083539
3.000068 3437.500000 10312 3437.255821 109.992186
3.000370 3437.500000 10418 3472.238077 111.111618
3.000003 3437.500000 10239 3412.996095 109.215875
3.000168 3437.500000 10429 3476.139108 111.236451
3.000050 3437.500000 10121 3373.610314 107.955530
3.000052 3437.500000 10483 3494.272345 111.816715
3.001612 3437.500000 10495 3496.455002 111.886560
3.000528 3437.500000 10398 3465.390523 110.892497
3.000356 3437.500000 10376 3458.256310 110.664202
3.000003 3437.500000 10366 3455.330395 110.570573
3.000567 3437.500000 10259 3419.020903 109.408669
3.000288 3437.500000 10040 3346.345179 107.083046
3.000127 3437.500000 10497 3498.852416 111.963277
3.000240 3437.500000 10279 3426.059254 109.633896
3.001039 3437.500000 10321 3439.142174 110.052550
3.000123 3437.500000 10318 3439.192316 110.054154
3.000333 3437.500000 10136 3378.291938 108.105342
3.000230 3437.500000 10292 3430.404048 109.772930
3.000074 3437.500000 10286 3428.582006 109.714624
3.000114 3437.500000 10452 3483.867423 111.483758
3.000297 3437.500000 10174 3390.997720 108.511927
3.000129 3437.500000 10316 3438.518853 110.032603
3.002287 3437.500000 10186 3392.746932 108.567902
3.000318 3437.500000 10119 3372.642580 107.924563
3.000404 3437.500000 9989 3329.218256 106.534984
3.000662 3437.500000 10032 3343.262147 106.984389
3.000119 3437.500000 10276 3425.197484 109.606319
6.000420 3437.500000 10479 3492.925948 111.773630
6.000227 3437.500000 10459 3486.212240 111.558792
6.000650 3437.500000 10369 3455.726207 110.583239
6.000285 3437.500000 10387 3462.135945 110.788350
6.000341 3437.500000 10281 3426.872478 109.659919
6.000099 3437.500000 10384 3461.221866 110.759100
6.000149 3437.500000 10217 3405.643849 108.980603
6.000270 3437.500000 10308 3435.768721 109.944599
6.000312 3437.500000 10289 3429.454218 109.742535
6.000216 3437.500000 10350 3449.943912 110.398205
6.000520 3437.500000 10227 3408.466528 109.070929
6.000818 3437.500000 10167 3388.715840 108.438907
6.001826 3437.500000 10431 3475.270301 111.208650
6.000423 3437.500000 10431 3476.895957 111.260671
6.000387 3437.500000 10258 3418.952388 109.406476
6.000105 3437.500000 10456 3485.297474 111.529519
6.000815 3437.500000 10062 3353.356840 107.307419
6.000228 3437.500000 10563 3520.736418 112.663565
6.001478 3437.500000 10337 3444.395417 110.220653
6.001400 3437.500000 10181 3393.257958 108.584255
6.000631 3437.500000 10251 3416.882798 109.340250
6.000537 3437.500000 10304 3434.381596 109.900211
6.000473 3437.500000 10359 3452.821806 110.490298
6.000162 3437.500000 10212 3403.955616 108.926580
6.001283 3437.500000 10380 3459.959598 110.718707
6.000911 3437.500000 10239 3412.798329 109.209547
6.001802 3437.500000 10111 3370.119457 107.843823
6.000297 3437.500000 10460 3486.666639 111.573332
6.000537 3437.500000 10327 3442.180884 110.149788
6.002546 3437.500000 10473 3490.698662 111.702357
6.001916 3437.500000 10504 3499.870885 111.995868
6.000148 3437.500000 10515 3504.966449 112.158926
9.001030 3437.500000 10105 3367.527444 107.760878
9.001388 3437.500000 10399 3465.458846 110.894683
9.000290 3437.500000 10255 3418.309806 109.385914
9.000531 3437.500000 10276 3424.986506 109.599568
9.000826 3437.500000 10382 3460.463384 110.734828
9.000745 3437.500000 10367 3455.071807 110.562298
9.000230 3437.500000 10352 3450.515966 110.416511
9.000287 3437.500000 10077 3358.796414 107.481485
9.000755 3437.500000 10381 3460.082291 110.722633
9.000436 3437.500000 10338 3445.827155 110.266469
9.000470 3437.500000 10117 3372.276767 107.912857
9.000570 3437.500000 10218 3405.832816 108.986650
9.000569 3437.500000 10233 3410.599439 109.139182
9.000760 3437.500000 10162 3387.061691 108.385974
9.000371 3437.500000 10257 3418.965679 109.406902
9.000621 3437.500000 10366 3455.063971 110.562047
9.001961 3437.500000 10298 3431.038043 109.793217
9.000198 3437.500000 10129 3376.278073 108.040898
9.001083 3437.500000 10461 3486.689453 111.574062
9.000926 3437.500000 10403 3467.541573 110.961330
9.000242 3437.500000 10366 3455.240952 110.567710
9.002021 3437.500000 10303 3433.062691 109.858006
9.000391 3437.500000 10368 3455.891319 110.588522
9.000515 3437.500000 10271 3423.617999 109.555776
9.001464 3437.500000 10189 3396.128515 108.676112
9.001610 3437.500000 10339 3446.180616 110.277780
9.001671 3437.500000 10253 3417.358501 109.355472
9.001977 3437.500000 10338 3445.799062 110.265570
9.003358 3437.500000 10460 3484.886209 111.516359
9.002637 3437.500000 10226 3408.563370 109.074028
9.002122 3437.500000 10100 3366.434673 107.725910
9.000327 3437.500000 10451 3483.458646 111.470677
12.002473 3437.500000 10305 3434.432672 109.901846
12.000355 3437.500000 10230 3409.922905 109.117533
12.000446 3437.500000 10199 3399.421990 108.781504
12.000893 3437.500000 10413 3470.846578 111.067091
12.001022 3437.500000 10387 3461.488983 110.767647
12.001293 3437.500000 10363 3454.031116 110.528996
12.000670 3437.500000 10298 3432.507476 109.840239
12.000666 3437.500000 10350 3449.947366 110.398316
12.000483 3437.500000 10431 3476.984848 111.263515
12.000739 3437.500000 10360 3452.710464 110.486735
12.001090 3437.500000 10331 3443.269728 110.184631
12.000605 3437.500000 10865 3621.623478 115.891951
12.002652 3437.500000 10275 3422.625008 109.524000
12.001497 3437.500000 10169 3389.021680 108.448694
12.000751 3437.500000 10239 3412.640798 109.204506
12.002033 3437.500000 10164 3387.986900 108.415581
12.001208 3437.500000 10246 3414.381725 109.260215
12.001272 3437.500000 10484 3494.147915 111.812733
12.000956 3437.500000 10216 3404.833451 108.954670
12.000350 3437.500000 10537 3512.206570 112.390610
12.000494 3437.500000 10332 3443.881869 110.204220
12.001120 3437.500000 10359 3452.956439 110.494606
12.001713 3437.500000 10287 3428.883156 109.724261
12.001648 3437.500000 9945 3314.711795 106.070777
12.002249 3437.500000 10191 3396.111787 108.675577
12.001799 3437.500000 10427 3475.518878 111.216604
12.002022 3437.500000 10271 3423.596844 109.555099
12.000823 3437.500000 10392 3463.920631 110.845460
12.003441 3437.500000 10221 3406.906194 109.020998
12.002903 3437.500000 10544 3514.355183 112.459366
12.002297 3437.500000 10421 3473.464644 111.150869
12.000465 3437.500000 10480 3493.172647 111.781525
15.003034 3437.500000 10249 3416.183403 109.317869
15.000985 3437.500000 10307 3435.092281 109.922953
15.001103 3437.500000 10179 3392.436046 108.557953
15.001484 3437.500000 10306 3434.656612 109.909012
15.000932 3437.500000 10268 3422.363266 109.515625
15.001664 3437.500000 10322 3440.648240 110.100744
15.001037 3437.500000 10361 3452.986485 110.495568
15.000707 3437.500000 10361 3453.260703 110.504342
15.000826 3437.500000 10145 3381.569276 108.210217
15.000740 3437.500000 10408 3469.252243 111.016072
15.001624 3437.500000 10465 3487.633361 111.604268
15.001000 3437.500000 10421 3473.379392 111.148141
15.002113 3437.500000 10368 3455.538883 110.577244
15.001290 3437.500000 10351 3450.312580 110.410003
15.001622 3437.500000 10393 3464.189875 110.854076
15.001652 3437.500000 10348 3448.920239 110.365448
15.001199 3437.500000 10339 3446.242791 110.279769
15.001524 3437.500000 10331 3443.303095 110.185699
15.000723 3437.500000 10343 3447.403267 110.316905
15.000466 3437.500000 10635 3544.863686 113.435638
15.001437 3437.500000 10164 3387.307592 108.393843
15.001208 3437.500000 10466 3488.529886 111.632956
15.001082 3437.500000 10176 3391.857798 108.539450
15.003111 3437.500000 10336 3444.599813 110.227194
15.002903 3437.500000 10290 3429.251773 109.736057
15.002255 3437.500000 10258 3418.813531 109.402033
15.002653 3437.500000 10403 3467.665206 110.965287
15.002029 3437.500000 10524 3507.992715 112.255767
15.002252 3437.500000 10367 3455.413599 110.573235
15.003582 3437.500000 10517 3505.502251 112.176072
15.002331 3437.500000 10195 3398.294894 108.745437
15.001875 3437.500000 10509 3501.354635 112.043348
18.001882 3437.500000 10505 3501.398803 112.044762
18.001185 3437.500000 10539 3512.703665 112.406517
18.001370 3437.500000 10185 3394.250386 108.616012
18.000988 3437.500000 10297 3432.329649 109.834549
18.001257 3437.500000 10189 3396.084681 108.674710
18.000964 3437.500000 10347 3448.742459 110.359759
18.002020 3437.500000 10299 3432.387098 109.836387
18.001174 3437.500000 10492 3497.250782 111.912025
18.001061 3437.500000 10075 3358.264745 107.464472
18.001859 3437.500000 10460 3485.910610 111.549140
18.001178 3437.500000 10251 3416.599258 109.331176
18.001403 3437.500000 10208 3402.436059 108.877954
18.001191 3437.500000 10216 3404.510059 108.944322
18.000771 3437.500000 10303 3434.279143 109.896933
18.001174 3437.500000 10428 3475.893153 111.228581
18.003798 3437.500000 10257 3417.695160 109.366245
18.001897 3437.500000 10177 3391.647019 108.532705
18.001718 3437.500000 10178 3392.605687 108.563382
18.001671 3437.500000 10414 3471.275976 111.080831
18.001665 3437.500000 10083 3360.954676 107.550550
18.002755 3437.500000 10182 3392.607696 108.563446
18.002114 3437.500000 10323 3440.998839 110.111963
18.002069 3437.500000 10140 3379.954860 108.158556
18.002554 3437.500000 10426 3474.986586 111.199571
18.001730 3437.500000 10411 3469.994454 111.039823
18.002337 3437.500000 10326 3441.902602 110.140883
18.003000 3437.500000 10360 3453.221965 110.503103
18.003507 3437.500000 10224 3407.550599 109.041619
18.003378 3437.500000 10507 3501.932426 112.061838
18.003586 3437.500000 10309 3436.328768 109.962521
18.002458 3437.500000 10176 3391.856343 108.539403
18.002446 3437.500000 10536 3511.331589 112.362611
21.004354 3437.500000 10155 3383.898822 108.284762
21.002377 3437.500000 10404 3466.623103 110.931939
21.001569 3437.500000 10225 3407.885068 109.052322
21.002029 3437.500000 10403 3466.435702 110.925942
21.001836 3437.500000 10224 3407.507942 109.040254
21.002007 3437.500000 10255 3417.172651 109.349525
21.002965 3437.500000 10405 3466.359921 110.923517
21.001500 3437.500000 10160 3386.171299 108.357482
21.000840 3437.500000 10398 3465.919822 110.909434
21.001404 3437.500000 10420 3473.071299 111.138282
21.001822 3437.500000 10426 3475.158049 111.205058
21.001606 3437.500000 10588 3529.055089 112.929763
21.001796 3437.500000 10377 3458.848017 110.683137
21.001896 3437.500000 10275 3424.984089 109.599491
21.001842 3437.500000 10230 3409.859770 109.115513
21.001945 3437.500000 10224 3407.124668 109.027989
21.002118 3437.500000 10212 3403.888147 108.924421
21.002958 3437.500000 10209 3402.042587 108.865363
21.002915 3437.500000 10375 3457.667014 110.645344
21.002373 3437.500000 10379 3459.117885 110.691772
21.001880 3437.500000 10289 3429.642337 109.748555
21.002311 3437.500000 10407 3468.719728 110.999031
21.001252 3437.500000 10419 3472.929369 111.133740
21.003816 3437.500000 10325 3441.402331 110.124875
21.003012 3437.500000 10197 3398.986714 108.767575
21.002661 3437.500000 10383 3460.876095 110.748035
21.002861 3437.500000 10380 3458.695419 110.678253
21.004839 3437.500000 10516 3503.777954 112.120895
21.002810 3437.500000 10368 3455.936908 110.589981
21.003846 3437.500000 10336 3445.277981 110.248895
21.002549 3437.500000 10309 3436.229093 109.959331
21.002814 3437.500000 10383 3460.574999 110.738400
24.001258 3437.500000 10167 3388.527885 108.432892
24.002112 3437.500000 10604 3534.412076 113.101186
24.001614 3437.500000 10477 3492.280504 111.752976
24.002489 3437.500000 10392 3463.865601 110.843699
24.001892 3437.500000 10342 3447.269240 110.312616
24.002679 3437.500000 10577 3524.903523 112.796913
24.001864 3437.500000 10314 3437.922891 110.013533
24.001751 3437.500000 10156 3385.049912 108.321597
24.002560 3437.500000 10215 3404.372549 108.939922
24.003387 3437.500000 10364 3452.865811 110.491706
24.001521 3437.500000 10271 3423.360069 109.547522
24.002314 3437.500000 10446 3481.496694 111.407894
24.001788 3437.500000 10349 3449.457394 110.382637
24.001784 3437.500000 10464 3487.558464 111.601871
24.001842 3437.500000 10218 3405.999963 108.991999
24.002373 3437.500000 10225 3408.262985 109.064416
24.002293 3437.500000 10349 3449.465483 110.382895
24.005900 3437.500000 10218 3402.327103 108.874467
24.003071 3437.500000 10226 3408.539006 109.073248
24.004157 3437.500000 10330 3441.965796 110.142905
24.002038 3437.500000 10313 3437.559953 110.001918
24.003198 3437.500000 10191 3396.788565 108.697234
24.002527 3437.500000 10361 3453.494291 110.511817
24.003304 3437.500000 10178 3392.227553 108.551282
24.003789 3437.500000 10186 3394.226320 108.615242
24.004093 3437.500000 10210 3403.019753 108.896632
24.004283 3437.500000 10547 3515.155593 112.484979
24.002962 3437.500000 10003 3334.220974 106.695071
24.004896 3437.500000 10340 3446.600523 110.291217
24.004377 3437.500000 10229 3409.641130 109.108516
24.004567 3437.500000 10181 3391.384829 108.524315
24.002991 3437.500000 10302 3433.797525 109.881521
27.001764 3437.500000 10163 3387.652291 108.404873
27.001725 3437.500000 10477 3492.204411 111.750541
27.001829 3437.500000 10261 3420.282117 109.449028
27.003288 3437.500000 10298 3431.833458 109.818671
27.002281 3437.500000 10293 3430.498321 109.775946
27.002487 3437.500000 10141 3379.546333 108.145483
27.001995 3437.500000 10178 3392.549603 108.561587
27.002111 3437.500000 10388 3462.380908 110.796189
27.002227 3437.500000 10322 3440.534782 110.097113
27.001521 3437.500000 10451 3483.360906 111.467549
27.001673 3437.500000 10126 3375.162524 108.005201
27.003840 3437.500000 10171 3388.807017 108.441825
27.002384 3437.500000 10217 3405.563938 108.978046
27.002438 3437.500000 10057 3352.194584 107.270227
27.002542 3437.500000 10390 3463.315494 110.826096
27.003116 3437.500000 10186 3394.838833 108.634843
27.002083 3437.500000 10399 3466.281480 110.921007
27.002914 3437.500000 10339 3445.711516 110.262769
27.003196 3437.500000 10433 3477.520937 111.280670
27.003275 3437.500000 10433 3477.578044 111.282497
27.003955 3437.500000 10457 3485.007040 111.520225
27.005420 3437.500000 10176 3390.571733 108.498295
27.003110 3437.500000 10258 3419.165432 109.413294
27.003420 3437.500000 10330 3443.199488 110.182384
27.003853 3437.500000 10561 3520.258296 112.648265
27.004137 3437.500000 10345 3448.282211 110.345031
27.004341 3437.500000 10310 3436.599825 109.971194
27.005110 3437.500000 10038 3345.761851 107.064379
27.004449 3437.500000 10360 3453.250458 110.504015
27.007039 3437.500000 10289 3428.365516 109.707697
27.004975 3437.500000 10326 3441.532259 110.129032
27.003038 3437.500000 10167 3388.947253 108.446312
#type       avg     std     min     5th    10th    90th    95th    99th
read      404.9   190.7    66.3   211.7   237.9   590.4   646.6   755.9
update    408.0   195.7    60.2   212.8   239.4   592.5   648.2   756.7
op_q        2.6     1.5     1.0     1.0     1.0     4.6     5.0     7.0

Total QPS = 220062.7 (6601880 / 30.0s)

Misses = 0 (0.0%)
Skipped TXs = 0 (0.0%)

RX 1142547837 bytes :   36.3 MB/s
TX  730842500 bytes :   23.2 MB/s
