Requests      [total, rate, throughput]         12, 10.91, 10.70
Duration      [total, attack, wait]             1.122s, 1.1s, 21.398ms
Latencies     [min, mean, 50, 90, 95, 99, max]  21.271ms, 21.539ms, 21.407ms, 21.945ms, 22.344ms, 22.41ms, 22.41ms
Bytes In      [total, mean]                     24, 2.00
Bytes Out     [total, mean]                     0, 0.00
Success       [ratio]                           100.00%
Status Codes  [code:count]                      200:12  
Error Set:
Requests      [total, rate, throughput]         22, 10.48, 10.37
Duration      [total, attack, wait]             2.121s, 2.1s, 21.256ms
Latencies     [min, mean, 50, 90, 95, 99, max]  21.176ms, 21.478ms, 21.407ms, 21.654ms, 22.011ms, 22.41ms, 22.41ms
Bytes In      [total, mean]                     44, 2.00
Bytes Out     [total, mean]                     0, 0.00
Success       [ratio]                           100.00%
Status Codes  [code:count]                      200:22  
Error Set:
Requests      [total, rate, throughput]         32, 10.32, 10.25
Duration      [total, attack, wait]             3.121s, 3.1s, 21.249ms
Latencies     [min, mean, 50, 90, 95, 99, max]  21.176ms, 21.442ms, 21.402ms, 21.586ms, 21.732ms, 22.41ms, 22.41ms
Bytes In      [total, mean]                     64, 2.00
Bytes Out     [total, mean]                     0, 0.00
Success       [ratio]                           100.00%
Status Codes  [code:count]                      200:32  
Error Set:
Requests      [total, rate, throughput]         42, 10.24, 10.19
Duration      [total, attack, wait]             4.121s, 4.1s, 21.429ms
Latencies     [min, mean, 50, 90, 95, 99, max]  21.176ms, 21.436ms, 21.403ms, 21.553ms, 21.667ms, 22.41ms, 22.41ms
Bytes In      [total, mean]                     84, 2.00
Bytes Out     [total, mean]                     0, 0.00
Success       [ratio]                           100.00%
Status Codes  [code:count]                      200:42  
Error Set:
Requests      [total, rate, throughput]         52, 10.20, 10.15
Duration      [total, attack, wait]             5.121s, 5.1s, 21.386ms
Latencies     [min, mean, 50, 90, 95, 99, max]  21.176ms, 21.421ms, 21.401ms, 21.553ms, 21.618ms, 22.397ms, 22.41ms
Bytes In      [total, mean]                     104, 2.00
Bytes Out     [total, mean]                     0, 0.00
Success       [ratio]                           100.00%
Status Codes  [code:count]                      200:52  
Error Set:
Requests      [total, rate, throughput]         62, 10.16, 10.13
Duration      [total, attack, wait]             6.121s, 6.1s, 21.441ms
Latencies     [min, mean, 50, 90, 95, 99, max]  21.176ms, 21.419ms, 21.401ms, 21.553ms, 21.616ms, 22.331ms, 22.41ms
Bytes In      [total, mean]                     124, 2.00
Bytes Out     [total, mean]                     0, 0.00
Success       [ratio]                           100.00%
Status Codes  [code:count]                      200:62  
Error Set:
Requests      [total, rate, throughput]         72, 10.14, 10.11
Duration      [total, attack, wait]             7.121s, 7.1s, 21.385ms
Latencies     [min, mean, 50, 90, 95, 99, max]  21.176ms, 21.417ms, 21.399ms, 21.553ms, 21.618ms, 22.264ms, 22.41ms
Bytes In      [total, mean]                     144, 2.00
Bytes Out     [total, mean]                     0, 0.00
Success       [ratio]                           100.00%
Status Codes  [code:count]                      200:72  
Error Set:
Requests      [total, rate, throughput]         82, 10.12, 10.10
Duration      [total, attack, wait]             8.121s, 8.1s, 21.296ms
Latencies     [min, mean, 50, 90, 95, 99, max]  21.176ms, 21.41ms, 21.393ms, 21.539ms, 21.616ms, 22.197ms, 22.41ms
Bytes In      [total, mean]                     164, 2.00
Bytes Out     [total, mean]                     0, 0.00
Success       [ratio]                           100.00%
Status Codes  [code:count]                      200:82  
Error Set:
Requests      [total, rate, throughput]         92, 10.11, 10.09
Duration      [total, attack, wait]             9.121s, 9.099s, 21.525ms
Latencies     [min, mean, 50, 90, 95, 99, max]  21.176ms, 21.408ms, 21.39ms, 21.539ms, 21.613ms, 22.131ms, 22.41ms
Bytes In      [total, mean]                     184, 2.00
Bytes Out     [total, mean]                     0, 0.00
Success       [ratio]                           100.00%
Status Codes  [code:count]                      200:92  
Error Set:
Requests      [total, rate, throughput]         102, 10.10, 10.08
Duration      [total, attack, wait]             10.121s, 10.1s, 21.418ms
Latencies     [min, mean, 50, 90, 95, 99, max]  21.176ms, 21.405ms, 21.388ms, 21.539ms, 21.603ms, 22.064ms, 22.41ms
Bytes In      [total, mean]                     204, 2.00
Bytes Out     [total, mean]                     0, 0.00
Success       [ratio]                           100.00%
Status Codes  [code:count]                      200:102  
Error Set:
Requests      [total, rate, throughput]         112, 10.09, 10.07
Duration      [total, attack, wait]             11.121s, 11.1s, 21.345ms
Latencies     [min, mean, 50, 90, 95, 99, max]  21.176ms, 21.404ms, 21.388ms, 21.533ms, 21.593ms, 21.998ms, 22.41ms
Bytes In      [total, mean]                     224, 2.00
Bytes Out     [total, mean]                     0, 0.00
Success       [ratio]                           100.00%
Status Codes  [code:count]                      200:112  
Error Set:
Requests      [total, rate, throughput]         122, 10.08, 10.06
Duration      [total, attack, wait]             12.121s, 12.1s, 21.288ms
Latencies     [min, mean, 50, 90, 95, 99, max]  21.176ms, 21.431ms, 21.387ms, 21.533ms, 21.603ms, 23.131ms, 24.984ms
Bytes In      [total, mean]                     244, 2.00
Bytes Out     [total, mean]                     0, 0.00
Success       [ratio]                           100.00%
Status Codes  [code:count]                      200:122  
Error Set:
Requests      [total, rate, throughput]         132, 10.08, 10.06
Duration      [total, attack, wait]             13.122s, 13.1s, 21.342ms
Latencies     [min, mean, 50, 90, 95, 99, max]  21.176ms, 21.425ms, 21.385ms, 21.53ms, 21.593ms, 22.874ms, 24.984ms
Bytes In      [total, mean]                     264, 2.00
Bytes Out     [total, mean]                     0, 0.00
Success       [ratio]                           100.00%
Status Codes  [code:count]                      200:132  
Error Set:
Requests      [total, rate, throughput]         142, 10.07, 10.06
Duration      [total, attack, wait]             14.121s, 14.1s, 21.368ms
Latencies     [min, mean, 50, 90, 95, 99, max]  21.176ms, 21.421ms, 21.384ms, 21.527ms, 21.582ms, 22.616ms, 24.984ms
Bytes In      [total, mean]                     284, 2.00
Bytes Out     [total, mean]                     0, 0.00
Success       [ratio]                           100.00%
Status Codes  [code:count]                      200:142  
Error Set:
Requests      [total, rate, throughput]         152, 10.07, 10.05
Duration      [total, attack, wait]             15.121s, 15.1s, 21.304ms
Latencies     [min, mean, 50, 90, 95, 99, max]  21.172ms, 21.413ms, 21.382ms, 21.523ms, 21.572ms, 22.397ms, 24.984ms
Bytes In      [total, mean]                     304, 2.00
Bytes Out     [total, mean]                     0, 0.00
Success       [ratio]                           100.00%
Status Codes  [code:count]                      200:152  
Error Set:
Requests      [total, rate, throughput]         162, 10.06, 10.05
Duration      [total, attack, wait]             16.121s, 16.099s, 21.268ms
Latencies     [min, mean, 50, 90, 95, 99, max]  21.117ms, 21.406ms, 21.379ms, 21.523ms, 21.57ms, 22.331ms, 24.984ms
Bytes In      [total, mean]                     324, 2.00
Bytes Out     [total, mean]                     0, 0.00
Success       [ratio]                           100.00%
Status Codes  [code:count]                      200:162  
Error Set:
Requests      [total, rate, throughput]         172, 10.06, 10.05
Duration      [total, attack, wait]             17.121s, 17.1s, 21.287ms
Latencies     [min, mean, 50, 90, 95, 99, max]  21.117ms, 21.399ms, 21.367ms, 21.519ms, 21.566ms, 22.264ms, 24.984ms
Bytes In      [total, mean]                     344, 2.00
Bytes Out     [total, mean]                     0, 0.00
Success       [ratio]                           100.00%
Status Codes  [code:count]                      200:172  
Error Set:
Requests      [total, rate, throughput]         182, 10.06, 10.04
Duration      [total, attack, wait]             18.121s, 18.1s, 21.32ms
Latencies     [min, mean, 50, 90, 95, 99, max]  21.117ms, 21.395ms, 21.367ms, 21.511ms, 21.557ms, 22.197ms, 24.984ms
Bytes In      [total, mean]                     364, 2.00
Bytes Out     [total, mean]                     0, 0.00
Success       [ratio]                           100.00%
Status Codes  [code:count]                      200:182  
Error Set:
Requests      [total, rate, throughput]         192, 10.05, 10.04
Duration      [total, attack, wait]             19.122s, 19.1s, 21.244ms
Latencies     [min, mean, 50, 90, 95, 99, max]  21.117ms, 21.392ms, 21.367ms, 21.504ms, 21.55ms, 22.131ms, 24.984ms
Bytes In      [total, mean]                     384, 2.00
Bytes Out     [total, mean]                     0, 0.00
Success       [ratio]                           100.00%
Status Codes  [code:count]                      200:192  
Error Set:
Requests      [total, rate, throughput]         202, 10.05, 10.04
Duration      [total, attack, wait]             20.121s, 20.1s, 21.263ms
Latencies     [min, mean, 50, 90, 95, 99, max]  21.117ms, 21.391ms, 21.371ms, 21.5ms, 21.547ms, 22.064ms, 24.984ms
Bytes In      [total, mean]                     404, 2.00
Bytes Out     [total, mean]                     0, 0.00
Success       [ratio]                           100.00%
Status Codes  [code:count]                      200:202  
Error Set:
Requests      [total, rate, throughput]         212, 10.05, 10.04
Duration      [total, attack, wait]             21.121s, 21.1s, 21.356ms
Latencies     [min, mean, 50, 90, 95, 99, max]  21.117ms, 21.389ms, 21.369ms, 21.496ms, 21.544ms, 21.998ms, 24.984ms
Bytes In      [total, mean]                     424, 2.00
Bytes Out     [total, mean]                     0, 0.00
Success       [ratio]                           100.00%
Status Codes  [code:count]                      200:212  
Error Set:
Requests      [total, rate, throughput]         222, 10.05, 10.04
Duration      [total, attack, wait]             22.121s, 22.1s, 21.398ms
Latencies     [min, mean, 50, 90, 95, 99, max]  21.117ms, 21.386ms, 21.366ms, 21.49ms, 21.544ms, 21.931ms, 24.984ms
Bytes In      [total, mean]                     444, 2.00
Bytes Out     [total, mean]                     0, 0.00
Success       [ratio]                           100.00%
Status Codes  [code:count]                      200:222  
Error Set:
Requests      [total, rate, throughput]         232, 10.04, 10.03
Duration      [total, attack, wait]             23.122s, 23.1s, 21.345ms
Latencies     [min, mean, 50, 90, 95, 99, max]  21.117ms, 21.384ms, 21.365ms, 21.486ms, 21.543ms, 21.865ms, 24.984ms
Bytes In      [total, mean]                     464, 2.00
Bytes Out     [total, mean]                     0, 0.00
Success       [ratio]                           100.00%
Status Codes  [code:count]                      200:232  
Error Set:
Requests      [total, rate, throughput]         242, 10.04, 10.03
Duration      [total, attack, wait]             24.121s, 24.099s, 21.189ms
Latencies     [min, mean, 50, 90, 95, 99, max]  21.117ms, 21.382ms, 21.364ms, 21.483ms, 21.54ms, 21.798ms, 24.984ms
Bytes In      [total, mean]                     484, 2.00
Bytes Out     [total, mean]                     0, 0.00
Success       [ratio]                           100.00%
Status Codes  [code:count]                      200:242  
Error Set:
Requests      [total, rate, throughput]         252, 10.04, 10.03
Duration      [total, attack, wait]             25.121s, 25.1s, 21.409ms
Latencies     [min, mean, 50, 90, 95, 99, max]  21.117ms, 21.378ms, 21.36ms, 21.481ms, 21.536ms, 21.743ms, 24.984ms
Bytes In      [total, mean]                     504, 2.00
Bytes Out     [total, mean]                     0, 0.00
Success       [ratio]                           100.00%
Status Codes  [code:count]                      200:252  
Error Set:
Requests      [total, rate, throughput]         262, 10.04, 10.03
Duration      [total, attack, wait]             26.121s, 26.1s, 21.191ms
Latencies     [min, mean, 50, 90, 95, 99, max]  21.117ms, 21.374ms, 21.357ms, 21.481ms, 21.533ms, 21.732ms, 24.984ms
Bytes In      [total, mean]                     524, 2.00
Bytes Out     [total, mean]                     0, 0.00
Success       [ratio]                           100.00%
Status Codes  [code:count]                      200:262  
Error Set:
Requests      [total, rate, throughput]         272, 10.04, 10.03
Duration      [total, attack, wait]             27.121s, 27.1s, 21.313ms
Latencies     [min, mean, 50, 90, 95, 99, max]  21.117ms, 21.372ms, 21.356ms, 21.479ms, 21.531ms, 21.721ms, 24.984ms
Bytes In      [total, mean]                     544, 2.00
Bytes Out     [total, mean]                     0, 0.00
Success       [ratio]                           100.00%
Status Codes  [code:count]                      200:272  
Error Set:
Requests      [total, rate, throughput]         282, 10.04, 10.03
Duration      [total, attack, wait]             28.121s, 28.1s, 21.232ms
Latencies     [min, mean, 50, 90, 95, 99, max]  21.117ms, 21.37ms, 21.356ms, 21.479ms, 21.53ms, 21.711ms, 24.984ms
Bytes In      [total, mean]                     564, 2.00
Bytes Out     [total, mean]                     0, 0.00
Success       [ratio]                           100.00%
Status Codes  [code:count]                      200:282  
Error Set:
Requests      [total, rate, throughput]         292, 10.03, 10.03
Duration      [total, attack, wait]             29.121s, 29.099s, 21.414ms
Latencies     [min, mean, 50, 90, 95, 99, max]  21.117ms, 21.367ms, 21.355ms, 21.477ms, 21.53ms, 21.7ms, 24.984ms
Bytes In      [total, mean]                     584, 2.00
Bytes Out     [total, mean]                     0, 0.00
Success       [ratio]                           100.00%
Status Codes  [code:count]                      200:292  
Error Set:
Requests      [total, rate, throughput]         302, 10.03, 10.03
Duration      [total, attack, wait]             30.122s, 30.1s, 21.366ms
Latencies     [min, mean, 50, 90, 95, 99, max]  21.117ms, 21.372ms, 21.355ms, 21.479ms, 21.534ms, 22.064ms, 24.984ms
Bytes In      [total, mean]                     604, 2.00
Bytes Out     [total, mean]                     0, 0.00
Success       [ratio]                           100.00%
Status Codes  [code:count]                      200:302  
Error Set:
Requests      [total, rate, throughput]         312, 10.03, 10.03
Duration      [total, attack, wait]             31.122s, 31.1s, 21.342ms
Latencies     [min, mean, 50, 90, 95, 99, max]  21.117ms, 21.372ms, 21.356ms, 21.479ms, 21.532ms, 21.998ms, 24.984ms
Bytes In      [total, mean]                     624, 2.00
Bytes Out     [total, mean]                     0, 0.00
Success       [ratio]                           100.00%
Status Codes  [code:count]                      200:312  
Error Set:
Requests      [total, rate, throughput]         322, 10.03, 10.02
Duration      [total, attack, wait]             32.121s, 32.1s, 21.264ms
Latencies     [min, mean, 50, 90, 95, 99, max]  21.117ms, 21.373ms, 21.358ms, 21.479ms, 21.53ms, 21.931ms, 24.984ms
Bytes In      [total, mean]                     644, 2.00
Bytes Out     [total, mean]                     0, 0.00
Success       [ratio]                           100.00%
Status Codes  [code:count]                      200:322  
Error Set:
Requests      [total, rate, throughput]         332, 10.03, 10.02
Duration      [total, attack, wait]             33.121s, 33.1s, 21.118ms
Latencies     [min, mean, 50, 90, 95, 99, max]  21.117ms, 21.371ms, 21.357ms, 21.477ms, 21.528ms, 21.865ms, 24.984ms
Bytes In      [total, mean]                     664, 2.00
Bytes Out     [total, mean]                     0, 0.00
Success       [ratio]                           100.00%
Status Codes  [code:count]                      200:332  
Error Set:
Requests      [total, rate, throughput]         342, 10.03, 10.02
Duration      [total, attack, wait]             34.122s, 34.1s, 21.376ms
Latencies     [min, mean, 50, 90, 95, 99, max]  21.117ms, 21.371ms, 21.357ms, 21.479ms, 21.53ms, 21.798ms, 24.984ms
Bytes In      [total, mean]                     684, 2.00
Bytes Out     [total, mean]                     0, 0.00
Success       [ratio]                           100.00%
Status Codes  [code:count]                      200:342  
Error Set:
Requests      [total, rate, throughput]         352, 10.03, 10.02
Duration      [total, attack, wait]             35.121s, 35.1s, 21.421ms
Latencies     [min, mean, 50, 90, 95, 99, max]  21.117ms, 21.37ms, 21.357ms, 21.478ms, 21.528ms, 21.743ms, 24.984ms
Bytes In      [total, mean]                     704, 2.00
Bytes Out     [total, mean]                     0, 0.00
Success       [ratio]                           100.00%
Status Codes  [code:count]                      200:352  
Error Set:
Requests      [total, rate, throughput]         362, 10.03, 10.02
Duration      [total, attack, wait]             36.121s, 36.1s, 21.381ms
Latencies     [min, mean, 50, 90, 95, 99, max]  21.117ms, 21.369ms, 21.355ms, 21.478ms, 21.53ms, 21.732ms, 24.984ms
Bytes In      [total, mean]                     724, 2.00
Bytes Out     [total, mean]                     0, 0.00
Success       [ratio]                           100.00%
Status Codes  [code:count]                      200:362  
Error Set:
Requests      [total, rate, throughput]         372, 10.03, 10.02
Duration      [total, attack, wait]             37.121s, 37.099s, 21.23ms
Latencies     [min, mean, 50, 90, 95, 99, max]  21.117ms, 21.369ms, 21.355ms, 21.479ms, 21.528ms, 21.721ms, 24.984ms
Bytes In      [total, mean]                     744, 2.00
Bytes Out     [total, mean]                     0, 0.00
Success       [ratio]                           100.00%
Status Codes  [code:count]                      200:372  
Error Set:
Requests      [total, rate, throughput]         382, 10.03, 10.02
Duration      [total, attack, wait]             38.121s, 38.1s, 21.328ms
Latencies     [min, mean, 50, 90, 95, 99, max]  21.117ms, 21.367ms, 21.353ms, 21.478ms, 21.527ms, 21.711ms, 24.984ms
Bytes In      [total, mean]                     764, 2.00
Bytes Out     [total, mean]                     0, 0.00
Success       [ratio]                           100.00%
Status Codes  [code:count]                      200:382  
Error Set:
Requests      [total, rate, throughput]         392, 10.03, 10.02
Duration      [total, attack, wait]             39.122s, 39.1s, 21.367ms
Latencies     [min, mean, 50, 90, 95, 99, max]  21.108ms, 21.365ms, 21.352ms, 21.477ms, 21.525ms, 21.7ms, 24.984ms
Bytes In      [total, mean]                     784, 2.00
Bytes Out     [total, mean]                     0, 0.00
Success       [ratio]                           100.00%
Status Codes  [code:count]                      200:392  
Error Set:
Requests      [total, rate, throughput]         402, 10.02, 10.02
Duration      [total, attack, wait]             40.122s, 40.1s, 21.253ms
Latencies     [min, mean, 50, 90, 95, 99, max]  21.108ms, 21.363ms, 21.351ms, 21.477ms, 21.523ms, 21.689ms, 24.984ms
Bytes In      [total, mean]                     804, 2.00
Bytes Out     [total, mean]                     0, 0.00
Success       [ratio]                           100.00%
Status Codes  [code:count]                      200:402  
Error Set:
Requests      [total, rate, throughput]         412, 10.02, 10.02
Duration      [total, attack, wait]             41.121s, 41.1s, 21.222ms
Latencies     [min, mean, 50, 90, 95, 99, max]  21.108ms, 21.361ms, 21.349ms, 21.476ms, 21.522ms, 21.678ms, 24.984ms
Bytes In      [total, mean]                     824, 2.00
Bytes Out     [total, mean]                     0, 0.00
Success       [ratio]                           100.00%
Status Codes  [code:count]                      200:412  
Error Set:
Requests      [total, rate, throughput]         422, 10.02, 10.02
Duration      [total, attack, wait]             42.121s, 42.1s, 21.251ms
Latencies     [min, mean, 50, 90, 95, 99, max]  21.108ms, 21.36ms, 21.346ms, 21.474ms, 21.521ms, 21.668ms, 24.984ms
Bytes In      [total, mean]                     844, 2.00
Bytes Out     [total, mean]                     0, 0.00
Success       [ratio]                           100.00%
Status Codes  [code:count]                      200:422  
Error Set:
Requests      [total, rate, throughput]         432, 10.02, 10.02
Duration      [total, attack, wait]             43.121s, 43.1s, 21.232ms
Latencies     [min, mean, 50, 90, 95, 99, max]  21.108ms, 21.359ms, 21.345ms, 21.472ms, 21.519ms, 21.657ms, 24.984ms
Bytes In      [total, mean]                     864, 2.00
Bytes Out     [total, mean]                     0, 0.00
Success       [ratio]                           100.00%
Status Codes  [code:count]                      200:432  
Error Set:
Requests      [total, rate, throughput]         442, 10.02, 10.02
Duration      [total, attack, wait]             44.121s, 44.1s, 21.304ms
Latencies     [min, mean, 50, 90, 95, 99, max]  21.108ms, 21.358ms, 21.342ms, 21.471ms, 21.518ms, 21.646ms, 24.984ms
Bytes In      [total, mean]                     884, 2.00
Bytes Out     [total, mean]                     0, 0.00
Success       [ratio]                           100.00%
Status Codes  [code:count]                      200:442  
Error Set:
Requests      [total, rate, throughput]         452, 10.02, 10.02
Duration      [total, attack, wait]             45.121s, 45.1s, 21.308ms
Latencies     [min, mean, 50, 90, 95, 99, max]  21.108ms, 21.356ms, 21.341ms, 21.47ms, 21.517ms, 21.637ms, 24.984ms
Bytes In      [total, mean]                     904, 2.00
Bytes Out     [total, mean]                     0, 0.00
Success       [ratio]                           100.00%
Status Codes  [code:count]                      200:452  
Error Set:
Requests      [total, rate, throughput]         462, 10.02, 10.02
Duration      [total, attack, wait]             46.121s, 46.099s, 21.217ms
Latencies     [min, mean, 50, 90, 95, 99, max]  21.09ms, 21.354ms, 21.34ms, 21.469ms, 21.515ms, 21.635ms, 24.984ms
Bytes In      [total, mean]                     924, 2.00
Bytes Out     [total, mean]                     0, 0.00
Success       [ratio]                           100.00%
Status Codes  [code:count]                      200:462  
Error Set:
Requests      [total, rate, throughput]         472, 10.02, 10.02
Duration      [total, attack, wait]             47.121s, 47.1s, 21.264ms
Latencies     [min, mean, 50, 90, 95, 99, max]  21.09ms, 21.357ms, 21.34ms, 21.471ms, 21.517ms, 21.721ms, 24.984ms
Bytes In      [total, mean]                     944, 2.00
Bytes Out     [total, mean]                     0, 0.00
Success       [ratio]                           100.00%
Status Codes  [code:count]                      200:472  
Error Set:
Requests      [total, rate, throughput]         482, 10.02, 10.02
Duration      [total, attack, wait]             48.121s, 48.1s, 21.313ms
Latencies     [min, mean, 50, 90, 95, 99, max]  21.09ms, 21.356ms, 21.339ms, 21.47ms, 21.515ms, 21.711ms, 24.984ms
Bytes In      [total, mean]                     964, 2.00
Bytes Out     [total, mean]                     0, 0.00
Success       [ratio]                           100.00%
Status Codes  [code:count]                      200:482  
Error Set:
Requests      [total, rate, throughput]         492, 10.02, 10.02
Duration      [total, attack, wait]             49.122s, 49.1s, 21.408ms
Latencies     [min, mean, 50, 90, 95, 99, max]  21.09ms, 21.356ms, 21.338ms, 21.47ms, 21.514ms, 21.7ms, 24.984ms
Bytes In      [total, mean]                     984, 2.00
Bytes Out     [total, mean]                     0, 0.00
Success       [ratio]                           100.00%
Status Codes  [code:count]                      200:492  
Error Set:
Requests      [total, rate, throughput]         502, 10.02, 10.02
Duration      [total, attack, wait]             50.122s, 50.1s, 21.231ms
Latencies     [min, mean, 50, 90, 95, 99, max]  21.09ms, 21.355ms, 21.338ms, 21.469ms, 21.512ms, 21.689ms, 24.984ms
Bytes In      [total, mean]                     1004, 2.00
Bytes Out     [total, mean]                     0, 0.00
Success       [ratio]                           100.00%
Status Codes  [code:count]                      200:502  
Error Set:
Requests      [total, rate, throughput]         512, 10.02, 10.02
Duration      [total, attack, wait]             51.121s, 51.1s, 21.245ms
Latencies     [min, mean, 50, 90, 95, 99, max]  21.09ms, 21.354ms, 21.338ms, 21.469ms, 21.51ms, 21.678ms, 24.984ms
Bytes In      [total, mean]                     1024, 2.00
Bytes Out     [total, mean]                     0, 0.00
Success       [ratio]                           100.00%
Status Codes  [code:count]                      200:512  
Error Set:
Requests      [total, rate, throughput]         522, 10.02, 10.02
Duration      [total, attack, wait]             52.121s, 52.1s, 21.305ms
Latencies     [min, mean, 50, 90, 95, 99, max]  21.09ms, 21.353ms, 21.337ms, 21.469ms, 21.507ms, 21.668ms, 24.984ms
Bytes In      [total, mean]                     1044, 2.00
Bytes Out     [total, mean]                     0, 0.00
Success       [ratio]                           100.00%
Status Codes  [code:count]                      200:522  
Error Set:
Requests      [total, rate, throughput]         532, 10.02, 10.01
Duration      [total, attack, wait]             53.121s, 53.099s, 21.313ms
Latencies     [min, mean, 50, 90, 95, 99, max]  21.003ms, 21.352ms, 21.337ms, 21.468ms, 21.504ms, 21.657ms, 24.984ms
Bytes In      [total, mean]                     1064, 2.00
Bytes Out     [total, mean]                     0, 0.00
Success       [ratio]                           100.00%
Status Codes  [code:count]                      200:532  
Error Set:
Requests      [total, rate, throughput]         542, 10.02, 10.01
Duration      [total, attack, wait]             54.121s, 54.1s, 21.189ms
Latencies     [min, mean, 50, 90, 95, 99, max]  21.003ms, 21.35ms, 21.336ms, 21.467ms, 21.502ms, 21.646ms, 24.984ms
Bytes In      [total, mean]                     1084, 2.00
Bytes Out     [total, mean]                     0, 0.00
Success       [ratio]                           100.00%
Status Codes  [code:count]                      200:542  
Error Set:
Requests      [total, rate, throughput]         552, 10.02, 10.01
Duration      [total, attack, wait]             55.121s, 55.1s, 21.37ms
Latencies     [min, mean, 50, 90, 95, 99, max]  21.003ms, 21.349ms, 21.335ms, 21.466ms, 21.5ms, 21.637ms, 24.984ms
Bytes In      [total, mean]                     1104, 2.00
Bytes Out     [total, mean]                     0, 0.00
Success       [ratio]                           100.00%
Status Codes  [code:count]                      200:552  
Error Set:
Requests      [total, rate, throughput]         562, 10.02, 10.01
Duration      [total, attack, wait]             56.121s, 56.1s, 21.373ms
Latencies     [min, mean, 50, 90, 95, 99, max]  21.003ms, 21.348ms, 21.335ms, 21.465ms, 21.499ms, 21.635ms, 24.984ms
Bytes In      [total, mean]                     1124, 2.00
Bytes Out     [total, mean]                     0, 0.00
Success       [ratio]                           100.00%
Status Codes  [code:count]                      200:562  
Error Set:
Requests      [total, rate, throughput]         572, 10.02, 10.01
Duration      [total, attack, wait]             57.121s, 57.1s, 21.27ms
Latencies     [min, mean, 50, 90, 95, 99, max]  21.003ms, 21.347ms, 21.334ms, 21.464ms, 21.498ms, 21.633ms, 24.984ms
Bytes In      [total, mean]                     1144, 2.00
Bytes Out     [total, mean]                     0, 0.00
Success       [ratio]                           100.00%
Status Codes  [code:count]                      200:572  
Error Set:
Requests      [total, rate, throughput]         582, 10.02, 10.01
Duration      [total, attack, wait]             58.122s, 58.1s, 21.216ms
Latencies     [min, mean, 50, 90, 95, 99, max]  21.003ms, 21.346ms, 21.333ms, 21.463ms, 21.497ms, 21.632ms, 24.984ms
Bytes In      [total, mean]                     1164, 2.00
Bytes Out     [total, mean]                     0, 0.00
Success       [ratio]                           100.00%
Status Codes  [code:count]                      200:582  
Error Set:
Requests      [total, rate, throughput]         592, 10.02, 10.01
Duration      [total, attack, wait]             59.121s, 59.1s, 21.197ms
Latencies     [min, mean, 50, 90, 95, 99, max]  21.003ms, 21.345ms, 21.331ms, 21.463ms, 21.498ms, 21.632ms, 24.984ms
Bytes In      [total, mean]                     1184, 2.00
Bytes Out     [total, mean]                     0, 0.00
Success       [ratio]                           100.00%
Status Codes  [code:count]                      200:592  
Error Set:
Requests      [total, rate, throughput]         600, 10.02, 10.01
Duration      [total, attack, wait]             59.921s, 59.9s, 21.179ms
Latencies     [min, mean, 50, 90, 95, 99, max]  21.003ms, 21.344ms, 21.33ms, 21.463ms, 21.498ms, 21.631ms, 24.984ms
Bytes In      [total, mean]                     1200, 2.00
Bytes Out     [total, mean]                     0, 0.00
Success       [ratio]                           100.00%
Status Codes  [code:count]                      200:600  
Error Set:
