3.000398 2222.222222 6522 2173.711617 69.558772
3.000723 2222.222222 6572 2190.138539 70.084433
3.000898 2222.222222 6871 2289.647971 73.268735
3.001074 2222.222222 6651 2216.206748 70.918616
3.000186 2222.222222 6708 2235.861147 71.547557
3.002278 2222.222222 6738 2244.295549 71.817458
3.001280 2222.222222 6769 2255.370886 72.171868
3.000335 2222.222222 6721 2240.083083 71.682659
3.000393 2222.222222 6558 2185.713374 69.942828
3.000440 2222.222222 6699 2232.672730 71.445527
3.001795 2222.222222 6511 2169.035470 69.409135
3.000079 2222.222222 6749 2249.607371 71.987436
3.000043 2222.222222 6702 2233.968172 71.486982
3.000020 2222.222222 6457 2152.319124 68.874212
3.000380 2222.222222 6773 2257.381035 72.236193
3.000223 2222.222222 6532 2177.171483 69.669487
3.000182 2222.222222 6535 2178.201027 69.702433
3.000997 2222.222222 6732 2243.254166 71.784133
3.000526 2222.222222 6644 2214.278554 70.856914
3.000435 2222.222222 6703 2234.009185 71.488294
3.000137 2222.222222 6527 2175.567546 69.618161
3.000178 2222.222222 6542 2180.537569 69.777202
3.000086 2222.222222 6626 2208.603269 70.675305
3.000125 2222.222222 6688 2229.240497 71.335696
3.000243 2222.222222 6574 2191.155766 70.116985
3.000424 2222.222222 6648 2215.686587 70.901971
3.000067 2222.222222 6652 2217.284019 70.953089
3.000169 2222.222222 6733 2244.206536 71.814609
3.001151 2222.222222 6610 2202.488172 70.479622
3.000180 2222.222222 6812 2270.530291 72.656969
3.002179 2222.222222 6579 2191.408029 70.125057
3.000201 2222.222222 6594 2197.852685 70.331286
6.000454 2222.222222 6676 2225.278388 71.208908
6.000663 2222.222222 6603 2200.759258 70.424296
6.001379 2222.222222 6630 2209.308356 70.697867
6.002538 2222.222222 6557 2184.472636 69.903124
6.000940 2222.222222 6694 2230.698047 71.382338
6.000267 2222.222222 6572 2190.634388 70.100300
6.000216 2222.222222 6734 2244.563953 71.826047
6.000364 2222.222222 6531 2176.749972 69.655999
6.001391 2222.222222 6620 2205.736061 70.583554
6.000385 2222.222222 6478 2159.190268 69.094089
6.001486 2222.222222 6555 2184.699745 69.910392
6.000441 2222.222222 6667 2222.038710 71.105239
6.001656 2222.222222 6768 2255.051053 72.161634
6.000268 2222.222222 6706 2235.265824 71.528506
6.000202 2222.222222 6643 2214.318598 70.858195
6.000598 2222.222222 6729 2242.946409 71.774285
6.000833 2222.222222 6723 2240.703053 71.702498
6.001904 2222.222222 6848 2281.521445 73.008686
6.002291 2222.222222 6738 2245.990587 71.871699
6.001569 2222.222222 6667 2222.119361 71.107820
6.001871 2222.222222 6641 2213.610417 70.835533
6.000822 2222.222222 6596 2198.594134 70.355012
6.000550 2222.222222 6828 2275.767196 72.824550
6.000248 2222.222222 6686 2228.584213 71.314695
6.000203 2222.222222 6571 2190.308661 70.089877
6.000604 2222.222222 6587 2195.535450 70.257134
6.000317 2222.222222 6723 2240.813143 71.706021
6.001239 2222.222222 6540 2179.936019 69.757953
6.001176 2222.222222 6704 2233.925308 71.485610
6.002671 2222.222222 6737 2244.414731 71.821271
6.002549 2222.222222 6774 2257.721469 72.247087
6.000411 2222.222222 6711 2236.843589 71.578995
9.000510 2222.222222 6626 2208.559423 70.673902
9.000723 2222.222222 6632 2210.331919 70.730621
9.001112 2222.222222 6740 2246.034468 71.873103
9.001494 2222.222222 6765 2254.330818 72.138586
9.000463 2222.222222 6711 2236.805791 71.577785
9.000840 2222.222222 6744 2247.867773 71.931769
9.003825 2222.222222 6792 2262.155772 72.388985
9.007474 2222.222222 6576 2188.399056 70.028770
9.000243 2222.222222 6691 2230.313585 71.370035
9.000595 2222.222222 6693 2230.708409 71.382669
9.001585 2222.222222 6813 2270.430935 72.653790
9.000994 2222.222222 6685 2227.922561 71.293522
9.001896 2222.222222 6662 2219.959888 71.038716
9.000781 2222.222222 6775 2258.195312 72.262250
9.001178 2222.222222 6624 2207.738493 70.647632
9.000641 2222.222222 6500 2166.481534 69.327409
9.000816 2222.222222 6695 2231.396981 71.404703
9.001775 2222.222222 6769 2255.185278 72.165929
9.000501 2222.222222 6715 2238.195633 71.622260
9.003543 2222.222222 6749 2248.437921 71.950013
9.002030 2222.222222 6667 2221.991833 71.103739
9.002475 2222.222222 6660 2219.553381 71.025708
9.000698 2222.222222 6580 2193.225395 70.183213
9.002709 2222.222222 6737 2245.637976 71.860415
9.001767 2222.222222 6723 2240.916915 71.709341
9.001487 2222.222222 6573 2190.999295 70.111977
9.002288 2222.222222 6687 2228.221096 71.303075
9.001811 2222.222222 6671 2223.354856 71.147355
9.002833 2222.222222 6670 2222.931814 71.133818
9.001517 2222.222222 6654 2217.747606 70.967923
9.002550 2222.222222 6690 2229.999840 71.359995
9.000517 2222.222222 6710 2236.587231 71.570791
12.002894 2222.222222 6759 2251.574037 72.050369
12.002772 2222.222222 6620 2205.160285 70.565129
12.001912 2222.222222 6545 2181.566633 69.810132
12.002283 2222.222222 6832 2276.941464 72.862127
12.000889 2222.222222 6644 2214.630598 70.868179
12.000808 2222.222222 6639 2212.877416 70.812077
12.001022 2222.222222 6570 2189.431360 70.061804
12.005159 2222.222222 6595 2195.371597 70.251891
12.000672 2222.222222 6547 2182.215557 69.830898
12.002026 2222.222222 6705 2234.902960 71.516895
12.000878 2222.222222 6490 2163.263530 69.224433
12.001003 2222.222222 6650 2216.267196 70.920550
12.002238 2222.222222 6736 2245.178097 71.845699
12.002947 2222.222222 6487 2161.058942 69.153886
12.002442 2222.222222 6644 2214.034142 70.849093
12.001931 2222.222222 6640 2212.423732 70.797559
12.000639 2222.222222 6614 2204.634838 70.548315
12.001591 2222.222222 6669 2222.425975 71.117631
12.001837 2222.222222 6580 2193.077242 70.178472
12.000514 2222.222222 6589 2196.324472 70.282383
12.003514 2222.222222 6715 2237.558432 71.601870
12.002269 2222.222222 6782 2260.082649 72.322645
12.003029 2222.222222 6781 2260.185645 72.325941
12.003226 2222.222222 6668 2222.284169 71.113093
12.002108 2222.222222 6576 2191.783611 70.137076
12.001657 2222.222222 6600 2199.897192 70.396710
12.002423 2222.222222 6535 2178.235467 69.703535
12.003896 2222.222222 6641 2213.613830 70.835643
12.003550 2222.222222 6572 2190.661450 70.101166
12.002906 2222.222222 6482 2160.409803 69.133114
12.008764 2222.222222 6814 2270.357255 72.651432
12.000643 2222.222222 6693 2230.906590 71.389011
15.001982 2222.222222 6772 2256.596866 72.211100
15.000897 2222.222222 6610 2203.267835 70.504571
15.001175 2222.222222 6715 2238.219325 71.623018
15.001309 2222.222222 6689 2229.354162 71.339333
15.001584 2222.222222 6685 2227.808526 71.289873
15.002014 2222.222222 6761 2252.634333 72.084299
15.001429 2222.222222 6938 2312.083272 73.986665
15.002165 2222.222222 6617 2205.494927 70.575838
15.000627 2222.222222 6621 2206.916804 70.621338
15.002307 2222.222222 6663 2220.972106 71.071107
15.002910 2222.222222 6561 2186.218586 69.958995
15.002496 2222.222222 6655 2218.175981 70.981631
15.003366 2222.222222 6742 2246.330225 71.882567
15.003541 2222.222222 6648 2214.560940 70.865950
15.002638 2222.222222 6719 2239.271091 71.656675
15.003831 2222.222222 6707 2234.877777 71.516089
15.005994 2222.222222 6530 2173.944818 69.566234
15.002955 2222.222222 6704 2234.284164 71.497093
15.003125 2222.222222 6813 2270.824884 72.666396
15.003525 2222.222222 6639 2212.992147 70.815749
15.005271 2222.222222 6757 2251.042318 72.033354
15.003112 2222.222222 6828 2275.874649 72.827989
15.002170 2222.222222 6817 2272.138330 72.708427
15.003141 2222.222222 6606 2201.917406 70.461357
15.003104 2222.222222 6546 2181.504415 69.808141
15.003962 2222.222222 6619 2205.791523 70.585329
15.002156 2222.222222 6691 2229.962500 71.358800
15.004107 2222.222222 6462 2153.848902 68.923165
15.005226 2222.222222 6566 2188.617358 70.035755
15.003743 2222.222222 6688 2228.711717 71.318775
15.009049 2222.222222 6609 2202.790610 70.489300
15.001890 2222.222222 6675 2224.075821 71.170426
18.002568 2222.222222 6648 2214.766458 70.872527
18.003712 2222.222222 6970 2322.135709 74.308343
18.001183 2222.222222 6578 2192.660955 70.165151
18.001483 2222.222222 6712 2237.203808 71.590522
18.002340 2222.222222 6585 2194.761268 70.232361
18.002997 2222.222222 6678 2225.628183 71.220102
18.002303 2222.222222 6645 2214.763328 70.872427
18.002573 2222.222222 6657 2218.154407 70.980941
18.002138 2222.222222 6666 2221.590356 71.090891
18.003551 2222.222222 6603 2200.529666 70.416949
18.001184 2222.222222 6662 2220.254166 71.048133
18.002629 2222.222222 6767 2255.424396 72.173581
18.003846 2222.222222 6765 2254.758086 72.152259
18.003173 2222.222222 6648 2215.964211 70.910855
18.003148 2222.222222 6519 2172.974101 69.535171
18.002912 2222.222222 6839 2279.092754 72.930968
18.003648 2222.222222 6780 2259.478366 72.303308
18.002770 2222.222222 6740 2246.567510 71.890160
18.003485 2222.222222 6624 2207.746994 70.647904
18.003709 2222.222222 6680 2226.411895 71.245181
18.004475 2222.222222 6678 2225.726677 71.223254
18.002219 2222.222222 6844 2281.296359 73.001483
18.003936 2222.222222 6612 2203.922487 70.525520
18.003311 2222.222222 6635 2211.514091 70.768451
18.003616 2222.222222 6619 2206.277599 70.600883
18.004182 2222.222222 6677 2225.503930 71.216126
18.006283 2222.222222 6541 2180.123238 69.763944
18.005457 2222.222222 6598 2199.164282 70.373257
18.006175 2222.222222 6599 2199.004034 70.368129
18.003774 2222.222222 6325 2108.311378 67.465964
18.009123 2222.222222 6807 2268.944168 72.606213
18.001912 2222.222222 6768 2255.982926 72.191454
21.004317 2222.222222 6709 2233.999605 71.487987
21.001656 2222.222222 6536 2178.540718 69.713303
21.003750 2222.222222 6673 2223.503055 71.152098
21.003592 2222.222222 6597 2198.249784 70.343993
21.001286 2222.222222 6719 2239.590738 71.666904
21.002196 2222.222222 6725 2241.623334 71.731947
21.002865 2222.222222 6548 2182.453853 69.838523
21.005387 2222.222222 6759 2251.206560 72.038610
21.003043 2222.222222 6743 2247.112795 71.907609
21.003876 2222.222222 6653 2217.542768 70.961369
21.003804 2222.222222 6793 2263.553477 72.433711
21.003695 2222.222222 6795 2264.940737 72.478104
21.003947 2222.222222 6855 2284.820987 73.114272
21.005242 2222.222222 6785 2259.389320 72.300458
21.005970 2222.222222 6596 2196.895449 70.300654
21.003272 2222.222222 6692 2230.593605 71.378995
21.003734 2222.222222 6617 2205.483556 70.575474
21.003403 2222.222222 6792 2263.807740 72.441848
21.002850 2222.222222 6668 2222.288811 71.113242
21.004947 2222.222222 6462 2153.067422 68.898158
21.004063 2222.222222 6899 2299.569648 73.586229
21.003855 2222.222222 6788 2262.660484 72.405135
21.003811 2222.222222 6677 2225.295780 71.209465
21.004228 2222.222222 6789 2262.964972 72.414879
21.004986 2222.222222 6592 2196.959165 70.302693
21.003133 2222.222222 6612 2203.837263 70.522792
21.005683 2222.222222 6617 2205.500902 70.576029
21.006437 2222.222222 6654 2217.885805 70.972346
21.006200 2222.222222 6624 2207.981305 70.655402
21.003901 2222.222222 6798 2265.904690 72.508950
21.009764 2222.222222 6554 2184.199954 69.894399
21.001928 2222.222222 6902 2300.654927 73.620958
24.002041 2222.222222 6811 2270.041899 72.641341
24.002846 2222.222222 6717 2238.514862 71.632476
24.001526 2222.222222 6667 2222.155256 71.108968
24.003714 2222.222222 6669 2222.909253 71.133096
24.004320 2222.222222 6739 2246.330670 71.882581
24.004348 2222.222222 6786 2261.188897 72.358045
24.004104 2222.222222 6685 2227.413649 71.277237
24.003671 2222.222222 6625 2207.870799 70.651866
24.003416 2222.222222 6587 2195.657070 70.261026
24.003398 2222.222222 6606 2201.597634 70.451124
24.004928 2222.222222 6873 2290.180809 73.285786
24.003493 2222.222222 6693 2230.732338 71.383435
24.003873 2222.222222 6743 2247.562740 71.922008
24.004141 2222.222222 6668 2222.335979 71.114751
24.003892 2222.222222 6761 2253.606080 72.115395
24.004270 2222.222222 6516 2171.766171 69.496517
24.004527 2222.222222 6714 2237.514561 71.600466
24.004572 2222.222222 6880 2293.070555 73.378258
24.006257 2222.222222 6554 2183.070115 69.858244
24.005281 2222.222222 6746 2247.519571 71.920626
24.004028 2222.222222 6625 2208.168187 70.661382
24.006526 2222.222222 6756 2250.844339 72.027019
24.005887 2222.222222 6601 2199.966656 70.398933
24.005496 2222.222222 6653 2217.261068 70.952354
24.006105 2222.222222 6568 2188.704196 70.038534
24.005921 2222.222222 6627 2208.824105 70.682371
24.006640 2222.222222 6548 2182.519019 69.840609
24.008126 2222.222222 6712 2235.726267 71.543241
24.006764 2222.222222 6759 2252.577153 72.082469
24.004532 2222.222222 6715 2237.862443 71.611598
24.010506 2222.222222 6628 2208.787238 70.681192
24.001950 2222.222222 6729 2242.982966 71.775455
27.003177 2222.222222 6630 2209.163458 70.693231
27.004665 2222.222222 6775 2258.073701 72.258358
27.002319 2222.222222 6825 2274.399022 72.780769
27.002944 2222.222222 6694 2231.259983 71.400319
27.004232 2222.222222 6604 2201.069559 70.434226
27.003884 2222.222222 6580 2193.208906 70.182685
27.003527 2222.222222 6541 2180.252825 69.768090
27.004765 2222.222222 6677 2225.523532 71.216753
27.003885 2222.222222 6703 2234.174279 71.493577
27.004177 2222.222222 6690 2229.945429 71.358254
27.004982 2222.222222 6657 2217.828854 70.970523
27.005075 2222.222222 6615 2204.313847 70.538043
27.004128 2222.222222 6686 2228.592569 71.314962
27.004417 2222.222222 6673 2224.281938 71.177022
27.004177 2222.222222 6642 2213.789899 70.841277
27.005077 2222.222222 6617 2205.262806 70.568410
27.003788 2222.222222 6633 2210.782805 70.745050
27.004600 2222.222222 6695 2231.421136 71.405476
27.006895 2222.222222 6717 2237.532486 71.601040
27.006139 2222.222222 6844 2281.168114 72.997380
27.009979 2222.222222 6745 2245.748609 71.863955
27.006602 2222.222222 6601 2199.809015 70.393888
27.005874 2222.222222 6642 2213.721487 70.839088
27.008167 2222.222222 6593 2195.554393 70.257741
27.006890 2222.222222 6709 2235.861279 71.547561
27.007144 2222.222222 6764 2254.288159 72.137221
27.006768 2222.222222 6810 2269.996805 72.639898
27.006316 2222.222222 6474 2157.847884 69.051132
27.008167 2222.222222 6764 2254.636223 72.148359
27.004601 2222.222222 6754 2251.281074 72.040994
27.010875 2222.222222 6592 2197.063004 70.306016
27.003086 2222.222222 6576 2191.170341 70.117451
#type       avg     std     min     5th    10th    90th    95th    99th
read     1173.3   653.5   142.0   732.4   792.3  1504.2  1593.0  1921.6
update   1173.7   656.0   171.9   732.4   791.9  1505.3  1597.5  1949.5
op_q        4.0     2.3     1.0     1.1     2.0     6.8     7.4    10.0

Total QPS = 160040.8 (4801224 / 30.0s)

Misses = 0 (0.0%)
Skipped TXs = 0 (0.0%)

RX  827548103 bytes :   26.3 MB/s
TX  531850927 bytes :   16.9 MB/s
