3.000419 3437.500000 10210 3402.857705 108.891447
3.000555 3437.500000 10152 3383.374482 108.267983
3.000946 3437.500000 10224 3406.925864 109.021628
3.000093 3437.500000 10369 3456.226653 110.599253
3.000471 3437.500000 10422 3473.454592 111.150547
3.000016 3437.500000 10294 3431.315442 109.802094
3.000331 3437.500000 10148 3382.294004 108.233408
3.000109 3437.500000 10240 3413.209413 109.222701
3.000022 3437.500000 10273 3424.308060 109.577858
3.000133 3437.500000 10594 3531.176755 112.997656
3.000028 3437.500000 10197 3398.968201 108.766982
3.000406 3437.500000 10448 3482.195221 111.430247
3.000032 3437.500000 10259 3419.629924 109.428158
3.000392 3437.500000 10115 3371.226671 107.879253
3.000511 3437.500000 10441 3479.740896 111.351709
3.000173 3437.500000 10293 3430.802433 109.785678
3.000446 3437.500000 10627 3541.806343 113.337803
3.000007 3437.500000 10263 3420.991824 109.471738
3.000064 3437.500000 10144 3381.261217 108.200359
3.000203 3437.500000 10417 3472.098852 111.107163
3.000030 3437.500000 10391 3463.632201 110.836230
3.000209 3437.500000 10128 3375.765054 108.024482
3.000149 3437.500000 10109 3369.498810 107.823962
3.000402 3437.500000 10398 3465.535759 110.897144
3.000218 3437.500000 10250 3416.418696 109.325398
3.000053 3437.500000 10147 3382.273709 108.232759
3.000124 3437.500000 10214 3404.525626 108.944820
3.000701 3437.500000 10101 3366.213011 107.718816
3.000093 3437.500000 10262 3420.560928 109.457950
3.000086 3437.500000 10238 3412.569262 109.202216
3.000007 3437.500000 10305 3434.992078 109.919747
3.000049 3437.500000 10342 3447.276796 110.312857
6.000178 3437.500000 10190 3396.634366 108.692300
6.000581 3437.500000 10282 3426.677661 109.653685
6.000460 3437.500000 10340 3446.599568 110.291186
6.000412 3437.500000 10451 3483.223064 111.463138
6.000560 3437.500000 10333 3443.764205 110.200455
6.000112 3437.500000 10429 3476.236347 111.239563
6.000554 3437.500000 10327 3441.895953 110.140671
6.000483 3437.500000 10317 3438.695386 110.038252
6.000326 3437.500000 10269 3422.865871 109.531708
6.000312 3437.500000 10189 3396.016488 108.672528
6.000589 3437.500000 10559 3519.363754 112.619640
6.000531 3437.500000 10504 3501.263967 112.040447
6.001013 3437.500000 10582 3526.966487 112.862928
6.000126 3437.500000 10453 3484.313515 111.498032
6.000680 3437.500000 10330 3443.189207 110.182055
6.000053 3437.500000 10192 3397.291294 108.713321
6.000244 3437.500000 10295 3431.448357 109.806347
6.000491 3437.500000 10274 3424.552567 109.585682
6.001228 3437.500000 10188 3394.635069 108.628322
6.000370 3437.500000 10315 3438.061516 110.017969
6.001414 3437.500000 10091 3362.536676 107.601174
6.000538 3437.500000 10405 3468.195926 110.982270
6.000134 3437.500000 10297 3432.321741 109.834296
6.000392 3437.500000 10356 3451.781840 110.457019
6.000546 3437.500000 10318 3439.292938 110.057374
6.000576 3437.500000 10533 3510.848567 112.347154
6.000257 3437.500000 10272 3423.813014 109.562016
6.000257 3437.500000 10315 3438.145244 110.020648
6.000808 3437.500000 10300 3432.506344 109.840203
6.001343 3437.500000 10313 3437.211676 109.990774
6.000113 3437.500000 10314 3437.878795 110.012121
6.000586 3437.500000 10416 3471.378616 111.084116
9.001311 3437.500000 10308 3434.970441 109.919054
9.000538 3437.500000 10216 3405.077480 108.962479
9.000370 3437.500000 10438 3479.202081 111.334467
9.000708 3437.500000 10160 3385.927344 108.349675
9.000490 3437.500000 10346 3448.478676 110.351318
9.000565 3437.500000 10232 3410.226923 109.127262
9.001140 3437.500000 10428 3474.808825 111.193882
9.000284 3437.500000 10180 3393.302661 108.585685
9.000565 3437.500000 10236 3411.969837 109.183035
9.000153 3437.500000 10330 3443.301954 110.185663
9.001426 3437.500000 10355 3451.570923 110.450270
9.000776 3437.500000 10365 3454.775914 110.552829
9.000619 3437.500000 10437 3478.711434 111.318766
9.000659 3437.500000 10196 3398.476680 108.751254
9.000511 3437.500000 9996 3331.867926 106.619774
9.000662 3437.500000 10287 3428.882688 109.724246
9.000685 3437.500000 10122 3373.994553 107.967826
9.000644 3437.500000 10398 3465.896013 110.908672
9.000626 3437.500000 10400 3466.555880 110.929788
9.000534 3437.500000 10280 3426.608466 109.651471
9.000652 3437.500000 10363 3454.260651 110.536341
9.000141 3437.500000 10028 3342.658824 106.965082
9.000868 3437.500000 10347 3448.531717 110.353015
9.000902 3437.500000 10355 3451.256668 110.440213
9.000785 3437.500000 10471 3490.089660 111.682869
9.000353 3437.500000 10227 3408.875972 109.084031
9.001422 3437.500000 10211 3403.658062 108.917058
9.001402 3437.500000 10445 3481.464737 111.406872
9.001500 3437.500000 10220 3406.114503 108.995664
9.001771 3437.500000 10271 3422.568380 109.522188
9.000239 3437.500000 10136 3378.524974 108.112799
9.000854 3437.500000 10529 3509.353775 112.299321
12.002398 3437.500000 10359 3451.029477 110.432943
12.000585 3437.500000 10354 3451.223359 110.439147
12.001114 3437.500000 10393 3463.799650 110.841589
12.000797 3437.500000 10206 3401.975985 108.863232
12.000691 3437.500000 10314 3437.855745 110.011384
12.000542 3437.500000 10376 3458.630690 110.676182
12.000468 3437.500000 10241 3413.309156 109.225893
12.000185 3437.500000 10354 3451.283459 110.441071
12.000774 3437.500000 10401 3466.849569 110.939186
12.000599 3437.500000 10388 3462.595528 110.803057
12.000675 3437.500000 10317 3438.944599 110.046227
12.001690 3437.500000 10509 3502.040161 112.065285
12.001281 3437.500000 10243 3413.580445 109.234574
12.000803 3437.500000 10384 3461.023700 110.752758
12.002256 3437.500000 10278 3424.069916 109.570237
12.001370 3437.500000 10192 3396.531911 108.689021
12.000746 3437.500000 10302 3433.900715 109.884823
12.000782 3437.500000 10352 3450.093794 110.403001
12.000953 3437.500000 10173 3390.722635 108.503124
12.001342 3437.500000 10303 3433.830337 109.882571
12.001503 3437.500000 10341 3446.884343 110.300299
12.001514 3437.500000 10384 3461.099199 110.755174
12.000929 3437.500000 9977 3325.507224 106.416231
12.001515 3437.500000 10290 3428.691674 109.718134
12.000417 3437.500000 10256 3418.593276 109.394985
12.001817 3437.500000 10556 3517.873333 112.571947
12.001457 3437.500000 10545 3514.958872 112.478684
12.001609 3437.500000 10186 3395.126911 108.644061
12.001806 3437.500000 10339 3445.981604 110.271411
12.001963 3437.500000 10353 3450.779661 110.424949
12.000266 3437.500000 10589 3529.634733 112.948311
12.001442 3437.500000 10466 3487.982418 111.615437
15.003592 3437.500000 10521 3504.777888 112.152892
15.002522 3437.500000 10479 3490.696613 111.702292
15.000379 3437.500000 10288 3429.111681 109.731574
15.000693 3437.500000 10178 3392.663592 108.565235
15.000794 3437.500000 10433 3477.528670 111.280917
15.001001 3437.500000 10216 3404.861912 108.955581
15.001038 3437.500000 10422 3473.662109 111.157187
15.000641 3437.500000 10465 3488.131821 111.620218
15.001140 3437.500000 10356 3451.785334 110.457131
15.001204 3437.500000 10363 3453.864852 110.523675
15.000946 3437.500000 10448 3482.467615 111.438964
15.001937 3437.500000 10212 3403.863477 108.923631
15.001501 3437.500000 10226 3408.227495 109.063280
15.000696 3437.500000 10461 3486.886991 111.580384
15.001599 3437.500000 10454 3484.401207 111.500839
15.002362 3437.500000 10245 3413.969602 109.247027
15.001653 3437.500000 10504 3501.281944 112.041022
15.000561 3437.500000 10376 3458.500789 110.672025
15.001450 3437.500000 10176 3391.877251 108.540072
15.001088 3437.500000 10251 3416.675127 109.333604
15.001287 3437.500000 10247 3415.259387 109.288300
15.001627 3437.500000 10755 3584.864692 114.715670
15.003013 3437.500000 10232 3409.294933 109.097438
15.001443 3437.500000 10354 3451.146377 110.436684
15.002647 3437.500000 10177 3391.040390 108.513292
15.000839 3437.500000 10404 3467.934473 110.973903
15.002871 3437.500000 10290 3429.296265 109.737480
15.001759 3437.500000 10363 3454.051840 110.529659
15.002508 3437.500000 10373 3457.540263 110.641288
15.002071 3437.500000 10230 3409.877223 109.116071
15.000323 3437.500000 10335 3444.934706 110.237911
15.001515 3437.500000 10157 3385.584302 108.338698
18.000782 3437.500000 10211 3403.565955 108.914111
18.002065 3437.500000 10045 3347.812795 107.130009
18.001231 3437.500000 10411 3470.109517 111.043505
18.000717 3437.500000 10352 3450.642413 110.420557
18.002745 3437.500000 10300 3431.570252 109.810248
18.001049 3437.500000 10316 3438.373771 110.027961
18.000391 3437.500000 10418 3472.652428 111.124878
18.001283 3437.500000 10314 3437.613963 110.003647
18.000700 3437.500000 10348 3449.265079 110.376483
18.001626 3437.500000 10137 3378.802325 108.121674
18.000615 3437.500000 10360 3453.271867 110.504700
18.001217 3437.500000 10215 3404.853183 108.955302
18.001727 3437.500000 10266 3421.915573 109.501298
18.001681 3437.500000 10409 3469.604843 111.027355
18.001958 3437.500000 10415 3471.070984 111.074272
18.001777 3437.500000 10313 3436.777385 109.976876
18.001301 3437.500000 10545 3514.811553 112.473970
18.001393 3437.500000 10050 3349.380845 107.180187
18.002360 3437.500000 10126 3374.857272 107.995433
18.001654 3437.500000 10169 3389.251310 108.456042
18.002367 3437.500000 10451 3482.660523 111.445137
18.003106 3437.500000 10281 3426.317176 109.642150
18.003185 3437.500000 10258 3418.720256 109.399048
18.003471 3437.500000 10456 3484.046094 111.489475
18.001928 3437.500000 10392 3463.804860 110.841756
18.003008 3437.500000 10256 3418.510470 109.392335
18.002715 3437.500000 10325 3440.927452 110.109678
18.002711 3437.500000 10389 3462.781838 110.809019
18.001112 3437.500000 10381 3459.422489 110.701520
18.003597 3437.500000 10342 3447.327279 110.314473
18.003302 3437.500000 10187 3395.339957 108.650879
18.001579 3437.500000 10437 3478.926240 111.325640
21.004241 3437.500000 10266 3419.364172 109.419654
21.000870 3437.500000 10207 3402.160708 108.869143
21.000864 3437.500000 10489 3496.237953 111.879614
21.002087 3437.500000 10243 3412.755285 109.208169
21.002078 3437.500000 10181 3392.767279 108.568553
21.001299 3437.500000 10376 3458.379206 110.668135
21.002627 3437.500000 10260 3418.488655 109.391637
21.001349 3437.500000 10265 3420.829441 109.466542
21.000692 3437.500000 10261 3419.989974 109.439679
21.001234 3437.500000 10563 3520.996990 112.671904
21.001820 3437.500000 10508 3502.616959 112.083743
21.001402 3437.500000 10313 3437.455395 109.998573
21.001768 3437.500000 10053 3350.902870 107.228892
21.002481 3437.500000 10217 3405.195267 108.966249
21.001691 3437.500000 10308 3435.925594 109.949619
21.001948 3437.500000 10395 3464.359092 110.859491
21.002018 3437.500000 10262 3420.597902 109.459133
21.002053 3437.500000 10269 3422.545413 109.521453
21.003467 3437.500000 10411 3468.320839 110.986267
21.002400 3437.500000 10574 3524.628090 112.788099
21.002822 3437.500000 10340 3446.136526 110.276369
21.002945 3437.500000 10315 3438.104010 110.019328
21.004145 3437.500000 10295 3431.040463 109.793295
21.003449 3437.500000 10488 3495.140072 111.844482
21.004225 3437.500000 10288 3428.053926 109.697726
21.003317 3437.500000 10386 3461.848097 110.779139
21.003936 3437.500000 10265 3421.135900 109.476349
21.003200 3437.500000 10523 3507.442672 112.238166
21.002977 3437.500000 10185 3394.703235 108.630504
21.001235 3437.500000 10486 3495.190579 111.846099
21.003655 3437.500000 10395 3464.591840 110.866939
21.001676 3437.500000 10246 3415.222795 109.287129
24.001395 3437.500000 10305 3434.889763 109.916472
24.001164 3437.500000 10413 3470.652430 111.060878
24.001786 3437.500000 10223 3407.039882 109.025276
24.001311 3437.500000 10255 3417.830640 109.370580
24.000942 3437.500000 10442 3480.376444 111.372046
24.003770 3437.500000 10201 3398.872078 108.763907
24.001421 3437.500000 10282 3427.311624 109.673972
24.002109 3437.500000 10215 3404.525757 108.944824
24.001732 3437.500000 10339 3445.892792 110.268569
24.003185 3437.500000 10362 3452.369263 110.475816
24.001874 3437.500000 10418 3472.603852 111.123323
24.002125 3437.500000 10584 3527.944797 112.894233
24.002088 3437.500000 10240 3413.254073 109.224130
24.002273 3437.500000 10101 3366.791958 107.737343
24.002167 3437.500000 10586 3528.532361 112.913036
24.002813 3437.500000 10044 3347.792677 107.129366
24.002621 3437.500000 10403 3467.411804 110.957178
24.002639 3437.500000 10394 3463.868837 110.843803
24.003236 3437.500000 10341 3446.523588 110.288755
24.003140 3437.500000 10271 3423.444544 109.550225
24.003486 3437.500000 10297 3432.311724 109.833975
24.004129 3437.500000 10352 3449.885280 110.396329
24.003365 3437.500000 10379 3459.610788 110.707545
24.003277 3437.500000 10214 3404.579400 108.946541
24.004073 3437.500000 10342 3447.176039 110.309633
24.003447 3437.500000 10210 3402.800425 108.889614
24.001634 3437.500000 10181 3393.215057 108.582882
24.004517 3437.500000 10428 3475.662122 111.221188
24.003770 3437.500000 10242 3413.869696 109.243830
24.004529 3437.500000 10392 3463.556184 110.833798
24.004353 3437.500000 9985 3328.209054 106.502690
24.002433 3437.500000 10345 3447.463720 110.318839
27.001561 3437.500000 10251 3416.548532 109.329553
27.001446 3437.500000 10319 3439.511736 110.064376
27.001813 3437.500000 10311 3436.968276 109.982985
27.001057 3437.500000 10352 3450.534681 110.417110
27.002322 3437.500000 10383 3460.754437 110.744142
27.001861 3437.500000 10508 3502.122710 112.067927
27.002554 3437.500000 10175 3390.897963 108.508735
27.002391 3437.500000 10178 3391.570168 108.530245
27.002195 3437.500000 10293 3430.919960 109.789439
27.003218 3437.500000 10370 3456.199292 110.598377
27.003118 3437.500000 10304 3433.577802 109.874490
27.002576 3437.500000 10372 3456.771105 110.616675
27.002724 3437.500000 10485 3494.879408 111.836141
27.002334 3437.500000 10363 3454.263157 110.536421
27.002636 3437.500000 10340 3445.628222 110.260103
27.003323 3437.500000 10092 3363.845237 107.643048
27.003171 3437.500000 10365 3454.964207 110.558855
27.002688 3437.500000 10411 3470.276865 111.048860
27.003962 3437.500000 10145 3380.848867 108.187164
27.003562 3437.500000 10074 3357.779712 107.448951
27.003343 3437.500000 10116 3371.925646 107.901621
27.003875 3437.500000 10294 3430.844300 109.787018
27.005430 3437.500000 10464 3486.953201 111.582502
27.003802 3437.500000 10380 3459.636322 110.708362
27.004528 3437.500000 10097 3365.156281 107.685001
27.004334 3437.500000 10454 3484.427946 111.501694
27.003989 3437.500000 10214 3404.418334 108.941387
27.004533 3437.500000 10121 3373.648925 107.956766
27.004034 3437.500000 10277 3425.364373 109.611660
27.001643 3437.500000 10170 3389.990027 108.479681
27.004370 3437.500000 10208 3402.646998 108.884704
27.003056 3437.500000 10434 3477.277997 111.272896
#type       avg     std     min     5th    10th    90th    95th    99th
read     1020.6   295.9   156.2   664.0   704.5  1306.6  1364.0  1554.6
update   1020.6   289.2   156.2   664.1   704.6  1307.3  1364.6  1584.7
op_q        5.0     2.4     1.0     2.0     2.1     7.9     9.6    11.9

Total QPS = 220068.5 (6602055 / 30.0s)

Misses = 0 (0.0%)
Skipped TXs = 0 (0.0%)

RX 1144912706 bytes :   36.4 MB/s
TX  731424361 bytes :   23.3 MB/s
