3.000138 10937.500000 32550 10849.499981 347.183999
3.000071 10937.500000 32707 10902.074388 348.866380
3.000047 10937.500000 32529 10842.831134 346.970596
3.000392 10937.500000 32990 10995.230648 351.847381
3.000058 10937.500000 32574 10857.788745 347.449240
3.000455 10937.500000 32513 10836.023574 346.752754
3.000152 10937.500000 32572 10856.782893 347.417053
3.000001 10937.500000 33257 11085.662371 354.741196
3.000117 10937.500000 32880 10959.572028 350.706305
3.000016 10937.500000 32246 10748.607555 343.955442
3.000085 10937.500000 33133 11044.020376 353.408652
3.000111 10937.500000 32826 10941.593762 350.131000
3.000720 10937.500000 32935 10975.699380 351.222380
3.000444 10937.500000 33097 11030.699795 352.982393
3.000079 10937.500000 32761 10920.045148 349.441445
3.000005 10937.500000 33194 11064.649617 354.068788
3.000001 10937.500000 32945 10981.662754 351.413208
3.000015 10937.500000 32686 10895.277266 348.648873
3.000109 10937.500000 32306 10768.273643 344.584757
3.000001 10937.500000 32815 10938.327965 350.026495
3.000006 10937.500000 32958 10985.977058 351.551266
3.000032 10937.500000 32496 10831.886041 346.620353
3.000064 10937.500000 32727 10908.765634 349.080500
3.000033 10937.500000 33091 11030.211026 352.966753
3.000050 10937.500000 32934 10977.818860 351.290204
3.000085 10937.500000 32878 10959.021421 350.688685
3.000067 10937.500000 32536 10845.089360 347.042860
3.000046 10937.500000 32850 10949.830710 350.394583
3.000387 10937.500000 32631 10875.595384 348.019052
3.000031 10937.500000 32630 10876.554499 348.049744
3.000072 10937.500000 32927 10975.404654 351.212949
3.000114 10937.500000 32701 10899.919443 348.797422
6.000284 10937.500000 33015 11004.019287 352.128617
6.000013 10937.500000 33062 11020.622465 352.659919
6.000068 10937.500000 32725 10908.255177 349.064166
6.000548 10937.500000 32909 10967.686285 350.965961
6.000024 10937.500000 32714 10904.595175 348.947046
6.000129 10937.500000 32632 10876.870459 348.059855
6.000268 10937.500000 32533 10843.622051 346.995906
6.000018 10937.500000 32983 10994.271972 351.816703
6.000098 10937.500000 33198 11065.855562 354.107378
6.000319 10937.500000 33028 11008.345874 352.267068
6.000191 10937.500000 32626 10875.141188 348.004518
6.000112 10937.500000 33055 11018.332642 352.586645
6.000568 10937.500000 32745 10914.589619 349.266868
6.000316 10937.500000 32549 10849.074922 347.170398
6.000036 10937.500000 32924 10974.591618 351.186932
6.000355 10937.500000 33025 11007.143843 352.228603
6.000049 10937.500000 33069 11022.990293 352.735689
6.000137 10937.500000 32525 10841.405630 346.924980
6.000210 10937.500000 32380 10792.997569 345.375922
6.000282 10937.500000 32972 10989.922172 351.677510
6.000160 10937.500000 33257 11085.479489 354.735344
6.000131 10937.500000 32974 10991.100695 351.715222
6.000398 10937.500000 33238 11079.292643 354.537365
6.000137 10937.500000 32666 10888.479098 348.431331
6.000087 10937.500000 33236 11078.463489 354.510832
6.000190 10937.500000 32787 10928.617946 349.715774
6.000102 10937.500000 33093 11030.748593 352.983955
6.000521 10937.500000 32796 10931.719614 349.815028
6.000784 10937.500000 32764 10921.101869 349.475260
6.000452 10937.500000 33175 11058.112691 353.859606
6.000134 10937.500000 32674 10891.106743 348.515416
6.000236 10937.500000 32675 10891.222012 348.519104
9.000245 10937.500000 33038 11012.270855 352.392667
9.000232 10937.500000 32544 10847.846848 347.131099
9.000051 10937.500000 32461 10820.237572 346.247602
9.000233 10937.500000 32714 10904.290009 348.937280
9.000035 10937.500000 33164 11054.587674 353.746806
9.000140 10937.500000 32786 10928.511282 349.712361
9.000096 10937.500000 32644 10881.116285 348.195721
9.000075 10937.500000 32910 10969.976637 351.039252
9.000810 10937.500000 32941 10979.446689 351.342294
9.000244 10937.500000 32855 10951.544189 350.449414
9.000020 10937.500000 32801 10933.657038 349.877025
9.000426 10937.500000 32579 10858.622390 347.475916
9.000346 10937.500000 32980 10993.047628 351.777524
9.000279 10937.500000 32818 10938.688067 350.038018
9.000293 10937.500000 32470 10823.301281 346.345641
9.000486 10937.500000 32833 10944.209345 350.214699
9.000322 10937.500000 32954 10984.074612 351.490388
9.000292 10937.500000 32845 10947.674973 350.325599
9.000283 10937.500000 33057 11018.999013 352.607968
9.000794 10937.500000 32721 10906.104155 348.995333
9.000136 10937.500000 32664 10887.822241 348.410312
9.000646 10937.500000 32848 10948.128278 350.340105
9.000247 10937.500000 32922 10973.794425 351.161422
9.000436 10937.500000 33150 11049.701790 353.590457
9.000064 10937.500000 32485 10828.277819 346.504890
9.000320 10937.500000 32443 10814.329705 346.058551
9.000736 10937.500000 32936 10977.430901 351.277789
9.000651 10937.500000 32861 10953.192412 350.502157
9.000158 10937.500000 32591 10863.567118 347.634148
9.000880 10937.500000 32892 10963.646067 350.836674
9.000306 10937.500000 32579 10859.045096 347.489443
9.000623 10937.500000 32749 10914.926490 349.277648
12.000426 21874.000000 54231 18075.833491 578.426672
12.000261 21874.000000 54324 18107.900332 579.452811
12.000502 21874.000000 54564 18187.898046 582.012737
12.000191 21874.000000 54605 18201.358563 582.443474
12.000739 21874.000000 53820 17939.985881 574.079548
12.000286 21874.000000 54608 18202.643724 582.484599
12.000809 21874.000000 54555 18184.908699 581.917078
12.000324 21874.000000 54176 18058.555322 577.873770
12.000895 21874.000000 55229 18409.574758 589.106392
12.000143 21874.000000 54212 18070.622628 578.259924
12.000079 21874.000000 54376 18125.306473 580.009807
12.000448 21874.000000 54957 18317.754507 586.168144
12.000340 21874.000000 55005 18334.874726 586.715991
12.000351 21874.000000 54573 18190.970244 582.111048
12.000207 21874.000000 54580 18192.656375 582.165004
12.000086 21874.000000 54650 18216.454948 582.926558
12.000042 21874.000000 54529 18176.289253 581.641256
12.000351 21874.000000 54852 18283.644336 585.076619
12.000297 21874.000000 54638 18212.552444 582.801678
12.000353 21874.000000 54880 18292.686948 585.365982
12.000677 21874.000000 54871 18290.172793 585.285529
12.000355 21874.000000 54304 18101.133414 579.236269
12.000634 21874.000000 54649 18215.134006 582.884288
12.000862 21874.000000 55139 18379.350174 588.139206
12.000244 21874.000000 55246 18415.258704 589.288279
12.000658 21874.000000 55129 18376.257656 588.040245
12.000445 21874.000000 54623 18206.740316 582.615690
12.000021 21874.000000 54561 18186.997567 581.983922
12.000481 21874.000000 55008 18334.028426 586.688910
12.000473 21874.000000 54869 18289.380049 585.260162
12.000069 21874.000000 55363 18454.302301 590.537674
12.000719 21874.000000 54376 18124.756268 579.992201
15.000394 21874.000000 65692 21897.015287 700.704489
15.000107 21874.000000 65659 21886.181109 700.357795
15.000425 21874.000000 65793 21930.383032 701.772257
15.000376 21874.000000 66019 22006.152695 704.196886
15.000289 21874.000000 65579 21859.068932 699.490206
15.000195 21874.000000 65229 21741.888938 695.740446
15.000307 21874.000000 64600 21533.266799 689.064538
15.000842 21874.000000 65783 21926.907399 701.661037
15.000356 21874.000000 65596 21865.327796 699.690489
15.000262 21874.000000 65462 21820.656604 698.261011
15.000580 21874.000000 65494 21830.372950 698.571934
15.000446 21874.000000 65311 21770.320297 696.650250
15.000133 21874.000000 65440 21812.940858 698.014107
15.000152 21874.000000 66334 22111.263178 707.560422
15.000496 21874.000000 65691 21896.894042 700.700609
15.000478 21874.000000 66041 22013.627284 704.436073
15.000684 21874.000000 65796 21930.675820 701.781626
15.000331 21874.000000 65271 21756.947918 696.222333
15.000728 21874.000000 65594 21864.299567 699.657586
15.000344 21874.000000 65621 21872.942743 699.934168
15.000195 21874.000000 65703 21900.083748 700.802680
15.000894 21874.000000 65274 21757.765204 696.248487
15.000966 21874.000000 65975 21991.148901 703.716765
15.000447 21874.000000 66027 22008.317120 704.266148
15.000820 21874.000000 65555 21851.586416 699.250765
15.000664 21874.000000 65618 21872.441702 699.918134
15.000794 21874.000000 65322 21773.016911 696.736541
15.000399 21874.000000 65515 21837.517032 698.800545
15.000430 21874.000000 66152 22050.639866 705.620476
15.000034 21874.000000 65839 21946.238010 702.279616
15.000205 21874.000000 65543 21847.564691 699.122070
15.000747 21874.000000 65559 21852.792535 699.289361
18.000266 21874.000000 65129 21709.639123 694.708452
18.000327 21874.000000 65063 21687.522753 694.000728
18.000538 21874.000000 66090 22029.557679 704.945846
18.000166 21874.000000 65409 21802.569449 697.682222
18.000441 21874.000000 65700 21899.694021 700.790209
18.000339 21874.000000 64948 21648.297207 692.745511
18.000406 21874.000000 65278 21759.250215 696.296007
18.000316 21874.000000 65288 21761.864384 696.379660
18.000926 21874.000000 65860 21953.098702 702.499158
18.000982 21874.000000 65409 21802.885963 697.692351
18.000220 21874.000000 65690 21896.169582 700.677427
18.000493 21874.000000 65861 21953.327278 702.506473
18.000297 21874.000000 66065 22021.611986 704.691584
18.000242 21874.000000 64981 21659.992390 693.119756
18.000760 21874.000000 65542 21847.098727 699.107159
18.000845 21874.000000 65857 21952.318031 702.474177
18.000509 21874.000000 65527 21841.761611 698.936372
18.000675 21874.000000 64730 21576.594030 690.451009
18.000609 21874.000000 65751 21916.794405 701.337421
18.000441 21874.000000 65312 21769.870222 696.635847
18.000853 21874.000000 65728 21909.096855 701.091099
18.000347 21874.000000 65986 21995.312643 703.850005
18.000037 21874.000000 65279 21759.646599 696.308691
18.000499 21874.000000 65995 21998.307943 703.945854
18.000392 21874.000000 65812 21937.214550 701.990866
18.000485 21874.000000 65846 21948.381111 702.348196
18.000422 21874.000000 65953 21983.846481 703.483087
18.000426 21874.000000 66334 22111.323835 707.562363
18.000713 21874.000000 65801 21933.448447 701.870350
18.000797 21874.000000 65319 21772.635565 696.724338
18.000133 21874.000000 66162 22053.998386 705.727948
18.000807 21874.000000 65723 21907.571410 701.042285
21.000115 21874.000000 65283 21760.431447 696.333806
21.000371 21874.000000 65761 21919.564926 701.426078
21.000319 21874.000000 65293 21764.307885 696.457852
21.000625 21874.000000 65263 21754.217475 696.134959
21.000515 21874.000000 65569 21856.117765 699.395768
21.000525 21874.000000 65573 21856.801293 699.417641
21.000343 21874.000000 65878 21959.212990 702.694816
21.000488 21874.000000 65990 21996.322831 703.882331
21.001377 21874.000000 65318 21769.800976 696.633631
21.000690 21874.000000 65760 21919.887590 701.436403
21.000880 21874.000000 65587 21861.117936 699.555774
21.000423 21874.000000 66155 22051.045178 705.633446
21.001049 21874.000000 65635 21877.435525 700.077937
21.000859 21874.000000 65849 21949.619330 702.387819
21.000554 21874.000000 65337 21776.740327 696.855690
21.000405 21874.000000 65627 21875.574160 700.018373
21.000269 21874.000000 66142 22046.574650 705.490389
21.000527 21874.000000 65727 21908.753321 701.080106
21.000883 21874.000000 65705 21900.765786 700.824505
21.000414 21874.000000 66096 22031.136548 704.996370
21.000436 21874.000000 65181 21726.928333 695.261707
21.000229 21874.000000 65301 21766.938138 696.542020
21.000508 21874.000000 65929 21976.270385 703.240652
21.000816 21874.000000 65494 21831.269726 698.600631
21.000921 21874.000000 66121 22039.775078 705.272802
21.000614 21874.000000 65665 21887.566483 700.402127
21.000613 21874.000000 65779 21925.789781 701.625273
21.000352 21874.000000 66037 22012.295103 704.393443
21.000442 21874.000000 65683 21894.319557 700.618226
21.000432 21874.000000 65810 21936.596233 701.971079
21.000846 21874.000000 65905 21967.978126 702.975300
21.000168 21874.000000 66362 22120.407892 707.853053
24.000422 21874.000000 65270 21756.615668 696.211701
24.000929 21874.000000 65454 21817.668193 698.165382
24.000665 21874.000000 65490 21829.705895 698.550589
24.000518 21874.000000 64984 21661.258791 693.160281
24.000528 21874.000000 65427 21808.907909 697.885053
24.000393 21874.000000 65464 21820.973105 698.271139
24.001081 21874.000000 65309 21769.434122 696.621892
24.000430 21874.000000 65418 21805.951614 697.790452
24.000130 21874.000000 65342 21780.555399 696.977773
24.000402 21874.000000 65614 21871.106736 699.875416
24.000578 21874.000000 64928 21642.284760 692.553112
24.000554 21874.000000 65237 21745.662136 695.861188
24.000425 21874.000000 65363 21786.532019 697.169025
24.000622 21874.000000 65310 21769.931180 696.637798
24.000865 21874.000000 65492 21830.626958 698.580063
24.000443 21874.000000 65624 21874.660366 699.989132
24.000926 21874.000000 65940 21979.666636 703.349332
24.000954 21874.000000 65254 21746.730539 695.895377
24.000513 21874.000000 65791 21930.149796 701.764793
24.000441 21874.000000 65295 21764.958350 696.478667
24.000234 21874.000000 66083 22027.628533 704.884113
24.001380 21874.000000 65543 21847.640095 699.124483
24.000406 21874.000000 65299 21766.326822 696.522458
24.000708 21874.000000 65952 21983.865409 703.483693
24.000492 21874.000000 65522 21840.229636 698.887348
24.000588 21874.000000 65858 21952.215669 702.470901
24.000843 21874.000000 65416 21805.133383 697.764268
24.000453 21874.000000 65253 21750.265672 696.008502
24.001048 21874.000000 65780 21925.737569 701.623602
24.000927 21874.000000 65675 21891.074003 700.514368
24.000248 21874.000000 65536 21844.755230 699.032167
24.000707 21874.000000 66169 22055.648980 705.780767
27.000497 21874.000000 64620 21539.616480 689.267727
27.000575 21874.000000 65365 21788.184554 697.221906
27.000930 21874.000000 65662 21887.329158 700.394533
27.000729 21874.000000 64848 21615.537874 691.697212
27.000498 21874.000000 65842 21947.288574 702.313234
27.000461 21874.000000 65493 21830.771975 698.584703
27.000467 21874.000000 65879 21959.567489 702.706160
27.000580 21874.000000 66124 22040.024564 705.280786
27.000326 21874.000000 65307 21768.331468 696.586607
27.000931 21874.000000 65622 21873.959570 699.966706
27.000424 21874.000000 65386 21795.199756 697.446392
27.001416 21874.000000 66012 22003.738338 704.119627
27.000467 21874.000000 65499 21832.694991 698.646240
27.000412 21874.000000 65680 21891.281821 700.521018
27.000766 21874.000000 65484 21826.955216 698.462567
27.000519 21874.000000 65665 21887.621942 700.403902
27.000530 21874.000000 65341 21780.212656 696.966805
27.000593 21874.000000 65702 21900.635598 700.820339
27.000533 21874.000000 65428 21809.222000 697.895104
27.000849 21874.000000 65601 21866.956850 699.742619
27.000420 21874.000000 65416 21805.132528 697.764241
27.000611 21874.000000 65680 21893.089847 700.578875
27.000748 21874.000000 65493 21830.710500 698.582736
27.000878 21874.000000 65931 21976.906148 703.260997
27.000533 21874.000000 65810 21936.627534 701.972081
27.001092 21874.000000 65072 21690.587104 694.098787
27.001137 21874.000000 65550 21848.670757 699.157464
27.000442 21874.000000 65743 21914.327619 701.258484
27.000711 21874.000000 65575 21858.305750 699.465784
27.000264 21874.000000 65393 21797.547617 697.521524
27.001124 21874.000000 65498 21832.107816 698.627450
27.001023 21874.000000 66061 22019.629842 704.628155
#type       avg     std     min     5th    10th    90th    95th    99th
read     4409.1  2325.7   276.8   620.0   813.5  7030.6  7595.2  9283.9
update   4368.8  2307.9   304.5   619.6   812.9  6991.6  7557.4  9229.3
op_q       96.3    47.4     1.0     7.7    11.0   127.3   128.2   128.9

Total QPS = 1166129.6 (34983892 / 30.0s)

Misses = 0 (0.0%)
Skipped TXs = 0 (0.0%)

RX 6020149857 bytes :  191.4 MB/s
TX 3865349626 bytes :  122.9 MB/s
