Requests      [total, rate, throughput]         12, 10.90, 10.69
Duration      [total, attack, wait]             1.123s, 1.101s, 21.786ms
Latencies     [min, mean, 50, 90, 95, 99, max]  21.467ms, 21.692ms, 21.639ms, 21.993ms, 22.224ms, 22.263ms, 22.263ms
Bytes In      [total, mean]                     24, 2.00
Bytes Out     [total, mean]                     0, 0.00
Success       [ratio]                           100.00%
Status Codes  [code:count]                      200:12  
Error Set:
Requests      [total, rate, throughput]         22, 10.47, 10.37
Duration      [total, attack, wait]             2.122s, 2.1s, 21.359ms
Latencies     [min, mean, 50, 90, 95, 99, max]  21.105ms, 21.6ms, 21.597ms, 21.814ms, 22.032ms, 22.263ms, 22.263ms
Bytes In      [total, mean]                     44, 2.00
Bytes Out     [total, mean]                     0, 0.00
Success       [ratio]                           100.00%
Status Codes  [code:count]                      200:22  
Error Set:
Requests      [total, rate, throughput]         32, 10.32, 10.25
Duration      [total, attack, wait]             3.122s, 3.101s, 21.541ms
Latencies     [min, mean, 50, 90, 95, 99, max]  21.078ms, 21.516ms, 21.533ms, 21.777ms, 21.869ms, 22.263ms, 22.263ms
Bytes In      [total, mean]                     64, 2.00
Bytes Out     [total, mean]                     0, 0.00
Success       [ratio]                           100.00%
Status Codes  [code:count]                      200:32  
Error Set:
Requests      [total, rate, throughput]         42, 10.24, 10.19
Duration      [total, attack, wait]             4.122s, 4.1s, 21.476ms
Latencies     [min, mean, 50, 90, 95, 99, max]  21.078ms, 21.501ms, 21.513ms, 21.776ms, 21.823ms, 22.263ms, 22.263ms
Bytes In      [total, mean]                     84, 2.00
Bytes Out     [total, mean]                     0, 0.00
Success       [ratio]                           100.00%
Status Codes  [code:count]                      200:42  
Error Set:
Requests      [total, rate, throughput]         52, 10.20, 10.15
Duration      [total, attack, wait]             5.122s, 5.1s, 21.603ms
Latencies     [min, mean, 50, 90, 95, 99, max]  21.078ms, 21.51ms, 21.525ms, 21.78ms, 21.792ms, 22.255ms, 22.263ms
Bytes In      [total, mean]                     104, 2.00
Bytes Out     [total, mean]                     0, 0.00
Success       [ratio]                           100.00%
Status Codes  [code:count]                      200:52  
Error Set:
Requests      [total, rate, throughput]         62, 10.16, 10.13
Duration      [total, attack, wait]             6.122s, 6.1s, 21.718ms
Latencies     [min, mean, 50, 90, 95, 99, max]  21.078ms, 21.513ms, 21.525ms, 21.774ms, 21.789ms, 22.217ms, 22.263ms
Bytes In      [total, mean]                     124, 2.00
Bytes Out     [total, mean]                     0, 0.00
Success       [ratio]                           100.00%
Status Codes  [code:count]                      200:62  
Error Set:
Requests      [total, rate, throughput]         72, 10.14, 10.11
Duration      [total, attack, wait]             7.122s, 7.1s, 21.713ms
Latencies     [min, mean, 50, 90, 95, 99, max]  21.068ms, 21.509ms, 21.525ms, 21.774ms, 21.792ms, 22.235ms, 22.263ms
Bytes In      [total, mean]                     144, 2.00
Bytes Out     [total, mean]                     0, 0.00
Success       [ratio]                           100.00%
Status Codes  [code:count]                      200:72  
Error Set:
Requests      [total, rate, throughput]         82, 10.12, 10.10
Duration      [total, attack, wait]             8.121s, 8.1s, 21.231ms
Latencies     [min, mean, 50, 90, 95, 99, max]  21.044ms, 21.486ms, 21.485ms, 21.769ms, 21.789ms, 22.223ms, 22.263ms
Bytes In      [total, mean]                     164, 2.00
Bytes Out     [total, mean]                     0, 0.00
Success       [ratio]                           100.00%
Status Codes  [code:count]                      200:82  
Error Set:
Requests      [total, rate, throughput]         92, 10.11, 10.09
Duration      [total, attack, wait]             9.121s, 9.1s, 21.224ms
Latencies     [min, mean, 50, 90, 95, 99, max]  21.044ms, 21.472ms, 21.452ms, 21.769ms, 21.792ms, 22.21ms, 22.263ms
Bytes In      [total, mean]                     184, 2.00
Bytes Out     [total, mean]                     0, 0.00
Success       [ratio]                           100.00%
Status Codes  [code:count]                      200:92  
Error Set:
Requests      [total, rate, throughput]         102, 10.10, 10.08
Duration      [total, attack, wait]             10.122s, 10.101s, 21.439ms
Latencies     [min, mean, 50, 90, 95, 99, max]  20.999ms, 21.46ms, 21.447ms, 21.76ms, 21.789ms, 22.198ms, 22.263ms
Bytes In      [total, mean]                     204, 2.00
Bytes Out     [total, mean]                     0, 0.00
Success       [ratio]                           100.00%
Status Codes  [code:count]                      200:102  
Error Set:
Requests      [total, rate, throughput]         112, 10.09, 10.07
Duration      [total, attack, wait]             11.122s, 11.1s, 21.594ms
Latencies     [min, mean, 50, 90, 95, 99, max]  20.999ms, 21.464ms, 21.461ms, 21.754ms, 21.786ms, 22.186ms, 22.263ms
Bytes In      [total, mean]                     224, 2.00
Bytes Out     [total, mean]                     0, 0.00
Success       [ratio]                           100.00%
Status Codes  [code:count]                      200:112  
Error Set:
Requests      [total, rate, throughput]         122, 10.08, 10.06
Duration      [total, attack, wait]             12.122s, 12.101s, 21.809ms
Latencies     [min, mean, 50, 90, 95, 99, max]  20.999ms, 21.479ms, 21.452ms, 21.76ms, 21.799ms, 22.779ms, 24.105ms
Bytes In      [total, mean]                     244, 2.00
Bytes Out     [total, mean]                     0, 0.00
Success       [ratio]                           100.00%
Status Codes  [code:count]                      200:122  
Error Set:
Requests      [total, rate, throughput]         132, 10.08, 10.06
Duration      [total, attack, wait]             13.121s, 13.1s, 21.201ms
Latencies     [min, mean, 50, 90, 95, 99, max]  20.999ms, 21.479ms, 21.457ms, 21.754ms, 21.792ms, 22.595ms, 24.105ms
Bytes In      [total, mean]                     264, 2.00
Bytes Out     [total, mean]                     0, 0.00
Success       [ratio]                           100.00%
Status Codes  [code:count]                      200:132  
Error Set:
Requests      [total, rate, throughput]         142, 10.07, 10.06
Duration      [total, attack, wait]             14.121s, 14.1s, 21.174ms
Latencies     [min, mean, 50, 90, 95, 99, max]  20.999ms, 21.476ms, 21.457ms, 21.75ms, 21.789ms, 22.41ms, 24.105ms
Bytes In      [total, mean]                     284, 2.00
Bytes Out     [total, mean]                     0, 0.00
Success       [ratio]                           100.00%
Status Codes  [code:count]                      200:142  
Error Set:
Requests      [total, rate, throughput]         152, 10.07, 10.05
Duration      [total, attack, wait]             15.122s, 15.101s, 21.387ms
Latencies     [min, mean, 50, 90, 95, 99, max]  20.933ms, 21.47ms, 21.455ms, 21.744ms, 21.786ms, 22.26ms, 24.105ms
Bytes In      [total, mean]                     304, 2.00
Bytes Out     [total, mean]                     0, 0.00
Success       [ratio]                           100.00%
Status Codes  [code:count]                      200:152  
Error Set:
Requests      [total, rate, throughput]         162, 10.06, 10.05
Duration      [total, attack, wait]             16.122s, 16.1s, 21.482ms
Latencies     [min, mean, 50, 90, 95, 99, max]  20.933ms, 21.463ms, 21.455ms, 21.744ms, 21.789ms, 22.248ms, 24.105ms
Bytes In      [total, mean]                     324, 2.00
Bytes Out     [total, mean]                     0, 0.00
Success       [ratio]                           100.00%
Status Codes  [code:count]                      200:162  
Error Set:
Requests      [total, rate, throughput]         172, 10.06, 10.05
Duration      [total, attack, wait]             17.122s, 17.1s, 21.257ms
Latencies     [min, mean, 50, 90, 95, 99, max]  20.933ms, 21.457ms, 21.452ms, 21.744ms, 21.789ms, 22.235ms, 24.105ms
Bytes In      [total, mean]                     344, 2.00
Bytes Out     [total, mean]                     0, 0.00
Success       [ratio]                           100.00%
Status Codes  [code:count]                      200:172  
Error Set:
Requests      [total, rate, throughput]         182, 10.06, 10.04
Duration      [total, attack, wait]             18.121s, 18.1s, 21.496ms
Latencies     [min, mean, 50, 90, 95, 99, max]  20.933ms, 21.453ms, 21.452ms, 21.744ms, 21.788ms, 22.223ms, 24.105ms
Bytes In      [total, mean]                     364, 2.00
Bytes Out     [total, mean]                     0, 0.00
Success       [ratio]                           100.00%
Status Codes  [code:count]                      200:182  
Error Set:
Requests      [total, rate, throughput]         192, 10.05, 10.04
Duration      [total, attack, wait]             19.122s, 19.101s, 21.431ms
Latencies     [min, mean, 50, 90, 95, 99, max]  20.933ms, 21.448ms, 21.448ms, 21.74ms, 21.786ms, 22.21ms, 24.105ms
Bytes In      [total, mean]                     384, 2.00
Bytes Out     [total, mean]                     0, 0.00
Success       [ratio]                           100.00%
Status Codes  [code:count]                      200:192  
Error Set:
Requests      [total, rate, throughput]         202, 10.05, 10.04
Duration      [total, attack, wait]             20.121s, 20.1s, 21.247ms
Latencies     [min, mean, 50, 90, 95, 99, max]  20.933ms, 21.446ms, 21.452ms, 21.738ms, 21.784ms, 22.198ms, 24.105ms
Bytes In      [total, mean]                     404, 2.00
Bytes Out     [total, mean]                     0, 0.00
Success       [ratio]                           100.00%
Status Codes  [code:count]                      200:202  
Error Set:
Requests      [total, rate, throughput]         212, 10.05, 10.04
Duration      [total, attack, wait]             21.121s, 21.1s, 21.03ms
Latencies     [min, mean, 50, 90, 95, 99, max]  20.933ms, 21.442ms, 21.452ms, 21.728ms, 21.782ms, 22.186ms, 24.105ms
Bytes In      [total, mean]                     424, 2.00
Bytes Out     [total, mean]                     0, 0.00
Success       [ratio]                           100.00%
Status Codes  [code:count]                      200:212  
Error Set:
Requests      [total, rate, throughput]         222, 10.05, 10.04
Duration      [total, attack, wait]             22.122s, 22.1s, 21.698ms
Latencies     [min, mean, 50, 90, 95, 99, max]  20.933ms, 21.438ms, 21.445ms, 21.729ms, 21.784ms, 22.173ms, 24.105ms
Bytes In      [total, mean]                     444, 2.00
Bytes Out     [total, mean]                     0, 0.00
Success       [ratio]                           100.00%
Status Codes  [code:count]                      200:222  
Error Set:
Requests      [total, rate, throughput]         232, 10.04, 10.03
Duration      [total, attack, wait]             23.122s, 23.1s, 21.541ms
Latencies     [min, mean, 50, 90, 95, 99, max]  20.933ms, 21.435ms, 21.443ms, 21.723ms, 21.782ms, 22.161ms, 24.105ms
Bytes In      [total, mean]                     464, 2.00
Bytes Out     [total, mean]                     0, 0.00
Success       [ratio]                           100.00%
Status Codes  [code:count]                      200:232  
Error Set:
Requests      [total, rate, throughput]         242, 10.04, 10.03
Duration      [total, attack, wait]             24.121s, 24.1s, 21.141ms
Latencies     [min, mean, 50, 90, 95, 99, max]  20.933ms, 21.435ms, 21.441ms, 21.723ms, 21.78ms, 22.148ms, 24.105ms
Bytes In      [total, mean]                     484, 2.00
Bytes Out     [total, mean]                     0, 0.00
Success       [ratio]                           100.00%
Status Codes  [code:count]                      200:242  
Error Set:
Requests      [total, rate, throughput]         252, 10.04, 10.03
Duration      [total, attack, wait]             25.122s, 25.101s, 21.534ms
Latencies     [min, mean, 50, 90, 95, 99, max]  20.933ms, 21.431ms, 21.441ms, 21.718ms, 21.778ms, 22.138ms, 24.105ms
Bytes In      [total, mean]                     504, 2.00
Bytes Out     [total, mean]                     0, 0.00
Success       [ratio]                           100.00%
Status Codes  [code:count]                      200:252  
Error Set:
Requests      [total, rate, throughput]         262, 10.04, 10.03
Duration      [total, attack, wait]             26.122s, 26.1s, 21.088ms
Latencies     [min, mean, 50, 90, 95, 99, max]  20.933ms, 21.428ms, 21.438ms, 21.718ms, 21.78ms, 22.138ms, 24.105ms
Bytes In      [total, mean]                     524, 2.00
Bytes Out     [total, mean]                     0, 0.00
Success       [ratio]                           100.00%
Status Codes  [code:count]                      200:262  
Error Set:
Requests      [total, rate, throughput]         272, 10.04, 10.03
Duration      [total, attack, wait]             27.122s, 27.101s, 21.531ms
Latencies     [min, mean, 50, 90, 95, 99, max]  20.933ms, 21.426ms, 21.438ms, 21.714ms, 21.778ms, 22.138ms, 24.105ms
Bytes In      [total, mean]                     544, 2.00
Bytes Out     [total, mean]                     0, 0.00
Success       [ratio]                           100.00%
Status Codes  [code:count]                      200:272  
Error Set:
Requests      [total, rate, throughput]         282, 10.04, 10.03
Duration      [total, attack, wait]             28.122s, 28.101s, 21.702ms
Latencies     [min, mean, 50, 90, 95, 99, max]  20.933ms, 21.422ms, 21.434ms, 21.711ms, 21.775ms, 22.138ms, 24.105ms
Bytes In      [total, mean]                     564, 2.00
Bytes Out     [total, mean]                     0, 0.00
Success       [ratio]                           100.00%
Status Codes  [code:count]                      200:282  
Error Set:
Requests      [total, rate, throughput]         292, 10.03, 10.03
Duration      [total, attack, wait]             29.122s, 29.1s, 21.477ms
Latencies     [min, mean, 50, 90, 95, 99, max]  20.933ms, 21.418ms, 21.432ms, 21.708ms, 21.773ms, 22.137ms, 24.105ms
Bytes In      [total, mean]                     584, 2.00
Bytes Out     [total, mean]                     0, 0.00
Success       [ratio]                           100.00%
Status Codes  [code:count]                      200:292  
Error Set:
Requests      [total, rate, throughput]         302, 10.03, 10.03
Duration      [total, attack, wait]             30.121s, 30.1s, 21.289ms
Latencies     [min, mean, 50, 90, 95, 99, max]  20.933ms, 21.415ms, 21.43ms, 21.705ms, 21.772ms, 22.137ms, 24.105ms
Bytes In      [total, mean]                     604, 2.00
Bytes Out     [total, mean]                     0, 0.00
Success       [ratio]                           100.00%
Status Codes  [code:count]                      200:302  
Error Set:
Requests      [total, rate, throughput]         312, 10.03, 10.03
Duration      [total, attack, wait]             31.122s, 31.1s, 21.09ms
Latencies     [min, mean, 50, 90, 95, 99, max]  20.933ms, 21.413ms, 21.43ms, 21.703ms, 21.771ms, 22.137ms, 24.105ms
Bytes In      [total, mean]                     624, 2.00
Bytes Out     [total, mean]                     0, 0.00
Success       [ratio]                           100.00%
Status Codes  [code:count]                      200:312  
Error Set:
Requests      [total, rate, throughput]         322, 10.03, 10.02
Duration      [total, attack, wait]             32.122s, 32.101s, 21.679ms
Latencies     [min, mean, 50, 90, 95, 99, max]  20.897ms, 21.414ms, 21.43ms, 21.703ms, 21.769ms, 22.137ms, 24.105ms
Bytes In      [total, mean]                     644, 2.00
Bytes Out     [total, mean]                     0, 0.00
Success       [ratio]                           100.00%
Status Codes  [code:count]                      200:322  
Error Set:
Requests      [total, rate, throughput]         332, 10.03, 10.02
Duration      [total, attack, wait]             33.122s, 33.1s, 21.644ms
Latencies     [min, mean, 50, 90, 95, 99, max]  20.897ms, 21.414ms, 21.43ms, 21.703ms, 21.768ms, 22.137ms, 24.105ms
Bytes In      [total, mean]                     664, 2.00
Bytes Out     [total, mean]                     0, 0.00
Success       [ratio]                           100.00%
Status Codes  [code:count]                      200:332  
Error Set:
Requests      [total, rate, throughput]         342, 10.03, 10.02
Duration      [total, attack, wait]             34.121s, 34.1s, 21.455ms
Latencies     [min, mean, 50, 90, 95, 99, max]  20.897ms, 21.413ms, 21.428ms, 21.7ms, 21.766ms, 22.137ms, 24.105ms
Bytes In      [total, mean]                     684, 2.00
Bytes Out     [total, mean]                     0, 0.00
Success       [ratio]                           100.00%
Status Codes  [code:count]                      200:342  
Error Set:
Requests      [total, rate, throughput]         352, 10.03, 10.02
Duration      [total, attack, wait]             35.122s, 35.101s, 21.093ms
Latencies     [min, mean, 50, 90, 95, 99, max]  20.897ms, 21.411ms, 21.422ms, 21.697ms, 21.764ms, 22.134ms, 24.105ms
Bytes In      [total, mean]                     704, 2.00
Bytes Out     [total, mean]                     0, 0.00
Success       [ratio]                           100.00%
Status Codes  [code:count]                      200:352  
Error Set:
Requests      [total, rate, throughput]         362, 10.03, 10.02
Duration      [total, attack, wait]             36.122s, 36.101s, 21.134ms
Latencies     [min, mean, 50, 90, 95, 99, max]  20.897ms, 21.411ms, 21.418ms, 21.7ms, 21.762ms, 22.119ms, 24.105ms
Bytes In      [total, mean]                     724, 2.00
Bytes Out     [total, mean]                     0, 0.00
Success       [ratio]                           100.00%
Status Codes  [code:count]                      200:362  
Error Set:
Requests      [total, rate, throughput]         372, 10.03, 10.02
Duration      [total, attack, wait]             37.121s, 37.1s, 21.656ms
Latencies     [min, mean, 50, 90, 95, 99, max]  20.897ms, 21.41ms, 21.422ms, 21.7ms, 21.76ms, 22.104ms, 24.105ms
Bytes In      [total, mean]                     744, 2.00
Bytes Out     [total, mean]                     0, 0.00
Success       [ratio]                           100.00%
Status Codes  [code:count]                      200:372  
Error Set:
Requests      [total, rate, throughput]         382, 10.03, 10.02
Duration      [total, attack, wait]             38.122s, 38.101s, 21.143ms
Latencies     [min, mean, 50, 90, 95, 99, max]  20.897ms, 21.411ms, 21.418ms, 21.703ms, 21.759ms, 22.088ms, 24.105ms
Bytes In      [total, mean]                     764, 2.00
Bytes Out     [total, mean]                     0, 0.00
Success       [ratio]                           100.00%
Status Codes  [code:count]                      200:382  
Error Set:
Requests      [total, rate, throughput]         392, 10.03, 10.02
Duration      [total, attack, wait]             39.121s, 39.1s, 21.685ms
Latencies     [min, mean, 50, 90, 95, 99, max]  20.897ms, 21.413ms, 21.421ms, 21.708ms, 21.768ms, 22.129ms, 24.105ms
Bytes In      [total, mean]                     784, 2.00
Bytes Out     [total, mean]                     0, 0.00
Success       [ratio]                           100.00%
Status Codes  [code:count]                      200:392  
Error Set:
Requests      [total, rate, throughput]         402, 10.02, 10.02
Duration      [total, attack, wait]             40.122s, 40.101s, 21.592ms
Latencies     [min, mean, 50, 90, 95, 99, max]  20.897ms, 21.412ms, 21.418ms, 21.708ms, 21.769ms, 22.127ms, 24.105ms
Bytes In      [total, mean]                     804, 2.00
Bytes Out     [total, mean]                     0, 0.00
Success       [ratio]                           100.00%
Status Codes  [code:count]                      200:402  
Error Set:
Requests      [total, rate, throughput]         412, 10.02, 10.02
Duration      [total, attack, wait]             41.122s, 41.101s, 21.122ms
Latencies     [min, mean, 50, 90, 95, 99, max]  20.897ms, 21.413ms, 21.418ms, 21.71ms, 21.768ms, 22.125ms, 24.105ms
Bytes In      [total, mean]                     824, 2.00
Bytes Out     [total, mean]                     0, 0.00
Success       [ratio]                           100.00%
Status Codes  [code:count]                      200:412  
Error Set:
Requests      [total, rate, throughput]         422, 10.02, 10.02
Duration      [total, attack, wait]             42.122s, 42.1s, 21.596ms
Latencies     [min, mean, 50, 90, 95, 99, max]  20.897ms, 21.412ms, 21.418ms, 21.708ms, 21.766ms, 22.123ms, 24.105ms
Bytes In      [total, mean]                     844, 2.00
Bytes Out     [total, mean]                     0, 0.00
Success       [ratio]                           100.00%
Status Codes  [code:count]                      200:422  
Error Set:
Requests      [total, rate, throughput]         432, 10.02, 10.02
Duration      [total, attack, wait]             43.123s, 43.101s, 21.816ms
Latencies     [min, mean, 50, 90, 95, 99, max]  20.897ms, 21.415ms, 21.424ms, 21.708ms, 21.768ms, 22.121ms, 24.105ms
Bytes In      [total, mean]                     864, 2.00
Bytes Out     [total, mean]                     0, 0.00
Success       [ratio]                           100.00%
Status Codes  [code:count]                      200:432  
Error Set:
Requests      [total, rate, throughput]         442, 10.02, 10.02
Duration      [total, attack, wait]             44.122s, 44.101s, 21.419ms
Latencies     [min, mean, 50, 90, 95, 99, max]  20.897ms, 21.414ms, 21.42ms, 21.706ms, 21.766ms, 22.119ms, 24.105ms
Bytes In      [total, mean]                     884, 2.00
Bytes Out     [total, mean]                     0, 0.00
Success       [ratio]                           100.00%
Status Codes  [code:count]                      200:442  
Error Set:
Requests      [total, rate, throughput]         452, 10.02, 10.02
Duration      [total, attack, wait]             45.121s, 45.1s, 20.969ms
Latencies     [min, mean, 50, 90, 95, 99, max]  20.897ms, 21.413ms, 21.414ms, 21.706ms, 21.768ms, 22.115ms, 24.105ms
Bytes In      [total, mean]                     904, 2.00
Bytes Out     [total, mean]                     0, 0.00
Success       [ratio]                           100.00%
Status Codes  [code:count]                      200:452  
Error Set:
Requests      [total, rate, throughput]         462, 10.02, 10.02
Duration      [total, attack, wait]             46.122s, 46.1s, 21.4ms
Latencies     [min, mean, 50, 90, 95, 99, max]  20.897ms, 21.417ms, 21.414ms, 21.714ms, 21.769ms, 22.134ms, 24.105ms
Bytes In      [total, mean]                     924, 2.00
Bytes Out     [total, mean]                     0, 0.00
Success       [ratio]                           100.00%
Status Codes  [code:count]                      200:462  
Error Set:
Requests      [total, rate, throughput]         472, 10.02, 10.02
Duration      [total, attack, wait]             47.122s, 47.1s, 21.343ms
Latencies     [min, mean, 50, 90, 95, 99, max]  20.897ms, 21.417ms, 21.414ms, 21.714ms, 21.771ms, 22.133ms, 24.105ms
Bytes In      [total, mean]                     944, 2.00
Bytes Out     [total, mean]                     0, 0.00
Success       [ratio]                           100.00%
Status Codes  [code:count]                      200:472  
Error Set:
Requests      [total, rate, throughput]         482, 10.02, 10.02
Duration      [total, attack, wait]             48.122s, 48.1s, 21.664ms
Latencies     [min, mean, 50, 90, 95, 99, max]  20.897ms, 21.417ms, 21.416ms, 21.712ms, 21.769ms, 22.131ms, 24.105ms
Bytes In      [total, mean]                     964, 2.00
Bytes Out     [total, mean]                     0, 0.00
Success       [ratio]                           100.00%
Status Codes  [code:count]                      200:482  
Error Set:
Requests      [total, rate, throughput]         492, 10.02, 10.02
Duration      [total, attack, wait]             49.122s, 49.1s, 21.686ms
Latencies     [min, mean, 50, 90, 95, 99, max]  20.897ms, 21.418ms, 21.416ms, 21.714ms, 21.771ms, 22.129ms, 24.105ms
Bytes In      [total, mean]                     984, 2.00
Bytes Out     [total, mean]                     0, 0.00
Success       [ratio]                           100.00%
Status Codes  [code:count]                      200:492  
Error Set:
Requests      [total, rate, throughput]         502, 10.02, 10.02
Duration      [total, attack, wait]             50.122s, 50.1s, 21.779ms
Latencies     [min, mean, 50, 90, 95, 99, max]  20.897ms, 21.419ms, 21.42ms, 21.717ms, 21.772ms, 22.127ms, 24.105ms
Bytes In      [total, mean]                     1004, 2.00
Bytes Out     [total, mean]                     0, 0.00
Success       [ratio]                           100.00%
Status Codes  [code:count]                      200:502  
Error Set:
Requests      [total, rate, throughput]         512, 10.02, 10.02
Duration      [total, attack, wait]             51.121s, 51.1s, 21.146ms
Latencies     [min, mean, 50, 90, 95, 99, max]  20.897ms, 21.416ms, 21.414ms, 21.716ms, 21.771ms, 22.125ms, 24.105ms
Bytes In      [total, mean]                     1024, 2.00
Bytes Out     [total, mean]                     0, 0.00
Success       [ratio]                           100.00%
Status Codes  [code:count]                      200:512  
Error Set:
Requests      [total, rate, throughput]         522, 10.02, 10.02
Duration      [total, attack, wait]             52.122s, 52.1s, 21.631ms
Latencies     [min, mean, 50, 90, 95, 99, max]  20.897ms, 21.417ms, 21.416ms, 21.716ms, 21.772ms, 22.123ms, 24.105ms
Bytes In      [total, mean]                     1044, 2.00
Bytes Out     [total, mean]                     0, 0.00
Success       [ratio]                           100.00%
Status Codes  [code:count]                      200:522  
Error Set:
Requests      [total, rate, throughput]         532, 10.02, 10.01
Duration      [total, attack, wait]             53.121s, 53.1s, 21.675ms
Latencies     [min, mean, 50, 90, 95, 99, max]  20.876ms, 21.419ms, 21.418ms, 21.718ms, 21.777ms, 22.135ms, 24.105ms
Bytes In      [total, mean]                     1064, 2.00
Bytes Out     [total, mean]                     0, 0.00
Success       [ratio]                           100.00%
Status Codes  [code:count]                      200:532  
Error Set:
Requests      [total, rate, throughput]         542, 10.02, 10.01
Duration      [total, attack, wait]             54.122s, 54.1s, 21.229ms
Latencies     [min, mean, 50, 90, 95, 99, max]  20.876ms, 21.417ms, 21.412ms, 21.718ms, 21.776ms, 22.135ms, 24.105ms
Bytes In      [total, mean]                     1084, 2.00
Bytes Out     [total, mean]                     0, 0.00
Success       [ratio]                           100.00%
Status Codes  [code:count]                      200:542  
Error Set:
Requests      [total, rate, throughput]         552, 10.02, 10.01
Duration      [total, attack, wait]             55.122s, 55.1s, 21.772ms
Latencies     [min, mean, 50, 90, 95, 99, max]  20.876ms, 21.415ms, 21.411ms, 21.718ms, 21.774ms, 22.135ms, 24.105ms
Bytes In      [total, mean]                     1104, 2.00
Bytes Out     [total, mean]                     0, 0.00
Success       [ratio]                           100.00%
Status Codes  [code:count]                      200:552  
Error Set:
Requests      [total, rate, throughput]         562, 10.02, 10.01
Duration      [total, attack, wait]             56.122s, 56.1s, 21.287ms
Latencies     [min, mean, 50, 90, 95, 99, max]  20.876ms, 21.414ms, 21.407ms, 21.718ms, 21.776ms, 22.133ms, 24.105ms
Bytes In      [total, mean]                     1124, 2.00
Bytes Out     [total, mean]                     0, 0.00
Success       [ratio]                           100.00%
Status Codes  [code:count]                      200:562  
Error Set:
Requests      [total, rate, throughput]         572, 10.02, 10.01
Duration      [total, attack, wait]             57.122s, 57.101s, 21.306ms
Latencies     [min, mean, 50, 90, 95, 99, max]  20.876ms, 21.412ms, 21.398ms, 21.717ms, 21.776ms, 22.131ms, 24.105ms
Bytes In      [total, mean]                     1144, 2.00
Bytes Out     [total, mean]                     0, 0.00
Success       [ratio]                           100.00%
Status Codes  [code:count]                      200:572  
Error Set:
Requests      [total, rate, throughput]         582, 10.02, 10.01
Duration      [total, attack, wait]             58.122s, 58.1s, 21.769ms
Latencies     [min, mean, 50, 90, 95, 99, max]  20.798ms, 21.413ms, 21.4ms, 21.719ms, 21.778ms, 22.129ms, 24.105ms
Bytes In      [total, mean]                     1164, 2.00
Bytes Out     [total, mean]                     0, 0.00
Success       [ratio]                           100.00%
Status Codes  [code:count]                      200:582  
Error Set:
Requests      [total, rate, throughput]         592, 10.02, 10.01
Duration      [total, attack, wait]             59.121s, 59.1s, 21.101ms
Latencies     [min, mean, 50, 90, 95, 99, max]  20.798ms, 21.412ms, 21.397ms, 21.718ms, 21.777ms, 22.128ms, 24.105ms
Bytes In      [total, mean]                     1184, 2.00
Bytes Out     [total, mean]                     0, 0.00
Success       [ratio]                           100.00%
Status Codes  [code:count]                      200:592  
Error Set:
Requests      [total, rate, throughput]         600, 10.02, 10.01
Duration      [total, attack, wait]             59.921s, 59.9s, 21.222ms
Latencies     [min, mean, 50, 90, 95, 99, max]  20.798ms, 21.411ms, 21.397ms, 21.72ms, 21.776ms, 22.126ms, 24.105ms
Bytes In      [total, mean]                     1200, 2.00
Bytes Out     [total, mean]                     0, 0.00
Success       [ratio]                           100.00%
Status Codes  [code:count]                      200:600  
Error Set:
