3.001033 1250.000000 3772 1256.900641 40.220821
3.000250 1250.000000 3813 1270.893926 40.668606
3.003069 1250.000000 3942 1312.657095 42.005027
3.001174 1250.000000 3700 1232.851002 39.451232
3.000986 1250.000000 3690 1229.595961 39.347071
3.000056 1250.000000 3740 1246.643262 39.892584
3.001139 1250.000000 3703 1233.864859 39.483675
3.000216 1250.000000 3740 1246.577047 39.890466
3.000468 1250.000000 3747 1248.805058 39.961762
3.001260 1250.000000 3761 1253.140321 40.100490
3.000241 1250.000000 3773 1257.565581 40.242099
3.000589 1250.000000 3724 1241.089495 39.714864
3.000164 1250.000000 3763 1254.264874 40.136476
3.000182 1250.000000 3879 1292.921355 41.373483
3.000257 1250.000000 3663 1220.895243 39.068648
3.001108 1250.000000 3700 1232.878091 39.452099
3.000365 1250.000000 3785 1261.513350 40.368427
3.000792 1250.000000 3704 1234.340977 39.498911
3.001310 1250.000000 3724 1240.791546 39.705329
3.000130 1250.000000 3706 1235.279739 39.528952
3.000751 1250.000000 3819 1272.681264 40.725800
3.000848 1250.000000 3733 1243.981868 39.807420
3.003305 1250.000000 3785 1260.278169 40.328901
3.000517 1250.000000 3594 1197.793772 38.329401
3.001215 1250.000000 3764 1254.158812 40.133082
3.001887 1250.000000 3706 1234.556898 39.505821
3.001272 1250.000000 3913 1303.780388 41.720972
3.000773 1250.000000 3679 1226.017403 39.232557
3.000566 1250.000000 3689 1229.434553 39.341906
3.000204 1250.000000 3687 1228.916553 39.325330
3.000105 1250.000000 3572 1190.624827 38.099994
3.000607 1250.000000 3669 1222.752621 39.128084
6.001844 1250.000000 3712 1237.092344 39.586955
6.003196 1250.000000 3758 1251.744480 40.055823
6.001711 1250.000000 3761 1253.056784 40.097817
6.000225 1250.000000 3672 1223.961460 39.166767
6.000169 1250.000000 3776 1258.664282 40.277257
6.001177 1250.000000 3687 1228.667467 39.317359
6.000359 1250.000000 3823 1274.272656 40.776725
6.001213 1250.000000 3746 1248.185598 39.941939
6.001052 1250.000000 3801 1266.664437 40.533262
6.000663 1250.000000 3831 1276.916924 40.861342
6.002359 1250.000000 3793 1263.416516 40.429329
6.001986 1250.000000 3787 1261.814068 40.378050
6.001777 1250.000000 3719 1239.032444 39.649038
6.001505 1250.000000 3648 1215.808481 38.905871
6.001627 1250.000000 3775 1257.983123 40.255460
6.002858 1250.000000 3719 1238.956560 39.646610
6.001486 1250.000000 3849 1282.866588 41.051731
6.000979 1250.000000 3732 1243.945644 39.806261
6.002379 1250.000000 3702 1233.560328 39.473931
6.000655 1250.000000 3586 1195.307183 38.249830
6.002391 1250.000000 3733 1243.577055 39.794466
6.000884 1250.000000 3704 1234.621186 39.507878
6.001787 1250.000000 3736 1245.119563 39.843826
6.004368 1250.000000 3787 1260.714800 40.342874
6.001222 1250.000000 3745 1248.285924 39.945150
6.002926 1250.000000 3645 1214.307409 38.857837
6.000704 1250.000000 3808 1269.121622 40.611892
6.003911 1250.000000 3751 1250.080742 40.002584
6.003741 1250.000000 3736 1245.054447 39.841742
6.002118 1250.000000 3800 1266.568924 40.530206
6.000297 1250.000000 3851 1283.584595 41.074707
6.002741 1250.000000 3607 1201.478586 38.447315
9.003619 1250.000000 3574 1190.494732 38.095831
9.004172 1250.000000 3975 1323.678447 42.357710
9.000512 1250.000000 3769 1256.190081 40.198083
9.002751 1250.000000 3724 1240.344322 39.691018
9.000399 1250.000000 3881 1293.591538 41.394929
9.002799 1250.000000 3845 1281.166225 40.997319
9.003112 1250.000000 3605 1201.015621 38.432500
9.002434 1250.000000 3708 1235.497019 39.535905
9.001133 1250.000000 3754 1251.268811 40.040602
9.001064 1250.000000 3747 1248.924764 39.965592
9.000795 1250.000000 3828 1275.944214 40.830215
9.001892 1250.000000 3808 1269.289248 40.617256
9.003389 1250.000000 3676 1224.675247 39.189608
9.000682 1250.000000 3737 1245.655373 39.860972
9.001937 1250.000000 3704 1234.573482 39.506351
9.004189 1250.000000 3566 1188.489186 38.031654
9.002847 1250.000000 3662 1220.316530 39.050129
9.004957 1250.000000 3652 1216.280114 38.920964
9.003334 1250.000000 3721 1240.136809 39.684378
9.003435 1250.000000 3791 1262.517562 40.400562
9.002652 1250.000000 3683 1227.555017 39.281761
9.003084 1250.000000 3927 1308.459592 41.870707
9.001151 1250.000000 3766 1255.292148 40.169349
9.003893 1250.000000 3854 1284.368248 41.099784
9.001653 1250.000000 3690 1229.823158 39.354341
9.003093 1250.000000 3806 1268.596196 40.595078
9.003376 1250.000000 3674 1223.411051 39.149154
9.008723 1250.000000 3755 1249.662335 39.989195
9.003657 1250.000000 3836 1278.011053 40.896354
9.002448 1250.000000 3665 1221.643240 39.092584
9.004551 1250.000000 3705 1234.924661 39.517589
9.004121 1250.000000 3713 1237.097501 39.587120
12.000525 1250.000000 3711 1236.948115 39.582340
12.005465 1250.000000 3777 1258.457579 40.270643
12.000861 1250.000000 3910 1303.181589 41.701811
12.003199 1250.000000 3782 1259.799286 40.313577
12.004086 1250.000000 3725 1241.355637 39.723380
12.003382 1250.000000 3868 1289.217342 41.254955
12.001087 1250.000000 3719 1239.546005 39.665472
12.002967 1250.000000 3685 1227.398567 39.276754
12.001649 1250.000000 3692 1230.426880 39.373660
12.002499 1250.000000 3725 1241.434008 39.725888
12.004619 1250.000000 3795 1264.079443 40.450542
12.003242 1250.000000 3630 1209.840530 38.714897
12.001661 1250.000000 3837 1278.782254 40.921032
12.002954 1250.000000 3759 1252.874000 40.091968
12.003172 1250.000000 3719 1239.492420 39.663757
12.004477 1250.000000 3688 1228.887782 39.324409
12.002551 1250.000000 3827 1275.285140 40.809124
12.002357 1250.000000 3700 1233.142082 39.460547
12.004145 1250.000000 3685 1227.782276 39.289033
12.005859 1250.000000 3811 1269.163023 40.613217
12.003622 1250.000000 3804 1267.998716 40.575959
12.004796 1250.000000 3786 1261.620066 40.371842
12.005062 1250.000000 3686 1228.623756 39.315960
12.003448 1250.000000 3752 1250.514720 40.016471
12.003132 1250.000000 3798 1265.711763 40.502776
12.005660 1250.000000 3763 1253.869741 40.123832
12.004316 1250.000000 3798 1265.946530 40.510289
12.005272 1250.000000 3837 1278.312162 40.905989
12.004728 1250.000000 3672 1223.472679 39.151126
12.009518 1250.000000 3756 1251.668505 40.053392
12.003653 1250.000000 3618 1205.888602 38.588435
12.004652 1250.000000 3945 1314.767678 42.072566
15.003554 1250.000000 3707 1235.509698 39.536310
15.001006 1250.000000 3752 1250.606173 40.019398
15.000681 1250.000000 3774 1257.934315 40.253898
15.002682 1250.000000 3902 1300.587623 41.618804
15.001867 1250.000000 3628 1209.018856 38.688603
15.001794 1250.000000 3712 1237.278524 39.592913
15.004102 1250.000000 3751 1250.033134 40.001060
15.005158 1250.000000 3834 1277.543221 40.881383
15.003354 1250.000000 3812 1270.497109 40.655907
15.002880 1250.000000 3696 1231.494607 39.407827
15.004179 1250.000000 3771 1256.693947 40.214206
15.004669 1250.000000 3803 1267.063932 40.546046
15.003293 1250.000000 3773 1257.627333 40.244075
15.003700 1250.000000 3883 1294.299454 41.417583
15.003787 1250.000000 3750 1249.404262 39.980936
15.003234 1250.000000 3619 1206.225911 38.599229
15.006233 1250.000000 3781 1260.092644 40.322965
15.004705 1250.000000 3777 1258.903952 40.284926
15.006918 1250.000000 3844 1280.150030 40.964801
15.004486 1250.000000 3689 1228.873735 39.323960
15.004916 1250.000000 3804 1267.874238 40.571976
15.004922 1250.000000 3745 1248.280883 39.944988
15.003693 1250.000000 3764 1254.431908 40.141821
15.004592 1250.000000 3769 1256.217888 40.198972
15.009175 1250.000000 3635 1210.007747 38.720248
15.006134 1250.000000 3640 1213.062701 38.818006
15.006062 1250.000000 3782 1260.581460 40.338607
15.005289 1250.000000 3700 1233.326169 39.466437
15.004759 1250.000000 3723 1240.987180 39.711590
15.010562 1250.000000 3942 1313.542896 42.033373
15.004389 1250.000000 3825 1274.687363 40.789996
15.004767 1250.000000 3906 1301.949722 41.662391
18.004893 1250.000000 3627 1208.109445 38.659502
18.001148 1250.000000 3808 1269.273086 40.616739
18.001958 1250.000000 3818 1272.125518 40.708017
18.002042 1250.000000 3650 1216.595743 38.931064
18.004899 1250.000000 3702 1233.703803 39.478522
18.004186 1250.000000 3860 1286.495556 41.167858
18.003412 1250.000000 3644 1214.643274 38.868585
18.004046 1250.000000 3724 1241.129468 39.716143
18.005096 1250.000000 3763 1254.078406 40.130509
18.003786 1250.000000 3768 1255.768965 40.184607
18.004397 1250.000000 3758 1252.375868 40.076028
18.002132 1250.000000 3686 1228.528280 39.312905
18.005836 1250.000000 3797 1265.278622 40.488916
18.003321 1250.000000 3823 1274.321501 40.778288
18.005012 1250.000000 3665 1221.296209 39.081479
18.004974 1250.000000 3705 1234.874392 39.515981
18.003376 1250.000000 3653 1217.465623 38.958900
18.004753 1250.000000 3719 1239.599878 39.667196
18.006037 1250.000000 3753 1250.633707 40.020279
18.004985 1250.000000 3788 1262.640291 40.404489
18.004912 1250.000000 3714 1237.914613 39.613268
18.007420 1250.000000 3809 1269.122543 40.611921
18.010195 1250.000000 3788 1261.288955 40.361247
18.004237 1250.000000 3865 1288.099793 41.219193
18.007417 1250.000000 3890 1296.155205 41.476967
18.005291 1250.000000 3728 1242.665637 39.765300
18.006814 1250.000000 3688 1229.025143 39.328805
18.005356 1250.000000 3776 1258.416056 40.269314
18.011284 1250.000000 3849 1282.098717 41.027159
18.012145 1250.000000 3802 1266.664578 40.533266
18.006217 1250.000000 3563 1186.943296 37.982185
18.004985 1250.000000 3593 1197.579608 38.322547
21.008224 1250.000000 3707 1234.766392 39.512525
21.002056 1250.000000 3679 1226.327680 39.242486
21.001654 1250.000000 3873 1290.782440 41.305038
21.008897 1250.000000 3597 1197.778015 38.328896
21.002501 1250.000000 3629 1209.447413 38.702317
21.006861 1250.000000 3721 1239.569650 39.666229
21.005132 1250.000000 3641 1213.513524 38.832433
21.006091 1250.000000 3656 1217.579174 38.962534
21.006405 1250.000000 3849 1281.992046 41.023745
21.002202 1250.000000 3757 1252.304103 40.073731
21.003892 1250.000000 3746 1248.428814 39.949722
21.004149 1250.000000 3782 1260.514331 40.336459
21.005141 1250.000000 3753 1250.689774 40.022073
21.006168 1250.000000 3635 1211.184748 38.757912
21.005952 1250.000000 3738 1245.560378 39.857932
21.006800 1250.000000 3636 1211.267046 38.760545
21.003598 1250.000000 3830 1276.571949 40.850302
21.005242 1250.000000 3675 1224.865213 39.195687
21.006035 1250.000000 3694 1230.948244 39.390344
21.004232 1250.000000 3687 1228.981157 39.327397
21.007444 1250.000000 3815 1271.655403 40.692973
21.004952 1250.000000 3635 1211.645157 38.772645
21.004259 1250.000000 3728 1242.657568 39.765042
21.005837 1250.000000 3720 1239.774717 39.672791
21.006918 1250.000000 3709 1236.290309 39.561290
21.007843 1250.000000 3804 1267.821330 40.570283
21.006379 1250.000000 3819 1272.566082 40.722115
21.013412 1250.000000 3618 1205.144953 38.564639
21.010542 1250.000000 3757 1252.188611 40.070036
21.012789 1250.000000 3828 1275.726274 40.823241
21.006645 1250.000000 3751 1250.155100 40.004963
21.005741 1250.000000 3837 1278.677916 40.917693
24.012231 1250.000000 3745 1246.126710 39.876055
24.003440 1250.000000 3744 1247.257412 39.912237
24.002404 1250.000000 3685 1228.190599 39.302099
24.004015 1250.000000 3812 1270.025757 40.640824
24.005434 1250.000000 3748 1249.253777 39.976121
24.006710 1250.000000 3748 1248.601826 39.955258
24.007029 1250.000000 3712 1235.345794 39.531065
24.004377 1250.000000 3808 1269.128098 40.612099
24.004917 1250.000000 3835 1278.006040 40.896193
24.003988 1250.000000 3715 1238.172297 39.621513
24.005413 1250.000000 3632 1210.556736 38.737816
24.004900 1250.000000 3812 1270.395291 40.652649
24.007756 1250.000000 3824 1273.959644 40.766709
24.004870 1250.000000 3666 1221.740287 39.095689
24.006698 1250.000000 3767 1255.544065 40.177410
24.005624 1250.000000 3697 1232.131033 39.428193
24.007328 1250.000000 3890 1296.071998 41.474304
24.008362 1250.000000 3753 1250.085907 40.002749
24.007052 1250.000000 3741 1246.920506 39.901456
24.007171 1250.000000 3736 1245.179489 39.845744
24.006696 1250.000000 3685 1227.981461 39.295407
24.007635 1250.000000 3730 1242.670640 39.765460
24.009304 1250.000000 3732 1243.394666 39.788629
24.009291 1250.000000 3666 1221.839577 39.098866
24.008741 1250.000000 3803 1267.448476 40.558351
24.007712 1250.000000 3816 1271.886138 40.700356
24.006691 1250.000000 3674 1224.539415 39.185261
24.007375 1250.000000 3794 1264.359267 40.459497
24.011897 1250.000000 3748 1248.769018 39.960609
24.015638 1250.000000 3881 1292.707884 41.366652
24.013228 1250.000000 3786 1261.815280 40.378089
24.006681 1250.000000 3752 1250.275014 40.008800
27.002733 1250.000000 3786 1261.861790 40.379577
27.009001 1250.000000 3625 1207.659810 38.645114
27.006096 1250.000000 3817 1271.813568 40.698034
27.005816 1250.000000 3665 1220.933676 39.069878
27.004019 1250.000000 3951 1316.746072 42.135874
27.005323 1250.000000 3690 1229.612360 39.347596
27.005492 1250.000000 3849 1282.966387 41.054924
27.007740 1250.000000 3664 1221.101771 39.075257
27.004960 1250.000000 3754 1251.315524 40.042097
27.004777 1250.000000 3776 1258.335691 40.266742
27.005653 1250.000000 3732 1243.909100 39.805091
27.006118 1250.000000 3807 1268.791209 40.601319
27.006747 1250.000000 3820 1273.312470 40.745999
27.009960 1250.000000 3767 1254.450554 40.142418
27.009172 1250.000000 3713 1236.651859 39.572859
27.005496 1250.000000 3851 1283.411387 41.069164
27.008992 1250.000000 3708 1235.491021 39.535713
27.008042 1250.000000 3805 1267.905316 40.572970
27.009100 1250.000000 3720 1239.695087 39.670243
27.008889 1250.000000 3765 1254.938104 40.158019
27.007007 1250.000000 3697 1232.205760 39.430584
27.008648 1250.000000 3863 1287.231926 41.191422
27.009317 1250.000000 3785 1261.655603 40.372979
27.011702 1250.000000 3693 1230.016535 39.360529
27.007745 1250.000000 3663 1220.986762 39.071576
27.006977 1250.000000 3692 1230.549366 39.377580
27.012011 1250.000000 3608 1202.621120 38.483876
27.017062 1250.000000 3712 1235.344053 39.531010
27.014026 1250.000000 3842 1280.326391 40.970445
27.019010 1250.000000 3776 1257.253196 40.232102
27.009118 1250.000000 3741 1246.275605 39.880819
27.008648 1250.000000 3756 1251.179559 40.037746
#type       avg     std     min     5th    10th    90th    95th    99th
read       97.8    21.7    54.8    75.2    78.5   120.6   130.0   155.4
update    102.0    22.3    54.8    78.6    81.9   125.7   136.4   162.4
op_q        1.1     0.4     1.0     1.0     1.0     2.0     2.1     2.1

Total QPS = 80004.6 (2400138 / 30.0s)

Misses = 0 (0.0%)
Skipped TXs = 0 (0.0%)

RX  413309083 bytes :   13.1 MB/s
TX  265340356 bytes :    8.4 MB/s
