3.000029 5937.500000 17890 5963.276624 190.824852
3.000334 5937.500000 18011 6002.998061 192.095938
3.001575 5937.500000 17881 5957.206419 190.630605
3.000009 5937.500000 17700 5899.982367 188.799436
3.000111 5937.500000 18049 6016.111020 192.515553
3.000155 5937.500000 17731 5910.027184 189.120870
3.000016 5937.500000 17531 5843.636228 186.996359
3.000039 5937.500000 17922 5973.922265 191.165512
3.000110 5937.500000 17651 5883.451217 188.270439
3.000009 5937.500000 17718 5905.982577 188.991442
3.000010 5937.500000 17888 5962.646920 190.804701
3.000063 5937.500000 17753 5917.541885 189.361340
3.000163 5937.500000 17760 5919.678124 189.429700
3.000106 5937.500000 17580 5859.793396 187.513389
3.000695 5937.500000 17921 5972.283588 191.113075
3.000347 5937.500000 17855 5950.978015 190.431296
3.000062 5937.500000 17751 5916.877945 189.340094
3.000008 5937.500000 17886 5961.983522 190.783473
3.000412 5937.500000 17753 5916.854433 189.339342
3.000676 5937.500000 17854 5949.992202 190.399750
3.000113 5937.500000 17951 5983.441562 191.470130
3.000275 5937.500000 17835 5944.455347 190.222571
3.000101 5937.500000 17847 5948.800363 190.361612
3.000035 5937.500000 17593 5864.264736 187.656472
3.000607 5937.500000 17654 5883.477170 188.271269
3.001197 5937.500000 17613 5868.658833 187.797083
3.000198 5937.500000 17883 5960.606458 190.739407
3.000027 5937.500000 17829 5942.945555 190.174258
3.000464 5937.500000 17757 5918.085238 189.378728
3.000093 5937.500000 17943 5980.815427 191.386094
3.000214 5937.500000 17922 5973.573320 191.154346
3.000687 5937.500000 17576 5857.326230 187.434439
6.000192 5937.500000 17862 5953.650910 190.516829
6.000252 5937.500000 17767 5921.958518 189.502673
6.000241 5937.500000 17752 5917.179013 189.349728
6.000251 5937.500000 17936 5978.386035 191.308353
6.000030 5937.500000 17762 5920.624327 189.459978
6.000606 5937.500000 17507 5834.702911 186.710493
6.000451 5937.500000 17703 5900.770405 188.824653
6.000109 5937.500000 17753 5917.507043 189.360225
6.000284 5937.500000 17769 5922.829632 189.530548
6.000260 5937.500000 17662 5887.045310 188.385450
6.000426 5937.500000 17966 5987.942265 191.614152
6.000154 5937.500000 17717 5905.561731 188.977975
6.001135 5937.500000 17738 5911.114747 189.155672
6.000361 5937.500000 17946 5981.590607 191.410899
6.000423 5937.500000 18134 6044.027753 193.408888
6.000184 5937.500000 17826 5941.654505 190.132944
6.000091 5937.500000 17982 5993.895501 191.804656
6.000213 5937.500000 17677 5891.984170 188.543493
6.000030 5937.500000 17536 5845.292334 187.049355
6.000574 5937.500000 17772 5923.679346 189.557739
6.000285 5937.500000 17718 5905.455076 188.974562
6.000248 5937.500000 17840 5946.229551 190.279346
6.000625 5937.500000 17830 5943.297091 190.185507
6.000583 5937.500000 17922 5973.762701 191.160406
6.000711 5937.500000 17787 5928.967771 189.726969
6.000821 5937.500000 17785 5928.047521 189.697521
6.000276 5937.500000 17604 5867.998658 187.775957
6.000134 5937.500000 17956 5985.249753 191.527992
6.001409 5937.500000 18050 6016.241988 192.519744
6.000396 5937.500000 17933 5977.303846 191.273723
6.001733 5937.500000 17694 5897.688343 188.726027
6.001397 5937.500000 17588 5861.279110 187.560932
9.000438 5937.500000 17881 5960.310532 190.729937
9.000336 5937.500000 18284 6094.374121 195.019972
9.000289 5937.500000 17749 5915.978793 189.311321
9.001095 5937.500000 17927 5973.546718 191.153495
9.000685 5937.500000 17618 5872.548452 187.921550
9.001039 5937.500000 17889 5961.774707 190.776791
9.000722 5937.500000 17906 5967.947227 190.974311
9.000407 5937.500000 17450 5816.364788 186.123673
9.000272 5937.500000 17944 5981.308128 191.401860
9.000255 5937.500000 17721 5906.800563 189.017618
9.000043 5937.500000 17796 5931.974274 189.823177
9.000353 5937.500000 17966 5988.144062 191.620610
9.000234 5937.500000 17768 5922.569671 189.522229
9.000838 5937.500000 18094 6030.219810 192.967034
9.000673 5937.500000 18280 6092.882644 194.972245
9.000304 5937.500000 17858 5952.561312 190.481962
9.001118 5937.500000 17816 5938.077883 190.018492
9.000384 5937.500000 17872 5957.050931 190.625630
9.000683 5937.500000 18044 6014.447875 192.462332
9.000522 5937.500000 17736 5911.513677 189.168438
9.000908 5937.500000 17910 5969.353003 191.019296
9.000267 5937.500000 17852 5950.629587 190.420147
9.000552 5937.500000 17742 5913.473292 189.231145
9.000215 5937.500000 17431 5810.329852 185.930555
9.000247 5937.500000 18129 6042.772676 193.368726
9.000704 5937.500000 17886 5961.805049 190.777762
9.000727 5937.500000 17751 5916.967710 189.342967
9.001166 5937.500000 17918 5972.604356 191.123339
9.000435 5937.500000 17823 5940.922613 190.109524
9.001844 5937.500000 17937 5978.779720 191.320951
9.001455 5937.500000 17757 5918.909052 189.405090
9.001412 5937.500000 18056 6018.635895 192.596349
12.000363 5937.500000 17728 5909.279608 189.096947
12.001030 5937.500000 17873 5956.489720 190.607671
12.001340 5937.500000 17636 5876.541880 188.049340
12.000279 5937.500000 17854 5950.865285 190.427689
12.000661 5937.500000 17711 5902.934947 188.893918
12.000894 5937.500000 17789 5928.499416 189.711981
12.000772 5937.500000 17943 5980.823180 191.386342
12.000853 5937.500000 17638 5879.087856 188.130811
12.000426 5937.500000 17856 5951.694987 190.454240
12.000329 5937.500000 18242 6080.473456 194.575151
12.000368 5937.500000 17662 5887.033085 188.385059
12.000899 5937.500000 17951 5983.277869 191.464892
12.000909 5937.500000 18000 5999.527300 191.984874
12.000440 5937.500000 17840 5946.602861 190.291292
12.000468 5937.500000 17767 5922.166205 189.509319
12.000477 5937.500000 18043 6014.084411 192.450701
12.001121 5937.500000 17597 5865.616702 187.699734
12.000407 5937.500000 17796 5931.723066 189.815138
12.000620 5937.500000 17668 5889.200198 188.454406
12.000704 5937.500000 17849 5949.629569 190.388146
12.000829 5937.500000 17989 5996.119996 191.875840
12.000505 5937.500000 17856 5951.489789 190.447673
12.001192 5937.500000 17897 5964.335618 190.858740
12.000856 5937.500000 17596 5865.299656 187.689589
12.001167 5937.500000 17795 5931.569999 189.810240
12.001087 5937.500000 17828 5942.572540 190.162321
12.001195 5937.500000 17625 5874.438065 187.982018
12.001178 5937.500000 17725 5908.309011 189.065888
12.001617 5937.500000 17940 5979.676625 191.349652
12.000620 5937.500000 17998 5998.964214 191.966855
12.001961 5937.500000 18042 6013.764355 192.440459
12.001497 5937.500000 17666 5888.500643 188.432021
15.000990 5937.500000 17828 5941.258688 190.120278
15.000722 5937.500000 17861 5953.545448 190.513454
15.000482 5937.500000 17521 5840.251684 186.888054
15.000794 5937.500000 17859 5952.352935 190.475294
15.000363 5937.500000 17982 5993.999749 191.807992
15.000481 5937.500000 17678 5892.658824 188.565082
15.000414 5937.500000 17830 5943.165173 190.181286
15.000911 5937.500000 17916 5971.421368 191.085484
15.001052 5937.500000 17774 5924.384507 189.580304
15.000843 5937.500000 17764 5921.192844 189.478171
15.000377 5937.500000 17448 5815.981167 186.111397
15.000572 5937.500000 17867 5955.377185 190.572070
15.000931 5937.500000 17682 5893.800134 188.601604
15.001205 5937.500000 18002 6000.496898 192.015901
15.001158 5937.500000 17909 5969.525149 191.024805
15.001197 5937.500000 17843 5947.067218 190.306151
15.001278 5937.500000 17668 5889.116648 188.451733
15.001514 5937.500000 17448 5815.662899 186.101213
15.001096 5937.500000 17686 5894.563909 188.626045
15.000974 5937.500000 17824 5941.186105 190.117955
15.001193 5937.500000 17832 5943.331955 190.186623
15.000892 5937.500000 17832 5943.922550 190.205522
15.000437 5937.500000 17639 5879.608368 188.147468
15.000972 5937.500000 17685 5894.080596 188.610579
15.001465 5937.500000 17964 5987.428974 191.597727
15.001069 5937.500000 17695 5898.257577 188.744242
15.001231 5937.500000 18061 6020.255313 192.648170
15.001465 5937.500000 18008 6002.126669 192.068053
15.002043 5937.500000 17768 5922.506324 189.520202
15.000687 5937.500000 17680 5893.202718 188.582487
15.001691 5937.500000 17890 5963.186951 190.821982
15.001636 5937.500000 17860 5953.057711 190.497847
18.000532 5937.500000 18045 6014.898263 192.476744
18.000451 5937.500000 17926 5975.158848 191.205083
18.002248 5937.500000 17883 5958.112556 190.659602
18.000526 5937.500000 17900 5966.443265 190.926184
18.001070 5937.500000 17923 5973.342284 191.146953
18.001272 5937.500000 17672 5889.586604 188.466771
18.001283 5937.500000 17934 5977.988906 191.295645
18.000681 5937.500000 17722 5906.940365 189.022092
18.001051 5937.500000 17791 5930.096288 189.763081
18.000418 5937.500000 17817 5938.919571 190.045426
18.001459 5937.500000 17623 5873.819947 187.962238
18.000989 5937.500000 17828 5942.474905 190.159197
18.001482 5937.500000 17822 5940.633096 190.100259
18.001297 5937.500000 17819 5939.486050 190.063554
18.000457 5937.500000 17625 5874.960483 187.998735
18.000975 5937.500000 17838 5945.738539 190.263633
18.001046 5937.500000 17636 5878.525378 188.112812
18.001158 5937.500000 18169 6055.993037 193.791777
18.001339 5937.500000 17945 5980.935013 191.389920
18.001158 5937.500000 17852 5950.456837 190.414619
18.000973 5937.500000 18073 6024.208053 192.774658
18.001156 5937.500000 17988 5995.825797 191.866426
18.001657 5937.500000 18134 6043.661612 193.397172
18.001726 5937.500000 17835 5944.481345 190.223403
18.001136 5937.500000 17964 5987.918260 191.613384
18.001250 5937.500000 17879 5959.629092 190.708131
18.001264 5937.500000 17956 5985.191522 191.526129
18.001768 5937.500000 17621 5873.168348 187.941387
18.000865 5937.500000 17671 5889.983634 188.479476
18.002011 5937.500000 17746 5914.701458 189.270447
18.002058 5937.500000 17380 5793.303571 185.385714
18.001801 5937.500000 17706 5901.674467 188.853583
21.000632 5937.500000 17963 5987.455271 191.598569
21.000742 5937.500000 17849 5949.088926 190.370846
21.000608 5937.500000 17902 5967.183110 190.949860
21.000521 5937.500000 17624 5874.464586 187.982867
21.001018 5937.500000 17679 5892.941772 188.574137
21.001571 5937.500000 18062 6019.837829 192.634811
21.001517 5937.500000 18036 6011.065409 192.354093
21.000817 5937.500000 17918 5972.395692 191.116662
21.001102 5937.500000 17818 5939.082979 190.050655
21.001592 5937.500000 17896 5964.467398 190.862957
21.000621 5937.500000 17887 5962.007182 190.784230
21.001105 5937.500000 17648 5882.596477 188.243087
21.001651 5937.500000 17727 5908.274929 189.064798
21.001314 5937.500000 17511 5836.919937 186.781438
21.001360 5937.500000 17832 5943.234686 190.183510
21.001232 5937.500000 17995 5998.142093 191.940547
21.001514 5937.500000 17892 5963.936306 190.845962
21.001164 5937.500000 17845 5948.323201 190.346342
21.001262 5937.500000 17929 5975.903041 191.228897
21.001318 5937.500000 17911 5970.291687 191.049334
21.001620 5937.500000 18003 6000.677974 192.021695
21.001722 5937.500000 17901 5966.870635 190.939860
21.001668 5937.500000 17710 5902.538163 188.881221
21.001337 5937.500000 17677 5892.162198 188.549190
21.002559 5937.500000 17830 5941.767462 190.136559
21.001887 5937.500000 17467 5822.021151 186.304677
21.002410 5937.500000 17981 5992.963016 191.774817
21.002384 5937.500000 17833 5943.594767 190.195033
21.002423 5937.500000 18012 6003.649284 192.116777
21.001742 5937.500000 17918 5971.866279 191.099721
21.001038 5937.500000 17880 5959.656131 190.708996
21.001851 5937.500000 17807 5935.567414 189.938157
24.000819 5937.500000 18078 6025.574975 192.818399
24.004047 5937.500000 17782 5920.810328 189.465930
24.001986 5937.500000 17875 5956.584565 190.610706
24.000775 5937.500000 17880 5959.715163 190.710885
24.000820 5937.500000 17923 5974.327962 191.178495
24.000704 5937.500000 18224 6074.296228 194.377479
24.001601 5937.500000 17548 5848.780098 187.160963
24.000930 5937.500000 17893 5963.718203 190.838983
24.001152 5937.500000 17941 5980.232429 191.367438
24.001319 5937.500000 17933 5977.356717 191.275415
24.002239 5937.500000 17892 5961.999126 190.783972
24.001304 5937.500000 18051 6016.915819 192.541306
24.001260 5937.500000 18143 6047.179461 193.509743
24.001747 5937.500000 17644 5881.284575 188.201106
24.001584 5937.500000 17755 5917.890241 189.372488
24.001962 5937.500000 18137 6044.770914 193.432669
24.001783 5937.500000 18050 6016.240668 192.519701
24.001439 5937.500000 17821 5940.131103 190.084195
24.001322 5937.500000 18013 6004.316553 192.138130
24.001713 5937.500000 17703 5900.817127 188.826148
24.001682 5937.500000 17883 5960.939727 190.750071
24.001531 5937.500000 17597 5865.633021 187.700257
24.001992 5937.500000 17748 5915.362004 189.291584
24.002029 5937.500000 17745 5914.138281 189.252425
24.002042 5937.500000 17495 5831.365934 186.603710
24.002003 5937.500000 17618 5872.155643 187.908981
24.002534 5937.500000 18021 6006.778325 192.216906
24.001870 5937.500000 17962 5985.673635 191.541556
24.002696 5937.500000 17606 5868.106744 187.779416
24.002654 5937.500000 17962 5987.144581 191.588627
24.002453 5937.500000 17792 5930.529849 189.776955
24.001859 5937.500000 17920 5973.317872 191.146172
27.000829 5937.500000 17817 5938.981508 190.047408
27.001095 5937.500000 17871 5956.452511 190.606480
27.001268 5937.500000 17652 5883.034787 188.257113
27.001608 5937.500000 17379 5792.328870 185.354524
27.001170 5937.500000 17654 5884.632254 188.308232
27.000757 5937.500000 17741 5913.563018 189.234017
27.001687 5937.500000 17742 5913.244787 189.223833
27.001756 5937.500000 17650 5882.482392 188.239437
27.001715 5937.500000 17797 5931.551387 189.809644
27.001589 5937.500000 17669 5889.657953 188.469054
27.001534 5937.500000 18048 6014.790501 192.473296
27.001603 5937.500000 17967 5988.996192 191.647878
27.001941 5937.500000 17595 5864.620866 187.667868
27.002617 5937.500000 17854 5950.582991 190.418656
27.002376 5937.500000 17974 5989.462038 191.662785
27.001757 5937.500000 17850 5949.851212 190.395239
27.002068 5937.500000 17857 5951.629900 190.452157
27.001964 5937.500000 17950 5982.470813 191.439066
27.002010 5937.500000 17672 5890.221398 188.487085
27.002245 5937.500000 17968 5988.768413 191.640589
27.002364 5937.500000 18000 5999.356178 191.979398
27.002033 5937.500000 18055 6018.238962 192.583647
27.002186 5937.500000 17622 5873.619345 187.955819
27.002032 5937.500000 17572 5857.326888 187.434460
27.002615 5937.500000 17758 5919.174721 189.413591
27.002814 5937.500000 17769 5922.684109 189.525892
27.002802 5937.500000 17743 5914.124955 189.251999
27.002040 5937.500000 17851 5950.258217 190.408263
27.002701 5937.500000 17813 5937.174964 189.989599
27.002005 5937.500000 17751 5916.733907 189.335485
27.004075 5937.500000 17805 5934.945299 189.918250
27.001955 5937.500000 17423 5807.481188 185.839398
#type       avg     std     min     5th    10th    90th    95th    99th
read      754.1   232.1   117.4   472.0   503.7  1052.8  1208.6  1356.9
update    755.7   234.3   251.6   472.1   503.8  1068.5  1213.5  1357.3
op_q        6.1     2.9     1.0     2.0     2.9    10.3    11.7    14.1

Total QPS = 379886.6 (11396598 / 30.0s)

Misses = 0 (0.0%)
Skipped TXs = 0 (0.0%)

RX 1962950937 bytes :   62.4 MB/s
TX 1260771289 bytes :   40.1 MB/s
