3.000722 3125.000000 9172 3056.597401 97.811117
3.000540 3125.000000 9256 3084.777627 98.712884
3.000186 3125.000000 9499 3166.137180 101.316390
3.000007 3125.000000 9498 3165.992949 101.311774
3.001181 3125.000000 9199 3065.127113 98.084068
3.000202 3125.000000 9301 3100.124601 99.203987
3.002285 3125.000000 9436 3142.939357 100.574059
3.001076 3125.000000 9620 3205.517250 102.576552
3.000188 3125.000000 9219 3072.807419 98.329837
3.000447 3125.000000 9156 3051.544880 97.649436
3.000093 3125.000000 9387 3128.902577 100.124882
3.000310 3125.000000 9475 3158.006557 101.056210
3.000760 3125.000000 9218 3071.888604 98.300435
3.000440 3125.000000 9307 3101.878760 99.260120
3.000466 3125.000000 9193 3063.857426 98.043438
3.000641 3125.000000 9423 3140.329024 100.490529
3.000550 3125.000000 9407 3135.091521 100.322929
3.000217 3125.000000 9383 3127.440659 100.078101
3.000258 3125.000000 9420 3139.729741 100.471352
3.000200 3125.000000 9305 3101.459900 99.246717
3.000462 3125.000000 9237 3078.526403 98.512845
3.003561 3125.000000 9503 3163.911362 101.245164
3.000145 3125.000000 9424 3141.181712 100.517815
3.001455 3125.000000 9377 3124.151477 99.972847
3.000315 3125.000000 9592 3196.997828 102.303930
3.000362 3125.000000 9517 3171.950617 101.502420
3.000254 3125.000000 9313 3104.070862 99.330268
3.000136 3125.000000 9342 3113.858779 99.643481
3.000142 3125.000000 9340 3113.186490 99.621968
3.000007 3125.000000 9203 3067.659623 98.165108
3.000320 3125.000000 9309 3102.669053 99.285410
3.000466 3125.000000 9394 3130.847109 100.187107
6.001250 3125.000000 9268 3088.506935 98.832222
6.000522 3125.000000 9409 3136.014601 100.352467
6.000134 3125.000000 9346 3115.200998 99.686432
6.000909 3125.000000 9464 3154.469965 100.943039
6.000282 3125.000000 9246 3081.859310 98.619498
6.000401 3125.000000 9396 3131.679111 100.213732
6.000348 3125.000000 9322 3107.168021 99.429377
6.000410 3125.000000 9371 3123.432882 99.949852
6.000724 3125.000000 9323 3107.398943 99.436766
6.000429 3125.000000 9249 3082.877761 98.652088
6.000339 3125.000000 9326 3108.524597 99.472787
6.001560 3125.000000 9358 3118.273746 99.784760
6.000533 3125.000000 9459 3152.650151 100.884805
6.000923 3125.000000 9520 3172.822213 101.530311
6.000450 3125.000000 9536 3178.463414 101.710829
6.000149 3125.000000 9353 3117.659179 99.765094
6.001033 3125.000000 9429 3142.714166 100.566853
6.000809 3125.000000 9220 3073.161423 98.341166
6.000649 3125.000000 9442 3147.136166 100.708357
6.000156 3125.000000 9543 3180.979045 101.791329
6.001234 3125.000000 9525 3174.943116 101.598180
6.000614 3125.000000 9349 3116.266913 99.720541
6.001311 3125.000000 9368 3122.421696 99.917494
6.000607 3125.000000 9348 3115.697015 99.702304
6.000531 3125.000000 9304 3101.047097 99.233507
6.001178 3125.000000 9523 3173.470190 101.551046
6.000184 3125.000000 9405 3134.814664 100.314069
6.002585 3125.000000 9420 3138.817980 100.442175
6.002504 3125.000000 9506 3168.435297 101.389930
6.000512 3125.000000 9337 3112.134029 99.588289
6.003996 3125.000000 9228 3075.553627 98.417716
6.001864 3125.000000 9394 3129.874934 100.155998
9.000697 3125.000000 9443 3147.494897 100.719837
9.001154 3125.000000 9168 3054.961628 97.758772
9.000696 3125.000000 9373 3123.970181 99.967046
9.000766 3125.000000 9256 3084.967863 98.718972
9.000292 3125.000000 9449 3149.656148 100.788997
9.000862 3125.000000 9332 3110.313667 99.530037
9.000947 3125.000000 9266 3088.104623 98.819348
9.000412 3125.000000 9490 3163.256925 101.224222
9.000655 3125.000000 9408 3135.764188 100.344454
9.001235 3125.000000 9344 3114.136408 99.652365
9.000751 3125.000000 9544 3181.225171 101.799205
9.001525 3125.000000 9404 3134.443297 100.302186
9.000915 3125.000000 9222 3073.684414 98.357901
9.000614 3125.000000 9388 3129.245926 100.135870
9.001936 3125.000000 9420 3139.265266 100.456489
9.001479 3125.000000 9313 3103.871274 99.323881
9.000969 3125.000000 9327 3108.461842 99.470779
9.001328 3125.000000 9327 3108.566590 99.474131
9.000957 3125.000000 9415 3138.177999 100.421696
9.000637 3125.000000 9406 3135.309291 100.329897
9.001041 3125.000000 9514 3171.208837 101.478683
9.000226 3125.000000 9334 3111.260075 99.560322
9.000466 3125.000000 9133 3044.046961 97.409503
9.000174 3125.000000 9411 3136.973631 100.383156
9.001768 3125.000000 9340 3113.117027 99.619745
9.002382 3125.000000 9519 3171.802819 101.497690
9.001213 3125.000000 9283 3094.297665 99.017525
9.003775 3125.000000 9128 3041.459957 97.326719
9.002543 3125.000000 9318 3105.959775 99.390713
9.000613 3125.000000 9356 3118.561392 99.793965
9.004308 3125.000000 9430 3143.007098 100.576227
9.002725 3125.000000 9369 3122.103904 99.907325
12.000447 3125.000000 9609 3202.833796 102.490681
12.001418 3125.000000 9470 3156.170700 100.997462
12.000499 3125.000000 9362 3120.575916 99.858429
12.001596 3125.000000 9570 3189.044287 102.049417
12.001106 3125.000000 9189 3062.581814 98.002618
12.001007 3125.000000 9394 3130.966193 100.190918
12.001048 3125.000000 9419 3139.659299 100.469098
12.000620 3125.000000 9420 3139.994055 100.479810
12.000790 3125.000000 9146 3048.641721 97.556535
12.002482 3125.000000 9447 3146.579107 100.690531
12.001393 3125.000000 9201 3066.228024 98.119297
12.001140 3125.000000 9463 3154.141364 100.932524
12.002595 3125.000000 9548 3180.829823 101.786554
12.001610 3125.000000 9445 3147.854806 100.731354
12.001685 3125.000000 9622 3206.510208 102.608327
12.001162 3125.000000 9265 3087.911227 98.813159
12.001673 3125.000000 9301 3099.880614 99.196180
12.000553 3125.000000 9299 3099.329666 99.178549
12.000998 3125.000000 9405 3134.970597 100.319059
12.001257 3125.000000 9269 3089.621071 98.867874
12.001833 3125.000000 9513 3170.673921 101.461565
12.001541 3125.000000 9455 3151.442940 100.846174
12.001634 3125.000000 9261 3086.840552 98.778898
12.000562 3125.000000 9517 3172.232774 101.511449
12.002020 3125.000000 9509 3169.400382 101.420812
12.002416 3125.000000 9435 3144.965020 100.638881
12.004076 3125.000000 9219 3072.691884 98.326140
12.002145 3125.000000 9306 3101.784723 99.257111
12.002572 3125.000000 9398 3132.636664 100.244373
12.000796 3125.000000 9410 3136.475440 100.367214
12.004334 3125.000000 9430 3143.305572 100.585778
12.002817 3125.000000 9278 3092.571960 98.962303
15.001888 3125.000000 9228 3075.739943 98.423678
15.000753 3125.000000 9577 3192.007955 102.144255
15.000634 3125.000000 9168 3055.985979 97.791551
15.001468 3125.000000 9337 3112.282048 99.593026
15.000606 3125.000000 9341 3113.555275 99.633769
15.001389 3125.000000 9529 3175.972113 101.631108
15.001030 3125.000000 9699 3232.741659 103.447733
15.001913 3125.000000 9351 3116.161374 99.717164
15.001018 3125.000000 9298 3099.322093 99.178307
15.001770 3125.000000 9444 3147.898586 100.732755
15.001234 3125.000000 9251 3083.423324 98.669546
15.002095 3125.000000 9324 3107.729488 99.447344
15.002067 3125.000000 9370 3122.857445 99.931438
15.001412 3125.000000 9377 3125.383684 100.012278
15.001825 3125.000000 9285 3094.762975 99.032415
15.000602 3125.000000 9299 3099.624840 99.187995
15.001627 3125.000000 9581 3193.171300 102.181482
15.002722 3125.000000 9493 3162.047321 101.185514
15.002548 3125.000000 9371 3123.528832 99.952923
15.002149 3125.000000 9463 3153.395411 100.908653
15.001710 3125.000000 9515 3171.487513 101.487600
15.002696 3125.000000 9329 3109.561202 99.505958
15.002413 3125.000000 9348 3115.592525 99.698961
15.001502 3125.000000 9390 3129.885644 100.156341
15.001976 3125.000000 9385 3128.029239 100.096936
15.002187 3125.000000 9592 3197.288631 102.313236
15.004199 3125.000000 9478 3159.203883 101.094524
15.002616 3125.000000 9434 3144.526159 100.624837
15.002622 3125.000000 9245 3081.614942 98.611678
15.005288 3125.000000 9342 3113.009692 99.616310
15.000981 3125.000000 9352 3117.141517 99.748529
15.003183 3125.000000 9534 3177.611702 101.683574
18.000756 3125.000000 9508 3169.174672 101.413590
18.000790 3125.000000 9311 3103.628480 99.316111
18.002538 3125.000000 9328 3108.475526 99.471217
18.001447 3125.000000 9423 3140.938726 100.510039
18.001785 3125.000000 9266 3087.876568 98.812050
18.001940 3125.000000 9241 3079.848078 98.555138
18.001216 3125.000000 9357 3118.806990 99.801824
18.001587 3125.000000 9379 3126.150319 100.036810
18.002086 3125.000000 9531 3176.980389 101.663372
18.001002 3125.000000 9174 3057.624314 97.843978
18.002290 3125.000000 9301 3099.853377 99.195308
18.000693 3125.000000 9195 3064.907317 98.077034
18.002510 3125.000000 9413 3137.232108 100.391427
18.002228 3125.000000 9559 3185.972025 101.951105
18.001838 3125.000000 9359 3119.596194 99.827078
18.001286 3125.000000 9280 3093.280078 98.984962
18.002822 3125.000000 9619 3205.895802 102.588666
18.002766 3125.000000 9457 3151.437505 100.846000
18.002895 3125.000000 9416 3137.340467 100.394895
18.001511 3125.000000 9566 3188.657287 102.037033
18.002113 3125.000000 9367 3122.190660 99.910101
18.002238 3125.000000 9297 3098.946697 99.166294
18.002214 3125.000000 9389 3129.598553 100.147154
18.002915 3125.000000 9492 3163.769084 101.240611
18.002740 3125.000000 9431 3143.465465 100.590895
18.002794 3125.000000 9583 3194.150246 102.212808
18.003064 3125.000000 9331 3109.977924 99.519294
18.002750 3125.000000 9473 3157.525655 101.040821
18.001018 3125.000000 9408 3135.961660 100.350773
18.006194 3125.000000 9323 3105.601286 99.379241
18.005760 3125.000000 9656 3218.161208 102.981159
18.003592 3125.000000 9548 3182.232885 101.831452
21.000822 3125.000000 9300 3099.967628 99.198964
21.001447 3125.000000 9433 3143.867780 100.603769
21.001425 3125.000000 9398 3131.968066 100.222978
21.002005 3125.000000 9319 3106.266351 99.400523
21.001712 3125.000000 9284 3094.154497 99.012944
21.001527 3125.000000 9313 3104.251513 99.336048
21.002133 3125.000000 9273 3090.642054 98.900546
21.003335 3125.000000 9378 3123.865963 99.963711
21.001604 3125.000000 9489 3162.982287 101.215433
21.002369 3125.000000 9390 3129.446111 100.142276
21.002171 3125.000000 9441 3146.910146 100.701125
21.001482 3125.000000 9566 3187.827831 102.010491
21.002718 3125.000000 9440 3146.477415 100.687277
21.002642 3125.000000 9285 3094.863432 99.035630
21.001776 3125.000000 9358 3119.057660 99.809845
21.002416 3125.000000 9530 3176.533280 101.649065
21.002544 3125.000000 9493 3164.000522 101.248017
21.002660 3125.000000 9259 3085.899138 98.748772
21.002926 3125.000000 9448 3149.165489 100.773296
21.003345 3125.000000 9362 3120.037300 99.841194
21.002996 3125.000000 9368 3122.485412 99.919533
21.002189 3125.000000 9234 3077.922975 98.493535
21.003019 3125.000000 9314 3104.559837 99.345915
21.003508 3125.000000 9458 3151.916436 100.861326
21.002619 3125.000000 9403 3133.910745 100.285144
21.002943 3125.000000 9366 3121.949833 99.902395
21.003260 3125.000000 9290 3096.140136 99.076484
21.003151 3125.000000 9426 3141.908829 100.541083
21.001463 3125.000000 9285 3094.540298 99.025290
21.005813 3125.000000 9383 3127.610604 100.083539
21.006257 3125.000000 9435 3144.933494 100.637872
21.003624 3125.000000 9313 3104.300534 99.337617
24.001480 3125.000000 9433 3143.643455 100.596591
24.001592 3125.000000 9438 3145.825515 100.666416
24.001879 3125.000000 9190 3062.973810 98.015162
24.002044 3125.000000 9460 3152.984791 100.895513
24.001631 3125.000000 9237 3078.972551 98.527122
24.003037 3125.000000 9351 3116.903150 99.740901
24.002037 3125.000000 9402 3133.966549 100.286930
24.001590 3125.000000 9345 3114.850915 99.675229
24.002823 3125.000000 9275 3091.480368 98.927372
24.001841 3125.000000 9287 3095.600152 99.059205
24.002369 3125.000000 9186 3061.999813 97.983994
24.002977 3125.000000 9477 3158.151886 101.060860
24.002480 3125.000000 9432 3143.635823 100.596346
24.002936 3125.000000 9389 3129.440143 100.142085
24.003580 3125.000000 9441 3146.314442 100.682062
24.002937 3125.000000 9149 3049.137130 97.572388
24.002864 3125.000000 9483 3160.785309 101.145130
24.002279 3125.000000 9481 3160.238466 101.127631
24.002775 3125.000000 9562 3187.087087 101.986787
24.001949 3125.000000 9296 3098.184754 99.141912
24.003252 3125.000000 9558 3185.751890 101.944060
24.003068 3125.000000 9537 3178.924195 101.725574
24.003290 3125.000000 9245 3080.977411 98.591277
24.003350 3125.000000 9600 3199.994999 102.399840
24.004024 3125.000000 9440 3146.125246 100.676008
24.003591 3125.000000 9459 3152.731068 100.887394
24.003749 3125.000000 9209 3069.055096 98.209763
24.003288 3125.000000 9361 3120.304424 99.849742
24.001851 3125.000000 9242 3080.268450 98.568590
24.006326 3125.000000 9179 3059.596533 97.907089
24.005992 3125.000000 9448 3149.146206 100.772679
24.003698 3125.000000 9259 3086.256789 98.760217
27.001876 3125.000000 9365 3121.370736 99.883864
27.001909 3125.000000 9311 3103.634938 99.316318
27.001574 3125.000000 9619 3206.232290 102.599433
27.001655 3125.000000 9302 3100.641925 99.220542
27.002042 3125.000000 9459 3152.994484 100.895823
27.002773 3125.000000 9252 3083.250438 98.664014
27.004965 3125.000000 9530 3174.037770 101.569209
27.001802 3125.000000 9268 3089.115347 98.851691
27.002617 3125.000000 9195 3064.746284 98.071881
27.003413 3125.000000 9324 3107.388813 99.436442
27.001855 3125.000000 9380 3126.652073 100.052866
27.004201 3125.000000 9410 3135.345639 100.331060
27.002295 3125.000000 9383 3127.649154 100.084773
27.003081 3125.000000 9430 3143.106399 100.579405
27.003163 3125.000000 9469 3155.925651 100.989621
27.003470 3125.000000 9490 3162.813246 101.210024
27.001984 3125.000000 9431 3143.630209 100.596167
27.003102 3125.000000 9289 3096.298364 99.081548
27.003222 3125.000000 9361 3120.140192 99.844486
27.003279 3125.000000 9467 3155.638150 100.980421
27.003438 3125.000000 9334 3110.812225 99.545991
27.003380 3125.000000 9310 3103.240127 99.303684
27.003515 3125.000000 9420 3139.827701 100.474486
27.003740 3125.000000 9349 3116.178902 99.717725
27.004103 3125.000000 9354 3117.455948 99.758590
27.003345 3125.000000 9397 3132.273681 100.232758
27.004076 3125.000000 9183 3060.947274 97.950313
27.003786 3125.000000 9510 3169.961185 101.438758
27.001964 3125.000000 9233 3077.551283 98.481641
27.006416 3125.000000 9315 3104.560840 99.345947
27.008092 3125.000000 9388 3127.492783 100.079769
27.003728 3125.000000 9078 3025.970287 96.831049
30.002102 3125.000000 9333 3110.535648 99.537141
#type       avg     std     min     5th    10th    90th    95th    99th
read      368.3   264.9    60.2   187.8   213.0   536.7   589.7   698.9
update    371.6   270.3    66.3   189.3   214.5   539.2   591.8   699.9
op_q        2.4     1.5     1.0     1.0     1.0     4.0     4.7     6.0

Total QPS = 199803.0 (5994089 / 30.0s)

Misses = 0 (0.0%)
Skipped TXs = 0 (0.0%)

RX 1031943966 bytes :   32.8 MB/s
TX  662916260 bytes :   21.1 MB/s
