3.019878 266.610163
3.030116 11628.103470
3.087192 246.662155
3.044171 13945.979688
3.029170 255.412284
3.004934 254.405734
3.003378 254.657371
3.024203 10591.710311
3.091675 279.846307
3.029026 248.473184
3.013878 269.252359
3.013663 282.891123
3.035604 335.599663
3.074829 234.251840
3.001353 282.337520
3.142296 249.448144
3.006729 229.676609
3.007703 251.447084
3.005930 241.114687
3.023854 2488.478517
3.045396 240.428402
3.123443 257.928662
3.002335 243.783572
3.094159 252.392632
3.020891 264.848699
3.019019 256.167198
3.023439 265.603612
3.011758 248.565778
3.017384 247.199744
3.043605 247.657267
3.041296 249.647493
6.076019 246.528710
6.008496 246.049400
6.021235 248.729179
6.047478 248.938332
6.037241 250.353134
6.018995 252.895907
6.025692 255.160647
6.058234 270.175031
6.046676 256.670473
6.012303 242.075485
6.124641 262.709778
6.059025 242.029733
6.067494 267.490895
6.056939 247.634391
6.055261 267.490895
6.046282 279.846307
6.047310 256.293016
6.044074 248.716609
6.041404 246.757472
6.033791 251.567330
6.093985 247.577201
6.042601 246.071187
6.088362 246.637644
6.086383 245.984040
6.055180 252.895907
6.254874 249.121341
6.095653 247.405630
6.094343 245.689918
6.135751 250.734712
6.168871 257.551205
6.086118 250.474847
9.232606 247.732432
9.081558 256.796292
9.143898 255.580043
9.040877 246.585901
9.022217 252.728149
9.137025 242.225814
9.161591 249.191730
9.087724 249.990635
9.026052 244.431729
9.061168 247.850444
9.094455 245.330436
9.102425 245.079887
9.063549 260.696676
9.065275 260.361160
9.065004 261.283831
9.051211 241.724718
9.045127 248.721009
9.034574 250.219397
9.156358 250.875180
9.057816 250.828255
9.113474 245.804299
9.105715 244.901962
9.121889 246.798532
9.056302 249.375521
9.158451 255.999439
9.096908 245.710715
9.088459 247.662986
9.111909 244.215677
9.208580 250.887889
9.272959 249.006961
9.205901 249.450186
12.059085 250.806953
12.042858 249.235722
12.033263 250.735381
12.124213 247.487330
12.068916 244.946443
12.081478 247.870778
12.055170 243.802635
12.125469 259.061031
12.081979 251.503153
12.076551 248.219004
12.084703 249.441608
12.102339 247.977534
12.090879 256.670473
12.122263 243.774040
12.179146 250.722672
12.126303 249.335805
12.140727 245.722598
12.098235 246.630382
12.152117 243.206221
12.161369 251.065815
12.078899 249.553447
12.144320 245.346776
12.182307 248.236797
12.172926 250.056280
12.092931 246.719345
12.097405 243.651860
12.125042 243.651860
12.247863 250.274300
12.259344 246.726970
12.282930 249.777788
12.214945 248.676527
15.101103 249.629700
15.099356 244.190259
15.054613 247.852755
15.123863 243.529392
15.063232 243.859826
15.092527 250.493911
15.095806 248.120510
15.166418 248.574855
15.105692 250.465316
15.109151 247.340269
15.102531 251.002270
15.152230 241.314853
15.128501 248.102313
15.172229 250.320052
15.104478 251.246918
15.087167 248.470251
15.173564 257.727351
15.244829 245.595722
15.162152 242.588928
15.227198 244.067791
15.135799 249.619234
15.214370 248.771471
15.105938 247.052541
15.188531 249.038155
15.107605 241.717785
15.210959 249.386705
15.292422 249.814558
15.147847 242.677891
15.260580 245.689918
15.287075 249.214541
15.220627 249.041275
18.106891 248.755323
18.103868 244.739678
18.068585 246.780935
18.126920 249.767842
18.104373 246.790833
18.143646 243.069558
18.125376 246.177943
18.169665 247.548606
18.209310 243.824631
18.195754 249.308510
18.087318 247.936683
18.119655 249.843746
18.063425 241.212727
18.160272 241.297696
18.300228 248.389304
18.106733 246.097710
18.200265 249.734096
18.106019 250.467515
18.243920 256.922111
18.119921 240.847798
18.214346 248.869704
18.138110 248.354317
18.249495 248.217733
18.318232 243.736646
18.228872 249.018793
18.173276 243.729105
18.394372 249.003495
18.252709 245.991467
18.283984 246.455772
18.318866 249.467575
18.225633 247.817401
3.013937 241.686591
21.095125 247.906046
21.243148 248.032001
21.068675 245.888178
21.086316 237.879345
21.206742 244.957881
21.131515 245.824484
21.149125 249.283381
21.123811 243.631064
21.399501 246.805131
21.137131 249.147737
21.142633 248.844420
21.209454 243.326049
21.115391 250.615917
21.190576 247.132876
21.259363 247.696781
21.165051 243.385962
21.106974 246.011879
21.221982 249.220471
21.127768 242.329983
21.306799 247.304706
21.295200 253.189485
21.213770 242.082524
21.263027 246.633559
21.197636 249.143480
21.176064 242.356535
21.271010 248.677275
21.308466 248.097934
21.371354 249.334506
21.334640 243.341299
21.418566 248.651453
21.244001 247.114479
6.039882 238.217040
24.117556 244.703384
24.226604 250.648878
24.134325 245.118014
24.209585 245.403966
24.125761 242.624513
24.180083 248.046162
24.100994 239.604860
24.254404 243.092801
24.217055 247.754955
24.138739 248.614798
24.155292 248.753689
24.212414 247.354794
24.243868 248.795530
24.154685 240.871628
24.107506 245.122250
24.165128 243.187838
24.259389 240.516387
24.219848 249.092013
24.248168 247.821976
24.265891 247.607996
24.245534 241.663715
24.342823 246.787974
24.311085 253.614872
24.312051 247.937749
24.282543 248.873516
24.350938 242.573042
24.359855 246.833726
24.404906 249.093890
24.429778 248.176195
24.436627 246.896832
24.258135 246.705619
9.042872 241.457829
27.180824 244.228386
27.130666 244.215677
27.122904 244.786912
27.144077 247.969645
27.133000 236.928350
27.167382 248.525175
27.172413 242.648735
27.124662 245.232395
27.186308 247.214995
27.212655 245.676461
27.268107 240.657164
27.245062 246.970983
27.288375 248.435057
27.420522 249.115762
27.248051 241.463849
27.313268 249.238512
27.389328 244.568986
27.266312 247.333612
27.226912 247.451382
27.339142 247.127848
27.282544 250.722672
27.334258 247.262654
27.311746 251.372060
27.247561 240.611411
27.344817 247.231940
27.351020 241.895167
27.444384 249.203696
27.443663 248.041374
27.369606 247.605796
27.465582 246.289431
27.303085 247.138741
12.050870 241.991606
#type       avg     std     min     5th    10th    90th    95th    99th
read      176.0   131.0    54.8   111.6   127.6   216.4   225.8   246.7
update    178.9    33.5    60.2   117.1   130.9   220.5   228.5   249.0
op_q        1.0     0.1     1.0     1.0     1.0     1.1     1.1     1.1

Total QPS = 2515.6 (75469 / 30.0s)

Misses = 0 (0.0%)
Skipped TXs = 0 (0.0%)

RX   13190846 bytes :    0.4 MB/s
TX    8348250 bytes :    0.3 MB/s
