3.000473 555.555556 1729 576.242490 18.439760
3.001115 555.555556 1665 554.793842 17.753403
3.002388 555.555556 1730 576.208007 18.438656
3.000560 555.555556 1534 511.237916 16.359613
3.000126 555.555556 1598 532.644236 17.044616
3.002281 555.555556 1710 569.566868 18.226140
3.000852 555.555556 1674 557.841639 17.850932
3.002981 555.555556 1708 568.768083 18.200579
3.001836 555.555556 1636 544.999775 17.439993
3.000112 555.555556 1711 570.311984 18.249983
3.002211 555.555556 1612 536.937578 17.182003
3.005688 555.555556 1661 552.618972 17.683807
3.001194 555.555556 1621 540.118429 17.283790
3.000017 555.555556 1646 548.663483 17.557231
3.001036 555.555556 1653 550.809717 17.625911
3.000033 555.555556 1635 544.994072 17.439810
3.003141 555.555556 1705 567.738980 18.167647
3.000551 555.555556 1701 566.895892 18.140669
3.000852 555.555556 1648 549.177281 17.573673
3.001714 555.555556 1706 568.341932 18.186942
3.001257 555.555556 1675 558.099427 17.859182
3.005361 555.555556 1689 561.995653 17.983861
3.001018 555.555556 1670 556.477866 17.807292
3.001369 555.555556 1625 541.419585 17.325427
3.004004 555.555556 1614 537.282938 17.193054
3.000128 555.555556 1665 554.976234 17.759239
3.000597 555.555556 1693 564.221003 18.055072
3.001835 555.555556 1623 540.669344 17.301419
3.002902 555.555556 1614 537.479990 17.199360
3.004247 555.555556 1719 572.189903 18.310077
3.003684 555.555556 1681 559.646124 17.908676
3.002946 555.555556 1664 554.122571 17.731922
6.002594 555.555556 1766 588.180067 18.821762
6.001221 555.555556 1656 551.798594 17.657555
6.000864 555.555556 1672 557.260760 17.832344
6.001631 555.555556 1636 545.040169 17.441285
6.007254 555.555556 1636 544.219700 17.415030
6.004451 555.555556 1526 508.088279 16.258825
6.003777 555.555556 1679 559.067055 17.890146
6.001106 555.555556 1630 543.232851 17.383451
6.003350 555.555556 1716 571.368194 18.283782
6.001309 555.555556 1613 537.645938 17.204670
6.001914 555.555556 1534 511.152391 16.356877
6.006062 555.555556 1667 555.597246 17.779112
6.011366 555.555556 1703 565.684177 18.101894
6.003798 555.555556 1674 557.705078 17.846562
6.004487 555.555556 1602 533.732095 17.079427
6.002484 555.555556 1710 569.981786 18.239417
6.000472 555.555556 1661 553.603257 17.715304
6.002647 555.555556 1700 566.359012 18.123488
6.002180 555.555556 1563 520.919142 16.669413
6.001404 555.555556 1644 547.993670 17.535797
6.004280 555.555556 1711 569.869163 18.235813
6.002772 555.555556 1711 570.155280 18.244969
6.004629 555.555556 1694 564.386616 18.060372
6.004101 555.555556 1660 552.998002 17.695936
6.001782 555.555556 1652 550.449220 17.614375
6.001261 555.555556 1631 543.666024 17.397313
6.006529 555.555556 1674 557.782842 17.849051
6.004443 555.555556 1640 546.386123 17.484356
6.005626 555.555556 1701 566.693605 18.134195
6.011025 555.555556 1651 548.989837 17.567675
6.005213 555.555556 1617 538.826524 17.242449
6.003509 555.555556 1680 559.894850 17.916635
9.001245 555.555556 1590 529.975451 16.959214
9.004733 555.555556 1714 571.070077 18.274242
9.001345 555.555556 1661 553.660088 17.717123
9.005298 555.555556 1606 534.777409 17.112877
9.004968 555.555556 1675 558.111927 17.859582
9.001121 555.555556 1668 555.952236 17.790472
9.002681 555.555556 1728 575.798567 18.425554
9.002056 555.555556 1780 593.305163 18.985765
9.001259 555.555556 1636 545.326412 17.450445
9.002691 555.555556 1744 581.293156 18.601381
9.000900 555.555556 1653 550.921379 17.629484
9.006317 555.555556 1637 544.774405 17.432781
9.007073 555.555556 1637 545.222597 17.447123
9.002838 555.555556 1589 529.623624 16.947956
9.005656 555.555556 1680 559.781881 17.913020
9.008269 555.555556 1621 539.936140 17.277956
9.006129 555.555556 1684 560.953977 17.950527
9.005561 555.555556 1729 576.120330 18.435851
9.003859 555.555556 1699 566.321765 18.122296
9.009612 555.555556 1622 539.165719 17.253303
9.007044 555.555556 1688 562.148757 17.988760
9.010005 555.555556 1678 558.820814 17.882266
9.002647 555.555556 1689 562.837733 18.010807
9.003170 555.555556 1701 566.924653 18.141589
9.007054 555.555556 1625 541.571920 17.330301
9.003201 555.555556 1586 528.569172 16.914214
9.005928 555.555556 1731 576.862563 18.459602
9.008419 555.555556 1717 571.800865 18.297628
9.012671 555.555556 1626 540.517429 17.296558
9.011572 555.555556 1624 541.296216 17.321479
9.011761 555.555556 1664 554.530771 17.744985
9.006625 555.555556 1670 556.089179 17.794854
12.002482 555.555556 1718 572.407152 18.317029
12.003877 555.555556 1601 533.137607 17.060403
12.005650 555.555556 1656 551.193322 17.638186
12.007443 555.555556 1709 569.309387 18.217900
12.002702 555.555556 1667 555.662681 17.781206
12.006260 555.555556 1624 541.100237 17.315208
12.003431 555.555556 1717 571.935550 18.301938
12.004774 555.555556 1674 557.612916 17.843613
12.002345 555.555556 1574 524.616124 16.787716
12.001666 555.555556 1614 537.924423 17.213582
12.005472 555.555556 1735 577.825955 18.490431
12.009591 555.555556 1691 563.418397 18.029389
12.008525 555.555556 1700 566.249912 18.119997
12.011949 555.555556 1688 562.302279 17.993673
12.006193 555.555556 1663 553.902459 17.724879
12.005750 555.555556 1605 534.983336 17.119467
12.005208 555.555556 1650 549.632191 17.588230
12.012733 555.555556 1670 555.613048 17.779618
12.008227 555.555556 1677 558.784956 17.881119
12.005470 555.555556 1625 541.533692 17.329078
12.010477 555.555556 1605 533.700173 17.078406
12.007120 555.555556 1700 566.479673 18.127350
12.008733 555.555556 1701 566.351684 18.123254
12.005369 555.555556 1618 538.844474 17.243023
12.011822 555.555556 1689 562.106675 17.987414
12.013920 555.555556 1552 516.386533 16.524369
12.012162 555.555556 1709 569.554681 18.225750
12.006368 555.555556 1703 567.583502 18.162672
12.012598 555.555556 1710 569.433209 18.221863
12.013151 555.555556 1694 564.576444 18.066446
12.011882 555.555556 1729 576.309926 18.441918
12.012967 555.555556 1651 549.172364 17.573516
15.005706 555.555556 1627 542.290539 17.353297
15.006503 555.555556 1664 554.099437 17.731182
15.003582 555.555556 1664 554.438007 17.742016
15.002924 555.555556 1676 558.625424 17.876014
15.004042 555.555556 1677 558.557645 17.873845
15.002971 555.555556 1637 545.577737 17.458488
15.010313 555.555556 1749 582.380004 18.636160
15.005415 555.555556 1599 532.886071 17.052354
15.008798 555.555556 1639 545.778820 17.464922
15.007006 555.555556 1731 576.739211 18.455655
15.006785 555.555556 1707 568.900383 18.204812
15.005510 555.555556 1664 554.364913 17.739677
15.008339 555.555556 1713 570.978795 18.271321
15.005500 555.555556 1662 553.994940 17.727838
15.007798 555.555556 1587 528.937532 16.926001
15.007047 555.555556 1633 544.178335 17.413707
15.010584 555.555556 1601 533.490193 17.071686
15.010121 555.555556 1630 543.081993 17.378624
15.018002 555.555556 1688 561.533646 17.969077
15.013282 555.555556 1718 572.388076 18.316418
15.006708 555.555556 1670 556.388577 17.804434
15.012894 555.555556 1679 559.530104 17.904963
15.011604 555.555556 1695 564.420803 18.061466
15.006865 555.555556 1654 551.058462 17.633871
15.010160 555.555556 1674 557.295412 17.833453
15.011394 555.555556 1706 568.492790 18.191769
15.013388 555.555556 1738 579.206872 18.534620
15.012611 555.555556 1648 549.331018 17.578593
15.016476 555.555556 1670 556.192728 17.798167
15.017382 555.555556 1612 536.576649 17.170453
15.012572 555.555556 1658 552.539619 17.681268
15.013784 555.555556 1750 583.174460 18.661583
18.004771 555.555556 1628 542.451720 17.358455
18.009554 555.555556 1630 542.637443 17.364398
18.005177 555.555556 1548 515.612611 16.499604
18.004225 555.555556 1708 569.095344 18.211051
18.005570 555.555556 1636 545.055702 17.441782
18.008090 555.555556 1665 554.505570 17.744178
18.005734 555.555556 1645 548.292417 17.545357
18.007943 555.555556 1710 569.822049 18.234306
18.007547 555.555556 1660 553.140733 17.700503
18.009730 555.555556 1615 537.986873 17.215580
18.007804 555.555556 1632 543.815408 17.402093
18.006215 555.555556 1676 558.533474 17.873071
18.010968 555.555556 1696 564.924626 18.077588
18.008847 555.555556 1657 552.239662 17.671669
18.008553 555.555556 1725 574.711467 18.390767
18.010848 555.555556 1684 561.283784 17.961081
18.010280 555.555556 1687 562.303507 17.993712
18.011696 555.555556 1727 575.401412 18.412845
18.016209 555.555556 1636 543.611617 17.395572
18.013397 555.555556 1574 524.353205 16.779303
18.013882 555.555556 1644 547.545981 17.521471
18.008678 555.555556 1636 545.004082 17.440131
18.014683 555.555556 1610 536.346756 17.163096
18.013822 555.555556 1771 590.227154 18.887269
18.017074 555.555556 1608 534.767676 17.112566
18.014031 555.555556 1632 543.883383 17.404268
18.012921 555.555556 1632 543.943773 17.406201
18.019792 555.555556 1685 561.215823 17.958906
18.016505 555.555556 1634 544.661451 17.429166
18.021619 555.555556 1697 564.985630 18.079540
18.012622 555.555556 1680 559.990679 17.919702
18.016589 555.555556 1664 554.148474 17.732751
21.014256 555.555556 1653 550.754951 17.624158
21.005397 555.555556 1765 588.103541 18.819313
21.006470 555.555556 1711 570.087748 18.242808
21.008469 555.555556 1623 540.334034 17.290689
21.009987 555.555556 1617 538.608060 17.235458
21.008222 555.555556 1673 557.614851 17.843675
21.006901 555.555556 1719 572.869026 18.331809
21.009330 555.555556 1660 553.244354 17.703819
21.008660 555.555556 1604 534.116562 17.091730
21.011699 555.555556 1641 546.609060 17.491490
21.008610 555.555556 1679 559.569650 17.906229
21.008060 555.555556 1709 569.569218 18.226215
21.009042 555.555556 1660 553.243193 17.703782
21.006807 555.555556 1666 555.134813 17.764314
21.012198 555.555556 1613 537.224645 17.191189
21.015388 555.555556 1720 572.489909 18.319677
21.010669 555.555556 1738 579.258151 18.536261
21.012003 555.555556 1666 555.119613 17.763828
21.016519 555.555556 1615 538.277766 17.224889
21.018140 555.555556 1650 549.366950 17.579742
21.013784 555.555556 1610 536.293414 17.161389
21.016754 555.555556 1590 529.493051 16.943778
21.016209 555.555556 1689 562.552397 18.001677
21.009614 555.555556 1691 563.490824 18.031706
21.013737 555.555556 1675 558.270129 17.864644
21.014224 555.555556 1674 557.964139 17.854852
21.021316 555.555556 1710 569.087425 18.210798
21.022275 555.555556 1693 564.209889 18.054716
21.018739 555.555556 1648 549.028520 17.568913
21.015311 555.555556 1755 584.476197 18.703238
21.022674 555.555556 1594 530.823291 16.986345
21.021452 555.555556 1647 548.111655 17.539573
24.006569 555.555556 1722 573.775975 18.360831
24.007567 555.555556 1687 562.127821 17.988090
24.009617 555.555556 1640 546.457462 17.486639
24.015552 555.555556 1649 548.529097 17.552931
24.008913 555.555556 1673 557.538251 17.841224
24.009101 555.555556 1645 548.243688 17.543798
24.008667 555.555556 1542 513.998756 16.447960
24.010938 555.555556 1669 555.800154 17.785605
24.009227 555.555556 1739 579.217534 18.534961
24.014163 555.555556 1663 553.688647 17.718037
24.007840 555.555556 1638 545.812093 17.465987
24.010267 555.555556 1652 550.615258 17.619688
24.015591 555.555556 1598 532.346163 17.035077
24.011401 555.555556 1641 546.570214 17.490247
24.016425 555.555556 1658 552.626752 17.684056
24.012681 555.555556 1669 556.151350 17.796843
24.013199 555.555556 1759 586.099726 18.755191
24.014353 555.555556 1684 560.930455 17.949775
24.019092 555.555556 1766 587.940644 18.814101
24.012266 555.555556 1678 558.839227 17.882855
24.014937 555.555556 1705 568.198247 18.182344
24.015024 555.555556 1655 551.430027 17.645761
24.015198 555.555556 1628 542.496297 17.359882
24.018376 555.555556 1686 561.955785 17.982585
24.017993 555.555556 1690 563.100728 18.019223
24.019675 555.555556 1693 563.740303 18.039690
24.021645 555.555556 1680 559.458118 17.902660
24.023502 555.555556 1694 564.435804 18.061946
24.024276 555.555556 1663 553.786972 17.721183
24.023675 555.555556 1764 587.803906 18.809725
24.021277 555.555556 1720 572.195303 18.310250
24.021830 555.555556 1673 557.596292 17.843081
27.012168 555.555556 1577 525.096922 16.803102
27.013519 555.555556 1642 546.449620 17.486388
27.012092 555.555556 1705 567.864793 18.171673
27.008633 555.555556 1597 532.144169 17.028613
27.015604 555.555556 1691 563.215213 18.022887
27.007175 555.555556 1578 525.893616 16.828596
27.015237 555.555556 1661 552.874465 17.691983
27.009872 555.555556 1686 561.855512 17.979376
27.010070 555.555556 1709 569.506762 18.224216
27.014149 555.555556 1642 546.184651 17.477909
27.016593 555.555556 1723 573.124673 18.339990
27.011409 555.555556 1657 552.331768 17.674617
27.017187 555.555556 1707 568.690041 18.198081
27.015194 555.555556 1710 569.522867 18.224732
27.014295 555.555556 1679 559.642021 17.908545
27.014412 555.555556 1701 566.988731 18.143639
27.015458 555.555556 1675 558.236338 17.863563
27.022522 555.555556 1696 563.407400 18.029037
27.015875 555.555556 1641 546.948117 17.502340
27.017992 555.555556 1584 527.478279 16.879305
27.020934 555.555556 1620 539.189588 17.254067
27.019386 555.555556 1671 556.812631 17.818004
27.016913 555.555556 1663 554.016702 17.728534
27.021208 555.555556 1685 561.065417 17.954093
27.019099 555.555556 1697 565.665414 18.101293
27.027426 555.555556 1718 571.918656 18.301397
27.020441 555.555556 1664 554.524976 17.744799
27.026059 555.555556 1607 535.348369 17.131148
27.042256 555.555556 1668 552.577456 17.682479
27.025181 555.555556 1705 567.664183 18.165254
27.024638 555.555556 1649 549.051605 17.569651
27.023461 555.555556 1660 553.032774 17.697049
#type       avg     std     min     5th    10th    90th    95th    99th
read      103.9    42.4    60.2    76.0    79.5   140.5   160.6   201.3
update    108.3    40.5    60.2    80.6    82.8   145.1   165.9   205.7
op_q        1.1     0.3     1.0     1.0     1.0     1.1     2.0     2.1

Total QPS = 39919.9 (1197597 / 30.0s)

Misses = 0 (0.0%)
Skipped TXs = 0 (0.0%)

RX  206102348 bytes :    6.6 MB/s
TX  132460610 bytes :    4.2 MB/s
