Requests      [total, rate, throughput]         12, 10.91, 10.70
Duration      [total, attack, wait]             1.122s, 1.1s, 21.466ms
Latencies     [min, mean, 50, 90, 95, 99, max]  21.077ms, 21.639ms, 21.546ms, 22.122ms, 22.222ms, 22.239ms, 22.239ms
Bytes In      [total, mean]                     24, 2.00
Bytes Out     [total, mean]                     0, 0.00
Success       [ratio]                           100.00%
Status Codes  [code:count]                      200:12  
Error Set:
Requests      [total, rate, throughput]         22, 10.48, 10.37
Duration      [total, attack, wait]             2.121s, 2.1s, 21.037ms
Latencies     [min, mean, 50, 90, 95, 99, max]  21.037ms, 21.508ms, 21.417ms, 21.958ms, 22.139ms, 22.239ms, 22.239ms
Bytes In      [total, mean]                     44, 2.00
Bytes Out     [total, mean]                     0, 0.00
Success       [ratio]                           100.00%
Status Codes  [code:count]                      200:22  
Error Set:
Requests      [total, rate, throughput]         32, 10.32, 10.25
Duration      [total, attack, wait]             3.121s, 3.1s, 21.406ms
Latencies     [min, mean, 50, 90, 95, 99, max]  21.037ms, 21.443ms, 21.349ms, 21.905ms, 22.056ms, 22.239ms, 22.239ms
Bytes In      [total, mean]                     64, 2.00
Bytes Out     [total, mean]                     0, 0.00
Success       [ratio]                           100.00%
Status Codes  [code:count]                      200:32  
Error Set:
Requests      [total, rate, throughput]         42, 10.24, 10.19
Duration      [total, attack, wait]             4.121s, 4.1s, 21.158ms
Latencies     [min, mean, 50, 90, 95, 99, max]  20.858ms, 21.378ms, 21.342ms, 21.882ms, 21.974ms, 22.239ms, 22.239ms
Bytes In      [total, mean]                     84, 2.00
Bytes Out     [total, mean]                     0, 0.00
Success       [ratio]                           100.00%
Status Codes  [code:count]                      200:42  
Error Set:
Requests      [total, rate, throughput]         52, 10.19, 10.15
Duration      [total, attack, wait]             5.122s, 5.101s, 21.346ms
Latencies     [min, mean, 50, 90, 95, 99, max]  20.858ms, 21.367ms, 21.334ms, 21.864ms, 21.908ms, 22.235ms, 22.239ms
Bytes In      [total, mean]                     104, 2.00
Bytes Out     [total, mean]                     0, 0.00
Success       [ratio]                           100.00%
Status Codes  [code:count]                      200:52  
Error Set:
Requests      [total, rate, throughput]         62, 10.16, 10.13
Duration      [total, attack, wait]             6.121s, 6.1s, 21.361ms
Latencies     [min, mean, 50, 90, 95, 99, max]  20.748ms, 21.342ms, 21.329ms, 21.721ms, 21.906ms, 22.219ms, 22.239ms
Bytes In      [total, mean]                     124, 2.00
Bytes Out     [total, mean]                     0, 0.00
Success       [ratio]                           100.00%
Status Codes  [code:count]                      200:62  
Error Set:
Requests      [total, rate, throughput]         72, 10.14, 10.11
Duration      [total, attack, wait]             7.121s, 7.1s, 21.119ms
Latencies     [min, mean, 50, 90, 95, 99, max]  20.748ms, 21.333ms, 21.318ms, 21.644ms, 21.901ms, 22.202ms, 22.239ms
Bytes In      [total, mean]                     144, 2.00
Bytes Out     [total, mean]                     0, 0.00
Success       [ratio]                           100.00%
Status Codes  [code:count]                      200:72  
Error Set:
Requests      [total, rate, throughput]         82, 10.12, 10.10
Duration      [total, attack, wait]             8.121s, 8.1s, 21.359ms
Latencies     [min, mean, 50, 90, 95, 99, max]  20.748ms, 21.304ms, 21.292ms, 21.609ms, 21.885ms, 22.186ms, 22.239ms
Bytes In      [total, mean]                     164, 2.00
Bytes Out     [total, mean]                     0, 0.00
Success       [ratio]                           100.00%
Status Codes  [code:count]                      200:82  
Error Set:
Requests      [total, rate, throughput]         92, 10.11, 10.09
Duration      [total, attack, wait]             9.121s, 9.1s, 20.911ms
Latencies     [min, mean, 50, 90, 95, 99, max]  20.748ms, 21.283ms, 21.28ms, 21.563ms, 21.871ms, 22.169ms, 22.239ms
Bytes In      [total, mean]                     184, 2.00
Bytes Out     [total, mean]                     0, 0.00
Success       [ratio]                           100.00%
Status Codes  [code:count]                      200:92  
Error Set:
Requests      [total, rate, throughput]         102, 10.10, 10.08
Duration      [total, attack, wait]             10.121s, 10.1s, 20.941ms
Latencies     [min, mean, 50, 90, 95, 99, max]  20.748ms, 21.276ms, 21.273ms, 21.545ms, 21.865ms, 22.152ms, 22.239ms
Bytes In      [total, mean]                     204, 2.00
Bytes Out     [total, mean]                     0, 0.00
Success       [ratio]                           100.00%
Status Codes  [code:count]                      200:102  
Error Set:
Requests      [total, rate, throughput]         112, 10.09, 10.07
Duration      [total, attack, wait]             11.123s, 11.1s, 22.308ms
Latencies     [min, mean, 50, 90, 95, 99, max]  20.748ms, 21.28ms, 21.273ms, 21.545ms, 21.871ms, 22.265ms, 22.308ms
Bytes In      [total, mean]                     224, 2.00
Bytes Out     [total, mean]                     0, 0.00
Success       [ratio]                           100.00%
Status Codes  [code:count]                      200:112  
Error Set:
Requests      [total, rate, throughput]         122, 10.08, 10.07
Duration      [total, attack, wait]             12.121s, 12.1s, 21.224ms
Latencies     [min, mean, 50, 90, 95, 99, max]  20.748ms, 21.284ms, 21.28ms, 21.525ms, 21.865ms, 22.258ms, 22.308ms
Bytes In      [total, mean]                     244, 2.00
Bytes Out     [total, mean]                     0, 0.00
Success       [ratio]                           100.00%
Status Codes  [code:count]                      200:122  
Error Set:
Requests      [total, rate, throughput]         132, 10.08, 10.06
Duration      [total, attack, wait]             13.122s, 13.101s, 21.13ms
Latencies     [min, mean, 50, 90, 95, 99, max]  20.748ms, 21.282ms, 21.278ms, 21.519ms, 21.84ms, 22.251ms, 22.308ms
Bytes In      [total, mean]                     264, 2.00
Bytes Out     [total, mean]                     0, 0.00
Success       [ratio]                           100.00%
Status Codes  [code:count]                      200:132  
Error Set:
Requests      [total, rate, throughput]         142, 10.07, 10.06
Duration      [total, attack, wait]             14.122s, 14.101s, 21.383ms
Latencies     [min, mean, 50, 90, 95, 99, max]  20.748ms, 21.283ms, 21.278ms, 21.515ms, 21.741ms, 22.244ms, 22.308ms
Bytes In      [total, mean]                     284, 2.00
Bytes Out     [total, mean]                     0, 0.00
Success       [ratio]                           100.00%
Status Codes  [code:count]                      200:142  
Error Set:
Requests      [total, rate, throughput]         152, 10.07, 10.05
Duration      [total, attack, wait]             15.121s, 15.1s, 21.422ms
Latencies     [min, mean, 50, 90, 95, 99, max]  20.748ms, 21.279ms, 21.274ms, 21.515ms, 21.659ms, 22.235ms, 22.308ms
Bytes In      [total, mean]                     304, 2.00
Bytes Out     [total, mean]                     0, 0.00
Success       [ratio]                           100.00%
Status Codes  [code:count]                      200:152  
Error Set:
Requests      [total, rate, throughput]         162, 10.06, 10.05
Duration      [total, attack, wait]             16.121s, 16.1s, 21.051ms
Latencies     [min, mean, 50, 90, 95, 99, max]  20.748ms, 21.279ms, 21.276ms, 21.519ms, 21.674ms, 22.219ms, 22.308ms
Bytes In      [total, mean]                     324, 2.00
Bytes Out     [total, mean]                     0, 0.00
Success       [ratio]                           100.00%
Status Codes  [code:count]                      200:162  
Error Set:
Requests      [total, rate, throughput]         172, 10.06, 10.05
Duration      [total, attack, wait]             17.121s, 17.1s, 21.241ms
Latencies     [min, mean, 50, 90, 95, 99, max]  20.748ms, 21.27ms, 21.265ms, 21.515ms, 21.659ms, 22.202ms, 22.308ms
Bytes In      [total, mean]                     344, 2.00
Bytes Out     [total, mean]                     0, 0.00
Success       [ratio]                           100.00%
Status Codes  [code:count]                      200:172  
Error Set:
Requests      [total, rate, throughput]         182, 10.06, 10.04
Duration      [total, attack, wait]             18.121s, 18.1s, 21.122ms
Latencies     [min, mean, 50, 90, 95, 99, max]  20.748ms, 21.265ms, 21.261ms, 21.511ms, 21.647ms, 22.186ms, 22.308ms
Bytes In      [total, mean]                     364, 2.00
Bytes Out     [total, mean]                     0, 0.00
Success       [ratio]                           100.00%
Status Codes  [code:count]                      200:182  
Error Set:
Requests      [total, rate, throughput]         192, 10.05, 10.04
Duration      [total, attack, wait]             19.122s, 19.101s, 20.856ms
Latencies     [min, mean, 50, 90, 95, 99, max]  20.748ms, 21.252ms, 21.249ms, 21.502ms, 21.633ms, 22.169ms, 22.308ms
Bytes In      [total, mean]                     384, 2.00
Bytes Out     [total, mean]                     0, 0.00
Success       [ratio]                           100.00%
Status Codes  [code:count]                      200:192  
Error Set:
Requests      [total, rate, throughput]         202, 10.05, 10.04
Duration      [total, attack, wait]             20.121s, 20.1s, 21.144ms
Latencies     [min, mean, 50, 90, 95, 99, max]  20.748ms, 21.251ms, 21.244ms, 21.49ms, 21.613ms, 22.152ms, 22.308ms
Bytes In      [total, mean]                     404, 2.00
Bytes Out     [total, mean]                     0, 0.00
Success       [ratio]                           100.00%
Status Codes  [code:count]                      200:202  
Error Set:
Requests      [total, rate, throughput]         212, 10.05, 10.04
Duration      [total, attack, wait]             21.122s, 21.101s, 21.222ms
Latencies     [min, mean, 50, 90, 95, 99, max]  20.748ms, 21.248ms, 21.239ms, 21.483ms, 21.593ms, 22.136ms, 22.308ms
Bytes In      [total, mean]                     424, 2.00
Bytes Out     [total, mean]                     0, 0.00
Success       [ratio]                           100.00%
Status Codes  [code:count]                      200:212  
Error Set:
Requests      [total, rate, throughput]         222, 10.05, 10.04
Duration      [total, attack, wait]             22.122s, 22.1s, 21.15ms
Latencies     [min, mean, 50, 90, 95, 99, max]  20.748ms, 21.248ms, 21.239ms, 21.484ms, 21.575ms, 22.119ms, 22.308ms
Bytes In      [total, mean]                     444, 2.00
Bytes Out     [total, mean]                     0, 0.00
Success       [ratio]                           100.00%
Status Codes  [code:count]                      200:222  
Error Set:
Requests      [total, rate, throughput]         232, 10.04, 10.03
Duration      [total, attack, wait]             23.121s, 23.1s, 20.825ms
Latencies     [min, mean, 50, 90, 95, 99, max]  20.748ms, 21.238ms, 21.235ms, 21.483ms, 21.56ms, 22.103ms, 22.308ms
Bytes In      [total, mean]                     464, 2.00
Bytes Out     [total, mean]                     0, 0.00
Success       [ratio]                           100.00%
Status Codes  [code:count]                      200:232  
Error Set:
Requests      [total, rate, throughput]         242, 10.04, 10.03
Duration      [total, attack, wait]             24.122s, 24.101s, 21.041ms
Latencies     [min, mean, 50, 90, 95, 99, max]  20.748ms, 21.241ms, 21.235ms, 21.487ms, 21.613ms, 22.17ms, 22.308ms
Bytes In      [total, mean]                     484, 2.00
Bytes Out     [total, mean]                     0, 0.00
Success       [ratio]                           100.00%
Status Codes  [code:count]                      200:242  
Error Set:
Requests      [total, rate, throughput]         252, 10.04, 10.03
Duration      [total, attack, wait]             25.122s, 25.101s, 21.258ms
Latencies     [min, mean, 50, 90, 95, 99, max]  20.748ms, 21.243ms, 21.237ms, 21.487ms, 21.593ms, 22.162ms, 22.308ms
Bytes In      [total, mean]                     504, 2.00
Bytes Out     [total, mean]                     0, 0.00
Success       [ratio]                           100.00%
Status Codes  [code:count]                      200:252  
Error Set:
Requests      [total, rate, throughput]         262, 10.04, 10.03
Duration      [total, attack, wait]             26.121s, 26.1s, 21.128ms
Latencies     [min, mean, 50, 90, 95, 99, max]  20.748ms, 21.242ms, 21.237ms, 21.483ms, 21.575ms, 22.153ms, 22.308ms
Bytes In      [total, mean]                     524, 2.00
Bytes Out     [total, mean]                     0, 0.00
Success       [ratio]                           100.00%
Status Codes  [code:count]                      200:262  
Error Set:
Requests      [total, rate, throughput]         272, 10.04, 10.03
Duration      [total, attack, wait]             27.121s, 27.1s, 21.263ms
Latencies     [min, mean, 50, 90, 95, 99, max]  20.748ms, 21.241ms, 21.237ms, 21.483ms, 21.56ms, 22.144ms, 22.308ms
Bytes In      [total, mean]                     544, 2.00
Bytes Out     [total, mean]                     0, 0.00
Success       [ratio]                           100.00%
Status Codes  [code:count]                      200:272  
Error Set:
Requests      [total, rate, throughput]         282, 10.04, 10.03
Duration      [total, attack, wait]             28.121s, 28.1s, 21.079ms
Latencies     [min, mean, 50, 90, 95, 99, max]  20.748ms, 21.239ms, 21.237ms, 21.483ms, 21.564ms, 22.134ms, 22.308ms
Bytes In      [total, mean]                     564, 2.00
Bytes Out     [total, mean]                     0, 0.00
Success       [ratio]                           100.00%
Status Codes  [code:count]                      200:282  
Error Set:
Requests      [total, rate, throughput]         292, 10.03, 10.03
Duration      [total, attack, wait]             29.121s, 29.1s, 21.25ms
Latencies     [min, mean, 50, 90, 95, 99, max]  20.748ms, 21.244ms, 21.238ms, 21.483ms, 21.573ms, 22.207ms, 22.308ms
Bytes In      [total, mean]                     584, 2.00
Bytes Out     [total, mean]                     0, 0.00
Success       [ratio]                           100.00%
Status Codes  [code:count]                      200:292  
Error Set:
Requests      [total, rate, throughput]         302, 10.03, 10.03
Duration      [total, attack, wait]             30.122s, 30.1s, 21.456ms
Latencies     [min, mean, 50, 90, 95, 99, max]  20.748ms, 21.244ms, 21.24ms, 21.481ms, 21.563ms, 22.2ms, 22.308ms
Bytes In      [total, mean]                     604, 2.00
Bytes Out     [total, mean]                     0, 0.00
Success       [ratio]                           100.00%
Status Codes  [code:count]                      200:302  
Error Set:
Requests      [total, rate, throughput]         312, 10.03, 10.03
Duration      [total, attack, wait]             31.122s, 31.101s, 21.408ms
Latencies     [min, mean, 50, 90, 95, 99, max]  20.748ms, 21.246ms, 21.243ms, 21.481ms, 21.559ms, 22.192ms, 22.308ms
Bytes In      [total, mean]                     624, 2.00
Bytes Out     [total, mean]                     0, 0.00
Success       [ratio]                           100.00%
Status Codes  [code:count]                      200:312  
Error Set:
Requests      [total, rate, throughput]         322, 10.03, 10.02
Duration      [total, attack, wait]             32.121s, 32.1s, 21.341ms
Latencies     [min, mean, 50, 90, 95, 99, max]  20.748ms, 21.246ms, 21.245ms, 21.479ms, 21.554ms, 22.185ms, 22.308ms
Bytes In      [total, mean]                     644, 2.00
Bytes Out     [total, mean]                     0, 0.00
Success       [ratio]                           100.00%
Status Codes  [code:count]                      200:322  
Error Set:
Requests      [total, rate, throughput]         332, 10.03, 10.02
Duration      [total, attack, wait]             33.122s, 33.1s, 21.261ms
Latencies     [min, mean, 50, 90, 95, 99, max]  20.748ms, 21.245ms, 21.243ms, 21.479ms, 21.559ms, 22.177ms, 22.308ms
Bytes In      [total, mean]                     664, 2.00
Bytes Out     [total, mean]                     0, 0.00
Success       [ratio]                           100.00%
Status Codes  [code:count]                      200:332  
Error Set:
Requests      [total, rate, throughput]         342, 10.03, 10.02
Duration      [total, attack, wait]             34.121s, 34.1s, 21.341ms
Latencies     [min, mean, 50, 90, 95, 99, max]  20.748ms, 21.245ms, 21.243ms, 21.476ms, 21.554ms, 22.17ms, 22.308ms
Bytes In      [total, mean]                     684, 2.00
Bytes Out     [total, mean]                     0, 0.00
Success       [ratio]                           100.00%
Status Codes  [code:count]                      200:342  
Error Set:
Requests      [total, rate, throughput]         352, 10.03, 10.02
Duration      [total, attack, wait]             35.121s, 35.1s, 20.91ms
Latencies     [min, mean, 50, 90, 95, 99, max]  20.748ms, 21.247ms, 21.247ms, 21.479ms, 21.559ms, 22.162ms, 22.308ms
Bytes In      [total, mean]                     704, 2.00
Bytes Out     [total, mean]                     0, 0.00
Success       [ratio]                           100.00%
Status Codes  [code:count]                      200:352  
Error Set:
Requests      [total, rate, throughput]         362, 10.03, 10.02
Duration      [total, attack, wait]             36.121s, 36.1s, 21.194ms
Latencies     [min, mean, 50, 90, 95, 99, max]  20.748ms, 21.246ms, 21.245ms, 21.476ms, 21.554ms, 22.153ms, 22.308ms
Bytes In      [total, mean]                     724, 2.00
Bytes Out     [total, mean]                     0, 0.00
Success       [ratio]                           100.00%
Status Codes  [code:count]                      200:362  
Error Set:
Requests      [total, rate, throughput]         372, 10.03, 10.02
Duration      [total, attack, wait]             37.121s, 37.1s, 21.209ms
Latencies     [min, mean, 50, 90, 95, 99, max]  20.748ms, 21.247ms, 21.245ms, 21.479ms, 21.55ms, 22.144ms, 22.308ms
Bytes In      [total, mean]                     744, 2.00
Bytes Out     [total, mean]                     0, 0.00
Success       [ratio]                           100.00%
Status Codes  [code:count]                      200:372  
Error Set:
Requests      [total, rate, throughput]         382, 10.03, 10.02
Duration      [total, attack, wait]             38.122s, 38.101s, 21.366ms
Latencies     [min, mean, 50, 90, 95, 99, max]  20.748ms, 21.248ms, 21.245ms, 21.479ms, 21.545ms, 22.134ms, 22.308ms
Bytes In      [total, mean]                     764, 2.00
Bytes Out     [total, mean]                     0, 0.00
Success       [ratio]                           100.00%
Status Codes  [code:count]                      200:382  
Error Set:
Requests      [total, rate, throughput]         392, 10.03, 10.02
Duration      [total, attack, wait]             39.121s, 39.1s, 21.068ms
Latencies     [min, mean, 50, 90, 95, 99, max]  20.748ms, 21.25ms, 21.249ms, 21.479ms, 21.55ms, 22.125ms, 22.308ms
Bytes In      [total, mean]                     784, 2.00
Bytes Out     [total, mean]                     0, 0.00
Success       [ratio]                           100.00%
Status Codes  [code:count]                      200:392  
Error Set:
Requests      [total, rate, throughput]         402, 10.02, 10.02
Duration      [total, attack, wait]             40.122s, 40.1s, 21.513ms
Latencies     [min, mean, 50, 90, 95, 99, max]  20.748ms, 21.252ms, 21.251ms, 21.48ms, 21.545ms, 22.116ms, 22.308ms
Bytes In      [total, mean]                     804, 2.00
Bytes Out     [total, mean]                     0, 0.00
Success       [ratio]                           100.00%
Status Codes  [code:count]                      200:402  
Error Set:
Requests      [total, rate, throughput]         412, 10.02, 10.02
Duration      [total, attack, wait]             41.122s, 41.1s, 21.323ms
Latencies     [min, mean, 50, 90, 95, 99, max]  20.748ms, 21.252ms, 21.251ms, 21.479ms, 21.541ms, 22.107ms, 22.308ms
Bytes In      [total, mean]                     824, 2.00
Bytes Out     [total, mean]                     0, 0.00
Success       [ratio]                           100.00%
Status Codes  [code:count]                      200:412  
Error Set:
Requests      [total, rate, throughput]         422, 10.02, 10.02
Duration      [total, attack, wait]             42.122s, 42.101s, 21.227ms
Latencies     [min, mean, 50, 90, 95, 99, max]  20.748ms, 21.251ms, 21.251ms, 21.477ms, 21.536ms, 22.098ms, 22.308ms
Bytes In      [total, mean]                     844, 2.00
Bytes Out     [total, mean]                     0, 0.00
Success       [ratio]                           100.00%
Status Codes  [code:count]                      200:422  
Error Set:
Requests      [total, rate, throughput]         432, 10.02, 10.02
Duration      [total, attack, wait]             43.122s, 43.101s, 21.065ms
Latencies     [min, mean, 50, 90, 95, 99, max]  20.748ms, 21.249ms, 21.249ms, 21.476ms, 21.532ms, 22.089ms, 22.308ms
Bytes In      [total, mean]                     864, 2.00
Bytes Out     [total, mean]                     0, 0.00
Success       [ratio]                           100.00%
Status Codes  [code:count]                      200:432  
Error Set:
Requests      [total, rate, throughput]         442, 10.02, 10.02
Duration      [total, attack, wait]             44.122s, 44.1s, 21.236ms
Latencies     [min, mean, 50, 90, 95, 99, max]  20.748ms, 21.249ms, 21.25ms, 21.474ms, 21.528ms, 22.08ms, 22.308ms
Bytes In      [total, mean]                     884, 2.00
Bytes Out     [total, mean]                     0, 0.00
Success       [ratio]                           100.00%
Status Codes  [code:count]                      200:442  
Error Set:
Requests      [total, rate, throughput]         452, 10.02, 10.02
Duration      [total, attack, wait]             45.121s, 45.1s, 21.031ms
Latencies     [min, mean, 50, 90, 95, 99, max]  20.748ms, 21.248ms, 21.25ms, 21.474ms, 21.526ms, 22.069ms, 22.308ms
Bytes In      [total, mean]                     904, 2.00
Bytes Out     [total, mean]                     0, 0.00
Success       [ratio]                           100.00%
Status Codes  [code:count]                      200:452  
Error Set:
Requests      [total, rate, throughput]         462, 10.02, 10.02
Duration      [total, attack, wait]             46.122s, 46.1s, 21.201ms
Latencies     [min, mean, 50, 90, 95, 99, max]  20.748ms, 21.25ms, 21.25ms, 21.476ms, 21.535ms, 22.103ms, 22.308ms
Bytes In      [total, mean]                     924, 2.00
Bytes Out     [total, mean]                     0, 0.00
Success       [ratio]                           100.00%
Status Codes  [code:count]                      200:462  
Error Set:
Requests      [total, rate, throughput]         472, 10.02, 10.02
Duration      [total, attack, wait]             47.121s, 47.1s, 20.963ms
Latencies     [min, mean, 50, 90, 95, 99, max]  20.748ms, 21.25ms, 21.25ms, 21.477ms, 21.533ms, 22.099ms, 22.308ms
Bytes In      [total, mean]                     944, 2.00
Bytes Out     [total, mean]                     0, 0.00
Success       [ratio]                           100.00%
Status Codes  [code:count]                      200:472  
Error Set:
Requests      [total, rate, throughput]         482, 10.02, 10.02
Duration      [total, attack, wait]             48.122s, 48.101s, 21.174ms
Latencies     [min, mean, 50, 90, 95, 99, max]  20.748ms, 21.249ms, 21.251ms, 21.477ms, 21.536ms, 22.096ms, 22.308ms
Bytes In      [total, mean]                     964, 2.00
Bytes Out     [total, mean]                     0, 0.00
Success       [ratio]                           100.00%
Status Codes  [code:count]                      200:482  
Error Set:
Requests      [total, rate, throughput]         492, 10.02, 10.02
Duration      [total, attack, wait]             49.122s, 49.1s, 21.323ms
Latencies     [min, mean, 50, 90, 95, 99, max]  20.748ms, 21.25ms, 21.252ms, 21.476ms, 21.533ms, 22.092ms, 22.308ms
Bytes In      [total, mean]                     984, 2.00
Bytes Out     [total, mean]                     0, 0.00
Success       [ratio]                           100.00%
Status Codes  [code:count]                      200:492  
Error Set:
Requests      [total, rate, throughput]         502, 10.02, 10.02
Duration      [total, attack, wait]             50.122s, 50.101s, 21.166ms
Latencies     [min, mean, 50, 90, 95, 99, max]  20.748ms, 21.247ms, 21.25ms, 21.474ms, 21.529ms, 22.089ms, 22.308ms
Bytes In      [total, mean]                     1004, 2.00
Bytes Out     [total, mean]                     0, 0.00
Success       [ratio]                           100.00%
Status Codes  [code:count]                      200:502  
Error Set:
Requests      [total, rate, throughput]         512, 10.02, 10.02
Duration      [total, attack, wait]             51.121s, 51.1s, 21.088ms
Latencies     [min, mean, 50, 90, 95, 99, max]  20.748ms, 21.248ms, 21.251ms, 21.473ms, 21.526ms, 22.086ms, 22.308ms
Bytes In      [total, mean]                     1024, 2.00
Bytes Out     [total, mean]                     0, 0.00
Success       [ratio]                           100.00%
Status Codes  [code:count]                      200:512  
Error Set:
Requests      [total, rate, throughput]         522, 10.02, 10.01
Duration      [total, attack, wait]             52.122s, 52.101s, 21.289ms
Latencies     [min, mean, 50, 90, 95, 99, max]  20.748ms, 21.248ms, 21.252ms, 21.471ms, 21.525ms, 22.082ms, 22.308ms
Bytes In      [total, mean]                     1044, 2.00
Bytes Out     [total, mean]                     0, 0.00
Success       [ratio]                           100.00%
Status Codes  [code:count]                      200:522  
Error Set:
Requests      [total, rate, throughput]         532, 10.02, 10.01
Duration      [total, attack, wait]             53.122s, 53.1s, 21.415ms
Latencies     [min, mean, 50, 90, 95, 99, max]  20.748ms, 21.25ms, 21.255ms, 21.474ms, 21.523ms, 22.079ms, 22.308ms
Bytes In      [total, mean]                     1064, 2.00
Bytes Out     [total, mean]                     0, 0.00
Success       [ratio]                           100.00%
Status Codes  [code:count]                      200:532  
Error Set:
Requests      [total, rate, throughput]         542, 10.02, 10.01
Duration      [total, attack, wait]             54.121s, 54.1s, 21.34ms
Latencies     [min, mean, 50, 90, 95, 99, max]  20.748ms, 21.25ms, 21.256ms, 21.474ms, 21.521ms, 22.075ms, 22.308ms
Bytes In      [total, mean]                     1084, 2.00
Bytes Out     [total, mean]                     0, 0.00
Success       [ratio]                           100.00%
Status Codes  [code:count]                      200:542  
Error Set:
Requests      [total, rate, throughput]         552, 10.02, 10.01
Duration      [total, attack, wait]             55.122s, 55.1s, 21.175ms
Latencies     [min, mean, 50, 90, 95, 99, max]  20.748ms, 21.248ms, 21.254ms, 21.473ms, 21.52ms, 22.069ms, 22.308ms
Bytes In      [total, mean]                     1104, 2.00
Bytes Out     [total, mean]                     0, 0.00
Success       [ratio]                           100.00%
Status Codes  [code:count]                      200:552  
Error Set:
Requests      [total, rate, throughput]         562, 10.02, 10.01
Duration      [total, attack, wait]             56.121s, 56.1s, 21.119ms
Latencies     [min, mean, 50, 90, 95, 99, max]  20.748ms, 21.248ms, 21.254ms, 21.471ms, 21.518ms, 22.053ms, 22.308ms
Bytes In      [total, mean]                     1124, 2.00
Bytes Out     [total, mean]                     0, 0.00
Success       [ratio]                           100.00%
Status Codes  [code:count]                      200:562  
Error Set:
Requests      [total, rate, throughput]         572, 10.02, 10.01
Duration      [total, attack, wait]             57.121s, 57.1s, 21.333ms
Latencies     [min, mean, 50, 90, 95, 99, max]  20.748ms, 21.249ms, 21.255ms, 21.471ms, 21.52ms, 22.037ms, 22.308ms
Bytes In      [total, mean]                     1144, 2.00
Bytes Out     [total, mean]                     0, 0.00
Success       [ratio]                           100.00%
Status Codes  [code:count]                      200:572  
Error Set:
Requests      [total, rate, throughput]         582, 10.02, 10.01
Duration      [total, attack, wait]             58.122s, 58.1s, 21.223ms
Latencies     [min, mean, 50, 90, 95, 99, max]  20.748ms, 21.249ms, 21.255ms, 21.471ms, 21.518ms, 22.02ms, 22.308ms
Bytes In      [total, mean]                     1164, 2.00
Bytes Out     [total, mean]                     0, 0.00
Success       [ratio]                           100.00%
Status Codes  [code:count]                      200:582  
Error Set:
Requests      [total, rate, throughput]         592, 10.02, 10.01
Duration      [total, attack, wait]             59.121s, 59.1s, 21.115ms
Latencies     [min, mean, 50, 90, 95, 99, max]  20.748ms, 21.248ms, 21.253ms, 21.47ms, 21.517ms, 22.004ms, 22.308ms
Bytes In      [total, mean]                     1184, 2.00
Bytes Out     [total, mean]                     0, 0.00
Success       [ratio]                           100.00%
Status Codes  [code:count]                      200:592  
Error Set:
Requests      [total, rate, throughput]         600, 10.02, 10.01
Duration      [total, attack, wait]             59.922s, 59.901s, 21.262ms
Latencies     [min, mean, 50, 90, 95, 99, max]  20.748ms, 21.248ms, 21.254ms, 21.469ms, 21.516ms, 21.991ms, 22.308ms
Bytes In      [total, mean]                     1200, 2.00
Bytes Out     [total, mean]                     0, 0.00
Success       [ratio]                           100.00%
Status Codes  [code:count]                      200:600  
Error Set:
