3.000281 4062.500000 12007 4001.958973 128.062687
3.000373 4062.500000 12109 4035.831480 129.146607
3.000087 4062.500000 12265 4088.215227 130.822887
3.000031 4062.500000 12113 4037.624415 129.203981
3.000042 4062.500000 12234 4077.943146 130.494181
3.000084 4062.500000 12101 4033.553202 129.073702
3.000392 4062.500000 12065 4021.141765 128.676536
3.000034 4062.500000 12233 4077.620761 130.483864
3.000502 4062.500000 11979 3992.332221 127.754631
3.000048 4062.500000 12350 4116.601173 131.731238
3.001517 4062.500000 12104 4032.626892 129.044061
3.000090 4062.500000 12069 4022.879144 128.732133
3.000064 4062.500000 12139 4046.246401 129.479885
3.000179 4062.500000 11945 3981.428639 127.405716
3.000284 4062.500000 12367 4121.943068 131.902178
3.000133 4062.500000 12184 4061.153728 129.956919
3.000006 4062.500000 12246 4081.992196 130.623750
3.000029 4062.500000 12417 4138.959345 132.446699
3.000665 4062.500000 12137 4044.769838 129.432635
3.000271 4062.500000 12379 4125.960915 132.030749
3.000296 4062.500000 12291 4096.595565 131.091058
3.000212 4062.500000 12142 4047.046707 129.505495
3.000037 4062.500000 11936 3978.617426 127.315758
3.000125 4062.500000 12077 4025.499568 128.815986
3.001254 4062.500000 12303 4099.286774 131.177177
3.000007 4062.500000 12387 4128.990517 132.127697
3.000061 4062.500000 12169 4056.250662 129.800021
3.000042 4062.500000 12008 4002.610246 128.083528
3.000178 4062.500000 12141 4046.759661 129.496309
3.000057 4062.500000 12382 4127.255243 132.072168
3.000059 4062.500000 11810 3936.588644 125.970837
3.000403 4062.500000 12184 4060.788478 129.945231
6.000152 4062.500000 12199 4066.241648 130.119733
6.000325 4062.500000 12107 4035.293734 129.129399
6.000371 4062.500000 12264 4087.504307 130.800138
6.000266 4062.500000 12261 4086.694849 130.774235
6.000155 4062.500000 12331 4110.239838 131.527675
6.000769 4062.500000 12181 4059.535076 129.905122
6.000386 4062.500000 12063 4020.767285 128.664553
6.000579 4062.500000 12155 4050.972105 129.631107
6.000210 4062.500000 12050 4016.424470 128.525583
6.000047 4062.500000 12327 4108.986745 131.487576
6.001317 4062.500000 12303 4099.734939 131.191518
6.000262 4062.500000 12134 4044.356415 129.419405
6.000893 4062.500000 12326 4107.954704 131.454551
6.000369 4062.500000 12407 4135.340946 132.330910
6.001428 4062.500000 12013 4002.484527 128.079505
6.000316 4062.500000 12296 4098.281078 131.144994
6.000485 4062.500000 12433 4144.050566 132.609618
6.000195 4062.500000 11998 3999.193383 127.974188
6.000267 4062.500000 12156 4051.646739 129.652696
6.000348 4062.500000 11973 3990.618879 127.699804
6.000540 4062.500000 12435 4144.946673 132.638294
6.001381 4062.500000 12033 4009.549805 128.305594
6.001071 4062.500000 11902 3966.081657 126.914613
6.000480 4062.500000 12411 4136.730008 132.375360
6.000239 4062.500000 12178 4059.250580 129.896019
6.000485 4062.500000 12088 4029.045537 128.929457
6.002129 4062.500000 12206 4067.837147 130.170789
6.000087 4062.500000 12008 4002.625691 128.084022
6.000773 4062.500000 12334 4111.185379 131.557932
6.001354 4062.500000 12122 4040.531294 129.297001
6.000176 4062.500000 12109 4036.176556 129.157650
6.000585 4062.500000 12408 4135.748184 132.343942
9.000346 4062.500000 12210 4069.959087 130.238691
9.001684 4062.500000 11982 3993.560909 127.793949
9.000276 4062.500000 12192 4063.986870 130.047580
9.000422 4062.500000 12249 4082.867983 130.651775
9.000436 4062.500000 12104 4034.432226 129.101831
9.000741 4062.500000 12164 4054.187354 129.733995
9.000231 4062.500000 12470 4156.637419 133.012397
9.000369 4062.500000 11893 3964.333058 126.858658
9.000247 4062.500000 12177 4058.929228 129.885735
9.000171 4062.500000 12183 4060.978402 129.951309
9.001201 4062.500000 12213 4070.028994 130.240928
9.000593 4062.500000 12423 4140.927945 132.509694
9.000365 4062.500000 12314 4104.375635 131.340020
9.000068 4062.500000 12265 4088.305079 130.825763
9.000585 4062.500000 12237 4078.991309 130.527722
9.000524 4062.500000 12171 4056.940384 129.822092
9.000561 4062.500000 12138 4045.711795 129.462777
9.001980 4062.500000 12136 4044.526278 129.424841
9.000284 4062.500000 12254 4084.643368 130.708588
9.001299 4062.500000 12114 4037.453986 129.198528
9.000458 4062.500000 12006 4001.883962 128.060287
9.000952 4062.500000 12251 4083.417844 130.669371
9.000495 4062.500000 12013 4004.320404 128.138253
9.000325 4062.500000 11890 3963.219822 126.823034
9.000140 4062.500000 12402 4133.928173 132.285702
9.001836 4062.500000 12032 4009.972728 128.319127
9.000932 4062.500000 12143 4047.452497 129.518480
9.001257 4062.500000 12254 4084.413634 130.701236
9.002228 4062.500000 12219 4072.866503 130.331728
9.001860 4062.500000 12309 4102.408709 131.277079
9.000179 4062.500000 12187 4062.328687 129.994518
9.000611 4062.500000 12266 4088.631038 130.836193
12.001510 4062.500000 12247 4081.574079 130.610371
12.000483 4062.500000 12024 4007.445350 128.238251
12.000175 4062.500000 12150 4049.994257 129.599816
12.000353 4062.500000 12225 4074.895153 130.396645
12.000458 4062.500000 12176 4058.636896 129.876381
12.000301 4062.500000 12251 4083.571408 130.674285
12.000432 4062.500000 12339 4112.746437 131.607886
12.001102 4062.500000 12279 4091.993867 130.943804
12.000160 4062.500000 12425 4141.637813 132.532410
12.000397 4062.500000 12120 4039.962830 129.278811
12.000617 4062.500000 12306 4101.545809 131.249466
12.001067 4062.500000 12119 4039.017763 129.248568
12.000575 4062.500000 12352 4117.263732 131.752439
12.000965 4062.500000 12179 4059.162199 129.893190
12.000508 4062.500000 12297 4098.778357 131.160907
12.000693 4062.500000 12166 4055.014912 129.760477
12.000527 4062.500000 12353 4117.522588 131.760723
12.000506 4062.500000 12191 4063.421947 130.029502
12.000787 4062.500000 12287 4095.267926 131.048574
12.001458 4062.500000 12045 4014.786218 128.473159
12.001613 4062.500000 12101 4032.252522 129.032081
12.000793 4062.500000 12149 4049.596458 129.587087
12.001077 4062.500000 12350 4116.468218 131.726983
12.001330 4062.500000 11901 3966.829436 126.938542
12.002023 4062.500000 12271 4089.289574 130.857266
12.002075 4062.500000 11959 3986.016014 127.552512
12.001918 4062.500000 12177 4058.683568 129.877874
12.002241 4062.500000 12300 4099.981702 131.199414
12.002326 4062.500000 12368 4122.191583 131.910131
12.001861 4062.500000 12677 4225.666176 135.221318
12.000369 4062.500000 12103 4034.078550 129.090514
12.001419 4062.500000 12395 4130.554648 132.177749
15.000948 4062.500000 12261 4086.297388 130.761516
15.000600 4062.500000 11958 3985.435844 127.533947
15.000477 4062.500000 12319 4106.223461 131.399151
15.002208 4062.500000 11982 3991.671137 127.733476
15.001708 4062.500000 12183 4059.994944 129.919838
15.001156 4062.500000 12378 4125.925841 132.029627
15.003239 4062.500000 12238 4075.412890 130.413212
15.001173 4062.500000 12194 4063.731316 130.039402
15.001797 4062.500000 12053 4015.941128 128.510116
15.000655 4062.500000 12112 4037.282100 129.193027
15.000822 4062.500000 12114 4037.299224 129.193575
15.000644 4062.500000 12193 4064.175148 130.053605
15.000654 4062.500000 12156 4051.893074 129.660578
15.001232 4062.500000 12091 4028.894742 128.924632
15.001990 4062.500000 12266 4087.409201 130.797094
15.000591 4062.500000 12241 4080.217086 130.566947
15.001527 4062.500000 12191 4063.643471 130.036591
15.000817 4062.500000 12222 4073.831510 130.362608
15.000821 4062.500000 12248 4082.628666 130.644117
15.001812 4062.500000 12374 4124.180842 131.973787
15.000854 4062.500000 12143 4047.576691 129.522454
15.001108 4062.500000 12179 4059.624136 129.907972
15.001725 4062.500000 12219 4072.463989 130.318848
15.002103 4062.500000 12359 4119.628671 131.828117
15.001637 4062.500000 12067 4022.301770 128.713657
15.002269 4062.500000 12356 4118.627964 131.796095
15.002510 4062.500000 12197 4065.417320 130.093354
15.002085 4062.500000 12290 4096.438451 131.086030
15.002217 4062.500000 12107 4035.187338 129.125995
15.002152 4062.500000 12236 4078.491373 130.511724
15.000713 4062.500000 12106 4034.870059 129.115842
15.002052 4062.500000 12330 4109.133085 131.492259
18.000729 4062.500000 12199 4065.992226 130.111751
18.001567 4062.500000 12384 4127.457782 132.078649
18.002402 4062.500000 12250 4083.069234 130.658215
18.002318 4062.500000 12081 4024.695111 128.790244
18.001068 4062.500000 12250 4082.769623 130.648628
18.000716 4062.500000 12442 4147.248631 132.711956
18.000985 4062.500000 12063 4020.542097 128.657347
18.001009 4062.500000 12239 4079.410490 130.541136
18.000865 4062.500000 12030 4009.942838 128.318171
18.001605 4062.500000 12003 4000.401750 128.012856
18.001023 4062.500000 12303 4100.897473 131.228719
18.003466 4062.500000 12066 4020.396297 128.652682
18.000861 4062.500000 12193 4064.323278 130.058345
18.001392 4062.500000 12134 4043.892411 129.404557
18.002647 4062.500000 12365 4120.377681 131.852086
18.000641 4062.500000 12426 4141.930925 132.541790
18.003004 4062.500000 12381 4125.340855 132.010907
18.002048 4062.500000 12049 4016.255801 128.520186
18.001114 4062.500000 12091 4030.324841 128.970395
18.001722 4062.500000 12252 4083.734671 130.679509
18.001929 4062.500000 12106 4035.176309 129.125642
18.001340 4062.500000 12086 4028.521523 128.912689
18.002787 4062.500000 12232 4075.890918 130.428509
18.001736 4062.500000 12424 4141.196515 132.518288
18.002455 4062.500000 12083 4027.193886 128.870204
18.002529 4062.500000 12205 4067.731403 130.167405
18.002367 4062.500000 12172 4057.130291 129.828169
18.002489 4062.500000 12364 4120.870047 131.867842
18.002708 4062.500000 12136 4045.065265 129.442088
18.003826 4062.500000 11972 3989.885275 127.676329
18.000970 4062.500000 12076 4024.988640 128.799636
18.002285 4062.500000 12310 4103.014295 131.296457
21.001508 4062.500000 12164 4053.797069 129.721506
21.001110 4062.500000 12193 4063.800140 130.041604
21.000755 4062.500000 11965 3988.298145 127.625541
21.001141 4062.500000 12160 4053.234214 129.703495
21.000752 4062.500000 12314 4104.515190 131.344486
21.001276 4062.500000 11961 3986.664330 127.573259
21.001302 4062.500000 11986 3994.911250 127.837160
21.001306 4062.500000 12267 4088.595922 130.835070
21.001362 4062.500000 12093 4030.473722 128.975159
21.001192 4062.500000 12113 4037.561953 129.201982
21.001060 4062.500000 12260 4086.396123 130.764676
21.003013 4062.500000 12158 4050.766104 129.624515
21.001503 4062.500000 12111 4036.850786 129.179225
21.001734 4062.500000 12242 4080.651254 130.580840
21.001675 4062.500000 12035 4011.522116 128.368708
21.001970 4062.500000 12224 4074.610525 130.387537
21.002201 4062.500000 12058 4019.128260 128.612104
21.003035 4062.500000 11995 3997.560058 127.921922
21.002876 4062.500000 12182 4060.197799 129.926330
21.002546 4062.500000 12118 4039.256412 129.256205
21.002781 4062.500000 12410 4136.027901 132.352893
21.002319 4062.500000 12460 4152.526218 132.880839
21.002412 4062.500000 12338 4112.653145 131.604901
21.001667 4062.500000 12078 4025.560624 128.817940
21.002649 4062.500000 11981 3993.663399 127.797229
21.003022 4062.500000 12223 4074.308363 130.377868
21.002819 4062.500000 12227 4075.623102 130.419939
21.002531 4062.500000 11957 3985.448996 127.534368
21.002932 4062.500000 12218 4072.363231 130.315623
21.004019 4062.500000 12212 4069.916234 130.237319
21.003937 4062.500000 12212 4070.516230 130.256519
21.002357 4062.500000 12284 4094.568535 131.026193
24.001182 4062.500000 12155 4051.090616 129.634900
24.001721 4062.500000 11852 3950.386540 126.412369
24.001154 4062.500000 12244 4081.272237 130.600712
24.001658 4062.500000 12455 4150.951414 132.830445
24.002445 4062.500000 12210 4069.669187 130.229414
24.000755 4062.500000 12205 4068.330046 130.186561
24.001813 4062.500000 11997 3998.284055 127.945090
24.001602 4062.500000 12361 4120.197331 131.846315
24.001621 4062.500000 12248 4082.232690 130.631446
24.001565 4062.500000 12123 4040.650354 129.300811
24.001304 4062.500000 12165 4054.849063 129.755170
24.001807 4062.500000 12128 4042.568182 129.362182
24.001116 4062.500000 12347 4115.589042 131.698849
24.001927 4062.500000 12276 4091.656890 130.933020
24.001977 4062.500000 12315 4104.990275 131.359689
24.003306 4062.500000 11927 3975.307890 127.209852
24.002783 4062.500000 12282 4093.997387 131.007916
24.002528 4062.500000 12224 4074.509476 130.384303
24.002463 4062.500000 12163 4053.258366 129.704268
24.002713 4062.500000 12237 4078.464175 130.510854
24.003137 4062.500000 12280 4092.667281 130.965353
24.003081 4062.500000 12123 4040.722623 129.303124
24.002678 4062.500000 12102 4033.822398 129.082317
24.002873 4062.500000 12304 4101.259141 131.240293
24.003188 4062.500000 12065 4021.431194 128.685798
24.002719 4062.500000 12289 4096.077123 131.074468
24.003763 4062.500000 12170 4055.664913 129.781277
24.004687 4062.500000 12075 4022.646353 128.724683
24.001372 4062.500000 12416 4138.652883 132.436892
24.004017 4062.500000 12423 4140.889729 132.508471
24.004329 4062.500000 11999 3999.253010 127.976096
24.002381 4062.500000 11896 3965.301407 126.889645
27.002427 4062.500000 12185 4060.835502 129.946736
27.002147 4062.500000 12153 4049.696959 129.590303
27.001235 4062.500000 12053 4017.558309 128.561866
27.001887 4062.500000 12188 4062.306621 129.993812
27.001711 4062.500000 12118 4039.262273 129.256393
27.001461 4062.500000 12164 4053.711479 129.718767
27.002387 4062.500000 12294 4097.090346 131.106891
27.002590 4062.500000 12179 4058.330081 129.866563
27.001736 4062.500000 12120 4039.769417 129.272621
27.002097 4062.500000 12361 4120.168907 131.845405
27.002218 4062.500000 12120 4039.446024 129.262273
27.003023 4062.500000 12443 4146.151877 132.676860
27.001268 4062.500000 12276 4091.792974 130.937375
27.001309 4062.500000 12302 4100.658840 131.221083
27.002469 4062.500000 12160 4053.300918 129.705629
27.002806 4062.500000 12360 4119.617830 131.827771
27.003294 4062.500000 12423 4140.295535 132.489457
27.003306 4062.500000 12157 4052.174595 129.669587
27.002990 4062.500000 12113 4037.509491 129.200304
27.002871 4062.500000 11990 3996.463643 127.886837
27.005336 4062.500000 12203 4064.114314 130.051658
27.003161 4062.500000 12260 4086.634960 130.772319
27.003055 4062.500000 12149 4049.158448 129.573070
27.004365 4062.500000 12291 4095.554295 131.057737
27.003166 4062.500000 12245 4081.551591 130.609651
27.003898 4062.500000 12266 4088.483723 130.831479
27.002704 4062.500000 12176 4058.340444 129.866894
27.001644 4062.500000 12385 4127.958424 132.094670
27.004142 4062.500000 12212 4070.497039 130.255905
27.004833 4062.500000 12266 4088.467653 130.830965
27.005680 4062.500000 12207 4067.168117 130.149380
27.002612 4062.500000 12254 4084.352775 130.699289
30.004421 4062.500000 12227 4072.022580 130.304723
#type       avg     std     min     5th    10th    90th    95th    99th
read      514.2   193.6    97.0   288.6   318.1   760.0   833.3   947.7
update    516.9   193.7    88.2   289.4   319.0   764.3   836.4   948.4
op_q        3.4     1.8     1.0     1.0     1.1     5.8     6.9     9.2

Total QPS = 260096.3 (7802892 / 30.0s)

Misses = 0 (0.0%)
Skipped TXs = 0 (0.0%)

RX 1343490551 bytes :   42.7 MB/s
TX  862304036 bytes :   27.4 MB/s
