3.000232 5000.000000 14973 4990.613772 159.699641
3.000263 5000.000000 14566 4854.908282 155.357065
3.000180 5000.000000 14899 4966.036097 158.913155
3.000184 5000.000000 15193 5064.022576 162.048722
3.000616 5000.000000 15224 5073.624062 162.355970
3.000050 5000.000000 14892 4963.917902 158.845373
3.000673 5000.000000 14873 4956.555447 158.609774
3.000155 5000.000000 15092 5030.407356 160.973035
3.000085 5000.000000 15112 5037.191119 161.190116
3.000562 5000.000000 14889 4962.070594 158.786259
3.000621 5000.000000 14909 4968.637966 158.996415
3.000260 5000.000000 15246 5081.560397 162.609933
3.000009 5000.000000 15137 5045.652007 161.460864
3.000320 5000.000000 14941 4979.801885 159.353660
3.000017 5000.000000 14816 4938.638533 158.036433
3.000195 5000.000000 15283 5094.002264 163.008072
3.000004 5000.000000 15090 5029.994107 160.959811
3.000193 5000.000000 14919 4972.680674 159.125782
3.000500 5000.000000 14717 4904.849492 156.955184
3.000196 5000.000000 14877 4958.676162 158.677637
3.000120 5000.000000 15058 5019.132293 160.612233
3.000468 5000.000000 15007 5001.553665 160.049717
3.000442 5000.000000 14875 4957.602341 158.643275
3.000432 5000.000000 14988 4995.280936 159.848990
3.000016 5000.000000 14838 4945.972891 158.271132
3.000082 5000.000000 15310 5103.193554 163.302194
3.000293 5000.000000 14927 4975.180876 159.205788
3.000135 5000.000000 14791 4930.111176 157.763558
3.000050 5000.000000 14810 4936.584622 157.970708
3.000025 5000.000000 14972 4990.624365 159.699980
3.000009 5000.000000 14873 4957.652061 158.644866
3.000296 5000.000000 15119 5039.168719 161.253399
6.001851 5000.000000 15124 5038.615200 161.235686
6.000434 5000.000000 14760 4919.590533 157.426897
6.000657 5000.000000 14902 4966.569535 158.930225
6.000289 5000.000000 15005 5001.199205 160.038375
6.003319 5000.000000 14888 4957.438103 158.638019
6.000116 5000.000000 15301 5100.164791 163.205273
6.000396 5000.000000 14901 4966.874890 158.939996
6.000334 5000.000000 14937 4978.644757 159.316632
6.000105 5000.000000 15131 5043.632295 161.396233
6.000061 5000.000000 15094 5031.314573 161.002066
6.000148 5000.000000 15166 5055.089183 161.762854
6.000274 5000.000000 14852 4950.511429 158.416366
6.000644 5000.000000 14808 4935.373113 157.931940
6.000332 5000.000000 15083 5027.544675 160.881430
6.000218 5000.000000 14904 4967.962520 158.974801
6.000390 5000.000000 14833 4944.007772 158.208249
6.000482 5000.000000 14912 4970.643580 159.060595
6.000248 5000.000000 15195 5064.609101 162.067491
6.000662 5000.000000 15157 5052.264505 161.672464
6.000664 5000.000000 14938 4978.313659 159.306037
6.001049 5000.000000 14949 4982.088319 159.426826
6.000967 5000.000000 15078 5025.321746 160.810296
6.000607 5000.000000 15168 5055.019928 161.760638
6.000134 5000.000000 15084 5027.912813 160.893210
6.000970 5000.000000 14992 4996.744397 159.895821
6.001602 5000.000000 14929 4974.393224 159.180583
6.001417 5000.000000 14982 4991.867177 159.739750
6.000503 5000.000000 14793 4930.900312 157.788810
6.000349 5000.000000 14985 4994.906086 159.836995
6.000685 5000.000000 14956 4985.312522 159.530001
6.000095 5000.000000 14946 4981.856924 159.419422
6.000311 5000.000000 14900 4966.642695 158.932566
9.000415 5000.000000 15128 5042.146209 161.348679
9.000359 5000.000000 15191 5063.257348 162.024235
9.000323 5000.000000 14880 4959.826207 158.714439
9.000518 5000.000000 14994 4997.693490 159.926192
9.000349 5000.000000 14876 4958.638447 158.676430
9.000715 5000.000000 15166 5054.378340 161.740107
9.000237 5000.000000 15068 5022.371447 160.715886
9.000347 5000.000000 14925 4974.878657 159.196117
9.000472 5000.000000 14976 4991.695604 159.734259
9.000538 5000.000000 14772 4923.942154 157.566149
9.000484 5000.000000 14987 4995.662817 159.861210
9.000604 5000.000000 14812 4937.052739 157.985688
9.000437 5000.000000 15103 5034.254512 161.096144
9.000274 5000.000000 15351 5116.955281 163.742569
9.000449 5000.000000 15209 5069.575912 162.226429
9.000724 5000.000000 15224 5074.554288 162.385737
9.001706 5000.000000 15058 5017.587426 160.562798
9.001046 5000.000000 14967 4988.873913 159.643965
9.000942 5000.000000 15224 5074.161411 162.373165
9.000474 5000.000000 14924 4974.460031 159.182721
9.000942 5000.000000 15039 5012.535533 160.401137
9.000712 5000.000000 15169 5056.157312 161.797034
9.002855 5000.000000 14838 4943.024287 158.176777
9.000192 5000.000000 15285 5094.901879 163.036860
9.000929 5000.000000 14870 4956.263904 158.600445
9.001155 5000.000000 14905 4968.021403 158.976685
9.001557 5000.000000 14787 4928.769121 157.720612
9.002097 5000.000000 14976 4991.589644 159.730869
9.000240 5000.000000 15124 5041.090299 161.314890
9.001901 5000.000000 15009 5002.501673 160.080054
9.003836 5000.000000 14947 4981.474477 159.407183
9.000386 5000.000000 15064 5021.206957 160.678623
12.000375 10000.000000 24922 8307.288784 265.833241
12.000907 10000.000000 25167 8387.367482 268.395759
12.000576 10000.000000 24977 8325.038988 266.401248
12.000271 10000.000000 25007 8335.573981 266.738367
12.000453 10000.000000 24865 8288.322554 265.226322
12.000474 10000.000000 24921 8306.648342 265.812747
12.000612 10000.000000 25208 8402.306941 268.873822
12.000542 10000.000000 24937 8311.592285 265.970953
12.000518 10000.000000 25022 8340.440910 266.894109
12.000466 10000.000000 25602 8533.853921 273.083325
12.000683 10000.000000 25110 8369.411971 267.821183
12.000740 10000.000000 25068 8355.932361 267.389836
12.000530 10000.000000 25132 8377.300742 268.073624
12.000629 10000.000000 25076 8358.597849 267.475131
12.000429 10000.000000 24894 8297.345148 265.515045
12.000758 10000.000000 25075 8358.239067 267.463650
12.000560 10000.000000 24926 8308.607135 265.875428
12.000477 10000.000000 25190 8396.657732 268.693047
12.001431 10000.000000 24970 8321.977393 266.303277
12.001704 10000.000000 24931 8308.511629 265.872372
12.000740 10000.000000 24742 8247.256132 263.912196
12.001286 10000.000000 25253 8417.298589 269.353555
12.001043 10000.000000 24925 8308.053218 265.857703
12.001745 10000.000000 25414 8471.222492 271.079120
12.000939 10000.000000 24870 8289.971369 265.279084
12.001638 10000.000000 25211 8403.440991 268.910112
12.002126 10000.000000 24986 8328.587365 266.514796
12.001999 10000.000000 25209 8402.723898 268.887165
12.000257 10000.000000 24993 8330.952270 266.590473
12.003479 10000.000000 25157 8383.921177 268.285478
12.003892 10000.000000 24836 8278.510920 264.912349
12.000471 10000.000000 24912 8303.764755 265.720472
15.000436 10000.000000 30011 10003.115920 320.099709
15.000440 10000.000000 29929 9976.117098 319.235747
15.000814 10000.000000 30045 10013.794590 320.441427
15.000695 10000.000000 29630 9876.625124 316.052004
15.000647 10000.000000 29827 9942.217846 318.150971
15.000533 10000.000000 30437 10145.657672 324.661045
15.000480 10000.000000 29732 9910.621066 317.139874
15.000632 10000.000000 30005 10001.657610 320.053044
15.000493 10000.000000 30221 10073.601150 322.355237
15.000864 10000.000000 30043 10013.180064 320.421762
15.000941 10000.000000 29952 9983.328808 319.466522
15.000840 10000.000000 29887 9961.456021 318.766593
15.000784 10000.000000 29668 9889.244529 316.455825
15.000745 10000.000000 30207 10068.318729 322.186199
15.000919 10000.000000 30519 10172.959079 325.534691
15.000451 10000.000000 29973 9990.927294 319.709673
15.000867 10000.000000 29861 9953.245107 318.503843
15.000570 10000.000000 30036 10011.966746 320.382936
15.000526 10000.000000 30171 10056.837764 321.818808
15.001458 10000.000000 29771 9923.577374 317.554476
15.000956 10000.000000 29593 9864.276956 315.656863
15.001312 10000.000000 30020 10006.581766 320.210617
15.001101 10000.000000 30054 10017.807138 320.569828
15.001772 10000.000000 29618 9872.578574 315.922514
15.002045 10000.000000 30132 10043.846327 321.403082
15.001843 10000.000000 29829 9942.539635 318.161268
15.001644 10000.000000 29934 9977.978798 319.295322
15.002276 10000.000000 29790 9929.504058 317.744130
15.000441 10000.000000 29982 9993.386423 319.788366
15.003537 10000.000000 30053 10017.474567 320.559186
15.003912 10000.000000 29947 9982.267015 319.432544
15.000472 10000.000000 30256 10085.332035 322.730625
18.000901 10000.000000 30389 10128.422307 324.109514
18.000630 10000.000000 29917 9971.834953 319.098719
18.000758 10000.000000 30160 10053.125209 321.700007
18.001057 10000.000000 30410 10134.566662 324.306133
18.000536 10000.000000 29937 9978.858013 319.323456
18.001848 10000.000000 29709 9902.981812 316.895418
18.000788 10000.000000 30175 10057.810788 321.849945
18.000584 10000.000000 30104 10034.185831 321.093947
18.000868 10000.000000 30050 10016.662962 320.533215
18.000995 10000.000000 29787 9928.748911 317.719965
18.001138 10000.000000 29788 9928.344866 317.707036
18.000909 10000.000000 30315 10104.847959 323.355135
18.000837 10000.000000 29906 9968.491621 318.991732
18.000924 10000.000000 30013 10003.967327 320.126954
18.000906 10000.000000 30055 10017.468170 320.558981
18.000576 10000.000000 30200 10066.645833 322.132667
18.000555 10000.000000 30040 10013.233907 320.423485
18.000760 10000.000000 30112 10037.280597 321.192979
18.000967 10000.000000 29916 9971.914210 319.101255
18.001355 10000.000000 29998 9999.188930 319.974046
18.001477 10000.000000 29857 9952.270478 318.472655
18.001051 10000.000000 30074 10024.350842 320.779227
18.001110 10000.000000 30368 10122.635471 323.924335
18.000667 10000.000000 30081 10026.275774 320.840825
18.001821 10000.000000 30175 10058.169858 321.861435
18.001883 10000.000000 30189 10062.199151 321.990373
18.000502 10000.000000 29981 9993.463295 319.790825
18.002087 10000.000000 29953 9984.195644 319.494261
18.002315 10000.000000 29989 9996.202370 319.878476
18.003586 10000.000000 30051 10016.836120 320.538756
18.003967 10000.000000 30457 10152.149477 324.868783
18.000563 10000.000000 30192 10063.695660 322.038261
21.000876 10000.000000 30011 10003.536320 320.113162
21.000971 10000.000000 29965 9987.621629 319.603892
21.000818 10000.000000 29857 9951.555557 318.449778
21.000540 10000.000000 30018 10005.987317 320.191594
21.000706 10000.000000 30036 10011.747202 320.375910
21.000845 10000.000000 30053 10017.474985 320.559200
21.000628 10000.000000 29745 9914.827070 317.274466
21.001065 10000.000000 29886 9961.346384 318.763084
21.001109 10000.000000 30045 10014.384383 320.460300
21.001413 10000.000000 30187 10061.141220 321.956519
21.000961 10000.000000 30116 10037.996070 321.215874
21.001031 10000.000000 30193 10064.211433 322.054766
21.000945 10000.000000 30007 10002.188020 320.070017
21.000730 10000.000000 29840 9946.088313 318.274826
21.001332 10000.000000 30063 10020.354690 320.651350
21.000954 10000.000000 30013 10004.173530 320.133553
21.000927 10000.000000 29842 9947.274816 318.312794
21.001424 10000.000000 30385 10128.100934 324.099230
21.001550 10000.000000 29876 9957.009465 318.624303
21.001384 10000.000000 29954 9983.754710 319.480151
21.001024 10000.000000 30015 10003.810267 320.121929
21.001007 10000.000000 29835 9944.867452 318.235758
21.001961 10000.000000 30161 10053.197251 321.702312
21.001531 10000.000000 29830 9943.154467 318.180943
21.002192 10000.000000 30197 10064.511849 322.064379
21.002020 10000.000000 29620 9872.882048 315.932226
21.000558 10000.000000 30413 10137.476201 324.399238
21.002131 10000.000000 30071 10023.517430 320.752558
21.002411 10000.000000 30188 10062.344112 321.995012
21.004081 10000.000000 29872 9955.689890 318.582076
21.004129 10000.000000 29936 9978.127528 319.300081
21.000624 10000.000000 29713 9904.129453 316.932142
24.000600 10000.000000 29849 9949.468624 318.382996
24.000844 10000.000000 30060 10019.539258 320.625256
24.000939 10000.000000 29718 9905.601178 316.979238
24.000639 10000.000000 30218 10072.629810 322.324154
24.000945 10000.000000 29980 9993.103410 319.779309
24.001027 10000.000000 30195 10064.812240 322.073992
24.000809 10000.000000 29894 9964.402098 318.860867
24.001109 10000.000000 30090 10029.739619 320.951668
24.000993 10000.000000 30175 10058.203368 321.862508
24.000876 10000.000000 29605 9868.232077 315.783426
24.001217 10000.000000 30146 10048.156174 321.540998
24.001120 10000.000000 29990 9996.081934 319.874622
24.001054 10000.000000 30085 10027.907843 320.893051
24.001699 10000.000000 29979 9992.439846 319.758075
24.001129 10000.000000 30144 10047.436822 321.517978
24.001780 10000.000000 29855 9950.484586 318.415507
24.001333 10000.000000 29931 9976.995160 319.263845
24.001290 10000.000000 29973 9990.394838 319.692635
24.001212 10000.000000 30310 10102.643080 323.284579
24.001518 10000.000000 30060 10019.553027 320.625697
24.001474 10000.000000 29994 9997.795818 319.929466
24.001996 10000.000000 29979 9992.882847 319.772251
24.001329 10000.000000 29964 9986.986405 319.583565
24.002462 10000.000000 30159 10052.827912 321.690493
24.002041 10000.000000 29935 9978.266006 319.304512
24.001572 10000.000000 30013 10004.260205 320.136327
24.002194 10000.000000 29853 9950.993383 318.431788
24.002174 10000.000000 29883 9960.858224 318.747463
24.000786 10000.000000 29817 9938.246960 318.023903
24.004133 10000.000000 30224 10074.492121 322.383748
24.004232 10000.000000 30121 10039.988957 321.279647
24.000768 10000.000000 29650 9882.860145 316.251525
27.000673 10000.000000 30106 10035.088587 321.122835
27.001568 10000.000000 30459 10152.680825 324.885786
27.001008 10000.000000 29820 9939.769893 318.072637
27.001598 10000.000000 29879 9959.401941 318.700862
27.001021 10000.000000 29428 9809.084984 313.890719
27.001236 10000.000000 30310 10102.632074 323.284226
27.000892 10000.000000 30228 10075.944400 322.430221
27.000990 10000.000000 29891 9963.179719 318.821751
27.001082 10000.000000 30395 10131.365785 324.203705
27.000704 10000.000000 30160 10053.116914 321.699741
27.001289 10000.000000 29933 9977.425444 319.277614
27.001319 10000.000000 29743 9914.237808 317.255610
27.001323 10000.000000 30199 10065.654021 322.100929
27.001155 10000.000000 29679 9892.849290 316.571177
27.001465 10000.000000 30333 10109.614488 323.507664
27.001266 10000.000000 30049 10015.876637 320.508052
27.000850 10000.000000 29944 9981.199195 319.398374
27.001336 10000.000000 29825 9941.658761 318.133080
27.001709 10000.000000 29999 9999.634552 319.988306
27.001272 10000.000000 29923 9974.134157 319.172293
27.001997 10000.000000 30100 10033.328383 321.066508
27.001359 10000.000000 29914 9971.232225 319.079431
27.001602 10000.000000 30011 10003.568488 320.114192
27.001913 10000.000000 30204 10067.554565 322.161746
27.002449 10000.000000 30022 10006.482403 320.207437
27.002047 10000.000000 29831 9943.646269 318.196681
27.002299 10000.000000 29798 9932.251908 317.832061
27.002597 10000.000000 30155 10051.217119 321.638948
27.000903 10000.000000 30246 10081.605949 322.611390
27.004194 10000.000000 30111 10036.798222 321.177543
27.004322 10000.000000 30064 10021.032860 320.673052
27.001056 10000.000000 30284 10093.698928 322.998366
#type       avg     std     min     5th    10th    90th    95th    99th
read      718.7   263.4    88.2   322.0   410.6   948.4  1223.0  1376.4
update    719.8   263.9    97.0   323.1   412.6   949.5  1229.9  1376.3
op_q        8.8     4.6     1.0     2.0     3.0    14.8    17.0    20.9

Total QPS = 533138.6 (15994160 / 30.0s)

Misses = 0 (0.0%)
Skipped TXs = 0 (0.0%)

RX 2758201466 bytes :   87.7 MB/s
TX 1769043566 bytes :   56.2 MB/s
