3.000834 2222.222222 6637 2211.718820 70.775002
3.000349 2222.222222 6702 2233.740344 71.479691
3.000646 2222.222222 6526 2174.865160 69.595685
3.000013 2222.222222 6637 2212.324037 70.794369
3.000538 2222.222222 6640 2212.936268 70.813961
3.000260 2222.222222 6852 2283.801958 73.081663
3.000489 2222.222222 6681 2226.636794 71.252377
3.000878 2222.222222 6506 2168.031918 69.377021
3.000351 2222.222222 6684 2227.739268 71.287657
3.000010 2222.222222 6728 2242.659174 71.765094
3.000790 2222.222222 6764 2254.073288 72.130345
3.000343 2222.222222 6617 2205.414824 70.573274
3.000209 2222.222222 6638 2212.512336 70.800395
3.001120 2222.222222 6602 2199.845279 70.395049
3.000264 2222.222222 6690 2229.803878 71.353724
3.000122 2222.222222 6622 2207.243224 70.631783
3.001573 2222.222222 6677 2224.500288 71.184009
3.000013 2222.222222 6737 2245.657018 71.861025
3.000318 2222.222222 6642 2213.765429 70.840494
3.000426 2222.222222 6614 2204.353682 70.539318
3.000361 2222.222222 6593 2197.402143 70.316869
3.000393 2222.222222 6706 2235.040334 71.521291
3.000469 2222.222222 6578 2192.324075 70.154370
3.000796 2222.222222 6661 2219.744620 71.031828
3.000007 2222.222222 6562 2187.328400 69.994509
3.000001 2222.222222 6634 2211.332717 70.762647
3.001863 2222.222222 6623 2206.296903 70.601501
3.000065 2222.222222 6542 2180.619133 69.779812
3.000235 2222.222222 6589 2196.161628 70.277172
3.001011 2222.222222 6739 2245.576521 71.858449
3.000423 2222.222222 6769 2256.015589 72.192499
3.001312 2222.222222 6596 2197.705650 70.326581
6.000862 2222.222222 6670 2222.962533 71.134801
6.000883 2222.222222 6856 2284.754066 73.112130
6.000430 2222.222222 6697 2232.330368 71.434572
6.002775 2222.222222 6810 2268.531746 72.593016
6.000176 2222.222222 6702 2233.878547 71.484114
6.000745 2222.222222 6531 2176.712658 69.654805
6.000058 2222.222222 6641 2213.631438 70.836206
6.002201 2222.222222 6766 2253.943596 72.126195
6.000039 2222.222222 6610 2203.314121 70.506052
6.000369 2222.222222 6719 2239.647169 71.668709
6.001551 2222.222222 6727 2241.371885 71.723900
6.000617 2222.222222 6669 2222.697768 71.126329
6.000618 2222.222222 6776 2258.554624 72.273748
6.000461 2222.222222 6722 2240.616410 71.699725
6.000082 2222.222222 6574 2191.278256 70.120904
6.001446 2222.222222 6575 2191.428325 70.125706
6.000982 2222.222222 6730 2242.836908 71.770781
6.000723 2222.222222 6543 2180.943734 69.790199
6.000949 2222.222222 6531 2176.884090 69.660291
6.000701 2222.222222 6673 2224.212545 71.174801
6.001620 2222.222222 6477 2158.406860 69.069020
6.000036 2222.222222 6671 2223.640833 71.156507
6.000888 2222.222222 6731 2243.659335 71.797099
6.000375 2222.222222 6627 2208.915580 70.685299
6.000641 2222.222222 6680 2226.239515 71.239664
6.001691 2222.222222 6720 2239.912011 71.677184
6.000506 2222.222222 6595 2198.134680 70.340310
6.001097 2222.222222 6710 2236.602254 71.571272
6.001379 2222.222222 6695 2231.004732 71.392151
6.002501 2222.222222 6661 2219.861191 71.035558
6.000701 2222.222222 6585 2194.796339 70.233483
6.001609 2222.222222 6574 2191.116259 70.115720
9.002483 2222.222222 6838 2278.101740 72.899256
9.000836 2222.222222 6587 2195.584142 70.258693
9.002598 2222.222222 6660 2218.452494 70.990480
9.000243 2222.222222 6561 2186.851512 69.979248
9.007539 2222.222222 6776 2253.562959 72.114015
9.000507 2222.222222 6823 2274.082251 72.770632
9.000471 2222.222222 6538 2179.259318 69.736298
9.000626 2222.222222 6632 2210.231975 70.727423
9.001514 2222.222222 6912 2302.882256 73.692232
9.000787 2222.222222 6650 2216.402723 70.924887
9.001362 2222.222222 6665 2221.315781 71.082105
9.000509 2222.222222 6747 2248.963512 71.966832
9.000207 2222.222222 6757 2252.239384 72.071660
9.001324 2222.222222 6708 2235.473272 71.535145
9.000864 2222.222222 6762 2253.814898 72.122077
9.001205 2222.222222 6649 2216.144608 70.916627
9.000757 2222.222222 6729 2242.714218 71.766855
9.001464 2222.222222 6641 2213.238162 70.823621
9.002067 2222.222222 6695 2230.606194 71.379398
9.002878 2222.222222 6838 2279.046811 72.929498
9.001069 2222.222222 6596 2198.397310 70.348714
9.002227 2222.222222 6601 2199.939900 70.398077
9.001809 2222.222222 6627 2208.391187 70.668518
9.001478 2222.222222 6636 2211.976933 70.783262
9.001863 2222.222222 6747 2248.766145 71.960517
9.003061 2222.222222 6690 2229.360592 71.339539
9.002158 2222.222222 6742 2246.930205 71.901767
9.003783 2222.222222 6625 2206.357950 70.603454
9.003594 2222.222222 6532 2176.739379 69.655660
9.001989 2222.222222 6732 2243.544398 71.793421
9.000710 2222.222222 6603 2200.993573 70.431794
9.001858 2222.222222 6653 2217.482657 70.959445
12.002866 2222.222222 6559 2184.875099 69.916003
12.001529 2222.222222 6579 2192.850417 70.171213
12.002877 2222.222222 6655 2216.824754 70.938392
12.003150 2222.222222 6519 2171.779741 69.496952
12.000595 2222.222222 6783 2260.708212 72.342663
12.000528 2222.222222 6754 2251.319014 72.042208
12.001315 2222.222222 6561 2186.218548 69.958994
12.001335 2222.222222 6631 2210.237536 70.727601
12.000511 2222.222222 6589 2196.303970 70.281727
12.000672 2222.222222 6862 2287.207122 73.190628
12.000789 2222.222222 6764 2254.665305 72.149290
12.003723 2222.222222 6604 2199.969161 70.399013
12.002442 2222.222222 6638 2212.508295 70.800265
12.002588 2222.222222 6493 2163.532862 69.233052
12.003345 2222.222222 6496 2163.372325 69.227914
12.000813 2222.222222 6630 2209.958513 70.718672
12.001888 2222.222222 6662 2220.389940 71.052478
12.002965 2222.222222 6631 2209.153161 70.692901
12.001145 2222.222222 6703 2234.276617 71.496852
12.001812 2222.222222 6742 2247.331278 71.914601
12.002118 2222.222222 6728 2242.628997 71.764128
12.002699 2222.222222 6756 2251.924729 72.061591
12.002383 2222.222222 6732 2243.831919 71.802621
12.002511 2222.222222 6721 2240.312649 71.690005
12.003121 2222.222222 6577 2192.289751 70.153272
12.007969 2222.222222 6723 2237.736317 71.607562
12.002923 2222.222222 6535 2178.300535 69.705617
12.002506 2222.222222 6613 2203.953622 70.526516
12.004137 2222.222222 6683 2227.404137 71.276932
12.001872 2222.222222 6655 2217.474261 70.959176
12.007545 2222.222222 6385 2128.328755 68.106520
12.001985 2222.222222 6423 2140.909205 68.509095
15.000852 2222.222222 6763 2254.286332 72.137163
15.000527 2222.222222 6757 2252.321225 72.074279
15.000716 2222.222222 6648 2215.861175 70.907558
15.002987 2222.222222 6778 2258.089857 72.258875
15.000683 2222.222222 6743 2247.658707 71.925079
15.001407 2222.222222 6727 2241.726274 71.735241
15.001446 2222.222222 6773 2257.568108 72.242179
15.000974 2222.222222 6768 2255.879374 72.188140
15.002712 2222.222222 6614 2203.797566 70.521522
15.004008 2222.222222 6370 2122.705838 67.926587
15.002845 2222.222222 6750 2249.749877 71.991996
15.002194 2222.222222 6707 2234.885086 71.516323
15.001980 2222.222222 6650 2216.598532 70.931153
15.003561 2222.222222 6553 2183.518834 69.872603
15.002152 2222.222222 6842 2280.408336 72.973067
15.006104 2222.222222 6716 2236.261811 71.560378
15.002560 2222.222222 6641 2213.536360 70.833164
15.002326 2222.222222 6720 2239.844492 71.675024
15.002909 2222.222222 6606 2201.968476 70.462991
15.005115 2222.222222 6717 2237.534057 71.601090
15.002744 2222.222222 6713 2237.550403 71.601613
15.003127 2222.222222 6800 2266.544311 72.529418
15.003869 2222.222222 6738 2245.890622 71.868500
15.003591 2222.222222 6729 2242.500275 71.760009
15.003033 2222.222222 6652 2217.086409 70.946765
15.003762 2222.222222 6725 2241.354923 71.723358
15.002544 2222.222222 6547 2182.305332 69.833771
15.004321 2222.222222 6711 2236.862606 71.579603
15.002709 2222.222222 6607 2201.718735 70.455000
15.008354 2222.222222 6470 2156.390220 69.004487
15.008353 2222.222222 6575 2191.076962 70.114463
15.002920 2222.222222 6607 2201.647594 70.452723
18.001409 2222.222222 6567 2188.682496 70.037840
18.001973 2222.222222 6674 2223.594857 71.155035
18.000788 2222.222222 6615 2204.922714 70.557527
18.002820 2222.222222 6733 2242.862010 71.771584
18.001529 2222.222222 6629 2209.067974 70.690175
18.003396 2222.222222 6662 2219.874753 71.035992
18.003479 2222.222222 6515 2170.195862 69.446268
18.001528 2222.222222 6562 2187.244734 69.991831
18.002417 2222.222222 6535 2178.015882 69.696508
18.002800 2222.222222 6561 2186.824715 69.978391
18.003237 2222.222222 6719 2239.373964 71.659967
18.002492 2222.222222 6818 2272.408800 72.717082
18.004665 2222.222222 6604 2199.923994 70.397568
18.002771 2222.222222 6698 2232.623184 71.443942
18.003381 2222.222222 6834 2277.807155 72.889829
18.002989 2222.222222 6807 2268.998761 72.607960
18.002211 2222.222222 6715 2238.320466 71.626255
18.003514 2222.222222 6698 2232.216678 71.430934
18.003912 2222.222222 6752 2250.403333 72.012907
18.003971 2222.222222 6653 2217.590969 70.962911
18.003395 2222.222222 6650 2216.399134 70.924772
18.004979 2222.222222 6669 2222.280845 71.112987
18.002744 2222.222222 6691 2230.184565 71.365906
18.003600 2222.222222 6594 2197.993761 70.335800
18.003969 2222.222222 6770 2256.511124 72.208356
18.005225 2222.222222 6639 2212.919210 70.813415
18.004432 2222.222222 6557 2185.585882 69.938748
18.006915 2222.222222 6660 2219.399437 71.020782
18.002760 2222.222222 6631 2210.296049 70.729474
18.011140 2222.222222 6812 2268.559008 72.593888
18.008406 2222.222222 6622 2207.295253 70.633448
18.003000 2222.222222 6904 2301.272032 73.640705
21.004190 2222.222222 6738 2244.673278 71.829545
21.000968 2222.222222 6770 2256.531530 72.209009
21.004998 2222.222222 6832 2276.554026 72.849729
21.001556 2222.222222 6711 2236.980268 71.583369
21.002573 2222.222222 6605 2201.226149 70.439237
21.002725 2222.222222 6749 2249.492084 71.983747
21.002152 2222.222222 6788 2262.196283 72.390281
21.001493 2222.222222 6523 2174.272299 69.576714
21.002752 2222.222222 6769 2255.927059 72.189666
21.003199 2222.222222 6714 2237.716646 71.606933
21.005374 2222.222222 6536 2177.291832 69.673339
21.003349 2222.222222 6528 2175.580647 69.618581
21.003812 2222.222222 6829 2275.897323 72.828714
21.002912 2222.222222 6585 2194.918088 70.237379
21.003778 2222.222222 6537 2178.426542 69.709649
21.004665 2222.222222 6519 2171.609465 69.491503
21.003423 2222.222222 6752 2250.634695 72.020310
21.005555 2222.222222 6460 2151.784064 68.857090
21.003614 2222.222222 6787 2262.257301 72.392234
21.004149 2222.222222 6801 2266.431384 72.525804
21.003991 2222.222222 6899 2299.606135 73.587396
21.003844 2222.222222 6731 2243.484010 71.791488
21.005320 2222.222222 6663 2220.000319 71.040010
21.005198 2222.222222 6750 2249.835625 71.994740
21.005124 2222.222222 6664 2220.994011 71.071808
21.005424 2222.222222 6579 2192.854176 70.171334
21.004809 2222.222222 6725 2241.384793 71.724313
21.009093 2222.222222 6702 2233.488026 71.471617
21.007269 2222.222222 6717 2238.736489 71.639568
21.002837 2222.222222 6681 2226.942805 71.262170
21.011586 2222.222222 6688 2229.001789 71.328057
21.006120 2222.222222 6808 2266.975577 72.543218
24.001638 2222.222222 6770 2256.162872 72.197212
24.001744 2222.222222 6642 2213.815307 70.842090
24.002737 2222.222222 6674 2224.657748 71.189048
24.002229 2222.222222 6752 2250.161568 72.005170
24.002964 2222.222222 6667 2222.043965 71.105407
24.003600 2222.222222 6660 2219.869402 71.035821
24.002988 2222.222222 6569 2189.056629 70.049812
24.003715 2222.222222 6549 2182.415783 69.837305
24.002906 2222.222222 6506 2168.554777 69.393753
24.003244 2222.222222 6924 2307.965459 73.854895
24.003635 2222.222222 6620 2206.456527 70.606609
24.003698 2222.222222 6678 2225.937833 71.230011
24.004003 2222.222222 6531 2176.837074 69.658786
24.004065 2222.222222 6666 2221.945685 71.102262
24.004643 2222.222222 6737 2245.327637 71.850484
24.003841 2222.222222 6692 2230.644370 71.380620
24.004303 2222.222222 6710 2236.551904 71.569661
24.004151 2222.222222 6835 2278.100346 72.899211
24.005387 2222.222222 6823 2274.038826 72.769242
24.005979 2222.222222 6813 2270.408733 72.653079
24.005603 2222.222222 6791 2263.531491 72.433008
24.007462 2222.222222 6735 2243.251254 71.784040
24.005620 2222.222222 6629 2209.484923 70.703518
24.005236 2222.222222 6692 2230.349238 71.371176
24.005578 2222.222222 6741 2246.982348 71.903435
24.005572 2222.222222 6715 2238.145399 71.620653
24.005093 2222.222222 6675 2224.682582 71.189843
24.007726 2222.222222 6712 2236.992228 71.583751
24.003515 2222.222222 6638 2212.166725 70.789335
24.009433 2222.222222 6481 2160.088476 69.122831
24.011961 2222.222222 6661 2220.056045 71.041793
24.006295 2222.222222 6726 2241.869114 71.739812
27.001809 2222.222222 6549 2182.875367 69.852012
27.004211 2222.222222 6547 2180.892451 69.788558
27.003065 2222.222222 6928 2309.274366 73.896780
27.002493 2222.222222 6520 2172.790387 69.529292
27.003122 2222.222222 6647 2215.550232 70.897607
27.002956 2222.222222 6620 2206.505358 70.608171
27.003510 2222.222222 6784 2261.133094 72.356259
27.003182 2222.222222 6681 2226.795315 71.257450
27.004769 2222.222222 6694 2230.643756 71.380600
27.003779 2222.222222 6695 2231.559436 71.409902
27.005306 2222.222222 6859 2285.340718 73.130903
27.005819 2222.222222 6547 2180.719805 69.783034
27.003869 2222.222222 6774 2257.884515 72.252304
27.004297 2222.222222 6646 2214.891252 70.876520
27.004613 2222.222222 6670 2222.927234 71.133672
27.005306 2222.222222 6674 2224.175048 71.173602
27.004489 2222.222222 6675 2224.749628 71.191988
27.006295 2222.222222 6651 2216.328881 70.922524
27.009051 2222.222222 6597 2195.525044 70.256801
27.005866 2222.222222 6747 2248.803151 71.961701
27.008139 2222.222222 6597 2197.119747 70.307832
27.007175 2222.222222 6805 2267.429116 72.557732
27.005863 2222.222222 6772 2257.151118 72.228836
27.005512 2222.222222 6496 2165.134564 69.284306
27.005780 2222.222222 6754 2251.182153 72.037829
27.003739 2222.222222 6604 2201.169108 70.437411
27.005184 2222.222222 6752 2250.598656 72.019157
27.008819 2222.222222 6703 2233.323739 71.466360
27.008464 2222.222222 6536 2178.130694 69.700182
27.009504 2222.222222 6580 2193.281757 70.185016
27.012049 2222.222222 6772 2257.266987 72.232544
27.007368 2222.222222 6620 2205.877437 70.588078
#type       avg     std     min     5th    10th    90th    95th    99th
read      342.0   269.3    66.3   152.7   178.8   527.1   597.2   752.5
update    346.1   271.6    66.3   156.6   182.0   531.3   601.8   755.6
op_q        1.9     1.2     1.0     1.0     1.0     3.1     4.0     5.0

Total QPS = 159951.8 (4798553 / 30.0s)

Misses = 0 (0.0%)
Skipped TXs = 0 (0.0%)

RX  825753144 bytes :   26.2 MB/s
TX  531179994 bytes :   16.9 MB/s
