3.024362 625.000000 1901 628.562420 20.113997
3.000260 625.000000 1800 599.947968 19.198335
3.000446 625.000000 1884 627.906671 20.093013
3.003834 625.000000 1889 628.862898 20.123613
3.004100 625.000000 1808 601.844057 19.259010
3.006064 625.000000 1838 611.430840 19.565787
3.002669 625.000000 1951 649.755174 20.792166
3.000207 625.000000 1882 627.290134 20.073284
3.000900 625.000000 1833 610.816768 19.546137
3.000407 625.000000 1775 591.586456 18.930767
3.003348 625.000000 1910 635.956977 20.350623
3.001199 625.000000 1915 638.078316 20.418506
3.000581 625.000000 1767 588.885862 18.844348
3.002862 625.000000 1885 627.734538 20.087505
3.001079 625.000000 1841 613.446090 19.630275
3.000840 625.000000 1870 623.158827 19.941082
3.002647 625.000000 1774 590.811968 18.905983
3.000043 625.000000 1882 627.324373 20.074380
3.000223 625.000000 1944 647.951913 20.734461
3.000849 625.000000 1855 618.158481 19.781071
3.001761 625.000000 1978 658.946552 21.086290
3.000950 625.000000 1929 642.796453 20.569487
3.001028 625.000000 1896 631.783540 20.217073
3.000253 625.000000 1882 627.280474 20.072975
3.001327 625.000000 1882 627.055949 20.065790
3.002679 625.000000 1802 600.130758 19.204184
3.000628 625.000000 1983 660.861610 21.147572
3.000203 625.000000 1867 622.291310 19.913322
3.006991 625.000000 1819 604.923729 19.357559
3.005199 625.000000 1829 608.611926 19.475582
3.000945 625.000000 1855 618.138518 19.780433
3.001879 625.000000 1872 623.609424 19.955502
6.003447 625.000000 1916 638.188517 20.422033
6.000801 625.000000 1832 610.548885 19.537564
6.000929 625.000000 1938 645.925172 20.669605
6.003621 625.000000 1900 633.173036 20.261537
6.006447 625.000000 1900 632.202043 20.230465
6.001995 625.000000 1907 635.253375 20.328108
6.000481 625.000000 1898 632.659272 20.245097
6.003390 625.000000 1961 652.973687 20.895158
6.001459 625.000000 1861 620.207166 19.846629
6.004657 625.000000 1827 608.598775 19.475161
6.002893 625.000000 1870 623.286889 19.945180
6.001087 625.000000 1942 647.303761 20.713720
6.004155 625.000000 1843 613.843406 19.642989
6.003547 625.000000 1815 604.492314 19.343754
6.006684 625.000000 1911 635.761660 20.344373
6.001530 625.000000 1892 630.534149 20.177093
6.005935 625.000000 1864 620.160291 19.845129
6.005436 625.000000 1873 623.753629 19.960116
6.000871 625.000000 1803 600.876177 19.228038
6.006782 625.000000 1918 639.180359 20.453771
6.000987 625.000000 1878 625.836375 20.026764
6.001843 625.000000 1897 632.030746 20.224984
6.006536 625.000000 1829 609.019428 19.488622
6.004644 625.000000 1837 612.222499 19.591120
6.001555 625.000000 1871 623.474072 19.951170
6.004473 625.000000 1884 627.866292 20.091721
6.002407 625.000000 1844 614.445411 19.662253
6.005975 625.000000 1750 583.182429 18.661838
6.009724 625.000000 1867 621.766787 19.896537
6.006660 625.000000 1848 614.828915 19.674525
6.024767 625.000000 1946 648.579019 20.754529
6.001962 625.000000 1779 592.983606 18.975475
9.004907 625.000000 1827 608.492946 19.471774
9.002179 625.000000 1823 607.322929 19.434334
9.006103 625.000000 1901 632.707407 20.246637
9.006378 625.000000 1959 652.047291 20.865513
9.003767 625.000000 1871 623.050764 19.937624
9.002355 625.000000 1766 588.386937 18.828382
9.014440 625.000000 1795 596.388427 19.084430
9.004222 625.000000 1840 613.174789 19.621593
9.001921 625.000000 1867 622.252245 19.912072
9.001118 625.000000 1948 649.326653 20.778453
9.005430 625.000000 1895 630.912233 20.189191
9.007769 625.000000 1864 621.077996 19.874496
9.003526 625.000000 1871 623.237232 19.943591
9.005013 625.000000 1882 627.026933 20.064862
9.009706 625.000000 1895 630.339677 20.170870
9.003172 625.000000 1847 615.609387 19.699500
9.004545 625.000000 1923 640.802702 20.505686
9.000906 625.000000 1838 612.659500 19.605104
9.001030 625.000000 1841 613.657850 19.637051
9.009694 625.000000 1878 625.392828 20.012571
9.005181 625.000000 1910 636.516475 20.368527
9.006658 625.000000 1808 602.164328 19.269259
9.008075 625.000000 1862 619.957587 19.838643
9.008495 625.000000 1773 590.397828 18.892731
9.007536 625.000000 1898 632.437015 20.237984
9.005980 625.000000 1901 633.657116 20.277028
9.008225 625.000000 1908 635.673429 20.341550
9.008228 625.000000 1933 643.849809 20.603194
9.012347 625.000000 1856 618.126226 19.780039
9.026987 625.000000 1842 613.545974 19.633471
9.007231 625.000000 1865 621.548211 19.889543
9.002526 625.000000 1944 647.878267 20.732105
12.004367 625.000000 1931 642.970225 20.575047
12.001004 625.000000 1909 636.312639 20.362004
12.004614 625.000000 1747 582.319869 18.634236
12.002315 625.000000 1865 621.638556 19.892434
12.003674 625.000000 1802 600.402837 19.212891
12.003473 625.000000 2013 670.932689 21.469846
12.004917 625.000000 1888 629.092237 20.130952
12.003826 625.000000 1950 649.587525 20.786801
12.011637 625.000000 1881 625.309358 20.009899
12.005833 625.000000 1894 630.994618 20.191828
12.002558 625.000000 1849 616.019509 19.712624
12.009651 625.000000 1896 631.370082 20.203843
12.006918 625.000000 1830 609.647072 19.508706
12.013734 625.000000 1817 604.185159 19.333925
12.009096 625.000000 1805 601.461922 19.246782
12.005249 625.000000 1843 614.263350 19.656427
12.009261 625.000000 1923 640.681564 20.501810
12.005739 625.000000 1935 644.844043 20.635009
12.008669 625.000000 1931 643.423759 20.589560
12.008781 625.000000 1844 614.608103 19.667459
12.008088 625.000000 1843 613.789518 19.641265
12.011282 625.000000 1871 623.339108 19.946851
12.010443 625.000000 1841 613.513557 19.632434
12.009978 625.000000 1902 633.156251 20.261000
12.008878 625.000000 1888 629.196356 20.134283
12.007423 625.000000 1887 628.723502 20.119152
12.014752 625.000000 1793 596.369788 19.083833
12.019037 625.000000 1940 645.677337 20.661675
12.013456 625.000000 1827 608.775066 19.480802
12.012469 625.000000 1883 626.572744 20.050328
12.029892 625.000000 1864 620.732174 19.863430
12.003762 625.000000 1904 634.405216 20.300967
15.005380 625.000000 1886 628.309175 20.105894
15.013040 625.000000 1847 614.412864 19.661212
15.005008 625.000000 1772 590.136747 18.884376
15.018105 625.000000 1927 639.696486 20.470288
15.008712 625.000000 1889 628.569070 20.114210
15.005241 625.000000 1834 611.205685 19.558582
15.001182 625.000000 1907 635.628900 20.340125
15.005992 625.000000 1800 599.567260 19.186152
15.005037 625.000000 1878 625.860283 20.027529
15.005979 625.000000 1880 626.444938 20.046238
15.002611 625.000000 1862 620.655826 19.860986
15.009338 625.000000 1783 594.285491 19.017136
15.007384 625.000000 1976 658.326321 21.066442
15.008366 625.000000 1850 616.609564 19.731506
15.010953 625.000000 1841 613.562360 19.633996
15.011181 625.000000 1884 627.474490 20.079184
15.005384 625.000000 1881 626.971819 20.063098
15.009630 625.000000 1900 633.255328 20.264171
15.008288 625.000000 1951 650.145799 20.804666
15.009172 625.000000 1948 649.248830 20.775963
15.010223 625.000000 1850 616.549158 19.729573
15.013321 625.000000 1889 629.313369 20.138028
15.011737 625.000000 1844 614.081499 19.650608
15.015651 625.000000 1891 629.416733 20.141335
15.013921 625.000000 1856 618.628130 19.796100
15.010721 625.000000 1818 605.849811 19.387194
15.015681 625.000000 1919 639.192535 20.454161
15.014953 625.000000 1900 633.290991 20.265312
15.020256 625.000000 1888 629.077691 20.130486
15.030265 625.000000 1934 644.586502 20.626768
15.012545 625.000000 1872 623.984264 19.967496
15.004940 625.000000 1925 641.414814 20.525274
18.007919 625.000000 1885 627.802109 20.089667
18.010491 625.000000 1933 643.666607 20.597331
18.003943 625.000000 1893 630.419744 20.173432
18.009788 625.000000 1778 591.915034 18.941281
18.005155 625.000000 1951 650.307854 20.809851
18.005096 625.000000 1776 591.982652 18.943445
18.006041 625.000000 1939 646.161040 20.677153
18.018012 625.000000 1940 645.596662 20.659093
18.004027 625.000000 1867 622.039614 19.905268
18.006823 625.000000 1877 625.493269 20.015785
18.009977 625.000000 1853 617.406324 19.757002
18.013427 625.000000 1875 624.532545 19.985041
18.009890 625.000000 1828 609.221143 19.495077
18.010940 625.000000 1905 634.848265 20.315144
18.011556 625.000000 1868 622.541446 19.921326
18.009802 625.000000 1877 625.630710 20.020183
18.009544 625.000000 1801 600.258917 19.208285
18.015238 625.000000 1977 658.579242 21.074536
18.006058 625.000000 1915 638.189885 20.422076
18.009363 625.000000 1826 608.448608 19.470355
18.010085 625.000000 1898 632.304409 20.233741
18.011289 625.000000 1867 622.215558 19.910898
18.016997 625.000000 1863 619.912962 19.837215
18.025514 625.000000 1801 598.022353 19.136715
18.016486 625.000000 1923 640.821757 20.506296
18.018218 625.000000 1892 630.642988 20.180576
18.016134 625.000000 1850 616.573612 19.730356
18.019101 625.000000 1816 604.497435 19.343918
18.020878 625.000000 1800 599.875571 19.196018
18.014172 625.000000 1720 573.022537 18.336721
18.030511 625.000000 1897 632.281606 20.233011
18.010963 625.000000 1950 648.697599 20.758323
21.007218 625.000000 1817 605.238674 19.367638
21.009079 625.000000 1931 643.417763 20.589368
21.007619 625.000000 1971 656.658360 21.013068
21.010052 625.000000 1904 633.984282 20.287497
21.005378 625.000000 1878 625.700660 20.022421
21.005493 625.000000 1817 605.598451 19.379150
21.009242 625.000000 1803 600.359310 19.211498
21.006458 625.000000 1879 625.826177 20.026438
21.012232 625.000000 1951 649.826117 20.794436
21.010334 625.000000 1890 629.924940 20.157598
21.013730 625.000000 1742 579.907541 18.557041
21.011705 625.000000 1892 630.505885 20.176188
21.011533 625.000000 1946 648.236876 20.743580
21.010823 625.000000 1956 651.775184 20.856806
21.012644 625.000000 1963 653.864133 20.923652
21.011690 625.000000 1816 605.009541 19.360305
21.012162 625.000000 1799 599.545708 19.185463
21.012824 625.000000 1874 623.946954 19.966303
21.014191 625.000000 1784 594.515345 19.024491
21.014885 625.000000 1945 647.557156 20.721829
21.019341 625.000000 1882 626.736897 20.055581
21.021364 625.000000 1834 610.087496 19.522800
21.018256 625.000000 1898 632.615165 20.243685
21.019473 625.000000 1936 645.063399 20.642029
21.021826 625.000000 1879 625.326731 20.010455
21.016713 625.000000 1817 605.549737 19.377592
21.034622 625.000000 1947 647.035712 20.705143
21.021122 625.000000 1857 618.949736 19.806392
21.019645 625.000000 1846 615.221845 19.687099
21.016751 625.000000 1894 630.791048 20.185314
21.032878 625.000000 1955 651.152890 20.836892
21.012904 625.000000 1862 620.265333 19.848491
24.006257 625.000000 1954 651.167303 20.837354
24.006926 625.000000 1892 630.341569 20.170930
24.007402 625.000000 1888 629.294602 20.137427
24.014046 625.000000 1894 630.951811 20.190458
24.013465 625.000000 1831 609.940550 19.518098
24.011587 625.000000 1910 636.169497 20.357424
24.006694 625.000000 1883 627.617386 20.083756
24.012589 625.000000 1824 607.913361 19.453228
24.014422 625.000000 1855 617.592479 19.762959
24.009318 625.000000 1985 661.614021 21.171649
24.011266 625.000000 1903 634.136258 20.292360
24.011178 625.000000 1760 586.446626 18.766292
24.011475 625.000000 1929 642.174588 20.549587
24.012135 625.000000 1901 633.575888 20.274428
24.013773 625.000000 1756 585.113125 18.723620
24.012237 625.000000 1940 646.548870 20.689564
24.021174 625.000000 1914 636.518206 20.368583
24.014582 625.000000 1887 628.821317 20.122282
24.015028 625.000000 1909 635.866049 20.347714
24.018414 625.000000 1832 610.634448 19.540302
24.015046 625.000000 1918 639.298992 20.457568
24.017153 625.000000 1847 615.576351 19.698443
24.023443 625.000000 1921 639.889843 20.476475
24.019825 625.000000 1776 591.930461 18.941775
24.019387 625.000000 1893 630.990246 20.191688
24.027341 625.000000 1861 618.745924 19.799870
24.022696 625.000000 1856 618.487466 19.791599
24.024133 625.000000 1930 642.688280 20.566025
24.036524 625.000000 1848 615.609567 19.699506
24.021614 625.000000 1825 607.348873 19.435164
24.033912 625.000000 1885 628.116907 20.099741
24.015111 625.000000 1820 606.220773 19.399065
27.009766 625.000000 1924 640.584247 20.498696
27.008096 625.000000 1840 613.046770 19.617497
27.008492 625.000000 1872 623.773539 19.960753
27.012032 625.000000 1893 630.429690 20.173750
27.007105 625.000000 1907 635.628636 20.340116
27.015349 625.000000 1853 617.005606 19.744179
27.013436 625.000000 1834 610.891556 19.548530
27.012343 625.000000 1904 634.420250 20.301448
27.013697 625.000000 2009 669.419425 21.421422
27.012126 625.000000 1938 645.883856 20.668283
27.018473 625.000000 1882 626.408863 20.045084
27.013809 625.000000 1864 621.007991 19.872256
27.012591 625.000000 1897 632.098203 20.227143
27.016960 625.000000 1932 643.489937 20.591678
27.014961 625.000000 1862 620.555097 19.857763
27.016271 625.000000 1949 649.059551 20.769906
27.013781 625.000000 1837 612.331627 19.594612
27.015477 625.000000 1921 640.237506 20.487600
27.018518 625.000000 1866 621.978463 19.903311
27.015232 625.000000 1890 629.961002 20.158752
27.022409 625.000000 1879 626.075716 20.034423
27.023079 625.000000 1914 637.215894 20.390909
27.019829 625.000000 1834 611.332616 19.562644
27.018279 625.000000 1899 632.762556 20.248402
27.026181 625.000000 1913 637.085219 20.386727
27.024575 625.000000 1905 634.602478 20.307279
27.025227 625.000000 1876 625.105405 20.003373
27.034457 625.000000 1801 598.912736 19.165208
27.039311 625.000000 1879 625.208182 20.006662
27.046423 625.000000 1860 617.961054 19.774754
27.026376 625.000000 1916 637.654386 20.404940
27.015623 625.000000 1797 598.897770 19.164729
#type       avg     std     min     5th    10th    90th    95th    99th
read       87.0   164.3    45.3    62.8    66.1   112.1   128.3   169.5
update     90.6   144.1    49.8    66.6    69.3   116.1   133.3   174.7
op_q        1.1     0.3     1.0     1.0     1.0     1.1     2.0     2.1

Total QPS = 39932.4 (1197972 / 30.0s)

Misses = 0 (0.0%)
Skipped TXs = 0 (0.0%)

RX  204725904 bytes :    6.5 MB/s
TX  132287848 bytes :    4.2 MB/s
