3.000147 5625.000000 16906 5635.057691 180.321846
3.000232 5625.000000 16683 5560.569757 177.938232
3.000217 5625.000000 17011 5669.923123 181.437540
3.000101 5625.000000 16931 5643.475848 180.591227
3.000010 5625.000000 16787 5595.648366 179.060748
3.000698 5625.000000 17058 5684.677979 181.909695
3.000369 5625.000000 16741 5579.647206 178.548711
3.000009 5625.000000 16749 5582.982673 178.655446
3.000050 5625.000000 16883 5627.573033 180.082337
3.000248 5625.000000 16900 5632.867005 180.251744
3.000099 5625.000000 16811 5603.481460 179.311407
3.000323 5625.000000 17037 5678.389116 181.708452
3.000003 5625.000000 16749 5582.993746 178.655800
3.000097 5625.000000 16931 5643.484261 180.591496
3.000065 5625.000000 16783 5594.212826 179.014810
3.000221 5625.000000 16861 5619.919284 179.837417
3.000009 5625.000000 16695 5564.983473 178.079471
3.000061 5625.000000 16995 5664.885613 181.276340
3.000031 5625.000000 17140 5713.273648 182.824757
3.000554 5625.000000 17023 5673.285431 181.545134
3.000719 5625.000000 16850 5615.321603 179.690291
3.000433 5625.000000 16778 5591.859446 178.939502
3.000044 5625.000000 17069 5689.582608 182.066643
3.000077 5625.000000 16622 5540.524922 177.296798
3.000362 5625.000000 16977 5658.316905 181.066141
3.000027 5625.000000 16942 5647.282253 180.713032
3.000044 5625.000000 16969 5656.251243 181.000040
3.000025 5625.000000 16583 5527.620770 176.883865
3.000028 5625.000000 16712 5570.615244 178.259688
3.000682 5625.000000 16599 5531.742564 177.015762
3.000149 5625.000000 17077 5692.051018 182.145633
3.000275 5625.000000 16592 5530.159811 176.965114
6.001329 5625.000000 16966 5653.012648 180.896405
6.000575 5625.000000 16683 5560.027580 177.920883
6.000677 5625.000000 16740 5578.758507 178.520272
6.000378 5625.000000 17037 5678.406081 181.708995
6.000433 5625.000000 16942 5646.955319 180.702570
6.000330 5625.000000 16970 5656.231242 180.999400
6.000092 5625.000000 16809 5602.846288 179.291081
6.000389 5625.000000 16965 5654.875029 180.956001
6.000218 5625.000000 16875 5624.608895 179.987485
6.001152 5625.000000 16557 5517.900695 176.572822
6.000183 5625.000000 16860 5619.801723 179.833655
6.000156 5625.000000 16914 5637.712703 180.406806
6.000113 5625.000000 16653 5550.977901 177.631293
6.000069 5625.000000 16670 5556.620861 177.811868
6.000263 5625.000000 16924 5641.305932 180.521790
6.000491 5625.000000 17031 5676.769858 181.656635
6.000229 5625.000000 16898 5632.511778 180.240377
6.000161 5625.000000 17028 5675.809689 181.625910
6.000225 5625.000000 16515 5504.984557 176.159506
6.001614 5625.000000 16999 5664.102828 181.251291
6.000033 5625.000000 16682 5560.663680 177.941238
6.000124 5625.000000 17143 5714.149213 182.852775
6.000553 5625.000000 16612 5536.721083 177.175075
6.000027 5625.000000 16816 5605.333205 179.370663
6.000054 5625.000000 17056 5685.278229 181.928903
6.000789 5625.000000 16961 5653.494778 180.911833
6.000987 5625.000000 16737 5578.432706 178.509847
6.001393 5625.000000 17034 5676.724002 181.655168
6.000470 5625.000000 16668 5555.800361 177.785612
6.000115 5625.000000 17091 5696.864131 182.299652
6.000392 5625.000000 16864 5620.878435 179.868110
6.000539 5625.000000 16772 5590.175374 178.885612
9.000189 5625.000000 17104 5701.320376 182.442252
9.000916 5625.000000 16935 5644.316361 180.618124
9.000207 5625.000000 17074 5691.114966 182.115679
9.000406 5625.000000 16949 5649.614716 180.787671
9.000758 5625.000000 16918 5638.340105 180.426883
9.000441 5625.000000 16792 5596.802155 179.097669
9.000178 5625.000000 17084 5694.431101 182.221795
9.000532 5625.000000 17220 5739.614195 183.667654
9.000886 5625.000000 17205 5733.543493 183.473392
9.000512 5625.000000 17072 5690.193938 182.086206
9.000223 5625.000000 16866 5621.795470 179.897455
9.000655 5625.000000 16939 5645.916094 180.669315
9.000167 5625.000000 16880 5626.655919 180.052989
9.000196 5625.000000 16990 5663.025037 181.216801
9.000092 5625.000000 16787 5595.623878 179.059964
9.000297 5625.000000 16841 5613.519261 179.632616
9.000513 5625.000000 17055 5684.765929 181.912510
9.000557 5625.000000 16970 5656.540769 181.009305
9.000842 5625.000000 16898 5632.355953 180.235390
9.000188 5625.000000 16662 5553.864617 177.723668
9.000479 5625.000000 16690 5562.862901 178.011613
9.000592 5625.000000 16926 5641.966640 180.542932
9.000165 5625.000000 16715 5571.411666 178.285173
9.000931 5625.000000 16889 5629.400797 180.140826
9.000669 5625.000000 16835 5611.294682 179.561430
9.001214 5625.000000 16751 5583.551634 178.673652
9.001617 5625.000000 16998 5665.455722 181.294583
9.001530 5625.000000 16899 5632.742506 180.247760
9.001865 5625.000000 16877 5625.197241 180.006312
9.000516 5625.000000 16893 5630.765601 180.184499
9.001030 5625.000000 17164 5721.251885 183.080060
9.000679 5625.000000 16964 5654.402593 180.940883
12.000421 5625.000000 16762 5586.934449 178.781902
12.000248 5625.000000 16802 5600.570233 179.218247
12.001198 5625.000000 16634 5542.863472 177.371631
12.000285 5625.000000 16622 5540.310762 177.289944
12.001241 5625.000000 16844 5613.240483 179.623695
12.000765 5625.000000 16934 5644.056258 180.609800
12.000233 5625.000000 16794 5597.919402 179.133421
12.000858 5625.000000 16790 5596.637505 179.092400
12.002036 5625.000000 16869 5621.115402 179.875693
12.001513 5625.000000 17139 5711.891775 182.780537
12.000567 5625.000000 16943 5647.563325 180.722026
12.000348 5625.000000 16865 5621.570369 179.890252
12.000687 5625.000000 16682 5559.742428 177.911758
12.000371 5625.000000 17043 5680.613685 181.779638
12.000226 5625.000000 16977 5658.909141 181.085093
12.000838 5625.000000 16982 5660.202482 181.126479
12.000551 5625.000000 16934 5644.394745 180.620632
12.000650 5625.000000 17175 5724.823655 183.194357
12.001001 5625.000000 16958 5652.014936 180.864478
12.000804 5625.000000 16883 5627.156429 180.069006
12.000801 5625.000000 16738 5579.253647 178.536117
12.000594 5625.000000 16658 5552.514552 177.680466
12.000817 5625.000000 17159 5718.422679 182.989526
12.000962 5625.000000 17071 5690.190764 182.086104
12.001998 5625.000000 17020 5672.449520 181.518385
12.001199 5625.000000 16850 5615.674514 179.701584
12.001308 5625.000000 16592 5530.492241 176.975752
12.001266 5625.000000 16918 5638.676302 180.437642
12.001661 5625.000000 16924 5641.250991 180.520032
12.001956 5625.000000 16924 5641.162114 180.517188
12.000669 5625.000000 16866 5621.714102 179.894851
12.000713 5625.000000 16909 5636.268843 180.360603
15.000879 5625.000000 16779 5592.572209 178.962311
15.001105 5625.000000 17053 5683.038095 181.857219
15.000524 5625.000000 16999 5665.783855 181.305083
15.000352 5625.000000 16912 5637.326752 180.394456
15.000846 5625.000000 17129 5709.586005 182.706752
15.000282 5625.000000 16810 5603.269842 179.304635
15.001112 5625.000000 16919 5639.080969 180.450591
15.001221 5625.000000 16860 5618.744573 179.799826
15.000592 5625.000000 16854 5617.954579 179.774547
15.000928 5625.000000 16551 5515.708892 176.502685
15.000666 5625.000000 16871 5623.113181 179.939622
15.001135 5625.000000 17048 5682.141047 181.828514
15.000304 5625.000000 16881 5626.964102 180.062851
15.000987 5625.000000 16940 5645.927932 180.669694
15.000882 5625.000000 16881 5626.780537 180.056977
15.001037 5625.000000 16738 5578.964288 178.526857
15.001343 5625.000000 17062 5686.683594 181.973875
15.002393 5625.000000 16888 5627.299336 180.073579
15.001273 5625.000000 16933 5644.274180 180.616774
15.001260 5625.000000 16617 5538.886968 177.244383
15.001077 5625.000000 17185 5727.589473 183.282863
15.001741 5625.000000 16673 5557.518165 177.840581
15.001127 5625.000000 16963 5654.020727 180.928663
15.001169 5625.000000 16749 5582.344695 178.635030
15.001629 5625.000000 16930 5643.114210 180.579655
15.001462 5625.000000 16619 5539.304975 177.257759
15.002184 5625.000000 16906 5633.482701 180.271446
15.002122 5625.000000 16817 5605.355815 179.371386
15.002312 5625.000000 16812 5603.413308 179.309226
15.002218 5625.000000 16705 5567.993861 178.175804
15.000673 5625.000000 16876 5625.326665 180.010453
15.000739 5625.000000 16786 5595.285813 179.049146
18.000780 5625.000000 16885 5627.851987 180.091264
18.000301 5625.000000 17124 5707.964045 182.654849
18.001389 5625.000000 16404 5466.547334 174.929515
18.000546 5625.000000 17034 5677.541645 181.681333
18.000560 5625.000000 16471 5489.951983 175.678463
18.001144 5625.000000 16985 5661.370385 181.163852
18.001035 5625.000000 16739 5578.979954 178.527359
18.001260 5625.000000 16752 5583.710941 178.678750
18.000908 5625.000000 17106 5701.944386 182.462220
18.001238 5625.000000 16977 5658.791573 181.081330
18.001127 5625.000000 17042 5680.496581 181.775891
18.001150 5625.000000 16967 5655.595363 180.979052
18.001413 5625.000000 17028 5675.474636 181.615188
18.001089 5625.000000 16905 5634.697894 180.310333
18.001098 5625.000000 17160 5719.520737 183.024664
18.001481 5625.000000 16972 5656.205004 180.998560
18.001361 5625.000000 16915 5638.167211 180.421351
18.001431 5625.000000 17085 5694.601312 182.227242
18.001923 5625.000000 16969 5655.082678 180.962646
18.001391 5625.000000 16861 5620.243853 179.847803
18.001482 5625.000000 16896 5631.962240 180.222792
18.001528 5625.000000 16779 5592.330967 178.954591
18.001809 5625.000000 16959 5652.871349 180.891883
18.001769 5625.000000 16646 5548.407511 177.549040
18.001234 5625.000000 16798 5599.039820 179.169274
18.000746 5625.000000 16708 5569.197962 178.214335
18.002140 5625.000000 16777 5592.300403 178.953613
18.002554 5625.000000 16779 5592.547497 178.961520
18.002280 5625.000000 16650 5549.887011 177.596384
18.002457 5625.000000 17184 5727.876488 183.292048
18.002246 5625.000000 16493 5497.552865 175.921692
18.001032 5625.000000 16722 5573.454974 178.350559
21.000651 5625.000000 16883 5627.009497 180.064304
21.000859 5625.000000 17029 5675.741878 181.623740
21.000613 5625.000000 16952 5650.566026 180.818113
21.001759 5625.000000 16931 5642.066986 180.546144
21.001501 5625.000000 16921 5639.458219 180.462663
21.001494 5625.000000 17121 5706.799945 182.617598
21.001163 5625.000000 17142 5713.975550 182.847218
21.002401 5625.000000 17044 5678.264688 181.704470
21.001195 5625.000000 16843 5614.204790 179.654553
21.001613 5625.000000 16996 5664.668417 181.269389
21.001233 5625.000000 16724 5574.415555 178.381298
21.001151 5625.000000 16640 5546.652923 177.492894
21.001527 5625.000000 16933 5644.247182 180.615910
21.001170 5625.000000 16852 5617.182344 179.749835
21.001434 5625.000000 16978 5659.252036 181.096065
21.002156 5625.000000 16946 5647.169681 180.709430
21.001831 5625.000000 16897 5631.582353 180.210635
21.002098 5625.000000 16753 5583.059195 178.657894
21.001341 5625.000000 17002 5667.138860 181.348444
21.001533 5625.000000 16757 5585.570303 178.738250
21.001979 5625.000000 17067 5688.894372 182.044620
21.002612 5625.000000 16883 5626.161153 180.037157
21.001337 5625.000000 17055 5684.805050 181.913762
21.001950 5625.000000 16631 5543.333015 177.386656
21.001664 5625.000000 16950 5649.744625 180.791828
21.002317 5625.000000 16943 5647.333086 180.714659
21.002929 5625.000000 16877 5624.783007 179.993056
21.001084 5625.000000 16920 5639.364551 180.459666
21.002260 5625.000000 17073 5690.974958 182.111199
21.002564 5625.000000 17252 5750.648612 184.020756
21.002520 5625.000000 16964 5654.212624 180.934804
21.001164 5625.000000 16744 5581.086805 178.594778
24.000868 5625.000000 16965 5654.519889 180.944636
24.000805 5625.000000 16651 5550.048248 177.601544
24.001328 5625.000000 16866 5621.752031 179.896065
24.000873 5625.000000 16946 5648.639495 180.756464
24.001205 5625.000000 17037 5678.919721 181.725431
24.001311 5625.000000 16971 5656.698068 181.014338
24.001714 5625.000000 17011 5669.979576 181.439346
24.001711 5625.000000 16845 5614.666799 179.669338
24.001654 5625.000000 16744 5581.256780 178.600217
24.001796 5625.000000 16936 5645.264663 180.648469
24.001576 5625.000000 16928 5642.513509 180.560432
24.001322 5625.000000 16936 5645.165412 180.645293
24.001632 5625.000000 16758 5585.632286 178.740233
24.001210 5625.000000 16796 5598.592387 179.154956
24.001603 5625.000000 16981 5659.838357 181.114827
24.002449 5625.000000 16751 5582.792406 178.649357
24.001622 5625.000000 16821 5606.774694 179.416790
24.001924 5625.000000 16912 5637.159319 180.389098
24.002720 5625.000000 17074 5691.127704 182.116087
24.001724 5625.000000 16961 5653.553676 180.913718
24.002162 5625.000000 16742 5580.657143 178.581029
24.002434 5625.000000 16920 5639.366898 180.459741
24.001388 5625.000000 17195 5731.568448 183.410190
24.002122 5625.000000 17089 5696.006749 182.272216
24.002545 5625.000000 16759 5585.909702 178.749110
24.002586 5625.000000 16996 5665.291510 181.289328
24.002759 5625.000000 16748 5582.002062 178.624066
24.002822 5625.000000 16749 5581.954280 178.622537
24.001099 5625.000000 17099 5699.637161 182.388389
24.002842 5625.000000 16824 5607.398936 179.436766
24.002939 5625.000000 16960 5653.313202 180.906022
24.001342 5625.000000 17036 5678.329700 181.706550
27.000928 5625.000000 16720 5573.222331 178.343115
27.002632 5625.000000 16726 5574.993458 178.399791
27.002166 5625.000000 16745 5580.567630 178.578164
27.000828 5625.000000 16869 5622.957661 179.934645
27.001220 5625.000000 16906 5635.305306 180.329770
27.001186 5625.000000 16979 5659.077086 181.090467
27.001837 5625.000000 16963 5653.372727 180.907927
27.001599 5625.000000 16983 5660.476462 181.135247
27.003391 5625.000000 16908 5633.692099 180.278147
27.002083 5625.000000 16735 5577.798053 178.489538
27.001439 5625.000000 16523 5507.245260 176.231848
27.001926 5625.000000 16816 5604.185697 179.333942
27.002103 5625.000000 16970 5655.819509 180.986224
27.001633 5625.000000 16513 5504.331610 176.138612
27.001761 5625.000000 17090 5696.402242 182.284872
27.002097 5625.000000 16754 5584.342993 178.698976
27.001749 5625.000000 16883 5627.601279 180.083241
27.002890 5625.000000 16938 5643.806654 180.601813
27.002216 5625.000000 17117 5704.501393 182.544045
27.001964 5625.000000 16758 5585.529169 178.736933
27.002153 5625.000000 16951 5650.274673 180.808790
27.001446 5625.000000 16915 5638.225447 180.423214
27.003068 5625.000000 16926 5641.757885 180.536252
27.002738 5625.000000 17136 5711.709517 182.774705
27.002776 5625.000000 17189 5729.560580 183.345939
27.002445 5625.000000 16727 5575.647293 178.420713
27.003117 5625.000000 17064 5686.914125 181.981252
27.003923 5625.000000 16815 5602.943615 179.294196
27.002857 5625.000000 16903 5634.149092 180.292771
27.001134 5625.000000 16871 5623.601074 179.955234
27.003065 5625.000000 16732 5576.919537 178.461425
27.001375 5625.000000 16831 5610.271777 179.528697
#type       avg     std     min     5th    10th    90th    95th    99th
read      735.0   243.6   228.8   439.2   468.6  1098.3  1187.6  1390.7
update    737.4   244.8   228.8   439.3   468.8  1102.7  1191.2  1387.2
op_q        5.8     2.8     1.0     2.0     2.9     9.8    11.2    13.6

Total QPS = 359897.1 (10796914 / 30.0s)

Misses = 0 (0.0%)
Skipped TXs = 0 (0.0%)

RX 1864392254 bytes :   59.3 MB/s
TX 1194385764 bytes :   38.0 MB/s
